<?xml version="1.0" encoding="UTF-8"?>
<testsuites name="Regression BackOffice" time="673" tests="8" failures="0" errors="0">
   <testsuite name="Regression BackOffice" tests="8" failures="0" errors="0" time="673" timestamp="2019-04-15 12:23:07" hostname="isaac - DESKTOP-RO0FF5F" id="Test Suites/Regression BackOffice/Regression BackOffice">
      <properties>
         <property name="deviceName" value=""/>
         <property name="devicePlatform" value=""/>
         <property name="logFolder" value="C:\\Users\\isaac\\Katalon Studio\\Continulink\\Reports\\Regression BackOffice\\Regression BackOffice\\20190415_122302"/>
         <property name="logFiles" value="C:\\Users\\isaac\\Katalon Studio\\Continulink\\Reports\\Regression BackOffice\\Regression BackOffice\\20190415_122302\\execution0.log"/>
         <property name="attachments" value=""/>
         <property name="hostName" value="isaac - DESKTOP-RO0FF5F"/>
         <property name="os" value="Windows 10 64bit"/>
         <property name="katalonVersion" value="6.0.5.4"/>
         <property name="browser" value="Chrome 73.0.3683.103"/>
         <property name="hostAddress" value="192.168.0.115"/>
         <property name="sessionId" value="82b0c931275bcedbdecc31e2d4491d8a"/>
         <property name="seleniumVersion" value="3.7.1"/>
         <property name="proxyInformation" value="ProxyInformation{proxyOption=NO_PROXY, proxyServerType=HTTP, password=, proxyServerAddress=, proxyServerPort=0}"/>
         <property name="platform" value="Windows 10"/>
      </properties>
      <testcase name="Test Cases/Regression BackOffice (All Browsers)/CLNK-23449 - Quick Intake Wizard" classname="Test Cases/Regression BackOffice (All Browsers)/CLNK-23449 - Quick Intake Wizard" status="PASSED">
         <system-out><![CDATA[2019-04-15 12:23:08 - [TEST_CASE][PASSED] - Test Cases/Regression BackOffice (All Browsers)/CLNK-23449 - Quick Intake Wizard: Test Cases/Regression BackOffice (All Browsers)/CLNK-23449 - Quick Intake Wizard

2019-04-15 12:23:11 - [TEST_STEP][PASSED] - callTestCase(findTestCase("Regression BackOffice (All Browsers)/CLNK-23439 - Clink - Back office Client"), [:], STOP_ON_FAILURE): Call Test Case 'Test Cases/Regression BackOffice (All Browsers)/CLNK-23439 - Clink - Back office Client' successfully

2019-04-15 12:23:11 - [TEST_CASE][PASSED] - Test Cases/Regression BackOffice (All Browsers)/CLNK-23439 - Clink - Back office Client: Test Cases/Regression BackOffice (All Browsers)/CLNK-23439 - Clink - Back office Client

2019-04-15 12:23:11 - [TEST_STEP][PASSED] - openBrowser(G_SiteBackOffice): Browser is opened with url: 'https://qanewpoc.continulink.com:8443/PRE_PROD_Continulink/'

2019-04-15 12:23:14 - [MESSAGE][INFO] - Starting 'Chrome' driver

2019-04-15 12:23:14 - [MESSAGE][INFO] - Action delay is set to 0 seconds

2019-04-15 12:23:22 - [MESSAGE][PASSED] - Browser is opened with url: 'https://qanewpoc.continulink.com:8443/PRE_PROD_Continulink/'

2019-04-15 12:23:22 - [TEST_STEP][PASSED] - waitForPageLoad(60): Wait for page load successfully

2019-04-15 12:23:23 - [MESSAGE][PASSED] - Wait for page load successfully

2019-04-15 12:23:23 - [TEST_STEP][PASSED] - maximizeWindow(): Current window maximized

2019-04-15 12:23:24 - [MESSAGE][PASSED] - Current window maximized

2019-04-15 12:23:24 - [TEST_STEP][PASSED] - setText(findTestObject("Regression BackOffice/Login/UserBackOffice"), G_UserBackOffice): Text 'trainingadmin' is set on object 'Object Repository/Regression BackOffice/Login/UserBackOffice'

2019-04-15 12:23:24 - [MESSAGE][PASSED] - Text 'trainingadmin' is set on object 'Object Repository/Regression BackOffice/Login/UserBackOffice'

2019-04-15 12:23:24 - [TEST_STEP][PASSED] - setText(findTestObject("Regression BackOffice/Login/PasswordBackOffice"), G_PasswordBackOffice): Text 'preprod' is set on object 'Object Repository/Regression BackOffice/Login/PasswordBackOffice'

2019-04-15 12:23:25 - [MESSAGE][PASSED] - Text 'preprod' is set on object 'Object Repository/Regression BackOffice/Login/PasswordBackOffice'

2019-04-15 12:23:25 - [TEST_STEP][PASSED] - click(findTestObject("Regression BackOffice/Login/LoginBackOffice")): Object: 'Object Repository/Regression BackOffice/Login/LoginBackOffice' is clicked on

2019-04-15 12:23:31 - [MESSAGE][PASSED] - Object: 'Object Repository/Regression BackOffice/Login/LoginBackOffice' is clicked on

2019-04-15 12:23:31 - [TEST_STEP][PASSED] - waitForPageLoad(60): Wait for page load successfully

2019-04-15 12:23:31 - [MESSAGE][PASSED] - Wait for page load successfully

2019-04-15 12:23:31 - [TEST_STEP][PASSED] - delay(3): Delayed 3 second(s)

2019-04-15 12:23:34 - [MESSAGE][PASSED] - Delayed 3 second(s)

2019-04-15 12:23:34 - [TEST_STEP][PASSED] - switchToFrame(findTestObject("Regression BackOffice/CLNK-23449/FrameLeft"), 5): null

2019-04-15 12:23:34 - [TEST_STEP][PASSED] - waitForElementPresent(findTestObject("Regression BackOffice/CLNK-23449/ClienIntakeICon"), 60): Object 'Object Repository/Regression BackOffice/CLNK-23449/ClienIntakeICon' is present

2019-04-15 12:23:34 - [MESSAGE][PASSED] - Object 'Object Repository/Regression BackOffice/CLNK-23449/ClienIntakeICon' is present

2019-04-15 12:23:34 - [TEST_STEP][PASSED] - verifyElementPresent(findTestObject("Regression BackOffice/CLNK-23449/ClienIntakeICon"), 100): Object 'Object Repository/Regression BackOffice/CLNK-23449/ClienIntakeICon' is present

2019-04-15 12:23:34 - [MESSAGE][PASSED] - Object 'Object Repository/Regression BackOffice/CLNK-23449/ClienIntakeICon' is present

2019-04-15 12:23:34 - [TEST_STEP][PASSED] - switchToDefaultContent(): null

2019-04-15 12:23:34 - [MESSAGE][PASSED] - Call Test Case 'Test Cases/Regression BackOffice (All Browsers)/CLNK-23439 - Clink - Back office Client' successfully

2019-04-15 12:23:34 - [TEST_STEP][PASSED] - waitForPageLoad(60): Wait for page load successfully

2019-04-15 12:23:34 - [MESSAGE][PASSED] - Wait for page load successfully

2019-04-15 12:23:34 - [TEST_STEP][PASSED] - delay(3): Delayed 3 second(s)

2019-04-15 12:23:37 - [MESSAGE][PASSED] - Delayed 3 second(s)

2019-04-15 12:23:37 - [TEST_STEP][PASSED] - switchToFrame(findTestObject("Regression BackOffice/CLNK-23449/FrameLeft"), 30): null

2019-04-15 12:23:37 - [TEST_STEP][PASSED] - waitForElementPresent(findTestObject("Regression BackOffice/CLNK-23449/ClienIntakeICon"), 100): Object 'Object Repository/Regression BackOffice/CLNK-23449/ClienIntakeICon' is present

2019-04-15 12:23:37 - [MESSAGE][PASSED] - Object 'Object Repository/Regression BackOffice/CLNK-23449/ClienIntakeICon' is present

2019-04-15 12:23:37 - [TEST_STEP][PASSED] - click(findTestObject("Regression BackOffice/CLNK-23449/ClienIntakeICon")): Object: 'Object Repository/Regression BackOffice/CLNK-23449/ClienIntakeICon' is clicked on

2019-04-15 12:23:38 - [MESSAGE][PASSED] - Object: 'Object Repository/Regression BackOffice/CLNK-23449/ClienIntakeICon' is clicked on

2019-04-15 12:23:38 - [TEST_STEP][PASSED] - delay(2): Delayed 2 second(s)

2019-04-15 12:23:40 - [MESSAGE][PASSED] - Delayed 2 second(s)

2019-04-15 12:23:40 - [TEST_STEP][PASSED] - waitForPageLoad(50): Wait for page load successfully

2019-04-15 12:23:40 - [MESSAGE][PASSED] - Wait for page load successfully

2019-04-15 12:23:40 - [TEST_STEP][PASSED] - waitForElementPresent(findTestObject("Regression BackOffice/CLNK-23449/Quick Intake Wizard Link"), 50): Object 'Object Repository/Regression BackOffice/CLNK-23449/Quick Intake Wizard Link' is present

2019-04-15 12:23:40 - [MESSAGE][PASSED] - Object 'Object Repository/Regression BackOffice/CLNK-23449/Quick Intake Wizard Link' is present

2019-04-15 12:23:40 - [TEST_STEP][PASSED] - click(findTestObject("Regression BackOffice/CLNK-23449/Quick Intake Wizard Link")): Object: 'Object Repository/Regression BackOffice/CLNK-23449/Quick Intake Wizard Link' is clicked on

2019-04-15 12:23:43 - [MESSAGE][PASSED] - Object: 'Object Repository/Regression BackOffice/CLNK-23449/Quick Intake Wizard Link' is clicked on

2019-04-15 12:23:43 - [TEST_STEP][PASSED] - delay(2): Delayed 2 second(s)

2019-04-15 12:23:45 - [MESSAGE][PASSED] - Delayed 2 second(s)

2019-04-15 12:23:45 - [TEST_STEP][PASSED] - switchToDefaultContent(): null

2019-04-15 12:23:45 - [TEST_STEP][PASSED] - switchToFrame(findTestObject("Regression BackOffice/CLNK-23449/FrameMain"), 30): null

2019-04-15 12:23:45 - [TEST_STEP][PASSED] - waitForElementPresent(findTestObject("Regression BackOffice/CLNK-23449/New Referral Button"), 50): Object 'Object Repository/Regression BackOffice/CLNK-23449/New Referral Button' is present

2019-04-15 12:23:45 - [MESSAGE][PASSED] - Object 'Object Repository/Regression BackOffice/CLNK-23449/New Referral Button' is present

2019-04-15 12:23:45 - [TEST_STEP][PASSED] - click(findTestObject("Regression BackOffice/CLNK-23449/New Referral Button")): Object: 'Object Repository/Regression BackOffice/CLNK-23449/New Referral Button' is clicked on

2019-04-15 12:23:46 - [MESSAGE][PASSED] - Object: 'Object Repository/Regression BackOffice/CLNK-23449/New Referral Button' is clicked on

2019-04-15 12:23:46 - [TEST_STEP][PASSED] - waitForPageLoad(50): Wait for page load successfully

2019-04-15 12:23:46 - [MESSAGE][PASSED] - Wait for page load successfully

2019-04-15 12:23:46 - [TEST_STEP][PASSED] - delay(2): Delayed 2 second(s)

2019-04-15 12:23:48 - [MESSAGE][PASSED] - Delayed 2 second(s)

2019-04-15 12:23:48 - [TEST_STEP][PASSED] - waitForElementPresent(findTestObject("Regression BackOffice/CLNK-23449/ReferralType"), 50): Object 'Object Repository/Regression BackOffice/CLNK-23449/ReferralType' is present

2019-04-15 12:23:48 - [MESSAGE][PASSED] - Object 'Object Repository/Regression BackOffice/CLNK-23449/ReferralType' is present

2019-04-15 12:23:48 - [TEST_STEP][PASSED] - focus(findTestObject("Regression BackOffice/CLNK-23449/ReferralType")): Object: 'Object Repository/Regression BackOffice/CLNK-23449/ReferralType' is focused

2019-04-15 12:23:48 - [MESSAGE][PASSED] - Object: 'Object Repository/Regression BackOffice/CLNK-23449/ReferralType' is focused

2019-04-15 12:23:48 - [TEST_STEP][PASSED] - click(findTestObject("Regression BackOffice/CLNK-23449/ReferralType")): Object: 'Object Repository/Regression BackOffice/CLNK-23449/ReferralType' is clicked on

2019-04-15 12:23:48 - [MESSAGE][PASSED] - Object: 'Object Repository/Regression BackOffice/CLNK-23449/ReferralType' is clicked on

2019-04-15 12:23:48 - [TEST_STEP][PASSED] - delay(2): Delayed 2 second(s)

2019-04-15 12:23:50 - [MESSAGE][PASSED] - Delayed 2 second(s)

2019-04-15 12:23:50 - [TEST_STEP][PASSED] - sendKeys(findTestObject("Regression BackOffice/CLNK-23449/ReferralType"), Keys.chord(ARROW_DOWN, ENTER)): Keys 'DOWN + ENTER + ' sent to object: 'Object Repository/Regression BackOffice/CLNK-23449/ReferralType'

2019-04-15 12:23:50 - [MESSAGE][PASSED] - Keys 'DOWN + ENTER + ' sent to object: 'Object Repository/Regression BackOffice/CLNK-23449/ReferralType'

2019-04-15 12:23:50 - [TEST_STEP][PASSED] - delay(3): Delayed 3 second(s)

2019-04-15 12:23:53 - [MESSAGE][PASSED] - Delayed 3 second(s)

2019-04-15 12:23:53 - [TEST_STEP][PASSED] - waitForElementPresent(findTestObject("Regression BackOffice/CLNK-23449/ReferralSourcePerson"), 50): Object 'Object Repository/Regression BackOffice/CLNK-23449/ReferralSourcePerson' is present

2019-04-15 12:23:53 - [MESSAGE][PASSED] - Object 'Object Repository/Regression BackOffice/CLNK-23449/ReferralSourcePerson' is present

2019-04-15 12:23:53 - [TEST_STEP][PASSED] - setText(findTestObject("Regression BackOffice/CLNK-23449/ReferralSourcePerson"), G_ReferralSourcePerson): Text 'Lyudmila Kaskov' is set on object 'Object Repository/Regression BackOffice/CLNK-23449/ReferralSourcePerson'

2019-04-15 12:23:55 - [MESSAGE][PASSED] - Text 'Lyudmila Kaskov' is set on object 'Object Repository/Regression BackOffice/CLNK-23449/ReferralSourcePerson'

2019-04-15 12:23:55 - [TEST_STEP][PASSED] - delay(2): Delayed 2 second(s)

2019-04-15 12:23:57 - [MESSAGE][PASSED] - Delayed 2 second(s)

2019-04-15 12:23:57 - [TEST_STEP][PASSED] - waitForElementPresent(findTestObject("Regression BackOffice/CLNK-23449/ClientFirstName"), 50): Object 'Object Repository/Regression BackOffice/CLNK-23449/ClientFirstName' is present

2019-04-15 12:23:57 - [MESSAGE][PASSED] - Object 'Object Repository/Regression BackOffice/CLNK-23449/ClientFirstName' is present

2019-04-15 12:23:57 - [TEST_STEP][PASSED] - setText(findTestObject("Regression BackOffice/CLNK-23449/ClientFirstName"), G_ClientFirstName): Text 'Mark' is set on object 'Object Repository/Regression BackOffice/CLNK-23449/ClientFirstName'

2019-04-15 12:23:57 - [MESSAGE][PASSED] - Text 'Mark' is set on object 'Object Repository/Regression BackOffice/CLNK-23449/ClientFirstName'

2019-04-15 12:23:57 - [TEST_STEP][PASSED] - delay(2): Delayed 2 second(s)

2019-04-15 12:23:59 - [MESSAGE][PASSED] - Delayed 2 second(s)

2019-04-15 12:23:59 - [TEST_STEP][PASSED] - waitForElementPresent(findTestObject("Regression BackOffice/CLNK-23449/ClientMiddle"), 50): Object 'Object Repository/Regression BackOffice/CLNK-23449/ClientMiddle' is present

2019-04-15 12:23:59 - [MESSAGE][PASSED] - Object 'Object Repository/Regression BackOffice/CLNK-23449/ClientMiddle' is present

2019-04-15 12:23:59 - [TEST_STEP][PASSED] - setText(findTestObject("Regression BackOffice/CLNK-23449/ClientMiddle"), G_ClientMiddleName): Text 'M' is set on object 'Object Repository/Regression BackOffice/CLNK-23449/ClientMiddle'

2019-04-15 12:24:00 - [MESSAGE][PASSED] - Text 'M' is set on object 'Object Repository/Regression BackOffice/CLNK-23449/ClientMiddle'

2019-04-15 12:24:00 - [TEST_STEP][PASSED] - delay(2): Delayed 2 second(s)

2019-04-15 12:24:02 - [MESSAGE][PASSED] - Delayed 2 second(s)

2019-04-15 12:24:02 - [TEST_STEP][PASSED] - waitForElementPresent(findTestObject("Regression BackOffice/CLNK-23449/ClientLastName"), 50): Object 'Object Repository/Regression BackOffice/CLNK-23449/ClientLastName' is present

2019-04-15 12:24:02 - [MESSAGE][PASSED] - Object 'Object Repository/Regression BackOffice/CLNK-23449/ClientLastName' is present

2019-04-15 12:24:02 - [TEST_STEP][PASSED] - setText(findTestObject("Regression BackOffice/CLNK-23449/ClientLastName"), G_ClientLastName): Text 'Markson' is set on object 'Object Repository/Regression BackOffice/CLNK-23449/ClientLastName'

2019-04-15 12:24:02 - [MESSAGE][PASSED] - Text 'Markson' is set on object 'Object Repository/Regression BackOffice/CLNK-23449/ClientLastName'

2019-04-15 12:24:02 - [TEST_STEP][PASSED] - delay(2): Delayed 2 second(s)

2019-04-15 12:24:04 - [MESSAGE][PASSED] - Delayed 2 second(s)

2019-04-15 12:24:04 - [TEST_STEP][PASSED] - waitForElementPresent(findTestObject("Regression BackOffice/CLNK-23449/FollowUpCallBack"), 50): Object 'Object Repository/Regression BackOffice/CLNK-23449/FollowUpCallBack' is present

2019-04-15 12:24:04 - [MESSAGE][PASSED] - Object 'Object Repository/Regression BackOffice/CLNK-23449/FollowUpCallBack' is present

2019-04-15 12:24:04 - [TEST_STEP][PASSED] - setText(findTestObject("Regression BackOffice/CLNK-23449/FollowUpCallBack"), "3"): Text '3' is set on object 'Object Repository/Regression BackOffice/CLNK-23449/FollowUpCallBack'

2019-04-15 12:24:05 - [MESSAGE][PASSED] - Text '3' is set on object 'Object Repository/Regression BackOffice/CLNK-23449/FollowUpCallBack'

2019-04-15 12:24:05 - [TEST_STEP][PASSED] - delay(2): Delayed 2 second(s)

2019-04-15 12:24:07 - [MESSAGE][PASSED] - Delayed 2 second(s)

2019-04-15 12:24:07 - [TEST_STEP][PASSED] - waitForElementPresent(findTestObject("Regression BackOffice/CLNK-23449/PhysicianName"), 50): Object 'Object Repository/Regression BackOffice/CLNK-23449/PhysicianName' is present

2019-04-15 12:24:07 - [MESSAGE][PASSED] - Object 'Object Repository/Regression BackOffice/CLNK-23449/PhysicianName' is present

2019-04-15 12:24:07 - [TEST_STEP][PASSED] - click(findTestObject("Regression BackOffice/CLNK-23449/PhysicianName")): Object: 'Object Repository/Regression BackOffice/CLNK-23449/PhysicianName' is clicked on

2019-04-15 12:24:07 - [MESSAGE][PASSED] - Object: 'Object Repository/Regression BackOffice/CLNK-23449/PhysicianName' is clicked on

2019-04-15 12:24:07 - [TEST_STEP][PASSED] - delay(2): Delayed 2 second(s)

2019-04-15 12:24:09 - [MESSAGE][PASSED] - Delayed 2 second(s)

2019-04-15 12:24:09 - [TEST_STEP][PASSED] - setText(findTestObject("Regression BackOffice/CLNK-23449/PhysicianName"), G_PhisicanName): Text 'Abbott' is set on object 'Object Repository/Regression BackOffice/CLNK-23449/PhysicianName'

2019-04-15 12:24:09 - [MESSAGE][PASSED] - Text 'Abbott' is set on object 'Object Repository/Regression BackOffice/CLNK-23449/PhysicianName'

2019-04-15 12:24:09 - [TEST_STEP][PASSED] - delay(3): Delayed 3 second(s)

2019-04-15 12:24:13 - [MESSAGE][PASSED] - Delayed 3 second(s)

2019-04-15 12:24:13 - [TEST_STEP][PASSED] - waitForElementPresent(findTestObject("Regression BackOffice/CLNK-23449/li_Black Larry"), 50): Object 'Object Repository/Regression BackOffice/CLNK-23449/li_Black Larry' is present

2019-04-15 12:24:13 - [MESSAGE][PASSED] - Object 'Object Repository/Regression BackOffice/CLNK-23449/li_Black Larry' is present

2019-04-15 12:24:13 - [TEST_STEP][PASSED] - click(findTestObject("Regression BackOffice/CLNK-23449/li_Black Larry")): Object: 'Object Repository/Regression BackOffice/CLNK-23449/li_Black Larry' is clicked on

2019-04-15 12:24:13 - [MESSAGE][PASSED] - Object: 'Object Repository/Regression BackOffice/CLNK-23449/li_Black Larry' is clicked on

2019-04-15 12:24:13 - [TEST_STEP][PASSED] - delay(2): Delayed 2 second(s)

2019-04-15 12:24:15 - [MESSAGE][PASSED] - Delayed 2 second(s)

2019-04-15 12:24:15 - [TEST_STEP][PASSED] - waitForElementPresent(findTestObject("Regression BackOffice/CLNK-23449/SaveButton"), 50): Object 'Object Repository/Regression BackOffice/CLNK-23449/SaveButton' is present

2019-04-15 12:24:15 - [MESSAGE][PASSED] - Object 'Object Repository/Regression BackOffice/CLNK-23449/SaveButton' is present

2019-04-15 12:24:15 - [TEST_STEP][PASSED] - click(findTestObject("Regression BackOffice/CLNK-23449/SaveButton"), STOP_ON_FAILURE): Object: 'Object Repository/Regression BackOffice/CLNK-23449/SaveButton' is clicked on

2019-04-15 12:24:15 - [MESSAGE][PASSED] - Object: 'Object Repository/Regression BackOffice/CLNK-23449/SaveButton' is clicked on

2019-04-15 12:24:15 - [TEST_STEP][PASSED] - delay(2): Delayed 2 second(s)

2019-04-15 12:24:17 - [MESSAGE][PASSED] - Delayed 2 second(s)

2019-04-15 12:24:17 - [TEST_STEP][PASSED] - waitForElementPresent(findTestObject("Regression BackOffice/CLNK-23449/btnNext"), 50): Object 'Object Repository/Regression BackOffice/CLNK-23449/btnNext' is present

2019-04-15 12:24:17 - [MESSAGE][PASSED] - Object 'Object Repository/Regression BackOffice/CLNK-23449/btnNext' is present

2019-04-15 12:24:17 - [TEST_STEP][PASSED] - click(findTestObject("Regression BackOffice/CLNK-23449/btnNext"), STOP_ON_FAILURE): Object: 'Object Repository/Regression BackOffice/CLNK-23449/btnNext' is clicked on

2019-04-15 12:24:18 - [MESSAGE][PASSED] - Object: 'Object Repository/Regression BackOffice/CLNK-23449/btnNext' is clicked on

2019-04-15 12:24:18 - [TEST_STEP][PASSED] - delay(2): Delayed 2 second(s)

2019-04-15 12:24:20 - [MESSAGE][PASSED] - Delayed 2 second(s)

2019-04-15 12:24:20 - [TEST_STEP][PASSED] - setText(findTestObject("Regression BackOffice/CLNK-23449/Demographics/DOB"), "05/23/1970"): Text '05/23/1970' is set on object 'Object Repository/Regression BackOffice/CLNK-23449/Demographics/DOB'

2019-04-15 12:24:20 - [MESSAGE][PASSED] - Text '05/23/1970' is set on object 'Object Repository/Regression BackOffice/CLNK-23449/Demographics/DOB'

2019-04-15 12:24:20 - [TEST_STEP][PASSED] - delay(3): Delayed 3 second(s)

2019-04-15 12:24:23 - [MESSAGE][PASSED] - Delayed 3 second(s)

2019-04-15 12:24:23 - [TEST_STEP][PASSED] - setText(findTestObject("Regression BackOffice/CLNK-23449/Demographics/SSN1"), "436120560"): Text '436120560' is set on object 'Object Repository/Regression BackOffice/CLNK-23449/Demographics/SSN1'

2019-04-15 12:24:24 - [MESSAGE][PASSED] - Text '436120560' is set on object 'Object Repository/Regression BackOffice/CLNK-23449/Demographics/SSN1'

2019-04-15 12:24:24 - [TEST_STEP][PASSED] - delay(3): Delayed 3 second(s)

2019-04-15 12:24:27 - [MESSAGE][PASSED] - Delayed 3 second(s)

2019-04-15 12:24:27 - [TEST_STEP][PASSED] - setText(findTestObject("Regression BackOffice/CLNK-23449/Demographics/Medicare ID"), "123456789a"): Text '123456789a' is set on object 'Object Repository/Regression BackOffice/CLNK-23449/Demographics/Medicare ID'

2019-04-15 12:24:28 - [MESSAGE][PASSED] - Text '123456789a' is set on object 'Object Repository/Regression BackOffice/CLNK-23449/Demographics/Medicare ID'

2019-04-15 12:24:28 - [TEST_STEP][PASSED] - delay(3): Delayed 3 second(s)

2019-04-15 12:24:31 - [MESSAGE][PASSED] - Delayed 3 second(s)

2019-04-15 12:24:31 - [TEST_STEP][PASSED] - setText(findTestObject("Regression BackOffice/CLNK-23449/Demographics/Address"), "320 Interlocken Parkway"): Text '320 Interlocken Parkway' is set on object 'Object Repository/Regression BackOffice/CLNK-23449/Demographics/Address'

2019-04-15 12:24:32 - [MESSAGE][PASSED] - Text '320 Interlocken Parkway' is set on object 'Object Repository/Regression BackOffice/CLNK-23449/Demographics/Address'

2019-04-15 12:24:32 - [TEST_STEP][PASSED] - delay(3): Delayed 3 second(s)

2019-04-15 12:24:35 - [MESSAGE][PASSED] - Delayed 3 second(s)

2019-04-15 12:24:35 - [TEST_STEP][PASSED] - setText(findTestObject("Regression BackOffice/CLNK-23449/Demographics/City"), "Broomfield"): Text 'Broomfield' is set on object 'Object Repository/Regression BackOffice/CLNK-23449/Demographics/City'

2019-04-15 12:24:36 - [MESSAGE][PASSED] - Text 'Broomfield' is set on object 'Object Repository/Regression BackOffice/CLNK-23449/Demographics/City'

2019-04-15 12:24:36 - [TEST_STEP][PASSED] - delay(3): Delayed 3 second(s)

2019-04-15 12:24:39 - [MESSAGE][PASSED] - Delayed 3 second(s)

2019-04-15 12:24:39 - [TEST_STEP][PASSED] - setText(findTestObject("Regression BackOffice/CLNK-23449/Demographics/County"), "United States"): Text 'United States' is set on object 'Object Repository/Regression BackOffice/CLNK-23449/Demographics/County'

2019-04-15 12:24:40 - [MESSAGE][PASSED] - Text 'United States' is set on object 'Object Repository/Regression BackOffice/CLNK-23449/Demographics/County'

2019-04-15 12:24:40 - [TEST_STEP][PASSED] - delay(3): Delayed 3 second(s)

2019-04-15 12:24:43 - [MESSAGE][PASSED] - Delayed 3 second(s)

2019-04-15 12:24:43 - [TEST_STEP][PASSED] - click(findTestObject("Regression BackOffice/CLNK-23449/Demographics/State"), CONTINUE_ON_FAILURE): Object: 'Object Repository/Regression BackOffice/CLNK-23449/Demographics/State' is clicked on

2019-04-15 12:24:43 - [MESSAGE][PASSED] - Object: 'Object Repository/Regression BackOffice/CLNK-23449/Demographics/State' is clicked on

2019-04-15 12:24:43 - [TEST_STEP][PASSED] - sendKeys(findTestObject("Regression BackOffice/CLNK-23449/Demographics/State"), Keys.chord(ARROW_DOWN, ARROW_DOWN, ARROW_DOWN, ARROW_DOWN, ARROW_DOWN, ARROW_DOWN, ENTER)): Keys 'DOWN + DOWN + DOWN + DOWN + DOWN + DOWN + ENTER + ' sent to object: 'Object Repository/Regression BackOffice/CLNK-23449/Demographics/State'

2019-04-15 12:24:43 - [MESSAGE][PASSED] - Keys 'DOWN + DOWN + DOWN + DOWN + DOWN + DOWN + ENTER + ' sent to object: 'Object Repository/Regression BackOffice/CLNK-23449/Demographics/State'

2019-04-15 12:24:43 - [TEST_STEP][PASSED] - delay(3): Delayed 3 second(s)

2019-04-15 12:24:46 - [MESSAGE][PASSED] - Delayed 3 second(s)

2019-04-15 12:24:46 - [TEST_STEP][PASSED] - click(findTestObject("Regression BackOffice/CLNK-23449/Demographics/btnVerify"), CONTINUE_ON_FAILURE): Object: 'Object Repository/Regression BackOffice/CLNK-23449/Demographics/btnVerify' is clicked on

2019-04-15 12:24:47 - [MESSAGE][PASSED] - Object: 'Object Repository/Regression BackOffice/CLNK-23449/Demographics/btnVerify' is clicked on

2019-04-15 12:24:47 - [TEST_STEP][PASSED] - delay(3): Delayed 3 second(s)

2019-04-15 12:24:50 - [MESSAGE][PASSED] - Delayed 3 second(s)

2019-04-15 12:24:50 - [TEST_STEP][PASSED] - click(findTestObject("Regression BackOffice/CLNK-23449/Demographics/btnVerify"), CONTINUE_ON_FAILURE): Object: 'Object Repository/Regression BackOffice/CLNK-23449/Demographics/btnVerify' is clicked on

2019-04-15 12:24:50 - [MESSAGE][PASSED] - Object: 'Object Repository/Regression BackOffice/CLNK-23449/Demographics/btnVerify' is clicked on

2019-04-15 12:24:50 - [TEST_STEP][PASSED] - delay(3): Delayed 3 second(s)

2019-04-15 12:24:53 - [MESSAGE][PASSED] - Delayed 3 second(s)

2019-04-15 12:24:53 - [TEST_STEP][PASSED] - click(findTestObject("Regression BackOffice/CLNK-23449/Demographics/UseVerifyAddress"), CONTINUE_ON_FAILURE): Object: 'Object Repository/Regression BackOffice/CLNK-23449/Demographics/UseVerifyAddress' is clicked on

2019-04-15 12:24:53 - [MESSAGE][PASSED] - Object: 'Object Repository/Regression BackOffice/CLNK-23449/Demographics/UseVerifyAddress' is clicked on

2019-04-15 12:24:53 - [TEST_STEP][PASSED] - delay(3): Delayed 3 second(s)

2019-04-15 12:24:56 - [MESSAGE][PASSED] - Delayed 3 second(s)

2019-04-15 12:24:56 - [TEST_STEP][PASSED] - click(findTestObject("Regression BackOffice/CLNK-23449/Demographics/PhoneType"), CONTINUE_ON_FAILURE): Object: 'Object Repository/Regression BackOffice/CLNK-23449/Demographics/PhoneType' is clicked on

2019-04-15 12:24:56 - [MESSAGE][PASSED] - Object: 'Object Repository/Regression BackOffice/CLNK-23449/Demographics/PhoneType' is clicked on

2019-04-15 12:24:56 - [TEST_STEP][PASSED] - sendKeys(findTestObject("Regression BackOffice/CLNK-23449/Demographics/PhoneType"), Keys.chord(ARROW_DOWN, ENTER)): Keys 'DOWN + ENTER + ' sent to object: 'Object Repository/Regression BackOffice/CLNK-23449/Demographics/PhoneType'

2019-04-15 12:24:57 - [MESSAGE][PASSED] - Keys 'DOWN + ENTER + ' sent to object: 'Object Repository/Regression BackOffice/CLNK-23449/Demographics/PhoneType'

2019-04-15 12:24:57 - [TEST_STEP][PASSED] - delay(3): Delayed 3 second(s)

2019-04-15 12:25:00 - [MESSAGE][PASSED] - Delayed 3 second(s)

2019-04-15 12:25:00 - [TEST_STEP][PASSED] - setText(findTestObject("Regression BackOffice/CLNK-23449/Demographics/PhoneNumber"), "2345698789"): Text '2345698789' is set on object 'Object Repository/Regression BackOffice/CLNK-23449/Demographics/PhoneNumber'

2019-04-15 12:25:00 - [MESSAGE][PASSED] - Text '2345698789' is set on object 'Object Repository/Regression BackOffice/CLNK-23449/Demographics/PhoneNumber'

2019-04-15 12:25:00 - [TEST_STEP][PASSED] - delay(3): Delayed 3 second(s)

2019-04-15 12:25:03 - [MESSAGE][PASSED] - Delayed 3 second(s)

2019-04-15 12:25:03 - [TEST_STEP][PASSED] - click(findTestObject("Regression BackOffice/CLNK-23449/Demographics/Zone"), CONTINUE_ON_FAILURE): Object: 'Object Repository/Regression BackOffice/CLNK-23449/Demographics/Zone' is clicked on

2019-04-15 12:25:04 - [MESSAGE][PASSED] - Object: 'Object Repository/Regression BackOffice/CLNK-23449/Demographics/Zone' is clicked on

2019-04-15 12:25:04 - [TEST_STEP][PASSED] - sendKeys(findTestObject("Regression BackOffice/CLNK-23449/Demographics/Zone"), Keys.chord(ARROW_DOWN, ARROW_DOWN, ARROW_DOWN, ARROW_DOWN, ARROW_DOWN, ENTER)): Keys 'DOWN + DOWN + DOWN + DOWN + DOWN + ENTER + ' sent to object: 'Object Repository/Regression BackOffice/CLNK-23449/Demographics/Zone'

2019-04-15 12:25:04 - [MESSAGE][PASSED] - Keys 'DOWN + DOWN + DOWN + DOWN + DOWN + ENTER + ' sent to object: 'Object Repository/Regression BackOffice/CLNK-23449/Demographics/Zone'

2019-04-15 12:25:04 - [TEST_STEP][PASSED] - delay(3): Delayed 3 second(s)

2019-04-15 12:25:07 - [MESSAGE][PASSED] - Delayed 3 second(s)

2019-04-15 12:25:07 - [TEST_STEP][PASSED] - waitForElementPresent(findTestObject("Regression BackOffice/CLNK-23449/Demographics/ContactFName"), 50): Object 'Object Repository/Regression BackOffice/CLNK-23449/Demographics/ContactFName' is present

2019-04-15 12:25:07 - [MESSAGE][PASSED] - Object 'Object Repository/Regression BackOffice/CLNK-23449/Demographics/ContactFName' is present

2019-04-15 12:25:07 - [TEST_STEP][PASSED] - setText(findTestObject("Regression BackOffice/CLNK-23449/Demographics/ContactFName"), "Scott"): Text 'Scott' is set on object 'Object Repository/Regression BackOffice/CLNK-23449/Demographics/ContactFName'

2019-04-15 12:25:07 - [MESSAGE][PASSED] - Text 'Scott' is set on object 'Object Repository/Regression BackOffice/CLNK-23449/Demographics/ContactFName'

2019-04-15 12:25:07 - [TEST_STEP][PASSED] - delay(2): Delayed 2 second(s)

2019-04-15 12:25:09 - [MESSAGE][PASSED] - Delayed 2 second(s)

2019-04-15 12:25:09 - [TEST_STEP][PASSED] - waitForElementPresent(findTestObject("Regression BackOffice/CLNK-23449/Demographics/ContactLName"), 50): Object 'Object Repository/Regression BackOffice/CLNK-23449/Demographics/ContactLName' is present

2019-04-15 12:25:10 - [MESSAGE][PASSED] - Object 'Object Repository/Regression BackOffice/CLNK-23449/Demographics/ContactLName' is present

2019-04-15 12:25:10 - [TEST_STEP][PASSED] - setText(findTestObject("Regression BackOffice/CLNK-23449/Demographics/ContactLName"), "Ward"): Text 'Ward' is set on object 'Object Repository/Regression BackOffice/CLNK-23449/Demographics/ContactLName'

2019-04-15 12:25:10 - [MESSAGE][PASSED] - Text 'Ward' is set on object 'Object Repository/Regression BackOffice/CLNK-23449/Demographics/ContactLName'

2019-04-15 12:25:10 - [TEST_STEP][PASSED] - delay(2): Delayed 2 second(s)

2019-04-15 12:25:12 - [MESSAGE][PASSED] - Delayed 2 second(s)

2019-04-15 12:25:12 - [TEST_STEP][PASSED] - click(findTestObject("Regression BackOffice/CLNK-23449/Demographics/ContactType"), CONTINUE_ON_FAILURE): Object: 'Object Repository/Regression BackOffice/CLNK-23449/Demographics/ContactType' is clicked on

2019-04-15 12:25:12 - [MESSAGE][PASSED] - Object: 'Object Repository/Regression BackOffice/CLNK-23449/Demographics/ContactType' is clicked on

2019-04-15 12:25:12 - [TEST_STEP][PASSED] - sendKeys(findTestObject("Regression BackOffice/CLNK-23449/Demographics/ContactType"), Keys.chord(ARROW_DOWN, ARROW_DOWN, ARROW_DOWN, ARROW_DOWN, ARROW_DOWN, ARROW_DOWN, ENTER)): Keys 'DOWN + DOWN + DOWN + DOWN + DOWN + DOWN + ENTER + ' sent to object: 'Object Repository/Regression BackOffice/CLNK-23449/Demographics/ContactType'

2019-04-15 12:25:12 - [MESSAGE][PASSED] - Keys 'DOWN + DOWN + DOWN + DOWN + DOWN + DOWN + ENTER + ' sent to object: 'Object Repository/Regression BackOffice/CLNK-23449/Demographics/ContactType'

2019-04-15 12:25:12 - [TEST_STEP][PASSED] - delay(3): Delayed 3 second(s)

2019-04-15 12:25:15 - [MESSAGE][PASSED] - Delayed 3 second(s)

2019-04-15 12:25:15 - [TEST_STEP][PASSED] - click(findTestObject("Regression BackOffice/CLNK-23449/Demographics/Relationship"), CONTINUE_ON_FAILURE): Object: 'Object Repository/Regression BackOffice/CLNK-23449/Demographics/Relationship' is clicked on

2019-04-15 12:25:16 - [MESSAGE][PASSED] - Object: 'Object Repository/Regression BackOffice/CLNK-23449/Demographics/Relationship' is clicked on

2019-04-15 12:25:16 - [TEST_STEP][PASSED] - sendKeys(findTestObject("Regression BackOffice/CLNK-23449/Demographics/Relationship"), Keys.chord(ARROW_DOWN, ARROW_DOWN, ARROW_DOWN, ARROW_DOWN, ARROW_DOWN, ARROW_DOWN, ENTER)): Keys 'DOWN + DOWN + DOWN + DOWN + DOWN + DOWN + ENTER + ' sent to object: 'Object Repository/Regression BackOffice/CLNK-23449/Demographics/Relationship'

2019-04-15 12:25:16 - [MESSAGE][PASSED] - Keys 'DOWN + DOWN + DOWN + DOWN + DOWN + DOWN + ENTER + ' sent to object: 'Object Repository/Regression BackOffice/CLNK-23449/Demographics/Relationship'

2019-04-15 12:25:16 - [TEST_STEP][PASSED] - delay(3): Delayed 3 second(s)

2019-04-15 12:25:19 - [MESSAGE][PASSED] - Delayed 3 second(s)

2019-04-15 12:25:19 - [TEST_STEP][PASSED] - click(findTestObject("Regression BackOffice/CLNK-23449/Demographics/PhoneTypeContact"), CONTINUE_ON_FAILURE): Object: 'Object Repository/Regression BackOffice/CLNK-23449/Demographics/PhoneTypeContact' is clicked on

2019-04-15 12:25:19 - [MESSAGE][PASSED] - Object: 'Object Repository/Regression BackOffice/CLNK-23449/Demographics/PhoneTypeContact' is clicked on

2019-04-15 12:25:19 - [TEST_STEP][PASSED] - sendKeys(findTestObject("Regression BackOffice/CLNK-23449/Demographics/PhoneTypeContact"), Keys.chord(ARROW_DOWN, ENTER)): Keys 'DOWN + ENTER + ' sent to object: 'Object Repository/Regression BackOffice/CLNK-23449/Demographics/PhoneTypeContact'

2019-04-15 12:25:19 - [MESSAGE][PASSED] - Keys 'DOWN + ENTER + ' sent to object: 'Object Repository/Regression BackOffice/CLNK-23449/Demographics/PhoneTypeContact'

2019-04-15 12:25:19 - [TEST_STEP][PASSED] - delay(3): Delayed 3 second(s)

2019-04-15 12:25:22 - [MESSAGE][PASSED] - Delayed 3 second(s)

2019-04-15 12:25:22 - [TEST_STEP][PASSED] - setText(findTestObject("Regression BackOffice/CLNK-23449/Demographics/ContactPhone"), "2345698789"): Text '2345698789' is set on object 'Object Repository/Regression BackOffice/CLNK-23449/Demographics/ContactPhone'

2019-04-15 12:25:23 - [MESSAGE][PASSED] - Text '2345698789' is set on object 'Object Repository/Regression BackOffice/CLNK-23449/Demographics/ContactPhone'

2019-04-15 12:25:23 - [TEST_STEP][PASSED] - delay(3): Delayed 3 second(s)

2019-04-15 12:25:26 - [MESSAGE][PASSED] - Delayed 3 second(s)

2019-04-15 12:25:26 - [TEST_STEP][PASSED] - click(findTestObject("Regression BackOffice/CLNK-23449/Demographics/EpisodeType"), CONTINUE_ON_FAILURE): Object: 'Object Repository/Regression BackOffice/CLNK-23449/Demographics/EpisodeType' is clicked on

2019-04-15 12:25:27 - [MESSAGE][PASSED] - Object: 'Object Repository/Regression BackOffice/CLNK-23449/Demographics/EpisodeType' is clicked on

2019-04-15 12:25:27 - [TEST_STEP][PASSED] - sendKeys(findTestObject("Regression BackOffice/CLNK-23449/Demographics/EpisodeType"), Keys.chord(ARROW_DOWN, ARROW_DOWN, ARROW_DOWN, ARROW_DOWN, ARROW_DOWN, ARROW_DOWN, ENTER)): Keys 'DOWN + DOWN + DOWN + DOWN + DOWN + DOWN + ENTER + ' sent to object: 'Object Repository/Regression BackOffice/CLNK-23449/Demographics/EpisodeType'

2019-04-15 12:25:27 - [MESSAGE][PASSED] - Keys 'DOWN + DOWN + DOWN + DOWN + DOWN + DOWN + ENTER + ' sent to object: 'Object Repository/Regression BackOffice/CLNK-23449/Demographics/EpisodeType'

2019-04-15 12:25:27 - [TEST_STEP][PASSED] - delay(3): Delayed 3 second(s)

2019-04-15 12:25:30 - [MESSAGE][PASSED] - Delayed 3 second(s)

2019-04-15 12:25:30 - [TEST_STEP][PASSED] - click(findTestObject("Regression BackOffice/CLNK-23449/Demographics/PlaceOfServices"), CONTINUE_ON_FAILURE): Object: 'Object Repository/Regression BackOffice/CLNK-23449/Demographics/PlaceOfServices' is clicked on

2019-04-15 12:25:30 - [MESSAGE][PASSED] - Object: 'Object Repository/Regression BackOffice/CLNK-23449/Demographics/PlaceOfServices' is clicked on

2019-04-15 12:25:30 - [TEST_STEP][PASSED] - sendKeys(findTestObject("Regression BackOffice/CLNK-23449/Demographics/PlaceOfServices"), Keys.chord(ARROW_DOWN, ARROW_DOWN, ARROW_DOWN, ARROW_DOWN, ARROW_DOWN, ARROW_DOWN, ENTER)): Keys 'DOWN + DOWN + DOWN + DOWN + DOWN + DOWN + ENTER + ' sent to object: 'Object Repository/Regression BackOffice/CLNK-23449/Demographics/PlaceOfServices'

2019-04-15 12:25:30 - [MESSAGE][PASSED] - Keys 'DOWN + DOWN + DOWN + DOWN + DOWN + DOWN + ENTER + ' sent to object: 'Object Repository/Regression BackOffice/CLNK-23449/Demographics/PlaceOfServices'

2019-04-15 12:25:30 - [TEST_STEP][PASSED] - delay(3): Delayed 3 second(s)

2019-04-15 12:25:33 - [MESSAGE][PASSED] - Delayed 3 second(s)

2019-04-15 12:25:33 - [TEST_STEP][PASSED] - click(findTestObject("Regression BackOffice/CLNK-23449/Demographics/ClientStatus"), CONTINUE_ON_FAILURE): Object: 'Object Repository/Regression BackOffice/CLNK-23449/Demographics/ClientStatus' is clicked on

2019-04-15 12:25:33 - [MESSAGE][PASSED] - Object: 'Object Repository/Regression BackOffice/CLNK-23449/Demographics/ClientStatus' is clicked on

2019-04-15 12:25:33 - [TEST_STEP][PASSED] - sendKeys(findTestObject("Regression BackOffice/CLNK-23449/Demographics/ClientStatus"), Keys.chord(ARROW_DOWN, ENTER)): Keys 'DOWN + ENTER + ' sent to object: 'Object Repository/Regression BackOffice/CLNK-23449/Demographics/ClientStatus'

2019-04-15 12:25:34 - [MESSAGE][PASSED] - Keys 'DOWN + ENTER + ' sent to object: 'Object Repository/Regression BackOffice/CLNK-23449/Demographics/ClientStatus'

2019-04-15 12:25:34 - [TEST_STEP][PASSED] - delay(3): Delayed 3 second(s)

2019-04-15 12:25:37 - [MESSAGE][PASSED] - Delayed 3 second(s)

2019-04-15 12:25:37 - [TEST_STEP][PASSED] - waitForElementPresent(findTestObject("Regression BackOffice/CLNK-23449/Demographics/btnSaveDemo"), 50): Object 'Object Repository/Regression BackOffice/CLNK-23449/Demographics/btnSaveDemo' is present

2019-04-15 12:25:37 - [MESSAGE][PASSED] - Object 'Object Repository/Regression BackOffice/CLNK-23449/Demographics/btnSaveDemo' is present

2019-04-15 12:25:37 - [TEST_STEP][PASSED] - click(findTestObject("Regression BackOffice/CLNK-23449/Demographics/btnSaveDemo"), STOP_ON_FAILURE): Object: 'Object Repository/Regression BackOffice/CLNK-23449/Demographics/btnSaveDemo' is clicked on

2019-04-15 12:25:37 - [MESSAGE][PASSED] - Object: 'Object Repository/Regression BackOffice/CLNK-23449/Demographics/btnSaveDemo' is clicked on

2019-04-15 12:25:37 - [TEST_STEP][PASSED] - delay(2): Delayed 2 second(s)

2019-04-15 12:25:39 - [MESSAGE][PASSED] - Delayed 2 second(s)

2019-04-15 12:25:39 - [TEST_STEP][PASSED] - waitForElementPresent(findTestObject("Regression BackOffice/CLNK-23449/Demographics/btnNextDemo"), 50): Object 'Object Repository/Regression BackOffice/CLNK-23449/Demographics/btnNextDemo' is present

2019-04-15 12:25:39 - [MESSAGE][PASSED] - Object 'Object Repository/Regression BackOffice/CLNK-23449/Demographics/btnNextDemo' is present

2019-04-15 12:25:39 - [TEST_STEP][PASSED] - click(findTestObject("Regression BackOffice/CLNK-23449/Demographics/btnNextDemo"), STOP_ON_FAILURE): Object: 'Object Repository/Regression BackOffice/CLNK-23449/Demographics/btnNextDemo' is clicked on

2019-04-15 12:25:39 - [MESSAGE][PASSED] - Object: 'Object Repository/Regression BackOffice/CLNK-23449/Demographics/btnNextDemo' is clicked on

2019-04-15 12:25:39 - [TEST_STEP][PASSED] - delay(2): Delayed 2 second(s)

2019-04-15 12:25:41 - [MESSAGE][PASSED] - Delayed 2 second(s)

2019-04-15 12:25:41 - [TEST_STEP][PASSED] - waitForElementPresent(findTestObject("Regression BackOffice/CLINK-23451/PayerList"), 50): Object 'Object Repository/Regression BackOffice/CLINK-23451/PayerList' is present

2019-04-15 12:25:42 - [MESSAGE][PASSED] - Object 'Object Repository/Regression BackOffice/CLINK-23451/PayerList' is present

2019-04-15 12:25:42 - [TEST_STEP][PASSED] - click(findTestObject("Regression BackOffice/CLINK-23451/PayerList"), STOP_ON_FAILURE): Object: 'Object Repository/Regression BackOffice/CLINK-23451/PayerList' is clicked on

2019-04-15 12:25:42 - [MESSAGE][PASSED] - Object: 'Object Repository/Regression BackOffice/CLINK-23451/PayerList' is clicked on

2019-04-15 12:25:42 - [TEST_STEP][PASSED] - sendKeys(findTestObject("Regression BackOffice/CLINK-23451/PayerList"), Keys.chord(ARROW_DOWN, ENTER)): Keys 'DOWN + ENTER + ' sent to object: 'Object Repository/Regression BackOffice/CLINK-23451/PayerList'

2019-04-15 12:25:42 - [MESSAGE][PASSED] - Keys 'DOWN + ENTER + ' sent to object: 'Object Repository/Regression BackOffice/CLINK-23451/PayerList'

2019-04-15 12:25:42 - [TEST_STEP][PASSED] - delay(2): Delayed 2 second(s)

2019-04-15 12:25:44 - [MESSAGE][PASSED] - Delayed 2 second(s)

2019-04-15 12:25:44 - [TEST_STEP][PASSED] - waitForElementPresent(findTestObject("Regression BackOffice/CLINK-23451/PlanList"), 50): Object 'Object Repository/Regression BackOffice/CLINK-23451/PlanList' is present

2019-04-15 12:25:44 - [MESSAGE][PASSED] - Object 'Object Repository/Regression BackOffice/CLINK-23451/PlanList' is present

2019-04-15 12:25:44 - [TEST_STEP][PASSED] - click(findTestObject("Regression BackOffice/CLINK-23451/PlanList"), STOP_ON_FAILURE): Object: 'Object Repository/Regression BackOffice/CLINK-23451/PlanList' is clicked on

2019-04-15 12:25:44 - [MESSAGE][PASSED] - Object: 'Object Repository/Regression BackOffice/CLINK-23451/PlanList' is clicked on

2019-04-15 12:25:44 - [TEST_STEP][PASSED] - sendKeys(findTestObject("Regression BackOffice/CLINK-23451/PlanList"), Keys.chord(ARROW_DOWN, ENTER)): Keys 'DOWN + ENTER + ' sent to object: 'Object Repository/Regression BackOffice/CLINK-23451/PlanList'

2019-04-15 12:25:45 - [MESSAGE][PASSED] - Keys 'DOWN + ENTER + ' sent to object: 'Object Repository/Regression BackOffice/CLINK-23451/PlanList'

2019-04-15 12:25:45 - [TEST_STEP][PASSED] - delay(2): Delayed 2 second(s)

2019-04-15 12:25:47 - [MESSAGE][PASSED] - Delayed 2 second(s)

2019-04-15 12:25:47 - [TEST_STEP][PASSED] - waitForElementPresent(findTestObject("Regression BackOffice/CLINK-23451/GroupList"), 50): Object 'Object Repository/Regression BackOffice/CLINK-23451/GroupList' is present

2019-04-15 12:25:47 - [MESSAGE][PASSED] - Object 'Object Repository/Regression BackOffice/CLINK-23451/GroupList' is present

2019-04-15 12:25:47 - [TEST_STEP][PASSED] - click(findTestObject("Regression BackOffice/CLINK-23451/GroupList"), STOP_ON_FAILURE): Object: 'Object Repository/Regression BackOffice/CLINK-23451/GroupList' is clicked on

2019-04-15 12:25:47 - [MESSAGE][PASSED] - Object: 'Object Repository/Regression BackOffice/CLINK-23451/GroupList' is clicked on

2019-04-15 12:25:47 - [TEST_STEP][PASSED] - sendKeys(findTestObject("Regression BackOffice/CLINK-23451/GroupList"), Keys.chord(ARROW_DOWN, ENTER)): Keys 'DOWN + ENTER + ' sent to object: 'Object Repository/Regression BackOffice/CLINK-23451/GroupList'

2019-04-15 12:25:47 - [MESSAGE][PASSED] - Keys 'DOWN + ENTER + ' sent to object: 'Object Repository/Regression BackOffice/CLINK-23451/GroupList'

2019-04-15 12:25:47 - [TEST_STEP][PASSED] - delay(2): Delayed 2 second(s)

2019-04-15 12:25:49 - [MESSAGE][PASSED] - Delayed 2 second(s)

2019-04-15 12:25:49 - [TEST_STEP][PASSED] - waitForElementPresent(findTestObject("Regression BackOffice/CLINK-23451/MedicareAdminList"), 50): Object 'Object Repository/Regression BackOffice/CLINK-23451/MedicareAdminList' is present

2019-04-15 12:25:49 - [MESSAGE][PASSED] - Object 'Object Repository/Regression BackOffice/CLINK-23451/MedicareAdminList' is present

2019-04-15 12:25:49 - [TEST_STEP][PASSED] - click(findTestObject("Regression BackOffice/CLINK-23451/MedicareAdminList"), STOP_ON_FAILURE): Object: 'Object Repository/Regression BackOffice/CLINK-23451/MedicareAdminList' is clicked on

2019-04-15 12:25:49 - [MESSAGE][PASSED] - Object: 'Object Repository/Regression BackOffice/CLINK-23451/MedicareAdminList' is clicked on

2019-04-15 12:25:49 - [TEST_STEP][PASSED] - sendKeys(findTestObject("Regression BackOffice/CLINK-23451/MedicareAdminList"), Keys.chord(ARROW_DOWN, ARROW_DOWN, ARROW_DOWN, ENTER)): Keys 'DOWN + DOWN + DOWN + ENTER + ' sent to object: 'Object Repository/Regression BackOffice/CLINK-23451/MedicareAdminList'

2019-04-15 12:25:50 - [MESSAGE][PASSED] - Keys 'DOWN + DOWN + DOWN + ENTER + ' sent to object: 'Object Repository/Regression BackOffice/CLINK-23451/MedicareAdminList'

2019-04-15 12:25:50 - [TEST_STEP][PASSED] - delay(2): Delayed 2 second(s)

2019-04-15 12:25:52 - [MESSAGE][PASSED] - Delayed 2 second(s)

2019-04-15 12:25:52 - [TEST_STEP][PASSED] - waitForElementPresent(findTestObject("Regression BackOffice/CLINK-23451/btnSavePayer"), 50): Object 'Object Repository/Regression BackOffice/CLINK-23451/btnSavePayer' is present

2019-04-15 12:25:52 - [MESSAGE][PASSED] - Object 'Object Repository/Regression BackOffice/CLINK-23451/btnSavePayer' is present

2019-04-15 12:25:52 - [TEST_STEP][PASSED] - click(findTestObject("Regression BackOffice/CLINK-23451/btnSavePayer"), STOP_ON_FAILURE): Object: 'Object Repository/Regression BackOffice/CLINK-23451/btnSavePayer' is clicked on

2019-04-15 12:25:52 - [MESSAGE][PASSED] - Object: 'Object Repository/Regression BackOffice/CLINK-23451/btnSavePayer' is clicked on

2019-04-15 12:25:52 - [TEST_STEP][PASSED] - delay(2): Delayed 2 second(s)

2019-04-15 12:25:54 - [MESSAGE][PASSED] - Delayed 2 second(s)

2019-04-15 12:25:54 - [TEST_STEP][PASSED] - waitForElementPresent(findTestObject("Regression BackOffice/CLNK-23449/btnNextPayer"), 50): Object 'Object Repository/Regression BackOffice/CLNK-23449/btnNextPayer' is present

2019-04-15 12:25:54 - [MESSAGE][PASSED] - Object 'Object Repository/Regression BackOffice/CLNK-23449/btnNextPayer' is present

2019-04-15 12:25:54 - [TEST_STEP][PASSED] - click(findTestObject("Regression BackOffice/CLNK-23449/btnNextPayer"), STOP_ON_FAILURE): Object: 'Object Repository/Regression BackOffice/CLNK-23449/btnNextPayer' is clicked on

2019-04-15 12:25:54 - [MESSAGE][PASSED] - Object: 'Object Repository/Regression BackOffice/CLNK-23449/btnNextPayer' is clicked on

2019-04-15 12:25:54 - [TEST_STEP][PASSED] - delay(2): Delayed 2 second(s)

2019-04-15 12:25:56 - [MESSAGE][PASSED] - Delayed 2 second(s)

2019-04-15 12:25:56 - [TEST_STEP][PASSED] - waitForElementPresent(findTestObject("Regression BackOffice/CLNK-23449/Reporting Groups"), 50): Object 'Object Repository/Regression BackOffice/CLNK-23449/Reporting Groups' is present

2019-04-15 12:25:56 - [MESSAGE][PASSED] - Object 'Object Repository/Regression BackOffice/CLNK-23449/Reporting Groups' is present

2019-04-15 12:25:56 - [TEST_STEP][PASSED] - click(findTestObject("Regression BackOffice/CLNK-23449/Reporting Groups"), STOP_ON_FAILURE): Object: 'Object Repository/Regression BackOffice/CLNK-23449/Reporting Groups' is clicked on

2019-04-15 12:25:56 - [MESSAGE][PASSED] - Object: 'Object Repository/Regression BackOffice/CLNK-23449/Reporting Groups' is clicked on

2019-04-15 12:25:56 - [TEST_STEP][PASSED] - delay(2): Delayed 2 second(s)

2019-04-15 12:25:58 - [MESSAGE][PASSED] - Delayed 2 second(s)

2019-04-15 12:25:58 - [TEST_STEP][PASSED] - waitForElementPresent(findTestObject("Regression BackOffice/CLNK-23449/btnSaveServices"), 50): Object 'Object Repository/Regression BackOffice/CLNK-23449/btnSaveServices' is present

2019-04-15 12:25:58 - [MESSAGE][PASSED] - Object 'Object Repository/Regression BackOffice/CLNK-23449/btnSaveServices' is present

2019-04-15 12:25:58 - [TEST_STEP][PASSED] - click(findTestObject("Regression BackOffice/CLNK-23449/btnSaveServices"), STOP_ON_FAILURE): Object: 'Object Repository/Regression BackOffice/CLNK-23449/btnSaveServices' is clicked on

2019-04-15 12:25:59 - [MESSAGE][PASSED] - Object: 'Object Repository/Regression BackOffice/CLNK-23449/btnSaveServices' is clicked on

2019-04-15 12:25:59 - [TEST_STEP][PASSED] - delay(2): Delayed 2 second(s)

2019-04-15 12:26:01 - [MESSAGE][PASSED] - Delayed 2 second(s)

2019-04-15 12:26:01 - [TEST_STEP][PASSED] - waitForElementPresent(findTestObject("Regression BackOffice/CLNK-23449/btnNextServices"), 50): Object 'Object Repository/Regression BackOffice/CLNK-23449/btnNextServices' is present

2019-04-15 12:26:01 - [MESSAGE][PASSED] - Object 'Object Repository/Regression BackOffice/CLNK-23449/btnNextServices' is present

2019-04-15 12:26:01 - [TEST_STEP][PASSED] - click(findTestObject("Regression BackOffice/CLNK-23449/btnNextServices"), STOP_ON_FAILURE): Object: 'Object Repository/Regression BackOffice/CLNK-23449/btnNextServices' is clicked on

2019-04-15 12:26:01 - [MESSAGE][PASSED] - Object: 'Object Repository/Regression BackOffice/CLNK-23449/btnNextServices' is clicked on

2019-04-15 12:26:01 - [TEST_STEP][PASSED] - delay(2): Delayed 2 second(s)

2019-04-15 12:26:03 - [MESSAGE][PASSED] - Delayed 2 second(s)

2019-04-15 12:26:03 - [TEST_STEP][PASSED] - setText(findTestObject("Regression BackOffice/CLNK-23449/Admit/SOCDate"), getDate.DateUtilities.getDateMonthDayYearNumberwithSlash()): Text '04/15/2019' is set on object 'Object Repository/Regression BackOffice/CLNK-23449/Admit/SOCDate'

2019-04-15 12:26:03 - [MESSAGE][PASSED] - getDate.DateUtilities.getDateMonthDayYearNumberwithSlash is PASSED

2019-04-15 12:26:04 - [MESSAGE][PASSED] - Text '04/15/2019' is set on object 'Object Repository/Regression BackOffice/CLNK-23449/Admit/SOCDate'

2019-04-15 12:26:04 - [TEST_STEP][PASSED] - delay(4): Delayed 4 second(s)

2019-04-15 12:26:08 - [MESSAGE][PASSED] - Delayed 4 second(s)

2019-04-15 12:26:08 - [TEST_STEP][PASSED] - waitForElementPresent(findTestObject("Regression BackOffice/CLNK-23449/Admit/DisasterCode"), 50): Object 'Object Repository/Regression BackOffice/CLNK-23449/Admit/DisasterCode' is present

2019-04-15 12:26:08 - [MESSAGE][PASSED] - Object 'Object Repository/Regression BackOffice/CLNK-23449/Admit/DisasterCode' is present

2019-04-15 12:26:08 - [TEST_STEP][PASSED] - click(findTestObject("Regression BackOffice/CLNK-23449/Admit/DisasterCode"), STOP_ON_FAILURE): Object: 'Object Repository/Regression BackOffice/CLNK-23449/Admit/DisasterCode' is clicked on

2019-04-15 12:26:08 - [MESSAGE][PASSED] - Object: 'Object Repository/Regression BackOffice/CLNK-23449/Admit/DisasterCode' is clicked on

2019-04-15 12:26:08 - [TEST_STEP][PASSED] - sendKeys(findTestObject("Regression BackOffice/CLNK-23449/Admit/DisasterCode"), Keys.chord(ARROW_DOWN, ENTER)): Keys 'DOWN + ENTER + ' sent to object: 'Object Repository/Regression BackOffice/CLNK-23449/Admit/DisasterCode'

2019-04-15 12:26:08 - [MESSAGE][PASSED] - Keys 'DOWN + ENTER + ' sent to object: 'Object Repository/Regression BackOffice/CLNK-23449/Admit/DisasterCode'

2019-04-15 12:26:08 - [TEST_STEP][PASSED] - delay(2): Delayed 2 second(s)

2019-04-15 12:26:10 - [MESSAGE][PASSED] - Delayed 2 second(s)

2019-04-15 12:26:10 - [TEST_STEP][PASSED] - waitForElementPresent(findTestObject("Regression BackOffice/CLNK-23449/Admit/ClasificationLevel"), 50): Object 'Object Repository/Regression BackOffice/CLNK-23449/Admit/ClasificationLevel' is present

2019-04-15 12:26:10 - [MESSAGE][PASSED] - Object 'Object Repository/Regression BackOffice/CLNK-23449/Admit/ClasificationLevel' is present

2019-04-15 12:26:10 - [TEST_STEP][PASSED] - click(findTestObject("Regression BackOffice/CLNK-23449/Admit/ClasificationLevel"), STOP_ON_FAILURE): Object: 'Object Repository/Regression BackOffice/CLNK-23449/Admit/ClasificationLevel' is clicked on

2019-04-15 12:26:11 - [MESSAGE][PASSED] - Object: 'Object Repository/Regression BackOffice/CLNK-23449/Admit/ClasificationLevel' is clicked on

2019-04-15 12:26:11 - [TEST_STEP][PASSED] - sendKeys(findTestObject("Regression BackOffice/CLNK-23449/Admit/ClasificationLevel"), Keys.chord(ARROW_DOWN, ENTER)): Keys 'DOWN + ENTER + ' sent to object: 'Object Repository/Regression BackOffice/CLNK-23449/Admit/ClasificationLevel'

2019-04-15 12:26:11 - [MESSAGE][PASSED] - Keys 'DOWN + ENTER + ' sent to object: 'Object Repository/Regression BackOffice/CLNK-23449/Admit/ClasificationLevel'

2019-04-15 12:26:11 - [TEST_STEP][PASSED] - delay(2): Delayed 2 second(s)

2019-04-15 12:26:13 - [MESSAGE][PASSED] - Delayed 2 second(s)

2019-04-15 12:26:13 - [TEST_STEP][PASSED] - waitForElementPresent(findTestObject("Regression BackOffice/CLNK-23449/Admit/HIPAA"), 50): Object 'Object Repository/Regression BackOffice/CLNK-23449/Admit/HIPAA' is present

2019-04-15 12:26:13 - [MESSAGE][PASSED] - Object 'Object Repository/Regression BackOffice/CLNK-23449/Admit/HIPAA' is present

2019-04-15 12:26:13 - [TEST_STEP][PASSED] - click(findTestObject("Regression BackOffice/CLNK-23449/Admit/HIPAA"), STOP_ON_FAILURE): Object: 'Object Repository/Regression BackOffice/CLNK-23449/Admit/HIPAA' is clicked on

2019-04-15 12:26:13 - [MESSAGE][PASSED] - Object: 'Object Repository/Regression BackOffice/CLNK-23449/Admit/HIPAA' is clicked on

2019-04-15 12:26:13 - [TEST_STEP][PASSED] - sendKeys(findTestObject("Regression BackOffice/CLNK-23449/Admit/HIPAA"), Keys.chord(ARROW_DOWN, ENTER)): Keys 'DOWN + ENTER + ' sent to object: 'Object Repository/Regression BackOffice/CLNK-23449/Admit/HIPAA'

2019-04-15 12:26:13 - [MESSAGE][PASSED] - Keys 'DOWN + ENTER + ' sent to object: 'Object Repository/Regression BackOffice/CLNK-23449/Admit/HIPAA'

2019-04-15 12:26:13 - [TEST_STEP][PASSED] - delay(2): Delayed 2 second(s)

2019-04-15 12:26:15 - [MESSAGE][PASSED] - Delayed 2 second(s)

2019-04-15 12:26:15 - [TEST_STEP][PASSED] - waitForElementPresent(findTestObject("Regression BackOffice/CLNK-23449/Admit/QCode"), 50): Object 'Object Repository/Regression BackOffice/CLNK-23449/Admit/QCode' is present

2019-04-15 12:26:15 - [MESSAGE][PASSED] - Object 'Object Repository/Regression BackOffice/CLNK-23449/Admit/QCode' is present

2019-04-15 12:26:15 - [TEST_STEP][PASSED] - click(findTestObject("Regression BackOffice/CLNK-23449/Admit/QCode"), STOP_ON_FAILURE): Object: 'Object Repository/Regression BackOffice/CLNK-23449/Admit/QCode' is clicked on

2019-04-15 12:26:16 - [MESSAGE][PASSED] - Object: 'Object Repository/Regression BackOffice/CLNK-23449/Admit/QCode' is clicked on

2019-04-15 12:26:16 - [TEST_STEP][PASSED] - sendKeys(findTestObject("Regression BackOffice/CLNK-23449/Admit/QCode"), Keys.chord(ARROW_DOWN, ENTER)): Keys 'DOWN + ENTER + ' sent to object: 'Object Repository/Regression BackOffice/CLNK-23449/Admit/QCode'

2019-04-15 12:26:16 - [MESSAGE][PASSED] - Keys 'DOWN + ENTER + ' sent to object: 'Object Repository/Regression BackOffice/CLNK-23449/Admit/QCode'

2019-04-15 12:26:16 - [TEST_STEP][PASSED] - delay(2): Delayed 2 second(s)

2019-04-15 12:26:18 - [MESSAGE][PASSED] - Delayed 2 second(s)

2019-04-15 12:26:18 - [TEST_STEP][PASSED] - setText(findTestObject("Regression BackOffice/CLNK-23449/Admit/Effective Begin Date"), getDate.DateUtilities.getDateMonthDayYearNumberwithSlash()): Text '04/15/2019' is set on object 'Object Repository/Regression BackOffice/CLNK-23449/Admit/Effective Begin Date'

2019-04-15 12:26:18 - [MESSAGE][PASSED] - getDate.DateUtilities.getDateMonthDayYearNumberwithSlash is PASSED

2019-04-15 12:26:19 - [MESSAGE][PASSED] - Text '04/15/2019' is set on object 'Object Repository/Regression BackOffice/CLNK-23449/Admit/Effective Begin Date'

2019-04-15 12:26:19 - [TEST_STEP][PASSED] - delay(4): Delayed 4 second(s)

2019-04-15 12:26:23 - [MESSAGE][PASSED] - Delayed 4 second(s)

2019-04-15 12:26:23 - [TEST_STEP][PASSED] - waitForElementPresent(findTestObject("Regression BackOffice/CLNK-23449/Admit/btnSaveAdmit"), 50): Object 'Object Repository/Regression BackOffice/CLNK-23449/Admit/btnSaveAdmit' is present

2019-04-15 12:26:23 - [MESSAGE][PASSED] - Object 'Object Repository/Regression BackOffice/CLNK-23449/Admit/btnSaveAdmit' is present

2019-04-15 12:26:23 - [TEST_STEP][PASSED] - click(findTestObject("Regression BackOffice/CLNK-23449/Admit/btnSaveAdmit"), STOP_ON_FAILURE): Object: 'Object Repository/Regression BackOffice/CLNK-23449/Admit/btnSaveAdmit' is clicked on

2019-04-15 12:26:23 - [MESSAGE][PASSED] - Object: 'Object Repository/Regression BackOffice/CLNK-23449/Admit/btnSaveAdmit' is clicked on

2019-04-15 12:26:23 - [TEST_STEP][PASSED] - delay(2): Delayed 2 second(s)

2019-04-15 12:26:25 - [MESSAGE][PASSED] - Delayed 2 second(s)

2019-04-15 12:26:25 - [TEST_STEP][PASSED] - waitForElementPresent(findTestObject("Regression BackOffice/CLNK-23449/Admit/btnAdmit"), 50): Object 'Object Repository/Regression BackOffice/CLNK-23449/Admit/btnAdmit' is present

2019-04-15 12:26:25 - [MESSAGE][PASSED] - Object 'Object Repository/Regression BackOffice/CLNK-23449/Admit/btnAdmit' is present

2019-04-15 12:26:25 - [TEST_STEP][PASSED] - click(findTestObject("Regression BackOffice/CLNK-23449/Admit/btnAdmit"), STOP_ON_FAILURE): Object: 'Object Repository/Regression BackOffice/CLNK-23449/Admit/btnAdmit' is clicked on

2019-04-15 12:26:25 - [MESSAGE][PASSED] - Object: 'Object Repository/Regression BackOffice/CLNK-23449/Admit/btnAdmit' is clicked on

2019-04-15 12:26:25 - [TEST_STEP][PASSED] - delay(2): Delayed 2 second(s)

2019-04-15 12:26:27 - [MESSAGE][PASSED] - Delayed 2 second(s)

2019-04-15 12:26:27 - [TEST_STEP][PASSED] - switchToDefaultContent(): null

2019-04-15 12:26:27 - [TEST_STEP][PASSED] - closeBrowser(): Browser is closed

2019-04-15 12:26:28 - [MESSAGE][PASSED] - Browser is closed]]></system-out>
         <system-err><![CDATA[]]></system-err>
      </testcase>
      <testcase name="Test Cases/Regression BackOffice (All Browsers)/CLNK-23455 - Back office Enter Needs" classname="Test Cases/Regression BackOffice (All Browsers)/CLNK-23455 - Back office Enter Needs" status="PASSED">
         <system-out><![CDATA[2019-04-15 12:26:31 - [TEST_CASE][PASSED] - Test Cases/Regression BackOffice (All Browsers)/CLNK-23455 - Back office Enter Needs: Test Cases/Regression BackOffice (All Browsers)/CLNK-23455 - Back office Enter Needs

2019-04-15 12:26:31 - [TEST_STEP][PASSED] - callTestCase(findTestCase("Regression BackOffice (All Browsers)/CLNK-23439 - Clink - Back office Client"), [:], STOP_ON_FAILURE): Call Test Case 'Test Cases/Regression BackOffice (All Browsers)/CLNK-23439 - Clink - Back office Client' successfully

2019-04-15 12:26:31 - [TEST_CASE][PASSED] - Test Cases/Regression BackOffice (All Browsers)/CLNK-23439 - Clink - Back office Client: Test Cases/Regression BackOffice (All Browsers)/CLNK-23439 - Clink - Back office Client

2019-04-15 12:26:31 - [TEST_STEP][PASSED] - openBrowser(G_SiteBackOffice): Browser is opened with url: 'https://qanewpoc.continulink.com:8443/PRE_PROD_Continulink/'

2019-04-15 12:26:31 - [MESSAGE][INFO] - Starting 'Chrome' driver

2019-04-15 12:26:38 - [MESSAGE][PASSED] - Browser is opened with url: 'https://qanewpoc.continulink.com:8443/PRE_PROD_Continulink/'

2019-04-15 12:26:38 - [TEST_STEP][PASSED] - waitForPageLoad(60): Wait for page load successfully

2019-04-15 12:26:38 - [MESSAGE][PASSED] - Wait for page load successfully

2019-04-15 12:26:38 - [TEST_STEP][PASSED] - maximizeWindow(): Current window maximized

2019-04-15 12:26:39 - [MESSAGE][PASSED] - Current window maximized

2019-04-15 12:26:39 - [TEST_STEP][PASSED] - setText(findTestObject("Regression BackOffice/Login/UserBackOffice"), G_UserBackOffice): Text 'trainingadmin' is set on object 'Object Repository/Regression BackOffice/Login/UserBackOffice'

2019-04-15 12:26:40 - [MESSAGE][PASSED] - Text 'trainingadmin' is set on object 'Object Repository/Regression BackOffice/Login/UserBackOffice'

2019-04-15 12:26:40 - [TEST_STEP][PASSED] - setText(findTestObject("Regression BackOffice/Login/PasswordBackOffice"), G_PasswordBackOffice): Text 'preprod' is set on object 'Object Repository/Regression BackOffice/Login/PasswordBackOffice'

2019-04-15 12:26:40 - [MESSAGE][PASSED] - Text 'preprod' is set on object 'Object Repository/Regression BackOffice/Login/PasswordBackOffice'

2019-04-15 12:26:40 - [TEST_STEP][PASSED] - click(findTestObject("Regression BackOffice/Login/LoginBackOffice")): Object: 'Object Repository/Regression BackOffice/Login/LoginBackOffice' is clicked on

2019-04-15 12:26:46 - [MESSAGE][PASSED] - Object: 'Object Repository/Regression BackOffice/Login/LoginBackOffice' is clicked on

2019-04-15 12:26:46 - [TEST_STEP][PASSED] - waitForPageLoad(60): Wait for page load successfully

2019-04-15 12:26:46 - [MESSAGE][PASSED] - Wait for page load successfully

2019-04-15 12:26:46 - [TEST_STEP][PASSED] - delay(3): Delayed 3 second(s)

2019-04-15 12:26:49 - [MESSAGE][PASSED] - Delayed 3 second(s)

2019-04-15 12:26:49 - [TEST_STEP][PASSED] - switchToFrame(findTestObject("Regression BackOffice/CLNK-23449/FrameLeft"), 5): null

2019-04-15 12:26:49 - [TEST_STEP][PASSED] - waitForElementPresent(findTestObject("Regression BackOffice/CLNK-23449/ClienIntakeICon"), 60): Object 'Object Repository/Regression BackOffice/CLNK-23449/ClienIntakeICon' is present

2019-04-15 12:26:49 - [MESSAGE][PASSED] - Object 'Object Repository/Regression BackOffice/CLNK-23449/ClienIntakeICon' is present

2019-04-15 12:26:49 - [TEST_STEP][PASSED] - verifyElementPresent(findTestObject("Regression BackOffice/CLNK-23449/ClienIntakeICon"), 100): Object 'Object Repository/Regression BackOffice/CLNK-23449/ClienIntakeICon' is present

2019-04-15 12:26:49 - [MESSAGE][PASSED] - Object 'Object Repository/Regression BackOffice/CLNK-23449/ClienIntakeICon' is present

2019-04-15 12:26:49 - [TEST_STEP][PASSED] - switchToDefaultContent(): null

2019-04-15 12:26:49 - [MESSAGE][PASSED] - Call Test Case 'Test Cases/Regression BackOffice (All Browsers)/CLNK-23439 - Clink - Back office Client' successfully

2019-04-15 12:26:49 - [TEST_STEP][PASSED] - waitForPageLoad(60): Wait for page load successfully

2019-04-15 12:26:49 - [MESSAGE][PASSED] - Wait for page load successfully

2019-04-15 12:26:49 - [TEST_STEP][PASSED] - delay(3): Delayed 3 second(s)

2019-04-15 12:26:52 - [MESSAGE][PASSED] - Delayed 3 second(s)

2019-04-15 12:26:52 - [TEST_STEP][PASSED] - switchToFrame(findTestObject("Regression BackOffice/CLNK-23449/FrameLeft"), 30): null

2019-04-15 12:26:52 - [TEST_STEP][PASSED] - waitForElementPresent(findTestObject("Regression BackOffice/CLNK-10235/ScheduleIcon"), 100): Object 'Object Repository/Regression BackOffice/CLNK-10235/ScheduleIcon' is present

2019-04-15 12:26:52 - [MESSAGE][PASSED] - Object 'Object Repository/Regression BackOffice/CLNK-10235/ScheduleIcon' is present

2019-04-15 12:26:52 - [TEST_STEP][PASSED] - click(findTestObject("Regression BackOffice/CLNK-10235/ScheduleIcon")): Object: 'Object Repository/Regression BackOffice/CLNK-10235/ScheduleIcon' is clicked on

2019-04-15 12:26:53 - [MESSAGE][PASSED] - Object: 'Object Repository/Regression BackOffice/CLNK-10235/ScheduleIcon' is clicked on

2019-04-15 12:26:53 - [TEST_STEP][PASSED] - delay(2): Delayed 2 second(s)

2019-04-15 12:26:55 - [MESSAGE][PASSED] - Delayed 2 second(s)

2019-04-15 12:26:55 - [TEST_STEP][PASSED] - waitForElementPresent(findTestObject("Regression BackOffice/CLNK-10235/EnterNeeds"), 100): Object 'Object Repository/Regression BackOffice/CLNK-10235/EnterNeeds' is present

2019-04-15 12:26:55 - [MESSAGE][PASSED] - Object 'Object Repository/Regression BackOffice/CLNK-10235/EnterNeeds' is present

2019-04-15 12:26:55 - [TEST_STEP][PASSED] - click(findTestObject("Regression BackOffice/CLNK-10235/EnterNeeds")): Object: 'Object Repository/Regression BackOffice/CLNK-10235/EnterNeeds' is clicked on

2019-04-15 12:26:57 - [MESSAGE][PASSED] - Object: 'Object Repository/Regression BackOffice/CLNK-10235/EnterNeeds' is clicked on

2019-04-15 12:26:57 - [TEST_STEP][PASSED] - delay(2): Delayed 2 second(s)

2019-04-15 12:26:59 - [MESSAGE][PASSED] - Delayed 2 second(s)

2019-04-15 12:26:59 - [TEST_STEP][PASSED] - switchToDefaultContent(): null

2019-04-15 12:26:59 - [TEST_STEP][PASSED] - switchToFrame(findTestObject("Regression BackOffice/CLNK-23449/FrameMain"), 30): null

2019-04-15 12:27:00 - [TEST_STEP][PASSED] - delay(3): Delayed 3 second(s)

2019-04-15 12:27:03 - [MESSAGE][PASSED] - Delayed 3 second(s)

2019-04-15 12:27:03 - [TEST_STEP][PASSED] - waitForElementPresent(findTestObject("Regression BackOffice/CLNK-10235/Client NameSearchNeeds"), 100): Object 'Object Repository/Regression BackOffice/CLNK-10235/Client NameSearchNeeds' is present

2019-04-15 12:27:03 - [MESSAGE][PASSED] - Object 'Object Repository/Regression BackOffice/CLNK-10235/Client NameSearchNeeds' is present

2019-04-15 12:27:03 - [TEST_STEP][PASSED] - setText(findTestObject("Regression BackOffice/CLNK-10235/Client NameSearchNeeds"), G_ClientLastName): Text 'Markson' is set on object 'Object Repository/Regression BackOffice/CLNK-10235/Client NameSearchNeeds'

2019-04-15 12:27:03 - [MESSAGE][PASSED] - Text 'Markson' is set on object 'Object Repository/Regression BackOffice/CLNK-10235/Client NameSearchNeeds'

2019-04-15 12:27:03 - [TEST_STEP][PASSED] - delay(2): Delayed 2 second(s)

2019-04-15 12:27:05 - [MESSAGE][PASSED] - Delayed 2 second(s)

2019-04-15 12:27:05 - [TEST_STEP][PASSED] - sendKeys(findTestObject("Regression BackOffice/CLNK-10235/Client NameSearchNeeds"), Keys.chord(ARROW_RIGHT, ARROW_DOWN, ENTER)): Keys 'RIGHT + DOWN + ENTER + ' sent to object: 'Object Repository/Regression BackOffice/CLNK-10235/Client NameSearchNeeds'

2019-04-15 12:27:05 - [MESSAGE][PASSED] - Keys 'RIGHT + DOWN + ENTER + ' sent to object: 'Object Repository/Regression BackOffice/CLNK-10235/Client NameSearchNeeds'

2019-04-15 12:27:05 - [TEST_STEP][PASSED] - delay(2): Delayed 2 second(s)

2019-04-15 12:27:07 - [MESSAGE][PASSED] - Delayed 2 second(s)

2019-04-15 12:27:07 - [TEST_STEP][PASSED] - waitForElementPresent(findTestObject("Regression BackOffice/CLNK-10235/ScheduleAssessmentCode"), 100): Object 'Object Repository/Regression BackOffice/CLNK-10235/ScheduleAssessmentCode' is present

2019-04-15 12:27:07 - [MESSAGE][PASSED] - Object 'Object Repository/Regression BackOffice/CLNK-10235/ScheduleAssessmentCode' is present

2019-04-15 12:27:07 - [TEST_STEP][PASSED] - click(findTestObject("Regression BackOffice/CLNK-10235/ScheduleAssessmentCode")): Object: 'Object Repository/Regression BackOffice/CLNK-10235/ScheduleAssessmentCode' is clicked on

2019-04-15 12:27:08 - [MESSAGE][PASSED] - Object: 'Object Repository/Regression BackOffice/CLNK-10235/ScheduleAssessmentCode' is clicked on

2019-04-15 12:27:08 - [TEST_STEP][PASSED] - delay(2): Delayed 2 second(s)

2019-04-15 12:27:10 - [MESSAGE][PASSED] - Delayed 2 second(s)

2019-04-15 12:27:10 - [TEST_STEP][PASSED] - waitForElementPresent(findTestObject("Regression BackOffice/CLNK-10235/ServiceTypeList"), 100): Object 'Object Repository/Regression BackOffice/CLNK-10235/ServiceTypeList' is present

2019-04-15 12:27:10 - [MESSAGE][PASSED] - Object 'Object Repository/Regression BackOffice/CLNK-10235/ServiceTypeList' is present

2019-04-15 12:27:10 - [TEST_STEP][PASSED] - click(findTestObject("Regression BackOffice/CLNK-10235/ServiceTypeList")): Object: 'Object Repository/Regression BackOffice/CLNK-10235/ServiceTypeList' is clicked on

2019-04-15 12:27:10 - [MESSAGE][PASSED] - Object: 'Object Repository/Regression BackOffice/CLNK-10235/ServiceTypeList' is clicked on

2019-04-15 12:27:10 - [TEST_STEP][PASSED] - sendKeys(findTestObject("Regression BackOffice/CLNK-10235/ServiceTypeList"), Keys.chord(ARROW_DOWN, ENTER)): Keys 'DOWN + ENTER + ' sent to object: 'Object Repository/Regression BackOffice/CLNK-10235/ServiceTypeList'

2019-04-15 12:27:10 - [MESSAGE][PASSED] - Keys 'DOWN + ENTER + ' sent to object: 'Object Repository/Regression BackOffice/CLNK-10235/ServiceTypeList'

2019-04-15 12:27:10 - [TEST_STEP][PASSED] - delay(2): Delayed 2 second(s)

2019-04-15 12:27:12 - [MESSAGE][PASSED] - Delayed 2 second(s)

2019-04-15 12:27:12 - [TEST_STEP][PASSED] - scrollToElement(findTestObject("Regression BackOffice/CLNK-10235/StartTime"), 10): Scroll to object 'Object Repository/Regression BackOffice/CLNK-10235/StartTime' successfully

2019-04-15 12:27:12 - [MESSAGE][PASSED] - Scroll to object 'Object Repository/Regression BackOffice/CLNK-10235/StartTime' successfully

2019-04-15 12:27:12 - [TEST_STEP][PASSED] - waitForElementPresent(findTestObject("Regression BackOffice/CLNK-10235/StartTime"), 100): Object 'Object Repository/Regression BackOffice/CLNK-10235/StartTime' is present

2019-04-15 12:27:12 - [MESSAGE][PASSED] - Object 'Object Repository/Regression BackOffice/CLNK-10235/StartTime' is present

2019-04-15 12:27:12 - [TEST_STEP][PASSED] - click(findTestObject("Regression BackOffice/CLNK-10235/StartTime")): Object: 'Object Repository/Regression BackOffice/CLNK-10235/StartTime' is clicked on

2019-04-15 12:27:13 - [MESSAGE][PASSED] - Object: 'Object Repository/Regression BackOffice/CLNK-10235/StartTime' is clicked on

2019-04-15 12:27:13 - [TEST_STEP][PASSED] - sendKeys(findTestObject("Regression BackOffice/CLNK-10235/StartTime"), "1126"): Keys '1126' sent to object: 'Object Repository/Regression BackOffice/CLNK-10235/StartTime'

2019-04-15 12:27:13 - [MESSAGE][PASSED] - Keys '1126' sent to object: 'Object Repository/Regression BackOffice/CLNK-10235/StartTime'

2019-04-15 12:27:13 - [TEST_STEP][PASSED] - delay(2): Delayed 2 second(s)

2019-04-15 12:27:15 - [MESSAGE][PASSED] - Delayed 2 second(s)

2019-04-15 12:27:15 - [TEST_STEP][PASSED] - waitForElementPresent(findTestObject("Regression BackOffice/CLNK-10235/EndTime"), 100): Object 'Object Repository/Regression BackOffice/CLNK-10235/EndTime' is present

2019-04-15 12:27:15 - [MESSAGE][PASSED] - Object 'Object Repository/Regression BackOffice/CLNK-10235/EndTime' is present

2019-04-15 12:27:15 - [TEST_STEP][PASSED] - click(findTestObject("Regression BackOffice/CLNK-10235/EndTime")): Object: 'Object Repository/Regression BackOffice/CLNK-10235/EndTime' is clicked on

2019-04-15 12:27:15 - [MESSAGE][PASSED] - Object: 'Object Repository/Regression BackOffice/CLNK-10235/EndTime' is clicked on

2019-04-15 12:27:15 - [TEST_STEP][PASSED] - sendKeys(findTestObject("Regression BackOffice/CLNK-10235/EndTime"), "1136"): Keys '1136' sent to object: 'Object Repository/Regression BackOffice/CLNK-10235/EndTime'

2019-04-15 12:27:15 - [MESSAGE][PASSED] - Keys '1136' sent to object: 'Object Repository/Regression BackOffice/CLNK-10235/EndTime'

2019-04-15 12:27:15 - [TEST_STEP][PASSED] - delay(2): Delayed 2 second(s)

2019-04-15 12:27:17 - [MESSAGE][PASSED] - Delayed 2 second(s)

2019-04-15 12:27:17 - [TEST_STEP][PASSED] - scrollToElement(findTestObject("Regression BackOffice/CLNK-10235/CaregiverName"), 10): Scroll to object 'Object Repository/Regression BackOffice/CLNK-10235/CaregiverName' successfully

2019-04-15 12:27:17 - [MESSAGE][PASSED] - Scroll to object 'Object Repository/Regression BackOffice/CLNK-10235/CaregiverName' successfully

2019-04-15 12:27:17 - [TEST_STEP][PASSED] - waitForElementPresent(findTestObject("Regression BackOffice/CLNK-10235/CaregiverName"), 100): Object 'Object Repository/Regression BackOffice/CLNK-10235/CaregiverName' is present

2019-04-15 12:27:17 - [MESSAGE][PASSED] - Object 'Object Repository/Regression BackOffice/CLNK-10235/CaregiverName' is present

2019-04-15 12:27:17 - [TEST_STEP][PASSED] - setText(findTestObject("Regression BackOffice/CLNK-10235/CaregiverName"), G_CaregiverName): Text 'Abbott, Cynthia A' is set on object 'Object Repository/Regression BackOffice/CLNK-10235/CaregiverName'

2019-04-15 12:27:18 - [MESSAGE][PASSED] - Text 'Abbott, Cynthia A' is set on object 'Object Repository/Regression BackOffice/CLNK-10235/CaregiverName'

2019-04-15 12:27:18 - [TEST_STEP][PASSED] - delay(2): Delayed 2 second(s)

2019-04-15 12:27:20 - [MESSAGE][PASSED] - Delayed 2 second(s)

2019-04-15 12:27:20 - [TEST_STEP][PASSED] - click(findTestObject("Regression BackOffice/CLNK-10235/CaregiverName")): Object: 'Object Repository/Regression BackOffice/CLNK-10235/CaregiverName' is clicked on

2019-04-15 12:27:21 - [MESSAGE][PASSED] - Object: 'Object Repository/Regression BackOffice/CLNK-10235/CaregiverName' is clicked on

2019-04-15 12:27:21 - [TEST_STEP][PASSED] - sendKeys(findTestObject("Regression BackOffice/CLNK-10235/CaregiverName"), Keys.chord(ARROW_DOWN, ENTER)): Keys 'DOWN + ENTER + ' sent to object: 'Object Repository/Regression BackOffice/CLNK-10235/CaregiverName'

2019-04-15 12:27:21 - [MESSAGE][PASSED] - Keys 'DOWN + ENTER + ' sent to object: 'Object Repository/Regression BackOffice/CLNK-10235/CaregiverName'

2019-04-15 12:27:21 - [TEST_STEP][PASSED] - switchToDefaultContent(): null

2019-04-15 12:27:21 - [TEST_STEP][PASSED] - switchToFrame(findTestObject("Regression BackOffice/CLINK-17788/BannerFrame"), 30): null

2019-04-15 12:27:21 - [TEST_STEP][PASSED] - waitForElementPresent(findTestObject("Regression BackOffice/CLNK-10235/SaveButton"), 50): Object 'Object Repository/Regression BackOffice/CLNK-10235/SaveButton' is present

2019-04-15 12:27:21 - [MESSAGE][PASSED] - Object 'Object Repository/Regression BackOffice/CLNK-10235/SaveButton' is present

2019-04-15 12:27:21 - [TEST_STEP][PASSED] - click(findTestObject("Regression BackOffice/CLNK-10235/SaveButton"), STOP_ON_FAILURE): Object: 'Object Repository/Regression BackOffice/CLNK-10235/SaveButton' is clicked on

2019-04-15 12:27:21 - [MESSAGE][PASSED] - Object: 'Object Repository/Regression BackOffice/CLNK-10235/SaveButton' is clicked on

2019-04-15 12:27:21 - [TEST_STEP][PASSED] - delay(2): Delayed 2 second(s)

2019-04-15 12:27:23 - [MESSAGE][PASSED] - Delayed 2 second(s)

2019-04-15 12:27:23 - [TEST_STEP][PASSED] - closeBrowser(): Browser is closed

2019-04-15 12:27:24 - [MESSAGE][PASSED] - Browser is closed]]></system-out>
         <system-err><![CDATA[]]></system-err>
      </testcase>
      <testcase name="Test Cases/Regression BackOffice (All Browsers)/CLNK-10235 - Enter a Need from Schedule Block" classname="Test Cases/Regression BackOffice (All Browsers)/CLNK-10235 - Enter a Need from Schedule Block" status="PASSED">
         <system-out><![CDATA[2019-04-15 12:27:26 - [TEST_CASE][PASSED] - Test Cases/Regression BackOffice (All Browsers)/CLNK-10235 - Enter a Need from Schedule Block: Test Cases/Regression BackOffice (All Browsers)/CLNK-10235 - Enter a Need from Schedule Block

2019-04-15 12:27:27 - [TEST_STEP][PASSED] - callTestCase(findTestCase("Regression BackOffice (All Browsers)/CLNK-23439 - Clink - Back office Client"), [:], STOP_ON_FAILURE): Call Test Case 'Test Cases/Regression BackOffice (All Browsers)/CLNK-23439 - Clink - Back office Client' successfully

2019-04-15 12:27:27 - [TEST_CASE][PASSED] - Test Cases/Regression BackOffice (All Browsers)/CLNK-23439 - Clink - Back office Client: Test Cases/Regression BackOffice (All Browsers)/CLNK-23439 - Clink - Back office Client

2019-04-15 12:27:27 - [TEST_STEP][PASSED] - openBrowser(G_SiteBackOffice): Browser is opened with url: 'https://qanewpoc.continulink.com:8443/PRE_PROD_Continulink/'

2019-04-15 12:27:27 - [MESSAGE][INFO] - Starting 'Chrome' driver

2019-04-15 12:27:33 - [MESSAGE][PASSED] - Browser is opened with url: 'https://qanewpoc.continulink.com:8443/PRE_PROD_Continulink/'

2019-04-15 12:27:33 - [TEST_STEP][PASSED] - waitForPageLoad(60): Wait for page load successfully

2019-04-15 12:27:33 - [MESSAGE][PASSED] - Wait for page load successfully

2019-04-15 12:27:33 - [TEST_STEP][PASSED] - maximizeWindow(): Current window maximized

2019-04-15 12:27:34 - [MESSAGE][PASSED] - Current window maximized

2019-04-15 12:27:34 - [TEST_STEP][PASSED] - setText(findTestObject("Regression BackOffice/Login/UserBackOffice"), G_UserBackOffice): Text 'trainingadmin' is set on object 'Object Repository/Regression BackOffice/Login/UserBackOffice'

2019-04-15 12:27:35 - [MESSAGE][PASSED] - Text 'trainingadmin' is set on object 'Object Repository/Regression BackOffice/Login/UserBackOffice'

2019-04-15 12:27:35 - [TEST_STEP][PASSED] - setText(findTestObject("Regression BackOffice/Login/PasswordBackOffice"), G_PasswordBackOffice): Text 'preprod' is set on object 'Object Repository/Regression BackOffice/Login/PasswordBackOffice'

2019-04-15 12:27:35 - [MESSAGE][PASSED] - Text 'preprod' is set on object 'Object Repository/Regression BackOffice/Login/PasswordBackOffice'

2019-04-15 12:27:35 - [TEST_STEP][PASSED] - click(findTestObject("Regression BackOffice/Login/LoginBackOffice")): Object: 'Object Repository/Regression BackOffice/Login/LoginBackOffice' is clicked on

2019-04-15 12:27:41 - [MESSAGE][PASSED] - Object: 'Object Repository/Regression BackOffice/Login/LoginBackOffice' is clicked on

2019-04-15 12:27:41 - [TEST_STEP][PASSED] - waitForPageLoad(60): Wait for page load successfully

2019-04-15 12:27:41 - [MESSAGE][PASSED] - Wait for page load successfully

2019-04-15 12:27:41 - [TEST_STEP][PASSED] - delay(3): Delayed 3 second(s)

2019-04-15 12:27:44 - [MESSAGE][PASSED] - Delayed 3 second(s)

2019-04-15 12:27:44 - [TEST_STEP][PASSED] - switchToFrame(findTestObject("Regression BackOffice/CLNK-23449/FrameLeft"), 5): null

2019-04-15 12:27:44 - [TEST_STEP][PASSED] - waitForElementPresent(findTestObject("Regression BackOffice/CLNK-23449/ClienIntakeICon"), 60): Object 'Object Repository/Regression BackOffice/CLNK-23449/ClienIntakeICon' is present

2019-04-15 12:27:44 - [MESSAGE][PASSED] - Object 'Object Repository/Regression BackOffice/CLNK-23449/ClienIntakeICon' is present

2019-04-15 12:27:44 - [TEST_STEP][PASSED] - verifyElementPresent(findTestObject("Regression BackOffice/CLNK-23449/ClienIntakeICon"), 100): Object 'Object Repository/Regression BackOffice/CLNK-23449/ClienIntakeICon' is present

2019-04-15 12:27:44 - [MESSAGE][PASSED] - Object 'Object Repository/Regression BackOffice/CLNK-23449/ClienIntakeICon' is present

2019-04-15 12:27:44 - [TEST_STEP][PASSED] - switchToDefaultContent(): null

2019-04-15 12:27:44 - [MESSAGE][PASSED] - Call Test Case 'Test Cases/Regression BackOffice (All Browsers)/CLNK-23439 - Clink - Back office Client' successfully

2019-04-15 12:27:44 - [TEST_STEP][PASSED] - waitForPageLoad(60): Wait for page load successfully

2019-04-15 12:27:44 - [MESSAGE][PASSED] - Wait for page load successfully

2019-04-15 12:27:44 - [TEST_STEP][PASSED] - delay(3): Delayed 3 second(s)

2019-04-15 12:27:47 - [MESSAGE][PASSED] - Delayed 3 second(s)

2019-04-15 12:27:47 - [TEST_STEP][PASSED] - switchToFrame(findTestObject("Regression BackOffice/CLNK-23449/FrameLeft"), 30): null

2019-04-15 12:27:47 - [TEST_STEP][PASSED] - waitForElementPresent(findTestObject("Regression BackOffice/CLNK-23449/ClienIntakeICon"), 100): Object 'Object Repository/Regression BackOffice/CLNK-23449/ClienIntakeICon' is present

2019-04-15 12:27:47 - [MESSAGE][PASSED] - Object 'Object Repository/Regression BackOffice/CLNK-23449/ClienIntakeICon' is present

2019-04-15 12:27:47 - [TEST_STEP][PASSED] - click(findTestObject("Regression BackOffice/CLNK-23449/ClienIntakeICon")): Object: 'Object Repository/Regression BackOffice/CLNK-23449/ClienIntakeICon' is clicked on

2019-04-15 12:27:48 - [MESSAGE][PASSED] - Object: 'Object Repository/Regression BackOffice/CLNK-23449/ClienIntakeICon' is clicked on

2019-04-15 12:27:48 - [TEST_STEP][PASSED] - delay(2): Delayed 2 second(s)

2019-04-15 12:27:50 - [MESSAGE][PASSED] - Delayed 2 second(s)

2019-04-15 12:27:50 - [TEST_STEP][PASSED] - waitForPageLoad(50): Wait for page load successfully

2019-04-15 12:27:50 - [MESSAGE][PASSED] - Wait for page load successfully

2019-04-15 12:27:50 - [TEST_STEP][PASSED] - waitForElementPresent(findTestObject("Regression BackOffice/CLNK-10235/SearchforaClient"), 50): Object 'Object Repository/Regression BackOffice/CLNK-10235/SearchforaClient' is present

2019-04-15 12:27:50 - [MESSAGE][PASSED] - Object 'Object Repository/Regression BackOffice/CLNK-10235/SearchforaClient' is present

2019-04-15 12:27:50 - [TEST_STEP][PASSED] - click(findTestObject("Regression BackOffice/CLNK-10235/SearchforaClient")): Object: 'Object Repository/Regression BackOffice/CLNK-10235/SearchforaClient' is clicked on

2019-04-15 12:27:51 - [MESSAGE][PASSED] - Object: 'Object Repository/Regression BackOffice/CLNK-10235/SearchforaClient' is clicked on

2019-04-15 12:27:51 - [TEST_STEP][PASSED] - delay(2): Delayed 2 second(s)

2019-04-15 12:27:53 - [MESSAGE][PASSED] - Delayed 2 second(s)

2019-04-15 12:27:53 - [TEST_STEP][PASSED] - switchToDefaultContent(): null

2019-04-15 12:27:53 - [TEST_STEP][PASSED] - switchToFrame(findTestObject("Regression BackOffice/CLNK-23449/FrameMain"), 30): null

2019-04-15 12:27:53 - [TEST_STEP][PASSED] - waitForElementPresent(findTestObject("Regression BackOffice/CLNK-10235/FirstNameSearch"), 50): Object 'Object Repository/Regression BackOffice/CLNK-10235/FirstNameSearch' is present

2019-04-15 12:27:53 - [MESSAGE][PASSED] - Object 'Object Repository/Regression BackOffice/CLNK-10235/FirstNameSearch' is present

2019-04-15 12:27:53 - [TEST_STEP][PASSED] - setText(findTestObject("Regression BackOffice/CLNK-10235/FirstNameSearch"), G_ClientFirstName): Text 'Mark' is set on object 'Object Repository/Regression BackOffice/CLNK-10235/FirstNameSearch'

2019-04-15 12:27:53 - [MESSAGE][PASSED] - Text 'Mark' is set on object 'Object Repository/Regression BackOffice/CLNK-10235/FirstNameSearch'

2019-04-15 12:27:53 - [TEST_STEP][PASSED] - delay(2): Delayed 2 second(s)

2019-04-15 12:27:55 - [MESSAGE][PASSED] - Delayed 2 second(s)

2019-04-15 12:27:55 - [TEST_STEP][PASSED] - waitForElementPresent(findTestObject("Regression BackOffice/CLNK-10235/LastNameSearch"), 50): Object 'Object Repository/Regression BackOffice/CLNK-10235/LastNameSearch' is present

2019-04-15 12:27:56 - [MESSAGE][PASSED] - Object 'Object Repository/Regression BackOffice/CLNK-10235/LastNameSearch' is present

2019-04-15 12:27:56 - [TEST_STEP][PASSED] - setText(findTestObject("Regression BackOffice/CLNK-10235/LastNameSearch"), G_ClientLastName): Text 'Markson' is set on object 'Object Repository/Regression BackOffice/CLNK-10235/LastNameSearch'

2019-04-15 12:27:56 - [MESSAGE][PASSED] - Text 'Markson' is set on object 'Object Repository/Regression BackOffice/CLNK-10235/LastNameSearch'

2019-04-15 12:27:56 - [TEST_STEP][PASSED] - delay(2): Delayed 2 second(s)

2019-04-15 12:27:58 - [MESSAGE][PASSED] - Delayed 2 second(s)

2019-04-15 12:27:58 - [TEST_STEP][PASSED] - waitForElementPresent(findTestObject("Regression BackOffice/CLINK - 27906/SearchButton"), 50): Object 'Object Repository/Regression BackOffice/CLINK - 27906/SearchButton' is present

2019-04-15 12:27:58 - [MESSAGE][PASSED] - Object 'Object Repository/Regression BackOffice/CLINK - 27906/SearchButton' is present

2019-04-15 12:27:58 - [TEST_STEP][PASSED] - click(findTestObject("Regression BackOffice/CLINK - 27906/SearchButton"), STOP_ON_FAILURE): Object: 'Object Repository/Regression BackOffice/CLINK - 27906/SearchButton' is clicked on

2019-04-15 12:27:59 - [MESSAGE][PASSED] - Object: 'Object Repository/Regression BackOffice/CLINK - 27906/SearchButton' is clicked on

2019-04-15 12:27:59 - [TEST_STEP][PASSED] - delay(2): Delayed 2 second(s)

2019-04-15 12:28:01 - [MESSAGE][PASSED] - Delayed 2 second(s)

2019-04-15 12:28:01 - [TEST_STEP][PASSED] - waitForElementPresent(findTestObject("Regression BackOffice/CLINK - 27906/ClientRollbackLink"), 50): Object 'Object Repository/Regression BackOffice/CLINK - 27906/ClientRollbackLink' is present

2019-04-15 12:28:01 - [MESSAGE][PASSED] - Object 'Object Repository/Regression BackOffice/CLINK - 27906/ClientRollbackLink' is present

2019-04-15 12:28:01 - [TEST_STEP][PASSED] - click(findTestObject("Regression BackOffice/CLINK - 27906/ClientRollbackLink"), STOP_ON_FAILURE): Object: 'Object Repository/Regression BackOffice/CLINK - 27906/ClientRollbackLink' is clicked on

2019-04-15 12:28:04 - [MESSAGE][PASSED] - Object: 'Object Repository/Regression BackOffice/CLINK - 27906/ClientRollbackLink' is clicked on

2019-04-15 12:28:04 - [TEST_STEP][PASSED] - delay(2): Delayed 2 second(s)

2019-04-15 12:28:06 - [MESSAGE][PASSED] - Delayed 2 second(s)

2019-04-15 12:28:06 - [TEST_STEP][PASSED] - switchToDefaultContent(): null

2019-04-15 12:28:06 - [TEST_STEP][PASSED] - switchToFrame(findTestObject("Regression BackOffice/CLNK-23449/FrameLeft"), 30): null

2019-04-15 12:28:06 - [TEST_STEP][PASSED] - waitForElementPresent(findTestObject("Regression BackOffice/CLNK-10235/Puntitos"), 50): Object 'Object Repository/Regression BackOffice/CLNK-10235/Puntitos' is present

2019-04-15 12:28:06 - [MESSAGE][PASSED] - Object 'Object Repository/Regression BackOffice/CLNK-10235/Puntitos' is present

2019-04-15 12:28:06 - [TEST_STEP][PASSED] - click(findTestObject("Regression BackOffice/CLNK-10235/Puntitos"), STOP_ON_FAILURE): Object: 'Object Repository/Regression BackOffice/CLNK-10235/Puntitos' is clicked on

2019-04-15 12:28:06 - [MESSAGE][PASSED] - Object: 'Object Repository/Regression BackOffice/CLNK-10235/Puntitos' is clicked on

2019-04-15 12:28:06 - [TEST_STEP][PASSED] - delay(2): Delayed 2 second(s)

2019-04-15 12:28:08 - [MESSAGE][PASSED] - Delayed 2 second(s)

2019-04-15 12:28:08 - [TEST_STEP][PASSED] - waitForPageLoad(50): Wait for page load successfully

2019-04-15 12:28:08 - [MESSAGE][PASSED] - Wait for page load successfully

2019-04-15 12:28:08 - [TEST_STEP][PASSED] - waitForElementPresent(findTestObject("Regression BackOffice/CLNK-10235/ClientIntakeClose"), 100): Object 'Object Repository/Regression BackOffice/CLNK-10235/ClientIntakeClose' is present

2019-04-15 12:28:08 - [MESSAGE][PASSED] - Object 'Object Repository/Regression BackOffice/CLNK-10235/ClientIntakeClose' is present

2019-04-15 12:28:08 - [TEST_STEP][PASSED] - click(findTestObject("Regression BackOffice/CLNK-10235/ClientIntakeClose")): Object: 'Object Repository/Regression BackOffice/CLNK-10235/ClientIntakeClose' is clicked on

2019-04-15 12:28:08 - [MESSAGE][PASSED] - Object: 'Object Repository/Regression BackOffice/CLNK-10235/ClientIntakeClose' is clicked on

2019-04-15 12:28:08 - [TEST_STEP][PASSED] - delay(2): Delayed 2 second(s)

2019-04-15 12:28:10 - [MESSAGE][PASSED] - Delayed 2 second(s)

2019-04-15 12:28:11 - [TEST_STEP][PASSED] - waitForElementPresent(findTestObject("Regression BackOffice/CLNK-10235/ScheduleIcon"), 100): Object 'Object Repository/Regression BackOffice/CLNK-10235/ScheduleIcon' is present

2019-04-15 12:28:11 - [MESSAGE][PASSED] - Object 'Object Repository/Regression BackOffice/CLNK-10235/ScheduleIcon' is present

2019-04-15 12:28:11 - [TEST_STEP][PASSED] - click(findTestObject("Regression BackOffice/CLNK-10235/ScheduleIcon")): Object: 'Object Repository/Regression BackOffice/CLNK-10235/ScheduleIcon' is clicked on

2019-04-15 12:28:11 - [MESSAGE][PASSED] - Object: 'Object Repository/Regression BackOffice/CLNK-10235/ScheduleIcon' is clicked on

2019-04-15 12:28:11 - [TEST_STEP][PASSED] - delay(2): Delayed 2 second(s)

2019-04-15 12:28:13 - [MESSAGE][PASSED] - Delayed 2 second(s)

2019-04-15 12:28:13 - [TEST_STEP][PASSED] - waitForElementPresent(findTestObject("Regression BackOffice/CLNK-10235/EnterNeeds"), 100): Object 'Object Repository/Regression BackOffice/CLNK-10235/EnterNeeds' is present

2019-04-15 12:28:13 - [MESSAGE][PASSED] - Object 'Object Repository/Regression BackOffice/CLNK-10235/EnterNeeds' is present

2019-04-15 12:28:13 - [TEST_STEP][PASSED] - click(findTestObject("Regression BackOffice/CLNK-10235/EnterNeeds")): Object: 'Object Repository/Regression BackOffice/CLNK-10235/EnterNeeds' is clicked on

2019-04-15 12:28:15 - [MESSAGE][PASSED] - Object: 'Object Repository/Regression BackOffice/CLNK-10235/EnterNeeds' is clicked on

2019-04-15 12:28:15 - [TEST_STEP][PASSED] - delay(2): Delayed 2 second(s)

2019-04-15 12:28:17 - [MESSAGE][PASSED] - Delayed 2 second(s)

2019-04-15 12:28:17 - [TEST_STEP][PASSED] - switchToDefaultContent(): null

2019-04-15 12:28:17 - [TEST_STEP][PASSED] - switchToFrame(findTestObject("Regression BackOffice/CLNK-23449/FrameMain"), 30): null

2019-04-15 12:28:17 - [TEST_STEP][PASSED] - delay(3): Delayed 3 second(s)

2019-04-15 12:28:20 - [MESSAGE][PASSED] - Delayed 3 second(s)

2019-04-15 12:28:20 - [TEST_STEP][PASSED] - waitForElementPresent(findTestObject("Regression BackOffice/CLNK-10235/Client NameSearchNeeds"), 100): Object 'Object Repository/Regression BackOffice/CLNK-10235/Client NameSearchNeeds' is present

2019-04-15 12:28:20 - [MESSAGE][PASSED] - Object 'Object Repository/Regression BackOffice/CLNK-10235/Client NameSearchNeeds' is present

2019-04-15 12:28:20 - [TEST_STEP][PASSED] - setText(findTestObject("Regression BackOffice/CLNK-10235/Client NameSearchNeeds"), G_ClientLastName): Text 'Markson' is set on object 'Object Repository/Regression BackOffice/CLNK-10235/Client NameSearchNeeds'

2019-04-15 12:28:21 - [MESSAGE][PASSED] - Text 'Markson' is set on object 'Object Repository/Regression BackOffice/CLNK-10235/Client NameSearchNeeds'

2019-04-15 12:28:21 - [TEST_STEP][PASSED] - delay(2): Delayed 2 second(s)

2019-04-15 12:28:23 - [MESSAGE][PASSED] - Delayed 2 second(s)

2019-04-15 12:28:23 - [TEST_STEP][PASSED] - sendKeys(findTestObject("Regression BackOffice/CLNK-10235/Client NameSearchNeeds"), Keys.chord(ARROW_RIGHT, ARROW_DOWN, ENTER)): Keys 'RIGHT + DOWN + ENTER + ' sent to object: 'Object Repository/Regression BackOffice/CLNK-10235/Client NameSearchNeeds'

2019-04-15 12:28:23 - [MESSAGE][PASSED] - Keys 'RIGHT + DOWN + ENTER + ' sent to object: 'Object Repository/Regression BackOffice/CLNK-10235/Client NameSearchNeeds'

2019-04-15 12:28:23 - [TEST_STEP][PASSED] - delay(2): Delayed 2 second(s)

2019-04-15 12:28:25 - [MESSAGE][PASSED] - Delayed 2 second(s)

2019-04-15 12:28:25 - [TEST_STEP][PASSED] - waitForElementPresent(findTestObject("Regression BackOffice/CLNK-10235/ScheduleAssessmentCode"), 100): Object 'Object Repository/Regression BackOffice/CLNK-10235/ScheduleAssessmentCode' is present

2019-04-15 12:28:25 - [MESSAGE][PASSED] - Object 'Object Repository/Regression BackOffice/CLNK-10235/ScheduleAssessmentCode' is present

2019-04-15 12:28:25 - [TEST_STEP][PASSED] - click(findTestObject("Regression BackOffice/CLNK-10235/ScheduleAssessmentCode")): Object: 'Object Repository/Regression BackOffice/CLNK-10235/ScheduleAssessmentCode' is clicked on

2019-04-15 12:28:25 - [MESSAGE][PASSED] - Object: 'Object Repository/Regression BackOffice/CLNK-10235/ScheduleAssessmentCode' is clicked on

2019-04-15 12:28:25 - [TEST_STEP][PASSED] - delay(2): Delayed 2 second(s)

2019-04-15 12:28:27 - [MESSAGE][PASSED] - Delayed 2 second(s)

2019-04-15 12:28:27 - [TEST_STEP][PASSED] - waitForElementPresent(findTestObject("Regression BackOffice/CLNK-10235/ServiceTypeList"), 100): Object 'Object Repository/Regression BackOffice/CLNK-10235/ServiceTypeList' is present

2019-04-15 12:28:27 - [MESSAGE][PASSED] - Object 'Object Repository/Regression BackOffice/CLNK-10235/ServiceTypeList' is present

2019-04-15 12:28:27 - [TEST_STEP][PASSED] - click(findTestObject("Regression BackOffice/CLNK-10235/ServiceTypeList")): Object: 'Object Repository/Regression BackOffice/CLNK-10235/ServiceTypeList' is clicked on

2019-04-15 12:28:28 - [MESSAGE][PASSED] - Object: 'Object Repository/Regression BackOffice/CLNK-10235/ServiceTypeList' is clicked on

2019-04-15 12:28:28 - [TEST_STEP][PASSED] - sendKeys(findTestObject("Regression BackOffice/CLNK-10235/ServiceTypeList"), Keys.chord(ARROW_DOWN, ENTER)): Keys 'DOWN + ENTER + ' sent to object: 'Object Repository/Regression BackOffice/CLNK-10235/ServiceTypeList'

2019-04-15 12:28:28 - [MESSAGE][PASSED] - Keys 'DOWN + ENTER + ' sent to object: 'Object Repository/Regression BackOffice/CLNK-10235/ServiceTypeList'

2019-04-15 12:28:28 - [TEST_STEP][PASSED] - delay(2): Delayed 2 second(s)

2019-04-15 12:28:30 - [MESSAGE][PASSED] - Delayed 2 second(s)

2019-04-15 12:28:30 - [TEST_STEP][PASSED] - scrollToElement(findTestObject("Regression BackOffice/CLNK-10235/StartTime"), 10): Scroll to object 'Object Repository/Regression BackOffice/CLNK-10235/StartTime' successfully

2019-04-15 12:28:30 - [MESSAGE][PASSED] - Scroll to object 'Object Repository/Regression BackOffice/CLNK-10235/StartTime' successfully

2019-04-15 12:28:30 - [TEST_STEP][PASSED] - waitForElementPresent(findTestObject("Regression BackOffice/CLNK-10235/StartTime"), 100): Object 'Object Repository/Regression BackOffice/CLNK-10235/StartTime' is present

2019-04-15 12:28:30 - [MESSAGE][PASSED] - Object 'Object Repository/Regression BackOffice/CLNK-10235/StartTime' is present

2019-04-15 12:28:30 - [TEST_STEP][PASSED] - click(findTestObject("Regression BackOffice/CLNK-10235/StartTime")): Object: 'Object Repository/Regression BackOffice/CLNK-10235/StartTime' is clicked on

2019-04-15 12:28:30 - [MESSAGE][PASSED] - Object: 'Object Repository/Regression BackOffice/CLNK-10235/StartTime' is clicked on

2019-04-15 12:28:30 - [TEST_STEP][PASSED] - sendKeys(findTestObject("Regression BackOffice/CLNK-10235/StartTime"), "1126"): Keys '1126' sent to object: 'Object Repository/Regression BackOffice/CLNK-10235/StartTime'

2019-04-15 12:28:31 - [MESSAGE][PASSED] - Keys '1126' sent to object: 'Object Repository/Regression BackOffice/CLNK-10235/StartTime'

2019-04-15 12:28:31 - [TEST_STEP][PASSED] - delay(2): Delayed 2 second(s)

2019-04-15 12:28:33 - [MESSAGE][PASSED] - Delayed 2 second(s)

2019-04-15 12:28:33 - [TEST_STEP][PASSED] - waitForElementPresent(findTestObject("Regression BackOffice/CLNK-10235/EndTime"), 100): Object 'Object Repository/Regression BackOffice/CLNK-10235/EndTime' is present

2019-04-15 12:28:33 - [MESSAGE][PASSED] - Object 'Object Repository/Regression BackOffice/CLNK-10235/EndTime' is present

2019-04-15 12:28:33 - [TEST_STEP][PASSED] - click(findTestObject("Regression BackOffice/CLNK-10235/EndTime")): Object: 'Object Repository/Regression BackOffice/CLNK-10235/EndTime' is clicked on

2019-04-15 12:28:33 - [MESSAGE][PASSED] - Object: 'Object Repository/Regression BackOffice/CLNK-10235/EndTime' is clicked on

2019-04-15 12:28:33 - [TEST_STEP][PASSED] - sendKeys(findTestObject("Regression BackOffice/CLNK-10235/EndTime"), "1136"): Keys '1136' sent to object: 'Object Repository/Regression BackOffice/CLNK-10235/EndTime'

2019-04-15 12:28:33 - [MESSAGE][PASSED] - Keys '1136' sent to object: 'Object Repository/Regression BackOffice/CLNK-10235/EndTime'

2019-04-15 12:28:33 - [TEST_STEP][PASSED] - delay(2): Delayed 2 second(s)

2019-04-15 12:28:35 - [MESSAGE][PASSED] - Delayed 2 second(s)

2019-04-15 12:28:35 - [TEST_STEP][PASSED] - scrollToElement(findTestObject("Regression BackOffice/CLNK-10235/CaregiverName"), 10): Scroll to object 'Object Repository/Regression BackOffice/CLNK-10235/CaregiverName' successfully

2019-04-15 12:28:36 - [MESSAGE][PASSED] - Scroll to object 'Object Repository/Regression BackOffice/CLNK-10235/CaregiverName' successfully

2019-04-15 12:28:36 - [TEST_STEP][PASSED] - waitForElementPresent(findTestObject("Regression BackOffice/CLNK-10235/CaregiverName"), 100): Object 'Object Repository/Regression BackOffice/CLNK-10235/CaregiverName' is present

2019-04-15 12:28:36 - [MESSAGE][PASSED] - Object 'Object Repository/Regression BackOffice/CLNK-10235/CaregiverName' is present

2019-04-15 12:28:36 - [TEST_STEP][PASSED] - setText(findTestObject("Regression BackOffice/CLNK-10235/CaregiverName"), G_CaregiverName): Text 'Abbott, Cynthia A' is set on object 'Object Repository/Regression BackOffice/CLNK-10235/CaregiverName'

2019-04-15 12:28:36 - [MESSAGE][PASSED] - Text 'Abbott, Cynthia A' is set on object 'Object Repository/Regression BackOffice/CLNK-10235/CaregiverName'

2019-04-15 12:28:36 - [TEST_STEP][PASSED] - delay(2): Delayed 2 second(s)

2019-04-15 12:28:38 - [MESSAGE][PASSED] - Delayed 2 second(s)

2019-04-15 12:28:38 - [TEST_STEP][PASSED] - click(findTestObject("Regression BackOffice/CLNK-10235/CaregiverName")): Object: 'Object Repository/Regression BackOffice/CLNK-10235/CaregiverName' is clicked on

2019-04-15 12:28:39 - [MESSAGE][PASSED] - Object: 'Object Repository/Regression BackOffice/CLNK-10235/CaregiverName' is clicked on

2019-04-15 12:28:39 - [TEST_STEP][PASSED] - sendKeys(findTestObject("Regression BackOffice/CLNK-10235/CaregiverName"), Keys.chord(ARROW_DOWN, ENTER)): Keys 'DOWN + ENTER + ' sent to object: 'Object Repository/Regression BackOffice/CLNK-10235/CaregiverName'

2019-04-15 12:28:39 - [MESSAGE][PASSED] - Keys 'DOWN + ENTER + ' sent to object: 'Object Repository/Regression BackOffice/CLNK-10235/CaregiverName'

2019-04-15 12:28:39 - [TEST_STEP][PASSED] - switchToDefaultContent(): null

2019-04-15 12:28:39 - [TEST_STEP][PASSED] - switchToFrame(findTestObject("Regression BackOffice/CLINK-17788/BannerFrame"), 30): null

2019-04-15 12:28:39 - [TEST_STEP][PASSED] - waitForElementPresent(findTestObject("Regression BackOffice/CLNK-10235/SaveButton"), 50): Object 'Object Repository/Regression BackOffice/CLNK-10235/SaveButton' is present

2019-04-15 12:28:39 - [MESSAGE][PASSED] - Object 'Object Repository/Regression BackOffice/CLNK-10235/SaveButton' is present

2019-04-15 12:28:39 - [TEST_STEP][PASSED] - click(findTestObject("Regression BackOffice/CLNK-10235/SaveButton"), STOP_ON_FAILURE): Object: 'Object Repository/Regression BackOffice/CLNK-10235/SaveButton' is clicked on

2019-04-15 12:28:39 - [MESSAGE][PASSED] - Object: 'Object Repository/Regression BackOffice/CLNK-10235/SaveButton' is clicked on

2019-04-15 12:28:39 - [TEST_STEP][PASSED] - delay(2): Delayed 2 second(s)

2019-04-15 12:28:41 - [MESSAGE][PASSED] - Delayed 2 second(s)

2019-04-15 12:28:41 - [TEST_STEP][PASSED] - closeBrowser(): Browser is closed

2019-04-15 12:28:42 - [MESSAGE][PASSED] - Browser is closed]]></system-out>
         <system-err><![CDATA[]]></system-err>
      </testcase>
      <testcase name="Test Cases/Regression BackOffice (All Browsers)/CLNK-17180 - Admission Authorization Changes Report" classname="Test Cases/Regression BackOffice (All Browsers)/CLNK-17180 - Admission Authorization Changes Report" status="PASSED">
         <system-out><![CDATA[2019-04-15 12:28:45 - [TEST_CASE][PASSED] - Test Cases/Regression BackOffice (All Browsers)/CLNK-17180 - Admission Authorization Changes Report: Test Cases/Regression BackOffice (All Browsers)/CLNK-17180 - Admission Authorization Changes Report

2019-04-15 12:28:45 - [TEST_STEP][PASSED] - callTestCase(findTestCase("Regression BackOffice (All Browsers)/CLNK-23439 - Clink - Back office Client"), [:], STOP_ON_FAILURE): Call Test Case 'Test Cases/Regression BackOffice (All Browsers)/CLNK-23439 - Clink - Back office Client' successfully

2019-04-15 12:28:45 - [TEST_CASE][PASSED] - Test Cases/Regression BackOffice (All Browsers)/CLNK-23439 - Clink - Back office Client: Test Cases/Regression BackOffice (All Browsers)/CLNK-23439 - Clink - Back office Client

2019-04-15 12:28:45 - [TEST_STEP][PASSED] - openBrowser(G_SiteBackOffice): Browser is opened with url: 'https://qanewpoc.continulink.com:8443/PRE_PROD_Continulink/'

2019-04-15 12:28:45 - [MESSAGE][INFO] - Starting 'Chrome' driver

2019-04-15 12:28:51 - [MESSAGE][PASSED] - Browser is opened with url: 'https://qanewpoc.continulink.com:8443/PRE_PROD_Continulink/'

2019-04-15 12:28:51 - [TEST_STEP][PASSED] - waitForPageLoad(60): Wait for page load successfully

2019-04-15 12:28:51 - [MESSAGE][PASSED] - Wait for page load successfully

2019-04-15 12:28:51 - [TEST_STEP][PASSED] - maximizeWindow(): Current window maximized

2019-04-15 12:28:52 - [MESSAGE][PASSED] - Current window maximized

2019-04-15 12:28:52 - [TEST_STEP][PASSED] - setText(findTestObject("Regression BackOffice/Login/UserBackOffice"), G_UserBackOffice): Text 'trainingadmin' is set on object 'Object Repository/Regression BackOffice/Login/UserBackOffice'

2019-04-15 12:28:52 - [MESSAGE][PASSED] - Text 'trainingadmin' is set on object 'Object Repository/Regression BackOffice/Login/UserBackOffice'

2019-04-15 12:28:52 - [TEST_STEP][PASSED] - setText(findTestObject("Regression BackOffice/Login/PasswordBackOffice"), G_PasswordBackOffice): Text 'preprod' is set on object 'Object Repository/Regression BackOffice/Login/PasswordBackOffice'

2019-04-15 12:28:53 - [MESSAGE][PASSED] - Text 'preprod' is set on object 'Object Repository/Regression BackOffice/Login/PasswordBackOffice'

2019-04-15 12:28:53 - [TEST_STEP][PASSED] - click(findTestObject("Regression BackOffice/Login/LoginBackOffice")): Object: 'Object Repository/Regression BackOffice/Login/LoginBackOffice' is clicked on

2019-04-15 12:28:58 - [MESSAGE][PASSED] - Object: 'Object Repository/Regression BackOffice/Login/LoginBackOffice' is clicked on

2019-04-15 12:28:58 - [TEST_STEP][PASSED] - waitForPageLoad(60): Wait for page load successfully

2019-04-15 12:28:58 - [MESSAGE][PASSED] - Wait for page load successfully

2019-04-15 12:28:58 - [TEST_STEP][PASSED] - delay(3): Delayed 3 second(s)

2019-04-15 12:29:01 - [MESSAGE][PASSED] - Delayed 3 second(s)

2019-04-15 12:29:01 - [TEST_STEP][PASSED] - switchToFrame(findTestObject("Regression BackOffice/CLNK-23449/FrameLeft"), 5): null

2019-04-15 12:29:02 - [TEST_STEP][PASSED] - waitForElementPresent(findTestObject("Regression BackOffice/CLNK-23449/ClienIntakeICon"), 60): Object 'Object Repository/Regression BackOffice/CLNK-23449/ClienIntakeICon' is present

2019-04-15 12:29:02 - [MESSAGE][PASSED] - Object 'Object Repository/Regression BackOffice/CLNK-23449/ClienIntakeICon' is present

2019-04-15 12:29:02 - [TEST_STEP][PASSED] - verifyElementPresent(findTestObject("Regression BackOffice/CLNK-23449/ClienIntakeICon"), 100): Object 'Object Repository/Regression BackOffice/CLNK-23449/ClienIntakeICon' is present

2019-04-15 12:29:02 - [MESSAGE][PASSED] - Object 'Object Repository/Regression BackOffice/CLNK-23449/ClienIntakeICon' is present

2019-04-15 12:29:02 - [TEST_STEP][PASSED] - switchToDefaultContent(): null

2019-04-15 12:29:02 - [MESSAGE][PASSED] - Call Test Case 'Test Cases/Regression BackOffice (All Browsers)/CLNK-23439 - Clink - Back office Client' successfully

2019-04-15 12:29:02 - [TEST_STEP][PASSED] - waitForPageLoad(60): Wait for page load successfully

2019-04-15 12:29:02 - [MESSAGE][PASSED] - Wait for page load successfully

2019-04-15 12:29:02 - [TEST_STEP][PASSED] - delay(3): Delayed 3 second(s)

2019-04-15 12:29:05 - [MESSAGE][PASSED] - Delayed 3 second(s)

2019-04-15 12:29:05 - [TEST_STEP][PASSED] - switchToFrame(findTestObject("Regression BackOffice/CLNK-23449/FrameLeft"), 30): null

2019-04-15 12:29:05 - [TEST_STEP][PASSED] - waitForElementPresent(findTestObject("Regression BackOffice/CLNK-23449/ClienIntakeICon"), 100): Object 'Object Repository/Regression BackOffice/CLNK-23449/ClienIntakeICon' is present

2019-04-15 12:29:05 - [MESSAGE][PASSED] - Object 'Object Repository/Regression BackOffice/CLNK-23449/ClienIntakeICon' is present

2019-04-15 12:29:05 - [TEST_STEP][PASSED] - click(findTestObject("Regression BackOffice/CLNK-23449/ClienIntakeICon")): Object: 'Object Repository/Regression BackOffice/CLNK-23449/ClienIntakeICon' is clicked on

2019-04-15 12:29:05 - [MESSAGE][PASSED] - Object: 'Object Repository/Regression BackOffice/CLNK-23449/ClienIntakeICon' is clicked on

2019-04-15 12:29:05 - [TEST_STEP][PASSED] - delay(2): Delayed 2 second(s)

2019-04-15 12:29:07 - [MESSAGE][PASSED] - Delayed 2 second(s)

2019-04-15 12:29:07 - [TEST_STEP][PASSED] - waitForPageLoad(50): Wait for page load successfully

2019-04-15 12:29:07 - [MESSAGE][PASSED] - Wait for page load successfully

2019-04-15 12:29:07 - [TEST_STEP][PASSED] - scrollToElement(findTestObject("Regression BackOffice/CLINK-17180/Client  Intake Reports Link"), 50): Scroll to object 'Object Repository/Regression BackOffice/CLINK-17180/Client  Intake Reports Link' successfully

2019-04-15 12:29:07 - [MESSAGE][PASSED] - Scroll to object 'Object Repository/Regression BackOffice/CLINK-17180/Client  Intake Reports Link' successfully

2019-04-15 12:29:07 - [TEST_STEP][PASSED] - click(findTestObject("Regression BackOffice/CLINK-17180/Client  Intake Reports Link")): Object: 'Object Repository/Regression BackOffice/CLINK-17180/Client  Intake Reports Link' is clicked on

2019-04-15 12:29:09 - [MESSAGE][PASSED] - Object: 'Object Repository/Regression BackOffice/CLINK-17180/Client  Intake Reports Link' is clicked on

2019-04-15 12:29:09 - [TEST_STEP][PASSED] - delay(2): Delayed 2 second(s)

2019-04-15 12:29:11 - [MESSAGE][PASSED] - Delayed 2 second(s)

2019-04-15 12:29:11 - [TEST_STEP][PASSED] - switchToDefaultContent(): null

2019-04-15 12:29:11 - [TEST_STEP][PASSED] - switchToFrame(findTestObject("Regression BackOffice/CLNK-23449/FrameMain"), 30): null

2019-04-15 12:29:11 - [TEST_STEP][PASSED] - waitForElementPresent(findTestObject("Regression BackOffice/CLINK-17180/Admission Authorization Changes Report Link"), 50): Object 'Object Repository/Regression BackOffice/CLINK-17180/Admission Authorization Changes Report Link' is present

2019-04-15 12:29:12 - [MESSAGE][PASSED] - Object 'Object Repository/Regression BackOffice/CLINK-17180/Admission Authorization Changes Report Link' is present

2019-04-15 12:29:12 - [TEST_STEP][PASSED] - click(findTestObject("Regression BackOffice/CLINK-17180/Admission Authorization Changes Report Link")): Object: 'Object Repository/Regression BackOffice/CLINK-17180/Admission Authorization Changes Report Link' is clicked on

2019-04-15 12:29:13 - [MESSAGE][PASSED] - Object: 'Object Repository/Regression BackOffice/CLINK-17180/Admission Authorization Changes Report Link' is clicked on

2019-04-15 12:29:13 - [TEST_STEP][PASSED] - delay(2): Delayed 2 second(s)

2019-04-15 12:29:15 - [MESSAGE][PASSED] - Delayed 2 second(s)

2019-04-15 12:29:15 - [TEST_STEP][PASSED] - waitForPageLoad(60): Wait for page load successfully

2019-04-15 12:29:15 - [MESSAGE][PASSED] - Wait for page load successfully

2019-04-15 12:29:15 - [TEST_STEP][PASSED] - waitForElementPresent(findTestObject("Regression BackOffice/CLINK-17180/Search Client Link"), 50): Object 'Object Repository/Regression BackOffice/CLINK-17180/Search Client Link' is present

2019-04-15 12:29:15 - [MESSAGE][PASSED] - Object 'Object Repository/Regression BackOffice/CLINK-17180/Search Client Link' is present

2019-04-15 12:29:15 - [TEST_STEP][PASSED] - click(findTestObject("Regression BackOffice/CLINK-17180/Search Client Link")): Object: 'Object Repository/Regression BackOffice/CLINK-17180/Search Client Link' is clicked on

2019-04-15 12:29:16 - [MESSAGE][PASSED] - Object: 'Object Repository/Regression BackOffice/CLINK-17180/Search Client Link' is clicked on

2019-04-15 12:29:16 - [TEST_STEP][PASSED] - delay(2): Delayed 2 second(s)

2019-04-15 12:29:18 - [MESSAGE][PASSED] - Delayed 2 second(s)

2019-04-15 12:29:18 - [TEST_STEP][PASSED] - switchToDefaultContent(): null

2019-04-15 12:29:18 - [TEST_STEP][PASSED] - switchToWindowUrl(G_BackWindow): Switched to window with url: 'https://qanewpoc.continulink.com:8443/PRE_PROD_Continulink/Client/ClientSearch.aspx?search=true'

2019-04-15 12:29:19 - [MESSAGE][PASSED] - Switched to window with url: 'https://qanewpoc.continulink.com:8443/PRE_PROD_Continulink/Client/ClientSearch.aspx?search=true'

2019-04-15 12:29:19 - [TEST_STEP][PASSED] - waitForPageLoad(60): Wait for page load successfully

2019-04-15 12:29:19 - [MESSAGE][PASSED] - Wait for page load successfully

2019-04-15 12:29:19 - [TEST_STEP][PASSED] - maximizeWindow(): Current window maximized

2019-04-15 12:29:19 - [MESSAGE][PASSED] - Current window maximized

2019-04-15 12:29:19 - [TEST_STEP][PASSED] - waitForElementPresent(findTestObject("Regression BackOffice/CLINK-17180/Last Name"), 50): Object 'Object Repository/Regression BackOffice/CLINK-17180/Last Name' is present

2019-04-15 12:29:19 - [MESSAGE][PASSED] - Object 'Object Repository/Regression BackOffice/CLINK-17180/Last Name' is present

2019-04-15 12:29:19 - [TEST_STEP][PASSED] - sendKeys(findTestObject("Regression BackOffice/CLINK-17180/Last Name"), G_ClientLastName): Keys 'Markson' sent to object: 'Object Repository/Regression BackOffice/CLINK-17180/Last Name'

2019-04-15 12:29:19 - [MESSAGE][PASSED] - Keys 'Markson' sent to object: 'Object Repository/Regression BackOffice/CLINK-17180/Last Name'

2019-04-15 12:29:19 - [TEST_STEP][PASSED] - delay(2): Delayed 2 second(s)

2019-04-15 12:29:21 - [MESSAGE][PASSED] - Delayed 2 second(s)

2019-04-15 12:29:21 - [TEST_STEP][PASSED] - waitForElementPresent(findTestObject("Regression BackOffice/CLINK - 27906/SearchButton"), 50): Object 'Object Repository/Regression BackOffice/CLINK - 27906/SearchButton' is present

2019-04-15 12:29:21 - [MESSAGE][PASSED] - Object 'Object Repository/Regression BackOffice/CLINK - 27906/SearchButton' is present

2019-04-15 12:29:21 - [TEST_STEP][PASSED] - click(findTestObject("Regression BackOffice/CLINK - 27906/SearchButton"), STOP_ON_FAILURE): Object: 'Object Repository/Regression BackOffice/CLINK - 27906/SearchButton' is clicked on

2019-04-15 12:29:22 - [MESSAGE][PASSED] - Object: 'Object Repository/Regression BackOffice/CLINK - 27906/SearchButton' is clicked on

2019-04-15 12:29:22 - [TEST_STEP][PASSED] - delay(2): Delayed 2 second(s)

2019-04-15 12:29:24 - [MESSAGE][PASSED] - Delayed 2 second(s)

2019-04-15 12:29:24 - [TEST_STEP][PASSED] - waitForElementPresent(findTestObject("Regression BackOffice/CLINK - 27906/ClientRollbackLink"), 50): Object 'Object Repository/Regression BackOffice/CLINK - 27906/ClientRollbackLink' is present

2019-04-15 12:29:24 - [MESSAGE][PASSED] - Object 'Object Repository/Regression BackOffice/CLINK - 27906/ClientRollbackLink' is present

2019-04-15 12:29:24 - [TEST_STEP][PASSED] - click(findTestObject("Regression BackOffice/CLINK - 27906/ClientRollbackLink")): Object: 'Object Repository/Regression BackOffice/CLINK - 27906/ClientRollbackLink' is clicked on

2019-04-15 12:29:24 - [MESSAGE][PASSED] - Object: 'Object Repository/Regression BackOffice/CLINK - 27906/ClientRollbackLink' is clicked on

2019-04-15 12:29:24 - [TEST_STEP][PASSED] - switchToDefaultContent(): null

2019-04-15 12:29:25 - [TEST_STEP][PASSED] - switchToFrame(findTestObject("Regression BackOffice/CLNK-23449/FrameMain"), 30): null

2019-04-15 12:29:25 - [TEST_STEP][PASSED] - waitForPageLoad(60): Wait for page load successfully

2019-04-15 12:29:25 - [MESSAGE][PASSED] - Wait for page load successfully

2019-04-15 12:29:25 - [TEST_STEP][PASSED] - delay(2): Delayed 2 second(s)

2019-04-15 12:29:27 - [MESSAGE][PASSED] - Delayed 2 second(s)

2019-04-15 12:29:27 - [TEST_STEP][PASSED] - waitForElementPresent(findTestObject("Regression BackOffice/CLINK-17180/EpisodeAdmisionDetails"), 50): Object 'Object Repository/Regression BackOffice/CLINK-17180/EpisodeAdmisionDetails' is present

2019-04-15 12:29:28 - [MESSAGE][PASSED] - Object 'Object Repository/Regression BackOffice/CLINK-17180/EpisodeAdmisionDetails' is present

2019-04-15 12:29:28 - [TEST_STEP][PASSED] - click(findTestObject("Regression BackOffice/CLINK-17180/EpisodeAdmisionDetails"), STOP_ON_FAILURE): Object: 'Object Repository/Regression BackOffice/CLINK-17180/EpisodeAdmisionDetails' is clicked on

2019-04-15 12:29:28 - [MESSAGE][PASSED] - Object: 'Object Repository/Regression BackOffice/CLINK-17180/EpisodeAdmisionDetails' is clicked on

2019-04-15 12:29:28 - [TEST_STEP][PASSED] - sendKeys(findTestObject("Regression BackOffice/CLINK-17180/EpisodeAdmisionDetails"), Keys.chord(ARROW_DOWN, ENTER)): Keys 'DOWN + ENTER + ' sent to object: 'Object Repository/Regression BackOffice/CLINK-17180/EpisodeAdmisionDetails'

2019-04-15 12:29:28 - [MESSAGE][PASSED] - Keys 'DOWN + ENTER + ' sent to object: 'Object Repository/Regression BackOffice/CLINK-17180/EpisodeAdmisionDetails'

2019-04-15 12:29:28 - [TEST_STEP][PASSED] - delay(3): Delayed 3 second(s)

2019-04-15 12:29:31 - [MESSAGE][PASSED] - Delayed 3 second(s)

2019-04-15 12:29:31 - [TEST_STEP][PASSED] - waitForElementPresent(findTestObject("Regression BackOffice/CLINK-17180/ServiceTypeHHA"), 50): Object 'Object Repository/Regression BackOffice/CLINK-17180/ServiceTypeHHA' is present

2019-04-15 12:29:31 - [MESSAGE][PASSED] - Object 'Object Repository/Regression BackOffice/CLINK-17180/ServiceTypeHHA' is present

2019-04-15 12:29:31 - [TEST_STEP][PASSED] - click(findTestObject("Regression BackOffice/CLINK-17180/ServiceTypeHHA"), STOP_ON_FAILURE): Object: 'Object Repository/Regression BackOffice/CLINK-17180/ServiceTypeHHA' is clicked on

2019-04-15 12:29:31 - [MESSAGE][PASSED] - Object: 'Object Repository/Regression BackOffice/CLINK-17180/ServiceTypeHHA' is clicked on

2019-04-15 12:29:31 - [TEST_STEP][PASSED] - sendKeys(findTestObject("Regression BackOffice/CLINK-17180/ServiceTypeHHA"), Keys.chord(ARROW_DOWN, ARROW_DOWN, ENTER)): Keys 'DOWN + DOWN + ENTER + ' sent to object: 'Object Repository/Regression BackOffice/CLINK-17180/ServiceTypeHHA'

2019-04-15 12:29:32 - [MESSAGE][PASSED] - Keys 'DOWN + DOWN + ENTER + ' sent to object: 'Object Repository/Regression BackOffice/CLINK-17180/ServiceTypeHHA'

2019-04-15 12:29:32 - [TEST_STEP][PASSED] - delay(2): Delayed 2 second(s)

2019-04-15 12:29:34 - [MESSAGE][PASSED] - Delayed 2 second(s)

2019-04-15 12:29:34 - [TEST_STEP][PASSED] - waitForElementPresent(findTestObject("Regression BackOffice/CLINK-17180/GroupSelfPayName"), 50): Object 'Object Repository/Regression BackOffice/CLINK-17180/GroupSelfPayName' is present

2019-04-15 12:29:34 - [MESSAGE][PASSED] - Object 'Object Repository/Regression BackOffice/CLINK-17180/GroupSelfPayName' is present

2019-04-15 12:29:34 - [TEST_STEP][PASSED] - click(findTestObject("Regression BackOffice/CLINK-17180/GroupSelfPayName"), STOP_ON_FAILURE): Object: 'Object Repository/Regression BackOffice/CLINK-17180/GroupSelfPayName' is clicked on

2019-04-15 12:29:34 - [MESSAGE][PASSED] - Object: 'Object Repository/Regression BackOffice/CLINK-17180/GroupSelfPayName' is clicked on

2019-04-15 12:29:34 - [TEST_STEP][PASSED] - sendKeys(findTestObject("Regression BackOffice/CLINK-17180/GroupSelfPayName"), Keys.chord(ARROW_DOWN, ARROW_DOWN, ARROW_DOWN, ENTER)): Keys 'DOWN + DOWN + DOWN + ENTER + ' sent to object: 'Object Repository/Regression BackOffice/CLINK-17180/GroupSelfPayName'

2019-04-15 12:29:34 - [MESSAGE][PASSED] - Keys 'DOWN + DOWN + DOWN + ENTER + ' sent to object: 'Object Repository/Regression BackOffice/CLINK-17180/GroupSelfPayName'

2019-04-15 12:29:34 - [TEST_STEP][PASSED] - waitForElementPresent(findTestObject("Regression BackOffice/CLINK-17180/FromDate"), 50): Object 'Object Repository/Regression BackOffice/CLINK-17180/FromDate' is present

2019-04-15 12:29:34 - [MESSAGE][PASSED] - Object 'Object Repository/Regression BackOffice/CLINK-17180/FromDate' is present

2019-04-15 12:29:34 - [TEST_STEP][PASSED] - setText(findTestObject("Regression BackOffice/CLINK-17180/FromDate"), "01/01/2017"): Text '01/01/2017' is set on object 'Object Repository/Regression BackOffice/CLINK-17180/FromDate'

2019-04-15 12:29:34 - [MESSAGE][PASSED] - Text '01/01/2017' is set on object 'Object Repository/Regression BackOffice/CLINK-17180/FromDate'

2019-04-15 12:29:34 - [TEST_STEP][PASSED] - delay(2): Delayed 2 second(s)

2019-04-15 12:29:36 - [MESSAGE][PASSED] - Delayed 2 second(s)

2019-04-15 12:29:36 - [TEST_STEP][PASSED] - waitForElementPresent(findTestObject("Regression BackOffice/CLINK-17180/ToDate"), 50): Object 'Object Repository/Regression BackOffice/CLINK-17180/ToDate' is present

2019-04-15 12:29:36 - [MESSAGE][PASSED] - Object 'Object Repository/Regression BackOffice/CLINK-17180/ToDate' is present

2019-04-15 12:29:36 - [TEST_STEP][PASSED] - setText(findTestObject("Regression BackOffice/CLINK-17180/ToDate"), getDate.DateUtilities.getDateMonthDayYearNumberwithSlash()): Text '04/15/2019' is set on object 'Object Repository/Regression BackOffice/CLINK-17180/ToDate'

2019-04-15 12:29:36 - [MESSAGE][PASSED] - getDate.DateUtilities.getDateMonthDayYearNumberwithSlash is PASSED

2019-04-15 12:29:37 - [MESSAGE][PASSED] - Text '04/15/2019' is set on object 'Object Repository/Regression BackOffice/CLINK-17180/ToDate'

2019-04-15 12:29:37 - [TEST_STEP][PASSED] - delay(2): Delayed 2 second(s)

2019-04-15 12:29:39 - [MESSAGE][PASSED] - Delayed 2 second(s)

2019-04-15 12:29:39 - [TEST_STEP][PASSED] - waitForElementPresent(findTestObject("Regression BackOffice/CLINK-17180/a_Show Report"), 50): Object 'Object Repository/Regression BackOffice/CLINK-17180/a_Show Report' is present

2019-04-15 12:29:39 - [MESSAGE][PASSED] - Object 'Object Repository/Regression BackOffice/CLINK-17180/a_Show Report' is present

2019-04-15 12:29:39 - [TEST_STEP][PASSED] - click(findTestObject("Regression BackOffice/CLINK-17180/a_Show Report"), STOP_ON_FAILURE): Object: 'Object Repository/Regression BackOffice/CLINK-17180/a_Show Report' is clicked on

2019-04-15 12:29:39 - [MESSAGE][PASSED] - Object: 'Object Repository/Regression BackOffice/CLINK-17180/a_Show Report' is clicked on

2019-04-15 12:29:39 - [TEST_STEP][PASSED] - delay(2): Delayed 2 second(s)

2019-04-15 12:29:41 - [MESSAGE][PASSED] - Delayed 2 second(s)

2019-04-15 12:29:41 - [TEST_STEP][PASSED] - waitForPageLoad(60): Wait for page load successfully

2019-04-15 12:29:41 - [MESSAGE][PASSED] - Wait for page load successfully

2019-04-15 12:29:41 - [TEST_STEP][PASSED] - delay(4): Delayed 4 second(s)

2019-04-15 12:29:45 - [MESSAGE][PASSED] - Delayed 4 second(s)

2019-04-15 12:29:45 - [TEST_STEP][PASSED] - closeBrowser(): Browser is closed

2019-04-15 12:29:46 - [MESSAGE][PASSED] - Browser is closed]]></system-out>
         <system-err><![CDATA[]]></system-err>
      </testcase>
      <testcase name="Test Cases/Regression BackOffice (All Browsers)/CLNK-10620 - BackOffice Medication Profile - Patient Information" classname="Test Cases/Regression BackOffice (All Browsers)/CLNK-10620 - BackOffice Medication Profile - Patient Information" status="PASSED">
         <system-out><![CDATA[2019-04-15 12:29:48 - [TEST_CASE][PASSED] - Test Cases/Regression BackOffice (All Browsers)/CLNK-10620 - BackOffice Medication Profile - Patient Information: Test Cases/Regression BackOffice (All Browsers)/CLNK-10620 - BackOffice Medication Profile - Patient Information

2019-04-15 12:29:49 - [TEST_STEP][PASSED] - callTestCase(findTestCase("Regression BackOffice (All Browsers)/CLNK-23439 - Clink - Back office Client"), [:], STOP_ON_FAILURE): Call Test Case 'Test Cases/Regression BackOffice (All Browsers)/CLNK-23439 - Clink - Back office Client' successfully

2019-04-15 12:29:49 - [TEST_CASE][PASSED] - Test Cases/Regression BackOffice (All Browsers)/CLNK-23439 - Clink - Back office Client: Test Cases/Regression BackOffice (All Browsers)/CLNK-23439 - Clink - Back office Client

2019-04-15 12:29:49 - [TEST_STEP][PASSED] - openBrowser(G_SiteBackOffice): Browser is opened with url: 'https://qanewpoc.continulink.com:8443/PRE_PROD_Continulink/'

2019-04-15 12:29:49 - [MESSAGE][INFO] - Starting 'Chrome' driver

2019-04-15 12:29:54 - [MESSAGE][PASSED] - Browser is opened with url: 'https://qanewpoc.continulink.com:8443/PRE_PROD_Continulink/'

2019-04-15 12:29:54 - [TEST_STEP][PASSED] - waitForPageLoad(60): Wait for page load successfully

2019-04-15 12:29:54 - [MESSAGE][PASSED] - Wait for page load successfully

2019-04-15 12:29:54 - [TEST_STEP][PASSED] - maximizeWindow(): Current window maximized

2019-04-15 12:29:55 - [MESSAGE][PASSED] - Current window maximized

2019-04-15 12:29:55 - [TEST_STEP][PASSED] - setText(findTestObject("Regression BackOffice/Login/UserBackOffice"), G_UserBackOffice): Text 'trainingadmin' is set on object 'Object Repository/Regression BackOffice/Login/UserBackOffice'

2019-04-15 12:29:56 - [MESSAGE][PASSED] - Text 'trainingadmin' is set on object 'Object Repository/Regression BackOffice/Login/UserBackOffice'

2019-04-15 12:29:56 - [TEST_STEP][PASSED] - setText(findTestObject("Regression BackOffice/Login/PasswordBackOffice"), G_PasswordBackOffice): Text 'preprod' is set on object 'Object Repository/Regression BackOffice/Login/PasswordBackOffice'

2019-04-15 12:29:56 - [MESSAGE][PASSED] - Text 'preprod' is set on object 'Object Repository/Regression BackOffice/Login/PasswordBackOffice'

2019-04-15 12:29:56 - [TEST_STEP][PASSED] - click(findTestObject("Regression BackOffice/Login/LoginBackOffice")): Object: 'Object Repository/Regression BackOffice/Login/LoginBackOffice' is clicked on

2019-04-15 12:30:02 - [MESSAGE][PASSED] - Object: 'Object Repository/Regression BackOffice/Login/LoginBackOffice' is clicked on

2019-04-15 12:30:02 - [TEST_STEP][PASSED] - waitForPageLoad(60): Wait for page load successfully

2019-04-15 12:30:02 - [MESSAGE][PASSED] - Wait for page load successfully

2019-04-15 12:30:02 - [TEST_STEP][PASSED] - delay(3): Delayed 3 second(s)

2019-04-15 12:30:05 - [MESSAGE][PASSED] - Delayed 3 second(s)

2019-04-15 12:30:05 - [TEST_STEP][PASSED] - switchToFrame(findTestObject("Regression BackOffice/CLNK-23449/FrameLeft"), 5): null

2019-04-15 12:30:05 - [TEST_STEP][PASSED] - waitForElementPresent(findTestObject("Regression BackOffice/CLNK-23449/ClienIntakeICon"), 60): Object 'Object Repository/Regression BackOffice/CLNK-23449/ClienIntakeICon' is present

2019-04-15 12:30:05 - [MESSAGE][PASSED] - Object 'Object Repository/Regression BackOffice/CLNK-23449/ClienIntakeICon' is present

2019-04-15 12:30:05 - [TEST_STEP][PASSED] - verifyElementPresent(findTestObject("Regression BackOffice/CLNK-23449/ClienIntakeICon"), 100): Object 'Object Repository/Regression BackOffice/CLNK-23449/ClienIntakeICon' is present

2019-04-15 12:30:05 - [MESSAGE][PASSED] - Object 'Object Repository/Regression BackOffice/CLNK-23449/ClienIntakeICon' is present

2019-04-15 12:30:05 - [TEST_STEP][PASSED] - switchToDefaultContent(): null

2019-04-15 12:30:05 - [MESSAGE][PASSED] - Call Test Case 'Test Cases/Regression BackOffice (All Browsers)/CLNK-23439 - Clink - Back office Client' successfully

2019-04-15 12:30:05 - [TEST_STEP][PASSED] - waitForPageLoad(60): Wait for page load successfully

2019-04-15 12:30:05 - [MESSAGE][PASSED] - Wait for page load successfully

2019-04-15 12:30:05 - [TEST_STEP][PASSED] - delay(3): Delayed 3 second(s)

2019-04-15 12:30:08 - [MESSAGE][PASSED] - Delayed 3 second(s)

2019-04-15 12:30:08 - [TEST_STEP][PASSED] - switchToFrame(findTestObject("Regression BackOffice/CLNK-23449/FrameLeft"), 30): null

2019-04-15 12:30:09 - [TEST_STEP][PASSED] - waitForElementPresent(findTestObject("Regression BackOffice/CLNK-23449/ClienIntakeICon"), 100): Object 'Object Repository/Regression BackOffice/CLNK-23449/ClienIntakeICon' is present

2019-04-15 12:30:09 - [MESSAGE][PASSED] - Object 'Object Repository/Regression BackOffice/CLNK-23449/ClienIntakeICon' is present

2019-04-15 12:30:09 - [TEST_STEP][PASSED] - click(findTestObject("Regression BackOffice/CLNK-23449/ClienIntakeICon")): Object: 'Object Repository/Regression BackOffice/CLNK-23449/ClienIntakeICon' is clicked on

2019-04-15 12:30:09 - [MESSAGE][PASSED] - Object: 'Object Repository/Regression BackOffice/CLNK-23449/ClienIntakeICon' is clicked on

2019-04-15 12:30:09 - [TEST_STEP][PASSED] - delay(2): Delayed 2 second(s)

2019-04-15 12:30:11 - [MESSAGE][PASSED] - Delayed 2 second(s)

2019-04-15 12:30:11 - [TEST_STEP][PASSED] - waitForPageLoad(50): Wait for page load successfully

2019-04-15 12:30:11 - [MESSAGE][PASSED] - Wait for page load successfully

2019-04-15 12:30:11 - [TEST_STEP][PASSED] - waitForElementPresent(findTestObject("Regression BackOffice/CLNK-10235/SearchforaClient"), 50): Object 'Object Repository/Regression BackOffice/CLNK-10235/SearchforaClient' is present

2019-04-15 12:30:11 - [MESSAGE][PASSED] - Object 'Object Repository/Regression BackOffice/CLNK-10235/SearchforaClient' is present

2019-04-15 12:30:11 - [TEST_STEP][PASSED] - click(findTestObject("Regression BackOffice/CLNK-10235/SearchforaClient")): Object: 'Object Repository/Regression BackOffice/CLNK-10235/SearchforaClient' is clicked on

2019-04-15 12:30:12 - [MESSAGE][PASSED] - Object: 'Object Repository/Regression BackOffice/CLNK-10235/SearchforaClient' is clicked on

2019-04-15 12:30:12 - [TEST_STEP][PASSED] - delay(2): Delayed 2 second(s)

2019-04-15 12:30:14 - [MESSAGE][PASSED] - Delayed 2 second(s)

2019-04-15 12:30:14 - [TEST_STEP][PASSED] - switchToDefaultContent(): null

2019-04-15 12:30:14 - [TEST_STEP][PASSED] - switchToFrame(findTestObject("Regression BackOffice/CLNK-23449/FrameMain"), 30): null

2019-04-15 12:30:15 - [TEST_STEP][PASSED] - waitForElementPresent(findTestObject("Regression BackOffice/CLNK-10235/FirstNameSearch"), 50): Object 'Object Repository/Regression BackOffice/CLNK-10235/FirstNameSearch' is present

2019-04-15 12:30:15 - [MESSAGE][PASSED] - Object 'Object Repository/Regression BackOffice/CLNK-10235/FirstNameSearch' is present

2019-04-15 12:30:15 - [TEST_STEP][PASSED] - setText(findTestObject("Regression BackOffice/CLNK-10235/FirstNameSearch"), G_ClientFirstName): Text 'Mark' is set on object 'Object Repository/Regression BackOffice/CLNK-10235/FirstNameSearch'

2019-04-15 12:30:15 - [MESSAGE][PASSED] - Text 'Mark' is set on object 'Object Repository/Regression BackOffice/CLNK-10235/FirstNameSearch'

2019-04-15 12:30:15 - [TEST_STEP][PASSED] - delay(2): Delayed 2 second(s)

2019-04-15 12:30:17 - [MESSAGE][PASSED] - Delayed 2 second(s)

2019-04-15 12:30:17 - [TEST_STEP][PASSED] - waitForElementPresent(findTestObject("Regression BackOffice/CLNK-10235/LastNameSearch"), 50): Object 'Object Repository/Regression BackOffice/CLNK-10235/LastNameSearch' is present

2019-04-15 12:30:17 - [MESSAGE][PASSED] - Object 'Object Repository/Regression BackOffice/CLNK-10235/LastNameSearch' is present

2019-04-15 12:30:17 - [TEST_STEP][PASSED] - setText(findTestObject("Regression BackOffice/CLNK-10235/LastNameSearch"), G_ClientLastName): Text 'Markson' is set on object 'Object Repository/Regression BackOffice/CLNK-10235/LastNameSearch'

2019-04-15 12:30:17 - [MESSAGE][PASSED] - Text 'Markson' is set on object 'Object Repository/Regression BackOffice/CLNK-10235/LastNameSearch'

2019-04-15 12:30:17 - [TEST_STEP][PASSED] - delay(2): Delayed 2 second(s)

2019-04-15 12:30:19 - [MESSAGE][PASSED] - Delayed 2 second(s)

2019-04-15 12:30:19 - [TEST_STEP][PASSED] - waitForElementPresent(findTestObject("Regression BackOffice/CLINK - 27906/SearchButton"), 50): Object 'Object Repository/Regression BackOffice/CLINK - 27906/SearchButton' is present

2019-04-15 12:30:19 - [MESSAGE][PASSED] - Object 'Object Repository/Regression BackOffice/CLINK - 27906/SearchButton' is present

2019-04-15 12:30:19 - [TEST_STEP][PASSED] - click(findTestObject("Regression BackOffice/CLINK - 27906/SearchButton"), STOP_ON_FAILURE): Object: 'Object Repository/Regression BackOffice/CLINK - 27906/SearchButton' is clicked on

2019-04-15 12:30:20 - [MESSAGE][PASSED] - Object: 'Object Repository/Regression BackOffice/CLINK - 27906/SearchButton' is clicked on

2019-04-15 12:30:20 - [TEST_STEP][PASSED] - delay(2): Delayed 2 second(s)

2019-04-15 12:30:22 - [MESSAGE][PASSED] - Delayed 2 second(s)

2019-04-15 12:30:22 - [TEST_STEP][PASSED] - waitForElementPresent(findTestObject("Regression BackOffice/CLINK - 27906/ClientRollbackLink"), 50): Object 'Object Repository/Regression BackOffice/CLINK - 27906/ClientRollbackLink' is present

2019-04-15 12:30:23 - [MESSAGE][PASSED] - Object 'Object Repository/Regression BackOffice/CLINK - 27906/ClientRollbackLink' is present

2019-04-15 12:30:23 - [TEST_STEP][PASSED] - click(findTestObject("Regression BackOffice/CLINK - 27906/ClientRollbackLink"), STOP_ON_FAILURE): Object: 'Object Repository/Regression BackOffice/CLINK - 27906/ClientRollbackLink' is clicked on

2019-04-15 12:30:26 - [MESSAGE][PASSED] - Object: 'Object Repository/Regression BackOffice/CLINK - 27906/ClientRollbackLink' is clicked on

2019-04-15 12:30:26 - [TEST_STEP][PASSED] - delay(2): Delayed 2 second(s)

2019-04-15 12:30:28 - [MESSAGE][PASSED] - Delayed 2 second(s)

2019-04-15 12:30:28 - [TEST_STEP][PASSED] - switchToDefaultContent(): null

2019-04-15 12:30:28 - [TEST_STEP][PASSED] - switchToFrame(findTestObject("Regression BackOffice/CLNK-23449/FrameLeft"), 30): null

2019-04-15 12:30:29 - [TEST_STEP][PASSED] - waitForElementPresent(findTestObject("Regression BackOffice/CLNK-10235/Puntitos"), 50): Object 'Object Repository/Regression BackOffice/CLNK-10235/Puntitos' is present

2019-04-15 12:30:29 - [MESSAGE][PASSED] - Object 'Object Repository/Regression BackOffice/CLNK-10235/Puntitos' is present

2019-04-15 12:30:29 - [TEST_STEP][PASSED] - click(findTestObject("Regression BackOffice/CLNK-10235/Puntitos"), STOP_ON_FAILURE): Object: 'Object Repository/Regression BackOffice/CLNK-10235/Puntitos' is clicked on

2019-04-15 12:30:29 - [MESSAGE][PASSED] - Object: 'Object Repository/Regression BackOffice/CLNK-10235/Puntitos' is clicked on

2019-04-15 12:30:29 - [TEST_STEP][PASSED] - delay(2): Delayed 2 second(s)

2019-04-15 12:30:31 - [MESSAGE][PASSED] - Delayed 2 second(s)

2019-04-15 12:30:31 - [TEST_STEP][PASSED] - waitForPageLoad(50): Wait for page load successfully

2019-04-15 12:30:31 - [MESSAGE][PASSED] - Wait for page load successfully

2019-04-15 12:30:31 - [TEST_STEP][PASSED] - waitForElementPresent(findTestObject("Regression BackOffice/CLNK-10235/ClientIntakeClose"), 100): Object 'Object Repository/Regression BackOffice/CLNK-10235/ClientIntakeClose' is present

2019-04-15 12:30:31 - [MESSAGE][PASSED] - Object 'Object Repository/Regression BackOffice/CLNK-10235/ClientIntakeClose' is present

2019-04-15 12:30:31 - [TEST_STEP][PASSED] - click(findTestObject("Regression BackOffice/CLNK-10235/ClientIntakeClose")): Object: 'Object Repository/Regression BackOffice/CLNK-10235/ClientIntakeClose' is clicked on

2019-04-15 12:30:31 - [MESSAGE][PASSED] - Object: 'Object Repository/Regression BackOffice/CLNK-10235/ClientIntakeClose' is clicked on

2019-04-15 12:30:31 - [TEST_STEP][PASSED] - delay(2): Delayed 2 second(s)

2019-04-15 12:30:33 - [MESSAGE][PASSED] - Delayed 2 second(s)

2019-04-15 12:30:33 - [TEST_STEP][PASSED] - waitForElementPresent(findTestObject("Regression BackOffice/CLINK-10620/ClinicalLink"), 100): Object 'Object Repository/Regression BackOffice/CLINK-10620/ClinicalLink' is present

2019-04-15 12:30:33 - [MESSAGE][PASSED] - Object 'Object Repository/Regression BackOffice/CLINK-10620/ClinicalLink' is present

2019-04-15 12:30:33 - [TEST_STEP][PASSED] - click(findTestObject("Regression BackOffice/CLINK-10620/ClinicalLink")): Object: 'Object Repository/Regression BackOffice/CLINK-10620/ClinicalLink' is clicked on

2019-04-15 12:30:34 - [MESSAGE][PASSED] - Object: 'Object Repository/Regression BackOffice/CLINK-10620/ClinicalLink' is clicked on

2019-04-15 12:30:34 - [TEST_STEP][PASSED] - delay(2): Delayed 2 second(s)

2019-04-15 12:30:36 - [MESSAGE][PASSED] - Delayed 2 second(s)

2019-04-15 12:30:36 - [TEST_STEP][PASSED] - scrollToElement(findTestObject("Regression BackOffice/CLINK-10620/Medication ProfileLink"), 50): Scroll to object 'Object Repository/Regression BackOffice/CLINK-10620/Medication ProfileLink' successfully

2019-04-15 12:30:36 - [MESSAGE][PASSED] - Scroll to object 'Object Repository/Regression BackOffice/CLINK-10620/Medication ProfileLink' successfully

2019-04-15 12:30:36 - [TEST_STEP][PASSED] - click(findTestObject("Regression BackOffice/CLINK-10620/Medication ProfileLink")): Object: 'Object Repository/Regression BackOffice/CLINK-10620/Medication ProfileLink' is clicked on

2019-04-15 12:30:39 - [MESSAGE][PASSED] - Object: 'Object Repository/Regression BackOffice/CLINK-10620/Medication ProfileLink' is clicked on

2019-04-15 12:30:39 - [TEST_STEP][PASSED] - delay(3): Delayed 3 second(s)

2019-04-15 12:30:42 - [MESSAGE][PASSED] - Delayed 3 second(s)

2019-04-15 12:30:42 - [TEST_STEP][PASSED] - switchToDefaultContent(): null

2019-04-15 12:30:42 - [TEST_STEP][PASSED] - switchToFrame(findTestObject("Regression BackOffice/CLNK-23449/FrameMain"), 30): null

2019-04-15 12:30:42 - [TEST_STEP][PASSED] - waitForPageLoad(50): Wait for page load successfully

2019-04-15 12:30:42 - [MESSAGE][PASSED] - Wait for page load successfully

2019-04-15 12:30:42 - [TEST_STEP][PASSED] - delay(3): Delayed 3 second(s)

2019-04-15 12:30:45 - [MESSAGE][PASSED] - Delayed 3 second(s)

2019-04-15 12:30:45 - [TEST_STEP][PASSED] - waitForElementPresent(findTestObject("Regression BackOffice/CLINK-10620/MedboxChk"), 100): Object 'Object Repository/Regression BackOffice/CLINK-10620/MedboxChk' is present

2019-04-15 12:30:45 - [MESSAGE][PASSED] - Object 'Object Repository/Regression BackOffice/CLINK-10620/MedboxChk' is present

2019-04-15 12:30:45 - [TEST_STEP][PASSED] - click(findTestObject("Regression BackOffice/CLINK-10620/MedboxChk")): Object: 'Object Repository/Regression BackOffice/CLINK-10620/MedboxChk' is clicked on

2019-04-15 12:30:46 - [MESSAGE][PASSED] - Object: 'Object Repository/Regression BackOffice/CLINK-10620/MedboxChk' is clicked on

2019-04-15 12:30:46 - [TEST_STEP][PASSED] - delay(2): Delayed 2 second(s)

2019-04-15 12:30:48 - [MESSAGE][PASSED] - Delayed 2 second(s)

2019-04-15 12:30:48 - [TEST_STEP][PASSED] - waitForElementPresent(findTestObject("Regression BackOffice/CLINK-10620/AddAPharmacy."), 50): Object 'Object Repository/Regression BackOffice/CLINK-10620/AddAPharmacy.' is present

2019-04-15 12:30:48 - [MESSAGE][PASSED] - Object 'Object Repository/Regression BackOffice/CLINK-10620/AddAPharmacy.' is present

2019-04-15 12:30:48 - [TEST_STEP][PASSED] - click(findTestObject("Regression BackOffice/CLINK-10620/AddAPharmacy.")): Object: 'Object Repository/Regression BackOffice/CLINK-10620/AddAPharmacy.' is clicked on

2019-04-15 12:30:48 - [MESSAGE][PASSED] - Object: 'Object Repository/Regression BackOffice/CLINK-10620/AddAPharmacy.' is clicked on

2019-04-15 12:30:48 - [TEST_STEP][PASSED] - delay(2): Delayed 2 second(s)

2019-04-15 12:30:50 - [MESSAGE][PASSED] - Delayed 2 second(s)

2019-04-15 12:30:50 - [TEST_STEP][PASSED] - waitForElementVisible(findTestObject("Regression BackOffice/CLINK-10620/PharmacyName"), 50): Object 'Object Repository/Regression BackOffice/CLINK-10620/PharmacyName' is visible

2019-04-15 12:30:50 - [MESSAGE][PASSED] - Object 'Object Repository/Regression BackOffice/CLINK-10620/PharmacyName' is visible

2019-04-15 12:30:50 - [TEST_STEP][PASSED] - setText(findTestObject("Regression BackOffice/CLINK-10620/PharmacyName"), "Lo encontre"): Text 'Lo encontre' is set on object 'Object Repository/Regression BackOffice/CLINK-10620/PharmacyName'

2019-04-15 12:30:51 - [MESSAGE][PASSED] - Text 'Lo encontre' is set on object 'Object Repository/Regression BackOffice/CLINK-10620/PharmacyName'

2019-04-15 12:30:51 - [TEST_STEP][PASSED] - delay(2): Delayed 2 second(s)

2019-04-15 12:30:53 - [MESSAGE][PASSED] - Delayed 2 second(s)

2019-04-15 12:30:53 - [TEST_STEP][PASSED] - waitForElementVisible(findTestObject("Regression BackOffice/CLINK-10620/PharmacyPhone"), 50): Object 'Object Repository/Regression BackOffice/CLINK-10620/PharmacyPhone' is visible

2019-04-15 12:30:53 - [MESSAGE][PASSED] - Object 'Object Repository/Regression BackOffice/CLINK-10620/PharmacyPhone' is visible

2019-04-15 12:30:53 - [TEST_STEP][PASSED] - setText(findTestObject("Regression BackOffice/CLINK-10620/PharmacyPhone"), "4586957555"): Text '4586957555' is set on object 'Object Repository/Regression BackOffice/CLINK-10620/PharmacyPhone'

2019-04-15 12:30:54 - [MESSAGE][PASSED] - Text '4586957555' is set on object 'Object Repository/Regression BackOffice/CLINK-10620/PharmacyPhone'

2019-04-15 12:30:54 - [TEST_STEP][PASSED] - delay(4): Delayed 4 second(s)

2019-04-15 12:30:58 - [MESSAGE][PASSED] - Delayed 4 second(s)

2019-04-15 12:30:58 - [TEST_STEP][PASSED] - waitForElementPresent(findTestObject("Regression BackOffice/CLINK-10620/SaveButton"), 50): Object 'Object Repository/Regression BackOffice/CLINK-10620/SaveButton' is present

2019-04-15 12:30:58 - [MESSAGE][PASSED] - Object 'Object Repository/Regression BackOffice/CLINK-10620/SaveButton' is present

2019-04-15 12:30:58 - [TEST_STEP][PASSED] - click(findTestObject("Regression BackOffice/CLINK-10620/SaveButton")): Object: 'Object Repository/Regression BackOffice/CLINK-10620/SaveButton' is clicked on

2019-04-15 12:30:58 - [MESSAGE][PASSED] - Object: 'Object Repository/Regression BackOffice/CLINK-10620/SaveButton' is clicked on

2019-04-15 12:30:58 - [TEST_STEP][PASSED] - delay(2): Delayed 2 second(s)

2019-04-15 12:31:00 - [MESSAGE][PASSED] - Delayed 2 second(s)

2019-04-15 12:31:00 - [TEST_STEP][PASSED] - closeBrowser(): Browser is closed

2019-04-15 12:31:01 - [MESSAGE][PASSED] - Browser is closed]]></system-out>
         <system-err><![CDATA[]]></system-err>
      </testcase>
      <testcase name="Test Cases/Regression BackOffice (All Browsers)/CLNK-27759 - Security Roles - SOX Audit" classname="Test Cases/Regression BackOffice (All Browsers)/CLNK-27759 - Security Roles - SOX Audit" status="PASSED">
         <system-out><![CDATA[2019-04-15 12:31:03 - [TEST_CASE][PASSED] - Test Cases/Regression BackOffice (All Browsers)/CLNK-27759 - Security Roles - SOX Audit: Test Cases/Regression BackOffice (All Browsers)/CLNK-27759 - Security Roles - SOX Audit

2019-04-15 12:31:04 - [TEST_STEP][PASSED] - callTestCase(findTestCase("Regression BackOffice (All Browsers)/CLNK-23439 - Clink - Back office Client"), [:], STOP_ON_FAILURE): Call Test Case 'Test Cases/Regression BackOffice (All Browsers)/CLNK-23439 - Clink - Back office Client' successfully

2019-04-15 12:31:04 - [TEST_CASE][PASSED] - Test Cases/Regression BackOffice (All Browsers)/CLNK-23439 - Clink - Back office Client: Test Cases/Regression BackOffice (All Browsers)/CLNK-23439 - Clink - Back office Client

2019-04-15 12:31:04 - [TEST_STEP][PASSED] - openBrowser(G_SiteBackOffice): Browser is opened with url: 'https://qanewpoc.continulink.com:8443/PRE_PROD_Continulink/'

2019-04-15 12:31:04 - [MESSAGE][INFO] - Starting 'Chrome' driver

2019-04-15 12:31:10 - [MESSAGE][PASSED] - Browser is opened with url: 'https://qanewpoc.continulink.com:8443/PRE_PROD_Continulink/'

2019-04-15 12:31:10 - [TEST_STEP][PASSED] - waitForPageLoad(60): Wait for page load successfully

2019-04-15 12:31:10 - [MESSAGE][PASSED] - Wait for page load successfully

2019-04-15 12:31:10 - [TEST_STEP][PASSED] - maximizeWindow(): Current window maximized

2019-04-15 12:31:11 - [MESSAGE][PASSED] - Current window maximized

2019-04-15 12:31:11 - [TEST_STEP][PASSED] - setText(findTestObject("Regression BackOffice/Login/UserBackOffice"), G_UserBackOffice): Text 'trainingadmin' is set on object 'Object Repository/Regression BackOffice/Login/UserBackOffice'

2019-04-15 12:31:11 - [MESSAGE][PASSED] - Text 'trainingadmin' is set on object 'Object Repository/Regression BackOffice/Login/UserBackOffice'

2019-04-15 12:31:11 - [TEST_STEP][PASSED] - setText(findTestObject("Regression BackOffice/Login/PasswordBackOffice"), G_PasswordBackOffice): Text 'preprod' is set on object 'Object Repository/Regression BackOffice/Login/PasswordBackOffice'

2019-04-15 12:31:12 - [MESSAGE][PASSED] - Text 'preprod' is set on object 'Object Repository/Regression BackOffice/Login/PasswordBackOffice'

2019-04-15 12:31:12 - [TEST_STEP][PASSED] - click(findTestObject("Regression BackOffice/Login/LoginBackOffice")): Object: 'Object Repository/Regression BackOffice/Login/LoginBackOffice' is clicked on

2019-04-15 12:31:17 - [MESSAGE][PASSED] - Object: 'Object Repository/Regression BackOffice/Login/LoginBackOffice' is clicked on

2019-04-15 12:31:17 - [TEST_STEP][PASSED] - waitForPageLoad(60): Wait for page load successfully

2019-04-15 12:31:17 - [MESSAGE][PASSED] - Wait for page load successfully

2019-04-15 12:31:17 - [TEST_STEP][PASSED] - delay(3): Delayed 3 second(s)

2019-04-15 12:31:20 - [MESSAGE][PASSED] - Delayed 3 second(s)

2019-04-15 12:31:20 - [TEST_STEP][PASSED] - switchToFrame(findTestObject("Regression BackOffice/CLNK-23449/FrameLeft"), 5): null

2019-04-15 12:31:20 - [TEST_STEP][PASSED] - waitForElementPresent(findTestObject("Regression BackOffice/CLNK-23449/ClienIntakeICon"), 60): Object 'Object Repository/Regression BackOffice/CLNK-23449/ClienIntakeICon' is present

2019-04-15 12:31:20 - [MESSAGE][PASSED] - Object 'Object Repository/Regression BackOffice/CLNK-23449/ClienIntakeICon' is present

2019-04-15 12:31:20 - [TEST_STEP][PASSED] - verifyElementPresent(findTestObject("Regression BackOffice/CLNK-23449/ClienIntakeICon"), 100): Object 'Object Repository/Regression BackOffice/CLNK-23449/ClienIntakeICon' is present

2019-04-15 12:31:20 - [MESSAGE][PASSED] - Object 'Object Repository/Regression BackOffice/CLNK-23449/ClienIntakeICon' is present

2019-04-15 12:31:20 - [TEST_STEP][PASSED] - switchToDefaultContent(): null

2019-04-15 12:31:21 - [MESSAGE][PASSED] - Call Test Case 'Test Cases/Regression BackOffice (All Browsers)/CLNK-23439 - Clink - Back office Client' successfully

2019-04-15 12:31:21 - [TEST_STEP][PASSED] - waitForPageLoad(60): Wait for page load successfully

2019-04-15 12:31:21 - [MESSAGE][PASSED] - Wait for page load successfully

2019-04-15 12:31:21 - [TEST_STEP][PASSED] - delay(3): Delayed 3 second(s)

2019-04-15 12:31:24 - [MESSAGE][PASSED] - Delayed 3 second(s)

2019-04-15 12:31:24 - [TEST_STEP][PASSED] - switchToFrame(findTestObject("Regression BackOffice/CLNK-23449/FrameLeft"), 30): null

2019-04-15 12:31:24 - [TEST_STEP][PASSED] - waitForElementPresent(findTestObject("Regression BackOffice/CLINK-27759/AdministratorsTab"), 100): Object 'Object Repository/Regression BackOffice/CLINK-27759/AdministratorsTab' is present

2019-04-15 12:31:24 - [MESSAGE][PASSED] - Object 'Object Repository/Regression BackOffice/CLINK-27759/AdministratorsTab' is present

2019-04-15 12:31:24 - [TEST_STEP][PASSED] - click(findTestObject("Regression BackOffice/CLINK-27759/AdministratorsTab")): Object: 'Object Repository/Regression BackOffice/CLINK-27759/AdministratorsTab' is clicked on

2019-04-15 12:31:24 - [MESSAGE][PASSED] - Object: 'Object Repository/Regression BackOffice/CLINK-27759/AdministratorsTab' is clicked on

2019-04-15 12:31:24 - [TEST_STEP][PASSED] - delay(2): Delayed 2 second(s)

2019-04-15 12:31:26 - [MESSAGE][PASSED] - Delayed 2 second(s)

2019-04-15 12:31:26 - [TEST_STEP][PASSED] - waitForPageLoad(50): Wait for page load successfully

2019-04-15 12:31:26 - [MESSAGE][PASSED] - Wait for page load successfully

2019-04-15 12:31:26 - [TEST_STEP][PASSED] - waitForElementPresent(findTestObject("Regression BackOffice/CLINK-27759/AdminSystemSettingsLink"), 50): Object 'Object Repository/Regression BackOffice/CLINK-27759/AdminSystemSettingsLink' is present

2019-04-15 12:31:26 - [MESSAGE][PASSED] - Object 'Object Repository/Regression BackOffice/CLINK-27759/AdminSystemSettingsLink' is present

2019-04-15 12:31:26 - [TEST_STEP][PASSED] - click(findTestObject("Regression BackOffice/CLINK-27759/AdminSystemSettingsLink")): Object: 'Object Repository/Regression BackOffice/CLINK-27759/AdminSystemSettingsLink' is clicked on

2019-04-15 12:31:26 - [MESSAGE][PASSED] - Object: 'Object Repository/Regression BackOffice/CLINK-27759/AdminSystemSettingsLink' is clicked on

2019-04-15 12:31:26 - [TEST_STEP][PASSED] - delay(2): Delayed 2 second(s)

2019-04-15 12:31:28 - [MESSAGE][PASSED] - Delayed 2 second(s)

2019-04-15 12:31:28 - [TEST_STEP][PASSED] - scrollToElement(findTestObject("Regression BackOffice/CLINK-27759/AdministratorReportsLink"), 50): Scroll to object 'Object Repository/Regression BackOffice/CLINK-27759/AdministratorReportsLink' successfully

2019-04-15 12:31:29 - [MESSAGE][PASSED] - Scroll to object 'Object Repository/Regression BackOffice/CLINK-27759/AdministratorReportsLink' successfully

2019-04-15 12:31:29 - [TEST_STEP][PASSED] - waitForElementPresent(findTestObject("Regression BackOffice/CLINK-27759/AdministratorReportsLink"), 50): Object 'Object Repository/Regression BackOffice/CLINK-27759/AdministratorReportsLink' is present

2019-04-15 12:31:29 - [MESSAGE][PASSED] - Object 'Object Repository/Regression BackOffice/CLINK-27759/AdministratorReportsLink' is present

2019-04-15 12:31:29 - [TEST_STEP][PASSED] - click(findTestObject("Regression BackOffice/CLINK-27759/AdministratorReportsLink")): Object: 'Object Repository/Regression BackOffice/CLINK-27759/AdministratorReportsLink' is clicked on

2019-04-15 12:31:31 - [MESSAGE][PASSED] - Object: 'Object Repository/Regression BackOffice/CLINK-27759/AdministratorReportsLink' is clicked on

2019-04-15 12:31:31 - [TEST_STEP][PASSED] - delay(2): Delayed 2 second(s)

2019-04-15 12:31:33 - [MESSAGE][PASSED] - Delayed 2 second(s)

2019-04-15 12:31:33 - [TEST_STEP][PASSED] - switchToDefaultContent(): null

2019-04-15 12:31:33 - [TEST_STEP][PASSED] - switchToFrame(findTestObject("Regression BackOffice/CLNK-23449/FrameMain"), 30): null

2019-04-15 12:31:33 - [TEST_STEP][PASSED] - waitForPageLoad(50): Wait for page load successfully

2019-04-15 12:31:33 - [MESSAGE][PASSED] - Wait for page load successfully

2019-04-15 12:31:33 - [TEST_STEP][PASSED] - waitForElementPresent(findTestObject("Regression BackOffice/CLINK-27759/RoleAccessSecurityReportLink"), 50): Object 'Object Repository/Regression BackOffice/CLINK-27759/RoleAccessSecurityReportLink' is present

2019-04-15 12:31:33 - [MESSAGE][PASSED] - Object 'Object Repository/Regression BackOffice/CLINK-27759/RoleAccessSecurityReportLink' is present

2019-04-15 12:31:33 - [TEST_STEP][PASSED] - click(findTestObject("Regression BackOffice/CLINK-27759/RoleAccessSecurityReportLink")): Object: 'Object Repository/Regression BackOffice/CLINK-27759/RoleAccessSecurityReportLink' is clicked on

2019-04-15 12:31:34 - [MESSAGE][PASSED] - Object: 'Object Repository/Regression BackOffice/CLINK-27759/RoleAccessSecurityReportLink' is clicked on

2019-04-15 12:31:34 - [TEST_STEP][PASSED] - delay(2): Delayed 2 second(s)

2019-04-15 12:31:36 - [MESSAGE][PASSED] - Delayed 2 second(s)

2019-04-15 12:31:36 - [TEST_STEP][PASSED] - waitForPageLoad(50): Wait for page load successfully

2019-04-15 12:31:36 - [MESSAGE][PASSED] - Wait for page load successfully

2019-04-15 12:31:36 - [TEST_STEP][PASSED] - waitForElementPresent(findTestObject("Regression BackOffice/CLINK-27759/DemoDemoChk"), 50): Object 'Object Repository/Regression BackOffice/CLINK-27759/DemoDemoChk' is present

2019-04-15 12:31:36 - [MESSAGE][PASSED] - Object 'Object Repository/Regression BackOffice/CLINK-27759/DemoDemoChk' is present

2019-04-15 12:31:36 - [TEST_STEP][PASSED] - click(findTestObject("Regression BackOffice/CLINK-27759/DemoDemoChk")): Object: 'Object Repository/Regression BackOffice/CLINK-27759/DemoDemoChk' is clicked on

2019-04-15 12:31:36 - [MESSAGE][PASSED] - Object: 'Object Repository/Regression BackOffice/CLINK-27759/DemoDemoChk' is clicked on

2019-04-15 12:31:36 - [TEST_STEP][PASSED] - delay(2): Delayed 2 second(s)

2019-04-15 12:31:39 - [MESSAGE][PASSED] - Delayed 2 second(s)

2019-04-15 12:31:39 - [TEST_STEP][PASSED] - waitForElementPresent(findTestObject("Regression BackOffice/CLINK-27759/SpecificUser"), 50): Object 'Object Repository/Regression BackOffice/CLINK-27759/SpecificUser' is present

2019-04-15 12:31:39 - [MESSAGE][PASSED] - Object 'Object Repository/Regression BackOffice/CLINK-27759/SpecificUser' is present

2019-04-15 12:31:39 - [TEST_STEP][PASSED] - focus(findTestObject("Regression BackOffice/CLINK-27759/SpecificUser")): Object: 'Object Repository/Regression BackOffice/CLINK-27759/SpecificUser' is focused

2019-04-15 12:31:39 - [MESSAGE][PASSED] - Object: 'Object Repository/Regression BackOffice/CLINK-27759/SpecificUser' is focused

2019-04-15 12:31:39 - [TEST_STEP][PASSED] - click(findTestObject("Regression BackOffice/CLINK-27759/SpecificUser")): Object: 'Object Repository/Regression BackOffice/CLINK-27759/SpecificUser' is clicked on

2019-04-15 12:31:39 - [MESSAGE][PASSED] - Object: 'Object Repository/Regression BackOffice/CLINK-27759/SpecificUser' is clicked on

2019-04-15 12:31:39 - [TEST_STEP][PASSED] - setText(findTestObject("Regression BackOffice/CLINK-27759/SpecificUser"), G_SpecificUser): Text 'pca' is set on object 'Object Repository/Regression BackOffice/CLINK-27759/SpecificUser'

2019-04-15 12:31:39 - [MESSAGE][PASSED] - Text 'pca' is set on object 'Object Repository/Regression BackOffice/CLINK-27759/SpecificUser'

2019-04-15 12:31:39 - [TEST_STEP][PASSED] - delay(2): Delayed 2 second(s)

2019-04-15 12:31:41 - [MESSAGE][PASSED] - Delayed 2 second(s)

2019-04-15 12:31:41 - [TEST_STEP][PASSED] - sendKeys(findTestObject("Regression BackOffice/CLINK-27759/SpecificUser"), Keys.chord(ARROW_DOWN, ENTER)): Keys 'DOWN + ENTER + ' sent to object: 'Object Repository/Regression BackOffice/CLINK-27759/SpecificUser'

2019-04-15 12:31:42 - [MESSAGE][PASSED] - Keys 'DOWN + ENTER + ' sent to object: 'Object Repository/Regression BackOffice/CLINK-27759/SpecificUser'

2019-04-15 12:31:42 - [TEST_STEP][PASSED] - delay(2): Delayed 2 second(s)

2019-04-15 12:31:44 - [MESSAGE][PASSED] - Delayed 2 second(s)

2019-04-15 12:31:44 - [TEST_STEP][PASSED] - waitForElementPresent(findTestObject("Regression BackOffice/CLINK-27759/ShowReportLink"), 50): Object 'Object Repository/Regression BackOffice/CLINK-27759/ShowReportLink' is present

2019-04-15 12:31:44 - [MESSAGE][PASSED] - Object 'Object Repository/Regression BackOffice/CLINK-27759/ShowReportLink' is present

2019-04-15 12:31:44 - [TEST_STEP][PASSED] - click(findTestObject("Regression BackOffice/CLINK-27759/ShowReportLink")): Object: 'Object Repository/Regression BackOffice/CLINK-27759/ShowReportLink' is clicked on

2019-04-15 12:31:44 - [MESSAGE][PASSED] - Object: 'Object Repository/Regression BackOffice/CLINK-27759/ShowReportLink' is clicked on

2019-04-15 12:31:44 - [TEST_STEP][PASSED] - delay(2): Delayed 2 second(s)

2019-04-15 12:31:46 - [MESSAGE][PASSED] - Delayed 2 second(s)

2019-04-15 12:31:46 - [TEST_STEP][PASSED] - delay(2): Delayed 2 second(s)

2019-04-15 12:31:48 - [MESSAGE][PASSED] - Delayed 2 second(s)

2019-04-15 12:31:48 - [TEST_STEP][PASSED] - waitForElementPresent(findTestObject("Regression BackOffice/CLINK-27759/ExportToLink"), 50): Object 'Object Repository/Regression BackOffice/CLINK-27759/ExportToLink' is present

2019-04-15 12:31:48 - [MESSAGE][PASSED] - Object 'Object Repository/Regression BackOffice/CLINK-27759/ExportToLink' is present

2019-04-15 12:31:48 - [TEST_STEP][PASSED] - focus(findTestObject("Regression BackOffice/CLINK-27759/ExportToLink")): Object: 'Object Repository/Regression BackOffice/CLINK-27759/ExportToLink' is focused

2019-04-15 12:31:48 - [MESSAGE][PASSED] - Object: 'Object Repository/Regression BackOffice/CLINK-27759/ExportToLink' is focused

2019-04-15 12:31:48 - [TEST_STEP][PASSED] - click(findTestObject("Regression BackOffice/CLINK-27759/ExportToLink")): Object: 'Object Repository/Regression BackOffice/CLINK-27759/ExportToLink' is clicked on

2019-04-15 12:31:48 - [MESSAGE][PASSED] - Object: 'Object Repository/Regression BackOffice/CLINK-27759/ExportToLink' is clicked on

2019-04-15 12:31:48 - [TEST_STEP][PASSED] - delay(2): Delayed 2 second(s)

2019-04-15 12:31:50 - [MESSAGE][PASSED] - Delayed 2 second(s)

2019-04-15 12:31:50 - [TEST_STEP][PASSED] - sendKeys(findTestObject("Regression BackOffice/CLINK-27759/ExportToLink"), Keys.chord(ARROW_DOWN, ENTER)): Keys 'DOWN + ENTER + ' sent to object: 'Object Repository/Regression BackOffice/CLINK-27759/ExportToLink'

2019-04-15 12:31:51 - [MESSAGE][PASSED] - Keys 'DOWN + ENTER + ' sent to object: 'Object Repository/Regression BackOffice/CLINK-27759/ExportToLink'

2019-04-15 12:31:51 - [TEST_STEP][PASSED] - delay(2): Delayed 2 second(s)

2019-04-15 12:31:53 - [MESSAGE][PASSED] - Delayed 2 second(s)

2019-04-15 12:31:53 - [TEST_STEP][PASSED] - waitForElementPresent(findTestObject("Regression BackOffice/CLINK-27759/ExportToFile"), 50): Object 'Object Repository/Regression BackOffice/CLINK-27759/ExportToFile' is present

2019-04-15 12:31:53 - [MESSAGE][PASSED] - Object 'Object Repository/Regression BackOffice/CLINK-27759/ExportToFile' is present

2019-04-15 12:31:53 - [TEST_STEP][PASSED] - click(findTestObject("Regression BackOffice/CLINK-27759/ExportToFile")): Object: 'Object Repository/Regression BackOffice/CLINK-27759/ExportToFile' is clicked on

2019-04-15 12:31:53 - [MESSAGE][PASSED] - Object: 'Object Repository/Regression BackOffice/CLINK-27759/ExportToFile' is clicked on

2019-04-15 12:31:53 - [TEST_STEP][PASSED] - delay(2): Delayed 2 second(s)

2019-04-15 12:31:55 - [MESSAGE][PASSED] - Delayed 2 second(s)

2019-04-15 12:31:55 - [TEST_STEP][PASSED] - waitForElementPresent(findTestObject("Regression BackOffice/CLINK-27759/Demo_DemoObject"), 50): Object 'Object Repository/Regression BackOffice/CLINK-27759/Demo_DemoObject' is present

2019-04-15 12:31:56 - [MESSAGE][PASSED] - Object 'Object Repository/Regression BackOffice/CLINK-27759/Demo_DemoObject' is present

2019-04-15 12:31:56 - [TEST_STEP][PASSED] - verifyElementPresent(findTestObject("Regression BackOffice/CLINK-27759/Demo_DemoObject"), 30): Object 'Object Repository/Regression BackOffice/CLINK-27759/Demo_DemoObject' is present

2019-04-15 12:31:56 - [MESSAGE][PASSED] - Object 'Object Repository/Regression BackOffice/CLINK-27759/Demo_DemoObject' is present

2019-04-15 12:31:56 - [TEST_STEP][PASSED] - delay(2): Delayed 2 second(s)

2019-04-15 12:31:58 - [MESSAGE][PASSED] - Delayed 2 second(s)

2019-04-15 12:31:58 - [TEST_STEP][PASSED] - waitForElementPresent(findTestObject("Regression BackOffice/CLINK-27759/ResetLink"), 50): Object 'Object Repository/Regression BackOffice/CLINK-27759/ResetLink' is present

2019-04-15 12:31:58 - [MESSAGE][PASSED] - Object 'Object Repository/Regression BackOffice/CLINK-27759/ResetLink' is present

2019-04-15 12:31:58 - [TEST_STEP][PASSED] - click(findTestObject("Regression BackOffice/CLINK-27759/ResetLink")): Object: 'Object Repository/Regression BackOffice/CLINK-27759/ResetLink' is clicked on

2019-04-15 12:31:58 - [MESSAGE][PASSED] - Object: 'Object Repository/Regression BackOffice/CLINK-27759/ResetLink' is clicked on

2019-04-15 12:31:58 - [TEST_STEP][PASSED] - delay(2): Delayed 2 second(s)

2019-04-15 12:32:00 - [MESSAGE][PASSED] - Delayed 2 second(s)

2019-04-15 12:32:00 - [TEST_STEP][PASSED] - waitForElementPresent(findTestObject("Regression BackOffice/CLINK-27759/DemoDemoChk"), 50): Object 'Object Repository/Regression BackOffice/CLINK-27759/DemoDemoChk' is present

2019-04-15 12:32:00 - [MESSAGE][PASSED] - Object 'Object Repository/Regression BackOffice/CLINK-27759/DemoDemoChk' is present

2019-04-15 12:32:00 - [TEST_STEP][PASSED] - click(findTestObject("Regression BackOffice/CLINK-27759/DemoDemoChk")): Object: 'Object Repository/Regression BackOffice/CLINK-27759/DemoDemoChk' is clicked on

2019-04-15 12:32:00 - [MESSAGE][PASSED] - Object: 'Object Repository/Regression BackOffice/CLINK-27759/DemoDemoChk' is clicked on

2019-04-15 12:32:00 - [TEST_STEP][PASSED] - delay(2): Delayed 2 second(s)

2019-04-15 12:32:02 - [MESSAGE][PASSED] - Delayed 2 second(s)

2019-04-15 12:32:02 - [TEST_STEP][PASSED] - waitForElementPresent(findTestObject("Regression BackOffice/CLINK-27759/SpecificUser"), 50): Object 'Object Repository/Regression BackOffice/CLINK-27759/SpecificUser' is present

2019-04-15 12:32:02 - [MESSAGE][PASSED] - Object 'Object Repository/Regression BackOffice/CLINK-27759/SpecificUser' is present

2019-04-15 12:32:02 - [TEST_STEP][PASSED] - focus(findTestObject("Regression BackOffice/CLINK-27759/SpecificUser")): Object: 'Object Repository/Regression BackOffice/CLINK-27759/SpecificUser' is focused

2019-04-15 12:32:03 - [MESSAGE][PASSED] - Object: 'Object Repository/Regression BackOffice/CLINK-27759/SpecificUser' is focused

2019-04-15 12:32:03 - [TEST_STEP][PASSED] - click(findTestObject("Regression BackOffice/CLINK-27759/SpecificUser")): Object: 'Object Repository/Regression BackOffice/CLINK-27759/SpecificUser' is clicked on

2019-04-15 12:32:03 - [MESSAGE][PASSED] - Object: 'Object Repository/Regression BackOffice/CLINK-27759/SpecificUser' is clicked on

2019-04-15 12:32:03 - [TEST_STEP][PASSED] - setText(findTestObject("Regression BackOffice/CLINK-27759/SpecificUser"), "Test"): Text 'Test' is set on object 'Object Repository/Regression BackOffice/CLINK-27759/SpecificUser'

2019-04-15 12:32:03 - [MESSAGE][PASSED] - Text 'Test' is set on object 'Object Repository/Regression BackOffice/CLINK-27759/SpecificUser'

2019-04-15 12:32:03 - [TEST_STEP][PASSED] - delay(2): Delayed 2 second(s)

2019-04-15 12:32:05 - [MESSAGE][PASSED] - Delayed 2 second(s)

2019-04-15 12:32:05 - [TEST_STEP][PASSED] - sendKeys(findTestObject("Regression BackOffice/CLINK-27759/SpecificUser"), Keys.chord(ARROW_DOWN, ARROW_DOWN, ARROW_DOWN, ARROW_DOWN, ARROW_DOWN, ARROW_DOWN, ARROW_DOWN, ENTER)): Keys 'DOWN + DOWN + DOWN + DOWN + DOWN + DOWN + DOWN + ENTER + ' sent to object: 'Object Repository/Regression BackOffice/CLINK-27759/SpecificUser'

2019-04-15 12:32:05 - [MESSAGE][PASSED] - Keys 'DOWN + DOWN + DOWN + DOWN + DOWN + DOWN + DOWN + ENTER + ' sent to object: 'Object Repository/Regression BackOffice/CLINK-27759/SpecificUser'

2019-04-15 12:32:05 - [TEST_STEP][PASSED] - delay(2): Delayed 2 second(s)

2019-04-15 12:32:07 - [MESSAGE][PASSED] - Delayed 2 second(s)

2019-04-15 12:32:07 - [TEST_STEP][PASSED] - waitForElementPresent(findTestObject("Regression BackOffice/CLINK-27759/ShowReportLink"), 50): Object 'Object Repository/Regression BackOffice/CLINK-27759/ShowReportLink' is present

2019-04-15 12:32:07 - [MESSAGE][PASSED] - Object 'Object Repository/Regression BackOffice/CLINK-27759/ShowReportLink' is present

2019-04-15 12:32:07 - [TEST_STEP][PASSED] - click(findTestObject("Regression BackOffice/CLINK-27759/ShowReportLink")): Object: 'Object Repository/Regression BackOffice/CLINK-27759/ShowReportLink' is clicked on

2019-04-15 12:32:07 - [MESSAGE][PASSED] - Object: 'Object Repository/Regression BackOffice/CLINK-27759/ShowReportLink' is clicked on

2019-04-15 12:32:08 - [TEST_STEP][PASSED] - delay(2): Delayed 2 second(s)

2019-04-15 12:32:10 - [MESSAGE][PASSED] - Delayed 2 second(s)

2019-04-15 12:32:10 - [TEST_STEP][PASSED] - waitForElementPresent(findTestObject("Regression BackOffice/CLINK-27759/ExportToLink"), 50): Object 'Object Repository/Regression BackOffice/CLINK-27759/ExportToLink' is present

2019-04-15 12:32:10 - [MESSAGE][PASSED] - Object 'Object Repository/Regression BackOffice/CLINK-27759/ExportToLink' is present

2019-04-15 12:32:10 - [TEST_STEP][PASSED] - focus(findTestObject("Regression BackOffice/CLINK-27759/ExportToLink")): Object: 'Object Repository/Regression BackOffice/CLINK-27759/ExportToLink' is focused

2019-04-15 12:32:10 - [MESSAGE][PASSED] - Object: 'Object Repository/Regression BackOffice/CLINK-27759/ExportToLink' is focused

2019-04-15 12:32:10 - [TEST_STEP][PASSED] - click(findTestObject("Regression BackOffice/CLINK-27759/ExportToLink")): Object: 'Object Repository/Regression BackOffice/CLINK-27759/ExportToLink' is clicked on

2019-04-15 12:32:10 - [MESSAGE][PASSED] - Object: 'Object Repository/Regression BackOffice/CLINK-27759/ExportToLink' is clicked on

2019-04-15 12:32:10 - [TEST_STEP][PASSED] - delay(2): Delayed 2 second(s)

2019-04-15 12:32:12 - [MESSAGE][PASSED] - Delayed 2 second(s)

2019-04-15 12:32:12 - [TEST_STEP][PASSED] - sendKeys(findTestObject("Regression BackOffice/CLINK-27759/ExportToLink"), Keys.chord(ARROW_DOWN, ENTER)): Keys 'DOWN + ENTER + ' sent to object: 'Object Repository/Regression BackOffice/CLINK-27759/ExportToLink'

2019-04-15 12:32:12 - [MESSAGE][PASSED] - Keys 'DOWN + ENTER + ' sent to object: 'Object Repository/Regression BackOffice/CLINK-27759/ExportToLink'

2019-04-15 12:32:12 - [TEST_STEP][PASSED] - delay(2): Delayed 2 second(s)

2019-04-15 12:32:14 - [MESSAGE][PASSED] - Delayed 2 second(s)

2019-04-15 12:32:14 - [TEST_STEP][PASSED] - waitForElementPresent(findTestObject("Regression BackOffice/CLINK-27759/ExportToFile"), 50): Object 'Object Repository/Regression BackOffice/CLINK-27759/ExportToFile' is present

2019-04-15 12:32:14 - [MESSAGE][PASSED] - Object 'Object Repository/Regression BackOffice/CLINK-27759/ExportToFile' is present

2019-04-15 12:32:14 - [TEST_STEP][PASSED] - click(findTestObject("Regression BackOffice/CLINK-27759/ExportToFile")): Object: 'Object Repository/Regression BackOffice/CLINK-27759/ExportToFile' is clicked on

2019-04-15 12:32:15 - [MESSAGE][PASSED] - Object: 'Object Repository/Regression BackOffice/CLINK-27759/ExportToFile' is clicked on

2019-04-15 12:32:15 - [TEST_STEP][PASSED] - delay(2): Delayed 2 second(s)

2019-04-15 12:32:17 - [MESSAGE][PASSED] - Delayed 2 second(s)

2019-04-15 12:32:17 - [TEST_STEP][PASSED] - closeBrowser(): Browser is closed

2019-04-15 12:32:18 - [MESSAGE][PASSED] - Browser is closed]]></system-out>
         <system-err><![CDATA[]]></system-err>
      </testcase>
      <testcase name="Test Cases/Regression BackOffice (All Browsers)/CLNK-17788 - (Task A) New Clinical Manager Caregiver Property" classname="Test Cases/Regression BackOffice (All Browsers)/CLNK-17788 - (Task A) New Clinical Manager Caregiver Property" status="PASSED">
         <system-out><![CDATA[2019-04-15 12:32:20 - [TEST_CASE][PASSED] - Test Cases/Regression BackOffice (All Browsers)/CLNK-17788 - (Task A) New Clinical Manager Caregiver Property: Test Cases/Regression BackOffice (All Browsers)/CLNK-17788 - (Task A) New Clinical Manager Caregiver Property

2019-04-15 12:32:21 - [TEST_STEP][PASSED] - callTestCase(findTestCase("Regression BackOffice (All Browsers)/CLNK-23439 - Clink - Back office Client"), [:], STOP_ON_FAILURE): Call Test Case 'Test Cases/Regression BackOffice (All Browsers)/CLNK-23439 - Clink - Back office Client' successfully

2019-04-15 12:32:21 - [TEST_CASE][PASSED] - Test Cases/Regression BackOffice (All Browsers)/CLNK-23439 - Clink - Back office Client: Test Cases/Regression BackOffice (All Browsers)/CLNK-23439 - Clink - Back office Client

2019-04-15 12:32:21 - [TEST_STEP][PASSED] - openBrowser(G_SiteBackOffice): Browser is opened with url: 'https://qanewpoc.continulink.com:8443/PRE_PROD_Continulink/'

2019-04-15 12:32:21 - [MESSAGE][INFO] - Starting 'Chrome' driver

2019-04-15 12:32:27 - [MESSAGE][PASSED] - Browser is opened with url: 'https://qanewpoc.continulink.com:8443/PRE_PROD_Continulink/'

2019-04-15 12:32:27 - [TEST_STEP][PASSED] - waitForPageLoad(60): Wait for page load successfully

2019-04-15 12:32:27 - [MESSAGE][PASSED] - Wait for page load successfully

2019-04-15 12:32:27 - [TEST_STEP][PASSED] - maximizeWindow(): Current window maximized

2019-04-15 12:32:28 - [MESSAGE][PASSED] - Current window maximized

2019-04-15 12:32:28 - [TEST_STEP][PASSED] - setText(findTestObject("Regression BackOffice/Login/UserBackOffice"), G_UserBackOffice): Text 'trainingadmin' is set on object 'Object Repository/Regression BackOffice/Login/UserBackOffice'

2019-04-15 12:32:29 - [MESSAGE][PASSED] - Text 'trainingadmin' is set on object 'Object Repository/Regression BackOffice/Login/UserBackOffice'

2019-04-15 12:32:29 - [TEST_STEP][PASSED] - setText(findTestObject("Regression BackOffice/Login/PasswordBackOffice"), G_PasswordBackOffice): Text 'preprod' is set on object 'Object Repository/Regression BackOffice/Login/PasswordBackOffice'

2019-04-15 12:32:29 - [MESSAGE][PASSED] - Text 'preprod' is set on object 'Object Repository/Regression BackOffice/Login/PasswordBackOffice'

2019-04-15 12:32:29 - [TEST_STEP][PASSED] - click(findTestObject("Regression BackOffice/Login/LoginBackOffice")): Object: 'Object Repository/Regression BackOffice/Login/LoginBackOffice' is clicked on

2019-04-15 12:32:35 - [MESSAGE][PASSED] - Object: 'Object Repository/Regression BackOffice/Login/LoginBackOffice' is clicked on

2019-04-15 12:32:35 - [TEST_STEP][PASSED] - waitForPageLoad(60): Wait for page load successfully

2019-04-15 12:32:35 - [MESSAGE][PASSED] - Wait for page load successfully

2019-04-15 12:32:35 - [TEST_STEP][PASSED] - delay(3): Delayed 3 second(s)

2019-04-15 12:32:38 - [MESSAGE][PASSED] - Delayed 3 second(s)

2019-04-15 12:32:38 - [TEST_STEP][PASSED] - switchToFrame(findTestObject("Regression BackOffice/CLNK-23449/FrameLeft"), 5): null

2019-04-15 12:32:38 - [TEST_STEP][PASSED] - waitForElementPresent(findTestObject("Regression BackOffice/CLNK-23449/ClienIntakeICon"), 60): Object 'Object Repository/Regression BackOffice/CLNK-23449/ClienIntakeICon' is present

2019-04-15 12:32:39 - [MESSAGE][PASSED] - Object 'Object Repository/Regression BackOffice/CLNK-23449/ClienIntakeICon' is present

2019-04-15 12:32:39 - [TEST_STEP][PASSED] - verifyElementPresent(findTestObject("Regression BackOffice/CLNK-23449/ClienIntakeICon"), 100): Object 'Object Repository/Regression BackOffice/CLNK-23449/ClienIntakeICon' is present

2019-04-15 12:32:39 - [MESSAGE][PASSED] - Object 'Object Repository/Regression BackOffice/CLNK-23449/ClienIntakeICon' is present

2019-04-15 12:32:39 - [TEST_STEP][PASSED] - switchToDefaultContent(): null

2019-04-15 12:32:39 - [MESSAGE][PASSED] - Call Test Case 'Test Cases/Regression BackOffice (All Browsers)/CLNK-23439 - Clink - Back office Client' successfully

2019-04-15 12:32:39 - [TEST_STEP][PASSED] - waitForPageLoad(60): Wait for page load successfully

2019-04-15 12:32:39 - [MESSAGE][PASSED] - Wait for page load successfully

2019-04-15 12:32:39 - [TEST_STEP][PASSED] - delay(3): Delayed 3 second(s)

2019-04-15 12:32:42 - [MESSAGE][PASSED] - Delayed 3 second(s)

2019-04-15 12:32:42 - [TEST_STEP][PASSED] - switchToFrame(findTestObject("Regression BackOffice/CLNK-23449/FrameLeft"), 30): null

2019-04-15 12:32:42 - [TEST_STEP][PASSED] - waitForElementPresent(findTestObject("Regression BackOffice/CLINK-17788/CaregiverHRLink"), 100): Object 'Object Repository/Regression BackOffice/CLINK-17788/CaregiverHRLink' is present

2019-04-15 12:32:42 - [MESSAGE][PASSED] - Object 'Object Repository/Regression BackOffice/CLINK-17788/CaregiverHRLink' is present

2019-04-15 12:32:42 - [TEST_STEP][PASSED] - click(findTestObject("Regression BackOffice/CLINK-17788/CaregiverHRLink")): Object: 'Object Repository/Regression BackOffice/CLINK-17788/CaregiverHRLink' is clicked on

2019-04-15 12:32:42 - [MESSAGE][PASSED] - Object: 'Object Repository/Regression BackOffice/CLINK-17788/CaregiverHRLink' is clicked on

2019-04-15 12:32:42 - [TEST_STEP][PASSED] - delay(2): Delayed 2 second(s)

2019-04-15 12:32:44 - [MESSAGE][PASSED] - Delayed 2 second(s)

2019-04-15 12:32:44 - [TEST_STEP][PASSED] - waitForPageLoad(50): Wait for page load successfully

2019-04-15 12:32:44 - [MESSAGE][PASSED] - Wait for page load successfully

2019-04-15 12:32:44 - [TEST_STEP][PASSED] - waitForElementPresent(findTestObject("Regression BackOffice/CLINK-17788/CaregiverDemographics"), 50): Object 'Object Repository/Regression BackOffice/CLINK-17788/CaregiverDemographics' is present

2019-04-15 12:32:44 - [MESSAGE][PASSED] - Object 'Object Repository/Regression BackOffice/CLINK-17788/CaregiverDemographics' is present

2019-04-15 12:32:44 - [TEST_STEP][PASSED] - click(findTestObject("Regression BackOffice/CLINK-17788/CaregiverDemographics")): Object: 'Object Repository/Regression BackOffice/CLINK-17788/CaregiverDemographics' is clicked on

2019-04-15 12:32:46 - [MESSAGE][PASSED] - Object: 'Object Repository/Regression BackOffice/CLINK-17788/CaregiverDemographics' is clicked on

2019-04-15 12:32:46 - [TEST_STEP][PASSED] - delay(2): Delayed 2 second(s)

2019-04-15 12:32:48 - [MESSAGE][PASSED] - Delayed 2 second(s)

2019-04-15 12:32:48 - [TEST_STEP][PASSED] - switchToDefaultContent(): null

2019-04-15 12:32:48 - [TEST_STEP][PASSED] - switchToFrame(findTestObject("Regression BackOffice/CLNK-23449/FrameMain"), 30): null

2019-04-15 12:32:48 - [TEST_STEP][PASSED] - waitForElementPresent(findTestObject("Regression BackOffice/CLINK-17788/LastNameSearch"), 50): Object 'Object Repository/Regression BackOffice/CLINK-17788/LastNameSearch' is present

2019-04-15 12:32:48 - [MESSAGE][PASSED] - Object 'Object Repository/Regression BackOffice/CLINK-17788/LastNameSearch' is present

2019-04-15 12:32:48 - [TEST_STEP][PASSED] - setText(findTestObject("Regression BackOffice/CLINK-17788/LastNameSearch"), G_LastNameSearch): Text 'Smith' is set on object 'Object Repository/Regression BackOffice/CLINK-17788/LastNameSearch'

2019-04-15 12:32:48 - [MESSAGE][PASSED] - Text 'Smith' is set on object 'Object Repository/Regression BackOffice/CLINK-17788/LastNameSearch'

2019-04-15 12:32:48 - [TEST_STEP][PASSED] - delay(2): Delayed 2 second(s)

2019-04-15 12:32:50 - [MESSAGE][PASSED] - Delayed 2 second(s)

2019-04-15 12:32:50 - [TEST_STEP][PASSED] - waitForElementPresent(findTestObject("Regression BackOffice/CLINK-17788/SearchButton"), 50): Object 'Object Repository/Regression BackOffice/CLINK-17788/SearchButton' is present

2019-04-15 12:32:50 - [MESSAGE][PASSED] - Object 'Object Repository/Regression BackOffice/CLINK-17788/SearchButton' is present

2019-04-15 12:32:50 - [TEST_STEP][PASSED] - click(findTestObject("Regression BackOffice/CLINK-17788/SearchButton"), STOP_ON_FAILURE): Object: 'Object Repository/Regression BackOffice/CLINK-17788/SearchButton' is clicked on

2019-04-15 12:32:51 - [MESSAGE][PASSED] - Object: 'Object Repository/Regression BackOffice/CLINK-17788/SearchButton' is clicked on

2019-04-15 12:32:51 - [TEST_STEP][PASSED] - delay(2): Delayed 2 second(s)

2019-04-15 12:32:53 - [MESSAGE][PASSED] - Delayed 2 second(s)

2019-04-15 12:32:53 - [TEST_STEP][PASSED] - waitForElementPresent(findTestObject("Regression BackOffice/CLINK-17788/UserLink"), 50): Object 'Object Repository/Regression BackOffice/CLINK-17788/UserLink' is present

2019-04-15 12:32:53 - [MESSAGE][PASSED] - Object 'Object Repository/Regression BackOffice/CLINK-17788/UserLink' is present

2019-04-15 12:32:53 - [TEST_STEP][PASSED] - click(findTestObject("Regression BackOffice/CLINK-17788/UserLink"), STOP_ON_FAILURE): Object: 'Object Repository/Regression BackOffice/CLINK-17788/UserLink' is clicked on

2019-04-15 12:32:56 - [MESSAGE][PASSED] - Object: 'Object Repository/Regression BackOffice/CLINK-17788/UserLink' is clicked on

2019-04-15 12:32:56 - [TEST_STEP][PASSED] - delay(2): Delayed 2 second(s)

2019-04-15 12:32:58 - [MESSAGE][PASSED] - Delayed 2 second(s)

2019-04-15 12:32:58 - [TEST_STEP][PASSED] - scrollToElement(findTestObject("Regression BackOffice/CLINK-17788/OtherInformationSection"), 20): Scroll to object 'Object Repository/Regression BackOffice/CLINK-17788/OtherInformationSection' successfully

2019-04-15 12:32:58 - [MESSAGE][PASSED] - Scroll to object 'Object Repository/Regression BackOffice/CLINK-17788/OtherInformationSection' successfully

2019-04-15 12:32:58 - [TEST_STEP][PASSED] - waitForElementPresent(findTestObject("Regression BackOffice/CLINK-17788/YesCareManager"), 50): Object 'Object Repository/Regression BackOffice/CLINK-17788/YesCareManager' is present

2019-04-15 12:32:58 - [MESSAGE][PASSED] - Object 'Object Repository/Regression BackOffice/CLINK-17788/YesCareManager' is present

2019-04-15 12:32:58 - [TEST_STEP][PASSED] - click(findTestObject("Regression BackOffice/CLINK-17788/YesCareManager"), STOP_ON_FAILURE): Object: 'Object Repository/Regression BackOffice/CLINK-17788/YesCareManager' is clicked on

2019-04-15 12:32:59 - [MESSAGE][PASSED] - Object: 'Object Repository/Regression BackOffice/CLINK-17788/YesCareManager' is clicked on

2019-04-15 12:32:59 - [TEST_STEP][PASSED] - delay(2): Delayed 2 second(s)

2019-04-15 12:33:01 - [MESSAGE][PASSED] - Delayed 2 second(s)

2019-04-15 12:33:01 - [TEST_STEP][PASSED] - waitForElementPresent(findTestObject("Regression BackOffice/CLINK-17788/NoClinicalManager"), 50): Object 'Object Repository/Regression BackOffice/CLINK-17788/NoClinicalManager' is present

2019-04-15 12:33:01 - [MESSAGE][PASSED] - Object 'Object Repository/Regression BackOffice/CLINK-17788/NoClinicalManager' is present

2019-04-15 12:33:01 - [TEST_STEP][PASSED] - click(findTestObject("Regression BackOffice/CLINK-17788/NoClinicalManager"), STOP_ON_FAILURE): Object: 'Object Repository/Regression BackOffice/CLINK-17788/NoClinicalManager' is clicked on

2019-04-15 12:33:01 - [MESSAGE][PASSED] - Object: 'Object Repository/Regression BackOffice/CLINK-17788/NoClinicalManager' is clicked on

2019-04-15 12:33:01 - [TEST_STEP][PASSED] - switchToDefaultContent(): null

2019-04-15 12:33:01 - [TEST_STEP][PASSED] - delay(2): Delayed 2 second(s)

2019-04-15 12:33:03 - [MESSAGE][PASSED] - Delayed 2 second(s)

2019-04-15 12:33:03 - [TEST_STEP][PASSED] - switchToFrame(findTestObject("Regression BackOffice/CLINK-17788/BannerFrame"), 30): null

2019-04-15 12:33:03 - [TEST_STEP][PASSED] - waitForElementPresent(findTestObject("Regression BackOffice/CLINK-17788/SaveButton"), 50): Object 'Object Repository/Regression BackOffice/CLINK-17788/SaveButton' is present

2019-04-15 12:33:03 - [MESSAGE][PASSED] - Object 'Object Repository/Regression BackOffice/CLINK-17788/SaveButton' is present

2019-04-15 12:33:03 - [TEST_STEP][PASSED] - click(findTestObject("Regression BackOffice/CLINK-17788/SaveButton"), STOP_ON_FAILURE): Object: 'Object Repository/Regression BackOffice/CLINK-17788/SaveButton' is clicked on

2019-04-15 12:33:08 - [MESSAGE][PASSED] - Object: 'Object Repository/Regression BackOffice/CLINK-17788/SaveButton' is clicked on

2019-04-15 12:33:08 - [TEST_STEP][PASSED] - delay(2): Delayed 2 second(s)

2019-04-15 12:33:10 - [MESSAGE][PASSED] - Delayed 2 second(s)

2019-04-15 12:33:10 - [TEST_STEP][PASSED] - closeBrowser(): Browser is closed

2019-04-15 12:33:11 - [MESSAGE][PASSED] - Browser is closed]]></system-out>
         <system-err><![CDATA[]]></system-err>
      </testcase>
      <testcase name="Test Cases/Regression BackOffice (All Browsers)/CLNK-27906 - (Task B) Update Care Manager Control in Admission Details" classname="Test Cases/Regression BackOffice (All Browsers)/CLNK-27906 - (Task B) Update Care Manager Control in Admission Details" status="PASSED">
         <system-out><![CDATA[2019-04-15 12:33:14 - [TEST_CASE][PASSED] - Test Cases/Regression BackOffice (All Browsers)/CLNK-27906 - (Task B) Update Care Manager Control in Admission Details: Test Cases/Regression BackOffice (All Browsers)/CLNK-27906 - (Task B) Update Care Manager Control in Admission Details

2019-04-15 12:33:14 - [TEST_STEP][PASSED] - callTestCase(findTestCase("Regression BackOffice (All Browsers)/CLNK-23439 - Clink - Back office Client"), [:], STOP_ON_FAILURE): Call Test Case 'Test Cases/Regression BackOffice (All Browsers)/CLNK-23439 - Clink - Back office Client' successfully

2019-04-15 12:33:14 - [TEST_CASE][PASSED] - Test Cases/Regression BackOffice (All Browsers)/CLNK-23439 - Clink - Back office Client: Test Cases/Regression BackOffice (All Browsers)/CLNK-23439 - Clink - Back office Client

2019-04-15 12:33:14 - [TEST_STEP][PASSED] - openBrowser(G_SiteBackOffice): Browser is opened with url: 'https://qanewpoc.continulink.com:8443/PRE_PROD_Continulink/'

2019-04-15 12:33:14 - [MESSAGE][INFO] - Starting 'Chrome' driver

2019-04-15 12:33:20 - [MESSAGE][PASSED] - Browser is opened with url: 'https://qanewpoc.continulink.com:8443/PRE_PROD_Continulink/'

2019-04-15 12:33:20 - [TEST_STEP][PASSED] - waitForPageLoad(60): Wait for page load successfully

2019-04-15 12:33:20 - [MESSAGE][PASSED] - Wait for page load successfully

2019-04-15 12:33:20 - [TEST_STEP][PASSED] - maximizeWindow(): Current window maximized

2019-04-15 12:33:21 - [MESSAGE][PASSED] - Current window maximized

2019-04-15 12:33:21 - [TEST_STEP][PASSED] - setText(findTestObject("Regression BackOffice/Login/UserBackOffice"), G_UserBackOffice): Text 'trainingadmin' is set on object 'Object Repository/Regression BackOffice/Login/UserBackOffice'

2019-04-15 12:33:22 - [MESSAGE][PASSED] - Text 'trainingadmin' is set on object 'Object Repository/Regression BackOffice/Login/UserBackOffice'

2019-04-15 12:33:22 - [TEST_STEP][PASSED] - setText(findTestObject("Regression BackOffice/Login/PasswordBackOffice"), G_PasswordBackOffice): Text 'preprod' is set on object 'Object Repository/Regression BackOffice/Login/PasswordBackOffice'

2019-04-15 12:33:22 - [MESSAGE][PASSED] - Text 'preprod' is set on object 'Object Repository/Regression BackOffice/Login/PasswordBackOffice'

2019-04-15 12:33:22 - [TEST_STEP][PASSED] - click(findTestObject("Regression BackOffice/Login/LoginBackOffice")): Object: 'Object Repository/Regression BackOffice/Login/LoginBackOffice' is clicked on

2019-04-15 12:33:28 - [MESSAGE][PASSED] - Object: 'Object Repository/Regression BackOffice/Login/LoginBackOffice' is clicked on

2019-04-15 12:33:28 - [TEST_STEP][PASSED] - waitForPageLoad(60): Wait for page load successfully

2019-04-15 12:33:28 - [MESSAGE][PASSED] - Wait for page load successfully

2019-04-15 12:33:28 - [TEST_STEP][PASSED] - delay(3): Delayed 3 second(s)

2019-04-15 12:33:31 - [MESSAGE][PASSED] - Delayed 3 second(s)

2019-04-15 12:33:31 - [TEST_STEP][PASSED] - switchToFrame(findTestObject("Regression BackOffice/CLNK-23449/FrameLeft"), 5): null

2019-04-15 12:33:31 - [TEST_STEP][PASSED] - waitForElementPresent(findTestObject("Regression BackOffice/CLNK-23449/ClienIntakeICon"), 60): Object 'Object Repository/Regression BackOffice/CLNK-23449/ClienIntakeICon' is present

2019-04-15 12:33:31 - [MESSAGE][PASSED] - Object 'Object Repository/Regression BackOffice/CLNK-23449/ClienIntakeICon' is present

2019-04-15 12:33:31 - [TEST_STEP][PASSED] - verifyElementPresent(findTestObject("Regression BackOffice/CLNK-23449/ClienIntakeICon"), 100): Object 'Object Repository/Regression BackOffice/CLNK-23449/ClienIntakeICon' is present

2019-04-15 12:33:31 - [MESSAGE][PASSED] - Object 'Object Repository/Regression BackOffice/CLNK-23449/ClienIntakeICon' is present

2019-04-15 12:33:31 - [TEST_STEP][PASSED] - switchToDefaultContent(): null

2019-04-15 12:33:31 - [MESSAGE][PASSED] - Call Test Case 'Test Cases/Regression BackOffice (All Browsers)/CLNK-23439 - Clink - Back office Client' successfully

2019-04-15 12:33:31 - [TEST_STEP][PASSED] - waitForPageLoad(60): Wait for page load successfully

2019-04-15 12:33:31 - [MESSAGE][PASSED] - Wait for page load successfully

2019-04-15 12:33:31 - [TEST_STEP][PASSED] - delay(3): Delayed 3 second(s)

2019-04-15 12:33:34 - [MESSAGE][PASSED] - Delayed 3 second(s)

2019-04-15 12:33:34 - [TEST_STEP][PASSED] - switchToFrame(findTestObject("Regression BackOffice/CLNK-23449/FrameLeft"), 30): null

2019-04-15 12:33:34 - [TEST_STEP][PASSED] - waitForElementPresent(findTestObject("Regression BackOffice/CLNK-23449/ClienIntakeICon"), 100): Object 'Object Repository/Regression BackOffice/CLNK-23449/ClienIntakeICon' is present

2019-04-15 12:33:34 - [MESSAGE][PASSED] - Object 'Object Repository/Regression BackOffice/CLNK-23449/ClienIntakeICon' is present

2019-04-15 12:33:34 - [TEST_STEP][PASSED] - click(findTestObject("Regression BackOffice/CLNK-23449/ClienIntakeICon")): Object: 'Object Repository/Regression BackOffice/CLNK-23449/ClienIntakeICon' is clicked on

2019-04-15 12:33:34 - [MESSAGE][PASSED] - Object: 'Object Repository/Regression BackOffice/CLNK-23449/ClienIntakeICon' is clicked on

2019-04-15 12:33:34 - [TEST_STEP][PASSED] - delay(2): Delayed 2 second(s)

2019-04-15 12:33:36 - [MESSAGE][PASSED] - Delayed 2 second(s)

2019-04-15 12:33:36 - [TEST_STEP][PASSED] - waitForPageLoad(50): Wait for page load successfully

2019-04-15 12:33:36 - [MESSAGE][PASSED] - Wait for page load successfully

2019-04-15 12:33:36 - [TEST_STEP][PASSED] - waitForElementPresent(findTestObject("Regression BackOffice/CLINK - 27906/AdmissionDetails"), 50): Object 'Object Repository/Regression BackOffice/CLINK - 27906/AdmissionDetails' is present

2019-04-15 12:33:37 - [MESSAGE][PASSED] - Object 'Object Repository/Regression BackOffice/CLINK - 27906/AdmissionDetails' is present

2019-04-15 12:33:37 - [TEST_STEP][PASSED] - click(findTestObject("Regression BackOffice/CLINK - 27906/AdmissionDetails")): Object: 'Object Repository/Regression BackOffice/CLINK - 27906/AdmissionDetails' is clicked on

2019-04-15 12:33:38 - [MESSAGE][PASSED] - Object: 'Object Repository/Regression BackOffice/CLINK - 27906/AdmissionDetails' is clicked on

2019-04-15 12:33:38 - [TEST_STEP][PASSED] - delay(2): Delayed 2 second(s)

2019-04-15 12:33:40 - [MESSAGE][PASSED] - Delayed 2 second(s)

2019-04-15 12:33:40 - [TEST_STEP][PASSED] - switchToDefaultContent(): null

2019-04-15 12:33:40 - [TEST_STEP][PASSED] - switchToFrame(findTestObject("Regression BackOffice/CLNK-23449/FrameMain"), 30): null

2019-04-15 12:33:40 - [TEST_STEP][PASSED] - waitForElementPresent(findTestObject("Regression BackOffice/CLINK - 27906/Last NameAdmission"), 50): Object 'Object Repository/Regression BackOffice/CLINK - 27906/Last NameAdmission' is present

2019-04-15 12:33:40 - [MESSAGE][PASSED] - Object 'Object Repository/Regression BackOffice/CLINK - 27906/Last NameAdmission' is present

2019-04-15 12:33:40 - [TEST_STEP][PASSED] - setText(findTestObject("Regression BackOffice/CLINK - 27906/Last NameAdmission"), G_ClientLastName): Text 'Markson' is set on object 'Object Repository/Regression BackOffice/CLINK - 27906/Last NameAdmission'

2019-04-15 12:33:41 - [MESSAGE][PASSED] - Text 'Markson' is set on object 'Object Repository/Regression BackOffice/CLINK - 27906/Last NameAdmission'

2019-04-15 12:33:41 - [TEST_STEP][PASSED] - delay(2): Delayed 2 second(s)

2019-04-15 12:33:43 - [MESSAGE][PASSED] - Delayed 2 second(s)

2019-04-15 12:33:43 - [TEST_STEP][PASSED] - waitForElementPresent(findTestObject("Regression BackOffice/CLINK - 27906/SearchButton"), 50): Object 'Object Repository/Regression BackOffice/CLINK - 27906/SearchButton' is present

2019-04-15 12:33:43 - [MESSAGE][PASSED] - Object 'Object Repository/Regression BackOffice/CLINK - 27906/SearchButton' is present

2019-04-15 12:33:43 - [TEST_STEP][PASSED] - click(findTestObject("Regression BackOffice/CLINK - 27906/SearchButton"), STOP_ON_FAILURE): Object: 'Object Repository/Regression BackOffice/CLINK - 27906/SearchButton' is clicked on

2019-04-15 12:33:44 - [MESSAGE][PASSED] - Object: 'Object Repository/Regression BackOffice/CLINK - 27906/SearchButton' is clicked on

2019-04-15 12:33:44 - [TEST_STEP][PASSED] - delay(2): Delayed 2 second(s)

2019-04-15 12:33:46 - [MESSAGE][PASSED] - Delayed 2 second(s)

2019-04-15 12:33:46 - [TEST_STEP][PASSED] - waitForElementPresent(findTestObject("Regression BackOffice/CLINK - 27906/ClientRollbackLink"), 50): Object 'Object Repository/Regression BackOffice/CLINK - 27906/ClientRollbackLink' is present

2019-04-15 12:33:46 - [MESSAGE][PASSED] - Object 'Object Repository/Regression BackOffice/CLINK - 27906/ClientRollbackLink' is present

2019-04-15 12:33:46 - [TEST_STEP][PASSED] - click(findTestObject("Regression BackOffice/CLINK - 27906/ClientRollbackLink"), STOP_ON_FAILURE): Object: 'Object Repository/Regression BackOffice/CLINK - 27906/ClientRollbackLink' is clicked on

2019-04-15 12:33:53 - [MESSAGE][PASSED] - Object: 'Object Repository/Regression BackOffice/CLINK - 27906/ClientRollbackLink' is clicked on

2019-04-15 12:33:53 - [TEST_STEP][PASSED] - delay(2): Delayed 2 second(s)

2019-04-15 12:33:55 - [MESSAGE][PASSED] - Delayed 2 second(s)

2019-04-15 12:33:55 - [TEST_STEP][PASSED] - switchToFrame(findTestObject("Regression BackOffice/CLNK-23449/FrameMain"), 30): null

2019-04-15 12:33:55 - [TEST_STEP][PASSED] - waitForElementPresent(findTestObject("Regression BackOffice/CLINK - 27906/ClinicalManagersLink"), 50): Object 'Object Repository/Regression BackOffice/CLINK - 27906/ClinicalManagersLink' is present

2019-04-15 12:33:55 - [MESSAGE][PASSED] - Object 'Object Repository/Regression BackOffice/CLINK - 27906/ClinicalManagersLink' is present

2019-04-15 12:33:55 - [TEST_STEP][PASSED] - click(findTestObject("Regression BackOffice/CLINK - 27906/ClinicalManagersLink"), STOP_ON_FAILURE): Object: 'Object Repository/Regression BackOffice/CLINK - 27906/ClinicalManagersLink' is clicked on

2019-04-15 12:33:55 - [MESSAGE][PASSED] - Object: 'Object Repository/Regression BackOffice/CLINK - 27906/ClinicalManagersLink' is clicked on

2019-04-15 12:33:55 - [TEST_STEP][PASSED] - delay(2): Delayed 2 second(s)

2019-04-15 12:33:57 - [MESSAGE][PASSED] - Delayed 2 second(s)

2019-04-15 12:33:57 - [TEST_STEP][PASSED] - verifyElementPresent(findTestObject("Regression BackOffice/CLINK - 27906/AddNewClinicalManagerLink"), 60): Object 'Object Repository/Regression BackOffice/CLINK - 27906/AddNewClinicalManagerLink' is present

2019-04-15 12:33:58 - [MESSAGE][PASSED] - Object 'Object Repository/Regression BackOffice/CLINK - 27906/AddNewClinicalManagerLink' is present

2019-04-15 12:33:58 - [TEST_STEP][PASSED] - waitForElementPresent(findTestObject("Regression BackOffice/CLINK - 27906/SameCareManagerChk"), 50): Object 'Object Repository/Regression BackOffice/CLINK - 27906/SameCareManagerChk' is present

2019-04-15 12:33:58 - [MESSAGE][PASSED] - Object 'Object Repository/Regression BackOffice/CLINK - 27906/SameCareManagerChk' is present

2019-04-15 12:33:58 - [TEST_STEP][PASSED] - click(findTestObject("Regression BackOffice/CLINK - 27906/SameCareManagerChk"), STOP_ON_FAILURE): Object: 'Object Repository/Regression BackOffice/CLINK - 27906/SameCareManagerChk' is clicked on

2019-04-15 12:33:58 - [MESSAGE][PASSED] - Object: 'Object Repository/Regression BackOffice/CLINK - 27906/SameCareManagerChk' is clicked on

2019-04-15 12:33:58 - [TEST_STEP][PASSED] - delay(2): Delayed 2 second(s)

2019-04-15 12:34:00 - [MESSAGE][PASSED] - Delayed 2 second(s)

2019-04-15 12:34:00 - [TEST_STEP][PASSED] - waitForElementPresent(findTestObject("Regression BackOffice/CLINK - 27906/SameCareManagerChk"), 50): Object 'Object Repository/Regression BackOffice/CLINK - 27906/SameCareManagerChk' is present

2019-04-15 12:34:00 - [MESSAGE][PASSED] - Object 'Object Repository/Regression BackOffice/CLINK - 27906/SameCareManagerChk' is present

2019-04-15 12:34:00 - [TEST_STEP][PASSED] - click(findTestObject("Regression BackOffice/CLINK - 27906/SameCareManagerChk"), STOP_ON_FAILURE): Object: 'Object Repository/Regression BackOffice/CLINK - 27906/SameCareManagerChk' is clicked on

2019-04-15 12:34:00 - [MESSAGE][PASSED] - Object: 'Object Repository/Regression BackOffice/CLINK - 27906/SameCareManagerChk' is clicked on

2019-04-15 12:34:00 - [TEST_STEP][PASSED] - delay(2): Delayed 2 second(s)

2019-04-15 12:34:02 - [MESSAGE][PASSED] - Delayed 2 second(s)

2019-04-15 12:34:02 - [TEST_STEP][PASSED] - waitForElementPresent(findTestObject("Regression BackOffice/CLINK - 27906/AddNewClinicalManagerLink"), 50): Object 'Object Repository/Regression BackOffice/CLINK - 27906/AddNewClinicalManagerLink' is present

2019-04-15 12:34:02 - [MESSAGE][PASSED] - Object 'Object Repository/Regression BackOffice/CLINK - 27906/AddNewClinicalManagerLink' is present

2019-04-15 12:34:02 - [TEST_STEP][PASSED] - click(findTestObject("Regression BackOffice/CLINK - 27906/AddNewClinicalManagerLink"), STOP_ON_FAILURE): Object: 'Object Repository/Regression BackOffice/CLINK - 27906/AddNewClinicalManagerLink' is clicked on

2019-04-15 12:34:02 - [MESSAGE][PASSED] - Object: 'Object Repository/Regression BackOffice/CLINK - 27906/AddNewClinicalManagerLink' is clicked on

2019-04-15 12:34:02 - [TEST_STEP][PASSED] - delay(2): Delayed 2 second(s)

2019-04-15 12:34:04 - [MESSAGE][PASSED] - Delayed 2 second(s)

2019-04-15 12:34:04 - [TEST_STEP][PASSED] - verifyElementPresent(findTestObject("Regression BackOffice/CLINK - 27906/Id"), 60): Object 'Object Repository/Regression BackOffice/CLINK - 27906/Id' is present

2019-04-15 12:34:05 - [MESSAGE][PASSED] - Object 'Object Repository/Regression BackOffice/CLINK - 27906/Id' is present

2019-04-15 12:34:05 - [TEST_STEP][PASSED] - verifyElementPresent(findTestObject("Regression BackOffice/CLINK - 27906/CareManagerName"), 60): Object 'Object Repository/Regression BackOffice/CLINK - 27906/CareManagerName' is present

2019-04-15 12:34:05 - [MESSAGE][PASSED] - Object 'Object Repository/Regression BackOffice/CLINK - 27906/CareManagerName' is present

2019-04-15 12:34:05 - [TEST_STEP][PASSED] - verifyElementPresent(findTestObject("Regression BackOffice/CLINK - 27906/Discipline"), 60): Object 'Object Repository/Regression BackOffice/CLINK - 27906/Discipline' is present

2019-04-15 12:34:05 - [MESSAGE][PASSED] - Object 'Object Repository/Regression BackOffice/CLINK - 27906/Discipline' is present

2019-04-15 12:34:05 - [TEST_STEP][PASSED] - verifyElementPresent(findTestObject("Regression BackOffice/CLINK - 27906/Delete"), 60): Object 'Object Repository/Regression BackOffice/CLINK - 27906/Delete' is present

2019-04-15 12:34:05 - [MESSAGE][PASSED] - Object 'Object Repository/Regression BackOffice/CLINK - 27906/Delete' is present

2019-04-15 12:34:05 - [TEST_STEP][PASSED] - waitForElementPresent(findTestObject("Regression BackOffice/CLINK - 27906/ClinicalManagerNameText"), 50): Object 'Object Repository/Regression BackOffice/CLINK - 27906/ClinicalManagerNameText' is present

2019-04-15 12:34:05 - [MESSAGE][PASSED] - Object 'Object Repository/Regression BackOffice/CLINK - 27906/ClinicalManagerNameText' is present

2019-04-15 12:34:05 - [TEST_STEP][PASSED] - setText(findTestObject("Regression BackOffice/CLINK - 27906/ClinicalManagerNameText"), G_ClinicalManager): Text 'Nurse' is set on object 'Object Repository/Regression BackOffice/CLINK - 27906/ClinicalManagerNameText'

2019-04-15 12:34:05 - [MESSAGE][PASSED] - Text 'Nurse' is set on object 'Object Repository/Regression BackOffice/CLINK - 27906/ClinicalManagerNameText'

2019-04-15 12:34:05 - [TEST_STEP][PASSED] - delay(2): Delayed 2 second(s)

2019-04-15 12:34:07 - [MESSAGE][PASSED] - Delayed 2 second(s)

2019-04-15 12:34:07 - [TEST_STEP][PASSED] - waitForElementPresent(findTestObject("Regression BackOffice/CLINK - 27906/li_Admin"), 50): Object 'Object Repository/Regression BackOffice/CLINK - 27906/li_Admin' is present

2019-04-15 12:34:07 - [MESSAGE][PASSED] - Object 'Object Repository/Regression BackOffice/CLINK - 27906/li_Admin' is present

2019-04-15 12:34:07 - [TEST_STEP][PASSED] - click(findTestObject("Regression BackOffice/CLINK - 27906/li_Admin"), STOP_ON_FAILURE): Object: 'Object Repository/Regression BackOffice/CLINK - 27906/li_Admin' is clicked on

2019-04-15 12:34:08 - [MESSAGE][PASSED] - Object: 'Object Repository/Regression BackOffice/CLINK - 27906/li_Admin' is clicked on

2019-04-15 12:34:08 - [TEST_STEP][PASSED] - delay(2): Delayed 2 second(s)

2019-04-15 12:34:10 - [MESSAGE][PASSED] - Delayed 2 second(s)

2019-04-15 12:34:10 - [TEST_STEP][PASSED] - waitForElementPresent(findTestObject("Regression BackOffice/CLINK - 27906/AddToListLink"), 50): Object 'Object Repository/Regression BackOffice/CLINK - 27906/AddToListLink' is present

2019-04-15 12:34:10 - [MESSAGE][PASSED] - Object 'Object Repository/Regression BackOffice/CLINK - 27906/AddToListLink' is present

2019-04-15 12:34:10 - [TEST_STEP][PASSED] - click(findTestObject("Regression BackOffice/CLINK - 27906/AddToListLink"), STOP_ON_FAILURE): Object: 'Object Repository/Regression BackOffice/CLINK - 27906/AddToListLink' is clicked on

2019-04-15 12:34:10 - [MESSAGE][PASSED] - Object: 'Object Repository/Regression BackOffice/CLINK - 27906/AddToListLink' is clicked on

2019-04-15 12:34:10 - [TEST_STEP][PASSED] - delay(2): Delayed 2 second(s)

2019-04-15 12:34:12 - [MESSAGE][PASSED] - Delayed 2 second(s)

2019-04-15 12:34:12 - [TEST_STEP][PASSED] - waitForElementPresent(findTestObject("Regression BackOffice/CLINK - 27906/DeleteIcon"), 50): Object 'Object Repository/Regression BackOffice/CLINK - 27906/DeleteIcon' is present

2019-04-15 12:34:12 - [MESSAGE][PASSED] - Object 'Object Repository/Regression BackOffice/CLINK - 27906/DeleteIcon' is present

2019-04-15 12:34:12 - [TEST_STEP][PASSED] - click(findTestObject("Regression BackOffice/CLINK - 27906/DeleteIcon"), STOP_ON_FAILURE): Object: 'Object Repository/Regression BackOffice/CLINK - 27906/DeleteIcon' is clicked on

2019-04-15 12:34:12 - [MESSAGE][PASSED] - Object: 'Object Repository/Regression BackOffice/CLINK - 27906/DeleteIcon' is clicked on

2019-04-15 12:34:12 - [TEST_STEP][PASSED] - delay(2): Delayed 2 second(s)

2019-04-15 12:34:14 - [MESSAGE][PASSED] - Delayed 2 second(s)

2019-04-15 12:34:14 - [TEST_STEP][PASSED] - acceptAlert(STOP_ON_FAILURE): Alert accepted

2019-04-15 12:34:14 - [MESSAGE][PASSED] - Alert accepted

2019-04-15 12:34:14 - [TEST_STEP][PASSED] - delay(3): Delayed 3 second(s)

2019-04-15 12:34:17 - [MESSAGE][PASSED] - Delayed 3 second(s)

2019-04-15 12:34:17 - [TEST_STEP][PASSED] - closeBrowser(): Browser is closed

2019-04-15 12:34:18 - [MESSAGE][PASSED] - Browser is closed]]></system-out>
         <system-err><![CDATA[]]></system-err>
      </testcase>
      <system-out><![CDATA[2019-04-15 12:23:07 - [TEST_SUITE][PASSED] - Regression BackOffice: Test Cases/Regression BackOffice (All Browsers)/CLNK-27906 - (Task B) Update Care Manager Control in Admission Details]]></system-out>
      <system-err><![CDATA[]]></system-err>
   </testsuite>
</testsuites>
