<?xml version="1.0" encoding="UTF-8"?>
<testsuites name="Regression FrontEnd" time="247" tests="3" failures="0" errors="0">
   <testsuite name="Regression FrontEnd" tests="3" failures="0" errors="0" time="247" timestamp="2019-05-28 12:46:44" hostname="isaac - DESKTOP-RO0FF5F" id="Test Suites/Regression Clinical Edge/Regression FrontEnd">
      <properties>
         <property name="deviceName" value=""/>
         <property name="devicePlatform" value=""/>
         <property name="logFolder" value="C:\\Users\\isaac\\Katalon Studio\\Continulink\\Reports\\Regression Clinical Edge\\Regression FrontEnd\\20190528_124633"/>
         <property name="logFiles" value="C:\\Users\\isaac\\Katalon Studio\\Continulink\\Reports\\Regression Clinical Edge\\Regression FrontEnd\\20190528_124633\\execution0.log"/>
         <property name="attachments" value=""/>
         <property name="hostName" value="isaac - DESKTOP-RO0FF5F"/>
         <property name="os" value="Windows 10 64bit"/>
         <property name="katalonVersion" value="6.0.5.4"/>
         <property name="browser" value="Chrome 74.0.3729.169"/>
         <property name="hostAddress" value="192.168.0.103"/>
         <property name="sessionId" value="d050416f322bd72b9713e09ec9a99c6c"/>
         <property name="seleniumVersion" value="3.7.1"/>
         <property name="proxyInformation" value="ProxyInformation{proxyOption=NO_PROXY, proxyServerType=HTTP, password=, proxyServerAddress=, proxyServerPort=0}"/>
         <property name="platform" value="Windows 10"/>
      </properties>
      <testcase name="Test Cases/Regression Clinical Edge (All Browsers)/CLNK-23497 - CLINICAL EDGE - Start Of Care" classname="Test Cases/Regression Clinical Edge (All Browsers)/CLNK-23497 - CLINICAL EDGE - Start Of Care" status="PASSED">
         <system-out><![CDATA[2019-05-28 12:46:45 - [TEST_CASE][PASSED] - Test Cases/Regression Clinical Edge (All Browsers)/CLNK-23497 - CLINICAL EDGE - Start Of Care: Test Cases/Regression Clinical Edge (All Browsers)/CLNK-23497 - CLINICAL EDGE - Start Of Care

2019-05-28 12:46:47 - [TEST_STEP][PASSED] - callTestCase(findTestCase("Regression Clinical Edge (All Browsers)/CLNK-23349 - ContinuLink - Login"), [:], STOP_ON_FAILURE): Call Test Case 'Test Cases/Regression Clinical Edge (All Browsers)/CLNK-23349 - ContinuLink - Login' successfully

2019-05-28 12:46:47 - [TEST_CASE][PASSED] - Test Cases/Regression Clinical Edge (All Browsers)/CLNK-23349 - ContinuLink - Login: Test Cases/Regression Clinical Edge (All Browsers)/CLNK-23349 - ContinuLink - Login

2019-05-28 12:46:48 - [TEST_STEP][PASSED] - openBrowser(G_SiteURL): Browser is opened with url: 'https://qanewpoc.continulink.com/Account/Login.aspx?ReturnUrl=%2fdefault.aspx'

2019-05-28 12:46:51 - [MESSAGE][INFO] - Starting 'Chrome' driver

2019-05-28 12:46:51 - [MESSAGE][INFO] - Action delay is set to 0 seconds

2019-05-28 12:47:09 - [MESSAGE][PASSED] - Browser is opened with url: 'https://qanewpoc.continulink.com/Account/Login.aspx?ReturnUrl=%2fdefault.aspx'

2019-05-28 12:47:09 - [TEST_STEP][PASSED] - waitForPageLoad(60): Wait for page load successfully

2019-05-28 12:47:10 - [MESSAGE][PASSED] - Wait for page load successfully

2019-05-28 12:47:10 - [TEST_STEP][PASSED] - maximizeWindow(): Current window maximized

2019-05-28 12:47:11 - [MESSAGE][PASSED] - Current window maximized

2019-05-28 12:47:11 - [TEST_STEP][PASSED] - setText(findTestObject("Regression Clinical Edge/CLNK-23349/User"), G_User): Text 'Mobinnur' is set on object 'Object Repository/Regression Clinical Edge/CLNK-23349/User'

2019-05-28 12:47:13 - [MESSAGE][PASSED] - Text 'Mobinnur' is set on object 'Object Repository/Regression Clinical Edge/CLNK-23349/User'

2019-05-28 12:47:13 - [TEST_STEP][PASSED] - setText(findTestObject("Regression Clinical Edge/CLNK-23349/Password"), G_Password): Text 'qwerty' is set on object 'Object Repository/Regression Clinical Edge/CLNK-23349/Password'

2019-05-28 12:47:14 - [MESSAGE][PASSED] - Text 'qwerty' is set on object 'Object Repository/Regression Clinical Edge/CLNK-23349/Password'

2019-05-28 12:47:14 - [TEST_STEP][PASSED] - click(findTestObject("Regression Clinical Edge/CLNK-23349/Button_LogIn")): Object: 'Object Repository/Regression Clinical Edge/CLNK-23349/Button_LogIn' is clicked on

2019-05-28 12:47:19 - [MESSAGE][PASSED] - Object: 'Object Repository/Regression Clinical Edge/CLNK-23349/Button_LogIn' is clicked on

2019-05-28 12:47:19 - [TEST_STEP][PASSED] - waitForPageLoad(60): Wait for page load successfully

2019-05-28 12:47:19 - [MESSAGE][PASSED] - Wait for page load successfully

2019-05-28 12:47:19 - [TEST_STEP][PASSED] - delay(2): Delayed 2 second(s)

2019-05-28 12:47:21 - [MESSAGE][PASSED] - Delayed 2 second(s)

2019-05-28 12:47:21 - [TEST_STEP][PASSED] - waitForElementPresent(findTestObject("Regression Clinical Edge/CLINK-23509/button_Close"), 100): Object 'Object Repository/Regression Clinical Edge/CLINK-23509/button_Close' is present

2019-05-28 12:47:23 - [MESSAGE][PASSED] - Object 'Object Repository/Regression Clinical Edge/CLINK-23509/button_Close' is present

2019-05-28 12:47:23 - [TEST_STEP][PASSED] - click(findTestObject("Regression Clinical Edge/CLINK-23509/button_Close")): Object: 'Object Repository/Regression Clinical Edge/CLINK-23509/button_Close' is clicked on

2019-05-28 12:47:24 - [MESSAGE][PASSED] - Object: 'Object Repository/Regression Clinical Edge/CLINK-23509/button_Close' is clicked on

2019-05-28 12:47:24 - [TEST_STEP][PASSED] - delay(2): Delayed 2 second(s)

2019-05-28 12:47:26 - [MESSAGE][PASSED] - Delayed 2 second(s)

2019-05-28 12:47:26 - [MESSAGE][PASSED] - Call Test Case 'Test Cases/Regression Clinical Edge (All Browsers)/CLNK-23349 - ContinuLink - Login' successfully

2019-05-28 12:47:26 - [TEST_STEP][PASSED] - waitForPageLoad(60): Wait for page load successfully

2019-05-28 12:47:26 - [MESSAGE][PASSED] - Wait for page load successfully

2019-05-28 12:47:26 - [TEST_STEP][PASSED] - maximizeWindow(): Current window maximized

2019-05-28 12:47:26 - [MESSAGE][PASSED] - Current window maximized

2019-05-28 12:47:26 - [TEST_STEP][PASSED] - waitForPageLoad(60): Wait for page load successfully

2019-05-28 12:47:26 - [MESSAGE][PASSED] - Wait for page load successfully

2019-05-28 12:47:26 - [TEST_STEP][PASSED] - delay(8): Delayed 8 second(s)

2019-05-28 12:47:34 - [MESSAGE][PASSED] - Delayed 8 second(s)

2019-05-28 12:47:34 - [TEST_STEP][NOT_RUN] - waitForElementPresent(findTestObject("Regression Clinical Edge/CLNK-23497/button_Close"), 100): NOT_RUN: waitForElementPresent(findTestObject("Regression Clinical Edge/CLNK-23497/button_Close"), 100)

2019-05-28 12:47:34 - [MESSAGE][NOT_RUN] - NOT_RUN: waitForElementPresent(findTestObject("Regression Clinical Edge/CLNK-23497/button_Close"), 100)

2019-05-28 12:47:34 - [TEST_STEP][NOT_RUN] - click(findTestObject("Regression Clinical Edge/CLNK-23497/button_Close")): NOT_RUN: click(findTestObject("Regression Clinical Edge/CLNK-23497/button_Close"))

2019-05-28 12:47:34 - [MESSAGE][NOT_RUN] - NOT_RUN: click(findTestObject("Regression Clinical Edge/CLNK-23497/button_Close"))

2019-05-28 12:47:34 - [TEST_STEP][NOT_RUN] - delay(2): NOT_RUN: delay(2)

2019-05-28 12:47:34 - [MESSAGE][NOT_RUN] - NOT_RUN: delay(2)

2019-05-28 12:47:34 - [TEST_STEP][PASSED] - waitForElementPresent(findTestObject("Regression Clinical Edge/ClientPage/HomeLink"), 100): Object 'Object Repository/Regression Clinical Edge/ClientPage/HomeLink' is present

2019-05-28 12:47:35 - [MESSAGE][PASSED] - Object 'Object Repository/Regression Clinical Edge/ClientPage/HomeLink' is present

2019-05-28 12:47:35 - [TEST_STEP][PASSED] - click(findTestObject("Regression Clinical Edge/ClientPage/HomeLink")): Object: 'Object Repository/Regression Clinical Edge/ClientPage/HomeLink' is clicked on

2019-05-28 12:47:37 - [MESSAGE][PASSED] - Object: 'Object Repository/Regression Clinical Edge/ClientPage/HomeLink' is clicked on

2019-05-28 12:47:37 - [TEST_STEP][PASSED] - delay(2): Delayed 2 second(s)

2019-05-28 12:47:39 - [MESSAGE][PASSED] - Delayed 2 second(s)

2019-05-28 12:47:39 - [TEST_STEP][PASSED] - waitForPageLoad(50): Wait for page load successfully

2019-05-28 12:47:40 - [MESSAGE][PASSED] - Wait for page load successfully

2019-05-28 12:47:40 - [TEST_STEP][PASSED] - waitForElementPresent(findTestObject("Regression Clinical Edge/HomePage/RequestTab"), 50): Object 'Object Repository/Regression Clinical Edge/HomePage/RequestTab' is present

2019-05-28 12:47:41 - [MESSAGE][PASSED] - Object 'Object Repository/Regression Clinical Edge/HomePage/RequestTab' is present

2019-05-28 12:47:41 - [TEST_STEP][PASSED] - click(findTestObject("Regression Clinical Edge/HomePage/RequestTab")): Object: 'Object Repository/Regression Clinical Edge/HomePage/RequestTab' is clicked on

2019-05-28 12:47:41 - [MESSAGE][PASSED] - Object: 'Object Repository/Regression Clinical Edge/HomePage/RequestTab' is clicked on

2019-05-28 12:47:41 - [TEST_STEP][PASSED] - delay(2): Delayed 2 second(s)

2019-05-28 12:47:43 - [MESSAGE][PASSED] - Delayed 2 second(s)

2019-05-28 12:47:43 - [TEST_STEP][PASSED] - waitForElementPresent(findTestObject("Regression Clinical Edge/HomePage/SearchText"), 50): Object 'Object Repository/Regression Clinical Edge/HomePage/SearchText' is present

2019-05-28 12:47:43 - [MESSAGE][PASSED] - Object 'Object Repository/Regression Clinical Edge/HomePage/SearchText' is present

2019-05-28 12:47:43 - [TEST_STEP][PASSED] - setText(findTestObject("Regression Clinical Edge/HomePage/SearchText"), G_ClientLastName): Text 'Reik' is set on object 'Object Repository/Regression Clinical Edge/HomePage/SearchText'

2019-05-28 12:47:44 - [MESSAGE][PASSED] - Text 'Reik' is set on object 'Object Repository/Regression Clinical Edge/HomePage/SearchText'

2019-05-28 12:47:44 - [TEST_STEP][PASSED] - delay(3): Delayed 3 second(s)

2019-05-28 12:47:47 - [MESSAGE][PASSED] - Delayed 3 second(s)

2019-05-28 12:47:47 - [TEST_STEP][PASSED] - scrollToElement(findTestObject("Regression Clinical Edge/CLINK-23314/a_Khur Heather (535592)"), 60): Scroll to object 'Object Repository/Regression Clinical Edge/CLINK-23314/a_Khur Heather (535592)' successfully

2019-05-28 12:47:48 - [MESSAGE][PASSED] - Scroll to object 'Object Repository/Regression Clinical Edge/CLINK-23314/a_Khur Heather (535592)' successfully

2019-05-28 12:47:48 - [TEST_STEP][PASSED] - waitForElementPresent(findTestObject("Regression Clinical Edge/CLINK-23314/a_Khur Heather (535592)"), 60): Object 'Object Repository/Regression Clinical Edge/CLINK-23314/a_Khur Heather (535592)' is present

2019-05-28 12:47:48 - [MESSAGE][PASSED] - Object 'Object Repository/Regression Clinical Edge/CLINK-23314/a_Khur Heather (535592)' is present

2019-05-28 12:47:48 - [TEST_STEP][PASSED] - click(findTestObject("Regression Clinical Edge/CLINK-23314/a_Khur Heather (535592)")): Object: 'Object Repository/Regression Clinical Edge/CLINK-23314/a_Khur Heather (535592)' is clicked on

2019-05-28 12:47:52 - [MESSAGE][PASSED] - Object: 'Object Repository/Regression Clinical Edge/CLINK-23314/a_Khur Heather (535592)' is clicked on

2019-05-28 12:47:52 - [TEST_STEP][PASSED] - delay(5): Delayed 5 second(s)

2019-05-28 12:47:57 - [MESSAGE][PASSED] - Delayed 5 second(s)

2019-05-28 12:47:57 - [TEST_STEP][PASSED] - waitForPageLoad(50): Wait for page load successfully

2019-05-28 12:47:57 - [MESSAGE][PASSED] - Wait for page load successfully

2019-05-28 12:47:57 - [TEST_STEP][PASSED] - delay(3): Delayed 3 second(s)

2019-05-28 12:48:00 - [MESSAGE][PASSED] - Delayed 3 second(s)

2019-05-28 12:48:00 - [TEST_STEP][PASSED] - waitForElementPresent(findTestObject("Regression Clinical Edge/HomePage/ClientLink"), 100): Object 'Object Repository/Regression Clinical Edge/HomePage/ClientLink' is present

2019-05-28 12:48:00 - [MESSAGE][PASSED] - Object 'Object Repository/Regression Clinical Edge/HomePage/ClientLink' is present

2019-05-28 12:48:00 - [TEST_STEP][PASSED] - click(findTestObject("Regression Clinical Edge/HomePage/ClientLink")): Object: 'Object Repository/Regression Clinical Edge/HomePage/ClientLink' is clicked on

2019-05-28 12:48:03 - [MESSAGE][PASSED] - Object: 'Object Repository/Regression Clinical Edge/HomePage/ClientLink' is clicked on

2019-05-28 12:48:03 - [TEST_STEP][PASSED] - delay(2): Delayed 2 second(s)

2019-05-28 12:48:05 - [MESSAGE][PASSED] - Delayed 2 second(s)

2019-05-28 12:48:05 - [TEST_STEP][PASSED] - waitForPageLoad(50): Wait for page load successfully

2019-05-28 12:48:06 - [MESSAGE][PASSED] - Wait for page load successfully

2019-05-28 12:48:06 - [TEST_STEP][PASSED] - scrollToElement(findTestObject("Regression Clinical Edge/CLNK-23497/AddAssessments"), 50): Scroll to object 'Object Repository/Regression Clinical Edge/CLNK-23497/AddAssessments' successfully

2019-05-28 12:48:06 - [MESSAGE][PASSED] - Scroll to object 'Object Repository/Regression Clinical Edge/CLNK-23497/AddAssessments' successfully

2019-05-28 12:48:06 - [TEST_STEP][PASSED] - waitForElementPresent(findTestObject("Regression Clinical Edge/CLNK-23497/AddAssessments"), 50): Object 'Object Repository/Regression Clinical Edge/CLNK-23497/AddAssessments' is present

2019-05-28 12:48:06 - [MESSAGE][PASSED] - Object 'Object Repository/Regression Clinical Edge/CLNK-23497/AddAssessments' is present

2019-05-28 12:48:06 - [TEST_STEP][PASSED] - click(findTestObject("Regression Clinical Edge/CLNK-23497/AddAssessments")): Object: 'Object Repository/Regression Clinical Edge/CLNK-23497/AddAssessments' is clicked on

2019-05-28 12:48:06 - [MESSAGE][PASSED] - Object: 'Object Repository/Regression Clinical Edge/CLNK-23497/AddAssessments' is clicked on

2019-05-28 12:48:06 - [TEST_STEP][PASSED] - waitForElementPresent(findTestObject("Regression Clinical Edge/CLNK-23497/AssessmentList"), 50): Object 'Object Repository/Regression Clinical Edge/CLNK-23497/AssessmentList' is present

2019-05-28 12:48:07 - [MESSAGE][PASSED] - Object 'Object Repository/Regression Clinical Edge/CLNK-23497/AssessmentList' is present

2019-05-28 12:48:07 - [TEST_STEP][PASSED] - click(findTestObject("Regression Clinical Edge/CLNK-23497/AssessmentList")): Object: 'Object Repository/Regression Clinical Edge/CLNK-23497/AssessmentList' is clicked on

2019-05-28 12:48:07 - [MESSAGE][PASSED] - Object: 'Object Repository/Regression Clinical Edge/CLNK-23497/AssessmentList' is clicked on

2019-05-28 12:48:07 - [TEST_STEP][PASSED] - selectOptionByLabel(findTestObject("Regression Clinical Edge/CLNK-23497/AssessmentList"), "Start of care - further visits planned (C2)", false): All options with label 'Start of care - further visits planned (C2)' are selected in object 'Object Repository/Regression Clinical Edge/CLNK-23497/AssessmentList' 

2019-05-28 12:48:08 - [MESSAGE][PASSED] - All options with label 'Start of care - further visits planned (C2)' are selected in object 'Object Repository/Regression Clinical Edge/CLNK-23497/AssessmentList' 

2019-05-28 12:48:08 - [TEST_STEP][PASSED] - waitForElementPresent(findTestObject("Regression Clinical Edge/CLNK-23497/DateAssessment"), 50): Object 'Object Repository/Regression Clinical Edge/CLNK-23497/DateAssessment' is present

2019-05-28 12:48:08 - [MESSAGE][PASSED] - Object 'Object Repository/Regression Clinical Edge/CLNK-23497/DateAssessment' is present

2019-05-28 12:48:09 - [TEST_STEP][PASSED] - setText(findTestObject("Regression Clinical Edge/CLNK-23497/DateAssessment"), getDate.DateUtilities.getDateMonthDayYearNumberwithSlash()): Text '05/28/2019' is set on object 'Object Repository/Regression Clinical Edge/CLNK-23497/DateAssessment'

2019-05-28 12:48:09 - [MESSAGE][PASSED] - getDate.DateUtilities.getDateMonthDayYearNumberwithSlash is PASSED

2019-05-28 12:48:10 - [MESSAGE][PASSED] - Text '05/28/2019' is set on object 'Object Repository/Regression Clinical Edge/CLNK-23497/DateAssessment'

2019-05-28 12:48:10 - [TEST_STEP][PASSED] - delay(2): Delayed 2 second(s)

2019-05-28 12:48:12 - [MESSAGE][PASSED] - Delayed 2 second(s)

2019-05-28 12:48:12 - [TEST_STEP][PASSED] - waitForElementPresent(findTestObject("Regression Clinical Edge/CLNK-23497/SaveAssessment"), 50): Object 'Object Repository/Regression Clinical Edge/CLNK-23497/SaveAssessment' is present

2019-05-28 12:48:13 - [MESSAGE][PASSED] - Object 'Object Repository/Regression Clinical Edge/CLNK-23497/SaveAssessment' is present

2019-05-28 12:48:13 - [TEST_STEP][PASSED] - click(findTestObject("Regression Clinical Edge/CLNK-23497/SaveAssessment")): Object: 'Object Repository/Regression Clinical Edge/CLNK-23497/SaveAssessment' is clicked on

2019-05-28 12:48:14 - [MESSAGE][PASSED] - Object: 'Object Repository/Regression Clinical Edge/CLNK-23497/SaveAssessment' is clicked on

2019-05-28 12:48:14 - [TEST_STEP][PASSED] - delay(3): Delayed 3 second(s)

2019-05-28 12:48:17 - [MESSAGE][PASSED] - Delayed 3 second(s)

2019-05-28 12:48:17 - [TEST_STEP][PASSED] - closeBrowser(): Browser is closed

2019-05-28 12:48:18 - [MESSAGE][PASSED] - Browser is closed]]></system-out>
         <system-err><![CDATA[]]></system-err>
      </testcase>
      <testcase name="Test Cases/Regression Clinical Edge (All Browsers)/CLNK-23504 - Clinical Edge - POC - Pick Assessment" classname="Test Cases/Regression Clinical Edge (All Browsers)/CLNK-23504 - Clinical Edge - POC - Pick Assessment" status="PASSED">
         <system-out><![CDATA[2019-05-28 12:48:20 - [TEST_CASE][PASSED] - Test Cases/Regression Clinical Edge (All Browsers)/CLNK-23504 - Clinical Edge - POC - Pick Assessment: Test Cases/Regression Clinical Edge (All Browsers)/CLNK-23504 - Clinical Edge - POC - Pick Assessment

2019-05-28 12:48:21 - [TEST_STEP][PASSED] - callTestCase(findTestCase("Regression Clinical Edge (All Browsers)/CLNK-23349 - ContinuLink - Login"), [:], STOP_ON_FAILURE): Call Test Case 'Test Cases/Regression Clinical Edge (All Browsers)/CLNK-23349 - ContinuLink - Login' successfully

2019-05-28 12:48:21 - [TEST_CASE][PASSED] - Test Cases/Regression Clinical Edge (All Browsers)/CLNK-23349 - ContinuLink - Login: Test Cases/Regression Clinical Edge (All Browsers)/CLNK-23349 - ContinuLink - Login

2019-05-28 12:48:21 - [TEST_STEP][PASSED] - openBrowser(G_SiteURL): Browser is opened with url: 'https://qanewpoc.continulink.com/Account/Login.aspx?ReturnUrl=%2fdefault.aspx'

2019-05-28 12:48:21 - [MESSAGE][INFO] - Starting 'Chrome' driver

2019-05-28 12:48:33 - [MESSAGE][PASSED] - Browser is opened with url: 'https://qanewpoc.continulink.com/Account/Login.aspx?ReturnUrl=%2fdefault.aspx'

2019-05-28 12:48:33 - [TEST_STEP][PASSED] - waitForPageLoad(60): Wait for page load successfully

2019-05-28 12:48:33 - [MESSAGE][PASSED] - Wait for page load successfully

2019-05-28 12:48:33 - [TEST_STEP][PASSED] - maximizeWindow(): Current window maximized

2019-05-28 12:48:35 - [MESSAGE][PASSED] - Current window maximized

2019-05-28 12:48:35 - [TEST_STEP][PASSED] - setText(findTestObject("Regression Clinical Edge/CLNK-23349/User"), G_User): Text 'Mobinnur' is set on object 'Object Repository/Regression Clinical Edge/CLNK-23349/User'

2019-05-28 12:48:35 - [MESSAGE][PASSED] - Text 'Mobinnur' is set on object 'Object Repository/Regression Clinical Edge/CLNK-23349/User'

2019-05-28 12:48:35 - [TEST_STEP][PASSED] - setText(findTestObject("Regression Clinical Edge/CLNK-23349/Password"), G_Password): Text 'qwerty' is set on object 'Object Repository/Regression Clinical Edge/CLNK-23349/Password'

2019-05-28 12:48:36 - [MESSAGE][PASSED] - Text 'qwerty' is set on object 'Object Repository/Regression Clinical Edge/CLNK-23349/Password'

2019-05-28 12:48:36 - [TEST_STEP][PASSED] - click(findTestObject("Regression Clinical Edge/CLNK-23349/Button_LogIn")): Object: 'Object Repository/Regression Clinical Edge/CLNK-23349/Button_LogIn' is clicked on

2019-05-28 12:48:40 - [MESSAGE][PASSED] - Object: 'Object Repository/Regression Clinical Edge/CLNK-23349/Button_LogIn' is clicked on

2019-05-28 12:48:40 - [TEST_STEP][PASSED] - waitForPageLoad(60): Wait for page load successfully

2019-05-28 12:48:40 - [MESSAGE][PASSED] - Wait for page load successfully

2019-05-28 12:48:40 - [TEST_STEP][PASSED] - delay(2): Delayed 2 second(s)

2019-05-28 12:48:42 - [MESSAGE][PASSED] - Delayed 2 second(s)

2019-05-28 12:48:42 - [TEST_STEP][PASSED] - waitForElementPresent(findTestObject("Regression Clinical Edge/CLINK-23509/button_Close"), 100): Object 'Object Repository/Regression Clinical Edge/CLINK-23509/button_Close' is present

2019-05-28 12:48:42 - [MESSAGE][PASSED] - Object 'Object Repository/Regression Clinical Edge/CLINK-23509/button_Close' is present

2019-05-28 12:48:42 - [TEST_STEP][PASSED] - click(findTestObject("Regression Clinical Edge/CLINK-23509/button_Close")): Object: 'Object Repository/Regression Clinical Edge/CLINK-23509/button_Close' is clicked on

2019-05-28 12:48:42 - [MESSAGE][PASSED] - Object: 'Object Repository/Regression Clinical Edge/CLINK-23509/button_Close' is clicked on

2019-05-28 12:48:42 - [TEST_STEP][PASSED] - delay(2): Delayed 2 second(s)

2019-05-28 12:48:44 - [MESSAGE][PASSED] - Delayed 2 second(s)

2019-05-28 12:48:44 - [MESSAGE][PASSED] - Call Test Case 'Test Cases/Regression Clinical Edge (All Browsers)/CLNK-23349 - ContinuLink - Login' successfully

2019-05-28 12:48:44 - [TEST_STEP][PASSED] - waitForPageLoad(60): Wait for page load successfully

2019-05-28 12:48:44 - [MESSAGE][PASSED] - Wait for page load successfully

2019-05-28 12:48:44 - [TEST_STEP][PASSED] - maximizeWindow(): Current window maximized

2019-05-28 12:48:44 - [MESSAGE][PASSED] - Current window maximized

2019-05-28 12:48:44 - [TEST_STEP][PASSED] - waitForPageLoad(60): Wait for page load successfully

2019-05-28 12:48:44 - [MESSAGE][PASSED] - Wait for page load successfully

2019-05-28 12:48:44 - [TEST_STEP][PASSED] - delay(8): Delayed 8 second(s)

2019-05-28 12:48:52 - [MESSAGE][PASSED] - Delayed 8 second(s)

2019-05-28 12:48:52 - [TEST_STEP][NOT_RUN] - waitForElementPresent(findTestObject("Regression Clinical Edge/CLNK-23497/button_Close"), 100): NOT_RUN: waitForElementPresent(findTestObject("Regression Clinical Edge/CLNK-23497/button_Close"), 100)

2019-05-28 12:48:52 - [MESSAGE][NOT_RUN] - NOT_RUN: waitForElementPresent(findTestObject("Regression Clinical Edge/CLNK-23497/button_Close"), 100)

2019-05-28 12:48:52 - [TEST_STEP][NOT_RUN] - click(findTestObject("Regression Clinical Edge/CLNK-23497/button_Close")): NOT_RUN: click(findTestObject("Regression Clinical Edge/CLNK-23497/button_Close"))

2019-05-28 12:48:53 - [MESSAGE][NOT_RUN] - NOT_RUN: click(findTestObject("Regression Clinical Edge/CLNK-23497/button_Close"))

2019-05-28 12:48:53 - [TEST_STEP][NOT_RUN] - delay(2): NOT_RUN: delay(2)

2019-05-28 12:48:53 - [MESSAGE][NOT_RUN] - NOT_RUN: delay(2)

2019-05-28 12:48:53 - [TEST_STEP][PASSED] - waitForElementPresent(findTestObject("Regression Clinical Edge/ClientPage/HomeLink"), 100): Object 'Object Repository/Regression Clinical Edge/ClientPage/HomeLink' is present

2019-05-28 12:48:53 - [MESSAGE][PASSED] - Object 'Object Repository/Regression Clinical Edge/ClientPage/HomeLink' is present

2019-05-28 12:48:53 - [TEST_STEP][PASSED] - click(findTestObject("Regression Clinical Edge/ClientPage/HomeLink")): Object: 'Object Repository/Regression Clinical Edge/ClientPage/HomeLink' is clicked on

2019-05-28 12:48:54 - [MESSAGE][PASSED] - Object: 'Object Repository/Regression Clinical Edge/ClientPage/HomeLink' is clicked on

2019-05-28 12:48:54 - [TEST_STEP][PASSED] - delay(2): Delayed 2 second(s)

2019-05-28 12:48:56 - [MESSAGE][PASSED] - Delayed 2 second(s)

2019-05-28 12:48:56 - [TEST_STEP][PASSED] - waitForPageLoad(50): Wait for page load successfully

2019-05-28 12:48:57 - [MESSAGE][PASSED] - Wait for page load successfully

2019-05-28 12:48:57 - [TEST_STEP][PASSED] - waitForElementPresent(findTestObject("Regression Clinical Edge/HomePage/RequestTab"), 50): Object 'Object Repository/Regression Clinical Edge/HomePage/RequestTab' is present

2019-05-28 12:48:57 - [MESSAGE][PASSED] - Object 'Object Repository/Regression Clinical Edge/HomePage/RequestTab' is present

2019-05-28 12:48:57 - [TEST_STEP][PASSED] - click(findTestObject("Regression Clinical Edge/HomePage/RequestTab")): Object: 'Object Repository/Regression Clinical Edge/HomePage/RequestTab' is clicked on

2019-05-28 12:48:57 - [MESSAGE][PASSED] - Object: 'Object Repository/Regression Clinical Edge/HomePage/RequestTab' is clicked on

2019-05-28 12:48:57 - [TEST_STEP][PASSED] - delay(2): Delayed 2 second(s)

2019-05-28 12:48:59 - [MESSAGE][PASSED] - Delayed 2 second(s)

2019-05-28 12:48:59 - [TEST_STEP][PASSED] - waitForElementPresent(findTestObject("Regression Clinical Edge/HomePage/SearchText"), 50): Object 'Object Repository/Regression Clinical Edge/HomePage/SearchText' is present

2019-05-28 12:48:59 - [MESSAGE][PASSED] - Object 'Object Repository/Regression Clinical Edge/HomePage/SearchText' is present

2019-05-28 12:48:59 - [TEST_STEP][PASSED] - setText(findTestObject("Regression Clinical Edge/HomePage/SearchText"), G_ClientLastName): Text 'Reik' is set on object 'Object Repository/Regression Clinical Edge/HomePage/SearchText'

2019-05-28 12:49:00 - [MESSAGE][PASSED] - Text 'Reik' is set on object 'Object Repository/Regression Clinical Edge/HomePage/SearchText'

2019-05-28 12:49:00 - [TEST_STEP][PASSED] - delay(3): Delayed 3 second(s)

2019-05-28 12:49:03 - [MESSAGE][PASSED] - Delayed 3 second(s)

2019-05-28 12:49:03 - [TEST_STEP][PASSED] - scrollToElement(findTestObject("Regression Clinical Edge/CLINK-23314/a_Khur Heather (535592)"), 60): Scroll to object 'Object Repository/Regression Clinical Edge/CLINK-23314/a_Khur Heather (535592)' successfully

2019-05-28 12:49:03 - [MESSAGE][PASSED] - Scroll to object 'Object Repository/Regression Clinical Edge/CLINK-23314/a_Khur Heather (535592)' successfully

2019-05-28 12:49:03 - [TEST_STEP][PASSED] - waitForElementPresent(findTestObject("Regression Clinical Edge/CLINK-23314/a_Khur Heather (535592)"), 60): Object 'Object Repository/Regression Clinical Edge/CLINK-23314/a_Khur Heather (535592)' is present

2019-05-28 12:49:03 - [MESSAGE][PASSED] - Object 'Object Repository/Regression Clinical Edge/CLINK-23314/a_Khur Heather (535592)' is present

2019-05-28 12:49:03 - [TEST_STEP][PASSED] - click(findTestObject("Regression Clinical Edge/CLINK-23314/a_Khur Heather (535592)")): Object: 'Object Repository/Regression Clinical Edge/CLINK-23314/a_Khur Heather (535592)' is clicked on

2019-05-28 12:49:07 - [MESSAGE][PASSED] - Object: 'Object Repository/Regression Clinical Edge/CLINK-23314/a_Khur Heather (535592)' is clicked on

2019-05-28 12:49:07 - [TEST_STEP][PASSED] - delay(5): Delayed 5 second(s)

2019-05-28 12:49:12 - [MESSAGE][PASSED] - Delayed 5 second(s)

2019-05-28 12:49:12 - [TEST_STEP][PASSED] - waitForPageLoad(50): Wait for page load successfully

2019-05-28 12:49:12 - [MESSAGE][PASSED] - Wait for page load successfully

2019-05-28 12:49:12 - [TEST_STEP][PASSED] - waitForElementPresent(findTestObject("Regression Clinical Edge/HomePage/ClientLink"), 100): Object 'Object Repository/Regression Clinical Edge/HomePage/ClientLink' is present

2019-05-28 12:49:12 - [MESSAGE][PASSED] - Object 'Object Repository/Regression Clinical Edge/HomePage/ClientLink' is present

2019-05-28 12:49:12 - [TEST_STEP][PASSED] - click(findTestObject("Regression Clinical Edge/HomePage/ClientLink")): Object: 'Object Repository/Regression Clinical Edge/HomePage/ClientLink' is clicked on

2019-05-28 12:49:15 - [MESSAGE][PASSED] - Object: 'Object Repository/Regression Clinical Edge/HomePage/ClientLink' is clicked on

2019-05-28 12:49:15 - [TEST_STEP][PASSED] - delay(2): Delayed 2 second(s)

2019-05-28 12:49:17 - [MESSAGE][PASSED] - Delayed 2 second(s)

2019-05-28 12:49:17 - [TEST_STEP][PASSED] - waitForPageLoad(50): Wait for page load successfully

2019-05-28 12:49:17 - [MESSAGE][PASSED] - Wait for page load successfully

2019-05-28 12:49:17 - [TEST_STEP][PASSED] - scrollToElement(findTestObject("Regression Clinical Edge/CLINK - 23504/Plan of Care Section"), 50): Scroll to object 'Object Repository/Regression Clinical Edge/CLINK - 23504/Plan of Care Section' successfully

2019-05-28 12:49:17 - [MESSAGE][PASSED] - Scroll to object 'Object Repository/Regression Clinical Edge/CLINK - 23504/Plan of Care Section' successfully

2019-05-28 12:49:17 - [TEST_STEP][PASSED] - delay(2): Delayed 2 second(s)

2019-05-28 12:49:19 - [MESSAGE][PASSED] - Delayed 2 second(s)

2019-05-28 12:49:19 - [TEST_STEP][PASSED] - waitForElementPresent(findTestObject("Regression Clinical Edge/CLINK - 23504/a_Plan of Care"), 50): Object 'Object Repository/Regression Clinical Edge/CLINK - 23504/a_Plan of Care' is present

2019-05-28 12:49:20 - [MESSAGE][PASSED] - Object 'Object Repository/Regression Clinical Edge/CLINK - 23504/a_Plan of Care' is present

2019-05-28 12:49:20 - [TEST_STEP][PASSED] - click(findTestObject("Regression Clinical Edge/CLINK - 23504/a_Plan of Care")): Object: 'Object Repository/Regression Clinical Edge/CLINK - 23504/a_Plan of Care' is clicked on

2019-05-28 12:49:26 - [MESSAGE][PASSED] - Object: 'Object Repository/Regression Clinical Edge/CLINK - 23504/a_Plan of Care' is clicked on

2019-05-28 12:49:26 - [TEST_STEP][PASSED] - waitForPageLoad(50): Wait for page load successfully

2019-05-28 12:49:26 - [MESSAGE][PASSED] - Wait for page load successfully

2019-05-28 12:49:26 - [TEST_STEP][PASSED] - delay(3): Delayed 3 second(s)

2019-05-28 12:49:29 - [MESSAGE][PASSED] - Delayed 3 second(s)

2019-05-28 12:49:29 - [TEST_STEP][PASSED] - closeBrowser(): Browser is closed

2019-05-28 12:49:30 - [MESSAGE][PASSED] - Browser is closed]]></system-out>
         <system-err><![CDATA[]]></system-err>
      </testcase>
      <testcase name="Test Cases/Regression Clinical Edge (All Browsers)/CLNK-23314 - Clinical Edge - Add Schedule" classname="Test Cases/Regression Clinical Edge (All Browsers)/CLNK-23314 - Clinical Edge - Add Schedule" status="PASSED">
         <system-out><![CDATA[2019-05-28 12:49:32 - [TEST_CASE][PASSED] - Test Cases/Regression Clinical Edge (All Browsers)/CLNK-23314 - Clinical Edge - Add Schedule: Test Cases/Regression Clinical Edge (All Browsers)/CLNK-23314 - Clinical Edge - Add Schedule

2019-05-28 12:49:33 - [TEST_STEP][PASSED] - callTestCase(findTestCase("Regression Clinical Edge (All Browsers)/CLNK-23349 - ContinuLink - Login"), [:], STOP_ON_FAILURE): Call Test Case 'Test Cases/Regression Clinical Edge (All Browsers)/CLNK-23349 - ContinuLink - Login' successfully

2019-05-28 12:49:33 - [TEST_CASE][PASSED] - Test Cases/Regression Clinical Edge (All Browsers)/CLNK-23349 - ContinuLink - Login: Test Cases/Regression Clinical Edge (All Browsers)/CLNK-23349 - ContinuLink - Login

2019-05-28 12:49:33 - [TEST_STEP][PASSED] - openBrowser(G_SiteURL): Browser is opened with url: 'https://qanewpoc.continulink.com/Account/Login.aspx?ReturnUrl=%2fdefault.aspx'

2019-05-28 12:49:33 - [MESSAGE][INFO] - Starting 'Chrome' driver

2019-05-28 12:49:45 - [MESSAGE][PASSED] - Browser is opened with url: 'https://qanewpoc.continulink.com/Account/Login.aspx?ReturnUrl=%2fdefault.aspx'

2019-05-28 12:49:45 - [TEST_STEP][PASSED] - waitForPageLoad(60): Wait for page load successfully

2019-05-28 12:49:45 - [MESSAGE][PASSED] - Wait for page load successfully

2019-05-28 12:49:45 - [TEST_STEP][PASSED] - maximizeWindow(): Current window maximized

2019-05-28 12:49:47 - [MESSAGE][PASSED] - Current window maximized

2019-05-28 12:49:47 - [TEST_STEP][PASSED] - setText(findTestObject("Regression Clinical Edge/CLNK-23349/User"), G_User): Text 'Mobinnur' is set on object 'Object Repository/Regression Clinical Edge/CLNK-23349/User'

2019-05-28 12:49:47 - [MESSAGE][PASSED] - Text 'Mobinnur' is set on object 'Object Repository/Regression Clinical Edge/CLNK-23349/User'

2019-05-28 12:49:47 - [TEST_STEP][PASSED] - setText(findTestObject("Regression Clinical Edge/CLNK-23349/Password"), G_Password): Text 'qwerty' is set on object 'Object Repository/Regression Clinical Edge/CLNK-23349/Password'

2019-05-28 12:49:47 - [MESSAGE][PASSED] - Text 'qwerty' is set on object 'Object Repository/Regression Clinical Edge/CLNK-23349/Password'

2019-05-28 12:49:48 - [TEST_STEP][PASSED] - click(findTestObject("Regression Clinical Edge/CLNK-23349/Button_LogIn")): Object: 'Object Repository/Regression Clinical Edge/CLNK-23349/Button_LogIn' is clicked on

2019-05-28 12:49:50 - [MESSAGE][PASSED] - Object: 'Object Repository/Regression Clinical Edge/CLNK-23349/Button_LogIn' is clicked on

2019-05-28 12:49:50 - [TEST_STEP][PASSED] - waitForPageLoad(60): Wait for page load successfully

2019-05-28 12:49:50 - [MESSAGE][PASSED] - Wait for page load successfully

2019-05-28 12:49:50 - [TEST_STEP][PASSED] - delay(2): Delayed 2 second(s)

2019-05-28 12:49:52 - [MESSAGE][PASSED] - Delayed 2 second(s)

2019-05-28 12:49:52 - [TEST_STEP][PASSED] - waitForElementPresent(findTestObject("Regression Clinical Edge/CLINK-23509/button_Close"), 100): Object 'Object Repository/Regression Clinical Edge/CLINK-23509/button_Close' is present

2019-05-28 12:49:52 - [MESSAGE][PASSED] - Object 'Object Repository/Regression Clinical Edge/CLINK-23509/button_Close' is present

2019-05-28 12:49:52 - [TEST_STEP][PASSED] - click(findTestObject("Regression Clinical Edge/CLINK-23509/button_Close")): Object: 'Object Repository/Regression Clinical Edge/CLINK-23509/button_Close' is clicked on

2019-05-28 12:49:52 - [MESSAGE][PASSED] - Object: 'Object Repository/Regression Clinical Edge/CLINK-23509/button_Close' is clicked on

2019-05-28 12:49:52 - [TEST_STEP][PASSED] - delay(2): Delayed 2 second(s)

2019-05-28 12:49:54 - [MESSAGE][PASSED] - Delayed 2 second(s)

2019-05-28 12:49:54 - [MESSAGE][PASSED] - Call Test Case 'Test Cases/Regression Clinical Edge (All Browsers)/CLNK-23349 - ContinuLink - Login' successfully

2019-05-28 12:49:54 - [TEST_STEP][PASSED] - waitForPageLoad(60): Wait for page load successfully

2019-05-28 12:49:55 - [MESSAGE][PASSED] - Wait for page load successfully

2019-05-28 12:49:55 - [TEST_STEP][PASSED] - maximizeWindow(): Current window maximized

2019-05-28 12:49:55 - [MESSAGE][PASSED] - Current window maximized

2019-05-28 12:49:55 - [TEST_STEP][PASSED] - waitForPageLoad(60): Wait for page load successfully

2019-05-28 12:49:55 - [MESSAGE][PASSED] - Wait for page load successfully

2019-05-28 12:49:55 - [TEST_STEP][PASSED] - delay(8): Delayed 8 second(s)

2019-05-28 12:50:03 - [MESSAGE][PASSED] - Delayed 8 second(s)

2019-05-28 12:50:03 - [TEST_STEP][NOT_RUN] - waitForElementPresent(findTestObject("Regression Clinical Edge/CLNK-23497/button_Close"), 100): NOT_RUN: waitForElementPresent(findTestObject("Regression Clinical Edge/CLNK-23497/button_Close"), 100)

2019-05-28 12:50:03 - [MESSAGE][NOT_RUN] - NOT_RUN: waitForElementPresent(findTestObject("Regression Clinical Edge/CLNK-23497/button_Close"), 100)

2019-05-28 12:50:03 - [TEST_STEP][NOT_RUN] - click(findTestObject("Regression Clinical Edge/CLNK-23497/button_Close")): NOT_RUN: click(findTestObject("Regression Clinical Edge/CLNK-23497/button_Close"))

2019-05-28 12:50:03 - [MESSAGE][NOT_RUN] - NOT_RUN: click(findTestObject("Regression Clinical Edge/CLNK-23497/button_Close"))

2019-05-28 12:50:03 - [TEST_STEP][NOT_RUN] - delay(2): NOT_RUN: delay(2)

2019-05-28 12:50:03 - [MESSAGE][NOT_RUN] - NOT_RUN: delay(2)

2019-05-28 12:50:03 - [TEST_STEP][PASSED] - waitForElementPresent(findTestObject("Regression Clinical Edge/ClientPage/HomeLink"), 100): Object 'Object Repository/Regression Clinical Edge/ClientPage/HomeLink' is present

2019-05-28 12:50:03 - [MESSAGE][PASSED] - Object 'Object Repository/Regression Clinical Edge/ClientPage/HomeLink' is present

2019-05-28 12:50:03 - [TEST_STEP][PASSED] - click(findTestObject("Regression Clinical Edge/ClientPage/HomeLink")): Object: 'Object Repository/Regression Clinical Edge/ClientPage/HomeLink' is clicked on

2019-05-28 12:50:05 - [MESSAGE][PASSED] - Object: 'Object Repository/Regression Clinical Edge/ClientPage/HomeLink' is clicked on

2019-05-28 12:50:05 - [TEST_STEP][PASSED] - delay(2): Delayed 2 second(s)

2019-05-28 12:50:08 - [MESSAGE][PASSED] - Delayed 2 second(s)

2019-05-28 12:50:08 - [TEST_STEP][PASSED] - waitForPageLoad(50): Wait for page load successfully

2019-05-28 12:50:08 - [MESSAGE][PASSED] - Wait for page load successfully

2019-05-28 12:50:08 - [TEST_STEP][PASSED] - waitForElementPresent(findTestObject("Regression Clinical Edge/HomePage/RequestTab"), 50): Object 'Object Repository/Regression Clinical Edge/HomePage/RequestTab' is present

2019-05-28 12:50:08 - [MESSAGE][PASSED] - Object 'Object Repository/Regression Clinical Edge/HomePage/RequestTab' is present

2019-05-28 12:50:08 - [TEST_STEP][PASSED] - click(findTestObject("Regression Clinical Edge/HomePage/RequestTab")): Object: 'Object Repository/Regression Clinical Edge/HomePage/RequestTab' is clicked on

2019-05-28 12:50:08 - [MESSAGE][PASSED] - Object: 'Object Repository/Regression Clinical Edge/HomePage/RequestTab' is clicked on

2019-05-28 12:50:08 - [TEST_STEP][PASSED] - delay(2): Delayed 2 second(s)

2019-05-28 12:50:10 - [MESSAGE][PASSED] - Delayed 2 second(s)

2019-05-28 12:50:10 - [TEST_STEP][PASSED] - waitForElementPresent(findTestObject("Regression Clinical Edge/HomePage/SearchText"), 50): Object 'Object Repository/Regression Clinical Edge/HomePage/SearchText' is present

2019-05-28 12:50:11 - [MESSAGE][PASSED] - Object 'Object Repository/Regression Clinical Edge/HomePage/SearchText' is present

2019-05-28 12:50:11 - [TEST_STEP][PASSED] - setText(findTestObject("Regression Clinical Edge/HomePage/SearchText"), G_ClientLastName): Text 'Reik' is set on object 'Object Repository/Regression Clinical Edge/HomePage/SearchText'

2019-05-28 12:50:11 - [MESSAGE][PASSED] - Text 'Reik' is set on object 'Object Repository/Regression Clinical Edge/HomePage/SearchText'

2019-05-28 12:50:11 - [TEST_STEP][PASSED] - delay(3): Delayed 3 second(s)

2019-05-28 12:50:14 - [MESSAGE][PASSED] - Delayed 3 second(s)

2019-05-28 12:50:14 - [TEST_STEP][PASSED] - scrollToElement(findTestObject("Regression Clinical Edge/CLINK-23314/a_Khur Heather (535592)"), 60): Scroll to object 'Object Repository/Regression Clinical Edge/CLINK-23314/a_Khur Heather (535592)' successfully

2019-05-28 12:50:15 - [MESSAGE][PASSED] - Scroll to object 'Object Repository/Regression Clinical Edge/CLINK-23314/a_Khur Heather (535592)' successfully

2019-05-28 12:50:15 - [TEST_STEP][PASSED] - waitForElementPresent(findTestObject("Regression Clinical Edge/CLINK-23314/a_Khur Heather (535592)"), 60): Object 'Object Repository/Regression Clinical Edge/CLINK-23314/a_Khur Heather (535592)' is present

2019-05-28 12:50:15 - [MESSAGE][PASSED] - Object 'Object Repository/Regression Clinical Edge/CLINK-23314/a_Khur Heather (535592)' is present

2019-05-28 12:50:15 - [TEST_STEP][PASSED] - click(findTestObject("Regression Clinical Edge/CLINK-23314/a_Khur Heather (535592)")): Object: 'Object Repository/Regression Clinical Edge/CLINK-23314/a_Khur Heather (535592)' is clicked on

2019-05-28 12:50:18 - [MESSAGE][PASSED] - Object: 'Object Repository/Regression Clinical Edge/CLINK-23314/a_Khur Heather (535592)' is clicked on

2019-05-28 12:50:18 - [TEST_STEP][PASSED] - delay(5): Delayed 5 second(s)

2019-05-28 12:50:23 - [MESSAGE][PASSED] - Delayed 5 second(s)

2019-05-28 12:50:23 - [TEST_STEP][PASSED] - waitForPageLoad(50): Wait for page load successfully

2019-05-28 12:50:24 - [MESSAGE][PASSED] - Wait for page load successfully

2019-05-28 12:50:24 - [TEST_STEP][PASSED] - waitForElementPresent(findTestObject("Regression Clinical Edge/CLINK-23314/button_Add Schedule"), 50): Object 'Object Repository/Regression Clinical Edge/CLINK-23314/button_Add Schedule' is present

2019-05-28 12:50:24 - [MESSAGE][PASSED] - Object 'Object Repository/Regression Clinical Edge/CLINK-23314/button_Add Schedule' is present

2019-05-28 12:50:24 - [TEST_STEP][PASSED] - click(findTestObject("Regression Clinical Edge/CLINK-23314/button_Add Schedule")): Object: 'Object Repository/Regression Clinical Edge/CLINK-23314/button_Add Schedule' is clicked on

2019-05-28 12:50:24 - [MESSAGE][PASSED] - Object: 'Object Repository/Regression Clinical Edge/CLINK-23314/button_Add Schedule' is clicked on

2019-05-28 12:50:24 - [TEST_STEP][PASSED] - waitForElementPresent(findTestObject("Regression Clinical Edge/CLINK-23314/FilterBySubServices"), 50): Object 'Object Repository/Regression Clinical Edge/CLINK-23314/FilterBySubServices' is present

2019-05-28 12:50:24 - [MESSAGE][PASSED] - Object 'Object Repository/Regression Clinical Edge/CLINK-23314/FilterBySubServices' is present

2019-05-28 12:50:24 - [TEST_STEP][PASSED] - click(findTestObject("Regression Clinical Edge/CLINK-23314/FilterBySubServices")): Object: 'Object Repository/Regression Clinical Edge/CLINK-23314/FilterBySubServices' is clicked on

2019-05-28 12:50:24 - [MESSAGE][PASSED] - Object: 'Object Repository/Regression Clinical Edge/CLINK-23314/FilterBySubServices' is clicked on

2019-05-28 12:50:24 - [TEST_STEP][PASSED] - delay(2): Delayed 2 second(s)

2019-05-28 12:50:26 - [MESSAGE][PASSED] - Delayed 2 second(s)

2019-05-28 12:50:26 - [TEST_STEP][PASSED] - waitForElementPresent(findTestObject("Regression Clinical Edge/CLINK-23314/ServiceTypeList"), 50): Object 'Object Repository/Regression Clinical Edge/CLINK-23314/ServiceTypeList' is present

2019-05-28 12:50:27 - [MESSAGE][PASSED] - Object 'Object Repository/Regression Clinical Edge/CLINK-23314/ServiceTypeList' is present

2019-05-28 12:50:27 - [TEST_STEP][PASSED] - click(findTestObject("Regression Clinical Edge/CLINK-23314/ServiceTypeList")): Object: 'Object Repository/Regression Clinical Edge/CLINK-23314/ServiceTypeList' is clicked on

2019-05-28 12:50:27 - [MESSAGE][PASSED] - Object: 'Object Repository/Regression Clinical Edge/CLINK-23314/ServiceTypeList' is clicked on

2019-05-28 12:50:27 - [TEST_STEP][PASSED] - delay(2): Delayed 2 second(s)

2019-05-28 12:50:29 - [MESSAGE][PASSED] - Delayed 2 second(s)

2019-05-28 12:50:29 - [TEST_STEP][PASSED] - focus(findTestObject("Regression Clinical Edge/CLINK-23314/ServiceTypeList"), STOP_ON_FAILURE): Object: 'Object Repository/Regression Clinical Edge/CLINK-23314/ServiceTypeList' is focused

2019-05-28 12:50:29 - [MESSAGE][PASSED] - Object: 'Object Repository/Regression Clinical Edge/CLINK-23314/ServiceTypeList' is focused

2019-05-28 12:50:29 - [TEST_STEP][PASSED] - sendKeys(findTestObject("Regression Clinical Edge/CLINK-23314/ServiceTypeList"), Keys.chord(ARROW_RIGHT, ARROW_DOWN, ARROW_DOWN, ARROW_DOWN, ARROW_DOWN, ARROW_DOWN, ENTER)): Keys 'RIGHT + DOWN + DOWN + DOWN + DOWN + DOWN + ENTER + ' sent to object: 'Object Repository/Regression Clinical Edge/CLINK-23314/ServiceTypeList'

2019-05-28 12:50:29 - [MESSAGE][PASSED] - Keys 'RIGHT + DOWN + DOWN + DOWN + DOWN + DOWN + ENTER + ' sent to object: 'Object Repository/Regression Clinical Edge/CLINK-23314/ServiceTypeList'

2019-05-28 12:50:29 - [TEST_STEP][PASSED] - waitForElementPresent(findTestObject("Regression Clinical Edge/CLINK-23314/StartTime"), 60): Object 'Object Repository/Regression Clinical Edge/CLINK-23314/StartTime' is present

2019-05-28 12:50:30 - [MESSAGE][PASSED] - Object 'Object Repository/Regression Clinical Edge/CLINK-23314/StartTime' is present

2019-05-28 12:50:30 - [TEST_STEP][PASSED] - clearText(findTestObject("Regression Clinical Edge/CLINK-23314/StartTime")): Text of object 'Object Repository/Regression Clinical Edge/CLINK-23314/StartTime' is cleared

2019-05-28 12:50:30 - [MESSAGE][PASSED] - Text of object 'Object Repository/Regression Clinical Edge/CLINK-23314/StartTime' is cleared

2019-05-28 12:50:30 - [TEST_STEP][PASSED] - delay(3): Delayed 3 second(s)

2019-05-28 12:50:33 - [MESSAGE][PASSED] - Delayed 3 second(s)

2019-05-28 12:50:33 - [TEST_STEP][PASSED] - click(findTestObject("Regression Clinical Edge/CLINK-23314/StartTime")): Object: 'Object Repository/Regression Clinical Edge/CLINK-23314/StartTime' is clicked on

2019-05-28 12:50:33 - [MESSAGE][PASSED] - Object: 'Object Repository/Regression Clinical Edge/CLINK-23314/StartTime' is clicked on

2019-05-28 12:50:33 - [TEST_STEP][PASSED] - delay(2): Delayed 2 second(s)

2019-05-28 12:50:35 - [MESSAGE][PASSED] - Delayed 2 second(s)

2019-05-28 12:50:35 - [TEST_STEP][PASSED] - sendKeys(findTestObject("Regression Clinical Edge/CLINK-23314/StartTime"), G_StartTime): Keys '0150' sent to object: 'Object Repository/Regression Clinical Edge/CLINK-23314/StartTime'

2019-05-28 12:50:35 - [MESSAGE][PASSED] - Keys '0150' sent to object: 'Object Repository/Regression Clinical Edge/CLINK-23314/StartTime'

2019-05-28 12:50:35 - [TEST_STEP][PASSED] - delay(3): Delayed 3 second(s)

2019-05-28 12:50:38 - [MESSAGE][PASSED] - Delayed 3 second(s)

2019-05-28 12:50:38 - [TEST_STEP][PASSED] - waitForElementPresent(findTestObject("Regression Clinical Edge/CLINK-23314/EndTime"), 60): Object 'Object Repository/Regression Clinical Edge/CLINK-23314/EndTime' is present

2019-05-28 12:50:38 - [MESSAGE][PASSED] - Object 'Object Repository/Regression Clinical Edge/CLINK-23314/EndTime' is present

2019-05-28 12:50:38 - [TEST_STEP][PASSED] - clearText(findTestObject("Regression Clinical Edge/CLINK-23314/EndTime")): Text of object 'Object Repository/Regression Clinical Edge/CLINK-23314/EndTime' is cleared

2019-05-28 12:50:39 - [MESSAGE][PASSED] - Text of object 'Object Repository/Regression Clinical Edge/CLINK-23314/EndTime' is cleared

2019-05-28 12:50:39 - [TEST_STEP][PASSED] - delay(2): Delayed 2 second(s)

2019-05-28 12:50:41 - [MESSAGE][PASSED] - Delayed 2 second(s)

2019-05-28 12:50:41 - [TEST_STEP][PASSED] - click(findTestObject("Regression Clinical Edge/CLINK-23314/EndTime")): Object: 'Object Repository/Regression Clinical Edge/CLINK-23314/EndTime' is clicked on

2019-05-28 12:50:41 - [MESSAGE][PASSED] - Object: 'Object Repository/Regression Clinical Edge/CLINK-23314/EndTime' is clicked on

2019-05-28 12:50:41 - [TEST_STEP][PASSED] - delay(2): Delayed 2 second(s)

2019-05-28 12:50:43 - [MESSAGE][PASSED] - Delayed 2 second(s)

2019-05-28 12:50:43 - [TEST_STEP][PASSED] - sendKeys(findTestObject("Regression Clinical Edge/CLINK-23314/EndTime"), G_EndTime): Keys '0210' sent to object: 'Object Repository/Regression Clinical Edge/CLINK-23314/EndTime'

2019-05-28 12:50:43 - [MESSAGE][PASSED] - Keys '0210' sent to object: 'Object Repository/Regression Clinical Edge/CLINK-23314/EndTime'

2019-05-28 12:50:43 - [TEST_STEP][PASSED] - waitForElementPresent(findTestObject("Regression Clinical Edge/CLINK-23314/SaveButton"), 100): Object 'Object Repository/Regression Clinical Edge/CLINK-23314/SaveButton' is present

2019-05-28 12:50:43 - [MESSAGE][PASSED] - Object 'Object Repository/Regression Clinical Edge/CLINK-23314/SaveButton' is present

2019-05-28 12:50:43 - [TEST_STEP][PASSED] - click(findTestObject("Regression Clinical Edge/CLINK-23314/SaveButton")): Object: 'Object Repository/Regression Clinical Edge/CLINK-23314/SaveButton' is clicked on

2019-05-28 12:50:44 - [MESSAGE][PASSED] - Object: 'Object Repository/Regression Clinical Edge/CLINK-23314/SaveButton' is clicked on

2019-05-28 12:50:44 - [TEST_STEP][PASSED] - waitForPageLoad(100): Wait for page load successfully

2019-05-28 12:50:44 - [MESSAGE][PASSED] - Wait for page load successfully

2019-05-28 12:50:44 - [TEST_STEP][PASSED] - delay(4): Delayed 4 second(s)

2019-05-28 12:50:48 - [MESSAGE][PASSED] - Delayed 4 second(s)

2019-05-28 12:50:48 - [TEST_STEP][PASSED] - closeBrowser(): Browser is closed

2019-05-28 12:50:49 - [MESSAGE][PASSED] - Browser is closed]]></system-out>
         <system-err><![CDATA[]]></system-err>
      </testcase>
      <system-out><![CDATA[2019-05-28 12:46:44 - [TEST_SUITE][PASSED] - Regression FrontEnd: Test Cases/Regression Clinical Edge (All Browsers)/CLNK-23314 - Clinical Edge - Add Schedule]]></system-out>
      <system-err><![CDATA[]]></system-err>
   </testsuite>
</testsuites>
