<?xml version="1.0" encoding="UTF-8" standalone="yes"?>
<testsuites name="Authorization" time="1999" tests="8" failures="0" errors="0">
    <testsuite name="Authorization" tests="8" failures="0" errors="0" time="1999" timestamp="2019-09-06 10:10:22" hostname="isaac - DESKTOP-BPONDF2" id="Test Suites/Regression BackOffice/Authorization">
        <properties>
            <property name="deviceName" value=""/>
            <property name="devicePlatform" value=""/>
            <property name="logFolder" value="C:\\Users\\isaac\\Desktop\\Clientes\\ProcuraCanada\\Katalon Studio\\Continulink\\Reports\\20190906_100902\\Regression BackOffice\\Authorization\\20190906_101009"/>
            <property name="logFiles" value="C:\\Users\\isaac\\Desktop\\Clientes\\ProcuraCanada\\Katalon Studio\\Continulink\\Reports\\20190906_100902\\Regression BackOffice\\Authorization\\20190906_101009\\execution0.log"/>
            <property name="attachments" value="C:\\Users\\isaac\\Desktop\\Clientes\\ProcuraCanada\\Katalon Studio\\Continulink\\Reports\\20190906_100902\\Regression BackOffice\\Authorization\\20190906_101009\\1567776365144.png, C:\\Users\\isaac\\Desktop\\Clientes\\ProcuraCanada\\Katalon Studio\\Continulink\\Reports\\20190906_100902\\Regression BackOffice\\Authorization\\20190906_101009\\1567776365778.png, C:\\Users\\isaac\\Desktop\\Clientes\\ProcuraCanada\\Katalon Studio\\Continulink\\Reports\\20190906_100902\\Regression BackOffice\\Authorization\\20190906_101009\\1567776366569.png, C:\\Users\\isaac\\Desktop\\Clientes\\ProcuraCanada\\Katalon Studio\\Continulink\\Reports\\20190906_100902\\Regression BackOffice\\Authorization\\20190906_101009\\1567776367405.png, C:\\Users\\isaac\\Desktop\\Clientes\\ProcuraCanada\\Katalon Studio\\Continulink\\Reports\\20190906_100902\\Regression BackOffice\\Authorization\\20190906_101009\\1567776373363.png, C:\\Users\\isaac\\Desktop\\Clientes\\ProcuraCanada\\Katalon Studio\\Continulink\\Reports\\20190906_100902\\Regression BackOffice\\Authorization\\20190906_101009\\1567776662598.png, C:\\Users\\isaac\\Desktop\\Clientes\\ProcuraCanada\\Katalon Studio\\Continulink\\Reports\\20190906_100902\\Regression BackOffice\\Authorization\\20190906_101009\\1567776665358.png, C:\\Users\\isaac\\Desktop\\Clientes\\ProcuraCanada\\Katalon Studio\\Continulink\\Reports\\20190906_100902\\Regression BackOffice\\Authorization\\20190906_101009\\1567776678340.png, C:\\Users\\isaac\\Desktop\\Clientes\\ProcuraCanada\\Katalon Studio\\Continulink\\Reports\\20190906_100902\\Regression BackOffice\\Authorization\\20190906_101009\\1567776813414.png, C:\\Users\\isaac\\Desktop\\Clientes\\ProcuraCanada\\Katalon Studio\\Continulink\\Reports\\20190906_100902\\Regression BackOffice\\Authorization\\20190906_101009\\1567776816129.png, C:\\Users\\isaac\\Desktop\\Clientes\\ProcuraCanada\\Katalon Studio\\Continulink\\Reports\\20190906_100902\\Regression BackOffice\\Authorization\\20190906_101009\\1567776818789.png"/>
            <property name="hostName" value="isaac - DESKTOP-BPONDF2"/>
            <property name="os" value="Windows 10 64bit"/>
            <property name="katalonVersion" value="6.3.2.1"/>
            <property name="browser" value="Chrome 76.0.3809.132"/>
            <property name="hostAddress" value="192.168.0.108"/>
            <property name="sessionId" value="a85085e508a31b9f686bc958d547fb53"/>
            <property name="seleniumVersion" value="3.141.59"/>
            <property name="proxyInformation" value="ProxyInformation{proxyOption=NO_PROXY, proxyServerType=HTTP, password=, proxyServerAddress=, proxyServerPort=0}"/>
            <property name="platform" value="Windows 10"/>
        </properties>
        <testcase name="Test Cases/Regression BackOffice (All Browsers)/CLNK-23449 - Quick Intake Wizard" classname="Test Cases/Regression BackOffice (All Browsers)/CLNK-23449 - Quick Intake Wizard" status="PASSED">
            <system-out>2019-09-06 10:10:23 - [TEST_CASE][PASSED] - Test Cases/Regression BackOffice (All Browsers)/CLNK-23449 - Quick Intake Wizard: Test Cases/Regression BackOffice (All Browsers)/CLNK-23449 - Quick Intake Wizard&#xD;
&#xD;
2019-09-06 10:10:24 - [TEST_STEP][PASSED] - callTestCase(findTestCase("Regression BackOffice (All Browsers)/CLNK-23439 - Clink - Back office Client"), [:], STOP_ON_FAILURE): Call Test Case 'Test Cases/Regression BackOffice (All Browsers)/CLNK-23439 - Clink - Back office Client' successfully&#xD;
&#xD;
2019-09-06 10:10:24 - [TEST_CASE][PASSED] - Test Cases/Regression BackOffice (All Browsers)/CLNK-23439 - Clink - Back office Client: Test Cases/Regression BackOffice (All Browsers)/CLNK-23439 - Clink - Back office Client&#xD;
&#xD;
2019-09-06 10:10:25 - [TEST_STEP][PASSED] - deleteAllCookies(): Delete all cookies successfully&#xD;
&#xD;
2019-09-06 10:10:25 - [MESSAGE][WARNING] - Cannot delete cookies because browser is closed&#xD;
&#xD;
2019-09-06 10:10:25 - [MESSAGE][PASSED] - Delete all cookies successfully&#xD;
&#xD;
2019-09-06 10:10:25 - [TEST_STEP][PASSED] - openBrowser(G_SiteBackOffice): Browser is opened with url: 'https://qanewpoc.continulink.com:8443/Backoffice/'&#xD;
&#xD;
2019-09-06 10:10:26 - [MESSAGE][INFO] - Starting 'Chrome' driver&#xD;
&#xD;
2019-09-06 10:10:26 - [MESSAGE][INFO] - Action delay is set to 0 seconds&#xD;
&#xD;
2019-09-06 10:10:35 - [MESSAGE][PASSED] - Browser is opened with url: 'https://qanewpoc.continulink.com:8443/Backoffice/'&#xD;
&#xD;
2019-09-06 10:10:35 - [TEST_STEP][PASSED] - waitForPageLoad(60): Wait for page load successfully&#xD;
&#xD;
2019-09-06 10:10:35 - [MESSAGE][PASSED] - Wait for page load successfully&#xD;
&#xD;
2019-09-06 10:10:35 - [TEST_STEP][PASSED] - maximizeWindow(): Current window maximized&#xD;
&#xD;
2019-09-06 10:10:40 - [MESSAGE][PASSED] - Current window maximized&#xD;
&#xD;
2019-09-06 10:10:40 - [TEST_STEP][PASSED] - setText(findTestObject("Regression BackOffice/Login/UserBackOffice"), G_UserBackOffice): Text 'automation_admin' is set on object 'Object Repository/Regression BackOffice/Login/UserBackOffice'&#xD;
&#xD;
2019-09-06 10:10:40 - [MESSAGE][PASSED] - Text 'automation_admin' is set on object 'Object Repository/Regression BackOffice/Login/UserBackOffice'&#xD;
&#xD;
2019-09-06 10:10:40 - [TEST_STEP][PASSED] - setText(findTestObject("Regression BackOffice/Login/PasswordBackOffice"), G_PasswordBackOffice): Text 'qwerty' is set on object 'Object Repository/Regression BackOffice/Login/PasswordBackOffice'&#xD;
&#xD;
2019-09-06 10:10:40 - [MESSAGE][PASSED] - Text 'qwerty' is set on object 'Object Repository/Regression BackOffice/Login/PasswordBackOffice'&#xD;
&#xD;
2019-09-06 10:10:40 - [TEST_STEP][PASSED] - click(findTestObject("Regression BackOffice/Login/LoginBackOffice")): Object: 'Object Repository/Regression BackOffice/Login/LoginBackOffice' is clicked on&#xD;
&#xD;
2019-09-06 10:10:45 - [MESSAGE][PASSED] - Object: 'Object Repository/Regression BackOffice/Login/LoginBackOffice' is clicked on&#xD;
&#xD;
2019-09-06 10:10:45 - [TEST_STEP][PASSED] - waitForPageLoad(60): Wait for page load successfully&#xD;
&#xD;
2019-09-06 10:10:45 - [MESSAGE][PASSED] - Wait for page load successfully&#xD;
&#xD;
2019-09-06 10:10:45 - [TEST_STEP][PASSED] - delay(2): Delayed 2 second(s)&#xD;
&#xD;
2019-09-06 10:10:47 - [MESSAGE][PASSED] - Delayed 2 second(s)&#xD;
&#xD;
2019-09-06 10:10:47 - [TEST_STEP][PASSED] - switchToFrame(findTestObject("Regression BackOffice/CLINK-Frames/FrameFrameLeft"), 5, STOP_ON_FAILURE): null&#xD;
&#xD;
2019-09-06 10:10:47 - [TEST_STEP][PASSED] - delay(2): Delayed 2 second(s)&#xD;
&#xD;
2019-09-06 10:10:49 - [MESSAGE][PASSED] - Delayed 2 second(s)&#xD;
&#xD;
2019-09-06 10:10:49 - [TEST_STEP][PASSED] - waitForElementPresent(findTestObject("Regression BackOffice/CLINK-Frames/ClientIntake"), 50): Object 'Object Repository/Regression BackOffice/CLINK-Frames/ClientIntake' is present&#xD;
&#xD;
2019-09-06 10:10:49 - [MESSAGE][PASSED] - Object 'Object Repository/Regression BackOffice/CLINK-Frames/ClientIntake' is present&#xD;
&#xD;
2019-09-06 10:10:49 - [TEST_STEP][PASSED] - verifyElementPresent(findTestObject("Regression BackOffice/CLINK-Frames/ClientIntake"), 100, STOP_ON_FAILURE): Object 'Object Repository/Regression BackOffice/CLINK-Frames/ClientIntake' is present&#xD;
&#xD;
2019-09-06 10:10:49 - [MESSAGE][PASSED] - Object 'Object Repository/Regression BackOffice/CLINK-Frames/ClientIntake' is present&#xD;
&#xD;
2019-09-06 10:10:49 - [TEST_STEP][PASSED] - switchToDefaultContent(): null&#xD;
&#xD;
2019-09-06 10:10:50 - [MESSAGE][PASSED] - Call Test Case 'Test Cases/Regression BackOffice (All Browsers)/CLNK-23439 - Clink - Back office Client' successfully&#xD;
&#xD;
2019-09-06 10:10:50 - [TEST_STEP][PASSED] - waitForPageLoad(60): Wait for page load successfully&#xD;
&#xD;
2019-09-06 10:10:50 - [MESSAGE][PASSED] - Wait for page load successfully&#xD;
&#xD;
2019-09-06 10:10:50 - [TEST_STEP][PASSED] - delay(3): Delayed 3 second(s)&#xD;
&#xD;
2019-09-06 10:10:53 - [MESSAGE][PASSED] - Delayed 3 second(s)&#xD;
&#xD;
2019-09-06 10:10:53 - [TEST_STEP][PASSED] - switchToFrame(findTestObject("Regression BackOffice/CLNK-23449/FrameLeft"), 30): null&#xD;
&#xD;
2019-09-06 10:10:53 - [TEST_STEP][PASSED] - waitForElementPresent(findTestObject("Regression BackOffice/CLNK-23449/ClienIntakeICon"), 100): Object 'Object Repository/Regression BackOffice/CLNK-23449/ClienIntakeICon' is present&#xD;
&#xD;
2019-09-06 10:10:53 - [MESSAGE][PASSED] - Object 'Object Repository/Regression BackOffice/CLNK-23449/ClienIntakeICon' is present&#xD;
&#xD;
2019-09-06 10:10:53 - [TEST_STEP][PASSED] - click(findTestObject("Regression BackOffice/CLNK-23449/ClienIntakeICon")): Object: 'Object Repository/Regression BackOffice/CLNK-23449/ClienIntakeICon' is clicked on&#xD;
&#xD;
2019-09-06 10:10:53 - [MESSAGE][PASSED] - Object: 'Object Repository/Regression BackOffice/CLNK-23449/ClienIntakeICon' is clicked on&#xD;
&#xD;
2019-09-06 10:10:53 - [TEST_STEP][PASSED] - delay(2): Delayed 2 second(s)&#xD;
&#xD;
2019-09-06 10:10:55 - [MESSAGE][PASSED] - Delayed 2 second(s)&#xD;
&#xD;
2019-09-06 10:10:55 - [TEST_STEP][PASSED] - waitForPageLoad(50): Wait for page load successfully&#xD;
&#xD;
2019-09-06 10:10:55 - [MESSAGE][PASSED] - Wait for page load successfully&#xD;
&#xD;
2019-09-06 10:10:55 - [TEST_STEP][PASSED] - waitForElementPresent(findTestObject("Regression BackOffice/CLNK-23449/Quick Intake Wizard Link"), 50): Object 'Object Repository/Regression BackOffice/CLNK-23449/Quick Intake Wizard Link' is present&#xD;
&#xD;
2019-09-06 10:10:55 - [MESSAGE][PASSED] - Object 'Object Repository/Regression BackOffice/CLNK-23449/Quick Intake Wizard Link' is present&#xD;
&#xD;
2019-09-06 10:10:55 - [TEST_STEP][PASSED] - click(findTestObject("Regression BackOffice/CLNK-23449/Quick Intake Wizard Link")): Object: 'Object Repository/Regression BackOffice/CLNK-23449/Quick Intake Wizard Link' is clicked on&#xD;
&#xD;
2019-09-06 10:10:58 - [MESSAGE][PASSED] - Object: 'Object Repository/Regression BackOffice/CLNK-23449/Quick Intake Wizard Link' is clicked on&#xD;
&#xD;
2019-09-06 10:10:58 - [TEST_STEP][PASSED] - delay(2): Delayed 2 second(s)&#xD;
&#xD;
2019-09-06 10:11:00 - [MESSAGE][PASSED] - Delayed 2 second(s)&#xD;
&#xD;
2019-09-06 10:11:00 - [TEST_STEP][PASSED] - switchToDefaultContent(): null&#xD;
&#xD;
2019-09-06 10:11:00 - [TEST_STEP][PASSED] - switchToFrame(findTestObject("Regression BackOffice/CLNK-23449/FrameMain"), 30): null&#xD;
&#xD;
2019-09-06 10:11:00 - [TEST_STEP][PASSED] - waitForElementPresent(findTestObject("Regression BackOffice/CLNK-23449/New Referral Button"), 50): Object 'Object Repository/Regression BackOffice/CLNK-23449/New Referral Button' is present&#xD;
&#xD;
2019-09-06 10:11:00 - [MESSAGE][PASSED] - Object 'Object Repository/Regression BackOffice/CLNK-23449/New Referral Button' is present&#xD;
&#xD;
2019-09-06 10:11:00 - [TEST_STEP][PASSED] - click(findTestObject("Regression BackOffice/CLNK-23449/New Referral Button")): Object: 'Object Repository/Regression BackOffice/CLNK-23449/New Referral Button' is clicked on&#xD;
&#xD;
2019-09-06 10:11:00 - [MESSAGE][PASSED] - Object: 'Object Repository/Regression BackOffice/CLNK-23449/New Referral Button' is clicked on&#xD;
&#xD;
2019-09-06 10:11:00 - [TEST_STEP][PASSED] - waitForPageLoad(50): Wait for page load successfully&#xD;
&#xD;
2019-09-06 10:11:00 - [MESSAGE][PASSED] - Wait for page load successfully&#xD;
&#xD;
2019-09-06 10:11:00 - [TEST_STEP][PASSED] - delay(2): Delayed 2 second(s)&#xD;
&#xD;
2019-09-06 10:11:02 - [MESSAGE][PASSED] - Delayed 2 second(s)&#xD;
&#xD;
2019-09-06 10:11:02 - [TEST_STEP][PASSED] - waitForElementPresent(findTestObject("Regression BackOffice/CLNK-23449/ReferralDate"), 50): Object 'Object Repository/Regression BackOffice/CLNK-23449/ReferralDate' is present&#xD;
&#xD;
2019-09-06 10:11:02 - [MESSAGE][PASSED] - Object 'Object Repository/Regression BackOffice/CLNK-23449/ReferralDate' is present&#xD;
&#xD;
2019-09-06 10:11:02 - [TEST_STEP][PASSED] - setText(findTestObject("Regression BackOffice/CLNK-23449/ReferralDate"), G_Date): Text '06/01/2019' is set on object 'Object Repository/Regression BackOffice/CLNK-23449/ReferralDate'&#xD;
&#xD;
2019-09-06 10:11:03 - [MESSAGE][PASSED] - Text '06/01/2019' is set on object 'Object Repository/Regression BackOffice/CLNK-23449/ReferralDate'&#xD;
&#xD;
2019-09-06 10:11:03 - [TEST_STEP][PASSED] - delay(2): Delayed 2 second(s)&#xD;
&#xD;
2019-09-06 10:11:05 - [MESSAGE][PASSED] - Delayed 2 second(s)&#xD;
&#xD;
2019-09-06 10:11:05 - [TEST_STEP][PASSED] - waitForElementPresent(findTestObject("Regression BackOffice/CLNK-23449/ReferralType"), 50): Object 'Object Repository/Regression BackOffice/CLNK-23449/ReferralType' is present&#xD;
&#xD;
2019-09-06 10:11:05 - [MESSAGE][PASSED] - Object 'Object Repository/Regression BackOffice/CLNK-23449/ReferralType' is present&#xD;
&#xD;
2019-09-06 10:11:05 - [TEST_STEP][PASSED] - focus(findTestObject("Regression BackOffice/CLNK-23449/ReferralType")): Object: 'Object Repository/Regression BackOffice/CLNK-23449/ReferralType' is focused&#xD;
&#xD;
2019-09-06 10:11:05 - [MESSAGE][PASSED] - Object: 'Object Repository/Regression BackOffice/CLNK-23449/ReferralType' is focused&#xD;
&#xD;
2019-09-06 10:11:05 - [TEST_STEP][PASSED] - click(findTestObject("Regression BackOffice/CLNK-23449/ReferralType")): Object: 'Object Repository/Regression BackOffice/CLNK-23449/ReferralType' is clicked on&#xD;
&#xD;
2019-09-06 10:11:05 - [MESSAGE][PASSED] - Object: 'Object Repository/Regression BackOffice/CLNK-23449/ReferralType' is clicked on&#xD;
&#xD;
2019-09-06 10:11:05 - [TEST_STEP][PASSED] - delay(2): Delayed 2 second(s)&#xD;
&#xD;
2019-09-06 10:11:07 - [MESSAGE][PASSED] - Delayed 2 second(s)&#xD;
&#xD;
2019-09-06 10:11:07 - [TEST_STEP][PASSED] - sendKeys(findTestObject("Regression BackOffice/CLNK-23449/ReferralType"), Keys.chord(ARROW_DOWN, ENTER)): Keys 'DOWN + ENTER + ' sent to object: 'Object Repository/Regression BackOffice/CLNK-23449/ReferralType'&#xD;
&#xD;
2019-09-06 10:11:07 - [MESSAGE][PASSED] - Keys 'DOWN + ENTER + ' sent to object: 'Object Repository/Regression BackOffice/CLNK-23449/ReferralType'&#xD;
&#xD;
2019-09-06 10:11:07 - [TEST_STEP][PASSED] - ReferralType = getText(findTestObject("Regression BackOffice/CLNK-23449/ReferralType - Option2")): Text of object 'Object Repository/Regression BackOffice/CLNK-23449/ReferralType - Option2' is: 'Case Manager -Medicaid'&#xD;
&#xD;
2019-09-06 10:11:07 - [MESSAGE][PASSED] - Text of object 'Object Repository/Regression BackOffice/CLNK-23449/ReferralType - Option2' is: 'Case Manager -Medicaid'&#xD;
&#xD;
2019-09-06 10:11:07 - [TEST_STEP][PASSED] - println(ReferralType): null&#xD;
&#xD;
2019-09-06 10:11:07 - [TEST_STEP][PASSED] - delay(3): Delayed 3 second(s)&#xD;
&#xD;
2019-09-06 10:11:10 - [MESSAGE][PASSED] - Delayed 3 second(s)&#xD;
&#xD;
2019-09-06 10:11:10 - [TEST_STEP][PASSED] - waitForElementPresent(findTestObject("Regression BackOffice/CLNK-23449/ReferralSourcePerson"), 50): Object 'Object Repository/Regression BackOffice/CLNK-23449/ReferralSourcePerson' is present&#xD;
&#xD;
2019-09-06 10:11:10 - [MESSAGE][PASSED] - Object 'Object Repository/Regression BackOffice/CLNK-23449/ReferralSourcePerson' is present&#xD;
&#xD;
2019-09-06 10:11:10 - [TEST_STEP][PASSED] - setText(findTestObject("Regression BackOffice/CLNK-23449/ReferralSourcePerson"), G_ReferralSourcePerson): Text 'Lyudmila Kaskov' is set on object 'Object Repository/Regression BackOffice/CLNK-23449/ReferralSourcePerson'&#xD;
&#xD;
2019-09-06 10:11:11 - [MESSAGE][PASSED] - Text 'Lyudmila Kaskov' is set on object 'Object Repository/Regression BackOffice/CLNK-23449/ReferralSourcePerson'&#xD;
&#xD;
2019-09-06 10:11:11 - [TEST_STEP][PASSED] - delay(2): Delayed 2 second(s)&#xD;
&#xD;
2019-09-06 10:11:13 - [MESSAGE][PASSED] - Delayed 2 second(s)&#xD;
&#xD;
2019-09-06 10:11:13 - [TEST_STEP][PASSED] - waitForElementPresent(findTestObject("Regression BackOffice/CLNK-23449/ClientFirstName"), 50): Object 'Object Repository/Regression BackOffice/CLNK-23449/ClientFirstName' is present&#xD;
&#xD;
2019-09-06 10:11:13 - [MESSAGE][PASSED] - Object 'Object Repository/Regression BackOffice/CLNK-23449/ClientFirstName' is present&#xD;
&#xD;
2019-09-06 10:11:13 - [TEST_STEP][PASSED] - setText(findTestObject("Regression BackOffice/CLNK-23449/ClientFirstName"), G_ClientFirstName): Text 'Gaston' is set on object 'Object Repository/Regression BackOffice/CLNK-23449/ClientFirstName'&#xD;
&#xD;
2019-09-06 10:11:13 - [MESSAGE][PASSED] - Text 'Gaston' is set on object 'Object Repository/Regression BackOffice/CLNK-23449/ClientFirstName'&#xD;
&#xD;
2019-09-06 10:11:13 - [TEST_STEP][PASSED] - delay(2): Delayed 2 second(s)&#xD;
&#xD;
2019-09-06 10:11:15 - [MESSAGE][PASSED] - Delayed 2 second(s)&#xD;
&#xD;
2019-09-06 10:11:15 - [TEST_STEP][PASSED] - waitForElementPresent(findTestObject("Regression BackOffice/CLNK-23449/ClientMiddle"), 50): Object 'Object Repository/Regression BackOffice/CLNK-23449/ClientMiddle' is present&#xD;
&#xD;
2019-09-06 10:11:16 - [MESSAGE][PASSED] - Object 'Object Repository/Regression BackOffice/CLNK-23449/ClientMiddle' is present&#xD;
&#xD;
2019-09-06 10:11:16 - [TEST_STEP][PASSED] - setText(findTestObject("Regression BackOffice/CLNK-23449/ClientMiddle"), G_ClientMiddleName): Text 'L' is set on object 'Object Repository/Regression BackOffice/CLNK-23449/ClientMiddle'&#xD;
&#xD;
2019-09-06 10:11:16 - [MESSAGE][PASSED] - Text 'L' is set on object 'Object Repository/Regression BackOffice/CLNK-23449/ClientMiddle'&#xD;
&#xD;
2019-09-06 10:11:16 - [TEST_STEP][PASSED] - delay(2): Delayed 2 second(s)&#xD;
&#xD;
2019-09-06 10:11:18 - [MESSAGE][PASSED] - Delayed 2 second(s)&#xD;
&#xD;
2019-09-06 10:11:18 - [TEST_STEP][PASSED] - waitForElementPresent(findTestObject("Regression BackOffice/CLNK-23449/ClientLastName"), 50): Object 'Object Repository/Regression BackOffice/CLNK-23449/ClientLastName' is present&#xD;
&#xD;
2019-09-06 10:11:18 - [MESSAGE][PASSED] - Object 'Object Repository/Regression BackOffice/CLNK-23449/ClientLastName' is present&#xD;
&#xD;
2019-09-06 10:11:18 - [TEST_STEP][PASSED] - setText(findTestObject("Regression BackOffice/CLNK-23449/ClientLastName"), G_ClientLastName): Text 'Gusisky' is set on object 'Object Repository/Regression BackOffice/CLNK-23449/ClientLastName'&#xD;
&#xD;
2019-09-06 10:11:18 - [MESSAGE][PASSED] - Text 'Gusisky' is set on object 'Object Repository/Regression BackOffice/CLNK-23449/ClientLastName'&#xD;
&#xD;
2019-09-06 10:11:18 - [TEST_STEP][PASSED] - delay(2): Delayed 2 second(s)&#xD;
&#xD;
2019-09-06 10:11:20 - [MESSAGE][PASSED] - Delayed 2 second(s)&#xD;
&#xD;
2019-09-06 10:11:20 - [TEST_STEP][PASSED] - waitForElementPresent(findTestObject("Regression BackOffice/CLNK-23449/FollowUpCallBack"), 50): Object 'Object Repository/Regression BackOffice/CLNK-23449/FollowUpCallBack' is present&#xD;
&#xD;
2019-09-06 10:11:20 - [MESSAGE][PASSED] - Object 'Object Repository/Regression BackOffice/CLNK-23449/FollowUpCallBack' is present&#xD;
&#xD;
2019-09-06 10:11:20 - [TEST_STEP][PASSED] - setText(findTestObject("Regression BackOffice/CLNK-23449/FollowUpCallBack"), "1"): Text '1' is set on object 'Object Repository/Regression BackOffice/CLNK-23449/FollowUpCallBack'&#xD;
&#xD;
2019-09-06 10:11:20 - [MESSAGE][PASSED] - Text '1' is set on object 'Object Repository/Regression BackOffice/CLNK-23449/FollowUpCallBack'&#xD;
&#xD;
2019-09-06 10:11:20 - [TEST_STEP][PASSED] - delay(2): Delayed 2 second(s)&#xD;
&#xD;
2019-09-06 10:11:22 - [MESSAGE][PASSED] - Delayed 2 second(s)&#xD;
&#xD;
2019-09-06 10:11:22 - [TEST_STEP][PASSED] - waitForElementPresent(findTestObject("Regression BackOffice/CLNK-23449/FUCDPlus"), 50): Object 'Object Repository/Regression BackOffice/CLNK-23449/FUCDPlus' is present&#xD;
&#xD;
2019-09-06 10:11:22 - [MESSAGE][PASSED] - Object 'Object Repository/Regression BackOffice/CLNK-23449/FUCDPlus' is present&#xD;
&#xD;
2019-09-06 10:11:22 - [TEST_STEP][PASSED] - click(findTestObject("Regression BackOffice/CLNK-23449/FUCDPlus"), CONTINUE_ON_FAILURE): Object: 'Object Repository/Regression BackOffice/CLNK-23449/FUCDPlus' is clicked on&#xD;
&#xD;
2019-09-06 10:11:23 - [MESSAGE][PASSED] - Object: 'Object Repository/Regression BackOffice/CLNK-23449/FUCDPlus' is clicked on&#xD;
&#xD;
2019-09-06 10:11:23 - [TEST_STEP][PASSED] - delay(2): Delayed 2 second(s)&#xD;
&#xD;
2019-09-06 10:11:25 - [MESSAGE][PASSED] - Delayed 2 second(s)&#xD;
&#xD;
2019-09-06 10:11:25 - [TEST_STEP][PASSED] - CallBack = getText(findTestObject("Regression BackOffice/CLNK-23449/CallBack")): Text of object 'Object Repository/Regression BackOffice/CLNK-23449/CallBack' is: 'Call Back on Sun, 06/02/2019 (1 days)'&#xD;
&#xD;
2019-09-06 10:11:25 - [MESSAGE][PASSED] - Text of object 'Object Repository/Regression BackOffice/CLNK-23449/CallBack' is: 'Call Back on Sun, 06/02/2019 (1 days)'&#xD;
&#xD;
2019-09-06 10:11:25 - [TEST_STEP][PASSED] - println(CallBack): null&#xD;
&#xD;
2019-09-06 10:11:25 - [TEST_STEP][PASSED] - delay(2): Delayed 2 second(s)&#xD;
&#xD;
2019-09-06 10:11:27 - [MESSAGE][PASSED] - Delayed 2 second(s)&#xD;
&#xD;
2019-09-06 10:11:27 - [TEST_STEP][PASSED] - waitForElementPresent(findTestObject("Regression BackOffice/CLNK-23449/PhysicianName"), 50): Object 'Object Repository/Regression BackOffice/CLNK-23449/PhysicianName' is present&#xD;
&#xD;
2019-09-06 10:11:27 - [MESSAGE][PASSED] - Object 'Object Repository/Regression BackOffice/CLNK-23449/PhysicianName' is present&#xD;
&#xD;
2019-09-06 10:11:27 - [TEST_STEP][PASSED] - PhysicianName = "CYNTHIA ABBOTT-JONES": null&#xD;
&#xD;
2019-09-06 10:11:27 - [TEST_STEP][PASSED] - click(findTestObject("Regression BackOffice/CLNK-23449/PhysicianName")): Object: 'Object Repository/Regression BackOffice/CLNK-23449/PhysicianName' is clicked on&#xD;
&#xD;
2019-09-06 10:11:27 - [MESSAGE][PASSED] - Object: 'Object Repository/Regression BackOffice/CLNK-23449/PhysicianName' is clicked on&#xD;
&#xD;
2019-09-06 10:11:27 - [TEST_STEP][PASSED] - delay(2): Delayed 2 second(s)&#xD;
&#xD;
2019-09-06 10:11:29 - [MESSAGE][PASSED] - Delayed 2 second(s)&#xD;
&#xD;
2019-09-06 10:11:29 - [TEST_STEP][PASSED] - setText(findTestObject("Regression BackOffice/CLNK-23449/PhysicianName"), G_PhisicanName): Text 'Abbott' is set on object 'Object Repository/Regression BackOffice/CLNK-23449/PhysicianName'&#xD;
&#xD;
2019-09-06 10:11:29 - [MESSAGE][PASSED] - Text 'Abbott' is set on object 'Object Repository/Regression BackOffice/CLNK-23449/PhysicianName'&#xD;
&#xD;
2019-09-06 10:11:29 - [TEST_STEP][PASSED] - delay(3): Delayed 3 second(s)&#xD;
&#xD;
2019-09-06 10:11:32 - [MESSAGE][PASSED] - Delayed 3 second(s)&#xD;
&#xD;
2019-09-06 10:11:32 - [TEST_STEP][PASSED] - waitForElementPresent(findTestObject("Regression BackOffice/CLNK-23449/li_Black Larry"), 50): Object 'Object Repository/Regression BackOffice/CLNK-23449/li_Black Larry' is present&#xD;
&#xD;
2019-09-06 10:11:32 - [MESSAGE][PASSED] - Object 'Object Repository/Regression BackOffice/CLNK-23449/li_Black Larry' is present&#xD;
&#xD;
2019-09-06 10:11:32 - [TEST_STEP][PASSED] - click(findTestObject("Regression BackOffice/CLNK-23449/li_Black Larry")): Object: 'Object Repository/Regression BackOffice/CLNK-23449/li_Black Larry' is clicked on&#xD;
&#xD;
2019-09-06 10:11:33 - [MESSAGE][PASSED] - Object: 'Object Repository/Regression BackOffice/CLNK-23449/li_Black Larry' is clicked on&#xD;
&#xD;
2019-09-06 10:11:33 - [TEST_STEP][PASSED] - delay(2): Delayed 2 second(s)&#xD;
&#xD;
2019-09-06 10:11:35 - [MESSAGE][PASSED] - Delayed 2 second(s)&#xD;
&#xD;
2019-09-06 10:11:35 - [TEST_STEP][PASSED] - waitForElementPresent(findTestObject("Regression BackOffice/CLNK-23449/SaveButton"), 50): Object 'Object Repository/Regression BackOffice/CLNK-23449/SaveButton' is present&#xD;
&#xD;
2019-09-06 10:11:35 - [MESSAGE][PASSED] - Object 'Object Repository/Regression BackOffice/CLNK-23449/SaveButton' is present&#xD;
&#xD;
2019-09-06 10:11:35 - [TEST_STEP][PASSED] - click(findTestObject("Regression BackOffice/CLNK-23449/SaveButton"), STOP_ON_FAILURE): Object: 'Object Repository/Regression BackOffice/CLNK-23449/SaveButton' is clicked on&#xD;
&#xD;
2019-09-06 10:11:35 - [MESSAGE][PASSED] - Object: 'Object Repository/Regression BackOffice/CLNK-23449/SaveButton' is clicked on&#xD;
&#xD;
2019-09-06 10:11:35 - [TEST_STEP][PASSED] - delay(2): Delayed 2 second(s)&#xD;
&#xD;
2019-09-06 10:11:37 - [MESSAGE][PASSED] - Delayed 2 second(s)&#xD;
&#xD;
2019-09-06 10:11:37 - [TEST_STEP][PASSED] - waitForElementPresent(findTestObject("Regression BackOffice/CLNK-23449/btnNext"), 50): Object 'Object Repository/Regression BackOffice/CLNK-23449/btnNext' is present&#xD;
&#xD;
2019-09-06 10:11:37 - [MESSAGE][PASSED] - Object 'Object Repository/Regression BackOffice/CLNK-23449/btnNext' is present&#xD;
&#xD;
2019-09-06 10:11:37 - [TEST_STEP][PASSED] - click(findTestObject("Regression BackOffice/CLNK-23449/btnNext"), STOP_ON_FAILURE): Object: 'Object Repository/Regression BackOffice/CLNK-23449/btnNext' is clicked on&#xD;
&#xD;
2019-09-06 10:11:37 - [MESSAGE][PASSED] - Object: 'Object Repository/Regression BackOffice/CLNK-23449/btnNext' is clicked on&#xD;
&#xD;
2019-09-06 10:11:37 - [TEST_STEP][PASSED] - delay(2): Delayed 2 second(s)&#xD;
&#xD;
2019-09-06 10:11:39 - [MESSAGE][PASSED] - Delayed 2 second(s)&#xD;
&#xD;
2019-09-06 10:11:39 - [TEST_STEP][PASSED] - DOB = "05/23/1970": null&#xD;
&#xD;
2019-09-06 10:11:39 - [TEST_STEP][PASSED] - Sexo = "M": null&#xD;
&#xD;
2019-09-06 10:11:39 - [TEST_STEP][PASSED] - setText(findTestObject("Regression BackOffice/CLNK-23449/Demographics/DOB"), DOB): Text '05/23/1970' is set on object 'Object Repository/Regression BackOffice/CLNK-23449/Demographics/DOB'&#xD;
&#xD;
2019-09-06 10:11:40 - [MESSAGE][PASSED] - Text '05/23/1970' is set on object 'Object Repository/Regression BackOffice/CLNK-23449/Demographics/DOB'&#xD;
&#xD;
2019-09-06 10:11:40 - [TEST_STEP][PASSED] - delay(3): Delayed 3 second(s)&#xD;
&#xD;
2019-09-06 10:11:43 - [MESSAGE][PASSED] - Delayed 3 second(s)&#xD;
&#xD;
2019-09-06 10:11:43 - [TEST_STEP][PASSED] - SSN1 = "436": null&#xD;
&#xD;
2019-09-06 10:11:43 - [TEST_STEP][PASSED] - setText(findTestObject("Regression BackOffice/CLNK-23449/Demographics/SSN1"), "436120560"): Text '436120560' is set on object 'Object Repository/Regression BackOffice/CLNK-23449/Demographics/SSN1'&#xD;
&#xD;
2019-09-06 10:11:43 - [MESSAGE][PASSED] - Text '436120560' is set on object 'Object Repository/Regression BackOffice/CLNK-23449/Demographics/SSN1'&#xD;
&#xD;
2019-09-06 10:11:43 - [TEST_STEP][PASSED] - delay(3): Delayed 3 second(s)&#xD;
&#xD;
2019-09-06 10:11:46 - [MESSAGE][PASSED] - Delayed 3 second(s)&#xD;
&#xD;
2019-09-06 10:11:46 - [TEST_STEP][PASSED] - MedId = "123456789a": null&#xD;
&#xD;
2019-09-06 10:11:46 - [TEST_STEP][PASSED] - setText(findTestObject("Regression BackOffice/CLNK-23449/Demographics/Medicare ID"), MedId): Text '123456789a' is set on object 'Object Repository/Regression BackOffice/CLNK-23449/Demographics/Medicare ID'&#xD;
&#xD;
2019-09-06 10:11:46 - [MESSAGE][PASSED] - Text '123456789a' is set on object 'Object Repository/Regression BackOffice/CLNK-23449/Demographics/Medicare ID'&#xD;
&#xD;
2019-09-06 10:11:46 - [TEST_STEP][PASSED] - delay(3): Delayed 3 second(s)&#xD;
&#xD;
2019-09-06 10:11:49 - [MESSAGE][PASSED] - Delayed 3 second(s)&#xD;
&#xD;
2019-09-06 10:11:49 - [TEST_STEP][PASSED] - setText(findTestObject("Regression BackOffice/CLNK-23449/Demographics/Address"), "320 Interlocken Parkway"): Text '320 Interlocken Parkway' is set on object 'Object Repository/Regression BackOffice/CLNK-23449/Demographics/Address'&#xD;
&#xD;
2019-09-06 10:11:50 - [MESSAGE][PASSED] - Text '320 Interlocken Parkway' is set on object 'Object Repository/Regression BackOffice/CLNK-23449/Demographics/Address'&#xD;
&#xD;
2019-09-06 10:11:50 - [TEST_STEP][PASSED] - delay(3): Delayed 3 second(s)&#xD;
&#xD;
2019-09-06 10:11:53 - [MESSAGE][PASSED] - Delayed 3 second(s)&#xD;
&#xD;
2019-09-06 10:11:53 - [TEST_STEP][PASSED] - setText(findTestObject("Regression BackOffice/CLNK-23449/Demographics/City"), "Broomfield"): Text 'Broomfield' is set on object 'Object Repository/Regression BackOffice/CLNK-23449/Demographics/City'&#xD;
&#xD;
2019-09-06 10:11:53 - [MESSAGE][PASSED] - Text 'Broomfield' is set on object 'Object Repository/Regression BackOffice/CLNK-23449/Demographics/City'&#xD;
&#xD;
2019-09-06 10:11:53 - [TEST_STEP][PASSED] - delay(3): Delayed 3 second(s)&#xD;
&#xD;
2019-09-06 10:11:56 - [MESSAGE][PASSED] - Delayed 3 second(s)&#xD;
&#xD;
2019-09-06 10:11:56 - [TEST_STEP][PASSED] - setText(findTestObject("Regression BackOffice/CLNK-23449/Demographics/County"), "United States"): Text 'United States' is set on object 'Object Repository/Regression BackOffice/CLNK-23449/Demographics/County'&#xD;
&#xD;
2019-09-06 10:11:57 - [MESSAGE][PASSED] - Text 'United States' is set on object 'Object Repository/Regression BackOffice/CLNK-23449/Demographics/County'&#xD;
&#xD;
2019-09-06 10:11:57 - [TEST_STEP][PASSED] - delay(3): Delayed 3 second(s)&#xD;
&#xD;
2019-09-06 10:12:00 - [MESSAGE][PASSED] - Delayed 3 second(s)&#xD;
&#xD;
2019-09-06 10:12:00 - [TEST_STEP][PASSED] - click(findTestObject("Regression BackOffice/CLNK-23449/Demographics/State"), CONTINUE_ON_FAILURE): Object: 'Object Repository/Regression BackOffice/CLNK-23449/Demographics/State' is clicked on&#xD;
&#xD;
2019-09-06 10:12:00 - [MESSAGE][PASSED] - Object: 'Object Repository/Regression BackOffice/CLNK-23449/Demographics/State' is clicked on&#xD;
&#xD;
2019-09-06 10:12:00 - [TEST_STEP][PASSED] - sendKeys(findTestObject("Regression BackOffice/CLNK-23449/Demographics/State"), Keys.chord(ARROW_DOWN, ARROW_DOWN, ARROW_DOWN, ARROW_DOWN, ARROW_DOWN, ARROW_DOWN, ENTER)): Keys 'DOWN + DOWN + DOWN + DOWN + DOWN + DOWN + ENTER + ' sent to object: 'Object Repository/Regression BackOffice/CLNK-23449/Demographics/State'&#xD;
&#xD;
2019-09-06 10:12:00 - [MESSAGE][PASSED] - Keys 'DOWN + DOWN + DOWN + DOWN + DOWN + DOWN + ENTER + ' sent to object: 'Object Repository/Regression BackOffice/CLNK-23449/Demographics/State'&#xD;
&#xD;
2019-09-06 10:12:00 - [TEST_STEP][PASSED] - delay(3): Delayed 3 second(s)&#xD;
&#xD;
2019-09-06 10:12:03 - [MESSAGE][PASSED] - Delayed 3 second(s)&#xD;
&#xD;
2019-09-06 10:12:03 - [TEST_STEP][PASSED] - click(findTestObject("Regression BackOffice/CLNK-23449/Demographics/btnVerify"), CONTINUE_ON_FAILURE): Object: 'Object Repository/Regression BackOffice/CLNK-23449/Demographics/btnVerify' is clicked on&#xD;
&#xD;
2019-09-06 10:12:03 - [MESSAGE][PASSED] - Object: 'Object Repository/Regression BackOffice/CLNK-23449/Demographics/btnVerify' is clicked on&#xD;
&#xD;
2019-09-06 10:12:03 - [TEST_STEP][PASSED] - delay(3): Delayed 3 second(s)&#xD;
&#xD;
2019-09-06 10:12:06 - [MESSAGE][PASSED] - Delayed 3 second(s)&#xD;
&#xD;
2019-09-06 10:12:06 - [TEST_STEP][PASSED] - click(findTestObject("Regression BackOffice/CLNK-23449/Demographics/btnVerify"), CONTINUE_ON_FAILURE): Object: 'Object Repository/Regression BackOffice/CLNK-23449/Demographics/btnVerify' is clicked on&#xD;
&#xD;
2019-09-06 10:12:06 - [MESSAGE][PASSED] - Object: 'Object Repository/Regression BackOffice/CLNK-23449/Demographics/btnVerify' is clicked on&#xD;
&#xD;
2019-09-06 10:12:06 - [TEST_STEP][PASSED] - delay(3): Delayed 3 second(s)&#xD;
&#xD;
2019-09-06 10:12:09 - [MESSAGE][PASSED] - Delayed 3 second(s)&#xD;
&#xD;
2019-09-06 10:12:09 - [TEST_STEP][PASSED] - click(findTestObject("Regression BackOffice/CLNK-23449/Demographics/UseVerifyAddress"), CONTINUE_ON_FAILURE): Object: 'Object Repository/Regression BackOffice/CLNK-23449/Demographics/UseVerifyAddress' is clicked on&#xD;
&#xD;
2019-09-06 10:12:10 - [MESSAGE][PASSED] - Object: 'Object Repository/Regression BackOffice/CLNK-23449/Demographics/UseVerifyAddress' is clicked on&#xD;
&#xD;
2019-09-06 10:12:10 - [TEST_STEP][PASSED] - delay(3): Delayed 3 second(s)&#xD;
&#xD;
2019-09-06 10:12:13 - [MESSAGE][PASSED] - Delayed 3 second(s)&#xD;
&#xD;
2019-09-06 10:12:13 - [TEST_STEP][PASSED] - click(findTestObject("Regression BackOffice/CLNK-23449/Demographics/PhoneType"), CONTINUE_ON_FAILURE): Object: 'Object Repository/Regression BackOffice/CLNK-23449/Demographics/PhoneType' is clicked on&#xD;
&#xD;
2019-09-06 10:12:13 - [MESSAGE][PASSED] - Object: 'Object Repository/Regression BackOffice/CLNK-23449/Demographics/PhoneType' is clicked on&#xD;
&#xD;
2019-09-06 10:12:13 - [TEST_STEP][PASSED] - sendKeys(findTestObject("Regression BackOffice/CLNK-23449/Demographics/PhoneType"), Keys.chord(ARROW_DOWN, ENTER)): Keys 'DOWN + ENTER + ' sent to object: 'Object Repository/Regression BackOffice/CLNK-23449/Demographics/PhoneType'&#xD;
&#xD;
2019-09-06 10:12:13 - [MESSAGE][PASSED] - Keys 'DOWN + ENTER + ' sent to object: 'Object Repository/Regression BackOffice/CLNK-23449/Demographics/PhoneType'&#xD;
&#xD;
2019-09-06 10:12:13 - [TEST_STEP][PASSED] - CellType = getText(findTestObject("Regression BackOffice/CLNK-23449/Validation/Phone/CellType - Option2")): Text of object 'Object Repository/Regression BackOffice/CLNK-23449/Validation/Phone/CellType - Option2' is: 'Cell'&#xD;
&#xD;
2019-09-06 10:12:13 - [MESSAGE][PASSED] - Text of object 'Object Repository/Regression BackOffice/CLNK-23449/Validation/Phone/CellType - Option2' is: 'Cell'&#xD;
&#xD;
2019-09-06 10:12:13 - [TEST_STEP][PASSED] - println(CellType): null&#xD;
&#xD;
2019-09-06 10:12:13 - [TEST_STEP][PASSED] - delay(3): Delayed 3 second(s)&#xD;
&#xD;
2019-09-06 10:12:16 - [MESSAGE][PASSED] - Delayed 3 second(s)&#xD;
&#xD;
2019-09-06 10:12:16 - [TEST_STEP][PASSED] - setText(findTestObject("Regression BackOffice/CLNK-23449/Demographics/PhoneNumber"), "2345698789"): Text '2345698789' is set on object 'Object Repository/Regression BackOffice/CLNK-23449/Demographics/PhoneNumber'&#xD;
&#xD;
2019-09-06 10:12:17 - [MESSAGE][PASSED] - Text '2345698789' is set on object 'Object Repository/Regression BackOffice/CLNK-23449/Demographics/PhoneNumber'&#xD;
&#xD;
2019-09-06 10:12:17 - [TEST_STEP][PASSED] - delay(3): Delayed 3 second(s)&#xD;
&#xD;
2019-09-06 10:12:20 - [MESSAGE][PASSED] - Delayed 3 second(s)&#xD;
&#xD;
2019-09-06 10:12:20 - [TEST_STEP][PASSED] - click(findTestObject("Regression BackOffice/CLNK-23449/Demographics/Zone"), CONTINUE_ON_FAILURE): Object: 'Object Repository/Regression BackOffice/CLNK-23449/Demographics/Zone' is clicked on&#xD;
&#xD;
2019-09-06 10:12:20 - [MESSAGE][PASSED] - Object: 'Object Repository/Regression BackOffice/CLNK-23449/Demographics/Zone' is clicked on&#xD;
&#xD;
2019-09-06 10:12:20 - [TEST_STEP][PASSED] - sendKeys(findTestObject("Regression BackOffice/CLNK-23449/Demographics/Zone"), Keys.chord(ARROW_DOWN, ARROW_DOWN, ARROW_DOWN, ENTER)): Keys 'DOWN + DOWN + DOWN + ENTER + ' sent to object: 'Object Repository/Regression BackOffice/CLNK-23449/Demographics/Zone'&#xD;
&#xD;
2019-09-06 10:12:20 - [MESSAGE][PASSED] - Keys 'DOWN + DOWN + DOWN + ENTER + ' sent to object: 'Object Repository/Regression BackOffice/CLNK-23449/Demographics/Zone'&#xD;
&#xD;
2019-09-06 10:12:20 - [TEST_STEP][PASSED] - delay(3): Delayed 3 second(s)&#xD;
&#xD;
2019-09-06 10:12:23 - [MESSAGE][PASSED] - Delayed 3 second(s)&#xD;
&#xD;
2019-09-06 10:12:23 - [TEST_STEP][PASSED] - waitForElementPresent(findTestObject("Regression BackOffice/CLNK-23449/Demographics/ContactFName"), 50): Object 'Object Repository/Regression BackOffice/CLNK-23449/Demographics/ContactFName' is present&#xD;
&#xD;
2019-09-06 10:12:23 - [MESSAGE][PASSED] - Object 'Object Repository/Regression BackOffice/CLNK-23449/Demographics/ContactFName' is present&#xD;
&#xD;
2019-09-06 10:12:23 - [TEST_STEP][PASSED] - setText(findTestObject("Regression BackOffice/CLNK-23449/Demographics/ContactFName"), "Scott"): Text 'Scott' is set on object 'Object Repository/Regression BackOffice/CLNK-23449/Demographics/ContactFName'&#xD;
&#xD;
2019-09-06 10:12:23 - [MESSAGE][PASSED] - Text 'Scott' is set on object 'Object Repository/Regression BackOffice/CLNK-23449/Demographics/ContactFName'&#xD;
&#xD;
2019-09-06 10:12:23 - [TEST_STEP][PASSED] - delay(2): Delayed 2 second(s)&#xD;
&#xD;
2019-09-06 10:12:25 - [MESSAGE][PASSED] - Delayed 2 second(s)&#xD;
&#xD;
2019-09-06 10:12:25 - [TEST_STEP][PASSED] - waitForElementPresent(findTestObject("Regression BackOffice/CLNK-23449/Demographics/ContactLName"), 50): Object 'Object Repository/Regression BackOffice/CLNK-23449/Demographics/ContactLName' is present&#xD;
&#xD;
2019-09-06 10:12:25 - [MESSAGE][PASSED] - Object 'Object Repository/Regression BackOffice/CLNK-23449/Demographics/ContactLName' is present&#xD;
&#xD;
2019-09-06 10:12:25 - [TEST_STEP][PASSED] - setText(findTestObject("Regression BackOffice/CLNK-23449/Demographics/ContactLName"), "Ward"): Text 'Ward' is set on object 'Object Repository/Regression BackOffice/CLNK-23449/Demographics/ContactLName'&#xD;
&#xD;
2019-09-06 10:12:26 - [MESSAGE][PASSED] - Text 'Ward' is set on object 'Object Repository/Regression BackOffice/CLNK-23449/Demographics/ContactLName'&#xD;
&#xD;
2019-09-06 10:12:26 - [TEST_STEP][PASSED] - delay(2): Delayed 2 second(s)&#xD;
&#xD;
2019-09-06 10:12:28 - [MESSAGE][PASSED] - Delayed 2 second(s)&#xD;
&#xD;
2019-09-06 10:12:28 - [TEST_STEP][PASSED] - click(findTestObject("Regression BackOffice/CLNK-23449/Demographics/ContactType"), CONTINUE_ON_FAILURE): Object: 'Object Repository/Regression BackOffice/CLNK-23449/Demographics/ContactType' is clicked on&#xD;
&#xD;
2019-09-06 10:12:28 - [MESSAGE][PASSED] - Object: 'Object Repository/Regression BackOffice/CLNK-23449/Demographics/ContactType' is clicked on&#xD;
&#xD;
2019-09-06 10:12:28 - [TEST_STEP][PASSED] - sendKeys(findTestObject("Regression BackOffice/CLNK-23449/Demographics/ContactType"), Keys.chord(ARROW_DOWN, ARROW_DOWN, ARROW_DOWN, ARROW_DOWN, ARROW_DOWN, ARROW_DOWN, ENTER)): Keys 'DOWN + DOWN + DOWN + DOWN + DOWN + DOWN + ENTER + ' sent to object: 'Object Repository/Regression BackOffice/CLNK-23449/Demographics/ContactType'&#xD;
&#xD;
2019-09-06 10:12:28 - [MESSAGE][PASSED] - Keys 'DOWN + DOWN + DOWN + DOWN + DOWN + DOWN + ENTER + ' sent to object: 'Object Repository/Regression BackOffice/CLNK-23449/Demographics/ContactType'&#xD;
&#xD;
2019-09-06 10:12:28 - [TEST_STEP][PASSED] - delay(3): Delayed 3 second(s)&#xD;
&#xD;
2019-09-06 10:12:31 - [MESSAGE][PASSED] - Delayed 3 second(s)&#xD;
&#xD;
2019-09-06 10:12:31 - [TEST_STEP][PASSED] - click(findTestObject("Regression BackOffice/CLNK-23449/Demographics/Relationship"), CONTINUE_ON_FAILURE): Object: 'Object Repository/Regression BackOffice/CLNK-23449/Demographics/Relationship' is clicked on&#xD;
&#xD;
2019-09-06 10:12:31 - [MESSAGE][PASSED] - Object: 'Object Repository/Regression BackOffice/CLNK-23449/Demographics/Relationship' is clicked on&#xD;
&#xD;
2019-09-06 10:12:31 - [TEST_STEP][PASSED] - sendKeys(findTestObject("Regression BackOffice/CLNK-23449/Demographics/Relationship"), Keys.chord(ARROW_DOWN, ARROW_DOWN, ARROW_DOWN, ARROW_DOWN, ARROW_DOWN, ARROW_DOWN, ENTER)): Keys 'DOWN + DOWN + DOWN + DOWN + DOWN + DOWN + ENTER + ' sent to object: 'Object Repository/Regression BackOffice/CLNK-23449/Demographics/Relationship'&#xD;
&#xD;
2019-09-06 10:12:31 - [MESSAGE][PASSED] - Keys 'DOWN + DOWN + DOWN + DOWN + DOWN + DOWN + ENTER + ' sent to object: 'Object Repository/Regression BackOffice/CLNK-23449/Demographics/Relationship'&#xD;
&#xD;
2019-09-06 10:12:31 - [TEST_STEP][PASSED] - delay(3): Delayed 3 second(s)&#xD;
&#xD;
2019-09-06 10:12:34 - [MESSAGE][PASSED] - Delayed 3 second(s)&#xD;
&#xD;
2019-09-06 10:12:34 - [TEST_STEP][PASSED] - click(findTestObject("Regression BackOffice/CLNK-23449/Demographics/PhoneTypeContact"), CONTINUE_ON_FAILURE): Object: 'Object Repository/Regression BackOffice/CLNK-23449/Demographics/PhoneTypeContact' is clicked on&#xD;
&#xD;
2019-09-06 10:12:34 - [MESSAGE][PASSED] - Object: 'Object Repository/Regression BackOffice/CLNK-23449/Demographics/PhoneTypeContact' is clicked on&#xD;
&#xD;
2019-09-06 10:12:34 - [TEST_STEP][PASSED] - sendKeys(findTestObject("Regression BackOffice/CLNK-23449/Demographics/PhoneTypeContact"), Keys.chord(ARROW_DOWN, ENTER)): Keys 'DOWN + ENTER + ' sent to object: 'Object Repository/Regression BackOffice/CLNK-23449/Demographics/PhoneTypeContact'&#xD;
&#xD;
2019-09-06 10:12:35 - [MESSAGE][PASSED] - Keys 'DOWN + ENTER + ' sent to object: 'Object Repository/Regression BackOffice/CLNK-23449/Demographics/PhoneTypeContact'&#xD;
&#xD;
2019-09-06 10:12:35 - [TEST_STEP][PASSED] - delay(3): Delayed 3 second(s)&#xD;
&#xD;
2019-09-06 10:12:38 - [MESSAGE][PASSED] - Delayed 3 second(s)&#xD;
&#xD;
2019-09-06 10:12:38 - [TEST_STEP][PASSED] - setText(findTestObject("Regression BackOffice/CLNK-23449/Demographics/ContactPhone"), "2345698789"): Text '2345698789' is set on object 'Object Repository/Regression BackOffice/CLNK-23449/Demographics/ContactPhone'&#xD;
&#xD;
2019-09-06 10:12:38 - [MESSAGE][PASSED] - Text '2345698789' is set on object 'Object Repository/Regression BackOffice/CLNK-23449/Demographics/ContactPhone'&#xD;
&#xD;
2019-09-06 10:12:38 - [TEST_STEP][PASSED] - delay(3): Delayed 3 second(s)&#xD;
&#xD;
2019-09-06 10:12:41 - [MESSAGE][PASSED] - Delayed 3 second(s)&#xD;
&#xD;
2019-09-06 10:12:41 - [TEST_STEP][PASSED] - click(findTestObject("Regression BackOffice/CLNK-23449/Demographics/EpisodeType"), CONTINUE_ON_FAILURE): Object: 'Object Repository/Regression BackOffice/CLNK-23449/Demographics/EpisodeType' is clicked on&#xD;
&#xD;
2019-09-06 10:12:41 - [MESSAGE][PASSED] - Object: 'Object Repository/Regression BackOffice/CLNK-23449/Demographics/EpisodeType' is clicked on&#xD;
&#xD;
2019-09-06 10:12:41 - [TEST_STEP][PASSED] - sendKeys(findTestObject("Regression BackOffice/CLNK-23449/Demographics/EpisodeType"), Keys.chord(ARROW_DOWN, ARROW_DOWN, ARROW_DOWN, ARROW_DOWN, ARROW_DOWN, ARROW_DOWN, ENTER)): Keys 'DOWN + DOWN + DOWN + DOWN + DOWN + DOWN + ENTER + ' sent to object: 'Object Repository/Regression BackOffice/CLNK-23449/Demographics/EpisodeType'&#xD;
&#xD;
2019-09-06 10:12:41 - [MESSAGE][PASSED] - Keys 'DOWN + DOWN + DOWN + DOWN + DOWN + DOWN + ENTER + ' sent to object: 'Object Repository/Regression BackOffice/CLNK-23449/Demographics/EpisodeType'&#xD;
&#xD;
2019-09-06 10:12:41 - [TEST_STEP][PASSED] - delay(3): Delayed 3 second(s)&#xD;
&#xD;
2019-09-06 10:12:44 - [MESSAGE][PASSED] - Delayed 3 second(s)&#xD;
&#xD;
2019-09-06 10:12:44 - [TEST_STEP][PASSED] - click(findTestObject("Regression BackOffice/CLNK-23449/Demographics/PlaceOfServices"), CONTINUE_ON_FAILURE): Object: 'Object Repository/Regression BackOffice/CLNK-23449/Demographics/PlaceOfServices' is clicked on&#xD;
&#xD;
2019-09-06 10:12:44 - [MESSAGE][PASSED] - Object: 'Object Repository/Regression BackOffice/CLNK-23449/Demographics/PlaceOfServices' is clicked on&#xD;
&#xD;
2019-09-06 10:12:44 - [TEST_STEP][PASSED] - sendKeys(findTestObject("Regression BackOffice/CLNK-23449/Demographics/PlaceOfServices"), Keys.chord(ARROW_DOWN, ARROW_DOWN, ARROW_DOWN, ARROW_DOWN, ARROW_DOWN, ARROW_DOWN, ENTER)): Keys 'DOWN + DOWN + DOWN + DOWN + DOWN + DOWN + ENTER + ' sent to object: 'Object Repository/Regression BackOffice/CLNK-23449/Demographics/PlaceOfServices'&#xD;
&#xD;
2019-09-06 10:12:45 - [MESSAGE][PASSED] - Keys 'DOWN + DOWN + DOWN + DOWN + DOWN + DOWN + ENTER + ' sent to object: 'Object Repository/Regression BackOffice/CLNK-23449/Demographics/PlaceOfServices'&#xD;
&#xD;
2019-09-06 10:12:45 - [TEST_STEP][PASSED] - delay(3): Delayed 3 second(s)&#xD;
&#xD;
2019-09-06 10:12:48 - [MESSAGE][PASSED] - Delayed 3 second(s)&#xD;
&#xD;
2019-09-06 10:12:48 - [TEST_STEP][PASSED] - click(findTestObject("Regression BackOffice/CLNK-23449/Demographics/ClientStatus"), CONTINUE_ON_FAILURE): Object: 'Object Repository/Regression BackOffice/CLNK-23449/Demographics/ClientStatus' is clicked on&#xD;
&#xD;
2019-09-06 10:12:48 - [MESSAGE][PASSED] - Object: 'Object Repository/Regression BackOffice/CLNK-23449/Demographics/ClientStatus' is clicked on&#xD;
&#xD;
2019-09-06 10:12:48 - [TEST_STEP][PASSED] - sendKeys(findTestObject("Regression BackOffice/CLNK-23449/Demographics/ClientStatus"), Keys.chord(ARROW_DOWN, ENTER)): Keys 'DOWN + ENTER + ' sent to object: 'Object Repository/Regression BackOffice/CLNK-23449/Demographics/ClientStatus'&#xD;
&#xD;
2019-09-06 10:12:48 - [MESSAGE][PASSED] - Keys 'DOWN + ENTER + ' sent to object: 'Object Repository/Regression BackOffice/CLNK-23449/Demographics/ClientStatus'&#xD;
&#xD;
2019-09-06 10:12:48 - [TEST_STEP][PASSED] - delay(3): Delayed 3 second(s)&#xD;
&#xD;
2019-09-06 10:12:51 - [MESSAGE][PASSED] - Delayed 3 second(s)&#xD;
&#xD;
2019-09-06 10:12:51 - [TEST_STEP][PASSED] - waitForElementPresent(findTestObject("Regression BackOffice/CLNK-23449/Demographics/btnSaveDemo"), 50): Object 'Object Repository/Regression BackOffice/CLNK-23449/Demographics/btnSaveDemo' is present&#xD;
&#xD;
2019-09-06 10:12:51 - [MESSAGE][PASSED] - Object 'Object Repository/Regression BackOffice/CLNK-23449/Demographics/btnSaveDemo' is present&#xD;
&#xD;
2019-09-06 10:12:51 - [TEST_STEP][PASSED] - click(findTestObject("Regression BackOffice/CLNK-23449/Demographics/btnSaveDemo"), STOP_ON_FAILURE): Object: 'Object Repository/Regression BackOffice/CLNK-23449/Demographics/btnSaveDemo' is clicked on&#xD;
&#xD;
2019-09-06 10:12:51 - [MESSAGE][PASSED] - Object: 'Object Repository/Regression BackOffice/CLNK-23449/Demographics/btnSaveDemo' is clicked on&#xD;
&#xD;
2019-09-06 10:12:51 - [TEST_STEP][PASSED] - delay(5): Delayed 5 second(s)&#xD;
&#xD;
2019-09-06 10:12:56 - [MESSAGE][PASSED] - Delayed 5 second(s)&#xD;
&#xD;
2019-09-06 10:12:56 - [TEST_STEP][PASSED] - waitForElementPresent(findTestObject("Regression BackOffice/CLNK-23449/Demographics/btnNextDemo"), 50): Object 'Object Repository/Regression BackOffice/CLNK-23449/Demographics/btnNextDemo' is present&#xD;
&#xD;
2019-09-06 10:12:56 - [MESSAGE][PASSED] - Object 'Object Repository/Regression BackOffice/CLNK-23449/Demographics/btnNextDemo' is present&#xD;
&#xD;
2019-09-06 10:12:56 - [TEST_STEP][PASSED] - click(findTestObject("Regression BackOffice/CLNK-23449/Demographics/btnNextDemo"), STOP_ON_FAILURE): Object: 'Object Repository/Regression BackOffice/CLNK-23449/Demographics/btnNextDemo' is clicked on&#xD;
&#xD;
2019-09-06 10:12:56 - [MESSAGE][PASSED] - Object: 'Object Repository/Regression BackOffice/CLNK-23449/Demographics/btnNextDemo' is clicked on&#xD;
&#xD;
2019-09-06 10:12:57 - [TEST_STEP][PASSED] - delay(2): Delayed 2 second(s)&#xD;
&#xD;
2019-09-06 10:12:59 - [MESSAGE][PASSED] - Delayed 2 second(s)&#xD;
&#xD;
2019-09-06 10:12:59 - [TEST_STEP][PASSED] - waitForElementPresent(findTestObject("Regression BackOffice/CLINK-23451/PayerList"), 50): Object 'Object Repository/Regression BackOffice/CLINK-23451/PayerList' is present&#xD;
&#xD;
2019-09-06 10:12:59 - [MESSAGE][PASSED] - Object 'Object Repository/Regression BackOffice/CLINK-23451/PayerList' is present&#xD;
&#xD;
2019-09-06 10:12:59 - [TEST_STEP][PASSED] - click(findTestObject("Regression BackOffice/CLINK-23451/PayerList"), STOP_ON_FAILURE): Object: 'Object Repository/Regression BackOffice/CLINK-23451/PayerList' is clicked on&#xD;
&#xD;
2019-09-06 10:12:59 - [MESSAGE][PASSED] - Object: 'Object Repository/Regression BackOffice/CLINK-23451/PayerList' is clicked on&#xD;
&#xD;
2019-09-06 10:12:59 - [TEST_STEP][PASSED] - sendKeys(findTestObject("Regression BackOffice/CLINK-23451/PayerList"), Keys.chord(ARROW_DOWN, ENTER)): Keys 'DOWN + ENTER + ' sent to object: 'Object Repository/Regression BackOffice/CLINK-23451/PayerList'&#xD;
&#xD;
2019-09-06 10:12:59 - [MESSAGE][PASSED] - Keys 'DOWN + ENTER + ' sent to object: 'Object Repository/Regression BackOffice/CLINK-23451/PayerList'&#xD;
&#xD;
2019-09-06 10:12:59 - [TEST_STEP][PASSED] - delay(2): Delayed 2 second(s)&#xD;
&#xD;
2019-09-06 10:13:01 - [MESSAGE][PASSED] - Delayed 2 second(s)&#xD;
&#xD;
2019-09-06 10:13:01 - [TEST_STEP][PASSED] - waitForElementPresent(findTestObject("Regression BackOffice/CLINK-23451/PlanList"), 50): Object 'Object Repository/Regression BackOffice/CLINK-23451/PlanList' is present&#xD;
&#xD;
2019-09-06 10:13:01 - [MESSAGE][PASSED] - Object 'Object Repository/Regression BackOffice/CLINK-23451/PlanList' is present&#xD;
&#xD;
2019-09-06 10:13:01 - [TEST_STEP][PASSED] - click(findTestObject("Regression BackOffice/CLINK-23451/PlanList"), STOP_ON_FAILURE): Object: 'Object Repository/Regression BackOffice/CLINK-23451/PlanList' is clicked on&#xD;
&#xD;
2019-09-06 10:13:01 - [MESSAGE][PASSED] - Object: 'Object Repository/Regression BackOffice/CLINK-23451/PlanList' is clicked on&#xD;
&#xD;
2019-09-06 10:13:01 - [TEST_STEP][PASSED] - sendKeys(findTestObject("Regression BackOffice/CLINK-23451/PlanList"), Keys.chord(ARROW_DOWN, ENTER)): Keys 'DOWN + ENTER + ' sent to object: 'Object Repository/Regression BackOffice/CLINK-23451/PlanList'&#xD;
&#xD;
2019-09-06 10:13:01 - [MESSAGE][PASSED] - Keys 'DOWN + ENTER + ' sent to object: 'Object Repository/Regression BackOffice/CLINK-23451/PlanList'&#xD;
&#xD;
2019-09-06 10:13:01 - [TEST_STEP][PASSED] - delay(2): Delayed 2 second(s)&#xD;
&#xD;
2019-09-06 10:13:03 - [MESSAGE][PASSED] - Delayed 2 second(s)&#xD;
&#xD;
2019-09-06 10:13:03 - [TEST_STEP][PASSED] - waitForElementPresent(findTestObject("Regression BackOffice/CLINK-23451/GroupList"), 50): Object 'Object Repository/Regression BackOffice/CLINK-23451/GroupList' is present&#xD;
&#xD;
2019-09-06 10:13:03 - [MESSAGE][PASSED] - Object 'Object Repository/Regression BackOffice/CLINK-23451/GroupList' is present&#xD;
&#xD;
2019-09-06 10:13:03 - [TEST_STEP][PASSED] - click(findTestObject("Regression BackOffice/CLINK-23451/GroupList"), STOP_ON_FAILURE): Object: 'Object Repository/Regression BackOffice/CLINK-23451/GroupList' is clicked on&#xD;
&#xD;
2019-09-06 10:13:04 - [MESSAGE][PASSED] - Object: 'Object Repository/Regression BackOffice/CLINK-23451/GroupList' is clicked on&#xD;
&#xD;
2019-09-06 10:13:04 - [TEST_STEP][PASSED] - sendKeys(findTestObject("Regression BackOffice/CLINK-23451/GroupList"), Keys.chord(ARROW_DOWN, ENTER)): Keys 'DOWN + ENTER + ' sent to object: 'Object Repository/Regression BackOffice/CLINK-23451/GroupList'&#xD;
&#xD;
2019-09-06 10:13:04 - [MESSAGE][PASSED] - Keys 'DOWN + ENTER + ' sent to object: 'Object Repository/Regression BackOffice/CLINK-23451/GroupList'&#xD;
&#xD;
2019-09-06 10:13:04 - [TEST_STEP][PASSED] - delay(2): Delayed 2 second(s)&#xD;
&#xD;
2019-09-06 10:13:06 - [MESSAGE][PASSED] - Delayed 2 second(s)&#xD;
&#xD;
2019-09-06 10:13:06 - [TEST_STEP][PASSED] - waitForElementPresent(findTestObject("Regression BackOffice/CLINK-23451/MedicareAdminList"), 50): Object 'Object Repository/Regression BackOffice/CLINK-23451/MedicareAdminList' is present&#xD;
&#xD;
2019-09-06 10:13:06 - [MESSAGE][PASSED] - Object 'Object Repository/Regression BackOffice/CLINK-23451/MedicareAdminList' is present&#xD;
&#xD;
2019-09-06 10:13:06 - [TEST_STEP][PASSED] - click(findTestObject("Regression BackOffice/CLINK-23451/MedicareAdminList"), STOP_ON_FAILURE): Object: 'Object Repository/Regression BackOffice/CLINK-23451/MedicareAdminList' is clicked on&#xD;
&#xD;
2019-09-06 10:13:06 - [MESSAGE][PASSED] - Object: 'Object Repository/Regression BackOffice/CLINK-23451/MedicareAdminList' is clicked on&#xD;
&#xD;
2019-09-06 10:13:06 - [TEST_STEP][PASSED] - sendKeys(findTestObject("Regression BackOffice/CLINK-23451/MedicareAdminList"), Keys.chord(ARROW_DOWN, ARROW_DOWN, ARROW_DOWN, ENTER)): Keys 'DOWN + DOWN + DOWN + ENTER + ' sent to object: 'Object Repository/Regression BackOffice/CLINK-23451/MedicareAdminList'&#xD;
&#xD;
2019-09-06 10:13:06 - [MESSAGE][PASSED] - Keys 'DOWN + DOWN + DOWN + ENTER + ' sent to object: 'Object Repository/Regression BackOffice/CLINK-23451/MedicareAdminList'&#xD;
&#xD;
2019-09-06 10:13:06 - [TEST_STEP][PASSED] - delay(2): Delayed 2 second(s)&#xD;
&#xD;
2019-09-06 10:13:08 - [MESSAGE][PASSED] - Delayed 2 second(s)&#xD;
&#xD;
2019-09-06 10:13:08 - [TEST_STEP][PASSED] - waitForElementPresent(findTestObject("Regression BackOffice/CLINK-23451/btnSavePayer"), 50): Object 'Object Repository/Regression BackOffice/CLINK-23451/btnSavePayer' is present&#xD;
&#xD;
2019-09-06 10:13:08 - [MESSAGE][PASSED] - Object 'Object Repository/Regression BackOffice/CLINK-23451/btnSavePayer' is present&#xD;
&#xD;
2019-09-06 10:13:08 - [TEST_STEP][PASSED] - click(findTestObject("Regression BackOffice/CLINK-23451/btnSavePayer"), STOP_ON_FAILURE): Object: 'Object Repository/Regression BackOffice/CLINK-23451/btnSavePayer' is clicked on&#xD;
&#xD;
2019-09-06 10:13:08 - [MESSAGE][PASSED] - Object: 'Object Repository/Regression BackOffice/CLINK-23451/btnSavePayer' is clicked on&#xD;
&#xD;
2019-09-06 10:13:08 - [TEST_STEP][PASSED] - delay(2): Delayed 2 second(s)&#xD;
&#xD;
2019-09-06 10:13:10 - [MESSAGE][PASSED] - Delayed 2 second(s)&#xD;
&#xD;
2019-09-06 10:13:10 - [TEST_STEP][PASSED] - waitForElementPresent(findTestObject("Regression BackOffice/CLNK-23449/btnNextPayer"), 50): Object 'Object Repository/Regression BackOffice/CLNK-23449/btnNextPayer' is present&#xD;
&#xD;
2019-09-06 10:13:11 - [MESSAGE][PASSED] - Object 'Object Repository/Regression BackOffice/CLNK-23449/btnNextPayer' is present&#xD;
&#xD;
2019-09-06 10:13:11 - [TEST_STEP][PASSED] - click(findTestObject("Regression BackOffice/CLNK-23449/btnNextPayer"), STOP_ON_FAILURE): Object: 'Object Repository/Regression BackOffice/CLNK-23449/btnNextPayer' is clicked on&#xD;
&#xD;
2019-09-06 10:13:11 - [MESSAGE][PASSED] - Object: 'Object Repository/Regression BackOffice/CLNK-23449/btnNextPayer' is clicked on&#xD;
&#xD;
2019-09-06 10:13:11 - [TEST_STEP][PASSED] - delay(2): Delayed 2 second(s)&#xD;
&#xD;
2019-09-06 10:13:13 - [MESSAGE][PASSED] - Delayed 2 second(s)&#xD;
&#xD;
2019-09-06 10:13:13 - [TEST_STEP][PASSED] - waitForElementPresent(findTestObject("Regression BackOffice/CLNK-23449/Reporting Groups"), 50): Object 'Object Repository/Regression BackOffice/CLNK-23449/Reporting Groups' is present&#xD;
&#xD;
2019-09-06 10:13:13 - [MESSAGE][PASSED] - Object 'Object Repository/Regression BackOffice/CLNK-23449/Reporting Groups' is present&#xD;
&#xD;
2019-09-06 10:13:13 - [TEST_STEP][PASSED] - click(findTestObject("Regression BackOffice/CLNK-23449/Reporting Groups"), STOP_ON_FAILURE): Object: 'Object Repository/Regression BackOffice/CLNK-23449/Reporting Groups' is clicked on&#xD;
&#xD;
2019-09-06 10:13:13 - [MESSAGE][PASSED] - Object: 'Object Repository/Regression BackOffice/CLNK-23449/Reporting Groups' is clicked on&#xD;
&#xD;
2019-09-06 10:13:13 - [TEST_STEP][PASSED] - delay(2): Delayed 2 second(s)&#xD;
&#xD;
2019-09-06 10:13:15 - [MESSAGE][PASSED] - Delayed 2 second(s)&#xD;
&#xD;
2019-09-06 10:13:15 - [TEST_STEP][PASSED] - waitForElementPresent(findTestObject("Regression BackOffice/CLNK-23449/btnSaveServices"), 50): Object 'Object Repository/Regression BackOffice/CLNK-23449/btnSaveServices' is present&#xD;
&#xD;
2019-09-06 10:13:15 - [MESSAGE][PASSED] - Object 'Object Repository/Regression BackOffice/CLNK-23449/btnSaveServices' is present&#xD;
&#xD;
2019-09-06 10:13:15 - [TEST_STEP][PASSED] - click(findTestObject("Regression BackOffice/CLNK-23449/btnSaveServices"), STOP_ON_FAILURE): Object: 'Object Repository/Regression BackOffice/CLNK-23449/btnSaveServices' is clicked on&#xD;
&#xD;
2019-09-06 10:13:15 - [MESSAGE][PASSED] - Object: 'Object Repository/Regression BackOffice/CLNK-23449/btnSaveServices' is clicked on&#xD;
&#xD;
2019-09-06 10:13:15 - [TEST_STEP][PASSED] - delay(2): Delayed 2 second(s)&#xD;
&#xD;
2019-09-06 10:13:17 - [MESSAGE][PASSED] - Delayed 2 second(s)&#xD;
&#xD;
2019-09-06 10:13:17 - [TEST_STEP][PASSED] - waitForElementPresent(findTestObject("Regression BackOffice/CLNK-23449/btnNextServices"), 50): Object 'Object Repository/Regression BackOffice/CLNK-23449/btnNextServices' is present&#xD;
&#xD;
2019-09-06 10:13:17 - [MESSAGE][PASSED] - Object 'Object Repository/Regression BackOffice/CLNK-23449/btnNextServices' is present&#xD;
&#xD;
2019-09-06 10:13:17 - [TEST_STEP][PASSED] - click(findTestObject("Regression BackOffice/CLNK-23449/btnNextServices"), STOP_ON_FAILURE): Object: 'Object Repository/Regression BackOffice/CLNK-23449/btnNextServices' is clicked on&#xD;
&#xD;
2019-09-06 10:13:17 - [MESSAGE][PASSED] - Object: 'Object Repository/Regression BackOffice/CLNK-23449/btnNextServices' is clicked on&#xD;
&#xD;
2019-09-06 10:13:17 - [TEST_STEP][PASSED] - delay(2): Delayed 2 second(s)&#xD;
&#xD;
2019-09-06 10:13:19 - [MESSAGE][PASSED] - Delayed 2 second(s)&#xD;
&#xD;
2019-09-06 10:13:19 - [TEST_STEP][PASSED] - setText(findTestObject("Regression BackOffice/CLNK-23449/Admit/SOCDate"), G_Date): Text '06/01/2019' is set on object 'Object Repository/Regression BackOffice/CLNK-23449/Admit/SOCDate'&#xD;
&#xD;
2019-09-06 10:13:20 - [MESSAGE][PASSED] - Text '06/01/2019' is set on object 'Object Repository/Regression BackOffice/CLNK-23449/Admit/SOCDate'&#xD;
&#xD;
2019-09-06 10:13:20 - [TEST_STEP][PASSED] - delay(4): Delayed 4 second(s)&#xD;
&#xD;
2019-09-06 10:13:24 - [MESSAGE][PASSED] - Delayed 4 second(s)&#xD;
&#xD;
2019-09-06 10:13:24 - [TEST_STEP][PASSED] - waitForElementPresent(findTestObject("Regression BackOffice/CLNK-23449/Admit/DisasterCode"), 50): Object 'Object Repository/Regression BackOffice/CLNK-23449/Admit/DisasterCode' is present&#xD;
&#xD;
2019-09-06 10:13:24 - [MESSAGE][PASSED] - Object 'Object Repository/Regression BackOffice/CLNK-23449/Admit/DisasterCode' is present&#xD;
&#xD;
2019-09-06 10:13:24 - [TEST_STEP][PASSED] - click(findTestObject("Regression BackOffice/CLNK-23449/Admit/DisasterCode"), STOP_ON_FAILURE): Object: 'Object Repository/Regression BackOffice/CLNK-23449/Admit/DisasterCode' is clicked on&#xD;
&#xD;
2019-09-06 10:13:24 - [MESSAGE][PASSED] - Object: 'Object Repository/Regression BackOffice/CLNK-23449/Admit/DisasterCode' is clicked on&#xD;
&#xD;
2019-09-06 10:13:24 - [TEST_STEP][PASSED] - sendKeys(findTestObject("Regression BackOffice/CLNK-23449/Admit/DisasterCode"), Keys.chord(ARROW_DOWN, ENTER)): Keys 'DOWN + ENTER + ' sent to object: 'Object Repository/Regression BackOffice/CLNK-23449/Admit/DisasterCode'&#xD;
&#xD;
2019-09-06 10:13:24 - [MESSAGE][PASSED] - Keys 'DOWN + ENTER + ' sent to object: 'Object Repository/Regression BackOffice/CLNK-23449/Admit/DisasterCode'&#xD;
&#xD;
2019-09-06 10:13:24 - [TEST_STEP][PASSED] - delay(2): Delayed 2 second(s)&#xD;
&#xD;
2019-09-06 10:13:26 - [MESSAGE][PASSED] - Delayed 2 second(s)&#xD;
&#xD;
2019-09-06 10:13:26 - [TEST_STEP][PASSED] - waitForElementPresent(findTestObject("Regression BackOffice/CLNK-23449/Admit/ClasificationLevel"), 50): Object 'Object Repository/Regression BackOffice/CLNK-23449/Admit/ClasificationLevel' is present&#xD;
&#xD;
2019-09-06 10:13:26 - [MESSAGE][PASSED] - Object 'Object Repository/Regression BackOffice/CLNK-23449/Admit/ClasificationLevel' is present&#xD;
&#xD;
2019-09-06 10:13:26 - [TEST_STEP][PASSED] - click(findTestObject("Regression BackOffice/CLNK-23449/Admit/ClasificationLevel"), STOP_ON_FAILURE): Object: 'Object Repository/Regression BackOffice/CLNK-23449/Admit/ClasificationLevel' is clicked on&#xD;
&#xD;
2019-09-06 10:13:27 - [MESSAGE][PASSED] - Object: 'Object Repository/Regression BackOffice/CLNK-23449/Admit/ClasificationLevel' is clicked on&#xD;
&#xD;
2019-09-06 10:13:27 - [TEST_STEP][PASSED] - sendKeys(findTestObject("Regression BackOffice/CLNK-23449/Admit/ClasificationLevel"), Keys.chord(ARROW_DOWN, ENTER)): Keys 'DOWN + ENTER + ' sent to object: 'Object Repository/Regression BackOffice/CLNK-23449/Admit/ClasificationLevel'&#xD;
&#xD;
2019-09-06 10:13:27 - [MESSAGE][PASSED] - Keys 'DOWN + ENTER + ' sent to object: 'Object Repository/Regression BackOffice/CLNK-23449/Admit/ClasificationLevel'&#xD;
&#xD;
2019-09-06 10:13:27 - [TEST_STEP][PASSED] - delay(2): Delayed 2 second(s)&#xD;
&#xD;
2019-09-06 10:13:29 - [MESSAGE][PASSED] - Delayed 2 second(s)&#xD;
&#xD;
2019-09-06 10:13:29 - [TEST_STEP][PASSED] - waitForElementPresent(findTestObject("Regression BackOffice/CLNK-23449/Admit/HIPAA"), 50): Object 'Object Repository/Regression BackOffice/CLNK-23449/Admit/HIPAA' is present&#xD;
&#xD;
2019-09-06 10:13:29 - [MESSAGE][PASSED] - Object 'Object Repository/Regression BackOffice/CLNK-23449/Admit/HIPAA' is present&#xD;
&#xD;
2019-09-06 10:13:29 - [TEST_STEP][PASSED] - click(findTestObject("Regression BackOffice/CLNK-23449/Admit/HIPAA"), STOP_ON_FAILURE): Object: 'Object Repository/Regression BackOffice/CLNK-23449/Admit/HIPAA' is clicked on&#xD;
&#xD;
2019-09-06 10:13:29 - [MESSAGE][PASSED] - Object: 'Object Repository/Regression BackOffice/CLNK-23449/Admit/HIPAA' is clicked on&#xD;
&#xD;
2019-09-06 10:13:29 - [TEST_STEP][PASSED] - sendKeys(findTestObject("Regression BackOffice/CLNK-23449/Admit/HIPAA"), Keys.chord(ARROW_DOWN, ENTER)): Keys 'DOWN + ENTER + ' sent to object: 'Object Repository/Regression BackOffice/CLNK-23449/Admit/HIPAA'&#xD;
&#xD;
2019-09-06 10:13:29 - [MESSAGE][PASSED] - Keys 'DOWN + ENTER + ' sent to object: 'Object Repository/Regression BackOffice/CLNK-23449/Admit/HIPAA'&#xD;
&#xD;
2019-09-06 10:13:29 - [TEST_STEP][PASSED] - delay(2): Delayed 2 second(s)&#xD;
&#xD;
2019-09-06 10:13:31 - [MESSAGE][PASSED] - Delayed 2 second(s)&#xD;
&#xD;
2019-09-06 10:13:31 - [TEST_STEP][PASSED] - waitForElementPresent(findTestObject("Regression BackOffice/CLNK-23449/Admit/QCode"), 50): Object 'Object Repository/Regression BackOffice/CLNK-23449/Admit/QCode' is present&#xD;
&#xD;
2019-09-06 10:13:31 - [MESSAGE][PASSED] - Object 'Object Repository/Regression BackOffice/CLNK-23449/Admit/QCode' is present&#xD;
&#xD;
2019-09-06 10:13:31 - [TEST_STEP][PASSED] - click(findTestObject("Regression BackOffice/CLNK-23449/Admit/QCode"), STOP_ON_FAILURE): Object: 'Object Repository/Regression BackOffice/CLNK-23449/Admit/QCode' is clicked on&#xD;
&#xD;
2019-09-06 10:13:32 - [MESSAGE][PASSED] - Object: 'Object Repository/Regression BackOffice/CLNK-23449/Admit/QCode' is clicked on&#xD;
&#xD;
2019-09-06 10:13:32 - [TEST_STEP][PASSED] - sendKeys(findTestObject("Regression BackOffice/CLNK-23449/Admit/QCode"), Keys.chord(ARROW_DOWN, ENTER)): Keys 'DOWN + ENTER + ' sent to object: 'Object Repository/Regression BackOffice/CLNK-23449/Admit/QCode'&#xD;
&#xD;
2019-09-06 10:13:32 - [MESSAGE][PASSED] - Keys 'DOWN + ENTER + ' sent to object: 'Object Repository/Regression BackOffice/CLNK-23449/Admit/QCode'&#xD;
&#xD;
2019-09-06 10:13:32 - [TEST_STEP][PASSED] - delay(2): Delayed 2 second(s)&#xD;
&#xD;
2019-09-06 10:13:34 - [MESSAGE][PASSED] - Delayed 2 second(s)&#xD;
&#xD;
2019-09-06 10:13:34 - [TEST_STEP][PASSED] - setText(findTestObject("Regression BackOffice/CLNK-23449/Admit/Effective Begin Date"), G_Date): Text '06/01/2019' is set on object 'Object Repository/Regression BackOffice/CLNK-23449/Admit/Effective Begin Date'&#xD;
&#xD;
2019-09-06 10:13:34 - [MESSAGE][PASSED] - Text '06/01/2019' is set on object 'Object Repository/Regression BackOffice/CLNK-23449/Admit/Effective Begin Date'&#xD;
&#xD;
2019-09-06 10:13:34 - [TEST_STEP][PASSED] - delay(4): Delayed 4 second(s)&#xD;
&#xD;
2019-09-06 10:13:38 - [MESSAGE][PASSED] - Delayed 4 second(s)&#xD;
&#xD;
2019-09-06 10:13:38 - [TEST_STEP][PASSED] - waitForElementPresent(findTestObject("Regression BackOffice/CLNK-23449/Admit/Admission Rules_chkNoPOC"), 50): Object 'Object Repository/Regression BackOffice/CLNK-23449/Admit/Admission Rules_chkNoPOC' is present&#xD;
&#xD;
2019-09-06 10:13:39 - [MESSAGE][PASSED] - Object 'Object Repository/Regression BackOffice/CLNK-23449/Admit/Admission Rules_chkNoPOC' is present&#xD;
&#xD;
2019-09-06 10:13:39 - [TEST_STEP][PASSED] - click(findTestObject("Regression BackOffice/CLNK-23449/Admit/Admission Rules_chkNoPOC"), STOP_ON_FAILURE): Object: 'Object Repository/Regression BackOffice/CLNK-23449/Admit/Admission Rules_chkNoPOC' is clicked on&#xD;
&#xD;
2019-09-06 10:13:39 - [MESSAGE][PASSED] - Object: 'Object Repository/Regression BackOffice/CLNK-23449/Admit/Admission Rules_chkNoPOC' is clicked on&#xD;
&#xD;
2019-09-06 10:13:39 - [TEST_STEP][PASSED] - delay(3, CONTINUE_ON_FAILURE): Delayed 3 second(s)&#xD;
&#xD;
2019-09-06 10:13:42 - [MESSAGE][PASSED] - Delayed 3 second(s)&#xD;
&#xD;
2019-09-06 10:13:42 - [TEST_STEP][PASSED] - waitForElementPresent(findTestObject("Regression BackOffice/CLNK-23449/Admit/btnSaveAdmit"), 50): Object 'Object Repository/Regression BackOffice/CLNK-23449/Admit/btnSaveAdmit' is present&#xD;
&#xD;
2019-09-06 10:13:42 - [MESSAGE][PASSED] - Object 'Object Repository/Regression BackOffice/CLNK-23449/Admit/btnSaveAdmit' is present&#xD;
&#xD;
2019-09-06 10:13:42 - [TEST_STEP][PASSED] - click(findTestObject("Regression BackOffice/CLNK-23449/Admit/btnSaveAdmit"), STOP_ON_FAILURE): Object: 'Object Repository/Regression BackOffice/CLNK-23449/Admit/btnSaveAdmit' is clicked on&#xD;
&#xD;
2019-09-06 10:13:42 - [MESSAGE][PASSED] - Object: 'Object Repository/Regression BackOffice/CLNK-23449/Admit/btnSaveAdmit' is clicked on&#xD;
&#xD;
2019-09-06 10:13:42 - [TEST_STEP][PASSED] - delay(2): Delayed 2 second(s)&#xD;
&#xD;
2019-09-06 10:13:44 - [MESSAGE][PASSED] - Delayed 2 second(s)&#xD;
&#xD;
2019-09-06 10:13:44 - [TEST_STEP][PASSED] - waitForElementPresent(findTestObject("Regression BackOffice/CLNK-23449/Admit/btnAdmit"), 50): Object 'Object Repository/Regression BackOffice/CLNK-23449/Admit/btnAdmit' is present&#xD;
&#xD;
2019-09-06 10:13:44 - [MESSAGE][PASSED] - Object 'Object Repository/Regression BackOffice/CLNK-23449/Admit/btnAdmit' is present&#xD;
&#xD;
2019-09-06 10:13:44 - [TEST_STEP][PASSED] - click(findTestObject("Regression BackOffice/CLNK-23449/Admit/btnAdmit"), STOP_ON_FAILURE): Object: 'Object Repository/Regression BackOffice/CLNK-23449/Admit/btnAdmit' is clicked on&#xD;
&#xD;
2019-09-06 10:13:44 - [MESSAGE][PASSED] - Object: 'Object Repository/Regression BackOffice/CLNK-23449/Admit/btnAdmit' is clicked on&#xD;
&#xD;
2019-09-06 10:13:44 - [TEST_STEP][PASSED] - delay(2): Delayed 2 second(s)&#xD;
&#xD;
2019-09-06 10:13:46 - [MESSAGE][PASSED] - Delayed 2 second(s)&#xD;
&#xD;
2019-09-06 10:13:46 - [TEST_STEP][PASSED] - switchToDefaultContent(): null&#xD;
&#xD;
2019-09-06 10:13:46 - [TEST_STEP][PASSED] - switchToFrame(findTestObject("Regression BackOffice/CLNK-23449/FrameLeft"), 30): null&#xD;
&#xD;
2019-09-06 10:13:46 - [TEST_STEP][PASSED] - waitForElementPresent(findTestObject("Regression BackOffice/CLNK-23449/Validation/Dots"), 100): Object 'Object Repository/Regression BackOffice/CLNK-23449/Validation/Dots' is present&#xD;
&#xD;
2019-09-06 10:13:46 - [MESSAGE][PASSED] - Object 'Object Repository/Regression BackOffice/CLNK-23449/Validation/Dots' is present&#xD;
&#xD;
2019-09-06 10:13:46 - [TEST_STEP][PASSED] - click(findTestObject("Regression BackOffice/CLNK-23449/Validation/Dots")): Object: 'Object Repository/Regression BackOffice/CLNK-23449/Validation/Dots' is clicked on&#xD;
&#xD;
2019-09-06 10:13:47 - [MESSAGE][PASSED] - Object: 'Object Repository/Regression BackOffice/CLNK-23449/Validation/Dots' is clicked on&#xD;
&#xD;
2019-09-06 10:13:47 - [TEST_STEP][PASSED] - delay(2): Delayed 2 second(s)&#xD;
&#xD;
2019-09-06 10:13:49 - [MESSAGE][PASSED] - Delayed 2 second(s)&#xD;
&#xD;
2019-09-06 10:13:49 - [TEST_STEP][PASSED] - waitForPageLoad(50): Wait for page load successfully&#xD;
&#xD;
2019-09-06 10:13:49 - [MESSAGE][PASSED] - Wait for page load successfully&#xD;
&#xD;
2019-09-06 10:13:49 - [TEST_STEP][PASSED] - waitForElementPresent(findTestObject("Regression BackOffice/CLNK-23449/Validation/Client Inquiry DataLink"), 50): Object 'Object Repository/Regression BackOffice/CLNK-23449/Validation/Client Inquiry DataLink' is present&#xD;
&#xD;
2019-09-06 10:13:49 - [MESSAGE][PASSED] - Object 'Object Repository/Regression BackOffice/CLNK-23449/Validation/Client Inquiry DataLink' is present&#xD;
&#xD;
2019-09-06 10:13:49 - [TEST_STEP][PASSED] - click(findTestObject("Regression BackOffice/CLNK-23449/Validation/Client Inquiry DataLink")): Object: 'Object Repository/Regression BackOffice/CLNK-23449/Validation/Client Inquiry DataLink' is clicked on&#xD;
&#xD;
2019-09-06 10:13:50 - [MESSAGE][PASSED] - Object: 'Object Repository/Regression BackOffice/CLNK-23449/Validation/Client Inquiry DataLink' is clicked on&#xD;
&#xD;
2019-09-06 10:13:50 - [TEST_STEP][PASSED] - delay(2): Delayed 2 second(s)&#xD;
&#xD;
2019-09-06 10:13:52 - [MESSAGE][PASSED] - Delayed 2 second(s)&#xD;
&#xD;
2019-09-06 10:13:52 - [TEST_STEP][PASSED] - switchToDefaultContent(): null&#xD;
&#xD;
2019-09-06 10:13:52 - [TEST_STEP][PASSED] - switchToFrame(findTestObject("Regression BackOffice/CLNK-23449/FrameMain"), 30): null&#xD;
&#xD;
2019-09-06 10:13:52 - [TEST_STEP][PASSED] - waitForPageLoad(50): Wait for page load successfully&#xD;
&#xD;
2019-09-06 10:13:52 - [MESSAGE][PASSED] - Wait for page load successfully&#xD;
&#xD;
2019-09-06 10:13:52 - [TEST_STEP][PASSED] - waitForElementPresent(findTestObject("Regression BackOffice/CLNK-23449/Validation/SearchClient"), 50): Object 'Object Repository/Regression BackOffice/CLNK-23449/Validation/SearchClient' is present&#xD;
&#xD;
2019-09-06 10:13:52 - [MESSAGE][PASSED] - Object 'Object Repository/Regression BackOffice/CLNK-23449/Validation/SearchClient' is present&#xD;
&#xD;
2019-09-06 10:13:52 - [TEST_STEP][PASSED] - click(findTestObject("Regression BackOffice/CLNK-23449/Validation/SearchClient")): Object: 'Object Repository/Regression BackOffice/CLNK-23449/Validation/SearchClient' is clicked on&#xD;
&#xD;
2019-09-06 10:13:53 - [MESSAGE][PASSED] - Object: 'Object Repository/Regression BackOffice/CLNK-23449/Validation/SearchClient' is clicked on&#xD;
&#xD;
2019-09-06 10:13:53 - [TEST_STEP][PASSED] - delay(2): Delayed 2 second(s)&#xD;
&#xD;
2019-09-06 10:13:55 - [MESSAGE][PASSED] - Delayed 2 second(s)&#xD;
&#xD;
2019-09-06 10:13:55 - [TEST_STEP][PASSED] - waitForElementPresent(findTestObject("Regression BackOffice/CLNK-23449/Validation/ReferralTypeValue"), 50): Object 'Object Repository/Regression BackOffice/CLNK-23449/Validation/ReferralTypeValue' is present&#xD;
&#xD;
2019-09-06 10:13:55 - [MESSAGE][PASSED] - Object 'Object Repository/Regression BackOffice/CLNK-23449/Validation/ReferralTypeValue' is present&#xD;
&#xD;
2019-09-06 10:13:55 - [TEST_STEP][PASSED] - delay(2): Delayed 2 second(s)&#xD;
&#xD;
2019-09-06 10:13:57 - [MESSAGE][PASSED] - Delayed 2 second(s)&#xD;
&#xD;
2019-09-06 10:13:57 - [TEST_STEP][PASSED] - waitForPageLoad(50): Wait for page load successfully&#xD;
&#xD;
2019-09-06 10:13:57 - [MESSAGE][PASSED] - Wait for page load successfully&#xD;
&#xD;
2019-09-06 10:13:57 - [TEST_STEP][PASSED] - verifyMatch(G_Date, getAttribute(findTestObject("Regression BackOffice/CLNK-23449/Validation/DateValidation"), "value"), false, CONTINUE_ON_FAILURE): Actual text '06/01/2019' and expected text '06/01/2019' are matched &#xD;
&#xD;
2019-09-06 10:13:57 - [MESSAGE][PASSED] - Attribute 'value' of object 'Object Repository/Regression BackOffice/CLNK-23449/Validation/DateValidation' is: '06/01/2019'&#xD;
&#xD;
2019-09-06 10:13:57 - [MESSAGE][PASSED] - Actual text '06/01/2019' and expected text '06/01/2019' are matched &#xD;
&#xD;
2019-09-06 10:13:57 - [TEST_STEP][PASSED] - delay(2): Delayed 2 second(s)&#xD;
&#xD;
2019-09-06 10:13:59 - [MESSAGE][PASSED] - Delayed 2 second(s)&#xD;
&#xD;
2019-09-06 10:13:59 - [TEST_STEP][PASSED] - verifyOptionSelectedByLabel(findTestObject("Regression BackOffice/CLNK-23449/Validation/ReferralTypeValue"), ReferralType, false, 20, CONTINUE_ON_FAILURE): All options with label 'Case Manager -Medicaid' are selected in object 'Object Repository/Regression BackOffice/CLNK-23449/Validation/ReferralTypeValue' &#xD;
&#xD;
2019-09-06 10:14:00 - [MESSAGE][PASSED] - All options with label 'Case Manager -Medicaid' are selected in object 'Object Repository/Regression BackOffice/CLNK-23449/Validation/ReferralTypeValue' &#xD;
&#xD;
2019-09-06 10:14:00 - [TEST_STEP][PASSED] - delay(2): Delayed 2 second(s)&#xD;
&#xD;
2019-09-06 10:14:02 - [MESSAGE][PASSED] - Delayed 2 second(s)&#xD;
&#xD;
2019-09-06 10:14:02 - [TEST_STEP][PASSED] - verifyMatch(G_ReferralSourcePerson, getAttribute(findTestObject("Regression BackOffice/CLNK-23449/Validation/ReferralSourcePerson"), "value"), false, CONTINUE_ON_FAILURE): Actual text 'Lyudmila Kaskov' and expected text 'Lyudmila Kaskov' are matched &#xD;
&#xD;
2019-09-06 10:14:02 - [MESSAGE][PASSED] - Attribute 'value' of object 'Object Repository/Regression BackOffice/CLNK-23449/Validation/ReferralSourcePerson' is: 'Lyudmila Kaskov'&#xD;
&#xD;
2019-09-06 10:14:02 - [MESSAGE][PASSED] - Actual text 'Lyudmila Kaskov' and expected text 'Lyudmila Kaskov' are matched &#xD;
&#xD;
2019-09-06 10:14:02 - [TEST_STEP][PASSED] - delay(2): Delayed 2 second(s)&#xD;
&#xD;
2019-09-06 10:14:04 - [MESSAGE][PASSED] - Delayed 2 second(s)&#xD;
&#xD;
2019-09-06 10:14:04 - [TEST_STEP][PASSED] - verifyMatch(G_ClientFirstName, getAttribute(findTestObject("Regression BackOffice/CLNK-23449/Validation/FirstNameValidation"), "value"), false, CONTINUE_ON_FAILURE): Actual text 'Gaston' and expected text 'Gaston' are matched &#xD;
&#xD;
2019-09-06 10:14:04 - [MESSAGE][PASSED] - Attribute 'value' of object 'Object Repository/Regression BackOffice/CLNK-23449/Validation/FirstNameValidation' is: 'Gaston'&#xD;
&#xD;
2019-09-06 10:14:04 - [MESSAGE][PASSED] - Actual text 'Gaston' and expected text 'Gaston' are matched &#xD;
&#xD;
2019-09-06 10:14:04 - [TEST_STEP][PASSED] - delay(2): Delayed 2 second(s)&#xD;
&#xD;
2019-09-06 10:14:06 - [MESSAGE][PASSED] - Delayed 2 second(s)&#xD;
&#xD;
2019-09-06 10:14:06 - [TEST_STEP][PASSED] - verifyMatch(G_ClientMiddleName, getAttribute(findTestObject("Regression BackOffice/CLNK-23449/Validation/MiddleInitialValidation"), "value"), false, CONTINUE_ON_FAILURE): Actual text 'L' and expected text 'L' are matched &#xD;
&#xD;
2019-09-06 10:14:06 - [MESSAGE][PASSED] - Attribute 'value' of object 'Object Repository/Regression BackOffice/CLNK-23449/Validation/MiddleInitialValidation' is: 'L'&#xD;
&#xD;
2019-09-06 10:14:06 - [MESSAGE][PASSED] - Actual text 'L' and expected text 'L' are matched &#xD;
&#xD;
2019-09-06 10:14:06 - [TEST_STEP][PASSED] - delay(2): Delayed 2 second(s)&#xD;
&#xD;
2019-09-06 10:14:08 - [MESSAGE][PASSED] - Delayed 2 second(s)&#xD;
&#xD;
2019-09-06 10:14:08 - [TEST_STEP][PASSED] - verifyMatch(G_ClientLastName, getAttribute(findTestObject("Regression BackOffice/CLNK-23449/Validation/LastNameValidation"), "value"), false, CONTINUE_ON_FAILURE): Actual text 'Gusisky' and expected text 'Gusisky' are matched &#xD;
&#xD;
2019-09-06 10:14:08 - [MESSAGE][PASSED] - Attribute 'value' of object 'Object Repository/Regression BackOffice/CLNK-23449/Validation/LastNameValidation' is: 'Gusisky'&#xD;
&#xD;
2019-09-06 10:14:08 - [MESSAGE][PASSED] - Actual text 'Gusisky' and expected text 'Gusisky' are matched &#xD;
&#xD;
2019-09-06 10:14:08 - [TEST_STEP][PASSED] - delay(2): Delayed 2 second(s)&#xD;
&#xD;
2019-09-06 10:14:10 - [MESSAGE][PASSED] - Delayed 2 second(s)&#xD;
&#xD;
2019-09-06 10:14:10 - [TEST_STEP][PASSED] - verifyMatch(DOB, getAttribute(findTestObject("Regression BackOffice/CLNK-23449/Validation/DOBValidation"), "value"), false, CONTINUE_ON_FAILURE): Actual text '05/23/1970' and expected text '05/23/1970' are matched &#xD;
&#xD;
2019-09-06 10:14:10 - [MESSAGE][PASSED] - Attribute 'value' of object 'Object Repository/Regression BackOffice/CLNK-23449/Validation/DOBValidation' is: '05/23/1970'&#xD;
&#xD;
2019-09-06 10:14:10 - [MESSAGE][PASSED] - Actual text '05/23/1970' and expected text '05/23/1970' are matched &#xD;
&#xD;
2019-09-06 10:14:10 - [TEST_STEP][PASSED] - delay(2): Delayed 2 second(s)&#xD;
&#xD;
2019-09-06 10:14:12 - [MESSAGE][PASSED] - Delayed 2 second(s)&#xD;
&#xD;
2019-09-06 10:14:12 - [TEST_STEP][PASSED] - verifyMatch(Sexo, getAttribute(findTestObject("Regression BackOffice/CLNK-23449/Validation/SexValidation"), "value"), false, CONTINUE_ON_FAILURE): Actual text 'M' and expected text 'M' are matched &#xD;
&#xD;
2019-09-06 10:14:12 - [MESSAGE][PASSED] - Attribute 'value' of object 'Object Repository/Regression BackOffice/CLNK-23449/Validation/SexValidation' is: 'M'&#xD;
&#xD;
2019-09-06 10:14:12 - [MESSAGE][PASSED] - Actual text 'M' and expected text 'M' are matched &#xD;
&#xD;
2019-09-06 10:14:12 - [TEST_STEP][PASSED] - delay(2): Delayed 2 second(s)&#xD;
&#xD;
2019-09-06 10:14:14 - [MESSAGE][PASSED] - Delayed 2 second(s)&#xD;
&#xD;
2019-09-06 10:14:14 - [TEST_STEP][PASSED] - verifyMatch(SSN1, getAttribute(findTestObject("Regression BackOffice/CLNK-23449/Validation/SSN1Validation"), "value"), false, CONTINUE_ON_FAILURE): Actual text '436' and expected text '436' are matched &#xD;
&#xD;
2019-09-06 10:14:14 - [MESSAGE][PASSED] - Attribute 'value' of object 'Object Repository/Regression BackOffice/CLNK-23449/Validation/SSN1Validation' is: '436'&#xD;
&#xD;
2019-09-06 10:14:14 - [MESSAGE][PASSED] - Actual text '436' and expected text '436' are matched &#xD;
&#xD;
2019-09-06 10:14:14 - [TEST_STEP][PASSED] - delay(2): Delayed 2 second(s)&#xD;
&#xD;
2019-09-06 10:14:16 - [MESSAGE][PASSED] - Delayed 2 second(s)&#xD;
&#xD;
2019-09-06 10:14:16 - [TEST_STEP][PASSED] - waitForElementPresent(findTestObject("Regression BackOffice/CLNK-23449/Validation/Phone/PhoneSelected"), 50): Object 'Object Repository/Regression BackOffice/CLNK-23449/Validation/Phone/PhoneSelected' is present&#xD;
&#xD;
2019-09-06 10:14:16 - [MESSAGE][PASSED] - Object 'Object Repository/Regression BackOffice/CLNK-23449/Validation/Phone/PhoneSelected' is present&#xD;
&#xD;
2019-09-06 10:14:16 - [TEST_STEP][PASSED] - scrollToElement(findTestObject("Regression BackOffice/CLNK-23449/Validation/Phone/PhoneSelected"), 0): Scroll to object 'Object Repository/Regression BackOffice/CLNK-23449/Validation/Phone/PhoneSelected' successfully&#xD;
&#xD;
2019-09-06 10:14:17 - [MESSAGE][WARNING] - Timeout '0' is invalid. Using default page load timeout: '30'&#xD;
&#xD;
2019-09-06 10:14:17 - [MESSAGE][PASSED] - Scroll to object 'Object Repository/Regression BackOffice/CLNK-23449/Validation/Phone/PhoneSelected' successfully&#xD;
&#xD;
2019-09-06 10:14:17 - [TEST_STEP][PASSED] - click(findTestObject("Regression BackOffice/CLNK-23449/Validation/Phone/PhoneSelected")): Object: 'Object Repository/Regression BackOffice/CLNK-23449/Validation/Phone/PhoneSelected' is clicked on&#xD;
&#xD;
2019-09-06 10:14:17 - [MESSAGE][PASSED] - Object: 'Object Repository/Regression BackOffice/CLNK-23449/Validation/Phone/PhoneSelected' is clicked on&#xD;
&#xD;
2019-09-06 10:14:17 - [TEST_STEP][PASSED] - delay(2): Delayed 2 second(s)&#xD;
&#xD;
2019-09-06 10:14:19 - [MESSAGE][PASSED] - Delayed 2 second(s)&#xD;
&#xD;
2019-09-06 10:14:19 - [TEST_STEP][PASSED] - verifyOptionSelectedByLabel(findTestObject("Regression BackOffice/CLNK-23449/Validation/Phone/CellTypeValidation"), CellType, false, 20, CONTINUE_ON_FAILURE): All options with label 'Cell' are selected in object 'Object Repository/Regression BackOffice/CLNK-23449/Validation/Phone/CellTypeValidation' &#xD;
&#xD;
2019-09-06 10:14:19 - [MESSAGE][PASSED] - All options with label 'Cell' are selected in object 'Object Repository/Regression BackOffice/CLNK-23449/Validation/Phone/CellTypeValidation' &#xD;
&#xD;
2019-09-06 10:14:19 - [TEST_STEP][PASSED] - delay(2): Delayed 2 second(s)&#xD;
&#xD;
2019-09-06 10:14:21 - [MESSAGE][PASSED] - Delayed 2 second(s)&#xD;
&#xD;
2019-09-06 10:14:21 - [TEST_STEP][PASSED] - CallBack2 = getText(findTestObject("Regression BackOffice/CLNK-23449/Validation/CallBackValidation")): Text of object 'Object Repository/Regression BackOffice/CLNK-23449/Validation/CallBackValidation' is: 'Call Back on Sun, 06/02/2019 (1 days)'&#xD;
&#xD;
2019-09-06 10:14:21 - [MESSAGE][PASSED] - Text of object 'Object Repository/Regression BackOffice/CLNK-23449/Validation/CallBackValidation' is: 'Call Back on Sun, 06/02/2019 (1 days)'&#xD;
&#xD;
2019-09-06 10:14:21 - [TEST_STEP][PASSED] - delay(5): Delayed 5 second(s)&#xD;
&#xD;
2019-09-06 10:14:26 - [MESSAGE][PASSED] - Delayed 5 second(s)&#xD;
&#xD;
2019-09-06 10:14:26 - [TEST_STEP][PASSED] - verifyMatch(CallBack, CallBack2, false, CONTINUE_ON_FAILURE): Actual text 'Call Back on Sun, 06/02/2019 (1 days)' and expected text 'Call Back on Sun, 06/02/2019 (1 days)' are matched &#xD;
&#xD;
2019-09-06 10:14:26 - [MESSAGE][PASSED] - Actual text 'Call Back on Sun, 06/02/2019 (1 days)' and expected text 'Call Back on Sun, 06/02/2019 (1 days)' are matched &#xD;
&#xD;
2019-09-06 10:14:26 - [TEST_STEP][PASSED] - delay(5): Delayed 5 second(s)&#xD;
&#xD;
2019-09-06 10:14:31 - [MESSAGE][PASSED] - Delayed 5 second(s)&#xD;
&#xD;
2019-09-06 10:14:31 - [TEST_STEP][PASSED] - switchToDefaultContent(): null&#xD;
&#xD;
2019-09-06 10:14:31 - [TEST_STEP][PASSED] - switchToFrame(findTestObject("Regression BackOffice/CLNK-23449/FrameLeft"), 30): null&#xD;
&#xD;
2019-09-06 10:14:32 - [TEST_STEP][PASSED] - waitForElementPresent(findTestObject("Regression BackOffice/CLNK-23449/Validation/Dots"), 100): Object 'Object Repository/Regression BackOffice/CLNK-23449/Validation/Dots' is present&#xD;
&#xD;
2019-09-06 10:14:32 - [MESSAGE][PASSED] - Object 'Object Repository/Regression BackOffice/CLNK-23449/Validation/Dots' is present&#xD;
&#xD;
2019-09-06 10:14:32 - [TEST_STEP][PASSED] - click(findTestObject("Regression BackOffice/CLNK-23449/Validation/Dots")): Object: 'Object Repository/Regression BackOffice/CLNK-23449/Validation/Dots' is clicked on&#xD;
&#xD;
2019-09-06 10:14:32 - [MESSAGE][PASSED] - Object: 'Object Repository/Regression BackOffice/CLNK-23449/Validation/Dots' is clicked on&#xD;
&#xD;
2019-09-06 10:14:32 - [TEST_STEP][PASSED] - delay(2): Delayed 2 second(s)&#xD;
&#xD;
2019-09-06 10:14:34 - [MESSAGE][PASSED] - Delayed 2 second(s)&#xD;
&#xD;
2019-09-06 10:14:34 - [TEST_STEP][PASSED] - waitForPageLoad(50): Wait for page load successfully&#xD;
&#xD;
2019-09-06 10:14:34 - [MESSAGE][PASSED] - Wait for page load successfully&#xD;
&#xD;
2019-09-06 10:14:34 - [TEST_STEP][PASSED] - waitForElementPresent(findTestObject("Regression BackOffice/CLNK-23449/Validation/Admision/AdmissionLink"), 50): Object 'Object Repository/Regression BackOffice/CLNK-23449/Validation/Admision/AdmissionLink' is present&#xD;
&#xD;
2019-09-06 10:14:34 - [MESSAGE][PASSED] - Object 'Object Repository/Regression BackOffice/CLNK-23449/Validation/Admision/AdmissionLink' is present&#xD;
&#xD;
2019-09-06 10:14:34 - [TEST_STEP][PASSED] - click(findTestObject("Regression BackOffice/CLNK-23449/Validation/Admision/AdmissionLink")): Object: 'Object Repository/Regression BackOffice/CLNK-23449/Validation/Admision/AdmissionLink' is clicked on&#xD;
&#xD;
2019-09-06 10:14:34 - [MESSAGE][PASSED] - Object: 'Object Repository/Regression BackOffice/CLNK-23449/Validation/Admision/AdmissionLink' is clicked on&#xD;
&#xD;
2019-09-06 10:14:34 - [TEST_STEP][PASSED] - delay(5): Delayed 5 second(s)&#xD;
&#xD;
2019-09-06 10:14:39 - [MESSAGE][PASSED] - Delayed 5 second(s)&#xD;
&#xD;
2019-09-06 10:14:39 - [TEST_STEP][PASSED] - acceptAlert(): Alert accepted&#xD;
&#xD;
2019-09-06 10:14:39 - [MESSAGE][PASSED] - Alert accepted&#xD;
&#xD;
2019-09-06 10:14:39 - [TEST_STEP][PASSED] - delay(2): Delayed 2 second(s)&#xD;
&#xD;
2019-09-06 10:14:41 - [MESSAGE][PASSED] - Delayed 2 second(s)&#xD;
&#xD;
2019-09-06 10:14:41 - [TEST_STEP][PASSED] - switchToDefaultContent(): null&#xD;
&#xD;
2019-09-06 10:14:48 - [TEST_STEP][PASSED] - switchToFrame(findTestObject("Regression BackOffice/CLNK-23449/FrameMain"), 30): null&#xD;
&#xD;
2019-09-06 10:14:48 - [TEST_STEP][PASSED] - waitForPageLoad(50): Wait for page load successfully&#xD;
&#xD;
2019-09-06 10:14:48 - [MESSAGE][PASSED] - Wait for page load successfully&#xD;
&#xD;
2019-09-06 10:14:48 - [TEST_STEP][PASSED] - delay(5): Delayed 5 second(s)&#xD;
&#xD;
2019-09-06 10:14:53 - [MESSAGE][PASSED] - Delayed 5 second(s)&#xD;
&#xD;
2019-09-06 10:14:53 - [TEST_STEP][PASSED] - PNameValidation = getText(findTestObject("Regression BackOffice/CLNK-23449/Validation/Admision/PhysicianNameValidation")): Text of object 'Object Repository/Regression BackOffice/CLNK-23449/Validation/Admision/PhysicianNameValidation' is: 'CYNTHIA ABBOTT-JONES'&#xD;
&#xD;
2019-09-06 10:14:54 - [MESSAGE][PASSED] - Text of object 'Object Repository/Regression BackOffice/CLNK-23449/Validation/Admision/PhysicianNameValidation' is: 'CYNTHIA ABBOTT-JONES'&#xD;
&#xD;
2019-09-06 10:14:54 - [TEST_STEP][PASSED] - verifyMatch(PhysicianName, PNameValidation, false, CONTINUE_ON_FAILURE): Actual text 'CYNTHIA ABBOTT-JONES' and expected text 'CYNTHIA ABBOTT-JONES' are matched &#xD;
&#xD;
2019-09-06 10:14:54 - [MESSAGE][PASSED] - Actual text 'CYNTHIA ABBOTT-JONES' and expected text 'CYNTHIA ABBOTT-JONES' are matched &#xD;
&#xD;
2019-09-06 10:14:54 - [TEST_STEP][PASSED] - delay(2): Delayed 2 second(s)&#xD;
&#xD;
2019-09-06 10:14:56 - [MESSAGE][PASSED] - Delayed 2 second(s)&#xD;
&#xD;
2019-09-06 10:14:56 - [TEST_STEP][PASSED] - switchToDefaultContent(): null&#xD;
&#xD;
2019-09-06 10:14:56 - [TEST_STEP][PASSED] - switchToFrame(findTestObject("Regression BackOffice/CLNK-23449/FrameLeft"), 30): null&#xD;
&#xD;
2019-09-06 10:14:56 - [TEST_STEP][PASSED] - waitForElementPresent(findTestObject("Regression BackOffice/CLNK-23449/Validation/Dots"), 100): Object 'Object Repository/Regression BackOffice/CLNK-23449/Validation/Dots' is present&#xD;
&#xD;
2019-09-06 10:14:56 - [MESSAGE][PASSED] - Object 'Object Repository/Regression BackOffice/CLNK-23449/Validation/Dots' is present&#xD;
&#xD;
2019-09-06 10:14:56 - [TEST_STEP][PASSED] - click(findTestObject("Regression BackOffice/CLNK-23449/Validation/Dots")): Object: 'Object Repository/Regression BackOffice/CLNK-23449/Validation/Dots' is clicked on&#xD;
&#xD;
2019-09-06 10:14:56 - [MESSAGE][PASSED] - Object: 'Object Repository/Regression BackOffice/CLNK-23449/Validation/Dots' is clicked on&#xD;
&#xD;
2019-09-06 10:14:56 - [TEST_STEP][PASSED] - delay(2): Delayed 2 second(s)&#xD;
&#xD;
2019-09-06 10:14:58 - [MESSAGE][PASSED] - Delayed 2 second(s)&#xD;
&#xD;
2019-09-06 10:14:58 - [TEST_STEP][PASSED] - waitForPageLoad(50): Wait for page load successfully&#xD;
&#xD;
2019-09-06 10:14:58 - [MESSAGE][PASSED] - Wait for page load successfully&#xD;
&#xD;
2019-09-06 10:14:58 - [TEST_STEP][PASSED] - waitForElementPresent(findTestObject("Regression BackOffice/CLNK-23449/Validation/Payer/PayerSourcesLink"), 50): Object 'Object Repository/Regression BackOffice/CLNK-23449/Validation/Payer/PayerSourcesLink' is present&#xD;
&#xD;
2019-09-06 10:14:58 - [MESSAGE][PASSED] - Object 'Object Repository/Regression BackOffice/CLNK-23449/Validation/Payer/PayerSourcesLink' is present&#xD;
&#xD;
2019-09-06 10:14:58 - [TEST_STEP][PASSED] - click(findTestObject("Regression BackOffice/CLNK-23449/Validation/Payer/PayerSourcesLink")): Object: 'Object Repository/Regression BackOffice/CLNK-23449/Validation/Payer/PayerSourcesLink' is clicked on&#xD;
&#xD;
2019-09-06 10:15:01 - [MESSAGE][PASSED] - Object: 'Object Repository/Regression BackOffice/CLNK-23449/Validation/Payer/PayerSourcesLink' is clicked on&#xD;
&#xD;
2019-09-06 10:15:01 - [TEST_STEP][PASSED] - delay(10): Delayed 10 second(s)&#xD;
&#xD;
2019-09-06 10:15:11 - [MESSAGE][PASSED] - Delayed 10 second(s)&#xD;
&#xD;
2019-09-06 10:15:11 - [TEST_STEP][PASSED] - switchToDefaultContent(): null&#xD;
&#xD;
2019-09-06 10:15:11 - [TEST_STEP][PASSED] - switchToFrame(findTestObject("Regression BackOffice/CLNK-23449/FrameMain"), 60): null&#xD;
&#xD;
2019-09-06 10:15:11 - [TEST_STEP][PASSED] - waitForPageLoad(50): Wait for page load successfully&#xD;
&#xD;
2019-09-06 10:15:11 - [MESSAGE][PASSED] - Wait for page load successfully&#xD;
&#xD;
2019-09-06 10:15:11 - [TEST_STEP][PASSED] - delay(5): Delayed 5 second(s)&#xD;
&#xD;
2019-09-06 10:15:16 - [MESSAGE][PASSED] - Delayed 5 second(s)&#xD;
&#xD;
2019-09-06 10:15:16 - [TEST_STEP][PASSED] - waitForElementPresent(findTestObject("Regression BackOffice/CLNK-23449/Validation/Payer/PayerSearched"), 50): Object 'Object Repository/Regression BackOffice/CLNK-23449/Validation/Payer/PayerSearched' is present&#xD;
&#xD;
2019-09-06 10:15:16 - [MESSAGE][PASSED] - Object 'Object Repository/Regression BackOffice/CLNK-23449/Validation/Payer/PayerSearched' is present&#xD;
&#xD;
2019-09-06 10:15:16 - [TEST_STEP][PASSED] - click(findTestObject("Regression BackOffice/CLNK-23449/Validation/Payer/PayerSearched")): Object: 'Object Repository/Regression BackOffice/CLNK-23449/Validation/Payer/PayerSearched' is clicked on&#xD;
&#xD;
2019-09-06 10:15:18 - [MESSAGE][PASSED] - Object: 'Object Repository/Regression BackOffice/CLNK-23449/Validation/Payer/PayerSearched' is clicked on&#xD;
&#xD;
2019-09-06 10:15:18 - [TEST_STEP][PASSED] - delay(2): Delayed 2 second(s)&#xD;
&#xD;
2019-09-06 10:15:20 - [MESSAGE][PASSED] - Delayed 2 second(s)&#xD;
&#xD;
2019-09-06 10:15:20 - [TEST_STEP][PASSED] - MediValidation = getAttribute(findTestObject("Regression BackOffice/CLNK-23449/Validation/Payer/MediValidation"), "value"): Attribute 'value' of object 'Object Repository/Regression BackOffice/CLNK-23449/Validation/Payer/MediValidation' is: '123456789a'&#xD;
&#xD;
2019-09-06 10:15:20 - [MESSAGE][PASSED] - Attribute 'value' of object 'Object Repository/Regression BackOffice/CLNK-23449/Validation/Payer/MediValidation' is: '123456789a'&#xD;
&#xD;
2019-09-06 10:15:20 - [TEST_STEP][PASSED] - verifyMatch(MedId, MediValidation, false, CONTINUE_ON_FAILURE): Actual text '123456789a' and expected text '123456789a' are matched &#xD;
&#xD;
2019-09-06 10:15:20 - [MESSAGE][PASSED] - Actual text '123456789a' and expected text '123456789a' are matched &#xD;
&#xD;
2019-09-06 10:15:20 - [TEST_STEP][PASSED] - delay(2): Delayed 2 second(s)&#xD;
&#xD;
2019-09-06 10:15:22 - [MESSAGE][PASSED] - Delayed 2 second(s)&#xD;
&#xD;
2019-09-06 10:15:22 - [TEST_STEP][PASSED] - closeBrowser(): Browser is closed&#xD;
&#xD;
2019-09-06 10:15:23 - [MESSAGE][PASSED] - Browser is closed</system-out>
            <system-err></system-err>
        </testcase>
        <testcase name="Test Cases/Regression BackOffice (All Browsers)/CLNK-28718 - BO - Full Caregiver creation" classname="Test Cases/Regression BackOffice (All Browsers)/CLNK-28718 - BO - Full Caregiver creation" status="PASSED">
            <system-out>2019-09-06 10:15:25 - [TEST_CASE][PASSED] - Test Cases/Regression BackOffice (All Browsers)/CLNK-28718 - BO - Full Caregiver creation: Test Cases/Regression BackOffice (All Browsers)/CLNK-28718 - BO - Full Caregiver creation&#xD;
&#xD;
2019-09-06 10:15:26 - [TEST_STEP][PASSED] - callTestCase(findTestCase("Regression BackOffice (All Browsers)/CLNK-23439 - Clink - Back office Client"), [:], STOP_ON_FAILURE): Call Test Case 'Test Cases/Regression BackOffice (All Browsers)/CLNK-23439 - Clink - Back office Client' successfully&#xD;
&#xD;
2019-09-06 10:15:26 - [TEST_CASE][PASSED] - Test Cases/Regression BackOffice (All Browsers)/CLNK-23439 - Clink - Back office Client: Test Cases/Regression BackOffice (All Browsers)/CLNK-23439 - Clink - Back office Client&#xD;
&#xD;
2019-09-06 10:15:26 - [TEST_STEP][PASSED] - deleteAllCookies(): Delete all cookies successfully&#xD;
&#xD;
2019-09-06 10:15:26 - [MESSAGE][WARNING] - Cannot delete cookies because browser is closed&#xD;
&#xD;
2019-09-06 10:15:26 - [MESSAGE][PASSED] - Delete all cookies successfully&#xD;
&#xD;
2019-09-06 10:15:26 - [TEST_STEP][PASSED] - openBrowser(G_SiteBackOffice): Browser is opened with url: 'https://qanewpoc.continulink.com:8443/Backoffice/'&#xD;
&#xD;
2019-09-06 10:15:26 - [MESSAGE][INFO] - Starting 'Chrome' driver&#xD;
&#xD;
2019-09-06 10:15:34 - [MESSAGE][PASSED] - Browser is opened with url: 'https://qanewpoc.continulink.com:8443/Backoffice/'&#xD;
&#xD;
2019-09-06 10:15:34 - [TEST_STEP][PASSED] - waitForPageLoad(60): Wait for page load successfully&#xD;
&#xD;
2019-09-06 10:15:34 - [MESSAGE][PASSED] - Wait for page load successfully&#xD;
&#xD;
2019-09-06 10:15:34 - [TEST_STEP][PASSED] - maximizeWindow(): Current window maximized&#xD;
&#xD;
2019-09-06 10:15:38 - [MESSAGE][PASSED] - Current window maximized&#xD;
&#xD;
2019-09-06 10:15:38 - [TEST_STEP][PASSED] - setText(findTestObject("Regression BackOffice/Login/UserBackOffice"), G_UserBackOffice): Text 'automation_admin' is set on object 'Object Repository/Regression BackOffice/Login/UserBackOffice'&#xD;
&#xD;
2019-09-06 10:15:38 - [MESSAGE][PASSED] - Text 'automation_admin' is set on object 'Object Repository/Regression BackOffice/Login/UserBackOffice'&#xD;
&#xD;
2019-09-06 10:15:38 - [TEST_STEP][PASSED] - setText(findTestObject("Regression BackOffice/Login/PasswordBackOffice"), G_PasswordBackOffice): Text 'qwerty' is set on object 'Object Repository/Regression BackOffice/Login/PasswordBackOffice'&#xD;
&#xD;
2019-09-06 10:15:38 - [MESSAGE][PASSED] - Text 'qwerty' is set on object 'Object Repository/Regression BackOffice/Login/PasswordBackOffice'&#xD;
&#xD;
2019-09-06 10:15:38 - [TEST_STEP][PASSED] - click(findTestObject("Regression BackOffice/Login/LoginBackOffice")): Object: 'Object Repository/Regression BackOffice/Login/LoginBackOffice' is clicked on&#xD;
&#xD;
2019-09-06 10:15:43 - [MESSAGE][PASSED] - Object: 'Object Repository/Regression BackOffice/Login/LoginBackOffice' is clicked on&#xD;
&#xD;
2019-09-06 10:15:43 - [TEST_STEP][PASSED] - waitForPageLoad(60): Wait for page load successfully&#xD;
&#xD;
2019-09-06 10:15:43 - [MESSAGE][PASSED] - Wait for page load successfully&#xD;
&#xD;
2019-09-06 10:15:43 - [TEST_STEP][PASSED] - delay(2): Delayed 2 second(s)&#xD;
&#xD;
2019-09-06 10:15:45 - [MESSAGE][PASSED] - Delayed 2 second(s)&#xD;
&#xD;
2019-09-06 10:15:45 - [TEST_STEP][PASSED] - switchToFrame(findTestObject("Regression BackOffice/CLINK-Frames/FrameFrameLeft"), 5, STOP_ON_FAILURE): null&#xD;
&#xD;
2019-09-06 10:15:45 - [TEST_STEP][PASSED] - delay(2): Delayed 2 second(s)&#xD;
&#xD;
2019-09-06 10:15:47 - [MESSAGE][PASSED] - Delayed 2 second(s)&#xD;
&#xD;
2019-09-06 10:15:47 - [TEST_STEP][PASSED] - waitForElementPresent(findTestObject("Regression BackOffice/CLINK-Frames/ClientIntake"), 50): Object 'Object Repository/Regression BackOffice/CLINK-Frames/ClientIntake' is present&#xD;
&#xD;
2019-09-06 10:15:47 - [MESSAGE][PASSED] - Object 'Object Repository/Regression BackOffice/CLINK-Frames/ClientIntake' is present&#xD;
&#xD;
2019-09-06 10:15:47 - [TEST_STEP][PASSED] - verifyElementPresent(findTestObject("Regression BackOffice/CLINK-Frames/ClientIntake"), 100, STOP_ON_FAILURE): Object 'Object Repository/Regression BackOffice/CLINK-Frames/ClientIntake' is present&#xD;
&#xD;
2019-09-06 10:15:47 - [MESSAGE][PASSED] - Object 'Object Repository/Regression BackOffice/CLINK-Frames/ClientIntake' is present&#xD;
&#xD;
2019-09-06 10:15:47 - [TEST_STEP][PASSED] - switchToDefaultContent(): null&#xD;
&#xD;
2019-09-06 10:15:47 - [MESSAGE][PASSED] - Call Test Case 'Test Cases/Regression BackOffice (All Browsers)/CLNK-23439 - Clink - Back office Client' successfully&#xD;
&#xD;
2019-09-06 10:15:47 - [TEST_STEP][PASSED] - waitForPageLoad(60): Wait for page load successfully&#xD;
&#xD;
2019-09-06 10:15:47 - [MESSAGE][PASSED] - Wait for page load successfully&#xD;
&#xD;
2019-09-06 10:15:47 - [TEST_STEP][PASSED] - delay(3): Delayed 3 second(s)&#xD;
&#xD;
2019-09-06 10:15:50 - [MESSAGE][PASSED] - Delayed 3 second(s)&#xD;
&#xD;
2019-09-06 10:15:50 - [TEST_STEP][PASSED] - switchToFrame(findTestObject("Regression BackOffice/CLNK-23449/FrameLeft"), 30): null&#xD;
&#xD;
2019-09-06 10:15:50 - [TEST_STEP][PASSED] - waitForElementPresent(findTestObject("Regression BackOffice/CLNK-23441/Caregiver  HRLink"), 100): Object 'Object Repository/Regression BackOffice/CLNK-23441/Caregiver  HRLink' is present&#xD;
&#xD;
2019-09-06 10:15:50 - [MESSAGE][PASSED] - Object 'Object Repository/Regression BackOffice/CLNK-23441/Caregiver  HRLink' is present&#xD;
&#xD;
2019-09-06 10:15:50 - [TEST_STEP][PASSED] - click(findTestObject("Regression BackOffice/CLNK-23441/Caregiver  HRLink")): Object: 'Object Repository/Regression BackOffice/CLNK-23441/Caregiver  HRLink' is clicked on&#xD;
&#xD;
2019-09-06 10:15:51 - [MESSAGE][PASSED] - Object: 'Object Repository/Regression BackOffice/CLNK-23441/Caregiver  HRLink' is clicked on&#xD;
&#xD;
2019-09-06 10:15:51 - [TEST_STEP][PASSED] - delay(2): Delayed 2 second(s)&#xD;
&#xD;
2019-09-06 10:15:53 - [MESSAGE][PASSED] - Delayed 2 second(s)&#xD;
&#xD;
2019-09-06 10:15:53 - [TEST_STEP][PASSED] - waitForPageLoad(50): Wait for page load successfully&#xD;
&#xD;
2019-09-06 10:15:53 - [MESSAGE][PASSED] - Wait for page load successfully&#xD;
&#xD;
2019-09-06 10:15:53 - [TEST_STEP][PASSED] - waitForElementPresent(findTestObject("Regression BackOffice/CLINK - 28718/Caregiver Search"), 100): Object 'Object Repository/Regression BackOffice/CLINK - 28718/Caregiver Search' is present&#xD;
&#xD;
2019-09-06 10:15:53 - [MESSAGE][PASSED] - Object 'Object Repository/Regression BackOffice/CLINK - 28718/Caregiver Search' is present&#xD;
&#xD;
2019-09-06 10:15:53 - [TEST_STEP][PASSED] - click(findTestObject("Regression BackOffice/CLINK - 28718/Caregiver Search")): Object: 'Object Repository/Regression BackOffice/CLINK - 28718/Caregiver Search' is clicked on&#xD;
&#xD;
2019-09-06 10:15:54 - [MESSAGE][PASSED] - Object: 'Object Repository/Regression BackOffice/CLINK - 28718/Caregiver Search' is clicked on&#xD;
&#xD;
2019-09-06 10:15:54 - [TEST_STEP][PASSED] - delay(2): Delayed 2 second(s)&#xD;
&#xD;
2019-09-06 10:15:56 - [MESSAGE][PASSED] - Delayed 2 second(s)&#xD;
&#xD;
2019-09-06 10:15:56 - [TEST_STEP][PASSED] - waitForPageLoad(60): Wait for page load successfully&#xD;
&#xD;
2019-09-06 10:15:56 - [MESSAGE][PASSED] - Wait for page load successfully&#xD;
&#xD;
2019-09-06 10:15:56 - [TEST_STEP][PASSED] - switchToDefaultContent(): null&#xD;
&#xD;
2019-09-06 10:15:56 - [TEST_STEP][PASSED] - switchToFrame(findTestObject("Regression BackOffice/CLNK-23449/FrameMain"), 30): null&#xD;
&#xD;
2019-09-06 10:15:56 - [TEST_STEP][PASSED] - waitForElementPresent(findTestObject("Regression BackOffice/CLINK - 28718/CaregiverFirst Name"), 50): Object 'Object Repository/Regression BackOffice/CLINK - 28718/CaregiverFirst Name' is present&#xD;
&#xD;
2019-09-06 10:15:56 - [MESSAGE][PASSED] - Object 'Object Repository/Regression BackOffice/CLINK - 28718/CaregiverFirst Name' is present&#xD;
&#xD;
2019-09-06 10:15:56 - [TEST_STEP][PASSED] - setText(findTestObject("Regression BackOffice/CLINK - 28718/CaregiverFirst Name"), G_CaregiverFirstName): Text 'Cincuenta' is set on object 'Object Repository/Regression BackOffice/CLINK - 28718/CaregiverFirst Name'&#xD;
&#xD;
2019-09-06 10:15:57 - [MESSAGE][PASSED] - Text 'Cincuenta' is set on object 'Object Repository/Regression BackOffice/CLINK - 28718/CaregiverFirst Name'&#xD;
&#xD;
2019-09-06 10:15:57 - [TEST_STEP][PASSED] - delay(2): Delayed 2 second(s)&#xD;
&#xD;
2019-09-06 10:15:59 - [MESSAGE][PASSED] - Delayed 2 second(s)&#xD;
&#xD;
2019-09-06 10:15:59 - [TEST_STEP][PASSED] - waitForElementPresent(findTestObject("Regression BackOffice/CLINK - 28718/CaregiverLast Name"), 50): Object 'Object Repository/Regression BackOffice/CLINK - 28718/CaregiverLast Name' is present&#xD;
&#xD;
2019-09-06 10:15:59 - [MESSAGE][PASSED] - Object 'Object Repository/Regression BackOffice/CLINK - 28718/CaregiverLast Name' is present&#xD;
&#xD;
2019-09-06 10:15:59 - [TEST_STEP][PASSED] - setText(findTestObject("Regression BackOffice/CLINK - 28718/CaregiverLast Name"), G_CareGiverLastName): Text 'Cincuentilla' is set on object 'Object Repository/Regression BackOffice/CLINK - 28718/CaregiverLast Name'&#xD;
&#xD;
2019-09-06 10:15:59 - [MESSAGE][PASSED] - Text 'Cincuentilla' is set on object 'Object Repository/Regression BackOffice/CLINK - 28718/CaregiverLast Name'&#xD;
&#xD;
2019-09-06 10:15:59 - [TEST_STEP][PASSED] - delay(2): Delayed 2 second(s)&#xD;
&#xD;
2019-09-06 10:16:01 - [MESSAGE][PASSED] - Delayed 2 second(s)&#xD;
&#xD;
2019-09-06 10:16:01 - [TEST_STEP][PASSED] - waitForElementPresent(findTestObject("Regression BackOffice/CLINK - 28718/SSN"), 50): Object 'Object Repository/Regression BackOffice/CLINK - 28718/SSN' is present&#xD;
&#xD;
2019-09-06 10:16:01 - [MESSAGE][PASSED] - Object 'Object Repository/Regression BackOffice/CLINK - 28718/SSN' is present&#xD;
&#xD;
2019-09-06 10:16:01 - [TEST_STEP][PASSED] - setText(findTestObject("Regression BackOffice/CLINK - 28718/SSN"), G_CaregiverSSN): Text '535870356' is set on object 'Object Repository/Regression BackOffice/CLINK - 28718/SSN'&#xD;
&#xD;
2019-09-06 10:16:01 - [MESSAGE][PASSED] - Text '535870356' is set on object 'Object Repository/Regression BackOffice/CLINK - 28718/SSN'&#xD;
&#xD;
2019-09-06 10:16:01 - [TEST_STEP][PASSED] - delay(2): Delayed 2 second(s)&#xD;
&#xD;
2019-09-06 10:16:03 - [MESSAGE][PASSED] - Delayed 2 second(s)&#xD;
&#xD;
2019-09-06 10:16:03 - [TEST_STEP][PASSED] - waitForElementPresent(findTestObject("Regression BackOffice/CLINK - 28718/CaregiverBttnSearch"), 100): Object 'Object Repository/Regression BackOffice/CLINK - 28718/CaregiverBttnSearch' is present&#xD;
&#xD;
2019-09-06 10:16:03 - [MESSAGE][PASSED] - Object 'Object Repository/Regression BackOffice/CLINK - 28718/CaregiverBttnSearch' is present&#xD;
&#xD;
2019-09-06 10:16:03 - [TEST_STEP][PASSED] - click(findTestObject("Regression BackOffice/CLINK - 28718/CaregiverBttnSearch")): Object: 'Object Repository/Regression BackOffice/CLINK - 28718/CaregiverBttnSearch' is clicked on&#xD;
&#xD;
2019-09-06 10:16:04 - [MESSAGE][PASSED] - Object: 'Object Repository/Regression BackOffice/CLINK - 28718/CaregiverBttnSearch' is clicked on&#xD;
&#xD;
2019-09-06 10:16:04 - [TEST_STEP][PASSED] - delay(2): Delayed 2 second(s)&#xD;
&#xD;
2019-09-06 10:16:06 - [MESSAGE][PASSED] - Delayed 2 second(s)&#xD;
&#xD;
2019-09-06 10:16:06 - [TEST_STEP][PASSED] - waitForElementPresent(findTestObject("Regression BackOffice/CLINK - 28718/Add a new Caregiver Link"), 100): Object 'Object Repository/Regression BackOffice/CLINK - 28718/Add a new Caregiver Link' is present&#xD;
&#xD;
2019-09-06 10:16:06 - [MESSAGE][PASSED] - Object 'Object Repository/Regression BackOffice/CLINK - 28718/Add a new Caregiver Link' is present&#xD;
&#xD;
2019-09-06 10:16:06 - [TEST_STEP][PASSED] - click(findTestObject("Regression BackOffice/CLINK - 28718/Add a new Caregiver Link")): Object: 'Object Repository/Regression BackOffice/CLINK - 28718/Add a new Caregiver Link' is clicked on&#xD;
&#xD;
2019-09-06 10:16:09 - [MESSAGE][PASSED] - Object: 'Object Repository/Regression BackOffice/CLINK - 28718/Add a new Caregiver Link' is clicked on&#xD;
&#xD;
2019-09-06 10:16:09 - [TEST_STEP][PASSED] - delay(2): Delayed 2 second(s)&#xD;
&#xD;
2019-09-06 10:16:11 - [MESSAGE][PASSED] - Delayed 2 second(s)&#xD;
&#xD;
2019-09-06 10:16:11 - [TEST_STEP][PASSED] - waitForPageLoad(50): Wait for page load successfully&#xD;
&#xD;
2019-09-06 10:16:11 - [MESSAGE][PASSED] - Wait for page load successfully&#xD;
&#xD;
2019-09-06 10:16:11 - [TEST_STEP][NOT_RUN] - waitForElementPresent(findTestObject("Regression BackOffice/CLINK - 28718/a_Use This Caregiver"), 100): NOT_RUN: waitForElementPresent(findTestObject("Regression BackOffice/CLINK - 28718/a_Use This Caregiver"), 100)&#xD;
&#xD;
2019-09-06 10:16:11 - [MESSAGE][NOT_RUN] - NOT_RUN: waitForElementPresent(findTestObject("Regression BackOffice/CLINK - 28718/a_Use This Caregiver"), 100)&#xD;
&#xD;
2019-09-06 10:16:11 - [TEST_STEP][NOT_RUN] - click(findTestObject("Regression BackOffice/CLINK - 28718/a_Use This Caregiver")): NOT_RUN: click(findTestObject("Regression BackOffice/CLINK - 28718/a_Use This Caregiver"))&#xD;
&#xD;
2019-09-06 10:16:11 - [MESSAGE][NOT_RUN] - NOT_RUN: click(findTestObject("Regression BackOffice/CLINK - 28718/a_Use This Caregiver"))&#xD;
&#xD;
2019-09-06 10:16:11 - [TEST_STEP][NOT_RUN] - delay(2): NOT_RUN: delay(2)&#xD;
&#xD;
2019-09-06 10:16:11 - [MESSAGE][NOT_RUN] - NOT_RUN: delay(2)&#xD;
&#xD;
2019-09-06 10:16:11 - [TEST_STEP][NOT_RUN] - waitForPageLoad(50): NOT_RUN: waitForPageLoad(50)&#xD;
&#xD;
2019-09-06 10:16:11 - [MESSAGE][NOT_RUN] - NOT_RUN: waitForPageLoad(50)&#xD;
&#xD;
2019-09-06 10:16:11 - [TEST_STEP][PASSED] - waitForElementPresent(findTestObject("Regression BackOffice/CLINK - 28718/General Information/CaregiverType"), 100): Object 'Object Repository/Regression BackOffice/CLINK - 28718/General Information/CaregiverType' is present&#xD;
&#xD;
2019-09-06 10:16:11 - [MESSAGE][PASSED] - Object 'Object Repository/Regression BackOffice/CLINK - 28718/General Information/CaregiverType' is present&#xD;
&#xD;
2019-09-06 10:16:11 - [TEST_STEP][PASSED] - click(findTestObject("Regression BackOffice/CLINK - 28718/General Information/CaregiverType")): Object: 'Object Repository/Regression BackOffice/CLINK - 28718/General Information/CaregiverType' is clicked on&#xD;
&#xD;
2019-09-06 10:16:12 - [MESSAGE][PASSED] - Object: 'Object Repository/Regression BackOffice/CLINK - 28718/General Information/CaregiverType' is clicked on&#xD;
&#xD;
2019-09-06 10:16:12 - [TEST_STEP][PASSED] - delay(2): Delayed 2 second(s)&#xD;
&#xD;
2019-09-06 10:16:14 - [MESSAGE][PASSED] - Delayed 2 second(s)&#xD;
&#xD;
2019-09-06 10:16:14 - [TEST_STEP][PASSED] - sendKeys(findTestObject("Regression BackOffice/CLINK - 28718/General Information/CaregiverType"), Keys.chord(ARROW_DOWN, ENTER)): Keys 'DOWN + ENTER + ' sent to object: 'Object Repository/Regression BackOffice/CLINK - 28718/General Information/CaregiverType'&#xD;
&#xD;
2019-09-06 10:16:14 - [MESSAGE][PASSED] - Keys 'DOWN + ENTER + ' sent to object: 'Object Repository/Regression BackOffice/CLINK - 28718/General Information/CaregiverType'&#xD;
&#xD;
2019-09-06 10:16:14 - [TEST_STEP][PASSED] - delay(2): Delayed 2 second(s)&#xD;
&#xD;
2019-09-06 10:16:16 - [MESSAGE][PASSED] - Delayed 2 second(s)&#xD;
&#xD;
2019-09-06 10:16:16 - [TEST_STEP][PASSED] - waitForElementPresent(findTestObject("Regression BackOffice/CLINK - 28718/General Information/LineOfBusiness"), 100): Object 'Object Repository/Regression BackOffice/CLINK - 28718/General Information/LineOfBusiness' is present&#xD;
&#xD;
2019-09-06 10:16:16 - [MESSAGE][PASSED] - Object 'Object Repository/Regression BackOffice/CLINK - 28718/General Information/LineOfBusiness' is present&#xD;
&#xD;
2019-09-06 10:16:16 - [TEST_STEP][PASSED] - click(findTestObject("Regression BackOffice/CLINK - 28718/General Information/LineOfBusiness")): Object: 'Object Repository/Regression BackOffice/CLINK - 28718/General Information/LineOfBusiness' is clicked on&#xD;
&#xD;
2019-09-06 10:16:16 - [MESSAGE][PASSED] - Object: 'Object Repository/Regression BackOffice/CLINK - 28718/General Information/LineOfBusiness' is clicked on&#xD;
&#xD;
2019-09-06 10:16:16 - [TEST_STEP][PASSED] - delay(2): Delayed 2 second(s)&#xD;
&#xD;
2019-09-06 10:16:18 - [MESSAGE][PASSED] - Delayed 2 second(s)&#xD;
&#xD;
2019-09-06 10:16:18 - [TEST_STEP][PASSED] - sendKeys(findTestObject("Regression BackOffice/CLINK - 28718/General Information/LineOfBusiness"), Keys.chord(ARROW_DOWN, ENTER)): Keys 'DOWN + ENTER + ' sent to object: 'Object Repository/Regression BackOffice/CLINK - 28718/General Information/LineOfBusiness'&#xD;
&#xD;
2019-09-06 10:16:18 - [MESSAGE][PASSED] - Keys 'DOWN + ENTER + ' sent to object: 'Object Repository/Regression BackOffice/CLINK - 28718/General Information/LineOfBusiness'&#xD;
&#xD;
2019-09-06 10:16:18 - [TEST_STEP][PASSED] - delay(2): Delayed 2 second(s)&#xD;
&#xD;
2019-09-06 10:16:20 - [MESSAGE][PASSED] - Delayed 2 second(s)&#xD;
&#xD;
2019-09-06 10:16:20 - [TEST_STEP][NOT_RUN] - waitForElementPresent(findTestObject("Regression BackOffice/CLINK - 28718/General Information/First Name Caregiver"), 50): NOT_RUN: waitForElementPresent(findTestObject("Regression BackOffice/CLINK - 28718/General Information/First Name Caregiver"), 50)&#xD;
&#xD;
2019-09-06 10:16:20 - [MESSAGE][NOT_RUN] - NOT_RUN: waitForElementPresent(findTestObject("Regression BackOffice/CLINK - 28718/General Information/First Name Caregiver"), 50)&#xD;
&#xD;
2019-09-06 10:16:20 - [TEST_STEP][NOT_RUN] - setText(findTestObject("Regression BackOffice/CLINK - 28718/General Information/First Name Caregiver"), G_CaregiverFirstName): NOT_RUN: setText(findTestObject("Regression BackOffice/CLINK - 28718/General Information/First Name Caregiver"), G_CaregiverFirstName)&#xD;
&#xD;
2019-09-06 10:16:20 - [MESSAGE][NOT_RUN] - NOT_RUN: setText(findTestObject("Regression BackOffice/CLINK - 28718/General Information/First Name Caregiver"), G_CaregiverFirstName)&#xD;
&#xD;
2019-09-06 10:16:20 - [TEST_STEP][NOT_RUN] - delay(2): NOT_RUN: delay(2)&#xD;
&#xD;
2019-09-06 10:16:20 - [MESSAGE][NOT_RUN] - NOT_RUN: delay(2)&#xD;
&#xD;
2019-09-06 10:16:20 - [TEST_STEP][NOT_RUN] - waitForElementPresent(findTestObject("Regression BackOffice/CLINK - 28718/General Information/Last Name Caregiver"), 50): NOT_RUN: waitForElementPresent(findTestObject("Regression BackOffice/CLINK - 28718/General Information/Last Name Caregiver"), 50)&#xD;
&#xD;
2019-09-06 10:16:20 - [MESSAGE][NOT_RUN] - NOT_RUN: waitForElementPresent(findTestObject("Regression BackOffice/CLINK - 28718/General Information/Last Name Caregiver"), 50)&#xD;
&#xD;
2019-09-06 10:16:20 - [TEST_STEP][NOT_RUN] - setText(findTestObject("Regression BackOffice/CLINK - 28718/General Information/Last Name Caregiver"), G_CareGiverLastName): NOT_RUN: setText(findTestObject("Regression BackOffice/CLINK - 28718/General Information/Last Name Caregiver"), G_CareGiverLastName)&#xD;
&#xD;
2019-09-06 10:16:20 - [MESSAGE][NOT_RUN] - NOT_RUN: setText(findTestObject("Regression BackOffice/CLINK - 28718/General Information/Last Name Caregiver"), G_CareGiverLastName)&#xD;
&#xD;
2019-09-06 10:16:20 - [TEST_STEP][NOT_RUN] - delay(2): NOT_RUN: delay(2)&#xD;
&#xD;
2019-09-06 10:16:20 - [MESSAGE][NOT_RUN] - NOT_RUN: delay(2)&#xD;
&#xD;
2019-09-06 10:16:20 - [TEST_STEP][NOT_RUN] - waitForElementPresent(findTestObject("Regression BackOffice/CLINK - 28718/General Information/SSNCaregiver"), 50): NOT_RUN: waitForElementPresent(findTestObject("Regression BackOffice/CLINK - 28718/General Information/SSNCaregiver"), 50)&#xD;
&#xD;
2019-09-06 10:16:20 - [MESSAGE][NOT_RUN] - NOT_RUN: waitForElementPresent(findTestObject("Regression BackOffice/CLINK - 28718/General Information/SSNCaregiver"), 50)&#xD;
&#xD;
2019-09-06 10:16:20 - [TEST_STEP][NOT_RUN] - setText(findTestObject("Regression BackOffice/CLINK - 28718/General Information/SSNCaregiver"), G_CaregiverSSN): NOT_RUN: setText(findTestObject("Regression BackOffice/CLINK - 28718/General Information/SSNCaregiver"), G_CaregiverSSN)&#xD;
&#xD;
2019-09-06 10:16:20 - [MESSAGE][NOT_RUN] - NOT_RUN: setText(findTestObject("Regression BackOffice/CLINK - 28718/General Information/SSNCaregiver"), G_CaregiverSSN)&#xD;
&#xD;
2019-09-06 10:16:20 - [TEST_STEP][NOT_RUN] - delay(2): NOT_RUN: delay(2)&#xD;
&#xD;
2019-09-06 10:16:20 - [MESSAGE][NOT_RUN] - NOT_RUN: delay(2)&#xD;
&#xD;
2019-09-06 10:16:20 - [TEST_STEP][PASSED] - setText(findTestObject("Regression BackOffice/CLINK - 28718/Address/Address"), "1628 NW 6 St"): Text '1628 NW 6 St' is set on object 'Object Repository/Regression BackOffice/CLINK - 28718/Address/Address'&#xD;
&#xD;
2019-09-06 10:16:21 - [MESSAGE][PASSED] - Text '1628 NW 6 St' is set on object 'Object Repository/Regression BackOffice/CLINK - 28718/Address/Address'&#xD;
&#xD;
2019-09-06 10:16:21 - [TEST_STEP][PASSED] - delay(3): Delayed 3 second(s)&#xD;
&#xD;
2019-09-06 10:16:24 - [MESSAGE][PASSED] - Delayed 3 second(s)&#xD;
&#xD;
2019-09-06 10:16:24 - [TEST_STEP][PASSED] - setText(findTestObject("Regression BackOffice/CLINK - 28718/Address/City"), "Miami"): Text 'Miami' is set on object 'Object Repository/Regression BackOffice/CLINK - 28718/Address/City'&#xD;
&#xD;
2019-09-06 10:16:24 - [MESSAGE][PASSED] - Text 'Miami' is set on object 'Object Repository/Regression BackOffice/CLINK - 28718/Address/City'&#xD;
&#xD;
2019-09-06 10:16:24 - [TEST_STEP][PASSED] - delay(3): Delayed 3 second(s)&#xD;
&#xD;
2019-09-06 10:16:27 - [MESSAGE][PASSED] - Delayed 3 second(s)&#xD;
&#xD;
2019-09-06 10:16:27 - [TEST_STEP][PASSED] - click(findTestObject("Regression BackOffice/CLINK - 28718/Address/State"), CONTINUE_ON_FAILURE): Object: 'Object Repository/Regression BackOffice/CLINK - 28718/Address/State' is clicked on&#xD;
&#xD;
2019-09-06 10:16:27 - [MESSAGE][PASSED] - Object: 'Object Repository/Regression BackOffice/CLINK - 28718/Address/State' is clicked on&#xD;
&#xD;
2019-09-06 10:16:27 - [TEST_STEP][PASSED] - sendKeys(findTestObject("Regression BackOffice/CLINK - 28718/Address/State"), "Florida"): Keys 'Florida' sent to object: 'Object Repository/Regression BackOffice/CLINK - 28718/Address/State'&#xD;
&#xD;
2019-09-06 10:16:27 - [MESSAGE][PASSED] - Keys 'Florida' sent to object: 'Object Repository/Regression BackOffice/CLINK - 28718/Address/State'&#xD;
&#xD;
2019-09-06 10:16:27 - [TEST_STEP][PASSED] - sendKeys(findTestObject("Regression BackOffice/CLINK - 28718/Address/State"), Keys.chord(ENTER)): Keys 'ENTER + ' sent to object: 'Object Repository/Regression BackOffice/CLINK - 28718/Address/State'&#xD;
&#xD;
2019-09-06 10:16:28 - [MESSAGE][PASSED] - Keys 'ENTER + ' sent to object: 'Object Repository/Regression BackOffice/CLINK - 28718/Address/State'&#xD;
&#xD;
2019-09-06 10:16:28 - [TEST_STEP][PASSED] - delay(5): Delayed 5 second(s)&#xD;
&#xD;
2019-09-06 10:16:33 - [MESSAGE][PASSED] - Delayed 5 second(s)&#xD;
&#xD;
2019-09-06 10:16:33 - [TEST_STEP][PASSED] - click(findTestObject("Regression BackOffice/CLINK - 28718/Address/BtnVerify"), CONTINUE_ON_FAILURE): Object: 'Object Repository/Regression BackOffice/CLINK - 28718/Address/BtnVerify' is clicked on&#xD;
&#xD;
2019-09-06 10:16:33 - [MESSAGE][PASSED] - Object: 'Object Repository/Regression BackOffice/CLINK - 28718/Address/BtnVerify' is clicked on&#xD;
&#xD;
2019-09-06 10:16:33 - [TEST_STEP][PASSED] - delay(5): Delayed 5 second(s)&#xD;
&#xD;
2019-09-06 10:16:38 - [MESSAGE][PASSED] - Delayed 5 second(s)&#xD;
&#xD;
2019-09-06 10:16:38 - [TEST_STEP][PASSED] - click(findTestObject("Regression BackOffice/CLINK - 28718/Address/ChkVerify"), CONTINUE_ON_FAILURE): Object: 'Object Repository/Regression BackOffice/CLINK - 28718/Address/ChkVerify' is clicked on&#xD;
&#xD;
2019-09-06 10:16:38 - [MESSAGE][PASSED] - Object: 'Object Repository/Regression BackOffice/CLINK - 28718/Address/ChkVerify' is clicked on&#xD;
&#xD;
2019-09-06 10:16:38 - [TEST_STEP][PASSED] - delay(3): Delayed 3 second(s)&#xD;
&#xD;
2019-09-06 10:16:41 - [MESSAGE][PASSED] - Delayed 3 second(s)&#xD;
&#xD;
2019-09-06 10:16:41 - [TEST_STEP][PASSED] - waitForElementPresent(findTestObject("Regression BackOffice/CLINK - 28718/Phone/Add New Phone Link"), 100): Object 'Object Repository/Regression BackOffice/CLINK - 28718/Phone/Add New Phone Link' is present&#xD;
&#xD;
2019-09-06 10:16:41 - [MESSAGE][PASSED] - Object 'Object Repository/Regression BackOffice/CLINK - 28718/Phone/Add New Phone Link' is present&#xD;
&#xD;
2019-09-06 10:16:41 - [TEST_STEP][PASSED] - click(findTestObject("Regression BackOffice/CLINK - 28718/Phone/Add New Phone Link")): Object: 'Object Repository/Regression BackOffice/CLINK - 28718/Phone/Add New Phone Link' is clicked on&#xD;
&#xD;
2019-09-06 10:16:41 - [MESSAGE][PASSED] - Object: 'Object Repository/Regression BackOffice/CLINK - 28718/Phone/Add New Phone Link' is clicked on&#xD;
&#xD;
2019-09-06 10:16:41 - [TEST_STEP][PASSED] - delay(2): Delayed 2 second(s)&#xD;
&#xD;
2019-09-06 10:16:43 - [MESSAGE][PASSED] - Delayed 2 second(s)&#xD;
&#xD;
2019-09-06 10:16:43 - [TEST_STEP][PASSED] - click(findTestObject("Regression BackOffice/CLINK - 28718/Phone/PhoneType"), CONTINUE_ON_FAILURE): Object: 'Object Repository/Regression BackOffice/CLINK - 28718/Phone/PhoneType' is clicked on&#xD;
&#xD;
2019-09-06 10:16:44 - [MESSAGE][PASSED] - Object: 'Object Repository/Regression BackOffice/CLINK - 28718/Phone/PhoneType' is clicked on&#xD;
&#xD;
2019-09-06 10:16:44 - [TEST_STEP][PASSED] - sendKeys(findTestObject("Regression BackOffice/CLINK - 28718/Phone/PhoneType"), Keys.chord(ARROW_DOWN, ENTER)): Keys 'DOWN + ENTER + ' sent to object: 'Object Repository/Regression BackOffice/CLINK - 28718/Phone/PhoneType'&#xD;
&#xD;
2019-09-06 10:16:44 - [MESSAGE][PASSED] - Keys 'DOWN + ENTER + ' sent to object: 'Object Repository/Regression BackOffice/CLINK - 28718/Phone/PhoneType'&#xD;
&#xD;
2019-09-06 10:16:44 - [TEST_STEP][PASSED] - delay(3): Delayed 3 second(s)&#xD;
&#xD;
2019-09-06 10:16:47 - [MESSAGE][PASSED] - Delayed 3 second(s)&#xD;
&#xD;
2019-09-06 10:16:47 - [TEST_STEP][PASSED] - setText(findTestObject("Regression BackOffice/CLINK - 28718/Phone/PhoneNumber"), "2345698789"): Text '2345698789' is set on object 'Object Repository/Regression BackOffice/CLINK - 28718/Phone/PhoneNumber'&#xD;
&#xD;
2019-09-06 10:16:47 - [MESSAGE][PASSED] - Text '2345698789' is set on object 'Object Repository/Regression BackOffice/CLINK - 28718/Phone/PhoneNumber'&#xD;
&#xD;
2019-09-06 10:16:47 - [TEST_STEP][PASSED] - delay(3): Delayed 3 second(s)&#xD;
&#xD;
2019-09-06 10:16:50 - [MESSAGE][PASSED] - Delayed 3 second(s)&#xD;
&#xD;
2019-09-06 10:16:50 - [TEST_STEP][PASSED] - waitForElementPresent(findTestObject("Regression BackOffice/CLINK - 28718/Phone/chkisprimary"), 100): Object 'Object Repository/Regression BackOffice/CLINK - 28718/Phone/chkisprimary' is present&#xD;
&#xD;
2019-09-06 10:16:50 - [MESSAGE][PASSED] - Object 'Object Repository/Regression BackOffice/CLINK - 28718/Phone/chkisprimary' is present&#xD;
&#xD;
2019-09-06 10:16:50 - [TEST_STEP][PASSED] - click(findTestObject("Regression BackOffice/CLINK - 28718/Phone/chkisprimary")): Object: 'Object Repository/Regression BackOffice/CLINK - 28718/Phone/chkisprimary' is clicked on&#xD;
&#xD;
2019-09-06 10:16:50 - [MESSAGE][PASSED] - Object: 'Object Repository/Regression BackOffice/CLINK - 28718/Phone/chkisprimary' is clicked on&#xD;
&#xD;
2019-09-06 10:16:50 - [TEST_STEP][PASSED] - delay(2): Delayed 2 second(s)&#xD;
&#xD;
2019-09-06 10:16:52 - [MESSAGE][PASSED] - Delayed 2 second(s)&#xD;
&#xD;
2019-09-06 10:16:52 - [TEST_STEP][PASSED] - waitForElementPresent(findTestObject("Regression BackOffice/CLINK - 28718/Phone/a_Add to List"), 100): Object 'Object Repository/Regression BackOffice/CLINK - 28718/Phone/a_Add to List' is present&#xD;
&#xD;
2019-09-06 10:16:53 - [MESSAGE][PASSED] - Object 'Object Repository/Regression BackOffice/CLINK - 28718/Phone/a_Add to List' is present&#xD;
&#xD;
2019-09-06 10:16:53 - [TEST_STEP][PASSED] - click(findTestObject("Regression BackOffice/CLINK - 28718/Phone/a_Add to List")): Object: 'Object Repository/Regression BackOffice/CLINK - 28718/Phone/a_Add to List' is clicked on&#xD;
&#xD;
2019-09-06 10:16:53 - [MESSAGE][PASSED] - Object: 'Object Repository/Regression BackOffice/CLINK - 28718/Phone/a_Add to List' is clicked on&#xD;
&#xD;
2019-09-06 10:16:53 - [TEST_STEP][PASSED] - delay(2): Delayed 2 second(s)&#xD;
&#xD;
2019-09-06 10:16:55 - [MESSAGE][PASSED] - Delayed 2 second(s)&#xD;
&#xD;
2019-09-06 10:16:55 - [TEST_STEP][PASSED] - scrollToElement(findTestObject("Regression BackOffice/CLINK - 28718/Discipline/Add Discipline"), 100): Scroll to object 'Object Repository/Regression BackOffice/CLINK - 28718/Discipline/Add Discipline' successfully&#xD;
&#xD;
2019-09-06 10:16:55 - [MESSAGE][PASSED] - Scroll to object 'Object Repository/Regression BackOffice/CLINK - 28718/Discipline/Add Discipline' successfully&#xD;
&#xD;
2019-09-06 10:16:55 - [TEST_STEP][PASSED] - click(findTestObject("Regression BackOffice/CLINK - 28718/Discipline/Add Discipline")): Object: 'Object Repository/Regression BackOffice/CLINK - 28718/Discipline/Add Discipline' is clicked on&#xD;
&#xD;
2019-09-06 10:16:55 - [MESSAGE][PASSED] - Object: 'Object Repository/Regression BackOffice/CLINK - 28718/Discipline/Add Discipline' is clicked on&#xD;
&#xD;
2019-09-06 10:16:55 - [TEST_STEP][PASSED] - delay(2): Delayed 2 second(s)&#xD;
&#xD;
2019-09-06 10:16:57 - [MESSAGE][PASSED] - Delayed 2 second(s)&#xD;
&#xD;
2019-09-06 10:16:57 - [TEST_STEP][PASSED] - click(findTestObject("Regression BackOffice/CLINK - 28718/Discipline/DisciplineType"), CONTINUE_ON_FAILURE): Object: 'Object Repository/Regression BackOffice/CLINK - 28718/Discipline/DisciplineType' is clicked on&#xD;
&#xD;
2019-09-06 10:16:57 - [MESSAGE][PASSED] - Object: 'Object Repository/Regression BackOffice/CLINK - 28718/Discipline/DisciplineType' is clicked on&#xD;
&#xD;
2019-09-06 10:16:57 - [TEST_STEP][PASSED] - sendKeys(findTestObject("Regression BackOffice/CLINK - 28718/Discipline/DisciplineType"), "P"): Keys 'P' sent to object: 'Object Repository/Regression BackOffice/CLINK - 28718/Discipline/DisciplineType'&#xD;
&#xD;
2019-09-06 10:16:57 - [MESSAGE][PASSED] - Keys 'P' sent to object: 'Object Repository/Regression BackOffice/CLINK - 28718/Discipline/DisciplineType'&#xD;
&#xD;
2019-09-06 10:16:57 - [TEST_STEP][PASSED] - sendKeys(findTestObject("Regression BackOffice/CLINK - 28718/Discipline/DisciplineType"), Keys.chord(ENTER)): Keys 'ENTER + ' sent to object: 'Object Repository/Regression BackOffice/CLINK - 28718/Discipline/DisciplineType'&#xD;
&#xD;
2019-09-06 10:16:58 - [MESSAGE][PASSED] - Keys 'ENTER + ' sent to object: 'Object Repository/Regression BackOffice/CLINK - 28718/Discipline/DisciplineType'&#xD;
&#xD;
2019-09-06 10:16:58 - [TEST_STEP][NOT_RUN] - sendKeys(findTestObject("Regression BackOffice/CLINK - 28718/Discipline/DisciplineType"), Keys.chord(ARROW_DOWN, ENTER)): NOT_RUN: sendKeys(findTestObject("Regression BackOffice/CLINK - 28718/Discipline/DisciplineType"), Keys.chord(ARROW_DOWN, ENTER))&#xD;
&#xD;
2019-09-06 10:16:58 - [MESSAGE][NOT_RUN] - NOT_RUN: sendKeys(findTestObject("Regression BackOffice/CLINK - 28718/Discipline/DisciplineType"), Keys.chord(ARROW_DOWN, ENTER))&#xD;
&#xD;
2019-09-06 10:16:58 - [TEST_STEP][PASSED] - delay(3): Delayed 3 second(s)&#xD;
&#xD;
2019-09-06 10:17:01 - [MESSAGE][PASSED] - Delayed 3 second(s)&#xD;
&#xD;
2019-09-06 10:17:01 - [TEST_STEP][NOT_RUN] - click(findTestObject("Regression BackOffice/CLINK - 28718/Discipline/Begin Date")): NOT_RUN: click(findTestObject("Regression BackOffice/CLINK - 28718/Discipline/Begin Date"))&#xD;
&#xD;
2019-09-06 10:17:01 - [MESSAGE][NOT_RUN] - NOT_RUN: click(findTestObject("Regression BackOffice/CLINK - 28718/Discipline/Begin Date"))&#xD;
&#xD;
2019-09-06 10:17:01 - [TEST_STEP][PASSED] - sendKeys(findTestObject("Regression BackOffice/CLINK - 28718/Discipline/Begin Date"), "04/24/2019"): Keys '04/24/2019' sent to object: 'Object Repository/Regression BackOffice/CLINK - 28718/Discipline/Begin Date'&#xD;
&#xD;
2019-09-06 10:17:01 - [MESSAGE][PASSED] - Keys '04/24/2019' sent to object: 'Object Repository/Regression BackOffice/CLINK - 28718/Discipline/Begin Date'&#xD;
&#xD;
2019-09-06 10:17:01 - [TEST_STEP][PASSED] - delay(4): Delayed 4 second(s)&#xD;
&#xD;
2019-09-06 10:17:05 - [MESSAGE][PASSED] - Delayed 4 second(s)&#xD;
&#xD;
2019-09-06 10:17:05 - [TEST_STEP][NOT_RUN] - click(findTestObject("Regression BackOffice/CLINK - 28718/Discipline/Effective EndDate")): NOT_RUN: click(findTestObject("Regression BackOffice/CLINK - 28718/Discipline/Effective EndDate"))&#xD;
&#xD;
2019-09-06 10:17:05 - [MESSAGE][NOT_RUN] - NOT_RUN: click(findTestObject("Regression BackOffice/CLINK - 28718/Discipline/Effective EndDate"))&#xD;
&#xD;
2019-09-06 10:17:05 - [TEST_STEP][NOT_RUN] - sendKeys(findTestObject("Regression BackOffice/CLINK - 28718/Discipline/Effective EndDate"), getDate.DateUtilities.getDateMonthDayYearNumberwithSlash()): NOT_RUN: sendKeys(findTestObject("Regression BackOffice/CLINK - 28718/Discipline/Effective EndDate"), getDate.DateUtilities.getDateMonthDayYearNumberwithSlash())&#xD;
&#xD;
2019-09-06 10:17:05 - [MESSAGE][NOT_RUN] - NOT_RUN: sendKeys(findTestObject("Regression BackOffice/CLINK - 28718/Discipline/Effective EndDate"), getDate.DateUtilities.getDateMonthDayYearNumberwithSlash())&#xD;
&#xD;
2019-09-06 10:17:05 - [TEST_STEP][NOT_RUN] - delay(4): NOT_RUN: delay(4)&#xD;
&#xD;
2019-09-06 10:17:05 - [MESSAGE][NOT_RUN] - NOT_RUN: delay(4)&#xD;
&#xD;
2019-09-06 10:17:05 - [TEST_STEP][PASSED] - waitForElementPresent(findTestObject("Regression BackOffice/CLINK - 28718/Discipline/ChkPrimaryDiscipline"), 100): Object 'Object Repository/Regression BackOffice/CLINK - 28718/Discipline/ChkPrimaryDiscipline' is present&#xD;
&#xD;
2019-09-06 10:17:05 - [MESSAGE][PASSED] - Object 'Object Repository/Regression BackOffice/CLINK - 28718/Discipline/ChkPrimaryDiscipline' is present&#xD;
&#xD;
2019-09-06 10:17:05 - [TEST_STEP][PASSED] - click(findTestObject("Regression BackOffice/CLINK - 28718/Discipline/ChkPrimaryDiscipline")): Object: 'Object Repository/Regression BackOffice/CLINK - 28718/Discipline/ChkPrimaryDiscipline' is clicked on&#xD;
&#xD;
2019-09-06 10:17:05 - [MESSAGE][PASSED] - Object: 'Object Repository/Regression BackOffice/CLINK - 28718/Discipline/ChkPrimaryDiscipline' is clicked on&#xD;
&#xD;
2019-09-06 10:17:05 - [TEST_STEP][PASSED] - delay(2): Delayed 2 second(s)&#xD;
&#xD;
2019-09-06 10:17:07 - [MESSAGE][PASSED] - Delayed 2 second(s)&#xD;
&#xD;
2019-09-06 10:17:07 - [TEST_STEP][PASSED] - waitForElementPresent(findTestObject("Regression BackOffice/CLINK - 28718/Discipline/Add to List Discipline"), 100): Object 'Object Repository/Regression BackOffice/CLINK - 28718/Discipline/Add to List Discipline' is present&#xD;
&#xD;
2019-09-06 10:17:07 - [MESSAGE][PASSED] - Object 'Object Repository/Regression BackOffice/CLINK - 28718/Discipline/Add to List Discipline' is present&#xD;
&#xD;
2019-09-06 10:17:07 - [TEST_STEP][PASSED] - click(findTestObject("Regression BackOffice/CLINK - 28718/Discipline/Add to List Discipline")): Object: 'Object Repository/Regression BackOffice/CLINK - 28718/Discipline/Add to List Discipline' is clicked on&#xD;
&#xD;
2019-09-06 10:17:07 - [MESSAGE][PASSED] - Object: 'Object Repository/Regression BackOffice/CLINK - 28718/Discipline/Add to List Discipline' is clicked on&#xD;
&#xD;
2019-09-06 10:17:07 - [TEST_STEP][PASSED] - delay(2): Delayed 2 second(s)&#xD;
&#xD;
2019-09-06 10:17:09 - [MESSAGE][PASSED] - Delayed 2 second(s)&#xD;
&#xD;
2019-09-06 10:17:09 - [TEST_STEP][PASSED] - acceptAlert(): Alert accepted&#xD;
&#xD;
2019-09-06 10:17:09 - [MESSAGE][PASSED] - Alert accepted&#xD;
&#xD;
2019-09-06 10:17:09 - [TEST_STEP][PASSED] - delay(2): Delayed 2 second(s)&#xD;
&#xD;
2019-09-06 10:17:11 - [MESSAGE][PASSED] - Delayed 2 second(s)&#xD;
&#xD;
2019-09-06 10:17:11 - [TEST_STEP][PASSED] - switchToDefaultContent(): null&#xD;
&#xD;
2019-09-06 10:17:11 - [TEST_STEP][PASSED] - switchToFrame(findTestObject("Regression BackOffice/CLINK - 28718/BannerFrame"), 50): null&#xD;
&#xD;
2019-09-06 10:17:12 - [TEST_STEP][PASSED] - waitForElementPresent(findTestObject("Regression BackOffice/CLINK - 28718/bttnSave"), 50): Object 'Object Repository/Regression BackOffice/CLINK - 28718/bttnSave' is present&#xD;
&#xD;
2019-09-06 10:17:12 - [MESSAGE][PASSED] - Object 'Object Repository/Regression BackOffice/CLINK - 28718/bttnSave' is present&#xD;
&#xD;
2019-09-06 10:17:12 - [TEST_STEP][PASSED] - click(findTestObject("Regression BackOffice/CLINK - 28718/bttnSave")): Object: 'Object Repository/Regression BackOffice/CLINK - 28718/bttnSave' is clicked on&#xD;
&#xD;
2019-09-06 10:17:12 - [MESSAGE][PASSED] - Object: 'Object Repository/Regression BackOffice/CLINK - 28718/bttnSave' is clicked on&#xD;
&#xD;
2019-09-06 10:17:12 - [TEST_STEP][PASSED] - delay(3): Delayed 3 second(s)&#xD;
&#xD;
2019-09-06 10:17:15 - [MESSAGE][PASSED] - Delayed 3 second(s)&#xD;
&#xD;
2019-09-06 10:17:15 - [TEST_STEP][PASSED] - switchToDefaultContent(): null&#xD;
&#xD;
2019-09-06 10:17:15 - [TEST_STEP][PASSED] - switchToFrame(findTestObject("Regression BackOffice/CLNK-23449/FrameMain"), 30): null&#xD;
&#xD;
2019-09-06 10:17:15 - [TEST_STEP][PASSED] - click(findTestObject("Regression BackOffice/CLINK - 28718/Date Of Birth"), CONTINUE_ON_FAILURE): Object: 'Object Repository/Regression BackOffice/CLINK - 28718/Date Of Birth' is clicked on&#xD;
&#xD;
2019-09-06 10:17:16 - [MESSAGE][PASSED] - Object: 'Object Repository/Regression BackOffice/CLINK - 28718/Date Of Birth' is clicked on&#xD;
&#xD;
2019-09-06 10:17:16 - [TEST_STEP][PASSED] - sendKeys(findTestObject("Regression BackOffice/CLINK - 28718/Date Of Birth"), "05/23/1970"): Keys '05/23/1970' sent to object: 'Object Repository/Regression BackOffice/CLINK - 28718/Date Of Birth'&#xD;
&#xD;
2019-09-06 10:17:16 - [MESSAGE][PASSED] - Keys '05/23/1970' sent to object: 'Object Repository/Regression BackOffice/CLINK - 28718/Date Of Birth'&#xD;
&#xD;
2019-09-06 10:17:16 - [TEST_STEP][PASSED] - delay(3): Delayed 3 second(s)&#xD;
&#xD;
2019-09-06 10:17:19 - [MESSAGE][PASSED] - Delayed 3 second(s)&#xD;
&#xD;
2019-09-06 10:17:19 - [TEST_STEP][PASSED] - waitForElementPresent(findTestObject("Regression BackOffice/CLINK - 28718/u_Continue"), 100): Object 'Object Repository/Regression BackOffice/CLINK - 28718/u_Continue' is present&#xD;
&#xD;
2019-09-06 10:17:19 - [MESSAGE][PASSED] - Object 'Object Repository/Regression BackOffice/CLINK - 28718/u_Continue' is present&#xD;
&#xD;
2019-09-06 10:17:19 - [TEST_STEP][PASSED] - click(findTestObject("Regression BackOffice/CLINK - 28718/u_Continue")): Object: 'Object Repository/Regression BackOffice/CLINK - 28718/u_Continue' is clicked on&#xD;
&#xD;
2019-09-06 10:17:22 - [MESSAGE][PASSED] - Object: 'Object Repository/Regression BackOffice/CLINK - 28718/u_Continue' is clicked on&#xD;
&#xD;
2019-09-06 10:17:22 - [TEST_STEP][PASSED] - delay(5): Delayed 5 second(s)&#xD;
&#xD;
2019-09-06 10:17:27 - [MESSAGE][PASSED] - Delayed 5 second(s)&#xD;
&#xD;
2019-09-06 10:17:27 - [TEST_STEP][PASSED] - waitForPageLoad(50): Wait for page load successfully&#xD;
&#xD;
2019-09-06 10:17:27 - [MESSAGE][PASSED] - Wait for page load successfully&#xD;
&#xD;
2019-09-06 10:17:27 - [TEST_STEP][PASSED] - switchToDefaultContent(): null&#xD;
&#xD;
2019-09-06 10:17:27 - [TEST_STEP][PASSED] - switchToFrame(findTestObject("Regression BackOffice/CLNK-23449/FrameLeft"), 30): null&#xD;
&#xD;
2019-09-06 10:17:27 - [TEST_STEP][PASSED] - delay(10): Delayed 10 second(s)&#xD;
&#xD;
2019-09-06 10:17:37 - [MESSAGE][PASSED] - Delayed 10 second(s)&#xD;
&#xD;
2019-09-06 10:17:37 - [TEST_STEP][PASSED] - waitForElementPresent(findTestObject("Regression BackOffice/CLINK - 28718/Race and Sex/Caregiver HR Details"), 100): Object 'Object Repository/Regression BackOffice/CLINK - 28718/Race and Sex/Caregiver HR Details' is present&#xD;
&#xD;
2019-09-06 10:17:37 - [MESSAGE][PASSED] - Object 'Object Repository/Regression BackOffice/CLINK - 28718/Race and Sex/Caregiver HR Details' is present&#xD;
&#xD;
2019-09-06 10:17:37 - [TEST_STEP][PASSED] - click(findTestObject("Regression BackOffice/CLINK - 28718/Race and Sex/Caregiver HR Details")): Object: 'Object Repository/Regression BackOffice/CLINK - 28718/Race and Sex/Caregiver HR Details' is clicked on&#xD;
&#xD;
2019-09-06 10:17:37 - [MESSAGE][PASSED] - Object: 'Object Repository/Regression BackOffice/CLINK - 28718/Race and Sex/Caregiver HR Details' is clicked on&#xD;
&#xD;
2019-09-06 10:17:37 - [TEST_STEP][PASSED] - delay(5): Delayed 5 second(s)&#xD;
&#xD;
2019-09-06 10:17:42 - [MESSAGE][PASSED] - Delayed 5 second(s)&#xD;
&#xD;
2019-09-06 10:17:42 - [TEST_STEP][PASSED] - acceptAlert(): Alert accepted&#xD;
&#xD;
2019-09-06 10:17:42 - [MESSAGE][PASSED] - Alert accepted&#xD;
&#xD;
2019-09-06 10:17:42 - [TEST_STEP][PASSED] - switchToDefaultContent(): null&#xD;
&#xD;
2019-09-06 10:17:43 - [TEST_STEP][PASSED] - switchToFrame(findTestObject("Regression BackOffice/CLNK-23449/FrameMain"), 30): null&#xD;
&#xD;
2019-09-06 10:17:44 - [TEST_STEP][PASSED] - delay(2): Delayed 2 second(s)&#xD;
&#xD;
2019-09-06 10:17:46 - [MESSAGE][PASSED] - Delayed 2 second(s)&#xD;
&#xD;
2019-09-06 10:17:46 - [TEST_STEP][NOT_RUN] - waitForElementPresent(findTestObject("Regression BackOffice/CLINK - 28718/General Information/First Name Caregiver"), 50): NOT_RUN: waitForElementPresent(findTestObject("Regression BackOffice/CLINK - 28718/General Information/First Name Caregiver"), 50)&#xD;
&#xD;
2019-09-06 10:17:46 - [MESSAGE][NOT_RUN] - NOT_RUN: waitForElementPresent(findTestObject("Regression BackOffice/CLINK - 28718/General Information/First Name Caregiver"), 50)&#xD;
&#xD;
2019-09-06 10:17:46 - [TEST_STEP][NOT_RUN] - setText(findTestObject("Regression BackOffice/CLINK - 28718/General Information/First Name Caregiver"), G_CaregiverFirstName): NOT_RUN: setText(findTestObject("Regression BackOffice/CLINK - 28718/General Information/First Name Caregiver"), G_CaregiverFirstName)&#xD;
&#xD;
2019-09-06 10:17:46 - [MESSAGE][NOT_RUN] - NOT_RUN: setText(findTestObject("Regression BackOffice/CLINK - 28718/General Information/First Name Caregiver"), G_CaregiverFirstName)&#xD;
&#xD;
2019-09-06 10:17:46 - [TEST_STEP][NOT_RUN] - delay(4): NOT_RUN: delay(4)&#xD;
&#xD;
2019-09-06 10:17:46 - [MESSAGE][NOT_RUN] - NOT_RUN: delay(4)&#xD;
&#xD;
2019-09-06 10:17:46 - [TEST_STEP][NOT_RUN] - waitForElementPresent(findTestObject("Regression BackOffice/CLINK - 28718/General Information/Last Name Caregiver"), 50): NOT_RUN: waitForElementPresent(findTestObject("Regression BackOffice/CLINK - 28718/General Information/Last Name Caregiver"), 50)&#xD;
&#xD;
2019-09-06 10:17:46 - [MESSAGE][NOT_RUN] - NOT_RUN: waitForElementPresent(findTestObject("Regression BackOffice/CLINK - 28718/General Information/Last Name Caregiver"), 50)&#xD;
&#xD;
2019-09-06 10:17:46 - [TEST_STEP][NOT_RUN] - setText(findTestObject("Regression BackOffice/CLINK - 28718/General Information/Last Name Caregiver"), G_CareGiverLastName): NOT_RUN: setText(findTestObject("Regression BackOffice/CLINK - 28718/General Information/Last Name Caregiver"), G_CareGiverLastName)&#xD;
&#xD;
2019-09-06 10:17:46 - [MESSAGE][NOT_RUN] - NOT_RUN: setText(findTestObject("Regression BackOffice/CLINK - 28718/General Information/Last Name Caregiver"), G_CareGiverLastName)&#xD;
&#xD;
2019-09-06 10:17:46 - [TEST_STEP][NOT_RUN] - delay(2): NOT_RUN: delay(2)&#xD;
&#xD;
2019-09-06 10:17:46 - [MESSAGE][NOT_RUN] - NOT_RUN: delay(2)&#xD;
&#xD;
2019-09-06 10:17:46 - [TEST_STEP][NOT_RUN] - waitForElementPresent(findTestObject("Regression BackOffice/CLINK - 28718/CaregiverBttnSearch"), 100): NOT_RUN: waitForElementPresent(findTestObject("Regression BackOffice/CLINK - 28718/CaregiverBttnSearch"), 100)&#xD;
&#xD;
2019-09-06 10:17:46 - [MESSAGE][NOT_RUN] - NOT_RUN: waitForElementPresent(findTestObject("Regression BackOffice/CLINK - 28718/CaregiverBttnSearch"), 100)&#xD;
&#xD;
2019-09-06 10:17:46 - [TEST_STEP][NOT_RUN] - click(findTestObject("Regression BackOffice/CLINK - 28718/CaregiverBttnSearch")): NOT_RUN: click(findTestObject("Regression BackOffice/CLINK - 28718/CaregiverBttnSearch"))&#xD;
&#xD;
2019-09-06 10:17:46 - [MESSAGE][NOT_RUN] - NOT_RUN: click(findTestObject("Regression BackOffice/CLINK - 28718/CaregiverBttnSearch"))&#xD;
&#xD;
2019-09-06 10:17:46 - [TEST_STEP][NOT_RUN] - delay(5): NOT_RUN: delay(5)&#xD;
&#xD;
2019-09-06 10:17:46 - [MESSAGE][NOT_RUN] - NOT_RUN: delay(5)&#xD;
&#xD;
2019-09-06 10:17:46 - [TEST_STEP][NOT_RUN] - waitForElementPresent(findTestObject("Regression BackOffice/CLINK - 28718/CaregiverLink"), 100): NOT_RUN: waitForElementPresent(findTestObject("Regression BackOffice/CLINK - 28718/CaregiverLink"), 100)&#xD;
&#xD;
2019-09-06 10:17:46 - [MESSAGE][NOT_RUN] - NOT_RUN: waitForElementPresent(findTestObject("Regression BackOffice/CLINK - 28718/CaregiverLink"), 100)&#xD;
&#xD;
2019-09-06 10:17:46 - [TEST_STEP][NOT_RUN] - click(findTestObject("Regression BackOffice/CLINK - 28718/CaregiverLink")): NOT_RUN: click(findTestObject("Regression BackOffice/CLINK - 28718/CaregiverLink"))&#xD;
&#xD;
2019-09-06 10:17:46 - [MESSAGE][NOT_RUN] - NOT_RUN: click(findTestObject("Regression BackOffice/CLINK - 28718/CaregiverLink"))&#xD;
&#xD;
2019-09-06 10:17:46 - [TEST_STEP][NOT_RUN] - delay(5): NOT_RUN: delay(5)&#xD;
&#xD;
2019-09-06 10:17:46 - [MESSAGE][NOT_RUN] - NOT_RUN: delay(5)&#xD;
&#xD;
2019-09-06 10:17:46 - [TEST_STEP][PASSED] - scrollToElement(findTestObject("Regression BackOffice/CLINK - 28718/Race and Sex/ChkSameAddress"), 100): Scroll to object 'Object Repository/Regression BackOffice/CLINK - 28718/Race and Sex/ChkSameAddress' successfully&#xD;
&#xD;
2019-09-06 10:17:46 - [MESSAGE][PASSED] - Scroll to object 'Object Repository/Regression BackOffice/CLINK - 28718/Race and Sex/ChkSameAddress' successfully&#xD;
&#xD;
2019-09-06 10:17:46 - [TEST_STEP][PASSED] - click(findTestObject("Regression BackOffice/CLINK - 28718/Race and Sex/ChkSameAddress")): Object: 'Object Repository/Regression BackOffice/CLINK - 28718/Race and Sex/ChkSameAddress' is clicked on&#xD;
&#xD;
2019-09-06 10:17:46 - [MESSAGE][PASSED] - Object: 'Object Repository/Regression BackOffice/CLINK - 28718/Race and Sex/ChkSameAddress' is clicked on&#xD;
&#xD;
2019-09-06 10:17:46 - [TEST_STEP][PASSED] - delay(5): Delayed 5 second(s)&#xD;
&#xD;
2019-09-06 10:17:51 - [MESSAGE][PASSED] - Delayed 5 second(s)&#xD;
&#xD;
2019-09-06 10:17:51 - [TEST_STEP][PASSED] - click(findTestObject("Regression BackOffice/CLINK - 28718/Race and Sex/RaceType"), CONTINUE_ON_FAILURE): Object: 'Object Repository/Regression BackOffice/CLINK - 28718/Race and Sex/RaceType' is clicked on&#xD;
&#xD;
2019-09-06 10:17:51 - [MESSAGE][PASSED] - Object: 'Object Repository/Regression BackOffice/CLINK - 28718/Race and Sex/RaceType' is clicked on&#xD;
&#xD;
2019-09-06 10:17:51 - [TEST_STEP][PASSED] - sendKeys(findTestObject("Regression BackOffice/CLINK - 28718/Race and Sex/RaceType"), Keys.chord(ARROW_UP, ARROW_UP, ENTER)): Keys 'UP + UP + ENTER + ' sent to object: 'Object Repository/Regression BackOffice/CLINK - 28718/Race and Sex/RaceType'&#xD;
&#xD;
2019-09-06 10:17:51 - [MESSAGE][PASSED] - Keys 'UP + UP + ENTER + ' sent to object: 'Object Repository/Regression BackOffice/CLINK - 28718/Race and Sex/RaceType'&#xD;
&#xD;
2019-09-06 10:17:51 - [TEST_STEP][PASSED] - delay(3): Delayed 3 second(s)&#xD;
&#xD;
2019-09-06 10:17:54 - [MESSAGE][PASSED] - Delayed 3 second(s)&#xD;
&#xD;
2019-09-06 10:17:54 - [TEST_STEP][PASSED] - waitForElementPresent(findTestObject("Regression BackOffice/CLINK - 28718/Race and Sex/SexType"), 50): Object 'Object Repository/Regression BackOffice/CLINK - 28718/Race and Sex/SexType' is present&#xD;
&#xD;
2019-09-06 10:17:54 - [MESSAGE][PASSED] - Object 'Object Repository/Regression BackOffice/CLINK - 28718/Race and Sex/SexType' is present&#xD;
&#xD;
2019-09-06 10:17:54 - [TEST_STEP][PASSED] - click(findTestObject("Regression BackOffice/CLINK - 28718/Race and Sex/SexType"), CONTINUE_ON_FAILURE): Object: 'Object Repository/Regression BackOffice/CLINK - 28718/Race and Sex/SexType' is clicked on&#xD;
&#xD;
2019-09-06 10:17:55 - [MESSAGE][PASSED] - Object: 'Object Repository/Regression BackOffice/CLINK - 28718/Race and Sex/SexType' is clicked on&#xD;
&#xD;
2019-09-06 10:17:55 - [TEST_STEP][PASSED] - delay(3): Delayed 3 second(s)&#xD;
&#xD;
2019-09-06 10:17:58 - [MESSAGE][PASSED] - Delayed 3 second(s)&#xD;
&#xD;
2019-09-06 10:17:58 - [TEST_STEP][PASSED] - click(findTestObject("Regression BackOffice/CLINK - 28718/Race and Sex/Date Of Hire"), CONTINUE_ON_FAILURE): Object: 'Object Repository/Regression BackOffice/CLINK - 28718/Race and Sex/Date Of Hire' is clicked on&#xD;
&#xD;
2019-09-06 10:17:58 - [MESSAGE][PASSED] - Object: 'Object Repository/Regression BackOffice/CLINK - 28718/Race and Sex/Date Of Hire' is clicked on&#xD;
&#xD;
2019-09-06 10:17:58 - [TEST_STEP][PASSED] - sendKeys(findTestObject("Regression BackOffice/CLINK - 28718/Race and Sex/Date Of Hire"), "04/24/2019"): Keys '04/24/2019' sent to object: 'Object Repository/Regression BackOffice/CLINK - 28718/Race and Sex/Date Of Hire'&#xD;
&#xD;
2019-09-06 10:17:58 - [MESSAGE][PASSED] - Keys '04/24/2019' sent to object: 'Object Repository/Regression BackOffice/CLINK - 28718/Race and Sex/Date Of Hire'&#xD;
&#xD;
2019-09-06 10:17:58 - [TEST_STEP][PASSED] - delay(3): Delayed 3 second(s)&#xD;
&#xD;
2019-09-06 10:18:01 - [MESSAGE][PASSED] - Delayed 3 second(s)&#xD;
&#xD;
2019-09-06 10:18:01 - [TEST_STEP][PASSED] - switchToDefaultContent(): null&#xD;
&#xD;
2019-09-06 10:18:01 - [TEST_STEP][PASSED] - switchToFrame(findTestObject("Regression BackOffice/CLINK - 28718/BannerFrame"), 50): null&#xD;
&#xD;
2019-09-06 10:18:01 - [TEST_STEP][PASSED] - waitForElementPresent(findTestObject("Regression BackOffice/CLINK - 28718/bttnSaveII"), 50): Object 'Object Repository/Regression BackOffice/CLINK - 28718/bttnSaveII' is present&#xD;
&#xD;
2019-09-06 10:18:01 - [MESSAGE][PASSED] - Object 'Object Repository/Regression BackOffice/CLINK - 28718/bttnSaveII' is present&#xD;
&#xD;
2019-09-06 10:18:01 - [TEST_STEP][PASSED] - click(findTestObject("Regression BackOffice/CLINK - 28718/bttnSaveII")): Object: 'Object Repository/Regression BackOffice/CLINK - 28718/bttnSaveII' is clicked on&#xD;
&#xD;
2019-09-06 10:18:02 - [MESSAGE][PASSED] - Object: 'Object Repository/Regression BackOffice/CLINK - 28718/bttnSaveII' is clicked on&#xD;
&#xD;
2019-09-06 10:18:02 - [TEST_STEP][PASSED] - delay(3): Delayed 3 second(s)&#xD;
&#xD;
2019-09-06 10:18:05 - [MESSAGE][PASSED] - Delayed 3 second(s)&#xD;
&#xD;
2019-09-06 10:18:05 - [TEST_STEP][PASSED] - switchToDefaultContent(): null&#xD;
&#xD;
2019-09-06 10:18:05 - [TEST_STEP][PASSED] - switchToFrame(findTestObject("Regression BackOffice/CLNK-23449/FrameLeft"), 30): null&#xD;
&#xD;
2019-09-06 10:18:05 - [TEST_STEP][PASSED] - waitForElementPresent(findTestObject("Regression BackOffice/CLINK - 28718/Locations/Caregiver Locations"), 100): Object 'Object Repository/Regression BackOffice/CLINK - 28718/Locations/Caregiver Locations' is present&#xD;
&#xD;
2019-09-06 10:18:05 - [MESSAGE][PASSED] - Object 'Object Repository/Regression BackOffice/CLINK - 28718/Locations/Caregiver Locations' is present&#xD;
&#xD;
2019-09-06 10:18:05 - [TEST_STEP][PASSED] - click(findTestObject("Regression BackOffice/CLINK - 28718/Locations/Caregiver Locations")): Object: 'Object Repository/Regression BackOffice/CLINK - 28718/Locations/Caregiver Locations' is clicked on&#xD;
&#xD;
2019-09-06 10:18:07 - [MESSAGE][PASSED] - Object: 'Object Repository/Regression BackOffice/CLINK - 28718/Locations/Caregiver Locations' is clicked on&#xD;
&#xD;
2019-09-06 10:18:07 - [TEST_STEP][PASSED] - delay(2): Delayed 2 second(s)&#xD;
&#xD;
2019-09-06 10:18:09 - [MESSAGE][PASSED] - Delayed 2 second(s)&#xD;
&#xD;
2019-09-06 10:18:09 - [TEST_STEP][PASSED] - switchToDefaultContent(): null&#xD;
&#xD;
2019-09-06 10:18:09 - [TEST_STEP][PASSED] - switchToFrame(findTestObject("Regression BackOffice/CLNK-23449/FrameMain"), 30): null&#xD;
&#xD;
2019-09-06 10:18:09 - [TEST_STEP][PASSED] - delay(5): Delayed 5 second(s)&#xD;
&#xD;
2019-09-06 10:18:14 - [MESSAGE][PASSED] - Delayed 5 second(s)&#xD;
&#xD;
2019-09-06 10:18:14 - [TEST_STEP][PASSED] - waitForElementPresent(findTestObject("Regression BackOffice/CLINK - 28718/Locations/Add New Caregiver Location"), 100): Object 'Object Repository/Regression BackOffice/CLINK - 28718/Locations/Add New Caregiver Location' is present&#xD;
&#xD;
2019-09-06 10:18:14 - [MESSAGE][PASSED] - Object 'Object Repository/Regression BackOffice/CLINK - 28718/Locations/Add New Caregiver Location' is present&#xD;
&#xD;
2019-09-06 10:18:14 - [TEST_STEP][PASSED] - click(findTestObject("Regression BackOffice/CLINK - 28718/Locations/Add New Caregiver Location")): Object: 'Object Repository/Regression BackOffice/CLINK - 28718/Locations/Add New Caregiver Location' is clicked on&#xD;
&#xD;
2019-09-06 10:18:14 - [MESSAGE][PASSED] - Object: 'Object Repository/Regression BackOffice/CLINK - 28718/Locations/Add New Caregiver Location' is clicked on&#xD;
&#xD;
2019-09-06 10:18:14 - [TEST_STEP][PASSED] - delay(5): Delayed 5 second(s)&#xD;
&#xD;
2019-09-06 10:18:19 - [MESSAGE][PASSED] - Delayed 5 second(s)&#xD;
&#xD;
2019-09-06 10:18:19 - [TEST_STEP][PASSED] - waitForElementPresent(findTestObject("Regression BackOffice/CLINK - 28718/Locations/ZoneNameType"), 100): Object 'Object Repository/Regression BackOffice/CLINK - 28718/Locations/ZoneNameType' is present&#xD;
&#xD;
2019-09-06 10:18:19 - [MESSAGE][PASSED] - Object 'Object Repository/Regression BackOffice/CLINK - 28718/Locations/ZoneNameType' is present&#xD;
&#xD;
2019-09-06 10:18:19 - [TEST_STEP][PASSED] - click(findTestObject("Regression BackOffice/CLINK - 28718/Locations/ZoneNameType")): Object: 'Object Repository/Regression BackOffice/CLINK - 28718/Locations/ZoneNameType' is clicked on&#xD;
&#xD;
2019-09-06 10:18:19 - [MESSAGE][PASSED] - Object: 'Object Repository/Regression BackOffice/CLINK - 28718/Locations/ZoneNameType' is clicked on&#xD;
&#xD;
2019-09-06 10:18:19 - [TEST_STEP][PASSED] - delay(3): Delayed 3 second(s)&#xD;
&#xD;
2019-09-06 10:18:22 - [MESSAGE][PASSED] - Delayed 3 second(s)&#xD;
&#xD;
2019-09-06 10:18:22 - [TEST_STEP][PASSED] - sendKeys(findTestObject("Regression BackOffice/CLINK - 28718/Locations/ZoneNameType"), Keys.chord(ARROW_DOWN, ARROW_DOWN, ENTER)): Keys 'DOWN + DOWN + ENTER + ' sent to object: 'Object Repository/Regression BackOffice/CLINK - 28718/Locations/ZoneNameType'&#xD;
&#xD;
2019-09-06 10:18:23 - [MESSAGE][PASSED] - Keys 'DOWN + DOWN + ENTER + ' sent to object: 'Object Repository/Regression BackOffice/CLINK - 28718/Locations/ZoneNameType'&#xD;
&#xD;
2019-09-06 10:18:23 - [TEST_STEP][PASSED] - delay(5): Delayed 5 second(s)&#xD;
&#xD;
2019-09-06 10:18:28 - [MESSAGE][PASSED] - Delayed 5 second(s)&#xD;
&#xD;
2019-09-06 10:18:28 - [TEST_STEP][PASSED] - waitForElementPresent(findTestObject("Regression BackOffice/CLINK - 28718/Locations/City"), 100): Object 'Object Repository/Regression BackOffice/CLINK - 28718/Locations/City' is present&#xD;
&#xD;
2019-09-06 10:18:28 - [MESSAGE][PASSED] - Object 'Object Repository/Regression BackOffice/CLINK - 28718/Locations/City' is present&#xD;
&#xD;
2019-09-06 10:18:28 - [TEST_STEP][PASSED] - click(findTestObject("Regression BackOffice/CLINK - 28718/Locations/City")): Object: 'Object Repository/Regression BackOffice/CLINK - 28718/Locations/City' is clicked on&#xD;
&#xD;
2019-09-06 10:18:28 - [MESSAGE][PASSED] - Object: 'Object Repository/Regression BackOffice/CLINK - 28718/Locations/City' is clicked on&#xD;
&#xD;
2019-09-06 10:18:28 - [TEST_STEP][PASSED] - delay(5): Delayed 5 second(s)&#xD;
&#xD;
2019-09-06 10:18:33 - [MESSAGE][PASSED] - Delayed 5 second(s)&#xD;
&#xD;
2019-09-06 10:18:33 - [TEST_STEP][PASSED] - waitForElementPresent(findTestObject("Regression BackOffice/CLINK - 28718/Locations/a_Add To List"), 100): Object 'Object Repository/Regression BackOffice/CLINK - 28718/Locations/a_Add To List' is present&#xD;
&#xD;
2019-09-06 10:18:33 - [MESSAGE][PASSED] - Object 'Object Repository/Regression BackOffice/CLINK - 28718/Locations/a_Add To List' is present&#xD;
&#xD;
2019-09-06 10:18:33 - [TEST_STEP][PASSED] - click(findTestObject("Regression BackOffice/CLINK - 28718/Locations/a_Add To List")): Object: 'Object Repository/Regression BackOffice/CLINK - 28718/Locations/a_Add To List' is clicked on&#xD;
&#xD;
2019-09-06 10:18:33 - [MESSAGE][PASSED] - Object: 'Object Repository/Regression BackOffice/CLINK - 28718/Locations/a_Add To List' is clicked on&#xD;
&#xD;
2019-09-06 10:18:33 - [TEST_STEP][PASSED] - delay(5): Delayed 5 second(s)&#xD;
&#xD;
2019-09-06 10:18:38 - [MESSAGE][PASSED] - Delayed 5 second(s)&#xD;
&#xD;
2019-09-06 10:18:38 - [TEST_STEP][PASSED] - switchToDefaultContent(): null&#xD;
&#xD;
2019-09-06 10:18:38 - [TEST_STEP][PASSED] - switchToFrame(findTestObject("Regression BackOffice/CLINK - 28718/BannerFrame"), 50): null&#xD;
&#xD;
2019-09-06 10:18:38 - [TEST_STEP][PASSED] - waitForElementPresent(findTestObject("Regression BackOffice/CLINK - 28718/Locations/_bttnSaveLocations"), 50): Object 'Object Repository/Regression BackOffice/CLINK - 28718/Locations/_bttnSaveLocations' is present&#xD;
&#xD;
2019-09-06 10:18:38 - [MESSAGE][PASSED] - Object 'Object Repository/Regression BackOffice/CLINK - 28718/Locations/_bttnSaveLocations' is present&#xD;
&#xD;
2019-09-06 10:18:38 - [TEST_STEP][PASSED] - click(findTestObject("Regression BackOffice/CLINK - 28718/Locations/_bttnSaveLocations")): Object: 'Object Repository/Regression BackOffice/CLINK - 28718/Locations/_bttnSaveLocations' is clicked on&#xD;
&#xD;
2019-09-06 10:18:39 - [MESSAGE][PASSED] - Object: 'Object Repository/Regression BackOffice/CLINK - 28718/Locations/_bttnSaveLocations' is clicked on&#xD;
&#xD;
2019-09-06 10:18:39 - [TEST_STEP][PASSED] - delay(3): Delayed 3 second(s)&#xD;
&#xD;
2019-09-06 10:18:42 - [MESSAGE][PASSED] - Delayed 3 second(s)&#xD;
&#xD;
2019-09-06 10:18:42 - [TEST_STEP][PASSED] - switchToDefaultContent(): null&#xD;
&#xD;
2019-09-06 10:18:42 - [TEST_STEP][PASSED] - switchToFrame(findTestObject("Regression BackOffice/CLNK-23449/FrameLeft"), 30): null&#xD;
&#xD;
2019-09-06 10:18:42 - [TEST_STEP][PASSED] - waitForElementPresent(findTestObject("Regression BackOffice/CLINK - 28718/License/Caregiver Attributes"), 100): Object 'Object Repository/Regression BackOffice/CLINK - 28718/License/Caregiver Attributes' is present&#xD;
&#xD;
2019-09-06 10:18:42 - [MESSAGE][PASSED] - Object 'Object Repository/Regression BackOffice/CLINK - 28718/License/Caregiver Attributes' is present&#xD;
&#xD;
2019-09-06 10:18:42 - [TEST_STEP][PASSED] - click(findTestObject("Regression BackOffice/CLINK - 28718/License/Caregiver Attributes")): Object: 'Object Repository/Regression BackOffice/CLINK - 28718/License/Caregiver Attributes' is clicked on&#xD;
&#xD;
2019-09-06 10:18:44 - [MESSAGE][PASSED] - Object: 'Object Repository/Regression BackOffice/CLINK - 28718/License/Caregiver Attributes' is clicked on&#xD;
&#xD;
2019-09-06 10:18:44 - [TEST_STEP][PASSED] - delay(2): Delayed 2 second(s)&#xD;
&#xD;
2019-09-06 10:18:46 - [MESSAGE][PASSED] - Delayed 2 second(s)&#xD;
&#xD;
2019-09-06 10:18:46 - [TEST_STEP][PASSED] - switchToDefaultContent(): null&#xD;
&#xD;
2019-09-06 10:18:46 - [TEST_STEP][PASSED] - switchToFrame(findTestObject("Regression BackOffice/CLNK-23449/FrameMain"), 30): null&#xD;
&#xD;
2019-09-06 10:18:46 - [TEST_STEP][PASSED] - delay(5): Delayed 5 second(s)&#xD;
&#xD;
2019-09-06 10:18:51 - [MESSAGE][PASSED] - Delayed 5 second(s)&#xD;
&#xD;
2019-09-06 10:18:51 - [TEST_STEP][PASSED] - waitForElementPresent(findTestObject("Regression BackOffice/CLINK - 28718/License/EditAttrbiute"), 100): Object 'Object Repository/Regression BackOffice/CLINK - 28718/License/EditAttrbiute' is present&#xD;
&#xD;
2019-09-06 10:18:51 - [MESSAGE][PASSED] - Object 'Object Repository/Regression BackOffice/CLINK - 28718/License/EditAttrbiute' is present&#xD;
&#xD;
2019-09-06 10:18:51 - [TEST_STEP][PASSED] - click(findTestObject("Regression BackOffice/CLINK - 28718/License/EditAttrbiute")): Object: 'Object Repository/Regression BackOffice/CLINK - 28718/License/EditAttrbiute' is clicked on&#xD;
&#xD;
2019-09-06 10:18:51 - [MESSAGE][PASSED] - Object: 'Object Repository/Regression BackOffice/CLINK - 28718/License/EditAttrbiute' is clicked on&#xD;
&#xD;
2019-09-06 10:18:51 - [TEST_STEP][PASSED] - delay(5): Delayed 5 second(s)&#xD;
&#xD;
2019-09-06 10:18:56 - [MESSAGE][PASSED] - Delayed 5 second(s)&#xD;
&#xD;
2019-09-06 10:18:56 - [TEST_STEP][PASSED] - click(findTestObject("Regression BackOffice/CLINK - 28718/Attributes/Hoyer Lift/CertificationType"), CONTINUE_ON_FAILURE): Object: 'Object Repository/Regression BackOffice/CLINK - 28718/Attributes/Hoyer Lift/CertificationType' is clicked on&#xD;
&#xD;
2019-09-06 10:18:56 - [MESSAGE][PASSED] - Object: 'Object Repository/Regression BackOffice/CLINK - 28718/Attributes/Hoyer Lift/CertificationType' is clicked on&#xD;
&#xD;
2019-09-06 10:18:56 - [TEST_STEP][PASSED] - sendKeys(findTestObject("Regression BackOffice/CLINK - 28718/Attributes/Hoyer Lift/CertificationType"), "Type"): Keys 'Type' sent to object: 'Object Repository/Regression BackOffice/CLINK - 28718/Attributes/Hoyer Lift/CertificationType'&#xD;
&#xD;
2019-09-06 10:18:56 - [MESSAGE][PASSED] - Keys 'Type' sent to object: 'Object Repository/Regression BackOffice/CLINK - 28718/Attributes/Hoyer Lift/CertificationType'&#xD;
&#xD;
2019-09-06 10:18:56 - [TEST_STEP][PASSED] - delay(3): Delayed 3 second(s)&#xD;
&#xD;
2019-09-06 10:18:59 - [MESSAGE][PASSED] - Delayed 3 second(s)&#xD;
&#xD;
2019-09-06 10:18:59 - [TEST_STEP][PASSED] - click(findTestObject("Regression BackOffice/CLINK - 28718/Attributes/Hoyer Lift/CertificateProfessional"), CONTINUE_ON_FAILURE): Object: 'Object Repository/Regression BackOffice/CLINK - 28718/Attributes/Hoyer Lift/CertificateProfessional' is clicked on&#xD;
&#xD;
2019-09-06 10:19:00 - [MESSAGE][PASSED] - Object: 'Object Repository/Regression BackOffice/CLINK - 28718/Attributes/Hoyer Lift/CertificateProfessional' is clicked on&#xD;
&#xD;
2019-09-06 10:19:00 - [TEST_STEP][PASSED] - sendKeys(findTestObject("Regression BackOffice/CLINK - 28718/Attributes/Hoyer Lift/CertificateProfessional"), "Profesional"): Keys 'Profesional' sent to object: 'Object Repository/Regression BackOffice/CLINK - 28718/Attributes/Hoyer Lift/CertificateProfessional'&#xD;
&#xD;
2019-09-06 10:19:00 - [MESSAGE][PASSED] - Keys 'Profesional' sent to object: 'Object Repository/Regression BackOffice/CLINK - 28718/Attributes/Hoyer Lift/CertificateProfessional'&#xD;
&#xD;
2019-09-06 10:19:00 - [TEST_STEP][PASSED] - delay(3): Delayed 3 second(s)&#xD;
&#xD;
2019-09-06 10:19:03 - [MESSAGE][PASSED] - Delayed 3 second(s)&#xD;
&#xD;
2019-09-06 10:19:03 - [TEST_STEP][PASSED] - click(findTestObject("Regression BackOffice/CLINK - 28718/Attributes/Hoyer Lift/CertificateOrganization"), CONTINUE_ON_FAILURE): Object: 'Object Repository/Regression BackOffice/CLINK - 28718/Attributes/Hoyer Lift/CertificateOrganization' is clicked on&#xD;
&#xD;
2019-09-06 10:19:03 - [MESSAGE][PASSED] - Object: 'Object Repository/Regression BackOffice/CLINK - 28718/Attributes/Hoyer Lift/CertificateOrganization' is clicked on&#xD;
&#xD;
2019-09-06 10:19:03 - [TEST_STEP][PASSED] - sendKeys(findTestObject("Regression BackOffice/CLINK - 28718/Attributes/Hoyer Lift/CertificateOrganization"), "Organization"): Keys 'Organization' sent to object: 'Object Repository/Regression BackOffice/CLINK - 28718/Attributes/Hoyer Lift/CertificateOrganization'&#xD;
&#xD;
2019-09-06 10:19:03 - [MESSAGE][PASSED] - Keys 'Organization' sent to object: 'Object Repository/Regression BackOffice/CLINK - 28718/Attributes/Hoyer Lift/CertificateOrganization'&#xD;
&#xD;
2019-09-06 10:19:03 - [TEST_STEP][PASSED] - delay(3): Delayed 3 second(s)&#xD;
&#xD;
2019-09-06 10:19:06 - [MESSAGE][PASSED] - Delayed 3 second(s)&#xD;
&#xD;
2019-09-06 10:19:06 - [TEST_STEP][NOT_RUN] - click(findTestObject("Regression BackOffice/CLINK - 28718/License/License Expiration Date")): NOT_RUN: click(findTestObject("Regression BackOffice/CLINK - 28718/License/License Expiration Date"))&#xD;
&#xD;
2019-09-06 10:19:06 - [MESSAGE][NOT_RUN] - NOT_RUN: click(findTestObject("Regression BackOffice/CLINK - 28718/License/License Expiration Date"))&#xD;
&#xD;
2019-09-06 10:19:06 - [TEST_STEP][NOT_RUN] - sendKeys(findTestObject("Regression BackOffice/CLINK - 28718/License/License Expiration Date"), getDate.DateUtilities.getDateMonthDayYearNumberwithSlash()): NOT_RUN: sendKeys(findTestObject("Regression BackOffice/CLINK - 28718/License/License Expiration Date"), getDate.DateUtilities.getDateMonthDayYearNumberwithSlash())&#xD;
&#xD;
2019-09-06 10:19:06 - [MESSAGE][NOT_RUN] - NOT_RUN: sendKeys(findTestObject("Regression BackOffice/CLINK - 28718/License/License Expiration Date"), getDate.DateUtilities.getDateMonthDayYearNumberwithSlash())&#xD;
&#xD;
2019-09-06 10:19:06 - [TEST_STEP][NOT_RUN] - delay(3): NOT_RUN: delay(3)&#xD;
&#xD;
2019-09-06 10:19:06 - [MESSAGE][NOT_RUN] - NOT_RUN: delay(3)&#xD;
&#xD;
2019-09-06 10:19:06 - [TEST_STEP][NOT_RUN] - click(findTestObject("Regression BackOffice/CLINK - 28718/License/License Renewal Date")): NOT_RUN: click(findTestObject("Regression BackOffice/CLINK - 28718/License/License Renewal Date"))&#xD;
&#xD;
2019-09-06 10:19:06 - [MESSAGE][NOT_RUN] - NOT_RUN: click(findTestObject("Regression BackOffice/CLINK - 28718/License/License Renewal Date"))&#xD;
&#xD;
2019-09-06 10:19:06 - [TEST_STEP][NOT_RUN] - sendKeys(findTestObject("Regression BackOffice/CLINK - 28718/License/License Renewal Date"), getDate.DateUtilities.getDateMonthDayYearNumberwithSlash()): NOT_RUN: sendKeys(findTestObject("Regression BackOffice/CLINK - 28718/License/License Renewal Date"), getDate.DateUtilities.getDateMonthDayYearNumberwithSlash())&#xD;
&#xD;
2019-09-06 10:19:06 - [MESSAGE][NOT_RUN] - NOT_RUN: sendKeys(findTestObject("Regression BackOffice/CLINK - 28718/License/License Renewal Date"), getDate.DateUtilities.getDateMonthDayYearNumberwithSlash())&#xD;
&#xD;
2019-09-06 10:19:06 - [TEST_STEP][NOT_RUN] - delay(3): NOT_RUN: delay(3)&#xD;
&#xD;
2019-09-06 10:19:06 - [MESSAGE][NOT_RUN] - NOT_RUN: delay(3)&#xD;
&#xD;
2019-09-06 10:19:06 - [TEST_STEP][PASSED] - waitForElementPresent(findTestObject("Regression BackOffice/CLINK - 28718/Attributes/Hoyer Lift/CertificateIssuedDate"), 50): Object 'Object Repository/Regression BackOffice/CLINK - 28718/Attributes/Hoyer Lift/CertificateIssuedDate' is present&#xD;
&#xD;
2019-09-06 10:19:06 - [MESSAGE][PASSED] - Object 'Object Repository/Regression BackOffice/CLINK - 28718/Attributes/Hoyer Lift/CertificateIssuedDate' is present&#xD;
&#xD;
2019-09-06 10:19:06 - [TEST_STEP][PASSED] - click(findTestObject("Regression BackOffice/CLINK - 28718/Attributes/Hoyer Lift/CertificateIssuedDate"), CONTINUE_ON_FAILURE): Object: 'Object Repository/Regression BackOffice/CLINK - 28718/Attributes/Hoyer Lift/CertificateIssuedDate' is clicked on&#xD;
&#xD;
2019-09-06 10:19:06 - [MESSAGE][PASSED] - Object: 'Object Repository/Regression BackOffice/CLINK - 28718/Attributes/Hoyer Lift/CertificateIssuedDate' is clicked on&#xD;
&#xD;
2019-09-06 10:19:06 - [TEST_STEP][PASSED] - sendKeys(findTestObject("Regression BackOffice/CLINK - 28718/Attributes/Hoyer Lift/CertificateIssuedDate"), getDate.DateUtilities.getDateMonthDayYearNumberwithSlash()): Keys '09/06/2019' sent to object: 'Object Repository/Regression BackOffice/CLINK - 28718/Attributes/Hoyer Lift/CertificateIssuedDate'&#xD;
&#xD;
2019-09-06 10:19:06 - [MESSAGE][PASSED] - getDate.DateUtilities.getDateMonthDayYearNumberwithSlash is PASSED&#xD;
&#xD;
2019-09-06 10:19:07 - [MESSAGE][PASSED] - Keys '09/06/2019' sent to object: 'Object Repository/Regression BackOffice/CLINK - 28718/Attributes/Hoyer Lift/CertificateIssuedDate'&#xD;
&#xD;
2019-09-06 10:19:07 - [TEST_STEP][PASSED] - delay(2): Delayed 2 second(s)&#xD;
&#xD;
2019-09-06 10:19:09 - [MESSAGE][PASSED] - Delayed 2 second(s)&#xD;
&#xD;
2019-09-06 10:19:09 - [TEST_STEP][PASSED] - waitForElementPresent(findTestObject("Regression BackOffice/CLINK - 28718/Attributes/Hoyer Lift/CertificateExpirationDate"), 50): Object 'Object Repository/Regression BackOffice/CLINK - 28718/Attributes/Hoyer Lift/CertificateExpirationDate' is present&#xD;
&#xD;
2019-09-06 10:19:09 - [MESSAGE][PASSED] - Object 'Object Repository/Regression BackOffice/CLINK - 28718/Attributes/Hoyer Lift/CertificateExpirationDate' is present&#xD;
&#xD;
2019-09-06 10:19:09 - [TEST_STEP][PASSED] - click(findTestObject("Regression BackOffice/CLINK - 28718/Attributes/Hoyer Lift/CertificateExpirationDate"), CONTINUE_ON_FAILURE): Object: 'Object Repository/Regression BackOffice/CLINK - 28718/Attributes/Hoyer Lift/CertificateExpirationDate' is clicked on&#xD;
&#xD;
2019-09-06 10:19:09 - [MESSAGE][PASSED] - Object: 'Object Repository/Regression BackOffice/CLINK - 28718/Attributes/Hoyer Lift/CertificateExpirationDate' is clicked on&#xD;
&#xD;
2019-09-06 10:19:09 - [TEST_STEP][PASSED] - sendKeys(findTestObject("Regression BackOffice/CLINK - 28718/Attributes/Hoyer Lift/CertificateExpirationDate"), "12/05/2019"): Keys '12/05/2019' sent to object: 'Object Repository/Regression BackOffice/CLINK - 28718/Attributes/Hoyer Lift/CertificateExpirationDate'&#xD;
&#xD;
2019-09-06 10:19:09 - [MESSAGE][PASSED] - Keys '12/05/2019' sent to object: 'Object Repository/Regression BackOffice/CLINK - 28718/Attributes/Hoyer Lift/CertificateExpirationDate'&#xD;
&#xD;
2019-09-06 10:19:09 - [TEST_STEP][PASSED] - delay(2): Delayed 2 second(s)&#xD;
&#xD;
2019-09-06 10:19:11 - [MESSAGE][PASSED] - Delayed 2 second(s)&#xD;
&#xD;
2019-09-06 10:19:11 - [TEST_STEP][NOT_RUN] - waitForElementPresent(findTestObject("Regression BackOffice/CLINK - 28718/Attributes/Hoyer Lift/CertificateCheckedDate"), 50): NOT_RUN: waitForElementPresent(findTestObject("Regression BackOffice/CLINK - 28718/Attributes/Hoyer Lift/CertificateCheckedDate"), 50)&#xD;
&#xD;
2019-09-06 10:19:11 - [MESSAGE][NOT_RUN] - NOT_RUN: waitForElementPresent(findTestObject("Regression BackOffice/CLINK - 28718/Attributes/Hoyer Lift/CertificateCheckedDate"), 50)&#xD;
&#xD;
2019-09-06 10:19:11 - [TEST_STEP][NOT_RUN] - click(findTestObject("Regression BackOffice/CLINK - 28718/Attributes/Hoyer Lift/CertificateIssuedDate"), CONTINUE_ON_FAILURE): NOT_RUN: click(findTestObject("Regression BackOffice/CLINK - 28718/Attributes/Hoyer Lift/CertificateIssuedDate"), CONTINUE_ON_FAILURE)&#xD;
&#xD;
2019-09-06 10:19:11 - [MESSAGE][NOT_RUN] - NOT_RUN: click(findTestObject("Regression BackOffice/CLINK - 28718/Attributes/Hoyer Lift/CertificateIssuedDate"), CONTINUE_ON_FAILURE)&#xD;
&#xD;
2019-09-06 10:19:11 - [TEST_STEP][NOT_RUN] - sendKeys(findTestObject("Regression BackOffice/CLINK - 28718/Attributes/Hoyer Lift/CertificateIssuedDate"), getDate.DateUtilities.getDateMonthDayYearNumberwithSlash()): NOT_RUN: sendKeys(findTestObject("Regression BackOffice/CLINK - 28718/Attributes/Hoyer Lift/CertificateIssuedDate"), getDate.DateUtilities.getDateMonthDayYearNumberwithSlash())&#xD;
&#xD;
2019-09-06 10:19:11 - [MESSAGE][NOT_RUN] - NOT_RUN: sendKeys(findTestObject("Regression BackOffice/CLINK - 28718/Attributes/Hoyer Lift/CertificateIssuedDate"), getDate.DateUtilities.getDateMonthDayYearNumberwithSlash())&#xD;
&#xD;
2019-09-06 10:19:11 - [TEST_STEP][NOT_RUN] - delay(2): NOT_RUN: delay(2)&#xD;
&#xD;
2019-09-06 10:19:11 - [MESSAGE][NOT_RUN] - NOT_RUN: delay(2)&#xD;
&#xD;
2019-09-06 10:19:11 - [TEST_STEP][PASSED] - waitForElementPresent(findTestObject("Regression BackOffice/CLINK - 28718/Attributes/Hoyer Lift/CertificateCheckedBy"), 50): Object 'Object Repository/Regression BackOffice/CLINK - 28718/Attributes/Hoyer Lift/CertificateCheckedBy' is present&#xD;
&#xD;
2019-09-06 10:19:11 - [MESSAGE][PASSED] - Object 'Object Repository/Regression BackOffice/CLINK - 28718/Attributes/Hoyer Lift/CertificateCheckedBy' is present&#xD;
&#xD;
2019-09-06 10:19:11 - [TEST_STEP][PASSED] - click(findTestObject("Regression BackOffice/CLINK - 28718/Attributes/Hoyer Lift/CertificateCheckedBy"), CONTINUE_ON_FAILURE): Object: 'Object Repository/Regression BackOffice/CLINK - 28718/Attributes/Hoyer Lift/CertificateCheckedBy' is clicked on&#xD;
&#xD;
2019-09-06 10:19:11 - [MESSAGE][PASSED] - Object: 'Object Repository/Regression BackOffice/CLINK - 28718/Attributes/Hoyer Lift/CertificateCheckedBy' is clicked on&#xD;
&#xD;
2019-09-06 10:19:11 - [TEST_STEP][PASSED] - sendKeys(findTestObject("Regression BackOffice/CLINK - 28718/Attributes/Hoyer Lift/CertificateCheckedBy"), "Isaac"): Keys 'Isaac' sent to object: 'Object Repository/Regression BackOffice/CLINK - 28718/Attributes/Hoyer Lift/CertificateCheckedBy'&#xD;
&#xD;
2019-09-06 10:19:11 - [MESSAGE][PASSED] - Keys 'Isaac' sent to object: 'Object Repository/Regression BackOffice/CLINK - 28718/Attributes/Hoyer Lift/CertificateCheckedBy'&#xD;
&#xD;
2019-09-06 10:19:11 - [TEST_STEP][PASSED] - delay(2): Delayed 2 second(s)&#xD;
&#xD;
2019-09-06 10:19:13 - [MESSAGE][PASSED] - Delayed 2 second(s)&#xD;
&#xD;
2019-09-06 10:19:13 - [TEST_STEP][PASSED] - waitForElementPresent(findTestObject("Regression BackOffice/CLINK - 28718/Attributes/Hoyer Lift/CertificateCheckedDate"), 50): Object 'Object Repository/Regression BackOffice/CLINK - 28718/Attributes/Hoyer Lift/CertificateCheckedDate' is present&#xD;
&#xD;
2019-09-06 10:19:14 - [MESSAGE][PASSED] - Object 'Object Repository/Regression BackOffice/CLINK - 28718/Attributes/Hoyer Lift/CertificateCheckedDate' is present&#xD;
&#xD;
2019-09-06 10:19:14 - [TEST_STEP][PASSED] - click(findTestObject("Regression BackOffice/CLINK - 28718/Attributes/Hoyer Lift/CertificateCheckedDate"), CONTINUE_ON_FAILURE): Object: 'Object Repository/Regression BackOffice/CLINK - 28718/Attributes/Hoyer Lift/CertificateCheckedDate' is clicked on&#xD;
&#xD;
2019-09-06 10:19:14 - [MESSAGE][PASSED] - Object: 'Object Repository/Regression BackOffice/CLINK - 28718/Attributes/Hoyer Lift/CertificateCheckedDate' is clicked on&#xD;
&#xD;
2019-09-06 10:19:14 - [TEST_STEP][PASSED] - sendKeys(findTestObject("Regression BackOffice/CLINK - 28718/Attributes/Hoyer Lift/CertificateCheckedDate"), getDate.DateUtilities.getDateMonthDayYearNumberwithSlash()): Keys '09/06/2019' sent to object: 'Object Repository/Regression BackOffice/CLINK - 28718/Attributes/Hoyer Lift/CertificateCheckedDate'&#xD;
&#xD;
2019-09-06 10:19:14 - [MESSAGE][PASSED] - getDate.DateUtilities.getDateMonthDayYearNumberwithSlash is PASSED&#xD;
&#xD;
2019-09-06 10:19:14 - [MESSAGE][PASSED] - Keys '09/06/2019' sent to object: 'Object Repository/Regression BackOffice/CLINK - 28718/Attributes/Hoyer Lift/CertificateCheckedDate'&#xD;
&#xD;
2019-09-06 10:19:14 - [TEST_STEP][PASSED] - delay(2): Delayed 2 second(s)&#xD;
&#xD;
2019-09-06 10:19:16 - [MESSAGE][PASSED] - Delayed 2 second(s)&#xD;
&#xD;
2019-09-06 10:19:16 - [TEST_STEP][PASSED] - waitForElementPresent(findTestObject("Regression BackOffice/CLINK - 28718/Attributes/Hoyer Lift/a_Add To List"), 50): Object 'Object Repository/Regression BackOffice/CLINK - 28718/Attributes/Hoyer Lift/a_Add To List' is present&#xD;
&#xD;
2019-09-06 10:19:16 - [MESSAGE][PASSED] - Object 'Object Repository/Regression BackOffice/CLINK - 28718/Attributes/Hoyer Lift/a_Add To List' is present&#xD;
&#xD;
2019-09-06 10:19:16 - [TEST_STEP][PASSED] - click(findTestObject("Regression BackOffice/CLINK - 28718/Attributes/Hoyer Lift/a_Add To List"), CONTINUE_ON_FAILURE): Object: 'Object Repository/Regression BackOffice/CLINK - 28718/Attributes/Hoyer Lift/a_Add To List' is clicked on&#xD;
&#xD;
2019-09-06 10:19:16 - [MESSAGE][PASSED] - Object: 'Object Repository/Regression BackOffice/CLINK - 28718/Attributes/Hoyer Lift/a_Add To List' is clicked on&#xD;
&#xD;
2019-09-06 10:19:16 - [TEST_STEP][PASSED] - delay(2): Delayed 2 second(s)&#xD;
&#xD;
2019-09-06 10:19:18 - [MESSAGE][PASSED] - Delayed 2 second(s)&#xD;
&#xD;
2019-09-06 10:19:18 - [TEST_STEP][PASSED] - waitForElementPresent(findTestObject("Regression BackOffice/CLINK - 28718/Attributes/HIPAA/HIPPA Signal"), 100): Object 'Object Repository/Regression BackOffice/CLINK - 28718/Attributes/HIPAA/HIPPA Signal' is present&#xD;
&#xD;
2019-09-06 10:19:18 - [MESSAGE][PASSED] - Object 'Object Repository/Regression BackOffice/CLINK - 28718/Attributes/HIPAA/HIPPA Signal' is present&#xD;
&#xD;
2019-09-06 10:19:18 - [TEST_STEP][PASSED] - click(findTestObject("Regression BackOffice/CLINK - 28718/Attributes/HIPAA/HIPPA Signal")): Object: 'Object Repository/Regression BackOffice/CLINK - 28718/Attributes/HIPAA/HIPPA Signal' is clicked on&#xD;
&#xD;
2019-09-06 10:19:18 - [MESSAGE][PASSED] - Object: 'Object Repository/Regression BackOffice/CLINK - 28718/Attributes/HIPAA/HIPPA Signal' is clicked on&#xD;
&#xD;
2019-09-06 10:19:18 - [TEST_STEP][PASSED] - delay(5): Delayed 5 second(s)&#xD;
&#xD;
2019-09-06 10:19:23 - [MESSAGE][PASSED] - Delayed 5 second(s)&#xD;
&#xD;
2019-09-06 10:19:23 - [TEST_STEP][PASSED] - waitForElementPresent(findTestObject("Regression BackOffice/CLINK - 28718/Attributes/HIPAA/Remarks"), 50): Object 'Object Repository/Regression BackOffice/CLINK - 28718/Attributes/HIPAA/Remarks' is present&#xD;
&#xD;
2019-09-06 10:19:24 - [MESSAGE][PASSED] - Object 'Object Repository/Regression BackOffice/CLINK - 28718/Attributes/HIPAA/Remarks' is present&#xD;
&#xD;
2019-09-06 10:19:24 - [TEST_STEP][PASSED] - click(findTestObject("Regression BackOffice/CLINK - 28718/Attributes/HIPAA/Remarks"), CONTINUE_ON_FAILURE): Object: 'Object Repository/Regression BackOffice/CLINK - 28718/Attributes/HIPAA/Remarks' is clicked on&#xD;
&#xD;
2019-09-06 10:19:24 - [MESSAGE][PASSED] - Object: 'Object Repository/Regression BackOffice/CLINK - 28718/Attributes/HIPAA/Remarks' is clicked on&#xD;
&#xD;
2019-09-06 10:19:24 - [TEST_STEP][PASSED] - sendKeys(findTestObject("Regression BackOffice/CLINK - 28718/Attributes/HIPAA/Remarks"), "Remark"): Keys 'Remark' sent to object: 'Object Repository/Regression BackOffice/CLINK - 28718/Attributes/HIPAA/Remarks'&#xD;
&#xD;
2019-09-06 10:19:24 - [MESSAGE][PASSED] - Keys 'Remark' sent to object: 'Object Repository/Regression BackOffice/CLINK - 28718/Attributes/HIPAA/Remarks'&#xD;
&#xD;
2019-09-06 10:19:24 - [TEST_STEP][PASSED] - delay(2): Delayed 2 second(s)&#xD;
&#xD;
2019-09-06 10:19:26 - [MESSAGE][PASSED] - Delayed 2 second(s)&#xD;
&#xD;
2019-09-06 10:19:26 - [TEST_STEP][PASSED] - waitForElementPresent(findTestObject("Regression BackOffice/CLINK - 28718/Attributes/HIPAA/CheckedBy"), 50): Object 'Object Repository/Regression BackOffice/CLINK - 28718/Attributes/HIPAA/CheckedBy' is present&#xD;
&#xD;
2019-09-06 10:19:26 - [MESSAGE][PASSED] - Object 'Object Repository/Regression BackOffice/CLINK - 28718/Attributes/HIPAA/CheckedBy' is present&#xD;
&#xD;
2019-09-06 10:19:26 - [TEST_STEP][PASSED] - click(findTestObject("Regression BackOffice/CLINK - 28718/Attributes/HIPAA/CheckedBy"), CONTINUE_ON_FAILURE): Object: 'Object Repository/Regression BackOffice/CLINK - 28718/Attributes/HIPAA/CheckedBy' is clicked on&#xD;
&#xD;
2019-09-06 10:19:26 - [MESSAGE][PASSED] - Object: 'Object Repository/Regression BackOffice/CLINK - 28718/Attributes/HIPAA/CheckedBy' is clicked on&#xD;
&#xD;
2019-09-06 10:19:26 - [TEST_STEP][PASSED] - sendKeys(findTestObject("Regression BackOffice/CLINK - 28718/Attributes/HIPAA/CheckedBy"), "Isaac"): Keys 'Isaac' sent to object: 'Object Repository/Regression BackOffice/CLINK - 28718/Attributes/HIPAA/CheckedBy'&#xD;
&#xD;
2019-09-06 10:19:26 - [MESSAGE][PASSED] - Keys 'Isaac' sent to object: 'Object Repository/Regression BackOffice/CLINK - 28718/Attributes/HIPAA/CheckedBy'&#xD;
&#xD;
2019-09-06 10:19:26 - [TEST_STEP][PASSED] - delay(2): Delayed 2 second(s)&#xD;
&#xD;
2019-09-06 10:19:28 - [MESSAGE][PASSED] - Delayed 2 second(s)&#xD;
&#xD;
2019-09-06 10:19:28 - [TEST_STEP][PASSED] - waitForElementPresent(findTestObject("Regression BackOffice/CLINK - 28718/Attributes/HIPAA/CheckedDate"), 50): Object 'Object Repository/Regression BackOffice/CLINK - 28718/Attributes/HIPAA/CheckedDate' is present&#xD;
&#xD;
2019-09-06 10:19:28 - [MESSAGE][PASSED] - Object 'Object Repository/Regression BackOffice/CLINK - 28718/Attributes/HIPAA/CheckedDate' is present&#xD;
&#xD;
2019-09-06 10:19:28 - [TEST_STEP][PASSED] - click(findTestObject("Regression BackOffice/CLINK - 28718/Attributes/HIPAA/CheckedDate"), CONTINUE_ON_FAILURE): Object: 'Object Repository/Regression BackOffice/CLINK - 28718/Attributes/HIPAA/CheckedDate' is clicked on&#xD;
&#xD;
2019-09-06 10:19:29 - [MESSAGE][PASSED] - Object: 'Object Repository/Regression BackOffice/CLINK - 28718/Attributes/HIPAA/CheckedDate' is clicked on&#xD;
&#xD;
2019-09-06 10:19:29 - [TEST_STEP][PASSED] - sendKeys(findTestObject("Regression BackOffice/CLINK - 28718/Attributes/HIPAA/CheckedDate"), getDate.DateUtilities.getDateMonthDayYearNumberwithSlash()): Keys '09/06/2019' sent to object: 'Object Repository/Regression BackOffice/CLINK - 28718/Attributes/HIPAA/CheckedDate'&#xD;
&#xD;
2019-09-06 10:19:29 - [MESSAGE][PASSED] - getDate.DateUtilities.getDateMonthDayYearNumberwithSlash is PASSED&#xD;
&#xD;
2019-09-06 10:19:29 - [MESSAGE][PASSED] - Keys '09/06/2019' sent to object: 'Object Repository/Regression BackOffice/CLINK - 28718/Attributes/HIPAA/CheckedDate'&#xD;
&#xD;
2019-09-06 10:19:29 - [TEST_STEP][PASSED] - delay(2): Delayed 2 second(s)&#xD;
&#xD;
2019-09-06 10:19:31 - [MESSAGE][PASSED] - Delayed 2 second(s)&#xD;
&#xD;
2019-09-06 10:19:31 - [TEST_STEP][PASSED] - waitForElementPresent(findTestObject("Regression BackOffice/CLINK - 28718/Attributes/HIPAA/a_Add To List"), 50): Object 'Object Repository/Regression BackOffice/CLINK - 28718/Attributes/HIPAA/a_Add To List' is present&#xD;
&#xD;
2019-09-06 10:19:31 - [MESSAGE][PASSED] - Object 'Object Repository/Regression BackOffice/CLINK - 28718/Attributes/HIPAA/a_Add To List' is present&#xD;
&#xD;
2019-09-06 10:19:31 - [TEST_STEP][PASSED] - click(findTestObject("Regression BackOffice/CLINK - 28718/Attributes/HIPAA/a_Add To List"), CONTINUE_ON_FAILURE): Object: 'Object Repository/Regression BackOffice/CLINK - 28718/Attributes/HIPAA/a_Add To List' is clicked on&#xD;
&#xD;
2019-09-06 10:19:31 - [MESSAGE][PASSED] - Object: 'Object Repository/Regression BackOffice/CLINK - 28718/Attributes/HIPAA/a_Add To List' is clicked on&#xD;
&#xD;
2019-09-06 10:19:31 - [TEST_STEP][PASSED] - delay(2): Delayed 2 second(s)&#xD;
&#xD;
2019-09-06 10:19:33 - [MESSAGE][PASSED] - Delayed 2 second(s)&#xD;
&#xD;
2019-09-06 10:19:33 - [TEST_STEP][NOT_RUN] - sendKeys(findTestObject("Regression BackOffice/CLINK - 28718/License/input_State Issued _txtStateIssued"), "AC"): NOT_RUN: sendKeys(findTestObject("Regression BackOffice/CLINK - 28718/License/input_State Issued _txtStateIssued"), "AC")&#xD;
&#xD;
2019-09-06 10:19:33 - [MESSAGE][NOT_RUN] - NOT_RUN: sendKeys(findTestObject("Regression BackOffice/CLINK - 28718/License/input_State Issued _txtStateIssued"), "AC")&#xD;
&#xD;
2019-09-06 10:19:33 - [TEST_STEP][NOT_RUN] - delay(3): NOT_RUN: delay(3)&#xD;
&#xD;
2019-09-06 10:19:33 - [MESSAGE][NOT_RUN] - NOT_RUN: delay(3)&#xD;
&#xD;
2019-09-06 10:19:33 - [TEST_STEP][NOT_RUN] - click(findTestObject("Regression BackOffice/CLINK - 28718/License/License Checked"), CONTINUE_ON_FAILURE): NOT_RUN: click(findTestObject("Regression BackOffice/CLINK - 28718/License/License Checked"), CONTINUE_ON_FAILURE)&#xD;
&#xD;
2019-09-06 10:19:33 - [MESSAGE][NOT_RUN] - NOT_RUN: click(findTestObject("Regression BackOffice/CLINK - 28718/License/License Checked"), CONTINUE_ON_FAILURE)&#xD;
&#xD;
2019-09-06 10:19:33 - [TEST_STEP][NOT_RUN] - delay(2): NOT_RUN: delay(2)&#xD;
&#xD;
2019-09-06 10:19:33 - [MESSAGE][NOT_RUN] - NOT_RUN: delay(2)&#xD;
&#xD;
2019-09-06 10:19:33 - [TEST_STEP][NOT_RUN] - sendKeys(findTestObject("Regression BackOffice/CLINK - 28718/License/License Checked"), "Isaac"): NOT_RUN: sendKeys(findTestObject("Regression BackOffice/CLINK - 28718/License/License Checked"), "Isaac")&#xD;
&#xD;
2019-09-06 10:19:33 - [MESSAGE][NOT_RUN] - NOT_RUN: sendKeys(findTestObject("Regression BackOffice/CLINK - 28718/License/License Checked"), "Isaac")&#xD;
&#xD;
2019-09-06 10:19:33 - [TEST_STEP][NOT_RUN] - delay(3): NOT_RUN: delay(3)&#xD;
&#xD;
2019-09-06 10:19:33 - [MESSAGE][NOT_RUN] - NOT_RUN: delay(3)&#xD;
&#xD;
2019-09-06 10:19:33 - [TEST_STEP][NOT_RUN] - click(findTestObject("Regression BackOffice/CLINK - 28718/License/License Checked Date")): NOT_RUN: click(findTestObject("Regression BackOffice/CLINK - 28718/License/License Checked Date"))&#xD;
&#xD;
2019-09-06 10:19:33 - [MESSAGE][NOT_RUN] - NOT_RUN: click(findTestObject("Regression BackOffice/CLINK - 28718/License/License Checked Date"))&#xD;
&#xD;
2019-09-06 10:19:33 - [TEST_STEP][NOT_RUN] - sendKeys(findTestObject("Regression BackOffice/CLINK - 28718/License/License Checked Date"), getDate.DateUtilities.getDateMonthDayYearNumberwithSlash()): NOT_RUN: sendKeys(findTestObject("Regression BackOffice/CLINK - 28718/License/License Checked Date"), getDate.DateUtilities.getDateMonthDayYearNumberwithSlash())&#xD;
&#xD;
2019-09-06 10:19:33 - [MESSAGE][NOT_RUN] - NOT_RUN: sendKeys(findTestObject("Regression BackOffice/CLINK - 28718/License/License Checked Date"), getDate.DateUtilities.getDateMonthDayYearNumberwithSlash())&#xD;
&#xD;
2019-09-06 10:19:33 - [TEST_STEP][NOT_RUN] - delay(3): NOT_RUN: delay(3)&#xD;
&#xD;
2019-09-06 10:19:33 - [MESSAGE][NOT_RUN] - NOT_RUN: delay(3)&#xD;
&#xD;
2019-09-06 10:19:33 - [TEST_STEP][NOT_RUN] - waitForElementPresent(findTestObject("Regression BackOffice/CLINK - 28718/License/Add To List License"), 100): NOT_RUN: waitForElementPresent(findTestObject("Regression BackOffice/CLINK - 28718/License/Add To List License"), 100)&#xD;
&#xD;
2019-09-06 10:19:33 - [MESSAGE][NOT_RUN] - NOT_RUN: waitForElementPresent(findTestObject("Regression BackOffice/CLINK - 28718/License/Add To List License"), 100)&#xD;
&#xD;
2019-09-06 10:19:33 - [TEST_STEP][NOT_RUN] - click(findTestObject("Regression BackOffice/CLINK - 28718/License/Add To List License")): NOT_RUN: click(findTestObject("Regression BackOffice/CLINK - 28718/License/Add To List License"))&#xD;
&#xD;
2019-09-06 10:19:33 - [MESSAGE][NOT_RUN] - NOT_RUN: click(findTestObject("Regression BackOffice/CLINK - 28718/License/Add To List License"))&#xD;
&#xD;
2019-09-06 10:19:33 - [TEST_STEP][NOT_RUN] - delay(5): NOT_RUN: delay(5)&#xD;
&#xD;
2019-09-06 10:19:33 - [MESSAGE][NOT_RUN] - NOT_RUN: delay(5)&#xD;
&#xD;
2019-09-06 10:19:33 - [TEST_STEP][PASSED] - switchToDefaultContent(): null&#xD;
&#xD;
2019-09-06 10:19:33 - [TEST_STEP][PASSED] - switchToFrame(findTestObject("Regression BackOffice/CLINK - 28718/BannerFrame"), 50): null&#xD;
&#xD;
2019-09-06 10:19:33 - [TEST_STEP][PASSED] - waitForElementPresent(findTestObject("Regression BackOffice/CLINK - 28718/License/_btnSaveLicense"), 50): Object 'Object Repository/Regression BackOffice/CLINK - 28718/License/_btnSaveLicense' is present&#xD;
&#xD;
2019-09-06 10:19:33 - [MESSAGE][PASSED] - Object 'Object Repository/Regression BackOffice/CLINK - 28718/License/_btnSaveLicense' is present&#xD;
&#xD;
2019-09-06 10:19:33 - [TEST_STEP][PASSED] - click(findTestObject("Regression BackOffice/CLINK - 28718/License/_btnSaveLicense")): Object: 'Object Repository/Regression BackOffice/CLINK - 28718/License/_btnSaveLicense' is clicked on&#xD;
&#xD;
2019-09-06 10:19:35 - [MESSAGE][PASSED] - Object: 'Object Repository/Regression BackOffice/CLINK - 28718/License/_btnSaveLicense' is clicked on&#xD;
&#xD;
2019-09-06 10:19:35 - [TEST_STEP][PASSED] - delay(3): Delayed 3 second(s)&#xD;
&#xD;
2019-09-06 10:19:38 - [MESSAGE][PASSED] - Delayed 3 second(s)&#xD;
&#xD;
2019-09-06 10:19:38 - [TEST_STEP][PASSED] - switchToDefaultContent(): null&#xD;
&#xD;
2019-09-06 10:19:38 - [TEST_STEP][PASSED] - switchToFrame(findTestObject("Regression BackOffice/CLNK-23449/FrameLeft"), 30): null&#xD;
&#xD;
2019-09-06 10:19:38 - [TEST_STEP][PASSED] - waitForElementPresent(findTestObject("Regression BackOffice/CLINK - 28718/Active/Caregiver Demographics"), 100): Object 'Object Repository/Regression BackOffice/CLINK - 28718/Active/Caregiver Demographics' is present&#xD;
&#xD;
2019-09-06 10:19:38 - [MESSAGE][PASSED] - Object 'Object Repository/Regression BackOffice/CLINK - 28718/Active/Caregiver Demographics' is present&#xD;
&#xD;
2019-09-06 10:19:38 - [TEST_STEP][PASSED] - click(findTestObject("Regression BackOffice/CLINK - 28718/Active/Caregiver Demographics")): Object: 'Object Repository/Regression BackOffice/CLINK - 28718/Active/Caregiver Demographics' is clicked on&#xD;
&#xD;
2019-09-06 10:19:39 - [MESSAGE][PASSED] - Object: 'Object Repository/Regression BackOffice/CLINK - 28718/Active/Caregiver Demographics' is clicked on&#xD;
&#xD;
2019-09-06 10:19:39 - [TEST_STEP][PASSED] - delay(2): Delayed 2 second(s)&#xD;
&#xD;
2019-09-06 10:19:41 - [MESSAGE][PASSED] - Delayed 2 second(s)&#xD;
&#xD;
2019-09-06 10:19:41 - [TEST_STEP][PASSED] - switchToDefaultContent(): null&#xD;
&#xD;
2019-09-06 10:19:41 - [TEST_STEP][PASSED] - switchToFrame(findTestObject("Regression BackOffice/CLNK-23449/FrameMain"), 30): null&#xD;
&#xD;
2019-09-06 10:19:41 - [TEST_STEP][PASSED] - delay(5): Delayed 5 second(s)&#xD;
&#xD;
2019-09-06 10:19:46 - [MESSAGE][PASSED] - Delayed 5 second(s)&#xD;
&#xD;
2019-09-06 10:19:46 - [TEST_STEP][PASSED] - waitForElementPresent(findTestObject("Regression BackOffice/CLINK - 28718/Active/Status"), 100): Object 'Object Repository/Regression BackOffice/CLINK - 28718/Active/Status' is present&#xD;
&#xD;
2019-09-06 10:19:46 - [MESSAGE][PASSED] - Object 'Object Repository/Regression BackOffice/CLINK - 28718/Active/Status' is present&#xD;
&#xD;
2019-09-06 10:19:46 - [TEST_STEP][PASSED] - click(findTestObject("Regression BackOffice/CLINK - 28718/Active/Status")): Object: 'Object Repository/Regression BackOffice/CLINK - 28718/Active/Status' is clicked on&#xD;
&#xD;
2019-09-06 10:19:47 - [MESSAGE][PASSED] - Object: 'Object Repository/Regression BackOffice/CLINK - 28718/Active/Status' is clicked on&#xD;
&#xD;
2019-09-06 10:19:47 - [TEST_STEP][PASSED] - sendKeys(findTestObject("Regression BackOffice/CLINK - 28718/Active/Status"), Keys.chord(ARROW_DOWN, ARROW_DOWN, ENTER)): Keys 'DOWN + DOWN + ENTER + ' sent to object: 'Object Repository/Regression BackOffice/CLINK - 28718/Active/Status'&#xD;
&#xD;
2019-09-06 10:19:47 - [MESSAGE][PASSED] - Keys 'DOWN + DOWN + ENTER + ' sent to object: 'Object Repository/Regression BackOffice/CLINK - 28718/Active/Status'&#xD;
&#xD;
2019-09-06 10:19:47 - [TEST_STEP][PASSED] - delay(5): Delayed 5 second(s)&#xD;
&#xD;
2019-09-06 10:19:52 - [MESSAGE][PASSED] - Delayed 5 second(s)&#xD;
&#xD;
2019-09-06 10:19:52 - [TEST_STEP][PASSED] - click(findTestObject("Regression BackOffice/CLINK - 28718/Active/Effective DateStatus")): Object: 'Object Repository/Regression BackOffice/CLINK - 28718/Active/Effective DateStatus' is clicked on&#xD;
&#xD;
2019-09-06 10:19:52 - [MESSAGE][PASSED] - Object: 'Object Repository/Regression BackOffice/CLINK - 28718/Active/Effective DateStatus' is clicked on&#xD;
&#xD;
2019-09-06 10:19:52 - [TEST_STEP][PASSED] - sendKeys(findTestObject("Regression BackOffice/CLINK - 28718/Active/Effective DateStatus"), getDate.DateUtilities.getDateMonthDayYearNumberwithSlash()): Keys '09/06/2019' sent to object: 'Object Repository/Regression BackOffice/CLINK - 28718/Active/Effective DateStatus'&#xD;
&#xD;
2019-09-06 10:19:52 - [MESSAGE][PASSED] - getDate.DateUtilities.getDateMonthDayYearNumberwithSlash is PASSED&#xD;
&#xD;
2019-09-06 10:19:52 - [MESSAGE][PASSED] - Keys '09/06/2019' sent to object: 'Object Repository/Regression BackOffice/CLINK - 28718/Active/Effective DateStatus'&#xD;
&#xD;
2019-09-06 10:19:52 - [TEST_STEP][PASSED] - delay(3): Delayed 3 second(s)&#xD;
&#xD;
2019-09-06 10:19:55 - [MESSAGE][PASSED] - Delayed 3 second(s)&#xD;
&#xD;
2019-09-06 10:19:55 - [TEST_STEP][NOT_RUN] - waitForElementPresent(findTestObject("Regression BackOffice/CLINK - 28718/Active/ReasonCode"), 100): NOT_RUN: waitForElementPresent(findTestObject("Regression BackOffice/CLINK - 28718/Active/ReasonCode"), 100)&#xD;
&#xD;
2019-09-06 10:19:55 - [MESSAGE][NOT_RUN] - NOT_RUN: waitForElementPresent(findTestObject("Regression BackOffice/CLINK - 28718/Active/ReasonCode"), 100)&#xD;
&#xD;
2019-09-06 10:19:55 - [TEST_STEP][NOT_RUN] - click(findTestObject("Regression BackOffice/CLINK - 28718/Active/ReasonCode")): NOT_RUN: click(findTestObject("Regression BackOffice/CLINK - 28718/Active/ReasonCode"))&#xD;
&#xD;
2019-09-06 10:19:55 - [MESSAGE][NOT_RUN] - NOT_RUN: click(findTestObject("Regression BackOffice/CLINK - 28718/Active/ReasonCode"))&#xD;
&#xD;
2019-09-06 10:19:55 - [TEST_STEP][NOT_RUN] - sendKeys(findTestObject("Regression BackOffice/CLINK - 28718/Active/ReasonCode"), Keys.chord(ARROW_DOWN, ENTER)): NOT_RUN: sendKeys(findTestObject("Regression BackOffice/CLINK - 28718/Active/ReasonCode"), Keys.chord(ARROW_DOWN, ENTER))&#xD;
&#xD;
2019-09-06 10:19:55 - [MESSAGE][NOT_RUN] - NOT_RUN: sendKeys(findTestObject("Regression BackOffice/CLINK - 28718/Active/ReasonCode"), Keys.chord(ARROW_DOWN, ENTER))&#xD;
&#xD;
2019-09-06 10:19:55 - [TEST_STEP][NOT_RUN] - delay(5): NOT_RUN: delay(5)&#xD;
&#xD;
2019-09-06 10:19:55 - [MESSAGE][NOT_RUN] - NOT_RUN: delay(5)&#xD;
&#xD;
2019-09-06 10:19:55 - [TEST_STEP][PASSED] - click(findTestObject("Regression BackOffice/CLINK - 28718/Active/Comments")): Object: 'Object Repository/Regression BackOffice/CLINK - 28718/Active/Comments' is clicked on&#xD;
&#xD;
2019-09-06 10:19:55 - [MESSAGE][PASSED] - Object: 'Object Repository/Regression BackOffice/CLINK - 28718/Active/Comments' is clicked on&#xD;
&#xD;
2019-09-06 10:19:55 - [TEST_STEP][PASSED] - sendKeys(findTestObject("Regression BackOffice/CLINK - 28718/Active/Comments"), "Isaac"): Keys 'Isaac' sent to object: 'Object Repository/Regression BackOffice/CLINK - 28718/Active/Comments'&#xD;
&#xD;
2019-09-06 10:19:56 - [MESSAGE][PASSED] - Keys 'Isaac' sent to object: 'Object Repository/Regression BackOffice/CLINK - 28718/Active/Comments'&#xD;
&#xD;
2019-09-06 10:19:56 - [TEST_STEP][PASSED] - delay(3): Delayed 3 second(s)&#xD;
&#xD;
2019-09-06 10:19:59 - [MESSAGE][PASSED] - Delayed 3 second(s)&#xD;
&#xD;
2019-09-06 10:19:59 - [TEST_STEP][PASSED] - scrollToElement(findTestObject("Regression BackOffice/CLINK - 28718/Active/Date Check was Sent"), 50): Scroll to object 'Object Repository/Regression BackOffice/CLINK - 28718/Active/Date Check was Sent' successfully&#xD;
&#xD;
2019-09-06 10:19:59 - [MESSAGE][PASSED] - Scroll to object 'Object Repository/Regression BackOffice/CLINK - 28718/Active/Date Check was Sent' successfully&#xD;
&#xD;
2019-09-06 10:19:59 - [TEST_STEP][PASSED] - click(findTestObject("Regression BackOffice/CLINK - 28718/Active/Date Check was Sent")): Object: 'Object Repository/Regression BackOffice/CLINK - 28718/Active/Date Check was Sent' is clicked on&#xD;
&#xD;
2019-09-06 10:19:59 - [MESSAGE][PASSED] - Object: 'Object Repository/Regression BackOffice/CLINK - 28718/Active/Date Check was Sent' is clicked on&#xD;
&#xD;
2019-09-06 10:19:59 - [TEST_STEP][PASSED] - sendKeys(findTestObject("Regression BackOffice/CLINK - 28718/Active/Date Check was Sent"), getDate.DateUtilities.getDateMonthDayYearNumberwithSlash()): Keys '09/06/2019' sent to object: 'Object Repository/Regression BackOffice/CLINK - 28718/Active/Date Check was Sent'&#xD;
&#xD;
2019-09-06 10:19:59 - [MESSAGE][PASSED] - getDate.DateUtilities.getDateMonthDayYearNumberwithSlash is PASSED&#xD;
&#xD;
2019-09-06 10:19:59 - [MESSAGE][PASSED] - Keys '09/06/2019' sent to object: 'Object Repository/Regression BackOffice/CLINK - 28718/Active/Date Check was Sent'&#xD;
&#xD;
2019-09-06 10:19:59 - [TEST_STEP][PASSED] - delay(3): Delayed 3 second(s)&#xD;
&#xD;
2019-09-06 10:20:02 - [MESSAGE][PASSED] - Delayed 3 second(s)&#xD;
&#xD;
2019-09-06 10:20:02 - [TEST_STEP][PASSED] - click(findTestObject("Regression BackOffice/CLINK - 28718/Active/input_Date Check Received_txtDateCheckRecvd")): Object: 'Object Repository/Regression BackOffice/CLINK - 28718/Active/input_Date Check Received_txtDateCheckRecvd' is clicked on&#xD;
&#xD;
2019-09-06 10:20:02 - [MESSAGE][PASSED] - Object: 'Object Repository/Regression BackOffice/CLINK - 28718/Active/input_Date Check Received_txtDateCheckRecvd' is clicked on&#xD;
&#xD;
2019-09-06 10:20:02 - [TEST_STEP][PASSED] - sendKeys(findTestObject("Regression BackOffice/CLINK - 28718/Active/input_Date Check Received_txtDateCheckRecvd"), getDate.DateUtilities.getDateMonthDayYearNumberwithSlash()): Keys '09/06/2019' sent to object: 'Object Repository/Regression BackOffice/CLINK - 28718/Active/input_Date Check Received_txtDateCheckRecvd'&#xD;
&#xD;
2019-09-06 10:20:02 - [MESSAGE][PASSED] - getDate.DateUtilities.getDateMonthDayYearNumberwithSlash is PASSED&#xD;
&#xD;
2019-09-06 10:20:03 - [MESSAGE][PASSED] - Keys '09/06/2019' sent to object: 'Object Repository/Regression BackOffice/CLINK - 28718/Active/input_Date Check Received_txtDateCheckRecvd'&#xD;
&#xD;
2019-09-06 10:20:03 - [TEST_STEP][PASSED] - delay(3): Delayed 3 second(s)&#xD;
&#xD;
2019-09-06 10:20:06 - [MESSAGE][PASSED] - Delayed 3 second(s)&#xD;
&#xD;
2019-09-06 10:20:06 - [TEST_STEP][PASSED] - click(findTestObject("Regression BackOffice/CLINK - 28718/Active/Background Check Completed")): Object: 'Object Repository/Regression BackOffice/CLINK - 28718/Active/Background Check Completed' is clicked on&#xD;
&#xD;
2019-09-06 10:20:06 - [MESSAGE][PASSED] - Object: 'Object Repository/Regression BackOffice/CLINK - 28718/Active/Background Check Completed' is clicked on&#xD;
&#xD;
2019-09-06 10:20:06 - [TEST_STEP][PASSED] - sendKeys(findTestObject("Regression BackOffice/CLINK - 28718/Active/Background Check Completed"), getDate.DateUtilities.getDateMonthDayYearNumberwithSlash()): Keys '09/06/2019' sent to object: 'Object Repository/Regression BackOffice/CLINK - 28718/Active/Background Check Completed'&#xD;
&#xD;
2019-09-06 10:20:06 - [MESSAGE][PASSED] - getDate.DateUtilities.getDateMonthDayYearNumberwithSlash is PASSED&#xD;
&#xD;
2019-09-06 10:20:06 - [MESSAGE][PASSED] - Keys '09/06/2019' sent to object: 'Object Repository/Regression BackOffice/CLINK - 28718/Active/Background Check Completed'&#xD;
&#xD;
2019-09-06 10:20:06 - [TEST_STEP][PASSED] - delay(6): Delayed 6 second(s)&#xD;
&#xD;
2019-09-06 10:20:12 - [MESSAGE][PASSED] - Delayed 6 second(s)&#xD;
&#xD;
2019-09-06 10:20:12 - [TEST_STEP][PASSED] - switchToDefaultContent(): null&#xD;
&#xD;
2019-09-06 10:20:12 - [TEST_STEP][PASSED] - switchToFrame(findTestObject("Regression BackOffice/CLINK - 28718/BannerFrame"), 50): null&#xD;
&#xD;
2019-09-06 10:20:12 - [TEST_STEP][PASSED] - waitForElementPresent(findTestObject("Regression BackOffice/CLINK - 28718/Active/bttnSaveActive"), 50): Object 'Object Repository/Regression BackOffice/CLINK - 28718/Active/bttnSaveActive' is present&#xD;
&#xD;
2019-09-06 10:20:12 - [MESSAGE][PASSED] - Object 'Object Repository/Regression BackOffice/CLINK - 28718/Active/bttnSaveActive' is present&#xD;
&#xD;
2019-09-06 10:20:12 - [TEST_STEP][PASSED] - click(findTestObject("Regression BackOffice/CLINK - 28718/Active/bttnSaveActive")): Object: 'Object Repository/Regression BackOffice/CLINK - 28718/Active/bttnSaveActive' is clicked on&#xD;
&#xD;
2019-09-06 10:20:17 - [MESSAGE][PASSED] - Object: 'Object Repository/Regression BackOffice/CLINK - 28718/Active/bttnSaveActive' is clicked on&#xD;
&#xD;
2019-09-06 10:20:17 - [TEST_STEP][PASSED] - delay(6): Delayed 6 second(s)&#xD;
&#xD;
2019-09-06 10:20:23 - [MESSAGE][PASSED] - Delayed 6 second(s)&#xD;
&#xD;
2019-09-06 10:20:23 - [TEST_STEP][PASSED] - switchToDefaultContent(): null&#xD;
&#xD;
2019-09-06 10:20:23 - [TEST_STEP][PASSED] - switchToFrame(findTestObject("Regression BackOffice/CLNK-23449/FrameLeft"), 30): null&#xD;
&#xD;
2019-09-06 10:20:23 - [TEST_STEP][PASSED] - waitForElementPresent(findTestObject("Regression BackOffice/CLINK - 28718/Administrator/Administrators"), 100): Object 'Object Repository/Regression BackOffice/CLINK - 28718/Administrator/Administrators' is present&#xD;
&#xD;
2019-09-06 10:20:23 - [MESSAGE][PASSED] - Object 'Object Repository/Regression BackOffice/CLINK - 28718/Administrator/Administrators' is present&#xD;
&#xD;
2019-09-06 10:20:23 - [TEST_STEP][PASSED] - click(findTestObject("Regression BackOffice/CLINK - 28718/Administrator/Administrators")): Object: 'Object Repository/Regression BackOffice/CLINK - 28718/Administrator/Administrators' is clicked on&#xD;
&#xD;
2019-09-06 10:20:23 - [MESSAGE][PASSED] - Object: 'Object Repository/Regression BackOffice/CLINK - 28718/Administrator/Administrators' is clicked on&#xD;
&#xD;
2019-09-06 10:20:23 - [TEST_STEP][PASSED] - delay(2): Delayed 2 second(s)&#xD;
&#xD;
2019-09-06 10:20:25 - [MESSAGE][PASSED] - Delayed 2 second(s)&#xD;
&#xD;
2019-09-06 10:20:25 - [TEST_STEP][PASSED] - waitForElementPresent(findTestObject("Regression BackOffice/CLINK - 28718/Administrator/Admin  System Settings"), 100): Object 'Object Repository/Regression BackOffice/CLINK - 28718/Administrator/Admin  System Settings' is present&#xD;
&#xD;
2019-09-06 10:20:25 - [MESSAGE][PASSED] - Object 'Object Repository/Regression BackOffice/CLINK - 28718/Administrator/Admin  System Settings' is present&#xD;
&#xD;
2019-09-06 10:20:25 - [TEST_STEP][PASSED] - click(findTestObject("Regression BackOffice/CLINK - 28718/Administrator/Admin  System Settings")): Object: 'Object Repository/Regression BackOffice/CLINK - 28718/Administrator/Admin  System Settings' is clicked on&#xD;
&#xD;
2019-09-06 10:20:26 - [MESSAGE][PASSED] - Object: 'Object Repository/Regression BackOffice/CLINK - 28718/Administrator/Admin  System Settings' is clicked on&#xD;
&#xD;
2019-09-06 10:20:26 - [TEST_STEP][PASSED] - delay(2): Delayed 2 second(s)&#xD;
&#xD;
2019-09-06 10:20:28 - [MESSAGE][PASSED] - Delayed 2 second(s)&#xD;
&#xD;
2019-09-06 10:20:28 - [TEST_STEP][PASSED] - waitForElementPresent(findTestObject("Regression BackOffice/CLINK - 28718/Administrator/Users"), 100): Object 'Object Repository/Regression BackOffice/CLINK - 28718/Administrator/Users' is present&#xD;
&#xD;
2019-09-06 10:20:28 - [MESSAGE][PASSED] - Object 'Object Repository/Regression BackOffice/CLINK - 28718/Administrator/Users' is present&#xD;
&#xD;
2019-09-06 10:20:28 - [TEST_STEP][PASSED] - click(findTestObject("Regression BackOffice/CLINK - 28718/Administrator/Users")): Object: 'Object Repository/Regression BackOffice/CLINK - 28718/Administrator/Users' is clicked on&#xD;
&#xD;
2019-09-06 10:20:28 - [MESSAGE][PASSED] - Object: 'Object Repository/Regression BackOffice/CLINK - 28718/Administrator/Users' is clicked on&#xD;
&#xD;
2019-09-06 10:20:28 - [TEST_STEP][PASSED] - delay(2): Delayed 2 second(s)&#xD;
&#xD;
2019-09-06 10:20:30 - [MESSAGE][PASSED] - Delayed 2 second(s)&#xD;
&#xD;
2019-09-06 10:20:30 - [TEST_STEP][PASSED] - acceptAlert(): Alert accepted&#xD;
&#xD;
2019-09-06 10:20:30 - [MESSAGE][PASSED] - Alert accepted&#xD;
&#xD;
2019-09-06 10:20:30 - [TEST_STEP][PASSED] - switchToDefaultContent(): null&#xD;
&#xD;
2019-09-06 10:20:33 - [TEST_STEP][PASSED] - switchToFrame(findTestObject("Regression BackOffice/CLNK-23449/FrameMain"), 30): null&#xD;
&#xD;
2019-09-06 10:20:33 - [TEST_STEP][PASSED] - delay(5): Delayed 5 second(s)&#xD;
&#xD;
2019-09-06 10:20:38 - [MESSAGE][PASSED] - Delayed 5 second(s)&#xD;
&#xD;
2019-09-06 10:20:38 - [TEST_STEP][PASSED] - waitForElementPresent(findTestObject("Regression BackOffice/CLINK - 28718/Administrator/Add New User"), 100): Object 'Object Repository/Regression BackOffice/CLINK - 28718/Administrator/Add New User' is present&#xD;
&#xD;
2019-09-06 10:20:38 - [MESSAGE][PASSED] - Object 'Object Repository/Regression BackOffice/CLINK - 28718/Administrator/Add New User' is present&#xD;
&#xD;
2019-09-06 10:20:38 - [TEST_STEP][PASSED] - click(findTestObject("Regression BackOffice/CLINK - 28718/Administrator/Add New User")): Object: 'Object Repository/Regression BackOffice/CLINK - 28718/Administrator/Add New User' is clicked on&#xD;
&#xD;
2019-09-06 10:20:39 - [MESSAGE][PASSED] - Object: 'Object Repository/Regression BackOffice/CLINK - 28718/Administrator/Add New User' is clicked on&#xD;
&#xD;
2019-09-06 10:20:39 - [TEST_STEP][PASSED] - delay(15): Delayed 15 second(s)&#xD;
&#xD;
2019-09-06 10:20:54 - [MESSAGE][PASSED] - Delayed 15 second(s)&#xD;
&#xD;
2019-09-06 10:20:54 - [TEST_STEP][PASSED] - waitForElementPresent(findTestObject("Regression BackOffice/CLINK - 28718/Administrator/CaregiverChkBox"), 100): Object 'Object Repository/Regression BackOffice/CLINK - 28718/Administrator/CaregiverChkBox' is present&#xD;
&#xD;
2019-09-06 10:20:54 - [MESSAGE][PASSED] - Object 'Object Repository/Regression BackOffice/CLINK - 28718/Administrator/CaregiverChkBox' is present&#xD;
&#xD;
2019-09-06 10:20:54 - [TEST_STEP][PASSED] - click(findTestObject("Regression BackOffice/CLINK - 28718/Administrator/CaregiverChkBox")): Object: 'Object Repository/Regression BackOffice/CLINK - 28718/Administrator/CaregiverChkBox' is clicked on&#xD;
&#xD;
2019-09-06 10:20:54 - [MESSAGE][PASSED] - Object: 'Object Repository/Regression BackOffice/CLINK - 28718/Administrator/CaregiverChkBox' is clicked on&#xD;
&#xD;
2019-09-06 10:20:54 - [TEST_STEP][PASSED] - delay(2): Delayed 2 second(s)&#xD;
&#xD;
2019-09-06 10:20:56 - [MESSAGE][PASSED] - Delayed 2 second(s)&#xD;
&#xD;
2019-09-06 10:20:56 - [TEST_STEP][PASSED] - waitForElementPresent(findTestObject("Regression BackOffice/CLINK - 28718/Administrator/Caregiver Name"), 100): Object 'Object Repository/Regression BackOffice/CLINK - 28718/Administrator/Caregiver Name' is present&#xD;
&#xD;
2019-09-06 10:20:56 - [MESSAGE][PASSED] - Object 'Object Repository/Regression BackOffice/CLINK - 28718/Administrator/Caregiver Name' is present&#xD;
&#xD;
2019-09-06 10:20:56 - [TEST_STEP][PASSED] - click(findTestObject("Regression BackOffice/CLINK - 28718/Administrator/Caregiver Name")): Object: 'Object Repository/Regression BackOffice/CLINK - 28718/Administrator/Caregiver Name' is clicked on&#xD;
&#xD;
2019-09-06 10:20:56 - [MESSAGE][PASSED] - Object: 'Object Repository/Regression BackOffice/CLINK - 28718/Administrator/Caregiver Name' is clicked on&#xD;
&#xD;
2019-09-06 10:20:56 - [TEST_STEP][PASSED] - sendKeys(findTestObject("Regression BackOffice/CLINK - 28718/Administrator/Caregiver Name"), G_CareGiverLastName): Keys 'Cincuentilla' sent to object: 'Object Repository/Regression BackOffice/CLINK - 28718/Administrator/Caregiver Name'&#xD;
&#xD;
2019-09-06 10:20:57 - [MESSAGE][PASSED] - Keys 'Cincuentilla' sent to object: 'Object Repository/Regression BackOffice/CLINK - 28718/Administrator/Caregiver Name'&#xD;
&#xD;
2019-09-06 10:20:57 - [TEST_STEP][PASSED] - delay(10): Delayed 10 second(s)&#xD;
&#xD;
2019-09-06 10:21:07 - [MESSAGE][PASSED] - Delayed 10 second(s)&#xD;
&#xD;
2019-09-06 10:21:07 - [TEST_STEP][PASSED] - sendKeys(findTestObject("Regression BackOffice/CLINK - 28718/Administrator/Caregiver Name"), Keys.chord(ARROW_DOWN, ENTER)): Keys 'DOWN + ENTER + ' sent to object: 'Object Repository/Regression BackOffice/CLINK - 28718/Administrator/Caregiver Name'&#xD;
&#xD;
2019-09-06 10:21:07 - [MESSAGE][PASSED] - Keys 'DOWN + ENTER + ' sent to object: 'Object Repository/Regression BackOffice/CLINK - 28718/Administrator/Caregiver Name'&#xD;
&#xD;
2019-09-06 10:21:07 - [TEST_STEP][PASSED] - delay(2): Delayed 2 second(s)&#xD;
&#xD;
2019-09-06 10:21:09 - [MESSAGE][PASSED] - Delayed 2 second(s)&#xD;
&#xD;
2019-09-06 10:21:09 - [TEST_STEP][PASSED] - click(findTestObject("Regression BackOffice/CLINK - 28718/Administrator/User Name")): Object: 'Object Repository/Regression BackOffice/CLINK - 28718/Administrator/User Name' is clicked on&#xD;
&#xD;
2019-09-06 10:21:09 - [MESSAGE][PASSED] - Object: 'Object Repository/Regression BackOffice/CLINK - 28718/Administrator/User Name' is clicked on&#xD;
&#xD;
2019-09-06 10:21:09 - [TEST_STEP][PASSED] - sendKeys(findTestObject("Regression BackOffice/CLINK - 28718/Administrator/User Name"), G_CaregiverUserName): Keys 'cincuenta' sent to object: 'Object Repository/Regression BackOffice/CLINK - 28718/Administrator/User Name'&#xD;
&#xD;
2019-09-06 10:21:09 - [MESSAGE][PASSED] - Keys 'cincuenta' sent to object: 'Object Repository/Regression BackOffice/CLINK - 28718/Administrator/User Name'&#xD;
&#xD;
2019-09-06 10:21:09 - [TEST_STEP][PASSED] - delay(3): Delayed 3 second(s)&#xD;
&#xD;
2019-09-06 10:21:12 - [MESSAGE][PASSED] - Delayed 3 second(s)&#xD;
&#xD;
2019-09-06 10:21:12 - [TEST_STEP][PASSED] - click(findTestObject("Regression BackOffice/CLINK - 28718/Administrator/Password")): Object: 'Object Repository/Regression BackOffice/CLINK - 28718/Administrator/Password' is clicked on&#xD;
&#xD;
2019-09-06 10:21:12 - [MESSAGE][PASSED] - Object: 'Object Repository/Regression BackOffice/CLINK - 28718/Administrator/Password' is clicked on&#xD;
&#xD;
2019-09-06 10:21:12 - [TEST_STEP][PASSED] - sendKeys(findTestObject("Regression BackOffice/CLINK - 28718/Administrator/Password"), G_PasswordBackOffice): Keys 'qwerty' sent to object: 'Object Repository/Regression BackOffice/CLINK - 28718/Administrator/Password'&#xD;
&#xD;
2019-09-06 10:21:13 - [MESSAGE][PASSED] - Keys 'qwerty' sent to object: 'Object Repository/Regression BackOffice/CLINK - 28718/Administrator/Password'&#xD;
&#xD;
2019-09-06 10:21:13 - [TEST_STEP][PASSED] - delay(3): Delayed 3 second(s)&#xD;
&#xD;
2019-09-06 10:21:16 - [MESSAGE][PASSED] - Delayed 3 second(s)&#xD;
&#xD;
2019-09-06 10:21:16 - [TEST_STEP][PASSED] - click(findTestObject("Regression BackOffice/CLINK - 28718/Administrator/Confirm newPassword")): Object: 'Object Repository/Regression BackOffice/CLINK - 28718/Administrator/Confirm newPassword' is clicked on&#xD;
&#xD;
2019-09-06 10:21:16 - [MESSAGE][PASSED] - Object: 'Object Repository/Regression BackOffice/CLINK - 28718/Administrator/Confirm newPassword' is clicked on&#xD;
&#xD;
2019-09-06 10:21:16 - [TEST_STEP][PASSED] - sendKeys(findTestObject("Regression BackOffice/CLINK - 28718/Administrator/Confirm newPassword"), G_PasswordBackOffice): Keys 'qwerty' sent to object: 'Object Repository/Regression BackOffice/CLINK - 28718/Administrator/Confirm newPassword'&#xD;
&#xD;
2019-09-06 10:21:16 - [MESSAGE][PASSED] - Keys 'qwerty' sent to object: 'Object Repository/Regression BackOffice/CLINK - 28718/Administrator/Confirm newPassword'&#xD;
&#xD;
2019-09-06 10:21:16 - [TEST_STEP][PASSED] - delay(3): Delayed 3 second(s)&#xD;
&#xD;
2019-09-06 10:21:19 - [MESSAGE][PASSED] - Delayed 3 second(s)&#xD;
&#xD;
2019-09-06 10:21:19 - [TEST_STEP][PASSED] - waitForElementPresent(findTestObject("Regression BackOffice/CLINK - 28718/Administrator/Email"), 100): Object 'Object Repository/Regression BackOffice/CLINK - 28718/Administrator/Email' is present&#xD;
&#xD;
2019-09-06 10:21:19 - [MESSAGE][PASSED] - Object 'Object Repository/Regression BackOffice/CLINK - 28718/Administrator/Email' is present&#xD;
&#xD;
2019-09-06 10:21:19 - [TEST_STEP][PASSED] - click(findTestObject("Regression BackOffice/CLINK - 28718/Administrator/Email")): Object: 'Object Repository/Regression BackOffice/CLINK - 28718/Administrator/Email' is clicked on&#xD;
&#xD;
2019-09-06 10:21:20 - [MESSAGE][PASSED] - Object: 'Object Repository/Regression BackOffice/CLINK - 28718/Administrator/Email' is clicked on&#xD;
&#xD;
2019-09-06 10:21:20 - [TEST_STEP][PASSED] - sendKeys(findTestObject("Regression BackOffice/CLINK - 28718/Administrator/Email"), "imm@gmail.com"): Keys 'imm@gmail.com' sent to object: 'Object Repository/Regression BackOffice/CLINK - 28718/Administrator/Email'&#xD;
&#xD;
2019-09-06 10:21:20 - [MESSAGE][PASSED] - Keys 'imm@gmail.com' sent to object: 'Object Repository/Regression BackOffice/CLINK - 28718/Administrator/Email'&#xD;
&#xD;
2019-09-06 10:21:20 - [TEST_STEP][PASSED] - delay(3): Delayed 3 second(s)&#xD;
&#xD;
2019-09-06 10:21:23 - [MESSAGE][PASSED] - Delayed 3 second(s)&#xD;
&#xD;
2019-09-06 10:21:23 - [TEST_STEP][PASSED] - waitForElementPresent(findTestObject("Regression BackOffice/CLINK - 28718/Administrator/Caregiver_chk"), 100): Object 'Object Repository/Regression BackOffice/CLINK - 28718/Administrator/Caregiver_chk' is present&#xD;
&#xD;
2019-09-06 10:21:23 - [MESSAGE][PASSED] - Object 'Object Repository/Regression BackOffice/CLINK - 28718/Administrator/Caregiver_chk' is present&#xD;
&#xD;
2019-09-06 10:21:23 - [TEST_STEP][PASSED] - click(findTestObject("Regression BackOffice/CLINK - 28718/Administrator/Caregiver_chk")): Object: 'Object Repository/Regression BackOffice/CLINK - 28718/Administrator/Caregiver_chk' is clicked on&#xD;
&#xD;
2019-09-06 10:21:23 - [MESSAGE][PASSED] - Object: 'Object Repository/Regression BackOffice/CLINK - 28718/Administrator/Caregiver_chk' is clicked on&#xD;
&#xD;
2019-09-06 10:21:23 - [TEST_STEP][PASSED] - delay(3): Delayed 3 second(s)&#xD;
&#xD;
2019-09-06 10:21:26 - [MESSAGE][PASSED] - Delayed 3 second(s)&#xD;
&#xD;
2019-09-06 10:21:26 - [TEST_STEP][PASSED] - switchToDefaultContent(): null&#xD;
&#xD;
2019-09-06 10:21:26 - [TEST_STEP][PASSED] - switchToFrame(findTestObject("Regression BackOffice/CLINK - 28718/BannerFrame"), 50): null&#xD;
&#xD;
2019-09-06 10:21:26 - [TEST_STEP][PASSED] - waitForElementPresent(findTestObject("Regression BackOffice/CLINK - 28718/Administrator/_btnUserSave"), 50): Object 'Object Repository/Regression BackOffice/CLINK - 28718/Administrator/_btnUserSave' is present&#xD;
&#xD;
2019-09-06 10:21:26 - [MESSAGE][PASSED] - Object 'Object Repository/Regression BackOffice/CLINK - 28718/Administrator/_btnUserSave' is present&#xD;
&#xD;
2019-09-06 10:21:26 - [TEST_STEP][PASSED] - click(findTestObject("Regression BackOffice/CLINK - 28718/Administrator/_btnUserSave")): Object: 'Object Repository/Regression BackOffice/CLINK - 28718/Administrator/_btnUserSave' is clicked on&#xD;
&#xD;
2019-09-06 10:21:27 - [MESSAGE][PASSED] - Object: 'Object Repository/Regression BackOffice/CLINK - 28718/Administrator/_btnUserSave' is clicked on&#xD;
&#xD;
2019-09-06 10:21:27 - [TEST_STEP][PASSED] - delay(3): Delayed 3 second(s)&#xD;
&#xD;
2019-09-06 10:21:30 - [MESSAGE][PASSED] - Delayed 3 second(s)&#xD;
&#xD;
2019-09-06 10:21:30 - [TEST_STEP][PASSED] - closeBrowser(): Browser is closed&#xD;
&#xD;
2019-09-06 10:21:31 - [MESSAGE][PASSED] - Browser is closed&#xD;
&#xD;
2019-09-06 10:21:31 - [TEST_STEP][PASSED] - callTestCase(findTestCase("Regression Clinical Edge (All Browsers)/CLNK-23349 - ContinuLink - Login"), [:], STOP_ON_FAILURE): Call Test Case 'Test Cases/Regression Clinical Edge (All Browsers)/CLNK-23349 - ContinuLink - Login' successfully&#xD;
&#xD;
2019-09-06 10:21:31 - [TEST_CASE][PASSED] - Test Cases/Regression Clinical Edge (All Browsers)/CLNK-23349 - ContinuLink - Login: Test Cases/Regression Clinical Edge (All Browsers)/CLNK-23349 - ContinuLink - Login&#xD;
&#xD;
2019-09-06 10:21:31 - [TEST_STEP][PASSED] - deleteAllCookies(): Delete all cookies successfully&#xD;
&#xD;
2019-09-06 10:21:31 - [MESSAGE][WARNING] - Cannot delete cookies because browser is closed&#xD;
&#xD;
2019-09-06 10:21:31 - [MESSAGE][PASSED] - Delete all cookies successfully&#xD;
&#xD;
2019-09-06 10:21:31 - [TEST_STEP][PASSED] - openBrowser(G_SiteURL): Browser is opened with url: 'https://qanewpoc.continulink.com/Account/Login.aspx?ReturnUrl=%2fdefault.aspx'&#xD;
&#xD;
2019-09-06 10:21:31 - [MESSAGE][INFO] - Starting 'Chrome' driver&#xD;
&#xD;
2019-09-06 10:21:41 - [MESSAGE][PASSED] - Browser is opened with url: 'https://qanewpoc.continulink.com/Account/Login.aspx?ReturnUrl=%2fdefault.aspx'&#xD;
&#xD;
2019-09-06 10:21:41 - [TEST_STEP][PASSED] - waitForPageLoad(60): Wait for page load successfully&#xD;
&#xD;
2019-09-06 10:21:41 - [MESSAGE][PASSED] - Wait for page load successfully&#xD;
&#xD;
2019-09-06 10:21:41 - [TEST_STEP][PASSED] - maximizeWindow(): Current window maximized&#xD;
&#xD;
2019-09-06 10:21:45 - [MESSAGE][PASSED] - Current window maximized&#xD;
&#xD;
2019-09-06 10:21:45 - [TEST_STEP][PASSED] - setText(findTestObject("Regression Clinical Edge/CLNK-23349/User"), G_CaregiverUserName): Text 'cincuenta' is set on object 'Object Repository/Regression Clinical Edge/CLNK-23349/User'&#xD;
&#xD;
2019-09-06 10:21:45 - [MESSAGE][PASSED] - Text 'cincuenta' is set on object 'Object Repository/Regression Clinical Edge/CLNK-23349/User'&#xD;
&#xD;
2019-09-06 10:21:45 - [TEST_STEP][PASSED] - setText(findTestObject("Regression Clinical Edge/CLNK-23349/Password"), G_Password): Text 'qwerty' is set on object 'Object Repository/Regression Clinical Edge/CLNK-23349/Password'&#xD;
&#xD;
2019-09-06 10:21:46 - [MESSAGE][PASSED] - Text 'qwerty' is set on object 'Object Repository/Regression Clinical Edge/CLNK-23349/Password'&#xD;
&#xD;
2019-09-06 10:21:46 - [TEST_STEP][PASSED] - click(findTestObject("Regression Clinical Edge/CLNK-23349/Button_LogIn")): Object: 'Object Repository/Regression Clinical Edge/CLNK-23349/Button_LogIn' is clicked on&#xD;
&#xD;
2019-09-06 10:21:46 - [MESSAGE][PASSED] - Object: 'Object Repository/Regression Clinical Edge/CLNK-23349/Button_LogIn' is clicked on&#xD;
&#xD;
2019-09-06 10:21:46 - [TEST_STEP][PASSED] - waitForPageLoad(60): Wait for page load successfully&#xD;
&#xD;
2019-09-06 10:21:46 - [MESSAGE][PASSED] - Wait for page load successfully&#xD;
&#xD;
2019-09-06 10:21:46 - [TEST_STEP][PASSED] - delay(2): Delayed 2 second(s)&#xD;
&#xD;
2019-09-06 10:21:48 - [MESSAGE][PASSED] - Delayed 2 second(s)&#xD;
&#xD;
2019-09-06 10:21:48 - [TEST_STEP][NOT_RUN] - waitForElementPresent(findTestObject("Regression Clinical Edge/CLINK-23509/button_Close"), 100): NOT_RUN: waitForElementPresent(findTestObject("Regression Clinical Edge/CLINK-23509/button_Close"), 100)&#xD;
&#xD;
2019-09-06 10:21:48 - [MESSAGE][NOT_RUN] - NOT_RUN: waitForElementPresent(findTestObject("Regression Clinical Edge/CLINK-23509/button_Close"), 100)&#xD;
&#xD;
2019-09-06 10:21:48 - [TEST_STEP][NOT_RUN] - click(findTestObject("Regression Clinical Edge/CLINK-23509/button_Close")): NOT_RUN: click(findTestObject("Regression Clinical Edge/CLINK-23509/button_Close"))&#xD;
&#xD;
2019-09-06 10:21:48 - [MESSAGE][NOT_RUN] - NOT_RUN: click(findTestObject("Regression Clinical Edge/CLINK-23509/button_Close"))&#xD;
&#xD;
2019-09-06 10:21:48 - [TEST_STEP][NOT_RUN] - delay(2): NOT_RUN: delay(2)&#xD;
&#xD;
2019-09-06 10:21:48 - [MESSAGE][NOT_RUN] - NOT_RUN: delay(2)&#xD;
&#xD;
2019-09-06 10:21:48 - [MESSAGE][PASSED] - Call Test Case 'Test Cases/Regression Clinical Edge (All Browsers)/CLNK-23349 - ContinuLink - Login' successfully&#xD;
&#xD;
2019-09-06 10:21:48 - [TEST_STEP][PASSED] - waitForPageLoad(60): Wait for page load successfully&#xD;
&#xD;
2019-09-06 10:21:49 - [MESSAGE][PASSED] - Wait for page load successfully&#xD;
&#xD;
2019-09-06 10:21:49 - [TEST_STEP][PASSED] - maximizeWindow(): Current window maximized&#xD;
&#xD;
2019-09-06 10:21:49 - [MESSAGE][PASSED] - Current window maximized&#xD;
&#xD;
2019-09-06 10:21:49 - [TEST_STEP][PASSED] - waitForPageLoad(60): Wait for page load successfully&#xD;
&#xD;
2019-09-06 10:21:49 - [MESSAGE][PASSED] - Wait for page load successfully&#xD;
&#xD;
2019-09-06 10:21:49 - [TEST_STEP][PASSED] - delay(8): Delayed 8 second(s)&#xD;
&#xD;
2019-09-06 10:21:57 - [MESSAGE][PASSED] - Delayed 8 second(s)&#xD;
&#xD;
2019-09-06 10:21:57 - [TEST_STEP][PASSED] - if (verifyElementPresent(findTestObject("Regression BackOffice/CLINK - 28718/ChangePassword/HereLink"), 10)): Alert accepted&#xD;
&#xD;
2019-09-06 10:21:57 - [MESSAGE][PASSED] - Object 'Object Repository/Regression BackOffice/CLINK - 28718/ChangePassword/HereLink' is present&#xD;
&#xD;
2019-09-06 10:21:57 - [TEST_STEP][PASSED] - click(findTestObject("Regression BackOffice/CLINK - 28718/ChangePassword/HereLink")): Object: 'Object Repository/Regression BackOffice/CLINK - 28718/ChangePassword/HereLink' is clicked on&#xD;
&#xD;
2019-09-06 10:21:57 - [MESSAGE][PASSED] - Object: 'Object Repository/Regression BackOffice/CLINK - 28718/ChangePassword/HereLink' is clicked on&#xD;
&#xD;
2019-09-06 10:21:57 - [TEST_STEP][PASSED] - delay(2): Delayed 2 second(s)&#xD;
&#xD;
2019-09-06 10:21:59 - [MESSAGE][PASSED] - Delayed 2 second(s)&#xD;
&#xD;
2019-09-06 10:21:59 - [TEST_STEP][PASSED] - waitForPageLoad(50): Wait for page load successfully&#xD;
&#xD;
2019-09-06 10:21:59 - [MESSAGE][PASSED] - Wait for page load successfully&#xD;
&#xD;
2019-09-06 10:21:59 - [TEST_STEP][PASSED] - waitForElementPresent(findTestObject("Regression BackOffice/CLINK - 28718/ChangePassword/Current Password"), 50): Object 'Object Repository/Regression BackOffice/CLINK - 28718/ChangePassword/Current Password' is present&#xD;
&#xD;
2019-09-06 10:21:59 - [MESSAGE][PASSED] - Object 'Object Repository/Regression BackOffice/CLINK - 28718/ChangePassword/Current Password' is present&#xD;
&#xD;
2019-09-06 10:21:59 - [TEST_STEP][PASSED] - setText(findTestObject("Regression BackOffice/CLINK - 28718/ChangePassword/Current Password"), G_Password): Text 'qwerty' is set on object 'Object Repository/Regression BackOffice/CLINK - 28718/ChangePassword/Current Password'&#xD;
&#xD;
2019-09-06 10:21:59 - [MESSAGE][PASSED] - Text 'qwerty' is set on object 'Object Repository/Regression BackOffice/CLINK - 28718/ChangePassword/Current Password'&#xD;
&#xD;
2019-09-06 10:21:59 - [TEST_STEP][PASSED] - delay(2): Delayed 2 second(s)&#xD;
&#xD;
2019-09-06 10:22:01 - [MESSAGE][PASSED] - Delayed 2 second(s)&#xD;
&#xD;
2019-09-06 10:22:01 - [TEST_STEP][PASSED] - waitForElementPresent(findTestObject("Regression BackOffice/CLINK - 28718/ChangePassword/New Password"), 50): Object 'Object Repository/Regression BackOffice/CLINK - 28718/ChangePassword/New Password' is present&#xD;
&#xD;
2019-09-06 10:22:01 - [MESSAGE][PASSED] - Object 'Object Repository/Regression BackOffice/CLINK - 28718/ChangePassword/New Password' is present&#xD;
&#xD;
2019-09-06 10:22:01 - [TEST_STEP][PASSED] - setText(findTestObject("Regression BackOffice/CLINK - 28718/ChangePassword/New Password"), G_Password): Text 'qwerty' is set on object 'Object Repository/Regression BackOffice/CLINK - 28718/ChangePassword/New Password'&#xD;
&#xD;
2019-09-06 10:22:01 - [MESSAGE][PASSED] - Text 'qwerty' is set on object 'Object Repository/Regression BackOffice/CLINK - 28718/ChangePassword/New Password'&#xD;
&#xD;
2019-09-06 10:22:01 - [TEST_STEP][PASSED] - delay(2): Delayed 2 second(s)&#xD;
&#xD;
2019-09-06 10:22:03 - [MESSAGE][PASSED] - Delayed 2 second(s)&#xD;
&#xD;
2019-09-06 10:22:03 - [TEST_STEP][PASSED] - waitForElementPresent(findTestObject("Regression BackOffice/CLINK - 28718/ChangePassword/OKButton"), 100): Object 'Object Repository/Regression BackOffice/CLINK - 28718/ChangePassword/OKButton' is present&#xD;
&#xD;
2019-09-06 10:22:03 - [MESSAGE][PASSED] - Object 'Object Repository/Regression BackOffice/CLINK - 28718/ChangePassword/OKButton' is present&#xD;
&#xD;
2019-09-06 10:22:03 - [TEST_STEP][PASSED] - click(findTestObject("Regression BackOffice/CLINK - 28718/ChangePassword/OKButton")): Object: 'Object Repository/Regression BackOffice/CLINK - 28718/ChangePassword/OKButton' is clicked on&#xD;
&#xD;
2019-09-06 10:22:04 - [MESSAGE][PASSED] - Object: 'Object Repository/Regression BackOffice/CLINK - 28718/ChangePassword/OKButton' is clicked on&#xD;
&#xD;
2019-09-06 10:22:04 - [TEST_STEP][PASSED] - delay(2): Delayed 2 second(s)&#xD;
&#xD;
2019-09-06 10:22:06 - [MESSAGE][PASSED] - Delayed 2 second(s)&#xD;
&#xD;
2019-09-06 10:22:06 - [TEST_STEP][PASSED] - acceptAlert(): Alert accepted&#xD;
&#xD;
2019-09-06 10:22:06 - [MESSAGE][PASSED] - Alert accepted&#xD;
&#xD;
2019-09-06 10:22:06 - [TEST_STEP][PASSED] - closeBrowser(): Browser is closed&#xD;
&#xD;
2019-09-06 10:22:06 - [MESSAGE][PASSED] - Browser is closed</system-out>
            <system-err></system-err>
        </testcase>
        <testcase name="Test Cases/Regression BackOffice (All Browsers)/CLNK-30891 - PRE - Pick up - Service - No Authorization Required - FALSE" classname="Test Cases/Regression BackOffice (All Browsers)/CLNK-30891 - PRE - Pick up - Service - No Authorization Required - FALSE" status="PASSED">
            <system-out>2019-09-06 10:22:09 - [TEST_CASE][PASSED] - Test Cases/Regression BackOffice (All Browsers)/CLNK-30891 - PRE - Pick up - Service - No Authorization Required - FALSE: Test Cases/Regression BackOffice (All Browsers)/CLNK-30891 - PRE - Pick up - Service - No Authorization Required - FALSE&#xD;
&#xD;
2019-09-06 10:22:09 - [TEST_STEP][PASSED] - callTestCase(findTestCase("Regression BackOffice (All Browsers)/CLNK-23439 - Clink - Back office Client"), [:], STOP_ON_FAILURE): Call Test Case 'Test Cases/Regression BackOffice (All Browsers)/CLNK-23439 - Clink - Back office Client' successfully&#xD;
&#xD;
2019-09-06 10:22:09 - [TEST_CASE][PASSED] - Test Cases/Regression BackOffice (All Browsers)/CLNK-23439 - Clink - Back office Client: Test Cases/Regression BackOffice (All Browsers)/CLNK-23439 - Clink - Back office Client&#xD;
&#xD;
2019-09-06 10:22:09 - [TEST_STEP][PASSED] - deleteAllCookies(): Delete all cookies successfully&#xD;
&#xD;
2019-09-06 10:22:09 - [MESSAGE][WARNING] - Cannot delete cookies because browser is closed&#xD;
&#xD;
2019-09-06 10:22:09 - [MESSAGE][PASSED] - Delete all cookies successfully&#xD;
&#xD;
2019-09-06 10:22:09 - [TEST_STEP][PASSED] - openBrowser(G_SiteBackOffice): Browser is opened with url: 'https://qanewpoc.continulink.com:8443/Backoffice/'&#xD;
&#xD;
2019-09-06 10:22:09 - [MESSAGE][INFO] - Starting 'Chrome' driver&#xD;
&#xD;
2019-09-06 10:22:17 - [MESSAGE][PASSED] - Browser is opened with url: 'https://qanewpoc.continulink.com:8443/Backoffice/'&#xD;
&#xD;
2019-09-06 10:22:17 - [TEST_STEP][PASSED] - waitForPageLoad(60): Wait for page load successfully&#xD;
&#xD;
2019-09-06 10:22:17 - [MESSAGE][PASSED] - Wait for page load successfully&#xD;
&#xD;
2019-09-06 10:22:17 - [TEST_STEP][PASSED] - maximizeWindow(): Current window maximized&#xD;
&#xD;
2019-09-06 10:22:21 - [MESSAGE][PASSED] - Current window maximized&#xD;
&#xD;
2019-09-06 10:22:21 - [TEST_STEP][PASSED] - setText(findTestObject("Regression BackOffice/Login/UserBackOffice"), G_UserBackOffice): Text 'automation_admin' is set on object 'Object Repository/Regression BackOffice/Login/UserBackOffice'&#xD;
&#xD;
2019-09-06 10:22:21 - [MESSAGE][PASSED] - Text 'automation_admin' is set on object 'Object Repository/Regression BackOffice/Login/UserBackOffice'&#xD;
&#xD;
2019-09-06 10:22:21 - [TEST_STEP][PASSED] - setText(findTestObject("Regression BackOffice/Login/PasswordBackOffice"), G_PasswordBackOffice): Text 'qwerty' is set on object 'Object Repository/Regression BackOffice/Login/PasswordBackOffice'&#xD;
&#xD;
2019-09-06 10:22:22 - [MESSAGE][PASSED] - Text 'qwerty' is set on object 'Object Repository/Regression BackOffice/Login/PasswordBackOffice'&#xD;
&#xD;
2019-09-06 10:22:22 - [TEST_STEP][PASSED] - click(findTestObject("Regression BackOffice/Login/LoginBackOffice")): Object: 'Object Repository/Regression BackOffice/Login/LoginBackOffice' is clicked on&#xD;
&#xD;
2019-09-06 10:22:26 - [MESSAGE][PASSED] - Object: 'Object Repository/Regression BackOffice/Login/LoginBackOffice' is clicked on&#xD;
&#xD;
2019-09-06 10:22:26 - [TEST_STEP][PASSED] - waitForPageLoad(60): Wait for page load successfully&#xD;
&#xD;
2019-09-06 10:22:26 - [MESSAGE][PASSED] - Wait for page load successfully&#xD;
&#xD;
2019-09-06 10:22:26 - [TEST_STEP][PASSED] - delay(2): Delayed 2 second(s)&#xD;
&#xD;
2019-09-06 10:22:28 - [MESSAGE][PASSED] - Delayed 2 second(s)&#xD;
&#xD;
2019-09-06 10:22:28 - [TEST_STEP][PASSED] - switchToFrame(findTestObject("Regression BackOffice/CLINK-Frames/FrameFrameLeft"), 5, STOP_ON_FAILURE): null&#xD;
&#xD;
2019-09-06 10:22:29 - [TEST_STEP][PASSED] - delay(2): Delayed 2 second(s)&#xD;
&#xD;
2019-09-06 10:22:31 - [MESSAGE][PASSED] - Delayed 2 second(s)&#xD;
&#xD;
2019-09-06 10:22:31 - [TEST_STEP][PASSED] - waitForElementPresent(findTestObject("Regression BackOffice/CLINK-Frames/ClientIntake"), 50): Object 'Object Repository/Regression BackOffice/CLINK-Frames/ClientIntake' is present&#xD;
&#xD;
2019-09-06 10:22:31 - [MESSAGE][PASSED] - Object 'Object Repository/Regression BackOffice/CLINK-Frames/ClientIntake' is present&#xD;
&#xD;
2019-09-06 10:22:31 - [TEST_STEP][PASSED] - verifyElementPresent(findTestObject("Regression BackOffice/CLINK-Frames/ClientIntake"), 100, STOP_ON_FAILURE): Object 'Object Repository/Regression BackOffice/CLINK-Frames/ClientIntake' is present&#xD;
&#xD;
2019-09-06 10:22:31 - [MESSAGE][PASSED] - Object 'Object Repository/Regression BackOffice/CLINK-Frames/ClientIntake' is present&#xD;
&#xD;
2019-09-06 10:22:31 - [TEST_STEP][PASSED] - switchToDefaultContent(): null&#xD;
&#xD;
2019-09-06 10:22:31 - [MESSAGE][PASSED] - Call Test Case 'Test Cases/Regression BackOffice (All Browsers)/CLNK-23439 - Clink - Back office Client' successfully&#xD;
&#xD;
2019-09-06 10:22:31 - [TEST_STEP][PASSED] - waitForPageLoad(60): Wait for page load successfully&#xD;
&#xD;
2019-09-06 10:22:31 - [MESSAGE][PASSED] - Wait for page load successfully&#xD;
&#xD;
2019-09-06 10:22:31 - [TEST_STEP][PASSED] - delay(3): Delayed 3 second(s)&#xD;
&#xD;
2019-09-06 10:22:34 - [MESSAGE][PASSED] - Delayed 3 second(s)&#xD;
&#xD;
2019-09-06 10:22:34 - [TEST_STEP][PASSED] - switchToFrame(findTestObject("Regression BackOffice/CLNK-23449/FrameLeft"), 30): null&#xD;
&#xD;
2019-09-06 10:22:34 - [TEST_STEP][PASSED] - waitForElementPresent(findTestObject("Regression BackOffice/CLINK-30885/FinanceLink"), 100): Object 'Object Repository/Regression BackOffice/CLINK-30885/FinanceLink' is present&#xD;
&#xD;
2019-09-06 10:22:34 - [MESSAGE][PASSED] - Object 'Object Repository/Regression BackOffice/CLINK-30885/FinanceLink' is present&#xD;
&#xD;
2019-09-06 10:22:34 - [TEST_STEP][PASSED] - click(findTestObject("Regression BackOffice/CLINK-30885/FinanceLink")): Object: 'Object Repository/Regression BackOffice/CLINK-30885/FinanceLink' is clicked on&#xD;
&#xD;
2019-09-06 10:22:34 - [MESSAGE][PASSED] - Object: 'Object Repository/Regression BackOffice/CLINK-30885/FinanceLink' is clicked on&#xD;
&#xD;
2019-09-06 10:22:34 - [TEST_STEP][PASSED] - delay(2): Delayed 2 second(s)&#xD;
&#xD;
2019-09-06 10:22:36 - [MESSAGE][PASSED] - Delayed 2 second(s)&#xD;
&#xD;
2019-09-06 10:22:36 - [TEST_STEP][PASSED] - waitForPageLoad(50): Wait for page load successfully&#xD;
&#xD;
2019-09-06 10:22:36 - [MESSAGE][PASSED] - Wait for page load successfully&#xD;
&#xD;
2019-09-06 10:22:36 - [TEST_STEP][PASSED] - waitForElementPresent(findTestObject("Regression BackOffice/CLINK-30891/Group Bill Rates"), 50): Object 'Object Repository/Regression BackOffice/CLINK-30891/Group Bill Rates' is present&#xD;
&#xD;
2019-09-06 10:22:36 - [MESSAGE][PASSED] - Object 'Object Repository/Regression BackOffice/CLINK-30891/Group Bill Rates' is present&#xD;
&#xD;
2019-09-06 10:22:36 - [TEST_STEP][PASSED] - click(findTestObject("Regression BackOffice/CLINK-30891/Group Bill Rates")): Object: 'Object Repository/Regression BackOffice/CLINK-30891/Group Bill Rates' is clicked on&#xD;
&#xD;
2019-09-06 10:22:38 - [MESSAGE][PASSED] - Object: 'Object Repository/Regression BackOffice/CLINK-30891/Group Bill Rates' is clicked on&#xD;
&#xD;
2019-09-06 10:22:38 - [TEST_STEP][PASSED] - delay(2): Delayed 2 second(s)&#xD;
&#xD;
2019-09-06 10:22:40 - [MESSAGE][PASSED] - Delayed 2 second(s)&#xD;
&#xD;
2019-09-06 10:22:40 - [TEST_STEP][PASSED] - switchToDefaultContent(): null&#xD;
&#xD;
2019-09-06 10:22:40 - [TEST_STEP][PASSED] - switchToFrame(findTestObject("Regression BackOffice/CLNK-23449/FrameMain"), 30): null&#xD;
&#xD;
2019-09-06 10:22:40 - [TEST_STEP][PASSED] - waitForElementPresent(findTestObject("Regression BackOffice/CLINK-30891/PayerName"), 50): Object 'Object Repository/Regression BackOffice/CLINK-30891/PayerName' is present&#xD;
&#xD;
2019-09-06 10:22:40 - [MESSAGE][PASSED] - Object 'Object Repository/Regression BackOffice/CLINK-30891/PayerName' is present&#xD;
&#xD;
2019-09-06 10:22:40 - [TEST_STEP][PASSED] - click(findTestObject("Regression BackOffice/CLINK-30891/PayerName")): Object: 'Object Repository/Regression BackOffice/CLINK-30891/PayerName' is clicked on&#xD;
&#xD;
2019-09-06 10:22:40 - [MESSAGE][PASSED] - Object: 'Object Repository/Regression BackOffice/CLINK-30891/PayerName' is clicked on&#xD;
&#xD;
2019-09-06 10:22:40 - [TEST_STEP][PASSED] - sendKeys(findTestObject("Regression BackOffice/CLINK-30891/PayerName"), "AC"): Keys 'AC' sent to object: 'Object Repository/Regression BackOffice/CLINK-30891/PayerName'&#xD;
&#xD;
2019-09-06 10:22:40 - [MESSAGE][PASSED] - Keys 'AC' sent to object: 'Object Repository/Regression BackOffice/CLINK-30891/PayerName'&#xD;
&#xD;
2019-09-06 10:22:40 - [TEST_STEP][PASSED] - sendKeys(findTestObject("Regression BackOffice/CLINK-30891/PayerName"), Keys.chord(ENTER)): Keys 'ENTER + ' sent to object: 'Object Repository/Regression BackOffice/CLINK-30891/PayerName'&#xD;
&#xD;
2019-09-06 10:22:41 - [MESSAGE][PASSED] - Keys 'ENTER + ' sent to object: 'Object Repository/Regression BackOffice/CLINK-30891/PayerName'&#xD;
&#xD;
2019-09-06 10:22:41 - [TEST_STEP][NOT_RUN] - waitForElementPresent(findTestObject("Regression BackOffice/CLINK-30891/PlanName"), 50): NOT_RUN: waitForElementPresent(findTestObject("Regression BackOffice/CLINK-30891/PlanName"), 50)&#xD;
&#xD;
2019-09-06 10:22:41 - [MESSAGE][NOT_RUN] - NOT_RUN: waitForElementPresent(findTestObject("Regression BackOffice/CLINK-30891/PlanName"), 50)&#xD;
&#xD;
2019-09-06 10:22:41 - [TEST_STEP][NOT_RUN] - click(findTestObject("Regression BackOffice/CLINK-30891/PlanName")): NOT_RUN: click(findTestObject("Regression BackOffice/CLINK-30891/PlanName"))&#xD;
&#xD;
2019-09-06 10:22:41 - [MESSAGE][NOT_RUN] - NOT_RUN: click(findTestObject("Regression BackOffice/CLINK-30891/PlanName"))&#xD;
&#xD;
2019-09-06 10:22:41 - [TEST_STEP][NOT_RUN] - sendKeys(findTestObject("Regression BackOffice/CLINK-30891/PlanName"), Keys.chord(ARROW_DOWN, ENTER)): NOT_RUN: sendKeys(findTestObject("Regression BackOffice/CLINK-30891/PlanName"), Keys.chord(ARROW_DOWN, ENTER))&#xD;
&#xD;
2019-09-06 10:22:41 - [MESSAGE][NOT_RUN] - NOT_RUN: sendKeys(findTestObject("Regression BackOffice/CLINK-30891/PlanName"), Keys.chord(ARROW_DOWN, ENTER))&#xD;
&#xD;
2019-09-06 10:22:41 - [TEST_STEP][PASSED] - waitForPageLoad(50): Wait for page load successfully&#xD;
&#xD;
2019-09-06 10:22:41 - [MESSAGE][PASSED] - Wait for page load successfully&#xD;
&#xD;
2019-09-06 10:22:41 - [TEST_STEP][PASSED] - delay(2): Delayed 2 second(s)&#xD;
&#xD;
2019-09-06 10:22:43 - [MESSAGE][PASSED] - Delayed 2 second(s)&#xD;
&#xD;
2019-09-06 10:22:43 - [TEST_STEP][PASSED] - waitForElementPresent(findTestObject("Regression BackOffice/CLINK-30885/SearchButton"), 50): Object 'Object Repository/Regression BackOffice/CLINK-30885/SearchButton' is present&#xD;
&#xD;
2019-09-06 10:22:43 - [MESSAGE][PASSED] - Object 'Object Repository/Regression BackOffice/CLINK-30885/SearchButton' is present&#xD;
&#xD;
2019-09-06 10:22:43 - [TEST_STEP][PASSED] - click(findTestObject("Regression BackOffice/CLINK-30885/SearchButton")): Object: 'Object Repository/Regression BackOffice/CLINK-30885/SearchButton' is clicked on&#xD;
&#xD;
2019-09-06 10:22:44 - [MESSAGE][PASSED] - Object: 'Object Repository/Regression BackOffice/CLINK-30885/SearchButton' is clicked on&#xD;
&#xD;
2019-09-06 10:22:44 - [TEST_STEP][PASSED] - delay(3): Delayed 3 second(s)&#xD;
&#xD;
2019-09-06 10:22:47 - [MESSAGE][PASSED] - Delayed 3 second(s)&#xD;
&#xD;
2019-09-06 10:22:47 - [TEST_STEP][PASSED] - waitForElementPresent(findTestObject("Regression BackOffice/CLINK-30885/Payer Searched"), 50): Object 'Object Repository/Regression BackOffice/CLINK-30885/Payer Searched' is present&#xD;
&#xD;
2019-09-06 10:22:47 - [MESSAGE][PASSED] - Object 'Object Repository/Regression BackOffice/CLINK-30885/Payer Searched' is present&#xD;
&#xD;
2019-09-06 10:22:47 - [TEST_STEP][PASSED] - click(findTestObject("Regression BackOffice/CLINK-30885/Payer Searched")): Object: 'Object Repository/Regression BackOffice/CLINK-30885/Payer Searched' is clicked on&#xD;
&#xD;
2019-09-06 10:22:49 - [MESSAGE][PASSED] - Object: 'Object Repository/Regression BackOffice/CLINK-30885/Payer Searched' is clicked on&#xD;
&#xD;
2019-09-06 10:22:49 - [TEST_STEP][PASSED] - delay(3): Delayed 3 second(s)&#xD;
&#xD;
2019-09-06 10:22:52 - [MESSAGE][PASSED] - Delayed 3 second(s)&#xD;
&#xD;
2019-09-06 10:22:52 - [TEST_STEP][PASSED] - waitForPageLoad(50): Wait for page load successfully&#xD;
&#xD;
2019-09-06 10:22:53 - [MESSAGE][PASSED] - Wait for page load successfully&#xD;
&#xD;
2019-09-06 10:22:53 - [TEST_STEP][PASSED] - waitForElementPresent(findTestObject("Regression BackOffice/CLINK-30891/a_PCA"), 50): Object 'Object Repository/Regression BackOffice/CLINK-30891/a_PCA' is present&#xD;
&#xD;
2019-09-06 10:22:53 - [MESSAGE][PASSED] - Object 'Object Repository/Regression BackOffice/CLINK-30891/a_PCA' is present&#xD;
&#xD;
2019-09-06 10:22:53 - [TEST_STEP][PASSED] - click(findTestObject("Regression BackOffice/CLINK-30891/a_PCA")): Object: 'Object Repository/Regression BackOffice/CLINK-30891/a_PCA' is clicked on&#xD;
&#xD;
2019-09-06 10:22:53 - [MESSAGE][PASSED] - Object: 'Object Repository/Regression BackOffice/CLINK-30891/a_PCA' is clicked on&#xD;
&#xD;
2019-09-06 10:22:53 - [TEST_STEP][PASSED] - delay(3): Delayed 3 second(s)&#xD;
&#xD;
2019-09-06 10:22:56 - [MESSAGE][PASSED] - Delayed 3 second(s)&#xD;
&#xD;
2019-09-06 10:22:56 - [TEST_STEP][PASSED] - waitForElementPresent(findTestObject("Regression BackOffice/CLINK-30891/a_Fecha"), 50): Object 'Object Repository/Regression BackOffice/CLINK-30891/a_Fecha' is present&#xD;
&#xD;
2019-09-06 10:22:56 - [MESSAGE][PASSED] - Object 'Object Repository/Regression BackOffice/CLINK-30891/a_Fecha' is present&#xD;
&#xD;
2019-09-06 10:22:56 - [TEST_STEP][PASSED] - click(findTestObject("Regression BackOffice/CLINK-30891/a_Fecha")): Object: 'Object Repository/Regression BackOffice/CLINK-30891/a_Fecha' is clicked on&#xD;
&#xD;
2019-09-06 10:22:57 - [MESSAGE][PASSED] - Object: 'Object Repository/Regression BackOffice/CLINK-30891/a_Fecha' is clicked on&#xD;
&#xD;
2019-09-06 10:22:57 - [TEST_STEP][PASSED] - delay(3): Delayed 3 second(s)&#xD;
&#xD;
2019-09-06 10:23:00 - [MESSAGE][PASSED] - Delayed 3 second(s)&#xD;
&#xD;
2019-09-06 10:23:00 - [TEST_STEP][PASSED] - waitForElementPresent(findTestObject("Regression BackOffice/CLINK-30891/td_Authorization"), 50): Object 'Object Repository/Regression BackOffice/CLINK-30891/td_Authorization' is present&#xD;
&#xD;
2019-09-06 10:23:00 - [MESSAGE][PASSED] - Object 'Object Repository/Regression BackOffice/CLINK-30891/td_Authorization' is present&#xD;
&#xD;
2019-09-06 10:23:00 - [TEST_STEP][PASSED] - click(findTestObject("Regression BackOffice/CLINK-30891/td_Authorization")): Object: 'Object Repository/Regression BackOffice/CLINK-30891/td_Authorization' is clicked on&#xD;
&#xD;
2019-09-06 10:23:00 - [MESSAGE][PASSED] - Object: 'Object Repository/Regression BackOffice/CLINK-30891/td_Authorization' is clicked on&#xD;
&#xD;
2019-09-06 10:23:00 - [TEST_STEP][PASSED] - delay(3): Delayed 3 second(s)&#xD;
&#xD;
2019-09-06 10:23:03 - [MESSAGE][PASSED] - Delayed 3 second(s)&#xD;
&#xD;
2019-09-06 10:23:03 - [TEST_STEP][PASSED] - if (verifyElementChecked(findTestObject("Regression BackOffice/CLINK-30891/input_Authorization Group_chkNoAuthorizationRequired"), 10)): Delayed 5 second(s)&#xD;
&#xD;
2019-09-06 10:23:04 - [MESSAGE][PASSED] - Object 'Object Repository/Regression BackOffice/CLINK-30891/input_Authorization Group_chkNoAuthorizationRequired' is checked&#xD;
&#xD;
2019-09-06 10:23:04 - [TEST_STEP][PASSED] - click(findTestObject("Regression BackOffice/CLINK-30891/input_Authorization Group_chkNoAuthorizationRequired")): Object: 'Object Repository/Regression BackOffice/CLINK-30891/input_Authorization Group_chkNoAuthorizationRequired' is clicked on&#xD;
&#xD;
2019-09-06 10:23:04 - [MESSAGE][PASSED] - Object: 'Object Repository/Regression BackOffice/CLINK-30891/input_Authorization Group_chkNoAuthorizationRequired' is clicked on&#xD;
&#xD;
2019-09-06 10:23:04 - [TEST_STEP][PASSED] - delay(5): Delayed 5 second(s)&#xD;
&#xD;
2019-09-06 10:23:09 - [MESSAGE][PASSED] - Delayed 5 second(s)&#xD;
&#xD;
2019-09-06 10:23:09 - [TEST_STEP][PASSED] - if (verifyElementNotChecked(findTestObject("Regression BackOffice/CLINK-30891/Authorization Time Frame"), 10)): Delayed 5 second(s)&#xD;
&#xD;
2019-09-06 10:23:09 - [MESSAGE][PASSED] - Object 'Object Repository/Regression BackOffice/CLINK-30891/Authorization Time Frame' is not checked&#xD;
&#xD;
2019-09-06 10:23:09 - [TEST_STEP][PASSED] - click(findTestObject("Regression BackOffice/CLINK-30891/Authorization Time Frame")): Object: 'Object Repository/Regression BackOffice/CLINK-30891/Authorization Time Frame' is clicked on&#xD;
&#xD;
2019-09-06 10:23:09 - [MESSAGE][PASSED] - Object: 'Object Repository/Regression BackOffice/CLINK-30891/Authorization Time Frame' is clicked on&#xD;
&#xD;
2019-09-06 10:23:09 - [TEST_STEP][PASSED] - delay(5): Delayed 5 second(s)&#xD;
&#xD;
2019-09-06 10:23:14 - [MESSAGE][PASSED] - Delayed 5 second(s)&#xD;
&#xD;
2019-09-06 10:23:14 - [TEST_STEP][PASSED] - delay(3): Delayed 3 second(s)&#xD;
&#xD;
2019-09-06 10:23:17 - [MESSAGE][PASSED] - Delayed 3 second(s)&#xD;
&#xD;
2019-09-06 10:23:17 - [TEST_STEP][PASSED] - switchToDefaultContent(): null&#xD;
&#xD;
2019-09-06 10:23:17 - [TEST_STEP][PASSED] - switchToFrame(findTestObject("Regression BackOffice/CLNK-31354/frame_Capture object_BannerFrame"), 30): null&#xD;
&#xD;
2019-09-06 10:23:18 - [TEST_STEP][PASSED] - waitForElementPresent(findTestObject("Regression BackOffice/CLNK-31354/SaveButton"), 50): Object 'Object Repository/Regression BackOffice/CLNK-31354/SaveButton' is present&#xD;
&#xD;
2019-09-06 10:23:18 - [MESSAGE][PASSED] - Object 'Object Repository/Regression BackOffice/CLNK-31354/SaveButton' is present&#xD;
&#xD;
2019-09-06 10:23:18 - [TEST_STEP][PASSED] - click(findTestObject("Regression BackOffice/CLNK-31354/SaveButton")): Object: 'Object Repository/Regression BackOffice/CLNK-31354/SaveButton' is clicked on&#xD;
&#xD;
2019-09-06 10:23:18 - [MESSAGE][PASSED] - Object: 'Object Repository/Regression BackOffice/CLNK-31354/SaveButton' is clicked on&#xD;
&#xD;
2019-09-06 10:23:18 - [TEST_STEP][PASSED] - delay(5): Delayed 5 second(s)&#xD;
&#xD;
2019-09-06 10:23:23 - [MESSAGE][PASSED] - Delayed 5 second(s)&#xD;
&#xD;
2019-09-06 10:23:23 - [TEST_STEP][PASSED] - waitForAlert(30): Alert is present after 30 second(s).&#xD;
&#xD;
2019-09-06 10:23:23 - [MESSAGE][PASSED] - Alert is present after 30 second(s).&#xD;
&#xD;
2019-09-06 10:23:23 - [TEST_STEP][PASSED] - acceptAlert(): Alert accepted&#xD;
&#xD;
2019-09-06 10:23:23 - [MESSAGE][PASSED] - Alert accepted&#xD;
&#xD;
2019-09-06 10:23:23 - [TEST_STEP][PASSED] - delay(3): Delayed 3 second(s)&#xD;
&#xD;
2019-09-06 10:23:26 - [MESSAGE][PASSED] - Delayed 3 second(s)&#xD;
&#xD;
2019-09-06 10:23:26 - [TEST_STEP][PASSED] - acceptAlert(): Alert accepted&#xD;
&#xD;
2019-09-06 10:23:26 - [MESSAGE][PASSED] - Alert accepted&#xD;
&#xD;
2019-09-06 10:23:26 - [TEST_STEP][PASSED] - delay(3): Delayed 3 second(s)&#xD;
&#xD;
2019-09-06 10:23:29 - [MESSAGE][PASSED] - Delayed 3 second(s)&#xD;
&#xD;
2019-09-06 10:23:29 - [TEST_STEP][PASSED] - driver = getWebDriver(): null&#xD;
&#xD;
2019-09-06 10:23:29 - [TEST_STEP][PASSED] - fecha = G_Auth_Date: null&#xD;
&#xD;
2019-09-06 10:23:29 - [TEST_STEP][PASSED] - alert().sendKeys(fecha): null&#xD;
&#xD;
2019-09-06 10:23:29 - [TEST_STEP][PASSED] - acceptAlert(): Alert accepted&#xD;
&#xD;
2019-09-06 10:23:29 - [MESSAGE][PASSED] - Alert accepted&#xD;
&#xD;
2019-09-06 10:23:29 - [TEST_STEP][PASSED] - delay(10): Delayed 10 second(s)&#xD;
&#xD;
2019-09-06 10:23:39 - [MESSAGE][PASSED] - Delayed 10 second(s)</system-out>
            <system-err></system-err>
        </testcase>
        <testcase name="Test Cases/Regression BackOffice (All Browsers)/CLNK-31481 - PRE - Matching First Day of Business Week" classname="Test Cases/Regression BackOffice (All Browsers)/CLNK-31481 - PRE - Matching First Day of Business Week" status="PASSED">
            <system-out>2019-09-06 10:23:41 - [TEST_CASE][PASSED] - Test Cases/Regression BackOffice (All Browsers)/CLNK-31481 - PRE - Matching First Day of Business Week: Test Cases/Regression BackOffice (All Browsers)/CLNK-31481 - PRE - Matching First Day of Business Week&#xD;
&#xD;
2019-09-06 10:23:41 - [TEST_STEP][PASSED] - callTestCase(findTestCase("Regression BackOffice (All Browsers)/CLNK-23439 - Clink - Back office Client"), [:], STOP_ON_FAILURE): Call Test Case 'Test Cases/Regression BackOffice (All Browsers)/CLNK-23439 - Clink - Back office Client' successfully&#xD;
&#xD;
2019-09-06 10:23:41 - [TEST_CASE][PASSED] - Test Cases/Regression BackOffice (All Browsers)/CLNK-23439 - Clink - Back office Client: Test Cases/Regression BackOffice (All Browsers)/CLNK-23439 - Clink - Back office Client&#xD;
&#xD;
2019-09-06 10:23:41 - [TEST_STEP][PASSED] - deleteAllCookies(): Delete all cookies successfully&#xD;
&#xD;
2019-09-06 10:23:41 - [MESSAGE][PASSED] - Delete all cookies successfully&#xD;
&#xD;
2019-09-06 10:23:41 - [TEST_STEP][PASSED] - openBrowser(G_SiteBackOffice): Browser is opened with url: 'https://qanewpoc.continulink.com:8443/Backoffice/'&#xD;
&#xD;
2019-09-06 10:23:41 - [MESSAGE][WARNING] - A browser is already opened. Closing browser and opening a new one&#xD;
&#xD;
2019-09-06 10:23:42 - [MESSAGE][INFO] - Starting 'Chrome' driver&#xD;
&#xD;
2019-09-06 10:23:51 - [MESSAGE][PASSED] - Browser is opened with url: 'https://qanewpoc.continulink.com:8443/Backoffice/'&#xD;
&#xD;
2019-09-06 10:23:51 - [TEST_STEP][PASSED] - waitForPageLoad(60): Wait for page load successfully&#xD;
&#xD;
2019-09-06 10:23:51 - [MESSAGE][PASSED] - Wait for page load successfully&#xD;
&#xD;
2019-09-06 10:23:51 - [TEST_STEP][PASSED] - maximizeWindow(): Current window maximized&#xD;
&#xD;
2019-09-06 10:23:55 - [MESSAGE][PASSED] - Current window maximized&#xD;
&#xD;
2019-09-06 10:23:55 - [TEST_STEP][PASSED] - setText(findTestObject("Regression BackOffice/Login/UserBackOffice"), G_UserBackOffice): Text 'automation_admin' is set on object 'Object Repository/Regression BackOffice/Login/UserBackOffice'&#xD;
&#xD;
2019-09-06 10:23:55 - [MESSAGE][PASSED] - Text 'automation_admin' is set on object 'Object Repository/Regression BackOffice/Login/UserBackOffice'&#xD;
&#xD;
2019-09-06 10:23:55 - [TEST_STEP][PASSED] - setText(findTestObject("Regression BackOffice/Login/PasswordBackOffice"), G_PasswordBackOffice): Text 'qwerty' is set on object 'Object Repository/Regression BackOffice/Login/PasswordBackOffice'&#xD;
&#xD;
2019-09-06 10:23:55 - [MESSAGE][PASSED] - Text 'qwerty' is set on object 'Object Repository/Regression BackOffice/Login/PasswordBackOffice'&#xD;
&#xD;
2019-09-06 10:23:55 - [TEST_STEP][PASSED] - click(findTestObject("Regression BackOffice/Login/LoginBackOffice")): Object: 'Object Repository/Regression BackOffice/Login/LoginBackOffice' is clicked on&#xD;
&#xD;
2019-09-06 10:24:00 - [MESSAGE][PASSED] - Object: 'Object Repository/Regression BackOffice/Login/LoginBackOffice' is clicked on&#xD;
&#xD;
2019-09-06 10:24:00 - [TEST_STEP][PASSED] - waitForPageLoad(60): Wait for page load successfully&#xD;
&#xD;
2019-09-06 10:24:00 - [MESSAGE][PASSED] - Wait for page load successfully&#xD;
&#xD;
2019-09-06 10:24:00 - [TEST_STEP][PASSED] - delay(2): Delayed 2 second(s)&#xD;
&#xD;
2019-09-06 10:24:02 - [MESSAGE][PASSED] - Delayed 2 second(s)&#xD;
&#xD;
2019-09-06 10:24:02 - [TEST_STEP][PASSED] - switchToFrame(findTestObject("Regression BackOffice/CLINK-Frames/FrameFrameLeft"), 5, STOP_ON_FAILURE): null&#xD;
&#xD;
2019-09-06 10:24:02 - [TEST_STEP][PASSED] - delay(2): Delayed 2 second(s)&#xD;
&#xD;
2019-09-06 10:24:04 - [MESSAGE][PASSED] - Delayed 2 second(s)&#xD;
&#xD;
2019-09-06 10:24:04 - [TEST_STEP][PASSED] - waitForElementPresent(findTestObject("Regression BackOffice/CLINK-Frames/ClientIntake"), 50): Object 'Object Repository/Regression BackOffice/CLINK-Frames/ClientIntake' is present&#xD;
&#xD;
2019-09-06 10:24:04 - [MESSAGE][PASSED] - Object 'Object Repository/Regression BackOffice/CLINK-Frames/ClientIntake' is present&#xD;
&#xD;
2019-09-06 10:24:04 - [TEST_STEP][PASSED] - verifyElementPresent(findTestObject("Regression BackOffice/CLINK-Frames/ClientIntake"), 100, STOP_ON_FAILURE): Object 'Object Repository/Regression BackOffice/CLINK-Frames/ClientIntake' is present&#xD;
&#xD;
2019-09-06 10:24:05 - [MESSAGE][PASSED] - Object 'Object Repository/Regression BackOffice/CLINK-Frames/ClientIntake' is present&#xD;
&#xD;
2019-09-06 10:24:05 - [TEST_STEP][PASSED] - switchToDefaultContent(): null&#xD;
&#xD;
2019-09-06 10:24:05 - [MESSAGE][PASSED] - Call Test Case 'Test Cases/Regression BackOffice (All Browsers)/CLNK-23439 - Clink - Back office Client' successfully&#xD;
&#xD;
2019-09-06 10:24:05 - [TEST_STEP][PASSED] - waitForPageLoad(60): Wait for page load successfully&#xD;
&#xD;
2019-09-06 10:24:05 - [MESSAGE][PASSED] - Wait for page load successfully&#xD;
&#xD;
2019-09-06 10:24:05 - [TEST_STEP][PASSED] - delay(3): Delayed 3 second(s)&#xD;
&#xD;
2019-09-06 10:24:08 - [MESSAGE][PASSED] - Delayed 3 second(s)&#xD;
&#xD;
2019-09-06 10:24:08 - [TEST_STEP][PASSED] - switchToFrame(findTestObject("Regression BackOffice/CLNK-23449/FrameLeft"), 30): null&#xD;
&#xD;
2019-09-06 10:24:08 - [TEST_STEP][PASSED] - waitForElementPresent(findTestObject("Regression BackOffice/CLINK-31481/ManagementLink"), 100): Object 'Object Repository/Regression BackOffice/CLINK-31481/ManagementLink' is present&#xD;
&#xD;
2019-09-06 10:24:08 - [MESSAGE][WARNING] - Test object with id 'Object Repository/Regression BackOffice/CLINK-31481/Page_InterLink/frame_Capture object_FrameLeft' does not exist&#xD;
&#xD;
2019-09-06 10:24:08 - [MESSAGE][PASSED] - Object 'Object Repository/Regression BackOffice/CLINK-31481/ManagementLink' is present&#xD;
&#xD;
2019-09-06 10:24:08 - [TEST_STEP][PASSED] - click(findTestObject("Regression BackOffice/CLINK-31481/ManagementLink")): Object: 'Object Repository/Regression BackOffice/CLINK-31481/ManagementLink' is clicked on&#xD;
&#xD;
2019-09-06 10:24:08 - [MESSAGE][WARNING] - Test object with id 'Object Repository/Regression BackOffice/CLINK-31481/Page_InterLink/frame_Capture object_FrameLeft' does not exist&#xD;
&#xD;
2019-09-06 10:24:08 - [MESSAGE][PASSED] - Object: 'Object Repository/Regression BackOffice/CLINK-31481/ManagementLink' is clicked on&#xD;
&#xD;
2019-09-06 10:24:08 - [TEST_STEP][PASSED] - delay(2): Delayed 2 second(s)&#xD;
&#xD;
2019-09-06 10:24:10 - [MESSAGE][PASSED] - Delayed 2 second(s)&#xD;
&#xD;
2019-09-06 10:24:10 - [TEST_STEP][PASSED] - waitForPageLoad(50): Wait for page load successfully&#xD;
&#xD;
2019-09-06 10:24:10 - [MESSAGE][PASSED] - Wait for page load successfully&#xD;
&#xD;
2019-09-06 10:24:10 - [TEST_STEP][PASSED] - waitForElementPresent(findTestObject("Regression BackOffice/CLINK-31481/Business Unit Demographics"), 50): Object 'Object Repository/Regression BackOffice/CLINK-31481/Business Unit Demographics' is present&#xD;
&#xD;
2019-09-06 10:24:10 - [MESSAGE][PASSED] - Object 'Object Repository/Regression BackOffice/CLINK-31481/Business Unit Demographics' is present&#xD;
&#xD;
2019-09-06 10:24:10 - [TEST_STEP][PASSED] - click(findTestObject("Regression BackOffice/CLINK-31481/Business Unit Demographics")): Object: 'Object Repository/Regression BackOffice/CLINK-31481/Business Unit Demographics' is clicked on&#xD;
&#xD;
2019-09-06 10:24:18 - [MESSAGE][PASSED] - Object: 'Object Repository/Regression BackOffice/CLINK-31481/Business Unit Demographics' is clicked on&#xD;
&#xD;
2019-09-06 10:24:18 - [TEST_STEP][PASSED] - delay(2): Delayed 2 second(s)&#xD;
&#xD;
2019-09-06 10:24:20 - [MESSAGE][PASSED] - Delayed 2 second(s)&#xD;
&#xD;
2019-09-06 10:24:20 - [TEST_STEP][PASSED] - switchToDefaultContent(): null&#xD;
&#xD;
2019-09-06 10:24:21 - [TEST_STEP][PASSED] - switchToFrame(findTestObject("Regression BackOffice/CLNK-23449/FrameMain"), 30): null&#xD;
&#xD;
2019-09-06 10:24:21 - [TEST_STEP][PASSED] - waitForElementPresent(findTestObject("Regression BackOffice/CLINK-31481/WeekDay"), 50): Object 'Object Repository/Regression BackOffice/CLINK-31481/WeekDay' is present&#xD;
&#xD;
2019-09-06 10:24:21 - [MESSAGE][PASSED] - Object 'Object Repository/Regression BackOffice/CLINK-31481/WeekDay' is present&#xD;
&#xD;
2019-09-06 10:24:21 - [TEST_STEP][PASSED] - click(findTestObject("Regression BackOffice/CLINK-31481/WeekDay")): Object: 'Object Repository/Regression BackOffice/CLINK-31481/WeekDay' is clicked on&#xD;
&#xD;
2019-09-06 10:24:21 - [MESSAGE][PASSED] - Object: 'Object Repository/Regression BackOffice/CLINK-31481/WeekDay' is clicked on&#xD;
&#xD;
2019-09-06 10:24:21 - [TEST_STEP][PASSED] - sendKeys(findTestObject("Regression BackOffice/CLINK-31481/WeekDay"), "Fr"): Keys 'Fr' sent to object: 'Object Repository/Regression BackOffice/CLINK-31481/WeekDay'&#xD;
&#xD;
2019-09-06 10:24:22 - [MESSAGE][PASSED] - Keys 'Fr' sent to object: 'Object Repository/Regression BackOffice/CLINK-31481/WeekDay'&#xD;
&#xD;
2019-09-06 10:24:22 - [TEST_STEP][PASSED] - delay(2): Delayed 2 second(s)&#xD;
&#xD;
2019-09-06 10:24:24 - [MESSAGE][PASSED] - Delayed 2 second(s)&#xD;
&#xD;
2019-09-06 10:24:24 - [TEST_STEP][PASSED] - sendKeys(findTestObject("Regression BackOffice/CLINK-31481/WeekDay"), Keys.chord(ENTER)): Keys 'ENTER + ' sent to object: 'Object Repository/Regression BackOffice/CLINK-31481/WeekDay'&#xD;
&#xD;
2019-09-06 10:24:24 - [MESSAGE][PASSED] - Keys 'ENTER + ' sent to object: 'Object Repository/Regression BackOffice/CLINK-31481/WeekDay'&#xD;
&#xD;
2019-09-06 10:24:24 - [TEST_STEP][PASSED] - delay(2): Delayed 2 second(s)&#xD;
&#xD;
2019-09-06 10:24:26 - [MESSAGE][PASSED] - Delayed 2 second(s)&#xD;
&#xD;
2019-09-06 10:24:26 - [TEST_STEP][PASSED] - switchToDefaultContent(): null&#xD;
&#xD;
2019-09-06 10:24:26 - [TEST_STEP][PASSED] - switchToFrame(findTestObject("Regression BackOffice/CLNK-31354/frame_Capture object_BannerFrame"), 30): null&#xD;
&#xD;
2019-09-06 10:24:26 - [TEST_STEP][PASSED] - waitForElementPresent(findTestObject("Regression BackOffice/CLNK-31354/SaveButton"), 50): Object 'Object Repository/Regression BackOffice/CLNK-31354/SaveButton' is present&#xD;
&#xD;
2019-09-06 10:24:26 - [MESSAGE][PASSED] - Object 'Object Repository/Regression BackOffice/CLNK-31354/SaveButton' is present&#xD;
&#xD;
2019-09-06 10:24:26 - [TEST_STEP][PASSED] - click(findTestObject("Regression BackOffice/CLNK-31354/SaveButton")): Object: 'Object Repository/Regression BackOffice/CLNK-31354/SaveButton' is clicked on&#xD;
&#xD;
2019-09-06 10:24:49 - [MESSAGE][PASSED] - Object: 'Object Repository/Regression BackOffice/CLNK-31354/SaveButton' is clicked on&#xD;
&#xD;
2019-09-06 10:24:49 - [TEST_STEP][PASSED] - delay(5): Delayed 5 second(s)&#xD;
&#xD;
2019-09-06 10:24:54 - [MESSAGE][PASSED] - Delayed 5 second(s)&#xD;
&#xD;
2019-09-06 10:24:54 - [TEST_STEP][NOT_RUN] - waitForPageLoad(50): NOT_RUN: waitForPageLoad(50)&#xD;
&#xD;
2019-09-06 10:24:54 - [MESSAGE][NOT_RUN] - NOT_RUN: waitForPageLoad(50)&#xD;
&#xD;
2019-09-06 10:24:54 - [TEST_STEP][NOT_RUN] - switchToDefaultContent(): NOT_RUN: switchToDefaultContent()&#xD;
&#xD;
2019-09-06 10:24:54 - [MESSAGE][NOT_RUN] - NOT_RUN: switchToDefaultContent()&#xD;
&#xD;
2019-09-06 10:24:54 - [TEST_STEP][NOT_RUN] - switchToFrame(findTestObject("Regression BackOffice/CLNK-23449/FrameLeft"), 30): NOT_RUN: switchToFrame(findTestObject("Regression BackOffice/CLNK-23449/FrameLeft"), 30)&#xD;
&#xD;
2019-09-06 10:24:54 - [MESSAGE][NOT_RUN] - NOT_RUN: switchToFrame(findTestObject("Regression BackOffice/CLNK-23449/FrameLeft"), 30)&#xD;
&#xD;
2019-09-06 10:24:54 - [TEST_STEP][NOT_RUN] - waitForElementPresent(findTestObject("Regression BackOffice/CLINK-30885/FinanceLink"), 100): NOT_RUN: waitForElementPresent(findTestObject("Regression BackOffice/CLINK-30885/FinanceLink"), 100)&#xD;
&#xD;
2019-09-06 10:24:54 - [MESSAGE][NOT_RUN] - NOT_RUN: waitForElementPresent(findTestObject("Regression BackOffice/CLINK-30885/FinanceLink"), 100)&#xD;
&#xD;
2019-09-06 10:24:54 - [TEST_STEP][NOT_RUN] - click(findTestObject("Regression BackOffice/CLINK-30885/FinanceLink")): NOT_RUN: click(findTestObject("Regression BackOffice/CLINK-30885/FinanceLink"))&#xD;
&#xD;
2019-09-06 10:24:54 - [MESSAGE][NOT_RUN] - NOT_RUN: click(findTestObject("Regression BackOffice/CLINK-30885/FinanceLink"))&#xD;
&#xD;
2019-09-06 10:24:54 - [TEST_STEP][NOT_RUN] - delay(2): NOT_RUN: delay(2)&#xD;
&#xD;
2019-09-06 10:24:54 - [MESSAGE][NOT_RUN] - NOT_RUN: delay(2)&#xD;
&#xD;
2019-09-06 10:24:54 - [TEST_STEP][NOT_RUN] - waitForPageLoad(50): NOT_RUN: waitForPageLoad(50)&#xD;
&#xD;
2019-09-06 10:24:54 - [MESSAGE][NOT_RUN] - NOT_RUN: waitForPageLoad(50)&#xD;
&#xD;
2019-09-06 10:24:54 - [TEST_STEP][NOT_RUN] - waitForElementPresent(findTestObject("Regression BackOffice/CLINK-30885/Group Bill RulesLink"), 50): NOT_RUN: waitForElementPresent(findTestObject("Regression BackOffice/CLINK-30885/Group Bill RulesLink"), 50)&#xD;
&#xD;
2019-09-06 10:24:54 - [MESSAGE][NOT_RUN] - NOT_RUN: waitForElementPresent(findTestObject("Regression BackOffice/CLINK-30885/Group Bill RulesLink"), 50)&#xD;
&#xD;
2019-09-06 10:24:54 - [TEST_STEP][NOT_RUN] - click(findTestObject("Regression BackOffice/CLINK-30885/Group Bill RulesLink")): NOT_RUN: click(findTestObject("Regression BackOffice/CLINK-30885/Group Bill RulesLink"))&#xD;
&#xD;
2019-09-06 10:24:54 - [MESSAGE][NOT_RUN] - NOT_RUN: click(findTestObject("Regression BackOffice/CLINK-30885/Group Bill RulesLink"))&#xD;
&#xD;
2019-09-06 10:24:54 - [TEST_STEP][NOT_RUN] - delay(2): NOT_RUN: delay(2)&#xD;
&#xD;
2019-09-06 10:24:54 - [MESSAGE][NOT_RUN] - NOT_RUN: delay(2)&#xD;
&#xD;
2019-09-06 10:24:54 - [TEST_STEP][NOT_RUN] - switchToDefaultContent(): NOT_RUN: switchToDefaultContent()&#xD;
&#xD;
2019-09-06 10:24:54 - [MESSAGE][NOT_RUN] - NOT_RUN: switchToDefaultContent()&#xD;
&#xD;
2019-09-06 10:24:54 - [TEST_STEP][NOT_RUN] - switchToFrame(findTestObject("Regression BackOffice/CLNK-23449/FrameMain"), 30): NOT_RUN: switchToFrame(findTestObject("Regression BackOffice/CLNK-23449/FrameMain"), 30)&#xD;
&#xD;
2019-09-06 10:24:54 - [MESSAGE][NOT_RUN] - NOT_RUN: switchToFrame(findTestObject("Regression BackOffice/CLNK-23449/FrameMain"), 30)&#xD;
&#xD;
2019-09-06 10:24:54 - [TEST_STEP][NOT_RUN] - waitForElementPresent(findTestObject("Regression BackOffice/CLINK-30885/PayerName"), 50): NOT_RUN: waitForElementPresent(findTestObject("Regression BackOffice/CLINK-30885/PayerName"), 50)&#xD;
&#xD;
2019-09-06 10:24:54 - [MESSAGE][NOT_RUN] - NOT_RUN: waitForElementPresent(findTestObject("Regression BackOffice/CLINK-30885/PayerName"), 50)&#xD;
&#xD;
2019-09-06 10:24:54 - [TEST_STEP][NOT_RUN] - click(findTestObject("Regression BackOffice/CLINK-30885/PayerName")): NOT_RUN: click(findTestObject("Regression BackOffice/CLINK-30885/PayerName"))&#xD;
&#xD;
2019-09-06 10:24:54 - [MESSAGE][NOT_RUN] - NOT_RUN: click(findTestObject("Regression BackOffice/CLINK-30885/PayerName"))&#xD;
&#xD;
2019-09-06 10:24:54 - [TEST_STEP][NOT_RUN] - sendKeys(findTestObject("Regression BackOffice/CLINK-30885/PayerName"), "AC"): NOT_RUN: sendKeys(findTestObject("Regression BackOffice/CLINK-30885/PayerName"), "AC")&#xD;
&#xD;
2019-09-06 10:24:54 - [MESSAGE][NOT_RUN] - NOT_RUN: sendKeys(findTestObject("Regression BackOffice/CLINK-30885/PayerName"), "AC")&#xD;
&#xD;
2019-09-06 10:24:54 - [TEST_STEP][NOT_RUN] - sendKeys(findTestObject("Regression BackOffice/CLINK-30885/PayerName"), Keys.chord(ENTER)): NOT_RUN: sendKeys(findTestObject("Regression BackOffice/CLINK-30885/PayerName"), Keys.chord(ENTER))&#xD;
&#xD;
2019-09-06 10:24:54 - [MESSAGE][NOT_RUN] - NOT_RUN: sendKeys(findTestObject("Regression BackOffice/CLINK-30885/PayerName"), Keys.chord(ENTER))&#xD;
&#xD;
2019-09-06 10:24:54 - [TEST_STEP][NOT_RUN] - waitForElementPresent(findTestObject("Regression BackOffice/CLINK-30885/PlanName"), 50): NOT_RUN: waitForElementPresent(findTestObject("Regression BackOffice/CLINK-30885/PlanName"), 50)&#xD;
&#xD;
2019-09-06 10:24:54 - [MESSAGE][NOT_RUN] - NOT_RUN: waitForElementPresent(findTestObject("Regression BackOffice/CLINK-30885/PlanName"), 50)&#xD;
&#xD;
2019-09-06 10:24:54 - [TEST_STEP][NOT_RUN] - click(findTestObject("Regression BackOffice/CLINK-30885/PlanName")): NOT_RUN: click(findTestObject("Regression BackOffice/CLINK-30885/PlanName"))&#xD;
&#xD;
2019-09-06 10:24:54 - [MESSAGE][NOT_RUN] - NOT_RUN: click(findTestObject("Regression BackOffice/CLINK-30885/PlanName"))&#xD;
&#xD;
2019-09-06 10:24:54 - [TEST_STEP][NOT_RUN] - sendKeys(findTestObject("Regression BackOffice/CLINK-30885/PlanName"), Keys.chord(ARROW_DOWN, ENTER)): NOT_RUN: sendKeys(findTestObject("Regression BackOffice/CLINK-30885/PlanName"), Keys.chord(ARROW_DOWN, ENTER))&#xD;
&#xD;
2019-09-06 10:24:54 - [MESSAGE][NOT_RUN] - NOT_RUN: sendKeys(findTestObject("Regression BackOffice/CLINK-30885/PlanName"), Keys.chord(ARROW_DOWN, ENTER))&#xD;
&#xD;
2019-09-06 10:24:54 - [TEST_STEP][NOT_RUN] - waitForPageLoad(50): NOT_RUN: waitForPageLoad(50)&#xD;
&#xD;
2019-09-06 10:24:54 - [MESSAGE][NOT_RUN] - NOT_RUN: waitForPageLoad(50)&#xD;
&#xD;
2019-09-06 10:24:54 - [TEST_STEP][NOT_RUN] - delay(2): NOT_RUN: delay(2)&#xD;
&#xD;
2019-09-06 10:24:54 - [MESSAGE][NOT_RUN] - NOT_RUN: delay(2)&#xD;
&#xD;
2019-09-06 10:24:54 - [TEST_STEP][NOT_RUN] - waitForElementPresent(findTestObject("Regression BackOffice/CLINK-30885/SearchButton"), 50): NOT_RUN: waitForElementPresent(findTestObject("Regression BackOffice/CLINK-30885/SearchButton"), 50)&#xD;
&#xD;
2019-09-06 10:24:54 - [MESSAGE][NOT_RUN] - NOT_RUN: waitForElementPresent(findTestObject("Regression BackOffice/CLINK-30885/SearchButton"), 50)&#xD;
&#xD;
2019-09-06 10:24:54 - [TEST_STEP][NOT_RUN] - click(findTestObject("Regression BackOffice/CLINK-30885/SearchButton")): NOT_RUN: click(findTestObject("Regression BackOffice/CLINK-30885/SearchButton"))&#xD;
&#xD;
2019-09-06 10:24:54 - [MESSAGE][NOT_RUN] - NOT_RUN: click(findTestObject("Regression BackOffice/CLINK-30885/SearchButton"))&#xD;
&#xD;
2019-09-06 10:24:54 - [TEST_STEP][NOT_RUN] - delay(5): NOT_RUN: delay(5)&#xD;
&#xD;
2019-09-06 10:24:54 - [MESSAGE][NOT_RUN] - NOT_RUN: delay(5)&#xD;
&#xD;
2019-09-06 10:24:54 - [TEST_STEP][NOT_RUN] - waitForElementPresent(findTestObject("Regression BackOffice/CLINK-30885/Payer Searched"), 50): NOT_RUN: waitForElementPresent(findTestObject("Regression BackOffice/CLINK-30885/Payer Searched"), 50)&#xD;
&#xD;
2019-09-06 10:24:54 - [MESSAGE][NOT_RUN] - NOT_RUN: waitForElementPresent(findTestObject("Regression BackOffice/CLINK-30885/Payer Searched"), 50)&#xD;
&#xD;
2019-09-06 10:24:54 - [TEST_STEP][NOT_RUN] - click(findTestObject("Regression BackOffice/CLINK-30885/Payer Searched")): NOT_RUN: click(findTestObject("Regression BackOffice/CLINK-30885/Payer Searched"))&#xD;
&#xD;
2019-09-06 10:24:54 - [MESSAGE][NOT_RUN] - NOT_RUN: click(findTestObject("Regression BackOffice/CLINK-30885/Payer Searched"))&#xD;
&#xD;
2019-09-06 10:24:54 - [TEST_STEP][NOT_RUN] - delay(2): NOT_RUN: delay(2)&#xD;
&#xD;
2019-09-06 10:24:54 - [MESSAGE][NOT_RUN] - NOT_RUN: delay(2)&#xD;
&#xD;
2019-09-06 10:24:54 - [TEST_STEP][NOT_RUN] - waitForPageLoad(50): NOT_RUN: waitForPageLoad(50)&#xD;
&#xD;
2019-09-06 10:24:54 - [MESSAGE][NOT_RUN] - NOT_RUN: waitForPageLoad(50)&#xD;
&#xD;
2019-09-06 10:24:54 - [TEST_STEP][NOT_RUN] - waitForElementPresent(findTestObject("Regression BackOffice/CLINK-30885/Frequency"), 50): NOT_RUN: waitForElementPresent(findTestObject("Regression BackOffice/CLINK-30885/Frequency"), 50)&#xD;
&#xD;
2019-09-06 10:24:54 - [MESSAGE][NOT_RUN] - NOT_RUN: waitForElementPresent(findTestObject("Regression BackOffice/CLINK-30885/Frequency"), 50)&#xD;
&#xD;
2019-09-06 10:24:54 - [TEST_STEP][NOT_RUN] - click(findTestObject("Regression BackOffice/CLINK-30885/Frequency")): NOT_RUN: click(findTestObject("Regression BackOffice/CLINK-30885/Frequency"))&#xD;
&#xD;
2019-09-06 10:24:54 - [MESSAGE][NOT_RUN] - NOT_RUN: click(findTestObject("Regression BackOffice/CLINK-30885/Frequency"))&#xD;
&#xD;
2019-09-06 10:24:54 - [TEST_STEP][NOT_RUN] - sendKeys(findTestObject("Regression BackOffice/CLINK-30885/Frequency"), Keys.chord(ARROW_UP, ARROW_UP, ARROW_UP, ENTER)): NOT_RUN: sendKeys(findTestObject("Regression BackOffice/CLINK-30885/Frequency"), Keys.chord(ARROW_UP, ARROW_UP, ARROW_UP, ENTER))&#xD;
&#xD;
2019-09-06 10:24:54 - [MESSAGE][NOT_RUN] - NOT_RUN: sendKeys(findTestObject("Regression BackOffice/CLINK-30885/Frequency"), Keys.chord(ARROW_UP, ARROW_UP, ARROW_UP, ENTER))&#xD;
&#xD;
2019-09-06 10:24:54 - [TEST_STEP][NOT_RUN] - delay(5): NOT_RUN: delay(5)&#xD;
&#xD;
2019-09-06 10:24:54 - [MESSAGE][NOT_RUN] - NOT_RUN: delay(5)</system-out>
            <system-err></system-err>
        </testcase>
        <testcase name="Test Cases/Regression BackOffice (All Browsers)/CLNK-30885 - PRE - FLAGS - GBRules - OFF" classname="Test Cases/Regression BackOffice (All Browsers)/CLNK-30885 - PRE - FLAGS - GBRules - OFF" status="PASSED">
            <system-out>2019-09-06 10:24:56 - [TEST_CASE][PASSED] - Test Cases/Regression BackOffice (All Browsers)/CLNK-30885 - PRE - FLAGS - GBRules - OFF: Test Cases/Regression BackOffice (All Browsers)/CLNK-30885 - PRE - FLAGS - GBRules - OFF&#xD;
&#xD;
2019-09-06 10:24:56 - [TEST_STEP][PASSED] - callTestCase(findTestCase("Regression BackOffice (All Browsers)/CLNK-23439 - Clink - Back office Client"), [:], STOP_ON_FAILURE): Call Test Case 'Test Cases/Regression BackOffice (All Browsers)/CLNK-23439 - Clink - Back office Client' successfully&#xD;
&#xD;
2019-09-06 10:24:57 - [TEST_CASE][PASSED] - Test Cases/Regression BackOffice (All Browsers)/CLNK-23439 - Clink - Back office Client: Test Cases/Regression BackOffice (All Browsers)/CLNK-23439 - Clink - Back office Client&#xD;
&#xD;
2019-09-06 10:24:57 - [TEST_STEP][PASSED] - deleteAllCookies(): Delete all cookies successfully&#xD;
&#xD;
2019-09-06 10:24:57 - [MESSAGE][PASSED] - Delete all cookies successfully&#xD;
&#xD;
2019-09-06 10:24:57 - [TEST_STEP][PASSED] - openBrowser(G_SiteBackOffice): Browser is opened with url: 'https://qanewpoc.continulink.com:8443/Backoffice/'&#xD;
&#xD;
2019-09-06 10:24:57 - [MESSAGE][WARNING] - A browser is already opened. Closing browser and opening a new one&#xD;
&#xD;
2019-09-06 10:24:57 - [MESSAGE][INFO] - Starting 'Chrome' driver&#xD;
&#xD;
2019-09-06 10:25:05 - [MESSAGE][PASSED] - Browser is opened with url: 'https://qanewpoc.continulink.com:8443/Backoffice/'&#xD;
&#xD;
2019-09-06 10:25:05 - [TEST_STEP][PASSED] - waitForPageLoad(60): Wait for page load successfully&#xD;
&#xD;
2019-09-06 10:25:05 - [MESSAGE][PASSED] - Wait for page load successfully&#xD;
&#xD;
2019-09-06 10:25:05 - [TEST_STEP][PASSED] - maximizeWindow(): Current window maximized&#xD;
&#xD;
2019-09-06 10:25:09 - [MESSAGE][PASSED] - Current window maximized&#xD;
&#xD;
2019-09-06 10:25:09 - [TEST_STEP][PASSED] - setText(findTestObject("Regression BackOffice/Login/UserBackOffice"), G_UserBackOffice): Text 'automation_admin' is set on object 'Object Repository/Regression BackOffice/Login/UserBackOffice'&#xD;
&#xD;
2019-09-06 10:25:09 - [MESSAGE][PASSED] - Text 'automation_admin' is set on object 'Object Repository/Regression BackOffice/Login/UserBackOffice'&#xD;
&#xD;
2019-09-06 10:25:09 - [TEST_STEP][PASSED] - setText(findTestObject("Regression BackOffice/Login/PasswordBackOffice"), G_PasswordBackOffice): Text 'qwerty' is set on object 'Object Repository/Regression BackOffice/Login/PasswordBackOffice'&#xD;
&#xD;
2019-09-06 10:25:10 - [MESSAGE][PASSED] - Text 'qwerty' is set on object 'Object Repository/Regression BackOffice/Login/PasswordBackOffice'&#xD;
&#xD;
2019-09-06 10:25:10 - [TEST_STEP][PASSED] - click(findTestObject("Regression BackOffice/Login/LoginBackOffice")): Object: 'Object Repository/Regression BackOffice/Login/LoginBackOffice' is clicked on&#xD;
&#xD;
2019-09-06 10:25:14 - [MESSAGE][PASSED] - Object: 'Object Repository/Regression BackOffice/Login/LoginBackOffice' is clicked on&#xD;
&#xD;
2019-09-06 10:25:14 - [TEST_STEP][PASSED] - waitForPageLoad(60): Wait for page load successfully&#xD;
&#xD;
2019-09-06 10:25:14 - [MESSAGE][PASSED] - Wait for page load successfully&#xD;
&#xD;
2019-09-06 10:25:14 - [TEST_STEP][PASSED] - delay(2): Delayed 2 second(s)&#xD;
&#xD;
2019-09-06 10:25:16 - [MESSAGE][PASSED] - Delayed 2 second(s)&#xD;
&#xD;
2019-09-06 10:25:16 - [TEST_STEP][PASSED] - switchToFrame(findTestObject("Regression BackOffice/CLINK-Frames/FrameFrameLeft"), 5, STOP_ON_FAILURE): null&#xD;
&#xD;
2019-09-06 10:25:17 - [TEST_STEP][PASSED] - delay(2): Delayed 2 second(s)&#xD;
&#xD;
2019-09-06 10:25:19 - [MESSAGE][PASSED] - Delayed 2 second(s)&#xD;
&#xD;
2019-09-06 10:25:19 - [TEST_STEP][PASSED] - waitForElementPresent(findTestObject("Regression BackOffice/CLINK-Frames/ClientIntake"), 50): Object 'Object Repository/Regression BackOffice/CLINK-Frames/ClientIntake' is present&#xD;
&#xD;
2019-09-06 10:25:19 - [MESSAGE][PASSED] - Object 'Object Repository/Regression BackOffice/CLINK-Frames/ClientIntake' is present&#xD;
&#xD;
2019-09-06 10:25:19 - [TEST_STEP][PASSED] - verifyElementPresent(findTestObject("Regression BackOffice/CLINK-Frames/ClientIntake"), 100, STOP_ON_FAILURE): Object 'Object Repository/Regression BackOffice/CLINK-Frames/ClientIntake' is present&#xD;
&#xD;
2019-09-06 10:25:19 - [MESSAGE][PASSED] - Object 'Object Repository/Regression BackOffice/CLINK-Frames/ClientIntake' is present&#xD;
&#xD;
2019-09-06 10:25:19 - [TEST_STEP][PASSED] - switchToDefaultContent(): null&#xD;
&#xD;
2019-09-06 10:25:19 - [MESSAGE][PASSED] - Call Test Case 'Test Cases/Regression BackOffice (All Browsers)/CLNK-23439 - Clink - Back office Client' successfully&#xD;
&#xD;
2019-09-06 10:25:19 - [TEST_STEP][PASSED] - waitForPageLoad(60): Wait for page load successfully&#xD;
&#xD;
2019-09-06 10:25:19 - [MESSAGE][PASSED] - Wait for page load successfully&#xD;
&#xD;
2019-09-06 10:25:19 - [TEST_STEP][PASSED] - delay(3): Delayed 3 second(s)&#xD;
&#xD;
2019-09-06 10:25:22 - [MESSAGE][PASSED] - Delayed 3 second(s)&#xD;
&#xD;
2019-09-06 10:25:22 - [TEST_STEP][PASSED] - switchToFrame(findTestObject("Regression BackOffice/CLNK-23449/FrameLeft"), 30): null&#xD;
&#xD;
2019-09-06 10:25:22 - [TEST_STEP][PASSED] - waitForElementPresent(findTestObject("Regression BackOffice/CLINK-30885/FinanceLink"), 100): Object 'Object Repository/Regression BackOffice/CLINK-30885/FinanceLink' is present&#xD;
&#xD;
2019-09-06 10:25:22 - [MESSAGE][PASSED] - Object 'Object Repository/Regression BackOffice/CLINK-30885/FinanceLink' is present&#xD;
&#xD;
2019-09-06 10:25:22 - [TEST_STEP][PASSED] - click(findTestObject("Regression BackOffice/CLINK-30885/FinanceLink")): Object: 'Object Repository/Regression BackOffice/CLINK-30885/FinanceLink' is clicked on&#xD;
&#xD;
2019-09-06 10:25:22 - [MESSAGE][PASSED] - Object: 'Object Repository/Regression BackOffice/CLINK-30885/FinanceLink' is clicked on&#xD;
&#xD;
2019-09-06 10:25:22 - [TEST_STEP][PASSED] - delay(2): Delayed 2 second(s)&#xD;
&#xD;
2019-09-06 10:25:24 - [MESSAGE][PASSED] - Delayed 2 second(s)&#xD;
&#xD;
2019-09-06 10:25:24 - [TEST_STEP][PASSED] - waitForPageLoad(50): Wait for page load successfully&#xD;
&#xD;
2019-09-06 10:25:24 - [MESSAGE][PASSED] - Wait for page load successfully&#xD;
&#xD;
2019-09-06 10:25:24 - [TEST_STEP][PASSED] - waitForElementPresent(findTestObject("Regression BackOffice/CLINK-30885/Group Bill RulesLink"), 50): Object 'Object Repository/Regression BackOffice/CLINK-30885/Group Bill RulesLink' is present&#xD;
&#xD;
2019-09-06 10:25:24 - [MESSAGE][PASSED] - Object 'Object Repository/Regression BackOffice/CLINK-30885/Group Bill RulesLink' is present&#xD;
&#xD;
2019-09-06 10:25:24 - [TEST_STEP][PASSED] - click(findTestObject("Regression BackOffice/CLINK-30885/Group Bill RulesLink")): Object: 'Object Repository/Regression BackOffice/CLINK-30885/Group Bill RulesLink' is clicked on&#xD;
&#xD;
2019-09-06 10:25:26 - [MESSAGE][PASSED] - Object: 'Object Repository/Regression BackOffice/CLINK-30885/Group Bill RulesLink' is clicked on&#xD;
&#xD;
2019-09-06 10:25:26 - [TEST_STEP][PASSED] - delay(2): Delayed 2 second(s)&#xD;
&#xD;
2019-09-06 10:25:28 - [MESSAGE][PASSED] - Delayed 2 second(s)&#xD;
&#xD;
2019-09-06 10:25:28 - [TEST_STEP][PASSED] - switchToDefaultContent(): null&#xD;
&#xD;
2019-09-06 10:25:28 - [TEST_STEP][PASSED] - switchToFrame(findTestObject("Regression BackOffice/CLNK-23449/FrameMain"), 30): null&#xD;
&#xD;
2019-09-06 10:25:28 - [TEST_STEP][PASSED] - waitForElementPresent(findTestObject("Regression BackOffice/CLINK-30885/PayerName"), 50): Object 'Object Repository/Regression BackOffice/CLINK-30885/PayerName' is present&#xD;
&#xD;
2019-09-06 10:25:28 - [MESSAGE][PASSED] - Object 'Object Repository/Regression BackOffice/CLINK-30885/PayerName' is present&#xD;
&#xD;
2019-09-06 10:25:28 - [TEST_STEP][PASSED] - click(findTestObject("Regression BackOffice/CLINK-30885/PayerName")): Object: 'Object Repository/Regression BackOffice/CLINK-30885/PayerName' is clicked on&#xD;
&#xD;
2019-09-06 10:25:28 - [MESSAGE][PASSED] - Object: 'Object Repository/Regression BackOffice/CLINK-30885/PayerName' is clicked on&#xD;
&#xD;
2019-09-06 10:25:28 - [TEST_STEP][PASSED] - sendKeys(findTestObject("Regression BackOffice/CLINK-30885/PayerName"), "AC"): Keys 'AC' sent to object: 'Object Repository/Regression BackOffice/CLINK-30885/PayerName'&#xD;
&#xD;
2019-09-06 10:25:28 - [MESSAGE][PASSED] - Keys 'AC' sent to object: 'Object Repository/Regression BackOffice/CLINK-30885/PayerName'&#xD;
&#xD;
2019-09-06 10:25:28 - [TEST_STEP][PASSED] - sendKeys(findTestObject("Regression BackOffice/CLINK-30885/PayerName"), Keys.chord(ENTER)): Keys 'ENTER + ' sent to object: 'Object Repository/Regression BackOffice/CLINK-30885/PayerName'&#xD;
&#xD;
2019-09-06 10:25:29 - [MESSAGE][PASSED] - Keys 'ENTER + ' sent to object: 'Object Repository/Regression BackOffice/CLINK-30885/PayerName'&#xD;
&#xD;
2019-09-06 10:25:29 - [TEST_STEP][NOT_RUN] - waitForElementPresent(findTestObject("Regression BackOffice/CLINK-30885/PlanName"), 50): NOT_RUN: waitForElementPresent(findTestObject("Regression BackOffice/CLINK-30885/PlanName"), 50)&#xD;
&#xD;
2019-09-06 10:25:29 - [MESSAGE][NOT_RUN] - NOT_RUN: waitForElementPresent(findTestObject("Regression BackOffice/CLINK-30885/PlanName"), 50)&#xD;
&#xD;
2019-09-06 10:25:29 - [TEST_STEP][NOT_RUN] - click(findTestObject("Regression BackOffice/CLINK-30885/PlanName")): NOT_RUN: click(findTestObject("Regression BackOffice/CLINK-30885/PlanName"))&#xD;
&#xD;
2019-09-06 10:25:29 - [MESSAGE][NOT_RUN] - NOT_RUN: click(findTestObject("Regression BackOffice/CLINK-30885/PlanName"))&#xD;
&#xD;
2019-09-06 10:25:29 - [TEST_STEP][NOT_RUN] - sendKeys(findTestObject("Regression BackOffice/CLINK-30885/PlanName"), Keys.chord(ARROW_DOWN, ENTER)): NOT_RUN: sendKeys(findTestObject("Regression BackOffice/CLINK-30885/PlanName"), Keys.chord(ARROW_DOWN, ENTER))&#xD;
&#xD;
2019-09-06 10:25:29 - [MESSAGE][NOT_RUN] - NOT_RUN: sendKeys(findTestObject("Regression BackOffice/CLINK-30885/PlanName"), Keys.chord(ARROW_DOWN, ENTER))&#xD;
&#xD;
2019-09-06 10:25:29 - [TEST_STEP][PASSED] - waitForPageLoad(50): Wait for page load successfully&#xD;
&#xD;
2019-09-06 10:25:29 - [MESSAGE][PASSED] - Wait for page load successfully&#xD;
&#xD;
2019-09-06 10:25:29 - [TEST_STEP][PASSED] - delay(2): Delayed 2 second(s)&#xD;
&#xD;
2019-09-06 10:25:31 - [MESSAGE][PASSED] - Delayed 2 second(s)&#xD;
&#xD;
2019-09-06 10:25:31 - [TEST_STEP][PASSED] - waitForElementPresent(findTestObject("Regression BackOffice/CLINK-30885/SearchButton"), 50): Object 'Object Repository/Regression BackOffice/CLINK-30885/SearchButton' is present&#xD;
&#xD;
2019-09-06 10:25:31 - [MESSAGE][PASSED] - Object 'Object Repository/Regression BackOffice/CLINK-30885/SearchButton' is present&#xD;
&#xD;
2019-09-06 10:25:31 - [TEST_STEP][PASSED] - click(findTestObject("Regression BackOffice/CLINK-30885/SearchButton")): Object: 'Object Repository/Regression BackOffice/CLINK-30885/SearchButton' is clicked on&#xD;
&#xD;
2019-09-06 10:25:33 - [MESSAGE][PASSED] - Object: 'Object Repository/Regression BackOffice/CLINK-30885/SearchButton' is clicked on&#xD;
&#xD;
2019-09-06 10:25:33 - [TEST_STEP][PASSED] - delay(5): Delayed 5 second(s)&#xD;
&#xD;
2019-09-06 10:25:38 - [MESSAGE][PASSED] - Delayed 5 second(s)&#xD;
&#xD;
2019-09-06 10:25:38 - [TEST_STEP][PASSED] - waitForElementPresent(findTestObject("Regression BackOffice/CLINK-30885/Payer Searched"), 50): Object 'Object Repository/Regression BackOffice/CLINK-30885/Payer Searched' is present&#xD;
&#xD;
2019-09-06 10:25:38 - [MESSAGE][PASSED] - Object 'Object Repository/Regression BackOffice/CLINK-30885/Payer Searched' is present&#xD;
&#xD;
2019-09-06 10:25:38 - [TEST_STEP][PASSED] - click(findTestObject("Regression BackOffice/CLINK-30885/Payer Searched")): Object: 'Object Repository/Regression BackOffice/CLINK-30885/Payer Searched' is clicked on&#xD;
&#xD;
2019-09-06 10:25:43 - [MESSAGE][PASSED] - Object: 'Object Repository/Regression BackOffice/CLINK-30885/Payer Searched' is clicked on&#xD;
&#xD;
2019-09-06 10:25:43 - [TEST_STEP][PASSED] - delay(2): Delayed 2 second(s)&#xD;
&#xD;
2019-09-06 10:25:45 - [MESSAGE][PASSED] - Delayed 2 second(s)&#xD;
&#xD;
2019-09-06 10:25:45 - [TEST_STEP][PASSED] - waitForPageLoad(50): Wait for page load successfully&#xD;
&#xD;
2019-09-06 10:25:45 - [MESSAGE][PASSED] - Wait for page load successfully&#xD;
&#xD;
2019-09-06 10:25:45 - [TEST_STEP][PASSED] - delay(5): Delayed 5 second(s)&#xD;
&#xD;
2019-09-06 10:25:50 - [MESSAGE][PASSED] - Delayed 5 second(s)&#xD;
&#xD;
2019-09-06 10:25:50 - [TEST_STEP][PASSED] - waitForElementPresent(findTestObject("Regression BackOffice/CLINK-30885/Day"), 50): Object 'Object Repository/Regression BackOffice/CLINK-30885/Day' is present&#xD;
&#xD;
2019-09-06 10:25:50 - [MESSAGE][PASSED] - Object 'Object Repository/Regression BackOffice/CLINK-30885/Day' is present&#xD;
&#xD;
2019-09-06 10:25:50 - [TEST_STEP][PASSED] - click(findTestObject("Regression BackOffice/CLINK-30885/Day")): Object: 'Object Repository/Regression BackOffice/CLINK-30885/Day' is clicked on&#xD;
&#xD;
2019-09-06 10:25:50 - [MESSAGE][PASSED] - Object: 'Object Repository/Regression BackOffice/CLINK-30885/Day' is clicked on&#xD;
&#xD;
2019-09-06 10:25:50 - [TEST_STEP][PASSED] - sendKeys(findTestObject("Regression BackOffice/CLINK-30885/Day"), "Fr"): Keys 'Fr' sent to object: 'Object Repository/Regression BackOffice/CLINK-30885/Day'&#xD;
&#xD;
2019-09-06 10:25:51 - [MESSAGE][PASSED] - Keys 'Fr' sent to object: 'Object Repository/Regression BackOffice/CLINK-30885/Day'&#xD;
&#xD;
2019-09-06 10:25:51 - [TEST_STEP][PASSED] - sendKeys(findTestObject("Regression BackOffice/CLINK-30885/Day"), Keys.chord(ENTER)): Keys 'ENTER + ' sent to object: 'Object Repository/Regression BackOffice/CLINK-30885/Day'&#xD;
&#xD;
2019-09-06 10:25:51 - [MESSAGE][PASSED] - Keys 'ENTER + ' sent to object: 'Object Repository/Regression BackOffice/CLINK-30885/Day'&#xD;
&#xD;
2019-09-06 10:25:51 - [TEST_STEP][PASSED] - delay(5): Delayed 5 second(s)&#xD;
&#xD;
2019-09-06 10:25:56 - [MESSAGE][PASSED] - Delayed 5 second(s)&#xD;
&#xD;
2019-09-06 10:25:56 - [TEST_STEP][PASSED] - waitForElementPresent(findTestObject("Regression BackOffice/CLINK-30885/Frequency"), 50): Object 'Object Repository/Regression BackOffice/CLINK-30885/Frequency' is present&#xD;
&#xD;
2019-09-06 10:25:56 - [MESSAGE][PASSED] - Object 'Object Repository/Regression BackOffice/CLINK-30885/Frequency' is present&#xD;
&#xD;
2019-09-06 10:25:56 - [TEST_STEP][PASSED] - click(findTestObject("Regression BackOffice/CLINK-30885/Frequency")): Object: 'Object Repository/Regression BackOffice/CLINK-30885/Frequency' is clicked on&#xD;
&#xD;
2019-09-06 10:25:56 - [MESSAGE][PASSED] - Object: 'Object Repository/Regression BackOffice/CLINK-30885/Frequency' is clicked on&#xD;
&#xD;
2019-09-06 10:25:56 - [TEST_STEP][PASSED] - sendKeys(findTestObject("Regression BackOffice/CLINK-30885/Frequency"), Keys.chord(ARROW_UP, ARROW_UP, ARROW_UP, ENTER)): Keys 'UP + UP + UP + ENTER + ' sent to object: 'Object Repository/Regression BackOffice/CLINK-30885/Frequency'&#xD;
&#xD;
2019-09-06 10:25:56 - [MESSAGE][PASSED] - Keys 'UP + UP + UP + ENTER + ' sent to object: 'Object Repository/Regression BackOffice/CLINK-30885/Frequency'&#xD;
&#xD;
2019-09-06 10:25:56 - [TEST_STEP][PASSED] - delay(5): Delayed 5 second(s)&#xD;
&#xD;
2019-09-06 10:26:01 - [MESSAGE][PASSED] - Delayed 5 second(s)&#xD;
&#xD;
2019-09-06 10:26:01 - [TEST_STEP][PASSED] - scrollToElement(findTestObject("Regression BackOffice/CLINK-30885/Late-time Slip Rules"), 50): Scroll to object 'Object Repository/Regression BackOffice/CLINK-30885/Late-time Slip Rules' successfully&#xD;
&#xD;
2019-09-06 10:26:02 - [MESSAGE][PASSED] - Scroll to object 'Object Repository/Regression BackOffice/CLINK-30885/Late-time Slip Rules' successfully&#xD;
&#xD;
2019-09-06 10:26:02 - [TEST_STEP][PASSED] - delay(3): Delayed 3 second(s)&#xD;
&#xD;
2019-09-06 10:26:05 - [MESSAGE][PASSED] - Delayed 3 second(s)&#xD;
&#xD;
2019-09-06 10:26:05 - [TEST_STEP][PASSED] - if (verifyElementChecked(findTestObject("Regression BackOffice/CLINK-30885/HoldInvoicesCheck"), 10)): Object 'Object Repository/Regression BackOffice/CLINK-30885/HoldInvoicesCheck' is not checked (Root cause: com.kms.katalon.core.exception.StepFailedException: Object 'Object Repository/Regression BackOffice/CLINK-30885/HoldInvoicesCheck' is not checked&#xD;
	at com.kms.katalon.core.webui.keyword.internal.WebUIKeywordMain.stepFailed(WebUIKeywordMain.groovy:64)&#xD;
	at com.kms.katalon.core.webui.keyword.builtin.VerifyElementCheckedKeyword$_verifyElementChecked_closure1.doCall(VerifyElementCheckedKeyword.groovy:81)&#xD;
	at com.kms.katalon.core.webui.keyword.builtin.VerifyElementCheckedKeyword$_verifyElementChecked_closure1.call(VerifyElementCheckedKeyword.groovy)&#xD;
	at com.kms.katalon.core.webui.keyword.internal.WebUIKeywordMain.runKeyword(WebUIKeywordMain.groovy:20)&#xD;
	at com.kms.katalon.core.webui.keyword.builtin.VerifyElementCheckedKeyword.verifyElementChecked(VerifyElementCheckedKeyword.groovy:92)&#xD;
	at com.kms.katalon.core.webui.keyword.builtin.VerifyElementCheckedKeyword.execute(VerifyElementCheckedKeyword.groovy:68)&#xD;
	at com.kms.katalon.core.keyword.internal.KeywordExecutor.executeKeywordForPlatform(KeywordExecutor.groovy:56)&#xD;
	at com.kms.katalon.core.webui.keyword.WebUiBuiltInKeywords.verifyElementChecked(WebUiBuiltInKeywords.groovy:1367)&#xD;
	at com.kms.katalon.core.webui.keyword.WebUiBuiltInKeywords$verifyElementChecked$20.call(Unknown Source)&#xD;
	at CLNK-30885 - PRE - FLAGS - GBRules - OFF.run(CLNK-30885 - PRE - FLAGS - GBRules - OFF:102)&#xD;
	at com.kms.katalon.core.main.ScriptEngine.run(ScriptEngine.java:194)&#xD;
	at com.kms.katalon.core.main.ScriptEngine.runScriptAsRawText(ScriptEngine.java:119)&#xD;
	at com.kms.katalon.core.main.TestCaseExecutor.runScript(TestCaseExecutor.java:337)&#xD;
	at com.kms.katalon.core.main.TestCaseExecutor.doExecute(TestCaseExecutor.java:328)&#xD;
	at com.kms.katalon.core.main.TestCaseExecutor.processExecutionPhase(TestCaseExecutor.java:307)&#xD;
	at com.kms.katalon.core.main.TestCaseExecutor.accessMainPhase(TestCaseExecutor.java:299)&#xD;
	at com.kms.katalon.core.main.TestCaseExecutor.execute(TestCaseExecutor.java:233)&#xD;
	at com.kms.katalon.core.main.TestSuiteExecutor.accessTestCaseMainPhase(TestSuiteExecutor.java:169)&#xD;
	at com.kms.katalon.core.main.TestSuiteExecutor.accessTestSuiteMainPhase(TestSuiteExecutor.java:142)&#xD;
	at com.kms.katalon.core.main.TestSuiteExecutor.execute(TestSuiteExecutor.java:91)&#xD;
	at com.kms.katalon.core.main.TestCaseMain.startTestSuite(TestCaseMain.java:157)&#xD;
	at com.kms.katalon.core.main.TestCaseMain$startTestSuite$0.call(Unknown Source)&#xD;
	at TempTestSuite1567775409875.run(TempTestSuite1567775409875.groovy:35)&#xD;
)&#xD;
&#xD;
2019-09-06 10:26:05 - [MESSAGE][WARNING] - Object 'Object Repository/Regression BackOffice/CLINK-30885/HoldInvoicesCheck' is not checked (Root cause: com.kms.katalon.core.exception.StepFailedException: Object 'Object Repository/Regression BackOffice/CLINK-30885/HoldInvoicesCheck' is not checked&#xD;
	at com.kms.katalon.core.webui.keyword.internal.WebUIKeywordMain.stepFailed(WebUIKeywordMain.groovy:64)&#xD;
	at com.kms.katalon.core.webui.keyword.builtin.VerifyElementCheckedKeyword$_verifyElementChecked_closure1.doCall(VerifyElementCheckedKeyword.groovy:81)&#xD;
	at com.kms.katalon.core.webui.keyword.builtin.VerifyElementCheckedKeyword$_verifyElementChecked_closure1.call(VerifyElementCheckedKeyword.groovy)&#xD;
	at com.kms.katalon.core.webui.keyword.internal.WebUIKeywordMain.runKeyword(WebUIKeywordMain.groovy:20)&#xD;
	at com.kms.katalon.core.webui.keyword.builtin.VerifyElementCheckedKeyword.verifyElementChecked(VerifyElementCheckedKeyword.groovy:92)&#xD;
	at com.kms.katalon.core.webui.keyword.builtin.VerifyElementCheckedKeyword.execute(VerifyElementCheckedKeyword.groovy:68)&#xD;
	at com.kms.katalon.core.keyword.internal.KeywordExecutor.executeKeywordForPlatform(KeywordExecutor.groovy:56)&#xD;
	at com.kms.katalon.core.webui.keyword.WebUiBuiltInKeywords.verifyElementChecked(WebUiBuiltInKeywords.groovy:1367)&#xD;
	at com.kms.katalon.core.webui.keyword.WebUiBuiltInKeywords$verifyElementChecked$20.call(Unknown Source)&#xD;
	at CLNK-30885 - PRE - FLAGS - GBRules - OFF.run(CLNK-30885 - PRE - FLAGS - GBRules - OFF:102)&#xD;
	at com.kms.katalon.core.main.ScriptEngine.run(ScriptEngine.java:194)&#xD;
	at com.kms.katalon.core.main.ScriptEngine.runScriptAsRawText(ScriptEngine.java:119)&#xD;
	at com.kms.katalon.core.main.TestCaseExecutor.runScript(TestCaseExecutor.java:337)&#xD;
	at com.kms.katalon.core.main.TestCaseExecutor.doExecute(TestCaseExecutor.java:328)&#xD;
	at com.kms.katalon.core.main.TestCaseExecutor.processExecutionPhase(TestCaseExecutor.java:307)&#xD;
	at com.kms.katalon.core.main.TestCaseExecutor.accessMainPhase(TestCaseExecutor.java:299)&#xD;
	at com.kms.katalon.core.main.TestCaseExecutor.execute(TestCaseExecutor.java:233)&#xD;
	at com.kms.katalon.core.main.TestSuiteExecutor.accessTestCaseMainPhase(TestSuiteExecutor.java:169)&#xD;
	at com.kms.katalon.core.main.TestSuiteExecutor.accessTestSuiteMainPhase(TestSuiteExecutor.java:142)&#xD;
	at com.kms.katalon.core.main.TestSuiteExecutor.execute(TestSuiteExecutor.java:91)&#xD;
	at com.kms.katalon.core.main.TestCaseMain.startTestSuite(TestCaseMain.java:157)&#xD;
	at com.kms.katalon.core.main.TestCaseMain$startTestSuite$0.call(Unknown Source)&#xD;
	at TempTestSuite1567775409875.run(TempTestSuite1567775409875.groovy:35)&#xD;
)&#xD;
[[ATTACHMENT|C:\\Users\\isaac\\Desktop\\Clientes\\ProcuraCanada\\Katalon Studio\\Continulink\\Reports\\20190906_100902\\Regression BackOffice\\Authorization\\20190906_101009\\1567776365144.png]]&#xD;
&#xD;
2019-09-06 10:26:05 - [TEST_STEP][PASSED] - if (verifyElementChecked(findTestObject("Regression BackOffice/CLINK-30885/Produce new invoices for late-time slips"), 10)): Object 'Object Repository/Regression BackOffice/CLINK-30885/Produce new invoices for late-time slips' is not checked (Root cause: com.kms.katalon.core.exception.StepFailedException: Object 'Object Repository/Regression BackOffice/CLINK-30885/Produce new invoices for late-time slips' is not checked&#xD;
	at com.kms.katalon.core.webui.keyword.internal.WebUIKeywordMain.stepFailed(WebUIKeywordMain.groovy:64)&#xD;
	at com.kms.katalon.core.webui.keyword.builtin.VerifyElementCheckedKeyword$_verifyElementChecked_closure1.doCall(VerifyElementCheckedKeyword.groovy:81)&#xD;
	at com.kms.katalon.core.webui.keyword.builtin.VerifyElementCheckedKeyword$_verifyElementChecked_closure1.call(VerifyElementCheckedKeyword.groovy)&#xD;
	at com.kms.katalon.core.webui.keyword.internal.WebUIKeywordMain.runKeyword(WebUIKeywordMain.groovy:20)&#xD;
	at com.kms.katalon.core.webui.keyword.builtin.VerifyElementCheckedKeyword.verifyElementChecked(VerifyElementCheckedKeyword.groovy:92)&#xD;
	at com.kms.katalon.core.webui.keyword.builtin.VerifyElementCheckedKeyword.execute(VerifyElementCheckedKeyword.groovy:68)&#xD;
	at com.kms.katalon.core.keyword.internal.KeywordExecutor.executeKeywordForPlatform(KeywordExecutor.groovy:56)&#xD;
	at com.kms.katalon.core.webui.keyword.WebUiBuiltInKeywords.verifyElementChecked(WebUiBuiltInKeywords.groovy:1367)&#xD;
	at com.kms.katalon.core.webui.keyword.WebUiBuiltInKeywords$verifyElementChecked$20.call(Unknown Source)&#xD;
	at CLNK-30885 - PRE - FLAGS - GBRules - OFF.run(CLNK-30885 - PRE - FLAGS - GBRules - OFF:108)&#xD;
	at com.kms.katalon.core.main.ScriptEngine.run(ScriptEngine.java:194)&#xD;
	at com.kms.katalon.core.main.ScriptEngine.runScriptAsRawText(ScriptEngine.java:119)&#xD;
	at com.kms.katalon.core.main.TestCaseExecutor.runScript(TestCaseExecutor.java:337)&#xD;
	at com.kms.katalon.core.main.TestCaseExecutor.doExecute(TestCaseExecutor.java:328)&#xD;
	at com.kms.katalon.core.main.TestCaseExecutor.processExecutionPhase(TestCaseExecutor.java:307)&#xD;
	at com.kms.katalon.core.main.TestCaseExecutor.accessMainPhase(TestCaseExecutor.java:299)&#xD;
	at com.kms.katalon.core.main.TestCaseExecutor.execute(TestCaseExecutor.java:233)&#xD;
	at com.kms.katalon.core.main.TestSuiteExecutor.accessTestCaseMainPhase(TestSuiteExecutor.java:169)&#xD;
	at com.kms.katalon.core.main.TestSuiteExecutor.accessTestSuiteMainPhase(TestSuiteExecutor.java:142)&#xD;
	at com.kms.katalon.core.main.TestSuiteExecutor.execute(TestSuiteExecutor.java:91)&#xD;
	at com.kms.katalon.core.main.TestCaseMain.startTestSuite(TestCaseMain.java:157)&#xD;
	at com.kms.katalon.core.main.TestCaseMain$startTestSuite$0.call(Unknown Source)&#xD;
	at TempTestSuite1567775409875.run(TempTestSuite1567775409875.groovy:35)&#xD;
)&#xD;
&#xD;
2019-09-06 10:26:06 - [MESSAGE][WARNING] - Object 'Object Repository/Regression BackOffice/CLINK-30885/Produce new invoices for late-time slips' is not checked (Root cause: com.kms.katalon.core.exception.StepFailedException: Object 'Object Repository/Regression BackOffice/CLINK-30885/Produce new invoices for late-time slips' is not checked&#xD;
	at com.kms.katalon.core.webui.keyword.internal.WebUIKeywordMain.stepFailed(WebUIKeywordMain.groovy:64)&#xD;
	at com.kms.katalon.core.webui.keyword.builtin.VerifyElementCheckedKeyword$_verifyElementChecked_closure1.doCall(VerifyElementCheckedKeyword.groovy:81)&#xD;
	at com.kms.katalon.core.webui.keyword.builtin.VerifyElementCheckedKeyword$_verifyElementChecked_closure1.call(VerifyElementCheckedKeyword.groovy)&#xD;
	at com.kms.katalon.core.webui.keyword.internal.WebUIKeywordMain.runKeyword(WebUIKeywordMain.groovy:20)&#xD;
	at com.kms.katalon.core.webui.keyword.builtin.VerifyElementCheckedKeyword.verifyElementChecked(VerifyElementCheckedKeyword.groovy:92)&#xD;
	at com.kms.katalon.core.webui.keyword.builtin.VerifyElementCheckedKeyword.execute(VerifyElementCheckedKeyword.groovy:68)&#xD;
	at com.kms.katalon.core.keyword.internal.KeywordExecutor.executeKeywordForPlatform(KeywordExecutor.groovy:56)&#xD;
	at com.kms.katalon.core.webui.keyword.WebUiBuiltInKeywords.verifyElementChecked(WebUiBuiltInKeywords.groovy:1367)&#xD;
	at com.kms.katalon.core.webui.keyword.WebUiBuiltInKeywords$verifyElementChecked$20.call(Unknown Source)&#xD;
	at CLNK-30885 - PRE - FLAGS - GBRules - OFF.run(CLNK-30885 - PRE - FLAGS - GBRules - OFF:108)&#xD;
	at com.kms.katalon.core.main.ScriptEngine.run(ScriptEngine.java:194)&#xD;
	at com.kms.katalon.core.main.ScriptEngine.runScriptAsRawText(ScriptEngine.java:119)&#xD;
	at com.kms.katalon.core.main.TestCaseExecutor.runScript(TestCaseExecutor.java:337)&#xD;
	at com.kms.katalon.core.main.TestCaseExecutor.doExecute(TestCaseExecutor.java:328)&#xD;
	at com.kms.katalon.core.main.TestCaseExecutor.processExecutionPhase(TestCaseExecutor.java:307)&#xD;
	at com.kms.katalon.core.main.TestCaseExecutor.accessMainPhase(TestCaseExecutor.java:299)&#xD;
	at com.kms.katalon.core.main.TestCaseExecutor.execute(TestCaseExecutor.java:233)&#xD;
	at com.kms.katalon.core.main.TestSuiteExecutor.accessTestCaseMainPhase(TestSuiteExecutor.java:169)&#xD;
	at com.kms.katalon.core.main.TestSuiteExecutor.accessTestSuiteMainPhase(TestSuiteExecutor.java:142)&#xD;
	at com.kms.katalon.core.main.TestSuiteExecutor.execute(TestSuiteExecutor.java:91)&#xD;
	at com.kms.katalon.core.main.TestCaseMain.startTestSuite(TestCaseMain.java:157)&#xD;
	at com.kms.katalon.core.main.TestCaseMain$startTestSuite$0.call(Unknown Source)&#xD;
	at TempTestSuite1567775409875.run(TempTestSuite1567775409875.groovy:35)&#xD;
)&#xD;
[[ATTACHMENT|C:\\Users\\isaac\\Desktop\\Clientes\\ProcuraCanada\\Katalon Studio\\Continulink\\Reports\\20190906_100902\\Regression BackOffice\\Authorization\\20190906_101009\\1567776365778.png]]&#xD;
&#xD;
2019-09-06 10:26:06 - [TEST_STEP][PASSED] - if (verifyElementNotChecked(findTestObject("Regression BackOffice/CLINK-30885/Release All available"), 10)): Object 'Object Repository/Regression BackOffice/CLINK-30885/Release All available' is checked (Root cause: com.kms.katalon.core.exception.StepFailedException: Object 'Object Repository/Regression BackOffice/CLINK-30885/Release All available' is checked&#xD;
	at com.kms.katalon.core.webui.keyword.internal.WebUIKeywordMain.stepFailed(WebUIKeywordMain.groovy:64)&#xD;
	at com.kms.katalon.core.webui.keyword.builtin.VerifyElementNotCheckedKeyword$_verifyElementNotChecked_closure1.doCall(VerifyElementNotCheckedKeyword.groovy:82)&#xD;
	at com.kms.katalon.core.webui.keyword.builtin.VerifyElementNotCheckedKeyword$_verifyElementNotChecked_closure1.call(VerifyElementNotCheckedKeyword.groovy)&#xD;
	at com.kms.katalon.core.webui.keyword.internal.WebUIKeywordMain.runKeyword(WebUIKeywordMain.groovy:20)&#xD;
	at com.kms.katalon.core.webui.keyword.builtin.VerifyElementNotCheckedKeyword.verifyElementNotChecked(VerifyElementNotCheckedKeyword.groovy:93)&#xD;
	at com.kms.katalon.core.webui.keyword.builtin.VerifyElementNotCheckedKeyword.execute(VerifyElementNotCheckedKeyword.groovy:68)&#xD;
	at com.kms.katalon.core.keyword.internal.KeywordExecutor.executeKeywordForPlatform(KeywordExecutor.groovy:56)&#xD;
	at com.kms.katalon.core.webui.keyword.WebUiBuiltInKeywords.verifyElementNotChecked(WebUiBuiltInKeywords.groovy:1401)&#xD;
	at com.kms.katalon.core.webui.keyword.WebUiBuiltInKeywords$verifyElementNotChecked$21.call(Unknown Source)&#xD;
	at CLNK-30885 - PRE - FLAGS - GBRules - OFF.run(CLNK-30885 - PRE - FLAGS - GBRules - OFF:115)&#xD;
	at com.kms.katalon.core.main.ScriptEngine.run(ScriptEngine.java:194)&#xD;
	at com.kms.katalon.core.main.ScriptEngine.runScriptAsRawText(ScriptEngine.java:119)&#xD;
	at com.kms.katalon.core.main.TestCaseExecutor.runScript(TestCaseExecutor.java:337)&#xD;
	at com.kms.katalon.core.main.TestCaseExecutor.doExecute(TestCaseExecutor.java:328)&#xD;
	at com.kms.katalon.core.main.TestCaseExecutor.processExecutionPhase(TestCaseExecutor.java:307)&#xD;
	at com.kms.katalon.core.main.TestCaseExecutor.accessMainPhase(TestCaseExecutor.java:299)&#xD;
	at com.kms.katalon.core.main.TestCaseExecutor.execute(TestCaseExecutor.java:233)&#xD;
	at com.kms.katalon.core.main.TestSuiteExecutor.accessTestCaseMainPhase(TestSuiteExecutor.java:169)&#xD;
	at com.kms.katalon.core.main.TestSuiteExecutor.accessTestSuiteMainPhase(TestSuiteExecutor.java:142)&#xD;
	at com.kms.katalon.core.main.TestSuiteExecutor.execute(TestSuiteExecutor.java:91)&#xD;
	at com.kms.katalon.core.main.TestCaseMain.startTestSuite(TestCaseMain.java:157)&#xD;
	at com.kms.katalon.core.main.TestCaseMain$startTestSuite$0.call(Unknown Source)&#xD;
	at TempTestSuite1567775409875.run(TempTestSuite1567775409875.groovy:35)&#xD;
)&#xD;
&#xD;
2019-09-06 10:26:07 - [MESSAGE][WARNING] - Object 'Object Repository/Regression BackOffice/CLINK-30885/Release All available' is checked (Root cause: com.kms.katalon.core.exception.StepFailedException: Object 'Object Repository/Regression BackOffice/CLINK-30885/Release All available' is checked&#xD;
	at com.kms.katalon.core.webui.keyword.internal.WebUIKeywordMain.stepFailed(WebUIKeywordMain.groovy:64)&#xD;
	at com.kms.katalon.core.webui.keyword.builtin.VerifyElementNotCheckedKeyword$_verifyElementNotChecked_closure1.doCall(VerifyElementNotCheckedKeyword.groovy:82)&#xD;
	at com.kms.katalon.core.webui.keyword.builtin.VerifyElementNotCheckedKeyword$_verifyElementNotChecked_closure1.call(VerifyElementNotCheckedKeyword.groovy)&#xD;
	at com.kms.katalon.core.webui.keyword.internal.WebUIKeywordMain.runKeyword(WebUIKeywordMain.groovy:20)&#xD;
	at com.kms.katalon.core.webui.keyword.builtin.VerifyElementNotCheckedKeyword.verifyElementNotChecked(VerifyElementNotCheckedKeyword.groovy:93)&#xD;
	at com.kms.katalon.core.webui.keyword.builtin.VerifyElementNotCheckedKeyword.execute(VerifyElementNotCheckedKeyword.groovy:68)&#xD;
	at com.kms.katalon.core.keyword.internal.KeywordExecutor.executeKeywordForPlatform(KeywordExecutor.groovy:56)&#xD;
	at com.kms.katalon.core.webui.keyword.WebUiBuiltInKeywords.verifyElementNotChecked(WebUiBuiltInKeywords.groovy:1401)&#xD;
	at com.kms.katalon.core.webui.keyword.WebUiBuiltInKeywords$verifyElementNotChecked$21.call(Unknown Source)&#xD;
	at CLNK-30885 - PRE - FLAGS - GBRules - OFF.run(CLNK-30885 - PRE - FLAGS - GBRules - OFF:115)&#xD;
	at com.kms.katalon.core.main.ScriptEngine.run(ScriptEngine.java:194)&#xD;
	at com.kms.katalon.core.main.ScriptEngine.runScriptAsRawText(ScriptEngine.java:119)&#xD;
	at com.kms.katalon.core.main.TestCaseExecutor.runScript(TestCaseExecutor.java:337)&#xD;
	at com.kms.katalon.core.main.TestCaseExecutor.doExecute(TestCaseExecutor.java:328)&#xD;
	at com.kms.katalon.core.main.TestCaseExecutor.processExecutionPhase(TestCaseExecutor.java:307)&#xD;
	at com.kms.katalon.core.main.TestCaseExecutor.accessMainPhase(TestCaseExecutor.java:299)&#xD;
	at com.kms.katalon.core.main.TestCaseExecutor.execute(TestCaseExecutor.java:233)&#xD;
	at com.kms.katalon.core.main.TestSuiteExecutor.accessTestCaseMainPhase(TestSuiteExecutor.java:169)&#xD;
	at com.kms.katalon.core.main.TestSuiteExecutor.accessTestSuiteMainPhase(TestSuiteExecutor.java:142)&#xD;
	at com.kms.katalon.core.main.TestSuiteExecutor.execute(TestSuiteExecutor.java:91)&#xD;
	at com.kms.katalon.core.main.TestCaseMain.startTestSuite(TestCaseMain.java:157)&#xD;
	at com.kms.katalon.core.main.TestCaseMain$startTestSuite$0.call(Unknown Source)&#xD;
	at TempTestSuite1567775409875.run(TempTestSuite1567775409875.groovy:35)&#xD;
)&#xD;
[[ATTACHMENT|C:\\Users\\isaac\\Desktop\\Clientes\\ProcuraCanada\\Katalon Studio\\Continulink\\Reports\\20190906_100902\\Regression BackOffice\\Authorization\\20190906_101009\\1567776366569.png]]&#xD;
&#xD;
2019-09-06 10:26:07 - [TEST_STEP][PASSED] - if (verifyElementChecked(findTestObject("Regression BackOffice/CLINK-30885/Release Out of AS"), 10)): Object 'Object Repository/Regression BackOffice/CLINK-30885/Release Out of AS' is not checked (Root cause: com.kms.katalon.core.exception.StepFailedException: Object 'Object Repository/Regression BackOffice/CLINK-30885/Release Out of AS' is not checked&#xD;
	at com.kms.katalon.core.webui.keyword.internal.WebUIKeywordMain.stepFailed(WebUIKeywordMain.groovy:64)&#xD;
	at com.kms.katalon.core.webui.keyword.builtin.VerifyElementCheckedKeyword$_verifyElementChecked_closure1.doCall(VerifyElementCheckedKeyword.groovy:81)&#xD;
	at com.kms.katalon.core.webui.keyword.builtin.VerifyElementCheckedKeyword$_verifyElementChecked_closure1.call(VerifyElementCheckedKeyword.groovy)&#xD;
	at com.kms.katalon.core.webui.keyword.internal.WebUIKeywordMain.runKeyword(WebUIKeywordMain.groovy:20)&#xD;
	at com.kms.katalon.core.webui.keyword.builtin.VerifyElementCheckedKeyword.verifyElementChecked(VerifyElementCheckedKeyword.groovy:92)&#xD;
	at com.kms.katalon.core.webui.keyword.builtin.VerifyElementCheckedKeyword.execute(VerifyElementCheckedKeyword.groovy:68)&#xD;
	at com.kms.katalon.core.keyword.internal.KeywordExecutor.executeKeywordForPlatform(KeywordExecutor.groovy:56)&#xD;
	at com.kms.katalon.core.webui.keyword.WebUiBuiltInKeywords.verifyElementChecked(WebUiBuiltInKeywords.groovy:1367)&#xD;
	at com.kms.katalon.core.webui.keyword.WebUiBuiltInKeywords$verifyElementChecked$20.call(Unknown Source)&#xD;
	at CLNK-30885 - PRE - FLAGS - GBRules - OFF.run(CLNK-30885 - PRE - FLAGS - GBRules - OFF:121)&#xD;
	at com.kms.katalon.core.main.ScriptEngine.run(ScriptEngine.java:194)&#xD;
	at com.kms.katalon.core.main.ScriptEngine.runScriptAsRawText(ScriptEngine.java:119)&#xD;
	at com.kms.katalon.core.main.TestCaseExecutor.runScript(TestCaseExecutor.java:337)&#xD;
	at com.kms.katalon.core.main.TestCaseExecutor.doExecute(TestCaseExecutor.java:328)&#xD;
	at com.kms.katalon.core.main.TestCaseExecutor.processExecutionPhase(TestCaseExecutor.java:307)&#xD;
	at com.kms.katalon.core.main.TestCaseExecutor.accessMainPhase(TestCaseExecutor.java:299)&#xD;
	at com.kms.katalon.core.main.TestCaseExecutor.execute(TestCaseExecutor.java:233)&#xD;
	at com.kms.katalon.core.main.TestSuiteExecutor.accessTestCaseMainPhase(TestSuiteExecutor.java:169)&#xD;
	at com.kms.katalon.core.main.TestSuiteExecutor.accessTestSuiteMainPhase(TestSuiteExecutor.java:142)&#xD;
	at com.kms.katalon.core.main.TestSuiteExecutor.execute(TestSuiteExecutor.java:91)&#xD;
	at com.kms.katalon.core.main.TestCaseMain.startTestSuite(TestCaseMain.java:157)&#xD;
	at com.kms.katalon.core.main.TestCaseMain$startTestSuite$0.call(Unknown Source)&#xD;
	at TempTestSuite1567775409875.run(TempTestSuite1567775409875.groovy:35)&#xD;
)&#xD;
&#xD;
2019-09-06 10:26:08 - [MESSAGE][WARNING] - Object 'Object Repository/Regression BackOffice/CLINK-30885/Release Out of AS' is not checked (Root cause: com.kms.katalon.core.exception.StepFailedException: Object 'Object Repository/Regression BackOffice/CLINK-30885/Release Out of AS' is not checked&#xD;
	at com.kms.katalon.core.webui.keyword.internal.WebUIKeywordMain.stepFailed(WebUIKeywordMain.groovy:64)&#xD;
	at com.kms.katalon.core.webui.keyword.builtin.VerifyElementCheckedKeyword$_verifyElementChecked_closure1.doCall(VerifyElementCheckedKeyword.groovy:81)&#xD;
	at com.kms.katalon.core.webui.keyword.builtin.VerifyElementCheckedKeyword$_verifyElementChecked_closure1.call(VerifyElementCheckedKeyword.groovy)&#xD;
	at com.kms.katalon.core.webui.keyword.internal.WebUIKeywordMain.runKeyword(WebUIKeywordMain.groovy:20)&#xD;
	at com.kms.katalon.core.webui.keyword.builtin.VerifyElementCheckedKeyword.verifyElementChecked(VerifyElementCheckedKeyword.groovy:92)&#xD;
	at com.kms.katalon.core.webui.keyword.builtin.VerifyElementCheckedKeyword.execute(VerifyElementCheckedKeyword.groovy:68)&#xD;
	at com.kms.katalon.core.keyword.internal.KeywordExecutor.executeKeywordForPlatform(KeywordExecutor.groovy:56)&#xD;
	at com.kms.katalon.core.webui.keyword.WebUiBuiltInKeywords.verifyElementChecked(WebUiBuiltInKeywords.groovy:1367)&#xD;
	at com.kms.katalon.core.webui.keyword.WebUiBuiltInKeywords$verifyElementChecked$20.call(Unknown Source)&#xD;
	at CLNK-30885 - PRE - FLAGS - GBRules - OFF.run(CLNK-30885 - PRE - FLAGS - GBRules - OFF:121)&#xD;
	at com.kms.katalon.core.main.ScriptEngine.run(ScriptEngine.java:194)&#xD;
	at com.kms.katalon.core.main.ScriptEngine.runScriptAsRawText(ScriptEngine.java:119)&#xD;
	at com.kms.katalon.core.main.TestCaseExecutor.runScript(TestCaseExecutor.java:337)&#xD;
	at com.kms.katalon.core.main.TestCaseExecutor.doExecute(TestCaseExecutor.java:328)&#xD;
	at com.kms.katalon.core.main.TestCaseExecutor.processExecutionPhase(TestCaseExecutor.java:307)&#xD;
	at com.kms.katalon.core.main.TestCaseExecutor.accessMainPhase(TestCaseExecutor.java:299)&#xD;
	at com.kms.katalon.core.main.TestCaseExecutor.execute(TestCaseExecutor.java:233)&#xD;
	at com.kms.katalon.core.main.TestSuiteExecutor.accessTestCaseMainPhase(TestSuiteExecutor.java:169)&#xD;
	at com.kms.katalon.core.main.TestSuiteExecutor.accessTestSuiteMainPhase(TestSuiteExecutor.java:142)&#xD;
	at com.kms.katalon.core.main.TestSuiteExecutor.execute(TestSuiteExecutor.java:91)&#xD;
	at com.kms.katalon.core.main.TestCaseMain.startTestSuite(TestCaseMain.java:157)&#xD;
	at com.kms.katalon.core.main.TestCaseMain$startTestSuite$0.call(Unknown Source)&#xD;
	at TempTestSuite1567775409875.run(TempTestSuite1567775409875.groovy:35)&#xD;
)&#xD;
[[ATTACHMENT|C:\\Users\\isaac\\Desktop\\Clientes\\ProcuraCanada\\Katalon Studio\\Continulink\\Reports\\20190906_100902\\Regression BackOffice\\Authorization\\20190906_101009\\1567776367405.png]]&#xD;
&#xD;
2019-09-06 10:26:08 - [TEST_STEP][PASSED] - delay(5): Delayed 5 second(s)&#xD;
&#xD;
2019-09-06 10:26:13 - [MESSAGE][PASSED] - Delayed 5 second(s)&#xD;
&#xD;
2019-09-06 10:26:13 - [TEST_STEP][PASSED] - scrollToElement(findTestObject("Regression BackOffice/CLINK-30885/General Bill Rules"), 50): Scroll to object 'Object Repository/Regression BackOffice/CLINK-30885/General Bill Rules' successfully&#xD;
&#xD;
2019-09-06 10:26:13 - [MESSAGE][PASSED] - Scroll to object 'Object Repository/Regression BackOffice/CLINK-30885/General Bill Rules' successfully&#xD;
&#xD;
2019-09-06 10:26:13 - [TEST_STEP][PASSED] - if (verifyElementChecked(findTestObject("Regression BackOffice/CLINK-30885/Enable Hard Stops"), 10)): Object 'Object Repository/Regression BackOffice/CLINK-30885/Enable Hard Stops' is not checked (Root cause: com.kms.katalon.core.exception.StepFailedException: Object 'Object Repository/Regression BackOffice/CLINK-30885/Enable Hard Stops' is not checked&#xD;
	at com.kms.katalon.core.webui.keyword.internal.WebUIKeywordMain.stepFailed(WebUIKeywordMain.groovy:64)&#xD;
	at com.kms.katalon.core.webui.keyword.builtin.VerifyElementCheckedKeyword$_verifyElementChecked_closure1.doCall(VerifyElementCheckedKeyword.groovy:81)&#xD;
	at com.kms.katalon.core.webui.keyword.builtin.VerifyElementCheckedKeyword$_verifyElementChecked_closure1.call(VerifyElementCheckedKeyword.groovy)&#xD;
	at com.kms.katalon.core.webui.keyword.internal.WebUIKeywordMain.runKeyword(WebUIKeywordMain.groovy:20)&#xD;
	at com.kms.katalon.core.webui.keyword.builtin.VerifyElementCheckedKeyword.verifyElementChecked(VerifyElementCheckedKeyword.groovy:92)&#xD;
	at com.kms.katalon.core.webui.keyword.builtin.VerifyElementCheckedKeyword.execute(VerifyElementCheckedKeyword.groovy:68)&#xD;
	at com.kms.katalon.core.keyword.internal.KeywordExecutor.executeKeywordForPlatform(KeywordExecutor.groovy:56)&#xD;
	at com.kms.katalon.core.webui.keyword.WebUiBuiltInKeywords.verifyElementChecked(WebUiBuiltInKeywords.groovy:1367)&#xD;
	at com.kms.katalon.core.webui.keyword.WebUiBuiltInKeywords$verifyElementChecked$20.call(Unknown Source)&#xD;
	at CLNK-30885 - PRE - FLAGS - GBRules - OFF.run(CLNK-30885 - PRE - FLAGS - GBRules - OFF:131)&#xD;
	at com.kms.katalon.core.main.ScriptEngine.run(ScriptEngine.java:194)&#xD;
	at com.kms.katalon.core.main.ScriptEngine.runScriptAsRawText(ScriptEngine.java:119)&#xD;
	at com.kms.katalon.core.main.TestCaseExecutor.runScript(TestCaseExecutor.java:337)&#xD;
	at com.kms.katalon.core.main.TestCaseExecutor.doExecute(TestCaseExecutor.java:328)&#xD;
	at com.kms.katalon.core.main.TestCaseExecutor.processExecutionPhase(TestCaseExecutor.java:307)&#xD;
	at com.kms.katalon.core.main.TestCaseExecutor.accessMainPhase(TestCaseExecutor.java:299)&#xD;
	at com.kms.katalon.core.main.TestCaseExecutor.execute(TestCaseExecutor.java:233)&#xD;
	at com.kms.katalon.core.main.TestSuiteExecutor.accessTestCaseMainPhase(TestSuiteExecutor.java:169)&#xD;
	at com.kms.katalon.core.main.TestSuiteExecutor.accessTestSuiteMainPhase(TestSuiteExecutor.java:142)&#xD;
	at com.kms.katalon.core.main.TestSuiteExecutor.execute(TestSuiteExecutor.java:91)&#xD;
	at com.kms.katalon.core.main.TestCaseMain.startTestSuite(TestCaseMain.java:157)&#xD;
	at com.kms.katalon.core.main.TestCaseMain$startTestSuite$0.call(Unknown Source)&#xD;
	at TempTestSuite1567775409875.run(TempTestSuite1567775409875.groovy:35)&#xD;
)&#xD;
&#xD;
2019-09-06 10:26:13 - [MESSAGE][WARNING] - Object 'Object Repository/Regression BackOffice/CLINK-30885/Enable Hard Stops' is not checked (Root cause: com.kms.katalon.core.exception.StepFailedException: Object 'Object Repository/Regression BackOffice/CLINK-30885/Enable Hard Stops' is not checked&#xD;
	at com.kms.katalon.core.webui.keyword.internal.WebUIKeywordMain.stepFailed(WebUIKeywordMain.groovy:64)&#xD;
	at com.kms.katalon.core.webui.keyword.builtin.VerifyElementCheckedKeyword$_verifyElementChecked_closure1.doCall(VerifyElementCheckedKeyword.groovy:81)&#xD;
	at com.kms.katalon.core.webui.keyword.builtin.VerifyElementCheckedKeyword$_verifyElementChecked_closure1.call(VerifyElementCheckedKeyword.groovy)&#xD;
	at com.kms.katalon.core.webui.keyword.internal.WebUIKeywordMain.runKeyword(WebUIKeywordMain.groovy:20)&#xD;
	at com.kms.katalon.core.webui.keyword.builtin.VerifyElementCheckedKeyword.verifyElementChecked(VerifyElementCheckedKeyword.groovy:92)&#xD;
	at com.kms.katalon.core.webui.keyword.builtin.VerifyElementCheckedKeyword.execute(VerifyElementCheckedKeyword.groovy:68)&#xD;
	at com.kms.katalon.core.keyword.internal.KeywordExecutor.executeKeywordForPlatform(KeywordExecutor.groovy:56)&#xD;
	at com.kms.katalon.core.webui.keyword.WebUiBuiltInKeywords.verifyElementChecked(WebUiBuiltInKeywords.groovy:1367)&#xD;
	at com.kms.katalon.core.webui.keyword.WebUiBuiltInKeywords$verifyElementChecked$20.call(Unknown Source)&#xD;
	at CLNK-30885 - PRE - FLAGS - GBRules - OFF.run(CLNK-30885 - PRE - FLAGS - GBRules - OFF:131)&#xD;
	at com.kms.katalon.core.main.ScriptEngine.run(ScriptEngine.java:194)&#xD;
	at com.kms.katalon.core.main.ScriptEngine.runScriptAsRawText(ScriptEngine.java:119)&#xD;
	at com.kms.katalon.core.main.TestCaseExecutor.runScript(TestCaseExecutor.java:337)&#xD;
	at com.kms.katalon.core.main.TestCaseExecutor.doExecute(TestCaseExecutor.java:328)&#xD;
	at com.kms.katalon.core.main.TestCaseExecutor.processExecutionPhase(TestCaseExecutor.java:307)&#xD;
	at com.kms.katalon.core.main.TestCaseExecutor.accessMainPhase(TestCaseExecutor.java:299)&#xD;
	at com.kms.katalon.core.main.TestCaseExecutor.execute(TestCaseExecutor.java:233)&#xD;
	at com.kms.katalon.core.main.TestSuiteExecutor.accessTestCaseMainPhase(TestSuiteExecutor.java:169)&#xD;
	at com.kms.katalon.core.main.TestSuiteExecutor.accessTestSuiteMainPhase(TestSuiteExecutor.java:142)&#xD;
	at com.kms.katalon.core.main.TestSuiteExecutor.execute(TestSuiteExecutor.java:91)&#xD;
	at com.kms.katalon.core.main.TestCaseMain.startTestSuite(TestCaseMain.java:157)&#xD;
	at com.kms.katalon.core.main.TestCaseMain$startTestSuite$0.call(Unknown Source)&#xD;
	at TempTestSuite1567775409875.run(TempTestSuite1567775409875.groovy:35)&#xD;
)&#xD;
[[ATTACHMENT|C:\\Users\\isaac\\Desktop\\Clientes\\ProcuraCanada\\Katalon Studio\\Continulink\\Reports\\20190906_100902\\Regression BackOffice\\Authorization\\20190906_101009\\1567776373363.png]]&#xD;
&#xD;
2019-09-06 10:26:13 - [TEST_STEP][PASSED] - delay(3): Delayed 3 second(s)&#xD;
&#xD;
2019-09-06 10:26:16 - [MESSAGE][PASSED] - Delayed 3 second(s)&#xD;
&#xD;
2019-09-06 10:26:16 - [TEST_STEP][PASSED] - switchToDefaultContent(): null&#xD;
&#xD;
2019-09-06 10:26:16 - [TEST_STEP][PASSED] - switchToFrame(findTestObject("Regression BackOffice/CLNK-31354/frame_Capture object_BannerFrame"), 30): null&#xD;
&#xD;
2019-09-06 10:26:16 - [TEST_STEP][PASSED] - waitForElementPresent(findTestObject("Regression BackOffice/CLNK-31354/SaveButton"), 50): Object 'Object Repository/Regression BackOffice/CLNK-31354/SaveButton' is present&#xD;
&#xD;
2019-09-06 10:26:17 - [MESSAGE][PASSED] - Object 'Object Repository/Regression BackOffice/CLNK-31354/SaveButton' is present&#xD;
&#xD;
2019-09-06 10:26:17 - [TEST_STEP][PASSED] - click(findTestObject("Regression BackOffice/CLNK-31354/SaveButton")): Object: 'Object Repository/Regression BackOffice/CLNK-31354/SaveButton' is clicked on&#xD;
&#xD;
2019-09-06 10:26:18 - [MESSAGE][PASSED] - Object: 'Object Repository/Regression BackOffice/CLNK-31354/SaveButton' is clicked on&#xD;
&#xD;
2019-09-06 10:26:18 - [TEST_STEP][PASSED] - delay(5): Delayed 5 second(s)&#xD;
&#xD;
2019-09-06 10:26:23 - [MESSAGE][PASSED] - Delayed 5 second(s)&#xD;
&#xD;
2019-09-06 10:26:23 - [TEST_STEP][PASSED] - waitForAlert(30): Alert is present after 30 second(s).&#xD;
&#xD;
2019-09-06 10:26:23 - [MESSAGE][PASSED] - Alert is present after 30 second(s).&#xD;
&#xD;
2019-09-06 10:26:23 - [TEST_STEP][PASSED] - driver = getWebDriver(): null&#xD;
&#xD;
2019-09-06 10:26:23 - [TEST_STEP][PASSED] - fecha = G_Auth_Date: null&#xD;
&#xD;
2019-09-06 10:26:23 - [TEST_STEP][PASSED] - alert().sendKeys(fecha): null&#xD;
&#xD;
2019-09-06 10:26:23 - [TEST_STEP][PASSED] - acceptAlert(): Alert accepted&#xD;
&#xD;
2019-09-06 10:26:23 - [MESSAGE][PASSED] - Alert accepted&#xD;
&#xD;
2019-09-06 10:26:23 - [TEST_STEP][PASSED] - delay(3): Delayed 3 second(s)&#xD;
&#xD;
2019-09-06 10:26:26 - [MESSAGE][PASSED] - Delayed 3 second(s)&#xD;
&#xD;
2019-09-06 10:26:26 - [TEST_STEP][PASSED] - acceptAlert(): Alert accepted&#xD;
&#xD;
2019-09-06 10:26:26 - [MESSAGE][PASSED] - Alert accepted&#xD;
&#xD;
2019-09-06 10:26:26 - [TEST_STEP][PASSED] - delay(3): Delayed 3 second(s)&#xD;
&#xD;
2019-09-06 10:26:29 - [MESSAGE][PASSED] - Delayed 3 second(s)&#xD;
&#xD;
2019-09-06 10:26:29 - [TEST_STEP][NOT_RUN] - acceptAlert(): NOT_RUN: acceptAlert()&#xD;
&#xD;
2019-09-06 10:26:29 - [MESSAGE][NOT_RUN] - NOT_RUN: acceptAlert()&#xD;
&#xD;
2019-09-06 10:26:29 - [TEST_STEP][NOT_RUN] - delay(3): NOT_RUN: delay(3)&#xD;
&#xD;
2019-09-06 10:26:29 - [MESSAGE][NOT_RUN] - NOT_RUN: delay(3)&#xD;
&#xD;
2019-09-06 10:26:29 - [TEST_STEP][NOT_RUN] - acceptAlert(): NOT_RUN: acceptAlert()&#xD;
&#xD;
2019-09-06 10:26:29 - [MESSAGE][NOT_RUN] - NOT_RUN: acceptAlert()&#xD;
&#xD;
2019-09-06 10:26:29 - [TEST_STEP][NOT_RUN] - delay(10): NOT_RUN: delay(10)&#xD;
&#xD;
2019-09-06 10:26:29 - [MESSAGE][NOT_RUN] - NOT_RUN: delay(10)</system-out>
            <system-err></system-err>
        </testcase>
        <testcase name="Test Cases/Regression BackOffice (All Browsers)/CLNK-10235 - Enter a Need from Schedule Block" classname="Test Cases/Regression BackOffice (All Browsers)/CLNK-10235 - Enter a Need from Schedule Block" status="PASSED">
            <system-out>2019-09-06 10:26:31 - [TEST_CASE][PASSED] - Test Cases/Regression BackOffice (All Browsers)/CLNK-10235 - Enter a Need from Schedule Block: Test Cases/Regression BackOffice (All Browsers)/CLNK-10235 - Enter a Need from Schedule Block&#xD;
&#xD;
2019-09-06 10:26:32 - [TEST_STEP][PASSED] - callTestCase(findTestCase("Regression BackOffice (All Browsers)/CLNK-23439 - Clink - Back office Client"), [:], STOP_ON_FAILURE): Call Test Case 'Test Cases/Regression BackOffice (All Browsers)/CLNK-23439 - Clink - Back office Client' successfully&#xD;
&#xD;
2019-09-06 10:26:32 - [TEST_CASE][PASSED] - Test Cases/Regression BackOffice (All Browsers)/CLNK-23439 - Clink - Back office Client: Test Cases/Regression BackOffice (All Browsers)/CLNK-23439 - Clink - Back office Client&#xD;
&#xD;
2019-09-06 10:26:32 - [TEST_STEP][PASSED] - deleteAllCookies(): Delete all cookies successfully&#xD;
&#xD;
2019-09-06 10:26:45 - [MESSAGE][PASSED] - Delete all cookies successfully&#xD;
&#xD;
2019-09-06 10:26:45 - [TEST_STEP][PASSED] - openBrowser(G_SiteBackOffice): Browser is opened with url: 'https://qanewpoc.continulink.com:8443/Backoffice/'&#xD;
&#xD;
2019-09-06 10:26:45 - [MESSAGE][WARNING] - A browser is already opened. Closing browser and opening a new one&#xD;
&#xD;
2019-09-06 10:26:46 - [MESSAGE][INFO] - Starting 'Chrome' driver&#xD;
&#xD;
2019-09-06 10:26:53 - [MESSAGE][PASSED] - Browser is opened with url: 'https://qanewpoc.continulink.com:8443/Backoffice/'&#xD;
&#xD;
2019-09-06 10:26:53 - [TEST_STEP][PASSED] - waitForPageLoad(60): Wait for page load successfully&#xD;
&#xD;
2019-09-06 10:26:53 - [MESSAGE][PASSED] - Wait for page load successfully&#xD;
&#xD;
2019-09-06 10:26:53 - [TEST_STEP][PASSED] - maximizeWindow(): Current window maximized&#xD;
&#xD;
2019-09-06 10:26:57 - [MESSAGE][PASSED] - Current window maximized&#xD;
&#xD;
2019-09-06 10:26:57 - [TEST_STEP][PASSED] - setText(findTestObject("Regression BackOffice/Login/UserBackOffice"), G_UserBackOffice): Text 'automation_admin' is set on object 'Object Repository/Regression BackOffice/Login/UserBackOffice'&#xD;
&#xD;
2019-09-06 10:26:58 - [MESSAGE][PASSED] - Text 'automation_admin' is set on object 'Object Repository/Regression BackOffice/Login/UserBackOffice'&#xD;
&#xD;
2019-09-06 10:26:58 - [TEST_STEP][PASSED] - setText(findTestObject("Regression BackOffice/Login/PasswordBackOffice"), G_PasswordBackOffice): Text 'qwerty' is set on object 'Object Repository/Regression BackOffice/Login/PasswordBackOffice'&#xD;
&#xD;
2019-09-06 10:26:58 - [MESSAGE][PASSED] - Text 'qwerty' is set on object 'Object Repository/Regression BackOffice/Login/PasswordBackOffice'&#xD;
&#xD;
2019-09-06 10:26:58 - [TEST_STEP][PASSED] - click(findTestObject("Regression BackOffice/Login/LoginBackOffice")): Object: 'Object Repository/Regression BackOffice/Login/LoginBackOffice' is clicked on&#xD;
&#xD;
2019-09-06 10:27:03 - [MESSAGE][PASSED] - Object: 'Object Repository/Regression BackOffice/Login/LoginBackOffice' is clicked on&#xD;
&#xD;
2019-09-06 10:27:03 - [TEST_STEP][PASSED] - waitForPageLoad(60): Wait for page load successfully&#xD;
&#xD;
2019-09-06 10:27:03 - [MESSAGE][PASSED] - Wait for page load successfully&#xD;
&#xD;
2019-09-06 10:27:03 - [TEST_STEP][PASSED] - delay(2): Delayed 2 second(s)&#xD;
&#xD;
2019-09-06 10:27:05 - [MESSAGE][PASSED] - Delayed 2 second(s)&#xD;
&#xD;
2019-09-06 10:27:05 - [TEST_STEP][PASSED] - switchToFrame(findTestObject("Regression BackOffice/CLINK-Frames/FrameFrameLeft"), 5, STOP_ON_FAILURE): null&#xD;
&#xD;
2019-09-06 10:27:05 - [TEST_STEP][PASSED] - delay(2): Delayed 2 second(s)&#xD;
&#xD;
2019-09-06 10:27:07 - [MESSAGE][PASSED] - Delayed 2 second(s)&#xD;
&#xD;
2019-09-06 10:27:07 - [TEST_STEP][PASSED] - waitForElementPresent(findTestObject("Regression BackOffice/CLINK-Frames/ClientIntake"), 50): Object 'Object Repository/Regression BackOffice/CLINK-Frames/ClientIntake' is present&#xD;
&#xD;
2019-09-06 10:27:07 - [MESSAGE][PASSED] - Object 'Object Repository/Regression BackOffice/CLINK-Frames/ClientIntake' is present&#xD;
&#xD;
2019-09-06 10:27:07 - [TEST_STEP][PASSED] - verifyElementPresent(findTestObject("Regression BackOffice/CLINK-Frames/ClientIntake"), 100, STOP_ON_FAILURE): Object 'Object Repository/Regression BackOffice/CLINK-Frames/ClientIntake' is present&#xD;
&#xD;
2019-09-06 10:27:07 - [MESSAGE][PASSED] - Object 'Object Repository/Regression BackOffice/CLINK-Frames/ClientIntake' is present&#xD;
&#xD;
2019-09-06 10:27:07 - [TEST_STEP][PASSED] - switchToDefaultContent(): null&#xD;
&#xD;
2019-09-06 10:27:07 - [MESSAGE][PASSED] - Call Test Case 'Test Cases/Regression BackOffice (All Browsers)/CLNK-23439 - Clink - Back office Client' successfully&#xD;
&#xD;
2019-09-06 10:27:07 - [TEST_STEP][PASSED] - waitForPageLoad(60): Wait for page load successfully&#xD;
&#xD;
2019-09-06 10:27:07 - [MESSAGE][PASSED] - Wait for page load successfully&#xD;
&#xD;
2019-09-06 10:27:07 - [TEST_STEP][PASSED] - delay(3): Delayed 3 second(s)&#xD;
&#xD;
2019-09-06 10:27:10 - [MESSAGE][PASSED] - Delayed 3 second(s)&#xD;
&#xD;
2019-09-06 10:27:10 - [TEST_STEP][PASSED] - switchToFrame(findTestObject("Regression BackOffice/CLNK-23449/FrameLeft"), 30): null&#xD;
&#xD;
2019-09-06 10:27:10 - [TEST_STEP][PASSED] - waitForElementPresent(findTestObject("Regression BackOffice/CLNK-23449/ClienIntakeICon"), 100): Object 'Object Repository/Regression BackOffice/CLNK-23449/ClienIntakeICon' is present&#xD;
&#xD;
2019-09-06 10:27:10 - [MESSAGE][PASSED] - Object 'Object Repository/Regression BackOffice/CLNK-23449/ClienIntakeICon' is present&#xD;
&#xD;
2019-09-06 10:27:10 - [TEST_STEP][PASSED] - click(findTestObject("Regression BackOffice/CLNK-23449/ClienIntakeICon")): Object: 'Object Repository/Regression BackOffice/CLNK-23449/ClienIntakeICon' is clicked on&#xD;
&#xD;
2019-09-06 10:27:11 - [MESSAGE][PASSED] - Object: 'Object Repository/Regression BackOffice/CLNK-23449/ClienIntakeICon' is clicked on&#xD;
&#xD;
2019-09-06 10:27:11 - [TEST_STEP][PASSED] - delay(2): Delayed 2 second(s)&#xD;
&#xD;
2019-09-06 10:27:13 - [MESSAGE][PASSED] - Delayed 2 second(s)&#xD;
&#xD;
2019-09-06 10:27:13 - [TEST_STEP][PASSED] - waitForPageLoad(50): Wait for page load successfully&#xD;
&#xD;
2019-09-06 10:27:13 - [MESSAGE][PASSED] - Wait for page load successfully&#xD;
&#xD;
2019-09-06 10:27:13 - [TEST_STEP][PASSED] - waitForElementPresent(findTestObject("Regression BackOffice/CLNK-10235/SearchforaClient"), 50): Object 'Object Repository/Regression BackOffice/CLNK-10235/SearchforaClient' is present&#xD;
&#xD;
2019-09-06 10:27:13 - [MESSAGE][PASSED] - Object 'Object Repository/Regression BackOffice/CLNK-10235/SearchforaClient' is present&#xD;
&#xD;
2019-09-06 10:27:13 - [TEST_STEP][PASSED] - click(findTestObject("Regression BackOffice/CLNK-10235/SearchforaClient")): Object: 'Object Repository/Regression BackOffice/CLNK-10235/SearchforaClient' is clicked on&#xD;
&#xD;
2019-09-06 10:27:14 - [MESSAGE][PASSED] - Object: 'Object Repository/Regression BackOffice/CLNK-10235/SearchforaClient' is clicked on&#xD;
&#xD;
2019-09-06 10:27:14 - [TEST_STEP][PASSED] - delay(2): Delayed 2 second(s)&#xD;
&#xD;
2019-09-06 10:27:16 - [MESSAGE][PASSED] - Delayed 2 second(s)&#xD;
&#xD;
2019-09-06 10:27:16 - [TEST_STEP][PASSED] - switchToDefaultContent(): null&#xD;
&#xD;
2019-09-06 10:27:16 - [TEST_STEP][PASSED] - switchToFrame(findTestObject("Regression BackOffice/CLNK-23449/FrameMain"), 30): null&#xD;
&#xD;
2019-09-06 10:27:16 - [TEST_STEP][PASSED] - waitForElementPresent(findTestObject("Regression BackOffice/CLNK-10235/FirstNameSearch"), 50): Object 'Object Repository/Regression BackOffice/CLNK-10235/FirstNameSearch' is present&#xD;
&#xD;
2019-09-06 10:27:16 - [MESSAGE][PASSED] - Object 'Object Repository/Regression BackOffice/CLNK-10235/FirstNameSearch' is present&#xD;
&#xD;
2019-09-06 10:27:16 - [TEST_STEP][PASSED] - setText(findTestObject("Regression BackOffice/CLNK-10235/FirstNameSearch"), G_ClientFirstName): Text 'Gaston' is set on object 'Object Repository/Regression BackOffice/CLNK-10235/FirstNameSearch'&#xD;
&#xD;
2019-09-06 10:27:16 - [MESSAGE][PASSED] - Text 'Gaston' is set on object 'Object Repository/Regression BackOffice/CLNK-10235/FirstNameSearch'&#xD;
&#xD;
2019-09-06 10:27:16 - [TEST_STEP][PASSED] - delay(2): Delayed 2 second(s)&#xD;
&#xD;
2019-09-06 10:27:18 - [MESSAGE][PASSED] - Delayed 2 second(s)&#xD;
&#xD;
2019-09-06 10:27:18 - [TEST_STEP][PASSED] - waitForElementPresent(findTestObject("Regression BackOffice/CLNK-10235/LastNameSearch"), 50): Object 'Object Repository/Regression BackOffice/CLNK-10235/LastNameSearch' is present&#xD;
&#xD;
2019-09-06 10:27:19 - [MESSAGE][PASSED] - Object 'Object Repository/Regression BackOffice/CLNK-10235/LastNameSearch' is present&#xD;
&#xD;
2019-09-06 10:27:19 - [TEST_STEP][PASSED] - setText(findTestObject("Regression BackOffice/CLNK-10235/LastNameSearch"), G_ClientLastName): Text 'Gusisky' is set on object 'Object Repository/Regression BackOffice/CLNK-10235/LastNameSearch'&#xD;
&#xD;
2019-09-06 10:27:19 - [MESSAGE][PASSED] - Text 'Gusisky' is set on object 'Object Repository/Regression BackOffice/CLNK-10235/LastNameSearch'&#xD;
&#xD;
2019-09-06 10:27:19 - [TEST_STEP][PASSED] - delay(2): Delayed 2 second(s)&#xD;
&#xD;
2019-09-06 10:27:21 - [MESSAGE][PASSED] - Delayed 2 second(s)&#xD;
&#xD;
2019-09-06 10:27:21 - [TEST_STEP][PASSED] - waitForElementPresent(findTestObject("Regression BackOffice/CLINK - 27906/SearchButton"), 50): Object 'Object Repository/Regression BackOffice/CLINK - 27906/SearchButton' is present&#xD;
&#xD;
2019-09-06 10:27:21 - [MESSAGE][PASSED] - Object 'Object Repository/Regression BackOffice/CLINK - 27906/SearchButton' is present&#xD;
&#xD;
2019-09-06 10:27:21 - [TEST_STEP][PASSED] - click(findTestObject("Regression BackOffice/CLINK - 27906/SearchButton"), STOP_ON_FAILURE): Object: 'Object Repository/Regression BackOffice/CLINK - 27906/SearchButton' is clicked on&#xD;
&#xD;
2019-09-06 10:27:22 - [MESSAGE][PASSED] - Object: 'Object Repository/Regression BackOffice/CLINK - 27906/SearchButton' is clicked on&#xD;
&#xD;
2019-09-06 10:27:22 - [TEST_STEP][PASSED] - delay(2): Delayed 2 second(s)&#xD;
&#xD;
2019-09-06 10:27:24 - [MESSAGE][PASSED] - Delayed 2 second(s)&#xD;
&#xD;
2019-09-06 10:27:24 - [TEST_STEP][PASSED] - waitForElementPresent(findTestObject("Regression BackOffice/CLINK - 27906/ClientRollbackLink"), 50): Object 'Object Repository/Regression BackOffice/CLINK - 27906/ClientRollbackLink' is present&#xD;
&#xD;
2019-09-06 10:27:24 - [MESSAGE][PASSED] - Object 'Object Repository/Regression BackOffice/CLINK - 27906/ClientRollbackLink' is present&#xD;
&#xD;
2019-09-06 10:27:24 - [TEST_STEP][PASSED] - click(findTestObject("Regression BackOffice/CLINK - 27906/ClientRollbackLink"), STOP_ON_FAILURE): Object: 'Object Repository/Regression BackOffice/CLINK - 27906/ClientRollbackLink' is clicked on&#xD;
&#xD;
2019-09-06 10:27:26 - [MESSAGE][PASSED] - Object: 'Object Repository/Regression BackOffice/CLINK - 27906/ClientRollbackLink' is clicked on&#xD;
&#xD;
2019-09-06 10:27:26 - [TEST_STEP][PASSED] - delay(2): Delayed 2 second(s)&#xD;
&#xD;
2019-09-06 10:27:28 - [MESSAGE][PASSED] - Delayed 2 second(s)&#xD;
&#xD;
2019-09-06 10:27:28 - [TEST_STEP][PASSED] - switchToDefaultContent(): null&#xD;
&#xD;
2019-09-06 10:27:28 - [TEST_STEP][PASSED] - switchToFrame(findTestObject("Regression BackOffice/CLNK-23449/FrameLeft"), 30): null&#xD;
&#xD;
2019-09-06 10:27:28 - [TEST_STEP][PASSED] - waitForElementPresent(findTestObject("Regression BackOffice/CLNK-10235/Puntitos"), 50): Object 'Object Repository/Regression BackOffice/CLNK-10235/Puntitos' is present&#xD;
&#xD;
2019-09-06 10:27:28 - [MESSAGE][PASSED] - Object 'Object Repository/Regression BackOffice/CLNK-10235/Puntitos' is present&#xD;
&#xD;
2019-09-06 10:27:28 - [TEST_STEP][PASSED] - click(findTestObject("Regression BackOffice/CLNK-10235/Puntitos"), STOP_ON_FAILURE): Object: 'Object Repository/Regression BackOffice/CLNK-10235/Puntitos' is clicked on&#xD;
&#xD;
2019-09-06 10:27:29 - [MESSAGE][PASSED] - Object: 'Object Repository/Regression BackOffice/CLNK-10235/Puntitos' is clicked on&#xD;
&#xD;
2019-09-06 10:27:29 - [TEST_STEP][PASSED] - delay(2): Delayed 2 second(s)&#xD;
&#xD;
2019-09-06 10:27:31 - [MESSAGE][PASSED] - Delayed 2 second(s)&#xD;
&#xD;
2019-09-06 10:27:31 - [TEST_STEP][PASSED] - waitForPageLoad(50): Wait for page load successfully&#xD;
&#xD;
2019-09-06 10:27:31 - [MESSAGE][PASSED] - Wait for page load successfully&#xD;
&#xD;
2019-09-06 10:27:31 - [TEST_STEP][PASSED] - waitForElementPresent(findTestObject("Regression BackOffice/CLNK-10235/ClientIntakeClose"), 100): Object 'Object Repository/Regression BackOffice/CLNK-10235/ClientIntakeClose' is present&#xD;
&#xD;
2019-09-06 10:27:31 - [MESSAGE][PASSED] - Object 'Object Repository/Regression BackOffice/CLNK-10235/ClientIntakeClose' is present&#xD;
&#xD;
2019-09-06 10:27:31 - [TEST_STEP][PASSED] - click(findTestObject("Regression BackOffice/CLNK-10235/ClientIntakeClose")): Object: 'Object Repository/Regression BackOffice/CLNK-10235/ClientIntakeClose' is clicked on&#xD;
&#xD;
2019-09-06 10:27:31 - [MESSAGE][PASSED] - Object: 'Object Repository/Regression BackOffice/CLNK-10235/ClientIntakeClose' is clicked on&#xD;
&#xD;
2019-09-06 10:27:31 - [TEST_STEP][PASSED] - delay(2): Delayed 2 second(s)&#xD;
&#xD;
2019-09-06 10:27:33 - [MESSAGE][PASSED] - Delayed 2 second(s)&#xD;
&#xD;
2019-09-06 10:27:33 - [TEST_STEP][PASSED] - waitForElementPresent(findTestObject("Regression BackOffice/CLNK-10235/ScheduleIcon"), 100): Object 'Object Repository/Regression BackOffice/CLNK-10235/ScheduleIcon' is present&#xD;
&#xD;
2019-09-06 10:27:33 - [MESSAGE][PASSED] - Object 'Object Repository/Regression BackOffice/CLNK-10235/ScheduleIcon' is present&#xD;
&#xD;
2019-09-06 10:27:33 - [TEST_STEP][PASSED] - click(findTestObject("Regression BackOffice/CLNK-10235/ScheduleIcon")): Object: 'Object Repository/Regression BackOffice/CLNK-10235/ScheduleIcon' is clicked on&#xD;
&#xD;
2019-09-06 10:27:33 - [MESSAGE][PASSED] - Object: 'Object Repository/Regression BackOffice/CLNK-10235/ScheduleIcon' is clicked on&#xD;
&#xD;
2019-09-06 10:27:33 - [TEST_STEP][PASSED] - delay(2): Delayed 2 second(s)&#xD;
&#xD;
2019-09-06 10:27:35 - [MESSAGE][PASSED] - Delayed 2 second(s)&#xD;
&#xD;
2019-09-06 10:27:35 - [TEST_STEP][PASSED] - waitForElementPresent(findTestObject("Regression BackOffice/CLNK-10235/EnterNeeds"), 100): Object 'Object Repository/Regression BackOffice/CLNK-10235/EnterNeeds' is present&#xD;
&#xD;
2019-09-06 10:27:36 - [MESSAGE][PASSED] - Object 'Object Repository/Regression BackOffice/CLNK-10235/EnterNeeds' is present&#xD;
&#xD;
2019-09-06 10:27:36 - [TEST_STEP][PASSED] - click(findTestObject("Regression BackOffice/CLNK-10235/EnterNeeds")): Object: 'Object Repository/Regression BackOffice/CLNK-10235/EnterNeeds' is clicked on&#xD;
&#xD;
2019-09-06 10:27:38 - [MESSAGE][PASSED] - Object: 'Object Repository/Regression BackOffice/CLNK-10235/EnterNeeds' is clicked on&#xD;
&#xD;
2019-09-06 10:27:38 - [TEST_STEP][PASSED] - delay(2): Delayed 2 second(s)&#xD;
&#xD;
2019-09-06 10:27:40 - [MESSAGE][PASSED] - Delayed 2 second(s)&#xD;
&#xD;
2019-09-06 10:27:40 - [TEST_STEP][PASSED] - switchToDefaultContent(): null&#xD;
&#xD;
2019-09-06 10:27:40 - [TEST_STEP][PASSED] - switchToFrame(findTestObject("Regression BackOffice/CLNK-23449/FrameMain"), 30): null&#xD;
&#xD;
2019-09-06 10:27:40 - [TEST_STEP][PASSED] - delay(3): Delayed 3 second(s)&#xD;
&#xD;
2019-09-06 10:27:43 - [MESSAGE][PASSED] - Delayed 3 second(s)&#xD;
&#xD;
2019-09-06 10:27:43 - [TEST_STEP][PASSED] - waitForElementPresent(findTestObject("Regression BackOffice/CLNK-10235/Client NameSearchNeeds"), 100): Object 'Object Repository/Regression BackOffice/CLNK-10235/Client NameSearchNeeds' is present&#xD;
&#xD;
2019-09-06 10:27:43 - [MESSAGE][PASSED] - Object 'Object Repository/Regression BackOffice/CLNK-10235/Client NameSearchNeeds' is present&#xD;
&#xD;
2019-09-06 10:27:43 - [TEST_STEP][PASSED] - setText(findTestObject("Regression BackOffice/CLNK-10235/Client NameSearchNeeds"), G_ClientLastName): Text 'Gusisky' is set on object 'Object Repository/Regression BackOffice/CLNK-10235/Client NameSearchNeeds'&#xD;
&#xD;
2019-09-06 10:27:43 - [MESSAGE][PASSED] - Text 'Gusisky' is set on object 'Object Repository/Regression BackOffice/CLNK-10235/Client NameSearchNeeds'&#xD;
&#xD;
2019-09-06 10:27:43 - [TEST_STEP][PASSED] - delay(2): Delayed 2 second(s)&#xD;
&#xD;
2019-09-06 10:27:45 - [MESSAGE][PASSED] - Delayed 2 second(s)&#xD;
&#xD;
2019-09-06 10:27:45 - [TEST_STEP][PASSED] - sendKeys(findTestObject("Regression BackOffice/CLNK-10235/Client NameSearchNeeds"), Keys.chord(ARROW_RIGHT, ARROW_DOWN, ENTER)): Keys 'RIGHT + DOWN + ENTER + ' sent to object: 'Object Repository/Regression BackOffice/CLNK-10235/Client NameSearchNeeds'&#xD;
&#xD;
2019-09-06 10:27:45 - [MESSAGE][PASSED] - Keys 'RIGHT + DOWN + ENTER + ' sent to object: 'Object Repository/Regression BackOffice/CLNK-10235/Client NameSearchNeeds'&#xD;
&#xD;
2019-09-06 10:27:45 - [TEST_STEP][PASSED] - delay(2): Delayed 2 second(s)&#xD;
&#xD;
2019-09-06 10:27:47 - [MESSAGE][PASSED] - Delayed 2 second(s)&#xD;
&#xD;
2019-09-06 10:27:47 - [TEST_STEP][NOT_RUN] - waitForElementPresent(findTestObject("Regression BackOffice/CLNK-10235/ScheduleAssessmentCode"), 100): NOT_RUN: waitForElementPresent(findTestObject("Regression BackOffice/CLNK-10235/ScheduleAssessmentCode"), 100)&#xD;
&#xD;
2019-09-06 10:27:47 - [MESSAGE][NOT_RUN] - NOT_RUN: waitForElementPresent(findTestObject("Regression BackOffice/CLNK-10235/ScheduleAssessmentCode"), 100)&#xD;
&#xD;
2019-09-06 10:27:47 - [TEST_STEP][NOT_RUN] - click(findTestObject("Regression BackOffice/CLNK-10235/ScheduleAssessmentCode")): NOT_RUN: click(findTestObject("Regression BackOffice/CLNK-10235/ScheduleAssessmentCode"))&#xD;
&#xD;
2019-09-06 10:27:47 - [MESSAGE][NOT_RUN] - NOT_RUN: click(findTestObject("Regression BackOffice/CLNK-10235/ScheduleAssessmentCode"))&#xD;
&#xD;
2019-09-06 10:27:47 - [TEST_STEP][NOT_RUN] - delay(2): NOT_RUN: delay(2)&#xD;
&#xD;
2019-09-06 10:27:47 - [MESSAGE][NOT_RUN] - NOT_RUN: delay(2)&#xD;
&#xD;
2019-09-06 10:27:47 - [TEST_STEP][PASSED] - waitForElementPresent(findTestObject("Regression BackOffice/CLNK-10235/ServiceTypeList"), 100): Object 'Object Repository/Regression BackOffice/CLNK-10235/ServiceTypeList' is present&#xD;
&#xD;
2019-09-06 10:27:47 - [MESSAGE][PASSED] - Object 'Object Repository/Regression BackOffice/CLNK-10235/ServiceTypeList' is present&#xD;
&#xD;
2019-09-06 10:27:47 - [TEST_STEP][PASSED] - click(findTestObject("Regression BackOffice/CLNK-10235/ServiceTypeList")): Object: 'Object Repository/Regression BackOffice/CLNK-10235/ServiceTypeList' is clicked on&#xD;
&#xD;
2019-09-06 10:27:48 - [MESSAGE][PASSED] - Object: 'Object Repository/Regression BackOffice/CLNK-10235/ServiceTypeList' is clicked on&#xD;
&#xD;
2019-09-06 10:27:48 - [TEST_STEP][PASSED] - sendKeys(findTestObject("Regression BackOffice/CLNK-10235/ServiceTypeList"), Keys.chord(ARROW_DOWN, ENTER)): Keys 'DOWN + ENTER + ' sent to object: 'Object Repository/Regression BackOffice/CLNK-10235/ServiceTypeList'&#xD;
&#xD;
2019-09-06 10:27:48 - [MESSAGE][PASSED] - Keys 'DOWN + ENTER + ' sent to object: 'Object Repository/Regression BackOffice/CLNK-10235/ServiceTypeList'&#xD;
&#xD;
2019-09-06 10:27:48 - [TEST_STEP][PASSED] - delay(2): Delayed 2 second(s)&#xD;
&#xD;
2019-09-06 10:27:50 - [MESSAGE][PASSED] - Delayed 2 second(s)&#xD;
&#xD;
2019-09-06 10:27:50 - [TEST_STEP][PASSED] - scrollToElement(findTestObject("Regression BackOffice/CLNK-10235/StartTime"), 10): Scroll to object 'Object Repository/Regression BackOffice/CLNK-10235/StartTime' successfully&#xD;
&#xD;
2019-09-06 10:27:50 - [MESSAGE][PASSED] - Scroll to object 'Object Repository/Regression BackOffice/CLNK-10235/StartTime' successfully&#xD;
&#xD;
2019-09-06 10:27:50 - [TEST_STEP][PASSED] - waitForElementPresent(findTestObject("Regression BackOffice/CLNK-10235/StartTime"), 100): Object 'Object Repository/Regression BackOffice/CLNK-10235/StartTime' is present&#xD;
&#xD;
2019-09-06 10:27:50 - [MESSAGE][PASSED] - Object 'Object Repository/Regression BackOffice/CLNK-10235/StartTime' is present&#xD;
&#xD;
2019-09-06 10:27:50 - [TEST_STEP][PASSED] - click(findTestObject("Regression BackOffice/CLNK-10235/StartTime")): Object: 'Object Repository/Regression BackOffice/CLNK-10235/StartTime' is clicked on&#xD;
&#xD;
2019-09-06 10:27:50 - [MESSAGE][PASSED] - Object: 'Object Repository/Regression BackOffice/CLNK-10235/StartTime' is clicked on&#xD;
&#xD;
2019-09-06 10:27:50 - [TEST_STEP][PASSED] - sendKeys(findTestObject("Regression BackOffice/CLNK-10235/StartTime"), G_StartTime): Keys '1200' sent to object: 'Object Repository/Regression BackOffice/CLNK-10235/StartTime'&#xD;
&#xD;
2019-09-06 10:27:50 - [MESSAGE][PASSED] - Keys '1200' sent to object: 'Object Repository/Regression BackOffice/CLNK-10235/StartTime'&#xD;
&#xD;
2019-09-06 10:27:50 - [TEST_STEP][PASSED] - delay(2): Delayed 2 second(s)&#xD;
&#xD;
2019-09-06 10:27:52 - [MESSAGE][PASSED] - Delayed 2 second(s)&#xD;
&#xD;
2019-09-06 10:27:52 - [TEST_STEP][PASSED] - waitForElementPresent(findTestObject("Regression BackOffice/CLNK-10235/EndTime"), 100): Object 'Object Repository/Regression BackOffice/CLNK-10235/EndTime' is present&#xD;
&#xD;
2019-09-06 10:27:53 - [MESSAGE][PASSED] - Object 'Object Repository/Regression BackOffice/CLNK-10235/EndTime' is present&#xD;
&#xD;
2019-09-06 10:27:53 - [TEST_STEP][PASSED] - click(findTestObject("Regression BackOffice/CLNK-10235/EndTime")): Object: 'Object Repository/Regression BackOffice/CLNK-10235/EndTime' is clicked on&#xD;
&#xD;
2019-09-06 10:27:53 - [MESSAGE][PASSED] - Object: 'Object Repository/Regression BackOffice/CLNK-10235/EndTime' is clicked on&#xD;
&#xD;
2019-09-06 10:27:53 - [TEST_STEP][PASSED] - sendKeys(findTestObject("Regression BackOffice/CLNK-10235/EndTime"), G_EndTime): Keys '1230' sent to object: 'Object Repository/Regression BackOffice/CLNK-10235/EndTime'&#xD;
&#xD;
2019-09-06 10:27:53 - [MESSAGE][PASSED] - Keys '1230' sent to object: 'Object Repository/Regression BackOffice/CLNK-10235/EndTime'&#xD;
&#xD;
2019-09-06 10:27:53 - [TEST_STEP][PASSED] - delay(2): Delayed 2 second(s)&#xD;
&#xD;
2019-09-06 10:27:55 - [MESSAGE][PASSED] - Delayed 2 second(s)&#xD;
&#xD;
2019-09-06 10:27:55 - [TEST_STEP][PASSED] - scrollToElement(findTestObject("Regression BackOffice/CLNK-10235/CaregiverName"), 10): Scroll to object 'Object Repository/Regression BackOffice/CLNK-10235/CaregiverName' successfully&#xD;
&#xD;
2019-09-06 10:27:55 - [MESSAGE][PASSED] - Scroll to object 'Object Repository/Regression BackOffice/CLNK-10235/CaregiverName' successfully&#xD;
&#xD;
2019-09-06 10:27:55 - [TEST_STEP][PASSED] - waitForElementPresent(findTestObject("Regression BackOffice/CLNK-10235/CaregiverName"), 100): Object 'Object Repository/Regression BackOffice/CLNK-10235/CaregiverName' is present&#xD;
&#xD;
2019-09-06 10:27:55 - [MESSAGE][PASSED] - Object 'Object Repository/Regression BackOffice/CLNK-10235/CaregiverName' is present&#xD;
&#xD;
2019-09-06 10:27:55 - [TEST_STEP][PASSED] - setText(findTestObject("Regression BackOffice/CLNK-10235/CaregiverName"), G_CareGiverLastName): Text 'Cincuentilla' is set on object 'Object Repository/Regression BackOffice/CLNK-10235/CaregiverName'&#xD;
&#xD;
2019-09-06 10:27:55 - [MESSAGE][PASSED] - Text 'Cincuentilla' is set on object 'Object Repository/Regression BackOffice/CLNK-10235/CaregiverName'&#xD;
&#xD;
2019-09-06 10:27:55 - [TEST_STEP][PASSED] - delay(2): Delayed 2 second(s)&#xD;
&#xD;
2019-09-06 10:27:57 - [MESSAGE][PASSED] - Delayed 2 second(s)&#xD;
&#xD;
2019-09-06 10:27:57 - [TEST_STEP][PASSED] - click(findTestObject("Regression BackOffice/CLNK-10235/CaregiverName")): Object: 'Object Repository/Regression BackOffice/CLNK-10235/CaregiverName' is clicked on&#xD;
&#xD;
2019-09-06 10:27:58 - [MESSAGE][PASSED] - Object: 'Object Repository/Regression BackOffice/CLNK-10235/CaregiverName' is clicked on&#xD;
&#xD;
2019-09-06 10:27:58 - [TEST_STEP][PASSED] - sendKeys(findTestObject("Regression BackOffice/CLNK-10235/CaregiverName"), Keys.chord(ARROW_DOWN, ENTER)): Keys 'DOWN + ENTER + ' sent to object: 'Object Repository/Regression BackOffice/CLNK-10235/CaregiverName'&#xD;
&#xD;
2019-09-06 10:27:58 - [MESSAGE][PASSED] - Keys 'DOWN + ENTER + ' sent to object: 'Object Repository/Regression BackOffice/CLNK-10235/CaregiverName'&#xD;
&#xD;
2019-09-06 10:27:58 - [TEST_STEP][PASSED] - delay(3): Delayed 3 second(s)&#xD;
&#xD;
2019-09-06 10:28:01 - [MESSAGE][PASSED] - Delayed 3 second(s)&#xD;
&#xD;
2019-09-06 10:28:01 - [TEST_STEP][PASSED] - switchToDefaultContent(): null&#xD;
&#xD;
2019-09-06 10:28:01 - [TEST_STEP][PASSED] - switchToFrame(findTestObject("Regression BackOffice/CLINK-17788/BannerFrame"), 30): null&#xD;
&#xD;
2019-09-06 10:28:01 - [TEST_STEP][PASSED] - waitForElementPresent(findTestObject("Regression BackOffice/CLNK-10235/SaveButton"), 50): Object 'Object Repository/Regression BackOffice/CLNK-10235/SaveButton' is present&#xD;
&#xD;
2019-09-06 10:28:01 - [MESSAGE][PASSED] - Object 'Object Repository/Regression BackOffice/CLNK-10235/SaveButton' is present&#xD;
&#xD;
2019-09-06 10:28:01 - [TEST_STEP][PASSED] - click(findTestObject("Regression BackOffice/CLNK-10235/SaveButton"), STOP_ON_FAILURE): Object: 'Object Repository/Regression BackOffice/CLNK-10235/SaveButton' is clicked on&#xD;
&#xD;
2019-09-06 10:28:01 - [MESSAGE][PASSED] - Object: 'Object Repository/Regression BackOffice/CLNK-10235/SaveButton' is clicked on&#xD;
&#xD;
2019-09-06 10:28:01 - [TEST_STEP][PASSED] - delay(10): Delayed 10 second(s)&#xD;
&#xD;
2019-09-06 10:28:11 - [MESSAGE][PASSED] - Delayed 10 second(s)&#xD;
&#xD;
2019-09-06 10:28:11 - [TEST_STEP][PASSED] - waitForPageLoad(50): Wait for page load successfully&#xD;
&#xD;
2019-09-06 10:28:45 - [MESSAGE][PASSED] - Wait for page load successfully&#xD;
&#xD;
2019-09-06 10:28:45 - [TEST_STEP][PASSED] - delay(5): Delayed 5 second(s)&#xD;
&#xD;
2019-09-06 10:28:50 - [MESSAGE][PASSED] - Delayed 5 second(s)&#xD;
&#xD;
2019-09-06 10:28:50 - [TEST_STEP][PASSED] - closeBrowser(): Browser is closed&#xD;
&#xD;
2019-09-06 10:28:51 - [MESSAGE][PASSED] - Browser is closed</system-out>
            <system-err></system-err>
        </testcase>
        <testcase name="Test Cases/Regression BackOffice (All Browsers)/CLNK-30887 - PRE - No authorization created" classname="Test Cases/Regression BackOffice (All Browsers)/CLNK-30887 - PRE - No authorization created" status="PASSED">
            <system-out>2019-09-06 10:28:53 - [TEST_CASE][PASSED] - Test Cases/Regression BackOffice (All Browsers)/CLNK-30887 - PRE - No authorization created: Test Cases/Regression BackOffice (All Browsers)/CLNK-30887 - PRE - No authorization created&#xD;
&#xD;
2019-09-06 10:28:53 - [TEST_STEP][PASSED] - callTestCase(findTestCase("Regression BackOffice (All Browsers)/CLNK-23439 - Clink - Back office Client"), [:], STOP_ON_FAILURE): Call Test Case 'Test Cases/Regression BackOffice (All Browsers)/CLNK-23439 - Clink - Back office Client' successfully&#xD;
&#xD;
2019-09-06 10:28:53 - [TEST_CASE][PASSED] - Test Cases/Regression BackOffice (All Browsers)/CLNK-23439 - Clink - Back office Client: Test Cases/Regression BackOffice (All Browsers)/CLNK-23439 - Clink - Back office Client&#xD;
&#xD;
2019-09-06 10:28:53 - [TEST_STEP][PASSED] - deleteAllCookies(): Delete all cookies successfully&#xD;
&#xD;
2019-09-06 10:28:53 - [MESSAGE][WARNING] - Cannot delete cookies because browser is closed&#xD;
&#xD;
2019-09-06 10:28:53 - [MESSAGE][PASSED] - Delete all cookies successfully&#xD;
&#xD;
2019-09-06 10:28:53 - [TEST_STEP][PASSED] - openBrowser(G_SiteBackOffice): Browser is opened with url: 'https://qanewpoc.continulink.com:8443/Backoffice/'&#xD;
&#xD;
2019-09-06 10:28:53 - [MESSAGE][INFO] - Starting 'Chrome' driver&#xD;
&#xD;
2019-09-06 10:29:01 - [MESSAGE][PASSED] - Browser is opened with url: 'https://qanewpoc.continulink.com:8443/Backoffice/'&#xD;
&#xD;
2019-09-06 10:29:01 - [TEST_STEP][PASSED] - waitForPageLoad(60): Wait for page load successfully&#xD;
&#xD;
2019-09-06 10:29:01 - [MESSAGE][PASSED] - Wait for page load successfully&#xD;
&#xD;
2019-09-06 10:29:01 - [TEST_STEP][PASSED] - maximizeWindow(): Current window maximized&#xD;
&#xD;
2019-09-06 10:29:05 - [MESSAGE][PASSED] - Current window maximized&#xD;
&#xD;
2019-09-06 10:29:05 - [TEST_STEP][PASSED] - setText(findTestObject("Regression BackOffice/Login/UserBackOffice"), G_UserBackOffice): Text 'automation_admin' is set on object 'Object Repository/Regression BackOffice/Login/UserBackOffice'&#xD;
&#xD;
2019-09-06 10:29:05 - [MESSAGE][PASSED] - Text 'automation_admin' is set on object 'Object Repository/Regression BackOffice/Login/UserBackOffice'&#xD;
&#xD;
2019-09-06 10:29:05 - [TEST_STEP][PASSED] - setText(findTestObject("Regression BackOffice/Login/PasswordBackOffice"), G_PasswordBackOffice): Text 'qwerty' is set on object 'Object Repository/Regression BackOffice/Login/PasswordBackOffice'&#xD;
&#xD;
2019-09-06 10:29:05 - [MESSAGE][PASSED] - Text 'qwerty' is set on object 'Object Repository/Regression BackOffice/Login/PasswordBackOffice'&#xD;
&#xD;
2019-09-06 10:29:05 - [TEST_STEP][PASSED] - click(findTestObject("Regression BackOffice/Login/LoginBackOffice")): Object: 'Object Repository/Regression BackOffice/Login/LoginBackOffice' is clicked on&#xD;
&#xD;
2019-09-06 10:29:10 - [MESSAGE][PASSED] - Object: 'Object Repository/Regression BackOffice/Login/LoginBackOffice' is clicked on&#xD;
&#xD;
2019-09-06 10:29:10 - [TEST_STEP][PASSED] - waitForPageLoad(60): Wait for page load successfully&#xD;
&#xD;
2019-09-06 10:29:10 - [MESSAGE][PASSED] - Wait for page load successfully&#xD;
&#xD;
2019-09-06 10:29:10 - [TEST_STEP][PASSED] - delay(2): Delayed 2 second(s)&#xD;
&#xD;
2019-09-06 10:29:12 - [MESSAGE][PASSED] - Delayed 2 second(s)&#xD;
&#xD;
2019-09-06 10:29:12 - [TEST_STEP][PASSED] - switchToFrame(findTestObject("Regression BackOffice/CLINK-Frames/FrameFrameLeft"), 5, STOP_ON_FAILURE): null&#xD;
&#xD;
2019-09-06 10:29:12 - [TEST_STEP][PASSED] - delay(2): Delayed 2 second(s)&#xD;
&#xD;
2019-09-06 10:29:14 - [MESSAGE][PASSED] - Delayed 2 second(s)&#xD;
&#xD;
2019-09-06 10:29:14 - [TEST_STEP][PASSED] - waitForElementPresent(findTestObject("Regression BackOffice/CLINK-Frames/ClientIntake"), 50): Object 'Object Repository/Regression BackOffice/CLINK-Frames/ClientIntake' is present&#xD;
&#xD;
2019-09-06 10:29:14 - [MESSAGE][PASSED] - Object 'Object Repository/Regression BackOffice/CLINK-Frames/ClientIntake' is present&#xD;
&#xD;
2019-09-06 10:29:14 - [TEST_STEP][PASSED] - verifyElementPresent(findTestObject("Regression BackOffice/CLINK-Frames/ClientIntake"), 100, STOP_ON_FAILURE): Object 'Object Repository/Regression BackOffice/CLINK-Frames/ClientIntake' is present&#xD;
&#xD;
2019-09-06 10:29:14 - [MESSAGE][PASSED] - Object 'Object Repository/Regression BackOffice/CLINK-Frames/ClientIntake' is present&#xD;
&#xD;
2019-09-06 10:29:14 - [TEST_STEP][PASSED] - switchToDefaultContent(): null&#xD;
&#xD;
2019-09-06 10:29:14 - [MESSAGE][PASSED] - Call Test Case 'Test Cases/Regression BackOffice (All Browsers)/CLNK-23439 - Clink - Back office Client' successfully&#xD;
&#xD;
2019-09-06 10:29:14 - [TEST_STEP][PASSED] - waitForPageLoad(60): Wait for page load successfully&#xD;
&#xD;
2019-09-06 10:29:14 - [MESSAGE][PASSED] - Wait for page load successfully&#xD;
&#xD;
2019-09-06 10:29:14 - [TEST_STEP][PASSED] - delay(3): Delayed 3 second(s)&#xD;
&#xD;
2019-09-06 10:29:17 - [MESSAGE][PASSED] - Delayed 3 second(s)&#xD;
&#xD;
2019-09-06 10:29:17 - [TEST_STEP][PASSED] - switchToFrame(findTestObject("Regression BackOffice/CLNK-23449/FrameLeft"), 30): null&#xD;
&#xD;
2019-09-06 10:29:17 - [TEST_STEP][PASSED] - waitForElementPresent(findTestObject("Regression BackOffice/CLNK-23449/ClienIntakeICon"), 100): Object 'Object Repository/Regression BackOffice/CLNK-23449/ClienIntakeICon' is present&#xD;
&#xD;
2019-09-06 10:29:18 - [MESSAGE][PASSED] - Object 'Object Repository/Regression BackOffice/CLNK-23449/ClienIntakeICon' is present&#xD;
&#xD;
2019-09-06 10:29:18 - [TEST_STEP][PASSED] - click(findTestObject("Regression BackOffice/CLNK-23449/ClienIntakeICon")): Object: 'Object Repository/Regression BackOffice/CLNK-23449/ClienIntakeICon' is clicked on&#xD;
&#xD;
2019-09-06 10:29:18 - [MESSAGE][PASSED] - Object: 'Object Repository/Regression BackOffice/CLNK-23449/ClienIntakeICon' is clicked on&#xD;
&#xD;
2019-09-06 10:29:18 - [TEST_STEP][PASSED] - delay(2): Delayed 2 second(s)&#xD;
&#xD;
2019-09-06 10:29:20 - [MESSAGE][PASSED] - Delayed 2 second(s)&#xD;
&#xD;
2019-09-06 10:29:20 - [TEST_STEP][PASSED] - waitForPageLoad(50): Wait for page load successfully&#xD;
&#xD;
2019-09-06 10:29:20 - [MESSAGE][PASSED] - Wait for page load successfully&#xD;
&#xD;
2019-09-06 10:29:20 - [TEST_STEP][PASSED] - waitForElementPresent(findTestObject("Regression BackOffice/CLNK-31354/ServiceGroupLink"), 50): Object 'Object Repository/Regression BackOffice/CLNK-31354/ServiceGroupLink' is present&#xD;
&#xD;
2019-09-06 10:29:20 - [MESSAGE][PASSED] - Object 'Object Repository/Regression BackOffice/CLNK-31354/ServiceGroupLink' is present&#xD;
&#xD;
2019-09-06 10:29:20 - [TEST_STEP][PASSED] - click(findTestObject("Regression BackOffice/CLNK-31354/ServiceGroupLink")): Object: 'Object Repository/Regression BackOffice/CLNK-31354/ServiceGroupLink' is clicked on&#xD;
&#xD;
2019-09-06 10:29:21 - [MESSAGE][PASSED] - Object: 'Object Repository/Regression BackOffice/CLNK-31354/ServiceGroupLink' is clicked on&#xD;
&#xD;
2019-09-06 10:29:21 - [TEST_STEP][PASSED] - delay(2): Delayed 2 second(s)&#xD;
&#xD;
2019-09-06 10:29:23 - [MESSAGE][PASSED] - Delayed 2 second(s)&#xD;
&#xD;
2019-09-06 10:29:23 - [TEST_STEP][PASSED] - switchToDefaultContent(): null&#xD;
&#xD;
2019-09-06 10:29:23 - [TEST_STEP][PASSED] - switchToFrame(findTestObject("Regression BackOffice/CLNK-23449/FrameMain"), 30): null&#xD;
&#xD;
2019-09-06 10:29:23 - [TEST_STEP][PASSED] - waitForElementPresent(findTestObject("Regression BackOffice/CLNK-31354/FirstName"), 50): Object 'Object Repository/Regression BackOffice/CLNK-31354/FirstName' is present&#xD;
&#xD;
2019-09-06 10:29:23 - [MESSAGE][PASSED] - Object 'Object Repository/Regression BackOffice/CLNK-31354/FirstName' is present&#xD;
&#xD;
2019-09-06 10:29:23 - [TEST_STEP][PASSED] - setText(findTestObject("Regression BackOffice/CLNK-31354/FirstName"), G_ClientFirstName): Text 'Gaston' is set on object 'Object Repository/Regression BackOffice/CLNK-31354/FirstName'&#xD;
&#xD;
2019-09-06 10:29:24 - [MESSAGE][PASSED] - Text 'Gaston' is set on object 'Object Repository/Regression BackOffice/CLNK-31354/FirstName'&#xD;
&#xD;
2019-09-06 10:29:24 - [TEST_STEP][PASSED] - delay(2): Delayed 2 second(s)&#xD;
&#xD;
2019-09-06 10:29:26 - [MESSAGE][PASSED] - Delayed 2 second(s)&#xD;
&#xD;
2019-09-06 10:29:26 - [TEST_STEP][PASSED] - waitForElementPresent(findTestObject("Regression BackOffice/CLNK-31354/Last Name"), 50): Object 'Object Repository/Regression BackOffice/CLNK-31354/Last Name' is present&#xD;
&#xD;
2019-09-06 10:29:26 - [MESSAGE][PASSED] - Object 'Object Repository/Regression BackOffice/CLNK-31354/Last Name' is present&#xD;
&#xD;
2019-09-06 10:29:26 - [TEST_STEP][PASSED] - setText(findTestObject("Regression BackOffice/CLNK-31354/Last Name"), G_ClientLastName): Text 'Gusisky' is set on object 'Object Repository/Regression BackOffice/CLNK-31354/Last Name'&#xD;
&#xD;
2019-09-06 10:29:26 - [MESSAGE][PASSED] - Text 'Gusisky' is set on object 'Object Repository/Regression BackOffice/CLNK-31354/Last Name'&#xD;
&#xD;
2019-09-06 10:29:26 - [TEST_STEP][PASSED] - delay(2): Delayed 2 second(s)&#xD;
&#xD;
2019-09-06 10:29:28 - [MESSAGE][PASSED] - Delayed 2 second(s)&#xD;
&#xD;
2019-09-06 10:29:28 - [TEST_STEP][PASSED] - waitForElementPresent(findTestObject("Regression BackOffice/CLNK-31354/SearchButton"), 50): Object 'Object Repository/Regression BackOffice/CLNK-31354/SearchButton' is present&#xD;
&#xD;
2019-09-06 10:29:28 - [MESSAGE][PASSED] - Object 'Object Repository/Regression BackOffice/CLNK-31354/SearchButton' is present&#xD;
&#xD;
2019-09-06 10:29:28 - [TEST_STEP][PASSED] - click(findTestObject("Regression BackOffice/CLNK-31354/SearchButton"), OPTIONAL): Object: 'Object Repository/Regression BackOffice/CLNK-31354/SearchButton' is clicked on&#xD;
&#xD;
2019-09-06 10:29:29 - [MESSAGE][PASSED] - Object: 'Object Repository/Regression BackOffice/CLNK-31354/SearchButton' is clicked on&#xD;
&#xD;
2019-09-06 10:29:29 - [TEST_STEP][PASSED] - delay(2): Delayed 2 second(s)&#xD;
&#xD;
2019-09-06 10:29:31 - [MESSAGE][PASSED] - Delayed 2 second(s)&#xD;
&#xD;
2019-09-06 10:29:31 - [TEST_STEP][PASSED] - waitForPageLoad(50): Wait for page load successfully&#xD;
&#xD;
2019-09-06 10:29:31 - [MESSAGE][PASSED] - Wait for page load successfully&#xD;
&#xD;
2019-09-06 10:29:31 - [TEST_STEP][PASSED] - delay(2): Delayed 2 second(s)&#xD;
&#xD;
2019-09-06 10:29:33 - [MESSAGE][PASSED] - Delayed 2 second(s)&#xD;
&#xD;
2019-09-06 10:29:33 - [TEST_STEP][PASSED] - waitForElementPresent(findTestObject("Regression BackOffice/CLNK-31354/ClientSearch"), 50): Object 'Object Repository/Regression BackOffice/CLNK-31354/ClientSearch' is present&#xD;
&#xD;
2019-09-06 10:29:33 - [MESSAGE][PASSED] - Object 'Object Repository/Regression BackOffice/CLNK-31354/ClientSearch' is present&#xD;
&#xD;
2019-09-06 10:29:33 - [TEST_STEP][PASSED] - click(findTestObject("Regression BackOffice/CLNK-31354/ClientSearch")): Object: 'Object Repository/Regression BackOffice/CLNK-31354/ClientSearch' is clicked on&#xD;
&#xD;
2019-09-06 10:29:35 - [MESSAGE][PASSED] - Object: 'Object Repository/Regression BackOffice/CLNK-31354/ClientSearch' is clicked on&#xD;
&#xD;
2019-09-06 10:29:35 - [TEST_STEP][PASSED] - delay(2): Delayed 2 second(s)&#xD;
&#xD;
2019-09-06 10:29:37 - [MESSAGE][PASSED] - Delayed 2 second(s)&#xD;
&#xD;
2019-09-06 10:29:37 - [TEST_STEP][PASSED] - waitForPageLoad(50): Wait for page load successfully&#xD;
&#xD;
2019-09-06 10:29:37 - [MESSAGE][PASSED] - Wait for page load successfully&#xD;
&#xD;
2019-09-06 10:29:37 - [TEST_STEP][PASSED] - waitForElementPresent(findTestObject("Regression BackOffice/CLINK-30887/a_PCA"), 50): Object 'Object Repository/Regression BackOffice/CLINK-30887/a_PCA' is present&#xD;
&#xD;
2019-09-06 10:29:37 - [MESSAGE][PASSED] - Object 'Object Repository/Regression BackOffice/CLINK-30887/a_PCA' is present&#xD;
&#xD;
2019-09-06 10:29:37 - [TEST_STEP][PASSED] - click(findTestObject("Regression BackOffice/CLINK-30887/a_PCA")): Object: 'Object Repository/Regression BackOffice/CLINK-30887/a_PCA' is clicked on&#xD;
&#xD;
2019-09-06 10:29:38 - [MESSAGE][PASSED] - Object: 'Object Repository/Regression BackOffice/CLINK-30887/a_PCA' is clicked on&#xD;
&#xD;
2019-09-06 10:29:38 - [TEST_STEP][PASSED] - delay(2): Delayed 2 second(s)&#xD;
&#xD;
2019-09-06 10:29:40 - [MESSAGE][PASSED] - Delayed 2 second(s)&#xD;
&#xD;
2019-09-06 10:29:40 - [TEST_STEP][PASSED] - waitForElementPresent(findTestObject("Regression BackOffice/CLINK-30887/a_Fecha"), 50): Object 'Object Repository/Regression BackOffice/CLINK-30887/a_Fecha' is not present after 50 second(s)&#xD;
&#xD;
2019-09-06 10:30:31 - [MESSAGE][INFO] - Unable to find the element located by 'By.xpath: //*[@id="Service1030954"]/table/tbody/tr[1]/td'. Please recheck the objects properties to make sure the desired element is located. &#xD;
&#xD;
2019-09-06 10:30:31 - [MESSAGE][WARNING] - Object 'Object Repository/Regression BackOffice/CLINK-30887/a_Fecha' is not present after 50 second(s)&#xD;
&#xD;
2019-09-06 10:30:31 - [TEST_STEP][PASSED] - click(findTestObject("Regression BackOffice/CLINK-30887/a_Fecha")): Unable to click on object 'Object Repository/Regression BackOffice/CLINK-30887/a_Fecha' (Root cause: com.kms.katalon.core.exception.StepFailedException: Unable to click on object 'Object Repository/Regression BackOffice/CLINK-30887/a_Fecha'&#xD;
	at com.kms.katalon.core.webui.keyword.internal.WebUIKeywordMain.stepFailed(WebUIKeywordMain.groovy:64)&#xD;
	at com.kms.katalon.core.webui.keyword.internal.WebUIKeywordMain.runKeyword(WebUIKeywordMain.groovy:26)&#xD;
	at com.kms.katalon.core.webui.keyword.builtin.ClickKeyword.click(ClickKeyword.groovy:86)&#xD;
	at com.kms.katalon.core.webui.keyword.builtin.ClickKeyword.execute(ClickKeyword.groovy:67)&#xD;
	at com.kms.katalon.core.keyword.internal.KeywordExecutor.executeKeywordForPlatform(KeywordExecutor.groovy:56)&#xD;
	at com.kms.katalon.core.webui.keyword.WebUiBuiltInKeywords.click(WebUiBuiltInKeywords.groovy:616)&#xD;
	at com.kms.katalon.core.webui.keyword.WebUiBuiltInKeywords$click$4.call(Unknown Source)&#xD;
	at CLNK-30887 - PRE - No authorization created.run(CLNK-30887 - PRE - No authorization created:80)&#xD;
	at com.kms.katalon.core.main.ScriptEngine.run(ScriptEngine.java:194)&#xD;
	at com.kms.katalon.core.main.ScriptEngine.runScriptAsRawText(ScriptEngine.java:119)&#xD;
	at com.kms.katalon.core.main.TestCaseExecutor.runScript(TestCaseExecutor.java:337)&#xD;
	at com.kms.katalon.core.main.TestCaseExecutor.doExecute(TestCaseExecutor.java:328)&#xD;
	at com.kms.katalon.core.main.TestCaseExecutor.processExecutionPhase(TestCaseExecutor.java:307)&#xD;
	at com.kms.katalon.core.main.TestCaseExecutor.accessMainPhase(TestCaseExecutor.java:299)&#xD;
	at com.kms.katalon.core.main.TestCaseExecutor.execute(TestCaseExecutor.java:233)&#xD;
	at com.kms.katalon.core.main.TestSuiteExecutor.accessTestCaseMainPhase(TestSuiteExecutor.java:169)&#xD;
	at com.kms.katalon.core.main.TestSuiteExecutor.accessTestSuiteMainPhase(TestSuiteExecutor.java:142)&#xD;
	at com.kms.katalon.core.main.TestSuiteExecutor.execute(TestSuiteExecutor.java:91)&#xD;
	at com.kms.katalon.core.main.TestCaseMain.startTestSuite(TestCaseMain.java:157)&#xD;
	at com.kms.katalon.core.main.TestCaseMain$startTestSuite$0.call(Unknown Source)&#xD;
	at TempTestSuite1567775409875.run(TempTestSuite1567775409875.groovy:35)&#xD;
Caused by: com.kms.katalon.core.webui.exception.WebElementNotFoundException: Web element with id: 'Object Repository/Regression BackOffice/CLINK-30887/a_Fecha' located by 'By.xpath: //*[@id="Service1030954"]/table/tbody/tr[1]/td' not found&#xD;
	at com.kms.katalon.core.webui.common.WebUiCommonHelper.findWebElement(WebUiCommonHelper.java:1097)&#xD;
	at com.kms.katalon.core.webui.keyword.internal.WebUIAbstractKeyword.findWebElement(WebUIAbstractKeyword.groovy:27)&#xD;
	at com.kms.katalon.core.webui.keyword.internal.WebUIAbstractKeyword.findWebElement(WebUIAbstractKeyword.groovy:26)&#xD;
	at com.kms.katalon.core.webui.keyword.builtin.ClickKeyword$_click_closure1.doCall(ClickKeyword.groovy:77)&#xD;
	at com.kms.katalon.core.webui.keyword.builtin.ClickKeyword$_click_closure1.call(ClickKeyword.groovy)&#xD;
	at com.kms.katalon.core.webui.keyword.internal.WebUIKeywordMain.runKeyword(WebUIKeywordMain.groovy:20)&#xD;
	at com.kms.katalon.core.webui.keyword.builtin.ClickKeyword.click(ClickKeyword.groovy:86)&#xD;
	at com.kms.katalon.core.webui.keyword.builtin.ClickKeyword.execute(ClickKeyword.groovy:67)&#xD;
	at com.kms.katalon.core.keyword.internal.KeywordExecutor.executeKeywordForPlatform(KeywordExecutor.groovy:56)&#xD;
	at com.kms.katalon.core.webui.keyword.WebUiBuiltInKeywords.click(WebUiBuiltInKeywords.groovy:616)&#xD;
	at com.kms.katalon.core.webui.keyword.WebUiBuiltInKeywords$click$4.call(Unknown Source)&#xD;
	at Script1567019875221.run(Script1567019875221.groovy:80)&#xD;
	... 13 more&#xD;
)&#xD;
&#xD;
2019-09-06 10:31:02 - [MESSAGE][INFO] - Unable to find the element located by 'By.xpath: //*[@id="Service1030954"]/table/tbody/tr[1]/td'. Please recheck the objects properties to make sure the desired element is located. &#xD;
&#xD;
2019-09-06 10:31:03 - [MESSAGE][WARNING] - Unable to click on object 'Object Repository/Regression BackOffice/CLINK-30887/a_Fecha' (Root cause: com.kms.katalon.core.exception.StepFailedException: Unable to click on object 'Object Repository/Regression BackOffice/CLINK-30887/a_Fecha'&#xD;
	at com.kms.katalon.core.webui.keyword.internal.WebUIKeywordMain.stepFailed(WebUIKeywordMain.groovy:64)&#xD;
	at com.kms.katalon.core.webui.keyword.internal.WebUIKeywordMain.runKeyword(WebUIKeywordMain.groovy:26)&#xD;
	at com.kms.katalon.core.webui.keyword.builtin.ClickKeyword.click(ClickKeyword.groovy:86)&#xD;
	at com.kms.katalon.core.webui.keyword.builtin.ClickKeyword.execute(ClickKeyword.groovy:67)&#xD;
	at com.kms.katalon.core.keyword.internal.KeywordExecutor.executeKeywordForPlatform(KeywordExecutor.groovy:56)&#xD;
	at com.kms.katalon.core.webui.keyword.WebUiBuiltInKeywords.click(WebUiBuiltInKeywords.groovy:616)&#xD;
	at com.kms.katalon.core.webui.keyword.WebUiBuiltInKeywords$click$4.call(Unknown Source)&#xD;
	at CLNK-30887 - PRE - No authorization created.run(CLNK-30887 - PRE - No authorization created:80)&#xD;
	at com.kms.katalon.core.main.ScriptEngine.run(ScriptEngine.java:194)&#xD;
	at com.kms.katalon.core.main.ScriptEngine.runScriptAsRawText(ScriptEngine.java:119)&#xD;
	at com.kms.katalon.core.main.TestCaseExecutor.runScript(TestCaseExecutor.java:337)&#xD;
	at com.kms.katalon.core.main.TestCaseExecutor.doExecute(TestCaseExecutor.java:328)&#xD;
	at com.kms.katalon.core.main.TestCaseExecutor.processExecutionPhase(TestCaseExecutor.java:307)&#xD;
	at com.kms.katalon.core.main.TestCaseExecutor.accessMainPhase(TestCaseExecutor.java:299)&#xD;
	at com.kms.katalon.core.main.TestCaseExecutor.execute(TestCaseExecutor.java:233)&#xD;
	at com.kms.katalon.core.main.TestSuiteExecutor.accessTestCaseMainPhase(TestSuiteExecutor.java:169)&#xD;
	at com.kms.katalon.core.main.TestSuiteExecutor.accessTestSuiteMainPhase(TestSuiteExecutor.java:142)&#xD;
	at com.kms.katalon.core.main.TestSuiteExecutor.execute(TestSuiteExecutor.java:91)&#xD;
	at com.kms.katalon.core.main.TestCaseMain.startTestSuite(TestCaseMain.java:157)&#xD;
	at com.kms.katalon.core.main.TestCaseMain$startTestSuite$0.call(Unknown Source)&#xD;
	at TempTestSuite1567775409875.run(TempTestSuite1567775409875.groovy:35)&#xD;
Caused by: com.kms.katalon.core.webui.exception.WebElementNotFoundException: Web element with id: 'Object Repository/Regression BackOffice/CLINK-30887/a_Fecha' located by 'By.xpath: //*[@id="Service1030954"]/table/tbody/tr[1]/td' not found&#xD;
	at com.kms.katalon.core.webui.common.WebUiCommonHelper.findWebElement(WebUiCommonHelper.java:1097)&#xD;
	at com.kms.katalon.core.webui.keyword.internal.WebUIAbstractKeyword.findWebElement(WebUIAbstractKeyword.groovy:27)&#xD;
	at com.kms.katalon.core.webui.keyword.internal.WebUIAbstractKeyword.findWebElement(WebUIAbstractKeyword.groovy:26)&#xD;
	at com.kms.katalon.core.webui.keyword.builtin.ClickKeyword$_click_closure1.doCall(ClickKeyword.groovy:77)&#xD;
	at com.kms.katalon.core.webui.keyword.builtin.ClickKeyword$_click_closure1.call(ClickKeyword.groovy)&#xD;
	at com.kms.katalon.core.webui.keyword.internal.WebUIKeywordMain.runKeyword(WebUIKeywordMain.groovy:20)&#xD;
	at com.kms.katalon.core.webui.keyword.builtin.ClickKeyword.click(ClickKeyword.groovy:86)&#xD;
	at com.kms.katalon.core.webui.keyword.builtin.ClickKeyword.execute(ClickKeyword.groovy:67)&#xD;
	at com.kms.katalon.core.keyword.internal.KeywordExecutor.executeKeywordForPlatform(KeywordExecutor.groovy:56)&#xD;
	at com.kms.katalon.core.webui.keyword.WebUiBuiltInKeywords.click(WebUiBuiltInKeywords.groovy:616)&#xD;
	at com.kms.katalon.core.webui.keyword.WebUiBuiltInKeywords$click$4.call(Unknown Source)&#xD;
	at Script1567019875221.run(Script1567019875221.groovy:80)&#xD;
	... 13 more&#xD;
)&#xD;
[[ATTACHMENT|C:\\Users\\isaac\\Desktop\\Clientes\\ProcuraCanada\\Katalon Studio\\Continulink\\Reports\\20190906_100902\\Regression BackOffice\\Authorization\\20190906_101009\\1567776662598.png]]&#xD;
&#xD;
2019-09-06 10:31:03 - [TEST_STEP][PASSED] - delay(2): Delayed 2 second(s)&#xD;
&#xD;
2019-09-06 10:31:05 - [MESSAGE][PASSED] - Delayed 2 second(s)&#xD;
&#xD;
2019-09-06 10:31:05 - [TEST_STEP][PASSED] - waitForElementPresent(findTestObject("Regression BackOffice/CLINK-30887/div_Test"), 50): Object 'Object Repository/Regression BackOffice/CLINK-30887/div_Test' is present&#xD;
&#xD;
2019-09-06 10:31:05 - [MESSAGE][PASSED] - Object 'Object Repository/Regression BackOffice/CLINK-30887/div_Test' is present&#xD;
&#xD;
2019-09-06 10:31:05 - [TEST_STEP][PASSED] - click(findTestObject("Regression BackOffice/CLINK-30887/div_Test")): Unable to click on object 'Object Repository/Regression BackOffice/CLINK-30887/div_Test' (Root cause: com.kms.katalon.core.exception.StepFailedException: Unable to click on object 'Object Repository/Regression BackOffice/CLINK-30887/div_Test'&#xD;
	at com.kms.katalon.core.webui.keyword.internal.WebUIKeywordMain.stepFailed(WebUIKeywordMain.groovy:64)&#xD;
	at com.kms.katalon.core.webui.keyword.internal.WebUIKeywordMain.runKeyword(WebUIKeywordMain.groovy:26)&#xD;
	at com.kms.katalon.core.webui.keyword.builtin.ClickKeyword.click(ClickKeyword.groovy:86)&#xD;
	at com.kms.katalon.core.webui.keyword.builtin.ClickKeyword.execute(ClickKeyword.groovy:67)&#xD;
	at com.kms.katalon.core.keyword.internal.KeywordExecutor.executeKeywordForPlatform(KeywordExecutor.groovy:56)&#xD;
	at com.kms.katalon.core.webui.keyword.WebUiBuiltInKeywords.click(WebUiBuiltInKeywords.groovy:616)&#xD;
	at com.kms.katalon.core.webui.keyword.WebUiBuiltInKeywords$click$4.call(Unknown Source)&#xD;
	at CLNK-30887 - PRE - No authorization created.run(CLNK-30887 - PRE - No authorization created:86)&#xD;
	at com.kms.katalon.core.main.ScriptEngine.run(ScriptEngine.java:194)&#xD;
	at com.kms.katalon.core.main.ScriptEngine.runScriptAsRawText(ScriptEngine.java:119)&#xD;
	at com.kms.katalon.core.main.TestCaseExecutor.runScript(TestCaseExecutor.java:337)&#xD;
	at com.kms.katalon.core.main.TestCaseExecutor.doExecute(TestCaseExecutor.java:328)&#xD;
	at com.kms.katalon.core.main.TestCaseExecutor.processExecutionPhase(TestCaseExecutor.java:307)&#xD;
	at com.kms.katalon.core.main.TestCaseExecutor.accessMainPhase(TestCaseExecutor.java:299)&#xD;
	at com.kms.katalon.core.main.TestCaseExecutor.execute(TestCaseExecutor.java:233)&#xD;
	at com.kms.katalon.core.main.TestSuiteExecutor.accessTestCaseMainPhase(TestSuiteExecutor.java:169)&#xD;
	at com.kms.katalon.core.main.TestSuiteExecutor.accessTestSuiteMainPhase(TestSuiteExecutor.java:142)&#xD;
	at com.kms.katalon.core.main.TestSuiteExecutor.execute(TestSuiteExecutor.java:91)&#xD;
	at com.kms.katalon.core.main.TestCaseMain.startTestSuite(TestCaseMain.java:157)&#xD;
	at com.kms.katalon.core.main.TestCaseMain$startTestSuite$0.call(Unknown Source)&#xD;
	at TempTestSuite1567775409875.run(TempTestSuite1567775409875.groovy:35)&#xD;
Caused by: org.openqa.selenium.ElementNotInteractableException: element not interactable
  (Session info: chrome=76.0.3809.132)
Build info: version: '3.141.59', revision: 'e82be7d358', time: '2018-11-14T08:25:53'
System info: host: 'DESKTOP-BPONDF2', ip: '192.168.0.108', os.name: 'Windows 10', os.arch: 'amd64', os.version: '10.0', java.version: '1.8.0_181'
Driver info: com.kms.katalon.selenium.driver.CChromeDriver
Capabilities {acceptInsecureCerts: false, browserName: chrome, browserVersion: 76.0.3809.132, chrome: {chromedriverVersion: 76.0.3809.126 (d80a294506b4..., userDataDir: C:\Users\isaac\AppData\Loca...}, goog:chromeOptions: {debuggerAddress: localhost:62899}, javascriptEnabled: true, networkConnectionEnabled: false, pageLoadStrategy: normal, platform: XP, platformName: XP, proxy: Proxy(), setWindowRect: true, strictFileInteractability: false, timeouts: {implicit: 0, pageLoad: 300000, script: 30000}, unhandledPromptBehavior: dismiss and notify}
Session ID: 0756b9dc3e7e129475464881141d84ad&#xD;
	at org.openqa.selenium.remote.http.W3CHttpResponseCodec.createException(W3CHttpResponseCodec.java:187)&#xD;
	at org.openqa.selenium.remote.http.W3CHttpResponseCodec.decode(W3CHttpResponseCodec.java:122)&#xD;
	at org.openqa.selenium.remote.http.W3CHttpResponseCodec.decode(W3CHttpResponseCodec.java:49)&#xD;
	at org.openqa.selenium.remote.HttpCommandExecutor.execute(HttpCommandExecutor.java:158)&#xD;
	at org.openqa.selenium.remote.service.DriverCommandExecutor.execute(DriverCommandExecutor.java:83)&#xD;
	at org.openqa.selenium.remote.RemoteWebDriver.execute(RemoteWebDriver.java:552)&#xD;
	at com.kms.katalon.selenium.driver.CChromeDriver.execute(CChromeDriver.java:20)&#xD;
	at org.openqa.selenium.remote.RemoteWebElement.execute(RemoteWebElement.java:285)&#xD;
	at org.openqa.selenium.remote.RemoteWebElement.click(RemoteWebElement.java:84)&#xD;
	at com.kms.katalon.core.webui.keyword.builtin.ClickKeyword$_click_closure1.doCall(ClickKeyword.groovy:79)&#xD;
	at com.kms.katalon.core.webui.keyword.builtin.ClickKeyword$_click_closure1.call(ClickKeyword.groovy)&#xD;
	at com.kms.katalon.core.webui.keyword.internal.WebUIKeywordMain.runKeyword(WebUIKeywordMain.groovy:20)&#xD;
	at com.kms.katalon.core.webui.keyword.builtin.ClickKeyword.click(ClickKeyword.groovy:86)&#xD;
	at com.kms.katalon.core.webui.keyword.builtin.ClickKeyword.execute(ClickKeyword.groovy:67)&#xD;
	at com.kms.katalon.core.keyword.internal.KeywordExecutor.executeKeywordForPlatform(KeywordExecutor.groovy:56)&#xD;
	at com.kms.katalon.core.webui.keyword.WebUiBuiltInKeywords.click(WebUiBuiltInKeywords.groovy:616)&#xD;
	at com.kms.katalon.core.webui.keyword.WebUiBuiltInKeywords$click$4.call(Unknown Source)&#xD;
	at Script1567019875221.run(Script1567019875221.groovy:86)&#xD;
	... 13 more&#xD;
)&#xD;
&#xD;
2019-09-06 10:31:05 - [MESSAGE][WARNING] - Unable to click on object 'Object Repository/Regression BackOffice/CLINK-30887/div_Test' (Root cause: com.kms.katalon.core.exception.StepFailedException: Unable to click on object 'Object Repository/Regression BackOffice/CLINK-30887/div_Test'&#xD;
	at com.kms.katalon.core.webui.keyword.internal.WebUIKeywordMain.stepFailed(WebUIKeywordMain.groovy:64)&#xD;
	at com.kms.katalon.core.webui.keyword.internal.WebUIKeywordMain.runKeyword(WebUIKeywordMain.groovy:26)&#xD;
	at com.kms.katalon.core.webui.keyword.builtin.ClickKeyword.click(ClickKeyword.groovy:86)&#xD;
	at com.kms.katalon.core.webui.keyword.builtin.ClickKeyword.execute(ClickKeyword.groovy:67)&#xD;
	at com.kms.katalon.core.keyword.internal.KeywordExecutor.executeKeywordForPlatform(KeywordExecutor.groovy:56)&#xD;
	at com.kms.katalon.core.webui.keyword.WebUiBuiltInKeywords.click(WebUiBuiltInKeywords.groovy:616)&#xD;
	at com.kms.katalon.core.webui.keyword.WebUiBuiltInKeywords$click$4.call(Unknown Source)&#xD;
	at CLNK-30887 - PRE - No authorization created.run(CLNK-30887 - PRE - No authorization created:86)&#xD;
	at com.kms.katalon.core.main.ScriptEngine.run(ScriptEngine.java:194)&#xD;
	at com.kms.katalon.core.main.ScriptEngine.runScriptAsRawText(ScriptEngine.java:119)&#xD;
	at com.kms.katalon.core.main.TestCaseExecutor.runScript(TestCaseExecutor.java:337)&#xD;
	at com.kms.katalon.core.main.TestCaseExecutor.doExecute(TestCaseExecutor.java:328)&#xD;
	at com.kms.katalon.core.main.TestCaseExecutor.processExecutionPhase(TestCaseExecutor.java:307)&#xD;
	at com.kms.katalon.core.main.TestCaseExecutor.accessMainPhase(TestCaseExecutor.java:299)&#xD;
	at com.kms.katalon.core.main.TestCaseExecutor.execute(TestCaseExecutor.java:233)&#xD;
	at com.kms.katalon.core.main.TestSuiteExecutor.accessTestCaseMainPhase(TestSuiteExecutor.java:169)&#xD;
	at com.kms.katalon.core.main.TestSuiteExecutor.accessTestSuiteMainPhase(TestSuiteExecutor.java:142)&#xD;
	at com.kms.katalon.core.main.TestSuiteExecutor.execute(TestSuiteExecutor.java:91)&#xD;
	at com.kms.katalon.core.main.TestCaseMain.startTestSuite(TestCaseMain.java:157)&#xD;
	at com.kms.katalon.core.main.TestCaseMain$startTestSuite$0.call(Unknown Source)&#xD;
	at TempTestSuite1567775409875.run(TempTestSuite1567775409875.groovy:35)&#xD;
Caused by: org.openqa.selenium.ElementNotInteractableException: element not interactable
  (Session info: chrome=76.0.3809.132)
Build info: version: '3.141.59', revision: 'e82be7d358', time: '2018-11-14T08:25:53'
System info: host: 'DESKTOP-BPONDF2', ip: '192.168.0.108', os.name: 'Windows 10', os.arch: 'amd64', os.version: '10.0', java.version: '1.8.0_181'
Driver info: com.kms.katalon.selenium.driver.CChromeDriver
Capabilities {acceptInsecureCerts: false, browserName: chrome, browserVersion: 76.0.3809.132, chrome: {chromedriverVersion: 76.0.3809.126 (d80a294506b4..., userDataDir: C:\Users\isaac\AppData\Loca...}, goog:chromeOptions: {debuggerAddress: localhost:62899}, javascriptEnabled: true, networkConnectionEnabled: false, pageLoadStrategy: normal, platform: XP, platformName: XP, proxy: Proxy(), setWindowRect: true, strictFileInteractability: false, timeouts: {implicit: 0, pageLoad: 300000, script: 30000}, unhandledPromptBehavior: dismiss and notify}
Session ID: 0756b9dc3e7e129475464881141d84ad&#xD;
	at org.openqa.selenium.remote.http.W3CHttpResponseCodec.createException(W3CHttpResponseCodec.java:187)&#xD;
	at org.openqa.selenium.remote.http.W3CHttpResponseCodec.decode(W3CHttpResponseCodec.java:122)&#xD;
	at org.openqa.selenium.remote.http.W3CHttpResponseCodec.decode(W3CHttpResponseCodec.java:49)&#xD;
	at org.openqa.selenium.remote.HttpCommandExecutor.execute(HttpCommandExecutor.java:158)&#xD;
	at org.openqa.selenium.remote.service.DriverCommandExecutor.execute(DriverCommandExecutor.java:83)&#xD;
	at org.openqa.selenium.remote.RemoteWebDriver.execute(RemoteWebDriver.java:552)&#xD;
	at com.kms.katalon.selenium.driver.CChromeDriver.execute(CChromeDriver.java:20)&#xD;
	at org.openqa.selenium.remote.RemoteWebElement.execute(RemoteWebElement.java:285)&#xD;
	at org.openqa.selenium.remote.RemoteWebElement.click(RemoteWebElement.java:84)&#xD;
	at com.kms.katalon.core.webui.keyword.builtin.ClickKeyword$_click_closure1.doCall(ClickKeyword.groovy:79)&#xD;
	at com.kms.katalon.core.webui.keyword.builtin.ClickKeyword$_click_closure1.call(ClickKeyword.groovy)&#xD;
	at com.kms.katalon.core.webui.keyword.internal.WebUIKeywordMain.runKeyword(WebUIKeywordMain.groovy:20)&#xD;
	at com.kms.katalon.core.webui.keyword.builtin.ClickKeyword.click(ClickKeyword.groovy:86)&#xD;
	at com.kms.katalon.core.webui.keyword.builtin.ClickKeyword.execute(ClickKeyword.groovy:67)&#xD;
	at com.kms.katalon.core.keyword.internal.KeywordExecutor.executeKeywordForPlatform(KeywordExecutor.groovy:56)&#xD;
	at com.kms.katalon.core.webui.keyword.WebUiBuiltInKeywords.click(WebUiBuiltInKeywords.groovy:616)&#xD;
	at com.kms.katalon.core.webui.keyword.WebUiBuiltInKeywords$click$4.call(Unknown Source)&#xD;
	at Script1567019875221.run(Script1567019875221.groovy:86)&#xD;
	... 13 more&#xD;
)&#xD;
[[ATTACHMENT|C:\\Users\\isaac\\Desktop\\Clientes\\ProcuraCanada\\Katalon Studio\\Continulink\\Reports\\20190906_100902\\Regression BackOffice\\Authorization\\20190906_101009\\1567776665358.png]]&#xD;
&#xD;
2019-09-06 10:31:05 - [TEST_STEP][PASSED] - delay(2): Delayed 2 second(s)&#xD;
&#xD;
2019-09-06 10:31:07 - [MESSAGE][PASSED] - Delayed 2 second(s)&#xD;
&#xD;
2019-09-06 10:31:07 - [TEST_STEP][PASSED] - waitForElementPresent(findTestObject("Regression BackOffice/CLINK-30887/span_Authorization"), 50): Object 'Object Repository/Regression BackOffice/CLINK-30887/span_Authorization' is present&#xD;
&#xD;
2019-09-06 10:31:07 - [MESSAGE][PASSED] - Object 'Object Repository/Regression BackOffice/CLINK-30887/span_Authorization' is present&#xD;
&#xD;
2019-09-06 10:31:07 - [TEST_STEP][PASSED] - click(findTestObject("Regression BackOffice/CLINK-30887/span_Authorization")): Object: 'Object Repository/Regression BackOffice/CLINK-30887/span_Authorization' is clicked on&#xD;
&#xD;
2019-09-06 10:31:08 - [MESSAGE][PASSED] - Object: 'Object Repository/Regression BackOffice/CLINK-30887/span_Authorization' is clicked on&#xD;
&#xD;
2019-09-06 10:31:08 - [TEST_STEP][PASSED] - delay(10): Delayed 10 second(s)&#xD;
&#xD;
2019-09-06 10:31:18 - [MESSAGE][PASSED] - Delayed 10 second(s)&#xD;
&#xD;
2019-09-06 10:31:18 - [TEST_STEP][PASSED] - waitForElementPresent(findTestObject("Regression BackOffice/CLINK-30887/td_No Authorizations have been entered for this Service Type"), 50): Object 'Object Repository/Regression BackOffice/CLINK-30887/td_No Authorizations have been entered for this Service Type' is present&#xD;
&#xD;
2019-09-06 10:31:18 - [MESSAGE][WARNING] - Test object with id 'Object Repository/Regression BackOffice/CLINK-30887/Page_InterLink/frame_Capture object_FrameMain' does not exist&#xD;
&#xD;
2019-09-06 10:31:18 - [MESSAGE][PASSED] - Object 'Object Repository/Regression BackOffice/CLINK-30887/td_No Authorizations have been entered for this Service Type' is present&#xD;
&#xD;
2019-09-06 10:31:18 - [TEST_STEP][PASSED] - click(findTestObject("Regression BackOffice/CLINK-30887/td_No Authorizations have been entered for this Service Type")): Unable to click on object 'Object Repository/Regression BackOffice/CLINK-30887/td_No Authorizations have been entered for this Service Type' (Root cause: com.kms.katalon.core.exception.StepFailedException: Unable to click on object 'Object Repository/Regression BackOffice/CLINK-30887/td_No Authorizations have been entered for this Service Type'&#xD;
	at com.kms.katalon.core.webui.keyword.internal.WebUIKeywordMain.stepFailed(WebUIKeywordMain.groovy:64)&#xD;
	at com.kms.katalon.core.webui.keyword.internal.WebUIKeywordMain.runKeyword(WebUIKeywordMain.groovy:26)&#xD;
	at com.kms.katalon.core.webui.keyword.builtin.ClickKeyword.click(ClickKeyword.groovy:86)&#xD;
	at com.kms.katalon.core.webui.keyword.builtin.ClickKeyword.execute(ClickKeyword.groovy:67)&#xD;
	at com.kms.katalon.core.keyword.internal.KeywordExecutor.executeKeywordForPlatform(KeywordExecutor.groovy:56)&#xD;
	at com.kms.katalon.core.webui.keyword.WebUiBuiltInKeywords.click(WebUiBuiltInKeywords.groovy:616)&#xD;
	at com.kms.katalon.core.webui.keyword.WebUiBuiltInKeywords$click$4.call(Unknown Source)&#xD;
	at CLNK-30887 - PRE - No authorization created.run(CLNK-30887 - PRE - No authorization created:99)&#xD;
	at com.kms.katalon.core.main.ScriptEngine.run(ScriptEngine.java:194)&#xD;
	at com.kms.katalon.core.main.ScriptEngine.runScriptAsRawText(ScriptEngine.java:119)&#xD;
	at com.kms.katalon.core.main.TestCaseExecutor.runScript(TestCaseExecutor.java:337)&#xD;
	at com.kms.katalon.core.main.TestCaseExecutor.doExecute(TestCaseExecutor.java:328)&#xD;
	at com.kms.katalon.core.main.TestCaseExecutor.processExecutionPhase(TestCaseExecutor.java:307)&#xD;
	at com.kms.katalon.core.main.TestCaseExecutor.accessMainPhase(TestCaseExecutor.java:299)&#xD;
	at com.kms.katalon.core.main.TestCaseExecutor.execute(TestCaseExecutor.java:233)&#xD;
	at com.kms.katalon.core.main.TestSuiteExecutor.accessTestCaseMainPhase(TestSuiteExecutor.java:169)&#xD;
	at com.kms.katalon.core.main.TestSuiteExecutor.accessTestSuiteMainPhase(TestSuiteExecutor.java:142)&#xD;
	at com.kms.katalon.core.main.TestSuiteExecutor.execute(TestSuiteExecutor.java:91)&#xD;
	at com.kms.katalon.core.main.TestCaseMain.startTestSuite(TestCaseMain.java:157)&#xD;
	at com.kms.katalon.core.main.TestCaseMain$startTestSuite$0.call(Unknown Source)&#xD;
	at TempTestSuite1567775409875.run(TempTestSuite1567775409875.groovy:35)&#xD;
Caused by: org.openqa.selenium.ElementNotInteractableException: element not interactable
  (Session info: chrome=76.0.3809.132)
Build info: version: '3.141.59', revision: 'e82be7d358', time: '2018-11-14T08:25:53'
System info: host: 'DESKTOP-BPONDF2', ip: '192.168.0.108', os.name: 'Windows 10', os.arch: 'amd64', os.version: '10.0', java.version: '1.8.0_181'
Driver info: com.kms.katalon.selenium.driver.CChromeDriver
Capabilities {acceptInsecureCerts: false, browserName: chrome, browserVersion: 76.0.3809.132, chrome: {chromedriverVersion: 76.0.3809.126 (d80a294506b4..., userDataDir: C:\Users\isaac\AppData\Loca...}, goog:chromeOptions: {debuggerAddress: localhost:62899}, javascriptEnabled: true, networkConnectionEnabled: false, pageLoadStrategy: normal, platform: XP, platformName: XP, proxy: Proxy(), setWindowRect: true, strictFileInteractability: false, timeouts: {implicit: 0, pageLoad: 300000, script: 30000}, unhandledPromptBehavior: dismiss and notify}
Session ID: 0756b9dc3e7e129475464881141d84ad&#xD;
	at org.openqa.selenium.remote.http.W3CHttpResponseCodec.createException(W3CHttpResponseCodec.java:187)&#xD;
	at org.openqa.selenium.remote.http.W3CHttpResponseCodec.decode(W3CHttpResponseCodec.java:122)&#xD;
	at org.openqa.selenium.remote.http.W3CHttpResponseCodec.decode(W3CHttpResponseCodec.java:49)&#xD;
	at org.openqa.selenium.remote.HttpCommandExecutor.execute(HttpCommandExecutor.java:158)&#xD;
	at org.openqa.selenium.remote.service.DriverCommandExecutor.execute(DriverCommandExecutor.java:83)&#xD;
	at org.openqa.selenium.remote.RemoteWebDriver.execute(RemoteWebDriver.java:552)&#xD;
	at com.kms.katalon.selenium.driver.CChromeDriver.execute(CChromeDriver.java:20)&#xD;
	at org.openqa.selenium.remote.RemoteWebElement.execute(RemoteWebElement.java:285)&#xD;
	at org.openqa.selenium.remote.RemoteWebElement.click(RemoteWebElement.java:84)&#xD;
	at com.kms.katalon.core.webui.keyword.builtin.ClickKeyword$_click_closure1.doCall(ClickKeyword.groovy:79)&#xD;
	at com.kms.katalon.core.webui.keyword.builtin.ClickKeyword$_click_closure1.call(ClickKeyword.groovy)&#xD;
	at com.kms.katalon.core.webui.keyword.internal.WebUIKeywordMain.runKeyword(WebUIKeywordMain.groovy:20)&#xD;
	at com.kms.katalon.core.webui.keyword.builtin.ClickKeyword.click(ClickKeyword.groovy:86)&#xD;
	at com.kms.katalon.core.webui.keyword.builtin.ClickKeyword.execute(ClickKeyword.groovy:67)&#xD;
	at com.kms.katalon.core.keyword.internal.KeywordExecutor.executeKeywordForPlatform(KeywordExecutor.groovy:56)&#xD;
	at com.kms.katalon.core.webui.keyword.WebUiBuiltInKeywords.click(WebUiBuiltInKeywords.groovy:616)&#xD;
	at com.kms.katalon.core.webui.keyword.WebUiBuiltInKeywords$click$4.call(Unknown Source)&#xD;
	at Script1567019875221.run(Script1567019875221.groovy:99)&#xD;
	... 13 more&#xD;
)&#xD;
&#xD;
2019-09-06 10:31:18 - [MESSAGE][WARNING] - Test object with id 'Object Repository/Regression BackOffice/CLINK-30887/Page_InterLink/frame_Capture object_FrameMain' does not exist&#xD;
&#xD;
2019-09-06 10:31:18 - [MESSAGE][WARNING] - Unable to click on object 'Object Repository/Regression BackOffice/CLINK-30887/td_No Authorizations have been entered for this Service Type' (Root cause: com.kms.katalon.core.exception.StepFailedException: Unable to click on object 'Object Repository/Regression BackOffice/CLINK-30887/td_No Authorizations have been entered for this Service Type'&#xD;
	at com.kms.katalon.core.webui.keyword.internal.WebUIKeywordMain.stepFailed(WebUIKeywordMain.groovy:64)&#xD;
	at com.kms.katalon.core.webui.keyword.internal.WebUIKeywordMain.runKeyword(WebUIKeywordMain.groovy:26)&#xD;
	at com.kms.katalon.core.webui.keyword.builtin.ClickKeyword.click(ClickKeyword.groovy:86)&#xD;
	at com.kms.katalon.core.webui.keyword.builtin.ClickKeyword.execute(ClickKeyword.groovy:67)&#xD;
	at com.kms.katalon.core.keyword.internal.KeywordExecutor.executeKeywordForPlatform(KeywordExecutor.groovy:56)&#xD;
	at com.kms.katalon.core.webui.keyword.WebUiBuiltInKeywords.click(WebUiBuiltInKeywords.groovy:616)&#xD;
	at com.kms.katalon.core.webui.keyword.WebUiBuiltInKeywords$click$4.call(Unknown Source)&#xD;
	at CLNK-30887 - PRE - No authorization created.run(CLNK-30887 - PRE - No authorization created:99)&#xD;
	at com.kms.katalon.core.main.ScriptEngine.run(ScriptEngine.java:194)&#xD;
	at com.kms.katalon.core.main.ScriptEngine.runScriptAsRawText(ScriptEngine.java:119)&#xD;
	at com.kms.katalon.core.main.TestCaseExecutor.runScript(TestCaseExecutor.java:337)&#xD;
	at com.kms.katalon.core.main.TestCaseExecutor.doExecute(TestCaseExecutor.java:328)&#xD;
	at com.kms.katalon.core.main.TestCaseExecutor.processExecutionPhase(TestCaseExecutor.java:307)&#xD;
	at com.kms.katalon.core.main.TestCaseExecutor.accessMainPhase(TestCaseExecutor.java:299)&#xD;
	at com.kms.katalon.core.main.TestCaseExecutor.execute(TestCaseExecutor.java:233)&#xD;
	at com.kms.katalon.core.main.TestSuiteExecutor.accessTestCaseMainPhase(TestSuiteExecutor.java:169)&#xD;
	at com.kms.katalon.core.main.TestSuiteExecutor.accessTestSuiteMainPhase(TestSuiteExecutor.java:142)&#xD;
	at com.kms.katalon.core.main.TestSuiteExecutor.execute(TestSuiteExecutor.java:91)&#xD;
	at com.kms.katalon.core.main.TestCaseMain.startTestSuite(TestCaseMain.java:157)&#xD;
	at com.kms.katalon.core.main.TestCaseMain$startTestSuite$0.call(Unknown Source)&#xD;
	at TempTestSuite1567775409875.run(TempTestSuite1567775409875.groovy:35)&#xD;
Caused by: org.openqa.selenium.ElementNotInteractableException: element not interactable
  (Session info: chrome=76.0.3809.132)
Build info: version: '3.141.59', revision: 'e82be7d358', time: '2018-11-14T08:25:53'
System info: host: 'DESKTOP-BPONDF2', ip: '192.168.0.108', os.name: 'Windows 10', os.arch: 'amd64', os.version: '10.0', java.version: '1.8.0_181'
Driver info: com.kms.katalon.selenium.driver.CChromeDriver
Capabilities {acceptInsecureCerts: false, browserName: chrome, browserVersion: 76.0.3809.132, chrome: {chromedriverVersion: 76.0.3809.126 (d80a294506b4..., userDataDir: C:\Users\isaac\AppData\Loca...}, goog:chromeOptions: {debuggerAddress: localhost:62899}, javascriptEnabled: true, networkConnectionEnabled: false, pageLoadStrategy: normal, platform: XP, platformName: XP, proxy: Proxy(), setWindowRect: true, strictFileInteractability: false, timeouts: {implicit: 0, pageLoad: 300000, script: 30000}, unhandledPromptBehavior: dismiss and notify}
Session ID: 0756b9dc3e7e129475464881141d84ad&#xD;
	at org.openqa.selenium.remote.http.W3CHttpResponseCodec.createException(W3CHttpResponseCodec.java:187)&#xD;
	at org.openqa.selenium.remote.http.W3CHttpResponseCodec.decode(W3CHttpResponseCodec.java:122)&#xD;
	at org.openqa.selenium.remote.http.W3CHttpResponseCodec.decode(W3CHttpResponseCodec.java:49)&#xD;
	at org.openqa.selenium.remote.HttpCommandExecutor.execute(HttpCommandExecutor.java:158)&#xD;
	at org.openqa.selenium.remote.service.DriverCommandExecutor.execute(DriverCommandExecutor.java:83)&#xD;
	at org.openqa.selenium.remote.RemoteWebDriver.execute(RemoteWebDriver.java:552)&#xD;
	at com.kms.katalon.selenium.driver.CChromeDriver.execute(CChromeDriver.java:20)&#xD;
	at org.openqa.selenium.remote.RemoteWebElement.execute(RemoteWebElement.java:285)&#xD;
	at org.openqa.selenium.remote.RemoteWebElement.click(RemoteWebElement.java:84)&#xD;
	at com.kms.katalon.core.webui.keyword.builtin.ClickKeyword$_click_closure1.doCall(ClickKeyword.groovy:79)&#xD;
	at com.kms.katalon.core.webui.keyword.builtin.ClickKeyword$_click_closure1.call(ClickKeyword.groovy)&#xD;
	at com.kms.katalon.core.webui.keyword.internal.WebUIKeywordMain.runKeyword(WebUIKeywordMain.groovy:20)&#xD;
	at com.kms.katalon.core.webui.keyword.builtin.ClickKeyword.click(ClickKeyword.groovy:86)&#xD;
	at com.kms.katalon.core.webui.keyword.builtin.ClickKeyword.execute(ClickKeyword.groovy:67)&#xD;
	at com.kms.katalon.core.keyword.internal.KeywordExecutor.executeKeywordForPlatform(KeywordExecutor.groovy:56)&#xD;
	at com.kms.katalon.core.webui.keyword.WebUiBuiltInKeywords.click(WebUiBuiltInKeywords.groovy:616)&#xD;
	at com.kms.katalon.core.webui.keyword.WebUiBuiltInKeywords$click$4.call(Unknown Source)&#xD;
	at Script1567019875221.run(Script1567019875221.groovy:99)&#xD;
	... 13 more&#xD;
)&#xD;
[[ATTACHMENT|C:\\Users\\isaac\\Desktop\\Clientes\\ProcuraCanada\\Katalon Studio\\Continulink\\Reports\\20190906_100902\\Regression BackOffice\\Authorization\\20190906_101009\\1567776678340.png]]&#xD;
&#xD;
2019-09-06 10:31:18 - [TEST_STEP][PASSED] - delay(10): Delayed 10 second(s)&#xD;
&#xD;
2019-09-06 10:31:28 - [MESSAGE][PASSED] - Delayed 10 second(s)&#xD;
&#xD;
2019-09-06 10:31:28 - [TEST_STEP][PASSED] - closeBrowser(): Browser is closed&#xD;
&#xD;
2019-09-06 10:31:29 - [MESSAGE][PASSED] - Browser is closed</system-out>
            <system-err></system-err>
        </testcase>
        <testcase name="Test Cases/Regression BackOffice (All Browsers)/CLNK-30888 - BO - Re-run Compliance Authorization" classname="Test Cases/Regression BackOffice (All Browsers)/CLNK-30888 - BO - Re-run Compliance Authorization" status="PASSED">
            <system-out>2019-09-06 10:31:31 - [TEST_CASE][PASSED] - Test Cases/Regression BackOffice (All Browsers)/CLNK-30888 - BO - Re-run Compliance Authorization: Test Cases/Regression BackOffice (All Browsers)/CLNK-30888 - BO - Re-run Compliance Authorization&#xD;
&#xD;
2019-09-06 10:31:31 - [TEST_STEP][PASSED] - callTestCase(findTestCase("Regression BackOffice (All Browsers)/CLNK-23439 - Clink - Back office Client"), [:], STOP_ON_FAILURE): Call Test Case 'Test Cases/Regression BackOffice (All Browsers)/CLNK-23439 - Clink - Back office Client' successfully&#xD;
&#xD;
2019-09-06 10:31:31 - [TEST_CASE][PASSED] - Test Cases/Regression BackOffice (All Browsers)/CLNK-23439 - Clink - Back office Client: Test Cases/Regression BackOffice (All Browsers)/CLNK-23439 - Clink - Back office Client&#xD;
&#xD;
2019-09-06 10:31:31 - [TEST_STEP][PASSED] - deleteAllCookies(): Delete all cookies successfully&#xD;
&#xD;
2019-09-06 10:31:31 - [MESSAGE][WARNING] - Cannot delete cookies because browser is closed&#xD;
&#xD;
2019-09-06 10:31:31 - [MESSAGE][PASSED] - Delete all cookies successfully&#xD;
&#xD;
2019-09-06 10:31:31 - [TEST_STEP][PASSED] - openBrowser(G_SiteBackOffice): Browser is opened with url: 'https://qanewpoc.continulink.com:8443/Backoffice/'&#xD;
&#xD;
2019-09-06 10:31:31 - [MESSAGE][INFO] - Starting 'Chrome' driver&#xD;
&#xD;
2019-09-06 10:31:39 - [MESSAGE][PASSED] - Browser is opened with url: 'https://qanewpoc.continulink.com:8443/Backoffice/'&#xD;
&#xD;
2019-09-06 10:31:39 - [TEST_STEP][PASSED] - waitForPageLoad(60): Wait for page load successfully&#xD;
&#xD;
2019-09-06 10:31:39 - [MESSAGE][PASSED] - Wait for page load successfully&#xD;
&#xD;
2019-09-06 10:31:39 - [TEST_STEP][PASSED] - maximizeWindow(): Current window maximized&#xD;
&#xD;
2019-09-06 10:31:43 - [MESSAGE][PASSED] - Current window maximized&#xD;
&#xD;
2019-09-06 10:31:43 - [TEST_STEP][PASSED] - setText(findTestObject("Regression BackOffice/Login/UserBackOffice"), G_UserBackOffice): Text 'automation_admin' is set on object 'Object Repository/Regression BackOffice/Login/UserBackOffice'&#xD;
&#xD;
2019-09-06 10:31:43 - [MESSAGE][PASSED] - Text 'automation_admin' is set on object 'Object Repository/Regression BackOffice/Login/UserBackOffice'&#xD;
&#xD;
2019-09-06 10:31:43 - [TEST_STEP][PASSED] - setText(findTestObject("Regression BackOffice/Login/PasswordBackOffice"), G_PasswordBackOffice): Text 'qwerty' is set on object 'Object Repository/Regression BackOffice/Login/PasswordBackOffice'&#xD;
&#xD;
2019-09-06 10:31:44 - [MESSAGE][PASSED] - Text 'qwerty' is set on object 'Object Repository/Regression BackOffice/Login/PasswordBackOffice'&#xD;
&#xD;
2019-09-06 10:31:44 - [TEST_STEP][PASSED] - click(findTestObject("Regression BackOffice/Login/LoginBackOffice")): Object: 'Object Repository/Regression BackOffice/Login/LoginBackOffice' is clicked on&#xD;
&#xD;
2019-09-06 10:31:48 - [MESSAGE][PASSED] - Object: 'Object Repository/Regression BackOffice/Login/LoginBackOffice' is clicked on&#xD;
&#xD;
2019-09-06 10:31:48 - [TEST_STEP][PASSED] - waitForPageLoad(60): Wait for page load successfully&#xD;
&#xD;
2019-09-06 10:31:48 - [MESSAGE][PASSED] - Wait for page load successfully&#xD;
&#xD;
2019-09-06 10:31:48 - [TEST_STEP][PASSED] - delay(2): Delayed 2 second(s)&#xD;
&#xD;
2019-09-06 10:31:50 - [MESSAGE][PASSED] - Delayed 2 second(s)&#xD;
&#xD;
2019-09-06 10:31:50 - [TEST_STEP][PASSED] - switchToFrame(findTestObject("Regression BackOffice/CLINK-Frames/FrameFrameLeft"), 5, STOP_ON_FAILURE): null&#xD;
&#xD;
2019-09-06 10:31:51 - [TEST_STEP][PASSED] - delay(2): Delayed 2 second(s)&#xD;
&#xD;
2019-09-06 10:31:53 - [MESSAGE][PASSED] - Delayed 2 second(s)&#xD;
&#xD;
2019-09-06 10:31:53 - [TEST_STEP][PASSED] - waitForElementPresent(findTestObject("Regression BackOffice/CLINK-Frames/ClientIntake"), 50): Object 'Object Repository/Regression BackOffice/CLINK-Frames/ClientIntake' is present&#xD;
&#xD;
2019-09-06 10:31:53 - [MESSAGE][PASSED] - Object 'Object Repository/Regression BackOffice/CLINK-Frames/ClientIntake' is present&#xD;
&#xD;
2019-09-06 10:31:53 - [TEST_STEP][PASSED] - verifyElementPresent(findTestObject("Regression BackOffice/CLINK-Frames/ClientIntake"), 100, STOP_ON_FAILURE): Object 'Object Repository/Regression BackOffice/CLINK-Frames/ClientIntake' is present&#xD;
&#xD;
2019-09-06 10:31:53 - [MESSAGE][PASSED] - Object 'Object Repository/Regression BackOffice/CLINK-Frames/ClientIntake' is present&#xD;
&#xD;
2019-09-06 10:31:53 - [TEST_STEP][PASSED] - switchToDefaultContent(): null&#xD;
&#xD;
2019-09-06 10:31:53 - [MESSAGE][PASSED] - Call Test Case 'Test Cases/Regression BackOffice (All Browsers)/CLNK-23439 - Clink - Back office Client' successfully&#xD;
&#xD;
2019-09-06 10:31:53 - [TEST_STEP][PASSED] - waitForPageLoad(60): Wait for page load successfully&#xD;
&#xD;
2019-09-06 10:31:53 - [MESSAGE][PASSED] - Wait for page load successfully&#xD;
&#xD;
2019-09-06 10:31:53 - [TEST_STEP][PASSED] - delay(3): Delayed 3 second(s)&#xD;
&#xD;
2019-09-06 10:31:56 - [MESSAGE][PASSED] - Delayed 3 second(s)&#xD;
&#xD;
2019-09-06 10:31:56 - [TEST_STEP][PASSED] - switchToFrame(findTestObject("Regression BackOffice/CLNK-23449/FrameLeft"), 30): null&#xD;
&#xD;
2019-09-06 10:31:56 - [TEST_STEP][PASSED] - waitForElementPresent(findTestObject("Regression BackOffice/CLINK-30888/ScheduleLink"), 100): Object 'Object Repository/Regression BackOffice/CLINK-30888/ScheduleLink' is present&#xD;
&#xD;
2019-09-06 10:31:56 - [MESSAGE][PASSED] - Object 'Object Repository/Regression BackOffice/CLINK-30888/ScheduleLink' is present&#xD;
&#xD;
2019-09-06 10:31:56 - [TEST_STEP][PASSED] - click(findTestObject("Regression BackOffice/CLINK-30888/ScheduleLink")): Object: 'Object Repository/Regression BackOffice/CLINK-30888/ScheduleLink' is clicked on&#xD;
&#xD;
2019-09-06 10:31:56 - [MESSAGE][PASSED] - Object: 'Object Repository/Regression BackOffice/CLINK-30888/ScheduleLink' is clicked on&#xD;
&#xD;
2019-09-06 10:31:56 - [TEST_STEP][PASSED] - delay(2): Delayed 2 second(s)&#xD;
&#xD;
2019-09-06 10:31:58 - [MESSAGE][PASSED] - Delayed 2 second(s)&#xD;
&#xD;
2019-09-06 10:31:58 - [TEST_STEP][PASSED] - waitForPageLoad(50): Wait for page load successfully&#xD;
&#xD;
2019-09-06 10:31:58 - [MESSAGE][PASSED] - Wait for page load successfully&#xD;
&#xD;
2019-09-06 10:31:58 - [TEST_STEP][PASSED] - waitForElementPresent(findTestObject("Regression BackOffice/CLINK-30888/Re-run Compliance  Authorization Link"), 50): Object 'Object Repository/Regression BackOffice/CLINK-30888/Re-run Compliance  Authorization Link' is present&#xD;
&#xD;
2019-09-06 10:31:58 - [MESSAGE][PASSED] - Object 'Object Repository/Regression BackOffice/CLINK-30888/Re-run Compliance  Authorization Link' is present&#xD;
&#xD;
2019-09-06 10:31:58 - [TEST_STEP][PASSED] - click(findTestObject("Regression BackOffice/CLINK-30888/Re-run Compliance  Authorization Link")): Object: 'Object Repository/Regression BackOffice/CLINK-30888/Re-run Compliance  Authorization Link' is clicked on&#xD;
&#xD;
2019-09-06 10:32:00 - [MESSAGE][PASSED] - Object: 'Object Repository/Regression BackOffice/CLINK-30888/Re-run Compliance  Authorization Link' is clicked on&#xD;
&#xD;
2019-09-06 10:32:00 - [TEST_STEP][PASSED] - delay(2): Delayed 2 second(s)&#xD;
&#xD;
2019-09-06 10:32:02 - [MESSAGE][PASSED] - Delayed 2 second(s)&#xD;
&#xD;
2019-09-06 10:32:02 - [TEST_STEP][PASSED] - switchToDefaultContent(): null&#xD;
&#xD;
2019-09-06 10:32:02 - [TEST_STEP][PASSED] - switchToFrame(findTestObject("Regression BackOffice/CLNK-23449/FrameMain"), 30): null&#xD;
&#xD;
2019-09-06 10:32:02 - [TEST_STEP][PASSED] - waitForElementPresent(findTestObject("Regression BackOffice/CLINK-30888/Last name"), 50): Object 'Object Repository/Regression BackOffice/CLINK-30888/Last name' is present&#xD;
&#xD;
2019-09-06 10:32:02 - [MESSAGE][PASSED] - Object 'Object Repository/Regression BackOffice/CLINK-30888/Last name' is present&#xD;
&#xD;
2019-09-06 10:32:02 - [TEST_STEP][PASSED] - sendKeys(findTestObject("Regression BackOffice/CLINK-30888/Last name"), G_ClientLastName): Keys 'Gusisky' sent to object: 'Object Repository/Regression BackOffice/CLINK-30888/Last name'&#xD;
&#xD;
2019-09-06 10:32:02 - [MESSAGE][PASSED] - Keys 'Gusisky' sent to object: 'Object Repository/Regression BackOffice/CLINK-30888/Last name'&#xD;
&#xD;
2019-09-06 10:32:02 - [TEST_STEP][PASSED] - delay(2): Delayed 2 second(s)&#xD;
&#xD;
2019-09-06 10:32:04 - [MESSAGE][PASSED] - Delayed 2 second(s)&#xD;
&#xD;
2019-09-06 10:32:04 - [TEST_STEP][PASSED] - sendKeys(findTestObject("Regression BackOffice/CLINK-30888/Last name"), Keys.chord(ARROW_DOWN, ENTER)): Keys 'DOWN + ENTER + ' sent to object: 'Object Repository/Regression BackOffice/CLINK-30888/Last name'&#xD;
&#xD;
2019-09-06 10:32:04 - [MESSAGE][PASSED] - Keys 'DOWN + ENTER + ' sent to object: 'Object Repository/Regression BackOffice/CLINK-30888/Last name'&#xD;
&#xD;
2019-09-06 10:32:04 - [TEST_STEP][PASSED] - delay(2): Delayed 2 second(s)&#xD;
&#xD;
2019-09-06 10:32:06 - [MESSAGE][PASSED] - Delayed 2 second(s)&#xD;
&#xD;
2019-09-06 10:32:06 - [TEST_STEP][PASSED] - waitForElementPresent(findTestObject("Regression BackOffice/CLINK-30888/GetClientButton"), 50): Object 'Object Repository/Regression BackOffice/CLINK-30888/GetClientButton' is present&#xD;
&#xD;
2019-09-06 10:32:06 - [MESSAGE][PASSED] - Object 'Object Repository/Regression BackOffice/CLINK-30888/GetClientButton' is present&#xD;
&#xD;
2019-09-06 10:32:06 - [TEST_STEP][PASSED] - click(findTestObject("Regression BackOffice/CLINK-30888/GetClientButton"), OPTIONAL): Object: 'Object Repository/Regression BackOffice/CLINK-30888/GetClientButton' is clicked on&#xD;
&#xD;
2019-09-06 10:32:07 - [MESSAGE][PASSED] - Object: 'Object Repository/Regression BackOffice/CLINK-30888/GetClientButton' is clicked on&#xD;
&#xD;
2019-09-06 10:32:07 - [TEST_STEP][PASSED] - delay(2): Delayed 2 second(s)&#xD;
&#xD;
2019-09-06 10:32:09 - [MESSAGE][PASSED] - Delayed 2 second(s)&#xD;
&#xD;
2019-09-06 10:32:09 - [TEST_STEP][PASSED] - waitForElementPresent(findTestObject("Regression BackOffice/CLINK-30888/ClientSelected"), 50): Object 'Object Repository/Regression BackOffice/CLINK-30888/ClientSelected' is present&#xD;
&#xD;
2019-09-06 10:32:09 - [MESSAGE][PASSED] - Object 'Object Repository/Regression BackOffice/CLINK-30888/ClientSelected' is present&#xD;
&#xD;
2019-09-06 10:32:09 - [TEST_STEP][PASSED] - click(findTestObject("Regression BackOffice/CLINK-30888/ClientSelected")): Object: 'Object Repository/Regression BackOffice/CLINK-30888/ClientSelected' is clicked on&#xD;
&#xD;
2019-09-06 10:32:09 - [MESSAGE][PASSED] - Object: 'Object Repository/Regression BackOffice/CLINK-30888/ClientSelected' is clicked on&#xD;
&#xD;
2019-09-06 10:32:09 - [TEST_STEP][PASSED] - delay(2): Delayed 2 second(s)&#xD;
&#xD;
2019-09-06 10:32:11 - [MESSAGE][PASSED] - Delayed 2 second(s)&#xD;
&#xD;
2019-09-06 10:32:11 - [TEST_STEP][PASSED] - waitForElementPresent(findTestObject("Regression BackOffice/CLINK-30888/StartAutorization"), 50): Object 'Object Repository/Regression BackOffice/CLINK-30888/StartAutorization' is not present after 50 second(s)&#xD;
&#xD;
2019-09-06 10:33:02 - [MESSAGE][INFO] - Unable to find the element located by 'By.xpath: //td[5]/input'. Please recheck the objects properties to make sure the desired element is located. &#xD;
&#xD;
2019-09-06 10:33:02 - [MESSAGE][WARNING] - Object 'Object Repository/Regression BackOffice/CLINK-30888/StartAutorization' is not present after 50 second(s)&#xD;
&#xD;
2019-09-06 10:33:02 - [TEST_STEP][PASSED] - click(findTestObject("Regression BackOffice/CLINK-30888/StartAutorization")): Unable to click on object 'Object Repository/Regression BackOffice/CLINK-30888/StartAutorization' (Root cause: com.kms.katalon.core.exception.StepFailedException: Unable to click on object 'Object Repository/Regression BackOffice/CLINK-30888/StartAutorization'&#xD;
	at com.kms.katalon.core.webui.keyword.internal.WebUIKeywordMain.stepFailed(WebUIKeywordMain.groovy:64)&#xD;
	at com.kms.katalon.core.webui.keyword.internal.WebUIKeywordMain.runKeyword(WebUIKeywordMain.groovy:26)&#xD;
	at com.kms.katalon.core.webui.keyword.builtin.ClickKeyword.click(ClickKeyword.groovy:86)&#xD;
	at com.kms.katalon.core.webui.keyword.builtin.ClickKeyword.execute(ClickKeyword.groovy:67)&#xD;
	at com.kms.katalon.core.keyword.internal.KeywordExecutor.executeKeywordForPlatform(KeywordExecutor.groovy:56)&#xD;
	at com.kms.katalon.core.webui.keyword.WebUiBuiltInKeywords.click(WebUiBuiltInKeywords.groovy:616)&#xD;
	at com.kms.katalon.core.webui.keyword.WebUiBuiltInKeywords$click$4.call(Unknown Source)&#xD;
	at CLNK-30888 - BO - Re-run Compliance Authorization.run(CLNK-30888 - BO - Re-run Compliance Authorization:67)&#xD;
	at com.kms.katalon.core.main.ScriptEngine.run(ScriptEngine.java:194)&#xD;
	at com.kms.katalon.core.main.ScriptEngine.runScriptAsRawText(ScriptEngine.java:119)&#xD;
	at com.kms.katalon.core.main.TestCaseExecutor.runScript(TestCaseExecutor.java:337)&#xD;
	at com.kms.katalon.core.main.TestCaseExecutor.doExecute(TestCaseExecutor.java:328)&#xD;
	at com.kms.katalon.core.main.TestCaseExecutor.processExecutionPhase(TestCaseExecutor.java:307)&#xD;
	at com.kms.katalon.core.main.TestCaseExecutor.accessMainPhase(TestCaseExecutor.java:299)&#xD;
	at com.kms.katalon.core.main.TestCaseExecutor.execute(TestCaseExecutor.java:233)&#xD;
	at com.kms.katalon.core.main.TestSuiteExecutor.accessTestCaseMainPhase(TestSuiteExecutor.java:169)&#xD;
	at com.kms.katalon.core.main.TestSuiteExecutor.accessTestSuiteMainPhase(TestSuiteExecutor.java:142)&#xD;
	at com.kms.katalon.core.main.TestSuiteExecutor.execute(TestSuiteExecutor.java:91)&#xD;
	at com.kms.katalon.core.main.TestCaseMain.startTestSuite(TestCaseMain.java:157)&#xD;
	at com.kms.katalon.core.main.TestCaseMain$startTestSuite$0.call(Unknown Source)&#xD;
	at TempTestSuite1567775409875.run(TempTestSuite1567775409875.groovy:35)&#xD;
Caused by: com.kms.katalon.core.webui.exception.WebElementNotFoundException: Web element with id: 'Object Repository/Regression BackOffice/CLINK-30888/StartAutorization' located by 'By.xpath: //td[5]/input' not found&#xD;
	at com.kms.katalon.core.webui.common.WebUiCommonHelper.findWebElement(WebUiCommonHelper.java:1097)&#xD;
	at com.kms.katalon.core.webui.keyword.internal.WebUIAbstractKeyword.findWebElement(WebUIAbstractKeyword.groovy:27)&#xD;
	at com.kms.katalon.core.webui.keyword.internal.WebUIAbstractKeyword.findWebElement(WebUIAbstractKeyword.groovy:26)&#xD;
	at com.kms.katalon.core.webui.keyword.builtin.ClickKeyword$_click_closure1.doCall(ClickKeyword.groovy:77)&#xD;
	at com.kms.katalon.core.webui.keyword.builtin.ClickKeyword$_click_closure1.call(ClickKeyword.groovy)&#xD;
	at com.kms.katalon.core.webui.keyword.internal.WebUIKeywordMain.runKeyword(WebUIKeywordMain.groovy:20)&#xD;
	at com.kms.katalon.core.webui.keyword.builtin.ClickKeyword.click(ClickKeyword.groovy:86)&#xD;
	at com.kms.katalon.core.webui.keyword.builtin.ClickKeyword.execute(ClickKeyword.groovy:67)&#xD;
	at com.kms.katalon.core.keyword.internal.KeywordExecutor.executeKeywordForPlatform(KeywordExecutor.groovy:56)&#xD;
	at com.kms.katalon.core.webui.keyword.WebUiBuiltInKeywords.click(WebUiBuiltInKeywords.groovy:616)&#xD;
	at com.kms.katalon.core.webui.keyword.WebUiBuiltInKeywords$click$4.call(Unknown Source)&#xD;
	at Script1567021926331.run(Script1567021926331.groovy:67)&#xD;
	... 13 more&#xD;
)&#xD;
&#xD;
2019-09-06 10:33:33 - [MESSAGE][INFO] - Unable to find the element located by 'By.xpath: //td[5]/input'. Please recheck the objects properties to make sure the desired element is located. &#xD;
&#xD;
2019-09-06 10:33:33 - [MESSAGE][WARNING] - Unable to click on object 'Object Repository/Regression BackOffice/CLINK-30888/StartAutorization' (Root cause: com.kms.katalon.core.exception.StepFailedException: Unable to click on object 'Object Repository/Regression BackOffice/CLINK-30888/StartAutorization'&#xD;
	at com.kms.katalon.core.webui.keyword.internal.WebUIKeywordMain.stepFailed(WebUIKeywordMain.groovy:64)&#xD;
	at com.kms.katalon.core.webui.keyword.internal.WebUIKeywordMain.runKeyword(WebUIKeywordMain.groovy:26)&#xD;
	at com.kms.katalon.core.webui.keyword.builtin.ClickKeyword.click(ClickKeyword.groovy:86)&#xD;
	at com.kms.katalon.core.webui.keyword.builtin.ClickKeyword.execute(ClickKeyword.groovy:67)&#xD;
	at com.kms.katalon.core.keyword.internal.KeywordExecutor.executeKeywordForPlatform(KeywordExecutor.groovy:56)&#xD;
	at com.kms.katalon.core.webui.keyword.WebUiBuiltInKeywords.click(WebUiBuiltInKeywords.groovy:616)&#xD;
	at com.kms.katalon.core.webui.keyword.WebUiBuiltInKeywords$click$4.call(Unknown Source)&#xD;
	at CLNK-30888 - BO - Re-run Compliance Authorization.run(CLNK-30888 - BO - Re-run Compliance Authorization:67)&#xD;
	at com.kms.katalon.core.main.ScriptEngine.run(ScriptEngine.java:194)&#xD;
	at com.kms.katalon.core.main.ScriptEngine.runScriptAsRawText(ScriptEngine.java:119)&#xD;
	at com.kms.katalon.core.main.TestCaseExecutor.runScript(TestCaseExecutor.java:337)&#xD;
	at com.kms.katalon.core.main.TestCaseExecutor.doExecute(TestCaseExecutor.java:328)&#xD;
	at com.kms.katalon.core.main.TestCaseExecutor.processExecutionPhase(TestCaseExecutor.java:307)&#xD;
	at com.kms.katalon.core.main.TestCaseExecutor.accessMainPhase(TestCaseExecutor.java:299)&#xD;
	at com.kms.katalon.core.main.TestCaseExecutor.execute(TestCaseExecutor.java:233)&#xD;
	at com.kms.katalon.core.main.TestSuiteExecutor.accessTestCaseMainPhase(TestSuiteExecutor.java:169)&#xD;
	at com.kms.katalon.core.main.TestSuiteExecutor.accessTestSuiteMainPhase(TestSuiteExecutor.java:142)&#xD;
	at com.kms.katalon.core.main.TestSuiteExecutor.execute(TestSuiteExecutor.java:91)&#xD;
	at com.kms.katalon.core.main.TestCaseMain.startTestSuite(TestCaseMain.java:157)&#xD;
	at com.kms.katalon.core.main.TestCaseMain$startTestSuite$0.call(Unknown Source)&#xD;
	at TempTestSuite1567775409875.run(TempTestSuite1567775409875.groovy:35)&#xD;
Caused by: com.kms.katalon.core.webui.exception.WebElementNotFoundException: Web element with id: 'Object Repository/Regression BackOffice/CLINK-30888/StartAutorization' located by 'By.xpath: //td[5]/input' not found&#xD;
	at com.kms.katalon.core.webui.common.WebUiCommonHelper.findWebElement(WebUiCommonHelper.java:1097)&#xD;
	at com.kms.katalon.core.webui.keyword.internal.WebUIAbstractKeyword.findWebElement(WebUIAbstractKeyword.groovy:27)&#xD;
	at com.kms.katalon.core.webui.keyword.internal.WebUIAbstractKeyword.findWebElement(WebUIAbstractKeyword.groovy:26)&#xD;
	at com.kms.katalon.core.webui.keyword.builtin.ClickKeyword$_click_closure1.doCall(ClickKeyword.groovy:77)&#xD;
	at com.kms.katalon.core.webui.keyword.builtin.ClickKeyword$_click_closure1.call(ClickKeyword.groovy)&#xD;
	at com.kms.katalon.core.webui.keyword.internal.WebUIKeywordMain.runKeyword(WebUIKeywordMain.groovy:20)&#xD;
	at com.kms.katalon.core.webui.keyword.builtin.ClickKeyword.click(ClickKeyword.groovy:86)&#xD;
	at com.kms.katalon.core.webui.keyword.builtin.ClickKeyword.execute(ClickKeyword.groovy:67)&#xD;
	at com.kms.katalon.core.keyword.internal.KeywordExecutor.executeKeywordForPlatform(KeywordExecutor.groovy:56)&#xD;
	at com.kms.katalon.core.webui.keyword.WebUiBuiltInKeywords.click(WebUiBuiltInKeywords.groovy:616)&#xD;
	at com.kms.katalon.core.webui.keyword.WebUiBuiltInKeywords$click$4.call(Unknown Source)&#xD;
	at Script1567021926331.run(Script1567021926331.groovy:67)&#xD;
	... 13 more&#xD;
)&#xD;
[[ATTACHMENT|C:\\Users\\isaac\\Desktop\\Clientes\\ProcuraCanada\\Katalon Studio\\Continulink\\Reports\\20190906_100902\\Regression BackOffice\\Authorization\\20190906_101009\\1567776813414.png]]&#xD;
&#xD;
2019-09-06 10:33:33 - [TEST_STEP][PASSED] - delay(2): Delayed 2 second(s)&#xD;
&#xD;
2019-09-06 10:33:35 - [MESSAGE][PASSED] - Delayed 2 second(s)&#xD;
&#xD;
2019-09-06 10:33:35 - [TEST_STEP][PASSED] - waitForElementPresent(findTestObject("Regression BackOffice/CLINK-30888/span_Select all"), 50): Object 'Object Repository/Regression BackOffice/CLINK-30888/span_Select all' is present&#xD;
&#xD;
2019-09-06 10:33:36 - [MESSAGE][PASSED] - Object 'Object Repository/Regression BackOffice/CLINK-30888/span_Select all' is present&#xD;
&#xD;
2019-09-06 10:33:36 - [TEST_STEP][PASSED] - click(findTestObject("Regression BackOffice/CLINK-30888/span_Select all")): Unable to click on object 'Object Repository/Regression BackOffice/CLINK-30888/span_Select all' (Root cause: com.kms.katalon.core.exception.StepFailedException: Unable to click on object 'Object Repository/Regression BackOffice/CLINK-30888/span_Select all'&#xD;
	at com.kms.katalon.core.webui.keyword.internal.WebUIKeywordMain.stepFailed(WebUIKeywordMain.groovy:64)&#xD;
	at com.kms.katalon.core.webui.keyword.internal.WebUIKeywordMain.runKeyword(WebUIKeywordMain.groovy:26)&#xD;
	at com.kms.katalon.core.webui.keyword.builtin.ClickKeyword.click(ClickKeyword.groovy:86)&#xD;
	at com.kms.katalon.core.webui.keyword.builtin.ClickKeyword.execute(ClickKeyword.groovy:67)&#xD;
	at com.kms.katalon.core.keyword.internal.KeywordExecutor.executeKeywordForPlatform(KeywordExecutor.groovy:56)&#xD;
	at com.kms.katalon.core.webui.keyword.WebUiBuiltInKeywords.click(WebUiBuiltInKeywords.groovy:616)&#xD;
	at com.kms.katalon.core.webui.keyword.WebUiBuiltInKeywords$click$4.call(Unknown Source)&#xD;
	at CLNK-30888 - BO - Re-run Compliance Authorization.run(CLNK-30888 - BO - Re-run Compliance Authorization:73)&#xD;
	at com.kms.katalon.core.main.ScriptEngine.run(ScriptEngine.java:194)&#xD;
	at com.kms.katalon.core.main.ScriptEngine.runScriptAsRawText(ScriptEngine.java:119)&#xD;
	at com.kms.katalon.core.main.TestCaseExecutor.runScript(TestCaseExecutor.java:337)&#xD;
	at com.kms.katalon.core.main.TestCaseExecutor.doExecute(TestCaseExecutor.java:328)&#xD;
	at com.kms.katalon.core.main.TestCaseExecutor.processExecutionPhase(TestCaseExecutor.java:307)&#xD;
	at com.kms.katalon.core.main.TestCaseExecutor.accessMainPhase(TestCaseExecutor.java:299)&#xD;
	at com.kms.katalon.core.main.TestCaseExecutor.execute(TestCaseExecutor.java:233)&#xD;
	at com.kms.katalon.core.main.TestSuiteExecutor.accessTestCaseMainPhase(TestSuiteExecutor.java:169)&#xD;
	at com.kms.katalon.core.main.TestSuiteExecutor.accessTestSuiteMainPhase(TestSuiteExecutor.java:142)&#xD;
	at com.kms.katalon.core.main.TestSuiteExecutor.execute(TestSuiteExecutor.java:91)&#xD;
	at com.kms.katalon.core.main.TestCaseMain.startTestSuite(TestCaseMain.java:157)&#xD;
	at com.kms.katalon.core.main.TestCaseMain$startTestSuite$0.call(Unknown Source)&#xD;
	at TempTestSuite1567775409875.run(TempTestSuite1567775409875.groovy:35)&#xD;
Caused by: org.openqa.selenium.ElementNotInteractableException: element not interactable
  (Session info: chrome=76.0.3809.132)
Build info: version: '3.141.59', revision: 'e82be7d358', time: '2018-11-14T08:25:53'
System info: host: 'DESKTOP-BPONDF2', ip: '192.168.0.108', os.name: 'Windows 10', os.arch: 'amd64', os.version: '10.0', java.version: '1.8.0_181'
Driver info: com.kms.katalon.selenium.driver.CChromeDriver
Capabilities {acceptInsecureCerts: false, browserName: chrome, browserVersion: 76.0.3809.132, chrome: {chromedriverVersion: 76.0.3809.126 (d80a294506b4..., userDataDir: C:\Users\isaac\AppData\Loca...}, goog:chromeOptions: {debuggerAddress: localhost:62964}, javascriptEnabled: true, networkConnectionEnabled: false, pageLoadStrategy: normal, platform: XP, platformName: XP, proxy: Proxy(), setWindowRect: true, strictFileInteractability: false, timeouts: {implicit: 0, pageLoad: 300000, script: 30000}, unhandledPromptBehavior: dismiss and notify}
Session ID: a85085e508a31b9f686bc958d547fb53&#xD;
	at org.openqa.selenium.remote.http.W3CHttpResponseCodec.createException(W3CHttpResponseCodec.java:187)&#xD;
	at org.openqa.selenium.remote.http.W3CHttpResponseCodec.decode(W3CHttpResponseCodec.java:122)&#xD;
	at org.openqa.selenium.remote.http.W3CHttpResponseCodec.decode(W3CHttpResponseCodec.java:49)&#xD;
	at org.openqa.selenium.remote.HttpCommandExecutor.execute(HttpCommandExecutor.java:158)&#xD;
	at org.openqa.selenium.remote.service.DriverCommandExecutor.execute(DriverCommandExecutor.java:83)&#xD;
	at org.openqa.selenium.remote.RemoteWebDriver.execute(RemoteWebDriver.java:552)&#xD;
	at com.kms.katalon.selenium.driver.CChromeDriver.execute(CChromeDriver.java:20)&#xD;
	at org.openqa.selenium.remote.RemoteWebElement.execute(RemoteWebElement.java:285)&#xD;
	at org.openqa.selenium.remote.RemoteWebElement.click(RemoteWebElement.java:84)&#xD;
	at com.kms.katalon.core.webui.keyword.builtin.ClickKeyword$_click_closure1.doCall(ClickKeyword.groovy:79)&#xD;
	at com.kms.katalon.core.webui.keyword.builtin.ClickKeyword$_click_closure1.call(ClickKeyword.groovy)&#xD;
	at com.kms.katalon.core.webui.keyword.internal.WebUIKeywordMain.runKeyword(WebUIKeywordMain.groovy:20)&#xD;
	at com.kms.katalon.core.webui.keyword.builtin.ClickKeyword.click(ClickKeyword.groovy:86)&#xD;
	at com.kms.katalon.core.webui.keyword.builtin.ClickKeyword.execute(ClickKeyword.groovy:67)&#xD;
	at com.kms.katalon.core.keyword.internal.KeywordExecutor.executeKeywordForPlatform(KeywordExecutor.groovy:56)&#xD;
	at com.kms.katalon.core.webui.keyword.WebUiBuiltInKeywords.click(WebUiBuiltInKeywords.groovy:616)&#xD;
	at com.kms.katalon.core.webui.keyword.WebUiBuiltInKeywords$click$4.call(Unknown Source)&#xD;
	at Script1567021926331.run(Script1567021926331.groovy:73)&#xD;
	... 13 more&#xD;
)&#xD;
&#xD;
2019-09-06 10:33:36 - [MESSAGE][WARNING] - Unable to click on object 'Object Repository/Regression BackOffice/CLINK-30888/span_Select all' (Root cause: com.kms.katalon.core.exception.StepFailedException: Unable to click on object 'Object Repository/Regression BackOffice/CLINK-30888/span_Select all'&#xD;
	at com.kms.katalon.core.webui.keyword.internal.WebUIKeywordMain.stepFailed(WebUIKeywordMain.groovy:64)&#xD;
	at com.kms.katalon.core.webui.keyword.internal.WebUIKeywordMain.runKeyword(WebUIKeywordMain.groovy:26)&#xD;
	at com.kms.katalon.core.webui.keyword.builtin.ClickKeyword.click(ClickKeyword.groovy:86)&#xD;
	at com.kms.katalon.core.webui.keyword.builtin.ClickKeyword.execute(ClickKeyword.groovy:67)&#xD;
	at com.kms.katalon.core.keyword.internal.KeywordExecutor.executeKeywordForPlatform(KeywordExecutor.groovy:56)&#xD;
	at com.kms.katalon.core.webui.keyword.WebUiBuiltInKeywords.click(WebUiBuiltInKeywords.groovy:616)&#xD;
	at com.kms.katalon.core.webui.keyword.WebUiBuiltInKeywords$click$4.call(Unknown Source)&#xD;
	at CLNK-30888 - BO - Re-run Compliance Authorization.run(CLNK-30888 - BO - Re-run Compliance Authorization:73)&#xD;
	at com.kms.katalon.core.main.ScriptEngine.run(ScriptEngine.java:194)&#xD;
	at com.kms.katalon.core.main.ScriptEngine.runScriptAsRawText(ScriptEngine.java:119)&#xD;
	at com.kms.katalon.core.main.TestCaseExecutor.runScript(TestCaseExecutor.java:337)&#xD;
	at com.kms.katalon.core.main.TestCaseExecutor.doExecute(TestCaseExecutor.java:328)&#xD;
	at com.kms.katalon.core.main.TestCaseExecutor.processExecutionPhase(TestCaseExecutor.java:307)&#xD;
	at com.kms.katalon.core.main.TestCaseExecutor.accessMainPhase(TestCaseExecutor.java:299)&#xD;
	at com.kms.katalon.core.main.TestCaseExecutor.execute(TestCaseExecutor.java:233)&#xD;
	at com.kms.katalon.core.main.TestSuiteExecutor.accessTestCaseMainPhase(TestSuiteExecutor.java:169)&#xD;
	at com.kms.katalon.core.main.TestSuiteExecutor.accessTestSuiteMainPhase(TestSuiteExecutor.java:142)&#xD;
	at com.kms.katalon.core.main.TestSuiteExecutor.execute(TestSuiteExecutor.java:91)&#xD;
	at com.kms.katalon.core.main.TestCaseMain.startTestSuite(TestCaseMain.java:157)&#xD;
	at com.kms.katalon.core.main.TestCaseMain$startTestSuite$0.call(Unknown Source)&#xD;
	at TempTestSuite1567775409875.run(TempTestSuite1567775409875.groovy:35)&#xD;
Caused by: org.openqa.selenium.ElementNotInteractableException: element not interactable
  (Session info: chrome=76.0.3809.132)
Build info: version: '3.141.59', revision: 'e82be7d358', time: '2018-11-14T08:25:53'
System info: host: 'DESKTOP-BPONDF2', ip: '192.168.0.108', os.name: 'Windows 10', os.arch: 'amd64', os.version: '10.0', java.version: '1.8.0_181'
Driver info: com.kms.katalon.selenium.driver.CChromeDriver
Capabilities {acceptInsecureCerts: false, browserName: chrome, browserVersion: 76.0.3809.132, chrome: {chromedriverVersion: 76.0.3809.126 (d80a294506b4..., userDataDir: C:\Users\isaac\AppData\Loca...}, goog:chromeOptions: {debuggerAddress: localhost:62964}, javascriptEnabled: true, networkConnectionEnabled: false, pageLoadStrategy: normal, platform: XP, platformName: XP, proxy: Proxy(), setWindowRect: true, strictFileInteractability: false, timeouts: {implicit: 0, pageLoad: 300000, script: 30000}, unhandledPromptBehavior: dismiss and notify}
Session ID: a85085e508a31b9f686bc958d547fb53&#xD;
	at org.openqa.selenium.remote.http.W3CHttpResponseCodec.createException(W3CHttpResponseCodec.java:187)&#xD;
	at org.openqa.selenium.remote.http.W3CHttpResponseCodec.decode(W3CHttpResponseCodec.java:122)&#xD;
	at org.openqa.selenium.remote.http.W3CHttpResponseCodec.decode(W3CHttpResponseCodec.java:49)&#xD;
	at org.openqa.selenium.remote.HttpCommandExecutor.execute(HttpCommandExecutor.java:158)&#xD;
	at org.openqa.selenium.remote.service.DriverCommandExecutor.execute(DriverCommandExecutor.java:83)&#xD;
	at org.openqa.selenium.remote.RemoteWebDriver.execute(RemoteWebDriver.java:552)&#xD;
	at com.kms.katalon.selenium.driver.CChromeDriver.execute(CChromeDriver.java:20)&#xD;
	at org.openqa.selenium.remote.RemoteWebElement.execute(RemoteWebElement.java:285)&#xD;
	at org.openqa.selenium.remote.RemoteWebElement.click(RemoteWebElement.java:84)&#xD;
	at com.kms.katalon.core.webui.keyword.builtin.ClickKeyword$_click_closure1.doCall(ClickKeyword.groovy:79)&#xD;
	at com.kms.katalon.core.webui.keyword.builtin.ClickKeyword$_click_closure1.call(ClickKeyword.groovy)&#xD;
	at com.kms.katalon.core.webui.keyword.internal.WebUIKeywordMain.runKeyword(WebUIKeywordMain.groovy:20)&#xD;
	at com.kms.katalon.core.webui.keyword.builtin.ClickKeyword.click(ClickKeyword.groovy:86)&#xD;
	at com.kms.katalon.core.webui.keyword.builtin.ClickKeyword.execute(ClickKeyword.groovy:67)&#xD;
	at com.kms.katalon.core.keyword.internal.KeywordExecutor.executeKeywordForPlatform(KeywordExecutor.groovy:56)&#xD;
	at com.kms.katalon.core.webui.keyword.WebUiBuiltInKeywords.click(WebUiBuiltInKeywords.groovy:616)&#xD;
	at com.kms.katalon.core.webui.keyword.WebUiBuiltInKeywords$click$4.call(Unknown Source)&#xD;
	at Script1567021926331.run(Script1567021926331.groovy:73)&#xD;
	... 13 more&#xD;
)&#xD;
[[ATTACHMENT|C:\\Users\\isaac\\Desktop\\Clientes\\ProcuraCanada\\Katalon Studio\\Continulink\\Reports\\20190906_100902\\Regression BackOffice\\Authorization\\20190906_101009\\1567776816129.png]]&#xD;
&#xD;
2019-09-06 10:33:36 - [TEST_STEP][PASSED] - delay(2): Delayed 2 second(s)&#xD;
&#xD;
2019-09-06 10:33:38 - [MESSAGE][PASSED] - Delayed 2 second(s)&#xD;
&#xD;
2019-09-06 10:33:38 - [TEST_STEP][PASSED] - scrollToElement(findTestObject("Regression BackOffice/CLINK-30888/StartButton"), 50): Scroll to object 'Object Repository/Regression BackOffice/CLINK-30888/StartButton' successfully&#xD;
&#xD;
2019-09-06 10:33:38 - [MESSAGE][PASSED] - Scroll to object 'Object Repository/Regression BackOffice/CLINK-30888/StartButton' successfully&#xD;
&#xD;
2019-09-06 10:33:38 - [TEST_STEP][PASSED] - click(findTestObject("Regression BackOffice/CLINK-30888/StartButton")): Unable to click on object 'Object Repository/Regression BackOffice/CLINK-30888/StartButton' (Root cause: com.kms.katalon.core.exception.StepFailedException: Unable to click on object 'Object Repository/Regression BackOffice/CLINK-30888/StartButton'&#xD;
	at com.kms.katalon.core.webui.keyword.internal.WebUIKeywordMain.stepFailed(WebUIKeywordMain.groovy:64)&#xD;
	at com.kms.katalon.core.webui.keyword.internal.WebUIKeywordMain.runKeyword(WebUIKeywordMain.groovy:26)&#xD;
	at com.kms.katalon.core.webui.keyword.builtin.ClickKeyword.click(ClickKeyword.groovy:86)&#xD;
	at com.kms.katalon.core.webui.keyword.builtin.ClickKeyword.execute(ClickKeyword.groovy:67)&#xD;
	at com.kms.katalon.core.keyword.internal.KeywordExecutor.executeKeywordForPlatform(KeywordExecutor.groovy:56)&#xD;
	at com.kms.katalon.core.webui.keyword.WebUiBuiltInKeywords.click(WebUiBuiltInKeywords.groovy:616)&#xD;
	at com.kms.katalon.core.webui.keyword.WebUiBuiltInKeywords$click$4.call(Unknown Source)&#xD;
	at CLNK-30888 - BO - Re-run Compliance Authorization.run(CLNK-30888 - BO - Re-run Compliance Authorization:79)&#xD;
	at com.kms.katalon.core.main.ScriptEngine.run(ScriptEngine.java:194)&#xD;
	at com.kms.katalon.core.main.ScriptEngine.runScriptAsRawText(ScriptEngine.java:119)&#xD;
	at com.kms.katalon.core.main.TestCaseExecutor.runScript(TestCaseExecutor.java:337)&#xD;
	at com.kms.katalon.core.main.TestCaseExecutor.doExecute(TestCaseExecutor.java:328)&#xD;
	at com.kms.katalon.core.main.TestCaseExecutor.processExecutionPhase(TestCaseExecutor.java:307)&#xD;
	at com.kms.katalon.core.main.TestCaseExecutor.accessMainPhase(TestCaseExecutor.java:299)&#xD;
	at com.kms.katalon.core.main.TestCaseExecutor.execute(TestCaseExecutor.java:233)&#xD;
	at com.kms.katalon.core.main.TestSuiteExecutor.accessTestCaseMainPhase(TestSuiteExecutor.java:169)&#xD;
	at com.kms.katalon.core.main.TestSuiteExecutor.accessTestSuiteMainPhase(TestSuiteExecutor.java:142)&#xD;
	at com.kms.katalon.core.main.TestSuiteExecutor.execute(TestSuiteExecutor.java:91)&#xD;
	at com.kms.katalon.core.main.TestCaseMain.startTestSuite(TestCaseMain.java:157)&#xD;
	at com.kms.katalon.core.main.TestCaseMain$startTestSuite$0.call(Unknown Source)&#xD;
	at TempTestSuite1567775409875.run(TempTestSuite1567775409875.groovy:35)&#xD;
Caused by: org.openqa.selenium.ElementNotInteractableException: element not interactable
  (Session info: chrome=76.0.3809.132)
Build info: version: '3.141.59', revision: 'e82be7d358', time: '2018-11-14T08:25:53'
System info: host: 'DESKTOP-BPONDF2', ip: '192.168.0.108', os.name: 'Windows 10', os.arch: 'amd64', os.version: '10.0', java.version: '1.8.0_181'
Driver info: com.kms.katalon.selenium.driver.CChromeDriver
Capabilities {acceptInsecureCerts: false, browserName: chrome, browserVersion: 76.0.3809.132, chrome: {chromedriverVersion: 76.0.3809.126 (d80a294506b4..., userDataDir: C:\Users\isaac\AppData\Loca...}, goog:chromeOptions: {debuggerAddress: localhost:62964}, javascriptEnabled: true, networkConnectionEnabled: false, pageLoadStrategy: normal, platform: XP, platformName: XP, proxy: Proxy(), setWindowRect: true, strictFileInteractability: false, timeouts: {implicit: 0, pageLoad: 300000, script: 30000}, unhandledPromptBehavior: dismiss and notify}
Session ID: a85085e508a31b9f686bc958d547fb53&#xD;
	at org.openqa.selenium.remote.http.W3CHttpResponseCodec.createException(W3CHttpResponseCodec.java:187)&#xD;
	at org.openqa.selenium.remote.http.W3CHttpResponseCodec.decode(W3CHttpResponseCodec.java:122)&#xD;
	at org.openqa.selenium.remote.http.W3CHttpResponseCodec.decode(W3CHttpResponseCodec.java:49)&#xD;
	at org.openqa.selenium.remote.HttpCommandExecutor.execute(HttpCommandExecutor.java:158)&#xD;
	at org.openqa.selenium.remote.service.DriverCommandExecutor.execute(DriverCommandExecutor.java:83)&#xD;
	at org.openqa.selenium.remote.RemoteWebDriver.execute(RemoteWebDriver.java:552)&#xD;
	at com.kms.katalon.selenium.driver.CChromeDriver.execute(CChromeDriver.java:20)&#xD;
	at org.openqa.selenium.remote.RemoteWebElement.execute(RemoteWebElement.java:285)&#xD;
	at org.openqa.selenium.remote.RemoteWebElement.click(RemoteWebElement.java:84)&#xD;
	at com.kms.katalon.core.webui.keyword.builtin.ClickKeyword$_click_closure1.doCall(ClickKeyword.groovy:79)&#xD;
	at com.kms.katalon.core.webui.keyword.builtin.ClickKeyword$_click_closure1.call(ClickKeyword.groovy)&#xD;
	at com.kms.katalon.core.webui.keyword.internal.WebUIKeywordMain.runKeyword(WebUIKeywordMain.groovy:20)&#xD;
	at com.kms.katalon.core.webui.keyword.builtin.ClickKeyword.click(ClickKeyword.groovy:86)&#xD;
	at com.kms.katalon.core.webui.keyword.builtin.ClickKeyword.execute(ClickKeyword.groovy:67)&#xD;
	at com.kms.katalon.core.keyword.internal.KeywordExecutor.executeKeywordForPlatform(KeywordExecutor.groovy:56)&#xD;
	at com.kms.katalon.core.webui.keyword.WebUiBuiltInKeywords.click(WebUiBuiltInKeywords.groovy:616)&#xD;
	at com.kms.katalon.core.webui.keyword.WebUiBuiltInKeywords$click$4.call(Unknown Source)&#xD;
	at Script1567021926331.run(Script1567021926331.groovy:79)&#xD;
	... 13 more&#xD;
)&#xD;
&#xD;
2019-09-06 10:33:39 - [MESSAGE][WARNING] - Unable to click on object 'Object Repository/Regression BackOffice/CLINK-30888/StartButton' (Root cause: com.kms.katalon.core.exception.StepFailedException: Unable to click on object 'Object Repository/Regression BackOffice/CLINK-30888/StartButton'&#xD;
	at com.kms.katalon.core.webui.keyword.internal.WebUIKeywordMain.stepFailed(WebUIKeywordMain.groovy:64)&#xD;
	at com.kms.katalon.core.webui.keyword.internal.WebUIKeywordMain.runKeyword(WebUIKeywordMain.groovy:26)&#xD;
	at com.kms.katalon.core.webui.keyword.builtin.ClickKeyword.click(ClickKeyword.groovy:86)&#xD;
	at com.kms.katalon.core.webui.keyword.builtin.ClickKeyword.execute(ClickKeyword.groovy:67)&#xD;
	at com.kms.katalon.core.keyword.internal.KeywordExecutor.executeKeywordForPlatform(KeywordExecutor.groovy:56)&#xD;
	at com.kms.katalon.core.webui.keyword.WebUiBuiltInKeywords.click(WebUiBuiltInKeywords.groovy:616)&#xD;
	at com.kms.katalon.core.webui.keyword.WebUiBuiltInKeywords$click$4.call(Unknown Source)&#xD;
	at CLNK-30888 - BO - Re-run Compliance Authorization.run(CLNK-30888 - BO - Re-run Compliance Authorization:79)&#xD;
	at com.kms.katalon.core.main.ScriptEngine.run(ScriptEngine.java:194)&#xD;
	at com.kms.katalon.core.main.ScriptEngine.runScriptAsRawText(ScriptEngine.java:119)&#xD;
	at com.kms.katalon.core.main.TestCaseExecutor.runScript(TestCaseExecutor.java:337)&#xD;
	at com.kms.katalon.core.main.TestCaseExecutor.doExecute(TestCaseExecutor.java:328)&#xD;
	at com.kms.katalon.core.main.TestCaseExecutor.processExecutionPhase(TestCaseExecutor.java:307)&#xD;
	at com.kms.katalon.core.main.TestCaseExecutor.accessMainPhase(TestCaseExecutor.java:299)&#xD;
	at com.kms.katalon.core.main.TestCaseExecutor.execute(TestCaseExecutor.java:233)&#xD;
	at com.kms.katalon.core.main.TestSuiteExecutor.accessTestCaseMainPhase(TestSuiteExecutor.java:169)&#xD;
	at com.kms.katalon.core.main.TestSuiteExecutor.accessTestSuiteMainPhase(TestSuiteExecutor.java:142)&#xD;
	at com.kms.katalon.core.main.TestSuiteExecutor.execute(TestSuiteExecutor.java:91)&#xD;
	at com.kms.katalon.core.main.TestCaseMain.startTestSuite(TestCaseMain.java:157)&#xD;
	at com.kms.katalon.core.main.TestCaseMain$startTestSuite$0.call(Unknown Source)&#xD;
	at TempTestSuite1567775409875.run(TempTestSuite1567775409875.groovy:35)&#xD;
Caused by: org.openqa.selenium.ElementNotInteractableException: element not interactable
  (Session info: chrome=76.0.3809.132)
Build info: version: '3.141.59', revision: 'e82be7d358', time: '2018-11-14T08:25:53'
System info: host: 'DESKTOP-BPONDF2', ip: '192.168.0.108', os.name: 'Windows 10', os.arch: 'amd64', os.version: '10.0', java.version: '1.8.0_181'
Driver info: com.kms.katalon.selenium.driver.CChromeDriver
Capabilities {acceptInsecureCerts: false, browserName: chrome, browserVersion: 76.0.3809.132, chrome: {chromedriverVersion: 76.0.3809.126 (d80a294506b4..., userDataDir: C:\Users\isaac\AppData\Loca...}, goog:chromeOptions: {debuggerAddress: localhost:62964}, javascriptEnabled: true, networkConnectionEnabled: false, pageLoadStrategy: normal, platform: XP, platformName: XP, proxy: Proxy(), setWindowRect: true, strictFileInteractability: false, timeouts: {implicit: 0, pageLoad: 300000, script: 30000}, unhandledPromptBehavior: dismiss and notify}
Session ID: a85085e508a31b9f686bc958d547fb53&#xD;
	at org.openqa.selenium.remote.http.W3CHttpResponseCodec.createException(W3CHttpResponseCodec.java:187)&#xD;
	at org.openqa.selenium.remote.http.W3CHttpResponseCodec.decode(W3CHttpResponseCodec.java:122)&#xD;
	at org.openqa.selenium.remote.http.W3CHttpResponseCodec.decode(W3CHttpResponseCodec.java:49)&#xD;
	at org.openqa.selenium.remote.HttpCommandExecutor.execute(HttpCommandExecutor.java:158)&#xD;
	at org.openqa.selenium.remote.service.DriverCommandExecutor.execute(DriverCommandExecutor.java:83)&#xD;
	at org.openqa.selenium.remote.RemoteWebDriver.execute(RemoteWebDriver.java:552)&#xD;
	at com.kms.katalon.selenium.driver.CChromeDriver.execute(CChromeDriver.java:20)&#xD;
	at org.openqa.selenium.remote.RemoteWebElement.execute(RemoteWebElement.java:285)&#xD;
	at org.openqa.selenium.remote.RemoteWebElement.click(RemoteWebElement.java:84)&#xD;
	at com.kms.katalon.core.webui.keyword.builtin.ClickKeyword$_click_closure1.doCall(ClickKeyword.groovy:79)&#xD;
	at com.kms.katalon.core.webui.keyword.builtin.ClickKeyword$_click_closure1.call(ClickKeyword.groovy)&#xD;
	at com.kms.katalon.core.webui.keyword.internal.WebUIKeywordMain.runKeyword(WebUIKeywordMain.groovy:20)&#xD;
	at com.kms.katalon.core.webui.keyword.builtin.ClickKeyword.click(ClickKeyword.groovy:86)&#xD;
	at com.kms.katalon.core.webui.keyword.builtin.ClickKeyword.execute(ClickKeyword.groovy:67)&#xD;
	at com.kms.katalon.core.keyword.internal.KeywordExecutor.executeKeywordForPlatform(KeywordExecutor.groovy:56)&#xD;
	at com.kms.katalon.core.webui.keyword.WebUiBuiltInKeywords.click(WebUiBuiltInKeywords.groovy:616)&#xD;
	at com.kms.katalon.core.webui.keyword.WebUiBuiltInKeywords$click$4.call(Unknown Source)&#xD;
	at Script1567021926331.run(Script1567021926331.groovy:79)&#xD;
	... 13 more&#xD;
)&#xD;
[[ATTACHMENT|C:\\Users\\isaac\\Desktop\\Clientes\\ProcuraCanada\\Katalon Studio\\Continulink\\Reports\\20190906_100902\\Regression BackOffice\\Authorization\\20190906_101009\\1567776818789.png]]&#xD;
&#xD;
2019-09-06 10:33:39 - [TEST_STEP][PASSED] - delay(600): Delayed 600 second(s)&#xD;
&#xD;
2019-09-06 10:43:39 - [MESSAGE][PASSED] - Delayed 600 second(s)&#xD;
&#xD;
2019-09-06 10:43:39 - [TEST_STEP][PASSED] - closeBrowser(): Browser is closed&#xD;
&#xD;
2019-09-06 10:43:39 - [MESSAGE][PASSED] - Browser is closed</system-out>
            <system-err></system-err>
        </testcase>
        <system-out>2019-09-06 10:10:22 - [TEST_SUITE][INCOMPLETE] - Authorization: null</system-out>
        <system-err>2019-09-06 10:10:22 - [TEST_SUITE][INCOMPLETE] - Authorization: null</system-err>
    </testsuite>
</testsuites>
