<?xml version="1.0" encoding="UTF-8"?>
<testsuites name="Regression BackOffice" time="84" tests="1" failures="0" errors="0">
   <testsuite name="Regression BackOffice" tests="1" failures="0" errors="0" time="84" timestamp="2019-03-02 12:39:25" hostname="isaac - DESKTOP-RO0FF5F" id="Test Suites/Regression BackOffice/Regression BackOffice">
      <properties>
         <property name="deviceName" value=""/>
         <property name="devicePlatform" value=""/>
         <property name="logFolder" value="C:\\Users\\isaac\\Katalon Studio\\Continulink\\Reports\\Regression BackOffice\\Regression BackOffice\\20190302_123920"/>
         <property name="logFiles" value="C:\\Users\\isaac\\Katalon Studio\\Continulink\\Reports\\Regression BackOffice\\Regression BackOffice\\20190302_123920\\execution0.log"/>
         <property name="attachments" value=""/>
         <property name="hostName" value="isaac - DESKTOP-RO0FF5F"/>
         <property name="os" value="Windows 10 64bit"/>
         <property name="katalonVersion" value="5.10.1.1"/>
         <property name="browser" value="Chrome 72.0.3626.119"/>
         <property name="hostAddress" value="192.168.10.101"/>
         <property name="sessionId" value="0313f134915dd8c4886fc28945e87199"/>
         <property name="seleniumVersion" value="3.7.1"/>
         <property name="proxyInformation" value="ProxyInformation{proxyOption=NO_PROXY, proxyServerType=HTTP, password=, proxyServerAddress=, proxyServerPort=0}"/>
         <property name="platform" value="Windows 10"/>
      </properties>
      <testcase name="Test Cases/Regression BackOffice (All Browsers)/CLNK-27906 - (Task B) Update Care Manager Control in Admission Details" classname="Test Cases/Regression BackOffice (All Browsers)/CLNK-27906 - (Task B) Update Care Manager Control in Admission Details" status="PASSED">
         <system-out><![CDATA[2019-03-02 12:39:26 - [TEST_CASE][PASSED] - Test Cases/Regression BackOffice (All Browsers)/CLNK-27906 - (Task B) Update Care Manager Control in Admission Details: Test Cases/Regression BackOffice (All Browsers)/CLNK-27906 - (Task B) Update Care Manager Control in Admission Details

2019-03-02 12:39:28 - [TEST_STEP][PASSED] - callTestCase(findTestCase("Regression BackOffice (All Browsers)/Login/Verify Successful Login Backoffice"), [:], STOP_ON_FAILURE): Call Test Case 'Test Cases/Regression BackOffice (All Browsers)/Login/Verify Successful Login Backoffice' successfully

2019-03-02 12:39:29 - [TEST_CASE][PASSED] - Test Cases/Regression BackOffice (All Browsers)/Login/Verify Successful Login Backoffice: Test Cases/Regression BackOffice (All Browsers)/Login/Verify Successful Login Backoffice

2019-03-02 12:39:29 - [TEST_STEP][PASSED] - openBrowser(G_SiteBackOffice): Browser is opened with url: 'http://qanewpoc.continulink.com:81/backoffice/Login.aspx'

2019-03-02 12:39:30 - [MESSAGE][INFO] - Starting 'Chrome' driver

2019-03-02 12:39:30 - [MESSAGE][INFO] - Action delay is set to 0 seconds

2019-03-02 12:39:39 - [MESSAGE][PASSED] - Browser is opened with url: 'http://qanewpoc.continulink.com:81/backoffice/Login.aspx'

2019-03-02 12:39:39 - [TEST_STEP][PASSED] - waitForPageLoad(60): Wait for page load successfully

2019-03-02 12:39:40 - [MESSAGE][PASSED] - Wait for page load successfully

2019-03-02 12:39:40 - [TEST_STEP][PASSED] - maximizeWindow(): Current window maximized

2019-03-02 12:39:41 - [MESSAGE][PASSED] - Current window maximized

2019-03-02 12:39:41 - [TEST_STEP][PASSED] - setText(findTestObject("Regression BackOffice/Login/UserBackOffice"), G_UserBackOffice): Text 'demo' is set on object 'Object Repository/Regression BackOffice/Login/UserBackOffice'

2019-03-02 12:39:41 - [MESSAGE][PASSED] - Text 'demo' is set on object 'Object Repository/Regression BackOffice/Login/UserBackOffice'

2019-03-02 12:39:41 - [TEST_STEP][PASSED] - setText(findTestObject("Regression BackOffice/Login/PasswordBackOffice"), G_PasswordBackOffice): Text 'qwerty' is set on object 'Object Repository/Regression BackOffice/Login/PasswordBackOffice'

2019-03-02 12:39:42 - [MESSAGE][PASSED] - Text 'qwerty' is set on object 'Object Repository/Regression BackOffice/Login/PasswordBackOffice'

2019-03-02 12:39:42 - [TEST_STEP][PASSED] - click(findTestObject("Regression BackOffice/Login/LoginBackOffice")): Object: 'Object Repository/Regression BackOffice/Login/LoginBackOffice' is clicked on

2019-03-02 12:39:57 - [MESSAGE][PASSED] - Object: 'Object Repository/Regression BackOffice/Login/LoginBackOffice' is clicked on

2019-03-02 12:39:57 - [TEST_STEP][PASSED] - waitForPageLoad(60): Wait for page load successfully

2019-03-02 12:39:57 - [MESSAGE][PASSED] - Wait for page load successfully

2019-03-02 12:39:57 - [TEST_STEP][PASSED] - delay(3): Delayed 3 second(s)

2019-03-02 12:40:00 - [MESSAGE][PASSED] - Delayed 3 second(s)

2019-03-02 12:40:00 - [TEST_STEP][PASSED] - switchToFrame(findTestObject("Regression BackOffice/New Referral/FrameLeft"), 5): null

2019-03-02 12:40:00 - [TEST_STEP][PASSED] - waitForElementPresent(findTestObject("Regression BackOffice/New Referral/ClienIntakeICon"), 60): Object 'Object Repository/Regression BackOffice/New Referral/ClienIntakeICon' is present

2019-03-02 12:40:00 - [MESSAGE][PASSED] - Object 'Object Repository/Regression BackOffice/New Referral/ClienIntakeICon' is present

2019-03-02 12:40:00 - [TEST_STEP][PASSED] - verifyElementPresent(findTestObject("Regression BackOffice/New Referral/ClienIntakeICon"), 100): Object 'Object Repository/Regression BackOffice/New Referral/ClienIntakeICon' is present

2019-03-02 12:40:00 - [MESSAGE][PASSED] - Object 'Object Repository/Regression BackOffice/New Referral/ClienIntakeICon' is present

2019-03-02 12:40:00 - [TEST_STEP][PASSED] - switchToDefaultContent(): null

2019-03-02 12:40:00 - [MESSAGE][PASSED] - Call Test Case 'Test Cases/Regression BackOffice (All Browsers)/Login/Verify Successful Login Backoffice' successfully

2019-03-02 12:40:00 - [TEST_STEP][PASSED] - waitForPageLoad(60): Wait for page load successfully

2019-03-02 12:40:00 - [MESSAGE][PASSED] - Wait for page load successfully

2019-03-02 12:40:00 - [TEST_STEP][PASSED] - delay(3): Delayed 3 second(s)

2019-03-02 12:40:03 - [MESSAGE][PASSED] - Delayed 3 second(s)

2019-03-02 12:40:03 - [TEST_STEP][PASSED] - switchToFrame(findTestObject("Regression BackOffice/New Referral/FrameLeft"), 30): null

2019-03-02 12:40:03 - [TEST_STEP][PASSED] - waitForElementPresent(findTestObject("Regression BackOffice/New Referral/ClienIntakeICon"), 100): Object 'Object Repository/Regression BackOffice/New Referral/ClienIntakeICon' is present

2019-03-02 12:40:03 - [MESSAGE][PASSED] - Object 'Object Repository/Regression BackOffice/New Referral/ClienIntakeICon' is present

2019-03-02 12:40:03 - [TEST_STEP][PASSED] - click(findTestObject("Regression BackOffice/New Referral/ClienIntakeICon")): Object: 'Object Repository/Regression BackOffice/New Referral/ClienIntakeICon' is clicked on

2019-03-02 12:40:04 - [MESSAGE][PASSED] - Object: 'Object Repository/Regression BackOffice/New Referral/ClienIntakeICon' is clicked on

2019-03-02 12:40:04 - [TEST_STEP][PASSED] - delay(2): Delayed 2 second(s)

2019-03-02 12:40:06 - [MESSAGE][PASSED] - Delayed 2 second(s)

2019-03-02 12:40:06 - [TEST_STEP][PASSED] - waitForPageLoad(50): Wait for page load successfully

2019-03-02 12:40:06 - [MESSAGE][PASSED] - Wait for page load successfully

2019-03-02 12:40:06 - [TEST_STEP][PASSED] - waitForElementPresent(findTestObject("Regression BackOffice/CLINK - 27906/AdmissionDetails"), 50): Object 'Object Repository/Regression BackOffice/CLINK - 27906/AdmissionDetails' is present

2019-03-02 12:40:06 - [MESSAGE][PASSED] - Object 'Object Repository/Regression BackOffice/CLINK - 27906/AdmissionDetails' is present

2019-03-02 12:40:06 - [TEST_STEP][PASSED] - click(findTestObject("Regression BackOffice/CLINK - 27906/AdmissionDetails")): Object: 'Object Repository/Regression BackOffice/CLINK - 27906/AdmissionDetails' is clicked on

2019-03-02 12:40:07 - [MESSAGE][PASSED] - Object: 'Object Repository/Regression BackOffice/CLINK - 27906/AdmissionDetails' is clicked on

2019-03-02 12:40:07 - [TEST_STEP][PASSED] - delay(2): Delayed 2 second(s)

2019-03-02 12:40:09 - [MESSAGE][PASSED] - Delayed 2 second(s)

2019-03-02 12:40:09 - [TEST_STEP][PASSED] - switchToDefaultContent(): null

2019-03-02 12:40:09 - [TEST_STEP][PASSED] - switchToFrame(findTestObject("Regression BackOffice/New Referral/FrameMain"), 30): null

2019-03-02 12:40:09 - [TEST_STEP][PASSED] - waitForElementPresent(findTestObject("Regression BackOffice/CLINK - 27906/Last NameAdmission"), 50): Object 'Object Repository/Regression BackOffice/CLINK - 27906/Last NameAdmission' is present

2019-03-02 12:40:09 - [MESSAGE][PASSED] - Object 'Object Repository/Regression BackOffice/CLINK - 27906/Last NameAdmission' is present

2019-03-02 12:40:09 - [TEST_STEP][PASSED] - setText(findTestObject("Regression BackOffice/CLINK - 27906/Last NameAdmission"), G_LastNameAdd): Text 'Rollback' is set on object 'Object Repository/Regression BackOffice/CLINK - 27906/Last NameAdmission'

2019-03-02 12:40:10 - [MESSAGE][PASSED] - Text 'Rollback' is set on object 'Object Repository/Regression BackOffice/CLINK - 27906/Last NameAdmission'

2019-03-02 12:40:10 - [TEST_STEP][PASSED] - delay(2): Delayed 2 second(s)

2019-03-02 12:40:12 - [MESSAGE][PASSED] - Delayed 2 second(s)

2019-03-02 12:40:12 - [TEST_STEP][PASSED] - waitForElementPresent(findTestObject("Regression BackOffice/CLINK - 27906/SearchButton"), 50): Object 'Object Repository/Regression BackOffice/CLINK - 27906/SearchButton' is present

2019-03-02 12:40:12 - [MESSAGE][PASSED] - Object 'Object Repository/Regression BackOffice/CLINK - 27906/SearchButton' is present

2019-03-02 12:40:12 - [TEST_STEP][PASSED] - click(findTestObject("Regression BackOffice/CLINK - 27906/SearchButton"), STOP_ON_FAILURE): Object: 'Object Repository/Regression BackOffice/CLINK - 27906/SearchButton' is clicked on

2019-03-02 12:40:13 - [MESSAGE][PASSED] - Object: 'Object Repository/Regression BackOffice/CLINK - 27906/SearchButton' is clicked on

2019-03-02 12:40:13 - [TEST_STEP][PASSED] - delay(2): Delayed 2 second(s)

2019-03-02 12:40:15 - [MESSAGE][PASSED] - Delayed 2 second(s)

2019-03-02 12:40:15 - [TEST_STEP][PASSED] - waitForElementPresent(findTestObject("Regression BackOffice/CLINK - 27906/ClientRollbackLink"), 50): Object 'Object Repository/Regression BackOffice/CLINK - 27906/ClientRollbackLink' is present

2019-03-02 12:40:15 - [MESSAGE][PASSED] - Object 'Object Repository/Regression BackOffice/CLINK - 27906/ClientRollbackLink' is present

2019-03-02 12:40:15 - [TEST_STEP][PASSED] - click(findTestObject("Regression BackOffice/CLINK - 27906/ClientRollbackLink"), STOP_ON_FAILURE): Object: 'Object Repository/Regression BackOffice/CLINK - 27906/ClientRollbackLink' is clicked on

2019-03-02 12:40:25 - [MESSAGE][PASSED] - Object: 'Object Repository/Regression BackOffice/CLINK - 27906/ClientRollbackLink' is clicked on

2019-03-02 12:40:25 - [TEST_STEP][PASSED] - delay(2): Delayed 2 second(s)

2019-03-02 12:40:27 - [MESSAGE][PASSED] - Delayed 2 second(s)

2019-03-02 12:40:27 - [TEST_STEP][PASSED] - switchToFrame(findTestObject("Regression BackOffice/New Referral/FrameMain"), 30): null

2019-03-02 12:40:27 - [TEST_STEP][PASSED] - waitForElementPresent(findTestObject("Regression BackOffice/CLINK - 27906/ClinicalManagersLink"), 50): Object 'Object Repository/Regression BackOffice/CLINK - 27906/ClinicalManagersLink' is present

2019-03-02 12:40:27 - [MESSAGE][PASSED] - Object 'Object Repository/Regression BackOffice/CLINK - 27906/ClinicalManagersLink' is present

2019-03-02 12:40:27 - [TEST_STEP][PASSED] - click(findTestObject("Regression BackOffice/CLINK - 27906/ClinicalManagersLink"), STOP_ON_FAILURE): Object: 'Object Repository/Regression BackOffice/CLINK - 27906/ClinicalManagersLink' is clicked on

2019-03-02 12:40:27 - [MESSAGE][PASSED] - Object: 'Object Repository/Regression BackOffice/CLINK - 27906/ClinicalManagersLink' is clicked on

2019-03-02 12:40:27 - [TEST_STEP][PASSED] - delay(2): Delayed 2 second(s)

2019-03-02 12:40:29 - [MESSAGE][PASSED] - Delayed 2 second(s)

2019-03-02 12:40:29 - [TEST_STEP][PASSED] - verifyElementPresent(findTestObject("Regression BackOffice/CLINK - 27906/AddNewClinicalManagerLink"), 60): Object 'Object Repository/Regression BackOffice/CLINK - 27906/AddNewClinicalManagerLink' is present

2019-03-02 12:40:29 - [MESSAGE][PASSED] - Object 'Object Repository/Regression BackOffice/CLINK - 27906/AddNewClinicalManagerLink' is present

2019-03-02 12:40:29 - [TEST_STEP][PASSED] - waitForElementPresent(findTestObject("Regression BackOffice/CLINK - 27906/SameCareManagerChk"), 50): Object 'Object Repository/Regression BackOffice/CLINK - 27906/SameCareManagerChk' is present

2019-03-02 12:40:29 - [MESSAGE][PASSED] - Object 'Object Repository/Regression BackOffice/CLINK - 27906/SameCareManagerChk' is present

2019-03-02 12:40:29 - [TEST_STEP][PASSED] - click(findTestObject("Regression BackOffice/CLINK - 27906/SameCareManagerChk"), STOP_ON_FAILURE): Object: 'Object Repository/Regression BackOffice/CLINK - 27906/SameCareManagerChk' is clicked on

2019-03-02 12:40:30 - [MESSAGE][PASSED] - Object: 'Object Repository/Regression BackOffice/CLINK - 27906/SameCareManagerChk' is clicked on

2019-03-02 12:40:30 - [TEST_STEP][PASSED] - delay(2): Delayed 2 second(s)

2019-03-02 12:40:32 - [MESSAGE][PASSED] - Delayed 2 second(s)

2019-03-02 12:40:32 - [TEST_STEP][PASSED] - waitForElementPresent(findTestObject("Regression BackOffice/CLINK - 27906/SameCareManagerChk"), 50): Object 'Object Repository/Regression BackOffice/CLINK - 27906/SameCareManagerChk' is present

2019-03-02 12:40:32 - [MESSAGE][PASSED] - Object 'Object Repository/Regression BackOffice/CLINK - 27906/SameCareManagerChk' is present

2019-03-02 12:40:32 - [TEST_STEP][PASSED] - click(findTestObject("Regression BackOffice/CLINK - 27906/SameCareManagerChk"), STOP_ON_FAILURE): Object: 'Object Repository/Regression BackOffice/CLINK - 27906/SameCareManagerChk' is clicked on

2019-03-02 12:40:32 - [MESSAGE][PASSED] - Object: 'Object Repository/Regression BackOffice/CLINK - 27906/SameCareManagerChk' is clicked on

2019-03-02 12:40:32 - [TEST_STEP][PASSED] - delay(2): Delayed 2 second(s)

2019-03-02 12:40:34 - [MESSAGE][PASSED] - Delayed 2 second(s)

2019-03-02 12:40:34 - [TEST_STEP][PASSED] - waitForElementPresent(findTestObject("Regression BackOffice/CLINK - 27906/AddNewClinicalManagerLink"), 50): Object 'Object Repository/Regression BackOffice/CLINK - 27906/AddNewClinicalManagerLink' is present

2019-03-02 12:40:34 - [MESSAGE][PASSED] - Object 'Object Repository/Regression BackOffice/CLINK - 27906/AddNewClinicalManagerLink' is present

2019-03-02 12:40:34 - [TEST_STEP][PASSED] - click(findTestObject("Regression BackOffice/CLINK - 27906/AddNewClinicalManagerLink"), STOP_ON_FAILURE): Object: 'Object Repository/Regression BackOffice/CLINK - 27906/AddNewClinicalManagerLink' is clicked on

2019-03-02 12:40:34 - [MESSAGE][PASSED] - Object: 'Object Repository/Regression BackOffice/CLINK - 27906/AddNewClinicalManagerLink' is clicked on

2019-03-02 12:40:34 - [TEST_STEP][PASSED] - delay(2): Delayed 2 second(s)

2019-03-02 12:40:36 - [MESSAGE][PASSED] - Delayed 2 second(s)

2019-03-02 12:40:36 - [TEST_STEP][PASSED] - verifyElementPresent(findTestObject("Regression BackOffice/CLINK - 27906/Id"), 60): Object 'Object Repository/Regression BackOffice/CLINK - 27906/Id' is present

2019-03-02 12:40:36 - [MESSAGE][PASSED] - Object 'Object Repository/Regression BackOffice/CLINK - 27906/Id' is present

2019-03-02 12:40:36 - [TEST_STEP][PASSED] - verifyElementPresent(findTestObject("Regression BackOffice/CLINK - 27906/CareManagerName"), 60): Object 'Object Repository/Regression BackOffice/CLINK - 27906/CareManagerName' is present

2019-03-02 12:40:36 - [MESSAGE][PASSED] - Object 'Object Repository/Regression BackOffice/CLINK - 27906/CareManagerName' is present

2019-03-02 12:40:36 - [TEST_STEP][PASSED] - verifyElementPresent(findTestObject("Regression BackOffice/CLINK - 27906/Discipline"), 60): Object 'Object Repository/Regression BackOffice/CLINK - 27906/Discipline' is present

2019-03-02 12:40:37 - [MESSAGE][PASSED] - Object 'Object Repository/Regression BackOffice/CLINK - 27906/Discipline' is present

2019-03-02 12:40:37 - [TEST_STEP][PASSED] - verifyElementPresent(findTestObject("Regression BackOffice/CLINK - 27906/Delete"), 60): Object 'Object Repository/Regression BackOffice/CLINK - 27906/Delete' is present

2019-03-02 12:40:37 - [MESSAGE][PASSED] - Object 'Object Repository/Regression BackOffice/CLINK - 27906/Delete' is present

2019-03-02 12:40:37 - [TEST_STEP][PASSED] - waitForElementPresent(findTestObject("Regression BackOffice/CLINK - 27906/ClinicalManagerNameText"), 50): Object 'Object Repository/Regression BackOffice/CLINK - 27906/ClinicalManagerNameText' is present

2019-03-02 12:40:37 - [MESSAGE][PASSED] - Object 'Object Repository/Regression BackOffice/CLINK - 27906/ClinicalManagerNameText' is present

2019-03-02 12:40:37 - [TEST_STEP][PASSED] - setText(findTestObject("Regression BackOffice/CLINK - 27906/ClinicalManagerNameText"), G_ClinicalManager): Text 'Sarvari' is set on object 'Object Repository/Regression BackOffice/CLINK - 27906/ClinicalManagerNameText'

2019-03-02 12:40:37 - [MESSAGE][PASSED] - Text 'Sarvari' is set on object 'Object Repository/Regression BackOffice/CLINK - 27906/ClinicalManagerNameText'

2019-03-02 12:40:37 - [TEST_STEP][PASSED] - delay(2): Delayed 2 second(s)

2019-03-02 12:40:39 - [MESSAGE][PASSED] - Delayed 2 second(s)

2019-03-02 12:40:39 - [TEST_STEP][PASSED] - waitForElementPresent(findTestObject("Regression BackOffice/CLINK - 27906/li_Admin"), 50): Object 'Object Repository/Regression BackOffice/CLINK - 27906/li_Admin' is present

2019-03-02 12:40:40 - [MESSAGE][PASSED] - Object 'Object Repository/Regression BackOffice/CLINK - 27906/li_Admin' is present

2019-03-02 12:40:40 - [TEST_STEP][PASSED] - click(findTestObject("Regression BackOffice/CLINK - 27906/li_Admin"), STOP_ON_FAILURE): Object: 'Object Repository/Regression BackOffice/CLINK - 27906/li_Admin' is clicked on

2019-03-02 12:40:40 - [MESSAGE][PASSED] - Object: 'Object Repository/Regression BackOffice/CLINK - 27906/li_Admin' is clicked on

2019-03-02 12:40:40 - [TEST_STEP][PASSED] - delay(2): Delayed 2 second(s)

2019-03-02 12:40:42 - [MESSAGE][PASSED] - Delayed 2 second(s)

2019-03-02 12:40:42 - [TEST_STEP][PASSED] - waitForElementPresent(findTestObject("Regression BackOffice/CLINK - 27906/AddToListLink"), 50): Object 'Object Repository/Regression BackOffice/CLINK - 27906/AddToListLink' is present

2019-03-02 12:40:42 - [MESSAGE][PASSED] - Object 'Object Repository/Regression BackOffice/CLINK - 27906/AddToListLink' is present

2019-03-02 12:40:42 - [TEST_STEP][PASSED] - click(findTestObject("Regression BackOffice/CLINK - 27906/AddToListLink"), STOP_ON_FAILURE): Object: 'Object Repository/Regression BackOffice/CLINK - 27906/AddToListLink' is clicked on

2019-03-02 12:40:42 - [MESSAGE][PASSED] - Object: 'Object Repository/Regression BackOffice/CLINK - 27906/AddToListLink' is clicked on

2019-03-02 12:40:42 - [TEST_STEP][PASSED] - delay(2): Delayed 2 second(s)

2019-03-02 12:40:44 - [MESSAGE][PASSED] - Delayed 2 second(s)

2019-03-02 12:40:44 - [TEST_STEP][PASSED] - waitForElementPresent(findTestObject("Regression BackOffice/CLINK - 27906/DeleteIcon"), 50): Object 'Object Repository/Regression BackOffice/CLINK - 27906/DeleteIcon' is present

2019-03-02 12:40:44 - [MESSAGE][PASSED] - Object 'Object Repository/Regression BackOffice/CLINK - 27906/DeleteIcon' is present

2019-03-02 12:40:44 - [TEST_STEP][PASSED] - click(findTestObject("Regression BackOffice/CLINK - 27906/DeleteIcon"), STOP_ON_FAILURE): Object: 'Object Repository/Regression BackOffice/CLINK - 27906/DeleteIcon' is clicked on

2019-03-02 12:40:45 - [MESSAGE][PASSED] - Object: 'Object Repository/Regression BackOffice/CLINK - 27906/DeleteIcon' is clicked on

2019-03-02 12:40:45 - [TEST_STEP][PASSED] - delay(2): Delayed 2 second(s)

2019-03-02 12:40:47 - [MESSAGE][PASSED] - Delayed 2 second(s)

2019-03-02 12:40:47 - [TEST_STEP][PASSED] - acceptAlert(STOP_ON_FAILURE): Alert accepted

2019-03-02 12:40:47 - [MESSAGE][PASSED] - Alert accepted]]></system-out>
         <system-err><![CDATA[]]></system-err>
      </testcase>
      <system-out><![CDATA[2019-03-02 12:39:25 - [TEST_SUITE][PASSED] - Regression BackOffice: Test Cases/Regression BackOffice (All Browsers)/CLNK-27906 - (Task B) Update Care Manager Control in Admission Details]]></system-out>
      <system-err><![CDATA[]]></system-err>
   </testsuite>
</testsuites>
