<?xml version="1.0" encoding="UTF-8"?>
<testsuites name="Regression Caregiver" time="792" tests="8" failures="0" errors="0">
   <testsuite name="Regression Caregiver" tests="8" failures="0" errors="0" time="792" timestamp="2019-07-29 12:02:05" hostname="isaac - DESKTOP-BPONDF2" id="Test Suites/Regression BackOffice/Regression Caregiver">
      <properties>
         <property name="deviceName" value=""/>
         <property name="devicePlatform" value=""/>
         <property name="logFolder" value="C:\\Users\\isaac\\Desktop\\Clientes\\ProcuraCanada\\Katalon Studio\\Continulink\\Reports\\Regression BackOffice\\Regression Caregiver\\20190729_120203"/>
         <property name="logFiles" value="C:\\Users\\isaac\\Desktop\\Clientes\\ProcuraCanada\\Katalon Studio\\Continulink\\Reports\\Regression BackOffice\\Regression Caregiver\\20190729_120203\\execution0.log"/>
         <property name="attachments" value=""/>
         <property name="hostName" value="isaac - DESKTOP-BPONDF2"/>
         <property name="os" value="Windows 10 64bit"/>
         <property name="katalonVersion" value="6.0.5.4"/>
         <property name="browser" value="Chrome 75.0.3770.142"/>
         <property name="hostAddress" value="192.168.0.104"/>
         <property name="sessionId" value="73245a3e290580d402d673b878f7eb7f"/>
         <property name="seleniumVersion" value="3.7.1"/>
         <property name="proxyInformation" value="ProxyInformation{proxyOption=NO_PROXY, proxyServerType=HTTP, password=, proxyServerAddress=, proxyServerPort=0}"/>
         <property name="platform" value="Windows 10"/>
      </properties>
      <testcase name="Test Cases/Regression BackOffice (All Browsers)/CLNK-28718 - BO - Full Caregiver creation" classname="Test Cases/Regression BackOffice (All Browsers)/CLNK-28718 - BO - Full Caregiver creation" status="PASSED">
         <system-out><![CDATA[2019-07-29 12:02:06 - [TEST_CASE][PASSED] - Test Cases/Regression BackOffice (All Browsers)/CLNK-28718 - BO - Full Caregiver creation: Test Cases/Regression BackOffice (All Browsers)/CLNK-28718 - BO - Full Caregiver creation

2019-07-29 12:02:07 - [TEST_STEP][PASSED] - callTestCase(findTestCase("Regression BackOffice (All Browsers)/CLNK-23439 - Clink - Back office Client"), [:], STOP_ON_FAILURE): Call Test Case 'Test Cases/Regression BackOffice (All Browsers)/CLNK-23439 - Clink - Back office Client' successfully

2019-07-29 12:02:07 - [TEST_CASE][PASSED] - Test Cases/Regression BackOffice (All Browsers)/CLNK-23439 - Clink - Back office Client: Test Cases/Regression BackOffice (All Browsers)/CLNK-23439 - Clink - Back office Client

2019-07-29 12:02:07 - [TEST_STEP][PASSED] - openBrowser(G_SiteBackOffice): Browser is opened with url: 'http://qanewpoc.continulink.com:81/backoffice/Login.aspx'

2019-07-29 12:02:09 - [MESSAGE][INFO] - Starting 'Chrome' driver

2019-07-29 12:02:09 - [MESSAGE][INFO] - Action delay is set to 0 seconds

2019-07-29 12:02:17 - [MESSAGE][PASSED] - Browser is opened with url: 'http://qanewpoc.continulink.com:81/backoffice/Login.aspx'

2019-07-29 12:02:17 - [TEST_STEP][PASSED] - waitForPageLoad(60): Wait for page load successfully

2019-07-29 12:02:17 - [MESSAGE][PASSED] - Wait for page load successfully

2019-07-29 12:02:17 - [TEST_STEP][PASSED] - maximizeWindow(): Current window maximized

2019-07-29 12:02:21 - [MESSAGE][PASSED] - Current window maximized

2019-07-29 12:02:21 - [TEST_STEP][PASSED] - setText(findTestObject("Regression BackOffice/Login/UserBackOffice"), G_UserBackOffice): Text 'demo' is set on object 'Object Repository/Regression BackOffice/Login/UserBackOffice'

2019-07-29 12:02:22 - [MESSAGE][PASSED] - Text 'demo' is set on object 'Object Repository/Regression BackOffice/Login/UserBackOffice'

2019-07-29 12:02:22 - [TEST_STEP][PASSED] - setText(findTestObject("Regression BackOffice/Login/PasswordBackOffice"), G_PasswordBackOffice): Text 'qwerty' is set on object 'Object Repository/Regression BackOffice/Login/PasswordBackOffice'

2019-07-29 12:02:22 - [MESSAGE][PASSED] - Text 'qwerty' is set on object 'Object Repository/Regression BackOffice/Login/PasswordBackOffice'

2019-07-29 12:02:22 - [TEST_STEP][PASSED] - click(findTestObject("Regression BackOffice/Login/LoginBackOffice")): Object: 'Object Repository/Regression BackOffice/Login/LoginBackOffice' is clicked on

2019-07-29 12:02:29 - [MESSAGE][PASSED] - Object: 'Object Repository/Regression BackOffice/Login/LoginBackOffice' is clicked on

2019-07-29 12:02:29 - [TEST_STEP][PASSED] - waitForPageLoad(60): Wait for page load successfully

2019-07-29 12:02:29 - [MESSAGE][PASSED] - Wait for page load successfully

2019-07-29 12:02:29 - [TEST_STEP][PASSED] - delay(3): Delayed 3 second(s)

2019-07-29 12:02:32 - [MESSAGE][PASSED] - Delayed 3 second(s)

2019-07-29 12:02:32 - [TEST_STEP][PASSED] - switchToFrame(findTestObject("Regression BackOffice/CLNK-23449/FrameLeft"), 5): null

2019-07-29 12:02:32 - [TEST_STEP][PASSED] - waitForElementPresent(findTestObject("Regression BackOffice/CLNK-23449/ClienIntakeICon"), 60): Object 'Object Repository/Regression BackOffice/CLNK-23449/ClienIntakeICon' is present

2019-07-29 12:02:32 - [MESSAGE][PASSED] - Object 'Object Repository/Regression BackOffice/CLNK-23449/ClienIntakeICon' is present

2019-07-29 12:02:32 - [TEST_STEP][PASSED] - verifyElementPresent(findTestObject("Regression BackOffice/CLNK-23449/ClienIntakeICon"), 100): Object 'Object Repository/Regression BackOffice/CLNK-23449/ClienIntakeICon' is present

2019-07-29 12:02:32 - [MESSAGE][PASSED] - Object 'Object Repository/Regression BackOffice/CLNK-23449/ClienIntakeICon' is present

2019-07-29 12:02:32 - [TEST_STEP][PASSED] - switchToDefaultContent(): null

2019-07-29 12:02:32 - [MESSAGE][PASSED] - Call Test Case 'Test Cases/Regression BackOffice (All Browsers)/CLNK-23439 - Clink - Back office Client' successfully

2019-07-29 12:02:32 - [TEST_STEP][PASSED] - waitForPageLoad(60): Wait for page load successfully

2019-07-29 12:02:32 - [MESSAGE][PASSED] - Wait for page load successfully

2019-07-29 12:02:32 - [TEST_STEP][PASSED] - delay(3): Delayed 3 second(s)

2019-07-29 12:02:35 - [MESSAGE][PASSED] - Delayed 3 second(s)

2019-07-29 12:02:35 - [TEST_STEP][PASSED] - switchToFrame(findTestObject("Regression BackOffice/CLNK-23449/FrameLeft"), 30): null

2019-07-29 12:02:35 - [TEST_STEP][PASSED] - waitForElementPresent(findTestObject("Regression BackOffice/CLNK-23441/Caregiver  HRLink"), 100): Object 'Object Repository/Regression BackOffice/CLNK-23441/Caregiver  HRLink' is present

2019-07-29 12:02:35 - [MESSAGE][PASSED] - Object 'Object Repository/Regression BackOffice/CLNK-23441/Caregiver  HRLink' is present

2019-07-29 12:02:35 - [TEST_STEP][PASSED] - click(findTestObject("Regression BackOffice/CLNK-23441/Caregiver  HRLink")): Object: 'Object Repository/Regression BackOffice/CLNK-23441/Caregiver  HRLink' is clicked on

2019-07-29 12:02:35 - [MESSAGE][PASSED] - Object: 'Object Repository/Regression BackOffice/CLNK-23441/Caregiver  HRLink' is clicked on

2019-07-29 12:02:35 - [TEST_STEP][PASSED] - delay(2): Delayed 2 second(s)

2019-07-29 12:02:37 - [MESSAGE][PASSED] - Delayed 2 second(s)

2019-07-29 12:02:37 - [TEST_STEP][PASSED] - waitForPageLoad(50): Wait for page load successfully

2019-07-29 12:02:37 - [MESSAGE][PASSED] - Wait for page load successfully

2019-07-29 12:02:37 - [TEST_STEP][PASSED] - waitForElementPresent(findTestObject("Regression BackOffice/CLINK - 28718/Caregiver Search"), 100): Object 'Object Repository/Regression BackOffice/CLINK - 28718/Caregiver Search' is present

2019-07-29 12:02:37 - [MESSAGE][PASSED] - Object 'Object Repository/Regression BackOffice/CLINK - 28718/Caregiver Search' is present

2019-07-29 12:02:37 - [TEST_STEP][PASSED] - click(findTestObject("Regression BackOffice/CLINK - 28718/Caregiver Search")): Object: 'Object Repository/Regression BackOffice/CLINK - 28718/Caregiver Search' is clicked on

2019-07-29 12:02:38 - [MESSAGE][PASSED] - Object: 'Object Repository/Regression BackOffice/CLINK - 28718/Caregiver Search' is clicked on

2019-07-29 12:02:38 - [TEST_STEP][PASSED] - delay(2): Delayed 2 second(s)

2019-07-29 12:02:40 - [MESSAGE][PASSED] - Delayed 2 second(s)

2019-07-29 12:02:40 - [TEST_STEP][PASSED] - waitForPageLoad(60): Wait for page load successfully

2019-07-29 12:02:40 - [MESSAGE][PASSED] - Wait for page load successfully

2019-07-29 12:02:40 - [TEST_STEP][PASSED] - switchToDefaultContent(): null

2019-07-29 12:02:40 - [TEST_STEP][PASSED] - switchToFrame(findTestObject("Regression BackOffice/CLNK-23449/FrameMain"), 30): null

2019-07-29 12:02:40 - [TEST_STEP][PASSED] - waitForElementPresent(findTestObject("Regression BackOffice/CLINK - 28718/CaregiverFirst Name"), 50): Object 'Object Repository/Regression BackOffice/CLINK - 28718/CaregiverFirst Name' is present

2019-07-29 12:02:40 - [MESSAGE][PASSED] - Object 'Object Repository/Regression BackOffice/CLINK - 28718/CaregiverFirst Name' is present

2019-07-29 12:02:40 - [TEST_STEP][PASSED] - setText(findTestObject("Regression BackOffice/CLINK - 28718/CaregiverFirst Name"), "xxxxx"): Text 'xxxxx' is set on object 'Object Repository/Regression BackOffice/CLINK - 28718/CaregiverFirst Name'

2019-07-29 12:02:41 - [MESSAGE][PASSED] - Text 'xxxxx' is set on object 'Object Repository/Regression BackOffice/CLINK - 28718/CaregiverFirst Name'

2019-07-29 12:02:41 - [TEST_STEP][PASSED] - delay(2): Delayed 2 second(s)

2019-07-29 12:02:43 - [MESSAGE][PASSED] - Delayed 2 second(s)

2019-07-29 12:02:43 - [TEST_STEP][PASSED] - waitForElementPresent(findTestObject("Regression BackOffice/CLINK - 28718/CaregiverLast Name"), 50): Object 'Object Repository/Regression BackOffice/CLINK - 28718/CaregiverLast Name' is present

2019-07-29 12:02:43 - [MESSAGE][PASSED] - Object 'Object Repository/Regression BackOffice/CLINK - 28718/CaregiverLast Name' is present

2019-07-29 12:02:43 - [TEST_STEP][PASSED] - setText(findTestObject("Regression BackOffice/CLINK - 28718/CaregiverLast Name"), "xxxxx"): Text 'xxxxx' is set on object 'Object Repository/Regression BackOffice/CLINK - 28718/CaregiverLast Name'

2019-07-29 12:02:43 - [MESSAGE][PASSED] - Text 'xxxxx' is set on object 'Object Repository/Regression BackOffice/CLINK - 28718/CaregiverLast Name'

2019-07-29 12:02:43 - [TEST_STEP][PASSED] - delay(2): Delayed 2 second(s)

2019-07-29 12:02:45 - [MESSAGE][PASSED] - Delayed 2 second(s)

2019-07-29 12:02:45 - [TEST_STEP][PASSED] - waitForElementPresent(findTestObject("Regression BackOffice/CLINK - 28718/SSN"), 50): Object 'Object Repository/Regression BackOffice/CLINK - 28718/SSN' is present

2019-07-29 12:02:45 - [MESSAGE][PASSED] - Object 'Object Repository/Regression BackOffice/CLINK - 28718/SSN' is present

2019-07-29 12:02:45 - [TEST_STEP][PASSED] - setText(findTestObject("Regression BackOffice/CLINK - 28718/SSN"), "999999995"): Text '999999995' is set on object 'Object Repository/Regression BackOffice/CLINK - 28718/SSN'

2019-07-29 12:02:45 - [MESSAGE][PASSED] - Text '999999995' is set on object 'Object Repository/Regression BackOffice/CLINK - 28718/SSN'

2019-07-29 12:02:45 - [TEST_STEP][PASSED] - delay(2): Delayed 2 second(s)

2019-07-29 12:02:47 - [MESSAGE][PASSED] - Delayed 2 second(s)

2019-07-29 12:02:47 - [TEST_STEP][PASSED] - waitForElementPresent(findTestObject("Regression BackOffice/CLINK - 28718/CaregiverBttnSearch"), 100): Object 'Object Repository/Regression BackOffice/CLINK - 28718/CaregiverBttnSearch' is present

2019-07-29 12:02:47 - [MESSAGE][PASSED] - Object 'Object Repository/Regression BackOffice/CLINK - 28718/CaregiverBttnSearch' is present

2019-07-29 12:02:47 - [TEST_STEP][PASSED] - click(findTestObject("Regression BackOffice/CLINK - 28718/CaregiverBttnSearch")): Object: 'Object Repository/Regression BackOffice/CLINK - 28718/CaregiverBttnSearch' is clicked on

2019-07-29 12:02:48 - [MESSAGE][PASSED] - Object: 'Object Repository/Regression BackOffice/CLINK - 28718/CaregiverBttnSearch' is clicked on

2019-07-29 12:02:48 - [TEST_STEP][PASSED] - delay(2): Delayed 2 second(s)

2019-07-29 12:02:50 - [MESSAGE][PASSED] - Delayed 2 second(s)

2019-07-29 12:02:50 - [TEST_STEP][PASSED] - waitForElementPresent(findTestObject("Regression BackOffice/CLINK - 28718/Add a new Caregiver Link"), 100): Object 'Object Repository/Regression BackOffice/CLINK - 28718/Add a new Caregiver Link' is present

2019-07-29 12:02:50 - [MESSAGE][PASSED] - Object 'Object Repository/Regression BackOffice/CLINK - 28718/Add a new Caregiver Link' is present

2019-07-29 12:02:50 - [TEST_STEP][PASSED] - click(findTestObject("Regression BackOffice/CLINK - 28718/Add a new Caregiver Link")): Object: 'Object Repository/Regression BackOffice/CLINK - 28718/Add a new Caregiver Link' is clicked on

2019-07-29 12:02:52 - [MESSAGE][PASSED] - Object: 'Object Repository/Regression BackOffice/CLINK - 28718/Add a new Caregiver Link' is clicked on

2019-07-29 12:02:52 - [TEST_STEP][PASSED] - delay(2): Delayed 2 second(s)

2019-07-29 12:02:54 - [MESSAGE][PASSED] - Delayed 2 second(s)

2019-07-29 12:02:54 - [TEST_STEP][PASSED] - waitForPageLoad(50): Wait for page load successfully

2019-07-29 12:02:54 - [MESSAGE][PASSED] - Wait for page load successfully

2019-07-29 12:02:54 - [TEST_STEP][PASSED] - waitForElementPresent(findTestObject("Regression BackOffice/CLINK - 28718/General Information/CaregiverType"), 100): Object 'Object Repository/Regression BackOffice/CLINK - 28718/General Information/CaregiverType' is present

2019-07-29 12:02:54 - [MESSAGE][PASSED] - Object 'Object Repository/Regression BackOffice/CLINK - 28718/General Information/CaregiverType' is present

2019-07-29 12:02:54 - [TEST_STEP][PASSED] - click(findTestObject("Regression BackOffice/CLINK - 28718/General Information/CaregiverType")): Object: 'Object Repository/Regression BackOffice/CLINK - 28718/General Information/CaregiverType' is clicked on

2019-07-29 12:02:55 - [MESSAGE][PASSED] - Object: 'Object Repository/Regression BackOffice/CLINK - 28718/General Information/CaregiverType' is clicked on

2019-07-29 12:02:55 - [TEST_STEP][PASSED] - delay(2): Delayed 2 second(s)

2019-07-29 12:02:57 - [MESSAGE][PASSED] - Delayed 2 second(s)

2019-07-29 12:02:57 - [TEST_STEP][PASSED] - sendKeys(findTestObject("Regression BackOffice/CLINK - 28718/General Information/CaregiverType"), Keys.chord(ARROW_DOWN, ENTER)): Keys 'DOWN + ENTER + ' sent to object: 'Object Repository/Regression BackOffice/CLINK - 28718/General Information/CaregiverType'

2019-07-29 12:02:57 - [MESSAGE][PASSED] - Keys 'DOWN + ENTER + ' sent to object: 'Object Repository/Regression BackOffice/CLINK - 28718/General Information/CaregiverType'

2019-07-29 12:02:57 - [TEST_STEP][PASSED] - delay(2): Delayed 2 second(s)

2019-07-29 12:02:59 - [MESSAGE][PASSED] - Delayed 2 second(s)

2019-07-29 12:02:59 - [TEST_STEP][PASSED] - waitForElementPresent(findTestObject("Regression BackOffice/CLINK - 28718/General Information/LineOfBusiness"), 100): Object 'Object Repository/Regression BackOffice/CLINK - 28718/General Information/LineOfBusiness' is present

2019-07-29 12:02:59 - [MESSAGE][PASSED] - Object 'Object Repository/Regression BackOffice/CLINK - 28718/General Information/LineOfBusiness' is present

2019-07-29 12:02:59 - [TEST_STEP][PASSED] - click(findTestObject("Regression BackOffice/CLINK - 28718/General Information/LineOfBusiness")): Object: 'Object Repository/Regression BackOffice/CLINK - 28718/General Information/LineOfBusiness' is clicked on

2019-07-29 12:02:59 - [MESSAGE][PASSED] - Object: 'Object Repository/Regression BackOffice/CLINK - 28718/General Information/LineOfBusiness' is clicked on

2019-07-29 12:02:59 - [TEST_STEP][PASSED] - delay(2): Delayed 2 second(s)

2019-07-29 12:03:01 - [MESSAGE][PASSED] - Delayed 2 second(s)

2019-07-29 12:03:01 - [TEST_STEP][PASSED] - sendKeys(findTestObject("Regression BackOffice/CLINK - 28718/General Information/LineOfBusiness"), Keys.chord(ARROW_DOWN, ENTER)): Keys 'DOWN + ENTER + ' sent to object: 'Object Repository/Regression BackOffice/CLINK - 28718/General Information/LineOfBusiness'

2019-07-29 12:03:01 - [MESSAGE][PASSED] - Keys 'DOWN + ENTER + ' sent to object: 'Object Repository/Regression BackOffice/CLINK - 28718/General Information/LineOfBusiness'

2019-07-29 12:03:01 - [TEST_STEP][PASSED] - delay(2): Delayed 2 second(s)

2019-07-29 12:03:03 - [MESSAGE][PASSED] - Delayed 2 second(s)

2019-07-29 12:03:03 - [TEST_STEP][PASSED] - waitForElementPresent(findTestObject("Regression BackOffice/CLINK - 28718/General Information/First Name Caregiver"), 50): Object 'Object Repository/Regression BackOffice/CLINK - 28718/General Information/First Name Caregiver' is present

2019-07-29 12:03:03 - [MESSAGE][PASSED] - Object 'Object Repository/Regression BackOffice/CLINK - 28718/General Information/First Name Caregiver' is present

2019-07-29 12:03:03 - [TEST_STEP][PASSED] - setText(findTestObject("Regression BackOffice/CLINK - 28718/General Information/First Name Caregiver"), G_CaregiverFirstName): Text 'Shaw' is set on object 'Object Repository/Regression BackOffice/CLINK - 28718/General Information/First Name Caregiver'

2019-07-29 12:03:03 - [MESSAGE][PASSED] - Text 'Shaw' is set on object 'Object Repository/Regression BackOffice/CLINK - 28718/General Information/First Name Caregiver'

2019-07-29 12:03:03 - [TEST_STEP][PASSED] - delay(2): Delayed 2 second(s)

2019-07-29 12:03:05 - [MESSAGE][PASSED] - Delayed 2 second(s)

2019-07-29 12:03:05 - [TEST_STEP][PASSED] - waitForElementPresent(findTestObject("Regression BackOffice/CLINK - 28718/General Information/Last Name Caregiver"), 50): Object 'Object Repository/Regression BackOffice/CLINK - 28718/General Information/Last Name Caregiver' is present

2019-07-29 12:03:05 - [MESSAGE][PASSED] - Object 'Object Repository/Regression BackOffice/CLINK - 28718/General Information/Last Name Caregiver' is present

2019-07-29 12:03:05 - [TEST_STEP][PASSED] - setText(findTestObject("Regression BackOffice/CLINK - 28718/General Information/Last Name Caregiver"), G_CareGiverLastName): Text 'Yotun' is set on object 'Object Repository/Regression BackOffice/CLINK - 28718/General Information/Last Name Caregiver'

2019-07-29 12:03:05 - [MESSAGE][PASSED] - Text 'Yotun' is set on object 'Object Repository/Regression BackOffice/CLINK - 28718/General Information/Last Name Caregiver'

2019-07-29 12:03:05 - [TEST_STEP][PASSED] - delay(2): Delayed 2 second(s)

2019-07-29 12:03:07 - [MESSAGE][PASSED] - Delayed 2 second(s)

2019-07-29 12:03:07 - [TEST_STEP][PASSED] - waitForElementPresent(findTestObject("Regression BackOffice/CLINK - 28718/General Information/SSNCaregiver"), 50): Object 'Object Repository/Regression BackOffice/CLINK - 28718/General Information/SSNCaregiver' is present

2019-07-29 12:03:07 - [MESSAGE][PASSED] - Object 'Object Repository/Regression BackOffice/CLINK - 28718/General Information/SSNCaregiver' is present

2019-07-29 12:03:07 - [TEST_STEP][PASSED] - setText(findTestObject("Regression BackOffice/CLINK - 28718/General Information/SSNCaregiver"), G_CaregiverSSN): Text '535870093' is set on object 'Object Repository/Regression BackOffice/CLINK - 28718/General Information/SSNCaregiver'

2019-07-29 12:03:08 - [MESSAGE][PASSED] - Text '535870093' is set on object 'Object Repository/Regression BackOffice/CLINK - 28718/General Information/SSNCaregiver'

2019-07-29 12:03:08 - [TEST_STEP][PASSED] - delay(2): Delayed 2 second(s)

2019-07-29 12:03:10 - [MESSAGE][PASSED] - Delayed 2 second(s)

2019-07-29 12:03:10 - [TEST_STEP][PASSED] - setText(findTestObject("Regression BackOffice/CLINK - 28718/Address/Address"), "1628 NW 6 St"): Text '1628 NW 6 St' is set on object 'Object Repository/Regression BackOffice/CLINK - 28718/Address/Address'

2019-07-29 12:03:10 - [MESSAGE][PASSED] - Text '1628 NW 6 St' is set on object 'Object Repository/Regression BackOffice/CLINK - 28718/Address/Address'

2019-07-29 12:03:10 - [TEST_STEP][PASSED] - delay(3): Delayed 3 second(s)

2019-07-29 12:03:13 - [MESSAGE][PASSED] - Delayed 3 second(s)

2019-07-29 12:03:13 - [TEST_STEP][PASSED] - setText(findTestObject("Regression BackOffice/CLINK - 28718/Address/City"), "Miami"): Text 'Miami' is set on object 'Object Repository/Regression BackOffice/CLINK - 28718/Address/City'

2019-07-29 12:03:13 - [MESSAGE][PASSED] - Text 'Miami' is set on object 'Object Repository/Regression BackOffice/CLINK - 28718/Address/City'

2019-07-29 12:03:13 - [TEST_STEP][PASSED] - delay(3): Delayed 3 second(s)

2019-07-29 12:03:16 - [MESSAGE][PASSED] - Delayed 3 second(s)

2019-07-29 12:03:16 - [TEST_STEP][PASSED] - click(findTestObject("Regression BackOffice/CLINK - 28718/Address/State"), CONTINUE_ON_FAILURE): Object: 'Object Repository/Regression BackOffice/CLINK - 28718/Address/State' is clicked on

2019-07-29 12:03:16 - [MESSAGE][PASSED] - Object: 'Object Repository/Regression BackOffice/CLINK - 28718/Address/State' is clicked on

2019-07-29 12:03:16 - [TEST_STEP][PASSED] - sendKeys(findTestObject("Regression BackOffice/CLINK - 28718/Address/State"), "Florida"): Keys 'Florida' sent to object: 'Object Repository/Regression BackOffice/CLINK - 28718/Address/State'

2019-07-29 12:03:16 - [MESSAGE][PASSED] - Keys 'Florida' sent to object: 'Object Repository/Regression BackOffice/CLINK - 28718/Address/State'

2019-07-29 12:03:16 - [TEST_STEP][PASSED] - sendKeys(findTestObject("Regression BackOffice/CLINK - 28718/Address/State"), Keys.chord(ENTER)): Keys 'ENTER + ' sent to object: 'Object Repository/Regression BackOffice/CLINK - 28718/Address/State'

2019-07-29 12:03:17 - [MESSAGE][PASSED] - Keys 'ENTER + ' sent to object: 'Object Repository/Regression BackOffice/CLINK - 28718/Address/State'

2019-07-29 12:03:17 - [TEST_STEP][PASSED] - delay(5): Delayed 5 second(s)

2019-07-29 12:03:22 - [MESSAGE][PASSED] - Delayed 5 second(s)

2019-07-29 12:03:22 - [TEST_STEP][PASSED] - click(findTestObject("Regression BackOffice/CLINK - 28718/Address/BtnVerify"), CONTINUE_ON_FAILURE): Object: 'Object Repository/Regression BackOffice/CLINK - 28718/Address/BtnVerify' is clicked on

2019-07-29 12:03:22 - [MESSAGE][PASSED] - Object: 'Object Repository/Regression BackOffice/CLINK - 28718/Address/BtnVerify' is clicked on

2019-07-29 12:03:22 - [TEST_STEP][PASSED] - delay(5): Delayed 5 second(s)

2019-07-29 12:03:27 - [MESSAGE][PASSED] - Delayed 5 second(s)

2019-07-29 12:03:27 - [TEST_STEP][PASSED] - click(findTestObject("Regression BackOffice/CLINK - 28718/Address/ChkVerify"), CONTINUE_ON_FAILURE): Object: 'Object Repository/Regression BackOffice/CLINK - 28718/Address/ChkVerify' is clicked on

2019-07-29 12:03:27 - [MESSAGE][PASSED] - Object: 'Object Repository/Regression BackOffice/CLINK - 28718/Address/ChkVerify' is clicked on

2019-07-29 12:03:27 - [TEST_STEP][PASSED] - delay(3): Delayed 3 second(s)

2019-07-29 12:03:30 - [MESSAGE][PASSED] - Delayed 3 second(s)

2019-07-29 12:03:30 - [TEST_STEP][PASSED] - waitForElementPresent(findTestObject("Regression BackOffice/CLINK - 28718/Phone/Add New Phone Link"), 100): Object 'Object Repository/Regression BackOffice/CLINK - 28718/Phone/Add New Phone Link' is present

2019-07-29 12:03:30 - [MESSAGE][PASSED] - Object 'Object Repository/Regression BackOffice/CLINK - 28718/Phone/Add New Phone Link' is present

2019-07-29 12:03:30 - [TEST_STEP][PASSED] - click(findTestObject("Regression BackOffice/CLINK - 28718/Phone/Add New Phone Link")): Object: 'Object Repository/Regression BackOffice/CLINK - 28718/Phone/Add New Phone Link' is clicked on

2019-07-29 12:03:30 - [MESSAGE][PASSED] - Object: 'Object Repository/Regression BackOffice/CLINK - 28718/Phone/Add New Phone Link' is clicked on

2019-07-29 12:03:30 - [TEST_STEP][PASSED] - delay(2): Delayed 2 second(s)

2019-07-29 12:03:32 - [MESSAGE][PASSED] - Delayed 2 second(s)

2019-07-29 12:03:32 - [TEST_STEP][PASSED] - click(findTestObject("Regression BackOffice/CLINK - 28718/Phone/PhoneType"), CONTINUE_ON_FAILURE): Object: 'Object Repository/Regression BackOffice/CLINK - 28718/Phone/PhoneType' is clicked on

2019-07-29 12:03:32 - [MESSAGE][PASSED] - Object: 'Object Repository/Regression BackOffice/CLINK - 28718/Phone/PhoneType' is clicked on

2019-07-29 12:03:32 - [TEST_STEP][PASSED] - sendKeys(findTestObject("Regression BackOffice/CLINK - 28718/Phone/PhoneType"), Keys.chord(ARROW_DOWN, ENTER)): Keys 'DOWN + ENTER + ' sent to object: 'Object Repository/Regression BackOffice/CLINK - 28718/Phone/PhoneType'

2019-07-29 12:03:32 - [MESSAGE][PASSED] - Keys 'DOWN + ENTER + ' sent to object: 'Object Repository/Regression BackOffice/CLINK - 28718/Phone/PhoneType'

2019-07-29 12:03:32 - [TEST_STEP][PASSED] - delay(3): Delayed 3 second(s)

2019-07-29 12:03:35 - [MESSAGE][PASSED] - Delayed 3 second(s)

2019-07-29 12:03:35 - [TEST_STEP][PASSED] - setText(findTestObject("Regression BackOffice/CLINK - 28718/Phone/PhoneNumber"), "2345698789"): Text '2345698789' is set on object 'Object Repository/Regression BackOffice/CLINK - 28718/Phone/PhoneNumber'

2019-07-29 12:03:35 - [MESSAGE][PASSED] - Text '2345698789' is set on object 'Object Repository/Regression BackOffice/CLINK - 28718/Phone/PhoneNumber'

2019-07-29 12:03:35 - [TEST_STEP][PASSED] - delay(3): Delayed 3 second(s)

2019-07-29 12:03:38 - [MESSAGE][PASSED] - Delayed 3 second(s)

2019-07-29 12:03:38 - [TEST_STEP][PASSED] - waitForElementPresent(findTestObject("Regression BackOffice/CLINK - 28718/Phone/chkisprimary"), 100): Object 'Object Repository/Regression BackOffice/CLINK - 28718/Phone/chkisprimary' is present

2019-07-29 12:03:38 - [MESSAGE][PASSED] - Object 'Object Repository/Regression BackOffice/CLINK - 28718/Phone/chkisprimary' is present

2019-07-29 12:03:38 - [TEST_STEP][PASSED] - click(findTestObject("Regression BackOffice/CLINK - 28718/Phone/chkisprimary")): Object: 'Object Repository/Regression BackOffice/CLINK - 28718/Phone/chkisprimary' is clicked on

2019-07-29 12:03:39 - [MESSAGE][PASSED] - Object: 'Object Repository/Regression BackOffice/CLINK - 28718/Phone/chkisprimary' is clicked on

2019-07-29 12:03:39 - [TEST_STEP][PASSED] - delay(2): Delayed 2 second(s)

2019-07-29 12:03:41 - [MESSAGE][PASSED] - Delayed 2 second(s)

2019-07-29 12:03:41 - [TEST_STEP][PASSED] - waitForElementPresent(findTestObject("Regression BackOffice/CLINK - 28718/Phone/a_Add to List"), 100): Object 'Object Repository/Regression BackOffice/CLINK - 28718/Phone/a_Add to List' is present

2019-07-29 12:03:41 - [MESSAGE][PASSED] - Object 'Object Repository/Regression BackOffice/CLINK - 28718/Phone/a_Add to List' is present

2019-07-29 12:03:41 - [TEST_STEP][PASSED] - click(findTestObject("Regression BackOffice/CLINK - 28718/Phone/a_Add to List")): Object: 'Object Repository/Regression BackOffice/CLINK - 28718/Phone/a_Add to List' is clicked on

2019-07-29 12:03:41 - [MESSAGE][PASSED] - Object: 'Object Repository/Regression BackOffice/CLINK - 28718/Phone/a_Add to List' is clicked on

2019-07-29 12:03:41 - [TEST_STEP][PASSED] - delay(2): Delayed 2 second(s)

2019-07-29 12:03:43 - [MESSAGE][PASSED] - Delayed 2 second(s)

2019-07-29 12:03:43 - [TEST_STEP][PASSED] - scrollToElement(findTestObject("Regression BackOffice/CLINK - 28718/Discipline/Add Discipline"), 100): Scroll to object 'Object Repository/Regression BackOffice/CLINK - 28718/Discipline/Add Discipline' successfully

2019-07-29 12:03:43 - [MESSAGE][PASSED] - Scroll to object 'Object Repository/Regression BackOffice/CLINK - 28718/Discipline/Add Discipline' successfully

2019-07-29 12:03:43 - [TEST_STEP][PASSED] - click(findTestObject("Regression BackOffice/CLINK - 28718/Discipline/Add Discipline")): Object: 'Object Repository/Regression BackOffice/CLINK - 28718/Discipline/Add Discipline' is clicked on

2019-07-29 12:03:43 - [MESSAGE][PASSED] - Object: 'Object Repository/Regression BackOffice/CLINK - 28718/Discipline/Add Discipline' is clicked on

2019-07-29 12:03:43 - [TEST_STEP][PASSED] - delay(2): Delayed 2 second(s)

2019-07-29 12:03:45 - [MESSAGE][PASSED] - Delayed 2 second(s)

2019-07-29 12:03:45 - [TEST_STEP][PASSED] - click(findTestObject("Regression BackOffice/CLINK - 28718/Discipline/DisciplineType"), CONTINUE_ON_FAILURE): Object: 'Object Repository/Regression BackOffice/CLINK - 28718/Discipline/DisciplineType' is clicked on

2019-07-29 12:03:45 - [MESSAGE][PASSED] - Object: 'Object Repository/Regression BackOffice/CLINK - 28718/Discipline/DisciplineType' is clicked on

2019-07-29 12:03:45 - [TEST_STEP][PASSED] - sendKeys(findTestObject("Regression BackOffice/CLINK - 28718/Discipline/DisciplineType"), Keys.chord(ARROW_DOWN, ENTER)): Keys 'DOWN + ENTER + ' sent to object: 'Object Repository/Regression BackOffice/CLINK - 28718/Discipline/DisciplineType'

2019-07-29 12:03:45 - [MESSAGE][PASSED] - Keys 'DOWN + ENTER + ' sent to object: 'Object Repository/Regression BackOffice/CLINK - 28718/Discipline/DisciplineType'

2019-07-29 12:03:45 - [TEST_STEP][PASSED] - delay(3): Delayed 3 second(s)

2019-07-29 12:03:48 - [MESSAGE][PASSED] - Delayed 3 second(s)

2019-07-29 12:03:48 - [TEST_STEP][NOT_RUN] - click(findTestObject("Regression BackOffice/CLINK - 28718/Discipline/Begin Date")): NOT_RUN: click(findTestObject("Regression BackOffice/CLINK - 28718/Discipline/Begin Date"))

2019-07-29 12:03:48 - [MESSAGE][NOT_RUN] - NOT_RUN: click(findTestObject("Regression BackOffice/CLINK - 28718/Discipline/Begin Date"))

2019-07-29 12:03:48 - [TEST_STEP][PASSED] - sendKeys(findTestObject("Regression BackOffice/CLINK - 28718/Discipline/Begin Date"), "04/24/2019"): Keys '04/24/2019' sent to object: 'Object Repository/Regression BackOffice/CLINK - 28718/Discipline/Begin Date'

2019-07-29 12:03:48 - [MESSAGE][PASSED] - Keys '04/24/2019' sent to object: 'Object Repository/Regression BackOffice/CLINK - 28718/Discipline/Begin Date'

2019-07-29 12:03:48 - [TEST_STEP][PASSED] - delay(4): Delayed 4 second(s)

2019-07-29 12:03:52 - [MESSAGE][PASSED] - Delayed 4 second(s)

2019-07-29 12:03:52 - [TEST_STEP][NOT_RUN] - click(findTestObject("Regression BackOffice/CLINK - 28718/Discipline/Effective EndDate")): NOT_RUN: click(findTestObject("Regression BackOffice/CLINK - 28718/Discipline/Effective EndDate"))

2019-07-29 12:03:52 - [MESSAGE][NOT_RUN] - NOT_RUN: click(findTestObject("Regression BackOffice/CLINK - 28718/Discipline/Effective EndDate"))

2019-07-29 12:03:52 - [TEST_STEP][NOT_RUN] - sendKeys(findTestObject("Regression BackOffice/CLINK - 28718/Discipline/Effective EndDate"), getDate.DateUtilities.getDateMonthDayYearNumberwithSlash()): NOT_RUN: sendKeys(findTestObject("Regression BackOffice/CLINK - 28718/Discipline/Effective EndDate"), getDate.DateUtilities.getDateMonthDayYearNumberwithSlash())

2019-07-29 12:03:52 - [MESSAGE][NOT_RUN] - NOT_RUN: sendKeys(findTestObject("Regression BackOffice/CLINK - 28718/Discipline/Effective EndDate"), getDate.DateUtilities.getDateMonthDayYearNumberwithSlash())

2019-07-29 12:03:52 - [TEST_STEP][NOT_RUN] - delay(4): NOT_RUN: delay(4)

2019-07-29 12:03:52 - [MESSAGE][NOT_RUN] - NOT_RUN: delay(4)

2019-07-29 12:03:52 - [TEST_STEP][PASSED] - waitForElementPresent(findTestObject("Regression BackOffice/CLINK - 28718/Discipline/ChkPrimaryDiscipline"), 100): Object 'Object Repository/Regression BackOffice/CLINK - 28718/Discipline/ChkPrimaryDiscipline' is present

2019-07-29 12:03:52 - [MESSAGE][PASSED] - Object 'Object Repository/Regression BackOffice/CLINK - 28718/Discipline/ChkPrimaryDiscipline' is present

2019-07-29 12:03:52 - [TEST_STEP][PASSED] - click(findTestObject("Regression BackOffice/CLINK - 28718/Discipline/ChkPrimaryDiscipline")): Object: 'Object Repository/Regression BackOffice/CLINK - 28718/Discipline/ChkPrimaryDiscipline' is clicked on

2019-07-29 12:03:53 - [MESSAGE][PASSED] - Object: 'Object Repository/Regression BackOffice/CLINK - 28718/Discipline/ChkPrimaryDiscipline' is clicked on

2019-07-29 12:03:53 - [TEST_STEP][PASSED] - delay(2): Delayed 2 second(s)

2019-07-29 12:03:55 - [MESSAGE][PASSED] - Delayed 2 second(s)

2019-07-29 12:03:55 - [TEST_STEP][PASSED] - waitForElementPresent(findTestObject("Regression BackOffice/CLINK - 28718/Discipline/Add to List Discipline"), 100): Object 'Object Repository/Regression BackOffice/CLINK - 28718/Discipline/Add to List Discipline' is present

2019-07-29 12:03:55 - [MESSAGE][PASSED] - Object 'Object Repository/Regression BackOffice/CLINK - 28718/Discipline/Add to List Discipline' is present

2019-07-29 12:03:55 - [TEST_STEP][PASSED] - click(findTestObject("Regression BackOffice/CLINK - 28718/Discipline/Add to List Discipline")): Object: 'Object Repository/Regression BackOffice/CLINK - 28718/Discipline/Add to List Discipline' is clicked on

2019-07-29 12:03:55 - [MESSAGE][PASSED] - Object: 'Object Repository/Regression BackOffice/CLINK - 28718/Discipline/Add to List Discipline' is clicked on

2019-07-29 12:03:55 - [TEST_STEP][PASSED] - delay(2): Delayed 2 second(s)

2019-07-29 12:03:57 - [MESSAGE][PASSED] - Delayed 2 second(s)

2019-07-29 12:03:57 - [TEST_STEP][PASSED] - acceptAlert(): Alert accepted

2019-07-29 12:03:57 - [MESSAGE][PASSED] - Alert accepted

2019-07-29 12:03:57 - [TEST_STEP][PASSED] - delay(2): Delayed 2 second(s)

2019-07-29 12:03:59 - [MESSAGE][PASSED] - Delayed 2 second(s)

2019-07-29 12:03:59 - [TEST_STEP][PASSED] - switchToDefaultContent(): null

2019-07-29 12:03:59 - [TEST_STEP][PASSED] - switchToFrame(findTestObject("Regression BackOffice/CLINK - 28718/BannerFrame"), 50): null

2019-07-29 12:03:59 - [TEST_STEP][PASSED] - waitForElementPresent(findTestObject("Regression BackOffice/CLINK - 28718/bttnSave"), 50): Object 'Object Repository/Regression BackOffice/CLINK - 28718/bttnSave' is present

2019-07-29 12:03:59 - [MESSAGE][PASSED] - Object 'Object Repository/Regression BackOffice/CLINK - 28718/bttnSave' is present

2019-07-29 12:03:59 - [TEST_STEP][PASSED] - click(findTestObject("Regression BackOffice/CLINK - 28718/bttnSave")): Object: 'Object Repository/Regression BackOffice/CLINK - 28718/bttnSave' is clicked on

2019-07-29 12:03:59 - [MESSAGE][PASSED] - Object: 'Object Repository/Regression BackOffice/CLINK - 28718/bttnSave' is clicked on

2019-07-29 12:03:59 - [TEST_STEP][PASSED] - delay(3): Delayed 3 second(s)

2019-07-29 12:04:02 - [MESSAGE][PASSED] - Delayed 3 second(s)

2019-07-29 12:04:02 - [TEST_STEP][PASSED] - switchToDefaultContent(): null

2019-07-29 12:04:02 - [TEST_STEP][PASSED] - switchToFrame(findTestObject("Regression BackOffice/CLNK-23449/FrameMain"), 30): null

2019-07-29 12:04:02 - [TEST_STEP][PASSED] - click(findTestObject("Regression BackOffice/CLINK - 28718/Date Of Birth"), CONTINUE_ON_FAILURE): Object: 'Object Repository/Regression BackOffice/CLINK - 28718/Date Of Birth' is clicked on

2019-07-29 12:04:03 - [MESSAGE][PASSED] - Object: 'Object Repository/Regression BackOffice/CLINK - 28718/Date Of Birth' is clicked on

2019-07-29 12:04:03 - [TEST_STEP][PASSED] - sendKeys(findTestObject("Regression BackOffice/CLINK - 28718/Date Of Birth"), "05/23/1970"): Keys '05/23/1970' sent to object: 'Object Repository/Regression BackOffice/CLINK - 28718/Date Of Birth'

2019-07-29 12:04:03 - [MESSAGE][PASSED] - Keys '05/23/1970' sent to object: 'Object Repository/Regression BackOffice/CLINK - 28718/Date Of Birth'

2019-07-29 12:04:03 - [TEST_STEP][PASSED] - delay(3): Delayed 3 second(s)

2019-07-29 12:04:06 - [MESSAGE][PASSED] - Delayed 3 second(s)

2019-07-29 12:04:06 - [TEST_STEP][PASSED] - waitForElementPresent(findTestObject("Regression BackOffice/CLINK - 28718/u_Continue"), 100): Object 'Object Repository/Regression BackOffice/CLINK - 28718/u_Continue' is present

2019-07-29 12:04:06 - [MESSAGE][PASSED] - Object 'Object Repository/Regression BackOffice/CLINK - 28718/u_Continue' is present

2019-07-29 12:04:06 - [TEST_STEP][PASSED] - click(findTestObject("Regression BackOffice/CLINK - 28718/u_Continue")): Object: 'Object Repository/Regression BackOffice/CLINK - 28718/u_Continue' is clicked on

2019-07-29 12:04:10 - [MESSAGE][PASSED] - Object: 'Object Repository/Regression BackOffice/CLINK - 28718/u_Continue' is clicked on

2019-07-29 12:04:10 - [TEST_STEP][PASSED] - delay(5): Delayed 5 second(s)

2019-07-29 12:04:15 - [MESSAGE][PASSED] - Delayed 5 second(s)

2019-07-29 12:04:15 - [TEST_STEP][PASSED] - waitForPageLoad(50): Wait for page load successfully

2019-07-29 12:04:15 - [MESSAGE][PASSED] - Wait for page load successfully

2019-07-29 12:04:15 - [TEST_STEP][PASSED] - switchToDefaultContent(): null

2019-07-29 12:04:15 - [TEST_STEP][PASSED] - switchToFrame(findTestObject("Regression BackOffice/CLNK-23449/FrameLeft"), 30): null

2019-07-29 12:04:15 - [TEST_STEP][PASSED] - delay(10): Delayed 10 second(s)

2019-07-29 12:04:25 - [MESSAGE][PASSED] - Delayed 10 second(s)

2019-07-29 12:04:25 - [TEST_STEP][PASSED] - waitForElementPresent(findTestObject("Regression BackOffice/CLINK - 28718/Race and Sex/Caregiver HR Details"), 100): Object 'Object Repository/Regression BackOffice/CLINK - 28718/Race and Sex/Caregiver HR Details' is present

2019-07-29 12:04:25 - [MESSAGE][PASSED] - Object 'Object Repository/Regression BackOffice/CLINK - 28718/Race and Sex/Caregiver HR Details' is present

2019-07-29 12:04:25 - [TEST_STEP][PASSED] - click(findTestObject("Regression BackOffice/CLINK - 28718/Race and Sex/Caregiver HR Details")): Object: 'Object Repository/Regression BackOffice/CLINK - 28718/Race and Sex/Caregiver HR Details' is clicked on

2019-07-29 12:04:25 - [MESSAGE][PASSED] - Object: 'Object Repository/Regression BackOffice/CLINK - 28718/Race and Sex/Caregiver HR Details' is clicked on

2019-07-29 12:04:25 - [TEST_STEP][PASSED] - delay(5): Delayed 5 second(s)

2019-07-29 12:04:30 - [MESSAGE][PASSED] - Delayed 5 second(s)

2019-07-29 12:04:30 - [TEST_STEP][PASSED] - acceptAlert(): Alert accepted

2019-07-29 12:04:30 - [MESSAGE][PASSED] - Alert accepted

2019-07-29 12:04:30 - [TEST_STEP][PASSED] - switchToDefaultContent(): null

2019-07-29 12:04:31 - [TEST_STEP][PASSED] - switchToFrame(findTestObject("Regression BackOffice/CLNK-23449/FrameMain"), 30): null

2019-07-29 12:04:31 - [TEST_STEP][PASSED] - delay(2): Delayed 2 second(s)

2019-07-29 12:04:33 - [MESSAGE][PASSED] - Delayed 2 second(s)

2019-07-29 12:04:33 - [TEST_STEP][NOT_RUN] - waitForElementPresent(findTestObject("Regression BackOffice/CLINK - 28718/General Information/First Name Caregiver"), 50): NOT_RUN: waitForElementPresent(findTestObject("Regression BackOffice/CLINK - 28718/General Information/First Name Caregiver"), 50)

2019-07-29 12:04:33 - [MESSAGE][NOT_RUN] - NOT_RUN: waitForElementPresent(findTestObject("Regression BackOffice/CLINK - 28718/General Information/First Name Caregiver"), 50)

2019-07-29 12:04:33 - [TEST_STEP][NOT_RUN] - setText(findTestObject("Regression BackOffice/CLINK - 28718/General Information/First Name Caregiver"), G_CaregiverFirstName): NOT_RUN: setText(findTestObject("Regression BackOffice/CLINK - 28718/General Information/First Name Caregiver"), G_CaregiverFirstName)

2019-07-29 12:04:33 - [MESSAGE][NOT_RUN] - NOT_RUN: setText(findTestObject("Regression BackOffice/CLINK - 28718/General Information/First Name Caregiver"), G_CaregiverFirstName)

2019-07-29 12:04:33 - [TEST_STEP][NOT_RUN] - delay(4): NOT_RUN: delay(4)

2019-07-29 12:04:33 - [MESSAGE][NOT_RUN] - NOT_RUN: delay(4)

2019-07-29 12:04:33 - [TEST_STEP][NOT_RUN] - waitForElementPresent(findTestObject("Regression BackOffice/CLINK - 28718/General Information/Last Name Caregiver"), 50): NOT_RUN: waitForElementPresent(findTestObject("Regression BackOffice/CLINK - 28718/General Information/Last Name Caregiver"), 50)

2019-07-29 12:04:33 - [MESSAGE][NOT_RUN] - NOT_RUN: waitForElementPresent(findTestObject("Regression BackOffice/CLINK - 28718/General Information/Last Name Caregiver"), 50)

2019-07-29 12:04:33 - [TEST_STEP][NOT_RUN] - setText(findTestObject("Regression BackOffice/CLINK - 28718/General Information/Last Name Caregiver"), G_CareGiverLastName): NOT_RUN: setText(findTestObject("Regression BackOffice/CLINK - 28718/General Information/Last Name Caregiver"), G_CareGiverLastName)

2019-07-29 12:04:33 - [MESSAGE][NOT_RUN] - NOT_RUN: setText(findTestObject("Regression BackOffice/CLINK - 28718/General Information/Last Name Caregiver"), G_CareGiverLastName)

2019-07-29 12:04:33 - [TEST_STEP][NOT_RUN] - delay(2): NOT_RUN: delay(2)

2019-07-29 12:04:33 - [MESSAGE][NOT_RUN] - NOT_RUN: delay(2)

2019-07-29 12:04:33 - [TEST_STEP][NOT_RUN] - waitForElementPresent(findTestObject("Regression BackOffice/CLINK - 28718/CaregiverBttnSearch"), 100): NOT_RUN: waitForElementPresent(findTestObject("Regression BackOffice/CLINK - 28718/CaregiverBttnSearch"), 100)

2019-07-29 12:04:33 - [MESSAGE][NOT_RUN] - NOT_RUN: waitForElementPresent(findTestObject("Regression BackOffice/CLINK - 28718/CaregiverBttnSearch"), 100)

2019-07-29 12:04:33 - [TEST_STEP][NOT_RUN] - click(findTestObject("Regression BackOffice/CLINK - 28718/CaregiverBttnSearch")): NOT_RUN: click(findTestObject("Regression BackOffice/CLINK - 28718/CaregiverBttnSearch"))

2019-07-29 12:04:33 - [MESSAGE][NOT_RUN] - NOT_RUN: click(findTestObject("Regression BackOffice/CLINK - 28718/CaregiverBttnSearch"))

2019-07-29 12:04:33 - [TEST_STEP][NOT_RUN] - delay(5): NOT_RUN: delay(5)

2019-07-29 12:04:33 - [MESSAGE][NOT_RUN] - NOT_RUN: delay(5)

2019-07-29 12:04:33 - [TEST_STEP][NOT_RUN] - waitForElementPresent(findTestObject("Regression BackOffice/CLINK - 28718/CaregiverLink"), 100): NOT_RUN: waitForElementPresent(findTestObject("Regression BackOffice/CLINK - 28718/CaregiverLink"), 100)

2019-07-29 12:04:33 - [MESSAGE][NOT_RUN] - NOT_RUN: waitForElementPresent(findTestObject("Regression BackOffice/CLINK - 28718/CaregiverLink"), 100)

2019-07-29 12:04:33 - [TEST_STEP][NOT_RUN] - click(findTestObject("Regression BackOffice/CLINK - 28718/CaregiverLink")): NOT_RUN: click(findTestObject("Regression BackOffice/CLINK - 28718/CaregiverLink"))

2019-07-29 12:04:33 - [MESSAGE][NOT_RUN] - NOT_RUN: click(findTestObject("Regression BackOffice/CLINK - 28718/CaregiverLink"))

2019-07-29 12:04:33 - [TEST_STEP][NOT_RUN] - delay(5): NOT_RUN: delay(5)

2019-07-29 12:04:33 - [MESSAGE][NOT_RUN] - NOT_RUN: delay(5)

2019-07-29 12:04:33 - [TEST_STEP][PASSED] - scrollToElement(findTestObject("Regression BackOffice/CLINK - 28718/Race and Sex/ChkSameAddress"), 100): Scroll to object 'Object Repository/Regression BackOffice/CLINK - 28718/Race and Sex/ChkSameAddress' successfully

2019-07-29 12:04:33 - [MESSAGE][PASSED] - Scroll to object 'Object Repository/Regression BackOffice/CLINK - 28718/Race and Sex/ChkSameAddress' successfully

2019-07-29 12:04:33 - [TEST_STEP][PASSED] - click(findTestObject("Regression BackOffice/CLINK - 28718/Race and Sex/ChkSameAddress")): Object: 'Object Repository/Regression BackOffice/CLINK - 28718/Race and Sex/ChkSameAddress' is clicked on

2019-07-29 12:04:34 - [MESSAGE][PASSED] - Object: 'Object Repository/Regression BackOffice/CLINK - 28718/Race and Sex/ChkSameAddress' is clicked on

2019-07-29 12:04:34 - [TEST_STEP][PASSED] - delay(5): Delayed 5 second(s)

2019-07-29 12:04:39 - [MESSAGE][PASSED] - Delayed 5 second(s)

2019-07-29 12:04:39 - [TEST_STEP][PASSED] - click(findTestObject("Regression BackOffice/CLINK - 28718/Race and Sex/RaceType"), CONTINUE_ON_FAILURE): Object: 'Object Repository/Regression BackOffice/CLINK - 28718/Race and Sex/RaceType' is clicked on

2019-07-29 12:04:39 - [MESSAGE][PASSED] - Object: 'Object Repository/Regression BackOffice/CLINK - 28718/Race and Sex/RaceType' is clicked on

2019-07-29 12:04:39 - [TEST_STEP][PASSED] - sendKeys(findTestObject("Regression BackOffice/CLINK - 28718/Race and Sex/RaceType"), Keys.chord(ARROW_UP, ARROW_UP, ENTER)): Keys 'UP + UP + ENTER + ' sent to object: 'Object Repository/Regression BackOffice/CLINK - 28718/Race and Sex/RaceType'

2019-07-29 12:04:39 - [MESSAGE][PASSED] - Keys 'UP + UP + ENTER + ' sent to object: 'Object Repository/Regression BackOffice/CLINK - 28718/Race and Sex/RaceType'

2019-07-29 12:04:39 - [TEST_STEP][PASSED] - delay(3): Delayed 3 second(s)

2019-07-29 12:04:42 - [MESSAGE][PASSED] - Delayed 3 second(s)

2019-07-29 12:04:42 - [TEST_STEP][PASSED] - waitForElementPresent(findTestObject("Regression BackOffice/CLINK - 28718/Race and Sex/SexType"), 50): Object 'Object Repository/Regression BackOffice/CLINK - 28718/Race and Sex/SexType' is present

2019-07-29 12:04:42 - [MESSAGE][PASSED] - Object 'Object Repository/Regression BackOffice/CLINK - 28718/Race and Sex/SexType' is present

2019-07-29 12:04:42 - [TEST_STEP][PASSED] - click(findTestObject("Regression BackOffice/CLINK - 28718/Race and Sex/SexType"), CONTINUE_ON_FAILURE): Object: 'Object Repository/Regression BackOffice/CLINK - 28718/Race and Sex/SexType' is clicked on

2019-07-29 12:04:42 - [MESSAGE][PASSED] - Object: 'Object Repository/Regression BackOffice/CLINK - 28718/Race and Sex/SexType' is clicked on

2019-07-29 12:04:42 - [TEST_STEP][PASSED] - delay(3): Delayed 3 second(s)

2019-07-29 12:04:45 - [MESSAGE][PASSED] - Delayed 3 second(s)

2019-07-29 12:04:45 - [TEST_STEP][PASSED] - click(findTestObject("Regression BackOffice/CLINK - 28718/Race and Sex/Date Of Hire"), CONTINUE_ON_FAILURE): Object: 'Object Repository/Regression BackOffice/CLINK - 28718/Race and Sex/Date Of Hire' is clicked on

2019-07-29 12:04:45 - [MESSAGE][PASSED] - Object: 'Object Repository/Regression BackOffice/CLINK - 28718/Race and Sex/Date Of Hire' is clicked on

2019-07-29 12:04:45 - [TEST_STEP][PASSED] - sendKeys(findTestObject("Regression BackOffice/CLINK - 28718/Race and Sex/Date Of Hire"), "04/24/2019"): Keys '04/24/2019' sent to object: 'Object Repository/Regression BackOffice/CLINK - 28718/Race and Sex/Date Of Hire'

2019-07-29 12:04:45 - [MESSAGE][PASSED] - Keys '04/24/2019' sent to object: 'Object Repository/Regression BackOffice/CLINK - 28718/Race and Sex/Date Of Hire'

2019-07-29 12:04:45 - [TEST_STEP][PASSED] - delay(3): Delayed 3 second(s)

2019-07-29 12:04:48 - [MESSAGE][PASSED] - Delayed 3 second(s)

2019-07-29 12:04:48 - [TEST_STEP][PASSED] - switchToDefaultContent(): null

2019-07-29 12:04:48 - [TEST_STEP][PASSED] - switchToFrame(findTestObject("Regression BackOffice/CLINK - 28718/BannerFrame"), 50): null

2019-07-29 12:04:48 - [TEST_STEP][PASSED] - waitForElementPresent(findTestObject("Regression BackOffice/CLINK - 28718/bttnSaveII"), 50): Object 'Object Repository/Regression BackOffice/CLINK - 28718/bttnSaveII' is present

2019-07-29 12:04:49 - [MESSAGE][PASSED] - Object 'Object Repository/Regression BackOffice/CLINK - 28718/bttnSaveII' is present

2019-07-29 12:04:49 - [TEST_STEP][PASSED] - click(findTestObject("Regression BackOffice/CLINK - 28718/bttnSaveII")): Object: 'Object Repository/Regression BackOffice/CLINK - 28718/bttnSaveII' is clicked on

2019-07-29 12:04:52 - [MESSAGE][PASSED] - Object: 'Object Repository/Regression BackOffice/CLINK - 28718/bttnSaveII' is clicked on

2019-07-29 12:04:52 - [TEST_STEP][PASSED] - delay(3): Delayed 3 second(s)

2019-07-29 12:04:55 - [MESSAGE][PASSED] - Delayed 3 second(s)

2019-07-29 12:04:55 - [TEST_STEP][PASSED] - switchToDefaultContent(): null

2019-07-29 12:04:55 - [TEST_STEP][PASSED] - switchToFrame(findTestObject("Regression BackOffice/CLNK-23449/FrameLeft"), 30): null

2019-07-29 12:04:55 - [TEST_STEP][PASSED] - waitForElementPresent(findTestObject("Regression BackOffice/CLINK - 28718/Locations/Caregiver Locations"), 100): Object 'Object Repository/Regression BackOffice/CLINK - 28718/Locations/Caregiver Locations' is present

2019-07-29 12:04:55 - [MESSAGE][PASSED] - Object 'Object Repository/Regression BackOffice/CLINK - 28718/Locations/Caregiver Locations' is present

2019-07-29 12:04:55 - [TEST_STEP][PASSED] - click(findTestObject("Regression BackOffice/CLINK - 28718/Locations/Caregiver Locations")): Object: 'Object Repository/Regression BackOffice/CLINK - 28718/Locations/Caregiver Locations' is clicked on

2019-07-29 12:04:56 - [MESSAGE][PASSED] - Object: 'Object Repository/Regression BackOffice/CLINK - 28718/Locations/Caregiver Locations' is clicked on

2019-07-29 12:04:56 - [TEST_STEP][PASSED] - delay(2): Delayed 2 second(s)

2019-07-29 12:04:58 - [MESSAGE][PASSED] - Delayed 2 second(s)

2019-07-29 12:04:58 - [TEST_STEP][PASSED] - switchToDefaultContent(): null

2019-07-29 12:04:58 - [TEST_STEP][PASSED] - switchToFrame(findTestObject("Regression BackOffice/CLNK-23449/FrameMain"), 30): null

2019-07-29 12:04:58 - [TEST_STEP][PASSED] - delay(5): Delayed 5 second(s)

2019-07-29 12:05:03 - [MESSAGE][PASSED] - Delayed 5 second(s)

2019-07-29 12:05:03 - [TEST_STEP][PASSED] - waitForElementPresent(findTestObject("Regression BackOffice/CLINK - 28718/Locations/Add New Caregiver Location"), 100): Object 'Object Repository/Regression BackOffice/CLINK - 28718/Locations/Add New Caregiver Location' is present

2019-07-29 12:05:03 - [MESSAGE][PASSED] - Object 'Object Repository/Regression BackOffice/CLINK - 28718/Locations/Add New Caregiver Location' is present

2019-07-29 12:05:03 - [TEST_STEP][PASSED] - click(findTestObject("Regression BackOffice/CLINK - 28718/Locations/Add New Caregiver Location")): Object: 'Object Repository/Regression BackOffice/CLINK - 28718/Locations/Add New Caregiver Location' is clicked on

2019-07-29 12:05:03 - [MESSAGE][PASSED] - Object: 'Object Repository/Regression BackOffice/CLINK - 28718/Locations/Add New Caregiver Location' is clicked on

2019-07-29 12:05:03 - [TEST_STEP][PASSED] - delay(5): Delayed 5 second(s)

2019-07-29 12:05:08 - [MESSAGE][PASSED] - Delayed 5 second(s)

2019-07-29 12:05:08 - [TEST_STEP][PASSED] - waitForElementPresent(findTestObject("Regression BackOffice/CLINK - 28718/Locations/ZoneNameType"), 100): Object 'Object Repository/Regression BackOffice/CLINK - 28718/Locations/ZoneNameType' is present

2019-07-29 12:05:08 - [MESSAGE][PASSED] - Object 'Object Repository/Regression BackOffice/CLINK - 28718/Locations/ZoneNameType' is present

2019-07-29 12:05:08 - [TEST_STEP][PASSED] - click(findTestObject("Regression BackOffice/CLINK - 28718/Locations/ZoneNameType")): Object: 'Object Repository/Regression BackOffice/CLINK - 28718/Locations/ZoneNameType' is clicked on

2019-07-29 12:05:08 - [MESSAGE][PASSED] - Object: 'Object Repository/Regression BackOffice/CLINK - 28718/Locations/ZoneNameType' is clicked on

2019-07-29 12:05:08 - [TEST_STEP][PASSED] - delay(3): Delayed 3 second(s)

2019-07-29 12:05:11 - [MESSAGE][PASSED] - Delayed 3 second(s)

2019-07-29 12:05:11 - [TEST_STEP][PASSED] - sendKeys(findTestObject("Regression BackOffice/CLINK - 28718/Locations/ZoneNameType"), Keys.chord(ARROW_DOWN, ENTER)): Keys 'DOWN + ENTER + ' sent to object: 'Object Repository/Regression BackOffice/CLINK - 28718/Locations/ZoneNameType'

2019-07-29 12:05:12 - [MESSAGE][PASSED] - Keys 'DOWN + ENTER + ' sent to object: 'Object Repository/Regression BackOffice/CLINK - 28718/Locations/ZoneNameType'

2019-07-29 12:05:12 - [TEST_STEP][PASSED] - delay(5): Delayed 5 second(s)

2019-07-29 12:05:17 - [MESSAGE][PASSED] - Delayed 5 second(s)

2019-07-29 12:05:17 - [TEST_STEP][PASSED] - waitForElementPresent(findTestObject("Regression BackOffice/CLINK - 28718/Locations/Hawaii Facility"), 100): Object 'Object Repository/Regression BackOffice/CLINK - 28718/Locations/Hawaii Facility' is present

2019-07-29 12:05:17 - [MESSAGE][PASSED] - Object 'Object Repository/Regression BackOffice/CLINK - 28718/Locations/Hawaii Facility' is present

2019-07-29 12:05:17 - [TEST_STEP][PASSED] - click(findTestObject("Regression BackOffice/CLINK - 28718/Locations/Hawaii Facility")): Object: 'Object Repository/Regression BackOffice/CLINK - 28718/Locations/Hawaii Facility' is clicked on

2019-07-29 12:05:17 - [MESSAGE][PASSED] - Object: 'Object Repository/Regression BackOffice/CLINK - 28718/Locations/Hawaii Facility' is clicked on

2019-07-29 12:05:17 - [TEST_STEP][PASSED] - delay(5): Delayed 5 second(s)

2019-07-29 12:05:22 - [MESSAGE][PASSED] - Delayed 5 second(s)

2019-07-29 12:05:22 - [TEST_STEP][PASSED] - waitForElementPresent(findTestObject("Regression BackOffice/CLINK - 28718/Locations/a_Add To List"), 100): Object 'Object Repository/Regression BackOffice/CLINK - 28718/Locations/a_Add To List' is present

2019-07-29 12:05:22 - [MESSAGE][PASSED] - Object 'Object Repository/Regression BackOffice/CLINK - 28718/Locations/a_Add To List' is present

2019-07-29 12:05:22 - [TEST_STEP][PASSED] - click(findTestObject("Regression BackOffice/CLINK - 28718/Locations/a_Add To List")): Object: 'Object Repository/Regression BackOffice/CLINK - 28718/Locations/a_Add To List' is clicked on

2019-07-29 12:05:22 - [MESSAGE][PASSED] - Object: 'Object Repository/Regression BackOffice/CLINK - 28718/Locations/a_Add To List' is clicked on

2019-07-29 12:05:22 - [TEST_STEP][PASSED] - delay(5): Delayed 5 second(s)

2019-07-29 12:05:27 - [MESSAGE][PASSED] - Delayed 5 second(s)

2019-07-29 12:05:27 - [TEST_STEP][PASSED] - switchToDefaultContent(): null

2019-07-29 12:05:27 - [TEST_STEP][PASSED] - switchToFrame(findTestObject("Regression BackOffice/CLINK - 28718/BannerFrame"), 50): null

2019-07-29 12:05:27 - [TEST_STEP][PASSED] - waitForElementPresent(findTestObject("Regression BackOffice/CLINK - 28718/Locations/_bttnSaveLocations"), 50): Object 'Object Repository/Regression BackOffice/CLINK - 28718/Locations/_bttnSaveLocations' is present

2019-07-29 12:05:27 - [MESSAGE][PASSED] - Object 'Object Repository/Regression BackOffice/CLINK - 28718/Locations/_bttnSaveLocations' is present

2019-07-29 12:05:27 - [TEST_STEP][PASSED] - click(findTestObject("Regression BackOffice/CLINK - 28718/Locations/_bttnSaveLocations")): Object: 'Object Repository/Regression BackOffice/CLINK - 28718/Locations/_bttnSaveLocations' is clicked on

2019-07-29 12:05:30 - [MESSAGE][PASSED] - Object: 'Object Repository/Regression BackOffice/CLINK - 28718/Locations/_bttnSaveLocations' is clicked on

2019-07-29 12:05:30 - [TEST_STEP][PASSED] - delay(3): Delayed 3 second(s)

2019-07-29 12:05:33 - [MESSAGE][PASSED] - Delayed 3 second(s)

2019-07-29 12:05:33 - [TEST_STEP][PASSED] - switchToDefaultContent(): null

2019-07-29 12:05:33 - [TEST_STEP][PASSED] - switchToFrame(findTestObject("Regression BackOffice/CLNK-23449/FrameLeft"), 30): null

2019-07-29 12:05:33 - [TEST_STEP][PASSED] - waitForElementPresent(findTestObject("Regression BackOffice/CLINK - 28718/License/Caregiver Attributes"), 100): Object 'Object Repository/Regression BackOffice/CLINK - 28718/License/Caregiver Attributes' is present

2019-07-29 12:05:33 - [MESSAGE][PASSED] - Object 'Object Repository/Regression BackOffice/CLINK - 28718/License/Caregiver Attributes' is present

2019-07-29 12:05:33 - [TEST_STEP][PASSED] - click(findTestObject("Regression BackOffice/CLINK - 28718/License/Caregiver Attributes")): Object: 'Object Repository/Regression BackOffice/CLINK - 28718/License/Caregiver Attributes' is clicked on

2019-07-29 12:05:34 - [MESSAGE][PASSED] - Object: 'Object Repository/Regression BackOffice/CLINK - 28718/License/Caregiver Attributes' is clicked on

2019-07-29 12:05:34 - [TEST_STEP][PASSED] - delay(2): Delayed 2 second(s)

2019-07-29 12:05:36 - [MESSAGE][PASSED] - Delayed 2 second(s)

2019-07-29 12:05:36 - [TEST_STEP][PASSED] - switchToDefaultContent(): null

2019-07-29 12:05:36 - [TEST_STEP][PASSED] - switchToFrame(findTestObject("Regression BackOffice/CLNK-23449/FrameMain"), 30): null

2019-07-29 12:05:36 - [TEST_STEP][PASSED] - delay(5): Delayed 5 second(s)

2019-07-29 12:05:41 - [MESSAGE][PASSED] - Delayed 5 second(s)

2019-07-29 12:05:41 - [TEST_STEP][PASSED] - waitForElementPresent(findTestObject("Regression BackOffice/CLINK - 28718/License/EditAttrbiute"), 100): Object 'Object Repository/Regression BackOffice/CLINK - 28718/License/EditAttrbiute' is present

2019-07-29 12:05:41 - [MESSAGE][PASSED] - Object 'Object Repository/Regression BackOffice/CLINK - 28718/License/EditAttrbiute' is present

2019-07-29 12:05:41 - [TEST_STEP][PASSED] - click(findTestObject("Regression BackOffice/CLINK - 28718/License/EditAttrbiute")): Object: 'Object Repository/Regression BackOffice/CLINK - 28718/License/EditAttrbiute' is clicked on

2019-07-29 12:05:42 - [MESSAGE][PASSED] - Object: 'Object Repository/Regression BackOffice/CLINK - 28718/License/EditAttrbiute' is clicked on

2019-07-29 12:05:42 - [TEST_STEP][PASSED] - delay(5): Delayed 5 second(s)

2019-07-29 12:05:47 - [MESSAGE][PASSED] - Delayed 5 second(s)

2019-07-29 12:05:47 - [TEST_STEP][PASSED] - click(findTestObject("Regression BackOffice/CLINK - 28718/License/LicenseNro"), CONTINUE_ON_FAILURE): Object: 'Object Repository/Regression BackOffice/CLINK - 28718/License/LicenseNro' is clicked on

2019-07-29 12:05:47 - [MESSAGE][PASSED] - Object: 'Object Repository/Regression BackOffice/CLINK - 28718/License/LicenseNro' is clicked on

2019-07-29 12:05:47 - [TEST_STEP][PASSED] - sendKeys(findTestObject("Regression BackOffice/CLINK - 28718/License/LicenseNro"), "12"): Keys '12' sent to object: 'Object Repository/Regression BackOffice/CLINK - 28718/License/LicenseNro'

2019-07-29 12:05:47 - [MESSAGE][PASSED] - Keys '12' sent to object: 'Object Repository/Regression BackOffice/CLINK - 28718/License/LicenseNro'

2019-07-29 12:05:47 - [TEST_STEP][PASSED] - delay(3): Delayed 3 second(s)

2019-07-29 12:05:50 - [MESSAGE][PASSED] - Delayed 3 second(s)

2019-07-29 12:05:50 - [TEST_STEP][PASSED] - click(findTestObject("Regression BackOffice/CLINK - 28718/License/License Expiration Date")): Object: 'Object Repository/Regression BackOffice/CLINK - 28718/License/License Expiration Date' is clicked on

2019-07-29 12:05:50 - [MESSAGE][PASSED] - Object: 'Object Repository/Regression BackOffice/CLINK - 28718/License/License Expiration Date' is clicked on

2019-07-29 12:05:50 - [TEST_STEP][PASSED] - sendKeys(findTestObject("Regression BackOffice/CLINK - 28718/License/License Expiration Date"), getDate.DateUtilities.getDateMonthDayYearNumberwithSlash()): Keys '07/29/2019' sent to object: 'Object Repository/Regression BackOffice/CLINK - 28718/License/License Expiration Date'

2019-07-29 12:05:50 - [MESSAGE][PASSED] - getDate.DateUtilities.getDateMonthDayYearNumberwithSlash is PASSED

2019-07-29 12:05:50 - [MESSAGE][PASSED] - Keys '07/29/2019' sent to object: 'Object Repository/Regression BackOffice/CLINK - 28718/License/License Expiration Date'

2019-07-29 12:05:50 - [TEST_STEP][PASSED] - delay(3): Delayed 3 second(s)

2019-07-29 12:05:53 - [MESSAGE][PASSED] - Delayed 3 second(s)

2019-07-29 12:05:53 - [TEST_STEP][PASSED] - click(findTestObject("Regression BackOffice/CLINK - 28718/License/License Renewal Date")): Object: 'Object Repository/Regression BackOffice/CLINK - 28718/License/License Renewal Date' is clicked on

2019-07-29 12:05:53 - [MESSAGE][PASSED] - Object: 'Object Repository/Regression BackOffice/CLINK - 28718/License/License Renewal Date' is clicked on

2019-07-29 12:05:53 - [TEST_STEP][PASSED] - sendKeys(findTestObject("Regression BackOffice/CLINK - 28718/License/License Renewal Date"), getDate.DateUtilities.getDateMonthDayYearNumberwithSlash()): Keys '07/29/2019' sent to object: 'Object Repository/Regression BackOffice/CLINK - 28718/License/License Renewal Date'

2019-07-29 12:05:53 - [MESSAGE][PASSED] - getDate.DateUtilities.getDateMonthDayYearNumberwithSlash is PASSED

2019-07-29 12:05:53 - [MESSAGE][PASSED] - Keys '07/29/2019' sent to object: 'Object Repository/Regression BackOffice/CLINK - 28718/License/License Renewal Date'

2019-07-29 12:05:53 - [TEST_STEP][PASSED] - delay(3): Delayed 3 second(s)

2019-07-29 12:05:56 - [MESSAGE][PASSED] - Delayed 3 second(s)

2019-07-29 12:05:56 - [TEST_STEP][PASSED] - waitForElementPresent(findTestObject("Regression BackOffice/CLINK - 28718/License/input_State Issued _txtStateIssued"), 50): Object 'Object Repository/Regression BackOffice/CLINK - 28718/License/input_State Issued _txtStateIssued' is present

2019-07-29 12:05:56 - [MESSAGE][PASSED] - Object 'Object Repository/Regression BackOffice/CLINK - 28718/License/input_State Issued _txtStateIssued' is present

2019-07-29 12:05:56 - [TEST_STEP][PASSED] - click(findTestObject("Regression BackOffice/CLINK - 28718/License/input_State Issued _txtStateIssued"), CONTINUE_ON_FAILURE): Object: 'Object Repository/Regression BackOffice/CLINK - 28718/License/input_State Issued _txtStateIssued' is clicked on

2019-07-29 12:05:56 - [MESSAGE][PASSED] - Object: 'Object Repository/Regression BackOffice/CLINK - 28718/License/input_State Issued _txtStateIssued' is clicked on

2019-07-29 12:05:56 - [TEST_STEP][PASSED] - delay(2): Delayed 2 second(s)

2019-07-29 12:05:58 - [MESSAGE][PASSED] - Delayed 2 second(s)

2019-07-29 12:05:58 - [TEST_STEP][PASSED] - sendKeys(findTestObject("Regression BackOffice/CLINK - 28718/License/input_State Issued _txtStateIssued"), "AC"): Keys 'AC' sent to object: 'Object Repository/Regression BackOffice/CLINK - 28718/License/input_State Issued _txtStateIssued'

2019-07-29 12:05:58 - [MESSAGE][PASSED] - Keys 'AC' sent to object: 'Object Repository/Regression BackOffice/CLINK - 28718/License/input_State Issued _txtStateIssued'

2019-07-29 12:05:58 - [TEST_STEP][PASSED] - delay(3): Delayed 3 second(s)

2019-07-29 12:06:01 - [MESSAGE][PASSED] - Delayed 3 second(s)

2019-07-29 12:06:01 - [TEST_STEP][PASSED] - click(findTestObject("Regression BackOffice/CLINK - 28718/License/License Checked"), CONTINUE_ON_FAILURE): Object: 'Object Repository/Regression BackOffice/CLINK - 28718/License/License Checked' is clicked on

2019-07-29 12:06:02 - [MESSAGE][PASSED] - Object: 'Object Repository/Regression BackOffice/CLINK - 28718/License/License Checked' is clicked on

2019-07-29 12:06:02 - [TEST_STEP][PASSED] - delay(2): Delayed 2 second(s)

2019-07-29 12:06:04 - [MESSAGE][PASSED] - Delayed 2 second(s)

2019-07-29 12:06:04 - [TEST_STEP][PASSED] - sendKeys(findTestObject("Regression BackOffice/CLINK - 28718/License/License Checked"), "Isaac"): Keys 'Isaac' sent to object: 'Object Repository/Regression BackOffice/CLINK - 28718/License/License Checked'

2019-07-29 12:06:04 - [MESSAGE][PASSED] - Keys 'Isaac' sent to object: 'Object Repository/Regression BackOffice/CLINK - 28718/License/License Checked'

2019-07-29 12:06:04 - [TEST_STEP][PASSED] - delay(3): Delayed 3 second(s)

2019-07-29 12:06:07 - [MESSAGE][PASSED] - Delayed 3 second(s)

2019-07-29 12:06:07 - [TEST_STEP][PASSED] - click(findTestObject("Regression BackOffice/CLINK - 28718/License/License Checked Date")): Object: 'Object Repository/Regression BackOffice/CLINK - 28718/License/License Checked Date' is clicked on

2019-07-29 12:06:07 - [MESSAGE][PASSED] - Object: 'Object Repository/Regression BackOffice/CLINK - 28718/License/License Checked Date' is clicked on

2019-07-29 12:06:07 - [TEST_STEP][PASSED] - sendKeys(findTestObject("Regression BackOffice/CLINK - 28718/License/License Checked Date"), getDate.DateUtilities.getDateMonthDayYearNumberwithSlash()): Keys '07/29/2019' sent to object: 'Object Repository/Regression BackOffice/CLINK - 28718/License/License Checked Date'

2019-07-29 12:06:07 - [MESSAGE][PASSED] - getDate.DateUtilities.getDateMonthDayYearNumberwithSlash is PASSED

2019-07-29 12:06:07 - [MESSAGE][PASSED] - Keys '07/29/2019' sent to object: 'Object Repository/Regression BackOffice/CLINK - 28718/License/License Checked Date'

2019-07-29 12:06:07 - [TEST_STEP][PASSED] - delay(3): Delayed 3 second(s)

2019-07-29 12:06:10 - [MESSAGE][PASSED] - Delayed 3 second(s)

2019-07-29 12:06:10 - [TEST_STEP][PASSED] - waitForElementPresent(findTestObject("Regression BackOffice/CLINK - 28718/License/Add To List License"), 100): Object 'Object Repository/Regression BackOffice/CLINK - 28718/License/Add To List License' is present

2019-07-29 12:06:10 - [MESSAGE][PASSED] - Object 'Object Repository/Regression BackOffice/CLINK - 28718/License/Add To List License' is present

2019-07-29 12:06:10 - [TEST_STEP][PASSED] - click(findTestObject("Regression BackOffice/CLINK - 28718/License/Add To List License")): Object: 'Object Repository/Regression BackOffice/CLINK - 28718/License/Add To List License' is clicked on

2019-07-29 12:06:10 - [MESSAGE][PASSED] - Object: 'Object Repository/Regression BackOffice/CLINK - 28718/License/Add To List License' is clicked on

2019-07-29 12:06:10 - [TEST_STEP][PASSED] - delay(5): Delayed 5 second(s)

2019-07-29 12:06:15 - [MESSAGE][PASSED] - Delayed 5 second(s)

2019-07-29 12:06:15 - [TEST_STEP][PASSED] - switchToDefaultContent(): null

2019-07-29 12:06:15 - [TEST_STEP][PASSED] - switchToFrame(findTestObject("Regression BackOffice/CLINK - 28718/BannerFrame"), 50): null

2019-07-29 12:06:15 - [TEST_STEP][PASSED] - waitForElementPresent(findTestObject("Regression BackOffice/CLINK - 28718/License/_btnSaveLicense"), 50): Object 'Object Repository/Regression BackOffice/CLINK - 28718/License/_btnSaveLicense' is present

2019-07-29 12:06:15 - [MESSAGE][PASSED] - Object 'Object Repository/Regression BackOffice/CLINK - 28718/License/_btnSaveLicense' is present

2019-07-29 12:06:15 - [TEST_STEP][PASSED] - click(findTestObject("Regression BackOffice/CLINK - 28718/License/_btnSaveLicense")): Object: 'Object Repository/Regression BackOffice/CLINK - 28718/License/_btnSaveLicense' is clicked on

2019-07-29 12:06:19 - [MESSAGE][PASSED] - Object: 'Object Repository/Regression BackOffice/CLINK - 28718/License/_btnSaveLicense' is clicked on

2019-07-29 12:06:19 - [TEST_STEP][PASSED] - delay(3): Delayed 3 second(s)

2019-07-29 12:06:22 - [MESSAGE][PASSED] - Delayed 3 second(s)

2019-07-29 12:06:22 - [TEST_STEP][PASSED] - switchToDefaultContent(): null

2019-07-29 12:06:22 - [TEST_STEP][PASSED] - switchToFrame(findTestObject("Regression BackOffice/CLNK-23449/FrameLeft"), 30): null

2019-07-29 12:06:22 - [TEST_STEP][PASSED] - waitForElementPresent(findTestObject("Regression BackOffice/CLINK - 28718/Active/Caregiver Demographics"), 100): Object 'Object Repository/Regression BackOffice/CLINK - 28718/Active/Caregiver Demographics' is present

2019-07-29 12:06:22 - [MESSAGE][PASSED] - Object 'Object Repository/Regression BackOffice/CLINK - 28718/Active/Caregiver Demographics' is present

2019-07-29 12:06:22 - [TEST_STEP][PASSED] - click(findTestObject("Regression BackOffice/CLINK - 28718/Active/Caregiver Demographics")): Object: 'Object Repository/Regression BackOffice/CLINK - 28718/Active/Caregiver Demographics' is clicked on

2019-07-29 12:06:23 - [MESSAGE][PASSED] - Object: 'Object Repository/Regression BackOffice/CLINK - 28718/Active/Caregiver Demographics' is clicked on

2019-07-29 12:06:23 - [TEST_STEP][PASSED] - delay(2): Delayed 2 second(s)

2019-07-29 12:06:25 - [MESSAGE][PASSED] - Delayed 2 second(s)

2019-07-29 12:06:25 - [TEST_STEP][PASSED] - switchToDefaultContent(): null

2019-07-29 12:06:26 - [TEST_STEP][PASSED] - switchToFrame(findTestObject("Regression BackOffice/CLNK-23449/FrameMain"), 30): null

2019-07-29 12:06:26 - [TEST_STEP][PASSED] - delay(5): Delayed 5 second(s)

2019-07-29 12:06:31 - [MESSAGE][PASSED] - Delayed 5 second(s)

2019-07-29 12:06:31 - [TEST_STEP][PASSED] - waitForElementPresent(findTestObject("Regression BackOffice/CLINK - 28718/Active/Status"), 100): Object 'Object Repository/Regression BackOffice/CLINK - 28718/Active/Status' is present

2019-07-29 12:06:31 - [MESSAGE][PASSED] - Object 'Object Repository/Regression BackOffice/CLINK - 28718/Active/Status' is present

2019-07-29 12:06:31 - [TEST_STEP][PASSED] - click(findTestObject("Regression BackOffice/CLINK - 28718/Active/Status")): Object: 'Object Repository/Regression BackOffice/CLINK - 28718/Active/Status' is clicked on

2019-07-29 12:06:31 - [MESSAGE][PASSED] - Object: 'Object Repository/Regression BackOffice/CLINK - 28718/Active/Status' is clicked on

2019-07-29 12:06:31 - [TEST_STEP][PASSED] - sendKeys(findTestObject("Regression BackOffice/CLINK - 28718/Active/Status"), Keys.chord(ARROW_DOWN, ARROW_DOWN, ENTER)): Keys 'DOWN + DOWN + ENTER + ' sent to object: 'Object Repository/Regression BackOffice/CLINK - 28718/Active/Status'

2019-07-29 12:06:31 - [MESSAGE][PASSED] - Keys 'DOWN + DOWN + ENTER + ' sent to object: 'Object Repository/Regression BackOffice/CLINK - 28718/Active/Status'

2019-07-29 12:06:31 - [TEST_STEP][PASSED] - delay(5): Delayed 5 second(s)

2019-07-29 12:06:36 - [MESSAGE][PASSED] - Delayed 5 second(s)

2019-07-29 12:06:36 - [TEST_STEP][PASSED] - click(findTestObject("Regression BackOffice/CLINK - 28718/Active/Effective DateStatus")): Object: 'Object Repository/Regression BackOffice/CLINK - 28718/Active/Effective DateStatus' is clicked on

2019-07-29 12:06:36 - [MESSAGE][PASSED] - Object: 'Object Repository/Regression BackOffice/CLINK - 28718/Active/Effective DateStatus' is clicked on

2019-07-29 12:06:36 - [TEST_STEP][PASSED] - sendKeys(findTestObject("Regression BackOffice/CLINK - 28718/Active/Effective DateStatus"), getDate.DateUtilities.getDateMonthDayYearNumberwithSlash()): Keys '07/29/2019' sent to object: 'Object Repository/Regression BackOffice/CLINK - 28718/Active/Effective DateStatus'

2019-07-29 12:06:36 - [MESSAGE][PASSED] - getDate.DateUtilities.getDateMonthDayYearNumberwithSlash is PASSED

2019-07-29 12:06:36 - [MESSAGE][PASSED] - Keys '07/29/2019' sent to object: 'Object Repository/Regression BackOffice/CLINK - 28718/Active/Effective DateStatus'

2019-07-29 12:06:36 - [TEST_STEP][PASSED] - delay(3): Delayed 3 second(s)

2019-07-29 12:06:39 - [MESSAGE][PASSED] - Delayed 3 second(s)

2019-07-29 12:06:39 - [TEST_STEP][NOT_RUN] - waitForElementPresent(findTestObject("Regression BackOffice/CLINK - 28718/Active/ReasonCode"), 100): NOT_RUN: waitForElementPresent(findTestObject("Regression BackOffice/CLINK - 28718/Active/ReasonCode"), 100)

2019-07-29 12:06:39 - [MESSAGE][NOT_RUN] - NOT_RUN: waitForElementPresent(findTestObject("Regression BackOffice/CLINK - 28718/Active/ReasonCode"), 100)

2019-07-29 12:06:39 - [TEST_STEP][NOT_RUN] - click(findTestObject("Regression BackOffice/CLINK - 28718/Active/ReasonCode")): NOT_RUN: click(findTestObject("Regression BackOffice/CLINK - 28718/Active/ReasonCode"))

2019-07-29 12:06:39 - [MESSAGE][NOT_RUN] - NOT_RUN: click(findTestObject("Regression BackOffice/CLINK - 28718/Active/ReasonCode"))

2019-07-29 12:06:39 - [TEST_STEP][NOT_RUN] - sendKeys(findTestObject("Regression BackOffice/CLINK - 28718/Active/ReasonCode"), Keys.chord(ARROW_DOWN, ENTER)): NOT_RUN: sendKeys(findTestObject("Regression BackOffice/CLINK - 28718/Active/ReasonCode"), Keys.chord(ARROW_DOWN, ENTER))

2019-07-29 12:06:39 - [MESSAGE][NOT_RUN] - NOT_RUN: sendKeys(findTestObject("Regression BackOffice/CLINK - 28718/Active/ReasonCode"), Keys.chord(ARROW_DOWN, ENTER))

2019-07-29 12:06:39 - [TEST_STEP][NOT_RUN] - delay(5): NOT_RUN: delay(5)

2019-07-29 12:06:39 - [MESSAGE][NOT_RUN] - NOT_RUN: delay(5)

2019-07-29 12:06:39 - [TEST_STEP][PASSED] - click(findTestObject("Regression BackOffice/CLINK - 28718/Active/Comments")): Object: 'Object Repository/Regression BackOffice/CLINK - 28718/Active/Comments' is clicked on

2019-07-29 12:06:39 - [MESSAGE][PASSED] - Object: 'Object Repository/Regression BackOffice/CLINK - 28718/Active/Comments' is clicked on

2019-07-29 12:06:39 - [TEST_STEP][PASSED] - sendKeys(findTestObject("Regression BackOffice/CLINK - 28718/Active/Comments"), "Isaac"): Keys 'Isaac' sent to object: 'Object Repository/Regression BackOffice/CLINK - 28718/Active/Comments'

2019-07-29 12:06:39 - [MESSAGE][PASSED] - Keys 'Isaac' sent to object: 'Object Repository/Regression BackOffice/CLINK - 28718/Active/Comments'

2019-07-29 12:06:39 - [TEST_STEP][PASSED] - delay(3): Delayed 3 second(s)

2019-07-29 12:06:42 - [MESSAGE][PASSED] - Delayed 3 second(s)

2019-07-29 12:06:42 - [TEST_STEP][PASSED] - scrollToElement(findTestObject("Regression BackOffice/CLINK - 28718/Active/Date Check was Sent"), 50): Scroll to object 'Object Repository/Regression BackOffice/CLINK - 28718/Active/Date Check was Sent' successfully

2019-07-29 12:06:42 - [MESSAGE][PASSED] - Scroll to object 'Object Repository/Regression BackOffice/CLINK - 28718/Active/Date Check was Sent' successfully

2019-07-29 12:06:42 - [TEST_STEP][PASSED] - click(findTestObject("Regression BackOffice/CLINK - 28718/Active/Date Check was Sent")): Object: 'Object Repository/Regression BackOffice/CLINK - 28718/Active/Date Check was Sent' is clicked on

2019-07-29 12:06:43 - [MESSAGE][PASSED] - Object: 'Object Repository/Regression BackOffice/CLINK - 28718/Active/Date Check was Sent' is clicked on

2019-07-29 12:06:43 - [TEST_STEP][PASSED] - sendKeys(findTestObject("Regression BackOffice/CLINK - 28718/Active/Date Check was Sent"), getDate.DateUtilities.getDateMonthDayYearNumberwithSlash()): Keys '07/29/2019' sent to object: 'Object Repository/Regression BackOffice/CLINK - 28718/Active/Date Check was Sent'

2019-07-29 12:06:43 - [MESSAGE][PASSED] - getDate.DateUtilities.getDateMonthDayYearNumberwithSlash is PASSED

2019-07-29 12:06:43 - [MESSAGE][PASSED] - Keys '07/29/2019' sent to object: 'Object Repository/Regression BackOffice/CLINK - 28718/Active/Date Check was Sent'

2019-07-29 12:06:43 - [TEST_STEP][PASSED] - delay(3): Delayed 3 second(s)

2019-07-29 12:06:46 - [MESSAGE][PASSED] - Delayed 3 second(s)

2019-07-29 12:06:46 - [TEST_STEP][PASSED] - click(findTestObject("Regression BackOffice/CLINK - 28718/Active/input_Date Check Received_txtDateCheckRecvd")): Object: 'Object Repository/Regression BackOffice/CLINK - 28718/Active/input_Date Check Received_txtDateCheckRecvd' is clicked on

2019-07-29 12:06:46 - [MESSAGE][PASSED] - Object: 'Object Repository/Regression BackOffice/CLINK - 28718/Active/input_Date Check Received_txtDateCheckRecvd' is clicked on

2019-07-29 12:06:46 - [TEST_STEP][PASSED] - sendKeys(findTestObject("Regression BackOffice/CLINK - 28718/Active/input_Date Check Received_txtDateCheckRecvd"), getDate.DateUtilities.getDateMonthDayYearNumberwithSlash()): Keys '07/29/2019' sent to object: 'Object Repository/Regression BackOffice/CLINK - 28718/Active/input_Date Check Received_txtDateCheckRecvd'

2019-07-29 12:06:46 - [MESSAGE][PASSED] - getDate.DateUtilities.getDateMonthDayYearNumberwithSlash is PASSED

2019-07-29 12:06:46 - [MESSAGE][PASSED] - Keys '07/29/2019' sent to object: 'Object Repository/Regression BackOffice/CLINK - 28718/Active/input_Date Check Received_txtDateCheckRecvd'

2019-07-29 12:06:46 - [TEST_STEP][PASSED] - delay(3): Delayed 3 second(s)

2019-07-29 12:06:49 - [MESSAGE][PASSED] - Delayed 3 second(s)

2019-07-29 12:06:49 - [TEST_STEP][PASSED] - click(findTestObject("Regression BackOffice/CLINK - 28718/Active/Background Check Completed")): Object: 'Object Repository/Regression BackOffice/CLINK - 28718/Active/Background Check Completed' is clicked on

2019-07-29 12:06:49 - [MESSAGE][PASSED] - Object: 'Object Repository/Regression BackOffice/CLINK - 28718/Active/Background Check Completed' is clicked on

2019-07-29 12:06:49 - [TEST_STEP][PASSED] - sendKeys(findTestObject("Regression BackOffice/CLINK - 28718/Active/Background Check Completed"), getDate.DateUtilities.getDateMonthDayYearNumberwithSlash()): Keys '07/29/2019' sent to object: 'Object Repository/Regression BackOffice/CLINK - 28718/Active/Background Check Completed'

2019-07-29 12:06:49 - [MESSAGE][PASSED] - getDate.DateUtilities.getDateMonthDayYearNumberwithSlash is PASSED

2019-07-29 12:06:50 - [MESSAGE][PASSED] - Keys '07/29/2019' sent to object: 'Object Repository/Regression BackOffice/CLINK - 28718/Active/Background Check Completed'

2019-07-29 12:06:50 - [TEST_STEP][PASSED] - delay(3): Delayed 3 second(s)

2019-07-29 12:06:53 - [MESSAGE][PASSED] - Delayed 3 second(s)

2019-07-29 12:06:53 - [TEST_STEP][PASSED] - switchToDefaultContent(): null

2019-07-29 12:06:53 - [TEST_STEP][PASSED] - switchToFrame(findTestObject("Regression BackOffice/CLINK - 28718/BannerFrame"), 50): null

2019-07-29 12:06:53 - [TEST_STEP][PASSED] - waitForElementPresent(findTestObject("Regression BackOffice/CLINK - 28718/Active/bttnSaveActive"), 50): Object 'Object Repository/Regression BackOffice/CLINK - 28718/Active/bttnSaveActive' is present

2019-07-29 12:06:53 - [MESSAGE][PASSED] - Object 'Object Repository/Regression BackOffice/CLINK - 28718/Active/bttnSaveActive' is present

2019-07-29 12:06:53 - [TEST_STEP][PASSED] - click(findTestObject("Regression BackOffice/CLINK - 28718/Active/bttnSaveActive")): Object: 'Object Repository/Regression BackOffice/CLINK - 28718/Active/bttnSaveActive' is clicked on

2019-07-29 12:07:09 - [MESSAGE][PASSED] - Object: 'Object Repository/Regression BackOffice/CLINK - 28718/Active/bttnSaveActive' is clicked on

2019-07-29 12:07:09 - [TEST_STEP][PASSED] - delay(3): Delayed 3 second(s)

2019-07-29 12:07:12 - [MESSAGE][PASSED] - Delayed 3 second(s)

2019-07-29 12:07:12 - [TEST_STEP][PASSED] - switchToDefaultContent(): null

2019-07-29 12:07:13 - [TEST_STEP][PASSED] - switchToFrame(findTestObject("Regression BackOffice/CLNK-23449/FrameLeft"), 30): null

2019-07-29 12:07:13 - [TEST_STEP][PASSED] - waitForElementPresent(findTestObject("Regression BackOffice/CLINK - 28718/Administrator/Administrators"), 100): Object 'Object Repository/Regression BackOffice/CLINK - 28718/Administrator/Administrators' is present

2019-07-29 12:07:13 - [MESSAGE][PASSED] - Object 'Object Repository/Regression BackOffice/CLINK - 28718/Administrator/Administrators' is present

2019-07-29 12:07:13 - [TEST_STEP][PASSED] - click(findTestObject("Regression BackOffice/CLINK - 28718/Administrator/Administrators")): Object: 'Object Repository/Regression BackOffice/CLINK - 28718/Administrator/Administrators' is clicked on

2019-07-29 12:07:13 - [MESSAGE][PASSED] - Object: 'Object Repository/Regression BackOffice/CLINK - 28718/Administrator/Administrators' is clicked on

2019-07-29 12:07:13 - [TEST_STEP][PASSED] - delay(2): Delayed 2 second(s)

2019-07-29 12:07:15 - [MESSAGE][PASSED] - Delayed 2 second(s)

2019-07-29 12:07:15 - [TEST_STEP][PASSED] - waitForElementPresent(findTestObject("Regression BackOffice/CLINK - 28718/Administrator/Admin  System Settings"), 100): Object 'Object Repository/Regression BackOffice/CLINK - 28718/Administrator/Admin  System Settings' is present

2019-07-29 12:07:15 - [MESSAGE][PASSED] - Object 'Object Repository/Regression BackOffice/CLINK - 28718/Administrator/Admin  System Settings' is present

2019-07-29 12:07:15 - [TEST_STEP][PASSED] - click(findTestObject("Regression BackOffice/CLINK - 28718/Administrator/Admin  System Settings")): Object: 'Object Repository/Regression BackOffice/CLINK - 28718/Administrator/Admin  System Settings' is clicked on

2019-07-29 12:07:15 - [MESSAGE][PASSED] - Object: 'Object Repository/Regression BackOffice/CLINK - 28718/Administrator/Admin  System Settings' is clicked on

2019-07-29 12:07:15 - [TEST_STEP][PASSED] - delay(2): Delayed 2 second(s)

2019-07-29 12:07:17 - [MESSAGE][PASSED] - Delayed 2 second(s)

2019-07-29 12:07:17 - [TEST_STEP][PASSED] - waitForElementPresent(findTestObject("Regression BackOffice/CLINK - 28718/Administrator/Users"), 100): Object 'Object Repository/Regression BackOffice/CLINK - 28718/Administrator/Users' is present

2019-07-29 12:07:17 - [MESSAGE][PASSED] - Object 'Object Repository/Regression BackOffice/CLINK - 28718/Administrator/Users' is present

2019-07-29 12:07:17 - [TEST_STEP][PASSED] - click(findTestObject("Regression BackOffice/CLINK - 28718/Administrator/Users")): Object: 'Object Repository/Regression BackOffice/CLINK - 28718/Administrator/Users' is clicked on

2019-07-29 12:07:17 - [MESSAGE][PASSED] - Object: 'Object Repository/Regression BackOffice/CLINK - 28718/Administrator/Users' is clicked on

2019-07-29 12:07:17 - [TEST_STEP][PASSED] - delay(2): Delayed 2 second(s)

2019-07-29 12:07:19 - [MESSAGE][PASSED] - Delayed 2 second(s)

2019-07-29 12:07:19 - [TEST_STEP][PASSED] - acceptAlert(): Alert accepted

2019-07-29 12:07:19 - [MESSAGE][PASSED] - Alert accepted

2019-07-29 12:07:19 - [TEST_STEP][PASSED] - switchToDefaultContent(): null

2019-07-29 12:07:20 - [TEST_STEP][PASSED] - switchToFrame(findTestObject("Regression BackOffice/CLNK-23449/FrameMain"), 30): null

2019-07-29 12:07:20 - [TEST_STEP][PASSED] - delay(5): Delayed 5 second(s)

2019-07-29 12:07:25 - [MESSAGE][PASSED] - Delayed 5 second(s)

2019-07-29 12:07:25 - [TEST_STEP][PASSED] - waitForElementPresent(findTestObject("Regression BackOffice/CLINK - 28718/Administrator/Add New User"), 100): Object 'Object Repository/Regression BackOffice/CLINK - 28718/Administrator/Add New User' is present

2019-07-29 12:07:25 - [MESSAGE][PASSED] - Object 'Object Repository/Regression BackOffice/CLINK - 28718/Administrator/Add New User' is present

2019-07-29 12:07:25 - [TEST_STEP][PASSED] - click(findTestObject("Regression BackOffice/CLINK - 28718/Administrator/Add New User")): Object: 'Object Repository/Regression BackOffice/CLINK - 28718/Administrator/Add New User' is clicked on

2019-07-29 12:07:26 - [MESSAGE][PASSED] - Object: 'Object Repository/Regression BackOffice/CLINK - 28718/Administrator/Add New User' is clicked on

2019-07-29 12:07:26 - [TEST_STEP][PASSED] - delay(15): Delayed 15 second(s)

2019-07-29 12:07:41 - [MESSAGE][PASSED] - Delayed 15 second(s)

2019-07-29 12:07:41 - [TEST_STEP][PASSED] - waitForElementPresent(findTestObject("Regression BackOffice/CLINK - 28718/Administrator/CaregiverChkBox"), 100): Object 'Object Repository/Regression BackOffice/CLINK - 28718/Administrator/CaregiverChkBox' is present

2019-07-29 12:07:41 - [MESSAGE][PASSED] - Object 'Object Repository/Regression BackOffice/CLINK - 28718/Administrator/CaregiverChkBox' is present

2019-07-29 12:07:41 - [TEST_STEP][PASSED] - click(findTestObject("Regression BackOffice/CLINK - 28718/Administrator/CaregiverChkBox")): Object: 'Object Repository/Regression BackOffice/CLINK - 28718/Administrator/CaregiverChkBox' is clicked on

2019-07-29 12:07:41 - [MESSAGE][PASSED] - Object: 'Object Repository/Regression BackOffice/CLINK - 28718/Administrator/CaregiverChkBox' is clicked on

2019-07-29 12:07:41 - [TEST_STEP][PASSED] - delay(2): Delayed 2 second(s)

2019-07-29 12:07:43 - [MESSAGE][PASSED] - Delayed 2 second(s)

2019-07-29 12:07:43 - [TEST_STEP][PASSED] - waitForElementPresent(findTestObject("Regression BackOffice/CLINK - 28718/Administrator/Caregiver Name"), 100): Object 'Object Repository/Regression BackOffice/CLINK - 28718/Administrator/Caregiver Name' is present

2019-07-29 12:07:43 - [MESSAGE][PASSED] - Object 'Object Repository/Regression BackOffice/CLINK - 28718/Administrator/Caregiver Name' is present

2019-07-29 12:07:43 - [TEST_STEP][PASSED] - click(findTestObject("Regression BackOffice/CLINK - 28718/Administrator/Caregiver Name")): Object: 'Object Repository/Regression BackOffice/CLINK - 28718/Administrator/Caregiver Name' is clicked on

2019-07-29 12:07:43 - [MESSAGE][PASSED] - Object: 'Object Repository/Regression BackOffice/CLINK - 28718/Administrator/Caregiver Name' is clicked on

2019-07-29 12:07:43 - [TEST_STEP][PASSED] - sendKeys(findTestObject("Regression BackOffice/CLINK - 28718/Administrator/Caregiver Name"), G_CareGiverLastName): Keys 'Yotun' sent to object: 'Object Repository/Regression BackOffice/CLINK - 28718/Administrator/Caregiver Name'

2019-07-29 12:07:43 - [MESSAGE][PASSED] - Keys 'Yotun' sent to object: 'Object Repository/Regression BackOffice/CLINK - 28718/Administrator/Caregiver Name'

2019-07-29 12:07:43 - [TEST_STEP][PASSED] - delay(10): Delayed 10 second(s)

2019-07-29 12:07:53 - [MESSAGE][PASSED] - Delayed 10 second(s)

2019-07-29 12:07:53 - [TEST_STEP][PASSED] - sendKeys(findTestObject("Regression BackOffice/CLINK - 28718/Administrator/Caregiver Name"), Keys.chord(ARROW_DOWN, ENTER)): Keys 'DOWN + ENTER + ' sent to object: 'Object Repository/Regression BackOffice/CLINK - 28718/Administrator/Caregiver Name'

2019-07-29 12:07:53 - [MESSAGE][PASSED] - Keys 'DOWN + ENTER + ' sent to object: 'Object Repository/Regression BackOffice/CLINK - 28718/Administrator/Caregiver Name'

2019-07-29 12:07:53 - [TEST_STEP][PASSED] - delay(2): Delayed 2 second(s)

2019-07-29 12:07:55 - [MESSAGE][PASSED] - Delayed 2 second(s)

2019-07-29 12:07:55 - [TEST_STEP][PASSED] - click(findTestObject("Regression BackOffice/CLINK - 28718/Administrator/User Name")): Object: 'Object Repository/Regression BackOffice/CLINK - 28718/Administrator/User Name' is clicked on

2019-07-29 12:07:55 - [MESSAGE][PASSED] - Object: 'Object Repository/Regression BackOffice/CLINK - 28718/Administrator/User Name' is clicked on

2019-07-29 12:07:55 - [TEST_STEP][PASSED] - sendKeys(findTestObject("Regression BackOffice/CLINK - 28718/Administrator/User Name"), G_CaregiverUserName): Keys 'syotun' sent to object: 'Object Repository/Regression BackOffice/CLINK - 28718/Administrator/User Name'

2019-07-29 12:07:55 - [MESSAGE][PASSED] - Keys 'syotun' sent to object: 'Object Repository/Regression BackOffice/CLINK - 28718/Administrator/User Name'

2019-07-29 12:07:55 - [TEST_STEP][PASSED] - delay(3): Delayed 3 second(s)

2019-07-29 12:07:58 - [MESSAGE][PASSED] - Delayed 3 second(s)

2019-07-29 12:07:58 - [TEST_STEP][PASSED] - click(findTestObject("Regression BackOffice/CLINK - 28718/Administrator/Password")): Object: 'Object Repository/Regression BackOffice/CLINK - 28718/Administrator/Password' is clicked on

2019-07-29 12:07:58 - [MESSAGE][PASSED] - Object: 'Object Repository/Regression BackOffice/CLINK - 28718/Administrator/Password' is clicked on

2019-07-29 12:07:58 - [TEST_STEP][PASSED] - sendKeys(findTestObject("Regression BackOffice/CLINK - 28718/Administrator/Password"), G_PasswordBackOffice): Keys 'qwerty' sent to object: 'Object Repository/Regression BackOffice/CLINK - 28718/Administrator/Password'

2019-07-29 12:07:58 - [MESSAGE][PASSED] - Keys 'qwerty' sent to object: 'Object Repository/Regression BackOffice/CLINK - 28718/Administrator/Password'

2019-07-29 12:07:58 - [TEST_STEP][PASSED] - delay(3): Delayed 3 second(s)

2019-07-29 12:08:01 - [MESSAGE][PASSED] - Delayed 3 second(s)

2019-07-29 12:08:01 - [TEST_STEP][PASSED] - click(findTestObject("Regression BackOffice/CLINK - 28718/Administrator/Confirm newPassword")): Object: 'Object Repository/Regression BackOffice/CLINK - 28718/Administrator/Confirm newPassword' is clicked on

2019-07-29 12:08:02 - [MESSAGE][PASSED] - Object: 'Object Repository/Regression BackOffice/CLINK - 28718/Administrator/Confirm newPassword' is clicked on

2019-07-29 12:08:02 - [TEST_STEP][PASSED] - sendKeys(findTestObject("Regression BackOffice/CLINK - 28718/Administrator/Confirm newPassword"), G_PasswordBackOffice): Keys 'qwerty' sent to object: 'Object Repository/Regression BackOffice/CLINK - 28718/Administrator/Confirm newPassword'

2019-07-29 12:08:02 - [MESSAGE][PASSED] - Keys 'qwerty' sent to object: 'Object Repository/Regression BackOffice/CLINK - 28718/Administrator/Confirm newPassword'

2019-07-29 12:08:02 - [TEST_STEP][PASSED] - delay(3): Delayed 3 second(s)

2019-07-29 12:08:05 - [MESSAGE][PASSED] - Delayed 3 second(s)

2019-07-29 12:08:05 - [TEST_STEP][PASSED] - waitForElementPresent(findTestObject("Regression BackOffice/CLINK - 28718/Administrator/Email"), 100): Object 'Object Repository/Regression BackOffice/CLINK - 28718/Administrator/Email' is present

2019-07-29 12:08:05 - [MESSAGE][PASSED] - Object 'Object Repository/Regression BackOffice/CLINK - 28718/Administrator/Email' is present

2019-07-29 12:08:05 - [TEST_STEP][PASSED] - click(findTestObject("Regression BackOffice/CLINK - 28718/Administrator/Email")): Object: 'Object Repository/Regression BackOffice/CLINK - 28718/Administrator/Email' is clicked on

2019-07-29 12:08:05 - [MESSAGE][PASSED] - Object: 'Object Repository/Regression BackOffice/CLINK - 28718/Administrator/Email' is clicked on

2019-07-29 12:08:05 - [TEST_STEP][PASSED] - sendKeys(findTestObject("Regression BackOffice/CLINK - 28718/Administrator/Email"), "imm@gmail.com"): Keys 'imm@gmail.com' sent to object: 'Object Repository/Regression BackOffice/CLINK - 28718/Administrator/Email'

2019-07-29 12:08:05 - [MESSAGE][PASSED] - Keys 'imm@gmail.com' sent to object: 'Object Repository/Regression BackOffice/CLINK - 28718/Administrator/Email'

2019-07-29 12:08:05 - [TEST_STEP][PASSED] - delay(3): Delayed 3 second(s)

2019-07-29 12:08:08 - [MESSAGE][PASSED] - Delayed 3 second(s)

2019-07-29 12:08:08 - [TEST_STEP][PASSED] - waitForElementPresent(findTestObject("Regression BackOffice/CLINK - 28718/Administrator/Caregiver_chk"), 100): Object 'Object Repository/Regression BackOffice/CLINK - 28718/Administrator/Caregiver_chk' is present

2019-07-29 12:08:08 - [MESSAGE][PASSED] - Object 'Object Repository/Regression BackOffice/CLINK - 28718/Administrator/Caregiver_chk' is present

2019-07-29 12:08:08 - [TEST_STEP][PASSED] - click(findTestObject("Regression BackOffice/CLINK - 28718/Administrator/Caregiver_chk")): Object: 'Object Repository/Regression BackOffice/CLINK - 28718/Administrator/Caregiver_chk' is clicked on

2019-07-29 12:08:08 - [MESSAGE][PASSED] - Object: 'Object Repository/Regression BackOffice/CLINK - 28718/Administrator/Caregiver_chk' is clicked on

2019-07-29 12:08:08 - [TEST_STEP][PASSED] - delay(3): Delayed 3 second(s)

2019-07-29 12:08:11 - [MESSAGE][PASSED] - Delayed 3 second(s)

2019-07-29 12:08:11 - [TEST_STEP][PASSED] - switchToDefaultContent(): null

2019-07-29 12:08:11 - [TEST_STEP][PASSED] - switchToFrame(findTestObject("Regression BackOffice/CLINK - 28718/BannerFrame"), 50): null

2019-07-29 12:08:11 - [TEST_STEP][PASSED] - waitForElementPresent(findTestObject("Regression BackOffice/CLINK - 28718/Administrator/_btnUserSave"), 50): Object 'Object Repository/Regression BackOffice/CLINK - 28718/Administrator/_btnUserSave' is present

2019-07-29 12:08:11 - [MESSAGE][PASSED] - Object 'Object Repository/Regression BackOffice/CLINK - 28718/Administrator/_btnUserSave' is present

2019-07-29 12:08:11 - [TEST_STEP][PASSED] - click(findTestObject("Regression BackOffice/CLINK - 28718/Administrator/_btnUserSave")): Object: 'Object Repository/Regression BackOffice/CLINK - 28718/Administrator/_btnUserSave' is clicked on

2019-07-29 12:08:12 - [MESSAGE][PASSED] - Object: 'Object Repository/Regression BackOffice/CLINK - 28718/Administrator/_btnUserSave' is clicked on

2019-07-29 12:08:12 - [TEST_STEP][PASSED] - delay(3): Delayed 3 second(s)

2019-07-29 12:08:15 - [MESSAGE][PASSED] - Delayed 3 second(s)

2019-07-29 12:08:15 - [TEST_STEP][PASSED] - closeBrowser(): Browser is closed

2019-07-29 12:08:15 - [MESSAGE][PASSED] - Browser is closed]]></system-out>
         <system-err><![CDATA[]]></system-err>
      </testcase>
      <testcase name="Test Cases/Regression BackOffice (All Browsers)/CLNK-23441 - Back office Caregiver - Search criteria" classname="Test Cases/Regression BackOffice (All Browsers)/CLNK-23441 - Back office Caregiver - Search criteria" status="PASSED">
         <system-out><![CDATA[2019-07-29 12:08:18 - [TEST_CASE][PASSED] - Test Cases/Regression BackOffice (All Browsers)/CLNK-23441 - Back office Caregiver - Search criteria: Test Cases/Regression BackOffice (All Browsers)/CLNK-23441 - Back office Caregiver - Search criteria

2019-07-29 12:08:18 - [TEST_STEP][PASSED] - callTestCase(findTestCase("Regression BackOffice (All Browsers)/CLNK-23439 - Clink - Back office Client"), [:], STOP_ON_FAILURE): Call Test Case 'Test Cases/Regression BackOffice (All Browsers)/CLNK-23439 - Clink - Back office Client' successfully

2019-07-29 12:08:18 - [TEST_CASE][PASSED] - Test Cases/Regression BackOffice (All Browsers)/CLNK-23439 - Clink - Back office Client: Test Cases/Regression BackOffice (All Browsers)/CLNK-23439 - Clink - Back office Client

2019-07-29 12:08:18 - [TEST_STEP][PASSED] - openBrowser(G_SiteBackOffice): Browser is opened with url: 'http://qanewpoc.continulink.com:81/backoffice/Login.aspx'

2019-07-29 12:08:18 - [MESSAGE][INFO] - Starting 'Chrome' driver

2019-07-29 12:08:25 - [MESSAGE][PASSED] - Browser is opened with url: 'http://qanewpoc.continulink.com:81/backoffice/Login.aspx'

2019-07-29 12:08:25 - [TEST_STEP][PASSED] - waitForPageLoad(60): Wait for page load successfully

2019-07-29 12:08:25 - [MESSAGE][PASSED] - Wait for page load successfully

2019-07-29 12:08:25 - [TEST_STEP][PASSED] - maximizeWindow(): Current window maximized

2019-07-29 12:08:30 - [MESSAGE][PASSED] - Current window maximized

2019-07-29 12:08:30 - [TEST_STEP][PASSED] - setText(findTestObject("Regression BackOffice/Login/UserBackOffice"), G_UserBackOffice): Text 'demo' is set on object 'Object Repository/Regression BackOffice/Login/UserBackOffice'

2019-07-29 12:08:30 - [MESSAGE][PASSED] - Text 'demo' is set on object 'Object Repository/Regression BackOffice/Login/UserBackOffice'

2019-07-29 12:08:30 - [TEST_STEP][PASSED] - setText(findTestObject("Regression BackOffice/Login/PasswordBackOffice"), G_PasswordBackOffice): Text 'qwerty' is set on object 'Object Repository/Regression BackOffice/Login/PasswordBackOffice'

2019-07-29 12:08:30 - [MESSAGE][PASSED] - Text 'qwerty' is set on object 'Object Repository/Regression BackOffice/Login/PasswordBackOffice'

2019-07-29 12:08:30 - [TEST_STEP][PASSED] - click(findTestObject("Regression BackOffice/Login/LoginBackOffice")): Object: 'Object Repository/Regression BackOffice/Login/LoginBackOffice' is clicked on

2019-07-29 12:08:37 - [MESSAGE][PASSED] - Object: 'Object Repository/Regression BackOffice/Login/LoginBackOffice' is clicked on

2019-07-29 12:08:37 - [TEST_STEP][PASSED] - waitForPageLoad(60): Wait for page load successfully

2019-07-29 12:08:37 - [MESSAGE][PASSED] - Wait for page load successfully

2019-07-29 12:08:37 - [TEST_STEP][PASSED] - delay(3): Delayed 3 second(s)

2019-07-29 12:08:40 - [MESSAGE][PASSED] - Delayed 3 second(s)

2019-07-29 12:08:40 - [TEST_STEP][PASSED] - switchToFrame(findTestObject("Regression BackOffice/CLNK-23449/FrameLeft"), 5): null

2019-07-29 12:08:40 - [TEST_STEP][PASSED] - waitForElementPresent(findTestObject("Regression BackOffice/CLNK-23449/ClienIntakeICon"), 60): Object 'Object Repository/Regression BackOffice/CLNK-23449/ClienIntakeICon' is present

2019-07-29 12:08:40 - [MESSAGE][PASSED] - Object 'Object Repository/Regression BackOffice/CLNK-23449/ClienIntakeICon' is present

2019-07-29 12:08:40 - [TEST_STEP][PASSED] - verifyElementPresent(findTestObject("Regression BackOffice/CLNK-23449/ClienIntakeICon"), 100): Object 'Object Repository/Regression BackOffice/CLNK-23449/ClienIntakeICon' is present

2019-07-29 12:08:40 - [MESSAGE][PASSED] - Object 'Object Repository/Regression BackOffice/CLNK-23449/ClienIntakeICon' is present

2019-07-29 12:08:40 - [TEST_STEP][PASSED] - switchToDefaultContent(): null

2019-07-29 12:08:40 - [MESSAGE][PASSED] - Call Test Case 'Test Cases/Regression BackOffice (All Browsers)/CLNK-23439 - Clink - Back office Client' successfully

2019-07-29 12:08:40 - [TEST_STEP][PASSED] - waitForPageLoad(60): Wait for page load successfully

2019-07-29 12:08:40 - [MESSAGE][PASSED] - Wait for page load successfully

2019-07-29 12:08:40 - [TEST_STEP][PASSED] - delay(3): Delayed 3 second(s)

2019-07-29 12:08:43 - [MESSAGE][PASSED] - Delayed 3 second(s)

2019-07-29 12:08:43 - [TEST_STEP][PASSED] - switchToFrame(findTestObject("Regression BackOffice/CLNK-23449/FrameLeft"), 30): null

2019-07-29 12:08:43 - [TEST_STEP][PASSED] - waitForElementPresent(findTestObject("Regression BackOffice/CLNK-23441/Caregiver  HRLink"), 100): Object 'Object Repository/Regression BackOffice/CLNK-23441/Caregiver  HRLink' is present

2019-07-29 12:08:43 - [MESSAGE][PASSED] - Object 'Object Repository/Regression BackOffice/CLNK-23441/Caregiver  HRLink' is present

2019-07-29 12:08:43 - [TEST_STEP][PASSED] - click(findTestObject("Regression BackOffice/CLNK-23441/Caregiver  HRLink")): Object: 'Object Repository/Regression BackOffice/CLNK-23441/Caregiver  HRLink' is clicked on

2019-07-29 12:08:43 - [MESSAGE][PASSED] - Object: 'Object Repository/Regression BackOffice/CLNK-23441/Caregiver  HRLink' is clicked on

2019-07-29 12:08:43 - [TEST_STEP][PASSED] - delay(2): Delayed 2 second(s)

2019-07-29 12:08:45 - [MESSAGE][PASSED] - Delayed 2 second(s)

2019-07-29 12:08:45 - [TEST_STEP][PASSED] - waitForPageLoad(50): Wait for page load successfully

2019-07-29 12:08:45 - [MESSAGE][PASSED] - Wait for page load successfully

2019-07-29 12:08:45 - [TEST_STEP][PASSED] - waitForElementPresent(findTestObject("Regression BackOffice/CLNK-23441/Caregiver Search"), 50): Object 'Object Repository/Regression BackOffice/CLNK-23441/Caregiver Search' is present

2019-07-29 12:08:45 - [MESSAGE][PASSED] - Object 'Object Repository/Regression BackOffice/CLNK-23441/Caregiver Search' is present

2019-07-29 12:08:45 - [TEST_STEP][PASSED] - click(findTestObject("Regression BackOffice/CLNK-23441/Caregiver Search")): Object: 'Object Repository/Regression BackOffice/CLNK-23441/Caregiver Search' is clicked on

2019-07-29 12:08:46 - [MESSAGE][PASSED] - Object: 'Object Repository/Regression BackOffice/CLNK-23441/Caregiver Search' is clicked on

2019-07-29 12:08:46 - [TEST_STEP][PASSED] - delay(2): Delayed 2 second(s)

2019-07-29 12:08:48 - [MESSAGE][PASSED] - Delayed 2 second(s)

2019-07-29 12:08:48 - [TEST_STEP][PASSED] - switchToDefaultContent(): null

2019-07-29 12:08:48 - [TEST_STEP][PASSED] - switchToFrame(findTestObject("Regression BackOffice/CLNK-23449/FrameMain"), 30): null

2019-07-29 12:08:48 - [TEST_STEP][PASSED] - waitForElementPresent(findTestObject("Regression BackOffice/CLNK-10235/FirstNameSearch"), 50): Object 'Object Repository/Regression BackOffice/CLNK-10235/FirstNameSearch' is present

2019-07-29 12:08:48 - [MESSAGE][PASSED] - Object 'Object Repository/Regression BackOffice/CLNK-10235/FirstNameSearch' is present

2019-07-29 12:08:48 - [TEST_STEP][PASSED] - setText(findTestObject("Regression BackOffice/CLNK-10235/FirstNameSearch"), G_CaregiverFirstName): Text 'Shaw' is set on object 'Object Repository/Regression BackOffice/CLNK-10235/FirstNameSearch'

2019-07-29 12:08:49 - [MESSAGE][PASSED] - Text 'Shaw' is set on object 'Object Repository/Regression BackOffice/CLNK-10235/FirstNameSearch'

2019-07-29 12:08:49 - [TEST_STEP][PASSED] - delay(2): Delayed 2 second(s)

2019-07-29 12:08:51 - [MESSAGE][PASSED] - Delayed 2 second(s)

2019-07-29 12:08:51 - [TEST_STEP][PASSED] - waitForElementPresent(findTestObject("Regression BackOffice/CLNK-23441/Last NameHR"), 50): Object 'Object Repository/Regression BackOffice/CLNK-23441/Last NameHR' is present

2019-07-29 12:08:51 - [MESSAGE][PASSED] - Object 'Object Repository/Regression BackOffice/CLNK-23441/Last NameHR' is present

2019-07-29 12:08:51 - [TEST_STEP][PASSED] - setText(findTestObject("Regression BackOffice/CLNK-23441/Last NameHR"), G_CareGiverLastName): Text 'Yotun' is set on object 'Object Repository/Regression BackOffice/CLNK-23441/Last NameHR'

2019-07-29 12:08:51 - [MESSAGE][PASSED] - Text 'Yotun' is set on object 'Object Repository/Regression BackOffice/CLNK-23441/Last NameHR'

2019-07-29 12:08:51 - [TEST_STEP][PASSED] - delay(2): Delayed 2 second(s)

2019-07-29 12:08:53 - [MESSAGE][PASSED] - Delayed 2 second(s)

2019-07-29 12:08:53 - [TEST_STEP][PASSED] - waitForElementPresent(findTestObject("Regression BackOffice/CLNK-23441/CaregiverSearchButton"), 50): Object 'Object Repository/Regression BackOffice/CLNK-23441/CaregiverSearchButton' is present

2019-07-29 12:08:53 - [MESSAGE][PASSED] - Object 'Object Repository/Regression BackOffice/CLNK-23441/CaregiverSearchButton' is present

2019-07-29 12:08:53 - [TEST_STEP][PASSED] - click(findTestObject("Regression BackOffice/CLNK-23441/CaregiverSearchButton"), STOP_ON_FAILURE): Object: 'Object Repository/Regression BackOffice/CLNK-23441/CaregiverSearchButton' is clicked on

2019-07-29 12:08:53 - [MESSAGE][PASSED] - Object: 'Object Repository/Regression BackOffice/CLNK-23441/CaregiverSearchButton' is clicked on

2019-07-29 12:08:53 - [TEST_STEP][PASSED] - delay(2): Delayed 2 second(s)

2019-07-29 12:08:55 - [MESSAGE][PASSED] - Delayed 2 second(s)

2019-07-29 12:08:55 - [TEST_STEP][PASSED] - closeBrowser(): Browser is closed

2019-07-29 12:08:56 - [MESSAGE][PASSED] - Browser is closed]]></system-out>
         <system-err><![CDATA[]]></system-err>
      </testcase>
      <testcase name="Test Cases/Regression BackOffice (All Browsers)/CLNK-23442 - Back office Caregiver Demographics" classname="Test Cases/Regression BackOffice (All Browsers)/CLNK-23442 - Back office Caregiver Demographics" status="PASSED">
         <system-out><![CDATA[2019-07-29 12:08:58 - [TEST_CASE][PASSED] - Test Cases/Regression BackOffice (All Browsers)/CLNK-23442 - Back office Caregiver Demographics: Test Cases/Regression BackOffice (All Browsers)/CLNK-23442 - Back office Caregiver Demographics

2019-07-29 12:08:59 - [TEST_STEP][PASSED] - callTestCase(findTestCase("Regression BackOffice (All Browsers)/CLNK-23439 - Clink - Back office Client"), [:], STOP_ON_FAILURE): Call Test Case 'Test Cases/Regression BackOffice (All Browsers)/CLNK-23439 - Clink - Back office Client' successfully

2019-07-29 12:08:59 - [TEST_CASE][PASSED] - Test Cases/Regression BackOffice (All Browsers)/CLNK-23439 - Clink - Back office Client: Test Cases/Regression BackOffice (All Browsers)/CLNK-23439 - Clink - Back office Client

2019-07-29 12:08:59 - [TEST_STEP][PASSED] - openBrowser(G_SiteBackOffice): Browser is opened with url: 'http://qanewpoc.continulink.com:81/backoffice/Login.aspx'

2019-07-29 12:08:59 - [MESSAGE][INFO] - Starting 'Chrome' driver

2019-07-29 12:09:06 - [MESSAGE][PASSED] - Browser is opened with url: 'http://qanewpoc.continulink.com:81/backoffice/Login.aspx'

2019-07-29 12:09:06 - [TEST_STEP][PASSED] - waitForPageLoad(60): Wait for page load successfully

2019-07-29 12:09:06 - [MESSAGE][PASSED] - Wait for page load successfully

2019-07-29 12:09:06 - [TEST_STEP][PASSED] - maximizeWindow(): Current window maximized

2019-07-29 12:09:10 - [MESSAGE][PASSED] - Current window maximized

2019-07-29 12:09:10 - [TEST_STEP][PASSED] - setText(findTestObject("Regression BackOffice/Login/UserBackOffice"), G_UserBackOffice): Text 'demo' is set on object 'Object Repository/Regression BackOffice/Login/UserBackOffice'

2019-07-29 12:09:10 - [MESSAGE][PASSED] - Text 'demo' is set on object 'Object Repository/Regression BackOffice/Login/UserBackOffice'

2019-07-29 12:09:10 - [TEST_STEP][PASSED] - setText(findTestObject("Regression BackOffice/Login/PasswordBackOffice"), G_PasswordBackOffice): Text 'qwerty' is set on object 'Object Repository/Regression BackOffice/Login/PasswordBackOffice'

2019-07-29 12:09:10 - [MESSAGE][PASSED] - Text 'qwerty' is set on object 'Object Repository/Regression BackOffice/Login/PasswordBackOffice'

2019-07-29 12:09:10 - [TEST_STEP][PASSED] - click(findTestObject("Regression BackOffice/Login/LoginBackOffice")): Object: 'Object Repository/Regression BackOffice/Login/LoginBackOffice' is clicked on

2019-07-29 12:09:16 - [MESSAGE][PASSED] - Object: 'Object Repository/Regression BackOffice/Login/LoginBackOffice' is clicked on

2019-07-29 12:09:16 - [TEST_STEP][PASSED] - waitForPageLoad(60): Wait for page load successfully

2019-07-29 12:09:16 - [MESSAGE][PASSED] - Wait for page load successfully

2019-07-29 12:09:16 - [TEST_STEP][PASSED] - delay(3): Delayed 3 second(s)

2019-07-29 12:09:19 - [MESSAGE][PASSED] - Delayed 3 second(s)

2019-07-29 12:09:19 - [TEST_STEP][PASSED] - switchToFrame(findTestObject("Regression BackOffice/CLNK-23449/FrameLeft"), 5): null

2019-07-29 12:09:19 - [TEST_STEP][PASSED] - waitForElementPresent(findTestObject("Regression BackOffice/CLNK-23449/ClienIntakeICon"), 60): Object 'Object Repository/Regression BackOffice/CLNK-23449/ClienIntakeICon' is present

2019-07-29 12:09:19 - [MESSAGE][PASSED] - Object 'Object Repository/Regression BackOffice/CLNK-23449/ClienIntakeICon' is present

2019-07-29 12:09:19 - [TEST_STEP][PASSED] - verifyElementPresent(findTestObject("Regression BackOffice/CLNK-23449/ClienIntakeICon"), 100): Object 'Object Repository/Regression BackOffice/CLNK-23449/ClienIntakeICon' is present

2019-07-29 12:09:19 - [MESSAGE][PASSED] - Object 'Object Repository/Regression BackOffice/CLNK-23449/ClienIntakeICon' is present

2019-07-29 12:09:19 - [TEST_STEP][PASSED] - switchToDefaultContent(): null

2019-07-29 12:09:19 - [MESSAGE][PASSED] - Call Test Case 'Test Cases/Regression BackOffice (All Browsers)/CLNK-23439 - Clink - Back office Client' successfully

2019-07-29 12:09:19 - [TEST_STEP][PASSED] - waitForPageLoad(60): Wait for page load successfully

2019-07-29 12:09:19 - [MESSAGE][PASSED] - Wait for page load successfully

2019-07-29 12:09:19 - [TEST_STEP][PASSED] - delay(3): Delayed 3 second(s)

2019-07-29 12:09:22 - [MESSAGE][PASSED] - Delayed 3 second(s)

2019-07-29 12:09:22 - [TEST_STEP][PASSED] - switchToFrame(findTestObject("Regression BackOffice/CLNK-23449/FrameLeft"), 30): null

2019-07-29 12:09:22 - [TEST_STEP][PASSED] - waitForElementPresent(findTestObject("Regression BackOffice/CLNK-23441/Caregiver  HRLink"), 100): Object 'Object Repository/Regression BackOffice/CLNK-23441/Caregiver  HRLink' is present

2019-07-29 12:09:22 - [MESSAGE][PASSED] - Object 'Object Repository/Regression BackOffice/CLNK-23441/Caregiver  HRLink' is present

2019-07-29 12:09:22 - [TEST_STEP][PASSED] - click(findTestObject("Regression BackOffice/CLNK-23441/Caregiver  HRLink")): Object: 'Object Repository/Regression BackOffice/CLNK-23441/Caregiver  HRLink' is clicked on

2019-07-29 12:09:22 - [MESSAGE][PASSED] - Object: 'Object Repository/Regression BackOffice/CLNK-23441/Caregiver  HRLink' is clicked on

2019-07-29 12:09:22 - [TEST_STEP][PASSED] - delay(2): Delayed 2 second(s)

2019-07-29 12:09:24 - [MESSAGE][PASSED] - Delayed 2 second(s)

2019-07-29 12:09:24 - [TEST_STEP][PASSED] - waitForPageLoad(50): Wait for page load successfully

2019-07-29 12:09:24 - [MESSAGE][PASSED] - Wait for page load successfully

2019-07-29 12:09:24 - [TEST_STEP][PASSED] - waitForElementPresent(findTestObject("Regression BackOffice/CLINK-23442/CaregiverDemographics"), 50): Object 'Object Repository/Regression BackOffice/CLINK-23442/CaregiverDemographics' is present

2019-07-29 12:09:24 - [MESSAGE][PASSED] - Object 'Object Repository/Regression BackOffice/CLINK-23442/CaregiverDemographics' is present

2019-07-29 12:09:24 - [TEST_STEP][PASSED] - click(findTestObject("Regression BackOffice/CLINK-23442/CaregiverDemographics")): Object: 'Object Repository/Regression BackOffice/CLINK-23442/CaregiverDemographics' is clicked on

2019-07-29 12:09:25 - [MESSAGE][PASSED] - Object: 'Object Repository/Regression BackOffice/CLINK-23442/CaregiverDemographics' is clicked on

2019-07-29 12:09:25 - [TEST_STEP][PASSED] - delay(2): Delayed 2 second(s)

2019-07-29 12:09:27 - [MESSAGE][PASSED] - Delayed 2 second(s)

2019-07-29 12:09:27 - [TEST_STEP][PASSED] - switchToDefaultContent(): null

2019-07-29 12:09:27 - [TEST_STEP][PASSED] - switchToFrame(findTestObject("Regression BackOffice/CLNK-23449/FrameMain"), 30): null

2019-07-29 12:09:27 - [TEST_STEP][PASSED] - waitForElementPresent(findTestObject("Regression BackOffice/CLNK-10235/FirstNameSearch"), 50): Object 'Object Repository/Regression BackOffice/CLNK-10235/FirstNameSearch' is present

2019-07-29 12:09:27 - [MESSAGE][PASSED] - Object 'Object Repository/Regression BackOffice/CLNK-10235/FirstNameSearch' is present

2019-07-29 12:09:27 - [TEST_STEP][PASSED] - setText(findTestObject("Regression BackOffice/CLNK-10235/FirstNameSearch"), G_CaregiverFirstName): Text 'Shaw' is set on object 'Object Repository/Regression BackOffice/CLNK-10235/FirstNameSearch'

2019-07-29 12:09:27 - [MESSAGE][PASSED] - Text 'Shaw' is set on object 'Object Repository/Regression BackOffice/CLNK-10235/FirstNameSearch'

2019-07-29 12:09:27 - [TEST_STEP][PASSED] - delay(2): Delayed 2 second(s)

2019-07-29 12:09:29 - [MESSAGE][PASSED] - Delayed 2 second(s)

2019-07-29 12:09:29 - [TEST_STEP][PASSED] - waitForElementPresent(findTestObject("Regression BackOffice/CLNK-23441/Last NameHR"), 50): Object 'Object Repository/Regression BackOffice/CLNK-23441/Last NameHR' is present

2019-07-29 12:09:29 - [MESSAGE][PASSED] - Object 'Object Repository/Regression BackOffice/CLNK-23441/Last NameHR' is present

2019-07-29 12:09:29 - [TEST_STEP][PASSED] - setText(findTestObject("Regression BackOffice/CLNK-23441/Last NameHR"), G_CareGiverLastName): Text 'Yotun' is set on object 'Object Repository/Regression BackOffice/CLNK-23441/Last NameHR'

2019-07-29 12:09:30 - [MESSAGE][PASSED] - Text 'Yotun' is set on object 'Object Repository/Regression BackOffice/CLNK-23441/Last NameHR'

2019-07-29 12:09:30 - [TEST_STEP][PASSED] - delay(2): Delayed 2 second(s)

2019-07-29 12:09:32 - [MESSAGE][PASSED] - Delayed 2 second(s)

2019-07-29 12:09:32 - [TEST_STEP][PASSED] - waitForElementPresent(findTestObject("Regression BackOffice/CLNK-23441/CaregiverSearchButton"), 50): Object 'Object Repository/Regression BackOffice/CLNK-23441/CaregiverSearchButton' is present

2019-07-29 12:09:32 - [MESSAGE][PASSED] - Object 'Object Repository/Regression BackOffice/CLNK-23441/CaregiverSearchButton' is present

2019-07-29 12:09:32 - [TEST_STEP][PASSED] - click(findTestObject("Regression BackOffice/CLNK-23441/CaregiverSearchButton"), STOP_ON_FAILURE): Object: 'Object Repository/Regression BackOffice/CLNK-23441/CaregiverSearchButton' is clicked on

2019-07-29 12:09:32 - [MESSAGE][PASSED] - Object: 'Object Repository/Regression BackOffice/CLNK-23441/CaregiverSearchButton' is clicked on

2019-07-29 12:09:32 - [TEST_STEP][PASSED] - delay(2): Delayed 2 second(s)

2019-07-29 12:09:34 - [MESSAGE][PASSED] - Delayed 2 second(s)

2019-07-29 12:09:34 - [TEST_STEP][PASSED] - waitForElementPresent(findTestObject("Regression BackOffice/CLINK-23442/ClientLink"), 50): Object 'Object Repository/Regression BackOffice/CLINK-23442/ClientLink' is present

2019-07-29 12:09:34 - [MESSAGE][PASSED] - Object 'Object Repository/Regression BackOffice/CLINK-23442/ClientLink' is present

2019-07-29 12:09:34 - [TEST_STEP][PASSED] - click(findTestObject("Regression BackOffice/CLINK-23442/ClientLink"), STOP_ON_FAILURE): Object: 'Object Repository/Regression BackOffice/CLINK-23442/ClientLink' is clicked on

2019-07-29 12:09:37 - [MESSAGE][PASSED] - Object: 'Object Repository/Regression BackOffice/CLINK-23442/ClientLink' is clicked on

2019-07-29 12:09:37 - [TEST_STEP][PASSED] - delay(2): Delayed 2 second(s)

2019-07-29 12:09:39 - [MESSAGE][PASSED] - Delayed 2 second(s)

2019-07-29 12:09:39 - [TEST_STEP][PASSED] - waitForElementPresent(findTestObject("Regression BackOffice/CLINK-23442/NickName"), 50): Object 'Object Repository/Regression BackOffice/CLINK-23442/NickName' is present

2019-07-29 12:09:39 - [MESSAGE][PASSED] - Object 'Object Repository/Regression BackOffice/CLINK-23442/NickName' is present

2019-07-29 12:09:39 - [TEST_STEP][PASSED] - setText(findTestObject("Regression BackOffice/CLINK-23442/NickName"), "Pache"): Text 'Pache' is set on object 'Object Repository/Regression BackOffice/CLINK-23442/NickName'

2019-07-29 12:09:39 - [MESSAGE][PASSED] - Text 'Pache' is set on object 'Object Repository/Regression BackOffice/CLINK-23442/NickName'

2019-07-29 12:09:39 - [TEST_STEP][PASSED] - delay(2): Delayed 2 second(s)

2019-07-29 12:09:41 - [MESSAGE][PASSED] - Delayed 2 second(s)

2019-07-29 12:09:41 - [TEST_STEP][PASSED] - scrollToElement(findTestObject("Regression BackOffice/CLINK-23442/NewPhoneLink"), 50): Scroll to object 'Object Repository/Regression BackOffice/CLINK-23442/NewPhoneLink' successfully

2019-07-29 12:09:41 - [MESSAGE][PASSED] - Scroll to object 'Object Repository/Regression BackOffice/CLINK-23442/NewPhoneLink' successfully

2019-07-29 12:09:41 - [TEST_STEP][PASSED] - delay(1): Delayed 1 second(s)

2019-07-29 12:09:42 - [MESSAGE][PASSED] - Delayed 1 second(s)

2019-07-29 12:09:42 - [TEST_STEP][PASSED] - click(findTestObject("Regression BackOffice/CLINK-23442/NewPhoneLink"), STOP_ON_FAILURE): Object: 'Object Repository/Regression BackOffice/CLINK-23442/NewPhoneLink' is clicked on

2019-07-29 12:09:42 - [MESSAGE][PASSED] - Object: 'Object Repository/Regression BackOffice/CLINK-23442/NewPhoneLink' is clicked on

2019-07-29 12:09:42 - [TEST_STEP][PASSED] - delay(2): Delayed 2 second(s)

2019-07-29 12:09:44 - [MESSAGE][PASSED] - Delayed 2 second(s)

2019-07-29 12:09:44 - [TEST_STEP][PASSED] - waitForElementPresent(findTestObject("Regression BackOffice/CLINK-23442/PhoneTypeList"), 50): Object 'Object Repository/Regression BackOffice/CLINK-23442/PhoneTypeList' is present

2019-07-29 12:09:44 - [MESSAGE][PASSED] - Object 'Object Repository/Regression BackOffice/CLINK-23442/PhoneTypeList' is present

2019-07-29 12:09:44 - [TEST_STEP][PASSED] - click(findTestObject("Regression BackOffice/CLINK-23442/PhoneTypeList"), STOP_ON_FAILURE): Object: 'Object Repository/Regression BackOffice/CLINK-23442/PhoneTypeList' is clicked on

2019-07-29 12:09:44 - [MESSAGE][PASSED] - Object: 'Object Repository/Regression BackOffice/CLINK-23442/PhoneTypeList' is clicked on

2019-07-29 12:09:44 - [TEST_STEP][PASSED] - sendKeys(findTestObject("Regression BackOffice/CLINK-23442/PhoneTypeList"), Keys.chord(ARROW_DOWN, ARROW_DOWN, ARROW_DOWN, ENTER)): Keys 'DOWN + DOWN + DOWN + ENTER + ' sent to object: 'Object Repository/Regression BackOffice/CLINK-23442/PhoneTypeList'

2019-07-29 12:09:45 - [MESSAGE][PASSED] - Keys 'DOWN + DOWN + DOWN + ENTER + ' sent to object: 'Object Repository/Regression BackOffice/CLINK-23442/PhoneTypeList'

2019-07-29 12:09:45 - [TEST_STEP][PASSED] - delay(2): Delayed 2 second(s)

2019-07-29 12:09:47 - [MESSAGE][PASSED] - Delayed 2 second(s)

2019-07-29 12:09:47 - [TEST_STEP][PASSED] - waitForElementPresent(findTestObject("Regression BackOffice/CLINK-23442/PhoneNumber"), 50): Object 'Object Repository/Regression BackOffice/CLINK-23442/PhoneNumber' is present

2019-07-29 12:09:47 - [MESSAGE][PASSED] - Object 'Object Repository/Regression BackOffice/CLINK-23442/PhoneNumber' is present

2019-07-29 12:09:47 - [TEST_STEP][PASSED] - setText(findTestObject("Regression BackOffice/CLINK-23442/PhoneNumber"), "1234567890"): Text '1234567890' is set on object 'Object Repository/Regression BackOffice/CLINK-23442/PhoneNumber'

2019-07-29 12:09:47 - [MESSAGE][PASSED] - Text '1234567890' is set on object 'Object Repository/Regression BackOffice/CLINK-23442/PhoneNumber'

2019-07-29 12:09:47 - [TEST_STEP][PASSED] - delay(2): Delayed 2 second(s)

2019-07-29 12:09:49 - [MESSAGE][PASSED] - Delayed 2 second(s)

2019-07-29 12:09:49 - [TEST_STEP][PASSED] - waitForElementPresent(findTestObject("Regression BackOffice/CLINK-23442/Add to List Button"), 50): Object 'Object Repository/Regression BackOffice/CLINK-23442/Add to List Button' is present

2019-07-29 12:09:49 - [MESSAGE][PASSED] - Object 'Object Repository/Regression BackOffice/CLINK-23442/Add to List Button' is present

2019-07-29 12:09:49 - [TEST_STEP][PASSED] - click(findTestObject("Regression BackOffice/CLINK-23442/Add to List Button"), STOP_ON_FAILURE): Object: 'Object Repository/Regression BackOffice/CLINK-23442/Add to List Button' is clicked on

2019-07-29 12:09:49 - [MESSAGE][PASSED] - Object: 'Object Repository/Regression BackOffice/CLINK-23442/Add to List Button' is clicked on

2019-07-29 12:09:49 - [TEST_STEP][PASSED] - delay(2): Delayed 2 second(s)

2019-07-29 12:09:51 - [MESSAGE][PASSED] - Delayed 2 second(s)

2019-07-29 12:09:51 - [TEST_STEP][PASSED] - waitForElementPresent(findTestObject("Regression BackOffice/CLINK-23442/Group"), 50): Object 'Object Repository/Regression BackOffice/CLINK-23442/Group' is present

2019-07-29 12:09:51 - [MESSAGE][PASSED] - Object 'Object Repository/Regression BackOffice/CLINK-23442/Group' is present

2019-07-29 12:09:51 - [TEST_STEP][PASSED] - click(findTestObject("Regression BackOffice/CLINK-23442/Group"), STOP_ON_FAILURE): Object: 'Object Repository/Regression BackOffice/CLINK-23442/Group' is clicked on

2019-07-29 12:09:51 - [MESSAGE][PASSED] - Object: 'Object Repository/Regression BackOffice/CLINK-23442/Group' is clicked on

2019-07-29 12:09:51 - [TEST_STEP][PASSED] - sendKeys(findTestObject("Regression BackOffice/CLINK-23442/Group"), Keys.chord(ARROW_DOWN, ENTER)): Keys 'DOWN + ENTER + ' sent to object: 'Object Repository/Regression BackOffice/CLINK-23442/Group'

2019-07-29 12:09:51 - [MESSAGE][PASSED] - Keys 'DOWN + ENTER + ' sent to object: 'Object Repository/Regression BackOffice/CLINK-23442/Group'

2019-07-29 12:09:51 - [TEST_STEP][PASSED] - delay(2): Delayed 2 second(s)

2019-07-29 12:09:53 - [MESSAGE][PASSED] - Delayed 2 second(s)

2019-07-29 12:09:53 - [TEST_STEP][PASSED] - waitForElementPresent(findTestObject("Regression BackOffice/CLINK-23442/SubGroup"), 50): Object 'Object Repository/Regression BackOffice/CLINK-23442/SubGroup' is present

2019-07-29 12:09:53 - [MESSAGE][PASSED] - Object 'Object Repository/Regression BackOffice/CLINK-23442/SubGroup' is present

2019-07-29 12:09:53 - [TEST_STEP][PASSED] - click(findTestObject("Regression BackOffice/CLINK-23442/SubGroup"), STOP_ON_FAILURE): Object: 'Object Repository/Regression BackOffice/CLINK-23442/SubGroup' is clicked on

2019-07-29 12:09:54 - [MESSAGE][PASSED] - Object: 'Object Repository/Regression BackOffice/CLINK-23442/SubGroup' is clicked on

2019-07-29 12:09:54 - [TEST_STEP][PASSED] - sendKeys(findTestObject("Regression BackOffice/CLINK-23442/SubGroup"), Keys.chord(ARROW_DOWN, ENTER)): Keys 'DOWN + ENTER + ' sent to object: 'Object Repository/Regression BackOffice/CLINK-23442/SubGroup'

2019-07-29 12:09:54 - [MESSAGE][PASSED] - Keys 'DOWN + ENTER + ' sent to object: 'Object Repository/Regression BackOffice/CLINK-23442/SubGroup'

2019-07-29 12:09:54 - [TEST_STEP][PASSED] - delay(2): Delayed 2 second(s)

2019-07-29 12:09:56 - [MESSAGE][PASSED] - Delayed 2 second(s)

2019-07-29 12:09:56 - [TEST_STEP][PASSED] - scrollToElement(findTestObject("Regression BackOffice/CLINK-23442/Add Discipline"), 50): Scroll to object 'Object Repository/Regression BackOffice/CLINK-23442/Add Discipline' successfully

2019-07-29 12:09:56 - [MESSAGE][PASSED] - Scroll to object 'Object Repository/Regression BackOffice/CLINK-23442/Add Discipline' successfully

2019-07-29 12:09:56 - [TEST_STEP][PASSED] - click(findTestObject("Regression BackOffice/CLINK-23442/Add Discipline"), STOP_ON_FAILURE): Object: 'Object Repository/Regression BackOffice/CLINK-23442/Add Discipline' is clicked on

2019-07-29 12:09:56 - [MESSAGE][PASSED] - Object: 'Object Repository/Regression BackOffice/CLINK-23442/Add Discipline' is clicked on

2019-07-29 12:09:56 - [TEST_STEP][PASSED] - delay(2): Delayed 2 second(s)

2019-07-29 12:09:58 - [MESSAGE][PASSED] - Delayed 2 second(s)

2019-07-29 12:09:58 - [TEST_STEP][PASSED] - waitForElementPresent(findTestObject("Regression BackOffice/CLINK-23442/DisciplineList"), 50): Object 'Object Repository/Regression BackOffice/CLINK-23442/DisciplineList' is present

2019-07-29 12:09:58 - [MESSAGE][PASSED] - Object 'Object Repository/Regression BackOffice/CLINK-23442/DisciplineList' is present

2019-07-29 12:09:58 - [TEST_STEP][PASSED] - click(findTestObject("Regression BackOffice/CLINK-23442/DisciplineList"), STOP_ON_FAILURE): Object: 'Object Repository/Regression BackOffice/CLINK-23442/DisciplineList' is clicked on

2019-07-29 12:09:58 - [MESSAGE][PASSED] - Object: 'Object Repository/Regression BackOffice/CLINK-23442/DisciplineList' is clicked on

2019-07-29 12:09:58 - [TEST_STEP][PASSED] - sendKeys(findTestObject("Regression BackOffice/CLINK-23442/DisciplineList"), Keys.chord(ARROW_DOWN, ARROW_DOWN, ARROW_DOWN, ARROW_DOWN, ARROW_DOWN, ARROW_DOWN, ARROW_DOWN, ARROW_DOWN, ARROW_DOWN, ARROW_DOWN, ARROW_DOWN, ARROW_DOWN, ENTER)): Keys 'DOWN + DOWN + DOWN + DOWN + DOWN + DOWN + DOWN + DOWN + DOWN + DOWN + DOWN + DOWN + ENTER + ' sent to object: 'Object Repository/Regression BackOffice/CLINK-23442/DisciplineList'

2019-07-29 12:09:58 - [MESSAGE][PASSED] - Keys 'DOWN + DOWN + DOWN + DOWN + DOWN + DOWN + DOWN + DOWN + DOWN + DOWN + DOWN + DOWN + ENTER + ' sent to object: 'Object Repository/Regression BackOffice/CLINK-23442/DisciplineList'

2019-07-29 12:09:58 - [TEST_STEP][PASSED] - delay(2): Delayed 2 second(s)

2019-07-29 12:10:00 - [MESSAGE][PASSED] - Delayed 2 second(s)

2019-07-29 12:10:00 - [TEST_STEP][PASSED] - waitForElementPresent(findTestObject("Regression BackOffice/CLINK-23442/Begin Date"), 50): Object 'Object Repository/Regression BackOffice/CLINK-23442/Begin Date' is present

2019-07-29 12:10:00 - [MESSAGE][PASSED] - Object 'Object Repository/Regression BackOffice/CLINK-23442/Begin Date' is present

2019-07-29 12:10:00 - [TEST_STEP][PASSED] - setText(findTestObject("Regression BackOffice/CLINK-23442/Begin Date"), getDate.DateUtilities.getDateMonthDayYearNumberwithSlash()): Text '07/29/2019' is set on object 'Object Repository/Regression BackOffice/CLINK-23442/Begin Date'

2019-07-29 12:10:00 - [MESSAGE][PASSED] - getDate.DateUtilities.getDateMonthDayYearNumberwithSlash is PASSED

2019-07-29 12:10:01 - [MESSAGE][PASSED] - Text '07/29/2019' is set on object 'Object Repository/Regression BackOffice/CLINK-23442/Begin Date'

2019-07-29 12:10:01 - [TEST_STEP][PASSED] - delay(2): Delayed 2 second(s)

2019-07-29 12:10:03 - [MESSAGE][PASSED] - Delayed 2 second(s)

2019-07-29 12:10:03 - [TEST_STEP][PASSED] - waitForElementPresent(findTestObject("Regression BackOffice/CLINK-23442/Add to List Discipline"), 50): Object 'Object Repository/Regression BackOffice/CLINK-23442/Add to List Discipline' is present

2019-07-29 12:10:03 - [MESSAGE][PASSED] - Object 'Object Repository/Regression BackOffice/CLINK-23442/Add to List Discipline' is present

2019-07-29 12:10:03 - [TEST_STEP][PASSED] - click(findTestObject("Regression BackOffice/CLINK-23442/Add to List Discipline"), STOP_ON_FAILURE): Object: 'Object Repository/Regression BackOffice/CLINK-23442/Add to List Discipline' is clicked on

2019-07-29 12:10:03 - [MESSAGE][PASSED] - Object: 'Object Repository/Regression BackOffice/CLINK-23442/Add to List Discipline' is clicked on

2019-07-29 12:10:03 - [TEST_STEP][PASSED] - switchToDefaultContent(): Switching to default content failed because an alert is presented on page. Please switch to default content after dealing with the alert.

2019-07-29 12:10:03 - [MESSAGE][WARNING] - Switching to default content failed because an alert is presented on page. Please switch to default content after dealing with the alert.

2019-07-29 12:10:03 - [TEST_STEP][PASSED] - acceptAlert(): Alert accepted

2019-07-29 12:10:03 - [MESSAGE][PASSED] - Alert accepted

2019-07-29 12:10:03 - [TEST_STEP][PASSED] - delay(5): Delayed 5 second(s)

2019-07-29 12:10:08 - [MESSAGE][PASSED] - Delayed 5 second(s)

2019-07-29 12:10:08 - [TEST_STEP][PASSED] - waitForPageLoad(50): Wait for page load successfully

2019-07-29 12:10:08 - [MESSAGE][PASSED] - Wait for page load successfully

2019-07-29 12:10:08 - [TEST_STEP][PASSED] - switchToDefaultContent(): null

2019-07-29 12:10:08 - [TEST_STEP][PASSED] - switchToFrame(findTestObject("Regression BackOffice/CLNK-23449/FrameMain"), 30): null

2019-07-29 12:10:08 - [TEST_STEP][PASSED] - waitForElementPresent(findTestObject("Regression BackOffice/CLINK-23442/RequestChart"), 50): Object 'Object Repository/Regression BackOffice/CLINK-23442/RequestChart' is present

2019-07-29 12:10:08 - [MESSAGE][PASSED] - Object 'Object Repository/Regression BackOffice/CLINK-23442/RequestChart' is present

2019-07-29 12:10:08 - [TEST_STEP][PASSED] - click(findTestObject("Regression BackOffice/CLINK-23442/RequestChart"), STOP_ON_FAILURE): Object: 'Object Repository/Regression BackOffice/CLINK-23442/RequestChart' is clicked on

2019-07-29 12:10:08 - [MESSAGE][PASSED] - Object: 'Object Repository/Regression BackOffice/CLINK-23442/RequestChart' is clicked on

2019-07-29 12:10:08 - [TEST_STEP][PASSED] - delay(2): Delayed 2 second(s)

2019-07-29 12:10:10 - [MESSAGE][PASSED] - Delayed 2 second(s)

2019-07-29 12:10:10 - [TEST_STEP][PASSED] - waitForElementPresent(findTestObject("Regression BackOffice/CLINK-23442/QAReviewForForms"), 50): Object 'Object Repository/Regression BackOffice/CLINK-23442/QAReviewForForms' is present

2019-07-29 12:10:10 - [MESSAGE][PASSED] - Object 'Object Repository/Regression BackOffice/CLINK-23442/QAReviewForForms' is present

2019-07-29 12:10:10 - [TEST_STEP][PASSED] - click(findTestObject("Regression BackOffice/CLINK-23442/QAReviewForForms"), STOP_ON_FAILURE): Object: 'Object Repository/Regression BackOffice/CLINK-23442/QAReviewForForms' is clicked on

2019-07-29 12:10:10 - [MESSAGE][PASSED] - Object: 'Object Repository/Regression BackOffice/CLINK-23442/QAReviewForForms' is clicked on

2019-07-29 12:10:10 - [TEST_STEP][PASSED] - delay(2): Delayed 2 second(s)

2019-07-29 12:10:12 - [MESSAGE][PASSED] - Delayed 2 second(s)

2019-07-29 12:10:12 - [TEST_STEP][PASSED] - switchToDefaultContent(): null

2019-07-29 12:10:12 - [TEST_STEP][PASSED] - switchToFrame(findTestObject("Regression BackOffice/CLINK-23442/BannerFrame"), 30): null

2019-07-29 12:10:12 - [TEST_STEP][PASSED] - waitForElementPresent(findTestObject("Regression BackOffice/CLINK-23442/SaveButton"), 50): Object 'Object Repository/Regression BackOffice/CLINK-23442/SaveButton' is present

2019-07-29 12:10:12 - [MESSAGE][PASSED] - Object 'Object Repository/Regression BackOffice/CLINK-23442/SaveButton' is present

2019-07-29 12:10:12 - [TEST_STEP][PASSED] - click(findTestObject("Regression BackOffice/CLINK-23442/SaveButton")): Object: 'Object Repository/Regression BackOffice/CLINK-23442/SaveButton' is clicked on

2019-07-29 12:10:17 - [MESSAGE][PASSED] - Object: 'Object Repository/Regression BackOffice/CLINK-23442/SaveButton' is clicked on

2019-07-29 12:10:17 - [TEST_STEP][PASSED] - delay(2): Delayed 2 second(s)

2019-07-29 12:10:19 - [MESSAGE][PASSED] - Delayed 2 second(s)

2019-07-29 12:10:19 - [TEST_STEP][PASSED] - closeBrowser(): Browser is closed

2019-07-29 12:10:20 - [MESSAGE][PASSED] - Browser is closed]]></system-out>
         <system-err><![CDATA[]]></system-err>
      </testcase>
      <testcase name="Test Cases/Regression BackOffice (All Browsers)/CLNK-23445 - Back office Caregiver HR Details" classname="Test Cases/Regression BackOffice (All Browsers)/CLNK-23445 - Back office Caregiver HR Details" status="PASSED">
         <system-out><![CDATA[2019-07-29 12:10:22 - [TEST_CASE][PASSED] - Test Cases/Regression BackOffice (All Browsers)/CLNK-23445 - Back office Caregiver HR Details: Test Cases/Regression BackOffice (All Browsers)/CLNK-23445 - Back office Caregiver HR Details

2019-07-29 12:10:22 - [TEST_STEP][PASSED] - callTestCase(findTestCase("Regression BackOffice (All Browsers)/CLNK-23439 - Clink - Back office Client"), [:], STOP_ON_FAILURE): Call Test Case 'Test Cases/Regression BackOffice (All Browsers)/CLNK-23439 - Clink - Back office Client' successfully

2019-07-29 12:10:23 - [TEST_CASE][PASSED] - Test Cases/Regression BackOffice (All Browsers)/CLNK-23439 - Clink - Back office Client: Test Cases/Regression BackOffice (All Browsers)/CLNK-23439 - Clink - Back office Client

2019-07-29 12:10:23 - [TEST_STEP][PASSED] - openBrowser(G_SiteBackOffice): Browser is opened with url: 'http://qanewpoc.continulink.com:81/backoffice/Login.aspx'

2019-07-29 12:10:23 - [MESSAGE][INFO] - Starting 'Chrome' driver

2019-07-29 12:10:30 - [MESSAGE][PASSED] - Browser is opened with url: 'http://qanewpoc.continulink.com:81/backoffice/Login.aspx'

2019-07-29 12:10:30 - [TEST_STEP][PASSED] - waitForPageLoad(60): Wait for page load successfully

2019-07-29 12:10:30 - [MESSAGE][PASSED] - Wait for page load successfully

2019-07-29 12:10:30 - [TEST_STEP][PASSED] - maximizeWindow(): Current window maximized

2019-07-29 12:10:34 - [MESSAGE][PASSED] - Current window maximized

2019-07-29 12:10:34 - [TEST_STEP][PASSED] - setText(findTestObject("Regression BackOffice/Login/UserBackOffice"), G_UserBackOffice): Text 'demo' is set on object 'Object Repository/Regression BackOffice/Login/UserBackOffice'

2019-07-29 12:10:34 - [MESSAGE][PASSED] - Text 'demo' is set on object 'Object Repository/Regression BackOffice/Login/UserBackOffice'

2019-07-29 12:10:34 - [TEST_STEP][PASSED] - setText(findTestObject("Regression BackOffice/Login/PasswordBackOffice"), G_PasswordBackOffice): Text 'qwerty' is set on object 'Object Repository/Regression BackOffice/Login/PasswordBackOffice'

2019-07-29 12:10:34 - [MESSAGE][PASSED] - Text 'qwerty' is set on object 'Object Repository/Regression BackOffice/Login/PasswordBackOffice'

2019-07-29 12:10:34 - [TEST_STEP][PASSED] - click(findTestObject("Regression BackOffice/Login/LoginBackOffice")): Object: 'Object Repository/Regression BackOffice/Login/LoginBackOffice' is clicked on

2019-07-29 12:10:40 - [MESSAGE][PASSED] - Object: 'Object Repository/Regression BackOffice/Login/LoginBackOffice' is clicked on

2019-07-29 12:10:40 - [TEST_STEP][PASSED] - waitForPageLoad(60): Wait for page load successfully

2019-07-29 12:10:40 - [MESSAGE][PASSED] - Wait for page load successfully

2019-07-29 12:10:40 - [TEST_STEP][PASSED] - delay(3): Delayed 3 second(s)

2019-07-29 12:10:43 - [MESSAGE][PASSED] - Delayed 3 second(s)

2019-07-29 12:10:43 - [TEST_STEP][PASSED] - switchToFrame(findTestObject("Regression BackOffice/CLNK-23449/FrameLeft"), 5): null

2019-07-29 12:10:43 - [TEST_STEP][PASSED] - waitForElementPresent(findTestObject("Regression BackOffice/CLNK-23449/ClienIntakeICon"), 60): Object 'Object Repository/Regression BackOffice/CLNK-23449/ClienIntakeICon' is present

2019-07-29 12:10:43 - [MESSAGE][PASSED] - Object 'Object Repository/Regression BackOffice/CLNK-23449/ClienIntakeICon' is present

2019-07-29 12:10:43 - [TEST_STEP][PASSED] - verifyElementPresent(findTestObject("Regression BackOffice/CLNK-23449/ClienIntakeICon"), 100): Object 'Object Repository/Regression BackOffice/CLNK-23449/ClienIntakeICon' is present

2019-07-29 12:10:43 - [MESSAGE][PASSED] - Object 'Object Repository/Regression BackOffice/CLNK-23449/ClienIntakeICon' is present

2019-07-29 12:10:43 - [TEST_STEP][PASSED] - switchToDefaultContent(): null

2019-07-29 12:10:43 - [MESSAGE][PASSED] - Call Test Case 'Test Cases/Regression BackOffice (All Browsers)/CLNK-23439 - Clink - Back office Client' successfully

2019-07-29 12:10:43 - [TEST_STEP][PASSED] - waitForPageLoad(60): Wait for page load successfully

2019-07-29 12:10:43 - [MESSAGE][PASSED] - Wait for page load successfully

2019-07-29 12:10:43 - [TEST_STEP][PASSED] - delay(3): Delayed 3 second(s)

2019-07-29 12:10:46 - [MESSAGE][PASSED] - Delayed 3 second(s)

2019-07-29 12:10:46 - [TEST_STEP][PASSED] - switchToFrame(findTestObject("Regression BackOffice/CLNK-23449/FrameLeft"), 30): null

2019-07-29 12:10:46 - [TEST_STEP][PASSED] - waitForElementPresent(findTestObject("Regression BackOffice/CLNK-23441/Caregiver  HRLink"), 100): Object 'Object Repository/Regression BackOffice/CLNK-23441/Caregiver  HRLink' is present

2019-07-29 12:10:46 - [MESSAGE][PASSED] - Object 'Object Repository/Regression BackOffice/CLNK-23441/Caregiver  HRLink' is present

2019-07-29 12:10:46 - [TEST_STEP][PASSED] - click(findTestObject("Regression BackOffice/CLNK-23441/Caregiver  HRLink")): Object: 'Object Repository/Regression BackOffice/CLNK-23441/Caregiver  HRLink' is clicked on

2019-07-29 12:10:46 - [MESSAGE][PASSED] - Object: 'Object Repository/Regression BackOffice/CLNK-23441/Caregiver  HRLink' is clicked on

2019-07-29 12:10:46 - [TEST_STEP][PASSED] - delay(2): Delayed 2 second(s)

2019-07-29 12:10:48 - [MESSAGE][PASSED] - Delayed 2 second(s)

2019-07-29 12:10:48 - [TEST_STEP][PASSED] - waitForPageLoad(50): Wait for page load successfully

2019-07-29 12:10:48 - [MESSAGE][PASSED] - Wait for page load successfully

2019-07-29 12:10:48 - [TEST_STEP][PASSED] - waitForElementPresent(findTestObject("Regression BackOffice/CLINK-23445/CaregiverHRDetails"), 50): Object 'Object Repository/Regression BackOffice/CLINK-23445/CaregiverHRDetails' is present

2019-07-29 12:10:48 - [MESSAGE][PASSED] - Object 'Object Repository/Regression BackOffice/CLINK-23445/CaregiverHRDetails' is present

2019-07-29 12:10:48 - [TEST_STEP][PASSED] - click(findTestObject("Regression BackOffice/CLINK-23445/CaregiverHRDetails")): Object: 'Object Repository/Regression BackOffice/CLINK-23445/CaregiverHRDetails' is clicked on

2019-07-29 12:10:50 - [MESSAGE][PASSED] - Object: 'Object Repository/Regression BackOffice/CLINK-23445/CaregiverHRDetails' is clicked on

2019-07-29 12:10:50 - [TEST_STEP][PASSED] - delay(2): Delayed 2 second(s)

2019-07-29 12:10:52 - [MESSAGE][PASSED] - Delayed 2 second(s)

2019-07-29 12:10:52 - [TEST_STEP][PASSED] - switchToDefaultContent(): null

2019-07-29 12:10:52 - [TEST_STEP][PASSED] - switchToFrame(findTestObject("Regression BackOffice/CLNK-23449/FrameMain"), 30): null

2019-07-29 12:10:52 - [TEST_STEP][PASSED] - waitForElementPresent(findTestObject("Regression BackOffice/CLNK-10235/FirstNameSearch"), 50): Object 'Object Repository/Regression BackOffice/CLNK-10235/FirstNameSearch' is present

2019-07-29 12:10:52 - [MESSAGE][PASSED] - Object 'Object Repository/Regression BackOffice/CLNK-10235/FirstNameSearch' is present

2019-07-29 12:10:52 - [TEST_STEP][PASSED] - setText(findTestObject("Regression BackOffice/CLNK-10235/FirstNameSearch"), G_CaregiverFirstName): Text 'Shaw' is set on object 'Object Repository/Regression BackOffice/CLNK-10235/FirstNameSearch'

2019-07-29 12:10:52 - [MESSAGE][PASSED] - Text 'Shaw' is set on object 'Object Repository/Regression BackOffice/CLNK-10235/FirstNameSearch'

2019-07-29 12:10:52 - [TEST_STEP][PASSED] - delay(2): Delayed 2 second(s)

2019-07-29 12:10:54 - [MESSAGE][PASSED] - Delayed 2 second(s)

2019-07-29 12:10:54 - [TEST_STEP][PASSED] - waitForElementPresent(findTestObject("Regression BackOffice/CLNK-23441/Last NameHR"), 50): Object 'Object Repository/Regression BackOffice/CLNK-23441/Last NameHR' is present

2019-07-29 12:10:54 - [MESSAGE][PASSED] - Object 'Object Repository/Regression BackOffice/CLNK-23441/Last NameHR' is present

2019-07-29 12:10:54 - [TEST_STEP][PASSED] - setText(findTestObject("Regression BackOffice/CLNK-23441/Last NameHR"), G_CareGiverLastName): Text 'Yotun' is set on object 'Object Repository/Regression BackOffice/CLNK-23441/Last NameHR'

2019-07-29 12:10:54 - [MESSAGE][PASSED] - Text 'Yotun' is set on object 'Object Repository/Regression BackOffice/CLNK-23441/Last NameHR'

2019-07-29 12:10:54 - [TEST_STEP][PASSED] - delay(2): Delayed 2 second(s)

2019-07-29 12:10:56 - [MESSAGE][PASSED] - Delayed 2 second(s)

2019-07-29 12:10:56 - [TEST_STEP][PASSED] - waitForElementPresent(findTestObject("Regression BackOffice/CLNK-23441/CaregiverSearchButton"), 50): Object 'Object Repository/Regression BackOffice/CLNK-23441/CaregiverSearchButton' is present

2019-07-29 12:10:56 - [MESSAGE][PASSED] - Object 'Object Repository/Regression BackOffice/CLNK-23441/CaregiverSearchButton' is present

2019-07-29 12:10:56 - [TEST_STEP][PASSED] - click(findTestObject("Regression BackOffice/CLNK-23441/CaregiverSearchButton"), STOP_ON_FAILURE): Object: 'Object Repository/Regression BackOffice/CLNK-23441/CaregiverSearchButton' is clicked on

2019-07-29 12:10:57 - [MESSAGE][PASSED] - Object: 'Object Repository/Regression BackOffice/CLNK-23441/CaregiverSearchButton' is clicked on

2019-07-29 12:10:57 - [TEST_STEP][PASSED] - delay(2): Delayed 2 second(s)

2019-07-29 12:10:59 - [MESSAGE][PASSED] - Delayed 2 second(s)

2019-07-29 12:10:59 - [TEST_STEP][PASSED] - waitForElementPresent(findTestObject("Regression BackOffice/CLINK-23442/ClientLink"), 50): Object 'Object Repository/Regression BackOffice/CLINK-23442/ClientLink' is present

2019-07-29 12:10:59 - [MESSAGE][PASSED] - Object 'Object Repository/Regression BackOffice/CLINK-23442/ClientLink' is present

2019-07-29 12:10:59 - [TEST_STEP][PASSED] - click(findTestObject("Regression BackOffice/CLINK-23442/ClientLink"), STOP_ON_FAILURE): Object: 'Object Repository/Regression BackOffice/CLINK-23442/ClientLink' is clicked on

2019-07-29 12:11:01 - [MESSAGE][PASSED] - Object: 'Object Repository/Regression BackOffice/CLINK-23442/ClientLink' is clicked on

2019-07-29 12:11:01 - [TEST_STEP][PASSED] - delay(2): Delayed 2 second(s)

2019-07-29 12:11:03 - [MESSAGE][PASSED] - Delayed 2 second(s)

2019-07-29 12:11:03 - [TEST_STEP][PASSED] - waitForElementPresent(findTestObject("Regression BackOffice/CLINK-23445/Middle Initial"), 50): Object 'Object Repository/Regression BackOffice/CLINK-23445/Middle Initial' is present

2019-07-29 12:11:03 - [MESSAGE][PASSED] - Object 'Object Repository/Regression BackOffice/CLINK-23445/Middle Initial' is present

2019-07-29 12:11:03 - [TEST_STEP][PASSED] - setText(findTestObject("Regression BackOffice/CLINK-23445/Middle Initial"), "M"): Text 'M' is set on object 'Object Repository/Regression BackOffice/CLINK-23445/Middle Initial'

2019-07-29 12:11:03 - [MESSAGE][PASSED] - Text 'M' is set on object 'Object Repository/Regression BackOffice/CLINK-23445/Middle Initial'

2019-07-29 12:11:03 - [TEST_STEP][PASSED] - delay(2): Delayed 2 second(s)

2019-07-29 12:11:05 - [MESSAGE][PASSED] - Delayed 2 second(s)

2019-07-29 12:11:05 - [TEST_STEP][PASSED] - waitForElementPresent(findTestObject("Regression BackOffice/CLINK-23445/Mail Address"), 50): Object 'Object Repository/Regression BackOffice/CLINK-23445/Mail Address' is present

2019-07-29 12:11:05 - [MESSAGE][PASSED] - Object 'Object Repository/Regression BackOffice/CLINK-23445/Mail Address' is present

2019-07-29 12:11:05 - [TEST_STEP][PASSED] - setText(findTestObject("Regression BackOffice/CLINK-23445/Mail Address"), "isaac@gmail.com"): Text 'isaac@gmail.com' is set on object 'Object Repository/Regression BackOffice/CLINK-23445/Mail Address'

2019-07-29 12:11:05 - [MESSAGE][PASSED] - Text 'isaac@gmail.com' is set on object 'Object Repository/Regression BackOffice/CLINK-23445/Mail Address'

2019-07-29 12:11:05 - [TEST_STEP][PASSED] - delay(2): Delayed 2 second(s)

2019-07-29 12:11:07 - [MESSAGE][PASSED] - Delayed 2 second(s)

2019-07-29 12:11:07 - [TEST_STEP][NOT_RUN] - waitForElementPresent(findTestObject("Regression BackOffice/CLINK-23445/SameasAddress"), 50): NOT_RUN: waitForElementPresent(findTestObject("Regression BackOffice/CLINK-23445/SameasAddress"), 50)

2019-07-29 12:11:07 - [MESSAGE][NOT_RUN] - NOT_RUN: waitForElementPresent(findTestObject("Regression BackOffice/CLINK-23445/SameasAddress"), 50)

2019-07-29 12:11:07 - [TEST_STEP][NOT_RUN] - click(findTestObject("Regression BackOffice/CLINK-23445/SameasAddress"), STOP_ON_FAILURE): NOT_RUN: click(findTestObject("Regression BackOffice/CLINK-23445/SameasAddress"), STOP_ON_FAILURE)

2019-07-29 12:11:07 - [MESSAGE][NOT_RUN] - NOT_RUN: click(findTestObject("Regression BackOffice/CLINK-23445/SameasAddress"), STOP_ON_FAILURE)

2019-07-29 12:11:07 - [TEST_STEP][NOT_RUN] - delay(2): NOT_RUN: delay(2)

2019-07-29 12:11:07 - [MESSAGE][NOT_RUN] - NOT_RUN: delay(2)

2019-07-29 12:11:07 - [TEST_STEP][PASSED] - scrollToElement(findTestObject("Regression BackOffice/CLINK-23445/Race"), 50): Scroll to object 'Object Repository/Regression BackOffice/CLINK-23445/Race' successfully

2019-07-29 12:11:07 - [MESSAGE][PASSED] - Scroll to object 'Object Repository/Regression BackOffice/CLINK-23445/Race' successfully

2019-07-29 12:11:07 - [TEST_STEP][PASSED] - click(findTestObject("Regression BackOffice/CLINK-23445/Race"), STOP_ON_FAILURE): Object: 'Object Repository/Regression BackOffice/CLINK-23445/Race' is clicked on

2019-07-29 12:11:07 - [MESSAGE][PASSED] - Object: 'Object Repository/Regression BackOffice/CLINK-23445/Race' is clicked on

2019-07-29 12:11:07 - [TEST_STEP][PASSED] - sendKeys(findTestObject("Regression BackOffice/CLINK-23445/Race"), Keys.chord(ARROW_UP, ARROW_UP, ENTER)): Keys 'UP + UP + ENTER + ' sent to object: 'Object Repository/Regression BackOffice/CLINK-23445/Race'

2019-07-29 12:11:08 - [MESSAGE][PASSED] - Keys 'UP + UP + ENTER + ' sent to object: 'Object Repository/Regression BackOffice/CLINK-23445/Race'

2019-07-29 12:11:08 - [TEST_STEP][PASSED] - delay(2): Delayed 2 second(s)

2019-07-29 12:11:10 - [MESSAGE][PASSED] - Delayed 2 second(s)

2019-07-29 12:11:10 - [TEST_STEP][PASSED] - waitForElementPresent(findTestObject("Regression BackOffice/CLINK-23445/Sex"), 50): Object 'Object Repository/Regression BackOffice/CLINK-23445/Sex' is present

2019-07-29 12:11:10 - [MESSAGE][PASSED] - Object 'Object Repository/Regression BackOffice/CLINK-23445/Sex' is present

2019-07-29 12:11:10 - [TEST_STEP][PASSED] - click(findTestObject("Regression BackOffice/CLINK-23445/Sex"), STOP_ON_FAILURE): Object: 'Object Repository/Regression BackOffice/CLINK-23445/Sex' is clicked on

2019-07-29 12:11:10 - [MESSAGE][PASSED] - Object: 'Object Repository/Regression BackOffice/CLINK-23445/Sex' is clicked on

2019-07-29 12:11:10 - [TEST_STEP][PASSED] - delay(3): Delayed 3 second(s)

2019-07-29 12:11:13 - [MESSAGE][PASSED] - Delayed 3 second(s)

2019-07-29 12:11:13 - [TEST_STEP][PASSED] - waitForElementPresent(findTestObject("Regression BackOffice/CLINK-23445/Date Of Hire"), 50): Object 'Object Repository/Regression BackOffice/CLINK-23445/Date Of Hire' is present

2019-07-29 12:11:13 - [MESSAGE][PASSED] - Object 'Object Repository/Regression BackOffice/CLINK-23445/Date Of Hire' is present

2019-07-29 12:11:13 - [TEST_STEP][PASSED] - setText(findTestObject("Regression BackOffice/CLINK-23445/Date Of Hire"), "04/20/2019"): Text '04/20/2019' is set on object 'Object Repository/Regression BackOffice/CLINK-23445/Date Of Hire'

2019-07-29 12:11:13 - [MESSAGE][PASSED] - Text '04/20/2019' is set on object 'Object Repository/Regression BackOffice/CLINK-23445/Date Of Hire'

2019-07-29 12:11:13 - [TEST_STEP][PASSED] - delay(4): Delayed 4 second(s)

2019-07-29 12:11:17 - [MESSAGE][PASSED] - Delayed 4 second(s)

2019-07-29 12:11:17 - [TEST_STEP][PASSED] - switchToDefaultContent(): null

2019-07-29 12:11:17 - [TEST_STEP][PASSED] - switchToFrame(findTestObject("Regression BackOffice/CLINK-23444/BannerFrameAtt"), 30): null

2019-07-29 12:11:17 - [TEST_STEP][PASSED] - waitForElementPresent(findTestObject("Regression BackOffice/CLINK-23445/Save"), 50): Object 'Object Repository/Regression BackOffice/CLINK-23445/Save' is present

2019-07-29 12:11:17 - [MESSAGE][PASSED] - Object 'Object Repository/Regression BackOffice/CLINK-23445/Save' is present

2019-07-29 12:11:17 - [TEST_STEP][PASSED] - click(findTestObject("Regression BackOffice/CLINK-23445/Save")): Object: 'Object Repository/Regression BackOffice/CLINK-23445/Save' is clicked on

2019-07-29 12:11:19 - [MESSAGE][PASSED] - Object: 'Object Repository/Regression BackOffice/CLINK-23445/Save' is clicked on

2019-07-29 12:11:19 - [TEST_STEP][PASSED] - delay(2): Delayed 2 second(s)

2019-07-29 12:11:21 - [MESSAGE][PASSED] - Delayed 2 second(s)

2019-07-29 12:11:21 - [TEST_STEP][PASSED] - closeBrowser(): Browser is closed

2019-07-29 12:11:22 - [MESSAGE][PASSED] - Browser is closed]]></system-out>
         <system-err><![CDATA[]]></system-err>
      </testcase>
      <testcase name="Test Cases/Regression BackOffice (All Browsers)/CLNK-23446 - Back office Caregiver Locations" classname="Test Cases/Regression BackOffice (All Browsers)/CLNK-23446 - Back office Caregiver Locations" status="PASSED">
         <system-out><![CDATA[2019-07-29 12:11:24 - [TEST_CASE][PASSED] - Test Cases/Regression BackOffice (All Browsers)/CLNK-23446 - Back office Caregiver Locations: Test Cases/Regression BackOffice (All Browsers)/CLNK-23446 - Back office Caregiver Locations

2019-07-29 12:11:24 - [TEST_STEP][PASSED] - callTestCase(findTestCase("Regression BackOffice (All Browsers)/CLNK-23439 - Clink - Back office Client"), [:], STOP_ON_FAILURE): Call Test Case 'Test Cases/Regression BackOffice (All Browsers)/CLNK-23439 - Clink - Back office Client' successfully

2019-07-29 12:11:24 - [TEST_CASE][PASSED] - Test Cases/Regression BackOffice (All Browsers)/CLNK-23439 - Clink - Back office Client: Test Cases/Regression BackOffice (All Browsers)/CLNK-23439 - Clink - Back office Client

2019-07-29 12:11:24 - [TEST_STEP][PASSED] - openBrowser(G_SiteBackOffice): Browser is opened with url: 'http://qanewpoc.continulink.com:81/backoffice/Login.aspx'

2019-07-29 12:11:24 - [MESSAGE][INFO] - Starting 'Chrome' driver

2019-07-29 12:11:32 - [MESSAGE][PASSED] - Browser is opened with url: 'http://qanewpoc.continulink.com:81/backoffice/Login.aspx'

2019-07-29 12:11:32 - [TEST_STEP][PASSED] - waitForPageLoad(60): Wait for page load successfully

2019-07-29 12:11:32 - [MESSAGE][PASSED] - Wait for page load successfully

2019-07-29 12:11:32 - [TEST_STEP][PASSED] - maximizeWindow(): Current window maximized

2019-07-29 12:11:36 - [MESSAGE][PASSED] - Current window maximized

2019-07-29 12:11:36 - [TEST_STEP][PASSED] - setText(findTestObject("Regression BackOffice/Login/UserBackOffice"), G_UserBackOffice): Text 'demo' is set on object 'Object Repository/Regression BackOffice/Login/UserBackOffice'

2019-07-29 12:11:36 - [MESSAGE][PASSED] - Text 'demo' is set on object 'Object Repository/Regression BackOffice/Login/UserBackOffice'

2019-07-29 12:11:36 - [TEST_STEP][PASSED] - setText(findTestObject("Regression BackOffice/Login/PasswordBackOffice"), G_PasswordBackOffice): Text 'qwerty' is set on object 'Object Repository/Regression BackOffice/Login/PasswordBackOffice'

2019-07-29 12:11:36 - [MESSAGE][PASSED] - Text 'qwerty' is set on object 'Object Repository/Regression BackOffice/Login/PasswordBackOffice'

2019-07-29 12:11:36 - [TEST_STEP][PASSED] - click(findTestObject("Regression BackOffice/Login/LoginBackOffice")): Object: 'Object Repository/Regression BackOffice/Login/LoginBackOffice' is clicked on

2019-07-29 12:11:41 - [MESSAGE][PASSED] - Object: 'Object Repository/Regression BackOffice/Login/LoginBackOffice' is clicked on

2019-07-29 12:11:41 - [TEST_STEP][PASSED] - waitForPageLoad(60): Wait for page load successfully

2019-07-29 12:11:41 - [MESSAGE][PASSED] - Wait for page load successfully

2019-07-29 12:11:41 - [TEST_STEP][PASSED] - delay(3): Delayed 3 second(s)

2019-07-29 12:11:45 - [MESSAGE][PASSED] - Delayed 3 second(s)

2019-07-29 12:11:45 - [TEST_STEP][PASSED] - switchToFrame(findTestObject("Regression BackOffice/CLNK-23449/FrameLeft"), 5): null

2019-07-29 12:11:45 - [TEST_STEP][PASSED] - waitForElementPresent(findTestObject("Regression BackOffice/CLNK-23449/ClienIntakeICon"), 60): Object 'Object Repository/Regression BackOffice/CLNK-23449/ClienIntakeICon' is present

2019-07-29 12:11:45 - [MESSAGE][PASSED] - Object 'Object Repository/Regression BackOffice/CLNK-23449/ClienIntakeICon' is present

2019-07-29 12:11:45 - [TEST_STEP][PASSED] - verifyElementPresent(findTestObject("Regression BackOffice/CLNK-23449/ClienIntakeICon"), 100): Object 'Object Repository/Regression BackOffice/CLNK-23449/ClienIntakeICon' is present

2019-07-29 12:11:45 - [MESSAGE][PASSED] - Object 'Object Repository/Regression BackOffice/CLNK-23449/ClienIntakeICon' is present

2019-07-29 12:11:45 - [TEST_STEP][PASSED] - switchToDefaultContent(): null

2019-07-29 12:11:45 - [MESSAGE][PASSED] - Call Test Case 'Test Cases/Regression BackOffice (All Browsers)/CLNK-23439 - Clink - Back office Client' successfully

2019-07-29 12:11:45 - [TEST_STEP][PASSED] - waitForPageLoad(60): Wait for page load successfully

2019-07-29 12:11:45 - [MESSAGE][PASSED] - Wait for page load successfully

2019-07-29 12:11:45 - [TEST_STEP][PASSED] - delay(3): Delayed 3 second(s)

2019-07-29 12:11:48 - [MESSAGE][PASSED] - Delayed 3 second(s)

2019-07-29 12:11:48 - [TEST_STEP][PASSED] - switchToFrame(findTestObject("Regression BackOffice/CLNK-23449/FrameLeft"), 30): null

2019-07-29 12:11:48 - [TEST_STEP][PASSED] - waitForElementPresent(findTestObject("Regression BackOffice/CLNK-23441/Caregiver  HRLink"), 100): Object 'Object Repository/Regression BackOffice/CLNK-23441/Caregiver  HRLink' is present

2019-07-29 12:11:48 - [MESSAGE][PASSED] - Object 'Object Repository/Regression BackOffice/CLNK-23441/Caregiver  HRLink' is present

2019-07-29 12:11:48 - [TEST_STEP][PASSED] - click(findTestObject("Regression BackOffice/CLNK-23441/Caregiver  HRLink")): Object: 'Object Repository/Regression BackOffice/CLNK-23441/Caregiver  HRLink' is clicked on

2019-07-29 12:11:48 - [MESSAGE][PASSED] - Object: 'Object Repository/Regression BackOffice/CLNK-23441/Caregiver  HRLink' is clicked on

2019-07-29 12:11:48 - [TEST_STEP][PASSED] - delay(2): Delayed 2 second(s)

2019-07-29 12:11:50 - [MESSAGE][PASSED] - Delayed 2 second(s)

2019-07-29 12:11:50 - [TEST_STEP][PASSED] - waitForPageLoad(50): Wait for page load successfully

2019-07-29 12:11:50 - [MESSAGE][PASSED] - Wait for page load successfully

2019-07-29 12:11:50 - [TEST_STEP][PASSED] - waitForElementPresent(findTestObject("Regression BackOffice/CLINK-23446/Caregiver Locations"), 50): Object 'Object Repository/Regression BackOffice/CLINK-23446/Caregiver Locations' is present

2019-07-29 12:11:50 - [MESSAGE][PASSED] - Object 'Object Repository/Regression BackOffice/CLINK-23446/Caregiver Locations' is present

2019-07-29 12:11:50 - [TEST_STEP][PASSED] - click(findTestObject("Regression BackOffice/CLINK-23446/Caregiver Locations")): Object: 'Object Repository/Regression BackOffice/CLINK-23446/Caregiver Locations' is clicked on

2019-07-29 12:11:51 - [MESSAGE][PASSED] - Object: 'Object Repository/Regression BackOffice/CLINK-23446/Caregiver Locations' is clicked on

2019-07-29 12:11:51 - [TEST_STEP][PASSED] - delay(2): Delayed 2 second(s)

2019-07-29 12:11:53 - [MESSAGE][PASSED] - Delayed 2 second(s)

2019-07-29 12:11:53 - [TEST_STEP][PASSED] - switchToDefaultContent(): null

2019-07-29 12:11:53 - [TEST_STEP][PASSED] - switchToFrame(findTestObject("Regression BackOffice/CLNK-23449/FrameMain"), 30): null

2019-07-29 12:11:53 - [TEST_STEP][PASSED] - waitForElementPresent(findTestObject("Regression BackOffice/CLNK-10235/FirstNameSearch"), 50): Object 'Object Repository/Regression BackOffice/CLNK-10235/FirstNameSearch' is present

2019-07-29 12:11:53 - [MESSAGE][PASSED] - Object 'Object Repository/Regression BackOffice/CLNK-10235/FirstNameSearch' is present

2019-07-29 12:11:53 - [TEST_STEP][PASSED] - setText(findTestObject("Regression BackOffice/CLNK-10235/FirstNameSearch"), G_CaregiverFirstName): Text 'Shaw' is set on object 'Object Repository/Regression BackOffice/CLNK-10235/FirstNameSearch'

2019-07-29 12:11:53 - [MESSAGE][PASSED] - Text 'Shaw' is set on object 'Object Repository/Regression BackOffice/CLNK-10235/FirstNameSearch'

2019-07-29 12:11:53 - [TEST_STEP][PASSED] - delay(2): Delayed 2 second(s)

2019-07-29 12:11:55 - [MESSAGE][PASSED] - Delayed 2 second(s)

2019-07-29 12:11:55 - [TEST_STEP][PASSED] - waitForElementPresent(findTestObject("Regression BackOffice/CLNK-23441/Last NameHR"), 50): Object 'Object Repository/Regression BackOffice/CLNK-23441/Last NameHR' is present

2019-07-29 12:11:55 - [MESSAGE][PASSED] - Object 'Object Repository/Regression BackOffice/CLNK-23441/Last NameHR' is present

2019-07-29 12:11:55 - [TEST_STEP][PASSED] - setText(findTestObject("Regression BackOffice/CLNK-23441/Last NameHR"), G_CareGiverLastName): Text 'Yotun' is set on object 'Object Repository/Regression BackOffice/CLNK-23441/Last NameHR'

2019-07-29 12:11:55 - [MESSAGE][PASSED] - Text 'Yotun' is set on object 'Object Repository/Regression BackOffice/CLNK-23441/Last NameHR'

2019-07-29 12:11:55 - [TEST_STEP][PASSED] - delay(2): Delayed 2 second(s)

2019-07-29 12:11:57 - [MESSAGE][PASSED] - Delayed 2 second(s)

2019-07-29 12:11:57 - [TEST_STEP][PASSED] - waitForElementPresent(findTestObject("Regression BackOffice/CLNK-23441/CaregiverSearchButton"), 50): Object 'Object Repository/Regression BackOffice/CLNK-23441/CaregiverSearchButton' is present

2019-07-29 12:11:57 - [MESSAGE][PASSED] - Object 'Object Repository/Regression BackOffice/CLNK-23441/CaregiverSearchButton' is present

2019-07-29 12:11:57 - [TEST_STEP][PASSED] - click(findTestObject("Regression BackOffice/CLNK-23441/CaregiverSearchButton"), STOP_ON_FAILURE): Object: 'Object Repository/Regression BackOffice/CLNK-23441/CaregiverSearchButton' is clicked on

2019-07-29 12:11:58 - [MESSAGE][PASSED] - Object: 'Object Repository/Regression BackOffice/CLNK-23441/CaregiverSearchButton' is clicked on

2019-07-29 12:11:58 - [TEST_STEP][PASSED] - delay(2): Delayed 2 second(s)

2019-07-29 12:12:00 - [MESSAGE][PASSED] - Delayed 2 second(s)

2019-07-29 12:12:00 - [TEST_STEP][PASSED] - waitForElementPresent(findTestObject("Regression BackOffice/CLINK-23442/ClientLink"), 50): Object 'Object Repository/Regression BackOffice/CLINK-23442/ClientLink' is present

2019-07-29 12:12:00 - [MESSAGE][PASSED] - Object 'Object Repository/Regression BackOffice/CLINK-23442/ClientLink' is present

2019-07-29 12:12:00 - [TEST_STEP][PASSED] - click(findTestObject("Regression BackOffice/CLINK-23442/ClientLink"), STOP_ON_FAILURE): Object: 'Object Repository/Regression BackOffice/CLINK-23442/ClientLink' is clicked on

2019-07-29 12:12:02 - [MESSAGE][PASSED] - Object: 'Object Repository/Regression BackOffice/CLINK-23442/ClientLink' is clicked on

2019-07-29 12:12:02 - [TEST_STEP][PASSED] - delay(2): Delayed 2 second(s)

2019-07-29 12:12:04 - [MESSAGE][PASSED] - Delayed 2 second(s)

2019-07-29 12:12:04 - [TEST_STEP][PASSED] - waitForElementPresent(findTestObject("Regression BackOffice/CLINK-23446/NewCaregiverLocation"), 50): Object 'Object Repository/Regression BackOffice/CLINK-23446/NewCaregiverLocation' is present

2019-07-29 12:12:04 - [MESSAGE][PASSED] - Object 'Object Repository/Regression BackOffice/CLINK-23446/NewCaregiverLocation' is present

2019-07-29 12:12:04 - [TEST_STEP][PASSED] - click(findTestObject("Regression BackOffice/CLINK-23446/NewCaregiverLocation"), STOP_ON_FAILURE): Object: 'Object Repository/Regression BackOffice/CLINK-23446/NewCaregiverLocation' is clicked on

2019-07-29 12:12:04 - [MESSAGE][PASSED] - Object: 'Object Repository/Regression BackOffice/CLINK-23446/NewCaregiverLocation' is clicked on

2019-07-29 12:12:04 - [TEST_STEP][PASSED] - delay(2): Delayed 2 second(s)

2019-07-29 12:12:06 - [MESSAGE][PASSED] - Delayed 2 second(s)

2019-07-29 12:12:06 - [TEST_STEP][PASSED] - waitForElementPresent(findTestObject("Regression BackOffice/CLINK-23446/ZoneName"), 50): Object 'Object Repository/Regression BackOffice/CLINK-23446/ZoneName' is present

2019-07-29 12:12:06 - [MESSAGE][PASSED] - Object 'Object Repository/Regression BackOffice/CLINK-23446/ZoneName' is present

2019-07-29 12:12:06 - [TEST_STEP][PASSED] - click(findTestObject("Regression BackOffice/CLINK-23446/ZoneName"), STOP_ON_FAILURE): Object: 'Object Repository/Regression BackOffice/CLINK-23446/ZoneName' is clicked on

2019-07-29 12:12:06 - [MESSAGE][PASSED] - Object: 'Object Repository/Regression BackOffice/CLINK-23446/ZoneName' is clicked on

2019-07-29 12:12:06 - [TEST_STEP][PASSED] - sendKeys(findTestObject("Regression BackOffice/CLINK-23446/ZoneName"), Keys.chord(ARROW_DOWN, ARROW_DOWN, ARROW_DOWN, ENTER)): Keys 'DOWN + DOWN + DOWN + ENTER + ' sent to object: 'Object Repository/Regression BackOffice/CLINK-23446/ZoneName'

2019-07-29 12:12:06 - [MESSAGE][PASSED] - Keys 'DOWN + DOWN + DOWN + ENTER + ' sent to object: 'Object Repository/Regression BackOffice/CLINK-23446/ZoneName'

2019-07-29 12:12:06 - [TEST_STEP][PASSED] - delay(2): Delayed 2 second(s)

2019-07-29 12:12:08 - [MESSAGE][PASSED] - Delayed 2 second(s)

2019-07-29 12:12:08 - [TEST_STEP][PASSED] - waitForElementPresent(findTestObject("Regression BackOffice/CLINK-23446/li_Location"), 50): Object 'Object Repository/Regression BackOffice/CLINK-23446/li_Location' is present

2019-07-29 12:12:08 - [MESSAGE][PASSED] - Object 'Object Repository/Regression BackOffice/CLINK-23446/li_Location' is present

2019-07-29 12:12:08 - [TEST_STEP][PASSED] - doubleClick(findTestObject("Regression BackOffice/CLINK-23446/li_Location")): Object: 'Object Repository/Regression BackOffice/CLINK-23446/li_Location' is double clicked on

2019-07-29 12:12:08 - [MESSAGE][PASSED] - Object: 'Object Repository/Regression BackOffice/CLINK-23446/li_Location' is double clicked on

2019-07-29 12:12:08 - [TEST_STEP][PASSED] - delay(2): Delayed 2 second(s)

2019-07-29 12:12:10 - [MESSAGE][PASSED] - Delayed 2 second(s)

2019-07-29 12:12:10 - [TEST_STEP][PASSED] - waitForElementPresent(findTestObject("Regression BackOffice/CLINK-23446/a_Add To List"), 50): Object 'Object Repository/Regression BackOffice/CLINK-23446/a_Add To List' is present

2019-07-29 12:12:10 - [MESSAGE][PASSED] - Object 'Object Repository/Regression BackOffice/CLINK-23446/a_Add To List' is present

2019-07-29 12:12:10 - [TEST_STEP][PASSED] - click(findTestObject("Regression BackOffice/CLINK-23446/a_Add To List"), STOP_ON_FAILURE): Object: 'Object Repository/Regression BackOffice/CLINK-23446/a_Add To List' is clicked on

2019-07-29 12:12:10 - [MESSAGE][PASSED] - Object: 'Object Repository/Regression BackOffice/CLINK-23446/a_Add To List' is clicked on

2019-07-29 12:12:10 - [TEST_STEP][PASSED] - waitForPageLoad(50): Wait for page load successfully

2019-07-29 12:12:10 - [MESSAGE][PASSED] - Wait for page load successfully

2019-07-29 12:12:10 - [TEST_STEP][PASSED] - delay(3): Delayed 3 second(s)

2019-07-29 12:12:13 - [MESSAGE][PASSED] - Delayed 3 second(s)

2019-07-29 12:12:13 - [TEST_STEP][PASSED] - switchToDefaultContent(): null

2019-07-29 12:12:13 - [TEST_STEP][PASSED] - switchToFrame(findTestObject("Regression BackOffice/CLINK-23444/BannerFrameAtt"), 30): null

2019-07-29 12:12:13 - [TEST_STEP][PASSED] - waitForElementPresent(findTestObject("Regression BackOffice/CLINK-23446/SaveButton"), 50): Object 'Object Repository/Regression BackOffice/CLINK-23446/SaveButton' is present

2019-07-29 12:12:13 - [MESSAGE][PASSED] - Object 'Object Repository/Regression BackOffice/CLINK-23446/SaveButton' is present

2019-07-29 12:12:13 - [TEST_STEP][PASSED] - click(findTestObject("Regression BackOffice/CLINK-23446/SaveButton")): Object: 'Object Repository/Regression BackOffice/CLINK-23446/SaveButton' is clicked on

2019-07-29 12:12:16 - [MESSAGE][PASSED] - Object: 'Object Repository/Regression BackOffice/CLINK-23446/SaveButton' is clicked on

2019-07-29 12:12:16 - [TEST_STEP][PASSED] - delay(2): Delayed 2 second(s)

2019-07-29 12:12:18 - [MESSAGE][PASSED] - Delayed 2 second(s)

2019-07-29 12:12:18 - [TEST_STEP][PASSED] - closeBrowser(): Browser is closed

2019-07-29 12:12:19 - [MESSAGE][PASSED] - Browser is closed]]></system-out>
         <system-err><![CDATA[]]></system-err>
      </testcase>
      <testcase name="Test Cases/Regression BackOffice (All Browsers)/CLNK-23444 - Back office Caregiver Attributes" classname="Test Cases/Regression BackOffice (All Browsers)/CLNK-23444 - Back office Caregiver Attributes" status="PASSED">
         <system-out><![CDATA[2019-07-29 12:12:21 - [TEST_CASE][PASSED] - Test Cases/Regression BackOffice (All Browsers)/CLNK-23444 - Back office Caregiver Attributes: Test Cases/Regression BackOffice (All Browsers)/CLNK-23444 - Back office Caregiver Attributes

2019-07-29 12:12:21 - [TEST_STEP][PASSED] - callTestCase(findTestCase("Regression BackOffice (All Browsers)/CLNK-23439 - Clink - Back office Client"), [:], STOP_ON_FAILURE): Call Test Case 'Test Cases/Regression BackOffice (All Browsers)/CLNK-23439 - Clink - Back office Client' successfully

2019-07-29 12:12:21 - [TEST_CASE][PASSED] - Test Cases/Regression BackOffice (All Browsers)/CLNK-23439 - Clink - Back office Client: Test Cases/Regression BackOffice (All Browsers)/CLNK-23439 - Clink - Back office Client

2019-07-29 12:12:21 - [TEST_STEP][PASSED] - openBrowser(G_SiteBackOffice): Browser is opened with url: 'http://qanewpoc.continulink.com:81/backoffice/Login.aspx'

2019-07-29 12:12:21 - [MESSAGE][INFO] - Starting 'Chrome' driver

2019-07-29 12:12:28 - [MESSAGE][PASSED] - Browser is opened with url: 'http://qanewpoc.continulink.com:81/backoffice/Login.aspx'

2019-07-29 12:12:28 - [TEST_STEP][PASSED] - waitForPageLoad(60): Wait for page load successfully

2019-07-29 12:12:28 - [MESSAGE][PASSED] - Wait for page load successfully

2019-07-29 12:12:28 - [TEST_STEP][PASSED] - maximizeWindow(): Current window maximized

2019-07-29 12:12:32 - [MESSAGE][PASSED] - Current window maximized

2019-07-29 12:12:32 - [TEST_STEP][PASSED] - setText(findTestObject("Regression BackOffice/Login/UserBackOffice"), G_UserBackOffice): Text 'demo' is set on object 'Object Repository/Regression BackOffice/Login/UserBackOffice'

2019-07-29 12:12:33 - [MESSAGE][PASSED] - Text 'demo' is set on object 'Object Repository/Regression BackOffice/Login/UserBackOffice'

2019-07-29 12:12:33 - [TEST_STEP][PASSED] - setText(findTestObject("Regression BackOffice/Login/PasswordBackOffice"), G_PasswordBackOffice): Text 'qwerty' is set on object 'Object Repository/Regression BackOffice/Login/PasswordBackOffice'

2019-07-29 12:12:33 - [MESSAGE][PASSED] - Text 'qwerty' is set on object 'Object Repository/Regression BackOffice/Login/PasswordBackOffice'

2019-07-29 12:12:33 - [TEST_STEP][PASSED] - click(findTestObject("Regression BackOffice/Login/LoginBackOffice")): Object: 'Object Repository/Regression BackOffice/Login/LoginBackOffice' is clicked on

2019-07-29 12:12:38 - [MESSAGE][PASSED] - Object: 'Object Repository/Regression BackOffice/Login/LoginBackOffice' is clicked on

2019-07-29 12:12:38 - [TEST_STEP][PASSED] - waitForPageLoad(60): Wait for page load successfully

2019-07-29 12:12:38 - [MESSAGE][PASSED] - Wait for page load successfully

2019-07-29 12:12:38 - [TEST_STEP][PASSED] - delay(3): Delayed 3 second(s)

2019-07-29 12:12:41 - [MESSAGE][PASSED] - Delayed 3 second(s)

2019-07-29 12:12:41 - [TEST_STEP][PASSED] - switchToFrame(findTestObject("Regression BackOffice/CLNK-23449/FrameLeft"), 5): null

2019-07-29 12:12:41 - [TEST_STEP][PASSED] - waitForElementPresent(findTestObject("Regression BackOffice/CLNK-23449/ClienIntakeICon"), 60): Object 'Object Repository/Regression BackOffice/CLNK-23449/ClienIntakeICon' is present

2019-07-29 12:12:41 - [MESSAGE][PASSED] - Object 'Object Repository/Regression BackOffice/CLNK-23449/ClienIntakeICon' is present

2019-07-29 12:12:41 - [TEST_STEP][PASSED] - verifyElementPresent(findTestObject("Regression BackOffice/CLNK-23449/ClienIntakeICon"), 100): Object 'Object Repository/Regression BackOffice/CLNK-23449/ClienIntakeICon' is present

2019-07-29 12:12:42 - [MESSAGE][PASSED] - Object 'Object Repository/Regression BackOffice/CLNK-23449/ClienIntakeICon' is present

2019-07-29 12:12:42 - [TEST_STEP][PASSED] - switchToDefaultContent(): null

2019-07-29 12:12:42 - [MESSAGE][PASSED] - Call Test Case 'Test Cases/Regression BackOffice (All Browsers)/CLNK-23439 - Clink - Back office Client' successfully

2019-07-29 12:12:42 - [TEST_STEP][PASSED] - waitForPageLoad(60): Wait for page load successfully

2019-07-29 12:12:42 - [MESSAGE][PASSED] - Wait for page load successfully

2019-07-29 12:12:42 - [TEST_STEP][PASSED] - delay(3): Delayed 3 second(s)

2019-07-29 12:12:45 - [MESSAGE][PASSED] - Delayed 3 second(s)

2019-07-29 12:12:45 - [TEST_STEP][PASSED] - switchToFrame(findTestObject("Regression BackOffice/CLNK-23449/FrameLeft"), 30): null

2019-07-29 12:12:45 - [TEST_STEP][PASSED] - waitForElementPresent(findTestObject("Regression BackOffice/CLNK-23441/Caregiver  HRLink"), 100): Object 'Object Repository/Regression BackOffice/CLNK-23441/Caregiver  HRLink' is present

2019-07-29 12:12:45 - [MESSAGE][PASSED] - Object 'Object Repository/Regression BackOffice/CLNK-23441/Caregiver  HRLink' is present

2019-07-29 12:12:45 - [TEST_STEP][PASSED] - click(findTestObject("Regression BackOffice/CLNK-23441/Caregiver  HRLink")): Object: 'Object Repository/Regression BackOffice/CLNK-23441/Caregiver  HRLink' is clicked on

2019-07-29 12:12:45 - [MESSAGE][PASSED] - Object: 'Object Repository/Regression BackOffice/CLNK-23441/Caregiver  HRLink' is clicked on

2019-07-29 12:12:45 - [TEST_STEP][PASSED] - delay(2): Delayed 2 second(s)

2019-07-29 12:12:47 - [MESSAGE][PASSED] - Delayed 2 second(s)

2019-07-29 12:12:47 - [TEST_STEP][PASSED] - waitForPageLoad(50): Wait for page load successfully

2019-07-29 12:12:47 - [MESSAGE][PASSED] - Wait for page load successfully

2019-07-29 12:12:47 - [TEST_STEP][PASSED] - waitForElementPresent(findTestObject("Regression BackOffice/CLINK-23444/Caregiver Attributes"), 50): Object 'Object Repository/Regression BackOffice/CLINK-23444/Caregiver Attributes' is present

2019-07-29 12:12:47 - [MESSAGE][PASSED] - Object 'Object Repository/Regression BackOffice/CLINK-23444/Caregiver Attributes' is present

2019-07-29 12:12:47 - [TEST_STEP][PASSED] - click(findTestObject("Regression BackOffice/CLINK-23444/Caregiver Attributes")): Object: 'Object Repository/Regression BackOffice/CLINK-23444/Caregiver Attributes' is clicked on

2019-07-29 12:12:48 - [MESSAGE][PASSED] - Object: 'Object Repository/Regression BackOffice/CLINK-23444/Caregiver Attributes' is clicked on

2019-07-29 12:12:48 - [TEST_STEP][PASSED] - delay(2): Delayed 2 second(s)

2019-07-29 12:12:50 - [MESSAGE][PASSED] - Delayed 2 second(s)

2019-07-29 12:12:50 - [TEST_STEP][PASSED] - switchToDefaultContent(): null

2019-07-29 12:12:50 - [TEST_STEP][PASSED] - switchToFrame(findTestObject("Regression BackOffice/CLNK-23449/FrameMain"), 30): null

2019-07-29 12:12:50 - [TEST_STEP][PASSED] - waitForElementPresent(findTestObject("Regression BackOffice/CLNK-10235/FirstNameSearch"), 50): Object 'Object Repository/Regression BackOffice/CLNK-10235/FirstNameSearch' is present

2019-07-29 12:12:50 - [MESSAGE][PASSED] - Object 'Object Repository/Regression BackOffice/CLNK-10235/FirstNameSearch' is present

2019-07-29 12:12:50 - [TEST_STEP][PASSED] - setText(findTestObject("Regression BackOffice/CLNK-10235/FirstNameSearch"), G_CaregiverFirstName): Text 'Shaw' is set on object 'Object Repository/Regression BackOffice/CLNK-10235/FirstNameSearch'

2019-07-29 12:12:50 - [MESSAGE][PASSED] - Text 'Shaw' is set on object 'Object Repository/Regression BackOffice/CLNK-10235/FirstNameSearch'

2019-07-29 12:12:50 - [TEST_STEP][PASSED] - delay(2): Delayed 2 second(s)

2019-07-29 12:12:52 - [MESSAGE][PASSED] - Delayed 2 second(s)

2019-07-29 12:12:52 - [TEST_STEP][PASSED] - waitForElementPresent(findTestObject("Regression BackOffice/CLNK-23441/Last NameHR"), 50): Object 'Object Repository/Regression BackOffice/CLNK-23441/Last NameHR' is present

2019-07-29 12:12:52 - [MESSAGE][PASSED] - Object 'Object Repository/Regression BackOffice/CLNK-23441/Last NameHR' is present

2019-07-29 12:12:52 - [TEST_STEP][PASSED] - setText(findTestObject("Regression BackOffice/CLNK-23441/Last NameHR"), G_CareGiverLastName): Text 'Yotun' is set on object 'Object Repository/Regression BackOffice/CLNK-23441/Last NameHR'

2019-07-29 12:12:52 - [MESSAGE][PASSED] - Text 'Yotun' is set on object 'Object Repository/Regression BackOffice/CLNK-23441/Last NameHR'

2019-07-29 12:12:52 - [TEST_STEP][PASSED] - delay(2): Delayed 2 second(s)

2019-07-29 12:12:54 - [MESSAGE][PASSED] - Delayed 2 second(s)

2019-07-29 12:12:54 - [TEST_STEP][PASSED] - waitForElementPresent(findTestObject("Regression BackOffice/CLNK-23441/CaregiverSearchButton"), 50): Object 'Object Repository/Regression BackOffice/CLNK-23441/CaregiverSearchButton' is present

2019-07-29 12:12:54 - [MESSAGE][PASSED] - Object 'Object Repository/Regression BackOffice/CLNK-23441/CaregiverSearchButton' is present

2019-07-29 12:12:54 - [TEST_STEP][PASSED] - click(findTestObject("Regression BackOffice/CLNK-23441/CaregiverSearchButton"), STOP_ON_FAILURE): Object: 'Object Repository/Regression BackOffice/CLNK-23441/CaregiverSearchButton' is clicked on

2019-07-29 12:12:55 - [MESSAGE][PASSED] - Object: 'Object Repository/Regression BackOffice/CLNK-23441/CaregiverSearchButton' is clicked on

2019-07-29 12:12:55 - [TEST_STEP][PASSED] - delay(2): Delayed 2 second(s)

2019-07-29 12:12:57 - [MESSAGE][PASSED] - Delayed 2 second(s)

2019-07-29 12:12:57 - [TEST_STEP][PASSED] - waitForElementPresent(findTestObject("Regression BackOffice/CLINK-23442/ClientLink"), 50): Object 'Object Repository/Regression BackOffice/CLINK-23442/ClientLink' is present

2019-07-29 12:12:57 - [MESSAGE][PASSED] - Object 'Object Repository/Regression BackOffice/CLINK-23442/ClientLink' is present

2019-07-29 12:12:57 - [TEST_STEP][PASSED] - click(findTestObject("Regression BackOffice/CLINK-23442/ClientLink"), STOP_ON_FAILURE): Object: 'Object Repository/Regression BackOffice/CLINK-23442/ClientLink' is clicked on

2019-07-29 12:13:00 - [MESSAGE][PASSED] - Object: 'Object Repository/Regression BackOffice/CLINK-23442/ClientLink' is clicked on

2019-07-29 12:13:00 - [TEST_STEP][PASSED] - delay(2): Delayed 2 second(s)

2019-07-29 12:13:02 - [MESSAGE][PASSED] - Delayed 2 second(s)

2019-07-29 12:13:02 - [TEST_STEP][PASSED] - waitForElementPresent(findTestObject("Regression BackOffice/CLINK-23444/New Attribute"), 50): Object 'Object Repository/Regression BackOffice/CLINK-23444/New Attribute' is present

2019-07-29 12:13:03 - [MESSAGE][PASSED] - Object 'Object Repository/Regression BackOffice/CLINK-23444/New Attribute' is present

2019-07-29 12:13:03 - [TEST_STEP][PASSED] - click(findTestObject("Regression BackOffice/CLINK-23444/New Attribute"), STOP_ON_FAILURE): Object: 'Object Repository/Regression BackOffice/CLINK-23444/New Attribute' is clicked on

2019-07-29 12:13:03 - [MESSAGE][PASSED] - Object: 'Object Repository/Regression BackOffice/CLINK-23444/New Attribute' is clicked on

2019-07-29 12:13:03 - [TEST_STEP][PASSED] - delay(2): Delayed 2 second(s)

2019-07-29 12:13:05 - [MESSAGE][PASSED] - Delayed 2 second(s)

2019-07-29 12:13:05 - [TEST_STEP][PASSED] - waitForElementPresent(findTestObject("Regression BackOffice/CLINK-23444/CheckedBy"), 50): Object 'Object Repository/Regression BackOffice/CLINK-23444/CheckedBy' is present

2019-07-29 12:13:05 - [MESSAGE][PASSED] - Object 'Object Repository/Regression BackOffice/CLINK-23444/CheckedBy' is present

2019-07-29 12:13:05 - [TEST_STEP][PASSED] - setText(findTestObject("Regression BackOffice/CLINK-23444/CheckedBy"), "Isaac"): Text 'Isaac' is set on object 'Object Repository/Regression BackOffice/CLINK-23444/CheckedBy'

2019-07-29 12:13:05 - [MESSAGE][PASSED] - Text 'Isaac' is set on object 'Object Repository/Regression BackOffice/CLINK-23444/CheckedBy'

2019-07-29 12:13:05 - [TEST_STEP][PASSED] - delay(2): Delayed 2 second(s)

2019-07-29 12:13:07 - [MESSAGE][PASSED] - Delayed 2 second(s)

2019-07-29 12:13:07 - [TEST_STEP][PASSED] - waitForElementPresent(findTestObject("Regression BackOffice/CLINK-23444/Checked Date"), 50): Object 'Object Repository/Regression BackOffice/CLINK-23444/Checked Date' is present

2019-07-29 12:13:07 - [MESSAGE][PASSED] - Object 'Object Repository/Regression BackOffice/CLINK-23444/Checked Date' is present

2019-07-29 12:13:07 - [TEST_STEP][PASSED] - setText(findTestObject("Regression BackOffice/CLINK-23444/Checked Date"), getDate.DateUtilities.getDateMonthDayYearNumberwithSlash()): Text '07/29/2019' is set on object 'Object Repository/Regression BackOffice/CLINK-23444/Checked Date'

2019-07-29 12:13:07 - [MESSAGE][PASSED] - getDate.DateUtilities.getDateMonthDayYearNumberwithSlash is PASSED

2019-07-29 12:13:07 - [MESSAGE][PASSED] - Text '07/29/2019' is set on object 'Object Repository/Regression BackOffice/CLINK-23444/Checked Date'

2019-07-29 12:13:07 - [TEST_STEP][PASSED] - delay(4): Delayed 4 second(s)

2019-07-29 12:13:11 - [MESSAGE][PASSED] - Delayed 4 second(s)

2019-07-29 12:13:11 - [TEST_STEP][PASSED] - waitForElementPresent(findTestObject("Regression BackOffice/CLINK-23444/a_Add To List"), 50): Object 'Object Repository/Regression BackOffice/CLINK-23444/a_Add To List' is present

2019-07-29 12:13:11 - [MESSAGE][PASSED] - Object 'Object Repository/Regression BackOffice/CLINK-23444/a_Add To List' is present

2019-07-29 12:13:11 - [TEST_STEP][PASSED] - click(findTestObject("Regression BackOffice/CLINK-23444/a_Add To List"), STOP_ON_FAILURE): Object: 'Object Repository/Regression BackOffice/CLINK-23444/a_Add To List' is clicked on

2019-07-29 12:13:11 - [MESSAGE][PASSED] - Object: 'Object Repository/Regression BackOffice/CLINK-23444/a_Add To List' is clicked on

2019-07-29 12:13:11 - [TEST_STEP][PASSED] - delay(3): Delayed 3 second(s)

2019-07-29 12:13:14 - [MESSAGE][PASSED] - Delayed 3 second(s)

2019-07-29 12:13:14 - [TEST_STEP][PASSED] - switchToDefaultContent(): null

2019-07-29 12:13:14 - [TEST_STEP][PASSED] - switchToFrame(findTestObject("Regression BackOffice/CLINK-23444/BannerFrameAtt"), 30): null

2019-07-29 12:13:14 - [TEST_STEP][PASSED] - waitForElementPresent(findTestObject("Regression BackOffice/CLINK-23444/Save"), 50): Object 'Object Repository/Regression BackOffice/CLINK-23444/Save' is present

2019-07-29 12:13:14 - [MESSAGE][PASSED] - Object 'Object Repository/Regression BackOffice/CLINK-23444/Save' is present

2019-07-29 12:13:14 - [TEST_STEP][PASSED] - click(findTestObject("Regression BackOffice/CLINK-23444/Save")): Object: 'Object Repository/Regression BackOffice/CLINK-23444/Save' is clicked on

2019-07-29 12:13:17 - [MESSAGE][PASSED] - Object: 'Object Repository/Regression BackOffice/CLINK-23444/Save' is clicked on

2019-07-29 12:13:17 - [TEST_STEP][PASSED] - delay(2): Delayed 2 second(s)

2019-07-29 12:13:19 - [MESSAGE][PASSED] - Delayed 2 second(s)

2019-07-29 12:13:19 - [TEST_STEP][PASSED] - closeBrowser(): Browser is closed

2019-07-29 12:13:19 - [MESSAGE][PASSED] - Browser is closed]]></system-out>
         <system-err><![CDATA[]]></system-err>
      </testcase>
      <testcase name="Test Cases/Regression BackOffice (All Browsers)/CLNK-23447 - Back office Caregiver Demographics" classname="Test Cases/Regression BackOffice (All Browsers)/CLNK-23447 - Back office Caregiver Demographics" status="PASSED">
         <system-out><![CDATA[2019-07-29 12:13:21 - [TEST_CASE][PASSED] - Test Cases/Regression BackOffice (All Browsers)/CLNK-23447 - Back office Caregiver Demographics: Test Cases/Regression BackOffice (All Browsers)/CLNK-23447 - Back office Caregiver Demographics

2019-07-29 12:13:22 - [TEST_STEP][PASSED] - callTestCase(findTestCase("Regression BackOffice (All Browsers)/CLNK-23439 - Clink - Back office Client"), [:], STOP_ON_FAILURE): Call Test Case 'Test Cases/Regression BackOffice (All Browsers)/CLNK-23439 - Clink - Back office Client' successfully

2019-07-29 12:13:22 - [TEST_CASE][PASSED] - Test Cases/Regression BackOffice (All Browsers)/CLNK-23439 - Clink - Back office Client: Test Cases/Regression BackOffice (All Browsers)/CLNK-23439 - Clink - Back office Client

2019-07-29 12:13:22 - [TEST_STEP][PASSED] - openBrowser(G_SiteBackOffice): Browser is opened with url: 'http://qanewpoc.continulink.com:81/backoffice/Login.aspx'

2019-07-29 12:13:22 - [MESSAGE][INFO] - Starting 'Chrome' driver

2019-07-29 12:13:29 - [MESSAGE][PASSED] - Browser is opened with url: 'http://qanewpoc.continulink.com:81/backoffice/Login.aspx'

2019-07-29 12:13:29 - [TEST_STEP][PASSED] - waitForPageLoad(60): Wait for page load successfully

2019-07-29 12:13:29 - [MESSAGE][PASSED] - Wait for page load successfully

2019-07-29 12:13:29 - [TEST_STEP][PASSED] - maximizeWindow(): Current window maximized

2019-07-29 12:13:33 - [MESSAGE][PASSED] - Current window maximized

2019-07-29 12:13:33 - [TEST_STEP][PASSED] - setText(findTestObject("Regression BackOffice/Login/UserBackOffice"), G_UserBackOffice): Text 'demo' is set on object 'Object Repository/Regression BackOffice/Login/UserBackOffice'

2019-07-29 12:13:33 - [MESSAGE][PASSED] - Text 'demo' is set on object 'Object Repository/Regression BackOffice/Login/UserBackOffice'

2019-07-29 12:13:33 - [TEST_STEP][PASSED] - setText(findTestObject("Regression BackOffice/Login/PasswordBackOffice"), G_PasswordBackOffice): Text 'qwerty' is set on object 'Object Repository/Regression BackOffice/Login/PasswordBackOffice'

2019-07-29 12:13:33 - [MESSAGE][PASSED] - Text 'qwerty' is set on object 'Object Repository/Regression BackOffice/Login/PasswordBackOffice'

2019-07-29 12:13:33 - [TEST_STEP][PASSED] - click(findTestObject("Regression BackOffice/Login/LoginBackOffice")): Object: 'Object Repository/Regression BackOffice/Login/LoginBackOffice' is clicked on

2019-07-29 12:13:39 - [MESSAGE][PASSED] - Object: 'Object Repository/Regression BackOffice/Login/LoginBackOffice' is clicked on

2019-07-29 12:13:39 - [TEST_STEP][PASSED] - waitForPageLoad(60): Wait for page load successfully

2019-07-29 12:13:39 - [MESSAGE][PASSED] - Wait for page load successfully

2019-07-29 12:13:39 - [TEST_STEP][PASSED] - delay(3): Delayed 3 second(s)

2019-07-29 12:13:42 - [MESSAGE][PASSED] - Delayed 3 second(s)

2019-07-29 12:13:42 - [TEST_STEP][PASSED] - switchToFrame(findTestObject("Regression BackOffice/CLNK-23449/FrameLeft"), 5): null

2019-07-29 12:13:42 - [TEST_STEP][PASSED] - waitForElementPresent(findTestObject("Regression BackOffice/CLNK-23449/ClienIntakeICon"), 60): Object 'Object Repository/Regression BackOffice/CLNK-23449/ClienIntakeICon' is present

2019-07-29 12:13:42 - [MESSAGE][PASSED] - Object 'Object Repository/Regression BackOffice/CLNK-23449/ClienIntakeICon' is present

2019-07-29 12:13:42 - [TEST_STEP][PASSED] - verifyElementPresent(findTestObject("Regression BackOffice/CLNK-23449/ClienIntakeICon"), 100): Object 'Object Repository/Regression BackOffice/CLNK-23449/ClienIntakeICon' is present

2019-07-29 12:13:42 - [MESSAGE][PASSED] - Object 'Object Repository/Regression BackOffice/CLNK-23449/ClienIntakeICon' is present

2019-07-29 12:13:42 - [TEST_STEP][PASSED] - switchToDefaultContent(): null

2019-07-29 12:13:42 - [MESSAGE][PASSED] - Call Test Case 'Test Cases/Regression BackOffice (All Browsers)/CLNK-23439 - Clink - Back office Client' successfully

2019-07-29 12:13:42 - [TEST_STEP][PASSED] - waitForPageLoad(60): Wait for page load successfully

2019-07-29 12:13:42 - [MESSAGE][PASSED] - Wait for page load successfully

2019-07-29 12:13:42 - [TEST_STEP][PASSED] - delay(3): Delayed 3 second(s)

2019-07-29 12:13:45 - [MESSAGE][PASSED] - Delayed 3 second(s)

2019-07-29 12:13:45 - [TEST_STEP][PASSED] - switchToFrame(findTestObject("Regression BackOffice/CLNK-23449/FrameLeft"), 30): null

2019-07-29 12:13:45 - [TEST_STEP][PASSED] - waitForElementPresent(findTestObject("Regression BackOffice/CLNK-23441/Caregiver  HRLink"), 100): Object 'Object Repository/Regression BackOffice/CLNK-23441/Caregiver  HRLink' is present

2019-07-29 12:13:45 - [MESSAGE][PASSED] - Object 'Object Repository/Regression BackOffice/CLNK-23441/Caregiver  HRLink' is present

2019-07-29 12:13:45 - [TEST_STEP][PASSED] - click(findTestObject("Regression BackOffice/CLNK-23441/Caregiver  HRLink")): Object: 'Object Repository/Regression BackOffice/CLNK-23441/Caregiver  HRLink' is clicked on

2019-07-29 12:13:45 - [MESSAGE][PASSED] - Object: 'Object Repository/Regression BackOffice/CLNK-23441/Caregiver  HRLink' is clicked on

2019-07-29 12:13:45 - [TEST_STEP][PASSED] - delay(2): Delayed 2 second(s)

2019-07-29 12:13:47 - [MESSAGE][PASSED] - Delayed 2 second(s)

2019-07-29 12:13:47 - [TEST_STEP][PASSED] - waitForPageLoad(50): Wait for page load successfully

2019-07-29 12:13:47 - [MESSAGE][PASSED] - Wait for page load successfully

2019-07-29 12:13:47 - [TEST_STEP][PASSED] - waitForElementPresent(findTestObject("Regression BackOffice/CLINK-23447/Caregiver Demographics"), 50): Object 'Object Repository/Regression BackOffice/CLINK-23447/Caregiver Demographics' is present

2019-07-29 12:13:47 - [MESSAGE][PASSED] - Object 'Object Repository/Regression BackOffice/CLINK-23447/Caregiver Demographics' is present

2019-07-29 12:13:47 - [TEST_STEP][PASSED] - click(findTestObject("Regression BackOffice/CLINK-23447/Caregiver Demographics")): Object: 'Object Repository/Regression BackOffice/CLINK-23447/Caregiver Demographics' is clicked on

2019-07-29 12:13:48 - [MESSAGE][PASSED] - Object: 'Object Repository/Regression BackOffice/CLINK-23447/Caregiver Demographics' is clicked on

2019-07-29 12:13:48 - [TEST_STEP][PASSED] - delay(2): Delayed 2 second(s)

2019-07-29 12:13:50 - [MESSAGE][PASSED] - Delayed 2 second(s)

2019-07-29 12:13:50 - [TEST_STEP][PASSED] - switchToDefaultContent(): null

2019-07-29 12:13:50 - [TEST_STEP][PASSED] - switchToFrame(findTestObject("Regression BackOffice/CLNK-23449/FrameMain"), 30): null

2019-07-29 12:13:50 - [TEST_STEP][PASSED] - waitForElementPresent(findTestObject("Regression BackOffice/CLNK-10235/FirstNameSearch"), 50): Object 'Object Repository/Regression BackOffice/CLNK-10235/FirstNameSearch' is present

2019-07-29 12:13:50 - [MESSAGE][PASSED] - Object 'Object Repository/Regression BackOffice/CLNK-10235/FirstNameSearch' is present

2019-07-29 12:13:50 - [TEST_STEP][PASSED] - setText(findTestObject("Regression BackOffice/CLNK-10235/FirstNameSearch"), G_CaregiverFirstName): Text 'Shaw' is set on object 'Object Repository/Regression BackOffice/CLNK-10235/FirstNameSearch'

2019-07-29 12:13:50 - [MESSAGE][PASSED] - Text 'Shaw' is set on object 'Object Repository/Regression BackOffice/CLNK-10235/FirstNameSearch'

2019-07-29 12:13:50 - [TEST_STEP][PASSED] - delay(2): Delayed 2 second(s)

2019-07-29 12:13:53 - [MESSAGE][PASSED] - Delayed 2 second(s)

2019-07-29 12:13:53 - [TEST_STEP][PASSED] - waitForElementPresent(findTestObject("Regression BackOffice/CLNK-23441/Last NameHR"), 50): Object 'Object Repository/Regression BackOffice/CLNK-23441/Last NameHR' is present

2019-07-29 12:13:53 - [MESSAGE][PASSED] - Object 'Object Repository/Regression BackOffice/CLNK-23441/Last NameHR' is present

2019-07-29 12:13:53 - [TEST_STEP][PASSED] - setText(findTestObject("Regression BackOffice/CLNK-23441/Last NameHR"), G_CareGiverLastName): Text 'Yotun' is set on object 'Object Repository/Regression BackOffice/CLNK-23441/Last NameHR'

2019-07-29 12:13:53 - [MESSAGE][PASSED] - Text 'Yotun' is set on object 'Object Repository/Regression BackOffice/CLNK-23441/Last NameHR'

2019-07-29 12:13:53 - [TEST_STEP][PASSED] - delay(2): Delayed 2 second(s)

2019-07-29 12:13:55 - [MESSAGE][PASSED] - Delayed 2 second(s)

2019-07-29 12:13:55 - [TEST_STEP][PASSED] - waitForElementPresent(findTestObject("Regression BackOffice/CLNK-23441/CaregiverSearchButton"), 50): Object 'Object Repository/Regression BackOffice/CLNK-23441/CaregiverSearchButton' is present

2019-07-29 12:13:55 - [MESSAGE][PASSED] - Object 'Object Repository/Regression BackOffice/CLNK-23441/CaregiverSearchButton' is present

2019-07-29 12:13:55 - [TEST_STEP][PASSED] - click(findTestObject("Regression BackOffice/CLNK-23441/CaregiverSearchButton"), STOP_ON_FAILURE): Object: 'Object Repository/Regression BackOffice/CLNK-23441/CaregiverSearchButton' is clicked on

2019-07-29 12:13:55 - [MESSAGE][PASSED] - Object: 'Object Repository/Regression BackOffice/CLNK-23441/CaregiverSearchButton' is clicked on

2019-07-29 12:13:55 - [TEST_STEP][PASSED] - delay(2): Delayed 2 second(s)

2019-07-29 12:13:57 - [MESSAGE][PASSED] - Delayed 2 second(s)

2019-07-29 12:13:57 - [TEST_STEP][PASSED] - waitForElementPresent(findTestObject("Regression BackOffice/CLINK-23442/ClientLink"), 50): Object 'Object Repository/Regression BackOffice/CLINK-23442/ClientLink' is present

2019-07-29 12:13:57 - [MESSAGE][PASSED] - Object 'Object Repository/Regression BackOffice/CLINK-23442/ClientLink' is present

2019-07-29 12:13:57 - [TEST_STEP][PASSED] - click(findTestObject("Regression BackOffice/CLINK-23442/ClientLink"), STOP_ON_FAILURE): Object: 'Object Repository/Regression BackOffice/CLINK-23442/ClientLink' is clicked on

2019-07-29 12:14:00 - [MESSAGE][PASSED] - Object: 'Object Repository/Regression BackOffice/CLINK-23442/ClientLink' is clicked on

2019-07-29 12:14:00 - [TEST_STEP][PASSED] - delay(2): Delayed 2 second(s)

2019-07-29 12:14:02 - [MESSAGE][PASSED] - Delayed 2 second(s)

2019-07-29 12:14:02 - [TEST_STEP][PASSED] - waitForPageLoad(0): Wait for page load successfully

2019-07-29 12:14:02 - [MESSAGE][WARNING] - Timeout '0' is invalid. Using default page load timeout: '30'

2019-07-29 12:14:02 - [MESSAGE][PASSED] - Wait for page load successfully

2019-07-29 12:14:02 - [TEST_STEP][PASSED] - waitForElementPresent(findTestObject("Regression BackOffice/CLINK-23447/DateSent"), 50): Object 'Object Repository/Regression BackOffice/CLINK-23447/DateSent' is present

2019-07-29 12:14:02 - [MESSAGE][PASSED] - Object 'Object Repository/Regression BackOffice/CLINK-23447/DateSent' is present

2019-07-29 12:14:02 - [TEST_STEP][PASSED] - setText(findTestObject("Regression BackOffice/CLINK-23447/DateSent"), getDate.DateUtilities.getDateMonthDayYearNumberwithSlash()): Text '07/29/2019' is set on object 'Object Repository/Regression BackOffice/CLINK-23447/DateSent'

2019-07-29 12:14:02 - [MESSAGE][PASSED] - getDate.DateUtilities.getDateMonthDayYearNumberwithSlash is PASSED

2019-07-29 12:14:02 - [MESSAGE][PASSED] - Text '07/29/2019' is set on object 'Object Repository/Regression BackOffice/CLINK-23447/DateSent'

2019-07-29 12:14:02 - [TEST_STEP][PASSED] - delay(4): Delayed 4 second(s)

2019-07-29 12:14:06 - [MESSAGE][PASSED] - Delayed 4 second(s)

2019-07-29 12:14:06 - [TEST_STEP][PASSED] - waitForElementPresent(findTestObject("Regression BackOffice/CLINK-23447/DateReceived"), 50): Object 'Object Repository/Regression BackOffice/CLINK-23447/DateReceived' is present

2019-07-29 12:14:07 - [MESSAGE][PASSED] - Object 'Object Repository/Regression BackOffice/CLINK-23447/DateReceived' is present

2019-07-29 12:14:07 - [TEST_STEP][PASSED] - setText(findTestObject("Regression BackOffice/CLINK-23447/DateReceived"), getDate.DateUtilities.getDateMonthDayYearNumberwithSlash()): Text '07/29/2019' is set on object 'Object Repository/Regression BackOffice/CLINK-23447/DateReceived'

2019-07-29 12:14:07 - [MESSAGE][PASSED] - getDate.DateUtilities.getDateMonthDayYearNumberwithSlash is PASSED

2019-07-29 12:14:07 - [MESSAGE][PASSED] - Text '07/29/2019' is set on object 'Object Repository/Regression BackOffice/CLINK-23447/DateReceived'

2019-07-29 12:14:07 - [TEST_STEP][PASSED] - delay(4): Delayed 4 second(s)

2019-07-29 12:14:11 - [MESSAGE][PASSED] - Delayed 4 second(s)

2019-07-29 12:14:11 - [TEST_STEP][PASSED] - waitForElementPresent(findTestObject("Regression BackOffice/CLINK-23447/CheckCompletedDate"), 50): Object 'Object Repository/Regression BackOffice/CLINK-23447/CheckCompletedDate' is present

2019-07-29 12:14:11 - [MESSAGE][PASSED] - Object 'Object Repository/Regression BackOffice/CLINK-23447/CheckCompletedDate' is present

2019-07-29 12:14:11 - [TEST_STEP][PASSED] - setText(findTestObject("Regression BackOffice/CLINK-23447/CheckCompletedDate"), getDate.DateUtilities.getDateMonthDayYearNumberwithSlash()): Text '07/29/2019' is set on object 'Object Repository/Regression BackOffice/CLINK-23447/CheckCompletedDate'

2019-07-29 12:14:11 - [MESSAGE][PASSED] - getDate.DateUtilities.getDateMonthDayYearNumberwithSlash is PASSED

2019-07-29 12:14:11 - [MESSAGE][PASSED] - Text '07/29/2019' is set on object 'Object Repository/Regression BackOffice/CLINK-23447/CheckCompletedDate'

2019-07-29 12:14:11 - [TEST_STEP][PASSED] - delay(4): Delayed 4 second(s)

2019-07-29 12:14:15 - [MESSAGE][PASSED] - Delayed 4 second(s)

2019-07-29 12:14:15 - [TEST_STEP][PASSED] - switchToDefaultContent(): null

2019-07-29 12:14:15 - [TEST_STEP][PASSED] - switchToFrame(findTestObject("Regression BackOffice/CLINK-23444/BannerFrameAtt"), 30): null

2019-07-29 12:14:15 - [TEST_STEP][PASSED] - waitForElementPresent(findTestObject("Regression BackOffice/CLINK-23446/SaveButton"), 50): Object 'Object Repository/Regression BackOffice/CLINK-23446/SaveButton' is present

2019-07-29 12:14:15 - [MESSAGE][PASSED] - Object 'Object Repository/Regression BackOffice/CLINK-23446/SaveButton' is present

2019-07-29 12:14:15 - [TEST_STEP][PASSED] - click(findTestObject("Regression BackOffice/CLINK-23446/SaveButton")): Object: 'Object Repository/Regression BackOffice/CLINK-23446/SaveButton' is clicked on

2019-07-29 12:14:20 - [MESSAGE][PASSED] - Object: 'Object Repository/Regression BackOffice/CLINK-23446/SaveButton' is clicked on

2019-07-29 12:14:20 - [TEST_STEP][PASSED] - delay(2): Delayed 2 second(s)

2019-07-29 12:14:22 - [MESSAGE][PASSED] - Delayed 2 second(s)

2019-07-29 12:14:22 - [TEST_STEP][PASSED] - closeBrowser(): Browser is closed

2019-07-29 12:14:23 - [MESSAGE][PASSED] - Browser is closed]]></system-out>
         <system-err><![CDATA[]]></system-err>
      </testcase>
      <testcase name="Test Cases/Regression BackOffice (All Browsers)/CLNK-17788 - (Task A) New Clinical Manager Caregiver Property" classname="Test Cases/Regression BackOffice (All Browsers)/CLNK-17788 - (Task A) New Clinical Manager Caregiver Property" status="PASSED">
         <system-out><![CDATA[2019-07-29 12:14:25 - [TEST_CASE][PASSED] - Test Cases/Regression BackOffice (All Browsers)/CLNK-17788 - (Task A) New Clinical Manager Caregiver Property: Test Cases/Regression BackOffice (All Browsers)/CLNK-17788 - (Task A) New Clinical Manager Caregiver Property

2019-07-29 12:14:25 - [TEST_STEP][PASSED] - callTestCase(findTestCase("Regression BackOffice (All Browsers)/CLNK-23439 - Clink - Back office Client"), [:], STOP_ON_FAILURE): Call Test Case 'Test Cases/Regression BackOffice (All Browsers)/CLNK-23439 - Clink - Back office Client' successfully

2019-07-29 12:14:25 - [TEST_CASE][PASSED] - Test Cases/Regression BackOffice (All Browsers)/CLNK-23439 - Clink - Back office Client: Test Cases/Regression BackOffice (All Browsers)/CLNK-23439 - Clink - Back office Client

2019-07-29 12:14:25 - [TEST_STEP][PASSED] - openBrowser(G_SiteBackOffice): Browser is opened with url: 'http://qanewpoc.continulink.com:81/backoffice/Login.aspx'

2019-07-29 12:14:25 - [MESSAGE][INFO] - Starting 'Chrome' driver

2019-07-29 12:14:32 - [MESSAGE][PASSED] - Browser is opened with url: 'http://qanewpoc.continulink.com:81/backoffice/Login.aspx'

2019-07-29 12:14:32 - [TEST_STEP][PASSED] - waitForPageLoad(60): Wait for page load successfully

2019-07-29 12:14:32 - [MESSAGE][PASSED] - Wait for page load successfully

2019-07-29 12:14:32 - [TEST_STEP][PASSED] - maximizeWindow(): Current window maximized

2019-07-29 12:14:37 - [MESSAGE][PASSED] - Current window maximized

2019-07-29 12:14:37 - [TEST_STEP][PASSED] - setText(findTestObject("Regression BackOffice/Login/UserBackOffice"), G_UserBackOffice): Text 'demo' is set on object 'Object Repository/Regression BackOffice/Login/UserBackOffice'

2019-07-29 12:14:37 - [MESSAGE][PASSED] - Text 'demo' is set on object 'Object Repository/Regression BackOffice/Login/UserBackOffice'

2019-07-29 12:14:37 - [TEST_STEP][PASSED] - setText(findTestObject("Regression BackOffice/Login/PasswordBackOffice"), G_PasswordBackOffice): Text 'qwerty' is set on object 'Object Repository/Regression BackOffice/Login/PasswordBackOffice'

2019-07-29 12:14:37 - [MESSAGE][PASSED] - Text 'qwerty' is set on object 'Object Repository/Regression BackOffice/Login/PasswordBackOffice'

2019-07-29 12:14:37 - [TEST_STEP][PASSED] - click(findTestObject("Regression BackOffice/Login/LoginBackOffice")): Object: 'Object Repository/Regression BackOffice/Login/LoginBackOffice' is clicked on

2019-07-29 12:14:43 - [MESSAGE][PASSED] - Object: 'Object Repository/Regression BackOffice/Login/LoginBackOffice' is clicked on

2019-07-29 12:14:43 - [TEST_STEP][PASSED] - waitForPageLoad(60): Wait for page load successfully

2019-07-29 12:14:43 - [MESSAGE][PASSED] - Wait for page load successfully

2019-07-29 12:14:43 - [TEST_STEP][PASSED] - delay(3): Delayed 3 second(s)

2019-07-29 12:14:46 - [MESSAGE][PASSED] - Delayed 3 second(s)

2019-07-29 12:14:46 - [TEST_STEP][PASSED] - switchToFrame(findTestObject("Regression BackOffice/CLNK-23449/FrameLeft"), 5): null

2019-07-29 12:14:46 - [TEST_STEP][PASSED] - waitForElementPresent(findTestObject("Regression BackOffice/CLNK-23449/ClienIntakeICon"), 60): Object 'Object Repository/Regression BackOffice/CLNK-23449/ClienIntakeICon' is present

2019-07-29 12:14:46 - [MESSAGE][PASSED] - Object 'Object Repository/Regression BackOffice/CLNK-23449/ClienIntakeICon' is present

2019-07-29 12:14:46 - [TEST_STEP][PASSED] - verifyElementPresent(findTestObject("Regression BackOffice/CLNK-23449/ClienIntakeICon"), 100): Object 'Object Repository/Regression BackOffice/CLNK-23449/ClienIntakeICon' is present

2019-07-29 12:14:46 - [MESSAGE][PASSED] - Object 'Object Repository/Regression BackOffice/CLNK-23449/ClienIntakeICon' is present

2019-07-29 12:14:46 - [TEST_STEP][PASSED] - switchToDefaultContent(): null

2019-07-29 12:14:46 - [MESSAGE][PASSED] - Call Test Case 'Test Cases/Regression BackOffice (All Browsers)/CLNK-23439 - Clink - Back office Client' successfully

2019-07-29 12:14:46 - [TEST_STEP][PASSED] - waitForPageLoad(60): Wait for page load successfully

2019-07-29 12:14:46 - [MESSAGE][PASSED] - Wait for page load successfully

2019-07-29 12:14:46 - [TEST_STEP][PASSED] - delay(3): Delayed 3 second(s)

2019-07-29 12:14:49 - [MESSAGE][PASSED] - Delayed 3 second(s)

2019-07-29 12:14:49 - [TEST_STEP][PASSED] - switchToFrame(findTestObject("Regression BackOffice/CLNK-23449/FrameLeft"), 30): null

2019-07-29 12:14:49 - [TEST_STEP][PASSED] - waitForElementPresent(findTestObject("Regression BackOffice/CLINK-17788/CaregiverHRLink"), 100): Object 'Object Repository/Regression BackOffice/CLINK-17788/CaregiverHRLink' is present

2019-07-29 12:14:49 - [MESSAGE][PASSED] - Object 'Object Repository/Regression BackOffice/CLINK-17788/CaregiverHRLink' is present

2019-07-29 12:14:49 - [TEST_STEP][PASSED] - click(findTestObject("Regression BackOffice/CLINK-17788/CaregiverHRLink")): Object: 'Object Repository/Regression BackOffice/CLINK-17788/CaregiverHRLink' is clicked on

2019-07-29 12:14:49 - [MESSAGE][PASSED] - Object: 'Object Repository/Regression BackOffice/CLINK-17788/CaregiverHRLink' is clicked on

2019-07-29 12:14:49 - [TEST_STEP][PASSED] - delay(2): Delayed 2 second(s)

2019-07-29 12:14:51 - [MESSAGE][PASSED] - Delayed 2 second(s)

2019-07-29 12:14:51 - [TEST_STEP][PASSED] - waitForPageLoad(50): Wait for page load successfully

2019-07-29 12:14:51 - [MESSAGE][PASSED] - Wait for page load successfully

2019-07-29 12:14:51 - [TEST_STEP][PASSED] - waitForElementPresent(findTestObject("Regression BackOffice/CLINK-17788/CaregiverDemographics"), 50): Object 'Object Repository/Regression BackOffice/CLINK-17788/CaregiverDemographics' is present

2019-07-29 12:14:51 - [MESSAGE][PASSED] - Object 'Object Repository/Regression BackOffice/CLINK-17788/CaregiverDemographics' is present

2019-07-29 12:14:51 - [TEST_STEP][PASSED] - click(findTestObject("Regression BackOffice/CLINK-17788/CaregiverDemographics")): Object: 'Object Repository/Regression BackOffice/CLINK-17788/CaregiverDemographics' is clicked on

2019-07-29 12:14:52 - [MESSAGE][PASSED] - Object: 'Object Repository/Regression BackOffice/CLINK-17788/CaregiverDemographics' is clicked on

2019-07-29 12:14:52 - [TEST_STEP][PASSED] - delay(2): Delayed 2 second(s)

2019-07-29 12:14:54 - [MESSAGE][PASSED] - Delayed 2 second(s)

2019-07-29 12:14:54 - [TEST_STEP][PASSED] - switchToDefaultContent(): null

2019-07-29 12:14:54 - [TEST_STEP][PASSED] - switchToFrame(findTestObject("Regression BackOffice/CLNK-23449/FrameMain"), 30): null

2019-07-29 12:14:54 - [TEST_STEP][PASSED] - waitForElementPresent(findTestObject("Regression BackOffice/CLINK-17788/LastNameSearch"), 50): Object 'Object Repository/Regression BackOffice/CLINK-17788/LastNameSearch' is present

2019-07-29 12:14:54 - [MESSAGE][PASSED] - Object 'Object Repository/Regression BackOffice/CLINK-17788/LastNameSearch' is present

2019-07-29 12:14:54 - [TEST_STEP][PASSED] - setText(findTestObject("Regression BackOffice/CLINK-17788/LastNameSearch"), G_CareGiverLastName): Text 'Yotun' is set on object 'Object Repository/Regression BackOffice/CLINK-17788/LastNameSearch'

2019-07-29 12:14:54 - [MESSAGE][PASSED] - Text 'Yotun' is set on object 'Object Repository/Regression BackOffice/CLINK-17788/LastNameSearch'

2019-07-29 12:14:54 - [TEST_STEP][PASSED] - delay(2): Delayed 2 second(s)

2019-07-29 12:14:56 - [MESSAGE][PASSED] - Delayed 2 second(s)

2019-07-29 12:14:56 - [TEST_STEP][PASSED] - waitForElementPresent(findTestObject("Regression BackOffice/CLINK-17788/SearchButton"), 50): Object 'Object Repository/Regression BackOffice/CLINK-17788/SearchButton' is present

2019-07-29 12:14:56 - [MESSAGE][PASSED] - Object 'Object Repository/Regression BackOffice/CLINK-17788/SearchButton' is present

2019-07-29 12:14:56 - [TEST_STEP][PASSED] - click(findTestObject("Regression BackOffice/CLINK-17788/SearchButton"), STOP_ON_FAILURE): Object: 'Object Repository/Regression BackOffice/CLINK-17788/SearchButton' is clicked on

2019-07-29 12:14:57 - [MESSAGE][PASSED] - Object: 'Object Repository/Regression BackOffice/CLINK-17788/SearchButton' is clicked on

2019-07-29 12:14:57 - [TEST_STEP][PASSED] - delay(2): Delayed 2 second(s)

2019-07-29 12:14:59 - [MESSAGE][PASSED] - Delayed 2 second(s)

2019-07-29 12:14:59 - [TEST_STEP][PASSED] - waitForElementPresent(findTestObject("Regression BackOffice/CLINK-17788/UserLink"), 50): Object 'Object Repository/Regression BackOffice/CLINK-17788/UserLink' is present

2019-07-29 12:14:59 - [MESSAGE][PASSED] - Object 'Object Repository/Regression BackOffice/CLINK-17788/UserLink' is present

2019-07-29 12:14:59 - [TEST_STEP][PASSED] - click(findTestObject("Regression BackOffice/CLINK-17788/UserLink"), STOP_ON_FAILURE): Object: 'Object Repository/Regression BackOffice/CLINK-17788/UserLink' is clicked on

2019-07-29 12:15:02 - [MESSAGE][PASSED] - Object: 'Object Repository/Regression BackOffice/CLINK-17788/UserLink' is clicked on

2019-07-29 12:15:02 - [TEST_STEP][PASSED] - delay(2): Delayed 2 second(s)

2019-07-29 12:15:04 - [MESSAGE][PASSED] - Delayed 2 second(s)

2019-07-29 12:15:04 - [TEST_STEP][PASSED] - scrollToElement(findTestObject("Regression BackOffice/CLINK-17788/OtherInformationSection"), 20): Scroll to object 'Object Repository/Regression BackOffice/CLINK-17788/OtherInformationSection' successfully

2019-07-29 12:15:04 - [MESSAGE][PASSED] - Scroll to object 'Object Repository/Regression BackOffice/CLINK-17788/OtherInformationSection' successfully

2019-07-29 12:15:04 - [TEST_STEP][PASSED] - waitForElementPresent(findTestObject("Regression BackOffice/CLINK-17788/YesCareManager"), 50): Object 'Object Repository/Regression BackOffice/CLINK-17788/YesCareManager' is present

2019-07-29 12:15:04 - [MESSAGE][PASSED] - Object 'Object Repository/Regression BackOffice/CLINK-17788/YesCareManager' is present

2019-07-29 12:15:04 - [TEST_STEP][PASSED] - click(findTestObject("Regression BackOffice/CLINK-17788/YesCareManager"), STOP_ON_FAILURE): Object: 'Object Repository/Regression BackOffice/CLINK-17788/YesCareManager' is clicked on

2019-07-29 12:15:04 - [MESSAGE][PASSED] - Object: 'Object Repository/Regression BackOffice/CLINK-17788/YesCareManager' is clicked on

2019-07-29 12:15:04 - [TEST_STEP][PASSED] - delay(2): Delayed 2 second(s)

2019-07-29 12:15:06 - [MESSAGE][PASSED] - Delayed 2 second(s)

2019-07-29 12:15:06 - [TEST_STEP][PASSED] - waitForElementPresent(findTestObject("Regression BackOffice/CLINK-17788/NoClinicalManager"), 50): Object 'Object Repository/Regression BackOffice/CLINK-17788/NoClinicalManager' is present

2019-07-29 12:15:06 - [MESSAGE][PASSED] - Object 'Object Repository/Regression BackOffice/CLINK-17788/NoClinicalManager' is present

2019-07-29 12:15:06 - [TEST_STEP][PASSED] - click(findTestObject("Regression BackOffice/CLINK-17788/NoClinicalManager"), STOP_ON_FAILURE): Object: 'Object Repository/Regression BackOffice/CLINK-17788/NoClinicalManager' is clicked on

2019-07-29 12:15:06 - [MESSAGE][PASSED] - Object: 'Object Repository/Regression BackOffice/CLINK-17788/NoClinicalManager' is clicked on

2019-07-29 12:15:06 - [TEST_STEP][PASSED] - switchToDefaultContent(): null

2019-07-29 12:15:06 - [TEST_STEP][PASSED] - delay(2): Delayed 2 second(s)

2019-07-29 12:15:08 - [MESSAGE][PASSED] - Delayed 2 second(s)

2019-07-29 12:15:08 - [TEST_STEP][PASSED] - switchToFrame(findTestObject("Regression BackOffice/CLINK-17788/BannerFrame"), 30): null

2019-07-29 12:15:08 - [TEST_STEP][PASSED] - waitForElementPresent(findTestObject("Regression BackOffice/CLINK-17788/SaveButton"), 50): Object 'Object Repository/Regression BackOffice/CLINK-17788/SaveButton' is present

2019-07-29 12:15:08 - [MESSAGE][PASSED] - Object 'Object Repository/Regression BackOffice/CLINK-17788/SaveButton' is present

2019-07-29 12:15:08 - [TEST_STEP][PASSED] - click(findTestObject("Regression BackOffice/CLINK-17788/SaveButton"), STOP_ON_FAILURE): Object: 'Object Repository/Regression BackOffice/CLINK-17788/SaveButton' is clicked on

2019-07-29 12:15:13 - [MESSAGE][PASSED] - Object: 'Object Repository/Regression BackOffice/CLINK-17788/SaveButton' is clicked on

2019-07-29 12:15:13 - [TEST_STEP][PASSED] - delay(2): Delayed 2 second(s)

2019-07-29 12:15:15 - [MESSAGE][PASSED] - Delayed 2 second(s)

2019-07-29 12:15:15 - [TEST_STEP][PASSED] - closeBrowser(): Browser is closed

2019-07-29 12:15:16 - [MESSAGE][PASSED] - Browser is closed]]></system-out>
         <system-err><![CDATA[]]></system-err>
      </testcase>
      <system-out><![CDATA[2019-07-29 12:02:05 - [TEST_SUITE][PASSED] - Regression Caregiver: Test Cases/Regression BackOffice (All Browsers)/CLNK-17788 - (Task A) New Clinical Manager Caregiver Property]]></system-out>
      <system-err><![CDATA[]]></system-err>
   </testsuite>
</testsuites>
