<?xml version="1.0" encoding="UTF-8"?>
<testsuites name="POC" time="496" tests="4" failures="0" errors="0">
   <testsuite name="POC" tests="4" failures="0" errors="0" time="496" timestamp="2019-04-22 13:59:05" hostname="isaac - DESKTOP-RO0FF5F" id="Test Suites/End to End/POC">
      <properties>
         <property name="deviceName" value=""/>
         <property name="devicePlatform" value=""/>
         <property name="logFolder" value="C:\\Users\\isaac\\Katalon Studio\\Continulink\\Reports\\End to End\\POC\\20190422_135901"/>
         <property name="logFiles" value="C:\\Users\\isaac\\Katalon Studio\\Continulink\\Reports\\End to End\\POC\\20190422_135901\\execution0.log"/>
         <property name="attachments" value=""/>
         <property name="hostName" value="isaac - DESKTOP-RO0FF5F"/>
         <property name="os" value="Windows 10 64bit"/>
         <property name="katalonVersion" value="6.0.5.4"/>
         <property name="browser" value="Chrome 73.0.3683.103"/>
         <property name="hostAddress" value="192.168.0.115"/>
         <property name="sessionId" value="53d4d4a0f5ed7d89676b8d1c783ef5d4"/>
         <property name="seleniumVersion" value="3.7.1"/>
         <property name="proxyInformation" value="ProxyInformation{proxyOption=NO_PROXY, proxyServerType=HTTP, password=, proxyServerAddress=, proxyServerPort=0}"/>
         <property name="platform" value="Windows 10"/>
      </properties>
      <testcase name="Test Cases/Regression BackOffice (All Browsers)/CLNK-23449 - Quick Intake Wizard" classname="Test Cases/Regression BackOffice (All Browsers)/CLNK-23449 - Quick Intake Wizard" status="PASSED">
         <system-out><![CDATA[2019-04-22 13:59:06 - [TEST_CASE][PASSED] - Test Cases/Regression BackOffice (All Browsers)/CLNK-23449 - Quick Intake Wizard: Test Cases/Regression BackOffice (All Browsers)/CLNK-23449 - Quick Intake Wizard

2019-04-22 13:59:08 - [TEST_STEP][PASSED] - callTestCase(findTestCase("Regression BackOffice (All Browsers)/CLNK-23439 - Clink - Back office Client"), [:], STOP_ON_FAILURE): Call Test Case 'Test Cases/Regression BackOffice (All Browsers)/CLNK-23439 - Clink - Back office Client' successfully

2019-04-22 13:59:09 - [TEST_CASE][PASSED] - Test Cases/Regression BackOffice (All Browsers)/CLNK-23439 - Clink - Back office Client: Test Cases/Regression BackOffice (All Browsers)/CLNK-23439 - Clink - Back office Client

2019-04-22 13:59:10 - [TEST_STEP][PASSED] - openBrowser(G_SiteBackOffice): Browser is opened with url: 'http://qanewpoc.continulink.com:81/backoffice/Login.aspx'

2019-04-22 13:59:12 - [MESSAGE][INFO] - Starting 'Chrome' driver

2019-04-22 13:59:12 - [MESSAGE][INFO] - Action delay is set to 0 seconds

2019-04-22 13:59:20 - [MESSAGE][PASSED] - Browser is opened with url: 'http://qanewpoc.continulink.com:81/backoffice/Login.aspx'

2019-04-22 13:59:20 - [TEST_STEP][PASSED] - waitForPageLoad(60): Wait for page load successfully

2019-04-22 13:59:20 - [MESSAGE][PASSED] - Wait for page load successfully

2019-04-22 13:59:20 - [TEST_STEP][PASSED] - maximizeWindow(): Current window maximized

2019-04-22 13:59:22 - [MESSAGE][PASSED] - Current window maximized

2019-04-22 13:59:22 - [TEST_STEP][PASSED] - setText(findTestObject("Regression BackOffice/Login/UserBackOffice"), G_UserBackOffice): Text 'demo' is set on object 'Object Repository/Regression BackOffice/Login/UserBackOffice'

2019-04-22 13:59:22 - [MESSAGE][PASSED] - Text 'demo' is set on object 'Object Repository/Regression BackOffice/Login/UserBackOffice'

2019-04-22 13:59:22 - [TEST_STEP][PASSED] - setText(findTestObject("Regression BackOffice/Login/PasswordBackOffice"), G_PasswordBackOffice): Text 'qwerty' is set on object 'Object Repository/Regression BackOffice/Login/PasswordBackOffice'

2019-04-22 13:59:23 - [MESSAGE][PASSED] - Text 'qwerty' is set on object 'Object Repository/Regression BackOffice/Login/PasswordBackOffice'

2019-04-22 13:59:23 - [TEST_STEP][PASSED] - click(findTestObject("Regression BackOffice/Login/LoginBackOffice")): Object: 'Object Repository/Regression BackOffice/Login/LoginBackOffice' is clicked on

2019-04-22 13:59:30 - [MESSAGE][PASSED] - Object: 'Object Repository/Regression BackOffice/Login/LoginBackOffice' is clicked on

2019-04-22 13:59:30 - [TEST_STEP][PASSED] - waitForPageLoad(60): Wait for page load successfully

2019-04-22 13:59:30 - [MESSAGE][PASSED] - Wait for page load successfully

2019-04-22 13:59:30 - [TEST_STEP][PASSED] - delay(3): Delayed 3 second(s)

2019-04-22 13:59:33 - [MESSAGE][PASSED] - Delayed 3 second(s)

2019-04-22 13:59:33 - [TEST_STEP][PASSED] - switchToFrame(findTestObject("Regression BackOffice/CLNK-23449/FrameLeft"), 5): null

2019-04-22 13:59:33 - [TEST_STEP][PASSED] - waitForElementPresent(findTestObject("Regression BackOffice/CLNK-23449/ClienIntakeICon"), 60): Object 'Object Repository/Regression BackOffice/CLNK-23449/ClienIntakeICon' is present

2019-04-22 13:59:33 - [MESSAGE][PASSED] - Object 'Object Repository/Regression BackOffice/CLNK-23449/ClienIntakeICon' is present

2019-04-22 13:59:33 - [TEST_STEP][PASSED] - verifyElementPresent(findTestObject("Regression BackOffice/CLNK-23449/ClienIntakeICon"), 100): Object 'Object Repository/Regression BackOffice/CLNK-23449/ClienIntakeICon' is present

2019-04-22 13:59:33 - [MESSAGE][PASSED] - Object 'Object Repository/Regression BackOffice/CLNK-23449/ClienIntakeICon' is present

2019-04-22 13:59:33 - [TEST_STEP][PASSED] - switchToDefaultContent(): null

2019-04-22 13:59:33 - [MESSAGE][PASSED] - Call Test Case 'Test Cases/Regression BackOffice (All Browsers)/CLNK-23439 - Clink - Back office Client' successfully

2019-04-22 13:59:33 - [TEST_STEP][PASSED] - waitForPageLoad(60): Wait for page load successfully

2019-04-22 13:59:33 - [MESSAGE][PASSED] - Wait for page load successfully

2019-04-22 13:59:33 - [TEST_STEP][PASSED] - delay(3): Delayed 3 second(s)

2019-04-22 13:59:36 - [MESSAGE][PASSED] - Delayed 3 second(s)

2019-04-22 13:59:36 - [TEST_STEP][PASSED] - switchToFrame(findTestObject("Regression BackOffice/CLNK-23449/FrameLeft"), 30): null

2019-04-22 13:59:36 - [TEST_STEP][PASSED] - waitForElementPresent(findTestObject("Regression BackOffice/CLNK-23449/ClienIntakeICon"), 100): Object 'Object Repository/Regression BackOffice/CLNK-23449/ClienIntakeICon' is present

2019-04-22 13:59:36 - [MESSAGE][PASSED] - Object 'Object Repository/Regression BackOffice/CLNK-23449/ClienIntakeICon' is present

2019-04-22 13:59:36 - [TEST_STEP][PASSED] - click(findTestObject("Regression BackOffice/CLNK-23449/ClienIntakeICon")): Object: 'Object Repository/Regression BackOffice/CLNK-23449/ClienIntakeICon' is clicked on

2019-04-22 13:59:37 - [MESSAGE][PASSED] - Object: 'Object Repository/Regression BackOffice/CLNK-23449/ClienIntakeICon' is clicked on

2019-04-22 13:59:37 - [TEST_STEP][PASSED] - delay(2): Delayed 2 second(s)

2019-04-22 13:59:39 - [MESSAGE][PASSED] - Delayed 2 second(s)

2019-04-22 13:59:39 - [TEST_STEP][PASSED] - waitForPageLoad(50): Wait for page load successfully

2019-04-22 13:59:39 - [MESSAGE][PASSED] - Wait for page load successfully

2019-04-22 13:59:39 - [TEST_STEP][PASSED] - waitForElementPresent(findTestObject("Regression BackOffice/CLNK-23449/Quick Intake Wizard Link"), 50): Object 'Object Repository/Regression BackOffice/CLNK-23449/Quick Intake Wizard Link' is present

2019-04-22 13:59:39 - [MESSAGE][PASSED] - Object 'Object Repository/Regression BackOffice/CLNK-23449/Quick Intake Wizard Link' is present

2019-04-22 13:59:39 - [TEST_STEP][PASSED] - click(findTestObject("Regression BackOffice/CLNK-23449/Quick Intake Wizard Link")): Object: 'Object Repository/Regression BackOffice/CLNK-23449/Quick Intake Wizard Link' is clicked on

2019-04-22 13:59:41 - [MESSAGE][PASSED] - Object: 'Object Repository/Regression BackOffice/CLNK-23449/Quick Intake Wizard Link' is clicked on

2019-04-22 13:59:41 - [TEST_STEP][PASSED] - delay(2): Delayed 2 second(s)

2019-04-22 13:59:43 - [MESSAGE][PASSED] - Delayed 2 second(s)

2019-04-22 13:59:43 - [TEST_STEP][PASSED] - switchToDefaultContent(): null

2019-04-22 13:59:43 - [TEST_STEP][PASSED] - switchToFrame(findTestObject("Regression BackOffice/CLNK-23449/FrameMain"), 30): null

2019-04-22 13:59:44 - [TEST_STEP][PASSED] - waitForElementPresent(findTestObject("Regression BackOffice/CLNK-23449/New Referral Button"), 50): Object 'Object Repository/Regression BackOffice/CLNK-23449/New Referral Button' is present

2019-04-22 13:59:44 - [MESSAGE][PASSED] - Object 'Object Repository/Regression BackOffice/CLNK-23449/New Referral Button' is present

2019-04-22 13:59:44 - [TEST_STEP][PASSED] - click(findTestObject("Regression BackOffice/CLNK-23449/New Referral Button")): Object: 'Object Repository/Regression BackOffice/CLNK-23449/New Referral Button' is clicked on

2019-04-22 13:59:44 - [MESSAGE][PASSED] - Object: 'Object Repository/Regression BackOffice/CLNK-23449/New Referral Button' is clicked on

2019-04-22 13:59:44 - [TEST_STEP][PASSED] - waitForPageLoad(50): Wait for page load successfully

2019-04-22 13:59:44 - [MESSAGE][PASSED] - Wait for page load successfully

2019-04-22 13:59:44 - [TEST_STEP][PASSED] - delay(2): Delayed 2 second(s)

2019-04-22 13:59:46 - [MESSAGE][PASSED] - Delayed 2 second(s)

2019-04-22 13:59:46 - [TEST_STEP][PASSED] - waitForElementPresent(findTestObject("Regression BackOffice/CLNK-23449/ReferralType"), 50): Object 'Object Repository/Regression BackOffice/CLNK-23449/ReferralType' is present

2019-04-22 13:59:46 - [MESSAGE][PASSED] - Object 'Object Repository/Regression BackOffice/CLNK-23449/ReferralType' is present

2019-04-22 13:59:46 - [TEST_STEP][PASSED] - focus(findTestObject("Regression BackOffice/CLNK-23449/ReferralType")): Object: 'Object Repository/Regression BackOffice/CLNK-23449/ReferralType' is focused

2019-04-22 13:59:46 - [MESSAGE][PASSED] - Object: 'Object Repository/Regression BackOffice/CLNK-23449/ReferralType' is focused

2019-04-22 13:59:46 - [TEST_STEP][PASSED] - click(findTestObject("Regression BackOffice/CLNK-23449/ReferralType")): Object: 'Object Repository/Regression BackOffice/CLNK-23449/ReferralType' is clicked on

2019-04-22 13:59:47 - [MESSAGE][PASSED] - Object: 'Object Repository/Regression BackOffice/CLNK-23449/ReferralType' is clicked on

2019-04-22 13:59:47 - [TEST_STEP][PASSED] - delay(2): Delayed 2 second(s)

2019-04-22 13:59:49 - [MESSAGE][PASSED] - Delayed 2 second(s)

2019-04-22 13:59:49 - [TEST_STEP][PASSED] - sendKeys(findTestObject("Regression BackOffice/CLNK-23449/ReferralType"), Keys.chord(ARROW_DOWN, ENTER)): Keys 'DOWN + ENTER + ' sent to object: 'Object Repository/Regression BackOffice/CLNK-23449/ReferralType'

2019-04-22 13:59:49 - [MESSAGE][PASSED] - Keys 'DOWN + ENTER + ' sent to object: 'Object Repository/Regression BackOffice/CLNK-23449/ReferralType'

2019-04-22 13:59:49 - [TEST_STEP][PASSED] - delay(3): Delayed 3 second(s)

2019-04-22 13:59:52 - [MESSAGE][PASSED] - Delayed 3 second(s)

2019-04-22 13:59:52 - [TEST_STEP][PASSED] - waitForElementPresent(findTestObject("Regression BackOffice/CLNK-23449/ReferralSourcePerson"), 50): Object 'Object Repository/Regression BackOffice/CLNK-23449/ReferralSourcePerson' is present

2019-04-22 13:59:52 - [MESSAGE][PASSED] - Object 'Object Repository/Regression BackOffice/CLNK-23449/ReferralSourcePerson' is present

2019-04-22 13:59:52 - [TEST_STEP][PASSED] - setText(findTestObject("Regression BackOffice/CLNK-23449/ReferralSourcePerson"), G_ReferralSourcePerson): Text 'Lyudmila Kaskov' is set on object 'Object Repository/Regression BackOffice/CLNK-23449/ReferralSourcePerson'

2019-04-22 13:59:53 - [MESSAGE][PASSED] - Text 'Lyudmila Kaskov' is set on object 'Object Repository/Regression BackOffice/CLNK-23449/ReferralSourcePerson'

2019-04-22 13:59:53 - [TEST_STEP][PASSED] - delay(2): Delayed 2 second(s)

2019-04-22 13:59:55 - [MESSAGE][PASSED] - Delayed 2 second(s)

2019-04-22 13:59:55 - [TEST_STEP][PASSED] - waitForElementPresent(findTestObject("Regression BackOffice/CLNK-23449/ClientFirstName"), 50): Object 'Object Repository/Regression BackOffice/CLNK-23449/ClientFirstName' is present

2019-04-22 13:59:55 - [MESSAGE][PASSED] - Object 'Object Repository/Regression BackOffice/CLNK-23449/ClientFirstName' is present

2019-04-22 13:59:55 - [TEST_STEP][PASSED] - setText(findTestObject("Regression BackOffice/CLNK-23449/ClientFirstName"), G_ClientFirstName): Text 'Federico' is set on object 'Object Repository/Regression BackOffice/CLNK-23449/ClientFirstName'

2019-04-22 13:59:56 - [MESSAGE][PASSED] - Text 'Federico' is set on object 'Object Repository/Regression BackOffice/CLNK-23449/ClientFirstName'

2019-04-22 13:59:56 - [TEST_STEP][PASSED] - delay(2): Delayed 2 second(s)

2019-04-22 13:59:58 - [MESSAGE][PASSED] - Delayed 2 second(s)

2019-04-22 13:59:58 - [TEST_STEP][PASSED] - waitForElementPresent(findTestObject("Regression BackOffice/CLNK-23449/ClientMiddle"), 50): Object 'Object Repository/Regression BackOffice/CLNK-23449/ClientMiddle' is present

2019-04-22 13:59:58 - [MESSAGE][PASSED] - Object 'Object Repository/Regression BackOffice/CLNK-23449/ClientMiddle' is present

2019-04-22 13:59:58 - [TEST_STEP][PASSED] - setText(findTestObject("Regression BackOffice/CLNK-23449/ClientMiddle"), G_ClientMiddleName): Text 'M' is set on object 'Object Repository/Regression BackOffice/CLNK-23449/ClientMiddle'

2019-04-22 13:59:58 - [MESSAGE][PASSED] - Text 'M' is set on object 'Object Repository/Regression BackOffice/CLNK-23449/ClientMiddle'

2019-04-22 13:59:58 - [TEST_STEP][PASSED] - delay(2): Delayed 2 second(s)

2019-04-22 14:00:00 - [MESSAGE][PASSED] - Delayed 2 second(s)

2019-04-22 14:00:00 - [TEST_STEP][PASSED] - waitForElementPresent(findTestObject("Regression BackOffice/CLNK-23449/ClientLastName"), 50): Object 'Object Repository/Regression BackOffice/CLNK-23449/ClientLastName' is present

2019-04-22 14:00:00 - [MESSAGE][PASSED] - Object 'Object Repository/Regression BackOffice/CLNK-23449/ClientLastName' is present

2019-04-22 14:00:00 - [TEST_STEP][PASSED] - setText(findTestObject("Regression BackOffice/CLNK-23449/ClientLastName"), G_ClientLastName): Text 'Kobrinsky' is set on object 'Object Repository/Regression BackOffice/CLNK-23449/ClientLastName'

2019-04-22 14:00:01 - [MESSAGE][PASSED] - Text 'Kobrinsky' is set on object 'Object Repository/Regression BackOffice/CLNK-23449/ClientLastName'

2019-04-22 14:00:01 - [TEST_STEP][PASSED] - delay(2): Delayed 2 second(s)

2019-04-22 14:00:03 - [MESSAGE][PASSED] - Delayed 2 second(s)

2019-04-22 14:00:03 - [TEST_STEP][PASSED] - waitForElementPresent(findTestObject("Regression BackOffice/CLNK-23449/FollowUpCallBack"), 50): Object 'Object Repository/Regression BackOffice/CLNK-23449/FollowUpCallBack' is present

2019-04-22 14:00:03 - [MESSAGE][PASSED] - Object 'Object Repository/Regression BackOffice/CLNK-23449/FollowUpCallBack' is present

2019-04-22 14:00:03 - [TEST_STEP][PASSED] - setText(findTestObject("Regression BackOffice/CLNK-23449/FollowUpCallBack"), "3"): Text '3' is set on object 'Object Repository/Regression BackOffice/CLNK-23449/FollowUpCallBack'

2019-04-22 14:00:03 - [MESSAGE][PASSED] - Text '3' is set on object 'Object Repository/Regression BackOffice/CLNK-23449/FollowUpCallBack'

2019-04-22 14:00:03 - [TEST_STEP][PASSED] - delay(2): Delayed 2 second(s)

2019-04-22 14:00:05 - [MESSAGE][PASSED] - Delayed 2 second(s)

2019-04-22 14:00:05 - [TEST_STEP][PASSED] - waitForElementPresent(findTestObject("Regression BackOffice/CLNK-23449/PhysicianName"), 50): Object 'Object Repository/Regression BackOffice/CLNK-23449/PhysicianName' is present

2019-04-22 14:00:05 - [MESSAGE][PASSED] - Object 'Object Repository/Regression BackOffice/CLNK-23449/PhysicianName' is present

2019-04-22 14:00:05 - [TEST_STEP][PASSED] - click(findTestObject("Regression BackOffice/CLNK-23449/PhysicianName")): Object: 'Object Repository/Regression BackOffice/CLNK-23449/PhysicianName' is clicked on

2019-04-22 14:00:05 - [MESSAGE][PASSED] - Object: 'Object Repository/Regression BackOffice/CLNK-23449/PhysicianName' is clicked on

2019-04-22 14:00:05 - [TEST_STEP][PASSED] - delay(2): Delayed 2 second(s)

2019-04-22 14:00:07 - [MESSAGE][PASSED] - Delayed 2 second(s)

2019-04-22 14:00:07 - [TEST_STEP][PASSED] - setText(findTestObject("Regression BackOffice/CLNK-23449/PhysicianName"), G_PhisicanName): Text 'Abbott' is set on object 'Object Repository/Regression BackOffice/CLNK-23449/PhysicianName'

2019-04-22 14:00:08 - [MESSAGE][PASSED] - Text 'Abbott' is set on object 'Object Repository/Regression BackOffice/CLNK-23449/PhysicianName'

2019-04-22 14:00:08 - [TEST_STEP][PASSED] - delay(3): Delayed 3 second(s)

2019-04-22 14:00:11 - [MESSAGE][PASSED] - Delayed 3 second(s)

2019-04-22 14:00:11 - [TEST_STEP][PASSED] - waitForElementPresent(findTestObject("Regression BackOffice/CLNK-23449/li_Black Larry"), 50): Object 'Object Repository/Regression BackOffice/CLNK-23449/li_Black Larry' is present

2019-04-22 14:00:11 - [MESSAGE][PASSED] - Object 'Object Repository/Regression BackOffice/CLNK-23449/li_Black Larry' is present

2019-04-22 14:00:11 - [TEST_STEP][PASSED] - click(findTestObject("Regression BackOffice/CLNK-23449/li_Black Larry")): Object: 'Object Repository/Regression BackOffice/CLNK-23449/li_Black Larry' is clicked on

2019-04-22 14:00:11 - [MESSAGE][PASSED] - Object: 'Object Repository/Regression BackOffice/CLNK-23449/li_Black Larry' is clicked on

2019-04-22 14:00:11 - [TEST_STEP][PASSED] - delay(2): Delayed 2 second(s)

2019-04-22 14:00:13 - [MESSAGE][PASSED] - Delayed 2 second(s)

2019-04-22 14:00:13 - [TEST_STEP][PASSED] - waitForElementPresent(findTestObject("Regression BackOffice/CLNK-23449/SaveButton"), 50): Object 'Object Repository/Regression BackOffice/CLNK-23449/SaveButton' is present

2019-04-22 14:00:13 - [MESSAGE][PASSED] - Object 'Object Repository/Regression BackOffice/CLNK-23449/SaveButton' is present

2019-04-22 14:00:13 - [TEST_STEP][PASSED] - click(findTestObject("Regression BackOffice/CLNK-23449/SaveButton"), STOP_ON_FAILURE): Object: 'Object Repository/Regression BackOffice/CLNK-23449/SaveButton' is clicked on

2019-04-22 14:00:14 - [MESSAGE][PASSED] - Object: 'Object Repository/Regression BackOffice/CLNK-23449/SaveButton' is clicked on

2019-04-22 14:00:14 - [TEST_STEP][PASSED] - delay(2): Delayed 2 second(s)

2019-04-22 14:00:16 - [MESSAGE][PASSED] - Delayed 2 second(s)

2019-04-22 14:00:16 - [TEST_STEP][PASSED] - waitForElementPresent(findTestObject("Regression BackOffice/CLNK-23449/btnNext"), 50): Object 'Object Repository/Regression BackOffice/CLNK-23449/btnNext' is present

2019-04-22 14:00:16 - [MESSAGE][PASSED] - Object 'Object Repository/Regression BackOffice/CLNK-23449/btnNext' is present

2019-04-22 14:00:16 - [TEST_STEP][PASSED] - click(findTestObject("Regression BackOffice/CLNK-23449/btnNext"), STOP_ON_FAILURE): Object: 'Object Repository/Regression BackOffice/CLNK-23449/btnNext' is clicked on

2019-04-22 14:00:16 - [MESSAGE][PASSED] - Object: 'Object Repository/Regression BackOffice/CLNK-23449/btnNext' is clicked on

2019-04-22 14:00:16 - [TEST_STEP][PASSED] - delay(2): Delayed 2 second(s)

2019-04-22 14:00:18 - [MESSAGE][PASSED] - Delayed 2 second(s)

2019-04-22 14:00:18 - [TEST_STEP][PASSED] - setText(findTestObject("Regression BackOffice/CLNK-23449/Demographics/DOB"), "05/23/1970"): Text '05/23/1970' is set on object 'Object Repository/Regression BackOffice/CLNK-23449/Demographics/DOB'

2019-04-22 14:00:19 - [MESSAGE][PASSED] - Text '05/23/1970' is set on object 'Object Repository/Regression BackOffice/CLNK-23449/Demographics/DOB'

2019-04-22 14:00:19 - [TEST_STEP][PASSED] - delay(3): Delayed 3 second(s)

2019-04-22 14:00:22 - [MESSAGE][PASSED] - Delayed 3 second(s)

2019-04-22 14:00:22 - [TEST_STEP][PASSED] - setText(findTestObject("Regression BackOffice/CLNK-23449/Demographics/SSN1"), "436120560"): Text '436120560' is set on object 'Object Repository/Regression BackOffice/CLNK-23449/Demographics/SSN1'

2019-04-22 14:00:22 - [MESSAGE][PASSED] - Text '436120560' is set on object 'Object Repository/Regression BackOffice/CLNK-23449/Demographics/SSN1'

2019-04-22 14:00:22 - [TEST_STEP][PASSED] - delay(3): Delayed 3 second(s)

2019-04-22 14:00:25 - [MESSAGE][PASSED] - Delayed 3 second(s)

2019-04-22 14:00:25 - [TEST_STEP][PASSED] - setText(findTestObject("Regression BackOffice/CLNK-23449/Demographics/Medicare ID"), "123456789a"): Text '123456789a' is set on object 'Object Repository/Regression BackOffice/CLNK-23449/Demographics/Medicare ID'

2019-04-22 14:00:26 - [MESSAGE][PASSED] - Text '123456789a' is set on object 'Object Repository/Regression BackOffice/CLNK-23449/Demographics/Medicare ID'

2019-04-22 14:00:26 - [TEST_STEP][PASSED] - delay(3): Delayed 3 second(s)

2019-04-22 14:00:29 - [MESSAGE][PASSED] - Delayed 3 second(s)

2019-04-22 14:00:29 - [TEST_STEP][PASSED] - setText(findTestObject("Regression BackOffice/CLNK-23449/Demographics/Address"), "320 Interlocken Parkway"): Text '320 Interlocken Parkway' is set on object 'Object Repository/Regression BackOffice/CLNK-23449/Demographics/Address'

2019-04-22 14:00:31 - [MESSAGE][PASSED] - Text '320 Interlocken Parkway' is set on object 'Object Repository/Regression BackOffice/CLNK-23449/Demographics/Address'

2019-04-22 14:00:31 - [TEST_STEP][PASSED] - delay(3): Delayed 3 second(s)

2019-04-22 14:00:34 - [MESSAGE][PASSED] - Delayed 3 second(s)

2019-04-22 14:00:34 - [TEST_STEP][PASSED] - setText(findTestObject("Regression BackOffice/CLNK-23449/Demographics/City"), "Broomfield"): Text 'Broomfield' is set on object 'Object Repository/Regression BackOffice/CLNK-23449/Demographics/City'

2019-04-22 14:00:34 - [MESSAGE][PASSED] - Text 'Broomfield' is set on object 'Object Repository/Regression BackOffice/CLNK-23449/Demographics/City'

2019-04-22 14:00:34 - [TEST_STEP][PASSED] - delay(3): Delayed 3 second(s)

2019-04-22 14:00:37 - [MESSAGE][PASSED] - Delayed 3 second(s)

2019-04-22 14:00:37 - [TEST_STEP][PASSED] - setText(findTestObject("Regression BackOffice/CLNK-23449/Demographics/County"), "United States"): Text 'United States' is set on object 'Object Repository/Regression BackOffice/CLNK-23449/Demographics/County'

2019-04-22 14:00:38 - [MESSAGE][PASSED] - Text 'United States' is set on object 'Object Repository/Regression BackOffice/CLNK-23449/Demographics/County'

2019-04-22 14:00:38 - [TEST_STEP][PASSED] - delay(3): Delayed 3 second(s)

2019-04-22 14:00:41 - [MESSAGE][PASSED] - Delayed 3 second(s)

2019-04-22 14:00:41 - [TEST_STEP][PASSED] - click(findTestObject("Regression BackOffice/CLNK-23449/Demographics/State"), CONTINUE_ON_FAILURE): Object: 'Object Repository/Regression BackOffice/CLNK-23449/Demographics/State' is clicked on

2019-04-22 14:00:41 - [MESSAGE][PASSED] - Object: 'Object Repository/Regression BackOffice/CLNK-23449/Demographics/State' is clicked on

2019-04-22 14:00:41 - [TEST_STEP][PASSED] - sendKeys(findTestObject("Regression BackOffice/CLNK-23449/Demographics/State"), Keys.chord(ARROW_DOWN, ARROW_DOWN, ARROW_DOWN, ARROW_DOWN, ARROW_DOWN, ARROW_DOWN, ENTER)): Keys 'DOWN + DOWN + DOWN + DOWN + DOWN + DOWN + ENTER + ' sent to object: 'Object Repository/Regression BackOffice/CLNK-23449/Demographics/State'

2019-04-22 14:00:42 - [MESSAGE][PASSED] - Keys 'DOWN + DOWN + DOWN + DOWN + DOWN + DOWN + ENTER + ' sent to object: 'Object Repository/Regression BackOffice/CLNK-23449/Demographics/State'

2019-04-22 14:00:42 - [TEST_STEP][PASSED] - delay(3): Delayed 3 second(s)

2019-04-22 14:00:45 - [MESSAGE][PASSED] - Delayed 3 second(s)

2019-04-22 14:00:45 - [TEST_STEP][PASSED] - click(findTestObject("Regression BackOffice/CLNK-23449/Demographics/btnVerify"), CONTINUE_ON_FAILURE): Object: 'Object Repository/Regression BackOffice/CLNK-23449/Demographics/btnVerify' is clicked on

2019-04-22 14:00:45 - [MESSAGE][PASSED] - Object: 'Object Repository/Regression BackOffice/CLNK-23449/Demographics/btnVerify' is clicked on

2019-04-22 14:00:45 - [TEST_STEP][PASSED] - delay(3): Delayed 3 second(s)

2019-04-22 14:00:48 - [MESSAGE][PASSED] - Delayed 3 second(s)

2019-04-22 14:00:48 - [TEST_STEP][PASSED] - click(findTestObject("Regression BackOffice/CLNK-23449/Demographics/btnVerify"), CONTINUE_ON_FAILURE): Object: 'Object Repository/Regression BackOffice/CLNK-23449/Demographics/btnVerify' is clicked on

2019-04-22 14:00:48 - [MESSAGE][PASSED] - Object: 'Object Repository/Regression BackOffice/CLNK-23449/Demographics/btnVerify' is clicked on

2019-04-22 14:00:48 - [TEST_STEP][PASSED] - delay(3): Delayed 3 second(s)

2019-04-22 14:00:51 - [MESSAGE][PASSED] - Delayed 3 second(s)

2019-04-22 14:00:51 - [TEST_STEP][PASSED] - click(findTestObject("Regression BackOffice/CLNK-23449/Demographics/UseVerifyAddress"), CONTINUE_ON_FAILURE): Object: 'Object Repository/Regression BackOffice/CLNK-23449/Demographics/UseVerifyAddress' is clicked on

2019-04-22 14:00:51 - [MESSAGE][PASSED] - Object: 'Object Repository/Regression BackOffice/CLNK-23449/Demographics/UseVerifyAddress' is clicked on

2019-04-22 14:00:51 - [TEST_STEP][PASSED] - delay(3): Delayed 3 second(s)

2019-04-22 14:00:54 - [MESSAGE][PASSED] - Delayed 3 second(s)

2019-04-22 14:00:54 - [TEST_STEP][PASSED] - click(findTestObject("Regression BackOffice/CLNK-23449/Demographics/PhoneType"), CONTINUE_ON_FAILURE): Object: 'Object Repository/Regression BackOffice/CLNK-23449/Demographics/PhoneType' is clicked on

2019-04-22 14:00:55 - [MESSAGE][PASSED] - Object: 'Object Repository/Regression BackOffice/CLNK-23449/Demographics/PhoneType' is clicked on

2019-04-22 14:00:55 - [TEST_STEP][PASSED] - sendKeys(findTestObject("Regression BackOffice/CLNK-23449/Demographics/PhoneType"), Keys.chord(ARROW_DOWN, ENTER)): Keys 'DOWN + ENTER + ' sent to object: 'Object Repository/Regression BackOffice/CLNK-23449/Demographics/PhoneType'

2019-04-22 14:00:55 - [MESSAGE][PASSED] - Keys 'DOWN + ENTER + ' sent to object: 'Object Repository/Regression BackOffice/CLNK-23449/Demographics/PhoneType'

2019-04-22 14:00:55 - [TEST_STEP][PASSED] - delay(3): Delayed 3 second(s)

2019-04-22 14:00:58 - [MESSAGE][PASSED] - Delayed 3 second(s)

2019-04-22 14:00:58 - [TEST_STEP][PASSED] - setText(findTestObject("Regression BackOffice/CLNK-23449/Demographics/PhoneNumber"), "2345698789"): Text '2345698789' is set on object 'Object Repository/Regression BackOffice/CLNK-23449/Demographics/PhoneNumber'

2019-04-22 14:00:59 - [MESSAGE][PASSED] - Text '2345698789' is set on object 'Object Repository/Regression BackOffice/CLNK-23449/Demographics/PhoneNumber'

2019-04-22 14:00:59 - [TEST_STEP][PASSED] - delay(3): Delayed 3 second(s)

2019-04-22 14:01:02 - [MESSAGE][PASSED] - Delayed 3 second(s)

2019-04-22 14:01:02 - [TEST_STEP][PASSED] - click(findTestObject("Regression BackOffice/CLNK-23449/Demographics/Zone"), CONTINUE_ON_FAILURE): Object: 'Object Repository/Regression BackOffice/CLNK-23449/Demographics/Zone' is clicked on

2019-04-22 14:01:02 - [MESSAGE][PASSED] - Object: 'Object Repository/Regression BackOffice/CLNK-23449/Demographics/Zone' is clicked on

2019-04-22 14:01:02 - [TEST_STEP][PASSED] - sendKeys(findTestObject("Regression BackOffice/CLNK-23449/Demographics/Zone"), Keys.chord(ARROW_DOWN, ARROW_DOWN, ARROW_DOWN, ENTER)): Keys 'DOWN + DOWN + DOWN + ENTER + ' sent to object: 'Object Repository/Regression BackOffice/CLNK-23449/Demographics/Zone'

2019-04-22 14:01:02 - [MESSAGE][PASSED] - Keys 'DOWN + DOWN + DOWN + ENTER + ' sent to object: 'Object Repository/Regression BackOffice/CLNK-23449/Demographics/Zone'

2019-04-22 14:01:02 - [TEST_STEP][PASSED] - delay(3): Delayed 3 second(s)

2019-04-22 14:01:05 - [MESSAGE][PASSED] - Delayed 3 second(s)

2019-04-22 14:01:05 - [TEST_STEP][PASSED] - waitForElementPresent(findTestObject("Regression BackOffice/CLNK-23449/Demographics/ContactFName"), 50): Object 'Object Repository/Regression BackOffice/CLNK-23449/Demographics/ContactFName' is present

2019-04-22 14:01:05 - [MESSAGE][PASSED] - Object 'Object Repository/Regression BackOffice/CLNK-23449/Demographics/ContactFName' is present

2019-04-22 14:01:05 - [TEST_STEP][PASSED] - setText(findTestObject("Regression BackOffice/CLNK-23449/Demographics/ContactFName"), "Scott"): Text 'Scott' is set on object 'Object Repository/Regression BackOffice/CLNK-23449/Demographics/ContactFName'

2019-04-22 14:01:06 - [MESSAGE][PASSED] - Text 'Scott' is set on object 'Object Repository/Regression BackOffice/CLNK-23449/Demographics/ContactFName'

2019-04-22 14:01:06 - [TEST_STEP][PASSED] - delay(2): Delayed 2 second(s)

2019-04-22 14:01:08 - [MESSAGE][PASSED] - Delayed 2 second(s)

2019-04-22 14:01:08 - [TEST_STEP][PASSED] - waitForElementPresent(findTestObject("Regression BackOffice/CLNK-23449/Demographics/ContactLName"), 50): Object 'Object Repository/Regression BackOffice/CLNK-23449/Demographics/ContactLName' is present

2019-04-22 14:01:08 - [MESSAGE][PASSED] - Object 'Object Repository/Regression BackOffice/CLNK-23449/Demographics/ContactLName' is present

2019-04-22 14:01:08 - [TEST_STEP][PASSED] - setText(findTestObject("Regression BackOffice/CLNK-23449/Demographics/ContactLName"), "Ward"): Text 'Ward' is set on object 'Object Repository/Regression BackOffice/CLNK-23449/Demographics/ContactLName'

2019-04-22 14:01:08 - [MESSAGE][PASSED] - Text 'Ward' is set on object 'Object Repository/Regression BackOffice/CLNK-23449/Demographics/ContactLName'

2019-04-22 14:01:08 - [TEST_STEP][PASSED] - delay(2): Delayed 2 second(s)

2019-04-22 14:01:10 - [MESSAGE][PASSED] - Delayed 2 second(s)

2019-04-22 14:01:10 - [TEST_STEP][PASSED] - click(findTestObject("Regression BackOffice/CLNK-23449/Demographics/ContactType"), CONTINUE_ON_FAILURE): Object: 'Object Repository/Regression BackOffice/CLNK-23449/Demographics/ContactType' is clicked on

2019-04-22 14:01:11 - [MESSAGE][PASSED] - Object: 'Object Repository/Regression BackOffice/CLNK-23449/Demographics/ContactType' is clicked on

2019-04-22 14:01:11 - [TEST_STEP][PASSED] - sendKeys(findTestObject("Regression BackOffice/CLNK-23449/Demographics/ContactType"), Keys.chord(ARROW_DOWN, ARROW_DOWN, ARROW_DOWN, ARROW_DOWN, ARROW_DOWN, ARROW_DOWN, ENTER)): Keys 'DOWN + DOWN + DOWN + DOWN + DOWN + DOWN + ENTER + ' sent to object: 'Object Repository/Regression BackOffice/CLNK-23449/Demographics/ContactType'

2019-04-22 14:01:11 - [MESSAGE][PASSED] - Keys 'DOWN + DOWN + DOWN + DOWN + DOWN + DOWN + ENTER + ' sent to object: 'Object Repository/Regression BackOffice/CLNK-23449/Demographics/ContactType'

2019-04-22 14:01:11 - [TEST_STEP][PASSED] - delay(3): Delayed 3 second(s)

2019-04-22 14:01:14 - [MESSAGE][PASSED] - Delayed 3 second(s)

2019-04-22 14:01:14 - [TEST_STEP][PASSED] - click(findTestObject("Regression BackOffice/CLNK-23449/Demographics/Relationship"), CONTINUE_ON_FAILURE): Object: 'Object Repository/Regression BackOffice/CLNK-23449/Demographics/Relationship' is clicked on

2019-04-22 14:01:14 - [MESSAGE][PASSED] - Object: 'Object Repository/Regression BackOffice/CLNK-23449/Demographics/Relationship' is clicked on

2019-04-22 14:01:14 - [TEST_STEP][PASSED] - sendKeys(findTestObject("Regression BackOffice/CLNK-23449/Demographics/Relationship"), Keys.chord(ARROW_DOWN, ARROW_DOWN, ARROW_DOWN, ARROW_DOWN, ARROW_DOWN, ARROW_DOWN, ENTER)): Keys 'DOWN + DOWN + DOWN + DOWN + DOWN + DOWN + ENTER + ' sent to object: 'Object Repository/Regression BackOffice/CLNK-23449/Demographics/Relationship'

2019-04-22 14:01:14 - [MESSAGE][PASSED] - Keys 'DOWN + DOWN + DOWN + DOWN + DOWN + DOWN + ENTER + ' sent to object: 'Object Repository/Regression BackOffice/CLNK-23449/Demographics/Relationship'

2019-04-22 14:01:14 - [TEST_STEP][PASSED] - delay(3): Delayed 3 second(s)

2019-04-22 14:01:17 - [MESSAGE][PASSED] - Delayed 3 second(s)

2019-04-22 14:01:17 - [TEST_STEP][PASSED] - click(findTestObject("Regression BackOffice/CLNK-23449/Demographics/PhoneTypeContact"), CONTINUE_ON_FAILURE): Object: 'Object Repository/Regression BackOffice/CLNK-23449/Demographics/PhoneTypeContact' is clicked on

2019-04-22 14:01:18 - [MESSAGE][PASSED] - Object: 'Object Repository/Regression BackOffice/CLNK-23449/Demographics/PhoneTypeContact' is clicked on

2019-04-22 14:01:18 - [TEST_STEP][PASSED] - sendKeys(findTestObject("Regression BackOffice/CLNK-23449/Demographics/PhoneTypeContact"), Keys.chord(ARROW_DOWN, ENTER)): Keys 'DOWN + ENTER + ' sent to object: 'Object Repository/Regression BackOffice/CLNK-23449/Demographics/PhoneTypeContact'

2019-04-22 14:01:18 - [MESSAGE][PASSED] - Keys 'DOWN + ENTER + ' sent to object: 'Object Repository/Regression BackOffice/CLNK-23449/Demographics/PhoneTypeContact'

2019-04-22 14:01:18 - [TEST_STEP][PASSED] - delay(3): Delayed 3 second(s)

2019-04-22 14:01:21 - [MESSAGE][PASSED] - Delayed 3 second(s)

2019-04-22 14:01:21 - [TEST_STEP][PASSED] - setText(findTestObject("Regression BackOffice/CLNK-23449/Demographics/ContactPhone"), "2345698789"): Text '2345698789' is set on object 'Object Repository/Regression BackOffice/CLNK-23449/Demographics/ContactPhone'

2019-04-22 14:01:22 - [MESSAGE][PASSED] - Text '2345698789' is set on object 'Object Repository/Regression BackOffice/CLNK-23449/Demographics/ContactPhone'

2019-04-22 14:01:22 - [TEST_STEP][PASSED] - delay(3): Delayed 3 second(s)

2019-04-22 14:01:25 - [MESSAGE][PASSED] - Delayed 3 second(s)

2019-04-22 14:01:25 - [TEST_STEP][PASSED] - click(findTestObject("Regression BackOffice/CLNK-23449/Demographics/EpisodeType"), CONTINUE_ON_FAILURE): Object: 'Object Repository/Regression BackOffice/CLNK-23449/Demographics/EpisodeType' is clicked on

2019-04-22 14:01:25 - [MESSAGE][PASSED] - Object: 'Object Repository/Regression BackOffice/CLNK-23449/Demographics/EpisodeType' is clicked on

2019-04-22 14:01:25 - [TEST_STEP][PASSED] - sendKeys(findTestObject("Regression BackOffice/CLNK-23449/Demographics/EpisodeType"), Keys.chord(ARROW_DOWN, ARROW_DOWN, ARROW_DOWN, ARROW_DOWN, ARROW_DOWN, ARROW_DOWN, ENTER)): Keys 'DOWN + DOWN + DOWN + DOWN + DOWN + DOWN + ENTER + ' sent to object: 'Object Repository/Regression BackOffice/CLNK-23449/Demographics/EpisodeType'

2019-04-22 14:01:25 - [MESSAGE][PASSED] - Keys 'DOWN + DOWN + DOWN + DOWN + DOWN + DOWN + ENTER + ' sent to object: 'Object Repository/Regression BackOffice/CLNK-23449/Demographics/EpisodeType'

2019-04-22 14:01:25 - [TEST_STEP][PASSED] - delay(3): Delayed 3 second(s)

2019-04-22 14:01:28 - [MESSAGE][PASSED] - Delayed 3 second(s)

2019-04-22 14:01:28 - [TEST_STEP][PASSED] - click(findTestObject("Regression BackOffice/CLNK-23449/Demographics/PlaceOfServices"), CONTINUE_ON_FAILURE): Object: 'Object Repository/Regression BackOffice/CLNK-23449/Demographics/PlaceOfServices' is clicked on

2019-04-22 14:01:28 - [MESSAGE][PASSED] - Object: 'Object Repository/Regression BackOffice/CLNK-23449/Demographics/PlaceOfServices' is clicked on

2019-04-22 14:01:28 - [TEST_STEP][PASSED] - sendKeys(findTestObject("Regression BackOffice/CLNK-23449/Demographics/PlaceOfServices"), Keys.chord(ARROW_DOWN, ARROW_DOWN, ARROW_DOWN, ARROW_DOWN, ARROW_DOWN, ARROW_DOWN, ENTER)): Keys 'DOWN + DOWN + DOWN + DOWN + DOWN + DOWN + ENTER + ' sent to object: 'Object Repository/Regression BackOffice/CLNK-23449/Demographics/PlaceOfServices'

2019-04-22 14:01:29 - [MESSAGE][PASSED] - Keys 'DOWN + DOWN + DOWN + DOWN + DOWN + DOWN + ENTER + ' sent to object: 'Object Repository/Regression BackOffice/CLNK-23449/Demographics/PlaceOfServices'

2019-04-22 14:01:29 - [TEST_STEP][PASSED] - delay(3): Delayed 3 second(s)

2019-04-22 14:01:32 - [MESSAGE][PASSED] - Delayed 3 second(s)

2019-04-22 14:01:32 - [TEST_STEP][PASSED] - click(findTestObject("Regression BackOffice/CLNK-23449/Demographics/ClientStatus"), CONTINUE_ON_FAILURE): Object: 'Object Repository/Regression BackOffice/CLNK-23449/Demographics/ClientStatus' is clicked on

2019-04-22 14:01:32 - [MESSAGE][PASSED] - Object: 'Object Repository/Regression BackOffice/CLNK-23449/Demographics/ClientStatus' is clicked on

2019-04-22 14:01:32 - [TEST_STEP][PASSED] - sendKeys(findTestObject("Regression BackOffice/CLNK-23449/Demographics/ClientStatus"), Keys.chord(ARROW_DOWN, ENTER)): Keys 'DOWN + ENTER + ' sent to object: 'Object Repository/Regression BackOffice/CLNK-23449/Demographics/ClientStatus'

2019-04-22 14:01:32 - [MESSAGE][PASSED] - Keys 'DOWN + ENTER + ' sent to object: 'Object Repository/Regression BackOffice/CLNK-23449/Demographics/ClientStatus'

2019-04-22 14:01:32 - [TEST_STEP][PASSED] - delay(3): Delayed 3 second(s)

2019-04-22 14:01:35 - [MESSAGE][PASSED] - Delayed 3 second(s)

2019-04-22 14:01:35 - [TEST_STEP][PASSED] - waitForElementPresent(findTestObject("Regression BackOffice/CLNK-23449/Demographics/btnSaveDemo"), 50): Object 'Object Repository/Regression BackOffice/CLNK-23449/Demographics/btnSaveDemo' is present

2019-04-22 14:01:35 - [MESSAGE][PASSED] - Object 'Object Repository/Regression BackOffice/CLNK-23449/Demographics/btnSaveDemo' is present

2019-04-22 14:01:35 - [TEST_STEP][PASSED] - click(findTestObject("Regression BackOffice/CLNK-23449/Demographics/btnSaveDemo"), STOP_ON_FAILURE): Object: 'Object Repository/Regression BackOffice/CLNK-23449/Demographics/btnSaveDemo' is clicked on

2019-04-22 14:01:35 - [MESSAGE][PASSED] - Object: 'Object Repository/Regression BackOffice/CLNK-23449/Demographics/btnSaveDemo' is clicked on

2019-04-22 14:01:35 - [TEST_STEP][PASSED] - delay(2): Delayed 2 second(s)

2019-04-22 14:01:37 - [MESSAGE][PASSED] - Delayed 2 second(s)

2019-04-22 14:01:37 - [TEST_STEP][PASSED] - waitForElementPresent(findTestObject("Regression BackOffice/CLNK-23449/Demographics/btnNextDemo"), 50): Object 'Object Repository/Regression BackOffice/CLNK-23449/Demographics/btnNextDemo' is present

2019-04-22 14:01:37 - [MESSAGE][PASSED] - Object 'Object Repository/Regression BackOffice/CLNK-23449/Demographics/btnNextDemo' is present

2019-04-22 14:01:37 - [TEST_STEP][PASSED] - click(findTestObject("Regression BackOffice/CLNK-23449/Demographics/btnNextDemo"), STOP_ON_FAILURE): Object: 'Object Repository/Regression BackOffice/CLNK-23449/Demographics/btnNextDemo' is clicked on

2019-04-22 14:01:38 - [MESSAGE][PASSED] - Object: 'Object Repository/Regression BackOffice/CLNK-23449/Demographics/btnNextDemo' is clicked on

2019-04-22 14:01:38 - [TEST_STEP][PASSED] - delay(2): Delayed 2 second(s)

2019-04-22 14:01:40 - [MESSAGE][PASSED] - Delayed 2 second(s)

2019-04-22 14:01:40 - [TEST_STEP][PASSED] - waitForElementPresent(findTestObject("Regression BackOffice/CLINK-23451/PayerList"), 50): Object 'Object Repository/Regression BackOffice/CLINK-23451/PayerList' is present

2019-04-22 14:01:40 - [MESSAGE][PASSED] - Object 'Object Repository/Regression BackOffice/CLINK-23451/PayerList' is present

2019-04-22 14:01:40 - [TEST_STEP][PASSED] - click(findTestObject("Regression BackOffice/CLINK-23451/PayerList"), STOP_ON_FAILURE): Object: 'Object Repository/Regression BackOffice/CLINK-23451/PayerList' is clicked on

2019-04-22 14:01:40 - [MESSAGE][PASSED] - Object: 'Object Repository/Regression BackOffice/CLINK-23451/PayerList' is clicked on

2019-04-22 14:01:40 - [TEST_STEP][PASSED] - sendKeys(findTestObject("Regression BackOffice/CLINK-23451/PayerList"), Keys.chord(ARROW_DOWN, ENTER)): Keys 'DOWN + ENTER + ' sent to object: 'Object Repository/Regression BackOffice/CLINK-23451/PayerList'

2019-04-22 14:01:40 - [MESSAGE][PASSED] - Keys 'DOWN + ENTER + ' sent to object: 'Object Repository/Regression BackOffice/CLINK-23451/PayerList'

2019-04-22 14:01:40 - [TEST_STEP][PASSED] - delay(2): Delayed 2 second(s)

2019-04-22 14:01:42 - [MESSAGE][PASSED] - Delayed 2 second(s)

2019-04-22 14:01:42 - [TEST_STEP][PASSED] - waitForElementPresent(findTestObject("Regression BackOffice/CLINK-23451/PlanList"), 50): Object 'Object Repository/Regression BackOffice/CLINK-23451/PlanList' is present

2019-04-22 14:01:42 - [MESSAGE][PASSED] - Object 'Object Repository/Regression BackOffice/CLINK-23451/PlanList' is present

2019-04-22 14:01:42 - [TEST_STEP][PASSED] - click(findTestObject("Regression BackOffice/CLINK-23451/PlanList"), STOP_ON_FAILURE): Object: 'Object Repository/Regression BackOffice/CLINK-23451/PlanList' is clicked on

2019-04-22 14:01:43 - [MESSAGE][PASSED] - Object: 'Object Repository/Regression BackOffice/CLINK-23451/PlanList' is clicked on

2019-04-22 14:01:43 - [TEST_STEP][PASSED] - sendKeys(findTestObject("Regression BackOffice/CLINK-23451/PlanList"), Keys.chord(ARROW_DOWN, ENTER)): Keys 'DOWN + ENTER + ' sent to object: 'Object Repository/Regression BackOffice/CLINK-23451/PlanList'

2019-04-22 14:01:43 - [MESSAGE][PASSED] - Keys 'DOWN + ENTER + ' sent to object: 'Object Repository/Regression BackOffice/CLINK-23451/PlanList'

2019-04-22 14:01:43 - [TEST_STEP][PASSED] - delay(2): Delayed 2 second(s)

2019-04-22 14:01:45 - [MESSAGE][PASSED] - Delayed 2 second(s)

2019-04-22 14:01:45 - [TEST_STEP][PASSED] - waitForElementPresent(findTestObject("Regression BackOffice/CLINK-23451/GroupList"), 50): Object 'Object Repository/Regression BackOffice/CLINK-23451/GroupList' is present

2019-04-22 14:01:45 - [MESSAGE][PASSED] - Object 'Object Repository/Regression BackOffice/CLINK-23451/GroupList' is present

2019-04-22 14:01:45 - [TEST_STEP][PASSED] - click(findTestObject("Regression BackOffice/CLINK-23451/GroupList"), STOP_ON_FAILURE): Object: 'Object Repository/Regression BackOffice/CLINK-23451/GroupList' is clicked on

2019-04-22 14:01:45 - [MESSAGE][PASSED] - Object: 'Object Repository/Regression BackOffice/CLINK-23451/GroupList' is clicked on

2019-04-22 14:01:45 - [TEST_STEP][PASSED] - sendKeys(findTestObject("Regression BackOffice/CLINK-23451/GroupList"), Keys.chord(ARROW_DOWN, ENTER)): Keys 'DOWN + ENTER + ' sent to object: 'Object Repository/Regression BackOffice/CLINK-23451/GroupList'

2019-04-22 14:01:45 - [MESSAGE][PASSED] - Keys 'DOWN + ENTER + ' sent to object: 'Object Repository/Regression BackOffice/CLINK-23451/GroupList'

2019-04-22 14:01:45 - [TEST_STEP][PASSED] - delay(2): Delayed 2 second(s)

2019-04-22 14:01:47 - [MESSAGE][PASSED] - Delayed 2 second(s)

2019-04-22 14:01:47 - [TEST_STEP][PASSED] - waitForElementPresent(findTestObject("Regression BackOffice/CLINK-23451/MedicareAdminList"), 50): Object 'Object Repository/Regression BackOffice/CLINK-23451/MedicareAdminList' is present

2019-04-22 14:01:47 - [MESSAGE][PASSED] - Object 'Object Repository/Regression BackOffice/CLINK-23451/MedicareAdminList' is present

2019-04-22 14:01:47 - [TEST_STEP][PASSED] - click(findTestObject("Regression BackOffice/CLINK-23451/MedicareAdminList"), STOP_ON_FAILURE): Object: 'Object Repository/Regression BackOffice/CLINK-23451/MedicareAdminList' is clicked on

2019-04-22 14:01:47 - [MESSAGE][PASSED] - Object: 'Object Repository/Regression BackOffice/CLINK-23451/MedicareAdminList' is clicked on

2019-04-22 14:01:47 - [TEST_STEP][PASSED] - sendKeys(findTestObject("Regression BackOffice/CLINK-23451/MedicareAdminList"), Keys.chord(ARROW_DOWN, ARROW_DOWN, ARROW_DOWN, ENTER)): Keys 'DOWN + DOWN + DOWN + ENTER + ' sent to object: 'Object Repository/Regression BackOffice/CLINK-23451/MedicareAdminList'

2019-04-22 14:01:48 - [MESSAGE][PASSED] - Keys 'DOWN + DOWN + DOWN + ENTER + ' sent to object: 'Object Repository/Regression BackOffice/CLINK-23451/MedicareAdminList'

2019-04-22 14:01:48 - [TEST_STEP][PASSED] - delay(2): Delayed 2 second(s)

2019-04-22 14:01:50 - [MESSAGE][PASSED] - Delayed 2 second(s)

2019-04-22 14:01:50 - [TEST_STEP][PASSED] - waitForElementPresent(findTestObject("Regression BackOffice/CLINK-23451/btnSavePayer"), 50): Object 'Object Repository/Regression BackOffice/CLINK-23451/btnSavePayer' is present

2019-04-22 14:01:50 - [MESSAGE][PASSED] - Object 'Object Repository/Regression BackOffice/CLINK-23451/btnSavePayer' is present

2019-04-22 14:01:50 - [TEST_STEP][PASSED] - click(findTestObject("Regression BackOffice/CLINK-23451/btnSavePayer"), STOP_ON_FAILURE): Object: 'Object Repository/Regression BackOffice/CLINK-23451/btnSavePayer' is clicked on

2019-04-22 14:01:50 - [MESSAGE][PASSED] - Object: 'Object Repository/Regression BackOffice/CLINK-23451/btnSavePayer' is clicked on

2019-04-22 14:01:50 - [TEST_STEP][PASSED] - delay(2): Delayed 2 second(s)

2019-04-22 14:01:52 - [MESSAGE][PASSED] - Delayed 2 second(s)

2019-04-22 14:01:52 - [TEST_STEP][PASSED] - waitForElementPresent(findTestObject("Regression BackOffice/CLNK-23449/btnNextPayer"), 50): Object 'Object Repository/Regression BackOffice/CLNK-23449/btnNextPayer' is present

2019-04-22 14:01:52 - [MESSAGE][PASSED] - Object 'Object Repository/Regression BackOffice/CLNK-23449/btnNextPayer' is present

2019-04-22 14:01:52 - [TEST_STEP][PASSED] - click(findTestObject("Regression BackOffice/CLNK-23449/btnNextPayer"), STOP_ON_FAILURE): Object: 'Object Repository/Regression BackOffice/CLNK-23449/btnNextPayer' is clicked on

2019-04-22 14:01:52 - [MESSAGE][PASSED] - Object: 'Object Repository/Regression BackOffice/CLNK-23449/btnNextPayer' is clicked on

2019-04-22 14:01:52 - [TEST_STEP][PASSED] - delay(2): Delayed 2 second(s)

2019-04-22 14:01:54 - [MESSAGE][PASSED] - Delayed 2 second(s)

2019-04-22 14:01:54 - [TEST_STEP][PASSED] - waitForElementPresent(findTestObject("Regression BackOffice/CLNK-23449/Reporting Groups"), 50): Object 'Object Repository/Regression BackOffice/CLNK-23449/Reporting Groups' is present

2019-04-22 14:01:54 - [MESSAGE][PASSED] - Object 'Object Repository/Regression BackOffice/CLNK-23449/Reporting Groups' is present

2019-04-22 14:01:54 - [TEST_STEP][PASSED] - click(findTestObject("Regression BackOffice/CLNK-23449/Reporting Groups"), STOP_ON_FAILURE): Object: 'Object Repository/Regression BackOffice/CLNK-23449/Reporting Groups' is clicked on

2019-04-22 14:01:54 - [MESSAGE][PASSED] - Object: 'Object Repository/Regression BackOffice/CLNK-23449/Reporting Groups' is clicked on

2019-04-22 14:01:54 - [TEST_STEP][PASSED] - delay(2): Delayed 2 second(s)

2019-04-22 14:01:56 - [MESSAGE][PASSED] - Delayed 2 second(s)

2019-04-22 14:01:56 - [TEST_STEP][PASSED] - waitForElementPresent(findTestObject("Regression BackOffice/CLNK-23449/btnSaveServices"), 50): Object 'Object Repository/Regression BackOffice/CLNK-23449/btnSaveServices' is present

2019-04-22 14:01:56 - [MESSAGE][PASSED] - Object 'Object Repository/Regression BackOffice/CLNK-23449/btnSaveServices' is present

2019-04-22 14:01:56 - [TEST_STEP][PASSED] - click(findTestObject("Regression BackOffice/CLNK-23449/btnSaveServices"), STOP_ON_FAILURE): Object: 'Object Repository/Regression BackOffice/CLNK-23449/btnSaveServices' is clicked on

2019-04-22 14:01:57 - [MESSAGE][PASSED] - Object: 'Object Repository/Regression BackOffice/CLNK-23449/btnSaveServices' is clicked on

2019-04-22 14:01:57 - [TEST_STEP][PASSED] - delay(2): Delayed 2 second(s)

2019-04-22 14:01:59 - [MESSAGE][PASSED] - Delayed 2 second(s)

2019-04-22 14:01:59 - [TEST_STEP][PASSED] - waitForElementPresent(findTestObject("Regression BackOffice/CLNK-23449/btnNextServices"), 50): Object 'Object Repository/Regression BackOffice/CLNK-23449/btnNextServices' is present

2019-04-22 14:01:59 - [MESSAGE][PASSED] - Object 'Object Repository/Regression BackOffice/CLNK-23449/btnNextServices' is present

2019-04-22 14:01:59 - [TEST_STEP][PASSED] - click(findTestObject("Regression BackOffice/CLNK-23449/btnNextServices"), STOP_ON_FAILURE): Object: 'Object Repository/Regression BackOffice/CLNK-23449/btnNextServices' is clicked on

2019-04-22 14:01:59 - [MESSAGE][PASSED] - Object: 'Object Repository/Regression BackOffice/CLNK-23449/btnNextServices' is clicked on

2019-04-22 14:01:59 - [TEST_STEP][PASSED] - delay(2): Delayed 2 second(s)

2019-04-22 14:02:01 - [MESSAGE][PASSED] - Delayed 2 second(s)

2019-04-22 14:02:01 - [TEST_STEP][PASSED] - setText(findTestObject("Regression BackOffice/CLNK-23449/Admit/SOCDate"), getDate.DateUtilities.getDateMonthDayYearNumberwithSlash()): Text '04/22/2019' is set on object 'Object Repository/Regression BackOffice/CLNK-23449/Admit/SOCDate'

2019-04-22 14:02:01 - [MESSAGE][PASSED] - getDate.DateUtilities.getDateMonthDayYearNumberwithSlash is PASSED

2019-04-22 14:02:02 - [MESSAGE][PASSED] - Text '04/22/2019' is set on object 'Object Repository/Regression BackOffice/CLNK-23449/Admit/SOCDate'

2019-04-22 14:02:02 - [TEST_STEP][PASSED] - delay(4): Delayed 4 second(s)

2019-04-22 14:02:06 - [MESSAGE][PASSED] - Delayed 4 second(s)

2019-04-22 14:02:06 - [TEST_STEP][PASSED] - waitForElementPresent(findTestObject("Regression BackOffice/CLNK-23449/Admit/DisasterCode"), 50): Object 'Object Repository/Regression BackOffice/CLNK-23449/Admit/DisasterCode' is present

2019-04-22 14:02:06 - [MESSAGE][PASSED] - Object 'Object Repository/Regression BackOffice/CLNK-23449/Admit/DisasterCode' is present

2019-04-22 14:02:06 - [TEST_STEP][PASSED] - click(findTestObject("Regression BackOffice/CLNK-23449/Admit/DisasterCode"), STOP_ON_FAILURE): Object: 'Object Repository/Regression BackOffice/CLNK-23449/Admit/DisasterCode' is clicked on

2019-04-22 14:02:06 - [MESSAGE][PASSED] - Object: 'Object Repository/Regression BackOffice/CLNK-23449/Admit/DisasterCode' is clicked on

2019-04-22 14:02:06 - [TEST_STEP][PASSED] - sendKeys(findTestObject("Regression BackOffice/CLNK-23449/Admit/DisasterCode"), Keys.chord(ARROW_DOWN, ENTER)): Keys 'DOWN + ENTER + ' sent to object: 'Object Repository/Regression BackOffice/CLNK-23449/Admit/DisasterCode'

2019-04-22 14:02:06 - [MESSAGE][PASSED] - Keys 'DOWN + ENTER + ' sent to object: 'Object Repository/Regression BackOffice/CLNK-23449/Admit/DisasterCode'

2019-04-22 14:02:06 - [TEST_STEP][PASSED] - delay(2): Delayed 2 second(s)

2019-04-22 14:02:08 - [MESSAGE][PASSED] - Delayed 2 second(s)

2019-04-22 14:02:08 - [TEST_STEP][PASSED] - waitForElementPresent(findTestObject("Regression BackOffice/CLNK-23449/Admit/ClasificationLevel"), 50): Object 'Object Repository/Regression BackOffice/CLNK-23449/Admit/ClasificationLevel' is present

2019-04-22 14:02:09 - [MESSAGE][PASSED] - Object 'Object Repository/Regression BackOffice/CLNK-23449/Admit/ClasificationLevel' is present

2019-04-22 14:02:09 - [TEST_STEP][PASSED] - click(findTestObject("Regression BackOffice/CLNK-23449/Admit/ClasificationLevel"), STOP_ON_FAILURE): Object: 'Object Repository/Regression BackOffice/CLNK-23449/Admit/ClasificationLevel' is clicked on

2019-04-22 14:02:09 - [MESSAGE][PASSED] - Object: 'Object Repository/Regression BackOffice/CLNK-23449/Admit/ClasificationLevel' is clicked on

2019-04-22 14:02:09 - [TEST_STEP][PASSED] - sendKeys(findTestObject("Regression BackOffice/CLNK-23449/Admit/ClasificationLevel"), Keys.chord(ARROW_DOWN, ENTER)): Keys 'DOWN + ENTER + ' sent to object: 'Object Repository/Regression BackOffice/CLNK-23449/Admit/ClasificationLevel'

2019-04-22 14:02:09 - [MESSAGE][PASSED] - Keys 'DOWN + ENTER + ' sent to object: 'Object Repository/Regression BackOffice/CLNK-23449/Admit/ClasificationLevel'

2019-04-22 14:02:09 - [TEST_STEP][PASSED] - delay(2): Delayed 2 second(s)

2019-04-22 14:02:11 - [MESSAGE][PASSED] - Delayed 2 second(s)

2019-04-22 14:02:11 - [TEST_STEP][PASSED] - waitForElementPresent(findTestObject("Regression BackOffice/CLNK-23449/Admit/HIPAA"), 50): Object 'Object Repository/Regression BackOffice/CLNK-23449/Admit/HIPAA' is present

2019-04-22 14:02:11 - [MESSAGE][PASSED] - Object 'Object Repository/Regression BackOffice/CLNK-23449/Admit/HIPAA' is present

2019-04-22 14:02:11 - [TEST_STEP][PASSED] - click(findTestObject("Regression BackOffice/CLNK-23449/Admit/HIPAA"), STOP_ON_FAILURE): Object: 'Object Repository/Regression BackOffice/CLNK-23449/Admit/HIPAA' is clicked on

2019-04-22 14:02:11 - [MESSAGE][PASSED] - Object: 'Object Repository/Regression BackOffice/CLNK-23449/Admit/HIPAA' is clicked on

2019-04-22 14:02:11 - [TEST_STEP][PASSED] - sendKeys(findTestObject("Regression BackOffice/CLNK-23449/Admit/HIPAA"), Keys.chord(ARROW_DOWN, ENTER)): Keys 'DOWN + ENTER + ' sent to object: 'Object Repository/Regression BackOffice/CLNK-23449/Admit/HIPAA'

2019-04-22 14:02:12 - [MESSAGE][PASSED] - Keys 'DOWN + ENTER + ' sent to object: 'Object Repository/Regression BackOffice/CLNK-23449/Admit/HIPAA'

2019-04-22 14:02:12 - [TEST_STEP][PASSED] - delay(2): Delayed 2 second(s)

2019-04-22 14:02:14 - [MESSAGE][PASSED] - Delayed 2 second(s)

2019-04-22 14:02:14 - [TEST_STEP][PASSED] - waitForElementPresent(findTestObject("Regression BackOffice/CLNK-23449/Admit/QCode"), 50): Object 'Object Repository/Regression BackOffice/CLNK-23449/Admit/QCode' is present

2019-04-22 14:02:14 - [MESSAGE][PASSED] - Object 'Object Repository/Regression BackOffice/CLNK-23449/Admit/QCode' is present

2019-04-22 14:02:14 - [TEST_STEP][PASSED] - click(findTestObject("Regression BackOffice/CLNK-23449/Admit/QCode"), STOP_ON_FAILURE): Object: 'Object Repository/Regression BackOffice/CLNK-23449/Admit/QCode' is clicked on

2019-04-22 14:02:14 - [MESSAGE][PASSED] - Object: 'Object Repository/Regression BackOffice/CLNK-23449/Admit/QCode' is clicked on

2019-04-22 14:02:14 - [TEST_STEP][PASSED] - sendKeys(findTestObject("Regression BackOffice/CLNK-23449/Admit/QCode"), Keys.chord(ARROW_DOWN, ENTER)): Keys 'DOWN + ENTER + ' sent to object: 'Object Repository/Regression BackOffice/CLNK-23449/Admit/QCode'

2019-04-22 14:02:14 - [MESSAGE][PASSED] - Keys 'DOWN + ENTER + ' sent to object: 'Object Repository/Regression BackOffice/CLNK-23449/Admit/QCode'

2019-04-22 14:02:14 - [TEST_STEP][PASSED] - delay(2): Delayed 2 second(s)

2019-04-22 14:02:16 - [MESSAGE][PASSED] - Delayed 2 second(s)

2019-04-22 14:02:16 - [TEST_STEP][PASSED] - setText(findTestObject("Regression BackOffice/CLNK-23449/Admit/Effective Begin Date"), getDate.DateUtilities.getDateMonthDayYearNumberwithSlash()): Text '04/22/2019' is set on object 'Object Repository/Regression BackOffice/CLNK-23449/Admit/Effective Begin Date'

2019-04-22 14:02:16 - [MESSAGE][PASSED] - getDate.DateUtilities.getDateMonthDayYearNumberwithSlash is PASSED

2019-04-22 14:02:17 - [MESSAGE][PASSED] - Text '04/22/2019' is set on object 'Object Repository/Regression BackOffice/CLNK-23449/Admit/Effective Begin Date'

2019-04-22 14:02:17 - [TEST_STEP][PASSED] - delay(4): Delayed 4 second(s)

2019-04-22 14:02:21 - [MESSAGE][PASSED] - Delayed 4 second(s)

2019-04-22 14:02:21 - [TEST_STEP][PASSED] - waitForElementPresent(findTestObject("Regression BackOffice/CLNK-23449/Admit/btnSaveAdmit"), 50): Object 'Object Repository/Regression BackOffice/CLNK-23449/Admit/btnSaveAdmit' is present

2019-04-22 14:02:21 - [MESSAGE][PASSED] - Object 'Object Repository/Regression BackOffice/CLNK-23449/Admit/btnSaveAdmit' is present

2019-04-22 14:02:21 - [TEST_STEP][PASSED] - click(findTestObject("Regression BackOffice/CLNK-23449/Admit/btnSaveAdmit"), STOP_ON_FAILURE): Object: 'Object Repository/Regression BackOffice/CLNK-23449/Admit/btnSaveAdmit' is clicked on

2019-04-22 14:02:21 - [MESSAGE][PASSED] - Object: 'Object Repository/Regression BackOffice/CLNK-23449/Admit/btnSaveAdmit' is clicked on

2019-04-22 14:02:21 - [TEST_STEP][PASSED] - delay(2): Delayed 2 second(s)

2019-04-22 14:02:23 - [MESSAGE][PASSED] - Delayed 2 second(s)

2019-04-22 14:02:23 - [TEST_STEP][PASSED] - waitForElementPresent(findTestObject("Regression BackOffice/CLNK-23449/Admit/btnAdmit"), 50): Object 'Object Repository/Regression BackOffice/CLNK-23449/Admit/btnAdmit' is present

2019-04-22 14:02:23 - [MESSAGE][PASSED] - Object 'Object Repository/Regression BackOffice/CLNK-23449/Admit/btnAdmit' is present

2019-04-22 14:02:23 - [TEST_STEP][PASSED] - click(findTestObject("Regression BackOffice/CLNK-23449/Admit/btnAdmit"), STOP_ON_FAILURE): Object: 'Object Repository/Regression BackOffice/CLNK-23449/Admit/btnAdmit' is clicked on

2019-04-22 14:02:23 - [MESSAGE][PASSED] - Object: 'Object Repository/Regression BackOffice/CLNK-23449/Admit/btnAdmit' is clicked on

2019-04-22 14:02:23 - [TEST_STEP][PASSED] - delay(2): Delayed 2 second(s)

2019-04-22 14:02:25 - [MESSAGE][PASSED] - Delayed 2 second(s)

2019-04-22 14:02:25 - [TEST_STEP][PASSED] - switchToDefaultContent(): null

2019-04-22 14:02:25 - [TEST_STEP][PASSED] - closeBrowser(): Browser is closed

2019-04-22 14:02:26 - [MESSAGE][PASSED] - Browser is closed]]></system-out>
         <system-err><![CDATA[]]></system-err>
      </testcase>
      <testcase name="Test Cases/Regression Clinical Edge (All Browsers)/CLNK-28946 - CE - Add diagnosis" classname="Test Cases/Regression Clinical Edge (All Browsers)/CLNK-28946 - CE - Add diagnosis" status="PASSED">
         <system-out><![CDATA[2019-04-22 14:02:29 - [TEST_CASE][PASSED] - Test Cases/Regression Clinical Edge (All Browsers)/CLNK-28946 - CE - Add diagnosis: Test Cases/Regression Clinical Edge (All Browsers)/CLNK-28946 - CE - Add diagnosis

2019-04-22 14:02:30 - [TEST_STEP][PASSED] - callTestCase(findTestCase("Regression Clinical Edge (All Browsers)/CLNK-23349 - ContinuLink - Login"), [:], STOP_ON_FAILURE): Call Test Case 'Test Cases/Regression Clinical Edge (All Browsers)/CLNK-23349 - ContinuLink - Login' successfully

2019-04-22 14:02:30 - [TEST_CASE][PASSED] - Test Cases/Regression Clinical Edge (All Browsers)/CLNK-23349 - ContinuLink - Login: Test Cases/Regression Clinical Edge (All Browsers)/CLNK-23349 - ContinuLink - Login

2019-04-22 14:02:30 - [TEST_STEP][PASSED] - openBrowser(G_SiteURL): Browser is opened with url: 'https://qanewpoc.continulink.com/Account/Login.aspx?ReturnUrl=%2fdefault.aspx'

2019-04-22 14:02:30 - [MESSAGE][INFO] - Starting 'Chrome' driver

2019-04-22 14:02:37 - [MESSAGE][PASSED] - Browser is opened with url: 'https://qanewpoc.continulink.com/Account/Login.aspx?ReturnUrl=%2fdefault.aspx'

2019-04-22 14:02:37 - [TEST_STEP][PASSED] - waitForPageLoad(60): Wait for page load successfully

2019-04-22 14:02:37 - [MESSAGE][PASSED] - Wait for page load successfully

2019-04-22 14:02:37 - [TEST_STEP][PASSED] - maximizeWindow(): Current window maximized

2019-04-22 14:02:38 - [MESSAGE][PASSED] - Current window maximized

2019-04-22 14:02:38 - [TEST_STEP][PASSED] - setText(findTestObject("Regression Clinical Edge/CLNK-23349/User"), G_User): Text 'Mobinnur' is set on object 'Object Repository/Regression Clinical Edge/CLNK-23349/User'

2019-04-22 14:02:39 - [MESSAGE][PASSED] - Text 'Mobinnur' is set on object 'Object Repository/Regression Clinical Edge/CLNK-23349/User'

2019-04-22 14:02:39 - [TEST_STEP][PASSED] - setText(findTestObject("Regression Clinical Edge/CLNK-23349/Password"), G_Password): Text 'qwerty' is set on object 'Object Repository/Regression Clinical Edge/CLNK-23349/Password'

2019-04-22 14:02:39 - [MESSAGE][PASSED] - Text 'qwerty' is set on object 'Object Repository/Regression Clinical Edge/CLNK-23349/Password'

2019-04-22 14:02:39 - [TEST_STEP][PASSED] - click(findTestObject("Regression Clinical Edge/CLNK-23349/Button_LogIn")): Object: 'Object Repository/Regression Clinical Edge/CLNK-23349/Button_LogIn' is clicked on

2019-04-22 14:02:41 - [MESSAGE][PASSED] - Object: 'Object Repository/Regression Clinical Edge/CLNK-23349/Button_LogIn' is clicked on

2019-04-22 14:02:41 - [TEST_STEP][PASSED] - waitForPageLoad(60): Wait for page load successfully

2019-04-22 14:02:41 - [MESSAGE][PASSED] - Wait for page load successfully

2019-04-22 14:02:41 - [TEST_STEP][PASSED] - delay(2): Delayed 2 second(s)

2019-04-22 14:02:43 - [MESSAGE][PASSED] - Delayed 2 second(s)

2019-04-22 14:02:43 - [TEST_STEP][PASSED] - waitForElementPresent(findTestObject("Regression Clinical Edge/CLINK-23509/button_Close"), 100): Object 'Object Repository/Regression Clinical Edge/CLINK-23509/button_Close' is present

2019-04-22 14:02:43 - [MESSAGE][PASSED] - Object 'Object Repository/Regression Clinical Edge/CLINK-23509/button_Close' is present

2019-04-22 14:02:43 - [TEST_STEP][PASSED] - click(findTestObject("Regression Clinical Edge/CLINK-23509/button_Close")): Object: 'Object Repository/Regression Clinical Edge/CLINK-23509/button_Close' is clicked on

2019-04-22 14:02:44 - [MESSAGE][PASSED] - Object: 'Object Repository/Regression Clinical Edge/CLINK-23509/button_Close' is clicked on

2019-04-22 14:02:44 - [TEST_STEP][PASSED] - delay(2): Delayed 2 second(s)

2019-04-22 14:02:46 - [MESSAGE][PASSED] - Delayed 2 second(s)

2019-04-22 14:02:46 - [MESSAGE][PASSED] - Call Test Case 'Test Cases/Regression Clinical Edge (All Browsers)/CLNK-23349 - ContinuLink - Login' successfully

2019-04-22 14:02:46 - [TEST_STEP][PASSED] - waitForPageLoad(60): Wait for page load successfully

2019-04-22 14:02:46 - [MESSAGE][PASSED] - Wait for page load successfully

2019-04-22 14:02:46 - [TEST_STEP][PASSED] - maximizeWindow(): Current window maximized

2019-04-22 14:02:46 - [MESSAGE][PASSED] - Current window maximized

2019-04-22 14:02:46 - [TEST_STEP][PASSED] - waitForPageLoad(60): Wait for page load successfully

2019-04-22 14:02:46 - [MESSAGE][PASSED] - Wait for page load successfully

2019-04-22 14:02:46 - [TEST_STEP][NOT_RUN] - delay(8): NOT_RUN: delay(8)

2019-04-22 14:02:46 - [MESSAGE][NOT_RUN] - NOT_RUN: delay(8)

2019-04-22 14:02:46 - [TEST_STEP][NOT_RUN] - waitForElementPresent(findTestObject("Regression Clinical Edge/CLNK-23497/button_Close"), 100): NOT_RUN: waitForElementPresent(findTestObject("Regression Clinical Edge/CLNK-23497/button_Close"), 100)

2019-04-22 14:02:46 - [MESSAGE][NOT_RUN] - NOT_RUN: waitForElementPresent(findTestObject("Regression Clinical Edge/CLNK-23497/button_Close"), 100)

2019-04-22 14:02:46 - [TEST_STEP][NOT_RUN] - click(findTestObject("Regression Clinical Edge/CLNK-23497/button_Close")): NOT_RUN: click(findTestObject("Regression Clinical Edge/CLNK-23497/button_Close"))

2019-04-22 14:02:46 - [MESSAGE][NOT_RUN] - NOT_RUN: click(findTestObject("Regression Clinical Edge/CLNK-23497/button_Close"))

2019-04-22 14:02:46 - [TEST_STEP][PASSED] - delay(2): Delayed 2 second(s)

2019-04-22 14:02:48 - [MESSAGE][PASSED] - Delayed 2 second(s)

2019-04-22 14:02:48 - [TEST_STEP][PASSED] - waitForElementPresent(findTestObject("Regression Clinical Edge/ClientPage/HomeLink"), 100): Object 'Object Repository/Regression Clinical Edge/ClientPage/HomeLink' is present

2019-04-22 14:02:48 - [MESSAGE][PASSED] - Object 'Object Repository/Regression Clinical Edge/ClientPage/HomeLink' is present

2019-04-22 14:02:48 - [TEST_STEP][PASSED] - click(findTestObject("Regression Clinical Edge/ClientPage/HomeLink")): Object: 'Object Repository/Regression Clinical Edge/ClientPage/HomeLink' is clicked on

2019-04-22 14:02:49 - [MESSAGE][PASSED] - Object: 'Object Repository/Regression Clinical Edge/ClientPage/HomeLink' is clicked on

2019-04-22 14:02:49 - [TEST_STEP][PASSED] - delay(2): Delayed 2 second(s)

2019-04-22 14:02:51 - [MESSAGE][PASSED] - Delayed 2 second(s)

2019-04-22 14:02:51 - [TEST_STEP][PASSED] - waitForPageLoad(50): Wait for page load successfully

2019-04-22 14:02:51 - [MESSAGE][PASSED] - Wait for page load successfully

2019-04-22 14:02:51 - [TEST_STEP][PASSED] - waitForElementPresent(findTestObject("Regression Clinical Edge/HomePage/RequestTab"), 50): Object 'Object Repository/Regression Clinical Edge/HomePage/RequestTab' is present

2019-04-22 14:02:51 - [MESSAGE][PASSED] - Object 'Object Repository/Regression Clinical Edge/HomePage/RequestTab' is present

2019-04-22 14:02:51 - [TEST_STEP][PASSED] - click(findTestObject("Regression Clinical Edge/HomePage/RequestTab")): Object: 'Object Repository/Regression Clinical Edge/HomePage/RequestTab' is clicked on

2019-04-22 14:02:51 - [MESSAGE][PASSED] - Object: 'Object Repository/Regression Clinical Edge/HomePage/RequestTab' is clicked on

2019-04-22 14:02:51 - [TEST_STEP][PASSED] - delay(2): Delayed 2 second(s)

2019-04-22 14:02:53 - [MESSAGE][PASSED] - Delayed 2 second(s)

2019-04-22 14:02:53 - [TEST_STEP][PASSED] - waitForElementPresent(findTestObject("Regression Clinical Edge/HomePage/SearchText"), 50): Object 'Object Repository/Regression Clinical Edge/HomePage/SearchText' is present

2019-04-22 14:02:53 - [MESSAGE][PASSED] - Object 'Object Repository/Regression Clinical Edge/HomePage/SearchText' is present

2019-04-22 14:02:53 - [TEST_STEP][PASSED] - setText(findTestObject("Regression Clinical Edge/HomePage/SearchText"), G_ClientLastName): Text 'Kobrinsky' is set on object 'Object Repository/Regression Clinical Edge/HomePage/SearchText'

2019-04-22 14:02:54 - [MESSAGE][PASSED] - Text 'Kobrinsky' is set on object 'Object Repository/Regression Clinical Edge/HomePage/SearchText'

2019-04-22 14:02:54 - [TEST_STEP][PASSED] - delay(3): Delayed 3 second(s)

2019-04-22 14:02:57 - [MESSAGE][PASSED] - Delayed 3 second(s)

2019-04-22 14:02:57 - [TEST_STEP][PASSED] - scrollToElement(findTestObject("Regression Clinical Edge/CLINK-23314/a_Khur Heather (535592)"), 60): Scroll to object 'Object Repository/Regression Clinical Edge/CLINK-23314/a_Khur Heather (535592)' successfully

2019-04-22 14:02:57 - [MESSAGE][PASSED] - Scroll to object 'Object Repository/Regression Clinical Edge/CLINK-23314/a_Khur Heather (535592)' successfully

2019-04-22 14:02:57 - [TEST_STEP][PASSED] - waitForElementPresent(findTestObject("Regression Clinical Edge/CLINK-23314/a_Khur Heather (535592)"), 60): Object 'Object Repository/Regression Clinical Edge/CLINK-23314/a_Khur Heather (535592)' is present

2019-04-22 14:02:57 - [MESSAGE][PASSED] - Object 'Object Repository/Regression Clinical Edge/CLINK-23314/a_Khur Heather (535592)' is present

2019-04-22 14:02:57 - [TEST_STEP][PASSED] - click(findTestObject("Regression Clinical Edge/CLINK-23314/a_Khur Heather (535592)")): Object: 'Object Repository/Regression Clinical Edge/CLINK-23314/a_Khur Heather (535592)' is clicked on

2019-04-22 14:02:59 - [MESSAGE][PASSED] - Object: 'Object Repository/Regression Clinical Edge/CLINK-23314/a_Khur Heather (535592)' is clicked on

2019-04-22 14:02:59 - [TEST_STEP][PASSED] - delay(5): Delayed 5 second(s)

2019-04-22 14:03:04 - [MESSAGE][PASSED] - Delayed 5 second(s)

2019-04-22 14:03:04 - [TEST_STEP][PASSED] - waitForPageLoad(50): Wait for page load successfully

2019-04-22 14:03:04 - [MESSAGE][PASSED] - Wait for page load successfully

2019-04-22 14:03:04 - [TEST_STEP][PASSED] - waitForElementPresent(findTestObject("Regression Clinical Edge/HomePage/ClientLink"), 100): Object 'Object Repository/Regression Clinical Edge/HomePage/ClientLink' is present

2019-04-22 14:03:05 - [MESSAGE][PASSED] - Object 'Object Repository/Regression Clinical Edge/HomePage/ClientLink' is present

2019-04-22 14:03:05 - [TEST_STEP][PASSED] - click(findTestObject("Regression Clinical Edge/HomePage/ClientLink")): Object: 'Object Repository/Regression Clinical Edge/HomePage/ClientLink' is clicked on

2019-04-22 14:03:06 - [MESSAGE][PASSED] - Object: 'Object Repository/Regression Clinical Edge/HomePage/ClientLink' is clicked on

2019-04-22 14:03:06 - [TEST_STEP][PASSED] - delay(2): Delayed 2 second(s)

2019-04-22 14:03:08 - [MESSAGE][PASSED] - Delayed 2 second(s)

2019-04-22 14:03:08 - [TEST_STEP][PASSED] - waitForPageLoad(50): Wait for page load successfully

2019-04-22 14:03:08 - [MESSAGE][PASSED] - Wait for page load successfully

2019-04-22 14:03:08 - [TEST_STEP][PASSED] - waitForElementPresent(findTestObject("Regression Clinical Edge/CLINK-23509/Diagnosis/AddDiagnosis"), 50): Object 'Object Repository/Regression Clinical Edge/CLINK-23509/Diagnosis/AddDiagnosis' is present

2019-04-22 14:03:08 - [MESSAGE][PASSED] - Object 'Object Repository/Regression Clinical Edge/CLINK-23509/Diagnosis/AddDiagnosis' is present

2019-04-22 14:03:08 - [TEST_STEP][PASSED] - click(findTestObject("Regression Clinical Edge/CLINK-23509/Diagnosis/AddDiagnosis")): Object: 'Object Repository/Regression Clinical Edge/CLINK-23509/Diagnosis/AddDiagnosis' is clicked on

2019-04-22 14:03:09 - [MESSAGE][PASSED] - Object: 'Object Repository/Regression Clinical Edge/CLINK-23509/Diagnosis/AddDiagnosis' is clicked on

2019-04-22 14:03:09 - [TEST_STEP][PASSED] - delay(2): Delayed 2 second(s)

2019-04-22 14:03:11 - [MESSAGE][PASSED] - Delayed 2 second(s)

2019-04-22 14:03:11 - [TEST_STEP][PASSED] - waitForElementPresent(findTestObject("Regression Clinical Edge/CLINK-23509/Diagnosis/a_Diagnosis"), 50): Object 'Object Repository/Regression Clinical Edge/CLINK-23509/Diagnosis/a_Diagnosis' is present

2019-04-22 14:03:11 - [MESSAGE][PASSED] - Object 'Object Repository/Regression Clinical Edge/CLINK-23509/Diagnosis/a_Diagnosis' is present

2019-04-22 14:03:11 - [TEST_STEP][PASSED] - click(findTestObject("Regression Clinical Edge/CLINK-23509/Diagnosis/a_Diagnosis")): Object: 'Object Repository/Regression Clinical Edge/CLINK-23509/Diagnosis/a_Diagnosis' is clicked on

2019-04-22 14:03:11 - [MESSAGE][PASSED] - Object: 'Object Repository/Regression Clinical Edge/CLINK-23509/Diagnosis/a_Diagnosis' is clicked on

2019-04-22 14:03:11 - [TEST_STEP][PASSED] - delay(2): Delayed 2 second(s)

2019-04-22 14:03:13 - [MESSAGE][PASSED] - Delayed 2 second(s)

2019-04-22 14:03:13 - [TEST_STEP][PASSED] - waitForElementPresent(findTestObject("Regression Clinical Edge/CLINK-23509/Diagnosis/DiagnosisSearch"), 50): Object 'Object Repository/Regression Clinical Edge/CLINK-23509/Diagnosis/DiagnosisSearch' is present

2019-04-22 14:03:13 - [MESSAGE][PASSED] - Object 'Object Repository/Regression Clinical Edge/CLINK-23509/Diagnosis/DiagnosisSearch' is present

2019-04-22 14:03:13 - [TEST_STEP][PASSED] - click(findTestObject("Regression Clinical Edge/CLINK-23509/Diagnosis/DiagnosisSearch")): Object: 'Object Repository/Regression Clinical Edge/CLINK-23509/Diagnosis/DiagnosisSearch' is clicked on

2019-04-22 14:03:13 - [MESSAGE][PASSED] - Object: 'Object Repository/Regression Clinical Edge/CLINK-23509/Diagnosis/DiagnosisSearch' is clicked on

2019-04-22 14:03:13 - [TEST_STEP][PASSED] - delay(2): Delayed 2 second(s)

2019-04-22 14:03:15 - [MESSAGE][PASSED] - Delayed 2 second(s)

2019-04-22 14:03:15 - [TEST_STEP][PASSED] - waitForElementPresent(findTestObject("Regression Clinical Edge/CLINK-23509/Diagnosis/Codifier_Level_1"), 50): Object 'Object Repository/Regression Clinical Edge/CLINK-23509/Diagnosis/Codifier_Level_1' is present

2019-04-22 14:03:15 - [MESSAGE][PASSED] - Object 'Object Repository/Regression Clinical Edge/CLINK-23509/Diagnosis/Codifier_Level_1' is present

2019-04-22 14:03:15 - [TEST_STEP][PASSED] - setText(findTestObject("Regression Clinical Edge/CLINK-23509/Diagnosis/Codifier_Level_1"), "A"): Text 'A' is set on object 'Object Repository/Regression Clinical Edge/CLINK-23509/Diagnosis/Codifier_Level_1'

2019-04-22 14:03:16 - [MESSAGE][PASSED] - Text 'A' is set on object 'Object Repository/Regression Clinical Edge/CLINK-23509/Diagnosis/Codifier_Level_1'

2019-04-22 14:03:16 - [TEST_STEP][PASSED] - delay(2): Delayed 2 second(s)

2019-04-22 14:03:18 - [MESSAGE][PASSED] - Delayed 2 second(s)

2019-04-22 14:03:18 - [TEST_STEP][PASSED] - waitForElementPresent(findTestObject("Regression Clinical Edge/CLINK-23509/Diagnosis/Codifier_Level_2"), 50): Object 'Object Repository/Regression Clinical Edge/CLINK-23509/Diagnosis/Codifier_Level_2' is present

2019-04-22 14:03:18 - [MESSAGE][PASSED] - Object 'Object Repository/Regression Clinical Edge/CLINK-23509/Diagnosis/Codifier_Level_2' is present

2019-04-22 14:03:18 - [TEST_STEP][PASSED] - setText(findTestObject("Regression Clinical Edge/CLINK-23509/Diagnosis/Codifier_Level_2"), "0"): Text '0' is set on object 'Object Repository/Regression Clinical Edge/CLINK-23509/Diagnosis/Codifier_Level_2'

2019-04-22 14:03:18 - [MESSAGE][PASSED] - Text '0' is set on object 'Object Repository/Regression Clinical Edge/CLINK-23509/Diagnosis/Codifier_Level_2'

2019-04-22 14:03:18 - [TEST_STEP][PASSED] - delay(2): Delayed 2 second(s)

2019-04-22 14:03:20 - [MESSAGE][PASSED] - Delayed 2 second(s)

2019-04-22 14:03:20 - [TEST_STEP][PASSED] - waitForElementPresent(findTestObject("Regression Clinical Edge/CLINK-23509/Diagnosis/Codifier_Level_3"), 50): Object 'Object Repository/Regression Clinical Edge/CLINK-23509/Diagnosis/Codifier_Level_3' is present

2019-04-22 14:03:20 - [MESSAGE][PASSED] - Object 'Object Repository/Regression Clinical Edge/CLINK-23509/Diagnosis/Codifier_Level_3' is present

2019-04-22 14:03:20 - [TEST_STEP][PASSED] - setText(findTestObject("Regression Clinical Edge/CLINK-23509/Diagnosis/Codifier_Level_3"), "0"): Text '0' is set on object 'Object Repository/Regression Clinical Edge/CLINK-23509/Diagnosis/Codifier_Level_3'

2019-04-22 14:03:20 - [MESSAGE][PASSED] - Text '0' is set on object 'Object Repository/Regression Clinical Edge/CLINK-23509/Diagnosis/Codifier_Level_3'

2019-04-22 14:03:20 - [TEST_STEP][PASSED] - delay(2): Delayed 2 second(s)

2019-04-22 14:03:22 - [MESSAGE][PASSED] - Delayed 2 second(s)

2019-04-22 14:03:22 - [TEST_STEP][PASSED] - waitForElementPresent(findTestObject("Regression Clinical Edge/CLINK-23509/Diagnosis/Codifier_Level_4"), 50): Object 'Object Repository/Regression Clinical Edge/CLINK-23509/Diagnosis/Codifier_Level_4' is present

2019-04-22 14:03:22 - [MESSAGE][PASSED] - Object 'Object Repository/Regression Clinical Edge/CLINK-23509/Diagnosis/Codifier_Level_4' is present

2019-04-22 14:03:22 - [TEST_STEP][PASSED] - setText(findTestObject("Regression Clinical Edge/CLINK-23509/Diagnosis/Codifier_Level_4"), "0"): Text '0' is set on object 'Object Repository/Regression Clinical Edge/CLINK-23509/Diagnosis/Codifier_Level_4'

2019-04-22 14:03:22 - [MESSAGE][PASSED] - Text '0' is set on object 'Object Repository/Regression Clinical Edge/CLINK-23509/Diagnosis/Codifier_Level_4'

2019-04-22 14:03:22 - [TEST_STEP][PASSED] - delay(2): Delayed 2 second(s)

2019-04-22 14:03:24 - [MESSAGE][PASSED] - Delayed 2 second(s)

2019-04-22 14:03:24 - [TEST_STEP][PASSED] - waitForElementPresent(findTestObject("Regression Clinical Edge/CLINK-23509/Diagnosis/ApplyButton"), 50): Object 'Object Repository/Regression Clinical Edge/CLINK-23509/Diagnosis/ApplyButton' is present

2019-04-22 14:03:24 - [MESSAGE][PASSED] - Object 'Object Repository/Regression Clinical Edge/CLINK-23509/Diagnosis/ApplyButton' is present

2019-04-22 14:03:24 - [TEST_STEP][PASSED] - click(findTestObject("Regression Clinical Edge/CLINK-23509/Diagnosis/ApplyButton")): Object: 'Object Repository/Regression Clinical Edge/CLINK-23509/Diagnosis/ApplyButton' is clicked on

2019-04-22 14:03:25 - [MESSAGE][PASSED] - Object: 'Object Repository/Regression Clinical Edge/CLINK-23509/Diagnosis/ApplyButton' is clicked on

2019-04-22 14:03:25 - [TEST_STEP][PASSED] - delay(2): Delayed 2 second(s)

2019-04-22 14:03:27 - [MESSAGE][PASSED] - Delayed 2 second(s)

2019-04-22 14:03:27 - [TEST_STEP][PASSED] - waitForPageLoad(50): Wait for page load successfully

2019-04-22 14:03:27 - [MESSAGE][PASSED] - Wait for page load successfully

2019-04-22 14:03:27 - [TEST_STEP][PASSED] - waitForElementPresent(findTestObject("Regression Clinical Edge/CLINK-23509/Diagnosis/input_OE Date_txtOEDate"), 50): Object 'Object Repository/Regression Clinical Edge/CLINK-23509/Diagnosis/input_OE Date_txtOEDate' is present

2019-04-22 14:03:27 - [MESSAGE][PASSED] - Object 'Object Repository/Regression Clinical Edge/CLINK-23509/Diagnosis/input_OE Date_txtOEDate' is present

2019-04-22 14:03:27 - [TEST_STEP][PASSED] - click(findTestObject("Regression Clinical Edge/CLINK-23509/Diagnosis/input_OE Date_txtOEDate")): Object: 'Object Repository/Regression Clinical Edge/CLINK-23509/Diagnosis/input_OE Date_txtOEDate' is clicked on

2019-04-22 14:03:27 - [MESSAGE][PASSED] - Object: 'Object Repository/Regression Clinical Edge/CLINK-23509/Diagnosis/input_OE Date_txtOEDate' is clicked on

2019-04-22 14:03:27 - [TEST_STEP][PASSED] - sendKeys(findTestObject("Regression Clinical Edge/CLINK-23509/Diagnosis/input_OE Date_txtOEDate"), getDate.DateUtilities.getDateMonthDayYearNumber()): Keys '04222019' sent to object: 'Object Repository/Regression Clinical Edge/CLINK-23509/Diagnosis/input_OE Date_txtOEDate'

2019-04-22 14:03:27 - [MESSAGE][PASSED] - getDate.DateUtilities.getDateMonthDayYearNumber is PASSED

2019-04-22 14:03:27 - [MESSAGE][PASSED] - Keys '04222019' sent to object: 'Object Repository/Regression Clinical Edge/CLINK-23509/Diagnosis/input_OE Date_txtOEDate'

2019-04-22 14:03:27 - [TEST_STEP][NOT_RUN] - sendKeys(findTestObject("Regression Clinical Edge/CLINK-23509/Diagnosis/input_OE Date_txtOEDate"), "08032012"): NOT_RUN: sendKeys(findTestObject("Regression Clinical Edge/CLINK-23509/Diagnosis/input_OE Date_txtOEDate"), "08032012")

2019-04-22 14:03:27 - [MESSAGE][NOT_RUN] - NOT_RUN: sendKeys(findTestObject("Regression Clinical Edge/CLINK-23509/Diagnosis/input_OE Date_txtOEDate"), "08032012")

2019-04-22 14:03:27 - [TEST_STEP][PASSED] - delay(4): Delayed 4 second(s)

2019-04-22 14:03:31 - [MESSAGE][PASSED] - Delayed 4 second(s)

2019-04-22 14:03:31 - [TEST_STEP][PASSED] - waitForElementPresent(findTestObject("Regression Clinical Edge/CLINK-23509/Diagnosis/input_Effective Begin Date_txtBeginDate"), 50): Object 'Object Repository/Regression Clinical Edge/CLINK-23509/Diagnosis/input_Effective Begin Date_txtBeginDate' is present

2019-04-22 14:03:31 - [MESSAGE][PASSED] - Object 'Object Repository/Regression Clinical Edge/CLINK-23509/Diagnosis/input_Effective Begin Date_txtBeginDate' is present

2019-04-22 14:03:31 - [TEST_STEP][PASSED] - click(findTestObject("Regression Clinical Edge/CLINK-23509/Diagnosis/input_Effective Begin Date_txtBeginDate")): Object: 'Object Repository/Regression Clinical Edge/CLINK-23509/Diagnosis/input_Effective Begin Date_txtBeginDate' is clicked on

2019-04-22 14:03:32 - [MESSAGE][PASSED] - Object: 'Object Repository/Regression Clinical Edge/CLINK-23509/Diagnosis/input_Effective Begin Date_txtBeginDate' is clicked on

2019-04-22 14:03:32 - [TEST_STEP][NOT_RUN] - sendKeys(findTestObject("Regression Clinical Edge/CLINK-23509/Diagnosis/input_Effective Begin Date_txtBeginDate"), "08032012"): NOT_RUN: sendKeys(findTestObject("Regression Clinical Edge/CLINK-23509/Diagnosis/input_Effective Begin Date_txtBeginDate"), "08032012")

2019-04-22 14:03:32 - [MESSAGE][NOT_RUN] - NOT_RUN: sendKeys(findTestObject("Regression Clinical Edge/CLINK-23509/Diagnosis/input_Effective Begin Date_txtBeginDate"), "08032012")

2019-04-22 14:03:32 - [TEST_STEP][PASSED] - sendKeys(findTestObject("Regression Clinical Edge/CLINK-23509/Diagnosis/input_Effective Begin Date_txtBeginDate"), getDate.DateUtilities.getDateMonthDayYearNumber()): Keys '04222019' sent to object: 'Object Repository/Regression Clinical Edge/CLINK-23509/Diagnosis/input_Effective Begin Date_txtBeginDate'

2019-04-22 14:03:32 - [MESSAGE][PASSED] - getDate.DateUtilities.getDateMonthDayYearNumber is PASSED

2019-04-22 14:03:32 - [MESSAGE][PASSED] - Keys '04222019' sent to object: 'Object Repository/Regression Clinical Edge/CLINK-23509/Diagnosis/input_Effective Begin Date_txtBeginDate'

2019-04-22 14:03:32 - [TEST_STEP][PASSED] - delay(4): Delayed 4 second(s)

2019-04-22 14:03:36 - [MESSAGE][PASSED] - Delayed 4 second(s)

2019-04-22 14:03:36 - [TEST_STEP][PASSED] - waitForElementPresent(findTestObject("Regression Clinical Edge/CLINK-23509/Diagnosis/button_OkDiagnosis"), 50): Object 'Object Repository/Regression Clinical Edge/CLINK-23509/Diagnosis/button_OkDiagnosis' is present

2019-04-22 14:03:36 - [MESSAGE][PASSED] - Object 'Object Repository/Regression Clinical Edge/CLINK-23509/Diagnosis/button_OkDiagnosis' is present

2019-04-22 14:03:36 - [TEST_STEP][PASSED] - click(findTestObject("Regression Clinical Edge/CLINK-23509/Diagnosis/button_OkDiagnosis")): Object: 'Object Repository/Regression Clinical Edge/CLINK-23509/Diagnosis/button_OkDiagnosis' is clicked on

2019-04-22 14:03:36 - [MESSAGE][PASSED] - Object: 'Object Repository/Regression Clinical Edge/CLINK-23509/Diagnosis/button_OkDiagnosis' is clicked on

2019-04-22 14:03:36 - [TEST_STEP][PASSED] - delay(5): Delayed 5 second(s)

2019-04-22 14:03:41 - [MESSAGE][PASSED] - Delayed 5 second(s)

2019-04-22 14:03:41 - [TEST_STEP][PASSED] - closeBrowser(): Browser is closed

2019-04-22 14:03:42 - [MESSAGE][PASSED] - Browser is closed]]></system-out>
         <system-err><![CDATA[]]></system-err>
      </testcase>
      <testcase name="Test Cases/Regression Clinical Edge (All Browsers)/CLNK-23505 - Clinical Edge - POC - Plan of Care" classname="Test Cases/Regression Clinical Edge (All Browsers)/CLNK-23505 - Clinical Edge - POC - Plan of Care" status="PASSED">
         <system-out><![CDATA[2019-04-22 14:03:44 - [TEST_CASE][PASSED] - Test Cases/Regression Clinical Edge (All Browsers)/CLNK-23505 - Clinical Edge - POC - Plan of Care: Test Cases/Regression Clinical Edge (All Browsers)/CLNK-23505 - Clinical Edge - POC - Plan of Care

2019-04-22 14:03:45 - [TEST_STEP][PASSED] - callTestCase(findTestCase("Regression Clinical Edge (All Browsers)/CLNK-23349 - ContinuLink - Login"), [:], STOP_ON_FAILURE): Call Test Case 'Test Cases/Regression Clinical Edge (All Browsers)/CLNK-23349 - ContinuLink - Login' successfully

2019-04-22 14:03:45 - [TEST_CASE][PASSED] - Test Cases/Regression Clinical Edge (All Browsers)/CLNK-23349 - ContinuLink - Login: Test Cases/Regression Clinical Edge (All Browsers)/CLNK-23349 - ContinuLink - Login

2019-04-22 14:03:45 - [TEST_STEP][PASSED] - openBrowser(G_SiteURL): Browser is opened with url: 'https://qanewpoc.continulink.com/Account/Login.aspx?ReturnUrl=%2fdefault.aspx'

2019-04-22 14:03:45 - [MESSAGE][INFO] - Starting 'Chrome' driver

2019-04-22 14:03:52 - [MESSAGE][PASSED] - Browser is opened with url: 'https://qanewpoc.continulink.com/Account/Login.aspx?ReturnUrl=%2fdefault.aspx'

2019-04-22 14:03:52 - [TEST_STEP][PASSED] - waitForPageLoad(60): Wait for page load successfully

2019-04-22 14:03:52 - [MESSAGE][PASSED] - Wait for page load successfully

2019-04-22 14:03:52 - [TEST_STEP][PASSED] - maximizeWindow(): Current window maximized

2019-04-22 14:03:53 - [MESSAGE][PASSED] - Current window maximized

2019-04-22 14:03:53 - [TEST_STEP][PASSED] - setText(findTestObject("Regression Clinical Edge/CLNK-23349/User"), G_User): Text 'Mobinnur' is set on object 'Object Repository/Regression Clinical Edge/CLNK-23349/User'

2019-04-22 14:03:53 - [MESSAGE][PASSED] - Text 'Mobinnur' is set on object 'Object Repository/Regression Clinical Edge/CLNK-23349/User'

2019-04-22 14:03:53 - [TEST_STEP][PASSED] - setText(findTestObject("Regression Clinical Edge/CLNK-23349/Password"), G_Password): Text 'qwerty' is set on object 'Object Repository/Regression Clinical Edge/CLNK-23349/Password'

2019-04-22 14:03:53 - [MESSAGE][PASSED] - Text 'qwerty' is set on object 'Object Repository/Regression Clinical Edge/CLNK-23349/Password'

2019-04-22 14:03:53 - [TEST_STEP][PASSED] - click(findTestObject("Regression Clinical Edge/CLNK-23349/Button_LogIn")): Object: 'Object Repository/Regression Clinical Edge/CLNK-23349/Button_LogIn' is clicked on

2019-04-22 14:03:56 - [MESSAGE][PASSED] - Object: 'Object Repository/Regression Clinical Edge/CLNK-23349/Button_LogIn' is clicked on

2019-04-22 14:03:56 - [TEST_STEP][PASSED] - waitForPageLoad(60): Wait for page load successfully

2019-04-22 14:03:56 - [MESSAGE][PASSED] - Wait for page load successfully

2019-04-22 14:03:56 - [TEST_STEP][PASSED] - delay(2): Delayed 2 second(s)

2019-04-22 14:03:58 - [MESSAGE][PASSED] - Delayed 2 second(s)

2019-04-22 14:03:58 - [TEST_STEP][PASSED] - waitForElementPresent(findTestObject("Regression Clinical Edge/CLINK-23509/button_Close"), 100): Object 'Object Repository/Regression Clinical Edge/CLINK-23509/button_Close' is present

2019-04-22 14:03:58 - [MESSAGE][PASSED] - Object 'Object Repository/Regression Clinical Edge/CLINK-23509/button_Close' is present

2019-04-22 14:03:58 - [TEST_STEP][PASSED] - click(findTestObject("Regression Clinical Edge/CLINK-23509/button_Close")): Object: 'Object Repository/Regression Clinical Edge/CLINK-23509/button_Close' is clicked on

2019-04-22 14:03:58 - [MESSAGE][PASSED] - Object: 'Object Repository/Regression Clinical Edge/CLINK-23509/button_Close' is clicked on

2019-04-22 14:03:58 - [TEST_STEP][PASSED] - delay(2): Delayed 2 second(s)

2019-04-22 14:04:00 - [MESSAGE][PASSED] - Delayed 2 second(s)

2019-04-22 14:04:00 - [MESSAGE][PASSED] - Call Test Case 'Test Cases/Regression Clinical Edge (All Browsers)/CLNK-23349 - ContinuLink - Login' successfully

2019-04-22 14:04:00 - [TEST_STEP][PASSED] - waitForPageLoad(60): Wait for page load successfully

2019-04-22 14:04:00 - [MESSAGE][PASSED] - Wait for page load successfully

2019-04-22 14:04:00 - [TEST_STEP][PASSED] - maximizeWindow(): Current window maximized

2019-04-22 14:04:00 - [MESSAGE][PASSED] - Current window maximized

2019-04-22 14:04:00 - [TEST_STEP][PASSED] - waitForPageLoad(60): Wait for page load successfully

2019-04-22 14:04:00 - [MESSAGE][PASSED] - Wait for page load successfully

2019-04-22 14:04:00 - [TEST_STEP][PASSED] - delay(8): Delayed 8 second(s)

2019-04-22 14:04:08 - [MESSAGE][PASSED] - Delayed 8 second(s)

2019-04-22 14:04:08 - [TEST_STEP][NOT_RUN] - waitForElementPresent(findTestObject("Regression Clinical Edge/CLNK-23497/button_Close"), 100): NOT_RUN: waitForElementPresent(findTestObject("Regression Clinical Edge/CLNK-23497/button_Close"), 100)

2019-04-22 14:04:08 - [MESSAGE][NOT_RUN] - NOT_RUN: waitForElementPresent(findTestObject("Regression Clinical Edge/CLNK-23497/button_Close"), 100)

2019-04-22 14:04:08 - [TEST_STEP][NOT_RUN] - click(findTestObject("Regression Clinical Edge/CLNK-23497/button_Close")): NOT_RUN: click(findTestObject("Regression Clinical Edge/CLNK-23497/button_Close"))

2019-04-22 14:04:08 - [MESSAGE][NOT_RUN] - NOT_RUN: click(findTestObject("Regression Clinical Edge/CLNK-23497/button_Close"))

2019-04-22 14:04:08 - [TEST_STEP][NOT_RUN] - delay(2): NOT_RUN: delay(2)

2019-04-22 14:04:08 - [MESSAGE][NOT_RUN] - NOT_RUN: delay(2)

2019-04-22 14:04:08 - [TEST_STEP][PASSED] - waitForElementPresent(findTestObject("Regression Clinical Edge/ClientPage/HomeLink"), 100): Object 'Object Repository/Regression Clinical Edge/ClientPage/HomeLink' is present

2019-04-22 14:04:08 - [MESSAGE][PASSED] - Object 'Object Repository/Regression Clinical Edge/ClientPage/HomeLink' is present

2019-04-22 14:04:08 - [TEST_STEP][PASSED] - click(findTestObject("Regression Clinical Edge/ClientPage/HomeLink")): Object: 'Object Repository/Regression Clinical Edge/ClientPage/HomeLink' is clicked on

2019-04-22 14:04:10 - [MESSAGE][PASSED] - Object: 'Object Repository/Regression Clinical Edge/ClientPage/HomeLink' is clicked on

2019-04-22 14:04:10 - [TEST_STEP][PASSED] - delay(2): Delayed 2 second(s)

2019-04-22 14:04:12 - [MESSAGE][PASSED] - Delayed 2 second(s)

2019-04-22 14:04:12 - [TEST_STEP][PASSED] - waitForPageLoad(50): Wait for page load successfully

2019-04-22 14:04:12 - [MESSAGE][PASSED] - Wait for page load successfully

2019-04-22 14:04:12 - [TEST_STEP][PASSED] - waitForElementPresent(findTestObject("Regression Clinical Edge/HomePage/RequestTab"), 50): Object 'Object Repository/Regression Clinical Edge/HomePage/RequestTab' is present

2019-04-22 14:04:12 - [MESSAGE][PASSED] - Object 'Object Repository/Regression Clinical Edge/HomePage/RequestTab' is present

2019-04-22 14:04:12 - [TEST_STEP][PASSED] - click(findTestObject("Regression Clinical Edge/HomePage/RequestTab")): Object: 'Object Repository/Regression Clinical Edge/HomePage/RequestTab' is clicked on

2019-04-22 14:04:12 - [MESSAGE][PASSED] - Object: 'Object Repository/Regression Clinical Edge/HomePage/RequestTab' is clicked on

2019-04-22 14:04:12 - [TEST_STEP][PASSED] - delay(2): Delayed 2 second(s)

2019-04-22 14:04:14 - [MESSAGE][PASSED] - Delayed 2 second(s)

2019-04-22 14:04:14 - [TEST_STEP][PASSED] - waitForElementPresent(findTestObject("Regression Clinical Edge/HomePage/SearchText"), 50): Object 'Object Repository/Regression Clinical Edge/HomePage/SearchText' is present

2019-04-22 14:04:14 - [MESSAGE][PASSED] - Object 'Object Repository/Regression Clinical Edge/HomePage/SearchText' is present

2019-04-22 14:04:14 - [TEST_STEP][PASSED] - setText(findTestObject("Regression Clinical Edge/HomePage/SearchText"), G_ClientLastName): Text 'Kobrinsky' is set on object 'Object Repository/Regression Clinical Edge/HomePage/SearchText'

2019-04-22 14:04:15 - [MESSAGE][PASSED] - Text 'Kobrinsky' is set on object 'Object Repository/Regression Clinical Edge/HomePage/SearchText'

2019-04-22 14:04:15 - [TEST_STEP][PASSED] - delay(3): Delayed 3 second(s)

2019-04-22 14:04:18 - [MESSAGE][PASSED] - Delayed 3 second(s)

2019-04-22 14:04:18 - [TEST_STEP][PASSED] - scrollToElement(findTestObject("Regression Clinical Edge/CLINK-23314/a_Khur Heather (535592)"), 60): Scroll to object 'Object Repository/Regression Clinical Edge/CLINK-23314/a_Khur Heather (535592)' successfully

2019-04-22 14:04:18 - [MESSAGE][PASSED] - Scroll to object 'Object Repository/Regression Clinical Edge/CLINK-23314/a_Khur Heather (535592)' successfully

2019-04-22 14:04:18 - [TEST_STEP][PASSED] - waitForElementPresent(findTestObject("Regression Clinical Edge/CLINK-23314/a_Khur Heather (535592)"), 60): Object 'Object Repository/Regression Clinical Edge/CLINK-23314/a_Khur Heather (535592)' is present

2019-04-22 14:04:18 - [MESSAGE][PASSED] - Object 'Object Repository/Regression Clinical Edge/CLINK-23314/a_Khur Heather (535592)' is present

2019-04-22 14:04:18 - [TEST_STEP][PASSED] - click(findTestObject("Regression Clinical Edge/CLINK-23314/a_Khur Heather (535592)")): Object: 'Object Repository/Regression Clinical Edge/CLINK-23314/a_Khur Heather (535592)' is clicked on

2019-04-22 14:04:20 - [MESSAGE][PASSED] - Object: 'Object Repository/Regression Clinical Edge/CLINK-23314/a_Khur Heather (535592)' is clicked on

2019-04-22 14:04:20 - [TEST_STEP][PASSED] - delay(5): Delayed 5 second(s)

2019-04-22 14:04:25 - [MESSAGE][PASSED] - Delayed 5 second(s)

2019-04-22 14:04:25 - [TEST_STEP][PASSED] - waitForPageLoad(50): Wait for page load successfully

2019-04-22 14:04:25 - [MESSAGE][PASSED] - Wait for page load successfully

2019-04-22 14:04:25 - [TEST_STEP][PASSED] - waitForElementPresent(findTestObject("Regression Clinical Edge/HomePage/ClientLink"), 100): Object 'Object Repository/Regression Clinical Edge/HomePage/ClientLink' is present

2019-04-22 14:04:25 - [MESSAGE][PASSED] - Object 'Object Repository/Regression Clinical Edge/HomePage/ClientLink' is present

2019-04-22 14:04:25 - [TEST_STEP][PASSED] - click(findTestObject("Regression Clinical Edge/HomePage/ClientLink")): Object: 'Object Repository/Regression Clinical Edge/HomePage/ClientLink' is clicked on

2019-04-22 14:04:27 - [MESSAGE][PASSED] - Object: 'Object Repository/Regression Clinical Edge/HomePage/ClientLink' is clicked on

2019-04-22 14:04:27 - [TEST_STEP][PASSED] - delay(2): Delayed 2 second(s)

2019-04-22 14:04:29 - [MESSAGE][PASSED] - Delayed 2 second(s)

2019-04-22 14:04:29 - [TEST_STEP][PASSED] - waitForPageLoad(50): Wait for page load successfully

2019-04-22 14:04:29 - [MESSAGE][PASSED] - Wait for page load successfully

2019-04-22 14:04:29 - [TEST_STEP][PASSED] - scrollToElement(findTestObject("Regression Clinical Edge/CLINK - 23504/Plan of Care Section"), 50): Scroll to object 'Object Repository/Regression Clinical Edge/CLINK - 23504/Plan of Care Section' successfully

2019-04-22 14:04:29 - [MESSAGE][PASSED] - Scroll to object 'Object Repository/Regression Clinical Edge/CLINK - 23504/Plan of Care Section' successfully

2019-04-22 14:04:29 - [TEST_STEP][PASSED] - waitForElementPresent(findTestObject("Regression Clinical Edge/CLINK-23505/AddPlanCare"), 50): Object 'Object Repository/Regression Clinical Edge/CLINK-23505/AddPlanCare' is present

2019-04-22 14:04:29 - [MESSAGE][PASSED] - Object 'Object Repository/Regression Clinical Edge/CLINK-23505/AddPlanCare' is present

2019-04-22 14:04:29 - [TEST_STEP][PASSED] - click(findTestObject("Regression Clinical Edge/CLINK-23505/AddPlanCare")): Object: 'Object Repository/Regression Clinical Edge/CLINK-23505/AddPlanCare' is clicked on

2019-04-22 14:04:30 - [MESSAGE][PASSED] - Object: 'Object Repository/Regression Clinical Edge/CLINK-23505/AddPlanCare' is clicked on

2019-04-22 14:04:30 - [TEST_STEP][PASSED] - delay(2): Delayed 2 second(s)

2019-04-22 14:04:32 - [MESSAGE][PASSED] - Delayed 2 second(s)

2019-04-22 14:04:32 - [TEST_STEP][PASSED] - waitForElementPresent(findTestObject("Regression Clinical Edge/CLINK-23505/POC"), 50): Object 'Object Repository/Regression Clinical Edge/CLINK-23505/POC' is present

2019-04-22 14:04:32 - [MESSAGE][PASSED] - Object 'Object Repository/Regression Clinical Edge/CLINK-23505/POC' is present

2019-04-22 14:04:32 - [TEST_STEP][PASSED] - click(findTestObject("Regression Clinical Edge/CLINK-23505/POC")): Object: 'Object Repository/Regression Clinical Edge/CLINK-23505/POC' is clicked on

2019-04-22 14:04:32 - [MESSAGE][PASSED] - Object: 'Object Repository/Regression Clinical Edge/CLINK-23505/POC' is clicked on

2019-04-22 14:04:32 - [TEST_STEP][PASSED] - delay(3): Delayed 3 second(s)

2019-04-22 14:04:35 - [MESSAGE][PASSED] - Delayed 3 second(s)

2019-04-22 14:04:35 - [TEST_STEP][PASSED] - waitForElementPresent(findTestObject("Regression Clinical Edge/CLINK-23505/SavePOC"), 50): Object 'Object Repository/Regression Clinical Edge/CLINK-23505/SavePOC' is present

2019-04-22 14:04:35 - [MESSAGE][PASSED] - Object 'Object Repository/Regression Clinical Edge/CLINK-23505/SavePOC' is present

2019-04-22 14:04:35 - [TEST_STEP][PASSED] - click(findTestObject("Regression Clinical Edge/CLINK-23505/SavePOC")): Object: 'Object Repository/Regression Clinical Edge/CLINK-23505/SavePOC' is clicked on

2019-04-22 14:04:35 - [MESSAGE][PASSED] - Object: 'Object Repository/Regression Clinical Edge/CLINK-23505/SavePOC' is clicked on

2019-04-22 14:04:35 - [TEST_STEP][PASSED] - delay(3): Delayed 3 second(s)

2019-04-22 14:04:38 - [MESSAGE][PASSED] - Delayed 3 second(s)

2019-04-22 14:04:38 - [TEST_STEP][PASSED] - closeBrowser(): Browser is closed

2019-04-22 14:04:39 - [MESSAGE][PASSED] - Browser is closed]]></system-out>
         <system-err><![CDATA[]]></system-err>
      </testcase>
      <testcase name="Test Cases/Regression Clinical Edge (All Browsers)/CLNK-23509 - Clinical Edge - POC - Sign and Submit" classname="Test Cases/Regression Clinical Edge (All Browsers)/CLNK-23509 - Clinical Edge - POC - Sign and Submit" status="PASSED">
         <system-out><![CDATA[2019-04-22 14:04:42 - [TEST_CASE][PASSED] - Test Cases/Regression Clinical Edge (All Browsers)/CLNK-23509 - Clinical Edge - POC - Sign and Submit: Test Cases/Regression Clinical Edge (All Browsers)/CLNK-23509 - Clinical Edge - POC - Sign and Submit

2019-04-22 14:04:42 - [TEST_STEP][PASSED] - callTestCase(findTestCase("Regression Clinical Edge (All Browsers)/CLNK-23349 - ContinuLink - Login"), [:], STOP_ON_FAILURE): Call Test Case 'Test Cases/Regression Clinical Edge (All Browsers)/CLNK-23349 - ContinuLink - Login' successfully

2019-04-22 14:04:42 - [TEST_CASE][PASSED] - Test Cases/Regression Clinical Edge (All Browsers)/CLNK-23349 - ContinuLink - Login: Test Cases/Regression Clinical Edge (All Browsers)/CLNK-23349 - ContinuLink - Login

2019-04-22 14:04:42 - [TEST_STEP][PASSED] - openBrowser(G_SiteURL): Browser is opened with url: 'https://qanewpoc.continulink.com/Account/Login.aspx?ReturnUrl=%2fdefault.aspx'

2019-04-22 14:04:42 - [MESSAGE][INFO] - Starting 'Chrome' driver

2019-04-22 14:04:49 - [MESSAGE][PASSED] - Browser is opened with url: 'https://qanewpoc.continulink.com/Account/Login.aspx?ReturnUrl=%2fdefault.aspx'

2019-04-22 14:04:49 - [TEST_STEP][PASSED] - waitForPageLoad(60): Wait for page load successfully

2019-04-22 14:04:49 - [MESSAGE][PASSED] - Wait for page load successfully

2019-04-22 14:04:49 - [TEST_STEP][PASSED] - maximizeWindow(): Current window maximized

2019-04-22 14:04:50 - [MESSAGE][PASSED] - Current window maximized

2019-04-22 14:04:50 - [TEST_STEP][PASSED] - setText(findTestObject("Regression Clinical Edge/CLNK-23349/User"), G_User): Text 'Mobinnur' is set on object 'Object Repository/Regression Clinical Edge/CLNK-23349/User'

2019-04-22 14:04:50 - [MESSAGE][PASSED] - Text 'Mobinnur' is set on object 'Object Repository/Regression Clinical Edge/CLNK-23349/User'

2019-04-22 14:04:50 - [TEST_STEP][PASSED] - setText(findTestObject("Regression Clinical Edge/CLNK-23349/Password"), G_Password): Text 'qwerty' is set on object 'Object Repository/Regression Clinical Edge/CLNK-23349/Password'

2019-04-22 14:04:50 - [MESSAGE][PASSED] - Text 'qwerty' is set on object 'Object Repository/Regression Clinical Edge/CLNK-23349/Password'

2019-04-22 14:04:50 - [TEST_STEP][PASSED] - click(findTestObject("Regression Clinical Edge/CLNK-23349/Button_LogIn")): Object: 'Object Repository/Regression Clinical Edge/CLNK-23349/Button_LogIn' is clicked on

2019-04-22 14:04:53 - [MESSAGE][PASSED] - Object: 'Object Repository/Regression Clinical Edge/CLNK-23349/Button_LogIn' is clicked on

2019-04-22 14:04:53 - [TEST_STEP][PASSED] - waitForPageLoad(60): Wait for page load successfully

2019-04-22 14:04:53 - [MESSAGE][PASSED] - Wait for page load successfully

2019-04-22 14:04:53 - [TEST_STEP][PASSED] - delay(2): Delayed 2 second(s)

2019-04-22 14:04:55 - [MESSAGE][PASSED] - Delayed 2 second(s)

2019-04-22 14:04:55 - [TEST_STEP][PASSED] - waitForElementPresent(findTestObject("Regression Clinical Edge/CLINK-23509/button_Close"), 100): Object 'Object Repository/Regression Clinical Edge/CLINK-23509/button_Close' is present

2019-04-22 14:04:55 - [MESSAGE][PASSED] - Object 'Object Repository/Regression Clinical Edge/CLINK-23509/button_Close' is present

2019-04-22 14:04:55 - [TEST_STEP][PASSED] - click(findTestObject("Regression Clinical Edge/CLINK-23509/button_Close")): Object: 'Object Repository/Regression Clinical Edge/CLINK-23509/button_Close' is clicked on

2019-04-22 14:04:56 - [MESSAGE][PASSED] - Object: 'Object Repository/Regression Clinical Edge/CLINK-23509/button_Close' is clicked on

2019-04-22 14:04:56 - [TEST_STEP][PASSED] - delay(2): Delayed 2 second(s)

2019-04-22 14:04:58 - [MESSAGE][PASSED] - Delayed 2 second(s)

2019-04-22 14:04:58 - [MESSAGE][PASSED] - Call Test Case 'Test Cases/Regression Clinical Edge (All Browsers)/CLNK-23349 - ContinuLink - Login' successfully

2019-04-22 14:04:58 - [TEST_STEP][PASSED] - waitForPageLoad(60): Wait for page load successfully

2019-04-22 14:04:58 - [MESSAGE][PASSED] - Wait for page load successfully

2019-04-22 14:04:58 - [TEST_STEP][PASSED] - maximizeWindow(): Current window maximized

2019-04-22 14:04:58 - [MESSAGE][PASSED] - Current window maximized

2019-04-22 14:04:58 - [TEST_STEP][PASSED] - waitForPageLoad(60): Wait for page load successfully

2019-04-22 14:04:58 - [MESSAGE][PASSED] - Wait for page load successfully

2019-04-22 14:04:58 - [TEST_STEP][PASSED] - delay(8): Delayed 8 second(s)

2019-04-22 14:05:06 - [MESSAGE][PASSED] - Delayed 8 second(s)

2019-04-22 14:05:06 - [TEST_STEP][NOT_RUN] - waitForElementPresent(findTestObject("Regression Clinical Edge/CLNK-23497/button_Close"), 100): NOT_RUN: waitForElementPresent(findTestObject("Regression Clinical Edge/CLNK-23497/button_Close"), 100)

2019-04-22 14:05:06 - [MESSAGE][NOT_RUN] - NOT_RUN: waitForElementPresent(findTestObject("Regression Clinical Edge/CLNK-23497/button_Close"), 100)

2019-04-22 14:05:06 - [TEST_STEP][NOT_RUN] - click(findTestObject("Regression Clinical Edge/CLNK-23497/button_Close")): NOT_RUN: click(findTestObject("Regression Clinical Edge/CLNK-23497/button_Close"))

2019-04-22 14:05:06 - [MESSAGE][NOT_RUN] - NOT_RUN: click(findTestObject("Regression Clinical Edge/CLNK-23497/button_Close"))

2019-04-22 14:05:06 - [TEST_STEP][NOT_RUN] - delay(2): NOT_RUN: delay(2)

2019-04-22 14:05:06 - [MESSAGE][NOT_RUN] - NOT_RUN: delay(2)

2019-04-22 14:05:06 - [TEST_STEP][PASSED] - waitForElementPresent(findTestObject("Regression Clinical Edge/ClientPage/HomeLink"), 100): Object 'Object Repository/Regression Clinical Edge/ClientPage/HomeLink' is present

2019-04-22 14:05:06 - [MESSAGE][PASSED] - Object 'Object Repository/Regression Clinical Edge/ClientPage/HomeLink' is present

2019-04-22 14:05:06 - [TEST_STEP][PASSED] - click(findTestObject("Regression Clinical Edge/ClientPage/HomeLink")): Object: 'Object Repository/Regression Clinical Edge/ClientPage/HomeLink' is clicked on

2019-04-22 14:05:07 - [MESSAGE][PASSED] - Object: 'Object Repository/Regression Clinical Edge/ClientPage/HomeLink' is clicked on

2019-04-22 14:05:07 - [TEST_STEP][PASSED] - delay(2): Delayed 2 second(s)

2019-04-22 14:05:09 - [MESSAGE][PASSED] - Delayed 2 second(s)

2019-04-22 14:05:09 - [TEST_STEP][PASSED] - waitForPageLoad(50): Wait for page load successfully

2019-04-22 14:05:09 - [MESSAGE][PASSED] - Wait for page load successfully

2019-04-22 14:05:09 - [TEST_STEP][PASSED] - waitForElementPresent(findTestObject("Regression Clinical Edge/HomePage/RequestTab"), 50): Object 'Object Repository/Regression Clinical Edge/HomePage/RequestTab' is present

2019-04-22 14:05:09 - [MESSAGE][PASSED] - Object 'Object Repository/Regression Clinical Edge/HomePage/RequestTab' is present

2019-04-22 14:05:09 - [TEST_STEP][PASSED] - click(findTestObject("Regression Clinical Edge/HomePage/RequestTab")): Object: 'Object Repository/Regression Clinical Edge/HomePage/RequestTab' is clicked on

2019-04-22 14:05:09 - [MESSAGE][PASSED] - Object: 'Object Repository/Regression Clinical Edge/HomePage/RequestTab' is clicked on

2019-04-22 14:05:09 - [TEST_STEP][PASSED] - delay(2): Delayed 2 second(s)

2019-04-22 14:05:11 - [MESSAGE][PASSED] - Delayed 2 second(s)

2019-04-22 14:05:11 - [TEST_STEP][PASSED] - waitForElementPresent(findTestObject("Regression Clinical Edge/HomePage/SearchText"), 50): Object 'Object Repository/Regression Clinical Edge/HomePage/SearchText' is present

2019-04-22 14:05:11 - [MESSAGE][PASSED] - Object 'Object Repository/Regression Clinical Edge/HomePage/SearchText' is present

2019-04-22 14:05:11 - [TEST_STEP][PASSED] - setText(findTestObject("Regression Clinical Edge/HomePage/SearchText"), G_ClientLastName): Text 'Kobrinsky' is set on object 'Object Repository/Regression Clinical Edge/HomePage/SearchText'

2019-04-22 14:05:12 - [MESSAGE][PASSED] - Text 'Kobrinsky' is set on object 'Object Repository/Regression Clinical Edge/HomePage/SearchText'

2019-04-22 14:05:12 - [TEST_STEP][PASSED] - delay(3): Delayed 3 second(s)

2019-04-22 14:05:15 - [MESSAGE][PASSED] - Delayed 3 second(s)

2019-04-22 14:05:15 - [TEST_STEP][PASSED] - scrollToElement(findTestObject("Regression Clinical Edge/CLINK-23314/a_Khur Heather (535592)"), 60): Scroll to object 'Object Repository/Regression Clinical Edge/CLINK-23314/a_Khur Heather (535592)' successfully

2019-04-22 14:05:15 - [MESSAGE][PASSED] - Scroll to object 'Object Repository/Regression Clinical Edge/CLINK-23314/a_Khur Heather (535592)' successfully

2019-04-22 14:05:15 - [TEST_STEP][PASSED] - waitForElementPresent(findTestObject("Regression Clinical Edge/CLINK-23314/a_Khur Heather (535592)"), 60): Object 'Object Repository/Regression Clinical Edge/CLINK-23314/a_Khur Heather (535592)' is present

2019-04-22 14:05:15 - [MESSAGE][PASSED] - Object 'Object Repository/Regression Clinical Edge/CLINK-23314/a_Khur Heather (535592)' is present

2019-04-22 14:05:15 - [TEST_STEP][PASSED] - click(findTestObject("Regression Clinical Edge/CLINK-23314/a_Khur Heather (535592)")): Object: 'Object Repository/Regression Clinical Edge/CLINK-23314/a_Khur Heather (535592)' is clicked on

2019-04-22 14:05:18 - [MESSAGE][PASSED] - Object: 'Object Repository/Regression Clinical Edge/CLINK-23314/a_Khur Heather (535592)' is clicked on

2019-04-22 14:05:18 - [TEST_STEP][PASSED] - delay(5): Delayed 5 second(s)

2019-04-22 14:05:23 - [MESSAGE][PASSED] - Delayed 5 second(s)

2019-04-22 14:05:23 - [TEST_STEP][PASSED] - waitForPageLoad(50): Wait for page load successfully

2019-04-22 14:05:23 - [MESSAGE][PASSED] - Wait for page load successfully

2019-04-22 14:05:23 - [TEST_STEP][PASSED] - waitForElementPresent(findTestObject("Regression Clinical Edge/HomePage/ClientLink"), 100): Object 'Object Repository/Regression Clinical Edge/HomePage/ClientLink' is present

2019-04-22 14:05:23 - [MESSAGE][PASSED] - Object 'Object Repository/Regression Clinical Edge/HomePage/ClientLink' is present

2019-04-22 14:05:23 - [TEST_STEP][PASSED] - click(findTestObject("Regression Clinical Edge/HomePage/ClientLink")): Object: 'Object Repository/Regression Clinical Edge/HomePage/ClientLink' is clicked on

2019-04-22 14:05:26 - [MESSAGE][PASSED] - Object: 'Object Repository/Regression Clinical Edge/HomePage/ClientLink' is clicked on

2019-04-22 14:05:26 - [TEST_STEP][PASSED] - delay(2): Delayed 2 second(s)

2019-04-22 14:05:28 - [MESSAGE][PASSED] - Delayed 2 second(s)

2019-04-22 14:05:28 - [TEST_STEP][PASSED] - waitForPageLoad(50): Wait for page load successfully

2019-04-22 14:05:28 - [MESSAGE][PASSED] - Wait for page load successfully

2019-04-22 14:05:28 - [TEST_STEP][PASSED] - scrollToElement(findTestObject("Regression Clinical Edge/CLINK - 23504/Plan of Care Section"), 50): Scroll to object 'Object Repository/Regression Clinical Edge/CLINK - 23504/Plan of Care Section' successfully

2019-04-22 14:05:28 - [MESSAGE][PASSED] - Scroll to object 'Object Repository/Regression Clinical Edge/CLINK - 23504/Plan of Care Section' successfully

2019-04-22 14:05:28 - [TEST_STEP][PASSED] - click(findTestObject("Regression Clinical Edge/CLINK-23509/Plan of Care Client")): Object: 'Object Repository/Regression Clinical Edge/CLINK-23509/Plan of Care Client' is clicked on

2019-04-22 14:05:32 - [MESSAGE][PASSED] - Object: 'Object Repository/Regression Clinical Edge/CLINK-23509/Plan of Care Client' is clicked on

2019-04-22 14:05:32 - [TEST_STEP][PASSED] - waitForPageLoad(50): Wait for page load successfully

2019-04-22 14:05:32 - [MESSAGE][PASSED] - Wait for page load successfully

2019-04-22 14:05:32 - [TEST_STEP][PASSED] - waitForElementPresent(findTestObject("Regression Clinical Edge/CLINK-23509/GoNext"), 50): Object 'Object Repository/Regression Clinical Edge/CLINK-23509/GoNext' is present

2019-04-22 14:05:33 - [MESSAGE][PASSED] - Object 'Object Repository/Regression Clinical Edge/CLINK-23509/GoNext' is present

2019-04-22 14:05:33 - [TEST_STEP][PASSED] - click(findTestObject("Regression Clinical Edge/CLINK-23509/GoNext")): Object: 'Object Repository/Regression Clinical Edge/CLINK-23509/GoNext' is clicked on

2019-04-22 14:05:33 - [MESSAGE][PASSED] - Object: 'Object Repository/Regression Clinical Edge/CLINK-23509/GoNext' is clicked on

2019-04-22 14:05:33 - [TEST_STEP][PASSED] - waitForPageLoad(50): Wait for page load successfully

2019-04-22 14:05:33 - [MESSAGE][PASSED] - Wait for page load successfully

2019-04-22 14:05:33 - [TEST_STEP][PASSED] - delay(2): Delayed 2 second(s)

2019-04-22 14:05:35 - [MESSAGE][PASSED] - Delayed 2 second(s)

2019-04-22 14:05:35 - [TEST_STEP][PASSED] - waitForElementPresent(findTestObject("Regression Clinical Edge/CLINK-23509/GoNext"), 50): Object 'Object Repository/Regression Clinical Edge/CLINK-23509/GoNext' is present

2019-04-22 14:05:36 - [MESSAGE][PASSED] - Object 'Object Repository/Regression Clinical Edge/CLINK-23509/GoNext' is present

2019-04-22 14:05:36 - [TEST_STEP][PASSED] - delay(2): Delayed 2 second(s)

2019-04-22 14:05:38 - [MESSAGE][PASSED] - Delayed 2 second(s)

2019-04-22 14:05:38 - [TEST_STEP][PASSED] - click(findTestObject("Regression Clinical Edge/CLINK-23509/GoNext")): Object: 'Object Repository/Regression Clinical Edge/CLINK-23509/GoNext' is clicked on

2019-04-22 14:05:41 - [MESSAGE][PASSED] - Object: 'Object Repository/Regression Clinical Edge/CLINK-23509/GoNext' is clicked on

2019-04-22 14:05:41 - [TEST_STEP][PASSED] - waitForPageLoad(50): Wait for page load successfully

2019-04-22 14:05:41 - [MESSAGE][PASSED] - Wait for page load successfully

2019-04-22 14:05:41 - [TEST_STEP][PASSED] - delay(2): Delayed 2 second(s)

2019-04-22 14:05:43 - [MESSAGE][PASSED] - Delayed 2 second(s)

2019-04-22 14:05:43 - [TEST_STEP][PASSED] - waitForElementPresent(findTestObject("Regression Clinical Edge/CLINK-23509/GoNext"), 50): Object 'Object Repository/Regression Clinical Edge/CLINK-23509/GoNext' is present

2019-04-22 14:05:43 - [MESSAGE][PASSED] - Object 'Object Repository/Regression Clinical Edge/CLINK-23509/GoNext' is present

2019-04-22 14:05:43 - [TEST_STEP][PASSED] - click(findTestObject("Regression Clinical Edge/CLINK-23509/GoNext")): Object: 'Object Repository/Regression Clinical Edge/CLINK-23509/GoNext' is clicked on

2019-04-22 14:05:45 - [MESSAGE][PASSED] - Object: 'Object Repository/Regression Clinical Edge/CLINK-23509/GoNext' is clicked on

2019-04-22 14:05:45 - [TEST_STEP][PASSED] - waitForPageLoad(50): Wait for page load successfully

2019-04-22 14:05:45 - [MESSAGE][PASSED] - Wait for page load successfully

2019-04-22 14:05:45 - [TEST_STEP][PASSED] - delay(2): Delayed 2 second(s)

2019-04-22 14:05:47 - [MESSAGE][PASSED] - Delayed 2 second(s)

2019-04-22 14:05:47 - [TEST_STEP][NOT_RUN] - waitForElementPresent(findTestObject("Regression Clinical Edge/CLINK-23509/EditBtn"), 50): NOT_RUN: waitForElementPresent(findTestObject("Regression Clinical Edge/CLINK-23509/EditBtn"), 50)

2019-04-22 14:05:47 - [MESSAGE][NOT_RUN] - NOT_RUN: waitForElementPresent(findTestObject("Regression Clinical Edge/CLINK-23509/EditBtn"), 50)

2019-04-22 14:05:47 - [TEST_STEP][NOT_RUN] - click(findTestObject("Regression Clinical Edge/CLINK-23509/EditBtn")): NOT_RUN: click(findTestObject("Regression Clinical Edge/CLINK-23509/EditBtn"))

2019-04-22 14:05:47 - [MESSAGE][NOT_RUN] - NOT_RUN: click(findTestObject("Regression Clinical Edge/CLINK-23509/EditBtn"))

2019-04-22 14:05:47 - [TEST_STEP][NOT_RUN] - waitForPageLoad(50): NOT_RUN: waitForPageLoad(50)

2019-04-22 14:05:47 - [MESSAGE][NOT_RUN] - NOT_RUN: waitForPageLoad(50)

2019-04-22 14:05:47 - [TEST_STEP][NOT_RUN] - delay(3): NOT_RUN: delay(3)

2019-04-22 14:05:47 - [MESSAGE][NOT_RUN] - NOT_RUN: delay(3)

2019-04-22 14:05:47 - [TEST_STEP][PASSED] - waitForElementPresent(findTestObject("Regression Clinical Edge/CLINK-23509/CaneMedical Equipment"), 50): Object 'Object Repository/Regression Clinical Edge/CLINK-23509/CaneMedical Equipment' is present

2019-04-22 14:05:47 - [MESSAGE][PASSED] - Object 'Object Repository/Regression Clinical Edge/CLINK-23509/CaneMedical Equipment' is present

2019-04-22 14:05:47 - [TEST_STEP][PASSED] - click(findTestObject("Regression Clinical Edge/CLINK-23509/CaneMedical Equipment")): Object: 'Object Repository/Regression Clinical Edge/CLINK-23509/CaneMedical Equipment' is clicked on

2019-04-22 14:05:47 - [MESSAGE][PASSED] - Object: 'Object Repository/Regression Clinical Edge/CLINK-23509/CaneMedical Equipment' is clicked on

2019-04-22 14:05:47 - [TEST_STEP][PASSED] - delay(2): Delayed 2 second(s)

2019-04-22 14:05:49 - [MESSAGE][PASSED] - Delayed 2 second(s)

2019-04-22 14:05:49 - [TEST_STEP][PASSED] - waitForElementPresent(findTestObject("Regression Clinical Edge/CLINK-23509/SaveBtn"), 50): Object 'Object Repository/Regression Clinical Edge/CLINK-23509/SaveBtn' is present

2019-04-22 14:05:49 - [MESSAGE][PASSED] - Object 'Object Repository/Regression Clinical Edge/CLINK-23509/SaveBtn' is present

2019-04-22 14:05:49 - [TEST_STEP][PASSED] - click(findTestObject("Regression Clinical Edge/CLINK-23509/SaveBtn")): Object: 'Object Repository/Regression Clinical Edge/CLINK-23509/SaveBtn' is clicked on

2019-04-22 14:05:50 - [MESSAGE][PASSED] - Object: 'Object Repository/Regression Clinical Edge/CLINK-23509/SaveBtn' is clicked on

2019-04-22 14:05:50 - [TEST_STEP][PASSED] - waitForPageLoad(50): Wait for page load successfully

2019-04-22 14:05:50 - [MESSAGE][PASSED] - Wait for page load successfully

2019-04-22 14:05:50 - [TEST_STEP][PASSED] - delay(10): Delayed 10 second(s)

2019-04-22 14:06:00 - [MESSAGE][PASSED] - Delayed 10 second(s)

2019-04-22 14:06:00 - [TEST_STEP][PASSED] - waitForElementPresent(findTestObject("Regression Clinical Edge/CLINK-23509/div_SignSubmit"), 50): Object 'Object Repository/Regression Clinical Edge/CLINK-23509/div_SignSubmit' is present

2019-04-22 14:06:00 - [MESSAGE][PASSED] - Object 'Object Repository/Regression Clinical Edge/CLINK-23509/div_SignSubmit' is present

2019-04-22 14:06:00 - [TEST_STEP][PASSED] - click(findTestObject("Regression Clinical Edge/CLINK-23509/div_SignSubmit")): Object: 'Object Repository/Regression Clinical Edge/CLINK-23509/div_SignSubmit' is clicked on

2019-04-22 14:06:00 - [MESSAGE][PASSED] - Object: 'Object Repository/Regression Clinical Edge/CLINK-23509/div_SignSubmit' is clicked on

2019-04-22 14:06:00 - [TEST_STEP][PASSED] - waitForPageLoad(50): Wait for page load successfully

2019-04-22 14:06:00 - [MESSAGE][PASSED] - Wait for page load successfully

2019-04-22 14:06:00 - [TEST_STEP][PASSED] - delay(3): Delayed 3 second(s)

2019-04-22 14:06:03 - [MESSAGE][PASSED] - Delayed 3 second(s)

2019-04-22 14:06:03 - [TEST_STEP][PASSED] - waitForElementPresent(findTestObject("Regression Clinical Edge/CLINK-23509/Frequency/b_Treatment Orders"), 50): Object 'Object Repository/Regression Clinical Edge/CLINK-23509/Frequency/b_Treatment Orders' is present

2019-04-22 14:06:03 - [MESSAGE][PASSED] - Object 'Object Repository/Regression Clinical Edge/CLINK-23509/Frequency/b_Treatment Orders' is present

2019-04-22 14:06:03 - [TEST_STEP][PASSED] - click(findTestObject("Regression Clinical Edge/CLINK-23509/Frequency/b_Treatment Orders")): Object: 'Object Repository/Regression Clinical Edge/CLINK-23509/Frequency/b_Treatment Orders' is clicked on

2019-04-22 14:06:08 - [MESSAGE][PASSED] - Object: 'Object Repository/Regression Clinical Edge/CLINK-23509/Frequency/b_Treatment Orders' is clicked on

2019-04-22 14:06:08 - [TEST_STEP][PASSED] - delay(5): Delayed 5 second(s)

2019-04-22 14:06:13 - [MESSAGE][PASSED] - Delayed 5 second(s)

2019-04-22 14:06:13 - [TEST_STEP][PASSED] - waitForElementPresent(findTestObject("Regression Clinical Edge/CLINK-23509/Frequency/AddTreatment Orders"), 50): Object 'Object Repository/Regression Clinical Edge/CLINK-23509/Frequency/AddTreatment Orders' is present

2019-04-22 14:06:13 - [MESSAGE][PASSED] - Object 'Object Repository/Regression Clinical Edge/CLINK-23509/Frequency/AddTreatment Orders' is present

2019-04-22 14:06:13 - [TEST_STEP][PASSED] - click(findTestObject("Regression Clinical Edge/CLINK-23509/Frequency/AddTreatment Orders")): Object: 'Object Repository/Regression Clinical Edge/CLINK-23509/Frequency/AddTreatment Orders' is clicked on

2019-04-22 14:06:13 - [MESSAGE][PASSED] - Object: 'Object Repository/Regression Clinical Edge/CLINK-23509/Frequency/AddTreatment Orders' is clicked on

2019-04-22 14:06:13 - [TEST_STEP][PASSED] - delay(2): Delayed 2 second(s)

2019-04-22 14:06:15 - [MESSAGE][PASSED] - Delayed 2 second(s)

2019-04-22 14:06:15 - [TEST_STEP][PASSED] - waitForElementPresent(findTestObject("Regression Clinical Edge/CLINK-23509/Frequency/ServiceType"), 50): Object 'Object Repository/Regression Clinical Edge/CLINK-23509/Frequency/ServiceType' is present

2019-04-22 14:06:15 - [MESSAGE][PASSED] - Object 'Object Repository/Regression Clinical Edge/CLINK-23509/Frequency/ServiceType' is present

2019-04-22 14:06:15 - [TEST_STEP][PASSED] - click(findTestObject("Regression Clinical Edge/CLINK-23509/Frequency/ServiceType")): Object: 'Object Repository/Regression Clinical Edge/CLINK-23509/Frequency/ServiceType' is clicked on

2019-04-22 14:06:16 - [MESSAGE][PASSED] - Object: 'Object Repository/Regression Clinical Edge/CLINK-23509/Frequency/ServiceType' is clicked on

2019-04-22 14:06:16 - [TEST_STEP][PASSED] - sendKeys(findTestObject("Regression Clinical Edge/CLINK-23509/Frequency/ServiceType"), Keys.chord(ARROW_DOWN, ENTER)): Keys 'DOWN + ENTER + ' sent to object: 'Object Repository/Regression Clinical Edge/CLINK-23509/Frequency/ServiceType'

2019-04-22 14:06:16 - [MESSAGE][PASSED] - Keys 'DOWN + ENTER + ' sent to object: 'Object Repository/Regression Clinical Edge/CLINK-23509/Frequency/ServiceType'

2019-04-22 14:06:16 - [TEST_STEP][PASSED] - delay(2): Delayed 2 second(s)

2019-04-22 14:06:18 - [MESSAGE][PASSED] - Delayed 2 second(s)

2019-04-22 14:06:18 - [TEST_STEP][PASSED] - waitForElementPresent(findTestObject("Regression Clinical Edge/CLINK-23509/Frequency/Number of Visits"), 50): Object 'Object Repository/Regression Clinical Edge/CLINK-23509/Frequency/Number of Visits' is present

2019-04-22 14:06:18 - [MESSAGE][PASSED] - Object 'Object Repository/Regression Clinical Edge/CLINK-23509/Frequency/Number of Visits' is present

2019-04-22 14:06:18 - [TEST_STEP][PASSED] - setText(findTestObject("Regression Clinical Edge/CLINK-23509/Frequency/Number of Visits"), "2"): Text '2' is set on object 'Object Repository/Regression Clinical Edge/CLINK-23509/Frequency/Number of Visits'

2019-04-22 14:06:18 - [MESSAGE][PASSED] - Text '2' is set on object 'Object Repository/Regression Clinical Edge/CLINK-23509/Frequency/Number of Visits'

2019-04-22 14:06:18 - [TEST_STEP][PASSED] - waitForElementPresent(findTestObject("Regression Clinical Edge/CLINK-23509/Frequency/Frequency"), 50): Object 'Object Repository/Regression Clinical Edge/CLINK-23509/Frequency/Frequency' is present

2019-04-22 14:06:18 - [MESSAGE][PASSED] - Object 'Object Repository/Regression Clinical Edge/CLINK-23509/Frequency/Frequency' is present

2019-04-22 14:06:18 - [TEST_STEP][PASSED] - click(findTestObject("Regression Clinical Edge/CLINK-23509/Frequency/Frequency")): Object: 'Object Repository/Regression Clinical Edge/CLINK-23509/Frequency/Frequency' is clicked on

2019-04-22 14:06:18 - [MESSAGE][PASSED] - Object: 'Object Repository/Regression Clinical Edge/CLINK-23509/Frequency/Frequency' is clicked on

2019-04-22 14:06:18 - [TEST_STEP][PASSED] - sendKeys(findTestObject("Regression Clinical Edge/CLINK-23509/Frequency/Frequency"), Keys.chord(ARROW_DOWN, ENTER)): Keys 'DOWN + ENTER + ' sent to object: 'Object Repository/Regression Clinical Edge/CLINK-23509/Frequency/Frequency'

2019-04-22 14:06:19 - [MESSAGE][PASSED] - Keys 'DOWN + ENTER + ' sent to object: 'Object Repository/Regression Clinical Edge/CLINK-23509/Frequency/Frequency'

2019-04-22 14:06:19 - [TEST_STEP][PASSED] - delay(2): Delayed 2 second(s)

2019-04-22 14:06:21 - [MESSAGE][PASSED] - Delayed 2 second(s)

2019-04-22 14:06:21 - [TEST_STEP][PASSED] - waitForElementPresent(findTestObject("Regression Clinical Edge/CLINK-23509/Frequency/Order Duration"), 50): Object 'Object Repository/Regression Clinical Edge/CLINK-23509/Frequency/Order Duration' is present

2019-04-22 14:06:21 - [MESSAGE][PASSED] - Object 'Object Repository/Regression Clinical Edge/CLINK-23509/Frequency/Order Duration' is present

2019-04-22 14:06:21 - [TEST_STEP][PASSED] - setText(findTestObject("Regression Clinical Edge/CLINK-23509/Frequency/Order Duration"), "2"): Text '2' is set on object 'Object Repository/Regression Clinical Edge/CLINK-23509/Frequency/Order Duration'

2019-04-22 14:06:21 - [MESSAGE][PASSED] - Text '2' is set on object 'Object Repository/Regression Clinical Edge/CLINK-23509/Frequency/Order Duration'

2019-04-22 14:06:21 - [TEST_STEP][PASSED] - waitForElementPresent(findTestObject("Regression Clinical Edge/CLINK-23509/Frequency/Duration"), 50): Object 'Object Repository/Regression Clinical Edge/CLINK-23509/Frequency/Duration' is present

2019-04-22 14:06:21 - [MESSAGE][PASSED] - Object 'Object Repository/Regression Clinical Edge/CLINK-23509/Frequency/Duration' is present

2019-04-22 14:06:21 - [TEST_STEP][PASSED] - click(findTestObject("Regression Clinical Edge/CLINK-23509/Frequency/Duration")): Object: 'Object Repository/Regression Clinical Edge/CLINK-23509/Frequency/Duration' is clicked on

2019-04-22 14:06:21 - [MESSAGE][PASSED] - Object: 'Object Repository/Regression Clinical Edge/CLINK-23509/Frequency/Duration' is clicked on

2019-04-22 14:06:21 - [TEST_STEP][PASSED] - sendKeys(findTestObject("Regression Clinical Edge/CLINK-23509/Frequency/Duration"), Keys.chord(ARROW_DOWN, ENTER)): Keys 'DOWN + ENTER + ' sent to object: 'Object Repository/Regression Clinical Edge/CLINK-23509/Frequency/Duration'

2019-04-22 14:06:21 - [MESSAGE][PASSED] - Keys 'DOWN + ENTER + ' sent to object: 'Object Repository/Regression Clinical Edge/CLINK-23509/Frequency/Duration'

2019-04-22 14:06:21 - [TEST_STEP][PASSED] - delay(2): Delayed 2 second(s)

2019-04-22 14:06:23 - [MESSAGE][PASSED] - Delayed 2 second(s)

2019-04-22 14:06:23 - [TEST_STEP][PASSED] - waitForElementPresent(findTestObject("Regression Clinical Edge/CLINK-23509/Frequency/WeeklyLimit"), 50): Object 'Object Repository/Regression Clinical Edge/CLINK-23509/Frequency/WeeklyLimit' is present

2019-04-22 14:06:23 - [MESSAGE][PASSED] - Object 'Object Repository/Regression Clinical Edge/CLINK-23509/Frequency/WeeklyLimit' is present

2019-04-22 14:06:23 - [TEST_STEP][PASSED] - setText(findTestObject("Regression Clinical Edge/CLINK-23509/Frequency/WeeklyLimit"), "2"): Text '2' is set on object 'Object Repository/Regression Clinical Edge/CLINK-23509/Frequency/WeeklyLimit'

2019-04-22 14:06:24 - [MESSAGE][PASSED] - Text '2' is set on object 'Object Repository/Regression Clinical Edge/CLINK-23509/Frequency/WeeklyLimit'

2019-04-22 14:06:24 - [TEST_STEP][PASSED] - waitForElementPresent(findTestObject("Regression Clinical Edge/CLINK-23509/Frequency/button_OK"), 50): Object 'Object Repository/Regression Clinical Edge/CLINK-23509/Frequency/button_OK' is present

2019-04-22 14:06:24 - [MESSAGE][PASSED] - Object 'Object Repository/Regression Clinical Edge/CLINK-23509/Frequency/button_OK' is present

2019-04-22 14:06:24 - [TEST_STEP][PASSED] - click(findTestObject("Regression Clinical Edge/CLINK-23509/Frequency/button_OK")): Object: 'Object Repository/Regression Clinical Edge/CLINK-23509/Frequency/button_OK' is clicked on

2019-04-22 14:06:24 - [MESSAGE][PASSED] - Object: 'Object Repository/Regression Clinical Edge/CLINK-23509/Frequency/button_OK' is clicked on

2019-04-22 14:06:24 - [TEST_STEP][PASSED] - waitForPageLoad(50): Wait for page load successfully

2019-04-22 14:06:24 - [MESSAGE][PASSED] - Wait for page load successfully

2019-04-22 14:06:24 - [TEST_STEP][PASSED] - delay(2): Delayed 2 second(s)

2019-04-22 14:06:26 - [MESSAGE][PASSED] - Delayed 2 second(s)

2019-04-22 14:06:26 - [TEST_STEP][PASSED] - waitForPageLoad(50, CONTINUE_ON_FAILURE): Wait for page load successfully

2019-04-22 14:06:26 - [MESSAGE][PASSED] - Wait for page load successfully

2019-04-22 14:06:26 - [TEST_STEP][PASSED] - waitForElementPresent(findTestObject("Regression Clinical Edge/CLINK-23509/SaveBtn"), 50): Object 'Object Repository/Regression Clinical Edge/CLINK-23509/SaveBtn' is present

2019-04-22 14:06:26 - [MESSAGE][PASSED] - Object 'Object Repository/Regression Clinical Edge/CLINK-23509/SaveBtn' is present

2019-04-22 14:06:26 - [TEST_STEP][PASSED] - click(findTestObject("Regression Clinical Edge/CLINK-23509/SaveBtn")): Object: 'Object Repository/Regression Clinical Edge/CLINK-23509/SaveBtn' is clicked on

2019-04-22 14:06:26 - [MESSAGE][PASSED] - Object: 'Object Repository/Regression Clinical Edge/CLINK-23509/SaveBtn' is clicked on

2019-04-22 14:06:26 - [TEST_STEP][PASSED] - waitForPageLoad(50): Wait for page load successfully

2019-04-22 14:06:26 - [MESSAGE][PASSED] - Wait for page load successfully

2019-04-22 14:06:26 - [TEST_STEP][PASSED] - delay(10): Delayed 10 second(s)

2019-04-22 14:06:36 - [MESSAGE][PASSED] - Delayed 10 second(s)

2019-04-22 14:06:36 - [TEST_STEP][PASSED] - waitForElementPresent(findTestObject("Regression Clinical Edge/CLINK-23509/div_SignSubmit"), 50): Object 'Object Repository/Regression Clinical Edge/CLINK-23509/div_SignSubmit' is present

2019-04-22 14:06:36 - [MESSAGE][PASSED] - Object 'Object Repository/Regression Clinical Edge/CLINK-23509/div_SignSubmit' is present

2019-04-22 14:06:36 - [TEST_STEP][PASSED] - click(findTestObject("Regression Clinical Edge/CLINK-23509/div_SignSubmit")): Object: 'Object Repository/Regression Clinical Edge/CLINK-23509/div_SignSubmit' is clicked on

2019-04-22 14:06:36 - [MESSAGE][PASSED] - Object: 'Object Repository/Regression Clinical Edge/CLINK-23509/div_SignSubmit' is clicked on

2019-04-22 14:06:36 - [TEST_STEP][PASSED] - waitForPageLoad(50): Wait for page load successfully

2019-04-22 14:06:36 - [MESSAGE][PASSED] - Wait for page load successfully

2019-04-22 14:06:36 - [TEST_STEP][PASSED] - delay(8): Delayed 8 second(s)

2019-04-22 14:06:45 - [MESSAGE][PASSED] - Delayed 8 second(s)

2019-04-22 14:06:45 - [TEST_STEP][PASSED] - waitForElementPresent(findTestObject("Regression Clinical Edge/CLINK-23509/Question 22. Rehab Potential"), 50): Object 'Object Repository/Regression Clinical Edge/CLINK-23509/Question 22. Rehab Potential' is present

2019-04-22 14:06:45 - [MESSAGE][PASSED] - Object 'Object Repository/Regression Clinical Edge/CLINK-23509/Question 22. Rehab Potential' is present

2019-04-22 14:06:45 - [TEST_STEP][PASSED] - click(findTestObject("Regression Clinical Edge/CLINK-23509/Question 22. Rehab Potential")): Object: 'Object Repository/Regression Clinical Edge/CLINK-23509/Question 22. Rehab Potential' is clicked on

2019-04-22 14:06:49 - [MESSAGE][PASSED] - Object: 'Object Repository/Regression Clinical Edge/CLINK-23509/Question 22. Rehab Potential' is clicked on

2019-04-22 14:06:49 - [TEST_STEP][PASSED] - delay(5): Delayed 5 second(s)

2019-04-22 14:06:54 - [MESSAGE][PASSED] - Delayed 5 second(s)

2019-04-22 14:06:54 - [TEST_STEP][PASSED] - waitForElementPresent(findTestObject("Regression Clinical Edge/CLINK-23509/Rehabilitation Potential"), 50): Object 'Object Repository/Regression Clinical Edge/CLINK-23509/Rehabilitation Potential' is present

2019-04-22 14:06:54 - [MESSAGE][PASSED] - Object 'Object Repository/Regression Clinical Edge/CLINK-23509/Rehabilitation Potential' is present

2019-04-22 14:06:54 - [TEST_STEP][PASSED] - setText(findTestObject("Regression Clinical Edge/CLINK-23509/Rehabilitation Potential"), "Rehabilitation Potential"): Text 'Rehabilitation Potential' is set on object 'Object Repository/Regression Clinical Edge/CLINK-23509/Rehabilitation Potential'

2019-04-22 14:06:55 - [MESSAGE][PASSED] - Text 'Rehabilitation Potential' is set on object 'Object Repository/Regression Clinical Edge/CLINK-23509/Rehabilitation Potential'

2019-04-22 14:06:55 - [TEST_STEP][PASSED] - delay(5): Delayed 5 second(s)

2019-04-22 14:07:00 - [MESSAGE][PASSED] - Delayed 5 second(s)

2019-04-22 14:07:00 - [TEST_STEP][PASSED] - waitForElementPresent(findTestObject("Regression Clinical Edge/CLINK-23509/SaveBtn"), 50): Object 'Object Repository/Regression Clinical Edge/CLINK-23509/SaveBtn' is present

2019-04-22 14:07:00 - [MESSAGE][PASSED] - Object 'Object Repository/Regression Clinical Edge/CLINK-23509/SaveBtn' is present

2019-04-22 14:07:00 - [TEST_STEP][PASSED] - click(findTestObject("Regression Clinical Edge/CLINK-23509/SaveBtn")): Object: 'Object Repository/Regression Clinical Edge/CLINK-23509/SaveBtn' is clicked on

2019-04-22 14:07:00 - [MESSAGE][PASSED] - Object: 'Object Repository/Regression Clinical Edge/CLINK-23509/SaveBtn' is clicked on

2019-04-22 14:07:00 - [TEST_STEP][PASSED] - waitForPageLoad(50): Wait for page load successfully

2019-04-22 14:07:00 - [MESSAGE][PASSED] - Wait for page load successfully

2019-04-22 14:07:00 - [TEST_STEP][PASSED] - delay(10): Delayed 10 second(s)

2019-04-22 14:07:10 - [MESSAGE][PASSED] - Delayed 10 second(s)

2019-04-22 14:07:10 - [TEST_STEP][PASSED] - waitForElementPresent(findTestObject("Regression Clinical Edge/CLINK-23509/div_SignSubmit"), 50): Object 'Object Repository/Regression Clinical Edge/CLINK-23509/div_SignSubmit' is present

2019-04-22 14:07:10 - [MESSAGE][PASSED] - Object 'Object Repository/Regression Clinical Edge/CLINK-23509/div_SignSubmit' is present

2019-04-22 14:07:10 - [TEST_STEP][PASSED] - click(findTestObject("Regression Clinical Edge/CLINK-23509/div_SignSubmit")): Object: 'Object Repository/Regression Clinical Edge/CLINK-23509/div_SignSubmit' is clicked on

2019-04-22 14:07:10 - [MESSAGE][PASSED] - Object: 'Object Repository/Regression Clinical Edge/CLINK-23509/div_SignSubmit' is clicked on

2019-04-22 14:07:10 - [TEST_STEP][PASSED] - waitForPageLoad(50): Wait for page load successfully

2019-04-22 14:07:10 - [MESSAGE][PASSED] - Wait for page load successfully

2019-04-22 14:07:10 - [TEST_STEP][PASSED] - delay(3): Delayed 3 second(s)

2019-04-22 14:07:13 - [MESSAGE][PASSED] - Delayed 3 second(s)

2019-04-22 14:07:13 - [TEST_STEP][PASSED] - waitForElementPresent(findTestObject("Regression Clinical Edge/CLINK-23509/Signature"), 50): Object 'Object Repository/Regression Clinical Edge/CLINK-23509/Signature' is present

2019-04-22 14:07:13 - [MESSAGE][PASSED] - Object 'Object Repository/Regression Clinical Edge/CLINK-23509/Signature' is present

2019-04-22 14:07:13 - [TEST_STEP][PASSED] - setText(findTestObject("Regression Clinical Edge/CLINK-23509/Signature"), G_Password): Text 'qwerty' is set on object 'Object Repository/Regression Clinical Edge/CLINK-23509/Signature'

2019-04-22 14:07:14 - [MESSAGE][PASSED] - Text 'qwerty' is set on object 'Object Repository/Regression Clinical Edge/CLINK-23509/Signature'

2019-04-22 14:07:14 - [TEST_STEP][PASSED] - delay(2): Delayed 2 second(s)

2019-04-22 14:07:16 - [MESSAGE][PASSED] - Delayed 2 second(s)

2019-04-22 14:07:16 - [TEST_STEP][PASSED] - waitForElementPresent(findTestObject("Regression Clinical Edge/CLINK-23509/OkSignature"), 50): Object 'Object Repository/Regression Clinical Edge/CLINK-23509/OkSignature' is present

2019-04-22 14:07:16 - [MESSAGE][PASSED] - Object 'Object Repository/Regression Clinical Edge/CLINK-23509/OkSignature' is present

2019-04-22 14:07:16 - [TEST_STEP][PASSED] - click(findTestObject("Regression Clinical Edge/CLINK-23509/OkSignature"), CONTINUE_ON_FAILURE): Object: 'Object Repository/Regression Clinical Edge/CLINK-23509/OkSignature' is clicked on

2019-04-22 14:07:16 - [MESSAGE][PASSED] - Object: 'Object Repository/Regression Clinical Edge/CLINK-23509/OkSignature' is clicked on

2019-04-22 14:07:16 - [TEST_STEP][PASSED] - delay(2): Delayed 2 second(s)

2019-04-22 14:07:18 - [MESSAGE][PASSED] - Delayed 2 second(s)]]></system-out>
         <system-err><![CDATA[]]></system-err>
      </testcase>
      <system-out><![CDATA[2019-04-22 13:59:05 - [TEST_SUITE][PASSED] - POC: Test Cases/Regression Clinical Edge (All Browsers)/CLNK-23509 - Clinical Edge - POC - Sign and Submit]]></system-out>
      <system-err><![CDATA[]]></system-err>
   </testsuite>
</testsuites>
