<?xml version="1.0" encoding="UTF-8" standalone="yes"?>
<testsuites name="Regression BackOffice" time="4603" tests="31" failures="0" errors="0">
    <testsuite name="Regression BackOffice" tests="31" failures="0" errors="0" time="4603" timestamp="2019-09-23 10:39:13" hostname="isaac - DESKTOP-BPONDF2" id="Test Suites/Regression BackOffice/Regression BackOffice">
        <properties>
            <property name="deviceName" value=""/>
            <property name="devicePlatform" value=""/>
            <property name="logFolder" value="C:\\Users\\isaac\\Desktop\\Clientes\\ProcuraCanada\\Katalon Studio\\Continulink\\Reports\\20190923_103834\\Regression BackOffice\\Regression BackOffice\\20190923_103906"/>
            <property name="logFiles" value="C:\\Users\\isaac\\Desktop\\Clientes\\ProcuraCanada\\Katalon Studio\\Continulink\\Reports\\20190923_103834\\Regression BackOffice\\Regression BackOffice\\20190923_103906\\execution0.log"/>
            <property name="attachments" value="C:\\Users\\isaac\\Desktop\\Clientes\\ProcuraCanada\\Katalon Studio\\Continulink\\Reports\\20190923_103834\\Regression BackOffice\\Regression BackOffice\\20190923_103906\\1569247362959.png, C:\\Users\\isaac\\Desktop\\Clientes\\ProcuraCanada\\Katalon Studio\\Continulink\\Reports\\20190923_103834\\Regression BackOffice\\Regression BackOffice\\20190923_103906\\1569247563341.png, C:\\Users\\isaac\\Desktop\\Clientes\\ProcuraCanada\\Katalon Studio\\Continulink\\Reports\\20190923_103834\\Regression BackOffice\\Regression BackOffice\\20190923_103906\\1569247565992.png, C:\\Users\\isaac\\Desktop\\Clientes\\ProcuraCanada\\Katalon Studio\\Continulink\\Reports\\20190923_103834\\Regression BackOffice\\Regression BackOffice\\20190923_103906\\1569248171437.png, C:\\Users\\isaac\\Desktop\\Clientes\\ProcuraCanada\\Katalon Studio\\Continulink\\Reports\\20190923_103834\\Regression BackOffice\\Regression BackOffice\\20190923_103906\\1569248229467.png, C:\\Users\\isaac\\Desktop\\Clientes\\ProcuraCanada\\Katalon Studio\\Continulink\\Reports\\20190923_103834\\Regression BackOffice\\Regression BackOffice\\20190923_103906\\1569248263597.png, C:\\Users\\isaac\\Desktop\\Clientes\\ProcuraCanada\\Katalon Studio\\Continulink\\Reports\\20190923_103834\\Regression BackOffice\\Regression BackOffice\\20190923_103906\\1569248340651.png, C:\\Users\\isaac\\Desktop\\Clientes\\ProcuraCanada\\Katalon Studio\\Continulink\\Reports\\20190923_103834\\Regression BackOffice\\Regression BackOffice\\20190923_103906\\1569248341361.png, C:\\Users\\isaac\\Desktop\\Clientes\\ProcuraCanada\\Katalon Studio\\Continulink\\Reports\\20190923_103834\\Regression BackOffice\\Regression BackOffice\\20190923_103906\\1569248341916.png, C:\\Users\\isaac\\Desktop\\Clientes\\ProcuraCanada\\Katalon Studio\\Continulink\\Reports\\20190923_103834\\Regression BackOffice\\Regression BackOffice\\20190923_103906\\1569248342414.png, C:\\Users\\isaac\\Desktop\\Clientes\\ProcuraCanada\\Katalon Studio\\Continulink\\Reports\\20190923_103834\\Regression BackOffice\\Regression BackOffice\\20190923_103906\\1569248347994.png, C:\\Users\\isaac\\Desktop\\Clientes\\ProcuraCanada\\Katalon Studio\\Continulink\\Reports\\20190923_103834\\Regression BackOffice\\Regression BackOffice\\20190923_103906\\1569248656712.png, C:\\Users\\isaac\\Desktop\\Clientes\\ProcuraCanada\\Katalon Studio\\Continulink\\Reports\\20190923_103834\\Regression BackOffice\\Regression BackOffice\\20190923_103906\\1569249363311.png, C:\\Users\\isaac\\Desktop\\Clientes\\ProcuraCanada\\Katalon Studio\\Continulink\\Reports\\20190923_103834\\Regression BackOffice\\Regression BackOffice\\20190923_103906\\1569249452260.png, C:\\Users\\isaac\\Desktop\\Clientes\\ProcuraCanada\\Katalon Studio\\Continulink\\Reports\\20190923_103834\\Regression BackOffice\\Regression BackOffice\\20190923_103906\\1569249483328.png, C:\\Users\\isaac\\Desktop\\Clientes\\ProcuraCanada\\Katalon Studio\\Continulink\\Reports\\20190923_103834\\Regression BackOffice\\Regression BackOffice\\20190923_103906\\1569249516356.png, C:\\Users\\isaac\\Desktop\\Clientes\\ProcuraCanada\\Katalon Studio\\Continulink\\Reports\\20190923_103834\\Regression BackOffice\\Regression BackOffice\\20190923_103906\\1569249637592.png, C:\\Users\\isaac\\Desktop\\Clientes\\ProcuraCanada\\Katalon Studio\\Continulink\\Reports\\20190923_103834\\Regression BackOffice\\Regression BackOffice\\20190923_103906\\1569249649356.png, C:\\Users\\isaac\\Desktop\\Clientes\\ProcuraCanada\\Katalon Studio\\Continulink\\Reports\\20190923_103834\\Regression BackOffice\\Regression BackOffice\\20190923_103906\\1569250394219.png, C:\\Users\\isaac\\Desktop\\Clientes\\ProcuraCanada\\Katalon Studio\\Continulink\\Reports\\20190923_103834\\Regression BackOffice\\Regression BackOffice\\20190923_103906\\1569250425496.png, C:\\Users\\isaac\\Desktop\\Clientes\\ProcuraCanada\\Katalon Studio\\Continulink\\Reports\\20190923_103834\\Regression BackOffice\\Regression BackOffice\\20190923_103906\\1569250458611.png"/>
            <property name="hostName" value="isaac - DESKTOP-BPONDF2"/>
            <property name="os" value="Windows 10 64bit"/>
            <property name="katalonVersion" value="6.3.2.1"/>
            <property name="browser" value="Chrome 76.0.3809.132"/>
            <property name="hostAddress" value="192.168.0.121"/>
            <property name="sessionId" value="199c0489382b26a4293f0e76d19cfb6b"/>
            <property name="seleniumVersion" value="3.141.59"/>
            <property name="proxyInformation" value="ProxyInformation{proxyOption=NO_PROXY, proxyServerType=HTTP, password=, proxyServerAddress=, proxyServerPort=0}"/>
            <property name="platform" value="Windows 10"/>
        </properties>
        <testcase name="Test Cases/Regression BackOffice (All Browsers)/CLNK-23449 - Quick Intake Wizard" classname="Test Cases/Regression BackOffice (All Browsers)/CLNK-23449 - Quick Intake Wizard" status="PASSED">
            <system-out>2019-09-23 10:39:13 - [TEST_CASE][PASSED] - Test Cases/Regression BackOffice (All Browsers)/CLNK-23449 - Quick Intake Wizard: Test Cases/Regression BackOffice (All Browsers)/CLNK-23449 - Quick Intake Wizard&#xD;
&#xD;
2019-09-23 10:39:15 - [TEST_STEP][PASSED] - callTestCase(findTestCase("Regression BackOffice (All Browsers)/CLNK-23439 - Clink - Back office Client"), [:], STOP_ON_FAILURE): Call Test Case 'Test Cases/Regression BackOffice (All Browsers)/CLNK-23439 - Clink - Back office Client' successfully&#xD;
&#xD;
2019-09-23 10:39:15 - [TEST_CASE][PASSED] - Test Cases/Regression BackOffice (All Browsers)/CLNK-23439 - Clink - Back office Client: Test Cases/Regression BackOffice (All Browsers)/CLNK-23439 - Clink - Back office Client&#xD;
&#xD;
2019-09-23 10:39:16 - [TEST_STEP][PASSED] - deleteAllCookies(): Delete all cookies successfully&#xD;
&#xD;
2019-09-23 10:39:16 - [MESSAGE][WARNING] - Cannot delete cookies because browser is closed&#xD;
&#xD;
2019-09-23 10:39:16 - [MESSAGE][PASSED] - Delete all cookies successfully&#xD;
&#xD;
2019-09-23 10:39:16 - [TEST_STEP][PASSED] - openBrowser(G_SiteBackOffice): Browser is opened with url: 'https://qanewpoc.continulink.com:8443/Backoffice/'&#xD;
&#xD;
2019-09-23 10:39:17 - [MESSAGE][INFO] - Starting 'Chrome' driver&#xD;
&#xD;
2019-09-23 10:39:17 - [MESSAGE][INFO] - Action delay is set to 0 seconds&#xD;
&#xD;
2019-09-23 10:39:29 - [MESSAGE][PASSED] - Browser is opened with url: 'https://qanewpoc.continulink.com:8443/Backoffice/'&#xD;
&#xD;
2019-09-23 10:39:29 - [TEST_STEP][PASSED] - waitForPageLoad(60): Wait for page load successfully&#xD;
&#xD;
2019-09-23 10:39:29 - [MESSAGE][PASSED] - Wait for page load successfully&#xD;
&#xD;
2019-09-23 10:39:29 - [TEST_STEP][PASSED] - maximizeWindow(): Current window maximized&#xD;
&#xD;
2019-09-23 10:39:33 - [MESSAGE][PASSED] - Current window maximized&#xD;
&#xD;
2019-09-23 10:39:33 - [TEST_STEP][PASSED] - setText(findTestObject("Regression BackOffice/Login/UserBackOffice"), G_UserBackOffice): Text 'automation_admin' is set on object 'Object Repository/Regression BackOffice/Login/UserBackOffice'&#xD;
&#xD;
2019-09-23 10:39:34 - [MESSAGE][PASSED] - Text 'automation_admin' is set on object 'Object Repository/Regression BackOffice/Login/UserBackOffice'&#xD;
&#xD;
2019-09-23 10:39:34 - [TEST_STEP][PASSED] - setText(findTestObject("Regression BackOffice/Login/PasswordBackOffice"), G_PasswordBackOffice): Text 'qwerty' is set on object 'Object Repository/Regression BackOffice/Login/PasswordBackOffice'&#xD;
&#xD;
2019-09-23 10:39:34 - [MESSAGE][PASSED] - Text 'qwerty' is set on object 'Object Repository/Regression BackOffice/Login/PasswordBackOffice'&#xD;
&#xD;
2019-09-23 10:39:34 - [TEST_STEP][PASSED] - click(findTestObject("Regression BackOffice/Login/LoginBackOffice")): Object: 'Object Repository/Regression BackOffice/Login/LoginBackOffice' is clicked on&#xD;
&#xD;
2019-09-23 10:39:52 - [MESSAGE][PASSED] - Object: 'Object Repository/Regression BackOffice/Login/LoginBackOffice' is clicked on&#xD;
&#xD;
2019-09-23 10:39:52 - [TEST_STEP][PASSED] - waitForPageLoad(60): Wait for page load successfully&#xD;
&#xD;
2019-09-23 10:39:52 - [MESSAGE][PASSED] - Wait for page load successfully&#xD;
&#xD;
2019-09-23 10:39:52 - [TEST_STEP][PASSED] - delay(2): Delayed 2 second(s)&#xD;
&#xD;
2019-09-23 10:39:54 - [MESSAGE][PASSED] - Delayed 2 second(s)&#xD;
&#xD;
2019-09-23 10:39:54 - [TEST_STEP][PASSED] - switchToFrame(findTestObject("Regression BackOffice/CLINK-Frames/FrameFrameLeft"), 5, STOP_ON_FAILURE): null&#xD;
&#xD;
2019-09-23 10:39:54 - [TEST_STEP][PASSED] - delay(2): Delayed 2 second(s)&#xD;
&#xD;
2019-09-23 10:39:56 - [MESSAGE][PASSED] - Delayed 2 second(s)&#xD;
&#xD;
2019-09-23 10:39:56 - [TEST_STEP][PASSED] - waitForElementPresent(findTestObject("Regression BackOffice/CLINK-Frames/ClientIntake"), 50): Object 'Object Repository/Regression BackOffice/CLINK-Frames/ClientIntake' is present&#xD;
&#xD;
2019-09-23 10:39:56 - [MESSAGE][PASSED] - Object 'Object Repository/Regression BackOffice/CLINK-Frames/ClientIntake' is present&#xD;
&#xD;
2019-09-23 10:39:56 - [TEST_STEP][PASSED] - verifyElementPresent(findTestObject("Regression BackOffice/CLINK-Frames/ClientIntake"), 100, STOP_ON_FAILURE): Object 'Object Repository/Regression BackOffice/CLINK-Frames/ClientIntake' is present&#xD;
&#xD;
2019-09-23 10:39:57 - [MESSAGE][PASSED] - Object 'Object Repository/Regression BackOffice/CLINK-Frames/ClientIntake' is present&#xD;
&#xD;
2019-09-23 10:39:57 - [TEST_STEP][PASSED] - switchToDefaultContent(): null&#xD;
&#xD;
2019-09-23 10:39:57 - [MESSAGE][PASSED] - Call Test Case 'Test Cases/Regression BackOffice (All Browsers)/CLNK-23439 - Clink - Back office Client' successfully&#xD;
&#xD;
2019-09-23 10:39:57 - [TEST_STEP][PASSED] - waitForPageLoad(60): Wait for page load successfully&#xD;
&#xD;
2019-09-23 10:39:57 - [MESSAGE][PASSED] - Wait for page load successfully&#xD;
&#xD;
2019-09-23 10:39:57 - [TEST_STEP][PASSED] - delay(3): Delayed 3 second(s)&#xD;
&#xD;
2019-09-23 10:40:00 - [MESSAGE][PASSED] - Delayed 3 second(s)&#xD;
&#xD;
2019-09-23 10:40:00 - [TEST_STEP][PASSED] - switchToFrame(findTestObject("Regression BackOffice/CLNK-23449/FrameLeft"), 30): null&#xD;
&#xD;
2019-09-23 10:40:00 - [TEST_STEP][PASSED] - waitForElementPresent(findTestObject("Regression BackOffice/CLNK-23449/ClienIntakeICon"), 100): Object 'Object Repository/Regression BackOffice/CLNK-23449/ClienIntakeICon' is present&#xD;
&#xD;
2019-09-23 10:40:00 - [MESSAGE][PASSED] - Object 'Object Repository/Regression BackOffice/CLNK-23449/ClienIntakeICon' is present&#xD;
&#xD;
2019-09-23 10:40:00 - [TEST_STEP][PASSED] - click(findTestObject("Regression BackOffice/CLNK-23449/ClienIntakeICon")): Object: 'Object Repository/Regression BackOffice/CLNK-23449/ClienIntakeICon' is clicked on&#xD;
&#xD;
2019-09-23 10:40:00 - [MESSAGE][PASSED] - Object: 'Object Repository/Regression BackOffice/CLNK-23449/ClienIntakeICon' is clicked on&#xD;
&#xD;
2019-09-23 10:40:00 - [TEST_STEP][PASSED] - delay(2): Delayed 2 second(s)&#xD;
&#xD;
2019-09-23 10:40:02 - [MESSAGE][PASSED] - Delayed 2 second(s)&#xD;
&#xD;
2019-09-23 10:40:02 - [TEST_STEP][PASSED] - waitForPageLoad(50): Wait for page load successfully&#xD;
&#xD;
2019-09-23 10:40:02 - [MESSAGE][PASSED] - Wait for page load successfully&#xD;
&#xD;
2019-09-23 10:40:02 - [TEST_STEP][PASSED] - waitForElementPresent(findTestObject("Regression BackOffice/CLNK-23449/Quick Intake Wizard Link"), 50): Object 'Object Repository/Regression BackOffice/CLNK-23449/Quick Intake Wizard Link' is present&#xD;
&#xD;
2019-09-23 10:40:02 - [MESSAGE][PASSED] - Object 'Object Repository/Regression BackOffice/CLNK-23449/Quick Intake Wizard Link' is present&#xD;
&#xD;
2019-09-23 10:40:02 - [TEST_STEP][PASSED] - click(findTestObject("Regression BackOffice/CLNK-23449/Quick Intake Wizard Link")): Object: 'Object Repository/Regression BackOffice/CLNK-23449/Quick Intake Wizard Link' is clicked on&#xD;
&#xD;
2019-09-23 10:40:11 - [MESSAGE][PASSED] - Object: 'Object Repository/Regression BackOffice/CLNK-23449/Quick Intake Wizard Link' is clicked on&#xD;
&#xD;
2019-09-23 10:40:11 - [TEST_STEP][PASSED] - delay(2): Delayed 2 second(s)&#xD;
&#xD;
2019-09-23 10:40:13 - [MESSAGE][PASSED] - Delayed 2 second(s)&#xD;
&#xD;
2019-09-23 10:40:13 - [TEST_STEP][PASSED] - switchToDefaultContent(): null&#xD;
&#xD;
2019-09-23 10:40:13 - [TEST_STEP][PASSED] - switchToFrame(findTestObject("Regression BackOffice/CLNK-23449/FrameMain"), 30): null&#xD;
&#xD;
2019-09-23 10:40:13 - [TEST_STEP][PASSED] - waitForElementPresent(findTestObject("Regression BackOffice/CLNK-23449/New Referral Button"), 50): Object 'Object Repository/Regression BackOffice/CLNK-23449/New Referral Button' is present&#xD;
&#xD;
2019-09-23 10:40:13 - [MESSAGE][PASSED] - Object 'Object Repository/Regression BackOffice/CLNK-23449/New Referral Button' is present&#xD;
&#xD;
2019-09-23 10:40:13 - [TEST_STEP][PASSED] - click(findTestObject("Regression BackOffice/CLNK-23449/New Referral Button")): Object: 'Object Repository/Regression BackOffice/CLNK-23449/New Referral Button' is clicked on&#xD;
&#xD;
2019-09-23 10:40:14 - [MESSAGE][PASSED] - Object: 'Object Repository/Regression BackOffice/CLNK-23449/New Referral Button' is clicked on&#xD;
&#xD;
2019-09-23 10:40:14 - [TEST_STEP][PASSED] - waitForPageLoad(50): Wait for page load successfully&#xD;
&#xD;
2019-09-23 10:40:14 - [MESSAGE][PASSED] - Wait for page load successfully&#xD;
&#xD;
2019-09-23 10:40:14 - [TEST_STEP][PASSED] - delay(2): Delayed 2 second(s)&#xD;
&#xD;
2019-09-23 10:40:16 - [MESSAGE][PASSED] - Delayed 2 second(s)&#xD;
&#xD;
2019-09-23 10:40:16 - [TEST_STEP][PASSED] - waitForElementPresent(findTestObject("Regression BackOffice/CLNK-23449/ReferralDate"), 50): Object 'Object Repository/Regression BackOffice/CLNK-23449/ReferralDate' is present&#xD;
&#xD;
2019-09-23 10:40:16 - [MESSAGE][PASSED] - Object 'Object Repository/Regression BackOffice/CLNK-23449/ReferralDate' is present&#xD;
&#xD;
2019-09-23 10:40:16 - [TEST_STEP][PASSED] - setText(findTestObject("Regression BackOffice/CLNK-23449/ReferralDate"), G_Date): Text '07/01/2019' is set on object 'Object Repository/Regression BackOffice/CLNK-23449/ReferralDate'&#xD;
&#xD;
2019-09-23 10:40:16 - [MESSAGE][PASSED] - Text '07/01/2019' is set on object 'Object Repository/Regression BackOffice/CLNK-23449/ReferralDate'&#xD;
&#xD;
2019-09-23 10:40:16 - [TEST_STEP][PASSED] - delay(2): Delayed 2 second(s)&#xD;
&#xD;
2019-09-23 10:40:18 - [MESSAGE][PASSED] - Delayed 2 second(s)&#xD;
&#xD;
2019-09-23 10:40:18 - [TEST_STEP][PASSED] - waitForElementPresent(findTestObject("Regression BackOffice/CLNK-23449/ReferralType"), 50): Object 'Object Repository/Regression BackOffice/CLNK-23449/ReferralType' is present&#xD;
&#xD;
2019-09-23 10:40:18 - [MESSAGE][PASSED] - Object 'Object Repository/Regression BackOffice/CLNK-23449/ReferralType' is present&#xD;
&#xD;
2019-09-23 10:40:18 - [TEST_STEP][PASSED] - focus(findTestObject("Regression BackOffice/CLNK-23449/ReferralType")): Object: 'Object Repository/Regression BackOffice/CLNK-23449/ReferralType' is focused&#xD;
&#xD;
2019-09-23 10:40:18 - [MESSAGE][PASSED] - Object: 'Object Repository/Regression BackOffice/CLNK-23449/ReferralType' is focused&#xD;
&#xD;
2019-09-23 10:40:18 - [TEST_STEP][PASSED] - click(findTestObject("Regression BackOffice/CLNK-23449/ReferralType")): Object: 'Object Repository/Regression BackOffice/CLNK-23449/ReferralType' is clicked on&#xD;
&#xD;
2019-09-23 10:40:19 - [MESSAGE][PASSED] - Object: 'Object Repository/Regression BackOffice/CLNK-23449/ReferralType' is clicked on&#xD;
&#xD;
2019-09-23 10:40:19 - [TEST_STEP][PASSED] - delay(2): Delayed 2 second(s)&#xD;
&#xD;
2019-09-23 10:40:21 - [MESSAGE][PASSED] - Delayed 2 second(s)&#xD;
&#xD;
2019-09-23 10:40:21 - [TEST_STEP][PASSED] - sendKeys(findTestObject("Regression BackOffice/CLNK-23449/ReferralType"), Keys.chord(ARROW_DOWN, ENTER)): Keys 'DOWN + ENTER + ' sent to object: 'Object Repository/Regression BackOffice/CLNK-23449/ReferralType'&#xD;
&#xD;
2019-09-23 10:40:21 - [MESSAGE][PASSED] - Keys 'DOWN + ENTER + ' sent to object: 'Object Repository/Regression BackOffice/CLNK-23449/ReferralType'&#xD;
&#xD;
2019-09-23 10:40:21 - [TEST_STEP][PASSED] - ReferralType = getText(findTestObject("Regression BackOffice/CLNK-23449/ReferralType - Option2")): Text of object 'Object Repository/Regression BackOffice/CLNK-23449/ReferralType - Option2' is: 'Case Manager -Medicaid'&#xD;
&#xD;
2019-09-23 10:40:21 - [MESSAGE][PASSED] - Text of object 'Object Repository/Regression BackOffice/CLNK-23449/ReferralType - Option2' is: 'Case Manager -Medicaid'&#xD;
&#xD;
2019-09-23 10:40:21 - [TEST_STEP][PASSED] - println(ReferralType): null&#xD;
&#xD;
2019-09-23 10:40:21 - [TEST_STEP][PASSED] - delay(3): Delayed 3 second(s)&#xD;
&#xD;
2019-09-23 10:40:24 - [MESSAGE][PASSED] - Delayed 3 second(s)&#xD;
&#xD;
2019-09-23 10:40:24 - [TEST_STEP][PASSED] - waitForElementPresent(findTestObject("Regression BackOffice/CLNK-23449/ReferralSourcePerson"), 50): Object 'Object Repository/Regression BackOffice/CLNK-23449/ReferralSourcePerson' is present&#xD;
&#xD;
2019-09-23 10:40:24 - [MESSAGE][PASSED] - Object 'Object Repository/Regression BackOffice/CLNK-23449/ReferralSourcePerson' is present&#xD;
&#xD;
2019-09-23 10:40:24 - [TEST_STEP][PASSED] - setText(findTestObject("Regression BackOffice/CLNK-23449/ReferralSourcePerson"), G_ReferralSourcePerson): Text 'Lyudmila Kaskov' is set on object 'Object Repository/Regression BackOffice/CLNK-23449/ReferralSourcePerson'&#xD;
&#xD;
2019-09-23 10:40:24 - [MESSAGE][PASSED] - Text 'Lyudmila Kaskov' is set on object 'Object Repository/Regression BackOffice/CLNK-23449/ReferralSourcePerson'&#xD;
&#xD;
2019-09-23 10:40:24 - [TEST_STEP][PASSED] - delay(2): Delayed 2 second(s)&#xD;
&#xD;
2019-09-23 10:40:26 - [MESSAGE][PASSED] - Delayed 2 second(s)&#xD;
&#xD;
2019-09-23 10:40:26 - [TEST_STEP][PASSED] - waitForElementPresent(findTestObject("Regression BackOffice/CLNK-23449/ClientFirstName"), 50): Object 'Object Repository/Regression BackOffice/CLNK-23449/ClientFirstName' is present&#xD;
&#xD;
2019-09-23 10:40:26 - [MESSAGE][PASSED] - Object 'Object Repository/Regression BackOffice/CLNK-23449/ClientFirstName' is present&#xD;
&#xD;
2019-09-23 10:40:26 - [TEST_STEP][PASSED] - setText(findTestObject("Regression BackOffice/CLNK-23449/ClientFirstName"), G_ClientFirstName): Text 'Danielo' is set on object 'Object Repository/Regression BackOffice/CLNK-23449/ClientFirstName'&#xD;
&#xD;
2019-09-23 10:40:27 - [MESSAGE][PASSED] - Text 'Danielo' is set on object 'Object Repository/Regression BackOffice/CLNK-23449/ClientFirstName'&#xD;
&#xD;
2019-09-23 10:40:27 - [TEST_STEP][PASSED] - delay(2): Delayed 2 second(s)&#xD;
&#xD;
2019-09-23 10:40:29 - [MESSAGE][PASSED] - Delayed 2 second(s)&#xD;
&#xD;
2019-09-23 10:40:29 - [TEST_STEP][PASSED] - waitForElementPresent(findTestObject("Regression BackOffice/CLNK-23449/ClientMiddle"), 50): Object 'Object Repository/Regression BackOffice/CLNK-23449/ClientMiddle' is present&#xD;
&#xD;
2019-09-23 10:40:29 - [MESSAGE][PASSED] - Object 'Object Repository/Regression BackOffice/CLNK-23449/ClientMiddle' is present&#xD;
&#xD;
2019-09-23 10:40:29 - [TEST_STEP][PASSED] - setText(findTestObject("Regression BackOffice/CLNK-23449/ClientMiddle"), G_ClientMiddleName): Text 'L' is set on object 'Object Repository/Regression BackOffice/CLNK-23449/ClientMiddle'&#xD;
&#xD;
2019-09-23 10:40:29 - [MESSAGE][PASSED] - Text 'L' is set on object 'Object Repository/Regression BackOffice/CLNK-23449/ClientMiddle'&#xD;
&#xD;
2019-09-23 10:40:29 - [TEST_STEP][PASSED] - delay(2): Delayed 2 second(s)&#xD;
&#xD;
2019-09-23 10:40:31 - [MESSAGE][PASSED] - Delayed 2 second(s)&#xD;
&#xD;
2019-09-23 10:40:31 - [TEST_STEP][PASSED] - waitForElementPresent(findTestObject("Regression BackOffice/CLNK-23449/ClientLastName"), 50): Object 'Object Repository/Regression BackOffice/CLNK-23449/ClientLastName' is present&#xD;
&#xD;
2019-09-23 10:40:31 - [MESSAGE][PASSED] - Object 'Object Repository/Regression BackOffice/CLNK-23449/ClientLastName' is present&#xD;
&#xD;
2019-09-23 10:40:31 - [TEST_STEP][PASSED] - setText(findTestObject("Regression BackOffice/CLNK-23449/ClientLastName"), G_ClientLastName): Text 'Danielisky' is set on object 'Object Repository/Regression BackOffice/CLNK-23449/ClientLastName'&#xD;
&#xD;
2019-09-23 10:40:32 - [MESSAGE][PASSED] - Text 'Danielisky' is set on object 'Object Repository/Regression BackOffice/CLNK-23449/ClientLastName'&#xD;
&#xD;
2019-09-23 10:40:32 - [TEST_STEP][PASSED] - delay(2): Delayed 2 second(s)&#xD;
&#xD;
2019-09-23 10:40:34 - [MESSAGE][PASSED] - Delayed 2 second(s)&#xD;
&#xD;
2019-09-23 10:40:34 - [TEST_STEP][PASSED] - waitForElementPresent(findTestObject("Regression BackOffice/CLNK-23449/FollowUpCallBack"), 50): Object 'Object Repository/Regression BackOffice/CLNK-23449/FollowUpCallBack' is present&#xD;
&#xD;
2019-09-23 10:40:34 - [MESSAGE][PASSED] - Object 'Object Repository/Regression BackOffice/CLNK-23449/FollowUpCallBack' is present&#xD;
&#xD;
2019-09-23 10:40:34 - [TEST_STEP][PASSED] - setText(findTestObject("Regression BackOffice/CLNK-23449/FollowUpCallBack"), "1"): Text '1' is set on object 'Object Repository/Regression BackOffice/CLNK-23449/FollowUpCallBack'&#xD;
&#xD;
2019-09-23 10:40:34 - [MESSAGE][PASSED] - Text '1' is set on object 'Object Repository/Regression BackOffice/CLNK-23449/FollowUpCallBack'&#xD;
&#xD;
2019-09-23 10:40:34 - [TEST_STEP][PASSED] - delay(2): Delayed 2 second(s)&#xD;
&#xD;
2019-09-23 10:40:36 - [MESSAGE][PASSED] - Delayed 2 second(s)&#xD;
&#xD;
2019-09-23 10:40:36 - [TEST_STEP][PASSED] - waitForElementPresent(findTestObject("Regression BackOffice/CLNK-23449/FUCDPlus"), 50): Object 'Object Repository/Regression BackOffice/CLNK-23449/FUCDPlus' is present&#xD;
&#xD;
2019-09-23 10:40:36 - [MESSAGE][PASSED] - Object 'Object Repository/Regression BackOffice/CLNK-23449/FUCDPlus' is present&#xD;
&#xD;
2019-09-23 10:40:36 - [TEST_STEP][PASSED] - click(findTestObject("Regression BackOffice/CLNK-23449/FUCDPlus"), CONTINUE_ON_FAILURE): Object: 'Object Repository/Regression BackOffice/CLNK-23449/FUCDPlus' is clicked on&#xD;
&#xD;
2019-09-23 10:40:36 - [MESSAGE][PASSED] - Object: 'Object Repository/Regression BackOffice/CLNK-23449/FUCDPlus' is clicked on&#xD;
&#xD;
2019-09-23 10:40:36 - [TEST_STEP][PASSED] - delay(2): Delayed 2 second(s)&#xD;
&#xD;
2019-09-23 10:40:38 - [MESSAGE][PASSED] - Delayed 2 second(s)&#xD;
&#xD;
2019-09-23 10:40:38 - [TEST_STEP][PASSED] - CallBack = getText(findTestObject("Regression BackOffice/CLNK-23449/CallBack")): Text of object 'Object Repository/Regression BackOffice/CLNK-23449/CallBack' is: 'Call Back on Tue, 07/02/2019 (1 days)'&#xD;
&#xD;
2019-09-23 10:40:38 - [MESSAGE][PASSED] - Text of object 'Object Repository/Regression BackOffice/CLNK-23449/CallBack' is: 'Call Back on Tue, 07/02/2019 (1 days)'&#xD;
&#xD;
2019-09-23 10:40:38 - [TEST_STEP][PASSED] - println(CallBack): null&#xD;
&#xD;
2019-09-23 10:40:38 - [TEST_STEP][PASSED] - delay(2): Delayed 2 second(s)&#xD;
&#xD;
2019-09-23 10:40:40 - [MESSAGE][PASSED] - Delayed 2 second(s)&#xD;
&#xD;
2019-09-23 10:40:40 - [TEST_STEP][PASSED] - waitForElementPresent(findTestObject("Regression BackOffice/CLNK-23449/PhysicianName"), 50): Object 'Object Repository/Regression BackOffice/CLNK-23449/PhysicianName' is present&#xD;
&#xD;
2019-09-23 10:40:40 - [MESSAGE][PASSED] - Object 'Object Repository/Regression BackOffice/CLNK-23449/PhysicianName' is present&#xD;
&#xD;
2019-09-23 10:40:40 - [TEST_STEP][PASSED] - PhysicianName = "CYNTHIA ABBOTT-JONES": null&#xD;
&#xD;
2019-09-23 10:40:40 - [TEST_STEP][PASSED] - click(findTestObject("Regression BackOffice/CLNK-23449/PhysicianName")): Object: 'Object Repository/Regression BackOffice/CLNK-23449/PhysicianName' is clicked on&#xD;
&#xD;
2019-09-23 10:40:40 - [MESSAGE][PASSED] - Object: 'Object Repository/Regression BackOffice/CLNK-23449/PhysicianName' is clicked on&#xD;
&#xD;
2019-09-23 10:40:40 - [TEST_STEP][PASSED] - delay(2): Delayed 2 second(s)&#xD;
&#xD;
2019-09-23 10:40:42 - [MESSAGE][PASSED] - Delayed 2 second(s)&#xD;
&#xD;
2019-09-23 10:40:42 - [TEST_STEP][PASSED] - setText(findTestObject("Regression BackOffice/CLNK-23449/PhysicianName"), G_PhisicanName): Text 'Abbott' is set on object 'Object Repository/Regression BackOffice/CLNK-23449/PhysicianName'&#xD;
&#xD;
2019-09-23 10:40:43 - [MESSAGE][PASSED] - Text 'Abbott' is set on object 'Object Repository/Regression BackOffice/CLNK-23449/PhysicianName'&#xD;
&#xD;
2019-09-23 10:40:43 - [TEST_STEP][PASSED] - delay(3): Delayed 3 second(s)&#xD;
&#xD;
2019-09-23 10:40:46 - [MESSAGE][PASSED] - Delayed 3 second(s)&#xD;
&#xD;
2019-09-23 10:40:46 - [TEST_STEP][PASSED] - waitForElementPresent(findTestObject("Regression BackOffice/CLNK-23449/li_Black Larry"), 50): Object 'Object Repository/Regression BackOffice/CLNK-23449/li_Black Larry' is present&#xD;
&#xD;
2019-09-23 10:40:46 - [MESSAGE][PASSED] - Object 'Object Repository/Regression BackOffice/CLNK-23449/li_Black Larry' is present&#xD;
&#xD;
2019-09-23 10:40:46 - [TEST_STEP][PASSED] - click(findTestObject("Regression BackOffice/CLNK-23449/li_Black Larry")): Object: 'Object Repository/Regression BackOffice/CLNK-23449/li_Black Larry' is clicked on&#xD;
&#xD;
2019-09-23 10:40:46 - [MESSAGE][PASSED] - Object: 'Object Repository/Regression BackOffice/CLNK-23449/li_Black Larry' is clicked on&#xD;
&#xD;
2019-09-23 10:40:46 - [TEST_STEP][PASSED] - delay(2): Delayed 2 second(s)&#xD;
&#xD;
2019-09-23 10:40:48 - [MESSAGE][PASSED] - Delayed 2 second(s)&#xD;
&#xD;
2019-09-23 10:40:48 - [TEST_STEP][PASSED] - waitForElementPresent(findTestObject("Regression BackOffice/CLNK-23449/SaveButton"), 50): Object 'Object Repository/Regression BackOffice/CLNK-23449/SaveButton' is present&#xD;
&#xD;
2019-09-23 10:40:48 - [MESSAGE][PASSED] - Object 'Object Repository/Regression BackOffice/CLNK-23449/SaveButton' is present&#xD;
&#xD;
2019-09-23 10:40:48 - [TEST_STEP][PASSED] - click(findTestObject("Regression BackOffice/CLNK-23449/SaveButton"), STOP_ON_FAILURE): Object: 'Object Repository/Regression BackOffice/CLNK-23449/SaveButton' is clicked on&#xD;
&#xD;
2019-09-23 10:40:48 - [MESSAGE][PASSED] - Object: 'Object Repository/Regression BackOffice/CLNK-23449/SaveButton' is clicked on&#xD;
&#xD;
2019-09-23 10:40:48 - [TEST_STEP][PASSED] - delay(2): Delayed 2 second(s)&#xD;
&#xD;
2019-09-23 10:40:50 - [MESSAGE][PASSED] - Delayed 2 second(s)&#xD;
&#xD;
2019-09-23 10:40:50 - [TEST_STEP][PASSED] - waitForElementPresent(findTestObject("Regression BackOffice/CLNK-23449/btnNext"), 50): Object 'Object Repository/Regression BackOffice/CLNK-23449/btnNext' is present&#xD;
&#xD;
2019-09-23 10:40:50 - [MESSAGE][PASSED] - Object 'Object Repository/Regression BackOffice/CLNK-23449/btnNext' is present&#xD;
&#xD;
2019-09-23 10:40:50 - [TEST_STEP][PASSED] - click(findTestObject("Regression BackOffice/CLNK-23449/btnNext"), STOP_ON_FAILURE): Object: 'Object Repository/Regression BackOffice/CLNK-23449/btnNext' is clicked on&#xD;
&#xD;
2019-09-23 10:40:50 - [MESSAGE][PASSED] - Object: 'Object Repository/Regression BackOffice/CLNK-23449/btnNext' is clicked on&#xD;
&#xD;
2019-09-23 10:40:50 - [TEST_STEP][PASSED] - delay(2): Delayed 2 second(s)&#xD;
&#xD;
2019-09-23 10:40:52 - [MESSAGE][PASSED] - Delayed 2 second(s)&#xD;
&#xD;
2019-09-23 10:40:52 - [TEST_STEP][PASSED] - DOB = "05/23/1970": null&#xD;
&#xD;
2019-09-23 10:40:52 - [TEST_STEP][PASSED] - Sexo = "M": null&#xD;
&#xD;
2019-09-23 10:40:52 - [TEST_STEP][PASSED] - setText(findTestObject("Regression BackOffice/CLNK-23449/Demographics/DOB"), DOB): Text '05/23/1970' is set on object 'Object Repository/Regression BackOffice/CLNK-23449/Demographics/DOB'&#xD;
&#xD;
2019-09-23 10:40:53 - [MESSAGE][PASSED] - Text '05/23/1970' is set on object 'Object Repository/Regression BackOffice/CLNK-23449/Demographics/DOB'&#xD;
&#xD;
2019-09-23 10:40:53 - [TEST_STEP][PASSED] - delay(3): Delayed 3 second(s)&#xD;
&#xD;
2019-09-23 10:40:56 - [MESSAGE][PASSED] - Delayed 3 second(s)&#xD;
&#xD;
2019-09-23 10:40:56 - [TEST_STEP][PASSED] - SSN1 = "436": null&#xD;
&#xD;
2019-09-23 10:40:56 - [TEST_STEP][PASSED] - setText(findTestObject("Regression BackOffice/CLNK-23449/Demographics/SSN1"), "436120560"): Text '436120560' is set on object 'Object Repository/Regression BackOffice/CLNK-23449/Demographics/SSN1'&#xD;
&#xD;
2019-09-23 10:40:56 - [MESSAGE][PASSED] - Text '436120560' is set on object 'Object Repository/Regression BackOffice/CLNK-23449/Demographics/SSN1'&#xD;
&#xD;
2019-09-23 10:40:56 - [TEST_STEP][PASSED] - delay(3): Delayed 3 second(s)&#xD;
&#xD;
2019-09-23 10:40:59 - [MESSAGE][PASSED] - Delayed 3 second(s)&#xD;
&#xD;
2019-09-23 10:40:59 - [TEST_STEP][PASSED] - MedId = "123456789a": null&#xD;
&#xD;
2019-09-23 10:40:59 - [TEST_STEP][PASSED] - setText(findTestObject("Regression BackOffice/CLNK-23449/Demographics/Medicare ID"), MedId): Text '123456789a' is set on object 'Object Repository/Regression BackOffice/CLNK-23449/Demographics/Medicare ID'&#xD;
&#xD;
2019-09-23 10:41:00 - [MESSAGE][PASSED] - Text '123456789a' is set on object 'Object Repository/Regression BackOffice/CLNK-23449/Demographics/Medicare ID'&#xD;
&#xD;
2019-09-23 10:41:00 - [TEST_STEP][PASSED] - delay(3): Delayed 3 second(s)&#xD;
&#xD;
2019-09-23 10:41:03 - [MESSAGE][PASSED] - Delayed 3 second(s)&#xD;
&#xD;
2019-09-23 10:41:03 - [TEST_STEP][PASSED] - setText(findTestObject("Regression BackOffice/CLNK-23449/Demographics/Address"), "320 Interlocken Parkway"): Text '320 Interlocken Parkway' is set on object 'Object Repository/Regression BackOffice/CLNK-23449/Demographics/Address'&#xD;
&#xD;
2019-09-23 10:41:03 - [MESSAGE][PASSED] - Text '320 Interlocken Parkway' is set on object 'Object Repository/Regression BackOffice/CLNK-23449/Demographics/Address'&#xD;
&#xD;
2019-09-23 10:41:03 - [TEST_STEP][PASSED] - delay(3): Delayed 3 second(s)&#xD;
&#xD;
2019-09-23 10:41:06 - [MESSAGE][PASSED] - Delayed 3 second(s)&#xD;
&#xD;
2019-09-23 10:41:06 - [TEST_STEP][PASSED] - setText(findTestObject("Regression BackOffice/CLNK-23449/Demographics/City"), "Broomfield"): Text 'Broomfield' is set on object 'Object Repository/Regression BackOffice/CLNK-23449/Demographics/City'&#xD;
&#xD;
2019-09-23 10:41:07 - [MESSAGE][PASSED] - Text 'Broomfield' is set on object 'Object Repository/Regression BackOffice/CLNK-23449/Demographics/City'&#xD;
&#xD;
2019-09-23 10:41:07 - [TEST_STEP][PASSED] - delay(3): Delayed 3 second(s)&#xD;
&#xD;
2019-09-23 10:41:10 - [MESSAGE][PASSED] - Delayed 3 second(s)&#xD;
&#xD;
2019-09-23 10:41:10 - [TEST_STEP][PASSED] - setText(findTestObject("Regression BackOffice/CLNK-23449/Demographics/County"), "United States"): Text 'United States' is set on object 'Object Repository/Regression BackOffice/CLNK-23449/Demographics/County'&#xD;
&#xD;
2019-09-23 10:41:10 - [MESSAGE][PASSED] - Text 'United States' is set on object 'Object Repository/Regression BackOffice/CLNK-23449/Demographics/County'&#xD;
&#xD;
2019-09-23 10:41:10 - [TEST_STEP][PASSED] - delay(3): Delayed 3 second(s)&#xD;
&#xD;
2019-09-23 10:41:13 - [MESSAGE][PASSED] - Delayed 3 second(s)&#xD;
&#xD;
2019-09-23 10:41:13 - [TEST_STEP][PASSED] - click(findTestObject("Regression BackOffice/CLNK-23449/Demographics/State"), CONTINUE_ON_FAILURE): Object: 'Object Repository/Regression BackOffice/CLNK-23449/Demographics/State' is clicked on&#xD;
&#xD;
2019-09-23 10:41:13 - [MESSAGE][PASSED] - Object: 'Object Repository/Regression BackOffice/CLNK-23449/Demographics/State' is clicked on&#xD;
&#xD;
2019-09-23 10:41:13 - [TEST_STEP][PASSED] - sendKeys(findTestObject("Regression BackOffice/CLNK-23449/Demographics/State"), Keys.chord(ARROW_DOWN, ARROW_DOWN, ARROW_DOWN, ARROW_DOWN, ARROW_DOWN, ARROW_DOWN, ENTER)): Keys 'DOWN + DOWN + DOWN + DOWN + DOWN + DOWN + ENTER + ' sent to object: 'Object Repository/Regression BackOffice/CLNK-23449/Demographics/State'&#xD;
&#xD;
2019-09-23 10:41:14 - [MESSAGE][PASSED] - Keys 'DOWN + DOWN + DOWN + DOWN + DOWN + DOWN + ENTER + ' sent to object: 'Object Repository/Regression BackOffice/CLNK-23449/Demographics/State'&#xD;
&#xD;
2019-09-23 10:41:14 - [TEST_STEP][PASSED] - delay(3): Delayed 3 second(s)&#xD;
&#xD;
2019-09-23 10:41:17 - [MESSAGE][PASSED] - Delayed 3 second(s)&#xD;
&#xD;
2019-09-23 10:41:17 - [TEST_STEP][PASSED] - click(findTestObject("Regression BackOffice/CLNK-23449/Demographics/btnVerify"), CONTINUE_ON_FAILURE): Object: 'Object Repository/Regression BackOffice/CLNK-23449/Demographics/btnVerify' is clicked on&#xD;
&#xD;
2019-09-23 10:41:17 - [MESSAGE][PASSED] - Object: 'Object Repository/Regression BackOffice/CLNK-23449/Demographics/btnVerify' is clicked on&#xD;
&#xD;
2019-09-23 10:41:17 - [TEST_STEP][PASSED] - delay(3): Delayed 3 second(s)&#xD;
&#xD;
2019-09-23 10:41:20 - [MESSAGE][PASSED] - Delayed 3 second(s)&#xD;
&#xD;
2019-09-23 10:41:20 - [TEST_STEP][PASSED] - click(findTestObject("Regression BackOffice/CLNK-23449/Demographics/btnVerify"), CONTINUE_ON_FAILURE): Object: 'Object Repository/Regression BackOffice/CLNK-23449/Demographics/btnVerify' is clicked on&#xD;
&#xD;
2019-09-23 10:41:20 - [MESSAGE][PASSED] - Object: 'Object Repository/Regression BackOffice/CLNK-23449/Demographics/btnVerify' is clicked on&#xD;
&#xD;
2019-09-23 10:41:20 - [TEST_STEP][PASSED] - delay(3): Delayed 3 second(s)&#xD;
&#xD;
2019-09-23 10:41:23 - [MESSAGE][PASSED] - Delayed 3 second(s)&#xD;
&#xD;
2019-09-23 10:41:23 - [TEST_STEP][PASSED] - click(findTestObject("Regression BackOffice/CLNK-23449/Demographics/UseVerifyAddress"), CONTINUE_ON_FAILURE): Object: 'Object Repository/Regression BackOffice/CLNK-23449/Demographics/UseVerifyAddress' is clicked on&#xD;
&#xD;
2019-09-23 10:41:23 - [MESSAGE][PASSED] - Object: 'Object Repository/Regression BackOffice/CLNK-23449/Demographics/UseVerifyAddress' is clicked on&#xD;
&#xD;
2019-09-23 10:41:23 - [TEST_STEP][PASSED] - delay(3): Delayed 3 second(s)&#xD;
&#xD;
2019-09-23 10:41:26 - [MESSAGE][PASSED] - Delayed 3 second(s)&#xD;
&#xD;
2019-09-23 10:41:26 - [TEST_STEP][PASSED] - click(findTestObject("Regression BackOffice/CLNK-23449/Demographics/PhoneType"), CONTINUE_ON_FAILURE): Object: 'Object Repository/Regression BackOffice/CLNK-23449/Demographics/PhoneType' is clicked on&#xD;
&#xD;
2019-09-23 10:41:26 - [MESSAGE][PASSED] - Object: 'Object Repository/Regression BackOffice/CLNK-23449/Demographics/PhoneType' is clicked on&#xD;
&#xD;
2019-09-23 10:41:26 - [TEST_STEP][PASSED] - sendKeys(findTestObject("Regression BackOffice/CLNK-23449/Demographics/PhoneType"), Keys.chord(ARROW_DOWN, ENTER)): Keys 'DOWN + ENTER + ' sent to object: 'Object Repository/Regression BackOffice/CLNK-23449/Demographics/PhoneType'&#xD;
&#xD;
2019-09-23 10:41:26 - [MESSAGE][PASSED] - Keys 'DOWN + ENTER + ' sent to object: 'Object Repository/Regression BackOffice/CLNK-23449/Demographics/PhoneType'&#xD;
&#xD;
2019-09-23 10:41:26 - [TEST_STEP][PASSED] - CellType = getText(findTestObject("Regression BackOffice/CLNK-23449/Validation/Phone/CellType - Option2")): Text of object 'Object Repository/Regression BackOffice/CLNK-23449/Validation/Phone/CellType - Option2' is: 'Cell'&#xD;
&#xD;
2019-09-23 10:41:26 - [MESSAGE][PASSED] - Text of object 'Object Repository/Regression BackOffice/CLNK-23449/Validation/Phone/CellType - Option2' is: 'Cell'&#xD;
&#xD;
2019-09-23 10:41:26 - [TEST_STEP][PASSED] - println(CellType): null&#xD;
&#xD;
2019-09-23 10:41:26 - [TEST_STEP][PASSED] - delay(3): Delayed 3 second(s)&#xD;
&#xD;
2019-09-23 10:41:29 - [MESSAGE][PASSED] - Delayed 3 second(s)&#xD;
&#xD;
2019-09-23 10:41:29 - [TEST_STEP][PASSED] - setText(findTestObject("Regression BackOffice/CLNK-23449/Demographics/PhoneNumber"), "2345698789"): Text '2345698789' is set on object 'Object Repository/Regression BackOffice/CLNK-23449/Demographics/PhoneNumber'&#xD;
&#xD;
2019-09-23 10:41:30 - [MESSAGE][PASSED] - Text '2345698789' is set on object 'Object Repository/Regression BackOffice/CLNK-23449/Demographics/PhoneNumber'&#xD;
&#xD;
2019-09-23 10:41:30 - [TEST_STEP][PASSED] - delay(3): Delayed 3 second(s)&#xD;
&#xD;
2019-09-23 10:41:33 - [MESSAGE][PASSED] - Delayed 3 second(s)&#xD;
&#xD;
2019-09-23 10:41:33 - [TEST_STEP][PASSED] - click(findTestObject("Regression BackOffice/CLNK-23449/Demographics/Zone"), CONTINUE_ON_FAILURE): Object: 'Object Repository/Regression BackOffice/CLNK-23449/Demographics/Zone' is clicked on&#xD;
&#xD;
2019-09-23 10:41:33 - [MESSAGE][PASSED] - Object: 'Object Repository/Regression BackOffice/CLNK-23449/Demographics/Zone' is clicked on&#xD;
&#xD;
2019-09-23 10:41:33 - [TEST_STEP][PASSED] - sendKeys(findTestObject("Regression BackOffice/CLNK-23449/Demographics/Zone"), Keys.chord(ARROW_DOWN, ARROW_DOWN, ARROW_DOWN, ENTER)): Keys 'DOWN + DOWN + DOWN + ENTER + ' sent to object: 'Object Repository/Regression BackOffice/CLNK-23449/Demographics/Zone'&#xD;
&#xD;
2019-09-23 10:41:33 - [MESSAGE][PASSED] - Keys 'DOWN + DOWN + DOWN + ENTER + ' sent to object: 'Object Repository/Regression BackOffice/CLNK-23449/Demographics/Zone'&#xD;
&#xD;
2019-09-23 10:41:33 - [TEST_STEP][PASSED] - delay(3): Delayed 3 second(s)&#xD;
&#xD;
2019-09-23 10:41:36 - [MESSAGE][PASSED] - Delayed 3 second(s)&#xD;
&#xD;
2019-09-23 10:41:36 - [TEST_STEP][PASSED] - waitForElementPresent(findTestObject("Regression BackOffice/CLNK-23449/Demographics/ContactFName"), 50): Object 'Object Repository/Regression BackOffice/CLNK-23449/Demographics/ContactFName' is present&#xD;
&#xD;
2019-09-23 10:41:36 - [MESSAGE][PASSED] - Object 'Object Repository/Regression BackOffice/CLNK-23449/Demographics/ContactFName' is present&#xD;
&#xD;
2019-09-23 10:41:36 - [TEST_STEP][PASSED] - setText(findTestObject("Regression BackOffice/CLNK-23449/Demographics/ContactFName"), "Scott"): Text 'Scott' is set on object 'Object Repository/Regression BackOffice/CLNK-23449/Demographics/ContactFName'&#xD;
&#xD;
2019-09-23 10:41:36 - [MESSAGE][PASSED] - Text 'Scott' is set on object 'Object Repository/Regression BackOffice/CLNK-23449/Demographics/ContactFName'&#xD;
&#xD;
2019-09-23 10:41:36 - [TEST_STEP][PASSED] - delay(2): Delayed 2 second(s)&#xD;
&#xD;
2019-09-23 10:41:38 - [MESSAGE][PASSED] - Delayed 2 second(s)&#xD;
&#xD;
2019-09-23 10:41:38 - [TEST_STEP][PASSED] - waitForElementPresent(findTestObject("Regression BackOffice/CLNK-23449/Demographics/ContactLName"), 50): Object 'Object Repository/Regression BackOffice/CLNK-23449/Demographics/ContactLName' is present&#xD;
&#xD;
2019-09-23 10:41:39 - [MESSAGE][PASSED] - Object 'Object Repository/Regression BackOffice/CLNK-23449/Demographics/ContactLName' is present&#xD;
&#xD;
2019-09-23 10:41:39 - [TEST_STEP][PASSED] - setText(findTestObject("Regression BackOffice/CLNK-23449/Demographics/ContactLName"), "Ward"): Text 'Ward' is set on object 'Object Repository/Regression BackOffice/CLNK-23449/Demographics/ContactLName'&#xD;
&#xD;
2019-09-23 10:41:39 - [MESSAGE][PASSED] - Text 'Ward' is set on object 'Object Repository/Regression BackOffice/CLNK-23449/Demographics/ContactLName'&#xD;
&#xD;
2019-09-23 10:41:39 - [TEST_STEP][PASSED] - delay(2): Delayed 2 second(s)&#xD;
&#xD;
2019-09-23 10:41:41 - [MESSAGE][PASSED] - Delayed 2 second(s)&#xD;
&#xD;
2019-09-23 10:41:41 - [TEST_STEP][PASSED] - click(findTestObject("Regression BackOffice/CLNK-23449/Demographics/ContactType"), CONTINUE_ON_FAILURE): Object: 'Object Repository/Regression BackOffice/CLNK-23449/Demographics/ContactType' is clicked on&#xD;
&#xD;
2019-09-23 10:41:41 - [MESSAGE][PASSED] - Object: 'Object Repository/Regression BackOffice/CLNK-23449/Demographics/ContactType' is clicked on&#xD;
&#xD;
2019-09-23 10:41:41 - [TEST_STEP][PASSED] - sendKeys(findTestObject("Regression BackOffice/CLNK-23449/Demographics/ContactType"), Keys.chord(ARROW_DOWN, ARROW_DOWN, ARROW_DOWN, ARROW_DOWN, ARROW_DOWN, ARROW_DOWN, ENTER)): Keys 'DOWN + DOWN + DOWN + DOWN + DOWN + DOWN + ENTER + ' sent to object: 'Object Repository/Regression BackOffice/CLNK-23449/Demographics/ContactType'&#xD;
&#xD;
2019-09-23 10:41:41 - [MESSAGE][PASSED] - Keys 'DOWN + DOWN + DOWN + DOWN + DOWN + DOWN + ENTER + ' sent to object: 'Object Repository/Regression BackOffice/CLNK-23449/Demographics/ContactType'&#xD;
&#xD;
2019-09-23 10:41:41 - [TEST_STEP][PASSED] - delay(3): Delayed 3 second(s)&#xD;
&#xD;
2019-09-23 10:41:44 - [MESSAGE][PASSED] - Delayed 3 second(s)&#xD;
&#xD;
2019-09-23 10:41:44 - [TEST_STEP][PASSED] - click(findTestObject("Regression BackOffice/CLNK-23449/Demographics/Relationship"), CONTINUE_ON_FAILURE): Object: 'Object Repository/Regression BackOffice/CLNK-23449/Demographics/Relationship' is clicked on&#xD;
&#xD;
2019-09-23 10:41:44 - [MESSAGE][PASSED] - Object: 'Object Repository/Regression BackOffice/CLNK-23449/Demographics/Relationship' is clicked on&#xD;
&#xD;
2019-09-23 10:41:44 - [TEST_STEP][PASSED] - sendKeys(findTestObject("Regression BackOffice/CLNK-23449/Demographics/Relationship"), Keys.chord(ARROW_DOWN, ARROW_DOWN, ARROW_DOWN, ARROW_DOWN, ARROW_DOWN, ARROW_DOWN, ENTER)): Keys 'DOWN + DOWN + DOWN + DOWN + DOWN + DOWN + ENTER + ' sent to object: 'Object Repository/Regression BackOffice/CLNK-23449/Demographics/Relationship'&#xD;
&#xD;
2019-09-23 10:41:44 - [MESSAGE][PASSED] - Keys 'DOWN + DOWN + DOWN + DOWN + DOWN + DOWN + ENTER + ' sent to object: 'Object Repository/Regression BackOffice/CLNK-23449/Demographics/Relationship'&#xD;
&#xD;
2019-09-23 10:41:44 - [TEST_STEP][PASSED] - delay(3): Delayed 3 second(s)&#xD;
&#xD;
2019-09-23 10:41:47 - [MESSAGE][PASSED] - Delayed 3 second(s)&#xD;
&#xD;
2019-09-23 10:41:47 - [TEST_STEP][PASSED] - click(findTestObject("Regression BackOffice/CLNK-23449/Demographics/PhoneTypeContact"), CONTINUE_ON_FAILURE): Object: 'Object Repository/Regression BackOffice/CLNK-23449/Demographics/PhoneTypeContact' is clicked on&#xD;
&#xD;
2019-09-23 10:41:48 - [MESSAGE][PASSED] - Object: 'Object Repository/Regression BackOffice/CLNK-23449/Demographics/PhoneTypeContact' is clicked on&#xD;
&#xD;
2019-09-23 10:41:48 - [TEST_STEP][PASSED] - sendKeys(findTestObject("Regression BackOffice/CLNK-23449/Demographics/PhoneTypeContact"), Keys.chord(ARROW_DOWN, ENTER)): Keys 'DOWN + ENTER + ' sent to object: 'Object Repository/Regression BackOffice/CLNK-23449/Demographics/PhoneTypeContact'&#xD;
&#xD;
2019-09-23 10:41:48 - [MESSAGE][PASSED] - Keys 'DOWN + ENTER + ' sent to object: 'Object Repository/Regression BackOffice/CLNK-23449/Demographics/PhoneTypeContact'&#xD;
&#xD;
2019-09-23 10:41:48 - [TEST_STEP][PASSED] - delay(3): Delayed 3 second(s)&#xD;
&#xD;
2019-09-23 10:41:51 - [MESSAGE][PASSED] - Delayed 3 second(s)&#xD;
&#xD;
2019-09-23 10:41:51 - [TEST_STEP][PASSED] - setText(findTestObject("Regression BackOffice/CLNK-23449/Demographics/ContactPhone"), "2345698789"): Text '2345698789' is set on object 'Object Repository/Regression BackOffice/CLNK-23449/Demographics/ContactPhone'&#xD;
&#xD;
2019-09-23 10:41:51 - [MESSAGE][PASSED] - Text '2345698789' is set on object 'Object Repository/Regression BackOffice/CLNK-23449/Demographics/ContactPhone'&#xD;
&#xD;
2019-09-23 10:41:51 - [TEST_STEP][PASSED] - delay(3): Delayed 3 second(s)&#xD;
&#xD;
2019-09-23 10:41:54 - [MESSAGE][PASSED] - Delayed 3 second(s)&#xD;
&#xD;
2019-09-23 10:41:54 - [TEST_STEP][PASSED] - click(findTestObject("Regression BackOffice/CLNK-23449/Demographics/EpisodeType"), CONTINUE_ON_FAILURE): Object: 'Object Repository/Regression BackOffice/CLNK-23449/Demographics/EpisodeType' is clicked on&#xD;
&#xD;
2019-09-23 10:41:54 - [MESSAGE][PASSED] - Object: 'Object Repository/Regression BackOffice/CLNK-23449/Demographics/EpisodeType' is clicked on&#xD;
&#xD;
2019-09-23 10:41:54 - [TEST_STEP][PASSED] - sendKeys(findTestObject("Regression BackOffice/CLNK-23449/Demographics/EpisodeType"), Keys.chord(ARROW_DOWN, ARROW_DOWN, ARROW_DOWN, ARROW_DOWN, ARROW_DOWN, ARROW_DOWN, ENTER)): Keys 'DOWN + DOWN + DOWN + DOWN + DOWN + DOWN + ENTER + ' sent to object: 'Object Repository/Regression BackOffice/CLNK-23449/Demographics/EpisodeType'&#xD;
&#xD;
2019-09-23 10:41:55 - [MESSAGE][PASSED] - Keys 'DOWN + DOWN + DOWN + DOWN + DOWN + DOWN + ENTER + ' sent to object: 'Object Repository/Regression BackOffice/CLNK-23449/Demographics/EpisodeType'&#xD;
&#xD;
2019-09-23 10:41:55 - [TEST_STEP][PASSED] - delay(3): Delayed 3 second(s)&#xD;
&#xD;
2019-09-23 10:41:58 - [MESSAGE][PASSED] - Delayed 3 second(s)&#xD;
&#xD;
2019-09-23 10:41:58 - [TEST_STEP][PASSED] - click(findTestObject("Regression BackOffice/CLNK-23449/Demographics/PlaceOfServices"), CONTINUE_ON_FAILURE): Object: 'Object Repository/Regression BackOffice/CLNK-23449/Demographics/PlaceOfServices' is clicked on&#xD;
&#xD;
2019-09-23 10:41:58 - [MESSAGE][PASSED] - Object: 'Object Repository/Regression BackOffice/CLNK-23449/Demographics/PlaceOfServices' is clicked on&#xD;
&#xD;
2019-09-23 10:41:58 - [TEST_STEP][PASSED] - sendKeys(findTestObject("Regression BackOffice/CLNK-23449/Demographics/PlaceOfServices"), Keys.chord(ARROW_DOWN, ARROW_DOWN, ARROW_DOWN, ARROW_DOWN, ARROW_DOWN, ARROW_DOWN, ENTER)): Keys 'DOWN + DOWN + DOWN + DOWN + DOWN + DOWN + ENTER + ' sent to object: 'Object Repository/Regression BackOffice/CLNK-23449/Demographics/PlaceOfServices'&#xD;
&#xD;
2019-09-23 10:41:58 - [MESSAGE][PASSED] - Keys 'DOWN + DOWN + DOWN + DOWN + DOWN + DOWN + ENTER + ' sent to object: 'Object Repository/Regression BackOffice/CLNK-23449/Demographics/PlaceOfServices'&#xD;
&#xD;
2019-09-23 10:41:58 - [TEST_STEP][PASSED] - delay(3): Delayed 3 second(s)&#xD;
&#xD;
2019-09-23 10:42:01 - [MESSAGE][PASSED] - Delayed 3 second(s)&#xD;
&#xD;
2019-09-23 10:42:01 - [TEST_STEP][PASSED] - click(findTestObject("Regression BackOffice/CLNK-23449/Demographics/ClientStatus"), CONTINUE_ON_FAILURE): Object: 'Object Repository/Regression BackOffice/CLNK-23449/Demographics/ClientStatus' is clicked on&#xD;
&#xD;
2019-09-23 10:42:01 - [MESSAGE][PASSED] - Object: 'Object Repository/Regression BackOffice/CLNK-23449/Demographics/ClientStatus' is clicked on&#xD;
&#xD;
2019-09-23 10:42:01 - [TEST_STEP][PASSED] - sendKeys(findTestObject("Regression BackOffice/CLNK-23449/Demographics/ClientStatus"), Keys.chord(ARROW_DOWN, ENTER)): Keys 'DOWN + ENTER + ' sent to object: 'Object Repository/Regression BackOffice/CLNK-23449/Demographics/ClientStatus'&#xD;
&#xD;
2019-09-23 10:42:01 - [MESSAGE][PASSED] - Keys 'DOWN + ENTER + ' sent to object: 'Object Repository/Regression BackOffice/CLNK-23449/Demographics/ClientStatus'&#xD;
&#xD;
2019-09-23 10:42:01 - [TEST_STEP][PASSED] - delay(3): Delayed 3 second(s)&#xD;
&#xD;
2019-09-23 10:42:04 - [MESSAGE][PASSED] - Delayed 3 second(s)&#xD;
&#xD;
2019-09-23 10:42:04 - [TEST_STEP][PASSED] - waitForElementPresent(findTestObject("Regression BackOffice/CLNK-23449/Demographics/btnSaveDemo"), 50): Object 'Object Repository/Regression BackOffice/CLNK-23449/Demographics/btnSaveDemo' is present&#xD;
&#xD;
2019-09-23 10:42:04 - [MESSAGE][PASSED] - Object 'Object Repository/Regression BackOffice/CLNK-23449/Demographics/btnSaveDemo' is present&#xD;
&#xD;
2019-09-23 10:42:04 - [TEST_STEP][PASSED] - click(findTestObject("Regression BackOffice/CLNK-23449/Demographics/btnSaveDemo"), STOP_ON_FAILURE): Object: 'Object Repository/Regression BackOffice/CLNK-23449/Demographics/btnSaveDemo' is clicked on&#xD;
&#xD;
2019-09-23 10:42:05 - [MESSAGE][PASSED] - Object: 'Object Repository/Regression BackOffice/CLNK-23449/Demographics/btnSaveDemo' is clicked on&#xD;
&#xD;
2019-09-23 10:42:05 - [TEST_STEP][PASSED] - delay(5): Delayed 5 second(s)&#xD;
&#xD;
2019-09-23 10:42:10 - [MESSAGE][PASSED] - Delayed 5 second(s)&#xD;
&#xD;
2019-09-23 10:42:10 - [TEST_STEP][PASSED] - waitForElementPresent(findTestObject("Regression BackOffice/CLNK-23449/Demographics/btnNextDemo"), 50): Object 'Object Repository/Regression BackOffice/CLNK-23449/Demographics/btnNextDemo' is present&#xD;
&#xD;
2019-09-23 10:42:10 - [MESSAGE][PASSED] - Object 'Object Repository/Regression BackOffice/CLNK-23449/Demographics/btnNextDemo' is present&#xD;
&#xD;
2019-09-23 10:42:10 - [TEST_STEP][PASSED] - click(findTestObject("Regression BackOffice/CLNK-23449/Demographics/btnNextDemo"), STOP_ON_FAILURE): Object: 'Object Repository/Regression BackOffice/CLNK-23449/Demographics/btnNextDemo' is clicked on&#xD;
&#xD;
2019-09-23 10:42:10 - [MESSAGE][PASSED] - Object: 'Object Repository/Regression BackOffice/CLNK-23449/Demographics/btnNextDemo' is clicked on&#xD;
&#xD;
2019-09-23 10:42:10 - [TEST_STEP][PASSED] - delay(2): Delayed 2 second(s)&#xD;
&#xD;
2019-09-23 10:42:12 - [MESSAGE][PASSED] - Delayed 2 second(s)&#xD;
&#xD;
2019-09-23 10:42:12 - [TEST_STEP][PASSED] - waitForElementPresent(findTestObject("Regression BackOffice/CLINK-23451/PayerList"), 50): Object 'Object Repository/Regression BackOffice/CLINK-23451/PayerList' is present&#xD;
&#xD;
2019-09-23 10:42:12 - [MESSAGE][PASSED] - Object 'Object Repository/Regression BackOffice/CLINK-23451/PayerList' is present&#xD;
&#xD;
2019-09-23 10:42:12 - [TEST_STEP][PASSED] - click(findTestObject("Regression BackOffice/CLINK-23451/PayerList"), STOP_ON_FAILURE): Object: 'Object Repository/Regression BackOffice/CLINK-23451/PayerList' is clicked on&#xD;
&#xD;
2019-09-23 10:42:12 - [MESSAGE][PASSED] - Object: 'Object Repository/Regression BackOffice/CLINK-23451/PayerList' is clicked on&#xD;
&#xD;
2019-09-23 10:42:12 - [TEST_STEP][PASSED] - sendKeys(findTestObject("Regression BackOffice/CLINK-23451/PayerList"), Keys.chord(ARROW_DOWN, ENTER)): Keys 'DOWN + ENTER + ' sent to object: 'Object Repository/Regression BackOffice/CLINK-23451/PayerList'&#xD;
&#xD;
2019-09-23 10:42:13 - [MESSAGE][PASSED] - Keys 'DOWN + ENTER + ' sent to object: 'Object Repository/Regression BackOffice/CLINK-23451/PayerList'&#xD;
&#xD;
2019-09-23 10:42:13 - [TEST_STEP][PASSED] - delay(2): Delayed 2 second(s)&#xD;
&#xD;
2019-09-23 10:42:15 - [MESSAGE][PASSED] - Delayed 2 second(s)&#xD;
&#xD;
2019-09-23 10:42:15 - [TEST_STEP][PASSED] - waitForElementPresent(findTestObject("Regression BackOffice/CLINK-23451/PlanList"), 50): Object 'Object Repository/Regression BackOffice/CLINK-23451/PlanList' is present&#xD;
&#xD;
2019-09-23 10:42:15 - [MESSAGE][PASSED] - Object 'Object Repository/Regression BackOffice/CLINK-23451/PlanList' is present&#xD;
&#xD;
2019-09-23 10:42:15 - [TEST_STEP][PASSED] - click(findTestObject("Regression BackOffice/CLINK-23451/PlanList"), STOP_ON_FAILURE): Object: 'Object Repository/Regression BackOffice/CLINK-23451/PlanList' is clicked on&#xD;
&#xD;
2019-09-23 10:42:15 - [MESSAGE][PASSED] - Object: 'Object Repository/Regression BackOffice/CLINK-23451/PlanList' is clicked on&#xD;
&#xD;
2019-09-23 10:42:15 - [TEST_STEP][PASSED] - sendKeys(findTestObject("Regression BackOffice/CLINK-23451/PlanList"), Keys.chord(ARROW_DOWN, ENTER)): Keys 'DOWN + ENTER + ' sent to object: 'Object Repository/Regression BackOffice/CLINK-23451/PlanList'&#xD;
&#xD;
2019-09-23 10:42:15 - [MESSAGE][PASSED] - Keys 'DOWN + ENTER + ' sent to object: 'Object Repository/Regression BackOffice/CLINK-23451/PlanList'&#xD;
&#xD;
2019-09-23 10:42:15 - [TEST_STEP][PASSED] - delay(2): Delayed 2 second(s)&#xD;
&#xD;
2019-09-23 10:42:17 - [MESSAGE][PASSED] - Delayed 2 second(s)&#xD;
&#xD;
2019-09-23 10:42:17 - [TEST_STEP][PASSED] - waitForElementPresent(findTestObject("Regression BackOffice/CLINK-23451/GroupList"), 50): Object 'Object Repository/Regression BackOffice/CLINK-23451/GroupList' is present&#xD;
&#xD;
2019-09-23 10:42:17 - [MESSAGE][PASSED] - Object 'Object Repository/Regression BackOffice/CLINK-23451/GroupList' is present&#xD;
&#xD;
2019-09-23 10:42:17 - [TEST_STEP][PASSED] - click(findTestObject("Regression BackOffice/CLINK-23451/GroupList"), STOP_ON_FAILURE): Object: 'Object Repository/Regression BackOffice/CLINK-23451/GroupList' is clicked on&#xD;
&#xD;
2019-09-23 10:42:17 - [MESSAGE][PASSED] - Object: 'Object Repository/Regression BackOffice/CLINK-23451/GroupList' is clicked on&#xD;
&#xD;
2019-09-23 10:42:17 - [TEST_STEP][PASSED] - sendKeys(findTestObject("Regression BackOffice/CLINK-23451/GroupList"), Keys.chord(ARROW_DOWN, ENTER)): Keys 'DOWN + ENTER + ' sent to object: 'Object Repository/Regression BackOffice/CLINK-23451/GroupList'&#xD;
&#xD;
2019-09-23 10:42:18 - [MESSAGE][PASSED] - Keys 'DOWN + ENTER + ' sent to object: 'Object Repository/Regression BackOffice/CLINK-23451/GroupList'&#xD;
&#xD;
2019-09-23 10:42:18 - [TEST_STEP][PASSED] - delay(2): Delayed 2 second(s)&#xD;
&#xD;
2019-09-23 10:42:20 - [MESSAGE][PASSED] - Delayed 2 second(s)&#xD;
&#xD;
2019-09-23 10:42:20 - [TEST_STEP][PASSED] - waitForElementPresent(findTestObject("Regression BackOffice/CLINK-23451/MedicareAdminList"), 50): Object 'Object Repository/Regression BackOffice/CLINK-23451/MedicareAdminList' is present&#xD;
&#xD;
2019-09-23 10:42:20 - [MESSAGE][PASSED] - Object 'Object Repository/Regression BackOffice/CLINK-23451/MedicareAdminList' is present&#xD;
&#xD;
2019-09-23 10:42:20 - [TEST_STEP][PASSED] - click(findTestObject("Regression BackOffice/CLINK-23451/MedicareAdminList"), STOP_ON_FAILURE): Object: 'Object Repository/Regression BackOffice/CLINK-23451/MedicareAdminList' is clicked on&#xD;
&#xD;
2019-09-23 10:42:20 - [MESSAGE][PASSED] - Object: 'Object Repository/Regression BackOffice/CLINK-23451/MedicareAdminList' is clicked on&#xD;
&#xD;
2019-09-23 10:42:20 - [TEST_STEP][PASSED] - sendKeys(findTestObject("Regression BackOffice/CLINK-23451/MedicareAdminList"), Keys.chord(ARROW_DOWN, ARROW_DOWN, ARROW_DOWN, ENTER)): Keys 'DOWN + DOWN + DOWN + ENTER + ' sent to object: 'Object Repository/Regression BackOffice/CLINK-23451/MedicareAdminList'&#xD;
&#xD;
2019-09-23 10:42:20 - [MESSAGE][PASSED] - Keys 'DOWN + DOWN + DOWN + ENTER + ' sent to object: 'Object Repository/Regression BackOffice/CLINK-23451/MedicareAdminList'&#xD;
&#xD;
2019-09-23 10:42:20 - [TEST_STEP][PASSED] - delay(2): Delayed 2 second(s)&#xD;
&#xD;
2019-09-23 10:42:22 - [MESSAGE][PASSED] - Delayed 2 second(s)&#xD;
&#xD;
2019-09-23 10:42:22 - [TEST_STEP][PASSED] - waitForElementPresent(findTestObject("Regression BackOffice/CLINK-23451/btnSavePayer"), 50): Object 'Object Repository/Regression BackOffice/CLINK-23451/btnSavePayer' is present&#xD;
&#xD;
2019-09-23 10:42:22 - [MESSAGE][PASSED] - Object 'Object Repository/Regression BackOffice/CLINK-23451/btnSavePayer' is present&#xD;
&#xD;
2019-09-23 10:42:22 - [TEST_STEP][PASSED] - click(findTestObject("Regression BackOffice/CLINK-23451/btnSavePayer"), STOP_ON_FAILURE): Object: 'Object Repository/Regression BackOffice/CLINK-23451/btnSavePayer' is clicked on&#xD;
&#xD;
2019-09-23 10:42:22 - [MESSAGE][PASSED] - Object: 'Object Repository/Regression BackOffice/CLINK-23451/btnSavePayer' is clicked on&#xD;
&#xD;
2019-09-23 10:42:22 - [TEST_STEP][PASSED] - delay(2): Delayed 2 second(s)&#xD;
&#xD;
2019-09-23 10:42:24 - [MESSAGE][PASSED] - Delayed 2 second(s)&#xD;
&#xD;
2019-09-23 10:42:24 - [TEST_STEP][PASSED] - waitForElementPresent(findTestObject("Regression BackOffice/CLNK-23449/btnNextPayer"), 50): Object 'Object Repository/Regression BackOffice/CLNK-23449/btnNextPayer' is present&#xD;
&#xD;
2019-09-23 10:42:25 - [MESSAGE][PASSED] - Object 'Object Repository/Regression BackOffice/CLNK-23449/btnNextPayer' is present&#xD;
&#xD;
2019-09-23 10:42:25 - [TEST_STEP][PASSED] - click(findTestObject("Regression BackOffice/CLNK-23449/btnNextPayer"), STOP_ON_FAILURE): Object: 'Object Repository/Regression BackOffice/CLNK-23449/btnNextPayer' is clicked on&#xD;
&#xD;
2019-09-23 10:42:25 - [MESSAGE][PASSED] - Object: 'Object Repository/Regression BackOffice/CLNK-23449/btnNextPayer' is clicked on&#xD;
&#xD;
2019-09-23 10:42:25 - [TEST_STEP][PASSED] - delay(2): Delayed 2 second(s)&#xD;
&#xD;
2019-09-23 10:42:27 - [MESSAGE][PASSED] - Delayed 2 second(s)&#xD;
&#xD;
2019-09-23 10:42:27 - [TEST_STEP][PASSED] - waitForElementPresent(findTestObject("Regression BackOffice/CLNK-23449/Reporting Groups"), 50): Object 'Object Repository/Regression BackOffice/CLNK-23449/Reporting Groups' is present&#xD;
&#xD;
2019-09-23 10:42:27 - [MESSAGE][PASSED] - Object 'Object Repository/Regression BackOffice/CLNK-23449/Reporting Groups' is present&#xD;
&#xD;
2019-09-23 10:42:27 - [TEST_STEP][PASSED] - click(findTestObject("Regression BackOffice/CLNK-23449/Reporting Groups"), STOP_ON_FAILURE): Object: 'Object Repository/Regression BackOffice/CLNK-23449/Reporting Groups' is clicked on&#xD;
&#xD;
2019-09-23 10:42:27 - [MESSAGE][PASSED] - Object: 'Object Repository/Regression BackOffice/CLNK-23449/Reporting Groups' is clicked on&#xD;
&#xD;
2019-09-23 10:42:27 - [TEST_STEP][PASSED] - delay(2): Delayed 2 second(s)&#xD;
&#xD;
2019-09-23 10:42:29 - [MESSAGE][PASSED] - Delayed 2 second(s)&#xD;
&#xD;
2019-09-23 10:42:29 - [TEST_STEP][PASSED] - waitForElementPresent(findTestObject("Regression BackOffice/CLNK-23449/btnSaveServices"), 50): Object 'Object Repository/Regression BackOffice/CLNK-23449/btnSaveServices' is present&#xD;
&#xD;
2019-09-23 10:42:29 - [MESSAGE][PASSED] - Object 'Object Repository/Regression BackOffice/CLNK-23449/btnSaveServices' is present&#xD;
&#xD;
2019-09-23 10:42:29 - [TEST_STEP][PASSED] - click(findTestObject("Regression BackOffice/CLNK-23449/btnSaveServices"), STOP_ON_FAILURE): Object: 'Object Repository/Regression BackOffice/CLNK-23449/btnSaveServices' is clicked on&#xD;
&#xD;
2019-09-23 10:42:29 - [MESSAGE][PASSED] - Object: 'Object Repository/Regression BackOffice/CLNK-23449/btnSaveServices' is clicked on&#xD;
&#xD;
2019-09-23 10:42:29 - [TEST_STEP][PASSED] - delay(2): Delayed 2 second(s)&#xD;
&#xD;
2019-09-23 10:42:31 - [MESSAGE][PASSED] - Delayed 2 second(s)&#xD;
&#xD;
2019-09-23 10:42:31 - [TEST_STEP][PASSED] - waitForElementPresent(findTestObject("Regression BackOffice/CLNK-23449/btnNextServices"), 50): Object 'Object Repository/Regression BackOffice/CLNK-23449/btnNextServices' is present&#xD;
&#xD;
2019-09-23 10:42:31 - [MESSAGE][PASSED] - Object 'Object Repository/Regression BackOffice/CLNK-23449/btnNextServices' is present&#xD;
&#xD;
2019-09-23 10:42:31 - [TEST_STEP][PASSED] - click(findTestObject("Regression BackOffice/CLNK-23449/btnNextServices"), STOP_ON_FAILURE): Object: 'Object Repository/Regression BackOffice/CLNK-23449/btnNextServices' is clicked on&#xD;
&#xD;
2019-09-23 10:42:31 - [MESSAGE][PASSED] - Object: 'Object Repository/Regression BackOffice/CLNK-23449/btnNextServices' is clicked on&#xD;
&#xD;
2019-09-23 10:42:31 - [TEST_STEP][PASSED] - delay(2): Delayed 2 second(s)&#xD;
&#xD;
2019-09-23 10:42:33 - [MESSAGE][PASSED] - Delayed 2 second(s)&#xD;
&#xD;
2019-09-23 10:42:33 - [TEST_STEP][PASSED] - setText(findTestObject("Regression BackOffice/CLNK-23449/Admit/SOCDate"), G_Date): Text '07/01/2019' is set on object 'Object Repository/Regression BackOffice/CLNK-23449/Admit/SOCDate'&#xD;
&#xD;
2019-09-23 10:42:34 - [MESSAGE][PASSED] - Text '07/01/2019' is set on object 'Object Repository/Regression BackOffice/CLNK-23449/Admit/SOCDate'&#xD;
&#xD;
2019-09-23 10:42:34 - [TEST_STEP][PASSED] - delay(4): Delayed 4 second(s)&#xD;
&#xD;
2019-09-23 10:42:38 - [MESSAGE][PASSED] - Delayed 4 second(s)&#xD;
&#xD;
2019-09-23 10:42:38 - [TEST_STEP][PASSED] - waitForElementPresent(findTestObject("Regression BackOffice/CLNK-23449/Admit/DisasterCode"), 50): Object 'Object Repository/Regression BackOffice/CLNK-23449/Admit/DisasterCode' is present&#xD;
&#xD;
2019-09-23 10:42:38 - [MESSAGE][PASSED] - Object 'Object Repository/Regression BackOffice/CLNK-23449/Admit/DisasterCode' is present&#xD;
&#xD;
2019-09-23 10:42:38 - [TEST_STEP][PASSED] - click(findTestObject("Regression BackOffice/CLNK-23449/Admit/DisasterCode"), STOP_ON_FAILURE): Object: 'Object Repository/Regression BackOffice/CLNK-23449/Admit/DisasterCode' is clicked on&#xD;
&#xD;
2019-09-23 10:42:38 - [MESSAGE][PASSED] - Object: 'Object Repository/Regression BackOffice/CLNK-23449/Admit/DisasterCode' is clicked on&#xD;
&#xD;
2019-09-23 10:42:38 - [TEST_STEP][PASSED] - sendKeys(findTestObject("Regression BackOffice/CLNK-23449/Admit/DisasterCode"), Keys.chord(ARROW_DOWN, ENTER)): Keys 'DOWN + ENTER + ' sent to object: 'Object Repository/Regression BackOffice/CLNK-23449/Admit/DisasterCode'&#xD;
&#xD;
2019-09-23 10:42:38 - [MESSAGE][PASSED] - Keys 'DOWN + ENTER + ' sent to object: 'Object Repository/Regression BackOffice/CLNK-23449/Admit/DisasterCode'&#xD;
&#xD;
2019-09-23 10:42:38 - [TEST_STEP][PASSED] - delay(2): Delayed 2 second(s)&#xD;
&#xD;
2019-09-23 10:42:40 - [MESSAGE][PASSED] - Delayed 2 second(s)&#xD;
&#xD;
2019-09-23 10:42:40 - [TEST_STEP][PASSED] - waitForElementPresent(findTestObject("Regression BackOffice/CLNK-23449/Admit/ClasificationLevel"), 50): Object 'Object Repository/Regression BackOffice/CLNK-23449/Admit/ClasificationLevel' is present&#xD;
&#xD;
2019-09-23 10:42:40 - [MESSAGE][PASSED] - Object 'Object Repository/Regression BackOffice/CLNK-23449/Admit/ClasificationLevel' is present&#xD;
&#xD;
2019-09-23 10:42:40 - [TEST_STEP][PASSED] - click(findTestObject("Regression BackOffice/CLNK-23449/Admit/ClasificationLevel"), STOP_ON_FAILURE): Object: 'Object Repository/Regression BackOffice/CLNK-23449/Admit/ClasificationLevel' is clicked on&#xD;
&#xD;
2019-09-23 10:42:41 - [MESSAGE][PASSED] - Object: 'Object Repository/Regression BackOffice/CLNK-23449/Admit/ClasificationLevel' is clicked on&#xD;
&#xD;
2019-09-23 10:42:41 - [TEST_STEP][PASSED] - sendKeys(findTestObject("Regression BackOffice/CLNK-23449/Admit/ClasificationLevel"), Keys.chord(ARROW_DOWN, ENTER)): Keys 'DOWN + ENTER + ' sent to object: 'Object Repository/Regression BackOffice/CLNK-23449/Admit/ClasificationLevel'&#xD;
&#xD;
2019-09-23 10:42:41 - [MESSAGE][PASSED] - Keys 'DOWN + ENTER + ' sent to object: 'Object Repository/Regression BackOffice/CLNK-23449/Admit/ClasificationLevel'&#xD;
&#xD;
2019-09-23 10:42:41 - [TEST_STEP][PASSED] - delay(2): Delayed 2 second(s)&#xD;
&#xD;
2019-09-23 10:42:43 - [MESSAGE][PASSED] - Delayed 2 second(s)&#xD;
&#xD;
2019-09-23 10:42:43 - [TEST_STEP][PASSED] - waitForElementPresent(findTestObject("Regression BackOffice/CLNK-23449/Admit/HIPAA"), 50): Object 'Object Repository/Regression BackOffice/CLNK-23449/Admit/HIPAA' is present&#xD;
&#xD;
2019-09-23 10:42:43 - [MESSAGE][PASSED] - Object 'Object Repository/Regression BackOffice/CLNK-23449/Admit/HIPAA' is present&#xD;
&#xD;
2019-09-23 10:42:43 - [TEST_STEP][PASSED] - click(findTestObject("Regression BackOffice/CLNK-23449/Admit/HIPAA"), STOP_ON_FAILURE): Object: 'Object Repository/Regression BackOffice/CLNK-23449/Admit/HIPAA' is clicked on&#xD;
&#xD;
2019-09-23 10:42:43 - [MESSAGE][PASSED] - Object: 'Object Repository/Regression BackOffice/CLNK-23449/Admit/HIPAA' is clicked on&#xD;
&#xD;
2019-09-23 10:42:43 - [TEST_STEP][PASSED] - sendKeys(findTestObject("Regression BackOffice/CLNK-23449/Admit/HIPAA"), Keys.chord(ARROW_DOWN, ENTER)): Keys 'DOWN + ENTER + ' sent to object: 'Object Repository/Regression BackOffice/CLNK-23449/Admit/HIPAA'&#xD;
&#xD;
2019-09-23 10:42:43 - [MESSAGE][PASSED] - Keys 'DOWN + ENTER + ' sent to object: 'Object Repository/Regression BackOffice/CLNK-23449/Admit/HIPAA'&#xD;
&#xD;
2019-09-23 10:42:43 - [TEST_STEP][PASSED] - delay(2): Delayed 2 second(s)&#xD;
&#xD;
2019-09-23 10:42:45 - [MESSAGE][PASSED] - Delayed 2 second(s)&#xD;
&#xD;
2019-09-23 10:42:45 - [TEST_STEP][PASSED] - waitForElementPresent(findTestObject("Regression BackOffice/CLNK-23449/Admit/QCode"), 50): Object 'Object Repository/Regression BackOffice/CLNK-23449/Admit/QCode' is present&#xD;
&#xD;
2019-09-23 10:42:45 - [MESSAGE][PASSED] - Object 'Object Repository/Regression BackOffice/CLNK-23449/Admit/QCode' is present&#xD;
&#xD;
2019-09-23 10:42:45 - [TEST_STEP][PASSED] - click(findTestObject("Regression BackOffice/CLNK-23449/Admit/QCode"), STOP_ON_FAILURE): Object: 'Object Repository/Regression BackOffice/CLNK-23449/Admit/QCode' is clicked on&#xD;
&#xD;
2019-09-23 10:42:45 - [MESSAGE][PASSED] - Object: 'Object Repository/Regression BackOffice/CLNK-23449/Admit/QCode' is clicked on&#xD;
&#xD;
2019-09-23 10:42:45 - [TEST_STEP][PASSED] - sendKeys(findTestObject("Regression BackOffice/CLNK-23449/Admit/QCode"), Keys.chord(ARROW_DOWN, ENTER)): Keys 'DOWN + ENTER + ' sent to object: 'Object Repository/Regression BackOffice/CLNK-23449/Admit/QCode'&#xD;
&#xD;
2019-09-23 10:42:46 - [MESSAGE][PASSED] - Keys 'DOWN + ENTER + ' sent to object: 'Object Repository/Regression BackOffice/CLNK-23449/Admit/QCode'&#xD;
&#xD;
2019-09-23 10:42:46 - [TEST_STEP][PASSED] - delay(2): Delayed 2 second(s)&#xD;
&#xD;
2019-09-23 10:42:48 - [MESSAGE][PASSED] - Delayed 2 second(s)&#xD;
&#xD;
2019-09-23 10:42:48 - [TEST_STEP][PASSED] - setText(findTestObject("Regression BackOffice/CLNK-23449/Admit/Effective Begin Date"), G_Date): Text '07/01/2019' is set on object 'Object Repository/Regression BackOffice/CLNK-23449/Admit/Effective Begin Date'&#xD;
&#xD;
2019-09-23 10:42:48 - [MESSAGE][PASSED] - Text '07/01/2019' is set on object 'Object Repository/Regression BackOffice/CLNK-23449/Admit/Effective Begin Date'&#xD;
&#xD;
2019-09-23 10:42:48 - [TEST_STEP][PASSED] - delay(4): Delayed 4 second(s)&#xD;
&#xD;
2019-09-23 10:42:52 - [MESSAGE][PASSED] - Delayed 4 second(s)&#xD;
&#xD;
2019-09-23 10:42:52 - [TEST_STEP][PASSED] - waitForElementPresent(findTestObject("Regression BackOffice/CLNK-23449/Admit/Admission Rules_chkNoPOC"), 50): Object 'Object Repository/Regression BackOffice/CLNK-23449/Admit/Admission Rules_chkNoPOC' is present&#xD;
&#xD;
2019-09-23 10:42:52 - [MESSAGE][PASSED] - Object 'Object Repository/Regression BackOffice/CLNK-23449/Admit/Admission Rules_chkNoPOC' is present&#xD;
&#xD;
2019-09-23 10:42:52 - [TEST_STEP][PASSED] - click(findTestObject("Regression BackOffice/CLNK-23449/Admit/Admission Rules_chkNoPOC"), STOP_ON_FAILURE): Object: 'Object Repository/Regression BackOffice/CLNK-23449/Admit/Admission Rules_chkNoPOC' is clicked on&#xD;
&#xD;
2019-09-23 10:42:52 - [MESSAGE][PASSED] - Object: 'Object Repository/Regression BackOffice/CLNK-23449/Admit/Admission Rules_chkNoPOC' is clicked on&#xD;
&#xD;
2019-09-23 10:42:52 - [TEST_STEP][PASSED] - delay(3, CONTINUE_ON_FAILURE): Delayed 3 second(s)&#xD;
&#xD;
2019-09-23 10:42:55 - [MESSAGE][PASSED] - Delayed 3 second(s)&#xD;
&#xD;
2019-09-23 10:42:55 - [TEST_STEP][PASSED] - waitForElementPresent(findTestObject("Regression BackOffice/CLNK-23449/Admit/btnSaveAdmit"), 50): Object 'Object Repository/Regression BackOffice/CLNK-23449/Admit/btnSaveAdmit' is present&#xD;
&#xD;
2019-09-23 10:42:55 - [MESSAGE][PASSED] - Object 'Object Repository/Regression BackOffice/CLNK-23449/Admit/btnSaveAdmit' is present&#xD;
&#xD;
2019-09-23 10:42:55 - [TEST_STEP][PASSED] - click(findTestObject("Regression BackOffice/CLNK-23449/Admit/btnSaveAdmit"), STOP_ON_FAILURE): Object: 'Object Repository/Regression BackOffice/CLNK-23449/Admit/btnSaveAdmit' is clicked on&#xD;
&#xD;
2019-09-23 10:42:56 - [MESSAGE][PASSED] - Object: 'Object Repository/Regression BackOffice/CLNK-23449/Admit/btnSaveAdmit' is clicked on&#xD;
&#xD;
2019-09-23 10:42:56 - [TEST_STEP][PASSED] - delay(2): Delayed 2 second(s)&#xD;
&#xD;
2019-09-23 10:42:58 - [MESSAGE][PASSED] - Delayed 2 second(s)&#xD;
&#xD;
2019-09-23 10:42:58 - [TEST_STEP][PASSED] - waitForElementPresent(findTestObject("Regression BackOffice/CLNK-23449/Admit/btnAdmit"), 50): Object 'Object Repository/Regression BackOffice/CLNK-23449/Admit/btnAdmit' is present&#xD;
&#xD;
2019-09-23 10:42:58 - [MESSAGE][PASSED] - Object 'Object Repository/Regression BackOffice/CLNK-23449/Admit/btnAdmit' is present&#xD;
&#xD;
2019-09-23 10:42:58 - [TEST_STEP][PASSED] - click(findTestObject("Regression BackOffice/CLNK-23449/Admit/btnAdmit"), STOP_ON_FAILURE): Object: 'Object Repository/Regression BackOffice/CLNK-23449/Admit/btnAdmit' is clicked on&#xD;
&#xD;
2019-09-23 10:42:58 - [MESSAGE][PASSED] - Object: 'Object Repository/Regression BackOffice/CLNK-23449/Admit/btnAdmit' is clicked on&#xD;
&#xD;
2019-09-23 10:42:58 - [TEST_STEP][PASSED] - delay(2): Delayed 2 second(s)&#xD;
&#xD;
2019-09-23 10:43:00 - [MESSAGE][PASSED] - Delayed 2 second(s)&#xD;
&#xD;
2019-09-23 10:43:00 - [TEST_STEP][PASSED] - switchToDefaultContent(): null&#xD;
&#xD;
2019-09-23 10:43:00 - [TEST_STEP][PASSED] - switchToFrame(findTestObject("Regression BackOffice/CLNK-23449/FrameLeft"), 30): null&#xD;
&#xD;
2019-09-23 10:43:00 - [TEST_STEP][PASSED] - waitForElementPresent(findTestObject("Regression BackOffice/CLNK-23449/Validation/Dots"), 100): Object 'Object Repository/Regression BackOffice/CLNK-23449/Validation/Dots' is present&#xD;
&#xD;
2019-09-23 10:43:00 - [MESSAGE][PASSED] - Object 'Object Repository/Regression BackOffice/CLNK-23449/Validation/Dots' is present&#xD;
&#xD;
2019-09-23 10:43:00 - [TEST_STEP][PASSED] - click(findTestObject("Regression BackOffice/CLNK-23449/Validation/Dots")): Object: 'Object Repository/Regression BackOffice/CLNK-23449/Validation/Dots' is clicked on&#xD;
&#xD;
2019-09-23 10:43:00 - [MESSAGE][PASSED] - Object: 'Object Repository/Regression BackOffice/CLNK-23449/Validation/Dots' is clicked on&#xD;
&#xD;
2019-09-23 10:43:00 - [TEST_STEP][PASSED] - delay(2): Delayed 2 second(s)&#xD;
&#xD;
2019-09-23 10:43:02 - [MESSAGE][PASSED] - Delayed 2 second(s)&#xD;
&#xD;
2019-09-23 10:43:02 - [TEST_STEP][PASSED] - waitForPageLoad(50): Wait for page load successfully&#xD;
&#xD;
2019-09-23 10:43:02 - [MESSAGE][PASSED] - Wait for page load successfully&#xD;
&#xD;
2019-09-23 10:43:02 - [TEST_STEP][PASSED] - waitForElementPresent(findTestObject("Regression BackOffice/CLNK-23449/Validation/Client Inquiry DataLink"), 50): Object 'Object Repository/Regression BackOffice/CLNK-23449/Validation/Client Inquiry DataLink' is present&#xD;
&#xD;
2019-09-23 10:43:02 - [MESSAGE][PASSED] - Object 'Object Repository/Regression BackOffice/CLNK-23449/Validation/Client Inquiry DataLink' is present&#xD;
&#xD;
2019-09-23 10:43:02 - [TEST_STEP][PASSED] - click(findTestObject("Regression BackOffice/CLNK-23449/Validation/Client Inquiry DataLink")): Object: 'Object Repository/Regression BackOffice/CLNK-23449/Validation/Client Inquiry DataLink' is clicked on&#xD;
&#xD;
2019-09-23 10:43:03 - [MESSAGE][PASSED] - Object: 'Object Repository/Regression BackOffice/CLNK-23449/Validation/Client Inquiry DataLink' is clicked on&#xD;
&#xD;
2019-09-23 10:43:03 - [TEST_STEP][PASSED] - delay(2): Delayed 2 second(s)&#xD;
&#xD;
2019-09-23 10:43:05 - [MESSAGE][PASSED] - Delayed 2 second(s)&#xD;
&#xD;
2019-09-23 10:43:05 - [TEST_STEP][PASSED] - switchToDefaultContent(): null&#xD;
&#xD;
2019-09-23 10:43:05 - [TEST_STEP][PASSED] - switchToFrame(findTestObject("Regression BackOffice/CLNK-23449/FrameMain"), 30): null&#xD;
&#xD;
2019-09-23 10:43:05 - [TEST_STEP][PASSED] - waitForPageLoad(50): Wait for page load successfully&#xD;
&#xD;
2019-09-23 10:43:05 - [MESSAGE][PASSED] - Wait for page load successfully&#xD;
&#xD;
2019-09-23 10:43:05 - [TEST_STEP][PASSED] - waitForElementPresent(findTestObject("Regression BackOffice/CLNK-23449/Validation/SearchClient"), 50): Object 'Object Repository/Regression BackOffice/CLNK-23449/Validation/SearchClient' is present&#xD;
&#xD;
2019-09-23 10:43:05 - [MESSAGE][PASSED] - Object 'Object Repository/Regression BackOffice/CLNK-23449/Validation/SearchClient' is present&#xD;
&#xD;
2019-09-23 10:43:05 - [TEST_STEP][PASSED] - click(findTestObject("Regression BackOffice/CLNK-23449/Validation/SearchClient")): Object: 'Object Repository/Regression BackOffice/CLNK-23449/Validation/SearchClient' is clicked on&#xD;
&#xD;
2019-09-23 10:43:07 - [MESSAGE][PASSED] - Object: 'Object Repository/Regression BackOffice/CLNK-23449/Validation/SearchClient' is clicked on&#xD;
&#xD;
2019-09-23 10:43:07 - [TEST_STEP][PASSED] - delay(2): Delayed 2 second(s)&#xD;
&#xD;
2019-09-23 10:43:09 - [MESSAGE][PASSED] - Delayed 2 second(s)&#xD;
&#xD;
2019-09-23 10:43:09 - [TEST_STEP][PASSED] - waitForElementPresent(findTestObject("Regression BackOffice/CLNK-23449/Validation/ReferralTypeValue"), 50): Object 'Object Repository/Regression BackOffice/CLNK-23449/Validation/ReferralTypeValue' is present&#xD;
&#xD;
2019-09-23 10:43:09 - [MESSAGE][PASSED] - Object 'Object Repository/Regression BackOffice/CLNK-23449/Validation/ReferralTypeValue' is present&#xD;
&#xD;
2019-09-23 10:43:09 - [TEST_STEP][PASSED] - delay(2): Delayed 2 second(s)&#xD;
&#xD;
2019-09-23 10:43:11 - [MESSAGE][PASSED] - Delayed 2 second(s)&#xD;
&#xD;
2019-09-23 10:43:11 - [TEST_STEP][PASSED] - waitForPageLoad(50): Wait for page load successfully&#xD;
&#xD;
2019-09-23 10:43:11 - [MESSAGE][PASSED] - Wait for page load successfully&#xD;
&#xD;
2019-09-23 10:43:11 - [TEST_STEP][PASSED] - verifyMatch(G_Date, getAttribute(findTestObject("Regression BackOffice/CLNK-23449/Validation/DateValidation"), "value"), false, CONTINUE_ON_FAILURE): Actual text '07/01/2019' and expected text '07/01/2019' are matched &#xD;
&#xD;
2019-09-23 10:43:11 - [MESSAGE][PASSED] - Attribute 'value' of object 'Object Repository/Regression BackOffice/CLNK-23449/Validation/DateValidation' is: '07/01/2019'&#xD;
&#xD;
2019-09-23 10:43:11 - [MESSAGE][PASSED] - Actual text '07/01/2019' and expected text '07/01/2019' are matched &#xD;
&#xD;
2019-09-23 10:43:11 - [TEST_STEP][PASSED] - delay(2): Delayed 2 second(s)&#xD;
&#xD;
2019-09-23 10:43:13 - [MESSAGE][PASSED] - Delayed 2 second(s)&#xD;
&#xD;
2019-09-23 10:43:13 - [TEST_STEP][PASSED] - verifyOptionSelectedByLabel(findTestObject("Regression BackOffice/CLNK-23449/Validation/ReferralTypeValue"), ReferralType, false, 20, CONTINUE_ON_FAILURE): All options with label 'Case Manager -Medicaid' are selected in object 'Object Repository/Regression BackOffice/CLNK-23449/Validation/ReferralTypeValue' &#xD;
&#xD;
2019-09-23 10:43:13 - [MESSAGE][PASSED] - All options with label 'Case Manager -Medicaid' are selected in object 'Object Repository/Regression BackOffice/CLNK-23449/Validation/ReferralTypeValue' &#xD;
&#xD;
2019-09-23 10:43:13 - [TEST_STEP][PASSED] - delay(2): Delayed 2 second(s)&#xD;
&#xD;
2019-09-23 10:43:15 - [MESSAGE][PASSED] - Delayed 2 second(s)&#xD;
&#xD;
2019-09-23 10:43:15 - [TEST_STEP][PASSED] - verifyMatch(G_ReferralSourcePerson, getAttribute(findTestObject("Regression BackOffice/CLNK-23449/Validation/ReferralSourcePerson"), "value"), false, CONTINUE_ON_FAILURE): Actual text 'Lyudmila Kaskov' and expected text 'Lyudmila Kaskov' are matched &#xD;
&#xD;
2019-09-23 10:43:15 - [MESSAGE][PASSED] - Attribute 'value' of object 'Object Repository/Regression BackOffice/CLNK-23449/Validation/ReferralSourcePerson' is: 'Lyudmila Kaskov'&#xD;
&#xD;
2019-09-23 10:43:15 - [MESSAGE][PASSED] - Actual text 'Lyudmila Kaskov' and expected text 'Lyudmila Kaskov' are matched &#xD;
&#xD;
2019-09-23 10:43:15 - [TEST_STEP][PASSED] - delay(2): Delayed 2 second(s)&#xD;
&#xD;
2019-09-23 10:43:17 - [MESSAGE][PASSED] - Delayed 2 second(s)&#xD;
&#xD;
2019-09-23 10:43:17 - [TEST_STEP][PASSED] - verifyMatch(G_ClientFirstName, getAttribute(findTestObject("Regression BackOffice/CLNK-23449/Validation/FirstNameValidation"), "value"), false, CONTINUE_ON_FAILURE): Actual text 'Danielo' and expected text 'Danielo' are matched &#xD;
&#xD;
2019-09-23 10:43:17 - [MESSAGE][PASSED] - Attribute 'value' of object 'Object Repository/Regression BackOffice/CLNK-23449/Validation/FirstNameValidation' is: 'Danielo'&#xD;
&#xD;
2019-09-23 10:43:17 - [MESSAGE][PASSED] - Actual text 'Danielo' and expected text 'Danielo' are matched &#xD;
&#xD;
2019-09-23 10:43:17 - [TEST_STEP][PASSED] - delay(2): Delayed 2 second(s)&#xD;
&#xD;
2019-09-23 10:43:19 - [MESSAGE][PASSED] - Delayed 2 second(s)&#xD;
&#xD;
2019-09-23 10:43:19 - [TEST_STEP][PASSED] - verifyMatch(G_ClientMiddleName, getAttribute(findTestObject("Regression BackOffice/CLNK-23449/Validation/MiddleInitialValidation"), "value"), false, CONTINUE_ON_FAILURE): Actual text 'L' and expected text 'L' are matched &#xD;
&#xD;
2019-09-23 10:43:19 - [MESSAGE][PASSED] - Attribute 'value' of object 'Object Repository/Regression BackOffice/CLNK-23449/Validation/MiddleInitialValidation' is: 'L'&#xD;
&#xD;
2019-09-23 10:43:19 - [MESSAGE][PASSED] - Actual text 'L' and expected text 'L' are matched &#xD;
&#xD;
2019-09-23 10:43:19 - [TEST_STEP][PASSED] - delay(2): Delayed 2 second(s)&#xD;
&#xD;
2019-09-23 10:43:21 - [MESSAGE][PASSED] - Delayed 2 second(s)&#xD;
&#xD;
2019-09-23 10:43:21 - [TEST_STEP][PASSED] - verifyMatch(G_ClientLastName, getAttribute(findTestObject("Regression BackOffice/CLNK-23449/Validation/LastNameValidation"), "value"), false, CONTINUE_ON_FAILURE): Actual text 'Danielisky' and expected text 'Danielisky' are matched &#xD;
&#xD;
2019-09-23 10:43:22 - [MESSAGE][PASSED] - Attribute 'value' of object 'Object Repository/Regression BackOffice/CLNK-23449/Validation/LastNameValidation' is: 'Danielisky'&#xD;
&#xD;
2019-09-23 10:43:22 - [MESSAGE][PASSED] - Actual text 'Danielisky' and expected text 'Danielisky' are matched &#xD;
&#xD;
2019-09-23 10:43:22 - [TEST_STEP][PASSED] - delay(2): Delayed 2 second(s)&#xD;
&#xD;
2019-09-23 10:43:24 - [MESSAGE][PASSED] - Delayed 2 second(s)&#xD;
&#xD;
2019-09-23 10:43:24 - [TEST_STEP][PASSED] - verifyMatch(DOB, getAttribute(findTestObject("Regression BackOffice/CLNK-23449/Validation/DOBValidation"), "value"), false, CONTINUE_ON_FAILURE): Actual text '05/23/1970' and expected text '05/23/1970' are matched &#xD;
&#xD;
2019-09-23 10:43:24 - [MESSAGE][PASSED] - Attribute 'value' of object 'Object Repository/Regression BackOffice/CLNK-23449/Validation/DOBValidation' is: '05/23/1970'&#xD;
&#xD;
2019-09-23 10:43:24 - [MESSAGE][PASSED] - Actual text '05/23/1970' and expected text '05/23/1970' are matched &#xD;
&#xD;
2019-09-23 10:43:24 - [TEST_STEP][PASSED] - delay(2): Delayed 2 second(s)&#xD;
&#xD;
2019-09-23 10:43:26 - [MESSAGE][PASSED] - Delayed 2 second(s)&#xD;
&#xD;
2019-09-23 10:43:26 - [TEST_STEP][PASSED] - verifyMatch(Sexo, getAttribute(findTestObject("Regression BackOffice/CLNK-23449/Validation/SexValidation"), "value"), false, CONTINUE_ON_FAILURE): Actual text 'M' and expected text 'M' are matched &#xD;
&#xD;
2019-09-23 10:43:26 - [MESSAGE][PASSED] - Attribute 'value' of object 'Object Repository/Regression BackOffice/CLNK-23449/Validation/SexValidation' is: 'M'&#xD;
&#xD;
2019-09-23 10:43:26 - [MESSAGE][PASSED] - Actual text 'M' and expected text 'M' are matched &#xD;
&#xD;
2019-09-23 10:43:26 - [TEST_STEP][PASSED] - delay(2): Delayed 2 second(s)&#xD;
&#xD;
2019-09-23 10:43:28 - [MESSAGE][PASSED] - Delayed 2 second(s)&#xD;
&#xD;
2019-09-23 10:43:28 - [TEST_STEP][PASSED] - verifyMatch(SSN1, getAttribute(findTestObject("Regression BackOffice/CLNK-23449/Validation/SSN1Validation"), "value"), false, CONTINUE_ON_FAILURE): Actual text '436' and expected text '436' are matched &#xD;
&#xD;
2019-09-23 10:43:28 - [MESSAGE][PASSED] - Attribute 'value' of object 'Object Repository/Regression BackOffice/CLNK-23449/Validation/SSN1Validation' is: '436'&#xD;
&#xD;
2019-09-23 10:43:28 - [MESSAGE][PASSED] - Actual text '436' and expected text '436' are matched &#xD;
&#xD;
2019-09-23 10:43:28 - [TEST_STEP][PASSED] - delay(2): Delayed 2 second(s)&#xD;
&#xD;
2019-09-23 10:43:30 - [MESSAGE][PASSED] - Delayed 2 second(s)&#xD;
&#xD;
2019-09-23 10:43:30 - [TEST_STEP][PASSED] - waitForElementPresent(findTestObject("Regression BackOffice/CLNK-23449/Validation/Phone/PhoneSelected"), 50): Object 'Object Repository/Regression BackOffice/CLNK-23449/Validation/Phone/PhoneSelected' is present&#xD;
&#xD;
2019-09-23 10:43:30 - [MESSAGE][PASSED] - Object 'Object Repository/Regression BackOffice/CLNK-23449/Validation/Phone/PhoneSelected' is present&#xD;
&#xD;
2019-09-23 10:43:30 - [TEST_STEP][PASSED] - scrollToElement(findTestObject("Regression BackOffice/CLNK-23449/Validation/Phone/PhoneSelected"), 0): Scroll to object 'Object Repository/Regression BackOffice/CLNK-23449/Validation/Phone/PhoneSelected' successfully&#xD;
&#xD;
2019-09-23 10:43:30 - [MESSAGE][WARNING] - Timeout '0' is invalid. Using default page load timeout: '30'&#xD;
&#xD;
2019-09-23 10:43:30 - [MESSAGE][PASSED] - Scroll to object 'Object Repository/Regression BackOffice/CLNK-23449/Validation/Phone/PhoneSelected' successfully&#xD;
&#xD;
2019-09-23 10:43:30 - [TEST_STEP][PASSED] - click(findTestObject("Regression BackOffice/CLNK-23449/Validation/Phone/PhoneSelected")): Object: 'Object Repository/Regression BackOffice/CLNK-23449/Validation/Phone/PhoneSelected' is clicked on&#xD;
&#xD;
2019-09-23 10:43:30 - [MESSAGE][PASSED] - Object: 'Object Repository/Regression BackOffice/CLNK-23449/Validation/Phone/PhoneSelected' is clicked on&#xD;
&#xD;
2019-09-23 10:43:30 - [TEST_STEP][PASSED] - delay(2): Delayed 2 second(s)&#xD;
&#xD;
2019-09-23 10:43:32 - [MESSAGE][PASSED] - Delayed 2 second(s)&#xD;
&#xD;
2019-09-23 10:43:32 - [TEST_STEP][PASSED] - verifyOptionSelectedByLabel(findTestObject("Regression BackOffice/CLNK-23449/Validation/Phone/CellTypeValidation"), CellType, false, 20, CONTINUE_ON_FAILURE): All options with label 'Cell' are selected in object 'Object Repository/Regression BackOffice/CLNK-23449/Validation/Phone/CellTypeValidation' &#xD;
&#xD;
2019-09-23 10:43:33 - [MESSAGE][PASSED] - All options with label 'Cell' are selected in object 'Object Repository/Regression BackOffice/CLNK-23449/Validation/Phone/CellTypeValidation' &#xD;
&#xD;
2019-09-23 10:43:33 - [TEST_STEP][PASSED] - delay(2): Delayed 2 second(s)&#xD;
&#xD;
2019-09-23 10:43:35 - [MESSAGE][PASSED] - Delayed 2 second(s)&#xD;
&#xD;
2019-09-23 10:43:35 - [TEST_STEP][PASSED] - CallBack2 = getText(findTestObject("Regression BackOffice/CLNK-23449/Validation/CallBackValidation")): Text of object 'Object Repository/Regression BackOffice/CLNK-23449/Validation/CallBackValidation' is: 'Call Back on Tue, 07/02/2019 (1 days)'&#xD;
&#xD;
2019-09-23 10:43:35 - [MESSAGE][PASSED] - Text of object 'Object Repository/Regression BackOffice/CLNK-23449/Validation/CallBackValidation' is: 'Call Back on Tue, 07/02/2019 (1 days)'&#xD;
&#xD;
2019-09-23 10:43:35 - [TEST_STEP][PASSED] - delay(5): Delayed 5 second(s)&#xD;
&#xD;
2019-09-23 10:43:40 - [MESSAGE][PASSED] - Delayed 5 second(s)&#xD;
&#xD;
2019-09-23 10:43:40 - [TEST_STEP][PASSED] - verifyMatch(CallBack, CallBack2, false, CONTINUE_ON_FAILURE): Actual text 'Call Back on Tue, 07/02/2019 (1 days)' and expected text 'Call Back on Tue, 07/02/2019 (1 days)' are matched &#xD;
&#xD;
2019-09-23 10:43:40 - [MESSAGE][PASSED] - Actual text 'Call Back on Tue, 07/02/2019 (1 days)' and expected text 'Call Back on Tue, 07/02/2019 (1 days)' are matched &#xD;
&#xD;
2019-09-23 10:43:40 - [TEST_STEP][PASSED] - delay(5): Delayed 5 second(s)&#xD;
&#xD;
2019-09-23 10:43:45 - [MESSAGE][PASSED] - Delayed 5 second(s)&#xD;
&#xD;
2019-09-23 10:43:45 - [TEST_STEP][PASSED] - switchToDefaultContent(): null&#xD;
&#xD;
2019-09-23 10:43:45 - [TEST_STEP][PASSED] - switchToFrame(findTestObject("Regression BackOffice/CLNK-23449/FrameLeft"), 30): null&#xD;
&#xD;
2019-09-23 10:43:45 - [TEST_STEP][PASSED] - waitForElementPresent(findTestObject("Regression BackOffice/CLNK-23449/Validation/Dots"), 100): Object 'Object Repository/Regression BackOffice/CLNK-23449/Validation/Dots' is present&#xD;
&#xD;
2019-09-23 10:43:45 - [MESSAGE][PASSED] - Object 'Object Repository/Regression BackOffice/CLNK-23449/Validation/Dots' is present&#xD;
&#xD;
2019-09-23 10:43:45 - [TEST_STEP][PASSED] - click(findTestObject("Regression BackOffice/CLNK-23449/Validation/Dots")): Object: 'Object Repository/Regression BackOffice/CLNK-23449/Validation/Dots' is clicked on&#xD;
&#xD;
2019-09-23 10:43:45 - [MESSAGE][PASSED] - Object: 'Object Repository/Regression BackOffice/CLNK-23449/Validation/Dots' is clicked on&#xD;
&#xD;
2019-09-23 10:43:45 - [TEST_STEP][PASSED] - delay(2): Delayed 2 second(s)&#xD;
&#xD;
2019-09-23 10:43:47 - [MESSAGE][PASSED] - Delayed 2 second(s)&#xD;
&#xD;
2019-09-23 10:43:47 - [TEST_STEP][PASSED] - waitForPageLoad(50): Wait for page load successfully&#xD;
&#xD;
2019-09-23 10:43:47 - [MESSAGE][PASSED] - Wait for page load successfully&#xD;
&#xD;
2019-09-23 10:43:47 - [TEST_STEP][PASSED] - waitForElementPresent(findTestObject("Regression BackOffice/CLNK-23449/Validation/Admision/AdmissionLink"), 50): Object 'Object Repository/Regression BackOffice/CLNK-23449/Validation/Admision/AdmissionLink' is present&#xD;
&#xD;
2019-09-23 10:43:47 - [MESSAGE][PASSED] - Object 'Object Repository/Regression BackOffice/CLNK-23449/Validation/Admision/AdmissionLink' is present&#xD;
&#xD;
2019-09-23 10:43:47 - [TEST_STEP][PASSED] - click(findTestObject("Regression BackOffice/CLNK-23449/Validation/Admision/AdmissionLink")): Object: 'Object Repository/Regression BackOffice/CLNK-23449/Validation/Admision/AdmissionLink' is clicked on&#xD;
&#xD;
2019-09-23 10:43:47 - [MESSAGE][PASSED] - Object: 'Object Repository/Regression BackOffice/CLNK-23449/Validation/Admision/AdmissionLink' is clicked on&#xD;
&#xD;
2019-09-23 10:43:47 - [TEST_STEP][PASSED] - delay(5): Delayed 5 second(s)&#xD;
&#xD;
2019-09-23 10:43:52 - [MESSAGE][PASSED] - Delayed 5 second(s)&#xD;
&#xD;
2019-09-23 10:43:52 - [TEST_STEP][PASSED] - acceptAlert(): Alert accepted&#xD;
&#xD;
2019-09-23 10:43:52 - [MESSAGE][PASSED] - Alert accepted&#xD;
&#xD;
2019-09-23 10:43:52 - [TEST_STEP][PASSED] - delay(2): Delayed 2 second(s)&#xD;
&#xD;
2019-09-23 10:43:54 - [MESSAGE][PASSED] - Delayed 2 second(s)&#xD;
&#xD;
2019-09-23 10:43:54 - [TEST_STEP][PASSED] - switchToDefaultContent(): null&#xD;
&#xD;
2019-09-23 10:43:59 - [TEST_STEP][PASSED] - switchToFrame(findTestObject("Regression BackOffice/CLNK-23449/FrameMain"), 30): null&#xD;
&#xD;
2019-09-23 10:43:59 - [TEST_STEP][PASSED] - waitForPageLoad(50): Wait for page load successfully&#xD;
&#xD;
2019-09-23 10:43:59 - [MESSAGE][PASSED] - Wait for page load successfully&#xD;
&#xD;
2019-09-23 10:43:59 - [TEST_STEP][PASSED] - delay(5): Delayed 5 second(s)&#xD;
&#xD;
2019-09-23 10:44:04 - [MESSAGE][PASSED] - Delayed 5 second(s)&#xD;
&#xD;
2019-09-23 10:44:04 - [TEST_STEP][PASSED] - PNameValidation = getText(findTestObject("Regression BackOffice/CLNK-23449/Validation/Admision/PhysicianNameValidation")): Text of object 'Object Repository/Regression BackOffice/CLNK-23449/Validation/Admision/PhysicianNameValidation' is: 'CYNTHIA ABBOTT-JONES'&#xD;
&#xD;
2019-09-23 10:44:05 - [MESSAGE][PASSED] - Text of object 'Object Repository/Regression BackOffice/CLNK-23449/Validation/Admision/PhysicianNameValidation' is: 'CYNTHIA ABBOTT-JONES'&#xD;
&#xD;
2019-09-23 10:44:05 - [TEST_STEP][PASSED] - verifyMatch(PhysicianName, PNameValidation, false, CONTINUE_ON_FAILURE): Actual text 'CYNTHIA ABBOTT-JONES' and expected text 'CYNTHIA ABBOTT-JONES' are matched &#xD;
&#xD;
2019-09-23 10:44:05 - [MESSAGE][PASSED] - Actual text 'CYNTHIA ABBOTT-JONES' and expected text 'CYNTHIA ABBOTT-JONES' are matched &#xD;
&#xD;
2019-09-23 10:44:05 - [TEST_STEP][PASSED] - delay(2): Delayed 2 second(s)&#xD;
&#xD;
2019-09-23 10:44:07 - [MESSAGE][PASSED] - Delayed 2 second(s)&#xD;
&#xD;
2019-09-23 10:44:07 - [TEST_STEP][PASSED] - switchToDefaultContent(): null&#xD;
&#xD;
2019-09-23 10:44:07 - [TEST_STEP][PASSED] - switchToFrame(findTestObject("Regression BackOffice/CLNK-23449/FrameLeft"), 30): null&#xD;
&#xD;
2019-09-23 10:44:07 - [TEST_STEP][PASSED] - waitForElementPresent(findTestObject("Regression BackOffice/CLNK-23449/Validation/Dots"), 100): Object 'Object Repository/Regression BackOffice/CLNK-23449/Validation/Dots' is present&#xD;
&#xD;
2019-09-23 10:44:07 - [MESSAGE][PASSED] - Object 'Object Repository/Regression BackOffice/CLNK-23449/Validation/Dots' is present&#xD;
&#xD;
2019-09-23 10:44:07 - [TEST_STEP][PASSED] - click(findTestObject("Regression BackOffice/CLNK-23449/Validation/Dots")): Object: 'Object Repository/Regression BackOffice/CLNK-23449/Validation/Dots' is clicked on&#xD;
&#xD;
2019-09-23 10:44:07 - [MESSAGE][PASSED] - Object: 'Object Repository/Regression BackOffice/CLNK-23449/Validation/Dots' is clicked on&#xD;
&#xD;
2019-09-23 10:44:07 - [TEST_STEP][PASSED] - delay(2): Delayed 2 second(s)&#xD;
&#xD;
2019-09-23 10:44:09 - [MESSAGE][PASSED] - Delayed 2 second(s)&#xD;
&#xD;
2019-09-23 10:44:09 - [TEST_STEP][PASSED] - waitForPageLoad(50): Wait for page load successfully&#xD;
&#xD;
2019-09-23 10:44:09 - [MESSAGE][PASSED] - Wait for page load successfully&#xD;
&#xD;
2019-09-23 10:44:09 - [TEST_STEP][PASSED] - waitForElementPresent(findTestObject("Regression BackOffice/CLNK-23449/Validation/Payer/PayerSourcesLink"), 50): Object 'Object Repository/Regression BackOffice/CLNK-23449/Validation/Payer/PayerSourcesLink' is present&#xD;
&#xD;
2019-09-23 10:44:09 - [MESSAGE][PASSED] - Object 'Object Repository/Regression BackOffice/CLNK-23449/Validation/Payer/PayerSourcesLink' is present&#xD;
&#xD;
2019-09-23 10:44:09 - [TEST_STEP][PASSED] - click(findTestObject("Regression BackOffice/CLNK-23449/Validation/Payer/PayerSourcesLink")): Object: 'Object Repository/Regression BackOffice/CLNK-23449/Validation/Payer/PayerSourcesLink' is clicked on&#xD;
&#xD;
2019-09-23 10:44:10 - [MESSAGE][PASSED] - Object: 'Object Repository/Regression BackOffice/CLNK-23449/Validation/Payer/PayerSourcesLink' is clicked on&#xD;
&#xD;
2019-09-23 10:44:10 - [TEST_STEP][PASSED] - delay(10): Delayed 10 second(s)&#xD;
&#xD;
2019-09-23 10:44:20 - [MESSAGE][PASSED] - Delayed 10 second(s)&#xD;
&#xD;
2019-09-23 10:44:20 - [TEST_STEP][PASSED] - switchToDefaultContent(): null&#xD;
&#xD;
2019-09-23 10:44:20 - [TEST_STEP][PASSED] - switchToFrame(findTestObject("Regression BackOffice/CLNK-23449/FrameMain"), 60): null&#xD;
&#xD;
2019-09-23 10:44:20 - [TEST_STEP][PASSED] - waitForPageLoad(50): Wait for page load successfully&#xD;
&#xD;
2019-09-23 10:44:20 - [MESSAGE][PASSED] - Wait for page load successfully&#xD;
&#xD;
2019-09-23 10:44:20 - [TEST_STEP][PASSED] - delay(5): Delayed 5 second(s)&#xD;
&#xD;
2019-09-23 10:44:25 - [MESSAGE][PASSED] - Delayed 5 second(s)&#xD;
&#xD;
2019-09-23 10:44:25 - [TEST_STEP][PASSED] - waitForElementPresent(findTestObject("Regression BackOffice/CLNK-23449/Validation/Payer/PayerSearched"), 50): Object 'Object Repository/Regression BackOffice/CLNK-23449/Validation/Payer/PayerSearched' is present&#xD;
&#xD;
2019-09-23 10:44:25 - [MESSAGE][PASSED] - Object 'Object Repository/Regression BackOffice/CLNK-23449/Validation/Payer/PayerSearched' is present&#xD;
&#xD;
2019-09-23 10:44:25 - [TEST_STEP][PASSED] - click(findTestObject("Regression BackOffice/CLNK-23449/Validation/Payer/PayerSearched")): Object: 'Object Repository/Regression BackOffice/CLNK-23449/Validation/Payer/PayerSearched' is clicked on&#xD;
&#xD;
2019-09-23 10:44:28 - [MESSAGE][PASSED] - Object: 'Object Repository/Regression BackOffice/CLNK-23449/Validation/Payer/PayerSearched' is clicked on&#xD;
&#xD;
2019-09-23 10:44:28 - [TEST_STEP][PASSED] - delay(2): Delayed 2 second(s)&#xD;
&#xD;
2019-09-23 10:44:30 - [MESSAGE][PASSED] - Delayed 2 second(s)&#xD;
&#xD;
2019-09-23 10:44:30 - [TEST_STEP][PASSED] - MediValidation = getAttribute(findTestObject("Regression BackOffice/CLNK-23449/Validation/Payer/MediValidation"), "value"): Attribute 'value' of object 'Object Repository/Regression BackOffice/CLNK-23449/Validation/Payer/MediValidation' is: '123456789a'&#xD;
&#xD;
2019-09-23 10:44:30 - [MESSAGE][PASSED] - Attribute 'value' of object 'Object Repository/Regression BackOffice/CLNK-23449/Validation/Payer/MediValidation' is: '123456789a'&#xD;
&#xD;
2019-09-23 10:44:30 - [TEST_STEP][PASSED] - verifyMatch(MedId, MediValidation, false, CONTINUE_ON_FAILURE): Actual text '123456789a' and expected text '123456789a' are matched &#xD;
&#xD;
2019-09-23 10:44:30 - [MESSAGE][PASSED] - Actual text '123456789a' and expected text '123456789a' are matched &#xD;
&#xD;
2019-09-23 10:44:30 - [TEST_STEP][PASSED] - delay(2): Delayed 2 second(s)&#xD;
&#xD;
2019-09-23 10:44:32 - [MESSAGE][PASSED] - Delayed 2 second(s)&#xD;
&#xD;
2019-09-23 10:44:32 - [TEST_STEP][PASSED] - closeBrowser(): Browser is closed&#xD;
&#xD;
2019-09-23 10:44:33 - [MESSAGE][PASSED] - Browser is closed</system-out>
            <system-err></system-err>
        </testcase>
        <testcase name="Test Cases/Regression BackOffice (All Browsers)/CLNK-28718 - BO - Full Caregiver creation" classname="Test Cases/Regression BackOffice (All Browsers)/CLNK-28718 - BO - Full Caregiver creation" status="PASSED">
            <system-out>2019-09-23 10:44:35 - [TEST_CASE][PASSED] - Test Cases/Regression BackOffice (All Browsers)/CLNK-28718 - BO - Full Caregiver creation: Test Cases/Regression BackOffice (All Browsers)/CLNK-28718 - BO - Full Caregiver creation&#xD;
&#xD;
2019-09-23 10:44:35 - [TEST_STEP][PASSED] - callTestCase(findTestCase("Regression BackOffice (All Browsers)/CLNK-23439 - Clink - Back office Client"), [:], STOP_ON_FAILURE): Call Test Case 'Test Cases/Regression BackOffice (All Browsers)/CLNK-23439 - Clink - Back office Client' successfully&#xD;
&#xD;
2019-09-23 10:44:35 - [TEST_CASE][PASSED] - Test Cases/Regression BackOffice (All Browsers)/CLNK-23439 - Clink - Back office Client: Test Cases/Regression BackOffice (All Browsers)/CLNK-23439 - Clink - Back office Client&#xD;
&#xD;
2019-09-23 10:44:35 - [TEST_STEP][PASSED] - deleteAllCookies(): Delete all cookies successfully&#xD;
&#xD;
2019-09-23 10:44:35 - [MESSAGE][WARNING] - Cannot delete cookies because browser is closed&#xD;
&#xD;
2019-09-23 10:44:35 - [MESSAGE][PASSED] - Delete all cookies successfully&#xD;
&#xD;
2019-09-23 10:44:35 - [TEST_STEP][PASSED] - openBrowser(G_SiteBackOffice): Browser is opened with url: 'https://qanewpoc.continulink.com:8443/Backoffice/'&#xD;
&#xD;
2019-09-23 10:44:35 - [MESSAGE][INFO] - Starting 'Chrome' driver&#xD;
&#xD;
2019-09-23 10:44:43 - [MESSAGE][PASSED] - Browser is opened with url: 'https://qanewpoc.continulink.com:8443/Backoffice/'&#xD;
&#xD;
2019-09-23 10:44:43 - [TEST_STEP][PASSED] - waitForPageLoad(60): Wait for page load successfully&#xD;
&#xD;
2019-09-23 10:44:43 - [MESSAGE][PASSED] - Wait for page load successfully&#xD;
&#xD;
2019-09-23 10:44:43 - [TEST_STEP][PASSED] - maximizeWindow(): Current window maximized&#xD;
&#xD;
2019-09-23 10:44:47 - [MESSAGE][PASSED] - Current window maximized&#xD;
&#xD;
2019-09-23 10:44:47 - [TEST_STEP][PASSED] - setText(findTestObject("Regression BackOffice/Login/UserBackOffice"), G_UserBackOffice): Text 'automation_admin' is set on object 'Object Repository/Regression BackOffice/Login/UserBackOffice'&#xD;
&#xD;
2019-09-23 10:44:47 - [MESSAGE][PASSED] - Text 'automation_admin' is set on object 'Object Repository/Regression BackOffice/Login/UserBackOffice'&#xD;
&#xD;
2019-09-23 10:44:47 - [TEST_STEP][PASSED] - setText(findTestObject("Regression BackOffice/Login/PasswordBackOffice"), G_PasswordBackOffice): Text 'qwerty' is set on object 'Object Repository/Regression BackOffice/Login/PasswordBackOffice'&#xD;
&#xD;
2019-09-23 10:44:48 - [MESSAGE][PASSED] - Text 'qwerty' is set on object 'Object Repository/Regression BackOffice/Login/PasswordBackOffice'&#xD;
&#xD;
2019-09-23 10:44:48 - [TEST_STEP][PASSED] - click(findTestObject("Regression BackOffice/Login/LoginBackOffice")): Object: 'Object Repository/Regression BackOffice/Login/LoginBackOffice' is clicked on&#xD;
&#xD;
2019-09-23 10:44:52 - [MESSAGE][PASSED] - Object: 'Object Repository/Regression BackOffice/Login/LoginBackOffice' is clicked on&#xD;
&#xD;
2019-09-23 10:44:52 - [TEST_STEP][PASSED] - waitForPageLoad(60): Wait for page load successfully&#xD;
&#xD;
2019-09-23 10:44:52 - [MESSAGE][PASSED] - Wait for page load successfully&#xD;
&#xD;
2019-09-23 10:44:52 - [TEST_STEP][PASSED] - delay(2): Delayed 2 second(s)&#xD;
&#xD;
2019-09-23 10:44:54 - [MESSAGE][PASSED] - Delayed 2 second(s)&#xD;
&#xD;
2019-09-23 10:44:54 - [TEST_STEP][PASSED] - switchToFrame(findTestObject("Regression BackOffice/CLINK-Frames/FrameFrameLeft"), 5, STOP_ON_FAILURE): null&#xD;
&#xD;
2019-09-23 10:44:54 - [TEST_STEP][PASSED] - delay(2): Delayed 2 second(s)&#xD;
&#xD;
2019-09-23 10:44:56 - [MESSAGE][PASSED] - Delayed 2 second(s)&#xD;
&#xD;
2019-09-23 10:44:56 - [TEST_STEP][PASSED] - waitForElementPresent(findTestObject("Regression BackOffice/CLINK-Frames/ClientIntake"), 50): Object 'Object Repository/Regression BackOffice/CLINK-Frames/ClientIntake' is present&#xD;
&#xD;
2019-09-23 10:44:56 - [MESSAGE][PASSED] - Object 'Object Repository/Regression BackOffice/CLINK-Frames/ClientIntake' is present&#xD;
&#xD;
2019-09-23 10:44:56 - [TEST_STEP][PASSED] - verifyElementPresent(findTestObject("Regression BackOffice/CLINK-Frames/ClientIntake"), 100, STOP_ON_FAILURE): Object 'Object Repository/Regression BackOffice/CLINK-Frames/ClientIntake' is present&#xD;
&#xD;
2019-09-23 10:44:56 - [MESSAGE][PASSED] - Object 'Object Repository/Regression BackOffice/CLINK-Frames/ClientIntake' is present&#xD;
&#xD;
2019-09-23 10:44:56 - [TEST_STEP][PASSED] - switchToDefaultContent(): null&#xD;
&#xD;
2019-09-23 10:44:56 - [MESSAGE][PASSED] - Call Test Case 'Test Cases/Regression BackOffice (All Browsers)/CLNK-23439 - Clink - Back office Client' successfully&#xD;
&#xD;
2019-09-23 10:44:56 - [TEST_STEP][PASSED] - waitForPageLoad(60): Wait for page load successfully&#xD;
&#xD;
2019-09-23 10:44:56 - [MESSAGE][PASSED] - Wait for page load successfully&#xD;
&#xD;
2019-09-23 10:44:56 - [TEST_STEP][PASSED] - delay(3): Delayed 3 second(s)&#xD;
&#xD;
2019-09-23 10:44:59 - [MESSAGE][PASSED] - Delayed 3 second(s)&#xD;
&#xD;
2019-09-23 10:44:59 - [TEST_STEP][PASSED] - switchToFrame(findTestObject("Regression BackOffice/CLNK-23449/FrameLeft"), 30): null&#xD;
&#xD;
2019-09-23 10:44:59 - [TEST_STEP][PASSED] - waitForElementPresent(findTestObject("Regression BackOffice/CLNK-23441/Caregiver  HRLink"), 100): Object 'Object Repository/Regression BackOffice/CLNK-23441/Caregiver  HRLink' is present&#xD;
&#xD;
2019-09-23 10:44:59 - [MESSAGE][PASSED] - Object 'Object Repository/Regression BackOffice/CLNK-23441/Caregiver  HRLink' is present&#xD;
&#xD;
2019-09-23 10:44:59 - [TEST_STEP][PASSED] - click(findTestObject("Regression BackOffice/CLNK-23441/Caregiver  HRLink")): Object: 'Object Repository/Regression BackOffice/CLNK-23441/Caregiver  HRLink' is clicked on&#xD;
&#xD;
2019-09-23 10:44:59 - [MESSAGE][PASSED] - Object: 'Object Repository/Regression BackOffice/CLNK-23441/Caregiver  HRLink' is clicked on&#xD;
&#xD;
2019-09-23 10:44:59 - [TEST_STEP][PASSED] - delay(2): Delayed 2 second(s)&#xD;
&#xD;
2019-09-23 10:45:01 - [MESSAGE][PASSED] - Delayed 2 second(s)&#xD;
&#xD;
2019-09-23 10:45:01 - [TEST_STEP][PASSED] - waitForPageLoad(50): Wait for page load successfully&#xD;
&#xD;
2019-09-23 10:45:02 - [MESSAGE][PASSED] - Wait for page load successfully&#xD;
&#xD;
2019-09-23 10:45:02 - [TEST_STEP][PASSED] - waitForElementPresent(findTestObject("Regression BackOffice/CLINK - 28718/Caregiver Search"), 100): Object 'Object Repository/Regression BackOffice/CLINK - 28718/Caregiver Search' is present&#xD;
&#xD;
2019-09-23 10:45:02 - [MESSAGE][PASSED] - Object 'Object Repository/Regression BackOffice/CLINK - 28718/Caregiver Search' is present&#xD;
&#xD;
2019-09-23 10:45:02 - [TEST_STEP][PASSED] - click(findTestObject("Regression BackOffice/CLINK - 28718/Caregiver Search")): Object: 'Object Repository/Regression BackOffice/CLINK - 28718/Caregiver Search' is clicked on&#xD;
&#xD;
2019-09-23 10:45:15 - [MESSAGE][PASSED] - Object: 'Object Repository/Regression BackOffice/CLINK - 28718/Caregiver Search' is clicked on&#xD;
&#xD;
2019-09-23 10:45:15 - [TEST_STEP][PASSED] - delay(2): Delayed 2 second(s)&#xD;
&#xD;
2019-09-23 10:45:17 - [MESSAGE][PASSED] - Delayed 2 second(s)&#xD;
&#xD;
2019-09-23 10:45:17 - [TEST_STEP][PASSED] - waitForPageLoad(60): Wait for page load successfully&#xD;
&#xD;
2019-09-23 10:45:17 - [MESSAGE][PASSED] - Wait for page load successfully&#xD;
&#xD;
2019-09-23 10:45:17 - [TEST_STEP][PASSED] - switchToDefaultContent(): null&#xD;
&#xD;
2019-09-23 10:45:17 - [TEST_STEP][PASSED] - switchToFrame(findTestObject("Regression BackOffice/CLNK-23449/FrameMain"), 30): null&#xD;
&#xD;
2019-09-23 10:45:17 - [TEST_STEP][PASSED] - waitForElementPresent(findTestObject("Regression BackOffice/CLINK - 28718/CaregiverFirst Name"), 50): Object 'Object Repository/Regression BackOffice/CLINK - 28718/CaregiverFirst Name' is present&#xD;
&#xD;
2019-09-23 10:45:17 - [MESSAGE][PASSED] - Object 'Object Repository/Regression BackOffice/CLINK - 28718/CaregiverFirst Name' is present&#xD;
&#xD;
2019-09-23 10:45:17 - [TEST_STEP][PASSED] - setText(findTestObject("Regression BackOffice/CLINK - 28718/CaregiverFirst Name"), G_CaregiverFirstName): Text 'Ochenta' is set on object 'Object Repository/Regression BackOffice/CLINK - 28718/CaregiverFirst Name'&#xD;
&#xD;
2019-09-23 10:45:17 - [MESSAGE][PASSED] - Text 'Ochenta' is set on object 'Object Repository/Regression BackOffice/CLINK - 28718/CaregiverFirst Name'&#xD;
&#xD;
2019-09-23 10:45:17 - [TEST_STEP][PASSED] - delay(2): Delayed 2 second(s)&#xD;
&#xD;
2019-09-23 10:45:19 - [MESSAGE][PASSED] - Delayed 2 second(s)&#xD;
&#xD;
2019-09-23 10:45:19 - [TEST_STEP][PASSED] - waitForElementPresent(findTestObject("Regression BackOffice/CLINK - 28718/CaregiverLast Name"), 50): Object 'Object Repository/Regression BackOffice/CLINK - 28718/CaregiverLast Name' is present&#xD;
&#xD;
2019-09-23 10:45:20 - [MESSAGE][PASSED] - Object 'Object Repository/Regression BackOffice/CLINK - 28718/CaregiverLast Name' is present&#xD;
&#xD;
2019-09-23 10:45:20 - [TEST_STEP][PASSED] - setText(findTestObject("Regression BackOffice/CLINK - 28718/CaregiverLast Name"), G_CareGiverLastName): Text 'Ochentilla' is set on object 'Object Repository/Regression BackOffice/CLINK - 28718/CaregiverLast Name'&#xD;
&#xD;
2019-09-23 10:45:20 - [MESSAGE][PASSED] - Text 'Ochentilla' is set on object 'Object Repository/Regression BackOffice/CLINK - 28718/CaregiverLast Name'&#xD;
&#xD;
2019-09-23 10:45:20 - [TEST_STEP][PASSED] - delay(2): Delayed 2 second(s)&#xD;
&#xD;
2019-09-23 10:45:22 - [MESSAGE][PASSED] - Delayed 2 second(s)&#xD;
&#xD;
2019-09-23 10:45:22 - [TEST_STEP][PASSED] - waitForElementPresent(findTestObject("Regression BackOffice/CLINK - 28718/SSN"), 50): Object 'Object Repository/Regression BackOffice/CLINK - 28718/SSN' is present&#xD;
&#xD;
2019-09-23 10:45:22 - [MESSAGE][PASSED] - Object 'Object Repository/Regression BackOffice/CLINK - 28718/SSN' is present&#xD;
&#xD;
2019-09-23 10:45:22 - [TEST_STEP][PASSED] - setText(findTestObject("Regression BackOffice/CLINK - 28718/SSN"), G_CaregiverSSN): Text '535870380' is set on object 'Object Repository/Regression BackOffice/CLINK - 28718/SSN'&#xD;
&#xD;
2019-09-23 10:45:22 - [MESSAGE][PASSED] - Text '535870380' is set on object 'Object Repository/Regression BackOffice/CLINK - 28718/SSN'&#xD;
&#xD;
2019-09-23 10:45:22 - [TEST_STEP][PASSED] - delay(2): Delayed 2 second(s)&#xD;
&#xD;
2019-09-23 10:45:24 - [MESSAGE][PASSED] - Delayed 2 second(s)&#xD;
&#xD;
2019-09-23 10:45:24 - [TEST_STEP][PASSED] - waitForElementPresent(findTestObject("Regression BackOffice/CLINK - 28718/CaregiverBttnSearch"), 100): Object 'Object Repository/Regression BackOffice/CLINK - 28718/CaregiverBttnSearch' is present&#xD;
&#xD;
2019-09-23 10:45:24 - [MESSAGE][PASSED] - Object 'Object Repository/Regression BackOffice/CLINK - 28718/CaregiverBttnSearch' is present&#xD;
&#xD;
2019-09-23 10:45:24 - [TEST_STEP][PASSED] - click(findTestObject("Regression BackOffice/CLINK - 28718/CaregiverBttnSearch")): Object: 'Object Repository/Regression BackOffice/CLINK - 28718/CaregiverBttnSearch' is clicked on&#xD;
&#xD;
2019-09-23 10:45:25 - [MESSAGE][PASSED] - Object: 'Object Repository/Regression BackOffice/CLINK - 28718/CaregiverBttnSearch' is clicked on&#xD;
&#xD;
2019-09-23 10:45:25 - [TEST_STEP][PASSED] - delay(2): Delayed 2 second(s)&#xD;
&#xD;
2019-09-23 10:45:27 - [MESSAGE][PASSED] - Delayed 2 second(s)&#xD;
&#xD;
2019-09-23 10:45:27 - [TEST_STEP][PASSED] - waitForElementPresent(findTestObject("Regression BackOffice/CLINK - 28718/Add a new Caregiver Link"), 100): Object 'Object Repository/Regression BackOffice/CLINK - 28718/Add a new Caregiver Link' is present&#xD;
&#xD;
2019-09-23 10:45:27 - [MESSAGE][PASSED] - Object 'Object Repository/Regression BackOffice/CLINK - 28718/Add a new Caregiver Link' is present&#xD;
&#xD;
2019-09-23 10:45:27 - [TEST_STEP][PASSED] - click(findTestObject("Regression BackOffice/CLINK - 28718/Add a new Caregiver Link")): Object: 'Object Repository/Regression BackOffice/CLINK - 28718/Add a new Caregiver Link' is clicked on&#xD;
&#xD;
2019-09-23 10:45:31 - [MESSAGE][PASSED] - Object: 'Object Repository/Regression BackOffice/CLINK - 28718/Add a new Caregiver Link' is clicked on&#xD;
&#xD;
2019-09-23 10:45:31 - [TEST_STEP][PASSED] - delay(2): Delayed 2 second(s)&#xD;
&#xD;
2019-09-23 10:45:33 - [MESSAGE][PASSED] - Delayed 2 second(s)&#xD;
&#xD;
2019-09-23 10:45:33 - [TEST_STEP][PASSED] - waitForPageLoad(50): Wait for page load successfully&#xD;
&#xD;
2019-09-23 10:45:33 - [MESSAGE][PASSED] - Wait for page load successfully&#xD;
&#xD;
2019-09-23 10:45:33 - [TEST_STEP][NOT_RUN] - waitForElementPresent(findTestObject("Regression BackOffice/CLINK - 28718/a_Use This Caregiver"), 100): NOT_RUN: waitForElementPresent(findTestObject("Regression BackOffice/CLINK - 28718/a_Use This Caregiver"), 100)&#xD;
&#xD;
2019-09-23 10:45:33 - [MESSAGE][NOT_RUN] - NOT_RUN: waitForElementPresent(findTestObject("Regression BackOffice/CLINK - 28718/a_Use This Caregiver"), 100)&#xD;
&#xD;
2019-09-23 10:45:33 - [TEST_STEP][NOT_RUN] - click(findTestObject("Regression BackOffice/CLINK - 28718/a_Use This Caregiver")): NOT_RUN: click(findTestObject("Regression BackOffice/CLINK - 28718/a_Use This Caregiver"))&#xD;
&#xD;
2019-09-23 10:45:33 - [MESSAGE][NOT_RUN] - NOT_RUN: click(findTestObject("Regression BackOffice/CLINK - 28718/a_Use This Caregiver"))&#xD;
&#xD;
2019-09-23 10:45:33 - [TEST_STEP][NOT_RUN] - delay(2): NOT_RUN: delay(2)&#xD;
&#xD;
2019-09-23 10:45:33 - [MESSAGE][NOT_RUN] - NOT_RUN: delay(2)&#xD;
&#xD;
2019-09-23 10:45:33 - [TEST_STEP][NOT_RUN] - waitForPageLoad(50): NOT_RUN: waitForPageLoad(50)&#xD;
&#xD;
2019-09-23 10:45:33 - [MESSAGE][NOT_RUN] - NOT_RUN: waitForPageLoad(50)&#xD;
&#xD;
2019-09-23 10:45:33 - [TEST_STEP][PASSED] - waitForElementPresent(findTestObject("Regression BackOffice/CLINK - 28718/General Information/CaregiverType"), 100): Object 'Object Repository/Regression BackOffice/CLINK - 28718/General Information/CaregiverType' is present&#xD;
&#xD;
2019-09-23 10:45:33 - [MESSAGE][PASSED] - Object 'Object Repository/Regression BackOffice/CLINK - 28718/General Information/CaregiverType' is present&#xD;
&#xD;
2019-09-23 10:45:33 - [TEST_STEP][PASSED] - click(findTestObject("Regression BackOffice/CLINK - 28718/General Information/CaregiverType")): Object: 'Object Repository/Regression BackOffice/CLINK - 28718/General Information/CaregiverType' is clicked on&#xD;
&#xD;
2019-09-23 10:45:33 - [MESSAGE][PASSED] - Object: 'Object Repository/Regression BackOffice/CLINK - 28718/General Information/CaregiverType' is clicked on&#xD;
&#xD;
2019-09-23 10:45:33 - [TEST_STEP][PASSED] - delay(2): Delayed 2 second(s)&#xD;
&#xD;
2019-09-23 10:45:35 - [MESSAGE][PASSED] - Delayed 2 second(s)&#xD;
&#xD;
2019-09-23 10:45:35 - [TEST_STEP][PASSED] - sendKeys(findTestObject("Regression BackOffice/CLINK - 28718/General Information/CaregiverType"), Keys.chord(ARROW_DOWN, ENTER)): Keys 'DOWN + ENTER + ' sent to object: 'Object Repository/Regression BackOffice/CLINK - 28718/General Information/CaregiverType'&#xD;
&#xD;
2019-09-23 10:45:35 - [MESSAGE][PASSED] - Keys 'DOWN + ENTER + ' sent to object: 'Object Repository/Regression BackOffice/CLINK - 28718/General Information/CaregiverType'&#xD;
&#xD;
2019-09-23 10:45:35 - [TEST_STEP][PASSED] - delay(2): Delayed 2 second(s)&#xD;
&#xD;
2019-09-23 10:45:37 - [MESSAGE][PASSED] - Delayed 2 second(s)&#xD;
&#xD;
2019-09-23 10:45:37 - [TEST_STEP][PASSED] - waitForElementPresent(findTestObject("Regression BackOffice/CLINK - 28718/General Information/LineOfBusiness"), 100): Object 'Object Repository/Regression BackOffice/CLINK - 28718/General Information/LineOfBusiness' is present&#xD;
&#xD;
2019-09-23 10:45:38 - [MESSAGE][PASSED] - Object 'Object Repository/Regression BackOffice/CLINK - 28718/General Information/LineOfBusiness' is present&#xD;
&#xD;
2019-09-23 10:45:38 - [TEST_STEP][PASSED] - click(findTestObject("Regression BackOffice/CLINK - 28718/General Information/LineOfBusiness")): Object: 'Object Repository/Regression BackOffice/CLINK - 28718/General Information/LineOfBusiness' is clicked on&#xD;
&#xD;
2019-09-23 10:45:38 - [MESSAGE][PASSED] - Object: 'Object Repository/Regression BackOffice/CLINK - 28718/General Information/LineOfBusiness' is clicked on&#xD;
&#xD;
2019-09-23 10:45:38 - [TEST_STEP][PASSED] - delay(2): Delayed 2 second(s)&#xD;
&#xD;
2019-09-23 10:45:40 - [MESSAGE][PASSED] - Delayed 2 second(s)&#xD;
&#xD;
2019-09-23 10:45:40 - [TEST_STEP][PASSED] - sendKeys(findTestObject("Regression BackOffice/CLINK - 28718/General Information/LineOfBusiness"), Keys.chord(ARROW_DOWN, ENTER)): Keys 'DOWN + ENTER + ' sent to object: 'Object Repository/Regression BackOffice/CLINK - 28718/General Information/LineOfBusiness'&#xD;
&#xD;
2019-09-23 10:45:40 - [MESSAGE][PASSED] - Keys 'DOWN + ENTER + ' sent to object: 'Object Repository/Regression BackOffice/CLINK - 28718/General Information/LineOfBusiness'&#xD;
&#xD;
2019-09-23 10:45:40 - [TEST_STEP][PASSED] - delay(2): Delayed 2 second(s)&#xD;
&#xD;
2019-09-23 10:45:42 - [MESSAGE][PASSED] - Delayed 2 second(s)&#xD;
&#xD;
2019-09-23 10:45:42 - [TEST_STEP][NOT_RUN] - waitForElementPresent(findTestObject("Regression BackOffice/CLINK - 28718/General Information/First Name Caregiver"), 50): NOT_RUN: waitForElementPresent(findTestObject("Regression BackOffice/CLINK - 28718/General Information/First Name Caregiver"), 50)&#xD;
&#xD;
2019-09-23 10:45:42 - [MESSAGE][NOT_RUN] - NOT_RUN: waitForElementPresent(findTestObject("Regression BackOffice/CLINK - 28718/General Information/First Name Caregiver"), 50)&#xD;
&#xD;
2019-09-23 10:45:42 - [TEST_STEP][NOT_RUN] - setText(findTestObject("Regression BackOffice/CLINK - 28718/General Information/First Name Caregiver"), G_CaregiverFirstName): NOT_RUN: setText(findTestObject("Regression BackOffice/CLINK - 28718/General Information/First Name Caregiver"), G_CaregiverFirstName)&#xD;
&#xD;
2019-09-23 10:45:42 - [MESSAGE][NOT_RUN] - NOT_RUN: setText(findTestObject("Regression BackOffice/CLINK - 28718/General Information/First Name Caregiver"), G_CaregiverFirstName)&#xD;
&#xD;
2019-09-23 10:45:42 - [TEST_STEP][NOT_RUN] - delay(2): NOT_RUN: delay(2)&#xD;
&#xD;
2019-09-23 10:45:42 - [MESSAGE][NOT_RUN] - NOT_RUN: delay(2)&#xD;
&#xD;
2019-09-23 10:45:42 - [TEST_STEP][NOT_RUN] - waitForElementPresent(findTestObject("Regression BackOffice/CLINK - 28718/General Information/Last Name Caregiver"), 50): NOT_RUN: waitForElementPresent(findTestObject("Regression BackOffice/CLINK - 28718/General Information/Last Name Caregiver"), 50)&#xD;
&#xD;
2019-09-23 10:45:42 - [MESSAGE][NOT_RUN] - NOT_RUN: waitForElementPresent(findTestObject("Regression BackOffice/CLINK - 28718/General Information/Last Name Caregiver"), 50)&#xD;
&#xD;
2019-09-23 10:45:42 - [TEST_STEP][NOT_RUN] - setText(findTestObject("Regression BackOffice/CLINK - 28718/General Information/Last Name Caregiver"), G_CareGiverLastName): NOT_RUN: setText(findTestObject("Regression BackOffice/CLINK - 28718/General Information/Last Name Caregiver"), G_CareGiverLastName)&#xD;
&#xD;
2019-09-23 10:45:42 - [MESSAGE][NOT_RUN] - NOT_RUN: setText(findTestObject("Regression BackOffice/CLINK - 28718/General Information/Last Name Caregiver"), G_CareGiverLastName)&#xD;
&#xD;
2019-09-23 10:45:42 - [TEST_STEP][NOT_RUN] - delay(2): NOT_RUN: delay(2)&#xD;
&#xD;
2019-09-23 10:45:42 - [MESSAGE][NOT_RUN] - NOT_RUN: delay(2)&#xD;
&#xD;
2019-09-23 10:45:42 - [TEST_STEP][NOT_RUN] - waitForElementPresent(findTestObject("Regression BackOffice/CLINK - 28718/General Information/SSNCaregiver"), 50): NOT_RUN: waitForElementPresent(findTestObject("Regression BackOffice/CLINK - 28718/General Information/SSNCaregiver"), 50)&#xD;
&#xD;
2019-09-23 10:45:42 - [MESSAGE][NOT_RUN] - NOT_RUN: waitForElementPresent(findTestObject("Regression BackOffice/CLINK - 28718/General Information/SSNCaregiver"), 50)&#xD;
&#xD;
2019-09-23 10:45:42 - [TEST_STEP][NOT_RUN] - setText(findTestObject("Regression BackOffice/CLINK - 28718/General Information/SSNCaregiver"), G_CaregiverSSN): NOT_RUN: setText(findTestObject("Regression BackOffice/CLINK - 28718/General Information/SSNCaregiver"), G_CaregiverSSN)&#xD;
&#xD;
2019-09-23 10:45:42 - [MESSAGE][NOT_RUN] - NOT_RUN: setText(findTestObject("Regression BackOffice/CLINK - 28718/General Information/SSNCaregiver"), G_CaregiverSSN)&#xD;
&#xD;
2019-09-23 10:45:42 - [TEST_STEP][NOT_RUN] - delay(2): NOT_RUN: delay(2)&#xD;
&#xD;
2019-09-23 10:45:42 - [MESSAGE][NOT_RUN] - NOT_RUN: delay(2)&#xD;
&#xD;
2019-09-23 10:45:42 - [TEST_STEP][PASSED] - setText(findTestObject("Regression BackOffice/CLINK - 28718/Address/Address"), "1628 NW 6 St"): Text '1628 NW 6 St' is set on object 'Object Repository/Regression BackOffice/CLINK - 28718/Address/Address'&#xD;
&#xD;
2019-09-23 10:45:43 - [MESSAGE][PASSED] - Text '1628 NW 6 St' is set on object 'Object Repository/Regression BackOffice/CLINK - 28718/Address/Address'&#xD;
&#xD;
2019-09-23 10:45:43 - [TEST_STEP][PASSED] - delay(3): Delayed 3 second(s)&#xD;
&#xD;
2019-09-23 10:45:46 - [MESSAGE][PASSED] - Delayed 3 second(s)&#xD;
&#xD;
2019-09-23 10:45:46 - [TEST_STEP][PASSED] - setText(findTestObject("Regression BackOffice/CLINK - 28718/Address/City"), "Miami"): Text 'Miami' is set on object 'Object Repository/Regression BackOffice/CLINK - 28718/Address/City'&#xD;
&#xD;
2019-09-23 10:45:46 - [MESSAGE][PASSED] - Text 'Miami' is set on object 'Object Repository/Regression BackOffice/CLINK - 28718/Address/City'&#xD;
&#xD;
2019-09-23 10:45:46 - [TEST_STEP][PASSED] - delay(3): Delayed 3 second(s)&#xD;
&#xD;
2019-09-23 10:45:49 - [MESSAGE][PASSED] - Delayed 3 second(s)&#xD;
&#xD;
2019-09-23 10:45:49 - [TEST_STEP][PASSED] - click(findTestObject("Regression BackOffice/CLINK - 28718/Address/State"), CONTINUE_ON_FAILURE): Object: 'Object Repository/Regression BackOffice/CLINK - 28718/Address/State' is clicked on&#xD;
&#xD;
2019-09-23 10:45:50 - [MESSAGE][PASSED] - Object: 'Object Repository/Regression BackOffice/CLINK - 28718/Address/State' is clicked on&#xD;
&#xD;
2019-09-23 10:45:50 - [TEST_STEP][PASSED] - sendKeys(findTestObject("Regression BackOffice/CLINK - 28718/Address/State"), "Florida"): Keys 'Florida' sent to object: 'Object Repository/Regression BackOffice/CLINK - 28718/Address/State'&#xD;
&#xD;
2019-09-23 10:45:50 - [MESSAGE][PASSED] - Keys 'Florida' sent to object: 'Object Repository/Regression BackOffice/CLINK - 28718/Address/State'&#xD;
&#xD;
2019-09-23 10:45:50 - [TEST_STEP][PASSED] - sendKeys(findTestObject("Regression BackOffice/CLINK - 28718/Address/State"), Keys.chord(ENTER)): Keys 'ENTER + ' sent to object: 'Object Repository/Regression BackOffice/CLINK - 28718/Address/State'&#xD;
&#xD;
2019-09-23 10:45:50 - [MESSAGE][PASSED] - Keys 'ENTER + ' sent to object: 'Object Repository/Regression BackOffice/CLINK - 28718/Address/State'&#xD;
&#xD;
2019-09-23 10:45:50 - [TEST_STEP][PASSED] - delay(5): Delayed 5 second(s)&#xD;
&#xD;
2019-09-23 10:45:55 - [MESSAGE][PASSED] - Delayed 5 second(s)&#xD;
&#xD;
2019-09-23 10:45:55 - [TEST_STEP][PASSED] - click(findTestObject("Regression BackOffice/CLINK - 28718/Address/BtnVerify"), CONTINUE_ON_FAILURE): Object: 'Object Repository/Regression BackOffice/CLINK - 28718/Address/BtnVerify' is clicked on&#xD;
&#xD;
2019-09-23 10:45:56 - [MESSAGE][PASSED] - Object: 'Object Repository/Regression BackOffice/CLINK - 28718/Address/BtnVerify' is clicked on&#xD;
&#xD;
2019-09-23 10:45:56 - [TEST_STEP][PASSED] - delay(5): Delayed 5 second(s)&#xD;
&#xD;
2019-09-23 10:46:01 - [MESSAGE][PASSED] - Delayed 5 second(s)&#xD;
&#xD;
2019-09-23 10:46:01 - [TEST_STEP][PASSED] - click(findTestObject("Regression BackOffice/CLINK - 28718/Address/ChkVerify"), CONTINUE_ON_FAILURE): Object: 'Object Repository/Regression BackOffice/CLINK - 28718/Address/ChkVerify' is clicked on&#xD;
&#xD;
2019-09-23 10:46:01 - [MESSAGE][PASSED] - Object: 'Object Repository/Regression BackOffice/CLINK - 28718/Address/ChkVerify' is clicked on&#xD;
&#xD;
2019-09-23 10:46:01 - [TEST_STEP][PASSED] - delay(3): Delayed 3 second(s)&#xD;
&#xD;
2019-09-23 10:46:04 - [MESSAGE][PASSED] - Delayed 3 second(s)&#xD;
&#xD;
2019-09-23 10:46:04 - [TEST_STEP][PASSED] - waitForElementPresent(findTestObject("Regression BackOffice/CLINK - 28718/Phone/Add New Phone Link"), 100): Object 'Object Repository/Regression BackOffice/CLINK - 28718/Phone/Add New Phone Link' is present&#xD;
&#xD;
2019-09-23 10:46:04 - [MESSAGE][PASSED] - Object 'Object Repository/Regression BackOffice/CLINK - 28718/Phone/Add New Phone Link' is present&#xD;
&#xD;
2019-09-23 10:46:04 - [TEST_STEP][PASSED] - click(findTestObject("Regression BackOffice/CLINK - 28718/Phone/Add New Phone Link")): Object: 'Object Repository/Regression BackOffice/CLINK - 28718/Phone/Add New Phone Link' is clicked on&#xD;
&#xD;
2019-09-23 10:46:04 - [MESSAGE][PASSED] - Object: 'Object Repository/Regression BackOffice/CLINK - 28718/Phone/Add New Phone Link' is clicked on&#xD;
&#xD;
2019-09-23 10:46:04 - [TEST_STEP][PASSED] - delay(2): Delayed 2 second(s)&#xD;
&#xD;
2019-09-23 10:46:06 - [MESSAGE][PASSED] - Delayed 2 second(s)&#xD;
&#xD;
2019-09-23 10:46:06 - [TEST_STEP][PASSED] - click(findTestObject("Regression BackOffice/CLINK - 28718/Phone/PhoneType"), CONTINUE_ON_FAILURE): Object: 'Object Repository/Regression BackOffice/CLINK - 28718/Phone/PhoneType' is clicked on&#xD;
&#xD;
2019-09-23 10:46:06 - [MESSAGE][PASSED] - Object: 'Object Repository/Regression BackOffice/CLINK - 28718/Phone/PhoneType' is clicked on&#xD;
&#xD;
2019-09-23 10:46:06 - [TEST_STEP][PASSED] - sendKeys(findTestObject("Regression BackOffice/CLINK - 28718/Phone/PhoneType"), Keys.chord(ARROW_DOWN, ENTER)): Keys 'DOWN + ENTER + ' sent to object: 'Object Repository/Regression BackOffice/CLINK - 28718/Phone/PhoneType'&#xD;
&#xD;
2019-09-23 10:46:06 - [MESSAGE][PASSED] - Keys 'DOWN + ENTER + ' sent to object: 'Object Repository/Regression BackOffice/CLINK - 28718/Phone/PhoneType'&#xD;
&#xD;
2019-09-23 10:46:06 - [TEST_STEP][PASSED] - delay(3): Delayed 3 second(s)&#xD;
&#xD;
2019-09-23 10:46:09 - [MESSAGE][PASSED] - Delayed 3 second(s)&#xD;
&#xD;
2019-09-23 10:46:09 - [TEST_STEP][PASSED] - setText(findTestObject("Regression BackOffice/CLINK - 28718/Phone/PhoneNumber"), "2345698789"): Text '2345698789' is set on object 'Object Repository/Regression BackOffice/CLINK - 28718/Phone/PhoneNumber'&#xD;
&#xD;
2019-09-23 10:46:10 - [MESSAGE][PASSED] - Text '2345698789' is set on object 'Object Repository/Regression BackOffice/CLINK - 28718/Phone/PhoneNumber'&#xD;
&#xD;
2019-09-23 10:46:10 - [TEST_STEP][PASSED] - delay(3): Delayed 3 second(s)&#xD;
&#xD;
2019-09-23 10:46:13 - [MESSAGE][PASSED] - Delayed 3 second(s)&#xD;
&#xD;
2019-09-23 10:46:13 - [TEST_STEP][PASSED] - waitForElementPresent(findTestObject("Regression BackOffice/CLINK - 28718/Phone/chkisprimary"), 100): Object 'Object Repository/Regression BackOffice/CLINK - 28718/Phone/chkisprimary' is present&#xD;
&#xD;
2019-09-23 10:46:13 - [MESSAGE][PASSED] - Object 'Object Repository/Regression BackOffice/CLINK - 28718/Phone/chkisprimary' is present&#xD;
&#xD;
2019-09-23 10:46:13 - [TEST_STEP][PASSED] - click(findTestObject("Regression BackOffice/CLINK - 28718/Phone/chkisprimary")): Object: 'Object Repository/Regression BackOffice/CLINK - 28718/Phone/chkisprimary' is clicked on&#xD;
&#xD;
2019-09-23 10:46:13 - [MESSAGE][PASSED] - Object: 'Object Repository/Regression BackOffice/CLINK - 28718/Phone/chkisprimary' is clicked on&#xD;
&#xD;
2019-09-23 10:46:13 - [TEST_STEP][PASSED] - delay(2): Delayed 2 second(s)&#xD;
&#xD;
2019-09-23 10:46:15 - [MESSAGE][PASSED] - Delayed 2 second(s)&#xD;
&#xD;
2019-09-23 10:46:15 - [TEST_STEP][PASSED] - waitForElementPresent(findTestObject("Regression BackOffice/CLINK - 28718/Phone/a_Add to List"), 100): Object 'Object Repository/Regression BackOffice/CLINK - 28718/Phone/a_Add to List' is present&#xD;
&#xD;
2019-09-23 10:46:15 - [MESSAGE][PASSED] - Object 'Object Repository/Regression BackOffice/CLINK - 28718/Phone/a_Add to List' is present&#xD;
&#xD;
2019-09-23 10:46:15 - [TEST_STEP][PASSED] - click(findTestObject("Regression BackOffice/CLINK - 28718/Phone/a_Add to List")): Object: 'Object Repository/Regression BackOffice/CLINK - 28718/Phone/a_Add to List' is clicked on&#xD;
&#xD;
2019-09-23 10:46:15 - [MESSAGE][PASSED] - Object: 'Object Repository/Regression BackOffice/CLINK - 28718/Phone/a_Add to List' is clicked on&#xD;
&#xD;
2019-09-23 10:46:15 - [TEST_STEP][PASSED] - delay(2): Delayed 2 second(s)&#xD;
&#xD;
2019-09-23 10:46:17 - [MESSAGE][PASSED] - Delayed 2 second(s)&#xD;
&#xD;
2019-09-23 10:46:17 - [TEST_STEP][PASSED] - scrollToElement(findTestObject("Regression BackOffice/CLINK - 28718/Discipline/Add Discipline"), 100): Scroll to object 'Object Repository/Regression BackOffice/CLINK - 28718/Discipline/Add Discipline' successfully&#xD;
&#xD;
2019-09-23 10:46:18 - [MESSAGE][PASSED] - Scroll to object 'Object Repository/Regression BackOffice/CLINK - 28718/Discipline/Add Discipline' successfully&#xD;
&#xD;
2019-09-23 10:46:18 - [TEST_STEP][PASSED] - click(findTestObject("Regression BackOffice/CLINK - 28718/Discipline/Add Discipline")): Object: 'Object Repository/Regression BackOffice/CLINK - 28718/Discipline/Add Discipline' is clicked on&#xD;
&#xD;
2019-09-23 10:46:18 - [MESSAGE][PASSED] - Object: 'Object Repository/Regression BackOffice/CLINK - 28718/Discipline/Add Discipline' is clicked on&#xD;
&#xD;
2019-09-23 10:46:18 - [TEST_STEP][PASSED] - delay(2): Delayed 2 second(s)&#xD;
&#xD;
2019-09-23 10:46:20 - [MESSAGE][PASSED] - Delayed 2 second(s)&#xD;
&#xD;
2019-09-23 10:46:20 - [TEST_STEP][PASSED] - click(findTestObject("Regression BackOffice/CLINK - 28718/Discipline/DisciplineType"), CONTINUE_ON_FAILURE): Object: 'Object Repository/Regression BackOffice/CLINK - 28718/Discipline/DisciplineType' is clicked on&#xD;
&#xD;
2019-09-23 10:46:20 - [MESSAGE][PASSED] - Object: 'Object Repository/Regression BackOffice/CLINK - 28718/Discipline/DisciplineType' is clicked on&#xD;
&#xD;
2019-09-23 10:46:20 - [TEST_STEP][PASSED] - sendKeys(findTestObject("Regression BackOffice/CLINK - 28718/Discipline/DisciplineType"), "P"): Keys 'P' sent to object: 'Object Repository/Regression BackOffice/CLINK - 28718/Discipline/DisciplineType'&#xD;
&#xD;
2019-09-23 10:46:20 - [MESSAGE][PASSED] - Keys 'P' sent to object: 'Object Repository/Regression BackOffice/CLINK - 28718/Discipline/DisciplineType'&#xD;
&#xD;
2019-09-23 10:46:20 - [TEST_STEP][PASSED] - sendKeys(findTestObject("Regression BackOffice/CLINK - 28718/Discipline/DisciplineType"), Keys.chord(ENTER)): Keys 'ENTER + ' sent to object: 'Object Repository/Regression BackOffice/CLINK - 28718/Discipline/DisciplineType'&#xD;
&#xD;
2019-09-23 10:46:20 - [MESSAGE][PASSED] - Keys 'ENTER + ' sent to object: 'Object Repository/Regression BackOffice/CLINK - 28718/Discipline/DisciplineType'&#xD;
&#xD;
2019-09-23 10:46:20 - [TEST_STEP][NOT_RUN] - sendKeys(findTestObject("Regression BackOffice/CLINK - 28718/Discipline/DisciplineType"), Keys.chord(ARROW_DOWN, ENTER)): NOT_RUN: sendKeys(findTestObject("Regression BackOffice/CLINK - 28718/Discipline/DisciplineType"), Keys.chord(ARROW_DOWN, ENTER))&#xD;
&#xD;
2019-09-23 10:46:20 - [MESSAGE][NOT_RUN] - NOT_RUN: sendKeys(findTestObject("Regression BackOffice/CLINK - 28718/Discipline/DisciplineType"), Keys.chord(ARROW_DOWN, ENTER))&#xD;
&#xD;
2019-09-23 10:46:20 - [TEST_STEP][PASSED] - delay(3): Delayed 3 second(s)&#xD;
&#xD;
2019-09-23 10:46:23 - [MESSAGE][PASSED] - Delayed 3 second(s)&#xD;
&#xD;
2019-09-23 10:46:23 - [TEST_STEP][NOT_RUN] - click(findTestObject("Regression BackOffice/CLINK - 28718/Discipline/Begin Date")): NOT_RUN: click(findTestObject("Regression BackOffice/CLINK - 28718/Discipline/Begin Date"))&#xD;
&#xD;
2019-09-23 10:46:23 - [MESSAGE][NOT_RUN] - NOT_RUN: click(findTestObject("Regression BackOffice/CLINK - 28718/Discipline/Begin Date"))&#xD;
&#xD;
2019-09-23 10:46:23 - [TEST_STEP][PASSED] - sendKeys(findTestObject("Regression BackOffice/CLINK - 28718/Discipline/Begin Date"), "04/24/2019"): Keys '04/24/2019' sent to object: 'Object Repository/Regression BackOffice/CLINK - 28718/Discipline/Begin Date'&#xD;
&#xD;
2019-09-23 10:46:24 - [MESSAGE][PASSED] - Keys '04/24/2019' sent to object: 'Object Repository/Regression BackOffice/CLINK - 28718/Discipline/Begin Date'&#xD;
&#xD;
2019-09-23 10:46:24 - [TEST_STEP][PASSED] - delay(4): Delayed 4 second(s)&#xD;
&#xD;
2019-09-23 10:46:28 - [MESSAGE][PASSED] - Delayed 4 second(s)&#xD;
&#xD;
2019-09-23 10:46:28 - [TEST_STEP][NOT_RUN] - click(findTestObject("Regression BackOffice/CLINK - 28718/Discipline/Effective EndDate")): NOT_RUN: click(findTestObject("Regression BackOffice/CLINK - 28718/Discipline/Effective EndDate"))&#xD;
&#xD;
2019-09-23 10:46:28 - [MESSAGE][NOT_RUN] - NOT_RUN: click(findTestObject("Regression BackOffice/CLINK - 28718/Discipline/Effective EndDate"))&#xD;
&#xD;
2019-09-23 10:46:28 - [TEST_STEP][NOT_RUN] - sendKeys(findTestObject("Regression BackOffice/CLINK - 28718/Discipline/Effective EndDate"), getDate.DateUtilities.getDateMonthDayYearNumberwithSlash()): NOT_RUN: sendKeys(findTestObject("Regression BackOffice/CLINK - 28718/Discipline/Effective EndDate"), getDate.DateUtilities.getDateMonthDayYearNumberwithSlash())&#xD;
&#xD;
2019-09-23 10:46:28 - [MESSAGE][NOT_RUN] - NOT_RUN: sendKeys(findTestObject("Regression BackOffice/CLINK - 28718/Discipline/Effective EndDate"), getDate.DateUtilities.getDateMonthDayYearNumberwithSlash())&#xD;
&#xD;
2019-09-23 10:46:28 - [TEST_STEP][NOT_RUN] - delay(4): NOT_RUN: delay(4)&#xD;
&#xD;
2019-09-23 10:46:28 - [MESSAGE][NOT_RUN] - NOT_RUN: delay(4)&#xD;
&#xD;
2019-09-23 10:46:28 - [TEST_STEP][PASSED] - waitForElementPresent(findTestObject("Regression BackOffice/CLINK - 28718/Discipline/ChkPrimaryDiscipline"), 100): Object 'Object Repository/Regression BackOffice/CLINK - 28718/Discipline/ChkPrimaryDiscipline' is present&#xD;
&#xD;
2019-09-23 10:46:28 - [MESSAGE][PASSED] - Object 'Object Repository/Regression BackOffice/CLINK - 28718/Discipline/ChkPrimaryDiscipline' is present&#xD;
&#xD;
2019-09-23 10:46:28 - [TEST_STEP][PASSED] - click(findTestObject("Regression BackOffice/CLINK - 28718/Discipline/ChkPrimaryDiscipline")): Object: 'Object Repository/Regression BackOffice/CLINK - 28718/Discipline/ChkPrimaryDiscipline' is clicked on&#xD;
&#xD;
2019-09-23 10:46:28 - [MESSAGE][PASSED] - Object: 'Object Repository/Regression BackOffice/CLINK - 28718/Discipline/ChkPrimaryDiscipline' is clicked on&#xD;
&#xD;
2019-09-23 10:46:28 - [TEST_STEP][PASSED] - delay(2): Delayed 2 second(s)&#xD;
&#xD;
2019-09-23 10:46:30 - [MESSAGE][PASSED] - Delayed 2 second(s)&#xD;
&#xD;
2019-09-23 10:46:30 - [TEST_STEP][PASSED] - waitForElementPresent(findTestObject("Regression BackOffice/CLINK - 28718/Discipline/Add to List Discipline"), 100): Object 'Object Repository/Regression BackOffice/CLINK - 28718/Discipline/Add to List Discipline' is present&#xD;
&#xD;
2019-09-23 10:46:30 - [MESSAGE][PASSED] - Object 'Object Repository/Regression BackOffice/CLINK - 28718/Discipline/Add to List Discipline' is present&#xD;
&#xD;
2019-09-23 10:46:30 - [TEST_STEP][PASSED] - click(findTestObject("Regression BackOffice/CLINK - 28718/Discipline/Add to List Discipline")): Object: 'Object Repository/Regression BackOffice/CLINK - 28718/Discipline/Add to List Discipline' is clicked on&#xD;
&#xD;
2019-09-23 10:46:30 - [MESSAGE][PASSED] - Object: 'Object Repository/Regression BackOffice/CLINK - 28718/Discipline/Add to List Discipline' is clicked on&#xD;
&#xD;
2019-09-23 10:46:30 - [TEST_STEP][PASSED] - delay(2): Delayed 2 second(s)&#xD;
&#xD;
2019-09-23 10:46:32 - [MESSAGE][PASSED] - Delayed 2 second(s)&#xD;
&#xD;
2019-09-23 10:46:32 - [TEST_STEP][PASSED] - acceptAlert(): Alert accepted&#xD;
&#xD;
2019-09-23 10:46:32 - [MESSAGE][PASSED] - Alert accepted&#xD;
&#xD;
2019-09-23 10:46:32 - [TEST_STEP][PASSED] - delay(2): Delayed 2 second(s)&#xD;
&#xD;
2019-09-23 10:46:34 - [MESSAGE][PASSED] - Delayed 2 second(s)&#xD;
&#xD;
2019-09-23 10:46:34 - [TEST_STEP][PASSED] - switchToDefaultContent(): null&#xD;
&#xD;
2019-09-23 10:46:34 - [TEST_STEP][PASSED] - switchToFrame(findTestObject("Regression BackOffice/CLINK - 28718/BannerFrame"), 50): null&#xD;
&#xD;
2019-09-23 10:46:34 - [TEST_STEP][PASSED] - waitForElementPresent(findTestObject("Regression BackOffice/CLINK - 28718/bttnSave"), 50): Object 'Object Repository/Regression BackOffice/CLINK - 28718/bttnSave' is present&#xD;
&#xD;
2019-09-23 10:46:34 - [MESSAGE][PASSED] - Object 'Object Repository/Regression BackOffice/CLINK - 28718/bttnSave' is present&#xD;
&#xD;
2019-09-23 10:46:34 - [TEST_STEP][PASSED] - click(findTestObject("Regression BackOffice/CLINK - 28718/bttnSave")): Object: 'Object Repository/Regression BackOffice/CLINK - 28718/bttnSave' is clicked on&#xD;
&#xD;
2019-09-23 10:46:35 - [MESSAGE][PASSED] - Object: 'Object Repository/Regression BackOffice/CLINK - 28718/bttnSave' is clicked on&#xD;
&#xD;
2019-09-23 10:46:35 - [TEST_STEP][PASSED] - delay(3): Delayed 3 second(s)&#xD;
&#xD;
2019-09-23 10:46:38 - [MESSAGE][PASSED] - Delayed 3 second(s)&#xD;
&#xD;
2019-09-23 10:46:38 - [TEST_STEP][PASSED] - switchToDefaultContent(): null&#xD;
&#xD;
2019-09-23 10:46:38 - [TEST_STEP][PASSED] - switchToFrame(findTestObject("Regression BackOffice/CLNK-23449/FrameMain"), 30): null&#xD;
&#xD;
2019-09-23 10:46:38 - [TEST_STEP][PASSED] - click(findTestObject("Regression BackOffice/CLINK - 28718/Date Of Birth"), CONTINUE_ON_FAILURE): Object: 'Object Repository/Regression BackOffice/CLINK - 28718/Date Of Birth' is clicked on&#xD;
&#xD;
2019-09-23 10:46:38 - [MESSAGE][PASSED] - Object: 'Object Repository/Regression BackOffice/CLINK - 28718/Date Of Birth' is clicked on&#xD;
&#xD;
2019-09-23 10:46:38 - [TEST_STEP][PASSED] - sendKeys(findTestObject("Regression BackOffice/CLINK - 28718/Date Of Birth"), "05/23/1970"): Keys '05/23/1970' sent to object: 'Object Repository/Regression BackOffice/CLINK - 28718/Date Of Birth'&#xD;
&#xD;
2019-09-23 10:46:39 - [MESSAGE][PASSED] - Keys '05/23/1970' sent to object: 'Object Repository/Regression BackOffice/CLINK - 28718/Date Of Birth'&#xD;
&#xD;
2019-09-23 10:46:39 - [TEST_STEP][PASSED] - delay(3): Delayed 3 second(s)&#xD;
&#xD;
2019-09-23 10:46:42 - [MESSAGE][PASSED] - Delayed 3 second(s)&#xD;
&#xD;
2019-09-23 10:46:42 - [TEST_STEP][PASSED] - waitForElementPresent(findTestObject("Regression BackOffice/CLINK - 28718/u_Continue"), 100): Object 'Object Repository/Regression BackOffice/CLINK - 28718/u_Continue' is present&#xD;
&#xD;
2019-09-23 10:46:42 - [MESSAGE][PASSED] - Object 'Object Repository/Regression BackOffice/CLINK - 28718/u_Continue' is present&#xD;
&#xD;
2019-09-23 10:46:42 - [TEST_STEP][PASSED] - click(findTestObject("Regression BackOffice/CLINK - 28718/u_Continue")): Object: 'Object Repository/Regression BackOffice/CLINK - 28718/u_Continue' is clicked on&#xD;
&#xD;
2019-09-23 10:46:45 - [MESSAGE][PASSED] - Object: 'Object Repository/Regression BackOffice/CLINK - 28718/u_Continue' is clicked on&#xD;
&#xD;
2019-09-23 10:46:45 - [TEST_STEP][PASSED] - delay(5): Delayed 5 second(s)&#xD;
&#xD;
2019-09-23 10:46:50 - [MESSAGE][PASSED] - Delayed 5 second(s)&#xD;
&#xD;
2019-09-23 10:46:50 - [TEST_STEP][PASSED] - waitForPageLoad(50): Wait for page load successfully&#xD;
&#xD;
2019-09-23 10:46:50 - [MESSAGE][PASSED] - Wait for page load successfully&#xD;
&#xD;
2019-09-23 10:46:50 - [TEST_STEP][PASSED] - switchToDefaultContent(): null&#xD;
&#xD;
2019-09-23 10:46:50 - [TEST_STEP][PASSED] - switchToFrame(findTestObject("Regression BackOffice/CLNK-23449/FrameLeft"), 30): null&#xD;
&#xD;
2019-09-23 10:46:50 - [TEST_STEP][PASSED] - delay(10): Delayed 10 second(s)&#xD;
&#xD;
2019-09-23 10:47:00 - [MESSAGE][PASSED] - Delayed 10 second(s)&#xD;
&#xD;
2019-09-23 10:47:00 - [TEST_STEP][PASSED] - waitForElementPresent(findTestObject("Regression BackOffice/CLINK - 28718/Race and Sex/Caregiver HR Details"), 100): Object 'Object Repository/Regression BackOffice/CLINK - 28718/Race and Sex/Caregiver HR Details' is present&#xD;
&#xD;
2019-09-23 10:47:01 - [MESSAGE][PASSED] - Object 'Object Repository/Regression BackOffice/CLINK - 28718/Race and Sex/Caregiver HR Details' is present&#xD;
&#xD;
2019-09-23 10:47:01 - [TEST_STEP][PASSED] - click(findTestObject("Regression BackOffice/CLINK - 28718/Race and Sex/Caregiver HR Details")): Object: 'Object Repository/Regression BackOffice/CLINK - 28718/Race and Sex/Caregiver HR Details' is clicked on&#xD;
&#xD;
2019-09-23 10:47:01 - [MESSAGE][PASSED] - Object: 'Object Repository/Regression BackOffice/CLINK - 28718/Race and Sex/Caregiver HR Details' is clicked on&#xD;
&#xD;
2019-09-23 10:47:01 - [TEST_STEP][PASSED] - delay(5): Delayed 5 second(s)&#xD;
&#xD;
2019-09-23 10:47:06 - [MESSAGE][PASSED] - Delayed 5 second(s)&#xD;
&#xD;
2019-09-23 10:47:06 - [TEST_STEP][PASSED] - acceptAlert(): Alert accepted&#xD;
&#xD;
2019-09-23 10:47:06 - [MESSAGE][PASSED] - Alert accepted&#xD;
&#xD;
2019-09-23 10:47:06 - [TEST_STEP][PASSED] - switchToDefaultContent(): null&#xD;
&#xD;
2019-09-23 10:47:07 - [TEST_STEP][PASSED] - switchToFrame(findTestObject("Regression BackOffice/CLNK-23449/FrameMain"), 30): null&#xD;
&#xD;
2019-09-23 10:47:07 - [TEST_STEP][PASSED] - delay(2): Delayed 2 second(s)&#xD;
&#xD;
2019-09-23 10:47:09 - [MESSAGE][PASSED] - Delayed 2 second(s)&#xD;
&#xD;
2019-09-23 10:47:09 - [TEST_STEP][NOT_RUN] - waitForElementPresent(findTestObject("Regression BackOffice/CLINK - 28718/General Information/First Name Caregiver"), 50): NOT_RUN: waitForElementPresent(findTestObject("Regression BackOffice/CLINK - 28718/General Information/First Name Caregiver"), 50)&#xD;
&#xD;
2019-09-23 10:47:09 - [MESSAGE][NOT_RUN] - NOT_RUN: waitForElementPresent(findTestObject("Regression BackOffice/CLINK - 28718/General Information/First Name Caregiver"), 50)&#xD;
&#xD;
2019-09-23 10:47:09 - [TEST_STEP][NOT_RUN] - setText(findTestObject("Regression BackOffice/CLINK - 28718/General Information/First Name Caregiver"), G_CaregiverFirstName): NOT_RUN: setText(findTestObject("Regression BackOffice/CLINK - 28718/General Information/First Name Caregiver"), G_CaregiverFirstName)&#xD;
&#xD;
2019-09-23 10:47:09 - [MESSAGE][NOT_RUN] - NOT_RUN: setText(findTestObject("Regression BackOffice/CLINK - 28718/General Information/First Name Caregiver"), G_CaregiverFirstName)&#xD;
&#xD;
2019-09-23 10:47:09 - [TEST_STEP][NOT_RUN] - delay(4): NOT_RUN: delay(4)&#xD;
&#xD;
2019-09-23 10:47:09 - [MESSAGE][NOT_RUN] - NOT_RUN: delay(4)&#xD;
&#xD;
2019-09-23 10:47:09 - [TEST_STEP][NOT_RUN] - waitForElementPresent(findTestObject("Regression BackOffice/CLINK - 28718/General Information/Last Name Caregiver"), 50): NOT_RUN: waitForElementPresent(findTestObject("Regression BackOffice/CLINK - 28718/General Information/Last Name Caregiver"), 50)&#xD;
&#xD;
2019-09-23 10:47:09 - [MESSAGE][NOT_RUN] - NOT_RUN: waitForElementPresent(findTestObject("Regression BackOffice/CLINK - 28718/General Information/Last Name Caregiver"), 50)&#xD;
&#xD;
2019-09-23 10:47:09 - [TEST_STEP][NOT_RUN] - setText(findTestObject("Regression BackOffice/CLINK - 28718/General Information/Last Name Caregiver"), G_CareGiverLastName): NOT_RUN: setText(findTestObject("Regression BackOffice/CLINK - 28718/General Information/Last Name Caregiver"), G_CareGiverLastName)&#xD;
&#xD;
2019-09-23 10:47:09 - [MESSAGE][NOT_RUN] - NOT_RUN: setText(findTestObject("Regression BackOffice/CLINK - 28718/General Information/Last Name Caregiver"), G_CareGiverLastName)&#xD;
&#xD;
2019-09-23 10:47:09 - [TEST_STEP][NOT_RUN] - delay(2): NOT_RUN: delay(2)&#xD;
&#xD;
2019-09-23 10:47:09 - [MESSAGE][NOT_RUN] - NOT_RUN: delay(2)&#xD;
&#xD;
2019-09-23 10:47:09 - [TEST_STEP][NOT_RUN] - waitForElementPresent(findTestObject("Regression BackOffice/CLINK - 28718/CaregiverBttnSearch"), 100): NOT_RUN: waitForElementPresent(findTestObject("Regression BackOffice/CLINK - 28718/CaregiverBttnSearch"), 100)&#xD;
&#xD;
2019-09-23 10:47:09 - [MESSAGE][NOT_RUN] - NOT_RUN: waitForElementPresent(findTestObject("Regression BackOffice/CLINK - 28718/CaregiverBttnSearch"), 100)&#xD;
&#xD;
2019-09-23 10:47:09 - [TEST_STEP][NOT_RUN] - click(findTestObject("Regression BackOffice/CLINK - 28718/CaregiverBttnSearch")): NOT_RUN: click(findTestObject("Regression BackOffice/CLINK - 28718/CaregiverBttnSearch"))&#xD;
&#xD;
2019-09-23 10:47:09 - [MESSAGE][NOT_RUN] - NOT_RUN: click(findTestObject("Regression BackOffice/CLINK - 28718/CaregiverBttnSearch"))&#xD;
&#xD;
2019-09-23 10:47:09 - [TEST_STEP][NOT_RUN] - delay(5): NOT_RUN: delay(5)&#xD;
&#xD;
2019-09-23 10:47:09 - [MESSAGE][NOT_RUN] - NOT_RUN: delay(5)&#xD;
&#xD;
2019-09-23 10:47:09 - [TEST_STEP][NOT_RUN] - waitForElementPresent(findTestObject("Regression BackOffice/CLINK - 28718/CaregiverLink"), 100): NOT_RUN: waitForElementPresent(findTestObject("Regression BackOffice/CLINK - 28718/CaregiverLink"), 100)&#xD;
&#xD;
2019-09-23 10:47:09 - [MESSAGE][NOT_RUN] - NOT_RUN: waitForElementPresent(findTestObject("Regression BackOffice/CLINK - 28718/CaregiverLink"), 100)&#xD;
&#xD;
2019-09-23 10:47:09 - [TEST_STEP][NOT_RUN] - click(findTestObject("Regression BackOffice/CLINK - 28718/CaregiverLink")): NOT_RUN: click(findTestObject("Regression BackOffice/CLINK - 28718/CaregiverLink"))&#xD;
&#xD;
2019-09-23 10:47:09 - [MESSAGE][NOT_RUN] - NOT_RUN: click(findTestObject("Regression BackOffice/CLINK - 28718/CaregiverLink"))&#xD;
&#xD;
2019-09-23 10:47:09 - [TEST_STEP][NOT_RUN] - delay(5): NOT_RUN: delay(5)&#xD;
&#xD;
2019-09-23 10:47:09 - [MESSAGE][NOT_RUN] - NOT_RUN: delay(5)&#xD;
&#xD;
2019-09-23 10:47:09 - [TEST_STEP][PASSED] - scrollToElement(findTestObject("Regression BackOffice/CLINK - 28718/Race and Sex/ChkSameAddress"), 100): Scroll to object 'Object Repository/Regression BackOffice/CLINK - 28718/Race and Sex/ChkSameAddress' successfully&#xD;
&#xD;
2019-09-23 10:47:09 - [MESSAGE][PASSED] - Scroll to object 'Object Repository/Regression BackOffice/CLINK - 28718/Race and Sex/ChkSameAddress' successfully&#xD;
&#xD;
2019-09-23 10:47:09 - [TEST_STEP][PASSED] - click(findTestObject("Regression BackOffice/CLINK - 28718/Race and Sex/ChkSameAddress")): Object: 'Object Repository/Regression BackOffice/CLINK - 28718/Race and Sex/ChkSameAddress' is clicked on&#xD;
&#xD;
2019-09-23 10:47:10 - [MESSAGE][PASSED] - Object: 'Object Repository/Regression BackOffice/CLINK - 28718/Race and Sex/ChkSameAddress' is clicked on&#xD;
&#xD;
2019-09-23 10:47:10 - [TEST_STEP][PASSED] - delay(5): Delayed 5 second(s)&#xD;
&#xD;
2019-09-23 10:47:15 - [MESSAGE][PASSED] - Delayed 5 second(s)&#xD;
&#xD;
2019-09-23 10:47:15 - [TEST_STEP][PASSED] - click(findTestObject("Regression BackOffice/CLINK - 28718/Race and Sex/RaceType"), CONTINUE_ON_FAILURE): Object: 'Object Repository/Regression BackOffice/CLINK - 28718/Race and Sex/RaceType' is clicked on&#xD;
&#xD;
2019-09-23 10:47:15 - [MESSAGE][PASSED] - Object: 'Object Repository/Regression BackOffice/CLINK - 28718/Race and Sex/RaceType' is clicked on&#xD;
&#xD;
2019-09-23 10:47:15 - [TEST_STEP][PASSED] - sendKeys(findTestObject("Regression BackOffice/CLINK - 28718/Race and Sex/RaceType"), Keys.chord(ARROW_UP, ARROW_UP, ENTER)): Keys 'UP + UP + ENTER + ' sent to object: 'Object Repository/Regression BackOffice/CLINK - 28718/Race and Sex/RaceType'&#xD;
&#xD;
2019-09-23 10:47:15 - [MESSAGE][PASSED] - Keys 'UP + UP + ENTER + ' sent to object: 'Object Repository/Regression BackOffice/CLINK - 28718/Race and Sex/RaceType'&#xD;
&#xD;
2019-09-23 10:47:15 - [TEST_STEP][PASSED] - delay(3): Delayed 3 second(s)&#xD;
&#xD;
2019-09-23 10:47:18 - [MESSAGE][PASSED] - Delayed 3 second(s)&#xD;
&#xD;
2019-09-23 10:47:18 - [TEST_STEP][PASSED] - waitForElementPresent(findTestObject("Regression BackOffice/CLINK - 28718/Race and Sex/SexType"), 50): Object 'Object Repository/Regression BackOffice/CLINK - 28718/Race and Sex/SexType' is present&#xD;
&#xD;
2019-09-23 10:47:18 - [MESSAGE][PASSED] - Object 'Object Repository/Regression BackOffice/CLINK - 28718/Race and Sex/SexType' is present&#xD;
&#xD;
2019-09-23 10:47:18 - [TEST_STEP][PASSED] - click(findTestObject("Regression BackOffice/CLINK - 28718/Race and Sex/SexType"), CONTINUE_ON_FAILURE): Object: 'Object Repository/Regression BackOffice/CLINK - 28718/Race and Sex/SexType' is clicked on&#xD;
&#xD;
2019-09-23 10:47:18 - [MESSAGE][PASSED] - Object: 'Object Repository/Regression BackOffice/CLINK - 28718/Race and Sex/SexType' is clicked on&#xD;
&#xD;
2019-09-23 10:47:18 - [TEST_STEP][PASSED] - delay(3): Delayed 3 second(s)&#xD;
&#xD;
2019-09-23 10:47:21 - [MESSAGE][PASSED] - Delayed 3 second(s)&#xD;
&#xD;
2019-09-23 10:47:21 - [TEST_STEP][PASSED] - click(findTestObject("Regression BackOffice/CLINK - 28718/Race and Sex/Date Of Hire"), CONTINUE_ON_FAILURE): Object: 'Object Repository/Regression BackOffice/CLINK - 28718/Race and Sex/Date Of Hire' is clicked on&#xD;
&#xD;
2019-09-23 10:47:22 - [MESSAGE][PASSED] - Object: 'Object Repository/Regression BackOffice/CLINK - 28718/Race and Sex/Date Of Hire' is clicked on&#xD;
&#xD;
2019-09-23 10:47:22 - [TEST_STEP][PASSED] - sendKeys(findTestObject("Regression BackOffice/CLINK - 28718/Race and Sex/Date Of Hire"), "04/24/2019"): Keys '04/24/2019' sent to object: 'Object Repository/Regression BackOffice/CLINK - 28718/Race and Sex/Date Of Hire'&#xD;
&#xD;
2019-09-23 10:47:22 - [MESSAGE][PASSED] - Keys '04/24/2019' sent to object: 'Object Repository/Regression BackOffice/CLINK - 28718/Race and Sex/Date Of Hire'&#xD;
&#xD;
2019-09-23 10:47:22 - [TEST_STEP][PASSED] - delay(3): Delayed 3 second(s)&#xD;
&#xD;
2019-09-23 10:47:25 - [MESSAGE][PASSED] - Delayed 3 second(s)&#xD;
&#xD;
2019-09-23 10:47:25 - [TEST_STEP][PASSED] - switchToDefaultContent(): null&#xD;
&#xD;
2019-09-23 10:47:25 - [TEST_STEP][PASSED] - switchToFrame(findTestObject("Regression BackOffice/CLINK - 28718/BannerFrame"), 50): null&#xD;
&#xD;
2019-09-23 10:47:25 - [TEST_STEP][PASSED] - waitForElementPresent(findTestObject("Regression BackOffice/CLINK - 28718/bttnSaveII"), 50): Object 'Object Repository/Regression BackOffice/CLINK - 28718/bttnSaveII' is present&#xD;
&#xD;
2019-09-23 10:47:25 - [MESSAGE][PASSED] - Object 'Object Repository/Regression BackOffice/CLINK - 28718/bttnSaveII' is present&#xD;
&#xD;
2019-09-23 10:47:25 - [TEST_STEP][PASSED] - click(findTestObject("Regression BackOffice/CLINK - 28718/bttnSaveII")): Object: 'Object Repository/Regression BackOffice/CLINK - 28718/bttnSaveII' is clicked on&#xD;
&#xD;
2019-09-23 10:47:27 - [MESSAGE][PASSED] - Object: 'Object Repository/Regression BackOffice/CLINK - 28718/bttnSaveII' is clicked on&#xD;
&#xD;
2019-09-23 10:47:27 - [TEST_STEP][PASSED] - delay(3): Delayed 3 second(s)&#xD;
&#xD;
2019-09-23 10:47:30 - [MESSAGE][PASSED] - Delayed 3 second(s)&#xD;
&#xD;
2019-09-23 10:47:30 - [TEST_STEP][PASSED] - switchToDefaultContent(): null&#xD;
&#xD;
2019-09-23 10:47:30 - [TEST_STEP][PASSED] - switchToFrame(findTestObject("Regression BackOffice/CLNK-23449/FrameLeft"), 30): null&#xD;
&#xD;
2019-09-23 10:47:30 - [TEST_STEP][PASSED] - waitForElementPresent(findTestObject("Regression BackOffice/CLINK - 28718/Locations/Caregiver Locations"), 100): Object 'Object Repository/Regression BackOffice/CLINK - 28718/Locations/Caregiver Locations' is present&#xD;
&#xD;
2019-09-23 10:47:30 - [MESSAGE][PASSED] - Object 'Object Repository/Regression BackOffice/CLINK - 28718/Locations/Caregiver Locations' is present&#xD;
&#xD;
2019-09-23 10:47:30 - [TEST_STEP][PASSED] - click(findTestObject("Regression BackOffice/CLINK - 28718/Locations/Caregiver Locations")): Object: 'Object Repository/Regression BackOffice/CLINK - 28718/Locations/Caregiver Locations' is clicked on&#xD;
&#xD;
2019-09-23 10:47:31 - [MESSAGE][PASSED] - Object: 'Object Repository/Regression BackOffice/CLINK - 28718/Locations/Caregiver Locations' is clicked on&#xD;
&#xD;
2019-09-23 10:47:31 - [TEST_STEP][PASSED] - delay(2): Delayed 2 second(s)&#xD;
&#xD;
2019-09-23 10:47:33 - [MESSAGE][PASSED] - Delayed 2 second(s)&#xD;
&#xD;
2019-09-23 10:47:33 - [TEST_STEP][PASSED] - switchToDefaultContent(): null&#xD;
&#xD;
2019-09-23 10:47:33 - [TEST_STEP][PASSED] - switchToFrame(findTestObject("Regression BackOffice/CLNK-23449/FrameMain"), 30): null&#xD;
&#xD;
2019-09-23 10:47:34 - [TEST_STEP][PASSED] - delay(5): Delayed 5 second(s)&#xD;
&#xD;
2019-09-23 10:47:39 - [MESSAGE][PASSED] - Delayed 5 second(s)&#xD;
&#xD;
2019-09-23 10:47:39 - [TEST_STEP][PASSED] - waitForElementPresent(findTestObject("Regression BackOffice/CLINK - 28718/Locations/Add New Caregiver Location"), 100): Object 'Object Repository/Regression BackOffice/CLINK - 28718/Locations/Add New Caregiver Location' is present&#xD;
&#xD;
2019-09-23 10:47:39 - [MESSAGE][PASSED] - Object 'Object Repository/Regression BackOffice/CLINK - 28718/Locations/Add New Caregiver Location' is present&#xD;
&#xD;
2019-09-23 10:47:39 - [TEST_STEP][PASSED] - click(findTestObject("Regression BackOffice/CLINK - 28718/Locations/Add New Caregiver Location")): Object: 'Object Repository/Regression BackOffice/CLINK - 28718/Locations/Add New Caregiver Location' is clicked on&#xD;
&#xD;
2019-09-23 10:47:39 - [MESSAGE][PASSED] - Object: 'Object Repository/Regression BackOffice/CLINK - 28718/Locations/Add New Caregiver Location' is clicked on&#xD;
&#xD;
2019-09-23 10:47:39 - [TEST_STEP][PASSED] - delay(5): Delayed 5 second(s)&#xD;
&#xD;
2019-09-23 10:47:44 - [MESSAGE][PASSED] - Delayed 5 second(s)&#xD;
&#xD;
2019-09-23 10:47:44 - [TEST_STEP][PASSED] - waitForElementPresent(findTestObject("Regression BackOffice/CLINK - 28718/Locations/ZoneNameType"), 100): Object 'Object Repository/Regression BackOffice/CLINK - 28718/Locations/ZoneNameType' is present&#xD;
&#xD;
2019-09-23 10:47:44 - [MESSAGE][PASSED] - Object 'Object Repository/Regression BackOffice/CLINK - 28718/Locations/ZoneNameType' is present&#xD;
&#xD;
2019-09-23 10:47:44 - [TEST_STEP][PASSED] - click(findTestObject("Regression BackOffice/CLINK - 28718/Locations/ZoneNameType")): Object: 'Object Repository/Regression BackOffice/CLINK - 28718/Locations/ZoneNameType' is clicked on&#xD;
&#xD;
2019-09-23 10:47:44 - [MESSAGE][PASSED] - Object: 'Object Repository/Regression BackOffice/CLINK - 28718/Locations/ZoneNameType' is clicked on&#xD;
&#xD;
2019-09-23 10:47:44 - [TEST_STEP][PASSED] - delay(3): Delayed 3 second(s)&#xD;
&#xD;
2019-09-23 10:47:47 - [MESSAGE][PASSED] - Delayed 3 second(s)&#xD;
&#xD;
2019-09-23 10:47:47 - [TEST_STEP][PASSED] - sendKeys(findTestObject("Regression BackOffice/CLINK - 28718/Locations/ZoneNameType"), Keys.chord(ARROW_DOWN, ARROW_DOWN, ENTER)): Keys 'DOWN + DOWN + ENTER + ' sent to object: 'Object Repository/Regression BackOffice/CLINK - 28718/Locations/ZoneNameType'&#xD;
&#xD;
2019-09-23 10:47:47 - [MESSAGE][PASSED] - Keys 'DOWN + DOWN + ENTER + ' sent to object: 'Object Repository/Regression BackOffice/CLINK - 28718/Locations/ZoneNameType'&#xD;
&#xD;
2019-09-23 10:47:47 - [TEST_STEP][PASSED] - delay(5): Delayed 5 second(s)&#xD;
&#xD;
2019-09-23 10:47:52 - [MESSAGE][PASSED] - Delayed 5 second(s)&#xD;
&#xD;
2019-09-23 10:47:52 - [TEST_STEP][PASSED] - waitForElementPresent(findTestObject("Regression BackOffice/CLINK - 28718/Locations/City"), 100): Object 'Object Repository/Regression BackOffice/CLINK - 28718/Locations/City' is present&#xD;
&#xD;
2019-09-23 10:47:52 - [MESSAGE][PASSED] - Object 'Object Repository/Regression BackOffice/CLINK - 28718/Locations/City' is present&#xD;
&#xD;
2019-09-23 10:47:52 - [TEST_STEP][PASSED] - click(findTestObject("Regression BackOffice/CLINK - 28718/Locations/City")): Object: 'Object Repository/Regression BackOffice/CLINK - 28718/Locations/City' is clicked on&#xD;
&#xD;
2019-09-23 10:47:52 - [MESSAGE][PASSED] - Object: 'Object Repository/Regression BackOffice/CLINK - 28718/Locations/City' is clicked on&#xD;
&#xD;
2019-09-23 10:47:52 - [TEST_STEP][PASSED] - delay(5): Delayed 5 second(s)&#xD;
&#xD;
2019-09-23 10:47:57 - [MESSAGE][PASSED] - Delayed 5 second(s)&#xD;
&#xD;
2019-09-23 10:47:57 - [TEST_STEP][PASSED] - waitForElementPresent(findTestObject("Regression BackOffice/CLINK - 28718/Locations/a_Add To List"), 100): Object 'Object Repository/Regression BackOffice/CLINK - 28718/Locations/a_Add To List' is present&#xD;
&#xD;
2019-09-23 10:47:57 - [MESSAGE][PASSED] - Object 'Object Repository/Regression BackOffice/CLINK - 28718/Locations/a_Add To List' is present&#xD;
&#xD;
2019-09-23 10:47:57 - [TEST_STEP][PASSED] - click(findTestObject("Regression BackOffice/CLINK - 28718/Locations/a_Add To List")): Object: 'Object Repository/Regression BackOffice/CLINK - 28718/Locations/a_Add To List' is clicked on&#xD;
&#xD;
2019-09-23 10:47:58 - [MESSAGE][PASSED] - Object: 'Object Repository/Regression BackOffice/CLINK - 28718/Locations/a_Add To List' is clicked on&#xD;
&#xD;
2019-09-23 10:47:58 - [TEST_STEP][PASSED] - delay(5): Delayed 5 second(s)&#xD;
&#xD;
2019-09-23 10:48:03 - [MESSAGE][PASSED] - Delayed 5 second(s)&#xD;
&#xD;
2019-09-23 10:48:03 - [TEST_STEP][PASSED] - switchToDefaultContent(): null&#xD;
&#xD;
2019-09-23 10:48:03 - [TEST_STEP][PASSED] - switchToFrame(findTestObject("Regression BackOffice/CLINK - 28718/BannerFrame"), 50): null&#xD;
&#xD;
2019-09-23 10:48:03 - [TEST_STEP][PASSED] - waitForElementPresent(findTestObject("Regression BackOffice/CLINK - 28718/Locations/_bttnSaveLocations"), 50): Object 'Object Repository/Regression BackOffice/CLINK - 28718/Locations/_bttnSaveLocations' is present&#xD;
&#xD;
2019-09-23 10:48:03 - [MESSAGE][PASSED] - Object 'Object Repository/Regression BackOffice/CLINK - 28718/Locations/_bttnSaveLocations' is present&#xD;
&#xD;
2019-09-23 10:48:03 - [TEST_STEP][PASSED] - click(findTestObject("Regression BackOffice/CLINK - 28718/Locations/_bttnSaveLocations")): Object: 'Object Repository/Regression BackOffice/CLINK - 28718/Locations/_bttnSaveLocations' is clicked on&#xD;
&#xD;
2019-09-23 10:48:04 - [MESSAGE][PASSED] - Object: 'Object Repository/Regression BackOffice/CLINK - 28718/Locations/_bttnSaveLocations' is clicked on&#xD;
&#xD;
2019-09-23 10:48:04 - [TEST_STEP][PASSED] - delay(3): Delayed 3 second(s)&#xD;
&#xD;
2019-09-23 10:48:07 - [MESSAGE][PASSED] - Delayed 3 second(s)&#xD;
&#xD;
2019-09-23 10:48:07 - [TEST_STEP][PASSED] - switchToDefaultContent(): null&#xD;
&#xD;
2019-09-23 10:48:07 - [TEST_STEP][PASSED] - switchToFrame(findTestObject("Regression BackOffice/CLNK-23449/FrameLeft"), 30): null&#xD;
&#xD;
2019-09-23 10:48:07 - [TEST_STEP][PASSED] - waitForElementPresent(findTestObject("Regression BackOffice/CLINK - 28718/License/Caregiver Attributes"), 100): Object 'Object Repository/Regression BackOffice/CLINK - 28718/License/Caregiver Attributes' is present&#xD;
&#xD;
2019-09-23 10:48:07 - [MESSAGE][PASSED] - Object 'Object Repository/Regression BackOffice/CLINK - 28718/License/Caregiver Attributes' is present&#xD;
&#xD;
2019-09-23 10:48:07 - [TEST_STEP][PASSED] - click(findTestObject("Regression BackOffice/CLINK - 28718/License/Caregiver Attributes")): Object: 'Object Repository/Regression BackOffice/CLINK - 28718/License/Caregiver Attributes' is clicked on&#xD;
&#xD;
2019-09-23 10:48:08 - [MESSAGE][PASSED] - Object: 'Object Repository/Regression BackOffice/CLINK - 28718/License/Caregiver Attributes' is clicked on&#xD;
&#xD;
2019-09-23 10:48:08 - [TEST_STEP][PASSED] - delay(2): Delayed 2 second(s)&#xD;
&#xD;
2019-09-23 10:48:10 - [MESSAGE][PASSED] - Delayed 2 second(s)&#xD;
&#xD;
2019-09-23 10:48:10 - [TEST_STEP][PASSED] - switchToDefaultContent(): null&#xD;
&#xD;
2019-09-23 10:48:10 - [TEST_STEP][PASSED] - switchToFrame(findTestObject("Regression BackOffice/CLNK-23449/FrameMain"), 30): null&#xD;
&#xD;
2019-09-23 10:48:10 - [TEST_STEP][PASSED] - delay(5): Delayed 5 second(s)&#xD;
&#xD;
2019-09-23 10:48:15 - [MESSAGE][PASSED] - Delayed 5 second(s)&#xD;
&#xD;
2019-09-23 10:48:15 - [TEST_STEP][PASSED] - waitForElementPresent(findTestObject("Regression BackOffice/CLINK - 28718/License/EditAttrbiute"), 100): Object 'Object Repository/Regression BackOffice/CLINK - 28718/License/EditAttrbiute' is present&#xD;
&#xD;
2019-09-23 10:48:16 - [MESSAGE][PASSED] - Object 'Object Repository/Regression BackOffice/CLINK - 28718/License/EditAttrbiute' is present&#xD;
&#xD;
2019-09-23 10:48:16 - [TEST_STEP][PASSED] - click(findTestObject("Regression BackOffice/CLINK - 28718/License/EditAttrbiute")): Object: 'Object Repository/Regression BackOffice/CLINK - 28718/License/EditAttrbiute' is clicked on&#xD;
&#xD;
2019-09-23 10:48:16 - [MESSAGE][PASSED] - Object: 'Object Repository/Regression BackOffice/CLINK - 28718/License/EditAttrbiute' is clicked on&#xD;
&#xD;
2019-09-23 10:48:16 - [TEST_STEP][PASSED] - delay(5): Delayed 5 second(s)&#xD;
&#xD;
2019-09-23 10:48:21 - [MESSAGE][PASSED] - Delayed 5 second(s)&#xD;
&#xD;
2019-09-23 10:48:21 - [TEST_STEP][PASSED] - click(findTestObject("Regression BackOffice/CLINK - 28718/Attributes/Hoyer Lift/CertificationType"), CONTINUE_ON_FAILURE): Object: 'Object Repository/Regression BackOffice/CLINK - 28718/Attributes/Hoyer Lift/CertificationType' is clicked on&#xD;
&#xD;
2019-09-23 10:48:21 - [MESSAGE][PASSED] - Object: 'Object Repository/Regression BackOffice/CLINK - 28718/Attributes/Hoyer Lift/CertificationType' is clicked on&#xD;
&#xD;
2019-09-23 10:48:21 - [TEST_STEP][PASSED] - sendKeys(findTestObject("Regression BackOffice/CLINK - 28718/Attributes/Hoyer Lift/CertificationType"), "Type"): Keys 'Type' sent to object: 'Object Repository/Regression BackOffice/CLINK - 28718/Attributes/Hoyer Lift/CertificationType'&#xD;
&#xD;
2019-09-23 10:48:21 - [MESSAGE][PASSED] - Keys 'Type' sent to object: 'Object Repository/Regression BackOffice/CLINK - 28718/Attributes/Hoyer Lift/CertificationType'&#xD;
&#xD;
2019-09-23 10:48:21 - [TEST_STEP][PASSED] - delay(3): Delayed 3 second(s)&#xD;
&#xD;
2019-09-23 10:48:24 - [MESSAGE][PASSED] - Delayed 3 second(s)&#xD;
&#xD;
2019-09-23 10:48:24 - [TEST_STEP][PASSED] - click(findTestObject("Regression BackOffice/CLINK - 28718/Attributes/Hoyer Lift/CertificateProfessional"), CONTINUE_ON_FAILURE): Object: 'Object Repository/Regression BackOffice/CLINK - 28718/Attributes/Hoyer Lift/CertificateProfessional' is clicked on&#xD;
&#xD;
2019-09-23 10:48:24 - [MESSAGE][PASSED] - Object: 'Object Repository/Regression BackOffice/CLINK - 28718/Attributes/Hoyer Lift/CertificateProfessional' is clicked on&#xD;
&#xD;
2019-09-23 10:48:24 - [TEST_STEP][PASSED] - sendKeys(findTestObject("Regression BackOffice/CLINK - 28718/Attributes/Hoyer Lift/CertificateProfessional"), "Profesional"): Keys 'Profesional' sent to object: 'Object Repository/Regression BackOffice/CLINK - 28718/Attributes/Hoyer Lift/CertificateProfessional'&#xD;
&#xD;
2019-09-23 10:48:24 - [MESSAGE][PASSED] - Keys 'Profesional' sent to object: 'Object Repository/Regression BackOffice/CLINK - 28718/Attributes/Hoyer Lift/CertificateProfessional'&#xD;
&#xD;
2019-09-23 10:48:24 - [TEST_STEP][PASSED] - delay(3): Delayed 3 second(s)&#xD;
&#xD;
2019-09-23 10:48:27 - [MESSAGE][PASSED] - Delayed 3 second(s)&#xD;
&#xD;
2019-09-23 10:48:27 - [TEST_STEP][PASSED] - click(findTestObject("Regression BackOffice/CLINK - 28718/Attributes/Hoyer Lift/CertificateOrganization"), CONTINUE_ON_FAILURE): Object: 'Object Repository/Regression BackOffice/CLINK - 28718/Attributes/Hoyer Lift/CertificateOrganization' is clicked on&#xD;
&#xD;
2019-09-23 10:48:28 - [MESSAGE][PASSED] - Object: 'Object Repository/Regression BackOffice/CLINK - 28718/Attributes/Hoyer Lift/CertificateOrganization' is clicked on&#xD;
&#xD;
2019-09-23 10:48:28 - [TEST_STEP][PASSED] - sendKeys(findTestObject("Regression BackOffice/CLINK - 28718/Attributes/Hoyer Lift/CertificateOrganization"), "Organization"): Keys 'Organization' sent to object: 'Object Repository/Regression BackOffice/CLINK - 28718/Attributes/Hoyer Lift/CertificateOrganization'&#xD;
&#xD;
2019-09-23 10:48:28 - [MESSAGE][PASSED] - Keys 'Organization' sent to object: 'Object Repository/Regression BackOffice/CLINK - 28718/Attributes/Hoyer Lift/CertificateOrganization'&#xD;
&#xD;
2019-09-23 10:48:28 - [TEST_STEP][PASSED] - delay(3): Delayed 3 second(s)&#xD;
&#xD;
2019-09-23 10:48:31 - [MESSAGE][PASSED] - Delayed 3 second(s)&#xD;
&#xD;
2019-09-23 10:48:31 - [TEST_STEP][NOT_RUN] - click(findTestObject("Regression BackOffice/CLINK - 28718/License/License Expiration Date")): NOT_RUN: click(findTestObject("Regression BackOffice/CLINK - 28718/License/License Expiration Date"))&#xD;
&#xD;
2019-09-23 10:48:31 - [MESSAGE][NOT_RUN] - NOT_RUN: click(findTestObject("Regression BackOffice/CLINK - 28718/License/License Expiration Date"))&#xD;
&#xD;
2019-09-23 10:48:31 - [TEST_STEP][NOT_RUN] - sendKeys(findTestObject("Regression BackOffice/CLINK - 28718/License/License Expiration Date"), getDate.DateUtilities.getDateMonthDayYearNumberwithSlash()): NOT_RUN: sendKeys(findTestObject("Regression BackOffice/CLINK - 28718/License/License Expiration Date"), getDate.DateUtilities.getDateMonthDayYearNumberwithSlash())&#xD;
&#xD;
2019-09-23 10:48:31 - [MESSAGE][NOT_RUN] - NOT_RUN: sendKeys(findTestObject("Regression BackOffice/CLINK - 28718/License/License Expiration Date"), getDate.DateUtilities.getDateMonthDayYearNumberwithSlash())&#xD;
&#xD;
2019-09-23 10:48:31 - [TEST_STEP][NOT_RUN] - delay(3): NOT_RUN: delay(3)&#xD;
&#xD;
2019-09-23 10:48:31 - [MESSAGE][NOT_RUN] - NOT_RUN: delay(3)&#xD;
&#xD;
2019-09-23 10:48:31 - [TEST_STEP][NOT_RUN] - click(findTestObject("Regression BackOffice/CLINK - 28718/License/License Renewal Date")): NOT_RUN: click(findTestObject("Regression BackOffice/CLINK - 28718/License/License Renewal Date"))&#xD;
&#xD;
2019-09-23 10:48:31 - [MESSAGE][NOT_RUN] - NOT_RUN: click(findTestObject("Regression BackOffice/CLINK - 28718/License/License Renewal Date"))&#xD;
&#xD;
2019-09-23 10:48:31 - [TEST_STEP][NOT_RUN] - sendKeys(findTestObject("Regression BackOffice/CLINK - 28718/License/License Renewal Date"), getDate.DateUtilities.getDateMonthDayYearNumberwithSlash()): NOT_RUN: sendKeys(findTestObject("Regression BackOffice/CLINK - 28718/License/License Renewal Date"), getDate.DateUtilities.getDateMonthDayYearNumberwithSlash())&#xD;
&#xD;
2019-09-23 10:48:31 - [MESSAGE][NOT_RUN] - NOT_RUN: sendKeys(findTestObject("Regression BackOffice/CLINK - 28718/License/License Renewal Date"), getDate.DateUtilities.getDateMonthDayYearNumberwithSlash())&#xD;
&#xD;
2019-09-23 10:48:31 - [TEST_STEP][NOT_RUN] - delay(3): NOT_RUN: delay(3)&#xD;
&#xD;
2019-09-23 10:48:31 - [MESSAGE][NOT_RUN] - NOT_RUN: delay(3)&#xD;
&#xD;
2019-09-23 10:48:31 - [TEST_STEP][PASSED] - waitForElementPresent(findTestObject("Regression BackOffice/CLINK - 28718/Attributes/Hoyer Lift/CertificateIssuedDate"), 50): Object 'Object Repository/Regression BackOffice/CLINK - 28718/Attributes/Hoyer Lift/CertificateIssuedDate' is present&#xD;
&#xD;
2019-09-23 10:48:31 - [MESSAGE][PASSED] - Object 'Object Repository/Regression BackOffice/CLINK - 28718/Attributes/Hoyer Lift/CertificateIssuedDate' is present&#xD;
&#xD;
2019-09-23 10:48:31 - [TEST_STEP][PASSED] - click(findTestObject("Regression BackOffice/CLINK - 28718/Attributes/Hoyer Lift/CertificateIssuedDate"), CONTINUE_ON_FAILURE): Object: 'Object Repository/Regression BackOffice/CLINK - 28718/Attributes/Hoyer Lift/CertificateIssuedDate' is clicked on&#xD;
&#xD;
2019-09-23 10:48:31 - [MESSAGE][PASSED] - Object: 'Object Repository/Regression BackOffice/CLINK - 28718/Attributes/Hoyer Lift/CertificateIssuedDate' is clicked on&#xD;
&#xD;
2019-09-23 10:48:31 - [TEST_STEP][PASSED] - sendKeys(findTestObject("Regression BackOffice/CLINK - 28718/Attributes/Hoyer Lift/CertificateIssuedDate"), getDate.DateUtilities.getDateMonthDayYearNumberwithSlash()): Keys '09/23/2019' sent to object: 'Object Repository/Regression BackOffice/CLINK - 28718/Attributes/Hoyer Lift/CertificateIssuedDate'&#xD;
&#xD;
2019-09-23 10:48:31 - [MESSAGE][PASSED] - getDate.DateUtilities.getDateMonthDayYearNumberwithSlash is PASSED&#xD;
&#xD;
2019-09-23 10:48:31 - [MESSAGE][PASSED] - Keys '09/23/2019' sent to object: 'Object Repository/Regression BackOffice/CLINK - 28718/Attributes/Hoyer Lift/CertificateIssuedDate'&#xD;
&#xD;
2019-09-23 10:48:31 - [TEST_STEP][PASSED] - delay(2): Delayed 2 second(s)&#xD;
&#xD;
2019-09-23 10:48:33 - [MESSAGE][PASSED] - Delayed 2 second(s)&#xD;
&#xD;
2019-09-23 10:48:33 - [TEST_STEP][PASSED] - waitForElementPresent(findTestObject("Regression BackOffice/CLINK - 28718/Attributes/Hoyer Lift/CertificateExpirationDate"), 50): Object 'Object Repository/Regression BackOffice/CLINK - 28718/Attributes/Hoyer Lift/CertificateExpirationDate' is present&#xD;
&#xD;
2019-09-23 10:48:33 - [MESSAGE][PASSED] - Object 'Object Repository/Regression BackOffice/CLINK - 28718/Attributes/Hoyer Lift/CertificateExpirationDate' is present&#xD;
&#xD;
2019-09-23 10:48:33 - [TEST_STEP][PASSED] - click(findTestObject("Regression BackOffice/CLINK - 28718/Attributes/Hoyer Lift/CertificateExpirationDate"), CONTINUE_ON_FAILURE): Object: 'Object Repository/Regression BackOffice/CLINK - 28718/Attributes/Hoyer Lift/CertificateExpirationDate' is clicked on&#xD;
&#xD;
2019-09-23 10:48:33 - [MESSAGE][PASSED] - Object: 'Object Repository/Regression BackOffice/CLINK - 28718/Attributes/Hoyer Lift/CertificateExpirationDate' is clicked on&#xD;
&#xD;
2019-09-23 10:48:33 - [TEST_STEP][PASSED] - sendKeys(findTestObject("Regression BackOffice/CLINK - 28718/Attributes/Hoyer Lift/CertificateExpirationDate"), "12/05/2019"): Keys '12/05/2019' sent to object: 'Object Repository/Regression BackOffice/CLINK - 28718/Attributes/Hoyer Lift/CertificateExpirationDate'&#xD;
&#xD;
2019-09-23 10:48:34 - [MESSAGE][PASSED] - Keys '12/05/2019' sent to object: 'Object Repository/Regression BackOffice/CLINK - 28718/Attributes/Hoyer Lift/CertificateExpirationDate'&#xD;
&#xD;
2019-09-23 10:48:34 - [TEST_STEP][PASSED] - delay(2): Delayed 2 second(s)&#xD;
&#xD;
2019-09-23 10:48:36 - [MESSAGE][PASSED] - Delayed 2 second(s)&#xD;
&#xD;
2019-09-23 10:48:36 - [TEST_STEP][NOT_RUN] - waitForElementPresent(findTestObject("Regression BackOffice/CLINK - 28718/Attributes/Hoyer Lift/CertificateCheckedDate"), 50): NOT_RUN: waitForElementPresent(findTestObject("Regression BackOffice/CLINK - 28718/Attributes/Hoyer Lift/CertificateCheckedDate"), 50)&#xD;
&#xD;
2019-09-23 10:48:36 - [MESSAGE][NOT_RUN] - NOT_RUN: waitForElementPresent(findTestObject("Regression BackOffice/CLINK - 28718/Attributes/Hoyer Lift/CertificateCheckedDate"), 50)&#xD;
&#xD;
2019-09-23 10:48:36 - [TEST_STEP][NOT_RUN] - click(findTestObject("Regression BackOffice/CLINK - 28718/Attributes/Hoyer Lift/CertificateIssuedDate"), CONTINUE_ON_FAILURE): NOT_RUN: click(findTestObject("Regression BackOffice/CLINK - 28718/Attributes/Hoyer Lift/CertificateIssuedDate"), CONTINUE_ON_FAILURE)&#xD;
&#xD;
2019-09-23 10:48:36 - [MESSAGE][NOT_RUN] - NOT_RUN: click(findTestObject("Regression BackOffice/CLINK - 28718/Attributes/Hoyer Lift/CertificateIssuedDate"), CONTINUE_ON_FAILURE)&#xD;
&#xD;
2019-09-23 10:48:36 - [TEST_STEP][NOT_RUN] - sendKeys(findTestObject("Regression BackOffice/CLINK - 28718/Attributes/Hoyer Lift/CertificateIssuedDate"), getDate.DateUtilities.getDateMonthDayYearNumberwithSlash()): NOT_RUN: sendKeys(findTestObject("Regression BackOffice/CLINK - 28718/Attributes/Hoyer Lift/CertificateIssuedDate"), getDate.DateUtilities.getDateMonthDayYearNumberwithSlash())&#xD;
&#xD;
2019-09-23 10:48:36 - [MESSAGE][NOT_RUN] - NOT_RUN: sendKeys(findTestObject("Regression BackOffice/CLINK - 28718/Attributes/Hoyer Lift/CertificateIssuedDate"), getDate.DateUtilities.getDateMonthDayYearNumberwithSlash())&#xD;
&#xD;
2019-09-23 10:48:36 - [TEST_STEP][NOT_RUN] - delay(2): NOT_RUN: delay(2)&#xD;
&#xD;
2019-09-23 10:48:36 - [MESSAGE][NOT_RUN] - NOT_RUN: delay(2)&#xD;
&#xD;
2019-09-23 10:48:36 - [TEST_STEP][PASSED] - waitForElementPresent(findTestObject("Regression BackOffice/CLINK - 28718/Attributes/Hoyer Lift/CertificateCheckedBy"), 50): Object 'Object Repository/Regression BackOffice/CLINK - 28718/Attributes/Hoyer Lift/CertificateCheckedBy' is present&#xD;
&#xD;
2019-09-23 10:48:36 - [MESSAGE][PASSED] - Object 'Object Repository/Regression BackOffice/CLINK - 28718/Attributes/Hoyer Lift/CertificateCheckedBy' is present&#xD;
&#xD;
2019-09-23 10:48:36 - [TEST_STEP][PASSED] - click(findTestObject("Regression BackOffice/CLINK - 28718/Attributes/Hoyer Lift/CertificateCheckedBy"), CONTINUE_ON_FAILURE): Object: 'Object Repository/Regression BackOffice/CLINK - 28718/Attributes/Hoyer Lift/CertificateCheckedBy' is clicked on&#xD;
&#xD;
2019-09-23 10:48:36 - [MESSAGE][PASSED] - Object: 'Object Repository/Regression BackOffice/CLINK - 28718/Attributes/Hoyer Lift/CertificateCheckedBy' is clicked on&#xD;
&#xD;
2019-09-23 10:48:36 - [TEST_STEP][PASSED] - sendKeys(findTestObject("Regression BackOffice/CLINK - 28718/Attributes/Hoyer Lift/CertificateCheckedBy"), "Isaac"): Keys 'Isaac' sent to object: 'Object Repository/Regression BackOffice/CLINK - 28718/Attributes/Hoyer Lift/CertificateCheckedBy'&#xD;
&#xD;
2019-09-23 10:48:36 - [MESSAGE][PASSED] - Keys 'Isaac' sent to object: 'Object Repository/Regression BackOffice/CLINK - 28718/Attributes/Hoyer Lift/CertificateCheckedBy'&#xD;
&#xD;
2019-09-23 10:48:36 - [TEST_STEP][PASSED] - delay(2): Delayed 2 second(s)&#xD;
&#xD;
2019-09-23 10:48:38 - [MESSAGE][PASSED] - Delayed 2 second(s)&#xD;
&#xD;
2019-09-23 10:48:38 - [TEST_STEP][PASSED] - waitForElementPresent(findTestObject("Regression BackOffice/CLINK - 28718/Attributes/Hoyer Lift/CertificateCheckedDate"), 50): Object 'Object Repository/Regression BackOffice/CLINK - 28718/Attributes/Hoyer Lift/CertificateCheckedDate' is present&#xD;
&#xD;
2019-09-23 10:48:38 - [MESSAGE][PASSED] - Object 'Object Repository/Regression BackOffice/CLINK - 28718/Attributes/Hoyer Lift/CertificateCheckedDate' is present&#xD;
&#xD;
2019-09-23 10:48:38 - [TEST_STEP][PASSED] - click(findTestObject("Regression BackOffice/CLINK - 28718/Attributes/Hoyer Lift/CertificateCheckedDate"), CONTINUE_ON_FAILURE): Object: 'Object Repository/Regression BackOffice/CLINK - 28718/Attributes/Hoyer Lift/CertificateCheckedDate' is clicked on&#xD;
&#xD;
2019-09-23 10:48:38 - [MESSAGE][PASSED] - Object: 'Object Repository/Regression BackOffice/CLINK - 28718/Attributes/Hoyer Lift/CertificateCheckedDate' is clicked on&#xD;
&#xD;
2019-09-23 10:48:38 - [TEST_STEP][PASSED] - sendKeys(findTestObject("Regression BackOffice/CLINK - 28718/Attributes/Hoyer Lift/CertificateCheckedDate"), getDate.DateUtilities.getDateMonthDayYearNumberwithSlash()): Keys '09/23/2019' sent to object: 'Object Repository/Regression BackOffice/CLINK - 28718/Attributes/Hoyer Lift/CertificateCheckedDate'&#xD;
&#xD;
2019-09-23 10:48:38 - [MESSAGE][PASSED] - getDate.DateUtilities.getDateMonthDayYearNumberwithSlash is PASSED&#xD;
&#xD;
2019-09-23 10:48:38 - [MESSAGE][PASSED] - Keys '09/23/2019' sent to object: 'Object Repository/Regression BackOffice/CLINK - 28718/Attributes/Hoyer Lift/CertificateCheckedDate'&#xD;
&#xD;
2019-09-23 10:48:38 - [TEST_STEP][PASSED] - delay(2): Delayed 2 second(s)&#xD;
&#xD;
2019-09-23 10:48:40 - [MESSAGE][PASSED] - Delayed 2 second(s)&#xD;
&#xD;
2019-09-23 10:48:40 - [TEST_STEP][PASSED] - waitForElementPresent(findTestObject("Regression BackOffice/CLINK - 28718/Attributes/Hoyer Lift/a_Add To List"), 50): Object 'Object Repository/Regression BackOffice/CLINK - 28718/Attributes/Hoyer Lift/a_Add To List' is present&#xD;
&#xD;
2019-09-23 10:48:41 - [MESSAGE][PASSED] - Object 'Object Repository/Regression BackOffice/CLINK - 28718/Attributes/Hoyer Lift/a_Add To List' is present&#xD;
&#xD;
2019-09-23 10:48:41 - [TEST_STEP][PASSED] - click(findTestObject("Regression BackOffice/CLINK - 28718/Attributes/Hoyer Lift/a_Add To List"), CONTINUE_ON_FAILURE): Object: 'Object Repository/Regression BackOffice/CLINK - 28718/Attributes/Hoyer Lift/a_Add To List' is clicked on&#xD;
&#xD;
2019-09-23 10:48:41 - [MESSAGE][PASSED] - Object: 'Object Repository/Regression BackOffice/CLINK - 28718/Attributes/Hoyer Lift/a_Add To List' is clicked on&#xD;
&#xD;
2019-09-23 10:48:41 - [TEST_STEP][PASSED] - delay(2): Delayed 2 second(s)&#xD;
&#xD;
2019-09-23 10:48:43 - [MESSAGE][PASSED] - Delayed 2 second(s)&#xD;
&#xD;
2019-09-23 10:48:43 - [TEST_STEP][PASSED] - waitForElementPresent(findTestObject("Regression BackOffice/CLINK - 28718/Attributes/HIPAA/HIPPA Signal"), 100): Object 'Object Repository/Regression BackOffice/CLINK - 28718/Attributes/HIPAA/HIPPA Signal' is present&#xD;
&#xD;
2019-09-23 10:48:43 - [MESSAGE][PASSED] - Object 'Object Repository/Regression BackOffice/CLINK - 28718/Attributes/HIPAA/HIPPA Signal' is present&#xD;
&#xD;
2019-09-23 10:48:43 - [TEST_STEP][PASSED] - click(findTestObject("Regression BackOffice/CLINK - 28718/Attributes/HIPAA/HIPPA Signal")): Object: 'Object Repository/Regression BackOffice/CLINK - 28718/Attributes/HIPAA/HIPPA Signal' is clicked on&#xD;
&#xD;
2019-09-23 10:48:43 - [MESSAGE][PASSED] - Object: 'Object Repository/Regression BackOffice/CLINK - 28718/Attributes/HIPAA/HIPPA Signal' is clicked on&#xD;
&#xD;
2019-09-23 10:48:43 - [TEST_STEP][PASSED] - delay(5): Delayed 5 second(s)&#xD;
&#xD;
2019-09-23 10:48:48 - [MESSAGE][PASSED] - Delayed 5 second(s)&#xD;
&#xD;
2019-09-23 10:48:48 - [TEST_STEP][PASSED] - waitForElementPresent(findTestObject("Regression BackOffice/CLINK - 28718/Attributes/HIPAA/Remarks"), 50): Object 'Object Repository/Regression BackOffice/CLINK - 28718/Attributes/HIPAA/Remarks' is present&#xD;
&#xD;
2019-09-23 10:48:48 - [MESSAGE][PASSED] - Object 'Object Repository/Regression BackOffice/CLINK - 28718/Attributes/HIPAA/Remarks' is present&#xD;
&#xD;
2019-09-23 10:48:48 - [TEST_STEP][PASSED] - click(findTestObject("Regression BackOffice/CLINK - 28718/Attributes/HIPAA/Remarks"), CONTINUE_ON_FAILURE): Object: 'Object Repository/Regression BackOffice/CLINK - 28718/Attributes/HIPAA/Remarks' is clicked on&#xD;
&#xD;
2019-09-23 10:48:48 - [MESSAGE][PASSED] - Object: 'Object Repository/Regression BackOffice/CLINK - 28718/Attributes/HIPAA/Remarks' is clicked on&#xD;
&#xD;
2019-09-23 10:48:48 - [TEST_STEP][PASSED] - sendKeys(findTestObject("Regression BackOffice/CLINK - 28718/Attributes/HIPAA/Remarks"), "Remark"): Keys 'Remark' sent to object: 'Object Repository/Regression BackOffice/CLINK - 28718/Attributes/HIPAA/Remarks'&#xD;
&#xD;
2019-09-23 10:48:48 - [MESSAGE][PASSED] - Keys 'Remark' sent to object: 'Object Repository/Regression BackOffice/CLINK - 28718/Attributes/HIPAA/Remarks'&#xD;
&#xD;
2019-09-23 10:48:48 - [TEST_STEP][PASSED] - delay(2): Delayed 2 second(s)&#xD;
&#xD;
2019-09-23 10:48:50 - [MESSAGE][PASSED] - Delayed 2 second(s)&#xD;
&#xD;
2019-09-23 10:48:50 - [TEST_STEP][PASSED] - waitForElementPresent(findTestObject("Regression BackOffice/CLINK - 28718/Attributes/HIPAA/CheckedBy"), 50): Object 'Object Repository/Regression BackOffice/CLINK - 28718/Attributes/HIPAA/CheckedBy' is present&#xD;
&#xD;
2019-09-23 10:48:50 - [MESSAGE][PASSED] - Object 'Object Repository/Regression BackOffice/CLINK - 28718/Attributes/HIPAA/CheckedBy' is present&#xD;
&#xD;
2019-09-23 10:48:50 - [TEST_STEP][PASSED] - click(findTestObject("Regression BackOffice/CLINK - 28718/Attributes/HIPAA/CheckedBy"), CONTINUE_ON_FAILURE): Object: 'Object Repository/Regression BackOffice/CLINK - 28718/Attributes/HIPAA/CheckedBy' is clicked on&#xD;
&#xD;
2019-09-23 10:48:51 - [MESSAGE][PASSED] - Object: 'Object Repository/Regression BackOffice/CLINK - 28718/Attributes/HIPAA/CheckedBy' is clicked on&#xD;
&#xD;
2019-09-23 10:48:51 - [TEST_STEP][PASSED] - sendKeys(findTestObject("Regression BackOffice/CLINK - 28718/Attributes/HIPAA/CheckedBy"), "Isaac"): Keys 'Isaac' sent to object: 'Object Repository/Regression BackOffice/CLINK - 28718/Attributes/HIPAA/CheckedBy'&#xD;
&#xD;
2019-09-23 10:48:51 - [MESSAGE][PASSED] - Keys 'Isaac' sent to object: 'Object Repository/Regression BackOffice/CLINK - 28718/Attributes/HIPAA/CheckedBy'&#xD;
&#xD;
2019-09-23 10:48:51 - [TEST_STEP][PASSED] - delay(2): Delayed 2 second(s)&#xD;
&#xD;
2019-09-23 10:48:53 - [MESSAGE][PASSED] - Delayed 2 second(s)&#xD;
&#xD;
2019-09-23 10:48:53 - [TEST_STEP][PASSED] - waitForElementPresent(findTestObject("Regression BackOffice/CLINK - 28718/Attributes/HIPAA/CheckedDate"), 50): Object 'Object Repository/Regression BackOffice/CLINK - 28718/Attributes/HIPAA/CheckedDate' is present&#xD;
&#xD;
2019-09-23 10:48:53 - [MESSAGE][PASSED] - Object 'Object Repository/Regression BackOffice/CLINK - 28718/Attributes/HIPAA/CheckedDate' is present&#xD;
&#xD;
2019-09-23 10:48:53 - [TEST_STEP][PASSED] - click(findTestObject("Regression BackOffice/CLINK - 28718/Attributes/HIPAA/CheckedDate"), CONTINUE_ON_FAILURE): Object: 'Object Repository/Regression BackOffice/CLINK - 28718/Attributes/HIPAA/CheckedDate' is clicked on&#xD;
&#xD;
2019-09-23 10:48:53 - [MESSAGE][PASSED] - Object: 'Object Repository/Regression BackOffice/CLINK - 28718/Attributes/HIPAA/CheckedDate' is clicked on&#xD;
&#xD;
2019-09-23 10:48:53 - [TEST_STEP][PASSED] - sendKeys(findTestObject("Regression BackOffice/CLINK - 28718/Attributes/HIPAA/CheckedDate"), getDate.DateUtilities.getDateMonthDayYearNumberwithSlash()): Keys '09/23/2019' sent to object: 'Object Repository/Regression BackOffice/CLINK - 28718/Attributes/HIPAA/CheckedDate'&#xD;
&#xD;
2019-09-23 10:48:53 - [MESSAGE][PASSED] - getDate.DateUtilities.getDateMonthDayYearNumberwithSlash is PASSED&#xD;
&#xD;
2019-09-23 10:48:53 - [MESSAGE][PASSED] - Keys '09/23/2019' sent to object: 'Object Repository/Regression BackOffice/CLINK - 28718/Attributes/HIPAA/CheckedDate'&#xD;
&#xD;
2019-09-23 10:48:53 - [TEST_STEP][PASSED] - delay(2): Delayed 2 second(s)&#xD;
&#xD;
2019-09-23 10:48:55 - [MESSAGE][PASSED] - Delayed 2 second(s)&#xD;
&#xD;
2019-09-23 10:48:55 - [TEST_STEP][PASSED] - waitForElementPresent(findTestObject("Regression BackOffice/CLINK - 28718/Attributes/HIPAA/a_Add To List"), 50): Object 'Object Repository/Regression BackOffice/CLINK - 28718/Attributes/HIPAA/a_Add To List' is present&#xD;
&#xD;
2019-09-23 10:48:55 - [MESSAGE][PASSED] - Object 'Object Repository/Regression BackOffice/CLINK - 28718/Attributes/HIPAA/a_Add To List' is present&#xD;
&#xD;
2019-09-23 10:48:55 - [TEST_STEP][PASSED] - click(findTestObject("Regression BackOffice/CLINK - 28718/Attributes/HIPAA/a_Add To List"), CONTINUE_ON_FAILURE): Object: 'Object Repository/Regression BackOffice/CLINK - 28718/Attributes/HIPAA/a_Add To List' is clicked on&#xD;
&#xD;
2019-09-23 10:48:55 - [MESSAGE][PASSED] - Object: 'Object Repository/Regression BackOffice/CLINK - 28718/Attributes/HIPAA/a_Add To List' is clicked on&#xD;
&#xD;
2019-09-23 10:48:55 - [TEST_STEP][PASSED] - delay(2): Delayed 2 second(s)&#xD;
&#xD;
2019-09-23 10:48:57 - [MESSAGE][PASSED] - Delayed 2 second(s)&#xD;
&#xD;
2019-09-23 10:48:57 - [TEST_STEP][NOT_RUN] - sendKeys(findTestObject("Regression BackOffice/CLINK - 28718/License/input_State Issued _txtStateIssued"), "AC"): NOT_RUN: sendKeys(findTestObject("Regression BackOffice/CLINK - 28718/License/input_State Issued _txtStateIssued"), "AC")&#xD;
&#xD;
2019-09-23 10:48:57 - [MESSAGE][NOT_RUN] - NOT_RUN: sendKeys(findTestObject("Regression BackOffice/CLINK - 28718/License/input_State Issued _txtStateIssued"), "AC")&#xD;
&#xD;
2019-09-23 10:48:57 - [TEST_STEP][NOT_RUN] - delay(3): NOT_RUN: delay(3)&#xD;
&#xD;
2019-09-23 10:48:57 - [MESSAGE][NOT_RUN] - NOT_RUN: delay(3)&#xD;
&#xD;
2019-09-23 10:48:57 - [TEST_STEP][NOT_RUN] - click(findTestObject("Regression BackOffice/CLINK - 28718/License/License Checked"), CONTINUE_ON_FAILURE): NOT_RUN: click(findTestObject("Regression BackOffice/CLINK - 28718/License/License Checked"), CONTINUE_ON_FAILURE)&#xD;
&#xD;
2019-09-23 10:48:57 - [MESSAGE][NOT_RUN] - NOT_RUN: click(findTestObject("Regression BackOffice/CLINK - 28718/License/License Checked"), CONTINUE_ON_FAILURE)&#xD;
&#xD;
2019-09-23 10:48:57 - [TEST_STEP][NOT_RUN] - delay(2): NOT_RUN: delay(2)&#xD;
&#xD;
2019-09-23 10:48:57 - [MESSAGE][NOT_RUN] - NOT_RUN: delay(2)&#xD;
&#xD;
2019-09-23 10:48:57 - [TEST_STEP][NOT_RUN] - sendKeys(findTestObject("Regression BackOffice/CLINK - 28718/License/License Checked"), "Isaac"): NOT_RUN: sendKeys(findTestObject("Regression BackOffice/CLINK - 28718/License/License Checked"), "Isaac")&#xD;
&#xD;
2019-09-23 10:48:57 - [MESSAGE][NOT_RUN] - NOT_RUN: sendKeys(findTestObject("Regression BackOffice/CLINK - 28718/License/License Checked"), "Isaac")&#xD;
&#xD;
2019-09-23 10:48:57 - [TEST_STEP][NOT_RUN] - delay(3): NOT_RUN: delay(3)&#xD;
&#xD;
2019-09-23 10:48:57 - [MESSAGE][NOT_RUN] - NOT_RUN: delay(3)&#xD;
&#xD;
2019-09-23 10:48:57 - [TEST_STEP][NOT_RUN] - click(findTestObject("Regression BackOffice/CLINK - 28718/License/License Checked Date")): NOT_RUN: click(findTestObject("Regression BackOffice/CLINK - 28718/License/License Checked Date"))&#xD;
&#xD;
2019-09-23 10:48:57 - [MESSAGE][NOT_RUN] - NOT_RUN: click(findTestObject("Regression BackOffice/CLINK - 28718/License/License Checked Date"))&#xD;
&#xD;
2019-09-23 10:48:57 - [TEST_STEP][NOT_RUN] - sendKeys(findTestObject("Regression BackOffice/CLINK - 28718/License/License Checked Date"), getDate.DateUtilities.getDateMonthDayYearNumberwithSlash()): NOT_RUN: sendKeys(findTestObject("Regression BackOffice/CLINK - 28718/License/License Checked Date"), getDate.DateUtilities.getDateMonthDayYearNumberwithSlash())&#xD;
&#xD;
2019-09-23 10:48:57 - [MESSAGE][NOT_RUN] - NOT_RUN: sendKeys(findTestObject("Regression BackOffice/CLINK - 28718/License/License Checked Date"), getDate.DateUtilities.getDateMonthDayYearNumberwithSlash())&#xD;
&#xD;
2019-09-23 10:48:57 - [TEST_STEP][NOT_RUN] - delay(3): NOT_RUN: delay(3)&#xD;
&#xD;
2019-09-23 10:48:57 - [MESSAGE][NOT_RUN] - NOT_RUN: delay(3)&#xD;
&#xD;
2019-09-23 10:48:57 - [TEST_STEP][NOT_RUN] - waitForElementPresent(findTestObject("Regression BackOffice/CLINK - 28718/License/Add To List License"), 100): NOT_RUN: waitForElementPresent(findTestObject("Regression BackOffice/CLINK - 28718/License/Add To List License"), 100)&#xD;
&#xD;
2019-09-23 10:48:57 - [MESSAGE][NOT_RUN] - NOT_RUN: waitForElementPresent(findTestObject("Regression BackOffice/CLINK - 28718/License/Add To List License"), 100)&#xD;
&#xD;
2019-09-23 10:48:57 - [TEST_STEP][NOT_RUN] - click(findTestObject("Regression BackOffice/CLINK - 28718/License/Add To List License")): NOT_RUN: click(findTestObject("Regression BackOffice/CLINK - 28718/License/Add To List License"))&#xD;
&#xD;
2019-09-23 10:48:57 - [MESSAGE][NOT_RUN] - NOT_RUN: click(findTestObject("Regression BackOffice/CLINK - 28718/License/Add To List License"))&#xD;
&#xD;
2019-09-23 10:48:57 - [TEST_STEP][NOT_RUN] - delay(5): NOT_RUN: delay(5)&#xD;
&#xD;
2019-09-23 10:48:57 - [MESSAGE][NOT_RUN] - NOT_RUN: delay(5)&#xD;
&#xD;
2019-09-23 10:48:57 - [TEST_STEP][PASSED] - switchToDefaultContent(): null&#xD;
&#xD;
2019-09-23 10:48:57 - [TEST_STEP][PASSED] - switchToFrame(findTestObject("Regression BackOffice/CLINK - 28718/BannerFrame"), 50): null&#xD;
&#xD;
2019-09-23 10:48:58 - [TEST_STEP][PASSED] - waitForElementPresent(findTestObject("Regression BackOffice/CLINK - 28718/License/_btnSaveLicense"), 50): Object 'Object Repository/Regression BackOffice/CLINK - 28718/License/_btnSaveLicense' is present&#xD;
&#xD;
2019-09-23 10:48:58 - [MESSAGE][PASSED] - Object 'Object Repository/Regression BackOffice/CLINK - 28718/License/_btnSaveLicense' is present&#xD;
&#xD;
2019-09-23 10:48:58 - [TEST_STEP][PASSED] - click(findTestObject("Regression BackOffice/CLINK - 28718/License/_btnSaveLicense")): Object: 'Object Repository/Regression BackOffice/CLINK - 28718/License/_btnSaveLicense' is clicked on&#xD;
&#xD;
2019-09-23 10:48:59 - [MESSAGE][PASSED] - Object: 'Object Repository/Regression BackOffice/CLINK - 28718/License/_btnSaveLicense' is clicked on&#xD;
&#xD;
2019-09-23 10:48:59 - [TEST_STEP][PASSED] - delay(3): Delayed 3 second(s)&#xD;
&#xD;
2019-09-23 10:49:02 - [MESSAGE][PASSED] - Delayed 3 second(s)&#xD;
&#xD;
2019-09-23 10:49:02 - [TEST_STEP][PASSED] - switchToDefaultContent(): null&#xD;
&#xD;
2019-09-23 10:49:02 - [TEST_STEP][PASSED] - switchToFrame(findTestObject("Regression BackOffice/CLNK-23449/FrameLeft"), 30): null&#xD;
&#xD;
2019-09-23 10:49:02 - [TEST_STEP][PASSED] - waitForElementPresent(findTestObject("Regression BackOffice/CLINK - 28718/Active/Caregiver Demographics"), 100): Object 'Object Repository/Regression BackOffice/CLINK - 28718/Active/Caregiver Demographics' is present&#xD;
&#xD;
2019-09-23 10:49:02 - [MESSAGE][PASSED] - Object 'Object Repository/Regression BackOffice/CLINK - 28718/Active/Caregiver Demographics' is present&#xD;
&#xD;
2019-09-23 10:49:02 - [TEST_STEP][PASSED] - click(findTestObject("Regression BackOffice/CLINK - 28718/Active/Caregiver Demographics")): Object: 'Object Repository/Regression BackOffice/CLINK - 28718/Active/Caregiver Demographics' is clicked on&#xD;
&#xD;
2019-09-23 10:49:03 - [MESSAGE][PASSED] - Object: 'Object Repository/Regression BackOffice/CLINK - 28718/Active/Caregiver Demographics' is clicked on&#xD;
&#xD;
2019-09-23 10:49:03 - [TEST_STEP][PASSED] - delay(2): Delayed 2 second(s)&#xD;
&#xD;
2019-09-23 10:49:05 - [MESSAGE][PASSED] - Delayed 2 second(s)&#xD;
&#xD;
2019-09-23 10:49:05 - [TEST_STEP][PASSED] - switchToDefaultContent(): null&#xD;
&#xD;
2019-09-23 10:49:05 - [TEST_STEP][PASSED] - switchToFrame(findTestObject("Regression BackOffice/CLNK-23449/FrameMain"), 30): null&#xD;
&#xD;
2019-09-23 10:49:05 - [TEST_STEP][PASSED] - delay(5): Delayed 5 second(s)&#xD;
&#xD;
2019-09-23 10:49:10 - [MESSAGE][PASSED] - Delayed 5 second(s)&#xD;
&#xD;
2019-09-23 10:49:10 - [TEST_STEP][PASSED] - waitForElementPresent(findTestObject("Regression BackOffice/CLINK - 28718/Active/Status"), 100): Object 'Object Repository/Regression BackOffice/CLINK - 28718/Active/Status' is present&#xD;
&#xD;
2019-09-23 10:49:10 - [MESSAGE][PASSED] - Object 'Object Repository/Regression BackOffice/CLINK - 28718/Active/Status' is present&#xD;
&#xD;
2019-09-23 10:49:10 - [TEST_STEP][PASSED] - click(findTestObject("Regression BackOffice/CLINK - 28718/Active/Status")): Object: 'Object Repository/Regression BackOffice/CLINK - 28718/Active/Status' is clicked on&#xD;
&#xD;
2019-09-23 10:49:10 - [MESSAGE][PASSED] - Object: 'Object Repository/Regression BackOffice/CLINK - 28718/Active/Status' is clicked on&#xD;
&#xD;
2019-09-23 10:49:10 - [TEST_STEP][PASSED] - sendKeys(findTestObject("Regression BackOffice/CLINK - 28718/Active/Status"), Keys.chord(ARROW_DOWN, ARROW_DOWN, ENTER)): Keys 'DOWN + DOWN + ENTER + ' sent to object: 'Object Repository/Regression BackOffice/CLINK - 28718/Active/Status'&#xD;
&#xD;
2019-09-23 10:49:11 - [MESSAGE][PASSED] - Keys 'DOWN + DOWN + ENTER + ' sent to object: 'Object Repository/Regression BackOffice/CLINK - 28718/Active/Status'&#xD;
&#xD;
2019-09-23 10:49:11 - [TEST_STEP][PASSED] - delay(5): Delayed 5 second(s)&#xD;
&#xD;
2019-09-23 10:49:16 - [MESSAGE][PASSED] - Delayed 5 second(s)&#xD;
&#xD;
2019-09-23 10:49:16 - [TEST_STEP][PASSED] - click(findTestObject("Regression BackOffice/CLINK - 28718/Active/Effective DateStatus")): Object: 'Object Repository/Regression BackOffice/CLINK - 28718/Active/Effective DateStatus' is clicked on&#xD;
&#xD;
2019-09-23 10:49:16 - [MESSAGE][PASSED] - Object: 'Object Repository/Regression BackOffice/CLINK - 28718/Active/Effective DateStatus' is clicked on&#xD;
&#xD;
2019-09-23 10:49:16 - [TEST_STEP][PASSED] - sendKeys(findTestObject("Regression BackOffice/CLINK - 28718/Active/Effective DateStatus"), getDate.DateUtilities.getDateMonthDayYearNumberwithSlash()): Keys '09/23/2019' sent to object: 'Object Repository/Regression BackOffice/CLINK - 28718/Active/Effective DateStatus'&#xD;
&#xD;
2019-09-23 10:49:16 - [MESSAGE][PASSED] - getDate.DateUtilities.getDateMonthDayYearNumberwithSlash is PASSED&#xD;
&#xD;
2019-09-23 10:49:16 - [MESSAGE][PASSED] - Keys '09/23/2019' sent to object: 'Object Repository/Regression BackOffice/CLINK - 28718/Active/Effective DateStatus'&#xD;
&#xD;
2019-09-23 10:49:16 - [TEST_STEP][PASSED] - delay(3): Delayed 3 second(s)&#xD;
&#xD;
2019-09-23 10:49:19 - [MESSAGE][PASSED] - Delayed 3 second(s)&#xD;
&#xD;
2019-09-23 10:49:19 - [TEST_STEP][NOT_RUN] - waitForElementPresent(findTestObject("Regression BackOffice/CLINK - 28718/Active/ReasonCode"), 100): NOT_RUN: waitForElementPresent(findTestObject("Regression BackOffice/CLINK - 28718/Active/ReasonCode"), 100)&#xD;
&#xD;
2019-09-23 10:49:19 - [MESSAGE][NOT_RUN] - NOT_RUN: waitForElementPresent(findTestObject("Regression BackOffice/CLINK - 28718/Active/ReasonCode"), 100)&#xD;
&#xD;
2019-09-23 10:49:19 - [TEST_STEP][NOT_RUN] - click(findTestObject("Regression BackOffice/CLINK - 28718/Active/ReasonCode")): NOT_RUN: click(findTestObject("Regression BackOffice/CLINK - 28718/Active/ReasonCode"))&#xD;
&#xD;
2019-09-23 10:49:19 - [MESSAGE][NOT_RUN] - NOT_RUN: click(findTestObject("Regression BackOffice/CLINK - 28718/Active/ReasonCode"))&#xD;
&#xD;
2019-09-23 10:49:19 - [TEST_STEP][NOT_RUN] - sendKeys(findTestObject("Regression BackOffice/CLINK - 28718/Active/ReasonCode"), Keys.chord(ARROW_DOWN, ENTER)): NOT_RUN: sendKeys(findTestObject("Regression BackOffice/CLINK - 28718/Active/ReasonCode"), Keys.chord(ARROW_DOWN, ENTER))&#xD;
&#xD;
2019-09-23 10:49:19 - [MESSAGE][NOT_RUN] - NOT_RUN: sendKeys(findTestObject("Regression BackOffice/CLINK - 28718/Active/ReasonCode"), Keys.chord(ARROW_DOWN, ENTER))&#xD;
&#xD;
2019-09-23 10:49:19 - [TEST_STEP][NOT_RUN] - delay(5): NOT_RUN: delay(5)&#xD;
&#xD;
2019-09-23 10:49:19 - [MESSAGE][NOT_RUN] - NOT_RUN: delay(5)&#xD;
&#xD;
2019-09-23 10:49:19 - [TEST_STEP][PASSED] - click(findTestObject("Regression BackOffice/CLINK - 28718/Active/Comments")): Object: 'Object Repository/Regression BackOffice/CLINK - 28718/Active/Comments' is clicked on&#xD;
&#xD;
2019-09-23 10:49:19 - [MESSAGE][PASSED] - Object: 'Object Repository/Regression BackOffice/CLINK - 28718/Active/Comments' is clicked on&#xD;
&#xD;
2019-09-23 10:49:19 - [TEST_STEP][PASSED] - sendKeys(findTestObject("Regression BackOffice/CLINK - 28718/Active/Comments"), "Isaac"): Keys 'Isaac' sent to object: 'Object Repository/Regression BackOffice/CLINK - 28718/Active/Comments'&#xD;
&#xD;
2019-09-23 10:49:19 - [MESSAGE][PASSED] - Keys 'Isaac' sent to object: 'Object Repository/Regression BackOffice/CLINK - 28718/Active/Comments'&#xD;
&#xD;
2019-09-23 10:49:19 - [TEST_STEP][PASSED] - delay(3): Delayed 3 second(s)&#xD;
&#xD;
2019-09-23 10:49:22 - [MESSAGE][PASSED] - Delayed 3 second(s)&#xD;
&#xD;
2019-09-23 10:49:22 - [TEST_STEP][PASSED] - scrollToElement(findTestObject("Regression BackOffice/CLINK - 28718/Active/Date Check was Sent"), 50): Scroll to object 'Object Repository/Regression BackOffice/CLINK - 28718/Active/Date Check was Sent' successfully&#xD;
&#xD;
2019-09-23 10:49:23 - [MESSAGE][PASSED] - Scroll to object 'Object Repository/Regression BackOffice/CLINK - 28718/Active/Date Check was Sent' successfully&#xD;
&#xD;
2019-09-23 10:49:23 - [TEST_STEP][PASSED] - click(findTestObject("Regression BackOffice/CLINK - 28718/Active/Date Check was Sent")): Object: 'Object Repository/Regression BackOffice/CLINK - 28718/Active/Date Check was Sent' is clicked on&#xD;
&#xD;
2019-09-23 10:49:23 - [MESSAGE][PASSED] - Object: 'Object Repository/Regression BackOffice/CLINK - 28718/Active/Date Check was Sent' is clicked on&#xD;
&#xD;
2019-09-23 10:49:23 - [TEST_STEP][PASSED] - sendKeys(findTestObject("Regression BackOffice/CLINK - 28718/Active/Date Check was Sent"), getDate.DateUtilities.getDateMonthDayYearNumberwithSlash()): Keys '09/23/2019' sent to object: 'Object Repository/Regression BackOffice/CLINK - 28718/Active/Date Check was Sent'&#xD;
&#xD;
2019-09-23 10:49:23 - [MESSAGE][PASSED] - getDate.DateUtilities.getDateMonthDayYearNumberwithSlash is PASSED&#xD;
&#xD;
2019-09-23 10:49:23 - [MESSAGE][PASSED] - Keys '09/23/2019' sent to object: 'Object Repository/Regression BackOffice/CLINK - 28718/Active/Date Check was Sent'&#xD;
&#xD;
2019-09-23 10:49:23 - [TEST_STEP][PASSED] - delay(3): Delayed 3 second(s)&#xD;
&#xD;
2019-09-23 10:49:26 - [MESSAGE][PASSED] - Delayed 3 second(s)&#xD;
&#xD;
2019-09-23 10:49:26 - [TEST_STEP][PASSED] - click(findTestObject("Regression BackOffice/CLINK - 28718/Active/input_Date Check Received_txtDateCheckRecvd")): Object: 'Object Repository/Regression BackOffice/CLINK - 28718/Active/input_Date Check Received_txtDateCheckRecvd' is clicked on&#xD;
&#xD;
2019-09-23 10:49:26 - [MESSAGE][PASSED] - Object: 'Object Repository/Regression BackOffice/CLINK - 28718/Active/input_Date Check Received_txtDateCheckRecvd' is clicked on&#xD;
&#xD;
2019-09-23 10:49:26 - [TEST_STEP][PASSED] - sendKeys(findTestObject("Regression BackOffice/CLINK - 28718/Active/input_Date Check Received_txtDateCheckRecvd"), getDate.DateUtilities.getDateMonthDayYearNumberwithSlash()): Keys '09/23/2019' sent to object: 'Object Repository/Regression BackOffice/CLINK - 28718/Active/input_Date Check Received_txtDateCheckRecvd'&#xD;
&#xD;
2019-09-23 10:49:26 - [MESSAGE][PASSED] - getDate.DateUtilities.getDateMonthDayYearNumberwithSlash is PASSED&#xD;
&#xD;
2019-09-23 10:49:26 - [MESSAGE][PASSED] - Keys '09/23/2019' sent to object: 'Object Repository/Regression BackOffice/CLINK - 28718/Active/input_Date Check Received_txtDateCheckRecvd'&#xD;
&#xD;
2019-09-23 10:49:26 - [TEST_STEP][PASSED] - delay(3): Delayed 3 second(s)&#xD;
&#xD;
2019-09-23 10:49:29 - [MESSAGE][PASSED] - Delayed 3 second(s)&#xD;
&#xD;
2019-09-23 10:49:29 - [TEST_STEP][PASSED] - click(findTestObject("Regression BackOffice/CLINK - 28718/Active/Background Check Completed")): Object: 'Object Repository/Regression BackOffice/CLINK - 28718/Active/Background Check Completed' is clicked on&#xD;
&#xD;
2019-09-23 10:49:30 - [MESSAGE][PASSED] - Object: 'Object Repository/Regression BackOffice/CLINK - 28718/Active/Background Check Completed' is clicked on&#xD;
&#xD;
2019-09-23 10:49:30 - [TEST_STEP][PASSED] - sendKeys(findTestObject("Regression BackOffice/CLINK - 28718/Active/Background Check Completed"), getDate.DateUtilities.getDateMonthDayYearNumberwithSlash()): Keys '09/23/2019' sent to object: 'Object Repository/Regression BackOffice/CLINK - 28718/Active/Background Check Completed'&#xD;
&#xD;
2019-09-23 10:49:30 - [MESSAGE][PASSED] - getDate.DateUtilities.getDateMonthDayYearNumberwithSlash is PASSED&#xD;
&#xD;
2019-09-23 10:49:30 - [MESSAGE][PASSED] - Keys '09/23/2019' sent to object: 'Object Repository/Regression BackOffice/CLINK - 28718/Active/Background Check Completed'&#xD;
&#xD;
2019-09-23 10:49:30 - [TEST_STEP][PASSED] - delay(6): Delayed 6 second(s)&#xD;
&#xD;
2019-09-23 10:49:36 - [MESSAGE][PASSED] - Delayed 6 second(s)&#xD;
&#xD;
2019-09-23 10:49:36 - [TEST_STEP][PASSED] - switchToDefaultContent(): null&#xD;
&#xD;
2019-09-23 10:49:36 - [TEST_STEP][PASSED] - switchToFrame(findTestObject("Regression BackOffice/CLINK - 28718/BannerFrame"), 50): null&#xD;
&#xD;
2019-09-23 10:49:36 - [TEST_STEP][PASSED] - waitForElementPresent(findTestObject("Regression BackOffice/CLINK - 28718/Active/bttnSaveActive"), 50): Object 'Object Repository/Regression BackOffice/CLINK - 28718/Active/bttnSaveActive' is present&#xD;
&#xD;
2019-09-23 10:49:36 - [MESSAGE][PASSED] - Object 'Object Repository/Regression BackOffice/CLINK - 28718/Active/bttnSaveActive' is present&#xD;
&#xD;
2019-09-23 10:49:36 - [TEST_STEP][PASSED] - click(findTestObject("Regression BackOffice/CLINK - 28718/Active/bttnSaveActive")): Object: 'Object Repository/Regression BackOffice/CLINK - 28718/Active/bttnSaveActive' is clicked on&#xD;
&#xD;
2019-09-23 10:49:40 - [MESSAGE][PASSED] - Object: 'Object Repository/Regression BackOffice/CLINK - 28718/Active/bttnSaveActive' is clicked on&#xD;
&#xD;
2019-09-23 10:49:40 - [TEST_STEP][PASSED] - delay(6): Delayed 6 second(s)&#xD;
&#xD;
2019-09-23 10:49:46 - [MESSAGE][PASSED] - Delayed 6 second(s)&#xD;
&#xD;
2019-09-23 10:49:46 - [TEST_STEP][PASSED] - switchToDefaultContent(): null&#xD;
&#xD;
2019-09-23 10:49:46 - [TEST_STEP][PASSED] - switchToFrame(findTestObject("Regression BackOffice/CLNK-23449/FrameLeft"), 30): null&#xD;
&#xD;
2019-09-23 10:49:46 - [TEST_STEP][PASSED] - waitForElementPresent(findTestObject("Regression BackOffice/CLINK - 28718/Administrator/Administrators"), 100): Object 'Object Repository/Regression BackOffice/CLINK - 28718/Administrator/Administrators' is present&#xD;
&#xD;
2019-09-23 10:49:46 - [MESSAGE][PASSED] - Object 'Object Repository/Regression BackOffice/CLINK - 28718/Administrator/Administrators' is present&#xD;
&#xD;
2019-09-23 10:49:46 - [TEST_STEP][PASSED] - click(findTestObject("Regression BackOffice/CLINK - 28718/Administrator/Administrators")): Object: 'Object Repository/Regression BackOffice/CLINK - 28718/Administrator/Administrators' is clicked on&#xD;
&#xD;
2019-09-23 10:49:46 - [MESSAGE][PASSED] - Object: 'Object Repository/Regression BackOffice/CLINK - 28718/Administrator/Administrators' is clicked on&#xD;
&#xD;
2019-09-23 10:49:46 - [TEST_STEP][PASSED] - delay(2): Delayed 2 second(s)&#xD;
&#xD;
2019-09-23 10:49:48 - [MESSAGE][PASSED] - Delayed 2 second(s)&#xD;
&#xD;
2019-09-23 10:49:48 - [TEST_STEP][PASSED] - waitForElementPresent(findTestObject("Regression BackOffice/CLINK - 28718/Administrator/Admin  System Settings"), 100): Object 'Object Repository/Regression BackOffice/CLINK - 28718/Administrator/Admin  System Settings' is present&#xD;
&#xD;
2019-09-23 10:49:48 - [MESSAGE][PASSED] - Object 'Object Repository/Regression BackOffice/CLINK - 28718/Administrator/Admin  System Settings' is present&#xD;
&#xD;
2019-09-23 10:49:48 - [TEST_STEP][PASSED] - click(findTestObject("Regression BackOffice/CLINK - 28718/Administrator/Admin  System Settings")): Object: 'Object Repository/Regression BackOffice/CLINK - 28718/Administrator/Admin  System Settings' is clicked on&#xD;
&#xD;
2019-09-23 10:49:48 - [MESSAGE][PASSED] - Object: 'Object Repository/Regression BackOffice/CLINK - 28718/Administrator/Admin  System Settings' is clicked on&#xD;
&#xD;
2019-09-23 10:49:48 - [TEST_STEP][PASSED] - delay(2): Delayed 2 second(s)&#xD;
&#xD;
2019-09-23 10:49:50 - [MESSAGE][PASSED] - Delayed 2 second(s)&#xD;
&#xD;
2019-09-23 10:49:50 - [TEST_STEP][PASSED] - waitForElementPresent(findTestObject("Regression BackOffice/CLINK - 28718/Administrator/Users"), 100): Object 'Object Repository/Regression BackOffice/CLINK - 28718/Administrator/Users' is present&#xD;
&#xD;
2019-09-23 10:49:50 - [MESSAGE][PASSED] - Object 'Object Repository/Regression BackOffice/CLINK - 28718/Administrator/Users' is present&#xD;
&#xD;
2019-09-23 10:49:50 - [TEST_STEP][PASSED] - click(findTestObject("Regression BackOffice/CLINK - 28718/Administrator/Users")): Object: 'Object Repository/Regression BackOffice/CLINK - 28718/Administrator/Users' is clicked on&#xD;
&#xD;
2019-09-23 10:49:51 - [MESSAGE][PASSED] - Object: 'Object Repository/Regression BackOffice/CLINK - 28718/Administrator/Users' is clicked on&#xD;
&#xD;
2019-09-23 10:49:51 - [TEST_STEP][PASSED] - delay(2): Delayed 2 second(s)&#xD;
&#xD;
2019-09-23 10:49:53 - [MESSAGE][PASSED] - Delayed 2 second(s)&#xD;
&#xD;
2019-09-23 10:49:53 - [TEST_STEP][PASSED] - acceptAlert(): Alert accepted&#xD;
&#xD;
2019-09-23 10:49:53 - [MESSAGE][PASSED] - Alert accepted&#xD;
&#xD;
2019-09-23 10:49:53 - [TEST_STEP][PASSED] - switchToDefaultContent(): null&#xD;
&#xD;
2019-09-23 10:49:54 - [TEST_STEP][PASSED] - switchToFrame(findTestObject("Regression BackOffice/CLNK-23449/FrameMain"), 30): null&#xD;
&#xD;
2019-09-23 10:49:54 - [TEST_STEP][PASSED] - delay(5): Delayed 5 second(s)&#xD;
&#xD;
2019-09-23 10:49:59 - [MESSAGE][PASSED] - Delayed 5 second(s)&#xD;
&#xD;
2019-09-23 10:49:59 - [TEST_STEP][PASSED] - waitForElementPresent(findTestObject("Regression BackOffice/CLINK - 28718/Administrator/Add New User"), 100): Object 'Object Repository/Regression BackOffice/CLINK - 28718/Administrator/Add New User' is present&#xD;
&#xD;
2019-09-23 10:49:59 - [MESSAGE][PASSED] - Object 'Object Repository/Regression BackOffice/CLINK - 28718/Administrator/Add New User' is present&#xD;
&#xD;
2019-09-23 10:49:59 - [TEST_STEP][PASSED] - click(findTestObject("Regression BackOffice/CLINK - 28718/Administrator/Add New User")): Object: 'Object Repository/Regression BackOffice/CLINK - 28718/Administrator/Add New User' is clicked on&#xD;
&#xD;
2019-09-23 10:49:59 - [MESSAGE][PASSED] - Object: 'Object Repository/Regression BackOffice/CLINK - 28718/Administrator/Add New User' is clicked on&#xD;
&#xD;
2019-09-23 10:49:59 - [TEST_STEP][PASSED] - delay(15): Delayed 15 second(s)&#xD;
&#xD;
2019-09-23 10:50:14 - [MESSAGE][PASSED] - Delayed 15 second(s)&#xD;
&#xD;
2019-09-23 10:50:14 - [TEST_STEP][PASSED] - waitForElementPresent(findTestObject("Regression BackOffice/CLINK - 28718/Administrator/CaregiverChkBox"), 100): Object 'Object Repository/Regression BackOffice/CLINK - 28718/Administrator/CaregiverChkBox' is present&#xD;
&#xD;
2019-09-23 10:50:14 - [MESSAGE][PASSED] - Object 'Object Repository/Regression BackOffice/CLINK - 28718/Administrator/CaregiverChkBox' is present&#xD;
&#xD;
2019-09-23 10:50:14 - [TEST_STEP][PASSED] - click(findTestObject("Regression BackOffice/CLINK - 28718/Administrator/CaregiverChkBox")): Object: 'Object Repository/Regression BackOffice/CLINK - 28718/Administrator/CaregiverChkBox' is clicked on&#xD;
&#xD;
2019-09-23 10:50:14 - [MESSAGE][PASSED] - Object: 'Object Repository/Regression BackOffice/CLINK - 28718/Administrator/CaregiverChkBox' is clicked on&#xD;
&#xD;
2019-09-23 10:50:14 - [TEST_STEP][PASSED] - delay(2): Delayed 2 second(s)&#xD;
&#xD;
2019-09-23 10:50:16 - [MESSAGE][PASSED] - Delayed 2 second(s)&#xD;
&#xD;
2019-09-23 10:50:16 - [TEST_STEP][PASSED] - waitForElementPresent(findTestObject("Regression BackOffice/CLINK - 28718/Administrator/Caregiver Name"), 100): Object 'Object Repository/Regression BackOffice/CLINK - 28718/Administrator/Caregiver Name' is present&#xD;
&#xD;
2019-09-23 10:50:17 - [MESSAGE][PASSED] - Object 'Object Repository/Regression BackOffice/CLINK - 28718/Administrator/Caregiver Name' is present&#xD;
&#xD;
2019-09-23 10:50:17 - [TEST_STEP][PASSED] - click(findTestObject("Regression BackOffice/CLINK - 28718/Administrator/Caregiver Name")): Object: 'Object Repository/Regression BackOffice/CLINK - 28718/Administrator/Caregiver Name' is clicked on&#xD;
&#xD;
2019-09-23 10:50:17 - [MESSAGE][PASSED] - Object: 'Object Repository/Regression BackOffice/CLINK - 28718/Administrator/Caregiver Name' is clicked on&#xD;
&#xD;
2019-09-23 10:50:17 - [TEST_STEP][PASSED] - sendKeys(findTestObject("Regression BackOffice/CLINK - 28718/Administrator/Caregiver Name"), G_CareGiverLastName): Keys 'Ochentilla' sent to object: 'Object Repository/Regression BackOffice/CLINK - 28718/Administrator/Caregiver Name'&#xD;
&#xD;
2019-09-23 10:50:17 - [MESSAGE][PASSED] - Keys 'Ochentilla' sent to object: 'Object Repository/Regression BackOffice/CLINK - 28718/Administrator/Caregiver Name'&#xD;
&#xD;
2019-09-23 10:50:17 - [TEST_STEP][PASSED] - delay(10): Delayed 10 second(s)&#xD;
&#xD;
2019-09-23 10:50:27 - [MESSAGE][PASSED] - Delayed 10 second(s)&#xD;
&#xD;
2019-09-23 10:50:27 - [TEST_STEP][PASSED] - sendKeys(findTestObject("Regression BackOffice/CLINK - 28718/Administrator/Caregiver Name"), Keys.chord(ARROW_DOWN, ENTER)): Keys 'DOWN + ENTER + ' sent to object: 'Object Repository/Regression BackOffice/CLINK - 28718/Administrator/Caregiver Name'&#xD;
&#xD;
2019-09-23 10:50:27 - [MESSAGE][PASSED] - Keys 'DOWN + ENTER + ' sent to object: 'Object Repository/Regression BackOffice/CLINK - 28718/Administrator/Caregiver Name'&#xD;
&#xD;
2019-09-23 10:50:27 - [TEST_STEP][PASSED] - delay(2): Delayed 2 second(s)&#xD;
&#xD;
2019-09-23 10:50:29 - [MESSAGE][PASSED] - Delayed 2 second(s)&#xD;
&#xD;
2019-09-23 10:50:29 - [TEST_STEP][PASSED] - click(findTestObject("Regression BackOffice/CLINK - 28718/Administrator/User Name")): Object: 'Object Repository/Regression BackOffice/CLINK - 28718/Administrator/User Name' is clicked on&#xD;
&#xD;
2019-09-23 10:50:29 - [MESSAGE][PASSED] - Object: 'Object Repository/Regression BackOffice/CLINK - 28718/Administrator/User Name' is clicked on&#xD;
&#xD;
2019-09-23 10:50:29 - [TEST_STEP][PASSED] - sendKeys(findTestObject("Regression BackOffice/CLINK - 28718/Administrator/User Name"), G_CaregiverUserName): Keys 'ochenta' sent to object: 'Object Repository/Regression BackOffice/CLINK - 28718/Administrator/User Name'&#xD;
&#xD;
2019-09-23 10:50:29 - [MESSAGE][PASSED] - Keys 'ochenta' sent to object: 'Object Repository/Regression BackOffice/CLINK - 28718/Administrator/User Name'&#xD;
&#xD;
2019-09-23 10:50:29 - [TEST_STEP][PASSED] - delay(3): Delayed 3 second(s)&#xD;
&#xD;
2019-09-23 10:50:32 - [MESSAGE][PASSED] - Delayed 3 second(s)&#xD;
&#xD;
2019-09-23 10:50:32 - [TEST_STEP][PASSED] - click(findTestObject("Regression BackOffice/CLINK - 28718/Administrator/Password")): Object: 'Object Repository/Regression BackOffice/CLINK - 28718/Administrator/Password' is clicked on&#xD;
&#xD;
2019-09-23 10:50:32 - [MESSAGE][PASSED] - Object: 'Object Repository/Regression BackOffice/CLINK - 28718/Administrator/Password' is clicked on&#xD;
&#xD;
2019-09-23 10:50:32 - [TEST_STEP][PASSED] - sendKeys(findTestObject("Regression BackOffice/CLINK - 28718/Administrator/Password"), G_PasswordBackOffice): Keys 'qwerty' sent to object: 'Object Repository/Regression BackOffice/CLINK - 28718/Administrator/Password'&#xD;
&#xD;
2019-09-23 10:50:33 - [MESSAGE][PASSED] - Keys 'qwerty' sent to object: 'Object Repository/Regression BackOffice/CLINK - 28718/Administrator/Password'&#xD;
&#xD;
2019-09-23 10:50:33 - [TEST_STEP][PASSED] - delay(3): Delayed 3 second(s)&#xD;
&#xD;
2019-09-23 10:50:36 - [MESSAGE][PASSED] - Delayed 3 second(s)&#xD;
&#xD;
2019-09-23 10:50:36 - [TEST_STEP][PASSED] - click(findTestObject("Regression BackOffice/CLINK - 28718/Administrator/Confirm newPassword")): Object: 'Object Repository/Regression BackOffice/CLINK - 28718/Administrator/Confirm newPassword' is clicked on&#xD;
&#xD;
2019-09-23 10:50:36 - [MESSAGE][PASSED] - Object: 'Object Repository/Regression BackOffice/CLINK - 28718/Administrator/Confirm newPassword' is clicked on&#xD;
&#xD;
2019-09-23 10:50:36 - [TEST_STEP][PASSED] - sendKeys(findTestObject("Regression BackOffice/CLINK - 28718/Administrator/Confirm newPassword"), G_PasswordBackOffice): Keys 'qwerty' sent to object: 'Object Repository/Regression BackOffice/CLINK - 28718/Administrator/Confirm newPassword'&#xD;
&#xD;
2019-09-23 10:50:36 - [MESSAGE][PASSED] - Keys 'qwerty' sent to object: 'Object Repository/Regression BackOffice/CLINK - 28718/Administrator/Confirm newPassword'&#xD;
&#xD;
2019-09-23 10:50:36 - [TEST_STEP][PASSED] - delay(3): Delayed 3 second(s)&#xD;
&#xD;
2019-09-23 10:50:39 - [MESSAGE][PASSED] - Delayed 3 second(s)&#xD;
&#xD;
2019-09-23 10:50:39 - [TEST_STEP][PASSED] - waitForElementPresent(findTestObject("Regression BackOffice/CLINK - 28718/Administrator/Email"), 100): Object 'Object Repository/Regression BackOffice/CLINK - 28718/Administrator/Email' is present&#xD;
&#xD;
2019-09-23 10:50:39 - [MESSAGE][PASSED] - Object 'Object Repository/Regression BackOffice/CLINK - 28718/Administrator/Email' is present&#xD;
&#xD;
2019-09-23 10:50:39 - [TEST_STEP][PASSED] - click(findTestObject("Regression BackOffice/CLINK - 28718/Administrator/Email")): Object: 'Object Repository/Regression BackOffice/CLINK - 28718/Administrator/Email' is clicked on&#xD;
&#xD;
2019-09-23 10:50:39 - [MESSAGE][PASSED] - Object: 'Object Repository/Regression BackOffice/CLINK - 28718/Administrator/Email' is clicked on&#xD;
&#xD;
2019-09-23 10:50:39 - [TEST_STEP][PASSED] - sendKeys(findTestObject("Regression BackOffice/CLINK - 28718/Administrator/Email"), "imm@gmail.com"): Keys 'imm@gmail.com' sent to object: 'Object Repository/Regression BackOffice/CLINK - 28718/Administrator/Email'&#xD;
&#xD;
2019-09-23 10:50:39 - [MESSAGE][PASSED] - Keys 'imm@gmail.com' sent to object: 'Object Repository/Regression BackOffice/CLINK - 28718/Administrator/Email'&#xD;
&#xD;
2019-09-23 10:50:39 - [TEST_STEP][PASSED] - delay(3): Delayed 3 second(s)&#xD;
&#xD;
2019-09-23 10:50:42 - [MESSAGE][PASSED] - Delayed 3 second(s)&#xD;
&#xD;
2019-09-23 10:50:42 - [TEST_STEP][PASSED] - waitForElementPresent(findTestObject("Regression BackOffice/CLINK - 28718/Administrator/Caregiver_chk"), 100): Object 'Object Repository/Regression BackOffice/CLINK - 28718/Administrator/Caregiver_chk' is present&#xD;
&#xD;
2019-09-23 10:50:42 - [MESSAGE][PASSED] - Object 'Object Repository/Regression BackOffice/CLINK - 28718/Administrator/Caregiver_chk' is present&#xD;
&#xD;
2019-09-23 10:50:42 - [TEST_STEP][PASSED] - click(findTestObject("Regression BackOffice/CLINK - 28718/Administrator/Caregiver_chk")): Object: 'Object Repository/Regression BackOffice/CLINK - 28718/Administrator/Caregiver_chk' is clicked on&#xD;
&#xD;
2019-09-23 10:50:43 - [MESSAGE][PASSED] - Object: 'Object Repository/Regression BackOffice/CLINK - 28718/Administrator/Caregiver_chk' is clicked on&#xD;
&#xD;
2019-09-23 10:50:43 - [TEST_STEP][PASSED] - delay(3): Delayed 3 second(s)&#xD;
&#xD;
2019-09-23 10:50:46 - [MESSAGE][PASSED] - Delayed 3 second(s)&#xD;
&#xD;
2019-09-23 10:50:46 - [TEST_STEP][PASSED] - switchToDefaultContent(): null&#xD;
&#xD;
2019-09-23 10:50:46 - [TEST_STEP][PASSED] - switchToFrame(findTestObject("Regression BackOffice/CLINK - 28718/BannerFrame"), 50): null&#xD;
&#xD;
2019-09-23 10:50:46 - [TEST_STEP][PASSED] - waitForElementPresent(findTestObject("Regression BackOffice/CLINK - 28718/Administrator/_btnUserSave"), 50): Object 'Object Repository/Regression BackOffice/CLINK - 28718/Administrator/_btnUserSave' is present&#xD;
&#xD;
2019-09-23 10:50:46 - [MESSAGE][PASSED] - Object 'Object Repository/Regression BackOffice/CLINK - 28718/Administrator/_btnUserSave' is present&#xD;
&#xD;
2019-09-23 10:50:46 - [TEST_STEP][PASSED] - click(findTestObject("Regression BackOffice/CLINK - 28718/Administrator/_btnUserSave")): Object: 'Object Repository/Regression BackOffice/CLINK - 28718/Administrator/_btnUserSave' is clicked on&#xD;
&#xD;
2019-09-23 10:50:46 - [MESSAGE][PASSED] - Object: 'Object Repository/Regression BackOffice/CLINK - 28718/Administrator/_btnUserSave' is clicked on&#xD;
&#xD;
2019-09-23 10:50:46 - [TEST_STEP][PASSED] - delay(3): Delayed 3 second(s)&#xD;
&#xD;
2019-09-23 10:50:49 - [MESSAGE][PASSED] - Delayed 3 second(s)&#xD;
&#xD;
2019-09-23 10:50:49 - [TEST_STEP][PASSED] - closeBrowser(): Browser is closed&#xD;
&#xD;
2019-09-23 10:50:50 - [MESSAGE][PASSED] - Browser is closed&#xD;
&#xD;
2019-09-23 10:50:50 - [TEST_STEP][PASSED] - callTestCase(findTestCase("Regression Clinical Edge (All Browsers)/CLNK-23349 - ContinuLink - Login"), [:], STOP_ON_FAILURE): Call Test Case 'Test Cases/Regression Clinical Edge (All Browsers)/CLNK-23349 - ContinuLink - Login' successfully&#xD;
&#xD;
2019-09-23 10:50:50 - [TEST_CASE][PASSED] - Test Cases/Regression Clinical Edge (All Browsers)/CLNK-23349 - ContinuLink - Login: Test Cases/Regression Clinical Edge (All Browsers)/CLNK-23349 - ContinuLink - Login&#xD;
&#xD;
2019-09-23 10:50:50 - [TEST_STEP][PASSED] - deleteAllCookies(): Delete all cookies successfully&#xD;
&#xD;
2019-09-23 10:50:50 - [MESSAGE][WARNING] - Cannot delete cookies because browser is closed&#xD;
&#xD;
2019-09-23 10:50:50 - [MESSAGE][PASSED] - Delete all cookies successfully&#xD;
&#xD;
2019-09-23 10:50:50 - [TEST_STEP][PASSED] - openBrowser(G_SiteURL): Browser is opened with url: 'https://qanewpoc.continulink.com/Account/Login.aspx?ReturnUrl=%2fdefault.aspx'&#xD;
&#xD;
2019-09-23 10:50:50 - [MESSAGE][INFO] - Starting 'Chrome' driver&#xD;
&#xD;
2019-09-23 10:51:00 - [MESSAGE][PASSED] - Browser is opened with url: 'https://qanewpoc.continulink.com/Account/Login.aspx?ReturnUrl=%2fdefault.aspx'&#xD;
&#xD;
2019-09-23 10:51:00 - [TEST_STEP][PASSED] - waitForPageLoad(60): Wait for page load successfully&#xD;
&#xD;
2019-09-23 10:51:00 - [MESSAGE][PASSED] - Wait for page load successfully&#xD;
&#xD;
2019-09-23 10:51:00 - [TEST_STEP][PASSED] - maximizeWindow(): Current window maximized&#xD;
&#xD;
2019-09-23 10:51:04 - [MESSAGE][PASSED] - Current window maximized&#xD;
&#xD;
2019-09-23 10:51:04 - [TEST_STEP][PASSED] - setText(findTestObject("Regression Clinical Edge/CLNK-23349/User"), G_CaregiverUserName): Text 'ochenta' is set on object 'Object Repository/Regression Clinical Edge/CLNK-23349/User'&#xD;
&#xD;
2019-09-23 10:51:04 - [MESSAGE][PASSED] - Text 'ochenta' is set on object 'Object Repository/Regression Clinical Edge/CLNK-23349/User'&#xD;
&#xD;
2019-09-23 10:51:04 - [TEST_STEP][PASSED] - setText(findTestObject("Regression Clinical Edge/CLNK-23349/Password"), G_Password): Text 'qwerty' is set on object 'Object Repository/Regression Clinical Edge/CLNK-23349/Password'&#xD;
&#xD;
2019-09-23 10:51:04 - [MESSAGE][PASSED] - Text 'qwerty' is set on object 'Object Repository/Regression Clinical Edge/CLNK-23349/Password'&#xD;
&#xD;
2019-09-23 10:51:04 - [TEST_STEP][PASSED] - click(findTestObject("Regression Clinical Edge/CLNK-23349/Button_LogIn")): Object: 'Object Repository/Regression Clinical Edge/CLNK-23349/Button_LogIn' is clicked on&#xD;
&#xD;
2019-09-23 10:51:05 - [MESSAGE][PASSED] - Object: 'Object Repository/Regression Clinical Edge/CLNK-23349/Button_LogIn' is clicked on&#xD;
&#xD;
2019-09-23 10:51:05 - [TEST_STEP][PASSED] - waitForPageLoad(60): Wait for page load successfully&#xD;
&#xD;
2019-09-23 10:51:05 - [MESSAGE][PASSED] - Wait for page load successfully&#xD;
&#xD;
2019-09-23 10:51:05 - [TEST_STEP][PASSED] - delay(2): Delayed 2 second(s)&#xD;
&#xD;
2019-09-23 10:51:07 - [MESSAGE][PASSED] - Delayed 2 second(s)&#xD;
&#xD;
2019-09-23 10:51:07 - [TEST_STEP][NOT_RUN] - waitForElementPresent(findTestObject("Regression Clinical Edge/CLINK-23509/button_Close"), 100): NOT_RUN: waitForElementPresent(findTestObject("Regression Clinical Edge/CLINK-23509/button_Close"), 100)&#xD;
&#xD;
2019-09-23 10:51:07 - [MESSAGE][NOT_RUN] - NOT_RUN: waitForElementPresent(findTestObject("Regression Clinical Edge/CLINK-23509/button_Close"), 100)&#xD;
&#xD;
2019-09-23 10:51:07 - [TEST_STEP][NOT_RUN] - click(findTestObject("Regression Clinical Edge/CLINK-23509/button_Close")): NOT_RUN: click(findTestObject("Regression Clinical Edge/CLINK-23509/button_Close"))&#xD;
&#xD;
2019-09-23 10:51:07 - [MESSAGE][NOT_RUN] - NOT_RUN: click(findTestObject("Regression Clinical Edge/CLINK-23509/button_Close"))&#xD;
&#xD;
2019-09-23 10:51:07 - [TEST_STEP][NOT_RUN] - delay(2): NOT_RUN: delay(2)&#xD;
&#xD;
2019-09-23 10:51:07 - [MESSAGE][NOT_RUN] - NOT_RUN: delay(2)&#xD;
&#xD;
2019-09-23 10:51:07 - [MESSAGE][PASSED] - Call Test Case 'Test Cases/Regression Clinical Edge (All Browsers)/CLNK-23349 - ContinuLink - Login' successfully&#xD;
&#xD;
2019-09-23 10:51:07 - [TEST_STEP][PASSED] - waitForPageLoad(60): Wait for page load successfully&#xD;
&#xD;
2019-09-23 10:51:07 - [MESSAGE][PASSED] - Wait for page load successfully&#xD;
&#xD;
2019-09-23 10:51:07 - [TEST_STEP][PASSED] - maximizeWindow(): Current window maximized&#xD;
&#xD;
2019-09-23 10:51:07 - [MESSAGE][PASSED] - Current window maximized&#xD;
&#xD;
2019-09-23 10:51:07 - [TEST_STEP][PASSED] - waitForPageLoad(60): Wait for page load successfully&#xD;
&#xD;
2019-09-23 10:51:07 - [MESSAGE][PASSED] - Wait for page load successfully&#xD;
&#xD;
2019-09-23 10:51:07 - [TEST_STEP][PASSED] - delay(8): Delayed 8 second(s)&#xD;
&#xD;
2019-09-23 10:51:15 - [MESSAGE][PASSED] - Delayed 8 second(s)&#xD;
&#xD;
2019-09-23 10:51:15 - [TEST_STEP][PASSED] - if (verifyElementPresent(findTestObject("Regression BackOffice/CLINK - 28718/ChangePassword/HereLink"), 10)): Alert accepted&#xD;
&#xD;
2019-09-23 10:51:15 - [MESSAGE][PASSED] - Object 'Object Repository/Regression BackOffice/CLINK - 28718/ChangePassword/HereLink' is present&#xD;
&#xD;
2019-09-23 10:51:15 - [TEST_STEP][PASSED] - click(findTestObject("Regression BackOffice/CLINK - 28718/ChangePassword/HereLink")): Object: 'Object Repository/Regression BackOffice/CLINK - 28718/ChangePassword/HereLink' is clicked on&#xD;
&#xD;
2019-09-23 10:51:15 - [MESSAGE][PASSED] - Object: 'Object Repository/Regression BackOffice/CLINK - 28718/ChangePassword/HereLink' is clicked on&#xD;
&#xD;
2019-09-23 10:51:15 - [TEST_STEP][PASSED] - delay(2): Delayed 2 second(s)&#xD;
&#xD;
2019-09-23 10:51:17 - [MESSAGE][PASSED] - Delayed 2 second(s)&#xD;
&#xD;
2019-09-23 10:51:17 - [TEST_STEP][PASSED] - waitForPageLoad(50): Wait for page load successfully&#xD;
&#xD;
2019-09-23 10:51:17 - [MESSAGE][PASSED] - Wait for page load successfully&#xD;
&#xD;
2019-09-23 10:51:17 - [TEST_STEP][PASSED] - waitForElementPresent(findTestObject("Regression BackOffice/CLINK - 28718/ChangePassword/Current Password"), 50): Object 'Object Repository/Regression BackOffice/CLINK - 28718/ChangePassword/Current Password' is present&#xD;
&#xD;
2019-09-23 10:51:18 - [MESSAGE][PASSED] - Object 'Object Repository/Regression BackOffice/CLINK - 28718/ChangePassword/Current Password' is present&#xD;
&#xD;
2019-09-23 10:51:18 - [TEST_STEP][PASSED] - setText(findTestObject("Regression BackOffice/CLINK - 28718/ChangePassword/Current Password"), G_Password): Text 'qwerty' is set on object 'Object Repository/Regression BackOffice/CLINK - 28718/ChangePassword/Current Password'&#xD;
&#xD;
2019-09-23 10:51:18 - [MESSAGE][PASSED] - Text 'qwerty' is set on object 'Object Repository/Regression BackOffice/CLINK - 28718/ChangePassword/Current Password'&#xD;
&#xD;
2019-09-23 10:51:18 - [TEST_STEP][PASSED] - delay(2): Delayed 2 second(s)&#xD;
&#xD;
2019-09-23 10:51:20 - [MESSAGE][PASSED] - Delayed 2 second(s)&#xD;
&#xD;
2019-09-23 10:51:20 - [TEST_STEP][PASSED] - waitForElementPresent(findTestObject("Regression BackOffice/CLINK - 28718/ChangePassword/New Password"), 50): Object 'Object Repository/Regression BackOffice/CLINK - 28718/ChangePassword/New Password' is present&#xD;
&#xD;
2019-09-23 10:51:20 - [MESSAGE][PASSED] - Object 'Object Repository/Regression BackOffice/CLINK - 28718/ChangePassword/New Password' is present&#xD;
&#xD;
2019-09-23 10:51:20 - [TEST_STEP][PASSED] - setText(findTestObject("Regression BackOffice/CLINK - 28718/ChangePassword/New Password"), G_Password): Text 'qwerty' is set on object 'Object Repository/Regression BackOffice/CLINK - 28718/ChangePassword/New Password'&#xD;
&#xD;
2019-09-23 10:51:20 - [MESSAGE][PASSED] - Text 'qwerty' is set on object 'Object Repository/Regression BackOffice/CLINK - 28718/ChangePassword/New Password'&#xD;
&#xD;
2019-09-23 10:51:20 - [TEST_STEP][PASSED] - delay(2): Delayed 2 second(s)&#xD;
&#xD;
2019-09-23 10:51:22 - [MESSAGE][PASSED] - Delayed 2 second(s)&#xD;
&#xD;
2019-09-23 10:51:22 - [TEST_STEP][PASSED] - waitForElementPresent(findTestObject("Regression BackOffice/CLINK - 28718/ChangePassword/OKButton"), 100): Object 'Object Repository/Regression BackOffice/CLINK - 28718/ChangePassword/OKButton' is present&#xD;
&#xD;
2019-09-23 10:51:22 - [MESSAGE][PASSED] - Object 'Object Repository/Regression BackOffice/CLINK - 28718/ChangePassword/OKButton' is present&#xD;
&#xD;
2019-09-23 10:51:22 - [TEST_STEP][PASSED] - click(findTestObject("Regression BackOffice/CLINK - 28718/ChangePassword/OKButton")): Object: 'Object Repository/Regression BackOffice/CLINK - 28718/ChangePassword/OKButton' is clicked on&#xD;
&#xD;
2019-09-23 10:51:22 - [MESSAGE][PASSED] - Object: 'Object Repository/Regression BackOffice/CLINK - 28718/ChangePassword/OKButton' is clicked on&#xD;
&#xD;
2019-09-23 10:51:22 - [TEST_STEP][PASSED] - delay(2): Delayed 2 second(s)&#xD;
&#xD;
2019-09-23 10:51:24 - [MESSAGE][PASSED] - Delayed 2 second(s)&#xD;
&#xD;
2019-09-23 10:51:24 - [TEST_STEP][PASSED] - acceptAlert(): Alert accepted&#xD;
&#xD;
2019-09-23 10:51:24 - [MESSAGE][PASSED] - Alert accepted&#xD;
&#xD;
2019-09-23 10:51:24 - [TEST_STEP][PASSED] - closeBrowser(): Browser is closed&#xD;
&#xD;
2019-09-23 10:51:25 - [MESSAGE][PASSED] - Browser is closed</system-out>
            <system-err></system-err>
        </testcase>
        <testcase name="Test Cases/Regression BackOffice (All Browsers)/CLNK-23441 - Back office Caregiver - Search criteria" classname="Test Cases/Regression BackOffice (All Browsers)/CLNK-23441 - Back office Caregiver - Search criteria" status="PASSED">
            <system-out>2019-09-23 10:51:27 - [TEST_CASE][PASSED] - Test Cases/Regression BackOffice (All Browsers)/CLNK-23441 - Back office Caregiver - Search criteria: Test Cases/Regression BackOffice (All Browsers)/CLNK-23441 - Back office Caregiver - Search criteria&#xD;
&#xD;
2019-09-23 10:51:28 - [TEST_STEP][PASSED] - callTestCase(findTestCase("Regression BackOffice (All Browsers)/CLNK-23439 - Clink - Back office Client"), [:], STOP_ON_FAILURE): Call Test Case 'Test Cases/Regression BackOffice (All Browsers)/CLNK-23439 - Clink - Back office Client' successfully&#xD;
&#xD;
2019-09-23 10:51:28 - [TEST_CASE][PASSED] - Test Cases/Regression BackOffice (All Browsers)/CLNK-23439 - Clink - Back office Client: Test Cases/Regression BackOffice (All Browsers)/CLNK-23439 - Clink - Back office Client&#xD;
&#xD;
2019-09-23 10:51:28 - [TEST_STEP][PASSED] - deleteAllCookies(): Delete all cookies successfully&#xD;
&#xD;
2019-09-23 10:51:28 - [MESSAGE][WARNING] - Cannot delete cookies because browser is closed&#xD;
&#xD;
2019-09-23 10:51:28 - [MESSAGE][PASSED] - Delete all cookies successfully&#xD;
&#xD;
2019-09-23 10:51:28 - [TEST_STEP][PASSED] - openBrowser(G_SiteBackOffice): Browser is opened with url: 'https://qanewpoc.continulink.com:8443/Backoffice/'&#xD;
&#xD;
2019-09-23 10:51:28 - [MESSAGE][INFO] - Starting 'Chrome' driver&#xD;
&#xD;
2019-09-23 10:51:35 - [MESSAGE][PASSED] - Browser is opened with url: 'https://qanewpoc.continulink.com:8443/Backoffice/'&#xD;
&#xD;
2019-09-23 10:51:35 - [TEST_STEP][PASSED] - waitForPageLoad(60): Wait for page load successfully&#xD;
&#xD;
2019-09-23 10:51:35 - [MESSAGE][PASSED] - Wait for page load successfully&#xD;
&#xD;
2019-09-23 10:51:35 - [TEST_STEP][PASSED] - maximizeWindow(): Current window maximized&#xD;
&#xD;
2019-09-23 10:51:39 - [MESSAGE][PASSED] - Current window maximized&#xD;
&#xD;
2019-09-23 10:51:39 - [TEST_STEP][PASSED] - setText(findTestObject("Regression BackOffice/Login/UserBackOffice"), G_UserBackOffice): Text 'automation_admin' is set on object 'Object Repository/Regression BackOffice/Login/UserBackOffice'&#xD;
&#xD;
2019-09-23 10:51:40 - [MESSAGE][PASSED] - Text 'automation_admin' is set on object 'Object Repository/Regression BackOffice/Login/UserBackOffice'&#xD;
&#xD;
2019-09-23 10:51:40 - [TEST_STEP][PASSED] - setText(findTestObject("Regression BackOffice/Login/PasswordBackOffice"), G_PasswordBackOffice): Text 'qwerty' is set on object 'Object Repository/Regression BackOffice/Login/PasswordBackOffice'&#xD;
&#xD;
2019-09-23 10:51:40 - [MESSAGE][PASSED] - Text 'qwerty' is set on object 'Object Repository/Regression BackOffice/Login/PasswordBackOffice'&#xD;
&#xD;
2019-09-23 10:51:40 - [TEST_STEP][PASSED] - click(findTestObject("Regression BackOffice/Login/LoginBackOffice")): Object: 'Object Repository/Regression BackOffice/Login/LoginBackOffice' is clicked on&#xD;
&#xD;
2019-09-23 10:51:44 - [MESSAGE][PASSED] - Object: 'Object Repository/Regression BackOffice/Login/LoginBackOffice' is clicked on&#xD;
&#xD;
2019-09-23 10:51:44 - [TEST_STEP][PASSED] - waitForPageLoad(60): Wait for page load successfully&#xD;
&#xD;
2019-09-23 10:51:44 - [MESSAGE][PASSED] - Wait for page load successfully&#xD;
&#xD;
2019-09-23 10:51:44 - [TEST_STEP][PASSED] - delay(2): Delayed 2 second(s)&#xD;
&#xD;
2019-09-23 10:51:46 - [MESSAGE][PASSED] - Delayed 2 second(s)&#xD;
&#xD;
2019-09-23 10:51:46 - [TEST_STEP][PASSED] - switchToFrame(findTestObject("Regression BackOffice/CLINK-Frames/FrameFrameLeft"), 5, STOP_ON_FAILURE): null&#xD;
&#xD;
2019-09-23 10:51:47 - [TEST_STEP][PASSED] - delay(2): Delayed 2 second(s)&#xD;
&#xD;
2019-09-23 10:51:49 - [MESSAGE][PASSED] - Delayed 2 second(s)&#xD;
&#xD;
2019-09-23 10:51:49 - [TEST_STEP][PASSED] - waitForElementPresent(findTestObject("Regression BackOffice/CLINK-Frames/ClientIntake"), 50): Object 'Object Repository/Regression BackOffice/CLINK-Frames/ClientIntake' is present&#xD;
&#xD;
2019-09-23 10:51:49 - [MESSAGE][PASSED] - Object 'Object Repository/Regression BackOffice/CLINK-Frames/ClientIntake' is present&#xD;
&#xD;
2019-09-23 10:51:49 - [TEST_STEP][PASSED] - verifyElementPresent(findTestObject("Regression BackOffice/CLINK-Frames/ClientIntake"), 100, STOP_ON_FAILURE): Object 'Object Repository/Regression BackOffice/CLINK-Frames/ClientIntake' is present&#xD;
&#xD;
2019-09-23 10:51:49 - [MESSAGE][PASSED] - Object 'Object Repository/Regression BackOffice/CLINK-Frames/ClientIntake' is present&#xD;
&#xD;
2019-09-23 10:51:49 - [TEST_STEP][PASSED] - switchToDefaultContent(): null&#xD;
&#xD;
2019-09-23 10:51:49 - [MESSAGE][PASSED] - Call Test Case 'Test Cases/Regression BackOffice (All Browsers)/CLNK-23439 - Clink - Back office Client' successfully&#xD;
&#xD;
2019-09-23 10:51:49 - [TEST_STEP][PASSED] - waitForPageLoad(60): Wait for page load successfully&#xD;
&#xD;
2019-09-23 10:51:49 - [MESSAGE][PASSED] - Wait for page load successfully&#xD;
&#xD;
2019-09-23 10:51:49 - [TEST_STEP][PASSED] - delay(3): Delayed 3 second(s)&#xD;
&#xD;
2019-09-23 10:51:52 - [MESSAGE][PASSED] - Delayed 3 second(s)&#xD;
&#xD;
2019-09-23 10:51:52 - [TEST_STEP][PASSED] - switchToFrame(findTestObject("Regression BackOffice/CLNK-23449/FrameLeft"), 30): null&#xD;
&#xD;
2019-09-23 10:51:52 - [TEST_STEP][PASSED] - waitForElementPresent(findTestObject("Regression BackOffice/CLNK-23441/Caregiver  HRLink"), 100): Object 'Object Repository/Regression BackOffice/CLNK-23441/Caregiver  HRLink' is present&#xD;
&#xD;
2019-09-23 10:51:52 - [MESSAGE][PASSED] - Object 'Object Repository/Regression BackOffice/CLNK-23441/Caregiver  HRLink' is present&#xD;
&#xD;
2019-09-23 10:51:52 - [TEST_STEP][PASSED] - click(findTestObject("Regression BackOffice/CLNK-23441/Caregiver  HRLink")): Object: 'Object Repository/Regression BackOffice/CLNK-23441/Caregiver  HRLink' is clicked on&#xD;
&#xD;
2019-09-23 10:51:52 - [MESSAGE][PASSED] - Object: 'Object Repository/Regression BackOffice/CLNK-23441/Caregiver  HRLink' is clicked on&#xD;
&#xD;
2019-09-23 10:51:52 - [TEST_STEP][PASSED] - delay(2): Delayed 2 second(s)&#xD;
&#xD;
2019-09-23 10:51:54 - [MESSAGE][PASSED] - Delayed 2 second(s)&#xD;
&#xD;
2019-09-23 10:51:54 - [TEST_STEP][PASSED] - waitForPageLoad(50): Wait for page load successfully&#xD;
&#xD;
2019-09-23 10:51:54 - [MESSAGE][PASSED] - Wait for page load successfully&#xD;
&#xD;
2019-09-23 10:51:54 - [TEST_STEP][PASSED] - waitForElementPresent(findTestObject("Regression BackOffice/CLNK-23441/Caregiver Search"), 50): Object 'Object Repository/Regression BackOffice/CLNK-23441/Caregiver Search' is present&#xD;
&#xD;
2019-09-23 10:51:54 - [MESSAGE][PASSED] - Object 'Object Repository/Regression BackOffice/CLNK-23441/Caregiver Search' is present&#xD;
&#xD;
2019-09-23 10:51:54 - [TEST_STEP][PASSED] - click(findTestObject("Regression BackOffice/CLNK-23441/Caregiver Search")): Object: 'Object Repository/Regression BackOffice/CLNK-23441/Caregiver Search' is clicked on&#xD;
&#xD;
2019-09-23 10:51:55 - [MESSAGE][PASSED] - Object: 'Object Repository/Regression BackOffice/CLNK-23441/Caregiver Search' is clicked on&#xD;
&#xD;
2019-09-23 10:51:55 - [TEST_STEP][PASSED] - delay(2): Delayed 2 second(s)&#xD;
&#xD;
2019-09-23 10:51:57 - [MESSAGE][PASSED] - Delayed 2 second(s)&#xD;
&#xD;
2019-09-23 10:51:57 - [TEST_STEP][PASSED] - switchToDefaultContent(): null&#xD;
&#xD;
2019-09-23 10:51:57 - [TEST_STEP][PASSED] - switchToFrame(findTestObject("Regression BackOffice/CLNK-23449/FrameMain"), 30): null&#xD;
&#xD;
2019-09-23 10:51:57 - [TEST_STEP][PASSED] - waitForElementPresent(findTestObject("Regression BackOffice/CLNK-10235/FirstNameSearch"), 50): Object 'Object Repository/Regression BackOffice/CLNK-10235/FirstNameSearch' is present&#xD;
&#xD;
2019-09-23 10:51:57 - [MESSAGE][PASSED] - Object 'Object Repository/Regression BackOffice/CLNK-10235/FirstNameSearch' is present&#xD;
&#xD;
2019-09-23 10:51:57 - [TEST_STEP][PASSED] - setText(findTestObject("Regression BackOffice/CLNK-10235/FirstNameSearch"), G_CaregiverFirstName): Text 'Ochenta' is set on object 'Object Repository/Regression BackOffice/CLNK-10235/FirstNameSearch'&#xD;
&#xD;
2019-09-23 10:51:58 - [MESSAGE][PASSED] - Text 'Ochenta' is set on object 'Object Repository/Regression BackOffice/CLNK-10235/FirstNameSearch'&#xD;
&#xD;
2019-09-23 10:51:58 - [TEST_STEP][PASSED] - delay(2): Delayed 2 second(s)&#xD;
&#xD;
2019-09-23 10:52:00 - [MESSAGE][PASSED] - Delayed 2 second(s)&#xD;
&#xD;
2019-09-23 10:52:00 - [TEST_STEP][PASSED] - waitForElementPresent(findTestObject("Regression BackOffice/CLNK-23441/Last NameHR"), 50): Object 'Object Repository/Regression BackOffice/CLNK-23441/Last NameHR' is present&#xD;
&#xD;
2019-09-23 10:52:00 - [MESSAGE][PASSED] - Object 'Object Repository/Regression BackOffice/CLNK-23441/Last NameHR' is present&#xD;
&#xD;
2019-09-23 10:52:00 - [TEST_STEP][PASSED] - setText(findTestObject("Regression BackOffice/CLNK-23441/Last NameHR"), G_CareGiverLastName): Text 'Ochentilla' is set on object 'Object Repository/Regression BackOffice/CLNK-23441/Last NameHR'&#xD;
&#xD;
2019-09-23 10:52:00 - [MESSAGE][PASSED] - Text 'Ochentilla' is set on object 'Object Repository/Regression BackOffice/CLNK-23441/Last NameHR'&#xD;
&#xD;
2019-09-23 10:52:00 - [TEST_STEP][PASSED] - delay(2): Delayed 2 second(s)&#xD;
&#xD;
2019-09-23 10:52:02 - [MESSAGE][PASSED] - Delayed 2 second(s)&#xD;
&#xD;
2019-09-23 10:52:02 - [TEST_STEP][PASSED] - waitForElementPresent(findTestObject("Regression BackOffice/CLNK-23441/CaregiverSearchButton"), 50): Object 'Object Repository/Regression BackOffice/CLNK-23441/CaregiverSearchButton' is present&#xD;
&#xD;
2019-09-23 10:52:02 - [MESSAGE][PASSED] - Object 'Object Repository/Regression BackOffice/CLNK-23441/CaregiverSearchButton' is present&#xD;
&#xD;
2019-09-23 10:52:02 - [TEST_STEP][PASSED] - click(findTestObject("Regression BackOffice/CLNK-23441/CaregiverSearchButton"), STOP_ON_FAILURE): Object: 'Object Repository/Regression BackOffice/CLNK-23441/CaregiverSearchButton' is clicked on&#xD;
&#xD;
2019-09-23 10:52:03 - [MESSAGE][PASSED] - Object: 'Object Repository/Regression BackOffice/CLNK-23441/CaregiverSearchButton' is clicked on&#xD;
&#xD;
2019-09-23 10:52:03 - [TEST_STEP][PASSED] - delay(2): Delayed 2 second(s)&#xD;
&#xD;
2019-09-23 10:52:05 - [MESSAGE][PASSED] - Delayed 2 second(s)&#xD;
&#xD;
2019-09-23 10:52:05 - [TEST_STEP][PASSED] - closeBrowser(): Browser is closed&#xD;
&#xD;
2019-09-23 10:52:05 - [MESSAGE][PASSED] - Browser is closed</system-out>
            <system-err></system-err>
        </testcase>
        <testcase name="Test Cases/Regression BackOffice (All Browsers)/CLNK-23442 - Back office Caregiver Demographics" classname="Test Cases/Regression BackOffice (All Browsers)/CLNK-23442 - Back office Caregiver Demographics" status="PASSED">
            <system-out>2019-09-23 10:52:08 - [TEST_CASE][PASSED] - Test Cases/Regression BackOffice (All Browsers)/CLNK-23442 - Back office Caregiver Demographics: Test Cases/Regression BackOffice (All Browsers)/CLNK-23442 - Back office Caregiver Demographics&#xD;
&#xD;
2019-09-23 10:52:08 - [TEST_STEP][PASSED] - callTestCase(findTestCase("Regression BackOffice (All Browsers)/CLNK-23439 - Clink - Back office Client"), [:], STOP_ON_FAILURE): Call Test Case 'Test Cases/Regression BackOffice (All Browsers)/CLNK-23439 - Clink - Back office Client' successfully&#xD;
&#xD;
2019-09-23 10:52:08 - [TEST_CASE][PASSED] - Test Cases/Regression BackOffice (All Browsers)/CLNK-23439 - Clink - Back office Client: Test Cases/Regression BackOffice (All Browsers)/CLNK-23439 - Clink - Back office Client&#xD;
&#xD;
2019-09-23 10:52:08 - [TEST_STEP][PASSED] - deleteAllCookies(): Delete all cookies successfully&#xD;
&#xD;
2019-09-23 10:52:08 - [MESSAGE][WARNING] - Cannot delete cookies because browser is closed&#xD;
&#xD;
2019-09-23 10:52:08 - [MESSAGE][PASSED] - Delete all cookies successfully&#xD;
&#xD;
2019-09-23 10:52:08 - [TEST_STEP][PASSED] - openBrowser(G_SiteBackOffice): Browser is opened with url: 'https://qanewpoc.continulink.com:8443/Backoffice/'&#xD;
&#xD;
2019-09-23 10:52:08 - [MESSAGE][INFO] - Starting 'Chrome' driver&#xD;
&#xD;
2019-09-23 10:52:16 - [MESSAGE][PASSED] - Browser is opened with url: 'https://qanewpoc.continulink.com:8443/Backoffice/'&#xD;
&#xD;
2019-09-23 10:52:16 - [TEST_STEP][PASSED] - waitForPageLoad(60): Wait for page load successfully&#xD;
&#xD;
2019-09-23 10:52:16 - [MESSAGE][PASSED] - Wait for page load successfully&#xD;
&#xD;
2019-09-23 10:52:16 - [TEST_STEP][PASSED] - maximizeWindow(): Current window maximized&#xD;
&#xD;
2019-09-23 10:52:20 - [MESSAGE][PASSED] - Current window maximized&#xD;
&#xD;
2019-09-23 10:52:20 - [TEST_STEP][PASSED] - setText(findTestObject("Regression BackOffice/Login/UserBackOffice"), G_UserBackOffice): Text 'automation_admin' is set on object 'Object Repository/Regression BackOffice/Login/UserBackOffice'&#xD;
&#xD;
2019-09-23 10:52:20 - [MESSAGE][PASSED] - Text 'automation_admin' is set on object 'Object Repository/Regression BackOffice/Login/UserBackOffice'&#xD;
&#xD;
2019-09-23 10:52:20 - [TEST_STEP][PASSED] - setText(findTestObject("Regression BackOffice/Login/PasswordBackOffice"), G_PasswordBackOffice): Text 'qwerty' is set on object 'Object Repository/Regression BackOffice/Login/PasswordBackOffice'&#xD;
&#xD;
2019-09-23 10:52:21 - [MESSAGE][PASSED] - Text 'qwerty' is set on object 'Object Repository/Regression BackOffice/Login/PasswordBackOffice'&#xD;
&#xD;
2019-09-23 10:52:21 - [TEST_STEP][PASSED] - click(findTestObject("Regression BackOffice/Login/LoginBackOffice")): Object: 'Object Repository/Regression BackOffice/Login/LoginBackOffice' is clicked on&#xD;
&#xD;
2019-09-23 10:52:25 - [MESSAGE][PASSED] - Object: 'Object Repository/Regression BackOffice/Login/LoginBackOffice' is clicked on&#xD;
&#xD;
2019-09-23 10:52:25 - [TEST_STEP][PASSED] - waitForPageLoad(60): Wait for page load successfully&#xD;
&#xD;
2019-09-23 10:52:25 - [MESSAGE][PASSED] - Wait for page load successfully&#xD;
&#xD;
2019-09-23 10:52:25 - [TEST_STEP][PASSED] - delay(2): Delayed 2 second(s)&#xD;
&#xD;
2019-09-23 10:52:27 - [MESSAGE][PASSED] - Delayed 2 second(s)&#xD;
&#xD;
2019-09-23 10:52:27 - [TEST_STEP][PASSED] - switchToFrame(findTestObject("Regression BackOffice/CLINK-Frames/FrameFrameLeft"), 5, STOP_ON_FAILURE): null&#xD;
&#xD;
2019-09-23 10:52:27 - [TEST_STEP][PASSED] - delay(2): Delayed 2 second(s)&#xD;
&#xD;
2019-09-23 10:52:29 - [MESSAGE][PASSED] - Delayed 2 second(s)&#xD;
&#xD;
2019-09-23 10:52:29 - [TEST_STEP][PASSED] - waitForElementPresent(findTestObject("Regression BackOffice/CLINK-Frames/ClientIntake"), 50): Object 'Object Repository/Regression BackOffice/CLINK-Frames/ClientIntake' is present&#xD;
&#xD;
2019-09-23 10:52:29 - [MESSAGE][PASSED] - Object 'Object Repository/Regression BackOffice/CLINK-Frames/ClientIntake' is present&#xD;
&#xD;
2019-09-23 10:52:29 - [TEST_STEP][PASSED] - verifyElementPresent(findTestObject("Regression BackOffice/CLINK-Frames/ClientIntake"), 100, STOP_ON_FAILURE): Object 'Object Repository/Regression BackOffice/CLINK-Frames/ClientIntake' is present&#xD;
&#xD;
2019-09-23 10:52:29 - [MESSAGE][PASSED] - Object 'Object Repository/Regression BackOffice/CLINK-Frames/ClientIntake' is present&#xD;
&#xD;
2019-09-23 10:52:29 - [TEST_STEP][PASSED] - switchToDefaultContent(): null&#xD;
&#xD;
2019-09-23 10:52:29 - [MESSAGE][PASSED] - Call Test Case 'Test Cases/Regression BackOffice (All Browsers)/CLNK-23439 - Clink - Back office Client' successfully&#xD;
&#xD;
2019-09-23 10:52:29 - [TEST_STEP][PASSED] - waitForPageLoad(60): Wait for page load successfully&#xD;
&#xD;
2019-09-23 10:52:29 - [MESSAGE][PASSED] - Wait for page load successfully&#xD;
&#xD;
2019-09-23 10:52:29 - [TEST_STEP][PASSED] - delay(3): Delayed 3 second(s)&#xD;
&#xD;
2019-09-23 10:52:32 - [MESSAGE][PASSED] - Delayed 3 second(s)&#xD;
&#xD;
2019-09-23 10:52:32 - [TEST_STEP][PASSED] - switchToFrame(findTestObject("Regression BackOffice/CLNK-23449/FrameLeft"), 30): null&#xD;
&#xD;
2019-09-23 10:52:32 - [TEST_STEP][PASSED] - waitForElementPresent(findTestObject("Regression BackOffice/CLNK-23441/Caregiver  HRLink"), 100): Object 'Object Repository/Regression BackOffice/CLNK-23441/Caregiver  HRLink' is present&#xD;
&#xD;
2019-09-23 10:52:33 - [MESSAGE][PASSED] - Object 'Object Repository/Regression BackOffice/CLNK-23441/Caregiver  HRLink' is present&#xD;
&#xD;
2019-09-23 10:52:33 - [TEST_STEP][PASSED] - click(findTestObject("Regression BackOffice/CLNK-23441/Caregiver  HRLink")): Object: 'Object Repository/Regression BackOffice/CLNK-23441/Caregiver  HRLink' is clicked on&#xD;
&#xD;
2019-09-23 10:52:33 - [MESSAGE][PASSED] - Object: 'Object Repository/Regression BackOffice/CLNK-23441/Caregiver  HRLink' is clicked on&#xD;
&#xD;
2019-09-23 10:52:33 - [TEST_STEP][PASSED] - delay(2): Delayed 2 second(s)&#xD;
&#xD;
2019-09-23 10:52:35 - [MESSAGE][PASSED] - Delayed 2 second(s)&#xD;
&#xD;
2019-09-23 10:52:35 - [TEST_STEP][PASSED] - waitForPageLoad(50): Wait for page load successfully&#xD;
&#xD;
2019-09-23 10:52:35 - [MESSAGE][PASSED] - Wait for page load successfully&#xD;
&#xD;
2019-09-23 10:52:35 - [TEST_STEP][PASSED] - waitForElementPresent(findTestObject("Regression BackOffice/CLINK-23442/CaregiverDemographics"), 50): Object 'Object Repository/Regression BackOffice/CLINK-23442/CaregiverDemographics' is present&#xD;
&#xD;
2019-09-23 10:52:35 - [MESSAGE][PASSED] - Object 'Object Repository/Regression BackOffice/CLINK-23442/CaregiverDemographics' is present&#xD;
&#xD;
2019-09-23 10:52:35 - [TEST_STEP][PASSED] - click(findTestObject("Regression BackOffice/CLINK-23442/CaregiverDemographics")): Object: 'Object Repository/Regression BackOffice/CLINK-23442/CaregiverDemographics' is clicked on&#xD;
&#xD;
2019-09-23 10:52:36 - [MESSAGE][PASSED] - Object: 'Object Repository/Regression BackOffice/CLINK-23442/CaregiverDemographics' is clicked on&#xD;
&#xD;
2019-09-23 10:52:36 - [TEST_STEP][PASSED] - delay(2): Delayed 2 second(s)&#xD;
&#xD;
2019-09-23 10:52:38 - [MESSAGE][PASSED] - Delayed 2 second(s)&#xD;
&#xD;
2019-09-23 10:52:38 - [TEST_STEP][PASSED] - switchToDefaultContent(): null&#xD;
&#xD;
2019-09-23 10:52:38 - [TEST_STEP][PASSED] - switchToFrame(findTestObject("Regression BackOffice/CLNK-23449/FrameMain"), 30): null&#xD;
&#xD;
2019-09-23 10:52:38 - [TEST_STEP][PASSED] - waitForElementPresent(findTestObject("Regression BackOffice/CLNK-10235/FirstNameSearch"), 50): Object 'Object Repository/Regression BackOffice/CLNK-10235/FirstNameSearch' is present&#xD;
&#xD;
2019-09-23 10:52:38 - [MESSAGE][PASSED] - Object 'Object Repository/Regression BackOffice/CLNK-10235/FirstNameSearch' is present&#xD;
&#xD;
2019-09-23 10:52:38 - [TEST_STEP][PASSED] - setText(findTestObject("Regression BackOffice/CLNK-10235/FirstNameSearch"), G_CaregiverFirstName): Text 'Ochenta' is set on object 'Object Repository/Regression BackOffice/CLNK-10235/FirstNameSearch'&#xD;
&#xD;
2019-09-23 10:52:38 - [MESSAGE][PASSED] - Text 'Ochenta' is set on object 'Object Repository/Regression BackOffice/CLNK-10235/FirstNameSearch'&#xD;
&#xD;
2019-09-23 10:52:38 - [TEST_STEP][PASSED] - delay(2): Delayed 2 second(s)&#xD;
&#xD;
2019-09-23 10:52:40 - [MESSAGE][PASSED] - Delayed 2 second(s)&#xD;
&#xD;
2019-09-23 10:52:40 - [TEST_STEP][PASSED] - waitForElementPresent(findTestObject("Regression BackOffice/CLNK-23441/Last NameHR"), 50): Object 'Object Repository/Regression BackOffice/CLNK-23441/Last NameHR' is present&#xD;
&#xD;
2019-09-23 10:52:40 - [MESSAGE][PASSED] - Object 'Object Repository/Regression BackOffice/CLNK-23441/Last NameHR' is present&#xD;
&#xD;
2019-09-23 10:52:40 - [TEST_STEP][PASSED] - setText(findTestObject("Regression BackOffice/CLNK-23441/Last NameHR"), G_CareGiverLastName): Text 'Ochentilla' is set on object 'Object Repository/Regression BackOffice/CLNK-23441/Last NameHR'&#xD;
&#xD;
2019-09-23 10:52:40 - [MESSAGE][PASSED] - Text 'Ochentilla' is set on object 'Object Repository/Regression BackOffice/CLNK-23441/Last NameHR'&#xD;
&#xD;
2019-09-23 10:52:40 - [TEST_STEP][PASSED] - delay(2): Delayed 2 second(s)&#xD;
&#xD;
2019-09-23 10:52:42 - [MESSAGE][PASSED] - Delayed 2 second(s)&#xD;
&#xD;
2019-09-23 10:52:42 - [TEST_STEP][PASSED] - waitForElementPresent(findTestObject("Regression BackOffice/CLNK-23441/CaregiverSearchButton"), 50): Object 'Object Repository/Regression BackOffice/CLNK-23441/CaregiverSearchButton' is present&#xD;
&#xD;
2019-09-23 10:52:42 - [MESSAGE][PASSED] - Object 'Object Repository/Regression BackOffice/CLNK-23441/CaregiverSearchButton' is present&#xD;
&#xD;
2019-09-23 10:52:42 - [TEST_STEP][PASSED] - click(findTestObject("Regression BackOffice/CLNK-23441/CaregiverSearchButton"), STOP_ON_FAILURE): Object: 'Object Repository/Regression BackOffice/CLNK-23441/CaregiverSearchButton' is clicked on&#xD;
&#xD;
2019-09-23 10:52:43 - [MESSAGE][PASSED] - Object: 'Object Repository/Regression BackOffice/CLNK-23441/CaregiverSearchButton' is clicked on&#xD;
&#xD;
2019-09-23 10:52:43 - [TEST_STEP][PASSED] - delay(2): Delayed 2 second(s)&#xD;
&#xD;
2019-09-23 10:52:45 - [MESSAGE][PASSED] - Delayed 2 second(s)&#xD;
&#xD;
2019-09-23 10:52:45 - [TEST_STEP][PASSED] - waitForElementPresent(findTestObject("Regression BackOffice/CLINK-23442/ClientLink"), 50): Object 'Object Repository/Regression BackOffice/CLINK-23442/ClientLink' is present&#xD;
&#xD;
2019-09-23 10:52:45 - [MESSAGE][PASSED] - Object 'Object Repository/Regression BackOffice/CLINK-23442/ClientLink' is present&#xD;
&#xD;
2019-09-23 10:52:45 - [TEST_STEP][PASSED] - click(findTestObject("Regression BackOffice/CLINK-23442/ClientLink"), STOP_ON_FAILURE): Object: 'Object Repository/Regression BackOffice/CLINK-23442/ClientLink' is clicked on&#xD;
&#xD;
2019-09-23 10:52:48 - [MESSAGE][PASSED] - Object: 'Object Repository/Regression BackOffice/CLINK-23442/ClientLink' is clicked on&#xD;
&#xD;
2019-09-23 10:52:48 - [TEST_STEP][PASSED] - delay(2): Delayed 2 second(s)&#xD;
&#xD;
2019-09-23 10:52:50 - [MESSAGE][PASSED] - Delayed 2 second(s)&#xD;
&#xD;
2019-09-23 10:52:50 - [TEST_STEP][PASSED] - waitForElementPresent(findTestObject("Regression BackOffice/CLINK-23442/NickName"), 50): Object 'Object Repository/Regression BackOffice/CLINK-23442/NickName' is present&#xD;
&#xD;
2019-09-23 10:52:50 - [MESSAGE][PASSED] - Object 'Object Repository/Regression BackOffice/CLINK-23442/NickName' is present&#xD;
&#xD;
2019-09-23 10:52:50 - [TEST_STEP][PASSED] - setText(findTestObject("Regression BackOffice/CLINK-23442/NickName"), "Pache"): Text 'Pache' is set on object 'Object Repository/Regression BackOffice/CLINK-23442/NickName'&#xD;
&#xD;
2019-09-23 10:52:50 - [MESSAGE][PASSED] - Text 'Pache' is set on object 'Object Repository/Regression BackOffice/CLINK-23442/NickName'&#xD;
&#xD;
2019-09-23 10:52:50 - [TEST_STEP][PASSED] - delay(2): Delayed 2 second(s)&#xD;
&#xD;
2019-09-23 10:52:52 - [MESSAGE][PASSED] - Delayed 2 second(s)&#xD;
&#xD;
2019-09-23 10:52:52 - [TEST_STEP][PASSED] - scrollToElement(findTestObject("Regression BackOffice/CLINK-23442/NewPhoneLink"), 50): Scroll to object 'Object Repository/Regression BackOffice/CLINK-23442/NewPhoneLink' successfully&#xD;
&#xD;
2019-09-23 10:52:52 - [MESSAGE][PASSED] - Scroll to object 'Object Repository/Regression BackOffice/CLINK-23442/NewPhoneLink' successfully&#xD;
&#xD;
2019-09-23 10:52:52 - [TEST_STEP][PASSED] - delay(1): Delayed 1 second(s)&#xD;
&#xD;
2019-09-23 10:52:53 - [MESSAGE][PASSED] - Delayed 1 second(s)&#xD;
&#xD;
2019-09-23 10:52:53 - [TEST_STEP][PASSED] - click(findTestObject("Regression BackOffice/CLINK-23442/NewPhoneLink"), STOP_ON_FAILURE): Object: 'Object Repository/Regression BackOffice/CLINK-23442/NewPhoneLink' is clicked on&#xD;
&#xD;
2019-09-23 10:52:54 - [MESSAGE][PASSED] - Object: 'Object Repository/Regression BackOffice/CLINK-23442/NewPhoneLink' is clicked on&#xD;
&#xD;
2019-09-23 10:52:54 - [TEST_STEP][PASSED] - delay(2): Delayed 2 second(s)&#xD;
&#xD;
2019-09-23 10:52:56 - [MESSAGE][PASSED] - Delayed 2 second(s)&#xD;
&#xD;
2019-09-23 10:52:56 - [TEST_STEP][PASSED] - waitForElementPresent(findTestObject("Regression BackOffice/CLINK-23442/PhoneTypeList"), 50): Object 'Object Repository/Regression BackOffice/CLINK-23442/PhoneTypeList' is present&#xD;
&#xD;
2019-09-23 10:52:56 - [MESSAGE][PASSED] - Object 'Object Repository/Regression BackOffice/CLINK-23442/PhoneTypeList' is present&#xD;
&#xD;
2019-09-23 10:52:56 - [TEST_STEP][PASSED] - click(findTestObject("Regression BackOffice/CLINK-23442/PhoneTypeList"), STOP_ON_FAILURE): Object: 'Object Repository/Regression BackOffice/CLINK-23442/PhoneTypeList' is clicked on&#xD;
&#xD;
2019-09-23 10:52:56 - [MESSAGE][PASSED] - Object: 'Object Repository/Regression BackOffice/CLINK-23442/PhoneTypeList' is clicked on&#xD;
&#xD;
2019-09-23 10:52:56 - [TEST_STEP][PASSED] - sendKeys(findTestObject("Regression BackOffice/CLINK-23442/PhoneTypeList"), Keys.chord(ARROW_DOWN, ARROW_DOWN, ARROW_DOWN, ENTER)): Keys 'DOWN + DOWN + DOWN + ENTER + ' sent to object: 'Object Repository/Regression BackOffice/CLINK-23442/PhoneTypeList'&#xD;
&#xD;
2019-09-23 10:52:56 - [MESSAGE][PASSED] - Keys 'DOWN + DOWN + DOWN + ENTER + ' sent to object: 'Object Repository/Regression BackOffice/CLINK-23442/PhoneTypeList'&#xD;
&#xD;
2019-09-23 10:52:56 - [TEST_STEP][PASSED] - delay(2): Delayed 2 second(s)&#xD;
&#xD;
2019-09-23 10:52:58 - [MESSAGE][PASSED] - Delayed 2 second(s)&#xD;
&#xD;
2019-09-23 10:52:58 - [TEST_STEP][PASSED] - waitForElementPresent(findTestObject("Regression BackOffice/CLINK-23442/PhoneNumber"), 50): Object 'Object Repository/Regression BackOffice/CLINK-23442/PhoneNumber' is present&#xD;
&#xD;
2019-09-23 10:52:58 - [MESSAGE][PASSED] - Object 'Object Repository/Regression BackOffice/CLINK-23442/PhoneNumber' is present&#xD;
&#xD;
2019-09-23 10:52:58 - [TEST_STEP][PASSED] - setText(findTestObject("Regression BackOffice/CLINK-23442/PhoneNumber"), "5896321472"): Text '5896321472' is set on object 'Object Repository/Regression BackOffice/CLINK-23442/PhoneNumber'&#xD;
&#xD;
2019-09-23 10:52:58 - [MESSAGE][PASSED] - Text '5896321472' is set on object 'Object Repository/Regression BackOffice/CLINK-23442/PhoneNumber'&#xD;
&#xD;
2019-09-23 10:52:58 - [TEST_STEP][PASSED] - delay(2): Delayed 2 second(s)&#xD;
&#xD;
2019-09-23 10:53:00 - [MESSAGE][PASSED] - Delayed 2 second(s)&#xD;
&#xD;
2019-09-23 10:53:00 - [TEST_STEP][PASSED] - waitForElementPresent(findTestObject("Regression BackOffice/CLINK-23442/Add to List Button"), 50): Object 'Object Repository/Regression BackOffice/CLINK-23442/Add to List Button' is present&#xD;
&#xD;
2019-09-23 10:53:00 - [MESSAGE][PASSED] - Object 'Object Repository/Regression BackOffice/CLINK-23442/Add to List Button' is present&#xD;
&#xD;
2019-09-23 10:53:00 - [TEST_STEP][PASSED] - click(findTestObject("Regression BackOffice/CLINK-23442/Add to List Button"), STOP_ON_FAILURE): Object: 'Object Repository/Regression BackOffice/CLINK-23442/Add to List Button' is clicked on&#xD;
&#xD;
2019-09-23 10:53:01 - [MESSAGE][PASSED] - Object: 'Object Repository/Regression BackOffice/CLINK-23442/Add to List Button' is clicked on&#xD;
&#xD;
2019-09-23 10:53:01 - [TEST_STEP][PASSED] - delay(2): Delayed 2 second(s)&#xD;
&#xD;
2019-09-23 10:53:03 - [MESSAGE][PASSED] - Delayed 2 second(s)&#xD;
&#xD;
2019-09-23 10:53:03 - [TEST_STEP][PASSED] - waitForElementPresent(findTestObject("Regression BackOffice/CLINK-23442/Group"), 50): Object 'Object Repository/Regression BackOffice/CLINK-23442/Group' is present&#xD;
&#xD;
2019-09-23 10:53:03 - [MESSAGE][PASSED] - Object 'Object Repository/Regression BackOffice/CLINK-23442/Group' is present&#xD;
&#xD;
2019-09-23 10:53:03 - [TEST_STEP][PASSED] - click(findTestObject("Regression BackOffice/CLINK-23442/Group"), STOP_ON_FAILURE): Object: 'Object Repository/Regression BackOffice/CLINK-23442/Group' is clicked on&#xD;
&#xD;
2019-09-23 10:53:03 - [MESSAGE][PASSED] - Object: 'Object Repository/Regression BackOffice/CLINK-23442/Group' is clicked on&#xD;
&#xD;
2019-09-23 10:53:03 - [TEST_STEP][PASSED] - sendKeys(findTestObject("Regression BackOffice/CLINK-23442/Group"), Keys.chord(ARROW_DOWN, ENTER)): Keys 'DOWN + ENTER + ' sent to object: 'Object Repository/Regression BackOffice/CLINK-23442/Group'&#xD;
&#xD;
2019-09-23 10:53:03 - [MESSAGE][PASSED] - Keys 'DOWN + ENTER + ' sent to object: 'Object Repository/Regression BackOffice/CLINK-23442/Group'&#xD;
&#xD;
2019-09-23 10:53:03 - [TEST_STEP][PASSED] - delay(2): Delayed 2 second(s)&#xD;
&#xD;
2019-09-23 10:53:05 - [MESSAGE][PASSED] - Delayed 2 second(s)&#xD;
&#xD;
2019-09-23 10:53:05 - [TEST_STEP][PASSED] - waitForElementPresent(findTestObject("Regression BackOffice/CLINK-23442/SubGroup"), 50): Object 'Object Repository/Regression BackOffice/CLINK-23442/SubGroup' is present&#xD;
&#xD;
2019-09-23 10:53:05 - [MESSAGE][PASSED] - Object 'Object Repository/Regression BackOffice/CLINK-23442/SubGroup' is present&#xD;
&#xD;
2019-09-23 10:53:05 - [TEST_STEP][PASSED] - click(findTestObject("Regression BackOffice/CLINK-23442/SubGroup"), STOP_ON_FAILURE): Object: 'Object Repository/Regression BackOffice/CLINK-23442/SubGroup' is clicked on&#xD;
&#xD;
2019-09-23 10:53:05 - [MESSAGE][PASSED] - Object: 'Object Repository/Regression BackOffice/CLINK-23442/SubGroup' is clicked on&#xD;
&#xD;
2019-09-23 10:53:05 - [TEST_STEP][PASSED] - sendKeys(findTestObject("Regression BackOffice/CLINK-23442/SubGroup"), Keys.chord(ARROW_DOWN, ENTER)): Keys 'DOWN + ENTER + ' sent to object: 'Object Repository/Regression BackOffice/CLINK-23442/SubGroup'&#xD;
&#xD;
2019-09-23 10:53:05 - [MESSAGE][PASSED] - Keys 'DOWN + ENTER + ' sent to object: 'Object Repository/Regression BackOffice/CLINK-23442/SubGroup'&#xD;
&#xD;
2019-09-23 10:53:05 - [TEST_STEP][PASSED] - delay(2): Delayed 2 second(s)&#xD;
&#xD;
2019-09-23 10:53:07 - [MESSAGE][PASSED] - Delayed 2 second(s)&#xD;
&#xD;
2019-09-23 10:53:07 - [TEST_STEP][PASSED] - scrollToElement(findTestObject("Regression BackOffice/CLINK-23442/Add Discipline"), 50): Scroll to object 'Object Repository/Regression BackOffice/CLINK-23442/Add Discipline' successfully&#xD;
&#xD;
2019-09-23 10:53:07 - [MESSAGE][PASSED] - Scroll to object 'Object Repository/Regression BackOffice/CLINK-23442/Add Discipline' successfully&#xD;
&#xD;
2019-09-23 10:53:07 - [TEST_STEP][PASSED] - click(findTestObject("Regression BackOffice/CLINK-23442/Add Discipline"), STOP_ON_FAILURE): Object: 'Object Repository/Regression BackOffice/CLINK-23442/Add Discipline' is clicked on&#xD;
&#xD;
2019-09-23 10:53:08 - [MESSAGE][PASSED] - Object: 'Object Repository/Regression BackOffice/CLINK-23442/Add Discipline' is clicked on&#xD;
&#xD;
2019-09-23 10:53:08 - [TEST_STEP][PASSED] - delay(2): Delayed 2 second(s)&#xD;
&#xD;
2019-09-23 10:53:10 - [MESSAGE][PASSED] - Delayed 2 second(s)&#xD;
&#xD;
2019-09-23 10:53:10 - [TEST_STEP][PASSED] - waitForElementPresent(findTestObject("Regression BackOffice/CLINK-23442/DisciplineList"), 50): Object 'Object Repository/Regression BackOffice/CLINK-23442/DisciplineList' is present&#xD;
&#xD;
2019-09-23 10:53:10 - [MESSAGE][PASSED] - Object 'Object Repository/Regression BackOffice/CLINK-23442/DisciplineList' is present&#xD;
&#xD;
2019-09-23 10:53:10 - [TEST_STEP][PASSED] - click(findTestObject("Regression BackOffice/CLINK-23442/DisciplineList"), STOP_ON_FAILURE): Object: 'Object Repository/Regression BackOffice/CLINK-23442/DisciplineList' is clicked on&#xD;
&#xD;
2019-09-23 10:53:10 - [MESSAGE][PASSED] - Object: 'Object Repository/Regression BackOffice/CLINK-23442/DisciplineList' is clicked on&#xD;
&#xD;
2019-09-23 10:53:10 - [TEST_STEP][PASSED] - sendKeys(findTestObject("Regression BackOffice/CLINK-23442/DisciplineList"), Keys.chord(PAGE_DOWN, ARROW_DOWN, ARROW_DOWN, ARROW_DOWN, ARROW_DOWN, ARROW_DOWN, ARROW_DOWN, ARROW_DOWN, ARROW_DOWN, ENTER)): Keys 'PAGE_DOWN + DOWN + DOWN + DOWN + DOWN + DOWN + DOWN + DOWN + DOWN + ENTER + ' sent to object: 'Object Repository/Regression BackOffice/CLINK-23442/DisciplineList'&#xD;
&#xD;
2019-09-23 10:53:10 - [MESSAGE][PASSED] - Keys 'PAGE_DOWN + DOWN + DOWN + DOWN + DOWN + DOWN + DOWN + DOWN + DOWN + ENTER + ' sent to object: 'Object Repository/Regression BackOffice/CLINK-23442/DisciplineList'&#xD;
&#xD;
2019-09-23 10:53:10 - [TEST_STEP][PASSED] - delay(2): Delayed 2 second(s)&#xD;
&#xD;
2019-09-23 10:53:12 - [MESSAGE][PASSED] - Delayed 2 second(s)&#xD;
&#xD;
2019-09-23 10:53:12 - [TEST_STEP][PASSED] - waitForElementPresent(findTestObject("Regression BackOffice/CLINK-23442/Begin Date"), 50): Object 'Object Repository/Regression BackOffice/CLINK-23442/Begin Date' is present&#xD;
&#xD;
2019-09-23 10:53:12 - [MESSAGE][PASSED] - Object 'Object Repository/Regression BackOffice/CLINK-23442/Begin Date' is present&#xD;
&#xD;
2019-09-23 10:53:12 - [TEST_STEP][PASSED] - setText(findTestObject("Regression BackOffice/CLINK-23442/Begin Date"), getDate.DateUtilities.getDateMonthDayYearNumberwithSlash()): Text '09/23/2019' is set on object 'Object Repository/Regression BackOffice/CLINK-23442/Begin Date'&#xD;
&#xD;
2019-09-23 10:53:12 - [MESSAGE][PASSED] - getDate.DateUtilities.getDateMonthDayYearNumberwithSlash is PASSED&#xD;
&#xD;
2019-09-23 10:53:12 - [MESSAGE][PASSED] - Text '09/23/2019' is set on object 'Object Repository/Regression BackOffice/CLINK-23442/Begin Date'&#xD;
&#xD;
2019-09-23 10:53:12 - [TEST_STEP][PASSED] - delay(2): Delayed 2 second(s)&#xD;
&#xD;
2019-09-23 10:53:14 - [MESSAGE][PASSED] - Delayed 2 second(s)&#xD;
&#xD;
2019-09-23 10:53:14 - [TEST_STEP][PASSED] - waitForElementPresent(findTestObject("Regression BackOffice/CLINK-23442/Add to List Discipline"), 50): Object 'Object Repository/Regression BackOffice/CLINK-23442/Add to List Discipline' is present&#xD;
&#xD;
2019-09-23 10:53:14 - [MESSAGE][PASSED] - Object 'Object Repository/Regression BackOffice/CLINK-23442/Add to List Discipline' is present&#xD;
&#xD;
2019-09-23 10:53:14 - [TEST_STEP][PASSED] - click(findTestObject("Regression BackOffice/CLINK-23442/Add to List Discipline"), STOP_ON_FAILURE): Object: 'Object Repository/Regression BackOffice/CLINK-23442/Add to List Discipline' is clicked on&#xD;
&#xD;
2019-09-23 10:53:15 - [MESSAGE][PASSED] - Object: 'Object Repository/Regression BackOffice/CLINK-23442/Add to List Discipline' is clicked on&#xD;
&#xD;
2019-09-23 10:53:15 - [TEST_STEP][PASSED] - delay(2): Delayed 2 second(s)&#xD;
&#xD;
2019-09-23 10:53:17 - [MESSAGE][PASSED] - Delayed 2 second(s)&#xD;
&#xD;
2019-09-23 10:53:17 - [TEST_STEP][PASSED] - acceptAlert(): Alert accepted&#xD;
&#xD;
2019-09-23 10:53:17 - [MESSAGE][PASSED] - Alert accepted&#xD;
&#xD;
2019-09-23 10:53:17 - [TEST_STEP][PASSED] - waitForElementPresent(findTestObject("Regression BackOffice/CLINK-23442/Add Discipline"), 50): Object 'Object Repository/Regression BackOffice/CLINK-23442/Add Discipline' is present&#xD;
&#xD;
2019-09-23 10:53:17 - [MESSAGE][PASSED] - Object 'Object Repository/Regression BackOffice/CLINK-23442/Add Discipline' is present&#xD;
&#xD;
2019-09-23 10:53:17 - [TEST_STEP][PASSED] - click(findTestObject("Regression BackOffice/CLINK-23442/Add Discipline"), STOP_ON_FAILURE): Object: 'Object Repository/Regression BackOffice/CLINK-23442/Add Discipline' is clicked on&#xD;
&#xD;
2019-09-23 10:53:17 - [MESSAGE][PASSED] - Object: 'Object Repository/Regression BackOffice/CLINK-23442/Add Discipline' is clicked on&#xD;
&#xD;
2019-09-23 10:53:17 - [TEST_STEP][PASSED] - delay(2): Delayed 2 second(s)&#xD;
&#xD;
2019-09-23 10:53:19 - [MESSAGE][PASSED] - Delayed 2 second(s)&#xD;
&#xD;
2019-09-23 10:53:19 - [TEST_STEP][PASSED] - waitForElementPresent(findTestObject("Regression BackOffice/CLINK-23442/DisciplineList"), 50): Object 'Object Repository/Regression BackOffice/CLINK-23442/DisciplineList' is present&#xD;
&#xD;
2019-09-23 10:53:19 - [MESSAGE][PASSED] - Object 'Object Repository/Regression BackOffice/CLINK-23442/DisciplineList' is present&#xD;
&#xD;
2019-09-23 10:53:19 - [TEST_STEP][PASSED] - click(findTestObject("Regression BackOffice/CLINK-23442/DisciplineList"), STOP_ON_FAILURE): Object: 'Object Repository/Regression BackOffice/CLINK-23442/DisciplineList' is clicked on&#xD;
&#xD;
2019-09-23 10:53:19 - [MESSAGE][PASSED] - Object: 'Object Repository/Regression BackOffice/CLINK-23442/DisciplineList' is clicked on&#xD;
&#xD;
2019-09-23 10:53:19 - [TEST_STEP][PASSED] - sendKeys(findTestObject("Regression BackOffice/CLINK-23442/DisciplineList"), Keys.chord(PAGE_DOWN, ARROW_DOWN, ARROW_DOWN, ARROW_DOWN, ARROW_DOWN, ARROW_DOWN, ARROW_DOWN, ARROW_DOWN, ARROW_DOWN, ARROW_DOWN, ENTER)): Keys 'PAGE_DOWN + DOWN + DOWN + DOWN + DOWN + DOWN + DOWN + DOWN + DOWN + DOWN + ENTER + ' sent to object: 'Object Repository/Regression BackOffice/CLINK-23442/DisciplineList'&#xD;
&#xD;
2019-09-23 10:53:19 - [MESSAGE][PASSED] - Keys 'PAGE_DOWN + DOWN + DOWN + DOWN + DOWN + DOWN + DOWN + DOWN + DOWN + DOWN + ENTER + ' sent to object: 'Object Repository/Regression BackOffice/CLINK-23442/DisciplineList'&#xD;
&#xD;
2019-09-23 10:53:19 - [TEST_STEP][PASSED] - delay(2): Delayed 2 second(s)&#xD;
&#xD;
2019-09-23 10:53:21 - [MESSAGE][PASSED] - Delayed 2 second(s)&#xD;
&#xD;
2019-09-23 10:53:21 - [TEST_STEP][PASSED] - waitForElementPresent(findTestObject("Regression BackOffice/CLINK-23442/Begin Date"), 50): Object 'Object Repository/Regression BackOffice/CLINK-23442/Begin Date' is present&#xD;
&#xD;
2019-09-23 10:53:21 - [MESSAGE][PASSED] - Object 'Object Repository/Regression BackOffice/CLINK-23442/Begin Date' is present&#xD;
&#xD;
2019-09-23 10:53:21 - [TEST_STEP][PASSED] - setText(findTestObject("Regression BackOffice/CLINK-23442/Begin Date"), getDate.DateUtilities.getDateMonthDayYearNumberwithSlash()): Text '09/23/2019' is set on object 'Object Repository/Regression BackOffice/CLINK-23442/Begin Date'&#xD;
&#xD;
2019-09-23 10:53:22 - [MESSAGE][PASSED] - getDate.DateUtilities.getDateMonthDayYearNumberwithSlash is PASSED&#xD;
&#xD;
2019-09-23 10:53:22 - [MESSAGE][PASSED] - Text '09/23/2019' is set on object 'Object Repository/Regression BackOffice/CLINK-23442/Begin Date'&#xD;
&#xD;
2019-09-23 10:53:22 - [TEST_STEP][PASSED] - delay(2): Delayed 2 second(s)&#xD;
&#xD;
2019-09-23 10:53:24 - [MESSAGE][PASSED] - Delayed 2 second(s)&#xD;
&#xD;
2019-09-23 10:53:24 - [TEST_STEP][PASSED] - waitForElementPresent(findTestObject("Regression BackOffice/CLINK-23442/Add to List Discipline"), 50): Object 'Object Repository/Regression BackOffice/CLINK-23442/Add to List Discipline' is present&#xD;
&#xD;
2019-09-23 10:53:24 - [MESSAGE][PASSED] - Object 'Object Repository/Regression BackOffice/CLINK-23442/Add to List Discipline' is present&#xD;
&#xD;
2019-09-23 10:53:24 - [TEST_STEP][PASSED] - click(findTestObject("Regression BackOffice/CLINK-23442/Add to List Discipline"), STOP_ON_FAILURE): Object: 'Object Repository/Regression BackOffice/CLINK-23442/Add to List Discipline' is clicked on&#xD;
&#xD;
2019-09-23 10:53:24 - [MESSAGE][PASSED] - Object: 'Object Repository/Regression BackOffice/CLINK-23442/Add to List Discipline' is clicked on&#xD;
&#xD;
2019-09-23 10:53:24 - [TEST_STEP][PASSED] - switchToDefaultContent(): Switching to default content failed because an alert is presented on page. Please switch to default content after dealing with the alert.&#xD;
&#xD;
2019-09-23 10:53:24 - [MESSAGE][WARNING] - Switching to default content failed because an alert is presented on page. Please switch to default content after dealing with the alert.&#xD;
&#xD;
2019-09-23 10:53:24 - [TEST_STEP][PASSED] - acceptAlert(): Alert accepted&#xD;
&#xD;
2019-09-23 10:53:24 - [MESSAGE][PASSED] - Alert accepted&#xD;
&#xD;
2019-09-23 10:53:24 - [TEST_STEP][PASSED] - delay(5): Delayed 5 second(s)&#xD;
&#xD;
2019-09-23 10:53:29 - [MESSAGE][PASSED] - Delayed 5 second(s)&#xD;
&#xD;
2019-09-23 10:53:29 - [TEST_STEP][PASSED] - waitForPageLoad(50): Wait for page load successfully&#xD;
&#xD;
2019-09-23 10:53:29 - [MESSAGE][PASSED] - Wait for page load successfully&#xD;
&#xD;
2019-09-23 10:53:29 - [TEST_STEP][PASSED] - switchToDefaultContent(): null&#xD;
&#xD;
2019-09-23 10:53:29 - [TEST_STEP][PASSED] - switchToFrame(findTestObject("Regression BackOffice/CLNK-23449/FrameMain"), 30): null&#xD;
&#xD;
2019-09-23 10:53:29 - [TEST_STEP][PASSED] - waitForElementPresent(findTestObject("Regression BackOffice/CLINK-23442/RequestChart"), 50): Object 'Object Repository/Regression BackOffice/CLINK-23442/RequestChart' is present&#xD;
&#xD;
2019-09-23 10:53:29 - [MESSAGE][PASSED] - Object 'Object Repository/Regression BackOffice/CLINK-23442/RequestChart' is present&#xD;
&#xD;
2019-09-23 10:53:29 - [TEST_STEP][PASSED] - click(findTestObject("Regression BackOffice/CLINK-23442/RequestChart"), STOP_ON_FAILURE): Object: 'Object Repository/Regression BackOffice/CLINK-23442/RequestChart' is clicked on&#xD;
&#xD;
2019-09-23 10:53:29 - [MESSAGE][PASSED] - Object: 'Object Repository/Regression BackOffice/CLINK-23442/RequestChart' is clicked on&#xD;
&#xD;
2019-09-23 10:53:29 - [TEST_STEP][PASSED] - delay(2): Delayed 2 second(s)&#xD;
&#xD;
2019-09-23 10:53:31 - [MESSAGE][PASSED] - Delayed 2 second(s)&#xD;
&#xD;
2019-09-23 10:53:31 - [TEST_STEP][PASSED] - waitForElementPresent(findTestObject("Regression BackOffice/CLINK-23442/QAReviewForForms"), 50): Object 'Object Repository/Regression BackOffice/CLINK-23442/QAReviewForForms' is present&#xD;
&#xD;
2019-09-23 10:53:31 - [MESSAGE][PASSED] - Object 'Object Repository/Regression BackOffice/CLINK-23442/QAReviewForForms' is present&#xD;
&#xD;
2019-09-23 10:53:31 - [TEST_STEP][PASSED] - click(findTestObject("Regression BackOffice/CLINK-23442/QAReviewForForms"), STOP_ON_FAILURE): Object: 'Object Repository/Regression BackOffice/CLINK-23442/QAReviewForForms' is clicked on&#xD;
&#xD;
2019-09-23 10:53:32 - [MESSAGE][PASSED] - Object: 'Object Repository/Regression BackOffice/CLINK-23442/QAReviewForForms' is clicked on&#xD;
&#xD;
2019-09-23 10:53:32 - [TEST_STEP][PASSED] - delay(2): Delayed 2 second(s)&#xD;
&#xD;
2019-09-23 10:53:34 - [MESSAGE][PASSED] - Delayed 2 second(s)&#xD;
&#xD;
2019-09-23 10:53:34 - [TEST_STEP][PASSED] - switchToDefaultContent(): null&#xD;
&#xD;
2019-09-23 10:53:34 - [TEST_STEP][PASSED] - switchToFrame(findTestObject("Regression BackOffice/CLINK-23442/BannerFrame"), 30): null&#xD;
&#xD;
2019-09-23 10:53:34 - [TEST_STEP][PASSED] - waitForElementPresent(findTestObject("Regression BackOffice/CLINK-23442/SaveButton"), 50): Object 'Object Repository/Regression BackOffice/CLINK-23442/SaveButton' is present&#xD;
&#xD;
2019-09-23 10:53:34 - [MESSAGE][PASSED] - Object 'Object Repository/Regression BackOffice/CLINK-23442/SaveButton' is present&#xD;
&#xD;
2019-09-23 10:53:34 - [TEST_STEP][PASSED] - click(findTestObject("Regression BackOffice/CLINK-23442/SaveButton")): Object: 'Object Repository/Regression BackOffice/CLINK-23442/SaveButton' is clicked on&#xD;
&#xD;
2019-09-23 10:53:37 - [MESSAGE][PASSED] - Object: 'Object Repository/Regression BackOffice/CLINK-23442/SaveButton' is clicked on&#xD;
&#xD;
2019-09-23 10:53:37 - [TEST_STEP][PASSED] - delay(2): Delayed 2 second(s)&#xD;
&#xD;
2019-09-23 10:53:39 - [MESSAGE][PASSED] - Delayed 2 second(s)&#xD;
&#xD;
2019-09-23 10:53:39 - [TEST_STEP][PASSED] - closeBrowser(): Browser is closed&#xD;
&#xD;
2019-09-23 10:53:40 - [MESSAGE][PASSED] - Browser is closed</system-out>
            <system-err></system-err>
        </testcase>
        <testcase name="Test Cases/Regression BackOffice (All Browsers)/CLNK-23445 - Back office Caregiver HR Details" classname="Test Cases/Regression BackOffice (All Browsers)/CLNK-23445 - Back office Caregiver HR Details" status="PASSED">
            <system-out>2019-09-23 10:53:42 - [TEST_CASE][PASSED] - Test Cases/Regression BackOffice (All Browsers)/CLNK-23445 - Back office Caregiver HR Details: Test Cases/Regression BackOffice (All Browsers)/CLNK-23445 - Back office Caregiver HR Details&#xD;
&#xD;
2019-09-23 10:53:42 - [TEST_STEP][PASSED] - callTestCase(findTestCase("Regression BackOffice (All Browsers)/CLNK-23439 - Clink - Back office Client"), [:], STOP_ON_FAILURE): Call Test Case 'Test Cases/Regression BackOffice (All Browsers)/CLNK-23439 - Clink - Back office Client' successfully&#xD;
&#xD;
2019-09-23 10:53:42 - [TEST_CASE][PASSED] - Test Cases/Regression BackOffice (All Browsers)/CLNK-23439 - Clink - Back office Client: Test Cases/Regression BackOffice (All Browsers)/CLNK-23439 - Clink - Back office Client&#xD;
&#xD;
2019-09-23 10:53:42 - [TEST_STEP][PASSED] - deleteAllCookies(): Delete all cookies successfully&#xD;
&#xD;
2019-09-23 10:53:42 - [MESSAGE][WARNING] - Cannot delete cookies because browser is closed&#xD;
&#xD;
2019-09-23 10:53:42 - [MESSAGE][PASSED] - Delete all cookies successfully&#xD;
&#xD;
2019-09-23 10:53:42 - [TEST_STEP][PASSED] - openBrowser(G_SiteBackOffice): Browser is opened with url: 'https://qanewpoc.continulink.com:8443/Backoffice/'&#xD;
&#xD;
2019-09-23 10:53:42 - [MESSAGE][INFO] - Starting 'Chrome' driver&#xD;
&#xD;
2019-09-23 10:53:50 - [MESSAGE][PASSED] - Browser is opened with url: 'https://qanewpoc.continulink.com:8443/Backoffice/'&#xD;
&#xD;
2019-09-23 10:53:50 - [TEST_STEP][PASSED] - waitForPageLoad(60): Wait for page load successfully&#xD;
&#xD;
2019-09-23 10:53:50 - [MESSAGE][PASSED] - Wait for page load successfully&#xD;
&#xD;
2019-09-23 10:53:50 - [TEST_STEP][PASSED] - maximizeWindow(): Current window maximized&#xD;
&#xD;
2019-09-23 10:53:54 - [MESSAGE][PASSED] - Current window maximized&#xD;
&#xD;
2019-09-23 10:53:54 - [TEST_STEP][PASSED] - setText(findTestObject("Regression BackOffice/Login/UserBackOffice"), G_UserBackOffice): Text 'automation_admin' is set on object 'Object Repository/Regression BackOffice/Login/UserBackOffice'&#xD;
&#xD;
2019-09-23 10:53:55 - [MESSAGE][PASSED] - Text 'automation_admin' is set on object 'Object Repository/Regression BackOffice/Login/UserBackOffice'&#xD;
&#xD;
2019-09-23 10:53:55 - [TEST_STEP][PASSED] - setText(findTestObject("Regression BackOffice/Login/PasswordBackOffice"), G_PasswordBackOffice): Text 'qwerty' is set on object 'Object Repository/Regression BackOffice/Login/PasswordBackOffice'&#xD;
&#xD;
2019-09-23 10:53:55 - [MESSAGE][PASSED] - Text 'qwerty' is set on object 'Object Repository/Regression BackOffice/Login/PasswordBackOffice'&#xD;
&#xD;
2019-09-23 10:53:55 - [TEST_STEP][PASSED] - click(findTestObject("Regression BackOffice/Login/LoginBackOffice")): Object: 'Object Repository/Regression BackOffice/Login/LoginBackOffice' is clicked on&#xD;
&#xD;
2019-09-23 10:53:59 - [MESSAGE][PASSED] - Object: 'Object Repository/Regression BackOffice/Login/LoginBackOffice' is clicked on&#xD;
&#xD;
2019-09-23 10:53:59 - [TEST_STEP][PASSED] - waitForPageLoad(60): Wait for page load successfully&#xD;
&#xD;
2019-09-23 10:53:59 - [MESSAGE][PASSED] - Wait for page load successfully&#xD;
&#xD;
2019-09-23 10:53:59 - [TEST_STEP][PASSED] - delay(2): Delayed 2 second(s)&#xD;
&#xD;
2019-09-23 10:54:01 - [MESSAGE][PASSED] - Delayed 2 second(s)&#xD;
&#xD;
2019-09-23 10:54:01 - [TEST_STEP][PASSED] - switchToFrame(findTestObject("Regression BackOffice/CLINK-Frames/FrameFrameLeft"), 5, STOP_ON_FAILURE): null&#xD;
&#xD;
2019-09-23 10:54:01 - [TEST_STEP][PASSED] - delay(2): Delayed 2 second(s)&#xD;
&#xD;
2019-09-23 10:54:03 - [MESSAGE][PASSED] - Delayed 2 second(s)&#xD;
&#xD;
2019-09-23 10:54:03 - [TEST_STEP][PASSED] - waitForElementPresent(findTestObject("Regression BackOffice/CLINK-Frames/ClientIntake"), 50): Object 'Object Repository/Regression BackOffice/CLINK-Frames/ClientIntake' is present&#xD;
&#xD;
2019-09-23 10:54:03 - [MESSAGE][PASSED] - Object 'Object Repository/Regression BackOffice/CLINK-Frames/ClientIntake' is present&#xD;
&#xD;
2019-09-23 10:54:03 - [TEST_STEP][PASSED] - verifyElementPresent(findTestObject("Regression BackOffice/CLINK-Frames/ClientIntake"), 100, STOP_ON_FAILURE): Object 'Object Repository/Regression BackOffice/CLINK-Frames/ClientIntake' is present&#xD;
&#xD;
2019-09-23 10:54:04 - [MESSAGE][PASSED] - Object 'Object Repository/Regression BackOffice/CLINK-Frames/ClientIntake' is present&#xD;
&#xD;
2019-09-23 10:54:04 - [TEST_STEP][PASSED] - switchToDefaultContent(): null&#xD;
&#xD;
2019-09-23 10:54:04 - [MESSAGE][PASSED] - Call Test Case 'Test Cases/Regression BackOffice (All Browsers)/CLNK-23439 - Clink - Back office Client' successfully&#xD;
&#xD;
2019-09-23 10:54:04 - [TEST_STEP][PASSED] - waitForPageLoad(60): Wait for page load successfully&#xD;
&#xD;
2019-09-23 10:54:04 - [MESSAGE][PASSED] - Wait for page load successfully&#xD;
&#xD;
2019-09-23 10:54:04 - [TEST_STEP][PASSED] - delay(3): Delayed 3 second(s)&#xD;
&#xD;
2019-09-23 10:54:07 - [MESSAGE][PASSED] - Delayed 3 second(s)&#xD;
&#xD;
2019-09-23 10:54:07 - [TEST_STEP][PASSED] - switchToFrame(findTestObject("Regression BackOffice/CLNK-23449/FrameLeft"), 30): null&#xD;
&#xD;
2019-09-23 10:54:07 - [TEST_STEP][PASSED] - waitForElementPresent(findTestObject("Regression BackOffice/CLNK-23441/Caregiver  HRLink"), 100): Object 'Object Repository/Regression BackOffice/CLNK-23441/Caregiver  HRLink' is present&#xD;
&#xD;
2019-09-23 10:54:07 - [MESSAGE][PASSED] - Object 'Object Repository/Regression BackOffice/CLNK-23441/Caregiver  HRLink' is present&#xD;
&#xD;
2019-09-23 10:54:07 - [TEST_STEP][PASSED] - click(findTestObject("Regression BackOffice/CLNK-23441/Caregiver  HRLink")): Object: 'Object Repository/Regression BackOffice/CLNK-23441/Caregiver  HRLink' is clicked on&#xD;
&#xD;
2019-09-23 10:54:07 - [MESSAGE][PASSED] - Object: 'Object Repository/Regression BackOffice/CLNK-23441/Caregiver  HRLink' is clicked on&#xD;
&#xD;
2019-09-23 10:54:07 - [TEST_STEP][PASSED] - delay(2): Delayed 2 second(s)&#xD;
&#xD;
2019-09-23 10:54:09 - [MESSAGE][PASSED] - Delayed 2 second(s)&#xD;
&#xD;
2019-09-23 10:54:09 - [TEST_STEP][PASSED] - waitForPageLoad(50): Wait for page load successfully&#xD;
&#xD;
2019-09-23 10:54:09 - [MESSAGE][PASSED] - Wait for page load successfully&#xD;
&#xD;
2019-09-23 10:54:09 - [TEST_STEP][PASSED] - waitForElementPresent(findTestObject("Regression BackOffice/CLINK-23445/CaregiverHRDetails"), 50): Object 'Object Repository/Regression BackOffice/CLINK-23445/CaregiverHRDetails' is present&#xD;
&#xD;
2019-09-23 10:54:09 - [MESSAGE][PASSED] - Object 'Object Repository/Regression BackOffice/CLINK-23445/CaregiverHRDetails' is present&#xD;
&#xD;
2019-09-23 10:54:09 - [TEST_STEP][PASSED] - click(findTestObject("Regression BackOffice/CLINK-23445/CaregiverHRDetails")): Object: 'Object Repository/Regression BackOffice/CLINK-23445/CaregiverHRDetails' is clicked on&#xD;
&#xD;
2019-09-23 10:54:10 - [MESSAGE][PASSED] - Object: 'Object Repository/Regression BackOffice/CLINK-23445/CaregiverHRDetails' is clicked on&#xD;
&#xD;
2019-09-23 10:54:10 - [TEST_STEP][PASSED] - delay(2): Delayed 2 second(s)&#xD;
&#xD;
2019-09-23 10:54:12 - [MESSAGE][PASSED] - Delayed 2 second(s)&#xD;
&#xD;
2019-09-23 10:54:12 - [TEST_STEP][PASSED] - switchToDefaultContent(): null&#xD;
&#xD;
2019-09-23 10:54:12 - [TEST_STEP][PASSED] - switchToFrame(findTestObject("Regression BackOffice/CLNK-23449/FrameMain"), 30): null&#xD;
&#xD;
2019-09-23 10:54:12 - [TEST_STEP][PASSED] - waitForElementPresent(findTestObject("Regression BackOffice/CLNK-10235/FirstNameSearch"), 50): Object 'Object Repository/Regression BackOffice/CLNK-10235/FirstNameSearch' is present&#xD;
&#xD;
2019-09-23 10:54:12 - [MESSAGE][PASSED] - Object 'Object Repository/Regression BackOffice/CLNK-10235/FirstNameSearch' is present&#xD;
&#xD;
2019-09-23 10:54:12 - [TEST_STEP][PASSED] - setText(findTestObject("Regression BackOffice/CLNK-10235/FirstNameSearch"), G_CaregiverFirstName): Text 'Ochenta' is set on object 'Object Repository/Regression BackOffice/CLNK-10235/FirstNameSearch'&#xD;
&#xD;
2019-09-23 10:54:12 - [MESSAGE][PASSED] - Text 'Ochenta' is set on object 'Object Repository/Regression BackOffice/CLNK-10235/FirstNameSearch'&#xD;
&#xD;
2019-09-23 10:54:12 - [TEST_STEP][PASSED] - delay(2): Delayed 2 second(s)&#xD;
&#xD;
2019-09-23 10:54:14 - [MESSAGE][PASSED] - Delayed 2 second(s)&#xD;
&#xD;
2019-09-23 10:54:14 - [TEST_STEP][PASSED] - waitForElementPresent(findTestObject("Regression BackOffice/CLNK-23441/Last NameHR"), 50): Object 'Object Repository/Regression BackOffice/CLNK-23441/Last NameHR' is present&#xD;
&#xD;
2019-09-23 10:54:15 - [MESSAGE][PASSED] - Object 'Object Repository/Regression BackOffice/CLNK-23441/Last NameHR' is present&#xD;
&#xD;
2019-09-23 10:54:15 - [TEST_STEP][PASSED] - setText(findTestObject("Regression BackOffice/CLNK-23441/Last NameHR"), G_CareGiverLastName): Text 'Ochentilla' is set on object 'Object Repository/Regression BackOffice/CLNK-23441/Last NameHR'&#xD;
&#xD;
2019-09-23 10:54:15 - [MESSAGE][PASSED] - Text 'Ochentilla' is set on object 'Object Repository/Regression BackOffice/CLNK-23441/Last NameHR'&#xD;
&#xD;
2019-09-23 10:54:15 - [TEST_STEP][PASSED] - delay(2): Delayed 2 second(s)&#xD;
&#xD;
2019-09-23 10:54:17 - [MESSAGE][PASSED] - Delayed 2 second(s)&#xD;
&#xD;
2019-09-23 10:54:17 - [TEST_STEP][PASSED] - waitForElementPresent(findTestObject("Regression BackOffice/CLNK-23441/CaregiverSearchButton"), 50): Object 'Object Repository/Regression BackOffice/CLNK-23441/CaregiverSearchButton' is present&#xD;
&#xD;
2019-09-23 10:54:17 - [MESSAGE][PASSED] - Object 'Object Repository/Regression BackOffice/CLNK-23441/CaregiverSearchButton' is present&#xD;
&#xD;
2019-09-23 10:54:17 - [TEST_STEP][PASSED] - click(findTestObject("Regression BackOffice/CLNK-23441/CaregiverSearchButton"), STOP_ON_FAILURE): Object: 'Object Repository/Regression BackOffice/CLNK-23441/CaregiverSearchButton' is clicked on&#xD;
&#xD;
2019-09-23 10:54:18 - [MESSAGE][PASSED] - Object: 'Object Repository/Regression BackOffice/CLNK-23441/CaregiverSearchButton' is clicked on&#xD;
&#xD;
2019-09-23 10:54:18 - [TEST_STEP][PASSED] - delay(2): Delayed 2 second(s)&#xD;
&#xD;
2019-09-23 10:54:20 - [MESSAGE][PASSED] - Delayed 2 second(s)&#xD;
&#xD;
2019-09-23 10:54:20 - [TEST_STEP][PASSED] - waitForElementPresent(findTestObject("Regression BackOffice/CLINK-23442/ClientLink"), 50): Object 'Object Repository/Regression BackOffice/CLINK-23442/ClientLink' is present&#xD;
&#xD;
2019-09-23 10:54:20 - [MESSAGE][PASSED] - Object 'Object Repository/Regression BackOffice/CLINK-23442/ClientLink' is present&#xD;
&#xD;
2019-09-23 10:54:20 - [TEST_STEP][PASSED] - click(findTestObject("Regression BackOffice/CLINK-23442/ClientLink"), STOP_ON_FAILURE): Object: 'Object Repository/Regression BackOffice/CLINK-23442/ClientLink' is clicked on&#xD;
&#xD;
2019-09-23 10:54:21 - [MESSAGE][PASSED] - Object: 'Object Repository/Regression BackOffice/CLINK-23442/ClientLink' is clicked on&#xD;
&#xD;
2019-09-23 10:54:21 - [TEST_STEP][PASSED] - delay(2): Delayed 2 second(s)&#xD;
&#xD;
2019-09-23 10:54:23 - [MESSAGE][PASSED] - Delayed 2 second(s)&#xD;
&#xD;
2019-09-23 10:54:23 - [TEST_STEP][PASSED] - waitForElementPresent(findTestObject("Regression BackOffice/CLINK-23445/Middle Initial"), 50): Object 'Object Repository/Regression BackOffice/CLINK-23445/Middle Initial' is present&#xD;
&#xD;
2019-09-23 10:54:23 - [MESSAGE][PASSED] - Object 'Object Repository/Regression BackOffice/CLINK-23445/Middle Initial' is present&#xD;
&#xD;
2019-09-23 10:54:23 - [TEST_STEP][PASSED] - setText(findTestObject("Regression BackOffice/CLINK-23445/Middle Initial"), "M"): Text 'M' is set on object 'Object Repository/Regression BackOffice/CLINK-23445/Middle Initial'&#xD;
&#xD;
2019-09-23 10:54:24 - [MESSAGE][PASSED] - Text 'M' is set on object 'Object Repository/Regression BackOffice/CLINK-23445/Middle Initial'&#xD;
&#xD;
2019-09-23 10:54:24 - [TEST_STEP][PASSED] - delay(2): Delayed 2 second(s)&#xD;
&#xD;
2019-09-23 10:54:26 - [MESSAGE][PASSED] - Delayed 2 second(s)&#xD;
&#xD;
2019-09-23 10:54:26 - [TEST_STEP][PASSED] - waitForElementPresent(findTestObject("Regression BackOffice/CLINK-23445/Mail Address"), 50): Object 'Object Repository/Regression BackOffice/CLINK-23445/Mail Address' is present&#xD;
&#xD;
2019-09-23 10:54:26 - [MESSAGE][PASSED] - Object 'Object Repository/Regression BackOffice/CLINK-23445/Mail Address' is present&#xD;
&#xD;
2019-09-23 10:54:26 - [TEST_STEP][PASSED] - setText(findTestObject("Regression BackOffice/CLINK-23445/Mail Address"), "isaac@gmail.com"): Text 'isaac@gmail.com' is set on object 'Object Repository/Regression BackOffice/CLINK-23445/Mail Address'&#xD;
&#xD;
2019-09-23 10:54:26 - [MESSAGE][PASSED] - Text 'isaac@gmail.com' is set on object 'Object Repository/Regression BackOffice/CLINK-23445/Mail Address'&#xD;
&#xD;
2019-09-23 10:54:26 - [TEST_STEP][PASSED] - delay(2): Delayed 2 second(s)&#xD;
&#xD;
2019-09-23 10:54:28 - [MESSAGE][PASSED] - Delayed 2 second(s)&#xD;
&#xD;
2019-09-23 10:54:28 - [TEST_STEP][NOT_RUN] - waitForElementPresent(findTestObject("Regression BackOffice/CLINK-23445/SameasAddress"), 50): NOT_RUN: waitForElementPresent(findTestObject("Regression BackOffice/CLINK-23445/SameasAddress"), 50)&#xD;
&#xD;
2019-09-23 10:54:28 - [MESSAGE][NOT_RUN] - NOT_RUN: waitForElementPresent(findTestObject("Regression BackOffice/CLINK-23445/SameasAddress"), 50)&#xD;
&#xD;
2019-09-23 10:54:28 - [TEST_STEP][NOT_RUN] - click(findTestObject("Regression BackOffice/CLINK-23445/SameasAddress"), STOP_ON_FAILURE): NOT_RUN: click(findTestObject("Regression BackOffice/CLINK-23445/SameasAddress"), STOP_ON_FAILURE)&#xD;
&#xD;
2019-09-23 10:54:28 - [MESSAGE][NOT_RUN] - NOT_RUN: click(findTestObject("Regression BackOffice/CLINK-23445/SameasAddress"), STOP_ON_FAILURE)&#xD;
&#xD;
2019-09-23 10:54:28 - [TEST_STEP][NOT_RUN] - delay(2): NOT_RUN: delay(2)&#xD;
&#xD;
2019-09-23 10:54:28 - [MESSAGE][NOT_RUN] - NOT_RUN: delay(2)&#xD;
&#xD;
2019-09-23 10:54:28 - [TEST_STEP][PASSED] - scrollToElement(findTestObject("Regression BackOffice/CLINK-23445/Race"), 50): Scroll to object 'Object Repository/Regression BackOffice/CLINK-23445/Race' successfully&#xD;
&#xD;
2019-09-23 10:54:28 - [MESSAGE][PASSED] - Scroll to object 'Object Repository/Regression BackOffice/CLINK-23445/Race' successfully&#xD;
&#xD;
2019-09-23 10:54:28 - [TEST_STEP][PASSED] - click(findTestObject("Regression BackOffice/CLINK-23445/Race"), STOP_ON_FAILURE): Object: 'Object Repository/Regression BackOffice/CLINK-23445/Race' is clicked on&#xD;
&#xD;
2019-09-23 10:54:29 - [MESSAGE][PASSED] - Object: 'Object Repository/Regression BackOffice/CLINK-23445/Race' is clicked on&#xD;
&#xD;
2019-09-23 10:54:29 - [TEST_STEP][PASSED] - sendKeys(findTestObject("Regression BackOffice/CLINK-23445/Race"), Keys.chord(ARROW_UP, ARROW_UP, ENTER)): Keys 'UP + UP + ENTER + ' sent to object: 'Object Repository/Regression BackOffice/CLINK-23445/Race'&#xD;
&#xD;
2019-09-23 10:54:29 - [MESSAGE][PASSED] - Keys 'UP + UP + ENTER + ' sent to object: 'Object Repository/Regression BackOffice/CLINK-23445/Race'&#xD;
&#xD;
2019-09-23 10:54:29 - [TEST_STEP][PASSED] - delay(2): Delayed 2 second(s)&#xD;
&#xD;
2019-09-23 10:54:31 - [MESSAGE][PASSED] - Delayed 2 second(s)&#xD;
&#xD;
2019-09-23 10:54:31 - [TEST_STEP][PASSED] - waitForElementPresent(findTestObject("Regression BackOffice/CLINK-23445/Sex"), 50): Object 'Object Repository/Regression BackOffice/CLINK-23445/Sex' is present&#xD;
&#xD;
2019-09-23 10:54:31 - [MESSAGE][PASSED] - Object 'Object Repository/Regression BackOffice/CLINK-23445/Sex' is present&#xD;
&#xD;
2019-09-23 10:54:31 - [TEST_STEP][PASSED] - click(findTestObject("Regression BackOffice/CLINK-23445/Sex"), STOP_ON_FAILURE): Object: 'Object Repository/Regression BackOffice/CLINK-23445/Sex' is clicked on&#xD;
&#xD;
2019-09-23 10:54:31 - [MESSAGE][PASSED] - Object: 'Object Repository/Regression BackOffice/CLINK-23445/Sex' is clicked on&#xD;
&#xD;
2019-09-23 10:54:31 - [TEST_STEP][PASSED] - delay(3): Delayed 3 second(s)&#xD;
&#xD;
2019-09-23 10:54:34 - [MESSAGE][PASSED] - Delayed 3 second(s)&#xD;
&#xD;
2019-09-23 10:54:34 - [TEST_STEP][PASSED] - waitForElementPresent(findTestObject("Regression BackOffice/CLINK-23445/Date Of Hire"), 50): Object 'Object Repository/Regression BackOffice/CLINK-23445/Date Of Hire' is present&#xD;
&#xD;
2019-09-23 10:54:34 - [MESSAGE][PASSED] - Object 'Object Repository/Regression BackOffice/CLINK-23445/Date Of Hire' is present&#xD;
&#xD;
2019-09-23 10:54:34 - [TEST_STEP][PASSED] - setText(findTestObject("Regression BackOffice/CLINK-23445/Date Of Hire"), "04/20/2019"): Text '04/20/2019' is set on object 'Object Repository/Regression BackOffice/CLINK-23445/Date Of Hire'&#xD;
&#xD;
2019-09-23 10:54:34 - [MESSAGE][PASSED] - Text '04/20/2019' is set on object 'Object Repository/Regression BackOffice/CLINK-23445/Date Of Hire'&#xD;
&#xD;
2019-09-23 10:54:34 - [TEST_STEP][PASSED] - delay(4): Delayed 4 second(s)&#xD;
&#xD;
2019-09-23 10:54:38 - [MESSAGE][PASSED] - Delayed 4 second(s)&#xD;
&#xD;
2019-09-23 10:54:38 - [TEST_STEP][PASSED] - switchToDefaultContent(): null&#xD;
&#xD;
2019-09-23 10:54:38 - [TEST_STEP][PASSED] - switchToFrame(findTestObject("Regression BackOffice/CLINK-23444/BannerFrameAtt"), 30): null&#xD;
&#xD;
2019-09-23 10:54:39 - [TEST_STEP][PASSED] - waitForElementPresent(findTestObject("Regression BackOffice/CLINK-23445/Save"), 50): Object 'Object Repository/Regression BackOffice/CLINK-23445/Save' is present&#xD;
&#xD;
2019-09-23 10:54:39 - [MESSAGE][PASSED] - Object 'Object Repository/Regression BackOffice/CLINK-23445/Save' is present&#xD;
&#xD;
2019-09-23 10:54:39 - [TEST_STEP][PASSED] - click(findTestObject("Regression BackOffice/CLINK-23445/Save")): Object: 'Object Repository/Regression BackOffice/CLINK-23445/Save' is clicked on&#xD;
&#xD;
2019-09-23 10:54:40 - [MESSAGE][PASSED] - Object: 'Object Repository/Regression BackOffice/CLINK-23445/Save' is clicked on&#xD;
&#xD;
2019-09-23 10:54:40 - [TEST_STEP][PASSED] - delay(2): Delayed 2 second(s)&#xD;
&#xD;
2019-09-23 10:54:42 - [MESSAGE][PASSED] - Delayed 2 second(s)&#xD;
&#xD;
2019-09-23 10:54:42 - [TEST_STEP][PASSED] - closeBrowser(): Browser is closed&#xD;
&#xD;
2019-09-23 10:54:43 - [MESSAGE][PASSED] - Browser is closed</system-out>
            <system-err></system-err>
        </testcase>
        <testcase name="Test Cases/Regression BackOffice (All Browsers)/CLNK-23446 - Back office Caregiver Locations" classname="Test Cases/Regression BackOffice (All Browsers)/CLNK-23446 - Back office Caregiver Locations" status="PASSED">
            <system-out>2019-09-23 10:54:45 - [TEST_CASE][PASSED] - Test Cases/Regression BackOffice (All Browsers)/CLNK-23446 - Back office Caregiver Locations: Test Cases/Regression BackOffice (All Browsers)/CLNK-23446 - Back office Caregiver Locations&#xD;
&#xD;
2019-09-23 10:54:45 - [TEST_STEP][PASSED] - callTestCase(findTestCase("Regression BackOffice (All Browsers)/CLNK-23439 - Clink - Back office Client"), [:], STOP_ON_FAILURE): Call Test Case 'Test Cases/Regression BackOffice (All Browsers)/CLNK-23439 - Clink - Back office Client' successfully&#xD;
&#xD;
2019-09-23 10:54:46 - [TEST_CASE][PASSED] - Test Cases/Regression BackOffice (All Browsers)/CLNK-23439 - Clink - Back office Client: Test Cases/Regression BackOffice (All Browsers)/CLNK-23439 - Clink - Back office Client&#xD;
&#xD;
2019-09-23 10:54:46 - [TEST_STEP][PASSED] - deleteAllCookies(): Delete all cookies successfully&#xD;
&#xD;
2019-09-23 10:54:46 - [MESSAGE][WARNING] - Cannot delete cookies because browser is closed&#xD;
&#xD;
2019-09-23 10:54:46 - [MESSAGE][PASSED] - Delete all cookies successfully&#xD;
&#xD;
2019-09-23 10:54:46 - [TEST_STEP][PASSED] - openBrowser(G_SiteBackOffice): Browser is opened with url: 'https://qanewpoc.continulink.com:8443/Backoffice/'&#xD;
&#xD;
2019-09-23 10:54:46 - [MESSAGE][INFO] - Starting 'Chrome' driver&#xD;
&#xD;
2019-09-23 10:54:53 - [MESSAGE][PASSED] - Browser is opened with url: 'https://qanewpoc.continulink.com:8443/Backoffice/'&#xD;
&#xD;
2019-09-23 10:54:54 - [TEST_STEP][PASSED] - waitForPageLoad(60): Wait for page load successfully&#xD;
&#xD;
2019-09-23 10:54:54 - [MESSAGE][PASSED] - Wait for page load successfully&#xD;
&#xD;
2019-09-23 10:54:54 - [TEST_STEP][PASSED] - maximizeWindow(): Current window maximized&#xD;
&#xD;
2019-09-23 10:54:58 - [MESSAGE][PASSED] - Current window maximized&#xD;
&#xD;
2019-09-23 10:54:58 - [TEST_STEP][PASSED] - setText(findTestObject("Regression BackOffice/Login/UserBackOffice"), G_UserBackOffice): Text 'automation_admin' is set on object 'Object Repository/Regression BackOffice/Login/UserBackOffice'&#xD;
&#xD;
2019-09-23 10:54:58 - [MESSAGE][PASSED] - Text 'automation_admin' is set on object 'Object Repository/Regression BackOffice/Login/UserBackOffice'&#xD;
&#xD;
2019-09-23 10:54:58 - [TEST_STEP][PASSED] - setText(findTestObject("Regression BackOffice/Login/PasswordBackOffice"), G_PasswordBackOffice): Text 'qwerty' is set on object 'Object Repository/Regression BackOffice/Login/PasswordBackOffice'&#xD;
&#xD;
2019-09-23 10:54:58 - [MESSAGE][PASSED] - Text 'qwerty' is set on object 'Object Repository/Regression BackOffice/Login/PasswordBackOffice'&#xD;
&#xD;
2019-09-23 10:54:58 - [TEST_STEP][PASSED] - click(findTestObject("Regression BackOffice/Login/LoginBackOffice")): Object: 'Object Repository/Regression BackOffice/Login/LoginBackOffice' is clicked on&#xD;
&#xD;
2019-09-23 10:55:02 - [MESSAGE][PASSED] - Object: 'Object Repository/Regression BackOffice/Login/LoginBackOffice' is clicked on&#xD;
&#xD;
2019-09-23 10:55:02 - [TEST_STEP][PASSED] - waitForPageLoad(60): Wait for page load successfully&#xD;
&#xD;
2019-09-23 10:55:03 - [MESSAGE][PASSED] - Wait for page load successfully&#xD;
&#xD;
2019-09-23 10:55:03 - [TEST_STEP][PASSED] - delay(2): Delayed 2 second(s)&#xD;
&#xD;
2019-09-23 10:55:05 - [MESSAGE][PASSED] - Delayed 2 second(s)&#xD;
&#xD;
2019-09-23 10:55:05 - [TEST_STEP][PASSED] - switchToFrame(findTestObject("Regression BackOffice/CLINK-Frames/FrameFrameLeft"), 5, STOP_ON_FAILURE): null&#xD;
&#xD;
2019-09-23 10:55:05 - [TEST_STEP][PASSED] - delay(2): Delayed 2 second(s)&#xD;
&#xD;
2019-09-23 10:55:07 - [MESSAGE][PASSED] - Delayed 2 second(s)&#xD;
&#xD;
2019-09-23 10:55:07 - [TEST_STEP][PASSED] - waitForElementPresent(findTestObject("Regression BackOffice/CLINK-Frames/ClientIntake"), 50): Object 'Object Repository/Regression BackOffice/CLINK-Frames/ClientIntake' is present&#xD;
&#xD;
2019-09-23 10:55:07 - [MESSAGE][PASSED] - Object 'Object Repository/Regression BackOffice/CLINK-Frames/ClientIntake' is present&#xD;
&#xD;
2019-09-23 10:55:07 - [TEST_STEP][PASSED] - verifyElementPresent(findTestObject("Regression BackOffice/CLINK-Frames/ClientIntake"), 100, STOP_ON_FAILURE): Object 'Object Repository/Regression BackOffice/CLINK-Frames/ClientIntake' is present&#xD;
&#xD;
2019-09-23 10:55:07 - [MESSAGE][PASSED] - Object 'Object Repository/Regression BackOffice/CLINK-Frames/ClientIntake' is present&#xD;
&#xD;
2019-09-23 10:55:07 - [TEST_STEP][PASSED] - switchToDefaultContent(): null&#xD;
&#xD;
2019-09-23 10:55:07 - [MESSAGE][PASSED] - Call Test Case 'Test Cases/Regression BackOffice (All Browsers)/CLNK-23439 - Clink - Back office Client' successfully&#xD;
&#xD;
2019-09-23 10:55:07 - [TEST_STEP][PASSED] - waitForPageLoad(60): Wait for page load successfully&#xD;
&#xD;
2019-09-23 10:55:07 - [MESSAGE][PASSED] - Wait for page load successfully&#xD;
&#xD;
2019-09-23 10:55:07 - [TEST_STEP][PASSED] - delay(3): Delayed 3 second(s)&#xD;
&#xD;
2019-09-23 10:55:10 - [MESSAGE][PASSED] - Delayed 3 second(s)&#xD;
&#xD;
2019-09-23 10:55:10 - [TEST_STEP][PASSED] - switchToFrame(findTestObject("Regression BackOffice/CLNK-23449/FrameLeft"), 30): null&#xD;
&#xD;
2019-09-23 10:55:10 - [TEST_STEP][PASSED] - waitForElementPresent(findTestObject("Regression BackOffice/CLNK-23441/Caregiver  HRLink"), 100): Object 'Object Repository/Regression BackOffice/CLNK-23441/Caregiver  HRLink' is present&#xD;
&#xD;
2019-09-23 10:55:10 - [MESSAGE][PASSED] - Object 'Object Repository/Regression BackOffice/CLNK-23441/Caregiver  HRLink' is present&#xD;
&#xD;
2019-09-23 10:55:10 - [TEST_STEP][PASSED] - click(findTestObject("Regression BackOffice/CLNK-23441/Caregiver  HRLink")): Object: 'Object Repository/Regression BackOffice/CLNK-23441/Caregiver  HRLink' is clicked on&#xD;
&#xD;
2019-09-23 10:55:10 - [MESSAGE][PASSED] - Object: 'Object Repository/Regression BackOffice/CLNK-23441/Caregiver  HRLink' is clicked on&#xD;
&#xD;
2019-09-23 10:55:10 - [TEST_STEP][PASSED] - delay(2): Delayed 2 second(s)&#xD;
&#xD;
2019-09-23 10:55:12 - [MESSAGE][PASSED] - Delayed 2 second(s)&#xD;
&#xD;
2019-09-23 10:55:12 - [TEST_STEP][PASSED] - waitForPageLoad(50): Wait for page load successfully&#xD;
&#xD;
2019-09-23 10:55:12 - [MESSAGE][PASSED] - Wait for page load successfully&#xD;
&#xD;
2019-09-23 10:55:12 - [TEST_STEP][PASSED] - waitForElementPresent(findTestObject("Regression BackOffice/CLINK-23446/Caregiver Locations"), 50): Object 'Object Repository/Regression BackOffice/CLINK-23446/Caregiver Locations' is present&#xD;
&#xD;
2019-09-23 10:55:12 - [MESSAGE][PASSED] - Object 'Object Repository/Regression BackOffice/CLINK-23446/Caregiver Locations' is present&#xD;
&#xD;
2019-09-23 10:55:12 - [TEST_STEP][PASSED] - click(findTestObject("Regression BackOffice/CLINK-23446/Caregiver Locations")): Object: 'Object Repository/Regression BackOffice/CLINK-23446/Caregiver Locations' is clicked on&#xD;
&#xD;
2019-09-23 10:55:13 - [MESSAGE][PASSED] - Object: 'Object Repository/Regression BackOffice/CLINK-23446/Caregiver Locations' is clicked on&#xD;
&#xD;
2019-09-23 10:55:13 - [TEST_STEP][PASSED] - delay(2): Delayed 2 second(s)&#xD;
&#xD;
2019-09-23 10:55:15 - [MESSAGE][PASSED] - Delayed 2 second(s)&#xD;
&#xD;
2019-09-23 10:55:15 - [TEST_STEP][PASSED] - switchToDefaultContent(): null&#xD;
&#xD;
2019-09-23 10:55:15 - [TEST_STEP][PASSED] - switchToFrame(findTestObject("Regression BackOffice/CLNK-23449/FrameMain"), 30): null&#xD;
&#xD;
2019-09-23 10:55:15 - [TEST_STEP][PASSED] - waitForElementPresent(findTestObject("Regression BackOffice/CLNK-10235/FirstNameSearch"), 50): Object 'Object Repository/Regression BackOffice/CLNK-10235/FirstNameSearch' is present&#xD;
&#xD;
2019-09-23 10:55:16 - [MESSAGE][PASSED] - Object 'Object Repository/Regression BackOffice/CLNK-10235/FirstNameSearch' is present&#xD;
&#xD;
2019-09-23 10:55:16 - [TEST_STEP][PASSED] - setText(findTestObject("Regression BackOffice/CLNK-10235/FirstNameSearch"), G_CaregiverFirstName): Text 'Ochenta' is set on object 'Object Repository/Regression BackOffice/CLNK-10235/FirstNameSearch'&#xD;
&#xD;
2019-09-23 10:55:16 - [MESSAGE][PASSED] - Text 'Ochenta' is set on object 'Object Repository/Regression BackOffice/CLNK-10235/FirstNameSearch'&#xD;
&#xD;
2019-09-23 10:55:16 - [TEST_STEP][PASSED] - delay(2): Delayed 2 second(s)&#xD;
&#xD;
2019-09-23 10:55:18 - [MESSAGE][PASSED] - Delayed 2 second(s)&#xD;
&#xD;
2019-09-23 10:55:18 - [TEST_STEP][PASSED] - waitForElementPresent(findTestObject("Regression BackOffice/CLNK-23441/Last NameHR"), 50): Object 'Object Repository/Regression BackOffice/CLNK-23441/Last NameHR' is present&#xD;
&#xD;
2019-09-23 10:55:18 - [MESSAGE][PASSED] - Object 'Object Repository/Regression BackOffice/CLNK-23441/Last NameHR' is present&#xD;
&#xD;
2019-09-23 10:55:18 - [TEST_STEP][PASSED] - setText(findTestObject("Regression BackOffice/CLNK-23441/Last NameHR"), G_CareGiverLastName): Text 'Ochentilla' is set on object 'Object Repository/Regression BackOffice/CLNK-23441/Last NameHR'&#xD;
&#xD;
2019-09-23 10:55:18 - [MESSAGE][PASSED] - Text 'Ochentilla' is set on object 'Object Repository/Regression BackOffice/CLNK-23441/Last NameHR'&#xD;
&#xD;
2019-09-23 10:55:18 - [TEST_STEP][PASSED] - delay(2): Delayed 2 second(s)&#xD;
&#xD;
2019-09-23 10:55:20 - [MESSAGE][PASSED] - Delayed 2 second(s)&#xD;
&#xD;
2019-09-23 10:55:20 - [TEST_STEP][PASSED] - waitForElementPresent(findTestObject("Regression BackOffice/CLNK-23441/CaregiverSearchButton"), 50): Object 'Object Repository/Regression BackOffice/CLNK-23441/CaregiverSearchButton' is present&#xD;
&#xD;
2019-09-23 10:55:20 - [MESSAGE][PASSED] - Object 'Object Repository/Regression BackOffice/CLNK-23441/CaregiverSearchButton' is present&#xD;
&#xD;
2019-09-23 10:55:20 - [TEST_STEP][PASSED] - click(findTestObject("Regression BackOffice/CLNK-23441/CaregiverSearchButton"), STOP_ON_FAILURE): Object: 'Object Repository/Regression BackOffice/CLNK-23441/CaregiverSearchButton' is clicked on&#xD;
&#xD;
2019-09-23 10:55:21 - [MESSAGE][PASSED] - Object: 'Object Repository/Regression BackOffice/CLNK-23441/CaregiverSearchButton' is clicked on&#xD;
&#xD;
2019-09-23 10:55:21 - [TEST_STEP][PASSED] - delay(2): Delayed 2 second(s)&#xD;
&#xD;
2019-09-23 10:55:23 - [MESSAGE][PASSED] - Delayed 2 second(s)&#xD;
&#xD;
2019-09-23 10:55:23 - [TEST_STEP][PASSED] - waitForElementPresent(findTestObject("Regression BackOffice/CLINK-23442/ClientLink"), 50): Object 'Object Repository/Regression BackOffice/CLINK-23442/ClientLink' is present&#xD;
&#xD;
2019-09-23 10:55:23 - [MESSAGE][PASSED] - Object 'Object Repository/Regression BackOffice/CLINK-23442/ClientLink' is present&#xD;
&#xD;
2019-09-23 10:55:23 - [TEST_STEP][PASSED] - click(findTestObject("Regression BackOffice/CLINK-23442/ClientLink"), STOP_ON_FAILURE): Object: 'Object Repository/Regression BackOffice/CLINK-23442/ClientLink' is clicked on&#xD;
&#xD;
2019-09-23 10:55:25 - [MESSAGE][PASSED] - Object: 'Object Repository/Regression BackOffice/CLINK-23442/ClientLink' is clicked on&#xD;
&#xD;
2019-09-23 10:55:25 - [TEST_STEP][PASSED] - delay(2): Delayed 2 second(s)&#xD;
&#xD;
2019-09-23 10:55:27 - [MESSAGE][PASSED] - Delayed 2 second(s)&#xD;
&#xD;
2019-09-23 10:55:27 - [TEST_STEP][PASSED] - waitForElementPresent(findTestObject("Regression BackOffice/CLINK-23446/NewCaregiverLocation"), 50): Object 'Object Repository/Regression BackOffice/CLINK-23446/NewCaregiverLocation' is present&#xD;
&#xD;
2019-09-23 10:55:27 - [MESSAGE][PASSED] - Object 'Object Repository/Regression BackOffice/CLINK-23446/NewCaregiverLocation' is present&#xD;
&#xD;
2019-09-23 10:55:27 - [TEST_STEP][PASSED] - click(findTestObject("Regression BackOffice/CLINK-23446/NewCaregiverLocation"), STOP_ON_FAILURE): Object: 'Object Repository/Regression BackOffice/CLINK-23446/NewCaregiverLocation' is clicked on&#xD;
&#xD;
2019-09-23 10:55:27 - [MESSAGE][PASSED] - Object: 'Object Repository/Regression BackOffice/CLINK-23446/NewCaregiverLocation' is clicked on&#xD;
&#xD;
2019-09-23 10:55:27 - [TEST_STEP][PASSED] - delay(2): Delayed 2 second(s)&#xD;
&#xD;
2019-09-23 10:55:29 - [MESSAGE][PASSED] - Delayed 2 second(s)&#xD;
&#xD;
2019-09-23 10:55:29 - [TEST_STEP][PASSED] - waitForElementPresent(findTestObject("Regression BackOffice/CLINK-23446/ZoneName"), 50): Object 'Object Repository/Regression BackOffice/CLINK-23446/ZoneName' is present&#xD;
&#xD;
2019-09-23 10:55:29 - [MESSAGE][PASSED] - Object 'Object Repository/Regression BackOffice/CLINK-23446/ZoneName' is present&#xD;
&#xD;
2019-09-23 10:55:29 - [TEST_STEP][PASSED] - click(findTestObject("Regression BackOffice/CLINK-23446/ZoneName"), STOP_ON_FAILURE): Object: 'Object Repository/Regression BackOffice/CLINK-23446/ZoneName' is clicked on&#xD;
&#xD;
2019-09-23 10:55:29 - [MESSAGE][PASSED] - Object: 'Object Repository/Regression BackOffice/CLINK-23446/ZoneName' is clicked on&#xD;
&#xD;
2019-09-23 10:55:29 - [TEST_STEP][PASSED] - sendKeys(findTestObject("Regression BackOffice/CLINK-23446/ZoneName"), Keys.chord(ARROW_DOWN, ARROW_DOWN, ARROW_DOWN, ENTER)): Keys 'DOWN + DOWN + DOWN + ENTER + ' sent to object: 'Object Repository/Regression BackOffice/CLINK-23446/ZoneName'&#xD;
&#xD;
2019-09-23 10:55:30 - [MESSAGE][PASSED] - Keys 'DOWN + DOWN + DOWN + ENTER + ' sent to object: 'Object Repository/Regression BackOffice/CLINK-23446/ZoneName'&#xD;
&#xD;
2019-09-23 10:55:30 - [TEST_STEP][PASSED] - delay(2): Delayed 2 second(s)&#xD;
&#xD;
2019-09-23 10:55:32 - [MESSAGE][PASSED] - Delayed 2 second(s)&#xD;
&#xD;
2019-09-23 10:55:32 - [TEST_STEP][PASSED] - waitForElementPresent(findTestObject("Regression BackOffice/CLINK-23446/li_Location"), 50): Object 'Object Repository/Regression BackOffice/CLINK-23446/li_Location' is present&#xD;
&#xD;
2019-09-23 10:55:32 - [MESSAGE][PASSED] - Object 'Object Repository/Regression BackOffice/CLINK-23446/li_Location' is present&#xD;
&#xD;
2019-09-23 10:55:32 - [TEST_STEP][PASSED] - doubleClick(findTestObject("Regression BackOffice/CLINK-23446/li_Location")): Object: 'Object Repository/Regression BackOffice/CLINK-23446/li_Location' is double clicked on&#xD;
&#xD;
2019-09-23 10:55:32 - [MESSAGE][PASSED] - Object: 'Object Repository/Regression BackOffice/CLINK-23446/li_Location' is double clicked on&#xD;
&#xD;
2019-09-23 10:55:32 - [TEST_STEP][PASSED] - delay(2): Delayed 2 second(s)&#xD;
&#xD;
2019-09-23 10:55:34 - [MESSAGE][PASSED] - Delayed 2 second(s)&#xD;
&#xD;
2019-09-23 10:55:34 - [TEST_STEP][PASSED] - waitForElementPresent(findTestObject("Regression BackOffice/CLINK-23446/a_Add To List"), 50): Object 'Object Repository/Regression BackOffice/CLINK-23446/a_Add To List' is present&#xD;
&#xD;
2019-09-23 10:55:34 - [MESSAGE][PASSED] - Object 'Object Repository/Regression BackOffice/CLINK-23446/a_Add To List' is present&#xD;
&#xD;
2019-09-23 10:55:34 - [TEST_STEP][PASSED] - click(findTestObject("Regression BackOffice/CLINK-23446/a_Add To List"), STOP_ON_FAILURE): Object: 'Object Repository/Regression BackOffice/CLINK-23446/a_Add To List' is clicked on&#xD;
&#xD;
2019-09-23 10:55:34 - [MESSAGE][PASSED] - Object: 'Object Repository/Regression BackOffice/CLINK-23446/a_Add To List' is clicked on&#xD;
&#xD;
2019-09-23 10:55:34 - [TEST_STEP][PASSED] - waitForPageLoad(50): Wait for page load successfully&#xD;
&#xD;
2019-09-23 10:55:34 - [MESSAGE][PASSED] - Wait for page load successfully&#xD;
&#xD;
2019-09-23 10:55:34 - [TEST_STEP][PASSED] - delay(3): Delayed 3 second(s)&#xD;
&#xD;
2019-09-23 10:55:37 - [MESSAGE][PASSED] - Delayed 3 second(s)&#xD;
&#xD;
2019-09-23 10:55:37 - [TEST_STEP][PASSED] - switchToDefaultContent(): null&#xD;
&#xD;
2019-09-23 10:55:37 - [TEST_STEP][PASSED] - switchToFrame(findTestObject("Regression BackOffice/CLINK-23444/BannerFrameAtt"), 30): null&#xD;
&#xD;
2019-09-23 10:55:37 - [TEST_STEP][PASSED] - waitForElementPresent(findTestObject("Regression BackOffice/CLINK-23446/SaveButton"), 50): Object 'Object Repository/Regression BackOffice/CLINK-23446/SaveButton' is present&#xD;
&#xD;
2019-09-23 10:55:37 - [MESSAGE][PASSED] - Object 'Object Repository/Regression BackOffice/CLINK-23446/SaveButton' is present&#xD;
&#xD;
2019-09-23 10:55:37 - [TEST_STEP][PASSED] - click(findTestObject("Regression BackOffice/CLINK-23446/SaveButton")): Object: 'Object Repository/Regression BackOffice/CLINK-23446/SaveButton' is clicked on&#xD;
&#xD;
2019-09-23 10:55:38 - [MESSAGE][PASSED] - Object: 'Object Repository/Regression BackOffice/CLINK-23446/SaveButton' is clicked on&#xD;
&#xD;
2019-09-23 10:55:38 - [TEST_STEP][PASSED] - delay(2): Delayed 2 second(s)&#xD;
&#xD;
2019-09-23 10:55:40 - [MESSAGE][PASSED] - Delayed 2 second(s)&#xD;
&#xD;
2019-09-23 10:55:40 - [TEST_STEP][PASSED] - closeBrowser(): Browser is closed&#xD;
&#xD;
2019-09-23 10:55:41 - [MESSAGE][PASSED] - Browser is closed</system-out>
            <system-err></system-err>
        </testcase>
        <testcase name="Test Cases/Regression BackOffice (All Browsers)/CLNK-23444 - Back office Caregiver Attributes" classname="Test Cases/Regression BackOffice (All Browsers)/CLNK-23444 - Back office Caregiver Attributes" status="PASSED">
            <system-out>2019-09-23 10:55:43 - [TEST_CASE][PASSED] - Test Cases/Regression BackOffice (All Browsers)/CLNK-23444 - Back office Caregiver Attributes: Test Cases/Regression BackOffice (All Browsers)/CLNK-23444 - Back office Caregiver Attributes&#xD;
&#xD;
2019-09-23 10:55:43 - [TEST_STEP][PASSED] - callTestCase(findTestCase("Regression BackOffice (All Browsers)/CLNK-23439 - Clink - Back office Client"), [:], STOP_ON_FAILURE): Call Test Case 'Test Cases/Regression BackOffice (All Browsers)/CLNK-23439 - Clink - Back office Client' successfully&#xD;
&#xD;
2019-09-23 10:55:44 - [TEST_CASE][PASSED] - Test Cases/Regression BackOffice (All Browsers)/CLNK-23439 - Clink - Back office Client: Test Cases/Regression BackOffice (All Browsers)/CLNK-23439 - Clink - Back office Client&#xD;
&#xD;
2019-09-23 10:55:44 - [TEST_STEP][PASSED] - deleteAllCookies(): Delete all cookies successfully&#xD;
&#xD;
2019-09-23 10:55:44 - [MESSAGE][WARNING] - Cannot delete cookies because browser is closed&#xD;
&#xD;
2019-09-23 10:55:44 - [MESSAGE][PASSED] - Delete all cookies successfully&#xD;
&#xD;
2019-09-23 10:55:44 - [TEST_STEP][PASSED] - openBrowser(G_SiteBackOffice): Browser is opened with url: 'https://qanewpoc.continulink.com:8443/Backoffice/'&#xD;
&#xD;
2019-09-23 10:55:44 - [MESSAGE][INFO] - Starting 'Chrome' driver&#xD;
&#xD;
2019-09-23 10:55:51 - [MESSAGE][PASSED] - Browser is opened with url: 'https://qanewpoc.continulink.com:8443/Backoffice/'&#xD;
&#xD;
2019-09-23 10:55:51 - [TEST_STEP][PASSED] - waitForPageLoad(60): Wait for page load successfully&#xD;
&#xD;
2019-09-23 10:55:51 - [MESSAGE][PASSED] - Wait for page load successfully&#xD;
&#xD;
2019-09-23 10:55:51 - [TEST_STEP][PASSED] - maximizeWindow(): Current window maximized&#xD;
&#xD;
2019-09-23 10:55:55 - [MESSAGE][PASSED] - Current window maximized&#xD;
&#xD;
2019-09-23 10:55:55 - [TEST_STEP][PASSED] - setText(findTestObject("Regression BackOffice/Login/UserBackOffice"), G_UserBackOffice): Text 'automation_admin' is set on object 'Object Repository/Regression BackOffice/Login/UserBackOffice'&#xD;
&#xD;
2019-09-23 10:55:55 - [MESSAGE][PASSED] - Text 'automation_admin' is set on object 'Object Repository/Regression BackOffice/Login/UserBackOffice'&#xD;
&#xD;
2019-09-23 10:55:55 - [TEST_STEP][PASSED] - setText(findTestObject("Regression BackOffice/Login/PasswordBackOffice"), G_PasswordBackOffice): Text 'qwerty' is set on object 'Object Repository/Regression BackOffice/Login/PasswordBackOffice'&#xD;
&#xD;
2019-09-23 10:55:56 - [MESSAGE][PASSED] - Text 'qwerty' is set on object 'Object Repository/Regression BackOffice/Login/PasswordBackOffice'&#xD;
&#xD;
2019-09-23 10:55:56 - [TEST_STEP][PASSED] - click(findTestObject("Regression BackOffice/Login/LoginBackOffice")): Object: 'Object Repository/Regression BackOffice/Login/LoginBackOffice' is clicked on&#xD;
&#xD;
2019-09-23 10:56:00 - [MESSAGE][PASSED] - Object: 'Object Repository/Regression BackOffice/Login/LoginBackOffice' is clicked on&#xD;
&#xD;
2019-09-23 10:56:00 - [TEST_STEP][PASSED] - waitForPageLoad(60): Wait for page load successfully&#xD;
&#xD;
2019-09-23 10:56:00 - [MESSAGE][PASSED] - Wait for page load successfully&#xD;
&#xD;
2019-09-23 10:56:00 - [TEST_STEP][PASSED] - delay(2): Delayed 2 second(s)&#xD;
&#xD;
2019-09-23 10:56:02 - [MESSAGE][PASSED] - Delayed 2 second(s)&#xD;
&#xD;
2019-09-23 10:56:02 - [TEST_STEP][PASSED] - switchToFrame(findTestObject("Regression BackOffice/CLINK-Frames/FrameFrameLeft"), 5, STOP_ON_FAILURE): null&#xD;
&#xD;
2019-09-23 10:56:02 - [TEST_STEP][PASSED] - delay(2): Delayed 2 second(s)&#xD;
&#xD;
2019-09-23 10:56:04 - [MESSAGE][PASSED] - Delayed 2 second(s)&#xD;
&#xD;
2019-09-23 10:56:04 - [TEST_STEP][PASSED] - waitForElementPresent(findTestObject("Regression BackOffice/CLINK-Frames/ClientIntake"), 50): Object 'Object Repository/Regression BackOffice/CLINK-Frames/ClientIntake' is present&#xD;
&#xD;
2019-09-23 10:56:04 - [MESSAGE][PASSED] - Object 'Object Repository/Regression BackOffice/CLINK-Frames/ClientIntake' is present&#xD;
&#xD;
2019-09-23 10:56:04 - [TEST_STEP][PASSED] - verifyElementPresent(findTestObject("Regression BackOffice/CLINK-Frames/ClientIntake"), 100, STOP_ON_FAILURE): Object 'Object Repository/Regression BackOffice/CLINK-Frames/ClientIntake' is present&#xD;
&#xD;
2019-09-23 10:56:04 - [MESSAGE][PASSED] - Object 'Object Repository/Regression BackOffice/CLINK-Frames/ClientIntake' is present&#xD;
&#xD;
2019-09-23 10:56:04 - [TEST_STEP][PASSED] - switchToDefaultContent(): null&#xD;
&#xD;
2019-09-23 10:56:04 - [MESSAGE][PASSED] - Call Test Case 'Test Cases/Regression BackOffice (All Browsers)/CLNK-23439 - Clink - Back office Client' successfully&#xD;
&#xD;
2019-09-23 10:56:04 - [TEST_STEP][PASSED] - waitForPageLoad(60): Wait for page load successfully&#xD;
&#xD;
2019-09-23 10:56:04 - [MESSAGE][PASSED] - Wait for page load successfully&#xD;
&#xD;
2019-09-23 10:56:04 - [TEST_STEP][PASSED] - delay(3): Delayed 3 second(s)&#xD;
&#xD;
2019-09-23 10:56:07 - [MESSAGE][PASSED] - Delayed 3 second(s)&#xD;
&#xD;
2019-09-23 10:56:07 - [TEST_STEP][PASSED] - switchToFrame(findTestObject("Regression BackOffice/CLNK-23449/FrameLeft"), 30): null&#xD;
&#xD;
2019-09-23 10:56:08 - [TEST_STEP][PASSED] - waitForElementPresent(findTestObject("Regression BackOffice/CLNK-23441/Caregiver  HRLink"), 100): Object 'Object Repository/Regression BackOffice/CLNK-23441/Caregiver  HRLink' is present&#xD;
&#xD;
2019-09-23 10:56:08 - [MESSAGE][PASSED] - Object 'Object Repository/Regression BackOffice/CLNK-23441/Caregiver  HRLink' is present&#xD;
&#xD;
2019-09-23 10:56:08 - [TEST_STEP][PASSED] - click(findTestObject("Regression BackOffice/CLNK-23441/Caregiver  HRLink")): Object: 'Object Repository/Regression BackOffice/CLNK-23441/Caregiver  HRLink' is clicked on&#xD;
&#xD;
2019-09-23 10:56:08 - [MESSAGE][PASSED] - Object: 'Object Repository/Regression BackOffice/CLNK-23441/Caregiver  HRLink' is clicked on&#xD;
&#xD;
2019-09-23 10:56:08 - [TEST_STEP][PASSED] - delay(2): Delayed 2 second(s)&#xD;
&#xD;
2019-09-23 10:56:10 - [MESSAGE][PASSED] - Delayed 2 second(s)&#xD;
&#xD;
2019-09-23 10:56:10 - [TEST_STEP][PASSED] - waitForPageLoad(50): Wait for page load successfully&#xD;
&#xD;
2019-09-23 10:56:10 - [MESSAGE][PASSED] - Wait for page load successfully&#xD;
&#xD;
2019-09-23 10:56:10 - [TEST_STEP][PASSED] - waitForElementPresent(findTestObject("Regression BackOffice/CLINK-23444/Caregiver Attributes"), 50): Object 'Object Repository/Regression BackOffice/CLINK-23444/Caregiver Attributes' is present&#xD;
&#xD;
2019-09-23 10:56:10 - [MESSAGE][PASSED] - Object 'Object Repository/Regression BackOffice/CLINK-23444/Caregiver Attributes' is present&#xD;
&#xD;
2019-09-23 10:56:10 - [TEST_STEP][PASSED] - click(findTestObject("Regression BackOffice/CLINK-23444/Caregiver Attributes")): Object: 'Object Repository/Regression BackOffice/CLINK-23444/Caregiver Attributes' is clicked on&#xD;
&#xD;
2019-09-23 10:56:11 - [MESSAGE][PASSED] - Object: 'Object Repository/Regression BackOffice/CLINK-23444/Caregiver Attributes' is clicked on&#xD;
&#xD;
2019-09-23 10:56:11 - [TEST_STEP][PASSED] - delay(2): Delayed 2 second(s)&#xD;
&#xD;
2019-09-23 10:56:13 - [MESSAGE][PASSED] - Delayed 2 second(s)&#xD;
&#xD;
2019-09-23 10:56:13 - [TEST_STEP][PASSED] - switchToDefaultContent(): null&#xD;
&#xD;
2019-09-23 10:56:13 - [TEST_STEP][PASSED] - switchToFrame(findTestObject("Regression BackOffice/CLNK-23449/FrameMain"), 30): null&#xD;
&#xD;
2019-09-23 10:56:13 - [TEST_STEP][PASSED] - waitForElementPresent(findTestObject("Regression BackOffice/CLNK-10235/FirstNameSearch"), 50): Object 'Object Repository/Regression BackOffice/CLNK-10235/FirstNameSearch' is present&#xD;
&#xD;
2019-09-23 10:56:13 - [MESSAGE][PASSED] - Object 'Object Repository/Regression BackOffice/CLNK-10235/FirstNameSearch' is present&#xD;
&#xD;
2019-09-23 10:56:13 - [TEST_STEP][PASSED] - setText(findTestObject("Regression BackOffice/CLNK-10235/FirstNameSearch"), G_CaregiverFirstName): Text 'Ochenta' is set on object 'Object Repository/Regression BackOffice/CLNK-10235/FirstNameSearch'&#xD;
&#xD;
2019-09-23 10:56:13 - [MESSAGE][PASSED] - Text 'Ochenta' is set on object 'Object Repository/Regression BackOffice/CLNK-10235/FirstNameSearch'&#xD;
&#xD;
2019-09-23 10:56:13 - [TEST_STEP][PASSED] - delay(2): Delayed 2 second(s)&#xD;
&#xD;
2019-09-23 10:56:15 - [MESSAGE][PASSED] - Delayed 2 second(s)&#xD;
&#xD;
2019-09-23 10:56:15 - [TEST_STEP][PASSED] - waitForElementPresent(findTestObject("Regression BackOffice/CLNK-23441/Last NameHR"), 50): Object 'Object Repository/Regression BackOffice/CLNK-23441/Last NameHR' is present&#xD;
&#xD;
2019-09-23 10:56:15 - [MESSAGE][PASSED] - Object 'Object Repository/Regression BackOffice/CLNK-23441/Last NameHR' is present&#xD;
&#xD;
2019-09-23 10:56:15 - [TEST_STEP][PASSED] - setText(findTestObject("Regression BackOffice/CLNK-23441/Last NameHR"), G_CareGiverLastName): Text 'Ochentilla' is set on object 'Object Repository/Regression BackOffice/CLNK-23441/Last NameHR'&#xD;
&#xD;
2019-09-23 10:56:16 - [MESSAGE][PASSED] - Text 'Ochentilla' is set on object 'Object Repository/Regression BackOffice/CLNK-23441/Last NameHR'&#xD;
&#xD;
2019-09-23 10:56:16 - [TEST_STEP][PASSED] - delay(2): Delayed 2 second(s)&#xD;
&#xD;
2019-09-23 10:56:18 - [MESSAGE][PASSED] - Delayed 2 second(s)&#xD;
&#xD;
2019-09-23 10:56:18 - [TEST_STEP][PASSED] - waitForElementPresent(findTestObject("Regression BackOffice/CLNK-23441/CaregiverSearchButton"), 50): Object 'Object Repository/Regression BackOffice/CLNK-23441/CaregiverSearchButton' is present&#xD;
&#xD;
2019-09-23 10:56:18 - [MESSAGE][PASSED] - Object 'Object Repository/Regression BackOffice/CLNK-23441/CaregiverSearchButton' is present&#xD;
&#xD;
2019-09-23 10:56:18 - [TEST_STEP][PASSED] - click(findTestObject("Regression BackOffice/CLNK-23441/CaregiverSearchButton"), STOP_ON_FAILURE): Object: 'Object Repository/Regression BackOffice/CLNK-23441/CaregiverSearchButton' is clicked on&#xD;
&#xD;
2019-09-23 10:56:18 - [MESSAGE][PASSED] - Object: 'Object Repository/Regression BackOffice/CLNK-23441/CaregiverSearchButton' is clicked on&#xD;
&#xD;
2019-09-23 10:56:18 - [TEST_STEP][PASSED] - delay(2): Delayed 2 second(s)&#xD;
&#xD;
2019-09-23 10:56:20 - [MESSAGE][PASSED] - Delayed 2 second(s)&#xD;
&#xD;
2019-09-23 10:56:20 - [TEST_STEP][PASSED] - waitForElementPresent(findTestObject("Regression BackOffice/CLINK-23442/ClientLink"), 50): Object 'Object Repository/Regression BackOffice/CLINK-23442/ClientLink' is present&#xD;
&#xD;
2019-09-23 10:56:20 - [MESSAGE][PASSED] - Object 'Object Repository/Regression BackOffice/CLINK-23442/ClientLink' is present&#xD;
&#xD;
2019-09-23 10:56:20 - [TEST_STEP][PASSED] - click(findTestObject("Regression BackOffice/CLINK-23442/ClientLink"), STOP_ON_FAILURE): Object: 'Object Repository/Regression BackOffice/CLINK-23442/ClientLink' is clicked on&#xD;
&#xD;
2019-09-23 10:56:22 - [MESSAGE][PASSED] - Object: 'Object Repository/Regression BackOffice/CLINK-23442/ClientLink' is clicked on&#xD;
&#xD;
2019-09-23 10:56:22 - [TEST_STEP][PASSED] - delay(2): Delayed 2 second(s)&#xD;
&#xD;
2019-09-23 10:56:24 - [MESSAGE][PASSED] - Delayed 2 second(s)&#xD;
&#xD;
2019-09-23 10:56:24 - [TEST_STEP][PASSED] - waitForElementPresent(findTestObject("Regression BackOffice/CLINK - 28718/License/EditAttrbiute"), 50): Object 'Object Repository/Regression BackOffice/CLINK - 28718/License/EditAttrbiute' is present&#xD;
&#xD;
2019-09-23 10:56:24 - [MESSAGE][PASSED] - Object 'Object Repository/Regression BackOffice/CLINK - 28718/License/EditAttrbiute' is present&#xD;
&#xD;
2019-09-23 10:56:24 - [TEST_STEP][PASSED] - click(findTestObject("Regression BackOffice/CLINK - 28718/License/EditAttrbiute"), STOP_ON_FAILURE): Object: 'Object Repository/Regression BackOffice/CLINK - 28718/License/EditAttrbiute' is clicked on&#xD;
&#xD;
2019-09-23 10:56:24 - [MESSAGE][PASSED] - Object: 'Object Repository/Regression BackOffice/CLINK - 28718/License/EditAttrbiute' is clicked on&#xD;
&#xD;
2019-09-23 10:56:24 - [TEST_STEP][PASSED] - delay(2): Delayed 2 second(s)&#xD;
&#xD;
2019-09-23 10:56:26 - [MESSAGE][PASSED] - Delayed 2 second(s)&#xD;
&#xD;
2019-09-23 10:56:26 - [TEST_STEP][PASSED] - waitForElementPresent(findTestObject("Regression BackOffice/CLINK - 28718/License/LicenseNro"), 50): Object 'Object Repository/Regression BackOffice/CLINK - 28718/License/LicenseNro' is present&#xD;
&#xD;
2019-09-23 10:56:26 - [MESSAGE][PASSED] - Object 'Object Repository/Regression BackOffice/CLINK - 28718/License/LicenseNro' is present&#xD;
&#xD;
2019-09-23 10:56:26 - [TEST_STEP][PASSED] - setText(findTestObject("Regression BackOffice/CLINK - 28718/License/LicenseNro"), "14"): Text '14' is set on object 'Object Repository/Regression BackOffice/CLINK - 28718/License/LicenseNro'&#xD;
&#xD;
2019-09-23 10:56:26 - [MESSAGE][PASSED] - Text '14' is set on object 'Object Repository/Regression BackOffice/CLINK - 28718/License/LicenseNro'&#xD;
&#xD;
2019-09-23 10:56:26 - [TEST_STEP][PASSED] - delay(2): Delayed 2 second(s)&#xD;
&#xD;
2019-09-23 10:56:28 - [MESSAGE][PASSED] - Delayed 2 second(s)&#xD;
&#xD;
2019-09-23 10:56:28 - [TEST_STEP][PASSED] - waitForElementPresent(findTestObject("Regression BackOffice/CLINK - 28718/License/License Expiration Date"), 50): Object 'Object Repository/Regression BackOffice/CLINK - 28718/License/License Expiration Date' is present&#xD;
&#xD;
2019-09-23 10:56:28 - [MESSAGE][PASSED] - Object 'Object Repository/Regression BackOffice/CLINK - 28718/License/License Expiration Date' is present&#xD;
&#xD;
2019-09-23 10:56:28 - [TEST_STEP][PASSED] - setText(findTestObject("Regression BackOffice/CLINK - 28718/License/License Expiration Date"), getDate.DateUtilities.getDateMonthDayYearNumberwithSlash()): Text '09/23/2019' is set on object 'Object Repository/Regression BackOffice/CLINK - 28718/License/License Expiration Date'&#xD;
&#xD;
2019-09-23 10:56:28 - [MESSAGE][PASSED] - getDate.DateUtilities.getDateMonthDayYearNumberwithSlash is PASSED&#xD;
&#xD;
2019-09-23 10:56:29 - [MESSAGE][PASSED] - Text '09/23/2019' is set on object 'Object Repository/Regression BackOffice/CLINK - 28718/License/License Expiration Date'&#xD;
&#xD;
2019-09-23 10:56:29 - [TEST_STEP][PASSED] - delay(4): Delayed 4 second(s)&#xD;
&#xD;
2019-09-23 10:56:33 - [MESSAGE][PASSED] - Delayed 4 second(s)&#xD;
&#xD;
2019-09-23 10:56:33 - [TEST_STEP][PASSED] - waitForElementPresent(findTestObject("Regression BackOffice/CLINK - 28718/License/State Issued"), 50): Object 'Object Repository/Regression BackOffice/CLINK - 28718/License/State Issued' is present&#xD;
&#xD;
2019-09-23 10:56:33 - [MESSAGE][PASSED] - Object 'Object Repository/Regression BackOffice/CLINK - 28718/License/State Issued' is present&#xD;
&#xD;
2019-09-23 10:56:33 - [TEST_STEP][PASSED] - setText(findTestObject("Regression BackOffice/CLINK - 28718/License/State Issued"), "St"): Text 'St' is set on object 'Object Repository/Regression BackOffice/CLINK - 28718/License/State Issued'&#xD;
&#xD;
2019-09-23 10:56:33 - [MESSAGE][PASSED] - Text 'St' is set on object 'Object Repository/Regression BackOffice/CLINK - 28718/License/State Issued'&#xD;
&#xD;
2019-09-23 10:56:33 - [TEST_STEP][PASSED] - delay(2): Delayed 2 second(s)&#xD;
&#xD;
2019-09-23 10:56:35 - [MESSAGE][PASSED] - Delayed 2 second(s)&#xD;
&#xD;
2019-09-23 10:56:35 - [TEST_STEP][PASSED] - waitForElementPresent(findTestObject("Regression BackOffice/CLINK - 28718/License/License Checked"), 50): Object 'Object Repository/Regression BackOffice/CLINK - 28718/License/License Checked' is present&#xD;
&#xD;
2019-09-23 10:56:35 - [MESSAGE][PASSED] - Object 'Object Repository/Regression BackOffice/CLINK - 28718/License/License Checked' is present&#xD;
&#xD;
2019-09-23 10:56:35 - [TEST_STEP][PASSED] - setText(findTestObject("Regression BackOffice/CLINK - 28718/License/License Checked"), "Isaac"): Text 'Isaac' is set on object 'Object Repository/Regression BackOffice/CLINK - 28718/License/License Checked'&#xD;
&#xD;
2019-09-23 10:56:35 - [MESSAGE][PASSED] - Text 'Isaac' is set on object 'Object Repository/Regression BackOffice/CLINK - 28718/License/License Checked'&#xD;
&#xD;
2019-09-23 10:56:35 - [TEST_STEP][PASSED] - delay(2): Delayed 2 second(s)&#xD;
&#xD;
2019-09-23 10:56:37 - [MESSAGE][PASSED] - Delayed 2 second(s)&#xD;
&#xD;
2019-09-23 10:56:37 - [TEST_STEP][PASSED] - waitForElementPresent(findTestObject("Regression BackOffice/CLINK - 28718/License/License Checked Date"), 50): Object 'Object Repository/Regression BackOffice/CLINK - 28718/License/License Checked Date' is present&#xD;
&#xD;
2019-09-23 10:56:37 - [MESSAGE][PASSED] - Object 'Object Repository/Regression BackOffice/CLINK - 28718/License/License Checked Date' is present&#xD;
&#xD;
2019-09-23 10:56:37 - [TEST_STEP][PASSED] - setText(findTestObject("Regression BackOffice/CLINK - 28718/License/License Checked Date"), getDate.DateUtilities.getDateMonthDayYearNumberwithSlash()): Text '09/23/2019' is set on object 'Object Repository/Regression BackOffice/CLINK - 28718/License/License Checked Date'&#xD;
&#xD;
2019-09-23 10:56:37 - [MESSAGE][PASSED] - getDate.DateUtilities.getDateMonthDayYearNumberwithSlash is PASSED&#xD;
&#xD;
2019-09-23 10:56:37 - [MESSAGE][PASSED] - Text '09/23/2019' is set on object 'Object Repository/Regression BackOffice/CLINK - 28718/License/License Checked Date'&#xD;
&#xD;
2019-09-23 10:56:37 - [TEST_STEP][PASSED] - delay(4): Delayed 4 second(s)&#xD;
&#xD;
2019-09-23 10:56:41 - [MESSAGE][PASSED] - Delayed 4 second(s)&#xD;
&#xD;
2019-09-23 10:56:41 - [TEST_STEP][PASSED] - waitForElementPresent(findTestObject("Regression BackOffice/CLINK - 28718/License/Add To List License"), 50): Object 'Object Repository/Regression BackOffice/CLINK - 28718/License/Add To List License' is present&#xD;
&#xD;
2019-09-23 10:56:41 - [MESSAGE][PASSED] - Object 'Object Repository/Regression BackOffice/CLINK - 28718/License/Add To List License' is present&#xD;
&#xD;
2019-09-23 10:56:41 - [TEST_STEP][PASSED] - click(findTestObject("Regression BackOffice/CLINK - 28718/License/Add To List License"), STOP_ON_FAILURE): Object: 'Object Repository/Regression BackOffice/CLINK - 28718/License/Add To List License' is clicked on&#xD;
&#xD;
2019-09-23 10:56:42 - [MESSAGE][PASSED] - Object: 'Object Repository/Regression BackOffice/CLINK - 28718/License/Add To List License' is clicked on&#xD;
&#xD;
2019-09-23 10:56:42 - [TEST_STEP][PASSED] - delay(3): Delayed 3 second(s)&#xD;
&#xD;
2019-09-23 10:56:45 - [MESSAGE][PASSED] - Delayed 3 second(s)&#xD;
&#xD;
2019-09-23 10:56:45 - [TEST_STEP][PASSED] - switchToDefaultContent(): null&#xD;
&#xD;
2019-09-23 10:56:45 - [TEST_STEP][PASSED] - switchToFrame(findTestObject("Regression BackOffice/CLINK-23444/BannerFrameAtt"), 30): null&#xD;
&#xD;
2019-09-23 10:56:45 - [TEST_STEP][PASSED] - waitForElementPresent(findTestObject("Regression BackOffice/CLINK-23444/Save"), 50): Object 'Object Repository/Regression BackOffice/CLINK-23444/Save' is present&#xD;
&#xD;
2019-09-23 10:56:45 - [MESSAGE][PASSED] - Object 'Object Repository/Regression BackOffice/CLINK-23444/Save' is present&#xD;
&#xD;
2019-09-23 10:56:45 - [TEST_STEP][PASSED] - click(findTestObject("Regression BackOffice/CLINK-23444/Save")): Object: 'Object Repository/Regression BackOffice/CLINK-23444/Save' is clicked on&#xD;
&#xD;
2019-09-23 10:56:46 - [MESSAGE][PASSED] - Object: 'Object Repository/Regression BackOffice/CLINK-23444/Save' is clicked on&#xD;
&#xD;
2019-09-23 10:56:46 - [TEST_STEP][PASSED] - delay(2): Delayed 2 second(s)&#xD;
&#xD;
2019-09-23 10:56:48 - [MESSAGE][PASSED] - Delayed 2 second(s)&#xD;
&#xD;
2019-09-23 10:56:48 - [TEST_STEP][PASSED] - closeBrowser(): Browser is closed&#xD;
&#xD;
2019-09-23 10:56:49 - [MESSAGE][PASSED] - Browser is closed</system-out>
            <system-err></system-err>
        </testcase>
        <testcase name="Test Cases/Regression BackOffice (All Browsers)/CLNK-23447 - Back office Caregiver Demographics" classname="Test Cases/Regression BackOffice (All Browsers)/CLNK-23447 - Back office Caregiver Demographics" status="PASSED">
            <system-out>2019-09-23 10:56:51 - [TEST_CASE][PASSED] - Test Cases/Regression BackOffice (All Browsers)/CLNK-23447 - Back office Caregiver Demographics: Test Cases/Regression BackOffice (All Browsers)/CLNK-23447 - Back office Caregiver Demographics&#xD;
&#xD;
2019-09-23 10:56:51 - [TEST_STEP][PASSED] - callTestCase(findTestCase("Regression BackOffice (All Browsers)/CLNK-23439 - Clink - Back office Client"), [:], STOP_ON_FAILURE): Call Test Case 'Test Cases/Regression BackOffice (All Browsers)/CLNK-23439 - Clink - Back office Client' successfully&#xD;
&#xD;
2019-09-23 10:56:51 - [TEST_CASE][PASSED] - Test Cases/Regression BackOffice (All Browsers)/CLNK-23439 - Clink - Back office Client: Test Cases/Regression BackOffice (All Browsers)/CLNK-23439 - Clink - Back office Client&#xD;
&#xD;
2019-09-23 10:56:51 - [TEST_STEP][PASSED] - deleteAllCookies(): Delete all cookies successfully&#xD;
&#xD;
2019-09-23 10:56:51 - [MESSAGE][WARNING] - Cannot delete cookies because browser is closed&#xD;
&#xD;
2019-09-23 10:56:51 - [MESSAGE][PASSED] - Delete all cookies successfully&#xD;
&#xD;
2019-09-23 10:56:51 - [TEST_STEP][PASSED] - openBrowser(G_SiteBackOffice): Browser is opened with url: 'https://qanewpoc.continulink.com:8443/Backoffice/'&#xD;
&#xD;
2019-09-23 10:56:51 - [MESSAGE][INFO] - Starting 'Chrome' driver&#xD;
&#xD;
2019-09-23 10:56:59 - [MESSAGE][PASSED] - Browser is opened with url: 'https://qanewpoc.continulink.com:8443/Backoffice/'&#xD;
&#xD;
2019-09-23 10:56:59 - [TEST_STEP][PASSED] - waitForPageLoad(60): Wait for page load successfully&#xD;
&#xD;
2019-09-23 10:56:59 - [MESSAGE][PASSED] - Wait for page load successfully&#xD;
&#xD;
2019-09-23 10:56:59 - [TEST_STEP][PASSED] - maximizeWindow(): Current window maximized&#xD;
&#xD;
2019-09-23 10:57:03 - [MESSAGE][PASSED] - Current window maximized&#xD;
&#xD;
2019-09-23 10:57:03 - [TEST_STEP][PASSED] - setText(findTestObject("Regression BackOffice/Login/UserBackOffice"), G_UserBackOffice): Text 'automation_admin' is set on object 'Object Repository/Regression BackOffice/Login/UserBackOffice'&#xD;
&#xD;
2019-09-23 10:57:03 - [MESSAGE][PASSED] - Text 'automation_admin' is set on object 'Object Repository/Regression BackOffice/Login/UserBackOffice'&#xD;
&#xD;
2019-09-23 10:57:03 - [TEST_STEP][PASSED] - setText(findTestObject("Regression BackOffice/Login/PasswordBackOffice"), G_PasswordBackOffice): Text 'qwerty' is set on object 'Object Repository/Regression BackOffice/Login/PasswordBackOffice'&#xD;
&#xD;
2019-09-23 10:57:03 - [MESSAGE][PASSED] - Text 'qwerty' is set on object 'Object Repository/Regression BackOffice/Login/PasswordBackOffice'&#xD;
&#xD;
2019-09-23 10:57:03 - [TEST_STEP][PASSED] - click(findTestObject("Regression BackOffice/Login/LoginBackOffice")): Object: 'Object Repository/Regression BackOffice/Login/LoginBackOffice' is clicked on&#xD;
&#xD;
2019-09-23 10:57:08 - [MESSAGE][PASSED] - Object: 'Object Repository/Regression BackOffice/Login/LoginBackOffice' is clicked on&#xD;
&#xD;
2019-09-23 10:57:08 - [TEST_STEP][PASSED] - waitForPageLoad(60): Wait for page load successfully&#xD;
&#xD;
2019-09-23 10:57:08 - [MESSAGE][PASSED] - Wait for page load successfully&#xD;
&#xD;
2019-09-23 10:57:08 - [TEST_STEP][PASSED] - delay(2): Delayed 2 second(s)&#xD;
&#xD;
2019-09-23 10:57:10 - [MESSAGE][PASSED] - Delayed 2 second(s)&#xD;
&#xD;
2019-09-23 10:57:10 - [TEST_STEP][PASSED] - switchToFrame(findTestObject("Regression BackOffice/CLINK-Frames/FrameFrameLeft"), 5, STOP_ON_FAILURE): null&#xD;
&#xD;
2019-09-23 10:57:10 - [TEST_STEP][PASSED] - delay(2): Delayed 2 second(s)&#xD;
&#xD;
2019-09-23 10:57:12 - [MESSAGE][PASSED] - Delayed 2 second(s)&#xD;
&#xD;
2019-09-23 10:57:12 - [TEST_STEP][PASSED] - waitForElementPresent(findTestObject("Regression BackOffice/CLINK-Frames/ClientIntake"), 50): Object 'Object Repository/Regression BackOffice/CLINK-Frames/ClientIntake' is present&#xD;
&#xD;
2019-09-23 10:57:12 - [MESSAGE][PASSED] - Object 'Object Repository/Regression BackOffice/CLINK-Frames/ClientIntake' is present&#xD;
&#xD;
2019-09-23 10:57:12 - [TEST_STEP][PASSED] - verifyElementPresent(findTestObject("Regression BackOffice/CLINK-Frames/ClientIntake"), 100, STOP_ON_FAILURE): Object 'Object Repository/Regression BackOffice/CLINK-Frames/ClientIntake' is present&#xD;
&#xD;
2019-09-23 10:57:13 - [MESSAGE][PASSED] - Object 'Object Repository/Regression BackOffice/CLINK-Frames/ClientIntake' is present&#xD;
&#xD;
2019-09-23 10:57:13 - [TEST_STEP][PASSED] - switchToDefaultContent(): null&#xD;
&#xD;
2019-09-23 10:57:13 - [MESSAGE][PASSED] - Call Test Case 'Test Cases/Regression BackOffice (All Browsers)/CLNK-23439 - Clink - Back office Client' successfully&#xD;
&#xD;
2019-09-23 10:57:13 - [TEST_STEP][PASSED] - waitForPageLoad(60): Wait for page load successfully&#xD;
&#xD;
2019-09-23 10:57:13 - [MESSAGE][PASSED] - Wait for page load successfully&#xD;
&#xD;
2019-09-23 10:57:13 - [TEST_STEP][PASSED] - delay(3): Delayed 3 second(s)&#xD;
&#xD;
2019-09-23 10:57:16 - [MESSAGE][PASSED] - Delayed 3 second(s)&#xD;
&#xD;
2019-09-23 10:57:16 - [TEST_STEP][PASSED] - switchToFrame(findTestObject("Regression BackOffice/CLNK-23449/FrameLeft"), 30): null&#xD;
&#xD;
2019-09-23 10:57:16 - [TEST_STEP][PASSED] - waitForElementPresent(findTestObject("Regression BackOffice/CLNK-23441/Caregiver  HRLink"), 100): Object 'Object Repository/Regression BackOffice/CLNK-23441/Caregiver  HRLink' is present&#xD;
&#xD;
2019-09-23 10:57:16 - [MESSAGE][PASSED] - Object 'Object Repository/Regression BackOffice/CLNK-23441/Caregiver  HRLink' is present&#xD;
&#xD;
2019-09-23 10:57:16 - [TEST_STEP][PASSED] - click(findTestObject("Regression BackOffice/CLNK-23441/Caregiver  HRLink")): Object: 'Object Repository/Regression BackOffice/CLNK-23441/Caregiver  HRLink' is clicked on&#xD;
&#xD;
2019-09-23 10:57:16 - [MESSAGE][PASSED] - Object: 'Object Repository/Regression BackOffice/CLNK-23441/Caregiver  HRLink' is clicked on&#xD;
&#xD;
2019-09-23 10:57:16 - [TEST_STEP][PASSED] - delay(2): Delayed 2 second(s)&#xD;
&#xD;
2019-09-23 10:57:18 - [MESSAGE][PASSED] - Delayed 2 second(s)&#xD;
&#xD;
2019-09-23 10:57:18 - [TEST_STEP][PASSED] - waitForPageLoad(50): Wait for page load successfully&#xD;
&#xD;
2019-09-23 10:57:18 - [MESSAGE][PASSED] - Wait for page load successfully&#xD;
&#xD;
2019-09-23 10:57:18 - [TEST_STEP][PASSED] - waitForElementPresent(findTestObject("Regression BackOffice/CLINK-23447/Caregiver Demographics"), 50): Object 'Object Repository/Regression BackOffice/CLINK-23447/Caregiver Demographics' is present&#xD;
&#xD;
2019-09-23 10:57:18 - [MESSAGE][PASSED] - Object 'Object Repository/Regression BackOffice/CLINK-23447/Caregiver Demographics' is present&#xD;
&#xD;
2019-09-23 10:57:18 - [TEST_STEP][PASSED] - click(findTestObject("Regression BackOffice/CLINK-23447/Caregiver Demographics")): Object: 'Object Repository/Regression BackOffice/CLINK-23447/Caregiver Demographics' is clicked on&#xD;
&#xD;
2019-09-23 10:57:19 - [MESSAGE][PASSED] - Object: 'Object Repository/Regression BackOffice/CLINK-23447/Caregiver Demographics' is clicked on&#xD;
&#xD;
2019-09-23 10:57:19 - [TEST_STEP][PASSED] - delay(2): Delayed 2 second(s)&#xD;
&#xD;
2019-09-23 10:57:21 - [MESSAGE][PASSED] - Delayed 2 second(s)&#xD;
&#xD;
2019-09-23 10:57:21 - [TEST_STEP][PASSED] - switchToDefaultContent(): null&#xD;
&#xD;
2019-09-23 10:57:21 - [TEST_STEP][PASSED] - switchToFrame(findTestObject("Regression BackOffice/CLNK-23449/FrameMain"), 30): null&#xD;
&#xD;
2019-09-23 10:57:21 - [TEST_STEP][PASSED] - waitForElementPresent(findTestObject("Regression BackOffice/CLNK-10235/FirstNameSearch"), 50): Object 'Object Repository/Regression BackOffice/CLNK-10235/FirstNameSearch' is present&#xD;
&#xD;
2019-09-23 10:57:21 - [MESSAGE][PASSED] - Object 'Object Repository/Regression BackOffice/CLNK-10235/FirstNameSearch' is present&#xD;
&#xD;
2019-09-23 10:57:21 - [TEST_STEP][PASSED] - setText(findTestObject("Regression BackOffice/CLNK-10235/FirstNameSearch"), G_CaregiverFirstName): Text 'Ochenta' is set on object 'Object Repository/Regression BackOffice/CLNK-10235/FirstNameSearch'&#xD;
&#xD;
2019-09-23 10:57:21 - [MESSAGE][PASSED] - Text 'Ochenta' is set on object 'Object Repository/Regression BackOffice/CLNK-10235/FirstNameSearch'&#xD;
&#xD;
2019-09-23 10:57:21 - [TEST_STEP][PASSED] - delay(2): Delayed 2 second(s)&#xD;
&#xD;
2019-09-23 10:57:23 - [MESSAGE][PASSED] - Delayed 2 second(s)&#xD;
&#xD;
2019-09-23 10:57:23 - [TEST_STEP][PASSED] - waitForElementPresent(findTestObject("Regression BackOffice/CLNK-23441/Last NameHR"), 50): Object 'Object Repository/Regression BackOffice/CLNK-23441/Last NameHR' is present&#xD;
&#xD;
2019-09-23 10:57:23 - [MESSAGE][PASSED] - Object 'Object Repository/Regression BackOffice/CLNK-23441/Last NameHR' is present&#xD;
&#xD;
2019-09-23 10:57:23 - [TEST_STEP][PASSED] - setText(findTestObject("Regression BackOffice/CLNK-23441/Last NameHR"), G_CareGiverLastName): Text 'Ochentilla' is set on object 'Object Repository/Regression BackOffice/CLNK-23441/Last NameHR'&#xD;
&#xD;
2019-09-23 10:57:24 - [MESSAGE][PASSED] - Text 'Ochentilla' is set on object 'Object Repository/Regression BackOffice/CLNK-23441/Last NameHR'&#xD;
&#xD;
2019-09-23 10:57:24 - [TEST_STEP][PASSED] - delay(2): Delayed 2 second(s)&#xD;
&#xD;
2019-09-23 10:57:26 - [MESSAGE][PASSED] - Delayed 2 second(s)&#xD;
&#xD;
2019-09-23 10:57:26 - [TEST_STEP][PASSED] - waitForElementPresent(findTestObject("Regression BackOffice/CLNK-23441/CaregiverSearchButton"), 50): Object 'Object Repository/Regression BackOffice/CLNK-23441/CaregiverSearchButton' is present&#xD;
&#xD;
2019-09-23 10:57:26 - [MESSAGE][PASSED] - Object 'Object Repository/Regression BackOffice/CLNK-23441/CaregiverSearchButton' is present&#xD;
&#xD;
2019-09-23 10:57:26 - [TEST_STEP][PASSED] - click(findTestObject("Regression BackOffice/CLNK-23441/CaregiverSearchButton"), STOP_ON_FAILURE): Object: 'Object Repository/Regression BackOffice/CLNK-23441/CaregiverSearchButton' is clicked on&#xD;
&#xD;
2019-09-23 10:57:26 - [MESSAGE][PASSED] - Object: 'Object Repository/Regression BackOffice/CLNK-23441/CaregiverSearchButton' is clicked on&#xD;
&#xD;
2019-09-23 10:57:26 - [TEST_STEP][PASSED] - delay(2): Delayed 2 second(s)&#xD;
&#xD;
2019-09-23 10:57:28 - [MESSAGE][PASSED] - Delayed 2 second(s)&#xD;
&#xD;
2019-09-23 10:57:28 - [TEST_STEP][PASSED] - waitForElementPresent(findTestObject("Regression BackOffice/CLINK-23442/ClientLink"), 50): Object 'Object Repository/Regression BackOffice/CLINK-23442/ClientLink' is present&#xD;
&#xD;
2019-09-23 10:57:28 - [MESSAGE][PASSED] - Object 'Object Repository/Regression BackOffice/CLINK-23442/ClientLink' is present&#xD;
&#xD;
2019-09-23 10:57:28 - [TEST_STEP][PASSED] - click(findTestObject("Regression BackOffice/CLINK-23442/ClientLink"), STOP_ON_FAILURE): Object: 'Object Repository/Regression BackOffice/CLINK-23442/ClientLink' is clicked on&#xD;
&#xD;
2019-09-23 10:57:31 - [MESSAGE][PASSED] - Object: 'Object Repository/Regression BackOffice/CLINK-23442/ClientLink' is clicked on&#xD;
&#xD;
2019-09-23 10:57:31 - [TEST_STEP][PASSED] - delay(2): Delayed 2 second(s)&#xD;
&#xD;
2019-09-23 10:57:33 - [MESSAGE][PASSED] - Delayed 2 second(s)&#xD;
&#xD;
2019-09-23 10:57:33 - [TEST_STEP][PASSED] - waitForPageLoad(0): Wait for page load successfully&#xD;
&#xD;
2019-09-23 10:57:33 - [MESSAGE][WARNING] - Timeout '0' is invalid. Using default page load timeout: '30'&#xD;
&#xD;
2019-09-23 10:57:33 - [MESSAGE][PASSED] - Wait for page load successfully&#xD;
&#xD;
2019-09-23 10:57:33 - [TEST_STEP][PASSED] - waitForElementPresent(findTestObject("Regression BackOffice/CLINK-23447/DateSent"), 50): Object 'Object Repository/Regression BackOffice/CLINK-23447/DateSent' is present&#xD;
&#xD;
2019-09-23 10:57:33 - [MESSAGE][PASSED] - Object 'Object Repository/Regression BackOffice/CLINK-23447/DateSent' is present&#xD;
&#xD;
2019-09-23 10:57:33 - [TEST_STEP][PASSED] - setText(findTestObject("Regression BackOffice/CLINK-23447/DateSent"), getDate.DateUtilities.getDateMonthDayYearNumberwithSlash()): Text '09/23/2019' is set on object 'Object Repository/Regression BackOffice/CLINK-23447/DateSent'&#xD;
&#xD;
2019-09-23 10:57:33 - [MESSAGE][PASSED] - getDate.DateUtilities.getDateMonthDayYearNumberwithSlash is PASSED&#xD;
&#xD;
2019-09-23 10:57:34 - [MESSAGE][PASSED] - Text '09/23/2019' is set on object 'Object Repository/Regression BackOffice/CLINK-23447/DateSent'&#xD;
&#xD;
2019-09-23 10:57:34 - [TEST_STEP][PASSED] - delay(4): Delayed 4 second(s)&#xD;
&#xD;
2019-09-23 10:57:38 - [MESSAGE][PASSED] - Delayed 4 second(s)&#xD;
&#xD;
2019-09-23 10:57:38 - [TEST_STEP][PASSED] - waitForElementPresent(findTestObject("Regression BackOffice/CLINK-23447/DateReceived"), 50): Object 'Object Repository/Regression BackOffice/CLINK-23447/DateReceived' is present&#xD;
&#xD;
2019-09-23 10:57:38 - [MESSAGE][PASSED] - Object 'Object Repository/Regression BackOffice/CLINK-23447/DateReceived' is present&#xD;
&#xD;
2019-09-23 10:57:38 - [TEST_STEP][PASSED] - setText(findTestObject("Regression BackOffice/CLINK-23447/DateReceived"), getDate.DateUtilities.getDateMonthDayYearNumberwithSlash()): Text '09/23/2019' is set on object 'Object Repository/Regression BackOffice/CLINK-23447/DateReceived'&#xD;
&#xD;
2019-09-23 10:57:38 - [MESSAGE][PASSED] - getDate.DateUtilities.getDateMonthDayYearNumberwithSlash is PASSED&#xD;
&#xD;
2019-09-23 10:57:38 - [MESSAGE][PASSED] - Text '09/23/2019' is set on object 'Object Repository/Regression BackOffice/CLINK-23447/DateReceived'&#xD;
&#xD;
2019-09-23 10:57:38 - [TEST_STEP][PASSED] - delay(4): Delayed 4 second(s)&#xD;
&#xD;
2019-09-23 10:57:42 - [MESSAGE][PASSED] - Delayed 4 second(s)&#xD;
&#xD;
2019-09-23 10:57:42 - [TEST_STEP][PASSED] - waitForElementPresent(findTestObject("Regression BackOffice/CLINK-23447/CheckCompletedDate"), 50): Object 'Object Repository/Regression BackOffice/CLINK-23447/CheckCompletedDate' is present&#xD;
&#xD;
2019-09-23 10:57:42 - [MESSAGE][PASSED] - Object 'Object Repository/Regression BackOffice/CLINK-23447/CheckCompletedDate' is present&#xD;
&#xD;
2019-09-23 10:57:42 - [TEST_STEP][PASSED] - setText(findTestObject("Regression BackOffice/CLINK-23447/CheckCompletedDate"), getDate.DateUtilities.getDateMonthDayYearNumberwithSlash()): Text '09/23/2019' is set on object 'Object Repository/Regression BackOffice/CLINK-23447/CheckCompletedDate'&#xD;
&#xD;
2019-09-23 10:57:42 - [MESSAGE][PASSED] - getDate.DateUtilities.getDateMonthDayYearNumberwithSlash is PASSED&#xD;
&#xD;
2019-09-23 10:57:43 - [MESSAGE][PASSED] - Text '09/23/2019' is set on object 'Object Repository/Regression BackOffice/CLINK-23447/CheckCompletedDate'&#xD;
&#xD;
2019-09-23 10:57:43 - [TEST_STEP][PASSED] - delay(4): Delayed 4 second(s)&#xD;
&#xD;
2019-09-23 10:57:47 - [MESSAGE][PASSED] - Delayed 4 second(s)&#xD;
&#xD;
2019-09-23 10:57:47 - [TEST_STEP][PASSED] - switchToDefaultContent(): null&#xD;
&#xD;
2019-09-23 10:57:47 - [TEST_STEP][PASSED] - switchToFrame(findTestObject("Regression BackOffice/CLINK-23444/BannerFrameAtt"), 30): null&#xD;
&#xD;
2019-09-23 10:57:47 - [TEST_STEP][PASSED] - waitForElementPresent(findTestObject("Regression BackOffice/CLINK-23446/SaveButton"), 50): Object 'Object Repository/Regression BackOffice/CLINK-23446/SaveButton' is present&#xD;
&#xD;
2019-09-23 10:57:47 - [MESSAGE][PASSED] - Object 'Object Repository/Regression BackOffice/CLINK-23446/SaveButton' is present&#xD;
&#xD;
2019-09-23 10:57:47 - [TEST_STEP][PASSED] - click(findTestObject("Regression BackOffice/CLINK-23446/SaveButton")): Object: 'Object Repository/Regression BackOffice/CLINK-23446/SaveButton' is clicked on&#xD;
&#xD;
2019-09-23 10:57:50 - [MESSAGE][PASSED] - Object: 'Object Repository/Regression BackOffice/CLINK-23446/SaveButton' is clicked on&#xD;
&#xD;
2019-09-23 10:57:50 - [TEST_STEP][PASSED] - delay(2): Delayed 2 second(s)&#xD;
&#xD;
2019-09-23 10:57:52 - [MESSAGE][PASSED] - Delayed 2 second(s)&#xD;
&#xD;
2019-09-23 10:57:52 - [TEST_STEP][PASSED] - closeBrowser(): Browser is closed&#xD;
&#xD;
2019-09-23 10:57:53 - [MESSAGE][PASSED] - Browser is closed</system-out>
            <system-err></system-err>
        </testcase>
        <testcase name="Test Cases/Regression BackOffice (All Browsers)/CLNK-10235 - Enter a Need from Schedule Block" classname="Test Cases/Regression BackOffice (All Browsers)/CLNK-10235 - Enter a Need from Schedule Block" status="PASSED">
            <system-out>2019-09-23 10:57:55 - [TEST_CASE][PASSED] - Test Cases/Regression BackOffice (All Browsers)/CLNK-10235 - Enter a Need from Schedule Block: Test Cases/Regression BackOffice (All Browsers)/CLNK-10235 - Enter a Need from Schedule Block&#xD;
&#xD;
2019-09-23 10:57:55 - [TEST_STEP][PASSED] - callTestCase(findTestCase("Regression BackOffice (All Browsers)/CLNK-23439 - Clink - Back office Client"), [:], STOP_ON_FAILURE): Call Test Case 'Test Cases/Regression BackOffice (All Browsers)/CLNK-23439 - Clink - Back office Client' successfully&#xD;
&#xD;
2019-09-23 10:57:55 - [TEST_CASE][PASSED] - Test Cases/Regression BackOffice (All Browsers)/CLNK-23439 - Clink - Back office Client: Test Cases/Regression BackOffice (All Browsers)/CLNK-23439 - Clink - Back office Client&#xD;
&#xD;
2019-09-23 10:57:55 - [TEST_STEP][PASSED] - deleteAllCookies(): Delete all cookies successfully&#xD;
&#xD;
2019-09-23 10:57:55 - [MESSAGE][WARNING] - Cannot delete cookies because browser is closed&#xD;
&#xD;
2019-09-23 10:57:55 - [MESSAGE][PASSED] - Delete all cookies successfully&#xD;
&#xD;
2019-09-23 10:57:55 - [TEST_STEP][PASSED] - openBrowser(G_SiteBackOffice): Browser is opened with url: 'https://qanewpoc.continulink.com:8443/Backoffice/'&#xD;
&#xD;
2019-09-23 10:57:55 - [MESSAGE][INFO] - Starting 'Chrome' driver&#xD;
&#xD;
2019-09-23 10:58:03 - [MESSAGE][PASSED] - Browser is opened with url: 'https://qanewpoc.continulink.com:8443/Backoffice/'&#xD;
&#xD;
2019-09-23 10:58:03 - [TEST_STEP][PASSED] - waitForPageLoad(60): Wait for page load successfully&#xD;
&#xD;
2019-09-23 10:58:03 - [MESSAGE][PASSED] - Wait for page load successfully&#xD;
&#xD;
2019-09-23 10:58:03 - [TEST_STEP][PASSED] - maximizeWindow(): Current window maximized&#xD;
&#xD;
2019-09-23 10:58:07 - [MESSAGE][PASSED] - Current window maximized&#xD;
&#xD;
2019-09-23 10:58:07 - [TEST_STEP][PASSED] - setText(findTestObject("Regression BackOffice/Login/UserBackOffice"), G_UserBackOffice): Text 'automation_admin' is set on object 'Object Repository/Regression BackOffice/Login/UserBackOffice'&#xD;
&#xD;
2019-09-23 10:58:07 - [MESSAGE][PASSED] - Text 'automation_admin' is set on object 'Object Repository/Regression BackOffice/Login/UserBackOffice'&#xD;
&#xD;
2019-09-23 10:58:07 - [TEST_STEP][PASSED] - setText(findTestObject("Regression BackOffice/Login/PasswordBackOffice"), G_PasswordBackOffice): Text 'qwerty' is set on object 'Object Repository/Regression BackOffice/Login/PasswordBackOffice'&#xD;
&#xD;
2019-09-23 10:58:07 - [MESSAGE][PASSED] - Text 'qwerty' is set on object 'Object Repository/Regression BackOffice/Login/PasswordBackOffice'&#xD;
&#xD;
2019-09-23 10:58:07 - [TEST_STEP][PASSED] - click(findTestObject("Regression BackOffice/Login/LoginBackOffice")): Object: 'Object Repository/Regression BackOffice/Login/LoginBackOffice' is clicked on&#xD;
&#xD;
2019-09-23 10:58:12 - [MESSAGE][PASSED] - Object: 'Object Repository/Regression BackOffice/Login/LoginBackOffice' is clicked on&#xD;
&#xD;
2019-09-23 10:58:12 - [TEST_STEP][PASSED] - waitForPageLoad(60): Wait for page load successfully&#xD;
&#xD;
2019-09-23 10:58:12 - [MESSAGE][PASSED] - Wait for page load successfully&#xD;
&#xD;
2019-09-23 10:58:12 - [TEST_STEP][PASSED] - delay(2): Delayed 2 second(s)&#xD;
&#xD;
2019-09-23 10:58:14 - [MESSAGE][PASSED] - Delayed 2 second(s)&#xD;
&#xD;
2019-09-23 10:58:14 - [TEST_STEP][PASSED] - switchToFrame(findTestObject("Regression BackOffice/CLINK-Frames/FrameFrameLeft"), 5, STOP_ON_FAILURE): null&#xD;
&#xD;
2019-09-23 10:58:14 - [TEST_STEP][PASSED] - delay(2): Delayed 2 second(s)&#xD;
&#xD;
2019-09-23 10:58:16 - [MESSAGE][PASSED] - Delayed 2 second(s)&#xD;
&#xD;
2019-09-23 10:58:16 - [TEST_STEP][PASSED] - waitForElementPresent(findTestObject("Regression BackOffice/CLINK-Frames/ClientIntake"), 50): Object 'Object Repository/Regression BackOffice/CLINK-Frames/ClientIntake' is present&#xD;
&#xD;
2019-09-23 10:58:16 - [MESSAGE][PASSED] - Object 'Object Repository/Regression BackOffice/CLINK-Frames/ClientIntake' is present&#xD;
&#xD;
2019-09-23 10:58:16 - [TEST_STEP][PASSED] - verifyElementPresent(findTestObject("Regression BackOffice/CLINK-Frames/ClientIntake"), 100, STOP_ON_FAILURE): Object 'Object Repository/Regression BackOffice/CLINK-Frames/ClientIntake' is present&#xD;
&#xD;
2019-09-23 10:58:16 - [MESSAGE][PASSED] - Object 'Object Repository/Regression BackOffice/CLINK-Frames/ClientIntake' is present&#xD;
&#xD;
2019-09-23 10:58:16 - [TEST_STEP][PASSED] - switchToDefaultContent(): null&#xD;
&#xD;
2019-09-23 10:58:16 - [MESSAGE][PASSED] - Call Test Case 'Test Cases/Regression BackOffice (All Browsers)/CLNK-23439 - Clink - Back office Client' successfully&#xD;
&#xD;
2019-09-23 10:58:16 - [TEST_STEP][PASSED] - waitForPageLoad(60): Wait for page load successfully&#xD;
&#xD;
2019-09-23 10:58:16 - [MESSAGE][PASSED] - Wait for page load successfully&#xD;
&#xD;
2019-09-23 10:58:16 - [TEST_STEP][PASSED] - delay(3): Delayed 3 second(s)&#xD;
&#xD;
2019-09-23 10:58:19 - [MESSAGE][PASSED] - Delayed 3 second(s)&#xD;
&#xD;
2019-09-23 10:58:19 - [TEST_STEP][PASSED] - switchToFrame(findTestObject("Regression BackOffice/CLNK-23449/FrameLeft"), 30): null&#xD;
&#xD;
2019-09-23 10:58:20 - [TEST_STEP][PASSED] - waitForElementPresent(findTestObject("Regression BackOffice/CLNK-23449/ClienIntakeICon"), 100): Object 'Object Repository/Regression BackOffice/CLNK-23449/ClienIntakeICon' is present&#xD;
&#xD;
2019-09-23 10:58:20 - [MESSAGE][PASSED] - Object 'Object Repository/Regression BackOffice/CLNK-23449/ClienIntakeICon' is present&#xD;
&#xD;
2019-09-23 10:58:20 - [TEST_STEP][PASSED] - click(findTestObject("Regression BackOffice/CLNK-23449/ClienIntakeICon")): Object: 'Object Repository/Regression BackOffice/CLNK-23449/ClienIntakeICon' is clicked on&#xD;
&#xD;
2019-09-23 10:58:20 - [MESSAGE][PASSED] - Object: 'Object Repository/Regression BackOffice/CLNK-23449/ClienIntakeICon' is clicked on&#xD;
&#xD;
2019-09-23 10:58:20 - [TEST_STEP][PASSED] - delay(2): Delayed 2 second(s)&#xD;
&#xD;
2019-09-23 10:58:22 - [MESSAGE][PASSED] - Delayed 2 second(s)&#xD;
&#xD;
2019-09-23 10:58:22 - [TEST_STEP][PASSED] - waitForPageLoad(50): Wait for page load successfully&#xD;
&#xD;
2019-09-23 10:58:22 - [MESSAGE][PASSED] - Wait for page load successfully&#xD;
&#xD;
2019-09-23 10:58:22 - [TEST_STEP][PASSED] - waitForElementPresent(findTestObject("Regression BackOffice/CLNK-10235/SearchforaClient"), 50): Object 'Object Repository/Regression BackOffice/CLNK-10235/SearchforaClient' is present&#xD;
&#xD;
2019-09-23 10:58:22 - [MESSAGE][PASSED] - Object 'Object Repository/Regression BackOffice/CLNK-10235/SearchforaClient' is present&#xD;
&#xD;
2019-09-23 10:58:22 - [TEST_STEP][PASSED] - click(findTestObject("Regression BackOffice/CLNK-10235/SearchforaClient")): Object: 'Object Repository/Regression BackOffice/CLNK-10235/SearchforaClient' is clicked on&#xD;
&#xD;
2019-09-23 10:58:23 - [MESSAGE][PASSED] - Object: 'Object Repository/Regression BackOffice/CLNK-10235/SearchforaClient' is clicked on&#xD;
&#xD;
2019-09-23 10:58:23 - [TEST_STEP][PASSED] - delay(2): Delayed 2 second(s)&#xD;
&#xD;
2019-09-23 10:58:25 - [MESSAGE][PASSED] - Delayed 2 second(s)&#xD;
&#xD;
2019-09-23 10:58:25 - [TEST_STEP][PASSED] - switchToDefaultContent(): null&#xD;
&#xD;
2019-09-23 10:58:25 - [TEST_STEP][PASSED] - switchToFrame(findTestObject("Regression BackOffice/CLNK-23449/FrameMain"), 30): null&#xD;
&#xD;
2019-09-23 10:58:25 - [TEST_STEP][PASSED] - waitForElementPresent(findTestObject("Regression BackOffice/CLNK-10235/FirstNameSearch"), 50): Object 'Object Repository/Regression BackOffice/CLNK-10235/FirstNameSearch' is present&#xD;
&#xD;
2019-09-23 10:58:25 - [MESSAGE][PASSED] - Object 'Object Repository/Regression BackOffice/CLNK-10235/FirstNameSearch' is present&#xD;
&#xD;
2019-09-23 10:58:25 - [TEST_STEP][PASSED] - setText(findTestObject("Regression BackOffice/CLNK-10235/FirstNameSearch"), G_ClientFirstName): Text 'Danielo' is set on object 'Object Repository/Regression BackOffice/CLNK-10235/FirstNameSearch'&#xD;
&#xD;
2019-09-23 10:58:25 - [MESSAGE][PASSED] - Text 'Danielo' is set on object 'Object Repository/Regression BackOffice/CLNK-10235/FirstNameSearch'&#xD;
&#xD;
2019-09-23 10:58:25 - [TEST_STEP][PASSED] - delay(2): Delayed 2 second(s)&#xD;
&#xD;
2019-09-23 10:58:27 - [MESSAGE][PASSED] - Delayed 2 second(s)&#xD;
&#xD;
2019-09-23 10:58:27 - [TEST_STEP][PASSED] - waitForElementPresent(findTestObject("Regression BackOffice/CLNK-10235/LastNameSearch"), 50): Object 'Object Repository/Regression BackOffice/CLNK-10235/LastNameSearch' is present&#xD;
&#xD;
2019-09-23 10:58:27 - [MESSAGE][PASSED] - Object 'Object Repository/Regression BackOffice/CLNK-10235/LastNameSearch' is present&#xD;
&#xD;
2019-09-23 10:58:27 - [TEST_STEP][PASSED] - setText(findTestObject("Regression BackOffice/CLNK-10235/LastNameSearch"), G_ClientLastName): Text 'Danielisky' is set on object 'Object Repository/Regression BackOffice/CLNK-10235/LastNameSearch'&#xD;
&#xD;
2019-09-23 10:58:28 - [MESSAGE][PASSED] - Text 'Danielisky' is set on object 'Object Repository/Regression BackOffice/CLNK-10235/LastNameSearch'&#xD;
&#xD;
2019-09-23 10:58:28 - [TEST_STEP][PASSED] - delay(2): Delayed 2 second(s)&#xD;
&#xD;
2019-09-23 10:58:30 - [MESSAGE][PASSED] - Delayed 2 second(s)&#xD;
&#xD;
2019-09-23 10:58:30 - [TEST_STEP][PASSED] - waitForElementPresent(findTestObject("Regression BackOffice/CLINK - 27906/SearchButton"), 50): Object 'Object Repository/Regression BackOffice/CLINK - 27906/SearchButton' is present&#xD;
&#xD;
2019-09-23 10:58:30 - [MESSAGE][PASSED] - Object 'Object Repository/Regression BackOffice/CLINK - 27906/SearchButton' is present&#xD;
&#xD;
2019-09-23 10:58:30 - [TEST_STEP][PASSED] - click(findTestObject("Regression BackOffice/CLINK - 27906/SearchButton"), STOP_ON_FAILURE): Object: 'Object Repository/Regression BackOffice/CLINK - 27906/SearchButton' is clicked on&#xD;
&#xD;
2019-09-23 10:58:30 - [MESSAGE][PASSED] - Object: 'Object Repository/Regression BackOffice/CLINK - 27906/SearchButton' is clicked on&#xD;
&#xD;
2019-09-23 10:58:30 - [TEST_STEP][PASSED] - delay(2): Delayed 2 second(s)&#xD;
&#xD;
2019-09-23 10:58:32 - [MESSAGE][PASSED] - Delayed 2 second(s)&#xD;
&#xD;
2019-09-23 10:58:32 - [TEST_STEP][PASSED] - waitForElementPresent(findTestObject("Regression BackOffice/CLINK - 27906/ClientRollbackLink"), 50): Object 'Object Repository/Regression BackOffice/CLINK - 27906/ClientRollbackLink' is present&#xD;
&#xD;
2019-09-23 10:58:32 - [MESSAGE][PASSED] - Object 'Object Repository/Regression BackOffice/CLINK - 27906/ClientRollbackLink' is present&#xD;
&#xD;
2019-09-23 10:58:32 - [TEST_STEP][PASSED] - click(findTestObject("Regression BackOffice/CLINK - 27906/ClientRollbackLink"), STOP_ON_FAILURE): Object: 'Object Repository/Regression BackOffice/CLINK - 27906/ClientRollbackLink' is clicked on&#xD;
&#xD;
2019-09-23 10:58:35 - [MESSAGE][PASSED] - Object: 'Object Repository/Regression BackOffice/CLINK - 27906/ClientRollbackLink' is clicked on&#xD;
&#xD;
2019-09-23 10:58:35 - [TEST_STEP][PASSED] - delay(2): Delayed 2 second(s)&#xD;
&#xD;
2019-09-23 10:58:37 - [MESSAGE][PASSED] - Delayed 2 second(s)&#xD;
&#xD;
2019-09-23 10:58:37 - [TEST_STEP][PASSED] - switchToDefaultContent(): null&#xD;
&#xD;
2019-09-23 10:58:37 - [TEST_STEP][PASSED] - switchToFrame(findTestObject("Regression BackOffice/CLNK-23449/FrameLeft"), 30): null&#xD;
&#xD;
2019-09-23 10:58:37 - [TEST_STEP][PASSED] - waitForElementPresent(findTestObject("Regression BackOffice/CLNK-10235/Puntitos"), 50): Object 'Object Repository/Regression BackOffice/CLNK-10235/Puntitos' is present&#xD;
&#xD;
2019-09-23 10:58:37 - [MESSAGE][PASSED] - Object 'Object Repository/Regression BackOffice/CLNK-10235/Puntitos' is present&#xD;
&#xD;
2019-09-23 10:58:37 - [TEST_STEP][PASSED] - click(findTestObject("Regression BackOffice/CLNK-10235/Puntitos"), STOP_ON_FAILURE): Object: 'Object Repository/Regression BackOffice/CLNK-10235/Puntitos' is clicked on&#xD;
&#xD;
2019-09-23 10:58:38 - [MESSAGE][PASSED] - Object: 'Object Repository/Regression BackOffice/CLNK-10235/Puntitos' is clicked on&#xD;
&#xD;
2019-09-23 10:58:38 - [TEST_STEP][PASSED] - delay(2): Delayed 2 second(s)&#xD;
&#xD;
2019-09-23 10:58:40 - [MESSAGE][PASSED] - Delayed 2 second(s)&#xD;
&#xD;
2019-09-23 10:58:40 - [TEST_STEP][PASSED] - waitForPageLoad(50): Wait for page load successfully&#xD;
&#xD;
2019-09-23 10:58:40 - [MESSAGE][PASSED] - Wait for page load successfully&#xD;
&#xD;
2019-09-23 10:58:40 - [TEST_STEP][PASSED] - waitForElementPresent(findTestObject("Regression BackOffice/CLNK-10235/ClientIntakeClose"), 100): Object 'Object Repository/Regression BackOffice/CLNK-10235/ClientIntakeClose' is present&#xD;
&#xD;
2019-09-23 10:58:40 - [MESSAGE][PASSED] - Object 'Object Repository/Regression BackOffice/CLNK-10235/ClientIntakeClose' is present&#xD;
&#xD;
2019-09-23 10:58:40 - [TEST_STEP][PASSED] - click(findTestObject("Regression BackOffice/CLNK-10235/ClientIntakeClose")): Object: 'Object Repository/Regression BackOffice/CLNK-10235/ClientIntakeClose' is clicked on&#xD;
&#xD;
2019-09-23 10:58:40 - [MESSAGE][PASSED] - Object: 'Object Repository/Regression BackOffice/CLNK-10235/ClientIntakeClose' is clicked on&#xD;
&#xD;
2019-09-23 10:58:40 - [TEST_STEP][PASSED] - delay(2): Delayed 2 second(s)&#xD;
&#xD;
2019-09-23 10:58:42 - [MESSAGE][PASSED] - Delayed 2 second(s)&#xD;
&#xD;
2019-09-23 10:58:42 - [TEST_STEP][PASSED] - waitForElementPresent(findTestObject("Regression BackOffice/CLNK-10235/ScheduleIcon"), 100): Object 'Object Repository/Regression BackOffice/CLNK-10235/ScheduleIcon' is present&#xD;
&#xD;
2019-09-23 10:58:42 - [MESSAGE][PASSED] - Object 'Object Repository/Regression BackOffice/CLNK-10235/ScheduleIcon' is present&#xD;
&#xD;
2019-09-23 10:58:42 - [TEST_STEP][PASSED] - click(findTestObject("Regression BackOffice/CLNK-10235/ScheduleIcon")): Object: 'Object Repository/Regression BackOffice/CLNK-10235/ScheduleIcon' is clicked on&#xD;
&#xD;
2019-09-23 10:58:42 - [MESSAGE][PASSED] - Object: 'Object Repository/Regression BackOffice/CLNK-10235/ScheduleIcon' is clicked on&#xD;
&#xD;
2019-09-23 10:58:42 - [TEST_STEP][PASSED] - delay(2): Delayed 2 second(s)&#xD;
&#xD;
2019-09-23 10:58:44 - [MESSAGE][PASSED] - Delayed 2 second(s)&#xD;
&#xD;
2019-09-23 10:58:44 - [TEST_STEP][PASSED] - waitForElementPresent(findTestObject("Regression BackOffice/CLNK-10235/EnterNeeds"), 100): Object 'Object Repository/Regression BackOffice/CLNK-10235/EnterNeeds' is present&#xD;
&#xD;
2019-09-23 10:58:44 - [MESSAGE][PASSED] - Object 'Object Repository/Regression BackOffice/CLNK-10235/EnterNeeds' is present&#xD;
&#xD;
2019-09-23 10:58:44 - [TEST_STEP][PASSED] - click(findTestObject("Regression BackOffice/CLNK-10235/EnterNeeds")): Object: 'Object Repository/Regression BackOffice/CLNK-10235/EnterNeeds' is clicked on&#xD;
&#xD;
2019-09-23 10:58:47 - [MESSAGE][PASSED] - Object: 'Object Repository/Regression BackOffice/CLNK-10235/EnterNeeds' is clicked on&#xD;
&#xD;
2019-09-23 10:58:47 - [TEST_STEP][PASSED] - delay(2): Delayed 2 second(s)&#xD;
&#xD;
2019-09-23 10:58:49 - [MESSAGE][PASSED] - Delayed 2 second(s)&#xD;
&#xD;
2019-09-23 10:58:49 - [TEST_STEP][PASSED] - switchToDefaultContent(): null&#xD;
&#xD;
2019-09-23 10:58:49 - [TEST_STEP][PASSED] - switchToFrame(findTestObject("Regression BackOffice/CLNK-23449/FrameMain"), 30): null&#xD;
&#xD;
2019-09-23 10:58:49 - [TEST_STEP][PASSED] - delay(3): Delayed 3 second(s)&#xD;
&#xD;
2019-09-23 10:58:52 - [MESSAGE][PASSED] - Delayed 3 second(s)&#xD;
&#xD;
2019-09-23 10:58:52 - [TEST_STEP][PASSED] - waitForElementPresent(findTestObject("Regression BackOffice/CLNK-10235/Client NameSearchNeeds"), 100): Object 'Object Repository/Regression BackOffice/CLNK-10235/Client NameSearchNeeds' is present&#xD;
&#xD;
2019-09-23 10:58:52 - [MESSAGE][PASSED] - Object 'Object Repository/Regression BackOffice/CLNK-10235/Client NameSearchNeeds' is present&#xD;
&#xD;
2019-09-23 10:58:52 - [TEST_STEP][PASSED] - setText(findTestObject("Regression BackOffice/CLNK-10235/Client NameSearchNeeds"), G_ClientLastName): Text 'Danielisky' is set on object 'Object Repository/Regression BackOffice/CLNK-10235/Client NameSearchNeeds'&#xD;
&#xD;
2019-09-23 10:58:52 - [MESSAGE][PASSED] - Text 'Danielisky' is set on object 'Object Repository/Regression BackOffice/CLNK-10235/Client NameSearchNeeds'&#xD;
&#xD;
2019-09-23 10:58:52 - [TEST_STEP][PASSED] - delay(2): Delayed 2 second(s)&#xD;
&#xD;
2019-09-23 10:58:54 - [MESSAGE][PASSED] - Delayed 2 second(s)&#xD;
&#xD;
2019-09-23 10:58:54 - [TEST_STEP][PASSED] - sendKeys(findTestObject("Regression BackOffice/CLNK-10235/Client NameSearchNeeds"), Keys.chord(ARROW_RIGHT, ARROW_DOWN, ENTER)): Keys 'RIGHT + DOWN + ENTER + ' sent to object: 'Object Repository/Regression BackOffice/CLNK-10235/Client NameSearchNeeds'&#xD;
&#xD;
2019-09-23 10:58:54 - [MESSAGE][PASSED] - Keys 'RIGHT + DOWN + ENTER + ' sent to object: 'Object Repository/Regression BackOffice/CLNK-10235/Client NameSearchNeeds'&#xD;
&#xD;
2019-09-23 10:58:54 - [TEST_STEP][PASSED] - delay(2): Delayed 2 second(s)&#xD;
&#xD;
2019-09-23 10:58:56 - [MESSAGE][PASSED] - Delayed 2 second(s)&#xD;
&#xD;
2019-09-23 10:58:56 - [TEST_STEP][NOT_RUN] - waitForElementPresent(findTestObject("Regression BackOffice/CLNK-10235/ScheduleAssessmentCode"), 100): NOT_RUN: waitForElementPresent(findTestObject("Regression BackOffice/CLNK-10235/ScheduleAssessmentCode"), 100)&#xD;
&#xD;
2019-09-23 10:58:56 - [MESSAGE][NOT_RUN] - NOT_RUN: waitForElementPresent(findTestObject("Regression BackOffice/CLNK-10235/ScheduleAssessmentCode"), 100)&#xD;
&#xD;
2019-09-23 10:58:56 - [TEST_STEP][NOT_RUN] - click(findTestObject("Regression BackOffice/CLNK-10235/ScheduleAssessmentCode")): NOT_RUN: click(findTestObject("Regression BackOffice/CLNK-10235/ScheduleAssessmentCode"))&#xD;
&#xD;
2019-09-23 10:58:56 - [MESSAGE][NOT_RUN] - NOT_RUN: click(findTestObject("Regression BackOffice/CLNK-10235/ScheduleAssessmentCode"))&#xD;
&#xD;
2019-09-23 10:58:56 - [TEST_STEP][NOT_RUN] - delay(2): NOT_RUN: delay(2)&#xD;
&#xD;
2019-09-23 10:58:56 - [MESSAGE][NOT_RUN] - NOT_RUN: delay(2)&#xD;
&#xD;
2019-09-23 10:58:56 - [TEST_STEP][PASSED] - waitForElementPresent(findTestObject("Regression BackOffice/CLNK-10235/ServiceTypeList"), 100): Object 'Object Repository/Regression BackOffice/CLNK-10235/ServiceTypeList' is present&#xD;
&#xD;
2019-09-23 10:58:56 - [MESSAGE][PASSED] - Object 'Object Repository/Regression BackOffice/CLNK-10235/ServiceTypeList' is present&#xD;
&#xD;
2019-09-23 10:58:56 - [TEST_STEP][PASSED] - click(findTestObject("Regression BackOffice/CLNK-10235/ServiceTypeList")): Object: 'Object Repository/Regression BackOffice/CLNK-10235/ServiceTypeList' is clicked on&#xD;
&#xD;
2019-09-23 10:58:56 - [MESSAGE][PASSED] - Object: 'Object Repository/Regression BackOffice/CLNK-10235/ServiceTypeList' is clicked on&#xD;
&#xD;
2019-09-23 10:58:56 - [TEST_STEP][PASSED] - sendKeys(findTestObject("Regression BackOffice/CLNK-10235/ServiceTypeList"), Keys.chord(ARROW_DOWN, ENTER)): Keys 'DOWN + ENTER + ' sent to object: 'Object Repository/Regression BackOffice/CLNK-10235/ServiceTypeList'&#xD;
&#xD;
2019-09-23 10:58:57 - [MESSAGE][PASSED] - Keys 'DOWN + ENTER + ' sent to object: 'Object Repository/Regression BackOffice/CLNK-10235/ServiceTypeList'&#xD;
&#xD;
2019-09-23 10:58:57 - [TEST_STEP][PASSED] - delay(2): Delayed 2 second(s)&#xD;
&#xD;
2019-09-23 10:58:59 - [MESSAGE][PASSED] - Delayed 2 second(s)&#xD;
&#xD;
2019-09-23 10:58:59 - [TEST_STEP][PASSED] - scrollToElement(findTestObject("Regression BackOffice/CLNK-10235/StartTime"), 10): Scroll to object 'Object Repository/Regression BackOffice/CLNK-10235/StartTime' successfully&#xD;
&#xD;
2019-09-23 10:58:59 - [MESSAGE][PASSED] - Scroll to object 'Object Repository/Regression BackOffice/CLNK-10235/StartTime' successfully&#xD;
&#xD;
2019-09-23 10:58:59 - [TEST_STEP][PASSED] - waitForElementPresent(findTestObject("Regression BackOffice/CLNK-10235/StartTime"), 100): Object 'Object Repository/Regression BackOffice/CLNK-10235/StartTime' is present&#xD;
&#xD;
2019-09-23 10:58:59 - [MESSAGE][PASSED] - Object 'Object Repository/Regression BackOffice/CLNK-10235/StartTime' is present&#xD;
&#xD;
2019-09-23 10:58:59 - [TEST_STEP][PASSED] - click(findTestObject("Regression BackOffice/CLNK-10235/StartTime")): Object: 'Object Repository/Regression BackOffice/CLNK-10235/StartTime' is clicked on&#xD;
&#xD;
2019-09-23 10:58:59 - [MESSAGE][PASSED] - Object: 'Object Repository/Regression BackOffice/CLNK-10235/StartTime' is clicked on&#xD;
&#xD;
2019-09-23 10:58:59 - [TEST_STEP][PASSED] - sendKeys(findTestObject("Regression BackOffice/CLNK-10235/StartTime"), G_StartTime): Keys '1200' sent to object: 'Object Repository/Regression BackOffice/CLNK-10235/StartTime'&#xD;
&#xD;
2019-09-23 10:58:59 - [MESSAGE][PASSED] - Keys '1200' sent to object: 'Object Repository/Regression BackOffice/CLNK-10235/StartTime'&#xD;
&#xD;
2019-09-23 10:58:59 - [TEST_STEP][PASSED] - delay(2): Delayed 2 second(s)&#xD;
&#xD;
2019-09-23 10:59:01 - [MESSAGE][PASSED] - Delayed 2 second(s)&#xD;
&#xD;
2019-09-23 10:59:01 - [TEST_STEP][PASSED] - waitForElementPresent(findTestObject("Regression BackOffice/CLNK-10235/EndTime"), 100): Object 'Object Repository/Regression BackOffice/CLNK-10235/EndTime' is present&#xD;
&#xD;
2019-09-23 10:59:01 - [MESSAGE][PASSED] - Object 'Object Repository/Regression BackOffice/CLNK-10235/EndTime' is present&#xD;
&#xD;
2019-09-23 10:59:01 - [TEST_STEP][PASSED] - click(findTestObject("Regression BackOffice/CLNK-10235/EndTime")): Object: 'Object Repository/Regression BackOffice/CLNK-10235/EndTime' is clicked on&#xD;
&#xD;
2019-09-23 10:59:01 - [MESSAGE][PASSED] - Object: 'Object Repository/Regression BackOffice/CLNK-10235/EndTime' is clicked on&#xD;
&#xD;
2019-09-23 10:59:01 - [TEST_STEP][PASSED] - sendKeys(findTestObject("Regression BackOffice/CLNK-10235/EndTime"), G_EndTime): Keys '1230' sent to object: 'Object Repository/Regression BackOffice/CLNK-10235/EndTime'&#xD;
&#xD;
2019-09-23 10:59:02 - [MESSAGE][PASSED] - Keys '1230' sent to object: 'Object Repository/Regression BackOffice/CLNK-10235/EndTime'&#xD;
&#xD;
2019-09-23 10:59:02 - [TEST_STEP][PASSED] - delay(2): Delayed 2 second(s)&#xD;
&#xD;
2019-09-23 10:59:04 - [MESSAGE][PASSED] - Delayed 2 second(s)&#xD;
&#xD;
2019-09-23 10:59:04 - [TEST_STEP][PASSED] - scrollToElement(findTestObject("Regression BackOffice/CLNK-10235/CaregiverName"), 10): Scroll to object 'Object Repository/Regression BackOffice/CLNK-10235/CaregiverName' successfully&#xD;
&#xD;
2019-09-23 10:59:04 - [MESSAGE][PASSED] - Scroll to object 'Object Repository/Regression BackOffice/CLNK-10235/CaregiverName' successfully&#xD;
&#xD;
2019-09-23 10:59:04 - [TEST_STEP][PASSED] - waitForElementPresent(findTestObject("Regression BackOffice/CLNK-10235/CaregiverName"), 100): Object 'Object Repository/Regression BackOffice/CLNK-10235/CaregiverName' is present&#xD;
&#xD;
2019-09-23 10:59:04 - [MESSAGE][PASSED] - Object 'Object Repository/Regression BackOffice/CLNK-10235/CaregiverName' is present&#xD;
&#xD;
2019-09-23 10:59:04 - [TEST_STEP][PASSED] - setText(findTestObject("Regression BackOffice/CLNK-10235/CaregiverName"), G_CareGiverLastName): Text 'Ochentilla' is set on object 'Object Repository/Regression BackOffice/CLNK-10235/CaregiverName'&#xD;
&#xD;
2019-09-23 10:59:04 - [MESSAGE][PASSED] - Text 'Ochentilla' is set on object 'Object Repository/Regression BackOffice/CLNK-10235/CaregiverName'&#xD;
&#xD;
2019-09-23 10:59:04 - [TEST_STEP][PASSED] - delay(2): Delayed 2 second(s)&#xD;
&#xD;
2019-09-23 10:59:06 - [MESSAGE][PASSED] - Delayed 2 second(s)&#xD;
&#xD;
2019-09-23 10:59:06 - [TEST_STEP][PASSED] - click(findTestObject("Regression BackOffice/CLNK-10235/CaregiverName")): Object: 'Object Repository/Regression BackOffice/CLNK-10235/CaregiverName' is clicked on&#xD;
&#xD;
2019-09-23 10:59:06 - [MESSAGE][PASSED] - Object: 'Object Repository/Regression BackOffice/CLNK-10235/CaregiverName' is clicked on&#xD;
&#xD;
2019-09-23 10:59:06 - [TEST_STEP][PASSED] - sendKeys(findTestObject("Regression BackOffice/CLNK-10235/CaregiverName"), Keys.chord(ARROW_DOWN, ENTER)): Keys 'DOWN + ENTER + ' sent to object: 'Object Repository/Regression BackOffice/CLNK-10235/CaregiverName'&#xD;
&#xD;
2019-09-23 10:59:07 - [MESSAGE][PASSED] - Keys 'DOWN + ENTER + ' sent to object: 'Object Repository/Regression BackOffice/CLNK-10235/CaregiverName'&#xD;
&#xD;
2019-09-23 10:59:07 - [TEST_STEP][PASSED] - delay(3): Delayed 3 second(s)&#xD;
&#xD;
2019-09-23 10:59:10 - [MESSAGE][PASSED] - Delayed 3 second(s)&#xD;
&#xD;
2019-09-23 10:59:10 - [TEST_STEP][PASSED] - switchToDefaultContent(): null&#xD;
&#xD;
2019-09-23 10:59:10 - [TEST_STEP][PASSED] - switchToFrame(findTestObject("Regression BackOffice/CLINK-17788/BannerFrame"), 30): null&#xD;
&#xD;
2019-09-23 10:59:10 - [TEST_STEP][PASSED] - waitForElementPresent(findTestObject("Regression BackOffice/CLNK-10235/SaveButton"), 50): Object 'Object Repository/Regression BackOffice/CLNK-10235/SaveButton' is present&#xD;
&#xD;
2019-09-23 10:59:10 - [MESSAGE][PASSED] - Object 'Object Repository/Regression BackOffice/CLNK-10235/SaveButton' is present&#xD;
&#xD;
2019-09-23 10:59:10 - [TEST_STEP][PASSED] - click(findTestObject("Regression BackOffice/CLNK-10235/SaveButton"), STOP_ON_FAILURE): Object: 'Object Repository/Regression BackOffice/CLNK-10235/SaveButton' is clicked on&#xD;
&#xD;
2019-09-23 10:59:10 - [MESSAGE][PASSED] - Object: 'Object Repository/Regression BackOffice/CLNK-10235/SaveButton' is clicked on&#xD;
&#xD;
2019-09-23 10:59:10 - [TEST_STEP][PASSED] - delay(10): Delayed 10 second(s)&#xD;
&#xD;
2019-09-23 10:59:20 - [MESSAGE][PASSED] - Delayed 10 second(s)&#xD;
&#xD;
2019-09-23 10:59:20 - [TEST_STEP][PASSED] - waitForPageLoad(50): Wait for page load successfully&#xD;
&#xD;
2019-09-23 10:59:52 - [MESSAGE][PASSED] - Wait for page load successfully&#xD;
&#xD;
2019-09-23 10:59:52 - [TEST_STEP][PASSED] - delay(5): Delayed 5 second(s)&#xD;
&#xD;
2019-09-23 10:59:57 - [MESSAGE][PASSED] - Delayed 5 second(s)&#xD;
&#xD;
2019-09-23 10:59:57 - [TEST_STEP][PASSED] - closeBrowser(): Browser is closed&#xD;
&#xD;
2019-09-23 10:59:58 - [MESSAGE][PASSED] - Browser is closed</system-out>
            <system-err></system-err>
        </testcase>
        <testcase name="Test Cases/Regression BackOffice (All Browsers)/CLNK-10620 - BackOffice Medication Profile - Patient Information" classname="Test Cases/Regression BackOffice (All Browsers)/CLNK-10620 - BackOffice Medication Profile - Patient Information" status="PASSED">
            <system-out>2019-09-23 11:00:00 - [TEST_CASE][PASSED] - Test Cases/Regression BackOffice (All Browsers)/CLNK-10620 - BackOffice Medication Profile - Patient Information: Test Cases/Regression BackOffice (All Browsers)/CLNK-10620 - BackOffice Medication Profile - Patient Information&#xD;
&#xD;
2019-09-23 11:00:00 - [TEST_STEP][PASSED] - callTestCase(findTestCase("Regression BackOffice (All Browsers)/CLNK-23439 - Clink - Back office Client"), [:], STOP_ON_FAILURE): Call Test Case 'Test Cases/Regression BackOffice (All Browsers)/CLNK-23439 - Clink - Back office Client' successfully&#xD;
&#xD;
2019-09-23 11:00:01 - [TEST_CASE][PASSED] - Test Cases/Regression BackOffice (All Browsers)/CLNK-23439 - Clink - Back office Client: Test Cases/Regression BackOffice (All Browsers)/CLNK-23439 - Clink - Back office Client&#xD;
&#xD;
2019-09-23 11:00:01 - [TEST_STEP][PASSED] - deleteAllCookies(): Delete all cookies successfully&#xD;
&#xD;
2019-09-23 11:00:01 - [MESSAGE][WARNING] - Cannot delete cookies because browser is closed&#xD;
&#xD;
2019-09-23 11:00:01 - [MESSAGE][PASSED] - Delete all cookies successfully&#xD;
&#xD;
2019-09-23 11:00:01 - [TEST_STEP][PASSED] - openBrowser(G_SiteBackOffice): Browser is opened with url: 'https://qanewpoc.continulink.com:8443/Backoffice/'&#xD;
&#xD;
2019-09-23 11:00:01 - [MESSAGE][INFO] - Starting 'Chrome' driver&#xD;
&#xD;
2019-09-23 11:00:08 - [MESSAGE][PASSED] - Browser is opened with url: 'https://qanewpoc.continulink.com:8443/Backoffice/'&#xD;
&#xD;
2019-09-23 11:00:08 - [TEST_STEP][PASSED] - waitForPageLoad(60): Wait for page load successfully&#xD;
&#xD;
2019-09-23 11:00:08 - [MESSAGE][PASSED] - Wait for page load successfully&#xD;
&#xD;
2019-09-23 11:00:08 - [TEST_STEP][PASSED] - maximizeWindow(): Current window maximized&#xD;
&#xD;
2019-09-23 11:00:12 - [MESSAGE][PASSED] - Current window maximized&#xD;
&#xD;
2019-09-23 11:00:12 - [TEST_STEP][PASSED] - setText(findTestObject("Regression BackOffice/Login/UserBackOffice"), G_UserBackOffice): Text 'automation_admin' is set on object 'Object Repository/Regression BackOffice/Login/UserBackOffice'&#xD;
&#xD;
2019-09-23 11:00:13 - [MESSAGE][PASSED] - Text 'automation_admin' is set on object 'Object Repository/Regression BackOffice/Login/UserBackOffice'&#xD;
&#xD;
2019-09-23 11:00:13 - [TEST_STEP][PASSED] - setText(findTestObject("Regression BackOffice/Login/PasswordBackOffice"), G_PasswordBackOffice): Text 'qwerty' is set on object 'Object Repository/Regression BackOffice/Login/PasswordBackOffice'&#xD;
&#xD;
2019-09-23 11:00:13 - [MESSAGE][PASSED] - Text 'qwerty' is set on object 'Object Repository/Regression BackOffice/Login/PasswordBackOffice'&#xD;
&#xD;
2019-09-23 11:00:13 - [TEST_STEP][PASSED] - click(findTestObject("Regression BackOffice/Login/LoginBackOffice")): Object: 'Object Repository/Regression BackOffice/Login/LoginBackOffice' is clicked on&#xD;
&#xD;
2019-09-23 11:00:17 - [MESSAGE][PASSED] - Object: 'Object Repository/Regression BackOffice/Login/LoginBackOffice' is clicked on&#xD;
&#xD;
2019-09-23 11:00:17 - [TEST_STEP][PASSED] - waitForPageLoad(60): Wait for page load successfully&#xD;
&#xD;
2019-09-23 11:00:17 - [MESSAGE][PASSED] - Wait for page load successfully&#xD;
&#xD;
2019-09-23 11:00:17 - [TEST_STEP][PASSED] - delay(2): Delayed 2 second(s)&#xD;
&#xD;
2019-09-23 11:00:19 - [MESSAGE][PASSED] - Delayed 2 second(s)&#xD;
&#xD;
2019-09-23 11:00:19 - [TEST_STEP][PASSED] - switchToFrame(findTestObject("Regression BackOffice/CLINK-Frames/FrameFrameLeft"), 5, STOP_ON_FAILURE): null&#xD;
&#xD;
2019-09-23 11:00:20 - [TEST_STEP][PASSED] - delay(2): Delayed 2 second(s)&#xD;
&#xD;
2019-09-23 11:00:22 - [MESSAGE][PASSED] - Delayed 2 second(s)&#xD;
&#xD;
2019-09-23 11:00:22 - [TEST_STEP][PASSED] - waitForElementPresent(findTestObject("Regression BackOffice/CLINK-Frames/ClientIntake"), 50): Object 'Object Repository/Regression BackOffice/CLINK-Frames/ClientIntake' is present&#xD;
&#xD;
2019-09-23 11:00:22 - [MESSAGE][PASSED] - Object 'Object Repository/Regression BackOffice/CLINK-Frames/ClientIntake' is present&#xD;
&#xD;
2019-09-23 11:00:22 - [TEST_STEP][PASSED] - verifyElementPresent(findTestObject("Regression BackOffice/CLINK-Frames/ClientIntake"), 100, STOP_ON_FAILURE): Object 'Object Repository/Regression BackOffice/CLINK-Frames/ClientIntake' is present&#xD;
&#xD;
2019-09-23 11:00:22 - [MESSAGE][PASSED] - Object 'Object Repository/Regression BackOffice/CLINK-Frames/ClientIntake' is present&#xD;
&#xD;
2019-09-23 11:00:22 - [TEST_STEP][PASSED] - switchToDefaultContent(): null&#xD;
&#xD;
2019-09-23 11:00:22 - [MESSAGE][PASSED] - Call Test Case 'Test Cases/Regression BackOffice (All Browsers)/CLNK-23439 - Clink - Back office Client' successfully&#xD;
&#xD;
2019-09-23 11:00:22 - [TEST_STEP][PASSED] - waitForPageLoad(60): Wait for page load successfully&#xD;
&#xD;
2019-09-23 11:00:22 - [MESSAGE][PASSED] - Wait for page load successfully&#xD;
&#xD;
2019-09-23 11:00:22 - [TEST_STEP][PASSED] - delay(3): Delayed 3 second(s)&#xD;
&#xD;
2019-09-23 11:00:25 - [MESSAGE][PASSED] - Delayed 3 second(s)&#xD;
&#xD;
2019-09-23 11:00:25 - [TEST_STEP][PASSED] - switchToFrame(findTestObject("Regression BackOffice/CLNK-23449/FrameLeft"), 30): null&#xD;
&#xD;
2019-09-23 11:00:25 - [TEST_STEP][PASSED] - waitForElementPresent(findTestObject("Regression BackOffice/CLNK-23449/ClienIntakeICon"), 100): Object 'Object Repository/Regression BackOffice/CLNK-23449/ClienIntakeICon' is present&#xD;
&#xD;
2019-09-23 11:00:25 - [MESSAGE][PASSED] - Object 'Object Repository/Regression BackOffice/CLNK-23449/ClienIntakeICon' is present&#xD;
&#xD;
2019-09-23 11:00:25 - [TEST_STEP][PASSED] - click(findTestObject("Regression BackOffice/CLNK-23449/ClienIntakeICon")): Object: 'Object Repository/Regression BackOffice/CLNK-23449/ClienIntakeICon' is clicked on&#xD;
&#xD;
2019-09-23 11:00:25 - [MESSAGE][PASSED] - Object: 'Object Repository/Regression BackOffice/CLNK-23449/ClienIntakeICon' is clicked on&#xD;
&#xD;
2019-09-23 11:00:25 - [TEST_STEP][PASSED] - delay(2): Delayed 2 second(s)&#xD;
&#xD;
2019-09-23 11:00:27 - [MESSAGE][PASSED] - Delayed 2 second(s)&#xD;
&#xD;
2019-09-23 11:00:27 - [TEST_STEP][PASSED] - waitForPageLoad(50): Wait for page load successfully&#xD;
&#xD;
2019-09-23 11:00:27 - [MESSAGE][PASSED] - Wait for page load successfully&#xD;
&#xD;
2019-09-23 11:00:27 - [TEST_STEP][PASSED] - waitForElementPresent(findTestObject("Regression BackOffice/CLNK-10235/SearchforaClient"), 50): Object 'Object Repository/Regression BackOffice/CLNK-10235/SearchforaClient' is present&#xD;
&#xD;
2019-09-23 11:00:27 - [MESSAGE][PASSED] - Object 'Object Repository/Regression BackOffice/CLNK-10235/SearchforaClient' is present&#xD;
&#xD;
2019-09-23 11:00:27 - [TEST_STEP][PASSED] - click(findTestObject("Regression BackOffice/CLNK-10235/SearchforaClient")): Object: 'Object Repository/Regression BackOffice/CLNK-10235/SearchforaClient' is clicked on&#xD;
&#xD;
2019-09-23 11:00:28 - [MESSAGE][PASSED] - Object: 'Object Repository/Regression BackOffice/CLNK-10235/SearchforaClient' is clicked on&#xD;
&#xD;
2019-09-23 11:00:28 - [TEST_STEP][PASSED] - delay(2): Delayed 2 second(s)&#xD;
&#xD;
2019-09-23 11:00:30 - [MESSAGE][PASSED] - Delayed 2 second(s)&#xD;
&#xD;
2019-09-23 11:00:30 - [TEST_STEP][PASSED] - switchToDefaultContent(): null&#xD;
&#xD;
2019-09-23 11:00:30 - [TEST_STEP][PASSED] - switchToFrame(findTestObject("Regression BackOffice/CLNK-23449/FrameMain"), 30): null&#xD;
&#xD;
2019-09-23 11:00:30 - [TEST_STEP][PASSED] - waitForElementPresent(findTestObject("Regression BackOffice/CLNK-10235/FirstNameSearch"), 50): Object 'Object Repository/Regression BackOffice/CLNK-10235/FirstNameSearch' is present&#xD;
&#xD;
2019-09-23 11:00:30 - [MESSAGE][PASSED] - Object 'Object Repository/Regression BackOffice/CLNK-10235/FirstNameSearch' is present&#xD;
&#xD;
2019-09-23 11:00:30 - [TEST_STEP][PASSED] - setText(findTestObject("Regression BackOffice/CLNK-10235/FirstNameSearch"), G_ClientFirstName): Text 'Danielo' is set on object 'Object Repository/Regression BackOffice/CLNK-10235/FirstNameSearch'&#xD;
&#xD;
2019-09-23 11:00:31 - [MESSAGE][PASSED] - Text 'Danielo' is set on object 'Object Repository/Regression BackOffice/CLNK-10235/FirstNameSearch'&#xD;
&#xD;
2019-09-23 11:00:31 - [TEST_STEP][PASSED] - delay(2): Delayed 2 second(s)&#xD;
&#xD;
2019-09-23 11:00:33 - [MESSAGE][PASSED] - Delayed 2 second(s)&#xD;
&#xD;
2019-09-23 11:00:33 - [TEST_STEP][PASSED] - waitForElementPresent(findTestObject("Regression BackOffice/CLNK-10235/LastNameSearch"), 50): Object 'Object Repository/Regression BackOffice/CLNK-10235/LastNameSearch' is present&#xD;
&#xD;
2019-09-23 11:00:33 - [MESSAGE][PASSED] - Object 'Object Repository/Regression BackOffice/CLNK-10235/LastNameSearch' is present&#xD;
&#xD;
2019-09-23 11:00:33 - [TEST_STEP][PASSED] - setText(findTestObject("Regression BackOffice/CLNK-10235/LastNameSearch"), G_ClientLastName): Text 'Danielisky' is set on object 'Object Repository/Regression BackOffice/CLNK-10235/LastNameSearch'&#xD;
&#xD;
2019-09-23 11:00:33 - [MESSAGE][PASSED] - Text 'Danielisky' is set on object 'Object Repository/Regression BackOffice/CLNK-10235/LastNameSearch'&#xD;
&#xD;
2019-09-23 11:00:33 - [TEST_STEP][PASSED] - delay(2): Delayed 2 second(s)&#xD;
&#xD;
2019-09-23 11:00:35 - [MESSAGE][PASSED] - Delayed 2 second(s)&#xD;
&#xD;
2019-09-23 11:00:35 - [TEST_STEP][PASSED] - waitForElementPresent(findTestObject("Regression BackOffice/CLINK - 27906/SearchButton"), 50): Object 'Object Repository/Regression BackOffice/CLINK - 27906/SearchButton' is present&#xD;
&#xD;
2019-09-23 11:00:35 - [MESSAGE][PASSED] - Object 'Object Repository/Regression BackOffice/CLINK - 27906/SearchButton' is present&#xD;
&#xD;
2019-09-23 11:00:35 - [TEST_STEP][PASSED] - click(findTestObject("Regression BackOffice/CLINK - 27906/SearchButton"), STOP_ON_FAILURE): Object: 'Object Repository/Regression BackOffice/CLINK - 27906/SearchButton' is clicked on&#xD;
&#xD;
2019-09-23 11:00:36 - [MESSAGE][PASSED] - Object: 'Object Repository/Regression BackOffice/CLINK - 27906/SearchButton' is clicked on&#xD;
&#xD;
2019-09-23 11:00:36 - [TEST_STEP][PASSED] - delay(2): Delayed 2 second(s)&#xD;
&#xD;
2019-09-23 11:00:38 - [MESSAGE][PASSED] - Delayed 2 second(s)&#xD;
&#xD;
2019-09-23 11:00:38 - [TEST_STEP][PASSED] - waitForElementPresent(findTestObject("Regression BackOffice/CLINK - 27906/ClientRollbackLink"), 50): Object 'Object Repository/Regression BackOffice/CLINK - 27906/ClientRollbackLink' is present&#xD;
&#xD;
2019-09-23 11:00:38 - [MESSAGE][PASSED] - Object 'Object Repository/Regression BackOffice/CLINK - 27906/ClientRollbackLink' is present&#xD;
&#xD;
2019-09-23 11:00:38 - [TEST_STEP][PASSED] - click(findTestObject("Regression BackOffice/CLINK - 27906/ClientRollbackLink"), STOP_ON_FAILURE): Object: 'Object Repository/Regression BackOffice/CLINK - 27906/ClientRollbackLink' is clicked on&#xD;
&#xD;
2019-09-23 11:00:40 - [MESSAGE][PASSED] - Object: 'Object Repository/Regression BackOffice/CLINK - 27906/ClientRollbackLink' is clicked on&#xD;
&#xD;
2019-09-23 11:00:40 - [TEST_STEP][PASSED] - delay(2): Delayed 2 second(s)&#xD;
&#xD;
2019-09-23 11:00:42 - [MESSAGE][PASSED] - Delayed 2 second(s)&#xD;
&#xD;
2019-09-23 11:00:42 - [TEST_STEP][PASSED] - switchToDefaultContent(): null&#xD;
&#xD;
2019-09-23 11:00:42 - [TEST_STEP][PASSED] - switchToFrame(findTestObject("Regression BackOffice/CLNK-23449/FrameLeft"), 30): null&#xD;
&#xD;
2019-09-23 11:00:42 - [TEST_STEP][PASSED] - waitForElementPresent(findTestObject("Regression BackOffice/CLNK-10235/Puntitos"), 50): Object 'Object Repository/Regression BackOffice/CLNK-10235/Puntitos' is present&#xD;
&#xD;
2019-09-23 11:00:42 - [MESSAGE][PASSED] - Object 'Object Repository/Regression BackOffice/CLNK-10235/Puntitos' is present&#xD;
&#xD;
2019-09-23 11:00:42 - [TEST_STEP][PASSED] - click(findTestObject("Regression BackOffice/CLNK-10235/Puntitos"), STOP_ON_FAILURE): Object: 'Object Repository/Regression BackOffice/CLNK-10235/Puntitos' is clicked on&#xD;
&#xD;
2019-09-23 11:00:42 - [MESSAGE][PASSED] - Object: 'Object Repository/Regression BackOffice/CLNK-10235/Puntitos' is clicked on&#xD;
&#xD;
2019-09-23 11:00:42 - [TEST_STEP][PASSED] - delay(2): Delayed 2 second(s)&#xD;
&#xD;
2019-09-23 11:00:44 - [MESSAGE][PASSED] - Delayed 2 second(s)&#xD;
&#xD;
2019-09-23 11:00:44 - [TEST_STEP][PASSED] - waitForPageLoad(50): Wait for page load successfully&#xD;
&#xD;
2019-09-23 11:00:45 - [MESSAGE][PASSED] - Wait for page load successfully&#xD;
&#xD;
2019-09-23 11:00:45 - [TEST_STEP][PASSED] - waitForElementPresent(findTestObject("Regression BackOffice/CLNK-10235/ClientIntakeClose"), 100): Object 'Object Repository/Regression BackOffice/CLNK-10235/ClientIntakeClose' is present&#xD;
&#xD;
2019-09-23 11:00:45 - [MESSAGE][PASSED] - Object 'Object Repository/Regression BackOffice/CLNK-10235/ClientIntakeClose' is present&#xD;
&#xD;
2019-09-23 11:00:45 - [TEST_STEP][PASSED] - click(findTestObject("Regression BackOffice/CLNK-10235/ClientIntakeClose")): Object: 'Object Repository/Regression BackOffice/CLNK-10235/ClientIntakeClose' is clicked on&#xD;
&#xD;
2019-09-23 11:00:45 - [MESSAGE][PASSED] - Object: 'Object Repository/Regression BackOffice/CLNK-10235/ClientIntakeClose' is clicked on&#xD;
&#xD;
2019-09-23 11:00:45 - [TEST_STEP][PASSED] - delay(2): Delayed 2 second(s)&#xD;
&#xD;
2019-09-23 11:00:47 - [MESSAGE][PASSED] - Delayed 2 second(s)&#xD;
&#xD;
2019-09-23 11:00:47 - [TEST_STEP][PASSED] - waitForElementPresent(findTestObject("Regression BackOffice/CLINK-10620/ClinicalLink"), 100): Object 'Object Repository/Regression BackOffice/CLINK-10620/ClinicalLink' is present&#xD;
&#xD;
2019-09-23 11:00:47 - [MESSAGE][PASSED] - Object 'Object Repository/Regression BackOffice/CLINK-10620/ClinicalLink' is present&#xD;
&#xD;
2019-09-23 11:00:47 - [TEST_STEP][PASSED] - click(findTestObject("Regression BackOffice/CLINK-10620/ClinicalLink")): Object: 'Object Repository/Regression BackOffice/CLINK-10620/ClinicalLink' is clicked on&#xD;
&#xD;
2019-09-23 11:00:47 - [MESSAGE][PASSED] - Object: 'Object Repository/Regression BackOffice/CLINK-10620/ClinicalLink' is clicked on&#xD;
&#xD;
2019-09-23 11:00:47 - [TEST_STEP][PASSED] - delay(2): Delayed 2 second(s)&#xD;
&#xD;
2019-09-23 11:00:49 - [MESSAGE][PASSED] - Delayed 2 second(s)&#xD;
&#xD;
2019-09-23 11:00:49 - [TEST_STEP][PASSED] - scrollToElement(findTestObject("Regression BackOffice/CLINK-10620/Medication ProfileLink"), 50): Scroll to object 'Object Repository/Regression BackOffice/CLINK-10620/Medication ProfileLink' successfully&#xD;
&#xD;
2019-09-23 11:00:49 - [MESSAGE][PASSED] - Scroll to object 'Object Repository/Regression BackOffice/CLINK-10620/Medication ProfileLink' successfully&#xD;
&#xD;
2019-09-23 11:00:49 - [TEST_STEP][PASSED] - click(findTestObject("Regression BackOffice/CLINK-10620/Medication ProfileLink")): Object: 'Object Repository/Regression BackOffice/CLINK-10620/Medication ProfileLink' is clicked on&#xD;
&#xD;
2019-09-23 11:00:52 - [MESSAGE][PASSED] - Object: 'Object Repository/Regression BackOffice/CLINK-10620/Medication ProfileLink' is clicked on&#xD;
&#xD;
2019-09-23 11:00:52 - [TEST_STEP][PASSED] - delay(3): Delayed 3 second(s)&#xD;
&#xD;
2019-09-23 11:00:55 - [MESSAGE][PASSED] - Delayed 3 second(s)&#xD;
&#xD;
2019-09-23 11:00:55 - [TEST_STEP][PASSED] - switchToDefaultContent(): null&#xD;
&#xD;
2019-09-23 11:00:55 - [TEST_STEP][PASSED] - switchToFrame(findTestObject("Regression BackOffice/CLNK-23449/FrameMain"), 30): null&#xD;
&#xD;
2019-09-23 11:00:56 - [TEST_STEP][PASSED] - waitForPageLoad(50): Wait for page load successfully&#xD;
&#xD;
2019-09-23 11:00:56 - [MESSAGE][PASSED] - Wait for page load successfully&#xD;
&#xD;
2019-09-23 11:00:56 - [TEST_STEP][PASSED] - delay(3): Delayed 3 second(s)&#xD;
&#xD;
2019-09-23 11:00:59 - [MESSAGE][PASSED] - Delayed 3 second(s)&#xD;
&#xD;
2019-09-23 11:00:59 - [TEST_STEP][PASSED] - waitForElementPresent(findTestObject("Regression BackOffice/CLINK-10620/MedboxChk"), 100): Object 'Object Repository/Regression BackOffice/CLINK-10620/MedboxChk' is present&#xD;
&#xD;
2019-09-23 11:00:59 - [MESSAGE][PASSED] - Object 'Object Repository/Regression BackOffice/CLINK-10620/MedboxChk' is present&#xD;
&#xD;
2019-09-23 11:00:59 - [TEST_STEP][PASSED] - click(findTestObject("Regression BackOffice/CLINK-10620/MedboxChk")): Object: 'Object Repository/Regression BackOffice/CLINK-10620/MedboxChk' is clicked on&#xD;
&#xD;
2019-09-23 11:00:59 - [MESSAGE][PASSED] - Object: 'Object Repository/Regression BackOffice/CLINK-10620/MedboxChk' is clicked on&#xD;
&#xD;
2019-09-23 11:00:59 - [TEST_STEP][PASSED] - delay(2): Delayed 2 second(s)&#xD;
&#xD;
2019-09-23 11:01:01 - [MESSAGE][PASSED] - Delayed 2 second(s)&#xD;
&#xD;
2019-09-23 11:01:01 - [TEST_STEP][PASSED] - waitForElementPresent(findTestObject("Regression BackOffice/CLINK-10620/AddAPharmacy."), 50): Object 'Object Repository/Regression BackOffice/CLINK-10620/AddAPharmacy.' is present&#xD;
&#xD;
2019-09-23 11:01:01 - [MESSAGE][PASSED] - Object 'Object Repository/Regression BackOffice/CLINK-10620/AddAPharmacy.' is present&#xD;
&#xD;
2019-09-23 11:01:01 - [TEST_STEP][PASSED] - click(findTestObject("Regression BackOffice/CLINK-10620/AddAPharmacy.")): Object: 'Object Repository/Regression BackOffice/CLINK-10620/AddAPharmacy.' is clicked on&#xD;
&#xD;
2019-09-23 11:01:01 - [MESSAGE][PASSED] - Object: 'Object Repository/Regression BackOffice/CLINK-10620/AddAPharmacy.' is clicked on&#xD;
&#xD;
2019-09-23 11:01:01 - [TEST_STEP][PASSED] - delay(2): Delayed 2 second(s)&#xD;
&#xD;
2019-09-23 11:01:03 - [MESSAGE][PASSED] - Delayed 2 second(s)&#xD;
&#xD;
2019-09-23 11:01:03 - [TEST_STEP][PASSED] - waitForElementVisible(findTestObject("Regression BackOffice/CLINK-10620/PharmacyName"), 50): Object 'Object Repository/Regression BackOffice/CLINK-10620/PharmacyName' is visible&#xD;
&#xD;
2019-09-23 11:01:04 - [MESSAGE][PASSED] - Object 'Object Repository/Regression BackOffice/CLINK-10620/PharmacyName' is visible&#xD;
&#xD;
2019-09-23 11:01:04 - [TEST_STEP][PASSED] - setText(findTestObject("Regression BackOffice/CLINK-10620/PharmacyName"), "Lo encontre"): Text 'Lo encontre' is set on object 'Object Repository/Regression BackOffice/CLINK-10620/PharmacyName'&#xD;
&#xD;
2019-09-23 11:01:04 - [MESSAGE][PASSED] - Text 'Lo encontre' is set on object 'Object Repository/Regression BackOffice/CLINK-10620/PharmacyName'&#xD;
&#xD;
2019-09-23 11:01:04 - [TEST_STEP][PASSED] - delay(2): Delayed 2 second(s)&#xD;
&#xD;
2019-09-23 11:01:06 - [MESSAGE][PASSED] - Delayed 2 second(s)&#xD;
&#xD;
2019-09-23 11:01:06 - [TEST_STEP][PASSED] - waitForElementVisible(findTestObject("Regression BackOffice/CLINK-10620/PharmacyPhone"), 50): Object 'Object Repository/Regression BackOffice/CLINK-10620/PharmacyPhone' is visible&#xD;
&#xD;
2019-09-23 11:01:06 - [MESSAGE][PASSED] - Object 'Object Repository/Regression BackOffice/CLINK-10620/PharmacyPhone' is visible&#xD;
&#xD;
2019-09-23 11:01:06 - [TEST_STEP][PASSED] - setText(findTestObject("Regression BackOffice/CLINK-10620/PharmacyPhone"), "4586957555"): Text '4586957555' is set on object 'Object Repository/Regression BackOffice/CLINK-10620/PharmacyPhone'&#xD;
&#xD;
2019-09-23 11:01:07 - [MESSAGE][PASSED] - Text '4586957555' is set on object 'Object Repository/Regression BackOffice/CLINK-10620/PharmacyPhone'&#xD;
&#xD;
2019-09-23 11:01:07 - [TEST_STEP][PASSED] - delay(4): Delayed 4 second(s)&#xD;
&#xD;
2019-09-23 11:01:11 - [MESSAGE][PASSED] - Delayed 4 second(s)&#xD;
&#xD;
2019-09-23 11:01:11 - [TEST_STEP][PASSED] - waitForElementPresent(findTestObject("Regression BackOffice/CLINK-10620/SaveButton"), 50): Object 'Object Repository/Regression BackOffice/CLINK-10620/SaveButton' is present&#xD;
&#xD;
2019-09-23 11:01:11 - [MESSAGE][PASSED] - Object 'Object Repository/Regression BackOffice/CLINK-10620/SaveButton' is present&#xD;
&#xD;
2019-09-23 11:01:11 - [TEST_STEP][PASSED] - click(findTestObject("Regression BackOffice/CLINK-10620/SaveButton")): Object: 'Object Repository/Regression BackOffice/CLINK-10620/SaveButton' is clicked on&#xD;
&#xD;
2019-09-23 11:01:11 - [MESSAGE][PASSED] - Object: 'Object Repository/Regression BackOffice/CLINK-10620/SaveButton' is clicked on&#xD;
&#xD;
2019-09-23 11:01:11 - [TEST_STEP][PASSED] - delay(2): Delayed 2 second(s)&#xD;
&#xD;
2019-09-23 11:01:13 - [MESSAGE][PASSED] - Delayed 2 second(s)&#xD;
&#xD;
2019-09-23 11:01:13 - [TEST_STEP][PASSED] - closeBrowser(): Browser is closed&#xD;
&#xD;
2019-09-23 11:01:13 - [MESSAGE][PASSED] - Browser is closed</system-out>
            <system-err></system-err>
        </testcase>
        <testcase name="Test Cases/Regression BackOffice (All Browsers)/CLNK-17180 - Admission Authorization Changes Report" classname="Test Cases/Regression BackOffice (All Browsers)/CLNK-17180 - Admission Authorization Changes Report" status="PASSED">
            <system-out>2019-09-23 11:01:16 - [TEST_CASE][PASSED] - Test Cases/Regression BackOffice (All Browsers)/CLNK-17180 - Admission Authorization Changes Report: Test Cases/Regression BackOffice (All Browsers)/CLNK-17180 - Admission Authorization Changes Report&#xD;
&#xD;
2019-09-23 11:01:16 - [TEST_STEP][PASSED] - callTestCase(findTestCase("Regression BackOffice (All Browsers)/CLNK-23439 - Clink - Back office Client"), [:], STOP_ON_FAILURE): Call Test Case 'Test Cases/Regression BackOffice (All Browsers)/CLNK-23439 - Clink - Back office Client' successfully&#xD;
&#xD;
2019-09-23 11:01:16 - [TEST_CASE][PASSED] - Test Cases/Regression BackOffice (All Browsers)/CLNK-23439 - Clink - Back office Client: Test Cases/Regression BackOffice (All Browsers)/CLNK-23439 - Clink - Back office Client&#xD;
&#xD;
2019-09-23 11:01:16 - [TEST_STEP][PASSED] - deleteAllCookies(): Delete all cookies successfully&#xD;
&#xD;
2019-09-23 11:01:16 - [MESSAGE][WARNING] - Cannot delete cookies because browser is closed&#xD;
&#xD;
2019-09-23 11:01:16 - [MESSAGE][PASSED] - Delete all cookies successfully&#xD;
&#xD;
2019-09-23 11:01:16 - [TEST_STEP][PASSED] - openBrowser(G_SiteBackOffice): Browser is opened with url: 'https://qanewpoc.continulink.com:8443/Backoffice/'&#xD;
&#xD;
2019-09-23 11:01:16 - [MESSAGE][INFO] - Starting 'Chrome' driver&#xD;
&#xD;
2019-09-23 11:01:24 - [MESSAGE][PASSED] - Browser is opened with url: 'https://qanewpoc.continulink.com:8443/Backoffice/'&#xD;
&#xD;
2019-09-23 11:01:24 - [TEST_STEP][PASSED] - waitForPageLoad(60): Wait for page load successfully&#xD;
&#xD;
2019-09-23 11:01:24 - [MESSAGE][PASSED] - Wait for page load successfully&#xD;
&#xD;
2019-09-23 11:01:24 - [TEST_STEP][PASSED] - maximizeWindow(): Current window maximized&#xD;
&#xD;
2019-09-23 11:01:28 - [MESSAGE][PASSED] - Current window maximized&#xD;
&#xD;
2019-09-23 11:01:28 - [TEST_STEP][PASSED] - setText(findTestObject("Regression BackOffice/Login/UserBackOffice"), G_UserBackOffice): Text 'automation_admin' is set on object 'Object Repository/Regression BackOffice/Login/UserBackOffice'&#xD;
&#xD;
2019-09-23 11:01:28 - [MESSAGE][PASSED] - Text 'automation_admin' is set on object 'Object Repository/Regression BackOffice/Login/UserBackOffice'&#xD;
&#xD;
2019-09-23 11:01:28 - [TEST_STEP][PASSED] - setText(findTestObject("Regression BackOffice/Login/PasswordBackOffice"), G_PasswordBackOffice): Text 'qwerty' is set on object 'Object Repository/Regression BackOffice/Login/PasswordBackOffice'&#xD;
&#xD;
2019-09-23 11:01:28 - [MESSAGE][PASSED] - Text 'qwerty' is set on object 'Object Repository/Regression BackOffice/Login/PasswordBackOffice'&#xD;
&#xD;
2019-09-23 11:01:28 - [TEST_STEP][PASSED] - click(findTestObject("Regression BackOffice/Login/LoginBackOffice")): Object: 'Object Repository/Regression BackOffice/Login/LoginBackOffice' is clicked on&#xD;
&#xD;
2019-09-23 11:01:33 - [MESSAGE][PASSED] - Object: 'Object Repository/Regression BackOffice/Login/LoginBackOffice' is clicked on&#xD;
&#xD;
2019-09-23 11:01:33 - [TEST_STEP][PASSED] - waitForPageLoad(60): Wait for page load successfully&#xD;
&#xD;
2019-09-23 11:01:33 - [MESSAGE][PASSED] - Wait for page load successfully&#xD;
&#xD;
2019-09-23 11:01:33 - [TEST_STEP][PASSED] - delay(2): Delayed 2 second(s)&#xD;
&#xD;
2019-09-23 11:01:35 - [MESSAGE][PASSED] - Delayed 2 second(s)&#xD;
&#xD;
2019-09-23 11:01:35 - [TEST_STEP][PASSED] - switchToFrame(findTestObject("Regression BackOffice/CLINK-Frames/FrameFrameLeft"), 5, STOP_ON_FAILURE): null&#xD;
&#xD;
2019-09-23 11:01:35 - [TEST_STEP][PASSED] - delay(2): Delayed 2 second(s)&#xD;
&#xD;
2019-09-23 11:01:37 - [MESSAGE][PASSED] - Delayed 2 second(s)&#xD;
&#xD;
2019-09-23 11:01:37 - [TEST_STEP][PASSED] - waitForElementPresent(findTestObject("Regression BackOffice/CLINK-Frames/ClientIntake"), 50): Object 'Object Repository/Regression BackOffice/CLINK-Frames/ClientIntake' is present&#xD;
&#xD;
2019-09-23 11:01:37 - [MESSAGE][PASSED] - Object 'Object Repository/Regression BackOffice/CLINK-Frames/ClientIntake' is present&#xD;
&#xD;
2019-09-23 11:01:37 - [TEST_STEP][PASSED] - verifyElementPresent(findTestObject("Regression BackOffice/CLINK-Frames/ClientIntake"), 100, STOP_ON_FAILURE): Object 'Object Repository/Regression BackOffice/CLINK-Frames/ClientIntake' is present&#xD;
&#xD;
2019-09-23 11:01:37 - [MESSAGE][PASSED] - Object 'Object Repository/Regression BackOffice/CLINK-Frames/ClientIntake' is present&#xD;
&#xD;
2019-09-23 11:01:37 - [TEST_STEP][PASSED] - switchToDefaultContent(): null&#xD;
&#xD;
2019-09-23 11:01:37 - [MESSAGE][PASSED] - Call Test Case 'Test Cases/Regression BackOffice (All Browsers)/CLNK-23439 - Clink - Back office Client' successfully&#xD;
&#xD;
2019-09-23 11:01:37 - [TEST_STEP][PASSED] - waitForPageLoad(60): Wait for page load successfully&#xD;
&#xD;
2019-09-23 11:01:37 - [MESSAGE][PASSED] - Wait for page load successfully&#xD;
&#xD;
2019-09-23 11:01:37 - [TEST_STEP][PASSED] - delay(3): Delayed 3 second(s)&#xD;
&#xD;
2019-09-23 11:01:40 - [MESSAGE][PASSED] - Delayed 3 second(s)&#xD;
&#xD;
2019-09-23 11:01:40 - [TEST_STEP][PASSED] - switchToFrame(findTestObject("Regression BackOffice/CLNK-23449/FrameLeft"), 30): null&#xD;
&#xD;
2019-09-23 11:01:40 - [TEST_STEP][PASSED] - waitForElementPresent(findTestObject("Regression BackOffice/CLNK-23449/ClienIntakeICon"), 100): Object 'Object Repository/Regression BackOffice/CLNK-23449/ClienIntakeICon' is present&#xD;
&#xD;
2019-09-23 11:01:40 - [MESSAGE][PASSED] - Object 'Object Repository/Regression BackOffice/CLNK-23449/ClienIntakeICon' is present&#xD;
&#xD;
2019-09-23 11:01:40 - [TEST_STEP][PASSED] - click(findTestObject("Regression BackOffice/CLNK-23449/ClienIntakeICon")): Object: 'Object Repository/Regression BackOffice/CLNK-23449/ClienIntakeICon' is clicked on&#xD;
&#xD;
2019-09-23 11:01:40 - [MESSAGE][PASSED] - Object: 'Object Repository/Regression BackOffice/CLNK-23449/ClienIntakeICon' is clicked on&#xD;
&#xD;
2019-09-23 11:01:40 - [TEST_STEP][PASSED] - delay(2): Delayed 2 second(s)&#xD;
&#xD;
2019-09-23 11:01:42 - [MESSAGE][PASSED] - Delayed 2 second(s)&#xD;
&#xD;
2019-09-23 11:01:42 - [TEST_STEP][PASSED] - waitForPageLoad(50): Wait for page load successfully&#xD;
&#xD;
2019-09-23 11:01:42 - [MESSAGE][PASSED] - Wait for page load successfully&#xD;
&#xD;
2019-09-23 11:01:42 - [TEST_STEP][PASSED] - scrollToElement(findTestObject("Regression BackOffice/CLINK-17180/Client  Intake Reports Link"), 50): Scroll to object 'Object Repository/Regression BackOffice/CLINK-17180/Client  Intake Reports Link' successfully&#xD;
&#xD;
2019-09-23 11:01:43 - [MESSAGE][PASSED] - Scroll to object 'Object Repository/Regression BackOffice/CLINK-17180/Client  Intake Reports Link' successfully&#xD;
&#xD;
2019-09-23 11:01:43 - [TEST_STEP][PASSED] - click(findTestObject("Regression BackOffice/CLINK-17180/Client  Intake Reports Link")): Object: 'Object Repository/Regression BackOffice/CLINK-17180/Client  Intake Reports Link' is clicked on&#xD;
&#xD;
2019-09-23 11:01:44 - [MESSAGE][PASSED] - Object: 'Object Repository/Regression BackOffice/CLINK-17180/Client  Intake Reports Link' is clicked on&#xD;
&#xD;
2019-09-23 11:01:44 - [TEST_STEP][PASSED] - delay(2): Delayed 2 second(s)&#xD;
&#xD;
2019-09-23 11:01:46 - [MESSAGE][PASSED] - Delayed 2 second(s)&#xD;
&#xD;
2019-09-23 11:01:46 - [TEST_STEP][PASSED] - switchToDefaultContent(): null&#xD;
&#xD;
2019-09-23 11:01:46 - [TEST_STEP][PASSED] - switchToFrame(findTestObject("Regression BackOffice/CLNK-23449/FrameMain"), 30): null&#xD;
&#xD;
2019-09-23 11:01:46 - [TEST_STEP][PASSED] - waitForElementPresent(findTestObject("Regression BackOffice/CLINK-17180/Admission Authorization Changes Report Link"), 50): Object 'Object Repository/Regression BackOffice/CLINK-17180/Admission Authorization Changes Report Link' is present&#xD;
&#xD;
2019-09-23 11:01:46 - [MESSAGE][PASSED] - Object 'Object Repository/Regression BackOffice/CLINK-17180/Admission Authorization Changes Report Link' is present&#xD;
&#xD;
2019-09-23 11:01:46 - [TEST_STEP][PASSED] - click(findTestObject("Regression BackOffice/CLINK-17180/Admission Authorization Changes Report Link")): Object: 'Object Repository/Regression BackOffice/CLINK-17180/Admission Authorization Changes Report Link' is clicked on&#xD;
&#xD;
2019-09-23 11:01:53 - [MESSAGE][PASSED] - Object: 'Object Repository/Regression BackOffice/CLINK-17180/Admission Authorization Changes Report Link' is clicked on&#xD;
&#xD;
2019-09-23 11:01:53 - [TEST_STEP][PASSED] - delay(2): Delayed 2 second(s)&#xD;
&#xD;
2019-09-23 11:01:55 - [MESSAGE][PASSED] - Delayed 2 second(s)&#xD;
&#xD;
2019-09-23 11:01:55 - [TEST_STEP][PASSED] - waitForPageLoad(60): Wait for page load successfully&#xD;
&#xD;
2019-09-23 11:01:55 - [MESSAGE][PASSED] - Wait for page load successfully&#xD;
&#xD;
2019-09-23 11:01:55 - [TEST_STEP][PASSED] - waitForElementPresent(findTestObject("Regression BackOffice/CLINK-17180/Search Client Link"), 50): Object 'Object Repository/Regression BackOffice/CLINK-17180/Search Client Link' is present&#xD;
&#xD;
2019-09-23 11:01:55 - [MESSAGE][PASSED] - Object 'Object Repository/Regression BackOffice/CLINK-17180/Search Client Link' is present&#xD;
&#xD;
2019-09-23 11:01:55 - [TEST_STEP][PASSED] - click(findTestObject("Regression BackOffice/CLINK-17180/Search Client Link")): Object: 'Object Repository/Regression BackOffice/CLINK-17180/Search Client Link' is clicked on&#xD;
&#xD;
2019-09-23 11:01:55 - [MESSAGE][PASSED] - Object: 'Object Repository/Regression BackOffice/CLINK-17180/Search Client Link' is clicked on&#xD;
&#xD;
2019-09-23 11:01:55 - [TEST_STEP][PASSED] - delay(2): Delayed 2 second(s)&#xD;
&#xD;
2019-09-23 11:01:57 - [MESSAGE][PASSED] - Delayed 2 second(s)&#xD;
&#xD;
2019-09-23 11:01:57 - [TEST_STEP][PASSED] - switchToDefaultContent(): null&#xD;
&#xD;
2019-09-23 11:01:57 - [TEST_STEP][PASSED] - switchToWindowUrl(G_BackWindow): Cannot find window with url: 'http://qanewpoc.continulink.com:81/backoffice/Client/ClientSearch.aspx?search=true' (Root cause: com.kms.katalon.core.exception.StepFailedException: Cannot find window with url: 'http://qanewpoc.continulink.com:81/backoffice/Client/ClientSearch.aspx?search=true'&#xD;
	at com.kms.katalon.core.webui.keyword.internal.WebUIKeywordMain.stepFailed(WebUIKeywordMain.groovy:64)&#xD;
	at com.kms.katalon.core.webui.keyword.builtin.SwitchToWindowUrlKeyword$_switchToWindowUrl_closure1.doCall(SwitchToWindowUrlKeyword.groovy:82)&#xD;
	at com.kms.katalon.core.webui.keyword.builtin.SwitchToWindowUrlKeyword$_switchToWindowUrl_closure1.call(SwitchToWindowUrlKeyword.groovy)&#xD;
	at com.kms.katalon.core.webui.keyword.internal.WebUIKeywordMain.runKeyword(WebUIKeywordMain.groovy:20)&#xD;
	at com.kms.katalon.core.webui.keyword.builtin.SwitchToWindowUrlKeyword.switchToWindowUrl(SwitchToWindowUrlKeyword.groovy:84)&#xD;
	at com.kms.katalon.core.webui.keyword.builtin.SwitchToWindowUrlKeyword.execute(SwitchToWindowUrlKeyword.groovy:67)&#xD;
	at com.kms.katalon.core.keyword.internal.KeywordExecutor.executeKeywordForPlatform(KeywordExecutor.groovy:56)&#xD;
	at com.kms.katalon.core.webui.keyword.WebUiBuiltInKeywords.switchToWindowUrl(WebUiBuiltInKeywords.groovy:1807)&#xD;
	at com.kms.katalon.core.webui.keyword.WebUiBuiltInKeywords$switchToWindowUrl$22.call(Unknown Source)&#xD;
	at CLNK-17180 - Admission Authorization Changes Report.run(CLNK-17180 - Admission Authorization Changes Report:62)&#xD;
	at com.kms.katalon.core.main.ScriptEngine.run(ScriptEngine.java:194)&#xD;
	at com.kms.katalon.core.main.ScriptEngine.runScriptAsRawText(ScriptEngine.java:119)&#xD;
	at com.kms.katalon.core.main.TestCaseExecutor.runScript(TestCaseExecutor.java:337)&#xD;
	at com.kms.katalon.core.main.TestCaseExecutor.doExecute(TestCaseExecutor.java:328)&#xD;
	at com.kms.katalon.core.main.TestCaseExecutor.processExecutionPhase(TestCaseExecutor.java:307)&#xD;
	at com.kms.katalon.core.main.TestCaseExecutor.accessMainPhase(TestCaseExecutor.java:299)&#xD;
	at com.kms.katalon.core.main.TestCaseExecutor.execute(TestCaseExecutor.java:233)&#xD;
	at com.kms.katalon.core.main.TestSuiteExecutor.accessTestCaseMainPhase(TestSuiteExecutor.java:169)&#xD;
	at com.kms.katalon.core.main.TestSuiteExecutor.accessTestSuiteMainPhase(TestSuiteExecutor.java:142)&#xD;
	at com.kms.katalon.core.main.TestSuiteExecutor.execute(TestSuiteExecutor.java:91)&#xD;
	at com.kms.katalon.core.main.TestCaseMain.startTestSuite(TestCaseMain.java:157)&#xD;
	at com.kms.katalon.core.main.TestCaseMain$startTestSuite$0.call(Unknown Source)&#xD;
	at TempTestSuite1569245946628.run(TempTestSuite1569245946628.groovy:35)&#xD;
)&#xD;
&#xD;
2019-09-23 11:02:43 - [MESSAGE][WARNING] - Cannot find window with url: 'http://qanewpoc.continulink.com:81/backoffice/Client/ClientSearch.aspx?search=true' (Root cause: com.kms.katalon.core.exception.StepFailedException: Cannot find window with url: 'http://qanewpoc.continulink.com:81/backoffice/Client/ClientSearch.aspx?search=true'&#xD;
	at com.kms.katalon.core.webui.keyword.internal.WebUIKeywordMain.stepFailed(WebUIKeywordMain.groovy:64)&#xD;
	at com.kms.katalon.core.webui.keyword.builtin.SwitchToWindowUrlKeyword$_switchToWindowUrl_closure1.doCall(SwitchToWindowUrlKeyword.groovy:82)&#xD;
	at com.kms.katalon.core.webui.keyword.builtin.SwitchToWindowUrlKeyword$_switchToWindowUrl_closure1.call(SwitchToWindowUrlKeyword.groovy)&#xD;
	at com.kms.katalon.core.webui.keyword.internal.WebUIKeywordMain.runKeyword(WebUIKeywordMain.groovy:20)&#xD;
	at com.kms.katalon.core.webui.keyword.builtin.SwitchToWindowUrlKeyword.switchToWindowUrl(SwitchToWindowUrlKeyword.groovy:84)&#xD;
	at com.kms.katalon.core.webui.keyword.builtin.SwitchToWindowUrlKeyword.execute(SwitchToWindowUrlKeyword.groovy:67)&#xD;
	at com.kms.katalon.core.keyword.internal.KeywordExecutor.executeKeywordForPlatform(KeywordExecutor.groovy:56)&#xD;
	at com.kms.katalon.core.webui.keyword.WebUiBuiltInKeywords.switchToWindowUrl(WebUiBuiltInKeywords.groovy:1807)&#xD;
	at com.kms.katalon.core.webui.keyword.WebUiBuiltInKeywords$switchToWindowUrl$22.call(Unknown Source)&#xD;
	at CLNK-17180 - Admission Authorization Changes Report.run(CLNK-17180 - Admission Authorization Changes Report:62)&#xD;
	at com.kms.katalon.core.main.ScriptEngine.run(ScriptEngine.java:194)&#xD;
	at com.kms.katalon.core.main.ScriptEngine.runScriptAsRawText(ScriptEngine.java:119)&#xD;
	at com.kms.katalon.core.main.TestCaseExecutor.runScript(TestCaseExecutor.java:337)&#xD;
	at com.kms.katalon.core.main.TestCaseExecutor.doExecute(TestCaseExecutor.java:328)&#xD;
	at com.kms.katalon.core.main.TestCaseExecutor.processExecutionPhase(TestCaseExecutor.java:307)&#xD;
	at com.kms.katalon.core.main.TestCaseExecutor.accessMainPhase(TestCaseExecutor.java:299)&#xD;
	at com.kms.katalon.core.main.TestCaseExecutor.execute(TestCaseExecutor.java:233)&#xD;
	at com.kms.katalon.core.main.TestSuiteExecutor.accessTestCaseMainPhase(TestSuiteExecutor.java:169)&#xD;
	at com.kms.katalon.core.main.TestSuiteExecutor.accessTestSuiteMainPhase(TestSuiteExecutor.java:142)&#xD;
	at com.kms.katalon.core.main.TestSuiteExecutor.execute(TestSuiteExecutor.java:91)&#xD;
	at com.kms.katalon.core.main.TestCaseMain.startTestSuite(TestCaseMain.java:157)&#xD;
	at com.kms.katalon.core.main.TestCaseMain$startTestSuite$0.call(Unknown Source)&#xD;
	at TempTestSuite1569245946628.run(TempTestSuite1569245946628.groovy:35)&#xD;
)&#xD;
[[ATTACHMENT|C:\\Users\\isaac\\Desktop\\Clientes\\ProcuraCanada\\Katalon Studio\\Continulink\\Reports\\20190923_103834\\Regression BackOffice\\Regression BackOffice\\20190923_103906\\1569247362959.png]]&#xD;
&#xD;
2019-09-23 11:02:43 - [TEST_STEP][PASSED] - waitForPageLoad(60): Wait for page load successfully&#xD;
&#xD;
2019-09-23 11:02:43 - [MESSAGE][PASSED] - Wait for page load successfully&#xD;
&#xD;
2019-09-23 11:02:43 - [TEST_STEP][PASSED] - maximizeWindow(): Current window maximized&#xD;
&#xD;
2019-09-23 11:02:43 - [MESSAGE][PASSED] - Current window maximized&#xD;
&#xD;
2019-09-23 11:02:43 - [TEST_STEP][PASSED] - waitForElementPresent(findTestObject("Regression BackOffice/CLINK-17180/Last Name"), 50): Object 'Object Repository/Regression BackOffice/CLINK-17180/Last Name' is present&#xD;
&#xD;
2019-09-23 11:02:43 - [MESSAGE][PASSED] - Object 'Object Repository/Regression BackOffice/CLINK-17180/Last Name' is present&#xD;
&#xD;
2019-09-23 11:02:43 - [TEST_STEP][PASSED] - sendKeys(findTestObject("Regression BackOffice/CLINK-17180/Last Name"), G_ClientLastName): Keys 'Danielisky' sent to object: 'Object Repository/Regression BackOffice/CLINK-17180/Last Name'&#xD;
&#xD;
2019-09-23 11:02:43 - [MESSAGE][PASSED] - Keys 'Danielisky' sent to object: 'Object Repository/Regression BackOffice/CLINK-17180/Last Name'&#xD;
&#xD;
2019-09-23 11:02:43 - [TEST_STEP][PASSED] - delay(2): Delayed 2 second(s)&#xD;
&#xD;
2019-09-23 11:02:45 - [MESSAGE][PASSED] - Delayed 2 second(s)&#xD;
&#xD;
2019-09-23 11:02:45 - [TEST_STEP][PASSED] - waitForElementPresent(findTestObject("Regression BackOffice/CLINK - 27906/SearchButton"), 50): Object 'Object Repository/Regression BackOffice/CLINK - 27906/SearchButton' is present&#xD;
&#xD;
2019-09-23 11:02:45 - [MESSAGE][PASSED] - Object 'Object Repository/Regression BackOffice/CLINK - 27906/SearchButton' is present&#xD;
&#xD;
2019-09-23 11:02:45 - [TEST_STEP][PASSED] - click(findTestObject("Regression BackOffice/CLINK - 27906/SearchButton"), STOP_ON_FAILURE): Object: 'Object Repository/Regression BackOffice/CLINK - 27906/SearchButton' is clicked on&#xD;
&#xD;
2019-09-23 11:02:46 - [MESSAGE][PASSED] - Object: 'Object Repository/Regression BackOffice/CLINK - 27906/SearchButton' is clicked on&#xD;
&#xD;
2019-09-23 11:02:46 - [TEST_STEP][PASSED] - delay(2): Delayed 2 second(s)&#xD;
&#xD;
2019-09-23 11:02:48 - [MESSAGE][PASSED] - Delayed 2 second(s)&#xD;
&#xD;
2019-09-23 11:02:48 - [TEST_STEP][PASSED] - waitForElementPresent(findTestObject("Regression BackOffice/CLINK - 27906/ClientRollbackLink"), 50): Object 'Object Repository/Regression BackOffice/CLINK - 27906/ClientRollbackLink' is present&#xD;
&#xD;
2019-09-23 11:02:48 - [MESSAGE][PASSED] - Object 'Object Repository/Regression BackOffice/CLINK - 27906/ClientRollbackLink' is present&#xD;
&#xD;
2019-09-23 11:02:48 - [TEST_STEP][PASSED] - click(findTestObject("Regression BackOffice/CLINK - 27906/ClientRollbackLink")): Object: 'Object Repository/Regression BackOffice/CLINK - 27906/ClientRollbackLink' is clicked on&#xD;
&#xD;
2019-09-23 11:02:48 - [MESSAGE][PASSED] - Object: 'Object Repository/Regression BackOffice/CLINK - 27906/ClientRollbackLink' is clicked on&#xD;
&#xD;
2019-09-23 11:02:48 - [TEST_STEP][PASSED] - switchToDefaultContent(): null&#xD;
&#xD;
2019-09-23 11:02:52 - [TEST_STEP][PASSED] - switchToFrame(findTestObject("Regression BackOffice/CLNK-23449/FrameMain"), 30): null&#xD;
&#xD;
2019-09-23 11:02:53 - [TEST_STEP][PASSED] - waitForPageLoad(60): Wait for page load successfully&#xD;
&#xD;
2019-09-23 11:02:53 - [MESSAGE][PASSED] - Wait for page load successfully&#xD;
&#xD;
2019-09-23 11:02:53 - [TEST_STEP][PASSED] - delay(2): Delayed 2 second(s)&#xD;
&#xD;
2019-09-23 11:02:55 - [MESSAGE][PASSED] - Delayed 2 second(s)&#xD;
&#xD;
2019-09-23 11:02:55 - [TEST_STEP][PASSED] - waitForElementPresent(findTestObject("Regression BackOffice/CLINK-17180/EpisodeAdmisionDetails"), 50): Object 'Object Repository/Regression BackOffice/CLINK-17180/EpisodeAdmisionDetails' is present&#xD;
&#xD;
2019-09-23 11:02:55 - [MESSAGE][PASSED] - Object 'Object Repository/Regression BackOffice/CLINK-17180/EpisodeAdmisionDetails' is present&#xD;
&#xD;
2019-09-23 11:02:55 - [TEST_STEP][PASSED] - click(findTestObject("Regression BackOffice/CLINK-17180/EpisodeAdmisionDetails"), STOP_ON_FAILURE): Object: 'Object Repository/Regression BackOffice/CLINK-17180/EpisodeAdmisionDetails' is clicked on&#xD;
&#xD;
2019-09-23 11:02:55 - [MESSAGE][PASSED] - Object: 'Object Repository/Regression BackOffice/CLINK-17180/EpisodeAdmisionDetails' is clicked on&#xD;
&#xD;
2019-09-23 11:02:55 - [TEST_STEP][PASSED] - sendKeys(findTestObject("Regression BackOffice/CLINK-17180/EpisodeAdmisionDetails"), Keys.chord(ARROW_DOWN, ENTER)): Keys 'DOWN + ENTER + ' sent to object: 'Object Repository/Regression BackOffice/CLINK-17180/EpisodeAdmisionDetails'&#xD;
&#xD;
2019-09-23 11:02:55 - [MESSAGE][PASSED] - Keys 'DOWN + ENTER + ' sent to object: 'Object Repository/Regression BackOffice/CLINK-17180/EpisodeAdmisionDetails'&#xD;
&#xD;
2019-09-23 11:02:55 - [TEST_STEP][PASSED] - delay(3): Delayed 3 second(s)&#xD;
&#xD;
2019-09-23 11:02:58 - [MESSAGE][PASSED] - Delayed 3 second(s)&#xD;
&#xD;
2019-09-23 11:02:58 - [TEST_STEP][PASSED] - waitForElementPresent(findTestObject("Regression BackOffice/CLINK-17180/ServiceTypeHHA"), 50): Object 'Object Repository/Regression BackOffice/CLINK-17180/ServiceTypeHHA' is present&#xD;
&#xD;
2019-09-23 11:02:58 - [MESSAGE][PASSED] - Object 'Object Repository/Regression BackOffice/CLINK-17180/ServiceTypeHHA' is present&#xD;
&#xD;
2019-09-23 11:02:58 - [TEST_STEP][PASSED] - click(findTestObject("Regression BackOffice/CLINK-17180/ServiceTypeHHA"), STOP_ON_FAILURE): Object: 'Object Repository/Regression BackOffice/CLINK-17180/ServiceTypeHHA' is clicked on&#xD;
&#xD;
2019-09-23 11:02:58 - [MESSAGE][PASSED] - Object: 'Object Repository/Regression BackOffice/CLINK-17180/ServiceTypeHHA' is clicked on&#xD;
&#xD;
2019-09-23 11:02:58 - [TEST_STEP][PASSED] - sendKeys(findTestObject("Regression BackOffice/CLINK-17180/ServiceTypeHHA"), Keys.chord(ARROW_DOWN, ARROW_DOWN, ENTER)): Keys 'DOWN + DOWN + ENTER + ' sent to object: 'Object Repository/Regression BackOffice/CLINK-17180/ServiceTypeHHA'&#xD;
&#xD;
2019-09-23 11:02:59 - [MESSAGE][PASSED] - Keys 'DOWN + DOWN + ENTER + ' sent to object: 'Object Repository/Regression BackOffice/CLINK-17180/ServiceTypeHHA'&#xD;
&#xD;
2019-09-23 11:02:59 - [TEST_STEP][PASSED] - delay(2): Delayed 2 second(s)&#xD;
&#xD;
2019-09-23 11:03:01 - [MESSAGE][PASSED] - Delayed 2 second(s)&#xD;
&#xD;
2019-09-23 11:03:01 - [TEST_STEP][PASSED] - waitForElementPresent(findTestObject("Regression BackOffice/CLINK-17180/GroupSelfPayName"), 50): Object 'Object Repository/Regression BackOffice/CLINK-17180/GroupSelfPayName' is present&#xD;
&#xD;
2019-09-23 11:03:01 - [MESSAGE][PASSED] - Object 'Object Repository/Regression BackOffice/CLINK-17180/GroupSelfPayName' is present&#xD;
&#xD;
2019-09-23 11:03:01 - [TEST_STEP][PASSED] - click(findTestObject("Regression BackOffice/CLINK-17180/GroupSelfPayName"), STOP_ON_FAILURE): Object: 'Object Repository/Regression BackOffice/CLINK-17180/GroupSelfPayName' is clicked on&#xD;
&#xD;
2019-09-23 11:03:01 - [MESSAGE][PASSED] - Object: 'Object Repository/Regression BackOffice/CLINK-17180/GroupSelfPayName' is clicked on&#xD;
&#xD;
2019-09-23 11:03:01 - [TEST_STEP][PASSED] - sendKeys(findTestObject("Regression BackOffice/CLINK-17180/GroupSelfPayName"), Keys.chord(ARROW_DOWN, ARROW_DOWN, ARROW_DOWN, ENTER)): Keys 'DOWN + DOWN + DOWN + ENTER + ' sent to object: 'Object Repository/Regression BackOffice/CLINK-17180/GroupSelfPayName'&#xD;
&#xD;
2019-09-23 11:03:01 - [MESSAGE][PASSED] - Keys 'DOWN + DOWN + DOWN + ENTER + ' sent to object: 'Object Repository/Regression BackOffice/CLINK-17180/GroupSelfPayName'&#xD;
&#xD;
2019-09-23 11:03:01 - [TEST_STEP][PASSED] - waitForElementPresent(findTestObject("Regression BackOffice/CLINK-17180/FromDate"), 50): Object 'Object Repository/Regression BackOffice/CLINK-17180/FromDate' is present&#xD;
&#xD;
2019-09-23 11:03:01 - [MESSAGE][PASSED] - Object 'Object Repository/Regression BackOffice/CLINK-17180/FromDate' is present&#xD;
&#xD;
2019-09-23 11:03:01 - [TEST_STEP][PASSED] - setText(findTestObject("Regression BackOffice/CLINK-17180/FromDate"), "01/01/2017"): Text '01/01/2017' is set on object 'Object Repository/Regression BackOffice/CLINK-17180/FromDate'&#xD;
&#xD;
2019-09-23 11:03:02 - [MESSAGE][PASSED] - Text '01/01/2017' is set on object 'Object Repository/Regression BackOffice/CLINK-17180/FromDate'&#xD;
&#xD;
2019-09-23 11:03:02 - [TEST_STEP][PASSED] - delay(2): Delayed 2 second(s)&#xD;
&#xD;
2019-09-23 11:03:04 - [MESSAGE][PASSED] - Delayed 2 second(s)&#xD;
&#xD;
2019-09-23 11:03:04 - [TEST_STEP][PASSED] - waitForElementPresent(findTestObject("Regression BackOffice/CLINK-17180/ToDate"), 50): Object 'Object Repository/Regression BackOffice/CLINK-17180/ToDate' is present&#xD;
&#xD;
2019-09-23 11:03:04 - [MESSAGE][PASSED] - Object 'Object Repository/Regression BackOffice/CLINK-17180/ToDate' is present&#xD;
&#xD;
2019-09-23 11:03:04 - [TEST_STEP][PASSED] - setText(findTestObject("Regression BackOffice/CLINK-17180/ToDate"), getDate.DateUtilities.getDateMonthDayYearNumberwithSlash()): Text '09/23/2019' is set on object 'Object Repository/Regression BackOffice/CLINK-17180/ToDate'&#xD;
&#xD;
2019-09-23 11:03:04 - [MESSAGE][PASSED] - getDate.DateUtilities.getDateMonthDayYearNumberwithSlash is PASSED&#xD;
&#xD;
2019-09-23 11:03:04 - [MESSAGE][PASSED] - Text '09/23/2019' is set on object 'Object Repository/Regression BackOffice/CLINK-17180/ToDate'&#xD;
&#xD;
2019-09-23 11:03:04 - [TEST_STEP][PASSED] - delay(2): Delayed 2 second(s)&#xD;
&#xD;
2019-09-23 11:03:06 - [MESSAGE][PASSED] - Delayed 2 second(s)&#xD;
&#xD;
2019-09-23 11:03:06 - [TEST_STEP][PASSED] - waitForElementPresent(findTestObject("Regression BackOffice/CLINK-17180/a_Show Report"), 50): Object 'Object Repository/Regression BackOffice/CLINK-17180/a_Show Report' is present&#xD;
&#xD;
2019-09-23 11:03:06 - [MESSAGE][PASSED] - Object 'Object Repository/Regression BackOffice/CLINK-17180/a_Show Report' is present&#xD;
&#xD;
2019-09-23 11:03:06 - [TEST_STEP][PASSED] - click(findTestObject("Regression BackOffice/CLINK-17180/a_Show Report"), STOP_ON_FAILURE): Object: 'Object Repository/Regression BackOffice/CLINK-17180/a_Show Report' is clicked on&#xD;
&#xD;
2019-09-23 11:03:23 - [MESSAGE][PASSED] - Object: 'Object Repository/Regression BackOffice/CLINK-17180/a_Show Report' is clicked on&#xD;
&#xD;
2019-09-23 11:03:23 - [TEST_STEP][PASSED] - delay(2): Delayed 2 second(s)&#xD;
&#xD;
2019-09-23 11:03:25 - [MESSAGE][PASSED] - Delayed 2 second(s)&#xD;
&#xD;
2019-09-23 11:03:25 - [TEST_STEP][PASSED] - waitForPageLoad(60): Wait for page load successfully&#xD;
&#xD;
2019-09-23 11:03:25 - [MESSAGE][PASSED] - Wait for page load successfully&#xD;
&#xD;
2019-09-23 11:03:25 - [TEST_STEP][PASSED] - delay(4): Delayed 4 second(s)&#xD;
&#xD;
2019-09-23 11:03:29 - [MESSAGE][PASSED] - Delayed 4 second(s)&#xD;
&#xD;
2019-09-23 11:03:29 - [TEST_STEP][PASSED] - closeBrowser(): Browser is closed&#xD;
&#xD;
2019-09-23 11:03:30 - [MESSAGE][PASSED] - Browser is closed</system-out>
            <system-err></system-err>
        </testcase>
        <testcase name="Test Cases/Regression BackOffice (All Browsers)/CLNK-17788 - (Task A) New Clinical Manager Caregiver Property" classname="Test Cases/Regression BackOffice (All Browsers)/CLNK-17788 - (Task A) New Clinical Manager Caregiver Property" status="PASSED">
            <system-out>2019-09-23 11:03:32 - [TEST_CASE][PASSED] - Test Cases/Regression BackOffice (All Browsers)/CLNK-17788 - (Task A) New Clinical Manager Caregiver Property: Test Cases/Regression BackOffice (All Browsers)/CLNK-17788 - (Task A) New Clinical Manager Caregiver Property&#xD;
&#xD;
2019-09-23 11:03:32 - [TEST_STEP][PASSED] - callTestCase(findTestCase("Regression BackOffice (All Browsers)/CLNK-23439 - Clink - Back office Client"), [:], STOP_ON_FAILURE): Call Test Case 'Test Cases/Regression BackOffice (All Browsers)/CLNK-23439 - Clink - Back office Client' successfully&#xD;
&#xD;
2019-09-23 11:03:32 - [TEST_CASE][PASSED] - Test Cases/Regression BackOffice (All Browsers)/CLNK-23439 - Clink - Back office Client: Test Cases/Regression BackOffice (All Browsers)/CLNK-23439 - Clink - Back office Client&#xD;
&#xD;
2019-09-23 11:03:32 - [TEST_STEP][PASSED] - deleteAllCookies(): Delete all cookies successfully&#xD;
&#xD;
2019-09-23 11:03:32 - [MESSAGE][WARNING] - Cannot delete cookies because browser is closed&#xD;
&#xD;
2019-09-23 11:03:32 - [MESSAGE][PASSED] - Delete all cookies successfully&#xD;
&#xD;
2019-09-23 11:03:32 - [TEST_STEP][PASSED] - openBrowser(G_SiteBackOffice): Browser is opened with url: 'https://qanewpoc.continulink.com:8443/Backoffice/'&#xD;
&#xD;
2019-09-23 11:03:32 - [MESSAGE][INFO] - Starting 'Chrome' driver&#xD;
&#xD;
2019-09-23 11:03:40 - [MESSAGE][PASSED] - Browser is opened with url: 'https://qanewpoc.continulink.com:8443/Backoffice/'&#xD;
&#xD;
2019-09-23 11:03:40 - [TEST_STEP][PASSED] - waitForPageLoad(60): Wait for page load successfully&#xD;
&#xD;
2019-09-23 11:03:40 - [MESSAGE][PASSED] - Wait for page load successfully&#xD;
&#xD;
2019-09-23 11:03:40 - [TEST_STEP][PASSED] - maximizeWindow(): Current window maximized&#xD;
&#xD;
2019-09-23 11:03:44 - [MESSAGE][PASSED] - Current window maximized&#xD;
&#xD;
2019-09-23 11:03:44 - [TEST_STEP][PASSED] - setText(findTestObject("Regression BackOffice/Login/UserBackOffice"), G_UserBackOffice): Text 'automation_admin' is set on object 'Object Repository/Regression BackOffice/Login/UserBackOffice'&#xD;
&#xD;
2019-09-23 11:03:45 - [MESSAGE][PASSED] - Text 'automation_admin' is set on object 'Object Repository/Regression BackOffice/Login/UserBackOffice'&#xD;
&#xD;
2019-09-23 11:03:45 - [TEST_STEP][PASSED] - setText(findTestObject("Regression BackOffice/Login/PasswordBackOffice"), G_PasswordBackOffice): Text 'qwerty' is set on object 'Object Repository/Regression BackOffice/Login/PasswordBackOffice'&#xD;
&#xD;
2019-09-23 11:03:45 - [MESSAGE][PASSED] - Text 'qwerty' is set on object 'Object Repository/Regression BackOffice/Login/PasswordBackOffice'&#xD;
&#xD;
2019-09-23 11:03:45 - [TEST_STEP][PASSED] - click(findTestObject("Regression BackOffice/Login/LoginBackOffice")): Object: 'Object Repository/Regression BackOffice/Login/LoginBackOffice' is clicked on&#xD;
&#xD;
2019-09-23 11:03:50 - [MESSAGE][PASSED] - Object: 'Object Repository/Regression BackOffice/Login/LoginBackOffice' is clicked on&#xD;
&#xD;
2019-09-23 11:03:50 - [TEST_STEP][PASSED] - waitForPageLoad(60): Wait for page load successfully&#xD;
&#xD;
2019-09-23 11:03:50 - [MESSAGE][PASSED] - Wait for page load successfully&#xD;
&#xD;
2019-09-23 11:03:50 - [TEST_STEP][PASSED] - delay(2): Delayed 2 second(s)&#xD;
&#xD;
2019-09-23 11:03:52 - [MESSAGE][PASSED] - Delayed 2 second(s)&#xD;
&#xD;
2019-09-23 11:03:52 - [TEST_STEP][PASSED] - switchToFrame(findTestObject("Regression BackOffice/CLINK-Frames/FrameFrameLeft"), 5, STOP_ON_FAILURE): null&#xD;
&#xD;
2019-09-23 11:03:52 - [TEST_STEP][PASSED] - delay(2): Delayed 2 second(s)&#xD;
&#xD;
2019-09-23 11:03:54 - [MESSAGE][PASSED] - Delayed 2 second(s)&#xD;
&#xD;
2019-09-23 11:03:54 - [TEST_STEP][PASSED] - waitForElementPresent(findTestObject("Regression BackOffice/CLINK-Frames/ClientIntake"), 50): Object 'Object Repository/Regression BackOffice/CLINK-Frames/ClientIntake' is present&#xD;
&#xD;
2019-09-23 11:03:54 - [MESSAGE][PASSED] - Object 'Object Repository/Regression BackOffice/CLINK-Frames/ClientIntake' is present&#xD;
&#xD;
2019-09-23 11:03:54 - [TEST_STEP][PASSED] - verifyElementPresent(findTestObject("Regression BackOffice/CLINK-Frames/ClientIntake"), 100, STOP_ON_FAILURE): Object 'Object Repository/Regression BackOffice/CLINK-Frames/ClientIntake' is present&#xD;
&#xD;
2019-09-23 11:03:54 - [MESSAGE][PASSED] - Object 'Object Repository/Regression BackOffice/CLINK-Frames/ClientIntake' is present&#xD;
&#xD;
2019-09-23 11:03:54 - [TEST_STEP][PASSED] - switchToDefaultContent(): null&#xD;
&#xD;
2019-09-23 11:03:54 - [MESSAGE][PASSED] - Call Test Case 'Test Cases/Regression BackOffice (All Browsers)/CLNK-23439 - Clink - Back office Client' successfully&#xD;
&#xD;
2019-09-23 11:03:54 - [TEST_STEP][PASSED] - waitForPageLoad(60): Wait for page load successfully&#xD;
&#xD;
2019-09-23 11:03:54 - [MESSAGE][PASSED] - Wait for page load successfully&#xD;
&#xD;
2019-09-23 11:03:54 - [TEST_STEP][PASSED] - delay(3): Delayed 3 second(s)&#xD;
&#xD;
2019-09-23 11:03:57 - [MESSAGE][PASSED] - Delayed 3 second(s)&#xD;
&#xD;
2019-09-23 11:03:57 - [TEST_STEP][PASSED] - switchToFrame(findTestObject("Regression BackOffice/CLNK-23449/FrameLeft"), 30): null&#xD;
&#xD;
2019-09-23 11:03:57 - [TEST_STEP][PASSED] - waitForElementPresent(findTestObject("Regression BackOffice/CLINK-17788/CaregiverHRLink"), 100): Object 'Object Repository/Regression BackOffice/CLINK-17788/CaregiverHRLink' is present&#xD;
&#xD;
2019-09-23 11:03:58 - [MESSAGE][PASSED] - Object 'Object Repository/Regression BackOffice/CLINK-17788/CaregiverHRLink' is present&#xD;
&#xD;
2019-09-23 11:03:58 - [TEST_STEP][PASSED] - click(findTestObject("Regression BackOffice/CLINK-17788/CaregiverHRLink")): Object: 'Object Repository/Regression BackOffice/CLINK-17788/CaregiverHRLink' is clicked on&#xD;
&#xD;
2019-09-23 11:03:58 - [MESSAGE][PASSED] - Object: 'Object Repository/Regression BackOffice/CLINK-17788/CaregiverHRLink' is clicked on&#xD;
&#xD;
2019-09-23 11:03:58 - [TEST_STEP][PASSED] - delay(2): Delayed 2 second(s)&#xD;
&#xD;
2019-09-23 11:04:00 - [MESSAGE][PASSED] - Delayed 2 second(s)&#xD;
&#xD;
2019-09-23 11:04:00 - [TEST_STEP][PASSED] - waitForPageLoad(50): Wait for page load successfully&#xD;
&#xD;
2019-09-23 11:04:00 - [MESSAGE][PASSED] - Wait for page load successfully&#xD;
&#xD;
2019-09-23 11:04:00 - [TEST_STEP][PASSED] - waitForElementPresent(findTestObject("Regression BackOffice/CLINK-17788/CaregiverDemographics"), 50): Object 'Object Repository/Regression BackOffice/CLINK-17788/CaregiverDemographics' is present&#xD;
&#xD;
2019-09-23 11:04:00 - [MESSAGE][PASSED] - Object 'Object Repository/Regression BackOffice/CLINK-17788/CaregiverDemographics' is present&#xD;
&#xD;
2019-09-23 11:04:00 - [TEST_STEP][PASSED] - click(findTestObject("Regression BackOffice/CLINK-17788/CaregiverDemographics")): Object: 'Object Repository/Regression BackOffice/CLINK-17788/CaregiverDemographics' is clicked on&#xD;
&#xD;
2019-09-23 11:04:01 - [MESSAGE][PASSED] - Object: 'Object Repository/Regression BackOffice/CLINK-17788/CaregiverDemographics' is clicked on&#xD;
&#xD;
2019-09-23 11:04:01 - [TEST_STEP][PASSED] - delay(2): Delayed 2 second(s)&#xD;
&#xD;
2019-09-23 11:04:03 - [MESSAGE][PASSED] - Delayed 2 second(s)&#xD;
&#xD;
2019-09-23 11:04:03 - [TEST_STEP][PASSED] - switchToDefaultContent(): null&#xD;
&#xD;
2019-09-23 11:04:03 - [TEST_STEP][PASSED] - switchToFrame(findTestObject("Regression BackOffice/CLNK-23449/FrameMain"), 30): null&#xD;
&#xD;
2019-09-23 11:04:03 - [TEST_STEP][PASSED] - waitForElementPresent(findTestObject("Regression BackOffice/CLINK-17788/LastNameSearch"), 50): Object 'Object Repository/Regression BackOffice/CLINK-17788/LastNameSearch' is present&#xD;
&#xD;
2019-09-23 11:04:03 - [MESSAGE][PASSED] - Object 'Object Repository/Regression BackOffice/CLINK-17788/LastNameSearch' is present&#xD;
&#xD;
2019-09-23 11:04:03 - [TEST_STEP][PASSED] - setText(findTestObject("Regression BackOffice/CLINK-17788/LastNameSearch"), G_CareGiverLastName): Text 'Ochentilla' is set on object 'Object Repository/Regression BackOffice/CLINK-17788/LastNameSearch'&#xD;
&#xD;
2019-09-23 11:04:03 - [MESSAGE][PASSED] - Text 'Ochentilla' is set on object 'Object Repository/Regression BackOffice/CLINK-17788/LastNameSearch'&#xD;
&#xD;
2019-09-23 11:04:03 - [TEST_STEP][PASSED] - delay(2): Delayed 2 second(s)&#xD;
&#xD;
2019-09-23 11:04:05 - [MESSAGE][PASSED] - Delayed 2 second(s)&#xD;
&#xD;
2019-09-23 11:04:05 - [TEST_STEP][PASSED] - waitForElementPresent(findTestObject("Regression BackOffice/CLINK-17788/SearchButton"), 50): Object 'Object Repository/Regression BackOffice/CLINK-17788/SearchButton' is present&#xD;
&#xD;
2019-09-23 11:04:05 - [MESSAGE][PASSED] - Object 'Object Repository/Regression BackOffice/CLINK-17788/SearchButton' is present&#xD;
&#xD;
2019-09-23 11:04:05 - [TEST_STEP][PASSED] - click(findTestObject("Regression BackOffice/CLINK-17788/SearchButton"), STOP_ON_FAILURE): Object: 'Object Repository/Regression BackOffice/CLINK-17788/SearchButton' is clicked on&#xD;
&#xD;
2019-09-23 11:04:06 - [MESSAGE][PASSED] - Object: 'Object Repository/Regression BackOffice/CLINK-17788/SearchButton' is clicked on&#xD;
&#xD;
2019-09-23 11:04:06 - [TEST_STEP][PASSED] - delay(2): Delayed 2 second(s)&#xD;
&#xD;
2019-09-23 11:04:08 - [MESSAGE][PASSED] - Delayed 2 second(s)&#xD;
&#xD;
2019-09-23 11:04:08 - [TEST_STEP][PASSED] - waitForElementPresent(findTestObject("Regression BackOffice/CLINK-17788/UserLink"), 50): Object 'Object Repository/Regression BackOffice/CLINK-17788/UserLink' is present&#xD;
&#xD;
2019-09-23 11:04:08 - [MESSAGE][PASSED] - Object 'Object Repository/Regression BackOffice/CLINK-17788/UserLink' is present&#xD;
&#xD;
2019-09-23 11:04:08 - [TEST_STEP][PASSED] - click(findTestObject("Regression BackOffice/CLINK-17788/UserLink"), STOP_ON_FAILURE): Object: 'Object Repository/Regression BackOffice/CLINK-17788/UserLink' is clicked on&#xD;
&#xD;
2019-09-23 11:04:11 - [MESSAGE][PASSED] - Object: 'Object Repository/Regression BackOffice/CLINK-17788/UserLink' is clicked on&#xD;
&#xD;
2019-09-23 11:04:11 - [TEST_STEP][PASSED] - delay(2): Delayed 2 second(s)&#xD;
&#xD;
2019-09-23 11:04:13 - [MESSAGE][PASSED] - Delayed 2 second(s)&#xD;
&#xD;
2019-09-23 11:04:13 - [TEST_STEP][PASSED] - scrollToElement(findTestObject("Regression BackOffice/CLINK-17788/OtherInformationSection"), 20): Scroll to object 'Object Repository/Regression BackOffice/CLINK-17788/OtherInformationSection' successfully&#xD;
&#xD;
2019-09-23 11:04:13 - [MESSAGE][PASSED] - Scroll to object 'Object Repository/Regression BackOffice/CLINK-17788/OtherInformationSection' successfully&#xD;
&#xD;
2019-09-23 11:04:13 - [TEST_STEP][PASSED] - waitForElementPresent(findTestObject("Regression BackOffice/CLINK-17788/YesCareManager"), 50): Object 'Object Repository/Regression BackOffice/CLINK-17788/YesCareManager' is present&#xD;
&#xD;
2019-09-23 11:04:14 - [MESSAGE][PASSED] - Object 'Object Repository/Regression BackOffice/CLINK-17788/YesCareManager' is present&#xD;
&#xD;
2019-09-23 11:04:14 - [TEST_STEP][PASSED] - click(findTestObject("Regression BackOffice/CLINK-17788/YesCareManager"), STOP_ON_FAILURE): Object: 'Object Repository/Regression BackOffice/CLINK-17788/YesCareManager' is clicked on&#xD;
&#xD;
2019-09-23 11:04:14 - [MESSAGE][PASSED] - Object: 'Object Repository/Regression BackOffice/CLINK-17788/YesCareManager' is clicked on&#xD;
&#xD;
2019-09-23 11:04:14 - [TEST_STEP][PASSED] - delay(2): Delayed 2 second(s)&#xD;
&#xD;
2019-09-23 11:04:16 - [MESSAGE][PASSED] - Delayed 2 second(s)&#xD;
&#xD;
2019-09-23 11:04:16 - [TEST_STEP][PASSED] - waitForElementPresent(findTestObject("Regression BackOffice/CLINK-17788/NoClinicalManager"), 50): Object 'Object Repository/Regression BackOffice/CLINK-17788/NoClinicalManager' is present&#xD;
&#xD;
2019-09-23 11:04:16 - [MESSAGE][PASSED] - Object 'Object Repository/Regression BackOffice/CLINK-17788/NoClinicalManager' is present&#xD;
&#xD;
2019-09-23 11:04:16 - [TEST_STEP][PASSED] - click(findTestObject("Regression BackOffice/CLINK-17788/NoClinicalManager"), STOP_ON_FAILURE): Object: 'Object Repository/Regression BackOffice/CLINK-17788/NoClinicalManager' is clicked on&#xD;
&#xD;
2019-09-23 11:04:16 - [MESSAGE][PASSED] - Object: 'Object Repository/Regression BackOffice/CLINK-17788/NoClinicalManager' is clicked on&#xD;
&#xD;
2019-09-23 11:04:16 - [TEST_STEP][PASSED] - switchToDefaultContent(): null&#xD;
&#xD;
2019-09-23 11:04:16 - [TEST_STEP][PASSED] - delay(2): Delayed 2 second(s)&#xD;
&#xD;
2019-09-23 11:04:18 - [MESSAGE][PASSED] - Delayed 2 second(s)&#xD;
&#xD;
2019-09-23 11:04:18 - [TEST_STEP][PASSED] - switchToFrame(findTestObject("Regression BackOffice/CLINK-17788/BannerFrame"), 30): null&#xD;
&#xD;
2019-09-23 11:04:18 - [TEST_STEP][PASSED] - waitForElementPresent(findTestObject("Regression BackOffice/CLINK-17788/SaveButton"), 50): Object 'Object Repository/Regression BackOffice/CLINK-17788/SaveButton' is present&#xD;
&#xD;
2019-09-23 11:04:18 - [MESSAGE][PASSED] - Object 'Object Repository/Regression BackOffice/CLINK-17788/SaveButton' is present&#xD;
&#xD;
2019-09-23 11:04:18 - [TEST_STEP][PASSED] - click(findTestObject("Regression BackOffice/CLINK-17788/SaveButton"), STOP_ON_FAILURE): Object: 'Object Repository/Regression BackOffice/CLINK-17788/SaveButton' is clicked on&#xD;
&#xD;
2019-09-23 11:04:21 - [MESSAGE][PASSED] - Object: 'Object Repository/Regression BackOffice/CLINK-17788/SaveButton' is clicked on&#xD;
&#xD;
2019-09-23 11:04:21 - [TEST_STEP][PASSED] - delay(2): Delayed 2 second(s)&#xD;
&#xD;
2019-09-23 11:04:23 - [MESSAGE][PASSED] - Delayed 2 second(s)&#xD;
&#xD;
2019-09-23 11:04:23 - [TEST_STEP][PASSED] - closeBrowser(): Browser is closed&#xD;
&#xD;
2019-09-23 11:04:24 - [MESSAGE][PASSED] - Browser is closed</system-out>
            <system-err></system-err>
        </testcase>
        <testcase name="Test Cases/Regression BackOffice (All Browsers)/CLNK-23450 - Back office Quick Intake Wizard Demographics" classname="Test Cases/Regression BackOffice (All Browsers)/CLNK-23450 - Back office Quick Intake Wizard Demographics" status="PASSED">
            <system-out>2019-09-23 11:04:26 - [TEST_CASE][PASSED] - Test Cases/Regression BackOffice (All Browsers)/CLNK-23450 - Back office Quick Intake Wizard Demographics: Test Cases/Regression BackOffice (All Browsers)/CLNK-23450 - Back office Quick Intake Wizard Demographics&#xD;
&#xD;
2019-09-23 11:04:27 - [TEST_STEP][PASSED] - callTestCase(findTestCase("Regression BackOffice (All Browsers)/CLNK-23439 - Clink - Back office Client"), [:], STOP_ON_FAILURE): Call Test Case 'Test Cases/Regression BackOffice (All Browsers)/CLNK-23439 - Clink - Back office Client' successfully&#xD;
&#xD;
2019-09-23 11:04:27 - [TEST_CASE][PASSED] - Test Cases/Regression BackOffice (All Browsers)/CLNK-23439 - Clink - Back office Client: Test Cases/Regression BackOffice (All Browsers)/CLNK-23439 - Clink - Back office Client&#xD;
&#xD;
2019-09-23 11:04:27 - [TEST_STEP][PASSED] - deleteAllCookies(): Delete all cookies successfully&#xD;
&#xD;
2019-09-23 11:04:27 - [MESSAGE][WARNING] - Cannot delete cookies because browser is closed&#xD;
&#xD;
2019-09-23 11:04:27 - [MESSAGE][PASSED] - Delete all cookies successfully&#xD;
&#xD;
2019-09-23 11:04:27 - [TEST_STEP][PASSED] - openBrowser(G_SiteBackOffice): Browser is opened with url: 'https://qanewpoc.continulink.com:8443/Backoffice/'&#xD;
&#xD;
2019-09-23 11:04:27 - [MESSAGE][INFO] - Starting 'Chrome' driver&#xD;
&#xD;
2019-09-23 11:04:35 - [MESSAGE][PASSED] - Browser is opened with url: 'https://qanewpoc.continulink.com:8443/Backoffice/'&#xD;
&#xD;
2019-09-23 11:04:35 - [TEST_STEP][PASSED] - waitForPageLoad(60): Wait for page load successfully&#xD;
&#xD;
2019-09-23 11:04:35 - [MESSAGE][PASSED] - Wait for page load successfully&#xD;
&#xD;
2019-09-23 11:04:35 - [TEST_STEP][PASSED] - maximizeWindow(): Current window maximized&#xD;
&#xD;
2019-09-23 11:04:39 - [MESSAGE][PASSED] - Current window maximized&#xD;
&#xD;
2019-09-23 11:04:39 - [TEST_STEP][PASSED] - setText(findTestObject("Regression BackOffice/Login/UserBackOffice"), G_UserBackOffice): Text 'automation_admin' is set on object 'Object Repository/Regression BackOffice/Login/UserBackOffice'&#xD;
&#xD;
2019-09-23 11:04:39 - [MESSAGE][PASSED] - Text 'automation_admin' is set on object 'Object Repository/Regression BackOffice/Login/UserBackOffice'&#xD;
&#xD;
2019-09-23 11:04:39 - [TEST_STEP][PASSED] - setText(findTestObject("Regression BackOffice/Login/PasswordBackOffice"), G_PasswordBackOffice): Text 'qwerty' is set on object 'Object Repository/Regression BackOffice/Login/PasswordBackOffice'&#xD;
&#xD;
2019-09-23 11:04:39 - [MESSAGE][PASSED] - Text 'qwerty' is set on object 'Object Repository/Regression BackOffice/Login/PasswordBackOffice'&#xD;
&#xD;
2019-09-23 11:04:39 - [TEST_STEP][PASSED] - click(findTestObject("Regression BackOffice/Login/LoginBackOffice")): Object: 'Object Repository/Regression BackOffice/Login/LoginBackOffice' is clicked on&#xD;
&#xD;
2019-09-23 11:04:44 - [MESSAGE][PASSED] - Object: 'Object Repository/Regression BackOffice/Login/LoginBackOffice' is clicked on&#xD;
&#xD;
2019-09-23 11:04:44 - [TEST_STEP][PASSED] - waitForPageLoad(60): Wait for page load successfully&#xD;
&#xD;
2019-09-23 11:04:44 - [MESSAGE][PASSED] - Wait for page load successfully&#xD;
&#xD;
2019-09-23 11:04:44 - [TEST_STEP][PASSED] - delay(2): Delayed 2 second(s)&#xD;
&#xD;
2019-09-23 11:04:46 - [MESSAGE][PASSED] - Delayed 2 second(s)&#xD;
&#xD;
2019-09-23 11:04:46 - [TEST_STEP][PASSED] - switchToFrame(findTestObject("Regression BackOffice/CLINK-Frames/FrameFrameLeft"), 5, STOP_ON_FAILURE): null&#xD;
&#xD;
2019-09-23 11:04:46 - [TEST_STEP][PASSED] - delay(2): Delayed 2 second(s)&#xD;
&#xD;
2019-09-23 11:04:48 - [MESSAGE][PASSED] - Delayed 2 second(s)&#xD;
&#xD;
2019-09-23 11:04:48 - [TEST_STEP][PASSED] - waitForElementPresent(findTestObject("Regression BackOffice/CLINK-Frames/ClientIntake"), 50): Object 'Object Repository/Regression BackOffice/CLINK-Frames/ClientIntake' is present&#xD;
&#xD;
2019-09-23 11:04:48 - [MESSAGE][PASSED] - Object 'Object Repository/Regression BackOffice/CLINK-Frames/ClientIntake' is present&#xD;
&#xD;
2019-09-23 11:04:48 - [TEST_STEP][PASSED] - verifyElementPresent(findTestObject("Regression BackOffice/CLINK-Frames/ClientIntake"), 100, STOP_ON_FAILURE): Object 'Object Repository/Regression BackOffice/CLINK-Frames/ClientIntake' is present&#xD;
&#xD;
2019-09-23 11:04:48 - [MESSAGE][PASSED] - Object 'Object Repository/Regression BackOffice/CLINK-Frames/ClientIntake' is present&#xD;
&#xD;
2019-09-23 11:04:48 - [TEST_STEP][PASSED] - switchToDefaultContent(): null&#xD;
&#xD;
2019-09-23 11:04:48 - [MESSAGE][PASSED] - Call Test Case 'Test Cases/Regression BackOffice (All Browsers)/CLNK-23439 - Clink - Back office Client' successfully&#xD;
&#xD;
2019-09-23 11:04:48 - [TEST_STEP][PASSED] - waitForPageLoad(60): Wait for page load successfully&#xD;
&#xD;
2019-09-23 11:04:49 - [MESSAGE][PASSED] - Wait for page load successfully&#xD;
&#xD;
2019-09-23 11:04:49 - [TEST_STEP][PASSED] - delay(3): Delayed 3 second(s)&#xD;
&#xD;
2019-09-23 11:04:52 - [MESSAGE][PASSED] - Delayed 3 second(s)&#xD;
&#xD;
2019-09-23 11:04:52 - [TEST_STEP][PASSED] - switchToFrame(findTestObject("Regression BackOffice/CLNK-23449/FrameLeft"), 30): null&#xD;
&#xD;
2019-09-23 11:04:52 - [TEST_STEP][PASSED] - waitForElementPresent(findTestObject("Regression BackOffice/CLINK-23450/ClientIntakeLink"), 100): Object 'Object Repository/Regression BackOffice/CLINK-23450/ClientIntakeLink' is present&#xD;
&#xD;
2019-09-23 11:04:52 - [MESSAGE][PASSED] - Object 'Object Repository/Regression BackOffice/CLINK-23450/ClientIntakeLink' is present&#xD;
&#xD;
2019-09-23 11:04:52 - [TEST_STEP][PASSED] - click(findTestObject("Regression BackOffice/CLINK-23450/ClientIntakeLink")): Object: 'Object Repository/Regression BackOffice/CLINK-23450/ClientIntakeLink' is clicked on&#xD;
&#xD;
2019-09-23 11:04:52 - [MESSAGE][PASSED] - Object: 'Object Repository/Regression BackOffice/CLINK-23450/ClientIntakeLink' is clicked on&#xD;
&#xD;
2019-09-23 11:04:52 - [TEST_STEP][PASSED] - delay(2): Delayed 2 second(s)&#xD;
&#xD;
2019-09-23 11:04:54 - [MESSAGE][PASSED] - Delayed 2 second(s)&#xD;
&#xD;
2019-09-23 11:04:54 - [TEST_STEP][PASSED] - waitForPageLoad(50): Wait for page load successfully&#xD;
&#xD;
2019-09-23 11:04:54 - [MESSAGE][PASSED] - Wait for page load successfully&#xD;
&#xD;
2019-09-23 11:04:54 - [TEST_STEP][PASSED] - waitForElementPresent(findTestObject("Regression BackOffice/CLINK-23450/Client Demographics"), 50): Object 'Object Repository/Regression BackOffice/CLINK-23450/Client Demographics' is present&#xD;
&#xD;
2019-09-23 11:04:54 - [MESSAGE][PASSED] - Object 'Object Repository/Regression BackOffice/CLINK-23450/Client Demographics' is present&#xD;
&#xD;
2019-09-23 11:04:54 - [TEST_STEP][PASSED] - click(findTestObject("Regression BackOffice/CLINK-23450/Client Demographics")): Object: 'Object Repository/Regression BackOffice/CLINK-23450/Client Demographics' is clicked on&#xD;
&#xD;
2019-09-23 11:04:55 - [MESSAGE][PASSED] - Object: 'Object Repository/Regression BackOffice/CLINK-23450/Client Demographics' is clicked on&#xD;
&#xD;
2019-09-23 11:04:55 - [TEST_STEP][PASSED] - delay(2): Delayed 2 second(s)&#xD;
&#xD;
2019-09-23 11:04:57 - [MESSAGE][PASSED] - Delayed 2 second(s)&#xD;
&#xD;
2019-09-23 11:04:57 - [TEST_STEP][PASSED] - switchToDefaultContent(): null&#xD;
&#xD;
2019-09-23 11:04:57 - [TEST_STEP][PASSED] - switchToFrame(findTestObject("Regression BackOffice/CLNK-23449/FrameMain"), 30): null&#xD;
&#xD;
2019-09-23 11:04:57 - [TEST_STEP][PASSED] - waitForElementPresent(findTestObject("Regression BackOffice/CLNK-10235/FirstNameSearch"), 50): Object 'Object Repository/Regression BackOffice/CLNK-10235/FirstNameSearch' is present&#xD;
&#xD;
2019-09-23 11:04:57 - [MESSAGE][PASSED] - Object 'Object Repository/Regression BackOffice/CLNK-10235/FirstNameSearch' is present&#xD;
&#xD;
2019-09-23 11:04:57 - [TEST_STEP][PASSED] - setText(findTestObject("Regression BackOffice/CLNK-10235/FirstNameSearch"), G_ClientFirstName): Text 'Danielo' is set on object 'Object Repository/Regression BackOffice/CLNK-10235/FirstNameSearch'&#xD;
&#xD;
2019-09-23 11:04:57 - [MESSAGE][PASSED] - Text 'Danielo' is set on object 'Object Repository/Regression BackOffice/CLNK-10235/FirstNameSearch'&#xD;
&#xD;
2019-09-23 11:04:57 - [TEST_STEP][PASSED] - delay(2): Delayed 2 second(s)&#xD;
&#xD;
2019-09-23 11:04:59 - [MESSAGE][PASSED] - Delayed 2 second(s)&#xD;
&#xD;
2019-09-23 11:04:59 - [TEST_STEP][PASSED] - waitForElementPresent(findTestObject("Regression BackOffice/CLINK-23450/LastNameDemo"), 50): Object 'Object Repository/Regression BackOffice/CLINK-23450/LastNameDemo' is present&#xD;
&#xD;
2019-09-23 11:05:00 - [MESSAGE][PASSED] - Object 'Object Repository/Regression BackOffice/CLINK-23450/LastNameDemo' is present&#xD;
&#xD;
2019-09-23 11:05:00 - [TEST_STEP][PASSED] - setText(findTestObject("Regression BackOffice/CLINK-23450/LastNameDemo"), G_ClientLastName): Text 'Danielisky' is set on object 'Object Repository/Regression BackOffice/CLINK-23450/LastNameDemo'&#xD;
&#xD;
2019-09-23 11:05:00 - [MESSAGE][PASSED] - Text 'Danielisky' is set on object 'Object Repository/Regression BackOffice/CLINK-23450/LastNameDemo'&#xD;
&#xD;
2019-09-23 11:05:00 - [TEST_STEP][PASSED] - delay(2): Delayed 2 second(s)&#xD;
&#xD;
2019-09-23 11:05:02 - [MESSAGE][PASSED] - Delayed 2 second(s)&#xD;
&#xD;
2019-09-23 11:05:02 - [TEST_STEP][PASSED] - waitForElementPresent(findTestObject("Regression BackOffice/CLINK-23450/btnSearch"), 50): Object 'Object Repository/Regression BackOffice/CLINK-23450/btnSearch' is present&#xD;
&#xD;
2019-09-23 11:05:02 - [MESSAGE][PASSED] - Object 'Object Repository/Regression BackOffice/CLINK-23450/btnSearch' is present&#xD;
&#xD;
2019-09-23 11:05:02 - [TEST_STEP][PASSED] - click(findTestObject("Regression BackOffice/CLINK-23450/btnSearch"), STOP_ON_FAILURE): Object: 'Object Repository/Regression BackOffice/CLINK-23450/btnSearch' is clicked on&#xD;
&#xD;
2019-09-23 11:05:03 - [MESSAGE][PASSED] - Object: 'Object Repository/Regression BackOffice/CLINK-23450/btnSearch' is clicked on&#xD;
&#xD;
2019-09-23 11:05:03 - [TEST_STEP][PASSED] - delay(2): Delayed 2 second(s)&#xD;
&#xD;
2019-09-23 11:05:05 - [MESSAGE][PASSED] - Delayed 2 second(s)&#xD;
&#xD;
2019-09-23 11:05:05 - [TEST_STEP][PASSED] - waitForElementPresent(findTestObject("Regression BackOffice/CLINK-23450/ClientLinkDemo"), 50): Object 'Object Repository/Regression BackOffice/CLINK-23450/ClientLinkDemo' is present&#xD;
&#xD;
2019-09-23 11:05:05 - [MESSAGE][PASSED] - Object 'Object Repository/Regression BackOffice/CLINK-23450/ClientLinkDemo' is present&#xD;
&#xD;
2019-09-23 11:05:05 - [TEST_STEP][PASSED] - click(findTestObject("Regression BackOffice/CLINK-23450/ClientLinkDemo"), STOP_ON_FAILURE): Object: 'Object Repository/Regression BackOffice/CLINK-23450/ClientLinkDemo' is clicked on&#xD;
&#xD;
2019-09-23 11:05:07 - [MESSAGE][PASSED] - Object: 'Object Repository/Regression BackOffice/CLINK-23450/ClientLinkDemo' is clicked on&#xD;
&#xD;
2019-09-23 11:05:07 - [TEST_STEP][PASSED] - delay(2): Delayed 2 second(s)&#xD;
&#xD;
2019-09-23 11:05:09 - [MESSAGE][PASSED] - Delayed 2 second(s)&#xD;
&#xD;
2019-09-23 11:05:09 - [TEST_STEP][PASSED] - waitForElementPresent(findTestObject("Regression BackOffice/CLINK-23450/ClientNotes"), 50): Object 'Object Repository/Regression BackOffice/CLINK-23450/ClientNotes' is present&#xD;
&#xD;
2019-09-23 11:05:09 - [MESSAGE][PASSED] - Object 'Object Repository/Regression BackOffice/CLINK-23450/ClientNotes' is present&#xD;
&#xD;
2019-09-23 11:05:09 - [TEST_STEP][PASSED] - setText(findTestObject("Regression BackOffice/CLINK-23450/ClientNotes"), "Client Notes"): Text 'Client Notes' is set on object 'Object Repository/Regression BackOffice/CLINK-23450/ClientNotes'&#xD;
&#xD;
2019-09-23 11:05:09 - [MESSAGE][PASSED] - Text 'Client Notes' is set on object 'Object Repository/Regression BackOffice/CLINK-23450/ClientNotes'&#xD;
&#xD;
2019-09-23 11:05:09 - [TEST_STEP][PASSED] - delay(2): Delayed 2 second(s)&#xD;
&#xD;
2019-09-23 11:05:11 - [MESSAGE][PASSED] - Delayed 2 second(s)&#xD;
&#xD;
2019-09-23 11:05:11 - [TEST_STEP][PASSED] - waitForElementPresent(findTestObject("Regression BackOffice/CLINK-23450/Email"), 50): Object 'Object Repository/Regression BackOffice/CLINK-23450/Email' is present&#xD;
&#xD;
2019-09-23 11:05:12 - [MESSAGE][PASSED] - Object 'Object Repository/Regression BackOffice/CLINK-23450/Email' is present&#xD;
&#xD;
2019-09-23 11:05:12 - [TEST_STEP][PASSED] - setText(findTestObject("Regression BackOffice/CLINK-23450/Email"), "isaac.malamud@gmail.com"): Text 'isaac.malamud@gmail.com' is set on object 'Object Repository/Regression BackOffice/CLINK-23450/Email'&#xD;
&#xD;
2019-09-23 11:05:12 - [MESSAGE][PASSED] - Text 'isaac.malamud@gmail.com' is set on object 'Object Repository/Regression BackOffice/CLINK-23450/Email'&#xD;
&#xD;
2019-09-23 11:05:12 - [TEST_STEP][PASSED] - delay(2): Delayed 2 second(s)&#xD;
&#xD;
2019-09-23 11:05:14 - [MESSAGE][PASSED] - Delayed 2 second(s)&#xD;
&#xD;
2019-09-23 11:05:14 - [TEST_STEP][PASSED] - waitForElementPresent(findTestObject("Regression BackOffice/CLINK-23450/MiddleName"), 50): Object 'Object Repository/Regression BackOffice/CLINK-23450/MiddleName' is present&#xD;
&#xD;
2019-09-23 11:05:14 - [MESSAGE][PASSED] - Object 'Object Repository/Regression BackOffice/CLINK-23450/MiddleName' is present&#xD;
&#xD;
2019-09-23 11:05:14 - [TEST_STEP][PASSED] - setText(findTestObject("Regression BackOffice/CLINK-23450/MiddleName"), "M"): Text 'M' is set on object 'Object Repository/Regression BackOffice/CLINK-23450/MiddleName'&#xD;
&#xD;
2019-09-23 11:05:14 - [MESSAGE][PASSED] - Text 'M' is set on object 'Object Repository/Regression BackOffice/CLINK-23450/MiddleName'&#xD;
&#xD;
2019-09-23 11:05:14 - [TEST_STEP][PASSED] - delay(2): Delayed 2 second(s)&#xD;
&#xD;
2019-09-23 11:05:16 - [MESSAGE][PASSED] - Delayed 2 second(s)&#xD;
&#xD;
2019-09-23 11:05:16 - [TEST_STEP][PASSED] - waitForElementPresent(findTestObject("Regression BackOffice/CLINK-23450/Suffix"), 50): Object 'Object Repository/Regression BackOffice/CLINK-23450/Suffix' is present&#xD;
&#xD;
2019-09-23 11:05:16 - [MESSAGE][PASSED] - Object 'Object Repository/Regression BackOffice/CLINK-23450/Suffix' is present&#xD;
&#xD;
2019-09-23 11:05:16 - [TEST_STEP][PASSED] - setText(findTestObject("Regression BackOffice/CLINK-23450/Suffix"), "Sr"): Text 'Sr' is set on object 'Object Repository/Regression BackOffice/CLINK-23450/Suffix'&#xD;
&#xD;
2019-09-23 11:05:17 - [MESSAGE][PASSED] - Text 'Sr' is set on object 'Object Repository/Regression BackOffice/CLINK-23450/Suffix'&#xD;
&#xD;
2019-09-23 11:05:17 - [TEST_STEP][PASSED] - delay(2): Delayed 2 second(s)&#xD;
&#xD;
2019-09-23 11:05:19 - [MESSAGE][PASSED] - Delayed 2 second(s)&#xD;
&#xD;
2019-09-23 11:05:19 - [TEST_STEP][PASSED] - scrollToElement(findTestObject("Regression BackOffice/CLINK-23450/Timezone"), 50): Scroll to object 'Object Repository/Regression BackOffice/CLINK-23450/Timezone' successfully&#xD;
&#xD;
2019-09-23 11:05:19 - [MESSAGE][PASSED] - Scroll to object 'Object Repository/Regression BackOffice/CLINK-23450/Timezone' successfully&#xD;
&#xD;
2019-09-23 11:05:19 - [TEST_STEP][PASSED] - click(findTestObject("Regression BackOffice/CLINK-23450/Timezone"), OPTIONAL): Object: 'Object Repository/Regression BackOffice/CLINK-23450/Timezone' is clicked on&#xD;
&#xD;
2019-09-23 11:05:19 - [MESSAGE][PASSED] - Object: 'Object Repository/Regression BackOffice/CLINK-23450/Timezone' is clicked on&#xD;
&#xD;
2019-09-23 11:05:19 - [TEST_STEP][PASSED] - sendKeys(findTestObject("Regression BackOffice/CLINK-23450/Timezone"), Keys.chord(ARROW_DOWN, ARROW_DOWN, ARROW_DOWN, ENTER)): Keys 'DOWN + DOWN + DOWN + ENTER + ' sent to object: 'Object Repository/Regression BackOffice/CLINK-23450/Timezone'&#xD;
&#xD;
2019-09-23 11:05:19 - [MESSAGE][PASSED] - Keys 'DOWN + DOWN + DOWN + ENTER + ' sent to object: 'Object Repository/Regression BackOffice/CLINK-23450/Timezone'&#xD;
&#xD;
2019-09-23 11:05:19 - [TEST_STEP][PASSED] - delay(2): Delayed 2 second(s)&#xD;
&#xD;
2019-09-23 11:05:21 - [MESSAGE][PASSED] - Delayed 2 second(s)&#xD;
&#xD;
2019-09-23 11:05:21 - [TEST_STEP][PASSED] - switchToDefaultContent(): null&#xD;
&#xD;
2019-09-23 11:05:21 - [TEST_STEP][PASSED] - switchToFrame(findTestObject("Regression BackOffice/CLINK-23444/BannerFrameAtt"), 30): null&#xD;
&#xD;
2019-09-23 11:05:21 - [TEST_STEP][PASSED] - waitForElementPresent(findTestObject("Regression BackOffice/CLINK-23450/btnSaveDemo"), 50): Object 'Object Repository/Regression BackOffice/CLINK-23450/btnSaveDemo' is present&#xD;
&#xD;
2019-09-23 11:05:21 - [MESSAGE][PASSED] - Object 'Object Repository/Regression BackOffice/CLINK-23450/btnSaveDemo' is present&#xD;
&#xD;
2019-09-23 11:05:21 - [TEST_STEP][PASSED] - click(findTestObject("Regression BackOffice/CLINK-23450/btnSaveDemo")): Object: 'Object Repository/Regression BackOffice/CLINK-23450/btnSaveDemo' is clicked on&#xD;
&#xD;
2019-09-23 11:05:24 - [MESSAGE][PASSED] - Object: 'Object Repository/Regression BackOffice/CLINK-23450/btnSaveDemo' is clicked on&#xD;
&#xD;
2019-09-23 11:05:24 - [TEST_STEP][PASSED] - delay(2): Delayed 2 second(s)&#xD;
&#xD;
2019-09-23 11:05:26 - [MESSAGE][PASSED] - Delayed 2 second(s)&#xD;
&#xD;
2019-09-23 11:05:26 - [TEST_STEP][PASSED] - closeBrowser(): Browser is closed&#xD;
&#xD;
2019-09-23 11:05:27 - [MESSAGE][PASSED] - Browser is closed</system-out>
            <system-err></system-err>
        </testcase>
        <testcase name="Test Cases/Regression BackOffice (All Browsers)/CLNK-23451 - Back office Quick Intake Wizard Payer" classname="Test Cases/Regression BackOffice (All Browsers)/CLNK-23451 - Back office Quick Intake Wizard Payer" status="PASSED">
            <system-out>2019-09-23 11:05:29 - [TEST_CASE][PASSED] - Test Cases/Regression BackOffice (All Browsers)/CLNK-23451 - Back office Quick Intake Wizard Payer: Test Cases/Regression BackOffice (All Browsers)/CLNK-23451 - Back office Quick Intake Wizard Payer&#xD;
&#xD;
2019-09-23 11:05:29 - [TEST_STEP][PASSED] - callTestCase(findTestCase("Regression BackOffice (All Browsers)/CLNK-23439 - Clink - Back office Client"), [:], STOP_ON_FAILURE): Call Test Case 'Test Cases/Regression BackOffice (All Browsers)/CLNK-23439 - Clink - Back office Client' successfully&#xD;
&#xD;
2019-09-23 11:05:29 - [TEST_CASE][PASSED] - Test Cases/Regression BackOffice (All Browsers)/CLNK-23439 - Clink - Back office Client: Test Cases/Regression BackOffice (All Browsers)/CLNK-23439 - Clink - Back office Client&#xD;
&#xD;
2019-09-23 11:05:29 - [TEST_STEP][PASSED] - deleteAllCookies(): Delete all cookies successfully&#xD;
&#xD;
2019-09-23 11:05:30 - [MESSAGE][WARNING] - Cannot delete cookies because browser is closed&#xD;
&#xD;
2019-09-23 11:05:30 - [MESSAGE][PASSED] - Delete all cookies successfully&#xD;
&#xD;
2019-09-23 11:05:30 - [TEST_STEP][PASSED] - openBrowser(G_SiteBackOffice): Browser is opened with url: 'https://qanewpoc.continulink.com:8443/Backoffice/'&#xD;
&#xD;
2019-09-23 11:05:30 - [MESSAGE][INFO] - Starting 'Chrome' driver&#xD;
&#xD;
2019-09-23 11:05:37 - [MESSAGE][PASSED] - Browser is opened with url: 'https://qanewpoc.continulink.com:8443/Backoffice/'&#xD;
&#xD;
2019-09-23 11:05:37 - [TEST_STEP][PASSED] - waitForPageLoad(60): Wait for page load successfully&#xD;
&#xD;
2019-09-23 11:05:37 - [MESSAGE][PASSED] - Wait for page load successfully&#xD;
&#xD;
2019-09-23 11:05:37 - [TEST_STEP][PASSED] - maximizeWindow(): Current window maximized&#xD;
&#xD;
2019-09-23 11:05:41 - [MESSAGE][PASSED] - Current window maximized&#xD;
&#xD;
2019-09-23 11:05:41 - [TEST_STEP][PASSED] - setText(findTestObject("Regression BackOffice/Login/UserBackOffice"), G_UserBackOffice): Text 'automation_admin' is set on object 'Object Repository/Regression BackOffice/Login/UserBackOffice'&#xD;
&#xD;
2019-09-23 11:05:42 - [MESSAGE][PASSED] - Text 'automation_admin' is set on object 'Object Repository/Regression BackOffice/Login/UserBackOffice'&#xD;
&#xD;
2019-09-23 11:05:42 - [TEST_STEP][PASSED] - setText(findTestObject("Regression BackOffice/Login/PasswordBackOffice"), G_PasswordBackOffice): Text 'qwerty' is set on object 'Object Repository/Regression BackOffice/Login/PasswordBackOffice'&#xD;
&#xD;
2019-09-23 11:05:42 - [MESSAGE][PASSED] - Text 'qwerty' is set on object 'Object Repository/Regression BackOffice/Login/PasswordBackOffice'&#xD;
&#xD;
2019-09-23 11:05:42 - [TEST_STEP][PASSED] - click(findTestObject("Regression BackOffice/Login/LoginBackOffice")): Object: 'Object Repository/Regression BackOffice/Login/LoginBackOffice' is clicked on&#xD;
&#xD;
2019-09-23 11:05:46 - [MESSAGE][PASSED] - Object: 'Object Repository/Regression BackOffice/Login/LoginBackOffice' is clicked on&#xD;
&#xD;
2019-09-23 11:05:46 - [TEST_STEP][PASSED] - waitForPageLoad(60): Wait for page load successfully&#xD;
&#xD;
2019-09-23 11:05:46 - [MESSAGE][PASSED] - Wait for page load successfully&#xD;
&#xD;
2019-09-23 11:05:46 - [TEST_STEP][PASSED] - delay(2): Delayed 2 second(s)&#xD;
&#xD;
2019-09-23 11:05:48 - [MESSAGE][PASSED] - Delayed 2 second(s)&#xD;
&#xD;
2019-09-23 11:05:48 - [TEST_STEP][PASSED] - switchToFrame(findTestObject("Regression BackOffice/CLINK-Frames/FrameFrameLeft"), 5, STOP_ON_FAILURE): null&#xD;
&#xD;
2019-09-23 11:05:48 - [TEST_STEP][PASSED] - delay(2): Delayed 2 second(s)&#xD;
&#xD;
2019-09-23 11:05:50 - [MESSAGE][PASSED] - Delayed 2 second(s)&#xD;
&#xD;
2019-09-23 11:05:50 - [TEST_STEP][PASSED] - waitForElementPresent(findTestObject("Regression BackOffice/CLINK-Frames/ClientIntake"), 50): Object 'Object Repository/Regression BackOffice/CLINK-Frames/ClientIntake' is present&#xD;
&#xD;
2019-09-23 11:05:50 - [MESSAGE][PASSED] - Object 'Object Repository/Regression BackOffice/CLINK-Frames/ClientIntake' is present&#xD;
&#xD;
2019-09-23 11:05:50 - [TEST_STEP][PASSED] - verifyElementPresent(findTestObject("Regression BackOffice/CLINK-Frames/ClientIntake"), 100, STOP_ON_FAILURE): Object 'Object Repository/Regression BackOffice/CLINK-Frames/ClientIntake' is present&#xD;
&#xD;
2019-09-23 11:05:51 - [MESSAGE][PASSED] - Object 'Object Repository/Regression BackOffice/CLINK-Frames/ClientIntake' is present&#xD;
&#xD;
2019-09-23 11:05:51 - [TEST_STEP][PASSED] - switchToDefaultContent(): null&#xD;
&#xD;
2019-09-23 11:05:51 - [MESSAGE][PASSED] - Call Test Case 'Test Cases/Regression BackOffice (All Browsers)/CLNK-23439 - Clink - Back office Client' successfully&#xD;
&#xD;
2019-09-23 11:05:51 - [TEST_STEP][PASSED] - waitForPageLoad(60): Wait for page load successfully&#xD;
&#xD;
2019-09-23 11:05:51 - [MESSAGE][PASSED] - Wait for page load successfully&#xD;
&#xD;
2019-09-23 11:05:51 - [TEST_STEP][PASSED] - delay(3): Delayed 3 second(s)&#xD;
&#xD;
2019-09-23 11:05:54 - [MESSAGE][PASSED] - Delayed 3 second(s)&#xD;
&#xD;
2019-09-23 11:05:54 - [TEST_STEP][PASSED] - switchToFrame(findTestObject("Regression BackOffice/CLNK-23449/FrameLeft"), 30): null&#xD;
&#xD;
2019-09-23 11:05:54 - [TEST_STEP][PASSED] - waitForElementPresent(findTestObject("Regression BackOffice/CLNK-23449/ClienIntakeICon"), 100): Object 'Object Repository/Regression BackOffice/CLNK-23449/ClienIntakeICon' is present&#xD;
&#xD;
2019-09-23 11:05:54 - [MESSAGE][PASSED] - Object 'Object Repository/Regression BackOffice/CLNK-23449/ClienIntakeICon' is present&#xD;
&#xD;
2019-09-23 11:05:54 - [TEST_STEP][PASSED] - click(findTestObject("Regression BackOffice/CLNK-23449/ClienIntakeICon")): Object: 'Object Repository/Regression BackOffice/CLNK-23449/ClienIntakeICon' is clicked on&#xD;
&#xD;
2019-09-23 11:05:54 - [MESSAGE][PASSED] - Object: 'Object Repository/Regression BackOffice/CLNK-23449/ClienIntakeICon' is clicked on&#xD;
&#xD;
2019-09-23 11:05:54 - [TEST_STEP][PASSED] - delay(2): Delayed 2 second(s)&#xD;
&#xD;
2019-09-23 11:05:56 - [MESSAGE][PASSED] - Delayed 2 second(s)&#xD;
&#xD;
2019-09-23 11:05:56 - [TEST_STEP][PASSED] - waitForPageLoad(50): Wait for page load successfully&#xD;
&#xD;
2019-09-23 11:05:56 - [MESSAGE][PASSED] - Wait for page load successfully&#xD;
&#xD;
2019-09-23 11:05:56 - [TEST_STEP][PASSED] - waitForElementPresent(findTestObject("Regression BackOffice/CLNK-23449/Quick Intake Wizard Link"), 50): Object 'Object Repository/Regression BackOffice/CLNK-23449/Quick Intake Wizard Link' is present&#xD;
&#xD;
2019-09-23 11:05:56 - [MESSAGE][PASSED] - Object 'Object Repository/Regression BackOffice/CLNK-23449/Quick Intake Wizard Link' is present&#xD;
&#xD;
2019-09-23 11:05:56 - [TEST_STEP][PASSED] - click(findTestObject("Regression BackOffice/CLNK-23449/Quick Intake Wizard Link")): Object: 'Object Repository/Regression BackOffice/CLNK-23449/Quick Intake Wizard Link' is clicked on&#xD;
&#xD;
2019-09-23 11:05:58 - [MESSAGE][PASSED] - Object: 'Object Repository/Regression BackOffice/CLNK-23449/Quick Intake Wizard Link' is clicked on&#xD;
&#xD;
2019-09-23 11:05:58 - [TEST_STEP][PASSED] - delay(2): Delayed 2 second(s)&#xD;
&#xD;
2019-09-23 11:06:00 - [MESSAGE][PASSED] - Delayed 2 second(s)&#xD;
&#xD;
2019-09-23 11:06:00 - [TEST_STEP][PASSED] - switchToDefaultContent(): null&#xD;
&#xD;
2019-09-23 11:06:00 - [TEST_STEP][PASSED] - switchToFrame(findTestObject("Regression BackOffice/CLNK-23449/FrameMain"), 30): null&#xD;
&#xD;
2019-09-23 11:06:00 - [TEST_STEP][PASSED] - waitForElementPresent(findTestObject("Regression BackOffice/CLNK-23449/New Referral Button"), 50): Object 'Object Repository/Regression BackOffice/CLNK-23449/New Referral Button' is present&#xD;
&#xD;
2019-09-23 11:06:00 - [MESSAGE][PASSED] - Object 'Object Repository/Regression BackOffice/CLNK-23449/New Referral Button' is present&#xD;
&#xD;
2019-09-23 11:06:00 - [TEST_STEP][PASSED] - click(findTestObject("Regression BackOffice/CLNK-23449/New Referral Button")): Object: 'Object Repository/Regression BackOffice/CLNK-23449/New Referral Button' is clicked on&#xD;
&#xD;
2019-09-23 11:06:01 - [MESSAGE][PASSED] - Object: 'Object Repository/Regression BackOffice/CLNK-23449/New Referral Button' is clicked on&#xD;
&#xD;
2019-09-23 11:06:01 - [TEST_STEP][PASSED] - waitForPageLoad(50): Wait for page load successfully&#xD;
&#xD;
2019-09-23 11:06:01 - [MESSAGE][PASSED] - Wait for page load successfully&#xD;
&#xD;
2019-09-23 11:06:01 - [TEST_STEP][PASSED] - delay(2): Delayed 2 second(s)&#xD;
&#xD;
2019-09-23 11:06:03 - [MESSAGE][PASSED] - Delayed 2 second(s)&#xD;
&#xD;
2019-09-23 11:06:03 - [TEST_STEP][PASSED] - waitForElementPresent(findTestObject("Regression BackOffice/CLNK-23449/ReferralType - Option2"), 50): Object 'Object Repository/Regression BackOffice/CLNK-23449/ReferralType - Option2' is present&#xD;
&#xD;
2019-09-23 11:06:03 - [MESSAGE][PASSED] - Object 'Object Repository/Regression BackOffice/CLNK-23449/ReferralType - Option2' is present&#xD;
&#xD;
2019-09-23 11:06:03 - [TEST_STEP][PASSED] - focus(findTestObject("Regression BackOffice/CLNK-23449/ReferralType - Option2")): Unable to focus on object 'Object Repository/Regression BackOffice/CLNK-23449/ReferralType - Option2' (Root cause: com.kms.katalon.core.exception.StepFailedException: Unable to focus on object 'Object Repository/Regression BackOffice/CLNK-23449/ReferralType - Option2'&#xD;
	at com.kms.katalon.core.webui.keyword.internal.WebUIKeywordMain.stepFailed(WebUIKeywordMain.groovy:64)&#xD;
	at com.kms.katalon.core.webui.keyword.internal.WebUIKeywordMain.runKeyword(WebUIKeywordMain.groovy:26)&#xD;
	at com.kms.katalon.core.webui.keyword.builtin.FocusKeyword.focus(FocusKeyword.groovy:90)&#xD;
	at com.kms.katalon.core.webui.keyword.builtin.FocusKeyword.execute(FocusKeyword.groovy:67)&#xD;
	at com.kms.katalon.core.keyword.internal.KeywordExecutor.executeKeywordForPlatform(KeywordExecutor.groovy:56)&#xD;
	at com.kms.katalon.core.webui.keyword.WebUiBuiltInKeywords.focus(WebUiBuiltInKeywords.groovy:859)&#xD;
	at com.kms.katalon.core.webui.keyword.WebUiBuiltInKeywords$focus$10.call(Unknown Source)&#xD;
	at CLNK-23451 - Back office Quick Intake Wizard Payer.run(CLNK-23451 - Back office Quick Intake Wizard Payer:53)&#xD;
	at com.kms.katalon.core.main.ScriptEngine.run(ScriptEngine.java:194)&#xD;
	at com.kms.katalon.core.main.ScriptEngine.runScriptAsRawText(ScriptEngine.java:119)&#xD;
	at com.kms.katalon.core.main.TestCaseExecutor.runScript(TestCaseExecutor.java:337)&#xD;
	at com.kms.katalon.core.main.TestCaseExecutor.doExecute(TestCaseExecutor.java:328)&#xD;
	at com.kms.katalon.core.main.TestCaseExecutor.processExecutionPhase(TestCaseExecutor.java:307)&#xD;
	at com.kms.katalon.core.main.TestCaseExecutor.accessMainPhase(TestCaseExecutor.java:299)&#xD;
	at com.kms.katalon.core.main.TestCaseExecutor.execute(TestCaseExecutor.java:233)&#xD;
	at com.kms.katalon.core.main.TestSuiteExecutor.accessTestCaseMainPhase(TestSuiteExecutor.java:169)&#xD;
	at com.kms.katalon.core.main.TestSuiteExecutor.accessTestSuiteMainPhase(TestSuiteExecutor.java:142)&#xD;
	at com.kms.katalon.core.main.TestSuiteExecutor.execute(TestSuiteExecutor.java:91)&#xD;
	at com.kms.katalon.core.main.TestCaseMain.startTestSuite(TestCaseMain.java:157)&#xD;
	at com.kms.katalon.core.main.TestCaseMain$startTestSuite$0.call(Unknown Source)&#xD;
	at TempTestSuite1569245946628.run(TempTestSuite1569245946628.groovy:35)&#xD;
Caused by: org.openqa.selenium.JavascriptException: javascript error: Cannot read property 'left' of undefined
  (Session info: chrome=76.0.3809.132)
Build info: version: '3.141.59', revision: 'e82be7d358', time: '2018-11-14T08:25:53'
System info: host: 'DESKTOP-BPONDF2', ip: '192.168.0.121', os.name: 'Windows 10', os.arch: 'amd64', os.version: '10.0', java.version: '1.8.0_181'
Driver info: com.kms.katalon.selenium.driver.CChromeDriver
Capabilities {acceptInsecureCerts: false, browserName: chrome, browserVersion: 76.0.3809.132, chrome: {chromedriverVersion: 76.0.3809.126 (d80a294506b4..., userDataDir: C:\Users\isaac\AppData\Loca...}, goog:chromeOptions: {debuggerAddress: localhost:64738}, javascriptEnabled: true, networkConnectionEnabled: false, pageLoadStrategy: normal, platform: XP, platformName: XP, proxy: Proxy(), setWindowRect: true, strictFileInteractability: false, timeouts: {implicit: 0, pageLoad: 300000, script: 30000}, unhandledPromptBehavior: dismiss and notify}
Session ID: bcb6a9e303720295f2b1d984e40bd2ab&#xD;
	at org.openqa.selenium.remote.http.W3CHttpResponseCodec.createException(W3CHttpResponseCodec.java:187)&#xD;
	at org.openqa.selenium.remote.http.W3CHttpResponseCodec.decode(W3CHttpResponseCodec.java:122)&#xD;
	at org.openqa.selenium.remote.http.W3CHttpResponseCodec.decode(W3CHttpResponseCodec.java:49)&#xD;
	at org.openqa.selenium.remote.HttpCommandExecutor.execute(HttpCommandExecutor.java:158)&#xD;
	at org.openqa.selenium.remote.service.DriverCommandExecutor.execute(DriverCommandExecutor.java:83)&#xD;
	at org.openqa.selenium.remote.RemoteWebDriver.execute(RemoteWebDriver.java:552)&#xD;
	at com.kms.katalon.selenium.driver.CChromeDriver.execute(CChromeDriver.java:20)&#xD;
	at org.openqa.selenium.remote.RemoteWebDriver.perform(RemoteWebDriver.java:618)&#xD;
	at org.openqa.selenium.interactions.Actions$BuiltAction.perform(Actions.java:639)&#xD;
	at org.openqa.selenium.interactions.Actions.perform(Actions.java:595)&#xD;
	at com.kms.katalon.core.webui.keyword.builtin.FocusKeyword$_focus_closure1.doCall(FocusKeyword.groovy:82)&#xD;
	at com.kms.katalon.core.webui.keyword.builtin.FocusKeyword$_focus_closure1.call(FocusKeyword.groovy)&#xD;
	at com.kms.katalon.core.webui.keyword.internal.WebUIKeywordMain.runKeyword(WebUIKeywordMain.groovy:20)&#xD;
	at com.kms.katalon.core.webui.keyword.builtin.FocusKeyword.focus(FocusKeyword.groovy:90)&#xD;
	at com.kms.katalon.core.webui.keyword.builtin.FocusKeyword.execute(FocusKeyword.groovy:67)&#xD;
	at com.kms.katalon.core.keyword.internal.KeywordExecutor.executeKeywordForPlatform(KeywordExecutor.groovy:56)&#xD;
	at com.kms.katalon.core.webui.keyword.WebUiBuiltInKeywords.focus(WebUiBuiltInKeywords.groovy:859)&#xD;
	at com.kms.katalon.core.webui.keyword.WebUiBuiltInKeywords$focus$10.call(Unknown Source)&#xD;
	at Script1553112937598.run(Script1553112937598.groovy:53)&#xD;
	... 13 more&#xD;
)&#xD;
&#xD;
2019-09-23 11:06:03 - [MESSAGE][WARNING] - Unable to focus on object 'Object Repository/Regression BackOffice/CLNK-23449/ReferralType - Option2' (Root cause: com.kms.katalon.core.exception.StepFailedException: Unable to focus on object 'Object Repository/Regression BackOffice/CLNK-23449/ReferralType - Option2'&#xD;
	at com.kms.katalon.core.webui.keyword.internal.WebUIKeywordMain.stepFailed(WebUIKeywordMain.groovy:64)&#xD;
	at com.kms.katalon.core.webui.keyword.internal.WebUIKeywordMain.runKeyword(WebUIKeywordMain.groovy:26)&#xD;
	at com.kms.katalon.core.webui.keyword.builtin.FocusKeyword.focus(FocusKeyword.groovy:90)&#xD;
	at com.kms.katalon.core.webui.keyword.builtin.FocusKeyword.execute(FocusKeyword.groovy:67)&#xD;
	at com.kms.katalon.core.keyword.internal.KeywordExecutor.executeKeywordForPlatform(KeywordExecutor.groovy:56)&#xD;
	at com.kms.katalon.core.webui.keyword.WebUiBuiltInKeywords.focus(WebUiBuiltInKeywords.groovy:859)&#xD;
	at com.kms.katalon.core.webui.keyword.WebUiBuiltInKeywords$focus$10.call(Unknown Source)&#xD;
	at CLNK-23451 - Back office Quick Intake Wizard Payer.run(CLNK-23451 - Back office Quick Intake Wizard Payer:53)&#xD;
	at com.kms.katalon.core.main.ScriptEngine.run(ScriptEngine.java:194)&#xD;
	at com.kms.katalon.core.main.ScriptEngine.runScriptAsRawText(ScriptEngine.java:119)&#xD;
	at com.kms.katalon.core.main.TestCaseExecutor.runScript(TestCaseExecutor.java:337)&#xD;
	at com.kms.katalon.core.main.TestCaseExecutor.doExecute(TestCaseExecutor.java:328)&#xD;
	at com.kms.katalon.core.main.TestCaseExecutor.processExecutionPhase(TestCaseExecutor.java:307)&#xD;
	at com.kms.katalon.core.main.TestCaseExecutor.accessMainPhase(TestCaseExecutor.java:299)&#xD;
	at com.kms.katalon.core.main.TestCaseExecutor.execute(TestCaseExecutor.java:233)&#xD;
	at com.kms.katalon.core.main.TestSuiteExecutor.accessTestCaseMainPhase(TestSuiteExecutor.java:169)&#xD;
	at com.kms.katalon.core.main.TestSuiteExecutor.accessTestSuiteMainPhase(TestSuiteExecutor.java:142)&#xD;
	at com.kms.katalon.core.main.TestSuiteExecutor.execute(TestSuiteExecutor.java:91)&#xD;
	at com.kms.katalon.core.main.TestCaseMain.startTestSuite(TestCaseMain.java:157)&#xD;
	at com.kms.katalon.core.main.TestCaseMain$startTestSuite$0.call(Unknown Source)&#xD;
	at TempTestSuite1569245946628.run(TempTestSuite1569245946628.groovy:35)&#xD;
Caused by: org.openqa.selenium.JavascriptException: javascript error: Cannot read property 'left' of undefined
  (Session info: chrome=76.0.3809.132)
Build info: version: '3.141.59', revision: 'e82be7d358', time: '2018-11-14T08:25:53'
System info: host: 'DESKTOP-BPONDF2', ip: '192.168.0.121', os.name: 'Windows 10', os.arch: 'amd64', os.version: '10.0', java.version: '1.8.0_181'
Driver info: com.kms.katalon.selenium.driver.CChromeDriver
Capabilities {acceptInsecureCerts: false, browserName: chrome, browserVersion: 76.0.3809.132, chrome: {chromedriverVersion: 76.0.3809.126 (d80a294506b4..., userDataDir: C:\Users\isaac\AppData\Loca...}, goog:chromeOptions: {debuggerAddress: localhost:64738}, javascriptEnabled: true, networkConnectionEnabled: false, pageLoadStrategy: normal, platform: XP, platformName: XP, proxy: Proxy(), setWindowRect: true, strictFileInteractability: false, timeouts: {implicit: 0, pageLoad: 300000, script: 30000}, unhandledPromptBehavior: dismiss and notify}
Session ID: bcb6a9e303720295f2b1d984e40bd2ab&#xD;
	at org.openqa.selenium.remote.http.W3CHttpResponseCodec.createException(W3CHttpResponseCodec.java:187)&#xD;
	at org.openqa.selenium.remote.http.W3CHttpResponseCodec.decode(W3CHttpResponseCodec.java:122)&#xD;
	at org.openqa.selenium.remote.http.W3CHttpResponseCodec.decode(W3CHttpResponseCodec.java:49)&#xD;
	at org.openqa.selenium.remote.HttpCommandExecutor.execute(HttpCommandExecutor.java:158)&#xD;
	at org.openqa.selenium.remote.service.DriverCommandExecutor.execute(DriverCommandExecutor.java:83)&#xD;
	at org.openqa.selenium.remote.RemoteWebDriver.execute(RemoteWebDriver.java:552)&#xD;
	at com.kms.katalon.selenium.driver.CChromeDriver.execute(CChromeDriver.java:20)&#xD;
	at org.openqa.selenium.remote.RemoteWebDriver.perform(RemoteWebDriver.java:618)&#xD;
	at org.openqa.selenium.interactions.Actions$BuiltAction.perform(Actions.java:639)&#xD;
	at org.openqa.selenium.interactions.Actions.perform(Actions.java:595)&#xD;
	at com.kms.katalon.core.webui.keyword.builtin.FocusKeyword$_focus_closure1.doCall(FocusKeyword.groovy:82)&#xD;
	at com.kms.katalon.core.webui.keyword.builtin.FocusKeyword$_focus_closure1.call(FocusKeyword.groovy)&#xD;
	at com.kms.katalon.core.webui.keyword.internal.WebUIKeywordMain.runKeyword(WebUIKeywordMain.groovy:20)&#xD;
	at com.kms.katalon.core.webui.keyword.builtin.FocusKeyword.focus(FocusKeyword.groovy:90)&#xD;
	at com.kms.katalon.core.webui.keyword.builtin.FocusKeyword.execute(FocusKeyword.groovy:67)&#xD;
	at com.kms.katalon.core.keyword.internal.KeywordExecutor.executeKeywordForPlatform(KeywordExecutor.groovy:56)&#xD;
	at com.kms.katalon.core.webui.keyword.WebUiBuiltInKeywords.focus(WebUiBuiltInKeywords.groovy:859)&#xD;
	at com.kms.katalon.core.webui.keyword.WebUiBuiltInKeywords$focus$10.call(Unknown Source)&#xD;
	at Script1553112937598.run(Script1553112937598.groovy:53)&#xD;
	... 13 more&#xD;
)&#xD;
[[ATTACHMENT|C:\\Users\\isaac\\Desktop\\Clientes\\ProcuraCanada\\Katalon Studio\\Continulink\\Reports\\20190923_103834\\Regression BackOffice\\Regression BackOffice\\20190923_103906\\1569247563341.png]]&#xD;
&#xD;
2019-09-23 11:06:03 - [TEST_STEP][PASSED] - click(findTestObject("Regression BackOffice/CLNK-23449/ReferralType - Option2")): Object: 'Object Repository/Regression BackOffice/CLNK-23449/ReferralType - Option2' is clicked on&#xD;
&#xD;
2019-09-23 11:06:03 - [MESSAGE][PASSED] - Object: 'Object Repository/Regression BackOffice/CLNK-23449/ReferralType - Option2' is clicked on&#xD;
&#xD;
2019-09-23 11:06:03 - [TEST_STEP][PASSED] - delay(2): Delayed 2 second(s)&#xD;
&#xD;
2019-09-23 11:06:05 - [MESSAGE][PASSED] - Delayed 2 second(s)&#xD;
&#xD;
2019-09-23 11:06:05 - [TEST_STEP][PASSED] - sendKeys(findTestObject("Regression BackOffice/CLNK-23449/ReferralType - Option2"), Keys.chord(ARROW_DOWN, ENTER)): Unable to send keys '' to object 'Object Repository/Regression BackOffice/CLNK-23449/ReferralType - Option2' (Root cause: com.kms.katalon.core.exception.StepFailedException: Unable to send keys '' to object 'Object Repository/Regression BackOffice/CLNK-23449/ReferralType - Option2'&#xD;
	at com.kms.katalon.core.webui.keyword.internal.WebUIKeywordMain.stepFailed(WebUIKeywordMain.groovy:64)&#xD;
	at com.kms.katalon.core.webui.keyword.internal.WebUIKeywordMain.runKeyword(WebUIKeywordMain.groovy:26)&#xD;
	at com.kms.katalon.core.webui.keyword.builtin.SendKeysKeyword.sendKeys(SendKeysKeyword.groovy:60)&#xD;
	at com.kms.katalon.core.webui.keyword.builtin.SendKeysKeyword.execute(SendKeysKeyword.groovy:38)&#xD;
	at com.kms.katalon.core.keyword.internal.KeywordExecutor.executeKeywordForPlatform(KeywordExecutor.groovy:56)&#xD;
	at com.kms.katalon.core.webui.keyword.WebUiBuiltInKeywords.sendKeys(WebUiBuiltInKeywords.groovy:834)&#xD;
	at com.kms.katalon.core.webui.keyword.WebUiBuiltInKeywords$sendKeys$11.call(Unknown Source)&#xD;
	at CLNK-23451 - Back office Quick Intake Wizard Payer.run(CLNK-23451 - Back office Quick Intake Wizard Payer:59)&#xD;
	at com.kms.katalon.core.main.ScriptEngine.run(ScriptEngine.java:194)&#xD;
	at com.kms.katalon.core.main.ScriptEngine.runScriptAsRawText(ScriptEngine.java:119)&#xD;
	at com.kms.katalon.core.main.TestCaseExecutor.runScript(TestCaseExecutor.java:337)&#xD;
	at com.kms.katalon.core.main.TestCaseExecutor.doExecute(TestCaseExecutor.java:328)&#xD;
	at com.kms.katalon.core.main.TestCaseExecutor.processExecutionPhase(TestCaseExecutor.java:307)&#xD;
	at com.kms.katalon.core.main.TestCaseExecutor.accessMainPhase(TestCaseExecutor.java:299)&#xD;
	at com.kms.katalon.core.main.TestCaseExecutor.execute(TestCaseExecutor.java:233)&#xD;
	at com.kms.katalon.core.main.TestSuiteExecutor.accessTestCaseMainPhase(TestSuiteExecutor.java:169)&#xD;
	at com.kms.katalon.core.main.TestSuiteExecutor.accessTestSuiteMainPhase(TestSuiteExecutor.java:142)&#xD;
	at com.kms.katalon.core.main.TestSuiteExecutor.execute(TestSuiteExecutor.java:91)&#xD;
	at com.kms.katalon.core.main.TestCaseMain.startTestSuite(TestCaseMain.java:157)&#xD;
	at com.kms.katalon.core.main.TestCaseMain$startTestSuite$0.call(Unknown Source)&#xD;
	at TempTestSuite1569245946628.run(TempTestSuite1569245946628.groovy:35)&#xD;
Caused by: org.openqa.selenium.ElementNotInteractableException: element not interactable
  (Session info: chrome=76.0.3809.132)
Build info: version: '3.141.59', revision: 'e82be7d358', time: '2018-11-14T08:25:53'
System info: host: 'DESKTOP-BPONDF2', ip: '192.168.0.121', os.name: 'Windows 10', os.arch: 'amd64', os.version: '10.0', java.version: '1.8.0_181'
Driver info: com.kms.katalon.selenium.driver.CChromeDriver
Capabilities {acceptInsecureCerts: false, browserName: chrome, browserVersion: 76.0.3809.132, chrome: {chromedriverVersion: 76.0.3809.126 (d80a294506b4..., userDataDir: C:\Users\isaac\AppData\Loca...}, goog:chromeOptions: {debuggerAddress: localhost:64738}, javascriptEnabled: true, networkConnectionEnabled: false, pageLoadStrategy: normal, platform: XP, platformName: XP, proxy: Proxy(), setWindowRect: true, strictFileInteractability: false, timeouts: {implicit: 0, pageLoad: 300000, script: 30000}, unhandledPromptBehavior: dismiss and notify}
Session ID: bcb6a9e303720295f2b1d984e40bd2ab&#xD;
	at org.openqa.selenium.remote.http.W3CHttpResponseCodec.createException(W3CHttpResponseCodec.java:187)&#xD;
	at org.openqa.selenium.remote.http.W3CHttpResponseCodec.decode(W3CHttpResponseCodec.java:122)&#xD;
	at org.openqa.selenium.remote.http.W3CHttpResponseCodec.decode(W3CHttpResponseCodec.java:49)&#xD;
	at org.openqa.selenium.remote.HttpCommandExecutor.execute(HttpCommandExecutor.java:158)&#xD;
	at org.openqa.selenium.remote.service.DriverCommandExecutor.execute(DriverCommandExecutor.java:83)&#xD;
	at org.openqa.selenium.remote.RemoteWebDriver.execute(RemoteWebDriver.java:552)&#xD;
	at com.kms.katalon.selenium.driver.CChromeDriver.execute(CChromeDriver.java:20)&#xD;
	at org.openqa.selenium.remote.RemoteWebElement.execute(RemoteWebElement.java:285)&#xD;
	at org.openqa.selenium.remote.RemoteWebElement.sendKeys(RemoteWebElement.java:106)&#xD;
	at com.kms.katalon.core.webui.keyword.builtin.SendKeysKeyword$_sendKeys_closure1.doCall(SendKeysKeyword.groovy:53)&#xD;
	at com.kms.katalon.core.webui.keyword.builtin.SendKeysKeyword$_sendKeys_closure1.call(SendKeysKeyword.groovy)&#xD;
	at com.kms.katalon.core.webui.keyword.internal.WebUIKeywordMain.runKeyword(WebUIKeywordMain.groovy:20)&#xD;
	at com.kms.katalon.core.webui.keyword.builtin.SendKeysKeyword.sendKeys(SendKeysKeyword.groovy:60)&#xD;
	at com.kms.katalon.core.webui.keyword.builtin.SendKeysKeyword.execute(SendKeysKeyword.groovy:38)&#xD;
	at com.kms.katalon.core.keyword.internal.KeywordExecutor.executeKeywordForPlatform(KeywordExecutor.groovy:56)&#xD;
	at com.kms.katalon.core.webui.keyword.WebUiBuiltInKeywords.sendKeys(WebUiBuiltInKeywords.groovy:834)&#xD;
	at com.kms.katalon.core.webui.keyword.WebUiBuiltInKeywords$sendKeys$11.call(Unknown Source)&#xD;
	at Script1553112937598.run(Script1553112937598.groovy:59)&#xD;
	... 13 more&#xD;
)&#xD;
&#xD;
2019-09-23 11:06:06 - [MESSAGE][WARNING] - Unable to send keys '' to object 'Object Repository/Regression BackOffice/CLNK-23449/ReferralType - Option2' (Root cause: com.kms.katalon.core.exception.StepFailedException: Unable to send keys '' to object 'Object Repository/Regression BackOffice/CLNK-23449/ReferralType - Option2'&#xD;
	at com.kms.katalon.core.webui.keyword.internal.WebUIKeywordMain.stepFailed(WebUIKeywordMain.groovy:64)&#xD;
	at com.kms.katalon.core.webui.keyword.internal.WebUIKeywordMain.runKeyword(WebUIKeywordMain.groovy:26)&#xD;
	at com.kms.katalon.core.webui.keyword.builtin.SendKeysKeyword.sendKeys(SendKeysKeyword.groovy:60)&#xD;
	at com.kms.katalon.core.webui.keyword.builtin.SendKeysKeyword.execute(SendKeysKeyword.groovy:38)&#xD;
	at com.kms.katalon.core.keyword.internal.KeywordExecutor.executeKeywordForPlatform(KeywordExecutor.groovy:56)&#xD;
	at com.kms.katalon.core.webui.keyword.WebUiBuiltInKeywords.sendKeys(WebUiBuiltInKeywords.groovy:834)&#xD;
	at com.kms.katalon.core.webui.keyword.WebUiBuiltInKeywords$sendKeys$11.call(Unknown Source)&#xD;
	at CLNK-23451 - Back office Quick Intake Wizard Payer.run(CLNK-23451 - Back office Quick Intake Wizard Payer:59)&#xD;
	at com.kms.katalon.core.main.ScriptEngine.run(ScriptEngine.java:194)&#xD;
	at com.kms.katalon.core.main.ScriptEngine.runScriptAsRawText(ScriptEngine.java:119)&#xD;
	at com.kms.katalon.core.main.TestCaseExecutor.runScript(TestCaseExecutor.java:337)&#xD;
	at com.kms.katalon.core.main.TestCaseExecutor.doExecute(TestCaseExecutor.java:328)&#xD;
	at com.kms.katalon.core.main.TestCaseExecutor.processExecutionPhase(TestCaseExecutor.java:307)&#xD;
	at com.kms.katalon.core.main.TestCaseExecutor.accessMainPhase(TestCaseExecutor.java:299)&#xD;
	at com.kms.katalon.core.main.TestCaseExecutor.execute(TestCaseExecutor.java:233)&#xD;
	at com.kms.katalon.core.main.TestSuiteExecutor.accessTestCaseMainPhase(TestSuiteExecutor.java:169)&#xD;
	at com.kms.katalon.core.main.TestSuiteExecutor.accessTestSuiteMainPhase(TestSuiteExecutor.java:142)&#xD;
	at com.kms.katalon.core.main.TestSuiteExecutor.execute(TestSuiteExecutor.java:91)&#xD;
	at com.kms.katalon.core.main.TestCaseMain.startTestSuite(TestCaseMain.java:157)&#xD;
	at com.kms.katalon.core.main.TestCaseMain$startTestSuite$0.call(Unknown Source)&#xD;
	at TempTestSuite1569245946628.run(TempTestSuite1569245946628.groovy:35)&#xD;
Caused by: org.openqa.selenium.ElementNotInteractableException: element not interactable
  (Session info: chrome=76.0.3809.132)
Build info: version: '3.141.59', revision: 'e82be7d358', time: '2018-11-14T08:25:53'
System info: host: 'DESKTOP-BPONDF2', ip: '192.168.0.121', os.name: 'Windows 10', os.arch: 'amd64', os.version: '10.0', java.version: '1.8.0_181'
Driver info: com.kms.katalon.selenium.driver.CChromeDriver
Capabilities {acceptInsecureCerts: false, browserName: chrome, browserVersion: 76.0.3809.132, chrome: {chromedriverVersion: 76.0.3809.126 (d80a294506b4..., userDataDir: C:\Users\isaac\AppData\Loca...}, goog:chromeOptions: {debuggerAddress: localhost:64738}, javascriptEnabled: true, networkConnectionEnabled: false, pageLoadStrategy: normal, platform: XP, platformName: XP, proxy: Proxy(), setWindowRect: true, strictFileInteractability: false, timeouts: {implicit: 0, pageLoad: 300000, script: 30000}, unhandledPromptBehavior: dismiss and notify}
Session ID: bcb6a9e303720295f2b1d984e40bd2ab&#xD;
	at org.openqa.selenium.remote.http.W3CHttpResponseCodec.createException(W3CHttpResponseCodec.java:187)&#xD;
	at org.openqa.selenium.remote.http.W3CHttpResponseCodec.decode(W3CHttpResponseCodec.java:122)&#xD;
	at org.openqa.selenium.remote.http.W3CHttpResponseCodec.decode(W3CHttpResponseCodec.java:49)&#xD;
	at org.openqa.selenium.remote.HttpCommandExecutor.execute(HttpCommandExecutor.java:158)&#xD;
	at org.openqa.selenium.remote.service.DriverCommandExecutor.execute(DriverCommandExecutor.java:83)&#xD;
	at org.openqa.selenium.remote.RemoteWebDriver.execute(RemoteWebDriver.java:552)&#xD;
	at com.kms.katalon.selenium.driver.CChromeDriver.execute(CChromeDriver.java:20)&#xD;
	at org.openqa.selenium.remote.RemoteWebElement.execute(RemoteWebElement.java:285)&#xD;
	at org.openqa.selenium.remote.RemoteWebElement.sendKeys(RemoteWebElement.java:106)&#xD;
	at com.kms.katalon.core.webui.keyword.builtin.SendKeysKeyword$_sendKeys_closure1.doCall(SendKeysKeyword.groovy:53)&#xD;
	at com.kms.katalon.core.webui.keyword.builtin.SendKeysKeyword$_sendKeys_closure1.call(SendKeysKeyword.groovy)&#xD;
	at com.kms.katalon.core.webui.keyword.internal.WebUIKeywordMain.runKeyword(WebUIKeywordMain.groovy:20)&#xD;
	at com.kms.katalon.core.webui.keyword.builtin.SendKeysKeyword.sendKeys(SendKeysKeyword.groovy:60)&#xD;
	at com.kms.katalon.core.webui.keyword.builtin.SendKeysKeyword.execute(SendKeysKeyword.groovy:38)&#xD;
	at com.kms.katalon.core.keyword.internal.KeywordExecutor.executeKeywordForPlatform(KeywordExecutor.groovy:56)&#xD;
	at com.kms.katalon.core.webui.keyword.WebUiBuiltInKeywords.sendKeys(WebUiBuiltInKeywords.groovy:834)&#xD;
	at com.kms.katalon.core.webui.keyword.WebUiBuiltInKeywords$sendKeys$11.call(Unknown Source)&#xD;
	at Script1553112937598.run(Script1553112937598.groovy:59)&#xD;
	... 13 more&#xD;
)&#xD;
[[ATTACHMENT|C:\\Users\\isaac\\Desktop\\Clientes\\ProcuraCanada\\Katalon Studio\\Continulink\\Reports\\20190923_103834\\Regression BackOffice\\Regression BackOffice\\20190923_103906\\1569247565992.png]]&#xD;
&#xD;
2019-09-23 11:06:06 - [TEST_STEP][PASSED] - delay(3): Delayed 3 second(s)&#xD;
&#xD;
2019-09-23 11:06:09 - [MESSAGE][PASSED] - Delayed 3 second(s)&#xD;
&#xD;
2019-09-23 11:06:09 - [TEST_STEP][PASSED] - waitForElementPresent(findTestObject("Regression BackOffice/CLNK-23449/ReferralSourcePerson"), 50): Object 'Object Repository/Regression BackOffice/CLNK-23449/ReferralSourcePerson' is present&#xD;
&#xD;
2019-09-23 11:06:09 - [MESSAGE][PASSED] - Object 'Object Repository/Regression BackOffice/CLNK-23449/ReferralSourcePerson' is present&#xD;
&#xD;
2019-09-23 11:06:09 - [TEST_STEP][PASSED] - setText(findTestObject("Regression BackOffice/CLNK-23449/ReferralSourcePerson"), G_ReferralSourcePerson): Text 'Lyudmila Kaskov' is set on object 'Object Repository/Regression BackOffice/CLNK-23449/ReferralSourcePerson'&#xD;
&#xD;
2019-09-23 11:06:10 - [MESSAGE][PASSED] - Text 'Lyudmila Kaskov' is set on object 'Object Repository/Regression BackOffice/CLNK-23449/ReferralSourcePerson'&#xD;
&#xD;
2019-09-23 11:06:10 - [TEST_STEP][PASSED] - delay(2): Delayed 2 second(s)&#xD;
&#xD;
2019-09-23 11:06:12 - [MESSAGE][PASSED] - Delayed 2 second(s)&#xD;
&#xD;
2019-09-23 11:06:12 - [TEST_STEP][PASSED] - waitForElementPresent(findTestObject("Regression BackOffice/CLNK-23449/ClientFirstName"), 50): Object 'Object Repository/Regression BackOffice/CLNK-23449/ClientFirstName' is present&#xD;
&#xD;
2019-09-23 11:06:12 - [MESSAGE][PASSED] - Object 'Object Repository/Regression BackOffice/CLNK-23449/ClientFirstName' is present&#xD;
&#xD;
2019-09-23 11:06:12 - [TEST_STEP][PASSED] - setText(findTestObject("Regression BackOffice/CLNK-23449/ClientFirstName"), G_ClientFirstName): Text 'Danielo' is set on object 'Object Repository/Regression BackOffice/CLNK-23449/ClientFirstName'&#xD;
&#xD;
2019-09-23 11:06:12 - [MESSAGE][PASSED] - Text 'Danielo' is set on object 'Object Repository/Regression BackOffice/CLNK-23449/ClientFirstName'&#xD;
&#xD;
2019-09-23 11:06:12 - [TEST_STEP][PASSED] - delay(2): Delayed 2 second(s)&#xD;
&#xD;
2019-09-23 11:06:14 - [MESSAGE][PASSED] - Delayed 2 second(s)&#xD;
&#xD;
2019-09-23 11:06:14 - [TEST_STEP][PASSED] - waitForElementPresent(findTestObject("Regression BackOffice/CLNK-23449/ClientMiddle"), 50): Object 'Object Repository/Regression BackOffice/CLNK-23449/ClientMiddle' is present&#xD;
&#xD;
2019-09-23 11:06:14 - [MESSAGE][PASSED] - Object 'Object Repository/Regression BackOffice/CLNK-23449/ClientMiddle' is present&#xD;
&#xD;
2019-09-23 11:06:14 - [TEST_STEP][PASSED] - setText(findTestObject("Regression BackOffice/CLNK-23449/ClientMiddle"), G_ClientMiddleName): Text 'L' is set on object 'Object Repository/Regression BackOffice/CLNK-23449/ClientMiddle'&#xD;
&#xD;
2019-09-23 11:06:14 - [MESSAGE][PASSED] - Text 'L' is set on object 'Object Repository/Regression BackOffice/CLNK-23449/ClientMiddle'&#xD;
&#xD;
2019-09-23 11:06:14 - [TEST_STEP][PASSED] - delay(2): Delayed 2 second(s)&#xD;
&#xD;
2019-09-23 11:06:16 - [MESSAGE][PASSED] - Delayed 2 second(s)&#xD;
&#xD;
2019-09-23 11:06:16 - [TEST_STEP][PASSED] - waitForElementPresent(findTestObject("Regression BackOffice/CLNK-23449/ClientLastName"), 50): Object 'Object Repository/Regression BackOffice/CLNK-23449/ClientLastName' is present&#xD;
&#xD;
2019-09-23 11:06:17 - [MESSAGE][PASSED] - Object 'Object Repository/Regression BackOffice/CLNK-23449/ClientLastName' is present&#xD;
&#xD;
2019-09-23 11:06:17 - [TEST_STEP][PASSED] - setText(findTestObject("Regression BackOffice/CLNK-23449/ClientLastName"), G_ClientLastName): Text 'Danielisky' is set on object 'Object Repository/Regression BackOffice/CLNK-23449/ClientLastName'&#xD;
&#xD;
2019-09-23 11:06:17 - [MESSAGE][PASSED] - Text 'Danielisky' is set on object 'Object Repository/Regression BackOffice/CLNK-23449/ClientLastName'&#xD;
&#xD;
2019-09-23 11:06:17 - [TEST_STEP][PASSED] - delay(2): Delayed 2 second(s)&#xD;
&#xD;
2019-09-23 11:06:19 - [MESSAGE][PASSED] - Delayed 2 second(s)&#xD;
&#xD;
2019-09-23 11:06:19 - [TEST_STEP][PASSED] - waitForElementPresent(findTestObject("Regression BackOffice/CLNK-23449/FollowUpCallBack"), 50): Object 'Object Repository/Regression BackOffice/CLNK-23449/FollowUpCallBack' is present&#xD;
&#xD;
2019-09-23 11:06:19 - [MESSAGE][PASSED] - Object 'Object Repository/Regression BackOffice/CLNK-23449/FollowUpCallBack' is present&#xD;
&#xD;
2019-09-23 11:06:19 - [TEST_STEP][PASSED] - setText(findTestObject("Regression BackOffice/CLNK-23449/FollowUpCallBack"), "3"): Text '3' is set on object 'Object Repository/Regression BackOffice/CLNK-23449/FollowUpCallBack'&#xD;
&#xD;
2019-09-23 11:06:19 - [MESSAGE][PASSED] - Text '3' is set on object 'Object Repository/Regression BackOffice/CLNK-23449/FollowUpCallBack'&#xD;
&#xD;
2019-09-23 11:06:19 - [TEST_STEP][PASSED] - delay(2): Delayed 2 second(s)&#xD;
&#xD;
2019-09-23 11:06:21 - [MESSAGE][PASSED] - Delayed 2 second(s)&#xD;
&#xD;
2019-09-23 11:06:21 - [TEST_STEP][PASSED] - waitForElementPresent(findTestObject("Regression BackOffice/CLNK-23449/PhysicianName"), 50): Object 'Object Repository/Regression BackOffice/CLNK-23449/PhysicianName' is present&#xD;
&#xD;
2019-09-23 11:06:22 - [MESSAGE][PASSED] - Object 'Object Repository/Regression BackOffice/CLNK-23449/PhysicianName' is present&#xD;
&#xD;
2019-09-23 11:06:22 - [TEST_STEP][PASSED] - click(findTestObject("Regression BackOffice/CLNK-23449/PhysicianName")): Object: 'Object Repository/Regression BackOffice/CLNK-23449/PhysicianName' is clicked on&#xD;
&#xD;
2019-09-23 11:06:22 - [MESSAGE][PASSED] - Object: 'Object Repository/Regression BackOffice/CLNK-23449/PhysicianName' is clicked on&#xD;
&#xD;
2019-09-23 11:06:22 - [TEST_STEP][PASSED] - delay(2): Delayed 2 second(s)&#xD;
&#xD;
2019-09-23 11:06:24 - [MESSAGE][PASSED] - Delayed 2 second(s)&#xD;
&#xD;
2019-09-23 11:06:24 - [TEST_STEP][PASSED] - setText(findTestObject("Regression BackOffice/CLNK-23449/PhysicianName"), G_PhisicanName): Text 'Abbott' is set on object 'Object Repository/Regression BackOffice/CLNK-23449/PhysicianName'&#xD;
&#xD;
2019-09-23 11:06:24 - [MESSAGE][PASSED] - Text 'Abbott' is set on object 'Object Repository/Regression BackOffice/CLNK-23449/PhysicianName'&#xD;
&#xD;
2019-09-23 11:06:24 - [TEST_STEP][PASSED] - delay(3): Delayed 3 second(s)&#xD;
&#xD;
2019-09-23 11:06:27 - [MESSAGE][PASSED] - Delayed 3 second(s)&#xD;
&#xD;
2019-09-23 11:06:27 - [TEST_STEP][PASSED] - waitForElementPresent(findTestObject("Regression BackOffice/CLNK-23449/li_Black Larry"), 50): Object 'Object Repository/Regression BackOffice/CLNK-23449/li_Black Larry' is present&#xD;
&#xD;
2019-09-23 11:06:27 - [MESSAGE][PASSED] - Object 'Object Repository/Regression BackOffice/CLNK-23449/li_Black Larry' is present&#xD;
&#xD;
2019-09-23 11:06:27 - [TEST_STEP][PASSED] - click(findTestObject("Regression BackOffice/CLNK-23449/li_Black Larry")): Object: 'Object Repository/Regression BackOffice/CLNK-23449/li_Black Larry' is clicked on&#xD;
&#xD;
2019-09-23 11:06:27 - [MESSAGE][PASSED] - Object: 'Object Repository/Regression BackOffice/CLNK-23449/li_Black Larry' is clicked on&#xD;
&#xD;
2019-09-23 11:06:27 - [TEST_STEP][PASSED] - delay(2): Delayed 2 second(s)&#xD;
&#xD;
2019-09-23 11:06:29 - [MESSAGE][PASSED] - Delayed 2 second(s)&#xD;
&#xD;
2019-09-23 11:06:29 - [TEST_STEP][PASSED] - waitForElementPresent(findTestObject("Regression BackOffice/CLNK-23449/SaveButton"), 50): Object 'Object Repository/Regression BackOffice/CLNK-23449/SaveButton' is present&#xD;
&#xD;
2019-09-23 11:06:29 - [MESSAGE][PASSED] - Object 'Object Repository/Regression BackOffice/CLNK-23449/SaveButton' is present&#xD;
&#xD;
2019-09-23 11:06:29 - [TEST_STEP][PASSED] - click(findTestObject("Regression BackOffice/CLNK-23449/SaveButton"), STOP_ON_FAILURE): Object: 'Object Repository/Regression BackOffice/CLNK-23449/SaveButton' is clicked on&#xD;
&#xD;
2019-09-23 11:06:29 - [MESSAGE][PASSED] - Object: 'Object Repository/Regression BackOffice/CLNK-23449/SaveButton' is clicked on&#xD;
&#xD;
2019-09-23 11:06:29 - [TEST_STEP][PASSED] - delay(2): Delayed 2 second(s)&#xD;
&#xD;
2019-09-23 11:06:31 - [MESSAGE][PASSED] - Delayed 2 second(s)&#xD;
&#xD;
2019-09-23 11:06:31 - [TEST_STEP][PASSED] - waitForElementPresent(findTestObject("Regression BackOffice/CLNK-23449/btnNext"), 50): Object 'Object Repository/Regression BackOffice/CLNK-23449/btnNext' is present&#xD;
&#xD;
2019-09-23 11:06:32 - [MESSAGE][PASSED] - Object 'Object Repository/Regression BackOffice/CLNK-23449/btnNext' is present&#xD;
&#xD;
2019-09-23 11:06:32 - [TEST_STEP][PASSED] - click(findTestObject("Regression BackOffice/CLNK-23449/btnNext"), STOP_ON_FAILURE): Object: 'Object Repository/Regression BackOffice/CLNK-23449/btnNext' is clicked on&#xD;
&#xD;
2019-09-23 11:06:32 - [MESSAGE][PASSED] - Object: 'Object Repository/Regression BackOffice/CLNK-23449/btnNext' is clicked on&#xD;
&#xD;
2019-09-23 11:06:32 - [TEST_STEP][PASSED] - delay(2): Delayed 2 second(s)&#xD;
&#xD;
2019-09-23 11:06:34 - [MESSAGE][PASSED] - Delayed 2 second(s)&#xD;
&#xD;
2019-09-23 11:06:34 - [TEST_STEP][PASSED] - setText(findTestObject("Regression BackOffice/CLNK-23449/Demographics/DOB"), "05/23/1970"): Text '05/23/1970' is set on object 'Object Repository/Regression BackOffice/CLNK-23449/Demographics/DOB'&#xD;
&#xD;
2019-09-23 11:06:34 - [MESSAGE][PASSED] - Text '05/23/1970' is set on object 'Object Repository/Regression BackOffice/CLNK-23449/Demographics/DOB'&#xD;
&#xD;
2019-09-23 11:06:34 - [TEST_STEP][PASSED] - delay(3): Delayed 3 second(s)&#xD;
&#xD;
2019-09-23 11:06:37 - [MESSAGE][PASSED] - Delayed 3 second(s)&#xD;
&#xD;
2019-09-23 11:06:37 - [TEST_STEP][PASSED] - setText(findTestObject("Regression BackOffice/CLNK-23449/Demographics/SSN1"), "436120560"): Text '436120560' is set on object 'Object Repository/Regression BackOffice/CLNK-23449/Demographics/SSN1'&#xD;
&#xD;
2019-09-23 11:06:38 - [MESSAGE][PASSED] - Text '436120560' is set on object 'Object Repository/Regression BackOffice/CLNK-23449/Demographics/SSN1'&#xD;
&#xD;
2019-09-23 11:06:38 - [TEST_STEP][PASSED] - delay(3): Delayed 3 second(s)&#xD;
&#xD;
2019-09-23 11:06:41 - [MESSAGE][PASSED] - Delayed 3 second(s)&#xD;
&#xD;
2019-09-23 11:06:41 - [TEST_STEP][PASSED] - setText(findTestObject("Regression BackOffice/CLNK-23449/Demographics/Medicare ID"), "123456789a"): Text '123456789a' is set on object 'Object Repository/Regression BackOffice/CLNK-23449/Demographics/Medicare ID'&#xD;
&#xD;
2019-09-23 11:06:41 - [MESSAGE][PASSED] - Text '123456789a' is set on object 'Object Repository/Regression BackOffice/CLNK-23449/Demographics/Medicare ID'&#xD;
&#xD;
2019-09-23 11:06:41 - [TEST_STEP][PASSED] - delay(3): Delayed 3 second(s)&#xD;
&#xD;
2019-09-23 11:06:44 - [MESSAGE][PASSED] - Delayed 3 second(s)&#xD;
&#xD;
2019-09-23 11:06:44 - [TEST_STEP][PASSED] - setText(findTestObject("Regression BackOffice/CLNK-23449/Demographics/Address"), "320 Interlocken Parkway"): Text '320 Interlocken Parkway' is set on object 'Object Repository/Regression BackOffice/CLNK-23449/Demographics/Address'&#xD;
&#xD;
2019-09-23 11:06:45 - [MESSAGE][PASSED] - Text '320 Interlocken Parkway' is set on object 'Object Repository/Regression BackOffice/CLNK-23449/Demographics/Address'&#xD;
&#xD;
2019-09-23 11:06:45 - [TEST_STEP][PASSED] - delay(3): Delayed 3 second(s)&#xD;
&#xD;
2019-09-23 11:06:48 - [MESSAGE][PASSED] - Delayed 3 second(s)&#xD;
&#xD;
2019-09-23 11:06:48 - [TEST_STEP][PASSED] - setText(findTestObject("Regression BackOffice/CLNK-23449/Demographics/City"), "Broomfield"): Text 'Broomfield' is set on object 'Object Repository/Regression BackOffice/CLNK-23449/Demographics/City'&#xD;
&#xD;
2019-09-23 11:06:48 - [MESSAGE][PASSED] - Text 'Broomfield' is set on object 'Object Repository/Regression BackOffice/CLNK-23449/Demographics/City'&#xD;
&#xD;
2019-09-23 11:06:48 - [TEST_STEP][PASSED] - delay(3): Delayed 3 second(s)&#xD;
&#xD;
2019-09-23 11:06:51 - [MESSAGE][PASSED] - Delayed 3 second(s)&#xD;
&#xD;
2019-09-23 11:06:51 - [TEST_STEP][PASSED] - setText(findTestObject("Regression BackOffice/CLNK-23449/Demographics/County"), "United States"): Text 'United States' is set on object 'Object Repository/Regression BackOffice/CLNK-23449/Demographics/County'&#xD;
&#xD;
2019-09-23 11:06:51 - [MESSAGE][PASSED] - Text 'United States' is set on object 'Object Repository/Regression BackOffice/CLNK-23449/Demographics/County'&#xD;
&#xD;
2019-09-23 11:06:51 - [TEST_STEP][PASSED] - delay(3): Delayed 3 second(s)&#xD;
&#xD;
2019-09-23 11:06:54 - [MESSAGE][PASSED] - Delayed 3 second(s)&#xD;
&#xD;
2019-09-23 11:06:54 - [TEST_STEP][PASSED] - click(findTestObject("Regression BackOffice/CLNK-23449/Demographics/State"), CONTINUE_ON_FAILURE): Object: 'Object Repository/Regression BackOffice/CLNK-23449/Demographics/State' is clicked on&#xD;
&#xD;
2019-09-23 11:06:55 - [MESSAGE][PASSED] - Object: 'Object Repository/Regression BackOffice/CLNK-23449/Demographics/State' is clicked on&#xD;
&#xD;
2019-09-23 11:06:55 - [TEST_STEP][PASSED] - sendKeys(findTestObject("Regression BackOffice/CLNK-23449/Demographics/State"), Keys.chord(ARROW_DOWN, ARROW_DOWN, ARROW_DOWN, ARROW_DOWN, ARROW_DOWN, ARROW_DOWN, ENTER)): Keys 'DOWN + DOWN + DOWN + DOWN + DOWN + DOWN + ENTER + ' sent to object: 'Object Repository/Regression BackOffice/CLNK-23449/Demographics/State'&#xD;
&#xD;
2019-09-23 11:06:55 - [MESSAGE][PASSED] - Keys 'DOWN + DOWN + DOWN + DOWN + DOWN + DOWN + ENTER + ' sent to object: 'Object Repository/Regression BackOffice/CLNK-23449/Demographics/State'&#xD;
&#xD;
2019-09-23 11:06:55 - [TEST_STEP][PASSED] - delay(3): Delayed 3 second(s)&#xD;
&#xD;
2019-09-23 11:06:58 - [MESSAGE][PASSED] - Delayed 3 second(s)&#xD;
&#xD;
2019-09-23 11:06:58 - [TEST_STEP][PASSED] - click(findTestObject("Regression BackOffice/CLNK-23449/Demographics/btnVerify"), CONTINUE_ON_FAILURE): Object: 'Object Repository/Regression BackOffice/CLNK-23449/Demographics/btnVerify' is clicked on&#xD;
&#xD;
2019-09-23 11:06:58 - [MESSAGE][PASSED] - Object: 'Object Repository/Regression BackOffice/CLNK-23449/Demographics/btnVerify' is clicked on&#xD;
&#xD;
2019-09-23 11:06:58 - [TEST_STEP][PASSED] - delay(3): Delayed 3 second(s)&#xD;
&#xD;
2019-09-23 11:07:01 - [MESSAGE][PASSED] - Delayed 3 second(s)&#xD;
&#xD;
2019-09-23 11:07:01 - [TEST_STEP][PASSED] - click(findTestObject("Regression BackOffice/CLNK-23449/Demographics/btnVerify"), CONTINUE_ON_FAILURE): Object: 'Object Repository/Regression BackOffice/CLNK-23449/Demographics/btnVerify' is clicked on&#xD;
&#xD;
2019-09-23 11:07:01 - [MESSAGE][PASSED] - Object: 'Object Repository/Regression BackOffice/CLNK-23449/Demographics/btnVerify' is clicked on&#xD;
&#xD;
2019-09-23 11:07:01 - [TEST_STEP][PASSED] - delay(3): Delayed 3 second(s)&#xD;
&#xD;
2019-09-23 11:07:04 - [MESSAGE][PASSED] - Delayed 3 second(s)&#xD;
&#xD;
2019-09-23 11:07:04 - [TEST_STEP][PASSED] - click(findTestObject("Regression BackOffice/CLNK-23449/Demographics/UseVerifyAddress"), CONTINUE_ON_FAILURE): Object: 'Object Repository/Regression BackOffice/CLNK-23449/Demographics/UseVerifyAddress' is clicked on&#xD;
&#xD;
2019-09-23 11:07:04 - [MESSAGE][PASSED] - Object: 'Object Repository/Regression BackOffice/CLNK-23449/Demographics/UseVerifyAddress' is clicked on&#xD;
&#xD;
2019-09-23 11:07:04 - [TEST_STEP][PASSED] - delay(3): Delayed 3 second(s)&#xD;
&#xD;
2019-09-23 11:07:07 - [MESSAGE][PASSED] - Delayed 3 second(s)&#xD;
&#xD;
2019-09-23 11:07:07 - [TEST_STEP][PASSED] - click(findTestObject("Regression BackOffice/CLNK-23449/Demographics/PhoneType"), CONTINUE_ON_FAILURE): Object: 'Object Repository/Regression BackOffice/CLNK-23449/Demographics/PhoneType' is clicked on&#xD;
&#xD;
2019-09-23 11:07:08 - [MESSAGE][PASSED] - Object: 'Object Repository/Regression BackOffice/CLNK-23449/Demographics/PhoneType' is clicked on&#xD;
&#xD;
2019-09-23 11:07:08 - [TEST_STEP][PASSED] - sendKeys(findTestObject("Regression BackOffice/CLNK-23449/Demographics/PhoneType"), Keys.chord(ARROW_DOWN, ENTER)): Keys 'DOWN + ENTER + ' sent to object: 'Object Repository/Regression BackOffice/CLNK-23449/Demographics/PhoneType'&#xD;
&#xD;
2019-09-23 11:07:08 - [MESSAGE][PASSED] - Keys 'DOWN + ENTER + ' sent to object: 'Object Repository/Regression BackOffice/CLNK-23449/Demographics/PhoneType'&#xD;
&#xD;
2019-09-23 11:07:08 - [TEST_STEP][PASSED] - delay(3): Delayed 3 second(s)&#xD;
&#xD;
2019-09-23 11:07:11 - [MESSAGE][PASSED] - Delayed 3 second(s)&#xD;
&#xD;
2019-09-23 11:07:11 - [TEST_STEP][PASSED] - setText(findTestObject("Regression BackOffice/CLNK-23449/Demographics/PhoneNumber"), "2345698789"): Text '2345698789' is set on object 'Object Repository/Regression BackOffice/CLNK-23449/Demographics/PhoneNumber'&#xD;
&#xD;
2019-09-23 11:07:11 - [MESSAGE][PASSED] - Text '2345698789' is set on object 'Object Repository/Regression BackOffice/CLNK-23449/Demographics/PhoneNumber'&#xD;
&#xD;
2019-09-23 11:07:11 - [TEST_STEP][PASSED] - delay(3): Delayed 3 second(s)&#xD;
&#xD;
2019-09-23 11:07:14 - [MESSAGE][PASSED] - Delayed 3 second(s)&#xD;
&#xD;
2019-09-23 11:07:14 - [TEST_STEP][PASSED] - click(findTestObject("Regression BackOffice/CLNK-23449/Demographics/Zone"), CONTINUE_ON_FAILURE): Object: 'Object Repository/Regression BackOffice/CLNK-23449/Demographics/Zone' is clicked on&#xD;
&#xD;
2019-09-23 11:07:14 - [MESSAGE][PASSED] - Object: 'Object Repository/Regression BackOffice/CLNK-23449/Demographics/Zone' is clicked on&#xD;
&#xD;
2019-09-23 11:07:14 - [TEST_STEP][PASSED] - sendKeys(findTestObject("Regression BackOffice/CLNK-23449/Demographics/Zone"), Keys.chord(ARROW_DOWN, ARROW_DOWN, ARROW_DOWN, ENTER)): Keys 'DOWN + DOWN + DOWN + ENTER + ' sent to object: 'Object Repository/Regression BackOffice/CLNK-23449/Demographics/Zone'&#xD;
&#xD;
2019-09-23 11:07:14 - [MESSAGE][PASSED] - Keys 'DOWN + DOWN + DOWN + ENTER + ' sent to object: 'Object Repository/Regression BackOffice/CLNK-23449/Demographics/Zone'&#xD;
&#xD;
2019-09-23 11:07:14 - [TEST_STEP][PASSED] - delay(3): Delayed 3 second(s)&#xD;
&#xD;
2019-09-23 11:07:17 - [MESSAGE][PASSED] - Delayed 3 second(s)&#xD;
&#xD;
2019-09-23 11:07:17 - [TEST_STEP][PASSED] - waitForElementPresent(findTestObject("Regression BackOffice/CLNK-23449/Demographics/ContactFName"), 50): Object 'Object Repository/Regression BackOffice/CLNK-23449/Demographics/ContactFName' is present&#xD;
&#xD;
2019-09-23 11:07:17 - [MESSAGE][PASSED] - Object 'Object Repository/Regression BackOffice/CLNK-23449/Demographics/ContactFName' is present&#xD;
&#xD;
2019-09-23 11:07:17 - [TEST_STEP][PASSED] - setText(findTestObject("Regression BackOffice/CLNK-23449/Demographics/ContactFName"), "Scott"): Text 'Scott' is set on object 'Object Repository/Regression BackOffice/CLNK-23449/Demographics/ContactFName'&#xD;
&#xD;
2019-09-23 11:07:18 - [MESSAGE][PASSED] - Text 'Scott' is set on object 'Object Repository/Regression BackOffice/CLNK-23449/Demographics/ContactFName'&#xD;
&#xD;
2019-09-23 11:07:18 - [TEST_STEP][PASSED] - delay(2): Delayed 2 second(s)&#xD;
&#xD;
2019-09-23 11:07:20 - [MESSAGE][PASSED] - Delayed 2 second(s)&#xD;
&#xD;
2019-09-23 11:07:20 - [TEST_STEP][PASSED] - waitForElementPresent(findTestObject("Regression BackOffice/CLNK-23449/Demographics/ContactLName"), 50): Object 'Object Repository/Regression BackOffice/CLNK-23449/Demographics/ContactLName' is present&#xD;
&#xD;
2019-09-23 11:07:20 - [MESSAGE][PASSED] - Object 'Object Repository/Regression BackOffice/CLNK-23449/Demographics/ContactLName' is present&#xD;
&#xD;
2019-09-23 11:07:20 - [TEST_STEP][PASSED] - setText(findTestObject("Regression BackOffice/CLNK-23449/Demographics/ContactLName"), "Ward"): Text 'Ward' is set on object 'Object Repository/Regression BackOffice/CLNK-23449/Demographics/ContactLName'&#xD;
&#xD;
2019-09-23 11:07:20 - [MESSAGE][PASSED] - Text 'Ward' is set on object 'Object Repository/Regression BackOffice/CLNK-23449/Demographics/ContactLName'&#xD;
&#xD;
2019-09-23 11:07:20 - [TEST_STEP][PASSED] - delay(2): Delayed 2 second(s)&#xD;
&#xD;
2019-09-23 11:07:22 - [MESSAGE][PASSED] - Delayed 2 second(s)&#xD;
&#xD;
2019-09-23 11:07:22 - [TEST_STEP][PASSED] - click(findTestObject("Regression BackOffice/CLNK-23449/Demographics/ContactType"), CONTINUE_ON_FAILURE): Object: 'Object Repository/Regression BackOffice/CLNK-23449/Demographics/ContactType' is clicked on&#xD;
&#xD;
2019-09-23 11:07:22 - [MESSAGE][PASSED] - Object: 'Object Repository/Regression BackOffice/CLNK-23449/Demographics/ContactType' is clicked on&#xD;
&#xD;
2019-09-23 11:07:22 - [TEST_STEP][PASSED] - sendKeys(findTestObject("Regression BackOffice/CLNK-23449/Demographics/ContactType"), Keys.chord(ARROW_DOWN, ARROW_DOWN, ARROW_DOWN, ARROW_DOWN, ARROW_DOWN, ARROW_DOWN, ENTER)): Keys 'DOWN + DOWN + DOWN + DOWN + DOWN + DOWN + ENTER + ' sent to object: 'Object Repository/Regression BackOffice/CLNK-23449/Demographics/ContactType'&#xD;
&#xD;
2019-09-23 11:07:22 - [MESSAGE][PASSED] - Keys 'DOWN + DOWN + DOWN + DOWN + DOWN + DOWN + ENTER + ' sent to object: 'Object Repository/Regression BackOffice/CLNK-23449/Demographics/ContactType'&#xD;
&#xD;
2019-09-23 11:07:22 - [TEST_STEP][PASSED] - delay(3): Delayed 3 second(s)&#xD;
&#xD;
2019-09-23 11:07:25 - [MESSAGE][PASSED] - Delayed 3 second(s)&#xD;
&#xD;
2019-09-23 11:07:25 - [TEST_STEP][PASSED] - click(findTestObject("Regression BackOffice/CLNK-23449/Demographics/Relationship"), CONTINUE_ON_FAILURE): Object: 'Object Repository/Regression BackOffice/CLNK-23449/Demographics/Relationship' is clicked on&#xD;
&#xD;
2019-09-23 11:07:26 - [MESSAGE][PASSED] - Object: 'Object Repository/Regression BackOffice/CLNK-23449/Demographics/Relationship' is clicked on&#xD;
&#xD;
2019-09-23 11:07:26 - [TEST_STEP][PASSED] - sendKeys(findTestObject("Regression BackOffice/CLNK-23449/Demographics/Relationship"), Keys.chord(ARROW_DOWN, ARROW_DOWN, ARROW_DOWN, ARROW_DOWN, ARROW_DOWN, ARROW_DOWN, ENTER)): Keys 'DOWN + DOWN + DOWN + DOWN + DOWN + DOWN + ENTER + ' sent to object: 'Object Repository/Regression BackOffice/CLNK-23449/Demographics/Relationship'&#xD;
&#xD;
2019-09-23 11:07:26 - [MESSAGE][PASSED] - Keys 'DOWN + DOWN + DOWN + DOWN + DOWN + DOWN + ENTER + ' sent to object: 'Object Repository/Regression BackOffice/CLNK-23449/Demographics/Relationship'&#xD;
&#xD;
2019-09-23 11:07:26 - [TEST_STEP][PASSED] - delay(3): Delayed 3 second(s)&#xD;
&#xD;
2019-09-23 11:07:29 - [MESSAGE][PASSED] - Delayed 3 second(s)&#xD;
&#xD;
2019-09-23 11:07:29 - [TEST_STEP][PASSED] - click(findTestObject("Regression BackOffice/CLNK-23449/Demographics/PhoneTypeContact"), CONTINUE_ON_FAILURE): Object: 'Object Repository/Regression BackOffice/CLNK-23449/Demographics/PhoneTypeContact' is clicked on&#xD;
&#xD;
2019-09-23 11:07:29 - [MESSAGE][PASSED] - Object: 'Object Repository/Regression BackOffice/CLNK-23449/Demographics/PhoneTypeContact' is clicked on&#xD;
&#xD;
2019-09-23 11:07:29 - [TEST_STEP][PASSED] - sendKeys(findTestObject("Regression BackOffice/CLNK-23449/Demographics/PhoneTypeContact"), Keys.chord(ARROW_DOWN, ENTER)): Keys 'DOWN + ENTER + ' sent to object: 'Object Repository/Regression BackOffice/CLNK-23449/Demographics/PhoneTypeContact'&#xD;
&#xD;
2019-09-23 11:07:29 - [MESSAGE][PASSED] - Keys 'DOWN + ENTER + ' sent to object: 'Object Repository/Regression BackOffice/CLNK-23449/Demographics/PhoneTypeContact'&#xD;
&#xD;
2019-09-23 11:07:29 - [TEST_STEP][PASSED] - delay(3): Delayed 3 second(s)&#xD;
&#xD;
2019-09-23 11:07:32 - [MESSAGE][PASSED] - Delayed 3 second(s)&#xD;
&#xD;
2019-09-23 11:07:32 - [TEST_STEP][PASSED] - setText(findTestObject("Regression BackOffice/CLNK-23449/Demographics/ContactPhone"), "2345698789"): Text '2345698789' is set on object 'Object Repository/Regression BackOffice/CLNK-23449/Demographics/ContactPhone'&#xD;
&#xD;
2019-09-23 11:07:32 - [MESSAGE][PASSED] - Text '2345698789' is set on object 'Object Repository/Regression BackOffice/CLNK-23449/Demographics/ContactPhone'&#xD;
&#xD;
2019-09-23 11:07:32 - [TEST_STEP][PASSED] - delay(3): Delayed 3 second(s)&#xD;
&#xD;
2019-09-23 11:07:35 - [MESSAGE][PASSED] - Delayed 3 second(s)&#xD;
&#xD;
2019-09-23 11:07:35 - [TEST_STEP][PASSED] - click(findTestObject("Regression BackOffice/CLNK-23449/Demographics/EpisodeType"), CONTINUE_ON_FAILURE): Object: 'Object Repository/Regression BackOffice/CLNK-23449/Demographics/EpisodeType' is clicked on&#xD;
&#xD;
2019-09-23 11:07:36 - [MESSAGE][PASSED] - Object: 'Object Repository/Regression BackOffice/CLNK-23449/Demographics/EpisodeType' is clicked on&#xD;
&#xD;
2019-09-23 11:07:36 - [TEST_STEP][PASSED] - sendKeys(findTestObject("Regression BackOffice/CLNK-23449/Demographics/EpisodeType"), Keys.chord(ARROW_DOWN, ARROW_DOWN, ARROW_DOWN, ARROW_DOWN, ARROW_DOWN, ARROW_DOWN, ENTER)): Keys 'DOWN + DOWN + DOWN + DOWN + DOWN + DOWN + ENTER + ' sent to object: 'Object Repository/Regression BackOffice/CLNK-23449/Demographics/EpisodeType'&#xD;
&#xD;
2019-09-23 11:07:36 - [MESSAGE][PASSED] - Keys 'DOWN + DOWN + DOWN + DOWN + DOWN + DOWN + ENTER + ' sent to object: 'Object Repository/Regression BackOffice/CLNK-23449/Demographics/EpisodeType'&#xD;
&#xD;
2019-09-23 11:07:36 - [TEST_STEP][PASSED] - delay(3): Delayed 3 second(s)&#xD;
&#xD;
2019-09-23 11:07:39 - [MESSAGE][PASSED] - Delayed 3 second(s)&#xD;
&#xD;
2019-09-23 11:07:39 - [TEST_STEP][PASSED] - click(findTestObject("Regression BackOffice/CLNK-23449/Demographics/PlaceOfServices"), CONTINUE_ON_FAILURE): Object: 'Object Repository/Regression BackOffice/CLNK-23449/Demographics/PlaceOfServices' is clicked on&#xD;
&#xD;
2019-09-23 11:07:39 - [MESSAGE][PASSED] - Object: 'Object Repository/Regression BackOffice/CLNK-23449/Demographics/PlaceOfServices' is clicked on&#xD;
&#xD;
2019-09-23 11:07:39 - [TEST_STEP][PASSED] - sendKeys(findTestObject("Regression BackOffice/CLNK-23449/Demographics/PlaceOfServices"), Keys.chord(ARROW_DOWN, ARROW_DOWN, ARROW_DOWN, ARROW_DOWN, ARROW_DOWN, ARROW_DOWN, ENTER)): Keys 'DOWN + DOWN + DOWN + DOWN + DOWN + DOWN + ENTER + ' sent to object: 'Object Repository/Regression BackOffice/CLNK-23449/Demographics/PlaceOfServices'&#xD;
&#xD;
2019-09-23 11:07:39 - [MESSAGE][PASSED] - Keys 'DOWN + DOWN + DOWN + DOWN + DOWN + DOWN + ENTER + ' sent to object: 'Object Repository/Regression BackOffice/CLNK-23449/Demographics/PlaceOfServices'&#xD;
&#xD;
2019-09-23 11:07:39 - [TEST_STEP][PASSED] - delay(3): Delayed 3 second(s)&#xD;
&#xD;
2019-09-23 11:07:42 - [MESSAGE][PASSED] - Delayed 3 second(s)&#xD;
&#xD;
2019-09-23 11:07:42 - [TEST_STEP][PASSED] - click(findTestObject("Regression BackOffice/CLNK-23449/Demographics/ClientStatus"), CONTINUE_ON_FAILURE): Object: 'Object Repository/Regression BackOffice/CLNK-23449/Demographics/ClientStatus' is clicked on&#xD;
&#xD;
2019-09-23 11:07:42 - [MESSAGE][PASSED] - Object: 'Object Repository/Regression BackOffice/CLNK-23449/Demographics/ClientStatus' is clicked on&#xD;
&#xD;
2019-09-23 11:07:42 - [TEST_STEP][PASSED] - sendKeys(findTestObject("Regression BackOffice/CLNK-23449/Demographics/ClientStatus"), Keys.chord(ARROW_DOWN, ENTER)): Keys 'DOWN + ENTER + ' sent to object: 'Object Repository/Regression BackOffice/CLNK-23449/Demographics/ClientStatus'&#xD;
&#xD;
2019-09-23 11:07:42 - [MESSAGE][PASSED] - Keys 'DOWN + ENTER + ' sent to object: 'Object Repository/Regression BackOffice/CLNK-23449/Demographics/ClientStatus'&#xD;
&#xD;
2019-09-23 11:07:42 - [TEST_STEP][PASSED] - delay(3): Delayed 3 second(s)&#xD;
&#xD;
2019-09-23 11:07:45 - [MESSAGE][PASSED] - Delayed 3 second(s)&#xD;
&#xD;
2019-09-23 11:07:45 - [TEST_STEP][PASSED] - waitForElementPresent(findTestObject("Regression BackOffice/CLNK-23449/Demographics/btnSaveDemo"), 50): Object 'Object Repository/Regression BackOffice/CLNK-23449/Demographics/btnSaveDemo' is present&#xD;
&#xD;
2019-09-23 11:07:45 - [MESSAGE][PASSED] - Object 'Object Repository/Regression BackOffice/CLNK-23449/Demographics/btnSaveDemo' is present&#xD;
&#xD;
2019-09-23 11:07:45 - [TEST_STEP][PASSED] - click(findTestObject("Regression BackOffice/CLNK-23449/Demographics/btnSaveDemo"), STOP_ON_FAILURE): Object: 'Object Repository/Regression BackOffice/CLNK-23449/Demographics/btnSaveDemo' is clicked on&#xD;
&#xD;
2019-09-23 11:07:46 - [MESSAGE][PASSED] - Object: 'Object Repository/Regression BackOffice/CLNK-23449/Demographics/btnSaveDemo' is clicked on&#xD;
&#xD;
2019-09-23 11:07:46 - [TEST_STEP][PASSED] - delay(2): Delayed 2 second(s)&#xD;
&#xD;
2019-09-23 11:07:48 - [MESSAGE][PASSED] - Delayed 2 second(s)&#xD;
&#xD;
2019-09-23 11:07:48 - [TEST_STEP][PASSED] - waitForElementPresent(findTestObject("Regression BackOffice/CLNK-23449/Demographics/btnNextDemo"), 50): Object 'Object Repository/Regression BackOffice/CLNK-23449/Demographics/btnNextDemo' is present&#xD;
&#xD;
2019-09-23 11:07:48 - [MESSAGE][PASSED] - Object 'Object Repository/Regression BackOffice/CLNK-23449/Demographics/btnNextDemo' is present&#xD;
&#xD;
2019-09-23 11:07:48 - [TEST_STEP][PASSED] - click(findTestObject("Regression BackOffice/CLNK-23449/Demographics/btnNextDemo"), STOP_ON_FAILURE): Object: 'Object Repository/Regression BackOffice/CLNK-23449/Demographics/btnNextDemo' is clicked on&#xD;
&#xD;
2019-09-23 11:07:48 - [MESSAGE][PASSED] - Object: 'Object Repository/Regression BackOffice/CLNK-23449/Demographics/btnNextDemo' is clicked on&#xD;
&#xD;
2019-09-23 11:07:48 - [TEST_STEP][PASSED] - delay(2): Delayed 2 second(s)&#xD;
&#xD;
2019-09-23 11:07:50 - [MESSAGE][PASSED] - Delayed 2 second(s)&#xD;
&#xD;
2019-09-23 11:07:50 - [TEST_STEP][PASSED] - waitForElementPresent(findTestObject("Regression BackOffice/CLINK-23451/PayerList"), 50): Object 'Object Repository/Regression BackOffice/CLINK-23451/PayerList' is present&#xD;
&#xD;
2019-09-23 11:07:50 - [MESSAGE][PASSED] - Object 'Object Repository/Regression BackOffice/CLINK-23451/PayerList' is present&#xD;
&#xD;
2019-09-23 11:07:50 - [TEST_STEP][PASSED] - click(findTestObject("Regression BackOffice/CLINK-23451/PayerList"), STOP_ON_FAILURE): Object: 'Object Repository/Regression BackOffice/CLINK-23451/PayerList' is clicked on&#xD;
&#xD;
2019-09-23 11:07:50 - [MESSAGE][PASSED] - Object: 'Object Repository/Regression BackOffice/CLINK-23451/PayerList' is clicked on&#xD;
&#xD;
2019-09-23 11:07:50 - [TEST_STEP][PASSED] - sendKeys(findTestObject("Regression BackOffice/CLINK-23451/PayerList"), Keys.chord(ARROW_DOWN, ENTER)): Keys 'DOWN + ENTER + ' sent to object: 'Object Repository/Regression BackOffice/CLINK-23451/PayerList'&#xD;
&#xD;
2019-09-23 11:07:50 - [MESSAGE][PASSED] - Keys 'DOWN + ENTER + ' sent to object: 'Object Repository/Regression BackOffice/CLINK-23451/PayerList'&#xD;
&#xD;
2019-09-23 11:07:50 - [TEST_STEP][PASSED] - delay(2): Delayed 2 second(s)&#xD;
&#xD;
2019-09-23 11:07:52 - [MESSAGE][PASSED] - Delayed 2 second(s)&#xD;
&#xD;
2019-09-23 11:07:52 - [TEST_STEP][PASSED] - waitForElementPresent(findTestObject("Regression BackOffice/CLINK-23451/PlanList"), 50): Object 'Object Repository/Regression BackOffice/CLINK-23451/PlanList' is present&#xD;
&#xD;
2019-09-23 11:07:53 - [MESSAGE][PASSED] - Object 'Object Repository/Regression BackOffice/CLINK-23451/PlanList' is present&#xD;
&#xD;
2019-09-23 11:07:53 - [TEST_STEP][PASSED] - click(findTestObject("Regression BackOffice/CLINK-23451/PlanList"), STOP_ON_FAILURE): Object: 'Object Repository/Regression BackOffice/CLINK-23451/PlanList' is clicked on&#xD;
&#xD;
2019-09-23 11:07:53 - [MESSAGE][PASSED] - Object: 'Object Repository/Regression BackOffice/CLINK-23451/PlanList' is clicked on&#xD;
&#xD;
2019-09-23 11:07:53 - [TEST_STEP][PASSED] - sendKeys(findTestObject("Regression BackOffice/CLINK-23451/PlanList"), Keys.chord(ARROW_DOWN, ENTER)): Keys 'DOWN + ENTER + ' sent to object: 'Object Repository/Regression BackOffice/CLINK-23451/PlanList'&#xD;
&#xD;
2019-09-23 11:07:53 - [MESSAGE][PASSED] - Keys 'DOWN + ENTER + ' sent to object: 'Object Repository/Regression BackOffice/CLINK-23451/PlanList'&#xD;
&#xD;
2019-09-23 11:07:53 - [TEST_STEP][PASSED] - delay(2): Delayed 2 second(s)&#xD;
&#xD;
2019-09-23 11:07:55 - [MESSAGE][PASSED] - Delayed 2 second(s)&#xD;
&#xD;
2019-09-23 11:07:55 - [TEST_STEP][PASSED] - waitForElementPresent(findTestObject("Regression BackOffice/CLINK-23451/GroupList"), 50): Object 'Object Repository/Regression BackOffice/CLINK-23451/GroupList' is present&#xD;
&#xD;
2019-09-23 11:07:55 - [MESSAGE][PASSED] - Object 'Object Repository/Regression BackOffice/CLINK-23451/GroupList' is present&#xD;
&#xD;
2019-09-23 11:07:55 - [TEST_STEP][PASSED] - click(findTestObject("Regression BackOffice/CLINK-23451/GroupList"), STOP_ON_FAILURE): Object: 'Object Repository/Regression BackOffice/CLINK-23451/GroupList' is clicked on&#xD;
&#xD;
2019-09-23 11:07:56 - [MESSAGE][PASSED] - Object: 'Object Repository/Regression BackOffice/CLINK-23451/GroupList' is clicked on&#xD;
&#xD;
2019-09-23 11:07:56 - [TEST_STEP][PASSED] - sendKeys(findTestObject("Regression BackOffice/CLINK-23451/GroupList"), Keys.chord(ARROW_DOWN, ENTER)): Keys 'DOWN + ENTER + ' sent to object: 'Object Repository/Regression BackOffice/CLINK-23451/GroupList'&#xD;
&#xD;
2019-09-23 11:07:56 - [MESSAGE][PASSED] - Keys 'DOWN + ENTER + ' sent to object: 'Object Repository/Regression BackOffice/CLINK-23451/GroupList'&#xD;
&#xD;
2019-09-23 11:07:56 - [TEST_STEP][PASSED] - delay(2): Delayed 2 second(s)&#xD;
&#xD;
2019-09-23 11:07:58 - [MESSAGE][PASSED] - Delayed 2 second(s)&#xD;
&#xD;
2019-09-23 11:07:58 - [TEST_STEP][PASSED] - waitForElementPresent(findTestObject("Regression BackOffice/CLINK-23451/MedicareAdminList"), 50): Object 'Object Repository/Regression BackOffice/CLINK-23451/MedicareAdminList' is present&#xD;
&#xD;
2019-09-23 11:07:58 - [MESSAGE][PASSED] - Object 'Object Repository/Regression BackOffice/CLINK-23451/MedicareAdminList' is present&#xD;
&#xD;
2019-09-23 11:07:58 - [TEST_STEP][PASSED] - click(findTestObject("Regression BackOffice/CLINK-23451/MedicareAdminList"), STOP_ON_FAILURE): Object: 'Object Repository/Regression BackOffice/CLINK-23451/MedicareAdminList' is clicked on&#xD;
&#xD;
2019-09-23 11:07:58 - [MESSAGE][PASSED] - Object: 'Object Repository/Regression BackOffice/CLINK-23451/MedicareAdminList' is clicked on&#xD;
&#xD;
2019-09-23 11:07:58 - [TEST_STEP][PASSED] - sendKeys(findTestObject("Regression BackOffice/CLINK-23451/MedicareAdminList"), Keys.chord(ARROW_DOWN, ARROW_DOWN, ARROW_DOWN, ENTER)): Keys 'DOWN + DOWN + DOWN + ENTER + ' sent to object: 'Object Repository/Regression BackOffice/CLINK-23451/MedicareAdminList'&#xD;
&#xD;
2019-09-23 11:07:58 - [MESSAGE][PASSED] - Keys 'DOWN + DOWN + DOWN + ENTER + ' sent to object: 'Object Repository/Regression BackOffice/CLINK-23451/MedicareAdminList'&#xD;
&#xD;
2019-09-23 11:07:58 - [TEST_STEP][PASSED] - delay(2): Delayed 2 second(s)&#xD;
&#xD;
2019-09-23 11:08:00 - [MESSAGE][PASSED] - Delayed 2 second(s)&#xD;
&#xD;
2019-09-23 11:08:00 - [TEST_STEP][PASSED] - waitForElementPresent(findTestObject("Regression BackOffice/CLINK-23451/btnSavePayer"), 50): Object 'Object Repository/Regression BackOffice/CLINK-23451/btnSavePayer' is present&#xD;
&#xD;
2019-09-23 11:08:00 - [MESSAGE][PASSED] - Object 'Object Repository/Regression BackOffice/CLINK-23451/btnSavePayer' is present&#xD;
&#xD;
2019-09-23 11:08:00 - [TEST_STEP][PASSED] - click(findTestObject("Regression BackOffice/CLINK-23451/btnSavePayer"), STOP_ON_FAILURE): Object: 'Object Repository/Regression BackOffice/CLINK-23451/btnSavePayer' is clicked on&#xD;
&#xD;
2019-09-23 11:08:01 - [MESSAGE][PASSED] - Object: 'Object Repository/Regression BackOffice/CLINK-23451/btnSavePayer' is clicked on&#xD;
&#xD;
2019-09-23 11:08:01 - [TEST_STEP][PASSED] - delay(2): Delayed 2 second(s)&#xD;
&#xD;
2019-09-23 11:08:03 - [MESSAGE][PASSED] - Delayed 2 second(s)&#xD;
&#xD;
2019-09-23 11:08:03 - [TEST_STEP][PASSED] - waitForElementPresent(findTestObject("Regression BackOffice/CLNK-23449/btnNextPayer"), 50): Object 'Object Repository/Regression BackOffice/CLNK-23449/btnNextPayer' is present&#xD;
&#xD;
2019-09-23 11:08:03 - [MESSAGE][PASSED] - Object 'Object Repository/Regression BackOffice/CLNK-23449/btnNextPayer' is present&#xD;
&#xD;
2019-09-23 11:08:03 - [TEST_STEP][PASSED] - click(findTestObject("Regression BackOffice/CLNK-23449/btnNextPayer"), STOP_ON_FAILURE): Object: 'Object Repository/Regression BackOffice/CLNK-23449/btnNextPayer' is clicked on&#xD;
&#xD;
2019-09-23 11:08:03 - [MESSAGE][PASSED] - Object: 'Object Repository/Regression BackOffice/CLNK-23449/btnNextPayer' is clicked on&#xD;
&#xD;
2019-09-23 11:08:03 - [TEST_STEP][PASSED] - delay(2): Delayed 2 second(s)&#xD;
&#xD;
2019-09-23 11:08:05 - [MESSAGE][PASSED] - Delayed 2 second(s)&#xD;
&#xD;
2019-09-23 11:08:05 - [TEST_STEP][PASSED] - closeBrowser(): Browser is closed&#xD;
&#xD;
2019-09-23 11:08:06 - [MESSAGE][PASSED] - Browser is closed</system-out>
            <system-err></system-err>
        </testcase>
        <testcase name="Test Cases/Regression BackOffice (All Browsers)/CLNK-23455 - Back office Enter Needs" classname="Test Cases/Regression BackOffice (All Browsers)/CLNK-23455 - Back office Enter Needs" status="PASSED">
            <system-out>2019-09-23 11:08:08 - [TEST_CASE][PASSED] - Test Cases/Regression BackOffice (All Browsers)/CLNK-23455 - Back office Enter Needs: Test Cases/Regression BackOffice (All Browsers)/CLNK-23455 - Back office Enter Needs&#xD;
&#xD;
2019-09-23 11:08:08 - [TEST_STEP][PASSED] - callTestCase(findTestCase("Regression BackOffice (All Browsers)/CLNK-23439 - Clink - Back office Client"), [:], STOP_ON_FAILURE): Call Test Case 'Test Cases/Regression BackOffice (All Browsers)/CLNK-23439 - Clink - Back office Client' successfully&#xD;
&#xD;
2019-09-23 11:08:08 - [TEST_CASE][PASSED] - Test Cases/Regression BackOffice (All Browsers)/CLNK-23439 - Clink - Back office Client: Test Cases/Regression BackOffice (All Browsers)/CLNK-23439 - Clink - Back office Client&#xD;
&#xD;
2019-09-23 11:08:08 - [TEST_STEP][PASSED] - deleteAllCookies(): Delete all cookies successfully&#xD;
&#xD;
2019-09-23 11:08:08 - [MESSAGE][WARNING] - Cannot delete cookies because browser is closed&#xD;
&#xD;
2019-09-23 11:08:08 - [MESSAGE][PASSED] - Delete all cookies successfully&#xD;
&#xD;
2019-09-23 11:08:08 - [TEST_STEP][PASSED] - openBrowser(G_SiteBackOffice): Browser is opened with url: 'https://qanewpoc.continulink.com:8443/Backoffice/'&#xD;
&#xD;
2019-09-23 11:08:09 - [MESSAGE][INFO] - Starting 'Chrome' driver&#xD;
&#xD;
2019-09-23 11:08:16 - [MESSAGE][PASSED] - Browser is opened with url: 'https://qanewpoc.continulink.com:8443/Backoffice/'&#xD;
&#xD;
2019-09-23 11:08:16 - [TEST_STEP][PASSED] - waitForPageLoad(60): Wait for page load successfully&#xD;
&#xD;
2019-09-23 11:08:16 - [MESSAGE][PASSED] - Wait for page load successfully&#xD;
&#xD;
2019-09-23 11:08:16 - [TEST_STEP][PASSED] - maximizeWindow(): Current window maximized&#xD;
&#xD;
2019-09-23 11:08:20 - [MESSAGE][PASSED] - Current window maximized&#xD;
&#xD;
2019-09-23 11:08:20 - [TEST_STEP][PASSED] - setText(findTestObject("Regression BackOffice/Login/UserBackOffice"), G_UserBackOffice): Text 'automation_admin' is set on object 'Object Repository/Regression BackOffice/Login/UserBackOffice'&#xD;
&#xD;
2019-09-23 11:08:21 - [MESSAGE][PASSED] - Text 'automation_admin' is set on object 'Object Repository/Regression BackOffice/Login/UserBackOffice'&#xD;
&#xD;
2019-09-23 11:08:21 - [TEST_STEP][PASSED] - setText(findTestObject("Regression BackOffice/Login/PasswordBackOffice"), G_PasswordBackOffice): Text 'qwerty' is set on object 'Object Repository/Regression BackOffice/Login/PasswordBackOffice'&#xD;
&#xD;
2019-09-23 11:08:21 - [MESSAGE][PASSED] - Text 'qwerty' is set on object 'Object Repository/Regression BackOffice/Login/PasswordBackOffice'&#xD;
&#xD;
2019-09-23 11:08:21 - [TEST_STEP][PASSED] - click(findTestObject("Regression BackOffice/Login/LoginBackOffice")): Object: 'Object Repository/Regression BackOffice/Login/LoginBackOffice' is clicked on&#xD;
&#xD;
2019-09-23 11:08:25 - [MESSAGE][PASSED] - Object: 'Object Repository/Regression BackOffice/Login/LoginBackOffice' is clicked on&#xD;
&#xD;
2019-09-23 11:08:25 - [TEST_STEP][PASSED] - waitForPageLoad(60): Wait for page load successfully&#xD;
&#xD;
2019-09-23 11:08:25 - [MESSAGE][PASSED] - Wait for page load successfully&#xD;
&#xD;
2019-09-23 11:08:25 - [TEST_STEP][PASSED] - delay(2): Delayed 2 second(s)&#xD;
&#xD;
2019-09-23 11:08:27 - [MESSAGE][PASSED] - Delayed 2 second(s)&#xD;
&#xD;
2019-09-23 11:08:27 - [TEST_STEP][PASSED] - switchToFrame(findTestObject("Regression BackOffice/CLINK-Frames/FrameFrameLeft"), 5, STOP_ON_FAILURE): null&#xD;
&#xD;
2019-09-23 11:08:27 - [TEST_STEP][PASSED] - delay(2): Delayed 2 second(s)&#xD;
&#xD;
2019-09-23 11:08:29 - [MESSAGE][PASSED] - Delayed 2 second(s)&#xD;
&#xD;
2019-09-23 11:08:29 - [TEST_STEP][PASSED] - waitForElementPresent(findTestObject("Regression BackOffice/CLINK-Frames/ClientIntake"), 50): Object 'Object Repository/Regression BackOffice/CLINK-Frames/ClientIntake' is present&#xD;
&#xD;
2019-09-23 11:08:29 - [MESSAGE][PASSED] - Object 'Object Repository/Regression BackOffice/CLINK-Frames/ClientIntake' is present&#xD;
&#xD;
2019-09-23 11:08:29 - [TEST_STEP][PASSED] - verifyElementPresent(findTestObject("Regression BackOffice/CLINK-Frames/ClientIntake"), 100, STOP_ON_FAILURE): Object 'Object Repository/Regression BackOffice/CLINK-Frames/ClientIntake' is present&#xD;
&#xD;
2019-09-23 11:08:30 - [MESSAGE][PASSED] - Object 'Object Repository/Regression BackOffice/CLINK-Frames/ClientIntake' is present&#xD;
&#xD;
2019-09-23 11:08:30 - [TEST_STEP][PASSED] - switchToDefaultContent(): null&#xD;
&#xD;
2019-09-23 11:08:30 - [MESSAGE][PASSED] - Call Test Case 'Test Cases/Regression BackOffice (All Browsers)/CLNK-23439 - Clink - Back office Client' successfully&#xD;
&#xD;
2019-09-23 11:08:30 - [TEST_STEP][PASSED] - waitForPageLoad(60): Wait for page load successfully&#xD;
&#xD;
2019-09-23 11:08:30 - [MESSAGE][PASSED] - Wait for page load successfully&#xD;
&#xD;
2019-09-23 11:08:30 - [TEST_STEP][PASSED] - delay(3): Delayed 3 second(s)&#xD;
&#xD;
2019-09-23 11:08:33 - [MESSAGE][PASSED] - Delayed 3 second(s)&#xD;
&#xD;
2019-09-23 11:08:33 - [TEST_STEP][PASSED] - switchToFrame(findTestObject("Regression BackOffice/CLNK-23449/FrameLeft"), 30): null&#xD;
&#xD;
2019-09-23 11:08:33 - [TEST_STEP][PASSED] - waitForElementPresent(findTestObject("Regression BackOffice/CLNK-10235/ScheduleIcon"), 100): Object 'Object Repository/Regression BackOffice/CLNK-10235/ScheduleIcon' is present&#xD;
&#xD;
2019-09-23 11:08:33 - [MESSAGE][PASSED] - Object 'Object Repository/Regression BackOffice/CLNK-10235/ScheduleIcon' is present&#xD;
&#xD;
2019-09-23 11:08:33 - [TEST_STEP][PASSED] - click(findTestObject("Regression BackOffice/CLNK-10235/ScheduleIcon")): Object: 'Object Repository/Regression BackOffice/CLNK-10235/ScheduleIcon' is clicked on&#xD;
&#xD;
2019-09-23 11:08:33 - [MESSAGE][PASSED] - Object: 'Object Repository/Regression BackOffice/CLNK-10235/ScheduleIcon' is clicked on&#xD;
&#xD;
2019-09-23 11:08:33 - [TEST_STEP][PASSED] - delay(2): Delayed 2 second(s)&#xD;
&#xD;
2019-09-23 11:08:35 - [MESSAGE][PASSED] - Delayed 2 second(s)&#xD;
&#xD;
2019-09-23 11:08:35 - [TEST_STEP][PASSED] - waitForElementPresent(findTestObject("Regression BackOffice/CLNK-10235/EnterNeeds"), 100): Object 'Object Repository/Regression BackOffice/CLNK-10235/EnterNeeds' is present&#xD;
&#xD;
2019-09-23 11:08:35 - [MESSAGE][PASSED] - Object 'Object Repository/Regression BackOffice/CLNK-10235/EnterNeeds' is present&#xD;
&#xD;
2019-09-23 11:08:35 - [TEST_STEP][PASSED] - click(findTestObject("Regression BackOffice/CLNK-10235/EnterNeeds")): Object: 'Object Repository/Regression BackOffice/CLNK-10235/EnterNeeds' is clicked on&#xD;
&#xD;
2019-09-23 11:08:37 - [MESSAGE][PASSED] - Object: 'Object Repository/Regression BackOffice/CLNK-10235/EnterNeeds' is clicked on&#xD;
&#xD;
2019-09-23 11:08:37 - [TEST_STEP][PASSED] - delay(2): Delayed 2 second(s)&#xD;
&#xD;
2019-09-23 11:08:39 - [MESSAGE][PASSED] - Delayed 2 second(s)&#xD;
&#xD;
2019-09-23 11:08:39 - [TEST_STEP][PASSED] - switchToDefaultContent(): null&#xD;
&#xD;
2019-09-23 11:08:39 - [TEST_STEP][PASSED] - switchToFrame(findTestObject("Regression BackOffice/CLNK-23449/FrameMain"), 30): null&#xD;
&#xD;
2019-09-23 11:08:39 - [TEST_STEP][PASSED] - delay(3): Delayed 3 second(s)&#xD;
&#xD;
2019-09-23 11:08:42 - [MESSAGE][PASSED] - Delayed 3 second(s)&#xD;
&#xD;
2019-09-23 11:08:42 - [TEST_STEP][PASSED] - waitForElementPresent(findTestObject("Regression BackOffice/CLNK-10235/Client NameSearchNeeds"), 100): Object 'Object Repository/Regression BackOffice/CLNK-10235/Client NameSearchNeeds' is present&#xD;
&#xD;
2019-09-23 11:08:42 - [MESSAGE][PASSED] - Object 'Object Repository/Regression BackOffice/CLNK-10235/Client NameSearchNeeds' is present&#xD;
&#xD;
2019-09-23 11:08:42 - [TEST_STEP][PASSED] - setText(findTestObject("Regression BackOffice/CLNK-10235/Client NameSearchNeeds"), G_ClientLastName): Text 'Danielisky' is set on object 'Object Repository/Regression BackOffice/CLNK-10235/Client NameSearchNeeds'&#xD;
&#xD;
2019-09-23 11:08:43 - [MESSAGE][PASSED] - Text 'Danielisky' is set on object 'Object Repository/Regression BackOffice/CLNK-10235/Client NameSearchNeeds'&#xD;
&#xD;
2019-09-23 11:08:43 - [TEST_STEP][PASSED] - delay(2): Delayed 2 second(s)&#xD;
&#xD;
2019-09-23 11:08:45 - [MESSAGE][PASSED] - Delayed 2 second(s)&#xD;
&#xD;
2019-09-23 11:08:45 - [TEST_STEP][PASSED] - sendKeys(findTestObject("Regression BackOffice/CLNK-10235/Client NameSearchNeeds"), Keys.chord(ARROW_RIGHT, ARROW_DOWN, ENTER)): Keys 'RIGHT + DOWN + ENTER + ' sent to object: 'Object Repository/Regression BackOffice/CLNK-10235/Client NameSearchNeeds'&#xD;
&#xD;
2019-09-23 11:08:45 - [MESSAGE][PASSED] - Keys 'RIGHT + DOWN + ENTER + ' sent to object: 'Object Repository/Regression BackOffice/CLNK-10235/Client NameSearchNeeds'&#xD;
&#xD;
2019-09-23 11:08:45 - [TEST_STEP][PASSED] - delay(2): Delayed 2 second(s)&#xD;
&#xD;
2019-09-23 11:08:47 - [MESSAGE][PASSED] - Delayed 2 second(s)&#xD;
&#xD;
2019-09-23 11:08:47 - [TEST_STEP][NOT_RUN] - waitForElementPresent(findTestObject("Regression BackOffice/CLNK-10235/ScheduleAssessmentCode"), 100): NOT_RUN: waitForElementPresent(findTestObject("Regression BackOffice/CLNK-10235/ScheduleAssessmentCode"), 100)&#xD;
&#xD;
2019-09-23 11:08:47 - [MESSAGE][NOT_RUN] - NOT_RUN: waitForElementPresent(findTestObject("Regression BackOffice/CLNK-10235/ScheduleAssessmentCode"), 100)&#xD;
&#xD;
2019-09-23 11:08:47 - [TEST_STEP][NOT_RUN] - click(findTestObject("Regression BackOffice/CLNK-10235/ScheduleAssessmentCode")): NOT_RUN: click(findTestObject("Regression BackOffice/CLNK-10235/ScheduleAssessmentCode"))&#xD;
&#xD;
2019-09-23 11:08:47 - [MESSAGE][NOT_RUN] - NOT_RUN: click(findTestObject("Regression BackOffice/CLNK-10235/ScheduleAssessmentCode"))&#xD;
&#xD;
2019-09-23 11:08:47 - [TEST_STEP][NOT_RUN] - delay(2): NOT_RUN: delay(2)&#xD;
&#xD;
2019-09-23 11:08:47 - [MESSAGE][NOT_RUN] - NOT_RUN: delay(2)&#xD;
&#xD;
2019-09-23 11:08:47 - [TEST_STEP][PASSED] - waitForElementPresent(findTestObject("Regression BackOffice/CLNK-10235/ServiceTypeList"), 100): Object 'Object Repository/Regression BackOffice/CLNK-10235/ServiceTypeList' is present&#xD;
&#xD;
2019-09-23 11:08:47 - [MESSAGE][PASSED] - Object 'Object Repository/Regression BackOffice/CLNK-10235/ServiceTypeList' is present&#xD;
&#xD;
2019-09-23 11:08:47 - [TEST_STEP][PASSED] - click(findTestObject("Regression BackOffice/CLNK-10235/ServiceTypeList")): Object: 'Object Repository/Regression BackOffice/CLNK-10235/ServiceTypeList' is clicked on&#xD;
&#xD;
2019-09-23 11:08:47 - [MESSAGE][PASSED] - Object: 'Object Repository/Regression BackOffice/CLNK-10235/ServiceTypeList' is clicked on&#xD;
&#xD;
2019-09-23 11:08:47 - [TEST_STEP][PASSED] - sendKeys(findTestObject("Regression BackOffice/CLNK-10235/ServiceTypeList"), Keys.chord(ARROW_DOWN, ARROW_DOWN, ENTER)): Keys 'DOWN + DOWN + ENTER + ' sent to object: 'Object Repository/Regression BackOffice/CLNK-10235/ServiceTypeList'&#xD;
&#xD;
2019-09-23 11:08:48 - [MESSAGE][PASSED] - Keys 'DOWN + DOWN + ENTER + ' sent to object: 'Object Repository/Regression BackOffice/CLNK-10235/ServiceTypeList'&#xD;
&#xD;
2019-09-23 11:08:48 - [TEST_STEP][PASSED] - delay(2): Delayed 2 second(s)&#xD;
&#xD;
2019-09-23 11:08:50 - [MESSAGE][PASSED] - Delayed 2 second(s)&#xD;
&#xD;
2019-09-23 11:08:50 - [TEST_STEP][PASSED] - scrollToElement(findTestObject("Regression BackOffice/CLNK-10235/StartTime"), 10): Scroll to object 'Object Repository/Regression BackOffice/CLNK-10235/StartTime' successfully&#xD;
&#xD;
2019-09-23 11:08:50 - [MESSAGE][PASSED] - Scroll to object 'Object Repository/Regression BackOffice/CLNK-10235/StartTime' successfully&#xD;
&#xD;
2019-09-23 11:08:50 - [TEST_STEP][PASSED] - waitForElementPresent(findTestObject("Regression BackOffice/CLNK-10235/StartTime"), 100): Object 'Object Repository/Regression BackOffice/CLNK-10235/StartTime' is present&#xD;
&#xD;
2019-09-23 11:08:50 - [MESSAGE][PASSED] - Object 'Object Repository/Regression BackOffice/CLNK-10235/StartTime' is present&#xD;
&#xD;
2019-09-23 11:08:50 - [TEST_STEP][PASSED] - click(findTestObject("Regression BackOffice/CLNK-10235/StartTime")): Object: 'Object Repository/Regression BackOffice/CLNK-10235/StartTime' is clicked on&#xD;
&#xD;
2019-09-23 11:08:50 - [MESSAGE][PASSED] - Object: 'Object Repository/Regression BackOffice/CLNK-10235/StartTime' is clicked on&#xD;
&#xD;
2019-09-23 11:08:50 - [TEST_STEP][PASSED] - sendKeys(findTestObject("Regression BackOffice/CLNK-10235/StartTime"), "1800"): Keys '1800' sent to object: 'Object Repository/Regression BackOffice/CLNK-10235/StartTime'&#xD;
&#xD;
2019-09-23 11:08:50 - [MESSAGE][PASSED] - Keys '1800' sent to object: 'Object Repository/Regression BackOffice/CLNK-10235/StartTime'&#xD;
&#xD;
2019-09-23 11:08:50 - [TEST_STEP][PASSED] - delay(2): Delayed 2 second(s)&#xD;
&#xD;
2019-09-23 11:08:52 - [MESSAGE][PASSED] - Delayed 2 second(s)&#xD;
&#xD;
2019-09-23 11:08:52 - [TEST_STEP][PASSED] - waitForElementPresent(findTestObject("Regression BackOffice/CLNK-10235/EndTime"), 100): Object 'Object Repository/Regression BackOffice/CLNK-10235/EndTime' is present&#xD;
&#xD;
2019-09-23 11:08:52 - [MESSAGE][PASSED] - Object 'Object Repository/Regression BackOffice/CLNK-10235/EndTime' is present&#xD;
&#xD;
2019-09-23 11:08:52 - [TEST_STEP][PASSED] - click(findTestObject("Regression BackOffice/CLNK-10235/EndTime")): Object: 'Object Repository/Regression BackOffice/CLNK-10235/EndTime' is clicked on&#xD;
&#xD;
2019-09-23 11:08:53 - [MESSAGE][PASSED] - Object: 'Object Repository/Regression BackOffice/CLNK-10235/EndTime' is clicked on&#xD;
&#xD;
2019-09-23 11:08:53 - [TEST_STEP][PASSED] - sendKeys(findTestObject("Regression BackOffice/CLNK-10235/EndTime"), "1820"): Keys '1820' sent to object: 'Object Repository/Regression BackOffice/CLNK-10235/EndTime'&#xD;
&#xD;
2019-09-23 11:08:53 - [MESSAGE][PASSED] - Keys '1820' sent to object: 'Object Repository/Regression BackOffice/CLNK-10235/EndTime'&#xD;
&#xD;
2019-09-23 11:08:53 - [TEST_STEP][PASSED] - delay(2): Delayed 2 second(s)&#xD;
&#xD;
2019-09-23 11:08:55 - [MESSAGE][PASSED] - Delayed 2 second(s)&#xD;
&#xD;
2019-09-23 11:08:55 - [TEST_STEP][PASSED] - scrollToElement(findTestObject("Regression BackOffice/CLNK-10235/CaregiverName"), 10): Scroll to object 'Object Repository/Regression BackOffice/CLNK-10235/CaregiverName' successfully&#xD;
&#xD;
2019-09-23 11:08:55 - [MESSAGE][PASSED] - Scroll to object 'Object Repository/Regression BackOffice/CLNK-10235/CaregiverName' successfully&#xD;
&#xD;
2019-09-23 11:08:55 - [TEST_STEP][PASSED] - waitForElementPresent(findTestObject("Regression BackOffice/CLNK-10235/CaregiverName"), 100): Object 'Object Repository/Regression BackOffice/CLNK-10235/CaregiverName' is present&#xD;
&#xD;
2019-09-23 11:08:55 - [MESSAGE][PASSED] - Object 'Object Repository/Regression BackOffice/CLNK-10235/CaregiverName' is present&#xD;
&#xD;
2019-09-23 11:08:55 - [TEST_STEP][PASSED] - setText(findTestObject("Regression BackOffice/CLNK-10235/CaregiverName"), G_CareGiverLastName): Text 'Ochentilla' is set on object 'Object Repository/Regression BackOffice/CLNK-10235/CaregiverName'&#xD;
&#xD;
2019-09-23 11:08:55 - [MESSAGE][PASSED] - Text 'Ochentilla' is set on object 'Object Repository/Regression BackOffice/CLNK-10235/CaregiverName'&#xD;
&#xD;
2019-09-23 11:08:55 - [TEST_STEP][PASSED] - delay(2): Delayed 2 second(s)&#xD;
&#xD;
2019-09-23 11:08:57 - [MESSAGE][PASSED] - Delayed 2 second(s)&#xD;
&#xD;
2019-09-23 11:08:57 - [TEST_STEP][PASSED] - click(findTestObject("Regression BackOffice/CLNK-10235/CaregiverName")): Object: 'Object Repository/Regression BackOffice/CLNK-10235/CaregiverName' is clicked on&#xD;
&#xD;
2019-09-23 11:08:57 - [MESSAGE][PASSED] - Object: 'Object Repository/Regression BackOffice/CLNK-10235/CaregiverName' is clicked on&#xD;
&#xD;
2019-09-23 11:08:57 - [TEST_STEP][PASSED] - sendKeys(findTestObject("Regression BackOffice/CLNK-10235/CaregiverName"), Keys.chord(ARROW_DOWN, ENTER)): Keys 'DOWN + ENTER + ' sent to object: 'Object Repository/Regression BackOffice/CLNK-10235/CaregiverName'&#xD;
&#xD;
2019-09-23 11:08:58 - [MESSAGE][PASSED] - Keys 'DOWN + ENTER + ' sent to object: 'Object Repository/Regression BackOffice/CLNK-10235/CaregiverName'&#xD;
&#xD;
2019-09-23 11:08:58 - [TEST_STEP][PASSED] - switchToDefaultContent(): null&#xD;
&#xD;
2019-09-23 11:08:58 - [TEST_STEP][PASSED] - switchToFrame(findTestObject("Regression BackOffice/CLINK-17788/BannerFrame"), 30): null&#xD;
&#xD;
2019-09-23 11:08:58 - [TEST_STEP][PASSED] - waitForElementPresent(findTestObject("Regression BackOffice/CLNK-10235/SaveButton"), 50): Object 'Object Repository/Regression BackOffice/CLNK-10235/SaveButton' is present&#xD;
&#xD;
2019-09-23 11:08:58 - [MESSAGE][PASSED] - Object 'Object Repository/Regression BackOffice/CLNK-10235/SaveButton' is present&#xD;
&#xD;
2019-09-23 11:08:58 - [TEST_STEP][PASSED] - click(findTestObject("Regression BackOffice/CLNK-10235/SaveButton"), STOP_ON_FAILURE): Object: 'Object Repository/Regression BackOffice/CLNK-10235/SaveButton' is clicked on&#xD;
&#xD;
2019-09-23 11:08:58 - [MESSAGE][PASSED] - Object: 'Object Repository/Regression BackOffice/CLNK-10235/SaveButton' is clicked on&#xD;
&#xD;
2019-09-23 11:08:58 - [TEST_STEP][PASSED] - delay(2): Delayed 2 second(s)&#xD;
&#xD;
2019-09-23 11:09:00 - [MESSAGE][PASSED] - Delayed 2 second(s)&#xD;
&#xD;
2019-09-23 11:09:00 - [TEST_STEP][PASSED] - closeBrowser(): Browser is closed&#xD;
&#xD;
2019-09-23 11:09:01 - [MESSAGE][PASSED] - Browser is closed</system-out>
            <system-err></system-err>
        </testcase>
        <testcase name="Test Cases/Regression BackOffice (All Browsers)/CLNK-27759 - Security Roles - SOX Audit" classname="Test Cases/Regression BackOffice (All Browsers)/CLNK-27759 - Security Roles - SOX Audit" status="PASSED">
            <system-out>2019-09-23 11:09:03 - [TEST_CASE][PASSED] - Test Cases/Regression BackOffice (All Browsers)/CLNK-27759 - Security Roles - SOX Audit: Test Cases/Regression BackOffice (All Browsers)/CLNK-27759 - Security Roles - SOX Audit&#xD;
&#xD;
2019-09-23 11:09:03 - [TEST_STEP][PASSED] - callTestCase(findTestCase("Regression BackOffice (All Browsers)/CLNK-23439 - Clink - Back office Client"), [:], STOP_ON_FAILURE): Call Test Case 'Test Cases/Regression BackOffice (All Browsers)/CLNK-23439 - Clink - Back office Client' successfully&#xD;
&#xD;
2019-09-23 11:09:03 - [TEST_CASE][PASSED] - Test Cases/Regression BackOffice (All Browsers)/CLNK-23439 - Clink - Back office Client: Test Cases/Regression BackOffice (All Browsers)/CLNK-23439 - Clink - Back office Client&#xD;
&#xD;
2019-09-23 11:09:03 - [TEST_STEP][PASSED] - deleteAllCookies(): Delete all cookies successfully&#xD;
&#xD;
2019-09-23 11:09:03 - [MESSAGE][WARNING] - Cannot delete cookies because browser is closed&#xD;
&#xD;
2019-09-23 11:09:03 - [MESSAGE][PASSED] - Delete all cookies successfully&#xD;
&#xD;
2019-09-23 11:09:03 - [TEST_STEP][PASSED] - openBrowser(G_SiteBackOffice): Browser is opened with url: 'https://qanewpoc.continulink.com:8443/Backoffice/'&#xD;
&#xD;
2019-09-23 11:09:03 - [MESSAGE][INFO] - Starting 'Chrome' driver&#xD;
&#xD;
2019-09-23 11:09:11 - [MESSAGE][PASSED] - Browser is opened with url: 'https://qanewpoc.continulink.com:8443/Backoffice/'&#xD;
&#xD;
2019-09-23 11:09:11 - [TEST_STEP][PASSED] - waitForPageLoad(60): Wait for page load successfully&#xD;
&#xD;
2019-09-23 11:09:11 - [MESSAGE][PASSED] - Wait for page load successfully&#xD;
&#xD;
2019-09-23 11:09:11 - [TEST_STEP][PASSED] - maximizeWindow(): Current window maximized&#xD;
&#xD;
2019-09-23 11:09:15 - [MESSAGE][PASSED] - Current window maximized&#xD;
&#xD;
2019-09-23 11:09:15 - [TEST_STEP][PASSED] - setText(findTestObject("Regression BackOffice/Login/UserBackOffice"), G_UserBackOffice): Text 'automation_admin' is set on object 'Object Repository/Regression BackOffice/Login/UserBackOffice'&#xD;
&#xD;
2019-09-23 11:09:15 - [MESSAGE][PASSED] - Text 'automation_admin' is set on object 'Object Repository/Regression BackOffice/Login/UserBackOffice'&#xD;
&#xD;
2019-09-23 11:09:15 - [TEST_STEP][PASSED] - setText(findTestObject("Regression BackOffice/Login/PasswordBackOffice"), G_PasswordBackOffice): Text 'qwerty' is set on object 'Object Repository/Regression BackOffice/Login/PasswordBackOffice'&#xD;
&#xD;
2019-09-23 11:09:15 - [MESSAGE][PASSED] - Text 'qwerty' is set on object 'Object Repository/Regression BackOffice/Login/PasswordBackOffice'&#xD;
&#xD;
2019-09-23 11:09:15 - [TEST_STEP][PASSED] - click(findTestObject("Regression BackOffice/Login/LoginBackOffice")): Object: 'Object Repository/Regression BackOffice/Login/LoginBackOffice' is clicked on&#xD;
&#xD;
2019-09-23 11:09:20 - [MESSAGE][PASSED] - Object: 'Object Repository/Regression BackOffice/Login/LoginBackOffice' is clicked on&#xD;
&#xD;
2019-09-23 11:09:20 - [TEST_STEP][PASSED] - waitForPageLoad(60): Wait for page load successfully&#xD;
&#xD;
2019-09-23 11:09:20 - [MESSAGE][PASSED] - Wait for page load successfully&#xD;
&#xD;
2019-09-23 11:09:20 - [TEST_STEP][PASSED] - delay(2): Delayed 2 second(s)&#xD;
&#xD;
2019-09-23 11:09:22 - [MESSAGE][PASSED] - Delayed 2 second(s)&#xD;
&#xD;
2019-09-23 11:09:22 - [TEST_STEP][PASSED] - switchToFrame(findTestObject("Regression BackOffice/CLINK-Frames/FrameFrameLeft"), 5, STOP_ON_FAILURE): null&#xD;
&#xD;
2019-09-23 11:09:22 - [TEST_STEP][PASSED] - delay(2): Delayed 2 second(s)&#xD;
&#xD;
2019-09-23 11:09:24 - [MESSAGE][PASSED] - Delayed 2 second(s)&#xD;
&#xD;
2019-09-23 11:09:24 - [TEST_STEP][PASSED] - waitForElementPresent(findTestObject("Regression BackOffice/CLINK-Frames/ClientIntake"), 50): Object 'Object Repository/Regression BackOffice/CLINK-Frames/ClientIntake' is present&#xD;
&#xD;
2019-09-23 11:09:24 - [MESSAGE][PASSED] - Object 'Object Repository/Regression BackOffice/CLINK-Frames/ClientIntake' is present&#xD;
&#xD;
2019-09-23 11:09:24 - [TEST_STEP][PASSED] - verifyElementPresent(findTestObject("Regression BackOffice/CLINK-Frames/ClientIntake"), 100, STOP_ON_FAILURE): Object 'Object Repository/Regression BackOffice/CLINK-Frames/ClientIntake' is present&#xD;
&#xD;
2019-09-23 11:09:24 - [MESSAGE][PASSED] - Object 'Object Repository/Regression BackOffice/CLINK-Frames/ClientIntake' is present&#xD;
&#xD;
2019-09-23 11:09:24 - [TEST_STEP][PASSED] - switchToDefaultContent(): null&#xD;
&#xD;
2019-09-23 11:09:24 - [MESSAGE][PASSED] - Call Test Case 'Test Cases/Regression BackOffice (All Browsers)/CLNK-23439 - Clink - Back office Client' successfully&#xD;
&#xD;
2019-09-23 11:09:24 - [TEST_STEP][PASSED] - waitForPageLoad(60): Wait for page load successfully&#xD;
&#xD;
2019-09-23 11:09:24 - [MESSAGE][PASSED] - Wait for page load successfully&#xD;
&#xD;
2019-09-23 11:09:24 - [TEST_STEP][PASSED] - delay(3): Delayed 3 second(s)&#xD;
&#xD;
2019-09-23 11:09:27 - [MESSAGE][PASSED] - Delayed 3 second(s)&#xD;
&#xD;
2019-09-23 11:09:27 - [TEST_STEP][PASSED] - switchToFrame(findTestObject("Regression BackOffice/CLNK-23449/FrameLeft"), 30): null&#xD;
&#xD;
2019-09-23 11:09:27 - [TEST_STEP][PASSED] - waitForElementPresent(findTestObject("Regression BackOffice/CLINK-27759/AdministratorsTab"), 100): Object 'Object Repository/Regression BackOffice/CLINK-27759/AdministratorsTab' is present&#xD;
&#xD;
2019-09-23 11:09:27 - [MESSAGE][PASSED] - Object 'Object Repository/Regression BackOffice/CLINK-27759/AdministratorsTab' is present&#xD;
&#xD;
2019-09-23 11:09:27 - [TEST_STEP][PASSED] - click(findTestObject("Regression BackOffice/CLINK-27759/AdministratorsTab")): Object: 'Object Repository/Regression BackOffice/CLINK-27759/AdministratorsTab' is clicked on&#xD;
&#xD;
2019-09-23 11:09:28 - [MESSAGE][PASSED] - Object: 'Object Repository/Regression BackOffice/CLINK-27759/AdministratorsTab' is clicked on&#xD;
&#xD;
2019-09-23 11:09:28 - [TEST_STEP][PASSED] - delay(2): Delayed 2 second(s)&#xD;
&#xD;
2019-09-23 11:09:30 - [MESSAGE][PASSED] - Delayed 2 second(s)&#xD;
&#xD;
2019-09-23 11:09:30 - [TEST_STEP][PASSED] - waitForPageLoad(50): Wait for page load successfully&#xD;
&#xD;
2019-09-23 11:09:30 - [MESSAGE][PASSED] - Wait for page load successfully&#xD;
&#xD;
2019-09-23 11:09:30 - [TEST_STEP][PASSED] - waitForElementPresent(findTestObject("Regression BackOffice/CLINK-27759/AdminSystemSettingsLink"), 50): Object 'Object Repository/Regression BackOffice/CLINK-27759/AdminSystemSettingsLink' is present&#xD;
&#xD;
2019-09-23 11:09:30 - [MESSAGE][PASSED] - Object 'Object Repository/Regression BackOffice/CLINK-27759/AdminSystemSettingsLink' is present&#xD;
&#xD;
2019-09-23 11:09:30 - [TEST_STEP][PASSED] - click(findTestObject("Regression BackOffice/CLINK-27759/AdminSystemSettingsLink")): Object: 'Object Repository/Regression BackOffice/CLINK-27759/AdminSystemSettingsLink' is clicked on&#xD;
&#xD;
2019-09-23 11:09:30 - [MESSAGE][PASSED] - Object: 'Object Repository/Regression BackOffice/CLINK-27759/AdminSystemSettingsLink' is clicked on&#xD;
&#xD;
2019-09-23 11:09:30 - [TEST_STEP][PASSED] - delay(2): Delayed 2 second(s)&#xD;
&#xD;
2019-09-23 11:09:32 - [MESSAGE][PASSED] - Delayed 2 second(s)&#xD;
&#xD;
2019-09-23 11:09:32 - [TEST_STEP][PASSED] - scrollToElement(findTestObject("Regression BackOffice/CLINK-27759/AdministratorReportsLink"), 50): Scroll to object 'Object Repository/Regression BackOffice/CLINK-27759/AdministratorReportsLink' successfully&#xD;
&#xD;
2019-09-23 11:09:32 - [MESSAGE][PASSED] - Scroll to object 'Object Repository/Regression BackOffice/CLINK-27759/AdministratorReportsLink' successfully&#xD;
&#xD;
2019-09-23 11:09:32 - [TEST_STEP][PASSED] - waitForElementPresent(findTestObject("Regression BackOffice/CLINK-27759/AdministratorReportsLink"), 50): Object 'Object Repository/Regression BackOffice/CLINK-27759/AdministratorReportsLink' is present&#xD;
&#xD;
2019-09-23 11:09:32 - [MESSAGE][PASSED] - Object 'Object Repository/Regression BackOffice/CLINK-27759/AdministratorReportsLink' is present&#xD;
&#xD;
2019-09-23 11:09:32 - [TEST_STEP][PASSED] - click(findTestObject("Regression BackOffice/CLINK-27759/AdministratorReportsLink")): Object: 'Object Repository/Regression BackOffice/CLINK-27759/AdministratorReportsLink' is clicked on&#xD;
&#xD;
2019-09-23 11:09:34 - [MESSAGE][PASSED] - Object: 'Object Repository/Regression BackOffice/CLINK-27759/AdministratorReportsLink' is clicked on&#xD;
&#xD;
2019-09-23 11:09:34 - [TEST_STEP][PASSED] - delay(2): Delayed 2 second(s)&#xD;
&#xD;
2019-09-23 11:09:36 - [MESSAGE][PASSED] - Delayed 2 second(s)&#xD;
&#xD;
2019-09-23 11:09:36 - [TEST_STEP][PASSED] - switchToDefaultContent(): null&#xD;
&#xD;
2019-09-23 11:09:36 - [TEST_STEP][PASSED] - switchToFrame(findTestObject("Regression BackOffice/CLNK-23449/FrameMain"), 30): null&#xD;
&#xD;
2019-09-23 11:09:36 - [TEST_STEP][PASSED] - waitForPageLoad(50): Wait for page load successfully&#xD;
&#xD;
2019-09-23 11:09:36 - [MESSAGE][PASSED] - Wait for page load successfully&#xD;
&#xD;
2019-09-23 11:09:36 - [TEST_STEP][PASSED] - waitForElementPresent(findTestObject("Regression BackOffice/CLINK-27759/RoleAccessSecurityReportLink"), 50): Object 'Object Repository/Regression BackOffice/CLINK-27759/RoleAccessSecurityReportLink' is present&#xD;
&#xD;
2019-09-23 11:09:36 - [MESSAGE][PASSED] - Object 'Object Repository/Regression BackOffice/CLINK-27759/RoleAccessSecurityReportLink' is present&#xD;
&#xD;
2019-09-23 11:09:36 - [TEST_STEP][PASSED] - click(findTestObject("Regression BackOffice/CLINK-27759/RoleAccessSecurityReportLink")): Object: 'Object Repository/Regression BackOffice/CLINK-27759/RoleAccessSecurityReportLink' is clicked on&#xD;
&#xD;
2019-09-23 11:09:42 - [MESSAGE][PASSED] - Object: 'Object Repository/Regression BackOffice/CLINK-27759/RoleAccessSecurityReportLink' is clicked on&#xD;
&#xD;
2019-09-23 11:09:42 - [TEST_STEP][PASSED] - delay(2): Delayed 2 second(s)&#xD;
&#xD;
2019-09-23 11:09:44 - [MESSAGE][PASSED] - Delayed 2 second(s)&#xD;
&#xD;
2019-09-23 11:09:44 - [TEST_STEP][PASSED] - waitForPageLoad(50): Wait for page load successfully&#xD;
&#xD;
2019-09-23 11:09:44 - [MESSAGE][PASSED] - Wait for page load successfully&#xD;
&#xD;
2019-09-23 11:09:44 - [TEST_STEP][PASSED] - waitForElementPresent(findTestObject("Regression BackOffice/CLINK-27759/AutoBUCheck"), 50): Object 'Object Repository/Regression BackOffice/CLINK-27759/AutoBUCheck' is present&#xD;
&#xD;
2019-09-23 11:09:44 - [MESSAGE][PASSED] - Object 'Object Repository/Regression BackOffice/CLINK-27759/AutoBUCheck' is present&#xD;
&#xD;
2019-09-23 11:09:44 - [TEST_STEP][PASSED] - click(findTestObject("Regression BackOffice/CLINK-27759/AutoBUCheck")): Object: 'Object Repository/Regression BackOffice/CLINK-27759/AutoBUCheck' is clicked on&#xD;
&#xD;
2019-09-23 11:09:44 - [MESSAGE][PASSED] - Object: 'Object Repository/Regression BackOffice/CLINK-27759/AutoBUCheck' is clicked on&#xD;
&#xD;
2019-09-23 11:09:44 - [TEST_STEP][PASSED] - delay(2): Delayed 2 second(s)&#xD;
&#xD;
2019-09-23 11:09:46 - [MESSAGE][PASSED] - Delayed 2 second(s)&#xD;
&#xD;
2019-09-23 11:09:46 - [TEST_STEP][PASSED] - waitForElementPresent(findTestObject("Regression BackOffice/CLINK-27759/SpecificUser"), 50): Object 'Object Repository/Regression BackOffice/CLINK-27759/SpecificUser' is present&#xD;
&#xD;
2019-09-23 11:09:46 - [MESSAGE][PASSED] - Object 'Object Repository/Regression BackOffice/CLINK-27759/SpecificUser' is present&#xD;
&#xD;
2019-09-23 11:09:46 - [TEST_STEP][PASSED] - focus(findTestObject("Regression BackOffice/CLINK-27759/SpecificUser")): Object: 'Object Repository/Regression BackOffice/CLINK-27759/SpecificUser' is focused&#xD;
&#xD;
2019-09-23 11:09:46 - [MESSAGE][PASSED] - Object: 'Object Repository/Regression BackOffice/CLINK-27759/SpecificUser' is focused&#xD;
&#xD;
2019-09-23 11:09:46 - [TEST_STEP][PASSED] - click(findTestObject("Regression BackOffice/CLINK-27759/SpecificUser")): Object: 'Object Repository/Regression BackOffice/CLINK-27759/SpecificUser' is clicked on&#xD;
&#xD;
2019-09-23 11:09:46 - [MESSAGE][PASSED] - Object: 'Object Repository/Regression BackOffice/CLINK-27759/SpecificUser' is clicked on&#xD;
&#xD;
2019-09-23 11:09:46 - [TEST_STEP][PASSED] - setText(findTestObject("Regression BackOffice/CLINK-27759/SpecificUser"), G_CareGiverLastName): Text 'Ochentilla' is set on object 'Object Repository/Regression BackOffice/CLINK-27759/SpecificUser'&#xD;
&#xD;
2019-09-23 11:09:46 - [MESSAGE][PASSED] - Text 'Ochentilla' is set on object 'Object Repository/Regression BackOffice/CLINK-27759/SpecificUser'&#xD;
&#xD;
2019-09-23 11:09:46 - [TEST_STEP][PASSED] - delay(2): Delayed 2 second(s)&#xD;
&#xD;
2019-09-23 11:09:48 - [MESSAGE][PASSED] - Delayed 2 second(s)&#xD;
&#xD;
2019-09-23 11:09:48 - [TEST_STEP][PASSED] - sendKeys(findTestObject("Regression BackOffice/CLINK-27759/SpecificUser"), Keys.chord(ARROW_DOWN, ENTER)): Keys 'DOWN + ENTER + ' sent to object: 'Object Repository/Regression BackOffice/CLINK-27759/SpecificUser'&#xD;
&#xD;
2019-09-23 11:09:49 - [MESSAGE][PASSED] - Keys 'DOWN + ENTER + ' sent to object: 'Object Repository/Regression BackOffice/CLINK-27759/SpecificUser'&#xD;
&#xD;
2019-09-23 11:09:49 - [TEST_STEP][PASSED] - delay(2): Delayed 2 second(s)&#xD;
&#xD;
2019-09-23 11:09:51 - [MESSAGE][PASSED] - Delayed 2 second(s)&#xD;
&#xD;
2019-09-23 11:09:51 - [TEST_STEP][PASSED] - waitForElementPresent(findTestObject("Regression BackOffice/CLINK-27759/ShowReportLink"), 50): Object 'Object Repository/Regression BackOffice/CLINK-27759/ShowReportLink' is present&#xD;
&#xD;
2019-09-23 11:09:51 - [MESSAGE][PASSED] - Object 'Object Repository/Regression BackOffice/CLINK-27759/ShowReportLink' is present&#xD;
&#xD;
2019-09-23 11:09:51 - [TEST_STEP][PASSED] - click(findTestObject("Regression BackOffice/CLINK-27759/ShowReportLink")): Object: 'Object Repository/Regression BackOffice/CLINK-27759/ShowReportLink' is clicked on&#xD;
&#xD;
2019-09-23 11:09:52 - [MESSAGE][PASSED] - Object: 'Object Repository/Regression BackOffice/CLINK-27759/ShowReportLink' is clicked on&#xD;
&#xD;
2019-09-23 11:09:52 - [TEST_STEP][PASSED] - delay(2): Delayed 2 second(s)&#xD;
&#xD;
2019-09-23 11:09:54 - [MESSAGE][PASSED] - Delayed 2 second(s)&#xD;
&#xD;
2019-09-23 11:09:54 - [TEST_STEP][PASSED] - delay(2): Delayed 2 second(s)&#xD;
&#xD;
2019-09-23 11:09:56 - [MESSAGE][PASSED] - Delayed 2 second(s)&#xD;
&#xD;
2019-09-23 11:09:56 - [TEST_STEP][PASSED] - waitForElementPresent(findTestObject("Regression BackOffice/CLINK-27759/ExportToLink"), 50): Object 'Object Repository/Regression BackOffice/CLINK-27759/ExportToLink' is present&#xD;
&#xD;
2019-09-23 11:09:56 - [MESSAGE][PASSED] - Object 'Object Repository/Regression BackOffice/CLINK-27759/ExportToLink' is present&#xD;
&#xD;
2019-09-23 11:09:56 - [TEST_STEP][PASSED] - focus(findTestObject("Regression BackOffice/CLINK-27759/ExportToLink")): Object: 'Object Repository/Regression BackOffice/CLINK-27759/ExportToLink' is focused&#xD;
&#xD;
2019-09-23 11:09:56 - [MESSAGE][PASSED] - Object: 'Object Repository/Regression BackOffice/CLINK-27759/ExportToLink' is focused&#xD;
&#xD;
2019-09-23 11:09:56 - [TEST_STEP][PASSED] - click(findTestObject("Regression BackOffice/CLINK-27759/ExportToLink")): Object: 'Object Repository/Regression BackOffice/CLINK-27759/ExportToLink' is clicked on&#xD;
&#xD;
2019-09-23 11:09:56 - [MESSAGE][PASSED] - Object: 'Object Repository/Regression BackOffice/CLINK-27759/ExportToLink' is clicked on&#xD;
&#xD;
2019-09-23 11:09:56 - [TEST_STEP][PASSED] - delay(2): Delayed 2 second(s)&#xD;
&#xD;
2019-09-23 11:09:58 - [MESSAGE][PASSED] - Delayed 2 second(s)&#xD;
&#xD;
2019-09-23 11:09:58 - [TEST_STEP][PASSED] - sendKeys(findTestObject("Regression BackOffice/CLINK-27759/ExportToLink"), Keys.chord(ARROW_DOWN, ENTER)): Keys 'DOWN + ENTER + ' sent to object: 'Object Repository/Regression BackOffice/CLINK-27759/ExportToLink'&#xD;
&#xD;
2019-09-23 11:09:58 - [MESSAGE][PASSED] - Keys 'DOWN + ENTER + ' sent to object: 'Object Repository/Regression BackOffice/CLINK-27759/ExportToLink'&#xD;
&#xD;
2019-09-23 11:09:58 - [TEST_STEP][PASSED] - delay(2): Delayed 2 second(s)&#xD;
&#xD;
2019-09-23 11:10:00 - [MESSAGE][PASSED] - Delayed 2 second(s)&#xD;
&#xD;
2019-09-23 11:10:00 - [TEST_STEP][PASSED] - waitForElementPresent(findTestObject("Regression BackOffice/CLINK-27759/ExportToFile"), 50): Object 'Object Repository/Regression BackOffice/CLINK-27759/ExportToFile' is present&#xD;
&#xD;
2019-09-23 11:10:00 - [MESSAGE][PASSED] - Object 'Object Repository/Regression BackOffice/CLINK-27759/ExportToFile' is present&#xD;
&#xD;
2019-09-23 11:10:00 - [TEST_STEP][PASSED] - click(findTestObject("Regression BackOffice/CLINK-27759/ExportToFile")): Object: 'Object Repository/Regression BackOffice/CLINK-27759/ExportToFile' is clicked on&#xD;
&#xD;
2019-09-23 11:10:02 - [MESSAGE][PASSED] - Object: 'Object Repository/Regression BackOffice/CLINK-27759/ExportToFile' is clicked on&#xD;
&#xD;
2019-09-23 11:10:02 - [TEST_STEP][PASSED] - delay(2): Delayed 2 second(s)&#xD;
&#xD;
2019-09-23 11:10:04 - [MESSAGE][PASSED] - Delayed 2 second(s)&#xD;
&#xD;
2019-09-23 11:10:04 - [TEST_STEP][PASSED] - waitForElementPresent(findTestObject("Regression BackOffice/CLINK-27759/ResetLink"), 50): Object 'Object Repository/Regression BackOffice/CLINK-27759/ResetLink' is present&#xD;
&#xD;
2019-09-23 11:10:04 - [MESSAGE][PASSED] - Object 'Object Repository/Regression BackOffice/CLINK-27759/ResetLink' is present&#xD;
&#xD;
2019-09-23 11:10:04 - [TEST_STEP][PASSED] - click(findTestObject("Regression BackOffice/CLINK-27759/ResetLink")): Object: 'Object Repository/Regression BackOffice/CLINK-27759/ResetLink' is clicked on&#xD;
&#xD;
2019-09-23 11:10:04 - [MESSAGE][PASSED] - Object: 'Object Repository/Regression BackOffice/CLINK-27759/ResetLink' is clicked on&#xD;
&#xD;
2019-09-23 11:10:04 - [TEST_STEP][PASSED] - delay(2): Delayed 2 second(s)&#xD;
&#xD;
2019-09-23 11:10:06 - [MESSAGE][PASSED] - Delayed 2 second(s)&#xD;
&#xD;
2019-09-23 11:10:06 - [TEST_STEP][NOT_RUN] - waitForElementPresent(findTestObject("Regression BackOffice/CLINK-27759/AutoBUCheck"), 50): NOT_RUN: waitForElementPresent(findTestObject("Regression BackOffice/CLINK-27759/AutoBUCheck"), 50)&#xD;
&#xD;
2019-09-23 11:10:06 - [MESSAGE][NOT_RUN] - NOT_RUN: waitForElementPresent(findTestObject("Regression BackOffice/CLINK-27759/AutoBUCheck"), 50)&#xD;
&#xD;
2019-09-23 11:10:06 - [TEST_STEP][NOT_RUN] - click(findTestObject("Regression BackOffice/CLINK-27759/AutoBUCheck")): NOT_RUN: click(findTestObject("Regression BackOffice/CLINK-27759/AutoBUCheck"))&#xD;
&#xD;
2019-09-23 11:10:06 - [MESSAGE][NOT_RUN] - NOT_RUN: click(findTestObject("Regression BackOffice/CLINK-27759/AutoBUCheck"))&#xD;
&#xD;
2019-09-23 11:10:06 - [TEST_STEP][NOT_RUN] - delay(2): NOT_RUN: delay(2)&#xD;
&#xD;
2019-09-23 11:10:06 - [MESSAGE][NOT_RUN] - NOT_RUN: delay(2)&#xD;
&#xD;
2019-09-23 11:10:06 - [TEST_STEP][NOT_RUN] - waitForElementPresent(findTestObject("Regression BackOffice/CLINK-27759/SpecificUser"), 50): NOT_RUN: waitForElementPresent(findTestObject("Regression BackOffice/CLINK-27759/SpecificUser"), 50)&#xD;
&#xD;
2019-09-23 11:10:06 - [MESSAGE][NOT_RUN] - NOT_RUN: waitForElementPresent(findTestObject("Regression BackOffice/CLINK-27759/SpecificUser"), 50)&#xD;
&#xD;
2019-09-23 11:10:06 - [TEST_STEP][NOT_RUN] - focus(findTestObject("Regression BackOffice/CLINK-27759/SpecificUser")): NOT_RUN: focus(findTestObject("Regression BackOffice/CLINK-27759/SpecificUser"))&#xD;
&#xD;
2019-09-23 11:10:06 - [MESSAGE][NOT_RUN] - NOT_RUN: focus(findTestObject("Regression BackOffice/CLINK-27759/SpecificUser"))&#xD;
&#xD;
2019-09-23 11:10:06 - [TEST_STEP][NOT_RUN] - click(findTestObject("Regression BackOffice/CLINK-27759/SpecificUser")): NOT_RUN: click(findTestObject("Regression BackOffice/CLINK-27759/SpecificUser"))&#xD;
&#xD;
2019-09-23 11:10:06 - [MESSAGE][NOT_RUN] - NOT_RUN: click(findTestObject("Regression BackOffice/CLINK-27759/SpecificUser"))&#xD;
&#xD;
2019-09-23 11:10:06 - [TEST_STEP][NOT_RUN] - setText(findTestObject("Regression BackOffice/CLINK-27759/SpecificUser"), "Test"): NOT_RUN: setText(findTestObject("Regression BackOffice/CLINK-27759/SpecificUser"), "Test")&#xD;
&#xD;
2019-09-23 11:10:06 - [MESSAGE][NOT_RUN] - NOT_RUN: setText(findTestObject("Regression BackOffice/CLINK-27759/SpecificUser"), "Test")&#xD;
&#xD;
2019-09-23 11:10:06 - [TEST_STEP][NOT_RUN] - delay(2): NOT_RUN: delay(2)&#xD;
&#xD;
2019-09-23 11:10:06 - [MESSAGE][NOT_RUN] - NOT_RUN: delay(2)&#xD;
&#xD;
2019-09-23 11:10:06 - [TEST_STEP][NOT_RUN] - sendKeys(findTestObject("Regression BackOffice/CLINK-27759/SpecificUser"), Keys.chord(ARROW_DOWN, ARROW_DOWN, ARROW_DOWN, ARROW_DOWN, ARROW_DOWN, ARROW_DOWN, ARROW_DOWN, ENTER)): NOT_RUN: sendKeys(findTestObject("Regression BackOffice/CLINK-27759/SpecificUser"), Keys.chord(ARROW_DOWN, ARROW_DOWN, ARROW_DOWN, ARROW_DOWN, ARROW_DOWN, ARROW_DOWN, ARROW_DOWN, ENTER))&#xD;
&#xD;
2019-09-23 11:10:06 - [MESSAGE][NOT_RUN] - NOT_RUN: sendKeys(findTestObject("Regression BackOffice/CLINK-27759/SpecificUser"), Keys.chord(ARROW_DOWN, ARROW_DOWN, ARROW_DOWN, ARROW_DOWN, ARROW_DOWN, ARROW_DOWN, ARROW_DOWN, ENTER))&#xD;
&#xD;
2019-09-23 11:10:06 - [TEST_STEP][NOT_RUN] - delay(2): NOT_RUN: delay(2)&#xD;
&#xD;
2019-09-23 11:10:06 - [MESSAGE][NOT_RUN] - NOT_RUN: delay(2)&#xD;
&#xD;
2019-09-23 11:10:06 - [TEST_STEP][NOT_RUN] - waitForElementPresent(findTestObject("Regression BackOffice/CLINK-27759/ShowReportLink"), 50): NOT_RUN: waitForElementPresent(findTestObject("Regression BackOffice/CLINK-27759/ShowReportLink"), 50)&#xD;
&#xD;
2019-09-23 11:10:06 - [MESSAGE][NOT_RUN] - NOT_RUN: waitForElementPresent(findTestObject("Regression BackOffice/CLINK-27759/ShowReportLink"), 50)&#xD;
&#xD;
2019-09-23 11:10:06 - [TEST_STEP][NOT_RUN] - click(findTestObject("Regression BackOffice/CLINK-27759/ShowReportLink")): NOT_RUN: click(findTestObject("Regression BackOffice/CLINK-27759/ShowReportLink"))&#xD;
&#xD;
2019-09-23 11:10:06 - [MESSAGE][NOT_RUN] - NOT_RUN: click(findTestObject("Regression BackOffice/CLINK-27759/ShowReportLink"))&#xD;
&#xD;
2019-09-23 11:10:06 - [TEST_STEP][NOT_RUN] - delay(2): NOT_RUN: delay(2)&#xD;
&#xD;
2019-09-23 11:10:06 - [MESSAGE][NOT_RUN] - NOT_RUN: delay(2)&#xD;
&#xD;
2019-09-23 11:10:06 - [TEST_STEP][NOT_RUN] - waitForElementPresent(findTestObject("Regression BackOffice/CLINK-27759/ExportToLink"), 50): NOT_RUN: waitForElementPresent(findTestObject("Regression BackOffice/CLINK-27759/ExportToLink"), 50)&#xD;
&#xD;
2019-09-23 11:10:06 - [MESSAGE][NOT_RUN] - NOT_RUN: waitForElementPresent(findTestObject("Regression BackOffice/CLINK-27759/ExportToLink"), 50)&#xD;
&#xD;
2019-09-23 11:10:06 - [TEST_STEP][NOT_RUN] - focus(findTestObject("Regression BackOffice/CLINK-27759/ExportToLink")): NOT_RUN: focus(findTestObject("Regression BackOffice/CLINK-27759/ExportToLink"))&#xD;
&#xD;
2019-09-23 11:10:06 - [MESSAGE][NOT_RUN] - NOT_RUN: focus(findTestObject("Regression BackOffice/CLINK-27759/ExportToLink"))&#xD;
&#xD;
2019-09-23 11:10:06 - [TEST_STEP][NOT_RUN] - click(findTestObject("Regression BackOffice/CLINK-27759/ExportToLink")): NOT_RUN: click(findTestObject("Regression BackOffice/CLINK-27759/ExportToLink"))&#xD;
&#xD;
2019-09-23 11:10:06 - [MESSAGE][NOT_RUN] - NOT_RUN: click(findTestObject("Regression BackOffice/CLINK-27759/ExportToLink"))&#xD;
&#xD;
2019-09-23 11:10:06 - [TEST_STEP][NOT_RUN] - delay(2): NOT_RUN: delay(2)&#xD;
&#xD;
2019-09-23 11:10:06 - [MESSAGE][NOT_RUN] - NOT_RUN: delay(2)&#xD;
&#xD;
2019-09-23 11:10:06 - [TEST_STEP][NOT_RUN] - sendKeys(findTestObject("Regression BackOffice/CLINK-27759/ExportToLink"), Keys.chord(ARROW_DOWN, ENTER)): NOT_RUN: sendKeys(findTestObject("Regression BackOffice/CLINK-27759/ExportToLink"), Keys.chord(ARROW_DOWN, ENTER))&#xD;
&#xD;
2019-09-23 11:10:06 - [MESSAGE][NOT_RUN] - NOT_RUN: sendKeys(findTestObject("Regression BackOffice/CLINK-27759/ExportToLink"), Keys.chord(ARROW_DOWN, ENTER))&#xD;
&#xD;
2019-09-23 11:10:06 - [TEST_STEP][NOT_RUN] - delay(2): NOT_RUN: delay(2)&#xD;
&#xD;
2019-09-23 11:10:06 - [MESSAGE][NOT_RUN] - NOT_RUN: delay(2)&#xD;
&#xD;
2019-09-23 11:10:06 - [TEST_STEP][NOT_RUN] - waitForElementPresent(findTestObject("Regression BackOffice/CLINK-27759/ExportToFile"), 50): NOT_RUN: waitForElementPresent(findTestObject("Regression BackOffice/CLINK-27759/ExportToFile"), 50)&#xD;
&#xD;
2019-09-23 11:10:06 - [MESSAGE][NOT_RUN] - NOT_RUN: waitForElementPresent(findTestObject("Regression BackOffice/CLINK-27759/ExportToFile"), 50)&#xD;
&#xD;
2019-09-23 11:10:06 - [TEST_STEP][NOT_RUN] - click(findTestObject("Regression BackOffice/CLINK-27759/ExportToFile")): NOT_RUN: click(findTestObject("Regression BackOffice/CLINK-27759/ExportToFile"))&#xD;
&#xD;
2019-09-23 11:10:06 - [MESSAGE][NOT_RUN] - NOT_RUN: click(findTestObject("Regression BackOffice/CLINK-27759/ExportToFile"))&#xD;
&#xD;
2019-09-23 11:10:06 - [TEST_STEP][PASSED] - closeBrowser(): Browser is closed&#xD;
&#xD;
2019-09-23 11:10:07 - [MESSAGE][PASSED] - Browser is closed</system-out>
            <system-err></system-err>
        </testcase>
        <testcase name="Test Cases/Regression BackOffice (All Browsers)/CLNK-27906 - (Task B) Update Care Manager Control in Admission Details" classname="Test Cases/Regression BackOffice (All Browsers)/CLNK-27906 - (Task B) Update Care Manager Control in Admission Details" status="PASSED">
            <system-out>2019-09-23 11:10:09 - [TEST_CASE][PASSED] - Test Cases/Regression BackOffice (All Browsers)/CLNK-27906 - (Task B) Update Care Manager Control in Admission Details: Test Cases/Regression BackOffice (All Browsers)/CLNK-27906 - (Task B) Update Care Manager Control in Admission Details&#xD;
&#xD;
2019-09-23 11:10:09 - [TEST_STEP][PASSED] - callTestCase(findTestCase("Regression BackOffice (All Browsers)/CLNK-23439 - Clink - Back office Client"), [:], STOP_ON_FAILURE): Call Test Case 'Test Cases/Regression BackOffice (All Browsers)/CLNK-23439 - Clink - Back office Client' successfully&#xD;
&#xD;
2019-09-23 11:10:09 - [TEST_CASE][PASSED] - Test Cases/Regression BackOffice (All Browsers)/CLNK-23439 - Clink - Back office Client: Test Cases/Regression BackOffice (All Browsers)/CLNK-23439 - Clink - Back office Client&#xD;
&#xD;
2019-09-23 11:10:09 - [TEST_STEP][PASSED] - deleteAllCookies(): Delete all cookies successfully&#xD;
&#xD;
2019-09-23 11:10:09 - [MESSAGE][WARNING] - Cannot delete cookies because browser is closed&#xD;
&#xD;
2019-09-23 11:10:09 - [MESSAGE][PASSED] - Delete all cookies successfully&#xD;
&#xD;
2019-09-23 11:10:09 - [TEST_STEP][PASSED] - openBrowser(G_SiteBackOffice): Browser is opened with url: 'https://qanewpoc.continulink.com:8443/Backoffice/'&#xD;
&#xD;
2019-09-23 11:10:09 - [MESSAGE][INFO] - Starting 'Chrome' driver&#xD;
&#xD;
2019-09-23 11:10:17 - [MESSAGE][PASSED] - Browser is opened with url: 'https://qanewpoc.continulink.com:8443/Backoffice/'&#xD;
&#xD;
2019-09-23 11:10:17 - [TEST_STEP][PASSED] - waitForPageLoad(60): Wait for page load successfully&#xD;
&#xD;
2019-09-23 11:10:17 - [MESSAGE][PASSED] - Wait for page load successfully&#xD;
&#xD;
2019-09-23 11:10:17 - [TEST_STEP][PASSED] - maximizeWindow(): Current window maximized&#xD;
&#xD;
2019-09-23 11:10:21 - [MESSAGE][PASSED] - Current window maximized&#xD;
&#xD;
2019-09-23 11:10:21 - [TEST_STEP][PASSED] - setText(findTestObject("Regression BackOffice/Login/UserBackOffice"), G_UserBackOffice): Text 'automation_admin' is set on object 'Object Repository/Regression BackOffice/Login/UserBackOffice'&#xD;
&#xD;
2019-09-23 11:10:21 - [MESSAGE][PASSED] - Text 'automation_admin' is set on object 'Object Repository/Regression BackOffice/Login/UserBackOffice'&#xD;
&#xD;
2019-09-23 11:10:21 - [TEST_STEP][PASSED] - setText(findTestObject("Regression BackOffice/Login/PasswordBackOffice"), G_PasswordBackOffice): Text 'qwerty' is set on object 'Object Repository/Regression BackOffice/Login/PasswordBackOffice'&#xD;
&#xD;
2019-09-23 11:10:22 - [MESSAGE][PASSED] - Text 'qwerty' is set on object 'Object Repository/Regression BackOffice/Login/PasswordBackOffice'&#xD;
&#xD;
2019-09-23 11:10:22 - [TEST_STEP][PASSED] - click(findTestObject("Regression BackOffice/Login/LoginBackOffice")): Object: 'Object Repository/Regression BackOffice/Login/LoginBackOffice' is clicked on&#xD;
&#xD;
2019-09-23 11:10:26 - [MESSAGE][PASSED] - Object: 'Object Repository/Regression BackOffice/Login/LoginBackOffice' is clicked on&#xD;
&#xD;
2019-09-23 11:10:26 - [TEST_STEP][PASSED] - waitForPageLoad(60): Wait for page load successfully&#xD;
&#xD;
2019-09-23 11:10:26 - [MESSAGE][PASSED] - Wait for page load successfully&#xD;
&#xD;
2019-09-23 11:10:26 - [TEST_STEP][PASSED] - delay(2): Delayed 2 second(s)&#xD;
&#xD;
2019-09-23 11:10:28 - [MESSAGE][PASSED] - Delayed 2 second(s)&#xD;
&#xD;
2019-09-23 11:10:28 - [TEST_STEP][PASSED] - switchToFrame(findTestObject("Regression BackOffice/CLINK-Frames/FrameFrameLeft"), 5, STOP_ON_FAILURE): null&#xD;
&#xD;
2019-09-23 11:10:28 - [TEST_STEP][PASSED] - delay(2): Delayed 2 second(s)&#xD;
&#xD;
2019-09-23 11:10:30 - [MESSAGE][PASSED] - Delayed 2 second(s)&#xD;
&#xD;
2019-09-23 11:10:30 - [TEST_STEP][PASSED] - waitForElementPresent(findTestObject("Regression BackOffice/CLINK-Frames/ClientIntake"), 50): Object 'Object Repository/Regression BackOffice/CLINK-Frames/ClientIntake' is present&#xD;
&#xD;
2019-09-23 11:10:30 - [MESSAGE][PASSED] - Object 'Object Repository/Regression BackOffice/CLINK-Frames/ClientIntake' is present&#xD;
&#xD;
2019-09-23 11:10:30 - [TEST_STEP][PASSED] - verifyElementPresent(findTestObject("Regression BackOffice/CLINK-Frames/ClientIntake"), 100, STOP_ON_FAILURE): Object 'Object Repository/Regression BackOffice/CLINK-Frames/ClientIntake' is present&#xD;
&#xD;
2019-09-23 11:10:30 - [MESSAGE][PASSED] - Object 'Object Repository/Regression BackOffice/CLINK-Frames/ClientIntake' is present&#xD;
&#xD;
2019-09-23 11:10:30 - [TEST_STEP][PASSED] - switchToDefaultContent(): null&#xD;
&#xD;
2019-09-23 11:10:30 - [MESSAGE][PASSED] - Call Test Case 'Test Cases/Regression BackOffice (All Browsers)/CLNK-23439 - Clink - Back office Client' successfully&#xD;
&#xD;
2019-09-23 11:10:30 - [TEST_STEP][PASSED] - waitForPageLoad(60): Wait for page load successfully&#xD;
&#xD;
2019-09-23 11:10:30 - [MESSAGE][PASSED] - Wait for page load successfully&#xD;
&#xD;
2019-09-23 11:10:30 - [TEST_STEP][PASSED] - delay(3): Delayed 3 second(s)&#xD;
&#xD;
2019-09-23 11:10:33 - [MESSAGE][PASSED] - Delayed 3 second(s)&#xD;
&#xD;
2019-09-23 11:10:33 - [TEST_STEP][PASSED] - switchToFrame(findTestObject("Regression BackOffice/CLNK-23449/FrameLeft"), 30): null&#xD;
&#xD;
2019-09-23 11:10:33 - [TEST_STEP][PASSED] - waitForElementPresent(findTestObject("Regression BackOffice/CLNK-23449/ClienIntakeICon"), 100): Object 'Object Repository/Regression BackOffice/CLNK-23449/ClienIntakeICon' is present&#xD;
&#xD;
2019-09-23 11:10:33 - [MESSAGE][PASSED] - Object 'Object Repository/Regression BackOffice/CLNK-23449/ClienIntakeICon' is present&#xD;
&#xD;
2019-09-23 11:10:33 - [TEST_STEP][PASSED] - click(findTestObject("Regression BackOffice/CLNK-23449/ClienIntakeICon")): Object: 'Object Repository/Regression BackOffice/CLNK-23449/ClienIntakeICon' is clicked on&#xD;
&#xD;
2019-09-23 11:10:34 - [MESSAGE][PASSED] - Object: 'Object Repository/Regression BackOffice/CLNK-23449/ClienIntakeICon' is clicked on&#xD;
&#xD;
2019-09-23 11:10:34 - [TEST_STEP][PASSED] - delay(2): Delayed 2 second(s)&#xD;
&#xD;
2019-09-23 11:10:36 - [MESSAGE][PASSED] - Delayed 2 second(s)&#xD;
&#xD;
2019-09-23 11:10:36 - [TEST_STEP][PASSED] - waitForPageLoad(50): Wait for page load successfully&#xD;
&#xD;
2019-09-23 11:10:36 - [MESSAGE][PASSED] - Wait for page load successfully&#xD;
&#xD;
2019-09-23 11:10:36 - [TEST_STEP][PASSED] - waitForElementPresent(findTestObject("Regression BackOffice/CLINK - 27906/AdmissionDetails"), 50): Object 'Object Repository/Regression BackOffice/CLINK - 27906/AdmissionDetails' is present&#xD;
&#xD;
2019-09-23 11:10:36 - [MESSAGE][PASSED] - Object 'Object Repository/Regression BackOffice/CLINK - 27906/AdmissionDetails' is present&#xD;
&#xD;
2019-09-23 11:10:36 - [TEST_STEP][PASSED] - click(findTestObject("Regression BackOffice/CLINK - 27906/AdmissionDetails")): Object: 'Object Repository/Regression BackOffice/CLINK - 27906/AdmissionDetails' is clicked on&#xD;
&#xD;
2019-09-23 11:10:37 - [MESSAGE][PASSED] - Object: 'Object Repository/Regression BackOffice/CLINK - 27906/AdmissionDetails' is clicked on&#xD;
&#xD;
2019-09-23 11:10:37 - [TEST_STEP][PASSED] - delay(2): Delayed 2 second(s)&#xD;
&#xD;
2019-09-23 11:10:39 - [MESSAGE][PASSED] - Delayed 2 second(s)&#xD;
&#xD;
2019-09-23 11:10:39 - [TEST_STEP][PASSED] - switchToDefaultContent(): null&#xD;
&#xD;
2019-09-23 11:10:39 - [TEST_STEP][PASSED] - switchToFrame(findTestObject("Regression BackOffice/CLNK-23449/FrameMain"), 30): null&#xD;
&#xD;
2019-09-23 11:10:39 - [TEST_STEP][PASSED] - waitForElementPresent(findTestObject("Regression BackOffice/CLINK - 27906/Last NameAdmission"), 50): Object 'Object Repository/Regression BackOffice/CLINK - 27906/Last NameAdmission' is present&#xD;
&#xD;
2019-09-23 11:10:39 - [MESSAGE][PASSED] - Object 'Object Repository/Regression BackOffice/CLINK - 27906/Last NameAdmission' is present&#xD;
&#xD;
2019-09-23 11:10:39 - [TEST_STEP][PASSED] - setText(findTestObject("Regression BackOffice/CLINK - 27906/Last NameAdmission"), G_ClientLastName): Text 'Danielisky' is set on object 'Object Repository/Regression BackOffice/CLINK - 27906/Last NameAdmission'&#xD;
&#xD;
2019-09-23 11:10:39 - [MESSAGE][PASSED] - Text 'Danielisky' is set on object 'Object Repository/Regression BackOffice/CLINK - 27906/Last NameAdmission'&#xD;
&#xD;
2019-09-23 11:10:39 - [TEST_STEP][PASSED] - delay(2): Delayed 2 second(s)&#xD;
&#xD;
2019-09-23 11:10:41 - [MESSAGE][PASSED] - Delayed 2 second(s)&#xD;
&#xD;
2019-09-23 11:10:41 - [TEST_STEP][PASSED] - waitForElementPresent(findTestObject("Regression BackOffice/CLINK - 27906/SearchButton"), 50): Object 'Object Repository/Regression BackOffice/CLINK - 27906/SearchButton' is present&#xD;
&#xD;
2019-09-23 11:10:41 - [MESSAGE][PASSED] - Object 'Object Repository/Regression BackOffice/CLINK - 27906/SearchButton' is present&#xD;
&#xD;
2019-09-23 11:10:41 - [TEST_STEP][PASSED] - click(findTestObject("Regression BackOffice/CLINK - 27906/SearchButton"), STOP_ON_FAILURE): Object: 'Object Repository/Regression BackOffice/CLINK - 27906/SearchButton' is clicked on&#xD;
&#xD;
2019-09-23 11:10:42 - [MESSAGE][PASSED] - Object: 'Object Repository/Regression BackOffice/CLINK - 27906/SearchButton' is clicked on&#xD;
&#xD;
2019-09-23 11:10:42 - [TEST_STEP][PASSED] - delay(2): Delayed 2 second(s)&#xD;
&#xD;
2019-09-23 11:10:44 - [MESSAGE][PASSED] - Delayed 2 second(s)&#xD;
&#xD;
2019-09-23 11:10:44 - [TEST_STEP][PASSED] - waitForElementPresent(findTestObject("Regression BackOffice/CLINK - 27906/ClientRollbackLink"), 50): Object 'Object Repository/Regression BackOffice/CLINK - 27906/ClientRollbackLink' is present&#xD;
&#xD;
2019-09-23 11:10:44 - [MESSAGE][PASSED] - Object 'Object Repository/Regression BackOffice/CLINK - 27906/ClientRollbackLink' is present&#xD;
&#xD;
2019-09-23 11:10:44 - [TEST_STEP][PASSED] - click(findTestObject("Regression BackOffice/CLINK - 27906/ClientRollbackLink"), STOP_ON_FAILURE): Object: 'Object Repository/Regression BackOffice/CLINK - 27906/ClientRollbackLink' is clicked on&#xD;
&#xD;
2019-09-23 11:10:49 - [MESSAGE][PASSED] - Object: 'Object Repository/Regression BackOffice/CLINK - 27906/ClientRollbackLink' is clicked on&#xD;
&#xD;
2019-09-23 11:10:49 - [TEST_STEP][PASSED] - delay(2): Delayed 2 second(s)&#xD;
&#xD;
2019-09-23 11:10:51 - [MESSAGE][PASSED] - Delayed 2 second(s)&#xD;
&#xD;
2019-09-23 11:10:51 - [TEST_STEP][PASSED] - switchToFrame(findTestObject("Regression BackOffice/CLNK-23449/FrameMain"), 30): null&#xD;
&#xD;
2019-09-23 11:10:51 - [TEST_STEP][PASSED] - waitForElementPresent(findTestObject("Regression BackOffice/CLINK - 27906/ClinicalManagersLink"), 50): Object 'Object Repository/Regression BackOffice/CLINK - 27906/ClinicalManagersLink' is present&#xD;
&#xD;
2019-09-23 11:10:51 - [MESSAGE][PASSED] - Object 'Object Repository/Regression BackOffice/CLINK - 27906/ClinicalManagersLink' is present&#xD;
&#xD;
2019-09-23 11:10:51 - [TEST_STEP][PASSED] - click(findTestObject("Regression BackOffice/CLINK - 27906/ClinicalManagersLink"), STOP_ON_FAILURE): Object: 'Object Repository/Regression BackOffice/CLINK - 27906/ClinicalManagersLink' is clicked on&#xD;
&#xD;
2019-09-23 11:10:51 - [MESSAGE][PASSED] - Object: 'Object Repository/Regression BackOffice/CLINK - 27906/ClinicalManagersLink' is clicked on&#xD;
&#xD;
2019-09-23 11:10:51 - [TEST_STEP][PASSED] - delay(2): Delayed 2 second(s)&#xD;
&#xD;
2019-09-23 11:10:53 - [MESSAGE][PASSED] - Delayed 2 second(s)&#xD;
&#xD;
2019-09-23 11:10:53 - [TEST_STEP][PASSED] - verifyElementPresent(findTestObject("Regression BackOffice/CLINK - 27906/AddNewClinicalManagerLink"), 60): Object 'Object Repository/Regression BackOffice/CLINK - 27906/AddNewClinicalManagerLink' is present&#xD;
&#xD;
2019-09-23 11:10:54 - [MESSAGE][PASSED] - Object 'Object Repository/Regression BackOffice/CLINK - 27906/AddNewClinicalManagerLink' is present&#xD;
&#xD;
2019-09-23 11:10:54 - [TEST_STEP][PASSED] - waitForElementPresent(findTestObject("Regression BackOffice/CLINK - 27906/SameCareManagerChk"), 50): Object 'Object Repository/Regression BackOffice/CLINK - 27906/SameCareManagerChk' is present&#xD;
&#xD;
2019-09-23 11:10:54 - [MESSAGE][PASSED] - Object 'Object Repository/Regression BackOffice/CLINK - 27906/SameCareManagerChk' is present&#xD;
&#xD;
2019-09-23 11:10:54 - [TEST_STEP][PASSED] - click(findTestObject("Regression BackOffice/CLINK - 27906/SameCareManagerChk"), STOP_ON_FAILURE): Object: 'Object Repository/Regression BackOffice/CLINK - 27906/SameCareManagerChk' is clicked on&#xD;
&#xD;
2019-09-23 11:10:54 - [MESSAGE][PASSED] - Object: 'Object Repository/Regression BackOffice/CLINK - 27906/SameCareManagerChk' is clicked on&#xD;
&#xD;
2019-09-23 11:10:54 - [TEST_STEP][PASSED] - delay(2): Delayed 2 second(s)&#xD;
&#xD;
2019-09-23 11:10:56 - [MESSAGE][PASSED] - Delayed 2 second(s)&#xD;
&#xD;
2019-09-23 11:10:56 - [TEST_STEP][PASSED] - waitForElementPresent(findTestObject("Regression BackOffice/CLINK - 27906/SameCareManagerChk"), 50): Object 'Object Repository/Regression BackOffice/CLINK - 27906/SameCareManagerChk' is present&#xD;
&#xD;
2019-09-23 11:10:56 - [MESSAGE][PASSED] - Object 'Object Repository/Regression BackOffice/CLINK - 27906/SameCareManagerChk' is present&#xD;
&#xD;
2019-09-23 11:10:56 - [TEST_STEP][PASSED] - click(findTestObject("Regression BackOffice/CLINK - 27906/SameCareManagerChk"), STOP_ON_FAILURE): Object: 'Object Repository/Regression BackOffice/CLINK - 27906/SameCareManagerChk' is clicked on&#xD;
&#xD;
2019-09-23 11:10:56 - [MESSAGE][PASSED] - Object: 'Object Repository/Regression BackOffice/CLINK - 27906/SameCareManagerChk' is clicked on&#xD;
&#xD;
2019-09-23 11:10:56 - [TEST_STEP][PASSED] - delay(2): Delayed 2 second(s)&#xD;
&#xD;
2019-09-23 11:10:58 - [MESSAGE][PASSED] - Delayed 2 second(s)&#xD;
&#xD;
2019-09-23 11:10:58 - [TEST_STEP][PASSED] - waitForElementPresent(findTestObject("Regression BackOffice/CLINK - 27906/AddNewClinicalManagerLink"), 50): Object 'Object Repository/Regression BackOffice/CLINK - 27906/AddNewClinicalManagerLink' is present&#xD;
&#xD;
2019-09-23 11:10:58 - [MESSAGE][PASSED] - Object 'Object Repository/Regression BackOffice/CLINK - 27906/AddNewClinicalManagerLink' is present&#xD;
&#xD;
2019-09-23 11:10:58 - [TEST_STEP][PASSED] - click(findTestObject("Regression BackOffice/CLINK - 27906/AddNewClinicalManagerLink"), STOP_ON_FAILURE): Object: 'Object Repository/Regression BackOffice/CLINK - 27906/AddNewClinicalManagerLink' is clicked on&#xD;
&#xD;
2019-09-23 11:10:58 - [MESSAGE][PASSED] - Object: 'Object Repository/Regression BackOffice/CLINK - 27906/AddNewClinicalManagerLink' is clicked on&#xD;
&#xD;
2019-09-23 11:10:58 - [TEST_STEP][PASSED] - delay(2): Delayed 2 second(s)&#xD;
&#xD;
2019-09-23 11:11:00 - [MESSAGE][PASSED] - Delayed 2 second(s)&#xD;
&#xD;
2019-09-23 11:11:00 - [TEST_STEP][PASSED] - verifyElementPresent(findTestObject("Regression BackOffice/CLINK - 27906/Id"), 60): Object 'Object Repository/Regression BackOffice/CLINK - 27906/Id' is present&#xD;
&#xD;
2019-09-23 11:11:00 - [MESSAGE][PASSED] - Object 'Object Repository/Regression BackOffice/CLINK - 27906/Id' is present&#xD;
&#xD;
2019-09-23 11:11:00 - [TEST_STEP][PASSED] - verifyElementPresent(findTestObject("Regression BackOffice/CLINK - 27906/CareManagerName"), 60): Object 'Object Repository/Regression BackOffice/CLINK - 27906/CareManagerName' is present&#xD;
&#xD;
2019-09-23 11:11:00 - [MESSAGE][PASSED] - Object 'Object Repository/Regression BackOffice/CLINK - 27906/CareManagerName' is present&#xD;
&#xD;
2019-09-23 11:11:00 - [TEST_STEP][PASSED] - verifyElementPresent(findTestObject("Regression BackOffice/CLINK - 27906/Discipline"), 60): Object 'Object Repository/Regression BackOffice/CLINK - 27906/Discipline' is present&#xD;
&#xD;
2019-09-23 11:11:01 - [MESSAGE][PASSED] - Object 'Object Repository/Regression BackOffice/CLINK - 27906/Discipline' is present&#xD;
&#xD;
2019-09-23 11:11:01 - [TEST_STEP][PASSED] - verifyElementPresent(findTestObject("Regression BackOffice/CLINK - 27906/Delete"), 60): Object 'Object Repository/Regression BackOffice/CLINK - 27906/Delete' is present&#xD;
&#xD;
2019-09-23 11:11:01 - [MESSAGE][PASSED] - Object 'Object Repository/Regression BackOffice/CLINK - 27906/Delete' is present&#xD;
&#xD;
2019-09-23 11:11:01 - [TEST_STEP][PASSED] - waitForElementPresent(findTestObject("Regression BackOffice/CLINK - 27906/ClinicalManagerNameText"), 50): Object 'Object Repository/Regression BackOffice/CLINK - 27906/ClinicalManagerNameText' is present&#xD;
&#xD;
2019-09-23 11:11:01 - [MESSAGE][PASSED] - Object 'Object Repository/Regression BackOffice/CLINK - 27906/ClinicalManagerNameText' is present&#xD;
&#xD;
2019-09-23 11:11:01 - [TEST_STEP][PASSED] - setText(findTestObject("Regression BackOffice/CLINK - 27906/ClinicalManagerNameText"), G_ClinicalManager): Text 'Charlie' is set on object 'Object Repository/Regression BackOffice/CLINK - 27906/ClinicalManagerNameText'&#xD;
&#xD;
2019-09-23 11:11:01 - [MESSAGE][PASSED] - Text 'Charlie' is set on object 'Object Repository/Regression BackOffice/CLINK - 27906/ClinicalManagerNameText'&#xD;
&#xD;
2019-09-23 11:11:01 - [TEST_STEP][PASSED] - delay(2): Delayed 2 second(s)&#xD;
&#xD;
2019-09-23 11:11:03 - [MESSAGE][PASSED] - Delayed 2 second(s)&#xD;
&#xD;
2019-09-23 11:11:03 - [TEST_STEP][PASSED] - waitForElementPresent(findTestObject("Regression BackOffice/CLINK - 27906/li_Admin"), 50): Object 'Object Repository/Regression BackOffice/CLINK - 27906/li_Admin' is present&#xD;
&#xD;
2019-09-23 11:11:03 - [MESSAGE][PASSED] - Object 'Object Repository/Regression BackOffice/CLINK - 27906/li_Admin' is present&#xD;
&#xD;
2019-09-23 11:11:03 - [TEST_STEP][PASSED] - click(findTestObject("Regression BackOffice/CLINK - 27906/li_Admin"), STOP_ON_FAILURE): Object: 'Object Repository/Regression BackOffice/CLINK - 27906/li_Admin' is clicked on&#xD;
&#xD;
2019-09-23 11:11:03 - [MESSAGE][PASSED] - Object: 'Object Repository/Regression BackOffice/CLINK - 27906/li_Admin' is clicked on&#xD;
&#xD;
2019-09-23 11:11:03 - [TEST_STEP][PASSED] - delay(2): Delayed 2 second(s)&#xD;
&#xD;
2019-09-23 11:11:05 - [MESSAGE][PASSED] - Delayed 2 second(s)&#xD;
&#xD;
2019-09-23 11:11:05 - [TEST_STEP][PASSED] - waitForElementPresent(findTestObject("Regression BackOffice/CLINK - 27906/AddToListLink"), 50): Object 'Object Repository/Regression BackOffice/CLINK - 27906/AddToListLink' is present&#xD;
&#xD;
2019-09-23 11:11:06 - [MESSAGE][PASSED] - Object 'Object Repository/Regression BackOffice/CLINK - 27906/AddToListLink' is present&#xD;
&#xD;
2019-09-23 11:11:06 - [TEST_STEP][PASSED] - click(findTestObject("Regression BackOffice/CLINK - 27906/AddToListLink"), STOP_ON_FAILURE): Object: 'Object Repository/Regression BackOffice/CLINK - 27906/AddToListLink' is clicked on&#xD;
&#xD;
2019-09-23 11:11:06 - [MESSAGE][PASSED] - Object: 'Object Repository/Regression BackOffice/CLINK - 27906/AddToListLink' is clicked on&#xD;
&#xD;
2019-09-23 11:11:06 - [TEST_STEP][PASSED] - delay(2): Delayed 2 second(s)&#xD;
&#xD;
2019-09-23 11:11:08 - [MESSAGE][PASSED] - Delayed 2 second(s)&#xD;
&#xD;
2019-09-23 11:11:08 - [TEST_STEP][PASSED] - waitForElementPresent(findTestObject("Regression BackOffice/CLINK - 27906/DeleteIcon"), 50): Object 'Object Repository/Regression BackOffice/CLINK - 27906/DeleteIcon' is present&#xD;
&#xD;
2019-09-23 11:11:08 - [MESSAGE][PASSED] - Object 'Object Repository/Regression BackOffice/CLINK - 27906/DeleteIcon' is present&#xD;
&#xD;
2019-09-23 11:11:08 - [TEST_STEP][PASSED] - click(findTestObject("Regression BackOffice/CLINK - 27906/DeleteIcon"), STOP_ON_FAILURE): Object: 'Object Repository/Regression BackOffice/CLINK - 27906/DeleteIcon' is clicked on&#xD;
&#xD;
2019-09-23 11:11:08 - [MESSAGE][PASSED] - Object: 'Object Repository/Regression BackOffice/CLINK - 27906/DeleteIcon' is clicked on&#xD;
&#xD;
2019-09-23 11:11:08 - [TEST_STEP][PASSED] - delay(2): Delayed 2 second(s)&#xD;
&#xD;
2019-09-23 11:11:10 - [MESSAGE][PASSED] - Delayed 2 second(s)&#xD;
&#xD;
2019-09-23 11:11:10 - [TEST_STEP][PASSED] - acceptAlert(STOP_ON_FAILURE): Alert accepted&#xD;
&#xD;
2019-09-23 11:11:10 - [MESSAGE][PASSED] - Alert accepted&#xD;
&#xD;
2019-09-23 11:11:10 - [TEST_STEP][PASSED] - delay(3): Delayed 3 second(s)&#xD;
&#xD;
2019-09-23 11:11:13 - [MESSAGE][PASSED] - Delayed 3 second(s)&#xD;
&#xD;
2019-09-23 11:11:13 - [TEST_STEP][PASSED] - closeBrowser(): Browser is closed&#xD;
&#xD;
2019-09-23 11:11:14 - [MESSAGE][PASSED] - Browser is closed</system-out>
            <system-err></system-err>
        </testcase>
        <testcase name="Test Cases/Regression BackOffice (All Browsers)/CLNK-30366 - BO - Verify the end week date value in a BU" classname="Test Cases/Regression BackOffice (All Browsers)/CLNK-30366 - BO - Verify the end week date value in a BU" status="PASSED">
            <system-out>2019-09-23 11:11:16 - [TEST_CASE][PASSED] - Test Cases/Regression BackOffice (All Browsers)/CLNK-30366 - BO - Verify the end week date value in a BU: Test Cases/Regression BackOffice (All Browsers)/CLNK-30366 - BO - Verify the end week date value in a BU&#xD;
&#xD;
2019-09-23 11:11:16 - [TEST_STEP][PASSED] - openBrowser(G_SiteBackOffice): Browser is opened with url: 'https://qanewpoc.continulink.com:8443/Backoffice/'&#xD;
&#xD;
2019-09-23 11:11:16 - [MESSAGE][INFO] - Starting 'Chrome' driver&#xD;
&#xD;
2019-09-23 11:11:24 - [MESSAGE][PASSED] - Browser is opened with url: 'https://qanewpoc.continulink.com:8443/Backoffice/'&#xD;
&#xD;
2019-09-23 11:11:24 - [TEST_STEP][PASSED] - waitForPageLoad(60): Wait for page load successfully&#xD;
&#xD;
2019-09-23 11:11:24 - [MESSAGE][PASSED] - Wait for page load successfully&#xD;
&#xD;
2019-09-23 11:11:24 - [TEST_STEP][PASSED] - maximizeWindow(): Current window maximized&#xD;
&#xD;
2019-09-23 11:11:28 - [MESSAGE][PASSED] - Current window maximized&#xD;
&#xD;
2019-09-23 11:11:28 - [TEST_STEP][PASSED] - setText(findTestObject("Regression BackOffice/Login/UserBackOffice"), G_UserBackOffice): Text 'automation_admin' is set on object 'Object Repository/Regression BackOffice/Login/UserBackOffice'&#xD;
&#xD;
2019-09-23 11:11:28 - [MESSAGE][PASSED] - Text 'automation_admin' is set on object 'Object Repository/Regression BackOffice/Login/UserBackOffice'&#xD;
&#xD;
2019-09-23 11:11:28 - [TEST_STEP][PASSED] - setText(findTestObject("Regression BackOffice/Login/PasswordBackOffice"), G_PasswordBackOffice): Text 'qwerty' is set on object 'Object Repository/Regression BackOffice/Login/PasswordBackOffice'&#xD;
&#xD;
2019-09-23 11:11:28 - [MESSAGE][PASSED] - Text 'qwerty' is set on object 'Object Repository/Regression BackOffice/Login/PasswordBackOffice'&#xD;
&#xD;
2019-09-23 11:11:28 - [TEST_STEP][PASSED] - click(findTestObject("Regression BackOffice/Login/LoginBackOffice")): Object: 'Object Repository/Regression BackOffice/Login/LoginBackOffice' is clicked on&#xD;
&#xD;
2019-09-23 11:11:33 - [MESSAGE][PASSED] - Object: 'Object Repository/Regression BackOffice/Login/LoginBackOffice' is clicked on&#xD;
&#xD;
2019-09-23 11:11:33 - [TEST_STEP][PASSED] - waitForPageLoad(60): Wait for page load successfully&#xD;
&#xD;
2019-09-23 11:11:33 - [MESSAGE][PASSED] - Wait for page load successfully&#xD;
&#xD;
2019-09-23 11:11:33 - [TEST_STEP][PASSED] - delay(3): Delayed 3 second(s)&#xD;
&#xD;
2019-09-23 11:11:36 - [MESSAGE][PASSED] - Delayed 3 second(s)&#xD;
&#xD;
2019-09-23 11:11:36 - [TEST_STEP][PASSED] - switchToFrame(findTestObject("Regression BackOffice/CLNK-23449/FrameLeft"), 5): null&#xD;
&#xD;
2019-09-23 11:11:36 - [TEST_STEP][PASSED] - waitForElementPresent(findTestObject("Regression BackOffice/CLNK-30366/PayrollLink"), 60): Object 'Object Repository/Regression BackOffice/CLNK-30366/PayrollLink' is present&#xD;
&#xD;
2019-09-23 11:11:36 - [MESSAGE][PASSED] - Object 'Object Repository/Regression BackOffice/CLNK-30366/PayrollLink' is present&#xD;
&#xD;
2019-09-23 11:11:36 - [TEST_STEP][PASSED] - click(findTestObject("Regression BackOffice/CLNK-30366/PayrollLink"), CONTINUE_ON_FAILURE): Object: 'Object Repository/Regression BackOffice/CLNK-30366/PayrollLink' is clicked on&#xD;
&#xD;
2019-09-23 11:11:36 - [MESSAGE][PASSED] - Object: 'Object Repository/Regression BackOffice/CLNK-30366/PayrollLink' is clicked on&#xD;
&#xD;
2019-09-23 11:11:36 - [TEST_STEP][PASSED] - delay(2): Delayed 2 second(s)&#xD;
&#xD;
2019-09-23 11:11:38 - [MESSAGE][PASSED] - Delayed 2 second(s)&#xD;
&#xD;
2019-09-23 11:11:38 - [TEST_STEP][PASSED] - waitForElementPresent(findTestObject("Regression BackOffice/CLNK-30366/Process Payroll"), 60): Object 'Object Repository/Regression BackOffice/CLNK-30366/Process Payroll' is present&#xD;
&#xD;
2019-09-23 11:11:38 - [MESSAGE][PASSED] - Object 'Object Repository/Regression BackOffice/CLNK-30366/Process Payroll' is present&#xD;
&#xD;
2019-09-23 11:11:38 - [TEST_STEP][PASSED] - click(findTestObject("Regression BackOffice/CLNK-30366/Process Payroll"), CONTINUE_ON_FAILURE): Object: 'Object Repository/Regression BackOffice/CLNK-30366/Process Payroll' is clicked on&#xD;
&#xD;
2019-09-23 11:11:39 - [MESSAGE][PASSED] - Object: 'Object Repository/Regression BackOffice/CLNK-30366/Process Payroll' is clicked on&#xD;
&#xD;
2019-09-23 11:11:39 - [TEST_STEP][PASSED] - delay(2): Delayed 2 second(s)&#xD;
&#xD;
2019-09-23 11:11:41 - [MESSAGE][PASSED] - Delayed 2 second(s)&#xD;
&#xD;
2019-09-23 11:11:41 - [TEST_STEP][PASSED] - waitForPageLoad(60): Wait for page load successfully&#xD;
&#xD;
2019-09-23 11:11:41 - [MESSAGE][PASSED] - Wait for page load successfully&#xD;
&#xD;
2019-09-23 11:11:41 - [TEST_STEP][PASSED] - switchToDefaultContent(): null&#xD;
&#xD;
2019-09-23 11:11:41 - [TEST_STEP][PASSED] - switchToFrame(findTestObject("Regression BackOffice/CLNK-23449/FrameMain"), 30): null&#xD;
&#xD;
2019-09-23 11:11:41 - [TEST_STEP][PASSED] - if (verifyElementPresent(findTestObject("Regression BackOffice/CLNK-30366/Automation BU Check"), 10)): Delayed 30 second(s)&#xD;
&#xD;
2019-09-23 11:11:41 - [MESSAGE][PASSED] - Object 'Object Repository/Regression BackOffice/CLNK-30366/Automation BU Check' is present&#xD;
&#xD;
2019-09-23 11:11:41 - [TEST_STEP][PASSED] - waitForElementPresent(findTestObject("Regression BackOffice/CLNK-30366/Automation BU Check"), 50): Object 'Object Repository/Regression BackOffice/CLNK-30366/Automation BU Check' is present&#xD;
&#xD;
2019-09-23 11:11:41 - [MESSAGE][PASSED] - Object 'Object Repository/Regression BackOffice/CLNK-30366/Automation BU Check' is present&#xD;
&#xD;
2019-09-23 11:11:41 - [TEST_STEP][PASSED] - click(findTestObject("Regression BackOffice/CLNK-30366/Automation BU Check"), CONTINUE_ON_FAILURE): Object: 'Object Repository/Regression BackOffice/CLNK-30366/Automation BU Check' is clicked on&#xD;
&#xD;
2019-09-23 11:11:42 - [MESSAGE][PASSED] - Object: 'Object Repository/Regression BackOffice/CLNK-30366/Automation BU Check' is clicked on&#xD;
&#xD;
2019-09-23 11:11:42 - [TEST_STEP][PASSED] - delay(30): Delayed 30 second(s)&#xD;
&#xD;
2019-09-23 11:12:12 - [MESSAGE][PASSED] - Delayed 30 second(s)&#xD;
&#xD;
2019-09-23 11:12:12 - [TEST_STEP][PASSED] - closeBrowser(): Browser is closed&#xD;
&#xD;
2019-09-23 11:12:12 - [MESSAGE][PASSED] - Browser is closed</system-out>
            <system-err></system-err>
        </testcase>
        <testcase name="Test Cases/Regression BackOffice (All Browsers)/CLNK-30367 - BO - Verify last week was posted (payroll) in a BU" classname="Test Cases/Regression BackOffice (All Browsers)/CLNK-30367 - BO - Verify last week was posted (payroll) in a BU" status="PASSED">
            <system-out>2019-09-23 11:12:14 - [TEST_CASE][PASSED] - Test Cases/Regression BackOffice (All Browsers)/CLNK-30367 - BO - Verify last week was posted (payroll) in a BU: Test Cases/Regression BackOffice (All Browsers)/CLNK-30367 - BO - Verify last week was posted (payroll) in a BU&#xD;
&#xD;
2019-09-23 11:12:15 - [TEST_STEP][PASSED] - openBrowser(G_SiteBackOffice): Browser is opened with url: 'https://qanewpoc.continulink.com:8443/Backoffice/'&#xD;
&#xD;
2019-09-23 11:12:15 - [MESSAGE][INFO] - Starting 'Chrome' driver&#xD;
&#xD;
2019-09-23 11:12:22 - [MESSAGE][PASSED] - Browser is opened with url: 'https://qanewpoc.continulink.com:8443/Backoffice/'&#xD;
&#xD;
2019-09-23 11:12:22 - [TEST_STEP][PASSED] - waitForPageLoad(60): Wait for page load successfully&#xD;
&#xD;
2019-09-23 11:12:22 - [MESSAGE][PASSED] - Wait for page load successfully&#xD;
&#xD;
2019-09-23 11:12:22 - [TEST_STEP][PASSED] - maximizeWindow(): Current window maximized&#xD;
&#xD;
2019-09-23 11:12:26 - [MESSAGE][PASSED] - Current window maximized&#xD;
&#xD;
2019-09-23 11:12:26 - [TEST_STEP][PASSED] - setText(findTestObject("Regression BackOffice/Login/UserBackOffice"), G_UserBackOffice): Text 'automation_admin' is set on object 'Object Repository/Regression BackOffice/Login/UserBackOffice'&#xD;
&#xD;
2019-09-23 11:12:27 - [MESSAGE][PASSED] - Text 'automation_admin' is set on object 'Object Repository/Regression BackOffice/Login/UserBackOffice'&#xD;
&#xD;
2019-09-23 11:12:27 - [TEST_STEP][PASSED] - setText(findTestObject("Regression BackOffice/Login/PasswordBackOffice"), G_PasswordBackOffice): Text 'qwerty' is set on object 'Object Repository/Regression BackOffice/Login/PasswordBackOffice'&#xD;
&#xD;
2019-09-23 11:12:27 - [MESSAGE][PASSED] - Text 'qwerty' is set on object 'Object Repository/Regression BackOffice/Login/PasswordBackOffice'&#xD;
&#xD;
2019-09-23 11:12:27 - [TEST_STEP][PASSED] - click(findTestObject("Regression BackOffice/Login/LoginBackOffice")): Object: 'Object Repository/Regression BackOffice/Login/LoginBackOffice' is clicked on&#xD;
&#xD;
2019-09-23 11:12:31 - [MESSAGE][PASSED] - Object: 'Object Repository/Regression BackOffice/Login/LoginBackOffice' is clicked on&#xD;
&#xD;
2019-09-23 11:12:31 - [TEST_STEP][PASSED] - waitForPageLoad(60): Wait for page load successfully&#xD;
&#xD;
2019-09-23 11:12:31 - [MESSAGE][PASSED] - Wait for page load successfully&#xD;
&#xD;
2019-09-23 11:12:31 - [TEST_STEP][PASSED] - delay(3): Delayed 3 second(s)&#xD;
&#xD;
2019-09-23 11:12:34 - [MESSAGE][PASSED] - Delayed 3 second(s)&#xD;
&#xD;
2019-09-23 11:12:34 - [TEST_STEP][PASSED] - switchToFrame(findTestObject("Regression BackOffice/CLNK-23449/FrameLeft"), 5): null&#xD;
&#xD;
2019-09-23 11:12:34 - [TEST_STEP][PASSED] - waitForElementPresent(findTestObject("Regression BackOffice/CLNK-30366/PayrollLink"), 60): Object 'Object Repository/Regression BackOffice/CLNK-30366/PayrollLink' is present&#xD;
&#xD;
2019-09-23 11:12:34 - [MESSAGE][PASSED] - Object 'Object Repository/Regression BackOffice/CLNK-30366/PayrollLink' is present&#xD;
&#xD;
2019-09-23 11:12:34 - [TEST_STEP][PASSED] - click(findTestObject("Regression BackOffice/CLNK-30366/PayrollLink"), CONTINUE_ON_FAILURE): Object: 'Object Repository/Regression BackOffice/CLNK-30366/PayrollLink' is clicked on&#xD;
&#xD;
2019-09-23 11:12:35 - [MESSAGE][PASSED] - Object: 'Object Repository/Regression BackOffice/CLNK-30366/PayrollLink' is clicked on&#xD;
&#xD;
2019-09-23 11:12:35 - [TEST_STEP][PASSED] - delay(2): Delayed 2 second(s)&#xD;
&#xD;
2019-09-23 11:12:37 - [MESSAGE][PASSED] - Delayed 2 second(s)&#xD;
&#xD;
2019-09-23 11:12:37 - [TEST_STEP][PASSED] - waitForElementPresent(findTestObject("Regression BackOffice/CLNK-30367/PostClose Payroll"), 60): Object 'Object Repository/Regression BackOffice/CLNK-30367/PostClose Payroll' is present&#xD;
&#xD;
2019-09-23 11:12:37 - [MESSAGE][PASSED] - Object 'Object Repository/Regression BackOffice/CLNK-30367/PostClose Payroll' is present&#xD;
&#xD;
2019-09-23 11:12:37 - [TEST_STEP][PASSED] - click(findTestObject("Regression BackOffice/CLNK-30367/PostClose Payroll"), CONTINUE_ON_FAILURE): Object: 'Object Repository/Regression BackOffice/CLNK-30367/PostClose Payroll' is clicked on&#xD;
&#xD;
2019-09-23 11:12:38 - [MESSAGE][PASSED] - Object: 'Object Repository/Regression BackOffice/CLNK-30367/PostClose Payroll' is clicked on&#xD;
&#xD;
2019-09-23 11:12:38 - [TEST_STEP][PASSED] - delay(2): Delayed 2 second(s)&#xD;
&#xD;
2019-09-23 11:12:40 - [MESSAGE][PASSED] - Delayed 2 second(s)&#xD;
&#xD;
2019-09-23 11:12:40 - [TEST_STEP][PASSED] - waitForPageLoad(60): Wait for page load successfully&#xD;
&#xD;
2019-09-23 11:12:40 - [MESSAGE][PASSED] - Wait for page load successfully&#xD;
&#xD;
2019-09-23 11:12:40 - [TEST_STEP][PASSED] - switchToDefaultContent(): null&#xD;
&#xD;
2019-09-23 11:12:40 - [TEST_STEP][PASSED] - switchToFrame(findTestObject("Regression BackOffice/CLNK-23449/FrameMain"), 30): null&#xD;
&#xD;
2019-09-23 11:12:40 - [TEST_STEP][PASSED] - if (verifyElementPresent(findTestObject("Regression BackOffice/CLNK-30367/BUClick"), 10)): Object: 'Object Repository/Regression BackOffice/CLNK-30367/PostButton' is clicked on&#xD;
&#xD;
2019-09-23 11:12:40 - [MESSAGE][PASSED] - Object 'Object Repository/Regression BackOffice/CLNK-30367/BUClick' is present&#xD;
&#xD;
2019-09-23 11:12:40 - [TEST_STEP][PASSED] - waitForElementPresent(findTestObject("Regression BackOffice/CLNK-30367/BUClick"), 50): Object 'Object Repository/Regression BackOffice/CLNK-30367/BUClick' is present&#xD;
&#xD;
2019-09-23 11:12:40 - [MESSAGE][PASSED] - Object 'Object Repository/Regression BackOffice/CLNK-30367/BUClick' is present&#xD;
&#xD;
2019-09-23 11:12:40 - [TEST_STEP][PASSED] - click(findTestObject("Regression BackOffice/CLNK-30367/BUClick"), CONTINUE_ON_FAILURE): Object: 'Object Repository/Regression BackOffice/CLNK-30367/BUClick' is clicked on&#xD;
&#xD;
2019-09-23 11:12:40 - [MESSAGE][PASSED] - Object: 'Object Repository/Regression BackOffice/CLNK-30367/BUClick' is clicked on&#xD;
&#xD;
2019-09-23 11:12:40 - [TEST_STEP][PASSED] - delay(2): Delayed 2 second(s)&#xD;
&#xD;
2019-09-23 11:12:42 - [MESSAGE][PASSED] - Delayed 2 second(s)&#xD;
&#xD;
2019-09-23 11:12:42 - [TEST_STEP][PASSED] - waitForElementPresent(findTestObject("Regression BackOffice/CLNK-30367/PostPayrollButton"), 50): Object 'Object Repository/Regression BackOffice/CLNK-30367/PostPayrollButton' is present&#xD;
&#xD;
2019-09-23 11:12:42 - [MESSAGE][PASSED] - Object 'Object Repository/Regression BackOffice/CLNK-30367/PostPayrollButton' is present&#xD;
&#xD;
2019-09-23 11:12:42 - [TEST_STEP][PASSED] - click(findTestObject("Regression BackOffice/CLNK-30367/PostPayrollButton"), CONTINUE_ON_FAILURE): Object: 'Object Repository/Regression BackOffice/CLNK-30367/PostPayrollButton' is clicked on&#xD;
&#xD;
2019-09-23 11:12:43 - [MESSAGE][PASSED] - Object: 'Object Repository/Regression BackOffice/CLNK-30367/PostPayrollButton' is clicked on&#xD;
&#xD;
2019-09-23 11:12:43 - [TEST_STEP][PASSED] - delay(2): Delayed 2 second(s)&#xD;
&#xD;
2019-09-23 11:12:45 - [MESSAGE][PASSED] - Delayed 2 second(s)&#xD;
&#xD;
2019-09-23 11:12:45 - [TEST_STEP][PASSED] - waitForElementPresent(findTestObject("Regression BackOffice/CLNK-30367/PostButton"), 50): Object 'Object Repository/Regression BackOffice/CLNK-30367/PostButton' is present&#xD;
&#xD;
2019-09-23 11:12:45 - [MESSAGE][PASSED] - Object 'Object Repository/Regression BackOffice/CLNK-30367/PostButton' is present&#xD;
&#xD;
2019-09-23 11:12:45 - [TEST_STEP][PASSED] - click(findTestObject("Regression BackOffice/CLNK-30367/PostButton"), CONTINUE_ON_FAILURE): Object: 'Object Repository/Regression BackOffice/CLNK-30367/PostButton' is clicked on&#xD;
&#xD;
2019-09-23 11:12:45 - [MESSAGE][PASSED] - Object: 'Object Repository/Regression BackOffice/CLNK-30367/PostButton' is clicked on&#xD;
&#xD;
2019-09-23 11:12:45 - [TEST_STEP][PASSED] - delay(30): Delayed 30 second(s)&#xD;
&#xD;
2019-09-23 11:13:15 - [MESSAGE][PASSED] - Delayed 30 second(s)</system-out>
            <system-err></system-err>
        </testcase>
        <testcase name="Test Cases/Regression BackOffice (All Browsers)/CLNK-30368 - BO - Verify last week was posted (bill) in a BU" classname="Test Cases/Regression BackOffice (All Browsers)/CLNK-30368 - BO - Verify last week was posted (bill) in a BU" status="PASSED">
            <system-out>2019-09-23 11:13:17 - [TEST_CASE][PASSED] - Test Cases/Regression BackOffice (All Browsers)/CLNK-30368 - BO - Verify last week was posted (bill) in a BU: Test Cases/Regression BackOffice (All Browsers)/CLNK-30368 - BO - Verify last week was posted (bill) in a BU&#xD;
&#xD;
2019-09-23 11:13:18 - [TEST_STEP][PASSED] - openBrowser(G_SiteBackOffice): Browser is opened with url: 'https://qanewpoc.continulink.com:8443/Backoffice/'&#xD;
&#xD;
2019-09-23 11:13:18 - [MESSAGE][WARNING] - A browser is already opened. Closing browser and opening a new one&#xD;
&#xD;
2019-09-23 11:13:18 - [MESSAGE][INFO] - Starting 'Chrome' driver&#xD;
&#xD;
2019-09-23 11:13:28 - [MESSAGE][PASSED] - Browser is opened with url: 'https://qanewpoc.continulink.com:8443/Backoffice/'&#xD;
&#xD;
2019-09-23 11:13:28 - [TEST_STEP][PASSED] - waitForPageLoad(60): Wait for page load successfully&#xD;
&#xD;
2019-09-23 11:13:28 - [MESSAGE][PASSED] - Wait for page load successfully&#xD;
&#xD;
2019-09-23 11:13:28 - [TEST_STEP][PASSED] - maximizeWindow(): Current window maximized&#xD;
&#xD;
2019-09-23 11:13:33 - [MESSAGE][PASSED] - Current window maximized&#xD;
&#xD;
2019-09-23 11:13:33 - [TEST_STEP][PASSED] - setText(findTestObject("Regression BackOffice/Login/UserBackOffice"), G_UserBackOffice): Text 'automation_admin' is set on object 'Object Repository/Regression BackOffice/Login/UserBackOffice'&#xD;
&#xD;
2019-09-23 11:13:33 - [MESSAGE][PASSED] - Text 'automation_admin' is set on object 'Object Repository/Regression BackOffice/Login/UserBackOffice'&#xD;
&#xD;
2019-09-23 11:13:33 - [TEST_STEP][PASSED] - setText(findTestObject("Regression BackOffice/Login/PasswordBackOffice"), G_PasswordBackOffice): Text 'qwerty' is set on object 'Object Repository/Regression BackOffice/Login/PasswordBackOffice'&#xD;
&#xD;
2019-09-23 11:13:33 - [MESSAGE][PASSED] - Text 'qwerty' is set on object 'Object Repository/Regression BackOffice/Login/PasswordBackOffice'&#xD;
&#xD;
2019-09-23 11:13:33 - [TEST_STEP][PASSED] - click(findTestObject("Regression BackOffice/Login/LoginBackOffice")): Object: 'Object Repository/Regression BackOffice/Login/LoginBackOffice' is clicked on&#xD;
&#xD;
2019-09-23 11:13:37 - [MESSAGE][PASSED] - Object: 'Object Repository/Regression BackOffice/Login/LoginBackOffice' is clicked on&#xD;
&#xD;
2019-09-23 11:13:37 - [TEST_STEP][PASSED] - waitForPageLoad(60): Wait for page load successfully&#xD;
&#xD;
2019-09-23 11:13:37 - [MESSAGE][PASSED] - Wait for page load successfully&#xD;
&#xD;
2019-09-23 11:13:37 - [TEST_STEP][PASSED] - delay(3): Delayed 3 second(s)&#xD;
&#xD;
2019-09-23 11:13:40 - [MESSAGE][PASSED] - Delayed 3 second(s)&#xD;
&#xD;
2019-09-23 11:13:40 - [TEST_STEP][PASSED] - switchToFrame(findTestObject("Regression BackOffice/CLINK-Frames/FrameFrameLeft"), 5): null&#xD;
&#xD;
2019-09-23 11:13:40 - [TEST_STEP][PASSED] - waitForElementPresent(findTestObject("Regression BackOffice/CLNK-30368/FinanceLink"), 60): Object 'Object Repository/Regression BackOffice/CLNK-30368/FinanceLink' is present&#xD;
&#xD;
2019-09-23 11:13:41 - [MESSAGE][PASSED] - Object 'Object Repository/Regression BackOffice/CLNK-30368/FinanceLink' is present&#xD;
&#xD;
2019-09-23 11:13:41 - [TEST_STEP][PASSED] - click(findTestObject("Regression BackOffice/CLNK-30368/FinanceLink"), CONTINUE_ON_FAILURE): Object: 'Object Repository/Regression BackOffice/CLNK-30368/FinanceLink' is clicked on&#xD;
&#xD;
2019-09-23 11:13:41 - [MESSAGE][PASSED] - Object: 'Object Repository/Regression BackOffice/CLNK-30368/FinanceLink' is clicked on&#xD;
&#xD;
2019-09-23 11:13:41 - [TEST_STEP][PASSED] - delay(2): Delayed 2 second(s)&#xD;
&#xD;
2019-09-23 11:13:43 - [MESSAGE][PASSED] - Delayed 2 second(s)&#xD;
&#xD;
2019-09-23 11:13:43 - [TEST_STEP][PASSED] - waitForElementPresent(findTestObject("Regression BackOffice/CLNK-30368/Post Billing Link"), 60): Object 'Object Repository/Regression BackOffice/CLNK-30368/Post Billing Link' is present&#xD;
&#xD;
2019-09-23 11:13:43 - [MESSAGE][WARNING] - Test object with id 'Object Repository/Regression BackOffice/CLNK-30368/Page_InterLink/frame_Capture object_FrameLeft' does not exist&#xD;
&#xD;
2019-09-23 11:13:43 - [MESSAGE][PASSED] - Object 'Object Repository/Regression BackOffice/CLNK-30368/Post Billing Link' is present&#xD;
&#xD;
2019-09-23 11:13:43 - [TEST_STEP][PASSED] - click(findTestObject("Regression BackOffice/CLNK-30368/Post Billing Link"), CONTINUE_ON_FAILURE): Object: 'Object Repository/Regression BackOffice/CLNK-30368/Post Billing Link' is clicked on&#xD;
&#xD;
2019-09-23 11:13:43 - [MESSAGE][WARNING] - Test object with id 'Object Repository/Regression BackOffice/CLNK-30368/Page_InterLink/frame_Capture object_FrameLeft' does not exist&#xD;
&#xD;
2019-09-23 11:13:44 - [MESSAGE][PASSED] - Object: 'Object Repository/Regression BackOffice/CLNK-30368/Post Billing Link' is clicked on&#xD;
&#xD;
2019-09-23 11:13:44 - [TEST_STEP][PASSED] - delay(2): Delayed 2 second(s)&#xD;
&#xD;
2019-09-23 11:13:46 - [MESSAGE][PASSED] - Delayed 2 second(s)&#xD;
&#xD;
2019-09-23 11:13:46 - [TEST_STEP][PASSED] - waitForPageLoad(60): Wait for page load successfully&#xD;
&#xD;
2019-09-23 11:13:46 - [MESSAGE][PASSED] - Wait for page load successfully&#xD;
&#xD;
2019-09-23 11:13:46 - [TEST_STEP][PASSED] - switchToDefaultContent(): null&#xD;
&#xD;
2019-09-23 11:13:46 - [TEST_STEP][PASSED] - switchToFrame(findTestObject("Regression BackOffice/CLNK-30368/frame_Capture object_BannerFrame"), 30): null&#xD;
&#xD;
2019-09-23 11:13:46 - [TEST_STEP][PASSED] - if (verifyElementPresent(findTestObject("Regression BackOffice/CLNK-30368/PostBillButton"), 10)): Delayed 30 second(s)&#xD;
&#xD;
2019-09-23 11:13:46 - [MESSAGE][WARNING] - Test object with id 'Object Repository/Regression BackOffice/CLNK-30368/Page_InterLink/frame_Capture object_BannerFrame' does not exist&#xD;
&#xD;
2019-09-23 11:13:46 - [MESSAGE][PASSED] - Object 'Object Repository/Regression BackOffice/CLNK-30368/PostBillButton' is present&#xD;
&#xD;
2019-09-23 11:13:46 - [TEST_STEP][PASSED] - waitForElementPresent(findTestObject("Regression BackOffice/CLNK-30368/PostBillButton"), 50): Object 'Object Repository/Regression BackOffice/CLNK-30368/PostBillButton' is present&#xD;
&#xD;
2019-09-23 11:13:46 - [MESSAGE][WARNING] - Test object with id 'Object Repository/Regression BackOffice/CLNK-30368/Page_InterLink/frame_Capture object_BannerFrame' does not exist&#xD;
&#xD;
2019-09-23 11:13:46 - [MESSAGE][PASSED] - Object 'Object Repository/Regression BackOffice/CLNK-30368/PostBillButton' is present&#xD;
&#xD;
2019-09-23 11:13:46 - [TEST_STEP][PASSED] - click(findTestObject("Regression BackOffice/CLNK-30368/PostBillButton"), CONTINUE_ON_FAILURE): Object: 'Object Repository/Regression BackOffice/CLNK-30368/PostBillButton' is clicked on&#xD;
&#xD;
2019-09-23 11:13:46 - [MESSAGE][WARNING] - Test object with id 'Object Repository/Regression BackOffice/CLNK-30368/Page_InterLink/frame_Capture object_BannerFrame' does not exist&#xD;
&#xD;
2019-09-23 11:13:47 - [MESSAGE][PASSED] - Object: 'Object Repository/Regression BackOffice/CLNK-30368/PostBillButton' is clicked on&#xD;
&#xD;
2019-09-23 11:13:47 - [TEST_STEP][PASSED] - delay(30): Delayed 30 second(s)&#xD;
&#xD;
2019-09-23 11:14:17 - [MESSAGE][PASSED] - Delayed 30 second(s)</system-out>
            <system-err></system-err>
        </testcase>
        <testcase name="Test Cases/Regression BackOffice (All Browsers)/CLNK-23429 - BO - Process Payroll" classname="Test Cases/Regression BackOffice (All Browsers)/CLNK-23429 - BO - Process Payroll" status="PASSED">
            <system-out>2019-09-23 11:14:19 - [TEST_CASE][PASSED] - Test Cases/Regression BackOffice (All Browsers)/CLNK-23429 - BO - Process Payroll: Test Cases/Regression BackOffice (All Browsers)/CLNK-23429 - BO - Process Payroll&#xD;
&#xD;
2019-09-23 11:14:19 - [TEST_STEP][PASSED] - openBrowser(G_SiteBackOffice): Browser is opened with url: 'https://qanewpoc.continulink.com:8443/Backoffice/'&#xD;
&#xD;
2019-09-23 11:14:19 - [MESSAGE][WARNING] - A browser is already opened. Closing browser and opening a new one&#xD;
&#xD;
2019-09-23 11:14:20 - [MESSAGE][INFO] - Starting 'Chrome' driver&#xD;
&#xD;
2019-09-23 11:14:28 - [MESSAGE][PASSED] - Browser is opened with url: 'https://qanewpoc.continulink.com:8443/Backoffice/'&#xD;
&#xD;
2019-09-23 11:14:28 - [TEST_STEP][PASSED] - waitForPageLoad(60): Wait for page load successfully&#xD;
&#xD;
2019-09-23 11:14:28 - [MESSAGE][PASSED] - Wait for page load successfully&#xD;
&#xD;
2019-09-23 11:14:28 - [TEST_STEP][PASSED] - maximizeWindow(): Current window maximized&#xD;
&#xD;
2019-09-23 11:14:32 - [MESSAGE][PASSED] - Current window maximized&#xD;
&#xD;
2019-09-23 11:14:32 - [TEST_STEP][PASSED] - setText(findTestObject("Regression BackOffice/Login/UserBackOffice"), G_UserBackOffice): Text 'automation_admin' is set on object 'Object Repository/Regression BackOffice/Login/UserBackOffice'&#xD;
&#xD;
2019-09-23 11:14:32 - [MESSAGE][PASSED] - Text 'automation_admin' is set on object 'Object Repository/Regression BackOffice/Login/UserBackOffice'&#xD;
&#xD;
2019-09-23 11:14:32 - [TEST_STEP][PASSED] - setText(findTestObject("Regression BackOffice/Login/PasswordBackOffice"), G_PasswordBackOffice): Text 'qwerty' is set on object 'Object Repository/Regression BackOffice/Login/PasswordBackOffice'&#xD;
&#xD;
2019-09-23 11:14:32 - [MESSAGE][PASSED] - Text 'qwerty' is set on object 'Object Repository/Regression BackOffice/Login/PasswordBackOffice'&#xD;
&#xD;
2019-09-23 11:14:32 - [TEST_STEP][PASSED] - click(findTestObject("Regression BackOffice/Login/LoginBackOffice")): Object: 'Object Repository/Regression BackOffice/Login/LoginBackOffice' is clicked on&#xD;
&#xD;
2019-09-23 11:14:37 - [MESSAGE][PASSED] - Object: 'Object Repository/Regression BackOffice/Login/LoginBackOffice' is clicked on&#xD;
&#xD;
2019-09-23 11:14:37 - [TEST_STEP][PASSED] - waitForPageLoad(60): Wait for page load successfully&#xD;
&#xD;
2019-09-23 11:14:37 - [MESSAGE][PASSED] - Wait for page load successfully&#xD;
&#xD;
2019-09-23 11:14:37 - [TEST_STEP][PASSED] - delay(3): Delayed 3 second(s)&#xD;
&#xD;
2019-09-23 11:14:40 - [MESSAGE][PASSED] - Delayed 3 second(s)&#xD;
&#xD;
2019-09-23 11:14:40 - [TEST_STEP][PASSED] - switchToFrame(findTestObject("Regression BackOffice/CLNK-23449/FrameLeft"), 5): null&#xD;
&#xD;
2019-09-23 11:14:40 - [TEST_STEP][PASSED] - waitForElementPresent(findTestObject("Regression BackOffice/CLNK-30366/PayrollLink"), 60): Object 'Object Repository/Regression BackOffice/CLNK-30366/PayrollLink' is present&#xD;
&#xD;
2019-09-23 11:14:40 - [MESSAGE][PASSED] - Object 'Object Repository/Regression BackOffice/CLNK-30366/PayrollLink' is present&#xD;
&#xD;
2019-09-23 11:14:40 - [TEST_STEP][PASSED] - click(findTestObject("Regression BackOffice/CLNK-30366/PayrollLink"), CONTINUE_ON_FAILURE): Object: 'Object Repository/Regression BackOffice/CLNK-30366/PayrollLink' is clicked on&#xD;
&#xD;
2019-09-23 11:14:40 - [MESSAGE][PASSED] - Object: 'Object Repository/Regression BackOffice/CLNK-30366/PayrollLink' is clicked on&#xD;
&#xD;
2019-09-23 11:14:40 - [TEST_STEP][PASSED] - delay(2): Delayed 2 second(s)&#xD;
&#xD;
2019-09-23 11:14:42 - [MESSAGE][PASSED] - Delayed 2 second(s)&#xD;
&#xD;
2019-09-23 11:14:42 - [TEST_STEP][PASSED] - waitForElementPresent(findTestObject("Regression BackOffice/CLNK-30366/Process Payroll"), 60): Object 'Object Repository/Regression BackOffice/CLNK-30366/Process Payroll' is present&#xD;
&#xD;
2019-09-23 11:14:42 - [MESSAGE][PASSED] - Object 'Object Repository/Regression BackOffice/CLNK-30366/Process Payroll' is present&#xD;
&#xD;
2019-09-23 11:14:42 - [TEST_STEP][PASSED] - click(findTestObject("Regression BackOffice/CLNK-30366/Process Payroll"), CONTINUE_ON_FAILURE): Object: 'Object Repository/Regression BackOffice/CLNK-30366/Process Payroll' is clicked on&#xD;
&#xD;
2019-09-23 11:14:43 - [MESSAGE][PASSED] - Object: 'Object Repository/Regression BackOffice/CLNK-30366/Process Payroll' is clicked on&#xD;
&#xD;
2019-09-23 11:14:43 - [TEST_STEP][PASSED] - delay(2): Delayed 2 second(s)&#xD;
&#xD;
2019-09-23 11:14:45 - [MESSAGE][PASSED] - Delayed 2 second(s)&#xD;
&#xD;
2019-09-23 11:14:45 - [TEST_STEP][PASSED] - waitForPageLoad(60): Wait for page load successfully&#xD;
&#xD;
2019-09-23 11:14:45 - [MESSAGE][PASSED] - Wait for page load successfully&#xD;
&#xD;
2019-09-23 11:14:45 - [TEST_STEP][PASSED] - switchToDefaultContent(): null&#xD;
&#xD;
2019-09-23 11:14:45 - [TEST_STEP][PASSED] - switchToFrame(findTestObject("Regression BackOffice/CLNK-23449/FrameMain"), 30): null&#xD;
&#xD;
2019-09-23 11:14:45 - [TEST_STEP][PASSED] - waitForElementPresent(findTestObject("Regression BackOffice/CLNK-30366/Automation BU Check"), 50): Object 'Object Repository/Regression BackOffice/CLNK-30366/Automation BU Check' is present&#xD;
&#xD;
2019-09-23 11:14:46 - [MESSAGE][PASSED] - Object 'Object Repository/Regression BackOffice/CLNK-30366/Automation BU Check' is present&#xD;
&#xD;
2019-09-23 11:14:46 - [TEST_STEP][PASSED] - click(findTestObject("Regression BackOffice/CLNK-30366/Automation BU Check"), CONTINUE_ON_FAILURE): Object: 'Object Repository/Regression BackOffice/CLNK-30366/Automation BU Check' is clicked on&#xD;
&#xD;
2019-09-23 11:14:46 - [MESSAGE][PASSED] - Object: 'Object Repository/Regression BackOffice/CLNK-30366/Automation BU Check' is clicked on&#xD;
&#xD;
2019-09-23 11:14:46 - [TEST_STEP][PASSED] - delay(2): Delayed 2 second(s)&#xD;
&#xD;
2019-09-23 11:14:48 - [MESSAGE][PASSED] - Delayed 2 second(s)&#xD;
&#xD;
2019-09-23 11:14:48 - [TEST_STEP][PASSED] - switchToDefaultContent(): null&#xD;
&#xD;
2019-09-23 11:14:48 - [TEST_STEP][PASSED] - switchToFrame(findTestObject("Regression BackOffice/CLNK-23429/frame_Capture object_BannerFrame"), 30): null&#xD;
&#xD;
2019-09-23 11:14:48 - [TEST_STEP][PASSED] - waitForElementPresent(findTestObject("Regression BackOffice/CLNK-23429/ProcessPayrollButton"), 50): Object 'Object Repository/Regression BackOffice/CLNK-23429/ProcessPayrollButton' is present&#xD;
&#xD;
2019-09-23 11:14:48 - [MESSAGE][WARNING] - Test object with id 'Object Repository/Regression BackOffice/CLNK-23429/Page_InterLink/frame_Capture object_BannerFrame' does not exist&#xD;
&#xD;
2019-09-23 11:14:48 - [MESSAGE][PASSED] - Object 'Object Repository/Regression BackOffice/CLNK-23429/ProcessPayrollButton' is present&#xD;
&#xD;
2019-09-23 11:14:48 - [TEST_STEP][PASSED] - click(findTestObject("Regression BackOffice/CLNK-23429/ProcessPayrollButton"), CONTINUE_ON_FAILURE): Object: 'Object Repository/Regression BackOffice/CLNK-23429/ProcessPayrollButton' is clicked on&#xD;
&#xD;
2019-09-23 11:14:48 - [MESSAGE][WARNING] - Test object with id 'Object Repository/Regression BackOffice/CLNK-23429/Page_InterLink/frame_Capture object_BannerFrame' does not exist&#xD;
&#xD;
2019-09-23 11:14:49 - [MESSAGE][PASSED] - Object: 'Object Repository/Regression BackOffice/CLNK-23429/ProcessPayrollButton' is clicked on&#xD;
&#xD;
2019-09-23 11:14:49 - [TEST_STEP][PASSED] - delay(2): Delayed 2 second(s)&#xD;
&#xD;
2019-09-23 11:14:51 - [MESSAGE][PASSED] - Delayed 2 second(s)&#xD;
&#xD;
2019-09-23 11:14:51 - [TEST_STEP][PASSED] - switchToDefaultContent(): null&#xD;
&#xD;
2019-09-23 11:14:51 - [TEST_STEP][PASSED] - switchToFrame(findTestObject("Regression BackOffice/CLNK-23449/FrameMain"), 30): null&#xD;
&#xD;
2019-09-23 11:14:51 - [TEST_STEP][PASSED] - waitForElementPresent(findTestObject("Regression BackOffice/CLNK-23429/ContinueButton"), 50): Object 'Object Repository/Regression BackOffice/CLNK-23429/ContinueButton' is present&#xD;
&#xD;
2019-09-23 11:14:51 - [MESSAGE][PASSED] - Object 'Object Repository/Regression BackOffice/CLNK-23429/ContinueButton' is present&#xD;
&#xD;
2019-09-23 11:14:51 - [TEST_STEP][PASSED] - click(findTestObject("Regression BackOffice/CLNK-23429/ContinueButton"), CONTINUE_ON_FAILURE): Object: 'Object Repository/Regression BackOffice/CLNK-23429/ContinueButton' is clicked on&#xD;
&#xD;
2019-09-23 11:15:03 - [MESSAGE][PASSED] - Object: 'Object Repository/Regression BackOffice/CLNK-23429/ContinueButton' is clicked on&#xD;
&#xD;
2019-09-23 11:15:03 - [TEST_STEP][PASSED] - delay(2): Delayed 2 second(s)&#xD;
&#xD;
2019-09-23 11:15:05 - [MESSAGE][PASSED] - Delayed 2 second(s)</system-out>
            <system-err></system-err>
        </testcase>
        <testcase name="Test Cases/Regression BackOffice (All Browsers)/CLNK-17593 -7231 Main Application - Clinical Block - View POC and RPOC" classname="Test Cases/Regression BackOffice (All Browsers)/CLNK-17593 -7231 Main Application - Clinical Block - View POC and RPOC" status="PASSED">
            <system-out>2019-09-23 11:15:07 - [TEST_CASE][PASSED] - Test Cases/Regression BackOffice (All Browsers)/CLNK-17593 -7231 Main Application - Clinical Block - View POC and RPOC: Test Cases/Regression BackOffice (All Browsers)/CLNK-17593 -7231 Main Application - Clinical Block - View POC and RPOC&#xD;
&#xD;
2019-09-23 11:15:07 - [TEST_STEP][PASSED] - callTestCase(findTestCase("Regression BackOffice (All Browsers)/CLNK-23439 - Clink - Back office Client"), [:], STOP_ON_FAILURE): Call Test Case 'Test Cases/Regression BackOffice (All Browsers)/CLNK-23439 - Clink - Back office Client' successfully&#xD;
&#xD;
2019-09-23 11:15:07 - [TEST_CASE][PASSED] - Test Cases/Regression BackOffice (All Browsers)/CLNK-23439 - Clink - Back office Client: Test Cases/Regression BackOffice (All Browsers)/CLNK-23439 - Clink - Back office Client&#xD;
&#xD;
2019-09-23 11:15:07 - [TEST_STEP][PASSED] - deleteAllCookies(): Delete all cookies successfully&#xD;
&#xD;
2019-09-23 11:15:07 - [MESSAGE][PASSED] - Delete all cookies successfully&#xD;
&#xD;
2019-09-23 11:15:07 - [TEST_STEP][PASSED] - openBrowser(G_SiteBackOffice): Browser is opened with url: 'https://qanewpoc.continulink.com:8443/Backoffice/'&#xD;
&#xD;
2019-09-23 11:15:07 - [MESSAGE][WARNING] - A browser is already opened. Closing browser and opening a new one&#xD;
&#xD;
2019-09-23 11:15:08 - [MESSAGE][INFO] - Starting 'Chrome' driver&#xD;
&#xD;
2019-09-23 11:15:15 - [MESSAGE][PASSED] - Browser is opened with url: 'https://qanewpoc.continulink.com:8443/Backoffice/'&#xD;
&#xD;
2019-09-23 11:15:15 - [TEST_STEP][PASSED] - waitForPageLoad(60): Wait for page load successfully&#xD;
&#xD;
2019-09-23 11:15:15 - [MESSAGE][PASSED] - Wait for page load successfully&#xD;
&#xD;
2019-09-23 11:15:15 - [TEST_STEP][PASSED] - maximizeWindow(): Current window maximized&#xD;
&#xD;
2019-09-23 11:15:19 - [MESSAGE][PASSED] - Current window maximized&#xD;
&#xD;
2019-09-23 11:15:19 - [TEST_STEP][PASSED] - setText(findTestObject("Regression BackOffice/Login/UserBackOffice"), G_UserBackOffice): Text 'automation_admin' is set on object 'Object Repository/Regression BackOffice/Login/UserBackOffice'&#xD;
&#xD;
2019-09-23 11:15:20 - [MESSAGE][PASSED] - Text 'automation_admin' is set on object 'Object Repository/Regression BackOffice/Login/UserBackOffice'&#xD;
&#xD;
2019-09-23 11:15:20 - [TEST_STEP][PASSED] - setText(findTestObject("Regression BackOffice/Login/PasswordBackOffice"), G_PasswordBackOffice): Text 'qwerty' is set on object 'Object Repository/Regression BackOffice/Login/PasswordBackOffice'&#xD;
&#xD;
2019-09-23 11:15:20 - [MESSAGE][PASSED] - Text 'qwerty' is set on object 'Object Repository/Regression BackOffice/Login/PasswordBackOffice'&#xD;
&#xD;
2019-09-23 11:15:20 - [TEST_STEP][PASSED] - click(findTestObject("Regression BackOffice/Login/LoginBackOffice")): Object: 'Object Repository/Regression BackOffice/Login/LoginBackOffice' is clicked on&#xD;
&#xD;
2019-09-23 11:15:25 - [MESSAGE][PASSED] - Object: 'Object Repository/Regression BackOffice/Login/LoginBackOffice' is clicked on&#xD;
&#xD;
2019-09-23 11:15:25 - [TEST_STEP][PASSED] - waitForPageLoad(60): Wait for page load successfully&#xD;
&#xD;
2019-09-23 11:15:25 - [MESSAGE][PASSED] - Wait for page load successfully&#xD;
&#xD;
2019-09-23 11:15:25 - [TEST_STEP][PASSED] - delay(2): Delayed 2 second(s)&#xD;
&#xD;
2019-09-23 11:15:27 - [MESSAGE][PASSED] - Delayed 2 second(s)&#xD;
&#xD;
2019-09-23 11:15:27 - [TEST_STEP][PASSED] - switchToFrame(findTestObject("Regression BackOffice/CLINK-Frames/FrameFrameLeft"), 5, STOP_ON_FAILURE): null&#xD;
&#xD;
2019-09-23 11:15:27 - [TEST_STEP][PASSED] - delay(2): Delayed 2 second(s)&#xD;
&#xD;
2019-09-23 11:15:29 - [MESSAGE][PASSED] - Delayed 2 second(s)&#xD;
&#xD;
2019-09-23 11:15:29 - [TEST_STEP][PASSED] - waitForElementPresent(findTestObject("Regression BackOffice/CLINK-Frames/ClientIntake"), 50): Object 'Object Repository/Regression BackOffice/CLINK-Frames/ClientIntake' is present&#xD;
&#xD;
2019-09-23 11:15:29 - [MESSAGE][PASSED] - Object 'Object Repository/Regression BackOffice/CLINK-Frames/ClientIntake' is present&#xD;
&#xD;
2019-09-23 11:15:29 - [TEST_STEP][PASSED] - verifyElementPresent(findTestObject("Regression BackOffice/CLINK-Frames/ClientIntake"), 100, STOP_ON_FAILURE): Object 'Object Repository/Regression BackOffice/CLINK-Frames/ClientIntake' is present&#xD;
&#xD;
2019-09-23 11:15:29 - [MESSAGE][PASSED] - Object 'Object Repository/Regression BackOffice/CLINK-Frames/ClientIntake' is present&#xD;
&#xD;
2019-09-23 11:15:29 - [TEST_STEP][PASSED] - switchToDefaultContent(): null&#xD;
&#xD;
2019-09-23 11:15:29 - [MESSAGE][PASSED] - Call Test Case 'Test Cases/Regression BackOffice (All Browsers)/CLNK-23439 - Clink - Back office Client' successfully&#xD;
&#xD;
2019-09-23 11:15:29 - [TEST_STEP][PASSED] - waitForPageLoad(60): Wait for page load successfully&#xD;
&#xD;
2019-09-23 11:15:29 - [MESSAGE][PASSED] - Wait for page load successfully&#xD;
&#xD;
2019-09-23 11:15:29 - [TEST_STEP][PASSED] - delay(3): Delayed 3 second(s)&#xD;
&#xD;
2019-09-23 11:15:32 - [MESSAGE][PASSED] - Delayed 3 second(s)&#xD;
&#xD;
2019-09-23 11:15:32 - [TEST_STEP][PASSED] - switchToFrame(findTestObject("Regression BackOffice/CLNK-23449/FrameLeft"), 30): null&#xD;
&#xD;
2019-09-23 11:15:32 - [TEST_STEP][PASSED] - waitForElementPresent(findTestObject("Regression BackOffice/CLNK-23449/ClienIntakeICon"), 100): Object 'Object Repository/Regression BackOffice/CLNK-23449/ClienIntakeICon' is present&#xD;
&#xD;
2019-09-23 11:15:32 - [MESSAGE][PASSED] - Object 'Object Repository/Regression BackOffice/CLNK-23449/ClienIntakeICon' is present&#xD;
&#xD;
2019-09-23 11:15:32 - [TEST_STEP][PASSED] - click(findTestObject("Regression BackOffice/CLNK-23449/ClienIntakeICon")): Object: 'Object Repository/Regression BackOffice/CLNK-23449/ClienIntakeICon' is clicked on&#xD;
&#xD;
2019-09-23 11:15:32 - [MESSAGE][PASSED] - Object: 'Object Repository/Regression BackOffice/CLNK-23449/ClienIntakeICon' is clicked on&#xD;
&#xD;
2019-09-23 11:15:32 - [TEST_STEP][PASSED] - delay(2): Delayed 2 second(s)&#xD;
&#xD;
2019-09-23 11:15:34 - [MESSAGE][PASSED] - Delayed 2 second(s)&#xD;
&#xD;
2019-09-23 11:15:34 - [TEST_STEP][PASSED] - waitForPageLoad(50): Wait for page load successfully&#xD;
&#xD;
2019-09-23 11:15:34 - [MESSAGE][PASSED] - Wait for page load successfully&#xD;
&#xD;
2019-09-23 11:15:34 - [TEST_STEP][PASSED] - waitForElementPresent(findTestObject("Regression BackOffice/CLNK-10235/SearchforaClient"), 50): Object 'Object Repository/Regression BackOffice/CLNK-10235/SearchforaClient' is present&#xD;
&#xD;
2019-09-23 11:15:34 - [MESSAGE][PASSED] - Object 'Object Repository/Regression BackOffice/CLNK-10235/SearchforaClient' is present&#xD;
&#xD;
2019-09-23 11:15:34 - [TEST_STEP][PASSED] - click(findTestObject("Regression BackOffice/CLNK-10235/SearchforaClient")): Object: 'Object Repository/Regression BackOffice/CLNK-10235/SearchforaClient' is clicked on&#xD;
&#xD;
2019-09-23 11:15:35 - [MESSAGE][PASSED] - Object: 'Object Repository/Regression BackOffice/CLNK-10235/SearchforaClient' is clicked on&#xD;
&#xD;
2019-09-23 11:15:35 - [TEST_STEP][PASSED] - delay(2): Delayed 2 second(s)&#xD;
&#xD;
2019-09-23 11:15:37 - [MESSAGE][PASSED] - Delayed 2 second(s)&#xD;
&#xD;
2019-09-23 11:15:37 - [TEST_STEP][PASSED] - switchToDefaultContent(): null&#xD;
&#xD;
2019-09-23 11:15:37 - [TEST_STEP][PASSED] - switchToFrame(findTestObject("Regression BackOffice/CLNK-23449/FrameMain"), 30): null&#xD;
&#xD;
2019-09-23 11:15:37 - [TEST_STEP][PASSED] - waitForElementPresent(findTestObject("Regression BackOffice/CLNK-10235/FirstNameSearch"), 50): Object 'Object Repository/Regression BackOffice/CLNK-10235/FirstNameSearch' is present&#xD;
&#xD;
2019-09-23 11:15:38 - [MESSAGE][PASSED] - Object 'Object Repository/Regression BackOffice/CLNK-10235/FirstNameSearch' is present&#xD;
&#xD;
2019-09-23 11:15:38 - [TEST_STEP][PASSED] - setText(findTestObject("Regression BackOffice/CLNK-10235/FirstNameSearch"), G_ClientFirstName): Text 'Danielo' is set on object 'Object Repository/Regression BackOffice/CLNK-10235/FirstNameSearch'&#xD;
&#xD;
2019-09-23 11:15:38 - [MESSAGE][PASSED] - Text 'Danielo' is set on object 'Object Repository/Regression BackOffice/CLNK-10235/FirstNameSearch'&#xD;
&#xD;
2019-09-23 11:15:38 - [TEST_STEP][PASSED] - delay(2): Delayed 2 second(s)&#xD;
&#xD;
2019-09-23 11:15:40 - [MESSAGE][PASSED] - Delayed 2 second(s)&#xD;
&#xD;
2019-09-23 11:15:40 - [TEST_STEP][PASSED] - waitForElementPresent(findTestObject("Regression BackOffice/CLNK-10235/LastNameSearch"), 50): Object 'Object Repository/Regression BackOffice/CLNK-10235/LastNameSearch' is present&#xD;
&#xD;
2019-09-23 11:15:40 - [MESSAGE][PASSED] - Object 'Object Repository/Regression BackOffice/CLNK-10235/LastNameSearch' is present&#xD;
&#xD;
2019-09-23 11:15:40 - [TEST_STEP][PASSED] - setText(findTestObject("Regression BackOffice/CLNK-10235/LastNameSearch"), G_ClientLastName): Text 'Danielisky' is set on object 'Object Repository/Regression BackOffice/CLNK-10235/LastNameSearch'&#xD;
&#xD;
2019-09-23 11:15:40 - [MESSAGE][PASSED] - Text 'Danielisky' is set on object 'Object Repository/Regression BackOffice/CLNK-10235/LastNameSearch'&#xD;
&#xD;
2019-09-23 11:15:40 - [TEST_STEP][PASSED] - delay(2): Delayed 2 second(s)&#xD;
&#xD;
2019-09-23 11:15:42 - [MESSAGE][PASSED] - Delayed 2 second(s)&#xD;
&#xD;
2019-09-23 11:15:42 - [TEST_STEP][PASSED] - waitForElementPresent(findTestObject("Regression BackOffice/CLINK - 27906/SearchButton"), 50): Object 'Object Repository/Regression BackOffice/CLINK - 27906/SearchButton' is present&#xD;
&#xD;
2019-09-23 11:15:42 - [MESSAGE][PASSED] - Object 'Object Repository/Regression BackOffice/CLINK - 27906/SearchButton' is present&#xD;
&#xD;
2019-09-23 11:15:42 - [TEST_STEP][PASSED] - click(findTestObject("Regression BackOffice/CLINK - 27906/SearchButton"), STOP_ON_FAILURE): Object: 'Object Repository/Regression BackOffice/CLINK - 27906/SearchButton' is clicked on&#xD;
&#xD;
2019-09-23 11:15:43 - [MESSAGE][PASSED] - Object: 'Object Repository/Regression BackOffice/CLINK - 27906/SearchButton' is clicked on&#xD;
&#xD;
2019-09-23 11:15:43 - [TEST_STEP][PASSED] - delay(2): Delayed 2 second(s)&#xD;
&#xD;
2019-09-23 11:15:45 - [MESSAGE][PASSED] - Delayed 2 second(s)&#xD;
&#xD;
2019-09-23 11:15:45 - [TEST_STEP][PASSED] - waitForElementPresent(findTestObject("Regression BackOffice/CLINK - 27906/ClientRollbackLink"), 50): Object 'Object Repository/Regression BackOffice/CLINK - 27906/ClientRollbackLink' is present&#xD;
&#xD;
2019-09-23 11:15:45 - [MESSAGE][PASSED] - Object 'Object Repository/Regression BackOffice/CLINK - 27906/ClientRollbackLink' is present&#xD;
&#xD;
2019-09-23 11:15:45 - [TEST_STEP][PASSED] - rightClick(findTestObject("Regression BackOffice/CLINK - 27906/ClientRollbackLink"), CONTINUE_ON_FAILURE): Object: 'Object Repository/Regression BackOffice/CLINK - 27906/ClientRollbackLink' is right clicked on&#xD;
&#xD;
2019-09-23 11:15:45 - [MESSAGE][PASSED] - Object: 'Object Repository/Regression BackOffice/CLINK - 27906/ClientRollbackLink' is right clicked on&#xD;
&#xD;
2019-09-23 11:15:45 - [TEST_STEP][PASSED] - delay(2): Delayed 2 second(s)&#xD;
&#xD;
2019-09-23 11:15:47 - [MESSAGE][PASSED] - Delayed 2 second(s)&#xD;
&#xD;
2019-09-23 11:15:47 - [TEST_STEP][PASSED] - waitForElementPresent(findTestObject("Regression BackOffice/CLINK-17593/View POC  RPOC"), 100): Object 'Object Repository/Regression BackOffice/CLINK-17593/View POC  RPOC' is present&#xD;
&#xD;
2019-09-23 11:15:47 - [MESSAGE][PASSED] - Object 'Object Repository/Regression BackOffice/CLINK-17593/View POC  RPOC' is present&#xD;
&#xD;
2019-09-23 11:15:47 - [TEST_STEP][PASSED] - click(findTestObject("Regression BackOffice/CLINK-17593/View POC  RPOC")): Object: 'Object Repository/Regression BackOffice/CLINK-17593/View POC  RPOC' is clicked on&#xD;
&#xD;
2019-09-23 11:15:51 - [MESSAGE][PASSED] - Object: 'Object Repository/Regression BackOffice/CLINK-17593/View POC  RPOC' is clicked on&#xD;
&#xD;
2019-09-23 11:15:51 - [TEST_STEP][PASSED] - delay(10): Delayed 10 second(s)&#xD;
&#xD;
2019-09-23 11:16:01 - [MESSAGE][PASSED] - Delayed 10 second(s)&#xD;
&#xD;
2019-09-23 11:16:01 - [TEST_STEP][PASSED] - waitForPageLoad(50): Wait for page load successfully&#xD;
&#xD;
2019-09-23 11:16:01 - [MESSAGE][PASSED] - Wait for page load successfully&#xD;
&#xD;
2019-09-23 11:16:01 - [TEST_STEP][PASSED] - switchToFrame(findTestObject("Regression BackOffice/CLNK-23449/FrameMain"), 30): null&#xD;
&#xD;
2019-09-23 11:16:01 - [TEST_STEP][NOT_RUN] - waitForElementPresent(findTestObject("Regression BackOffice/CLINK-17593/StatusColumn"), 100): NOT_RUN: waitForElementPresent(findTestObject("Regression BackOffice/CLINK-17593/StatusColumn"), 100)&#xD;
&#xD;
2019-09-23 11:16:01 - [MESSAGE][NOT_RUN] - NOT_RUN: waitForElementPresent(findTestObject("Regression BackOffice/CLINK-17593/StatusColumn"), 100)&#xD;
&#xD;
2019-09-23 11:16:01 - [TEST_STEP][NOT_RUN] - verifyElementPresent(findTestObject("Regression BackOffice/CLINK-17593/StatusColumn"), 50): NOT_RUN: verifyElementPresent(findTestObject("Regression BackOffice/CLINK-17593/StatusColumn"), 50)&#xD;
&#xD;
2019-09-23 11:16:01 - [MESSAGE][NOT_RUN] - NOT_RUN: verifyElementPresent(findTestObject("Regression BackOffice/CLINK-17593/StatusColumn"), 50)&#xD;
&#xD;
2019-09-23 11:16:01 - [TEST_STEP][NOT_RUN] - delay(2): NOT_RUN: delay(2)&#xD;
&#xD;
2019-09-23 11:16:01 - [MESSAGE][NOT_RUN] - NOT_RUN: delay(2)&#xD;
&#xD;
2019-09-23 11:16:01 - [TEST_STEP][PASSED] - if (verifyElementPresent(findTestObject("Regression BackOffice/CLINK-17593/Status"), 10)): com.kms.katalon.core.webui.exception.WebElementNotFoundException: Web element with id: 'Object Repository/Regression BackOffice/CLINK-17593/Status' located by 'By.xpath: //*[@id="tblPOC"]/tbody/tr[2]/td[7]/img' not found (Root cause: com.kms.katalon.core.exception.StepFailedException: com.kms.katalon.core.webui.exception.WebElementNotFoundException: Web element with id: 'Object Repository/Regression BackOffice/CLINK-17593/Status' located by 'By.xpath: //*[@id="tblPOC"]/tbody/tr[2]/td[7]/img' not found&#xD;
	at com.kms.katalon.core.webui.keyword.internal.WebUIKeywordMain.stepFailed(WebUIKeywordMain.groovy:64)&#xD;
	at com.kms.katalon.core.webui.keyword.builtin.VerifyElementPresentKeyword$_verifyElementPresent_closure1.doCall(VerifyElementPresentKeyword.groovy:85)&#xD;
	at com.kms.katalon.core.webui.keyword.builtin.VerifyElementPresentKeyword$_verifyElementPresent_closure1.call(VerifyElementPresentKeyword.groovy)&#xD;
	at com.kms.katalon.core.webui.keyword.internal.WebUIKeywordMain.runKeyword(WebUIKeywordMain.groovy:20)&#xD;
	at com.kms.katalon.core.webui.keyword.builtin.VerifyElementPresentKeyword.verifyElementPresent(VerifyElementPresentKeyword.groovy:92)&#xD;
	at com.kms.katalon.core.webui.keyword.builtin.VerifyElementPresentKeyword.execute(VerifyElementPresentKeyword.groovy:68)&#xD;
	at com.kms.katalon.core.keyword.internal.KeywordExecutor.executeKeywordForPlatform(KeywordExecutor.groovy:56)&#xD;
	at com.kms.katalon.core.webui.keyword.WebUiBuiltInKeywords.verifyElementPresent(WebUiBuiltInKeywords.groovy:1434)&#xD;
	at com.kms.katalon.core.webui.keyword.WebUiBuiltInKeywords$verifyElementPresent$19.call(Unknown Source)&#xD;
	at CLNK-17593 -7231 Main Application - Clinical Block - View POC and RPOC.run(CLNK-17593 -7231 Main Application - Clinical Block - View POC and RPOC:85)&#xD;
	at com.kms.katalon.core.main.ScriptEngine.run(ScriptEngine.java:194)&#xD;
	at com.kms.katalon.core.main.ScriptEngine.runScriptAsRawText(ScriptEngine.java:119)&#xD;
	at com.kms.katalon.core.main.TestCaseExecutor.runScript(TestCaseExecutor.java:337)&#xD;
	at com.kms.katalon.core.main.TestCaseExecutor.doExecute(TestCaseExecutor.java:328)&#xD;
	at com.kms.katalon.core.main.TestCaseExecutor.processExecutionPhase(TestCaseExecutor.java:307)&#xD;
	at com.kms.katalon.core.main.TestCaseExecutor.accessMainPhase(TestCaseExecutor.java:299)&#xD;
	at com.kms.katalon.core.main.TestCaseExecutor.execute(TestCaseExecutor.java:233)&#xD;
	at com.kms.katalon.core.main.TestSuiteExecutor.accessTestCaseMainPhase(TestSuiteExecutor.java:169)&#xD;
	at com.kms.katalon.core.main.TestSuiteExecutor.accessTestSuiteMainPhase(TestSuiteExecutor.java:142)&#xD;
	at com.kms.katalon.core.main.TestSuiteExecutor.execute(TestSuiteExecutor.java:91)&#xD;
	at com.kms.katalon.core.main.TestCaseMain.startTestSuite(TestCaseMain.java:157)&#xD;
	at com.kms.katalon.core.main.TestCaseMain$startTestSuite$0.call(Unknown Source)&#xD;
	at TempTestSuite1569245946628.run(TempTestSuite1569245946628.groovy:35)&#xD;
)&#xD;
&#xD;
2019-09-23 11:16:11 - [MESSAGE][INFO] - Unable to find the element located by 'By.xpath: //*[@id="tblPOC"]/tbody/tr[2]/td[7]/img'. Please recheck the objects properties to make sure the desired element is located. &#xD;
&#xD;
2019-09-23 11:16:11 - [MESSAGE][WARNING] - com.kms.katalon.core.webui.exception.WebElementNotFoundException: Web element with id: 'Object Repository/Regression BackOffice/CLINK-17593/Status' located by 'By.xpath: //*[@id="tblPOC"]/tbody/tr[2]/td[7]/img' not found (Root cause: com.kms.katalon.core.exception.StepFailedException: com.kms.katalon.core.webui.exception.WebElementNotFoundException: Web element with id: 'Object Repository/Regression BackOffice/CLINK-17593/Status' located by 'By.xpath: //*[@id="tblPOC"]/tbody/tr[2]/td[7]/img' not found&#xD;
	at com.kms.katalon.core.webui.keyword.internal.WebUIKeywordMain.stepFailed(WebUIKeywordMain.groovy:64)&#xD;
	at com.kms.katalon.core.webui.keyword.builtin.VerifyElementPresentKeyword$_verifyElementPresent_closure1.doCall(VerifyElementPresentKeyword.groovy:85)&#xD;
	at com.kms.katalon.core.webui.keyword.builtin.VerifyElementPresentKeyword$_verifyElementPresent_closure1.call(VerifyElementPresentKeyword.groovy)&#xD;
	at com.kms.katalon.core.webui.keyword.internal.WebUIKeywordMain.runKeyword(WebUIKeywordMain.groovy:20)&#xD;
	at com.kms.katalon.core.webui.keyword.builtin.VerifyElementPresentKeyword.verifyElementPresent(VerifyElementPresentKeyword.groovy:92)&#xD;
	at com.kms.katalon.core.webui.keyword.builtin.VerifyElementPresentKeyword.execute(VerifyElementPresentKeyword.groovy:68)&#xD;
	at com.kms.katalon.core.keyword.internal.KeywordExecutor.executeKeywordForPlatform(KeywordExecutor.groovy:56)&#xD;
	at com.kms.katalon.core.webui.keyword.WebUiBuiltInKeywords.verifyElementPresent(WebUiBuiltInKeywords.groovy:1434)&#xD;
	at com.kms.katalon.core.webui.keyword.WebUiBuiltInKeywords$verifyElementPresent$19.call(Unknown Source)&#xD;
	at CLNK-17593 -7231 Main Application - Clinical Block - View POC and RPOC.run(CLNK-17593 -7231 Main Application - Clinical Block - View POC and RPOC:85)&#xD;
	at com.kms.katalon.core.main.ScriptEngine.run(ScriptEngine.java:194)&#xD;
	at com.kms.katalon.core.main.ScriptEngine.runScriptAsRawText(ScriptEngine.java:119)&#xD;
	at com.kms.katalon.core.main.TestCaseExecutor.runScript(TestCaseExecutor.java:337)&#xD;
	at com.kms.katalon.core.main.TestCaseExecutor.doExecute(TestCaseExecutor.java:328)&#xD;
	at com.kms.katalon.core.main.TestCaseExecutor.processExecutionPhase(TestCaseExecutor.java:307)&#xD;
	at com.kms.katalon.core.main.TestCaseExecutor.accessMainPhase(TestCaseExecutor.java:299)&#xD;
	at com.kms.katalon.core.main.TestCaseExecutor.execute(TestCaseExecutor.java:233)&#xD;
	at com.kms.katalon.core.main.TestSuiteExecutor.accessTestCaseMainPhase(TestSuiteExecutor.java:169)&#xD;
	at com.kms.katalon.core.main.TestSuiteExecutor.accessTestSuiteMainPhase(TestSuiteExecutor.java:142)&#xD;
	at com.kms.katalon.core.main.TestSuiteExecutor.execute(TestSuiteExecutor.java:91)&#xD;
	at com.kms.katalon.core.main.TestCaseMain.startTestSuite(TestCaseMain.java:157)&#xD;
	at com.kms.katalon.core.main.TestCaseMain$startTestSuite$0.call(Unknown Source)&#xD;
	at TempTestSuite1569245946628.run(TempTestSuite1569245946628.groovy:35)&#xD;
)&#xD;
[[ATTACHMENT|C:\\Users\\isaac\\Desktop\\Clientes\\ProcuraCanada\\Katalon Studio\\Continulink\\Reports\\20190923_103834\\Regression BackOffice\\Regression BackOffice\\20190923_103906\\1569248171437.png]]&#xD;
&#xD;
2019-09-23 11:16:11 - [TEST_STEP][PASSED] - closeBrowser(): Browser is closed&#xD;
&#xD;
2019-09-23 11:16:12 - [MESSAGE][PASSED] - Browser is closed</system-out>
            <system-err></system-err>
        </testcase>
        <testcase name="Test Cases/Regression BackOffice (All Browsers)/CLNK-28578 - BO - Happy Path - Approving PoC" classname="Test Cases/Regression BackOffice (All Browsers)/CLNK-28578 - BO - Happy Path - Approving PoC" status="PASSED">
            <system-out>2019-09-23 11:16:14 - [TEST_CASE][PASSED] - Test Cases/Regression BackOffice (All Browsers)/CLNK-28578 - BO - Happy Path - Approving PoC: Test Cases/Regression BackOffice (All Browsers)/CLNK-28578 - BO - Happy Path - Approving PoC&#xD;
&#xD;
2019-09-23 11:16:14 - [TEST_STEP][PASSED] - callTestCase(findTestCase("Regression BackOffice (All Browsers)/CLNK-23439 - Clink - Back office Client"), [:], STOP_ON_FAILURE): Call Test Case 'Test Cases/Regression BackOffice (All Browsers)/CLNK-23439 - Clink - Back office Client' successfully&#xD;
&#xD;
2019-09-23 11:16:14 - [TEST_CASE][PASSED] - Test Cases/Regression BackOffice (All Browsers)/CLNK-23439 - Clink - Back office Client: Test Cases/Regression BackOffice (All Browsers)/CLNK-23439 - Clink - Back office Client&#xD;
&#xD;
2019-09-23 11:16:14 - [TEST_STEP][PASSED] - deleteAllCookies(): Delete all cookies successfully&#xD;
&#xD;
2019-09-23 11:16:14 - [MESSAGE][WARNING] - Cannot delete cookies because browser is closed&#xD;
&#xD;
2019-09-23 11:16:14 - [MESSAGE][PASSED] - Delete all cookies successfully&#xD;
&#xD;
2019-09-23 11:16:14 - [TEST_STEP][PASSED] - openBrowser(G_SiteBackOffice): Browser is opened with url: 'https://qanewpoc.continulink.com:8443/Backoffice/'&#xD;
&#xD;
2019-09-23 11:16:14 - [MESSAGE][INFO] - Starting 'Chrome' driver&#xD;
&#xD;
2019-09-23 11:16:22 - [MESSAGE][PASSED] - Browser is opened with url: 'https://qanewpoc.continulink.com:8443/Backoffice/'&#xD;
&#xD;
2019-09-23 11:16:22 - [TEST_STEP][PASSED] - waitForPageLoad(60): Wait for page load successfully&#xD;
&#xD;
2019-09-23 11:16:22 - [MESSAGE][PASSED] - Wait for page load successfully&#xD;
&#xD;
2019-09-23 11:16:22 - [TEST_STEP][PASSED] - maximizeWindow(): Current window maximized&#xD;
&#xD;
2019-09-23 11:16:27 - [MESSAGE][PASSED] - Current window maximized&#xD;
&#xD;
2019-09-23 11:16:27 - [TEST_STEP][PASSED] - setText(findTestObject("Regression BackOffice/Login/UserBackOffice"), G_UserBackOffice): Text 'automation_admin' is set on object 'Object Repository/Regression BackOffice/Login/UserBackOffice'&#xD;
&#xD;
2019-09-23 11:16:27 - [MESSAGE][PASSED] - Text 'automation_admin' is set on object 'Object Repository/Regression BackOffice/Login/UserBackOffice'&#xD;
&#xD;
2019-09-23 11:16:27 - [TEST_STEP][PASSED] - setText(findTestObject("Regression BackOffice/Login/PasswordBackOffice"), G_PasswordBackOffice): Text 'qwerty' is set on object 'Object Repository/Regression BackOffice/Login/PasswordBackOffice'&#xD;
&#xD;
2019-09-23 11:16:27 - [MESSAGE][PASSED] - Text 'qwerty' is set on object 'Object Repository/Regression BackOffice/Login/PasswordBackOffice'&#xD;
&#xD;
2019-09-23 11:16:27 - [TEST_STEP][PASSED] - click(findTestObject("Regression BackOffice/Login/LoginBackOffice")): Object: 'Object Repository/Regression BackOffice/Login/LoginBackOffice' is clicked on&#xD;
&#xD;
2019-09-23 11:16:32 - [MESSAGE][PASSED] - Object: 'Object Repository/Regression BackOffice/Login/LoginBackOffice' is clicked on&#xD;
&#xD;
2019-09-23 11:16:32 - [TEST_STEP][PASSED] - waitForPageLoad(60): Wait for page load successfully&#xD;
&#xD;
2019-09-23 11:16:32 - [MESSAGE][PASSED] - Wait for page load successfully&#xD;
&#xD;
2019-09-23 11:16:32 - [TEST_STEP][PASSED] - delay(2): Delayed 2 second(s)&#xD;
&#xD;
2019-09-23 11:16:34 - [MESSAGE][PASSED] - Delayed 2 second(s)&#xD;
&#xD;
2019-09-23 11:16:34 - [TEST_STEP][PASSED] - switchToFrame(findTestObject("Regression BackOffice/CLINK-Frames/FrameFrameLeft"), 5, STOP_ON_FAILURE): null&#xD;
&#xD;
2019-09-23 11:16:34 - [TEST_STEP][PASSED] - delay(2): Delayed 2 second(s)&#xD;
&#xD;
2019-09-23 11:16:36 - [MESSAGE][PASSED] - Delayed 2 second(s)&#xD;
&#xD;
2019-09-23 11:16:36 - [TEST_STEP][PASSED] - waitForElementPresent(findTestObject("Regression BackOffice/CLINK-Frames/ClientIntake"), 50): Object 'Object Repository/Regression BackOffice/CLINK-Frames/ClientIntake' is present&#xD;
&#xD;
2019-09-23 11:16:36 - [MESSAGE][PASSED] - Object 'Object Repository/Regression BackOffice/CLINK-Frames/ClientIntake' is present&#xD;
&#xD;
2019-09-23 11:16:36 - [TEST_STEP][PASSED] - verifyElementPresent(findTestObject("Regression BackOffice/CLINK-Frames/ClientIntake"), 100, STOP_ON_FAILURE): Object 'Object Repository/Regression BackOffice/CLINK-Frames/ClientIntake' is present&#xD;
&#xD;
2019-09-23 11:16:36 - [MESSAGE][PASSED] - Object 'Object Repository/Regression BackOffice/CLINK-Frames/ClientIntake' is present&#xD;
&#xD;
2019-09-23 11:16:36 - [TEST_STEP][PASSED] - switchToDefaultContent(): null&#xD;
&#xD;
2019-09-23 11:16:36 - [MESSAGE][PASSED] - Call Test Case 'Test Cases/Regression BackOffice (All Browsers)/CLNK-23439 - Clink - Back office Client' successfully&#xD;
&#xD;
2019-09-23 11:16:36 - [TEST_STEP][PASSED] - waitForPageLoad(60): Wait for page load successfully&#xD;
&#xD;
2019-09-23 11:16:36 - [MESSAGE][PASSED] - Wait for page load successfully&#xD;
&#xD;
2019-09-23 11:16:36 - [TEST_STEP][PASSED] - delay(3): Delayed 3 second(s)&#xD;
&#xD;
2019-09-23 11:16:39 - [MESSAGE][PASSED] - Delayed 3 second(s)&#xD;
&#xD;
2019-09-23 11:16:39 - [TEST_STEP][PASSED] - switchToFrame(findTestObject("Regression BackOffice/CLNK-23449/FrameLeft"), 30): null&#xD;
&#xD;
2019-09-23 11:16:39 - [TEST_STEP][PASSED] - waitForElementPresent(findTestObject("Regression BackOffice/CLINK-28578/ClinicalLink"), 100): Object 'Object Repository/Regression BackOffice/CLINK-28578/ClinicalLink' is present&#xD;
&#xD;
2019-09-23 11:16:39 - [MESSAGE][PASSED] - Object 'Object Repository/Regression BackOffice/CLINK-28578/ClinicalLink' is present&#xD;
&#xD;
2019-09-23 11:16:39 - [TEST_STEP][PASSED] - click(findTestObject("Regression BackOffice/CLINK-28578/ClinicalLink")): Object: 'Object Repository/Regression BackOffice/CLINK-28578/ClinicalLink' is clicked on&#xD;
&#xD;
2019-09-23 11:16:39 - [MESSAGE][PASSED] - Object: 'Object Repository/Regression BackOffice/CLINK-28578/ClinicalLink' is clicked on&#xD;
&#xD;
2019-09-23 11:16:39 - [TEST_STEP][PASSED] - delay(2): Delayed 2 second(s)&#xD;
&#xD;
2019-09-23 11:16:41 - [MESSAGE][PASSED] - Delayed 2 second(s)&#xD;
&#xD;
2019-09-23 11:16:41 - [TEST_STEP][PASSED] - waitForElementPresent(findTestObject("Regression BackOffice/CLINK-28578/Notes QA"), 50): Object 'Object Repository/Regression BackOffice/CLINK-28578/Notes QA' is present&#xD;
&#xD;
2019-09-23 11:16:41 - [MESSAGE][PASSED] - Object 'Object Repository/Regression BackOffice/CLINK-28578/Notes QA' is present&#xD;
&#xD;
2019-09-23 11:16:41 - [TEST_STEP][PASSED] - click(findTestObject("Regression BackOffice/CLINK-28578/Notes QA")): Object: 'Object Repository/Regression BackOffice/CLINK-28578/Notes QA' is clicked on&#xD;
&#xD;
2019-09-23 11:16:44 - [MESSAGE][PASSED] - Object: 'Object Repository/Regression BackOffice/CLINK-28578/Notes QA' is clicked on&#xD;
&#xD;
2019-09-23 11:16:44 - [TEST_STEP][PASSED] - delay(2): Delayed 2 second(s)&#xD;
&#xD;
2019-09-23 11:16:46 - [MESSAGE][PASSED] - Delayed 2 second(s)&#xD;
&#xD;
2019-09-23 11:16:46 - [TEST_STEP][PASSED] - switchToDefaultContent(): null&#xD;
&#xD;
2019-09-23 11:16:46 - [TEST_STEP][PASSED] - switchToFrame(findTestObject("Regression BackOffice/CLNK-23449/FrameMain"), 30): null&#xD;
&#xD;
2019-09-23 11:16:46 - [TEST_STEP][PASSED] - waitForElementPresent(findTestObject("Regression BackOffice/CLINK-28578/input_Client_txtClient"), 50): Object 'Object Repository/Regression BackOffice/CLINK-28578/input_Client_txtClient' is present&#xD;
&#xD;
2019-09-23 11:16:46 - [MESSAGE][PASSED] - Object 'Object Repository/Regression BackOffice/CLINK-28578/input_Client_txtClient' is present&#xD;
&#xD;
2019-09-23 11:16:46 - [TEST_STEP][PASSED] - setText(findTestObject("Regression BackOffice/CLINK-28578/input_Client_txtClient"), G_ClientLastName): Text 'Danielisky' is set on object 'Object Repository/Regression BackOffice/CLINK-28578/input_Client_txtClient'&#xD;
&#xD;
2019-09-23 11:16:46 - [MESSAGE][PASSED] - Text 'Danielisky' is set on object 'Object Repository/Regression BackOffice/CLINK-28578/input_Client_txtClient'&#xD;
&#xD;
2019-09-23 11:16:46 - [TEST_STEP][PASSED] - focus(findTestObject("Regression BackOffice/CLINK-28578/input_Client_txtClient")): Object: 'Object Repository/Regression BackOffice/CLINK-28578/input_Client_txtClient' is focused&#xD;
&#xD;
2019-09-23 11:16:46 - [MESSAGE][PASSED] - Object: 'Object Repository/Regression BackOffice/CLINK-28578/input_Client_txtClient' is focused&#xD;
&#xD;
2019-09-23 11:16:46 - [TEST_STEP][PASSED] - delay(2): Delayed 2 second(s)&#xD;
&#xD;
2019-09-23 11:16:48 - [MESSAGE][PASSED] - Delayed 2 second(s)&#xD;
&#xD;
2019-09-23 11:16:48 - [TEST_STEP][PASSED] - sendKeys(findTestObject("Regression BackOffice/CLINK-28578/input_Client_txtClient"), Keys.chord(ARROW_DOWN, ENTER)): Keys 'DOWN + ENTER + ' sent to object: 'Object Repository/Regression BackOffice/CLINK-28578/input_Client_txtClient'&#xD;
&#xD;
2019-09-23 11:16:48 - [MESSAGE][PASSED] - Keys 'DOWN + ENTER + ' sent to object: 'Object Repository/Regression BackOffice/CLINK-28578/input_Client_txtClient'&#xD;
&#xD;
2019-09-23 11:16:48 - [TEST_STEP][PASSED] - delay(5): Delayed 5 second(s)&#xD;
&#xD;
2019-09-23 11:16:53 - [MESSAGE][PASSED] - Delayed 5 second(s)&#xD;
&#xD;
2019-09-23 11:16:53 - [TEST_STEP][PASSED] - waitForElementPresent(findTestObject("Regression BackOffice/CLINK-28578/btnSearch"), 50): Object 'Object Repository/Regression BackOffice/CLINK-28578/btnSearch' is present&#xD;
&#xD;
2019-09-23 11:16:54 - [MESSAGE][PASSED] - Object 'Object Repository/Regression BackOffice/CLINK-28578/btnSearch' is present&#xD;
&#xD;
2019-09-23 11:16:54 - [TEST_STEP][PASSED] - click(findTestObject("Regression BackOffice/CLINK-28578/btnSearch"), STOP_ON_FAILURE): Object: 'Object Repository/Regression BackOffice/CLINK-28578/btnSearch' is clicked on&#xD;
&#xD;
2019-09-23 11:16:54 - [MESSAGE][PASSED] - Object: 'Object Repository/Regression BackOffice/CLINK-28578/btnSearch' is clicked on&#xD;
&#xD;
2019-09-23 11:16:54 - [TEST_STEP][PASSED] - delay(5): Delayed 5 second(s)&#xD;
&#xD;
2019-09-23 11:16:59 - [MESSAGE][PASSED] - Delayed 5 second(s)&#xD;
&#xD;
2019-09-23 11:16:59 - [TEST_STEP][PASSED] - if (verifyElementPresent(findTestObject("Regression BackOffice/CLINK-28578/DocumentLink"), 10)): com.kms.katalon.core.webui.exception.WebElementNotFoundException: Web element with id: 'Object Repository/Regression BackOffice/CLINK-28578/DocumentLink' located by 'By.xpath: //div[@id='notesQAResults']/div[2]/div/div[2]/div/div[2]/div/div/div[4]/div/div/div/span[2]' not found (Root cause: com.kms.katalon.core.exception.StepFailedException: com.kms.katalon.core.webui.exception.WebElementNotFoundException: Web element with id: 'Object Repository/Regression BackOffice/CLINK-28578/DocumentLink' located by 'By.xpath: //div[@id='notesQAResults']/div[2]/div/div[2]/div/div[2]/div/div/div[4]/div/div/div/span[2]' not found&#xD;
	at com.kms.katalon.core.webui.keyword.internal.WebUIKeywordMain.stepFailed(WebUIKeywordMain.groovy:64)&#xD;
	at com.kms.katalon.core.webui.keyword.builtin.VerifyElementPresentKeyword$_verifyElementPresent_closure1.doCall(VerifyElementPresentKeyword.groovy:85)&#xD;
	at com.kms.katalon.core.webui.keyword.builtin.VerifyElementPresentKeyword$_verifyElementPresent_closure1.call(VerifyElementPresentKeyword.groovy)&#xD;
	at com.kms.katalon.core.webui.keyword.internal.WebUIKeywordMain.runKeyword(WebUIKeywordMain.groovy:20)&#xD;
	at com.kms.katalon.core.webui.keyword.builtin.VerifyElementPresentKeyword.verifyElementPresent(VerifyElementPresentKeyword.groovy:92)&#xD;
	at com.kms.katalon.core.webui.keyword.builtin.VerifyElementPresentKeyword.execute(VerifyElementPresentKeyword.groovy:68)&#xD;
	at com.kms.katalon.core.keyword.internal.KeywordExecutor.executeKeywordForPlatform(KeywordExecutor.groovy:56)&#xD;
	at com.kms.katalon.core.webui.keyword.WebUiBuiltInKeywords.verifyElementPresent(WebUiBuiltInKeywords.groovy:1434)&#xD;
	at com.kms.katalon.core.webui.keyword.WebUiBuiltInKeywords$verifyElementPresent$19.call(Unknown Source)&#xD;
	at CLNK-28578 - BO - Happy Path - Approving PoC.run(CLNK-28578 - BO - Happy Path - Approving PoC:59)&#xD;
	at com.kms.katalon.core.main.ScriptEngine.run(ScriptEngine.java:194)&#xD;
	at com.kms.katalon.core.main.ScriptEngine.runScriptAsRawText(ScriptEngine.java:119)&#xD;
	at com.kms.katalon.core.main.TestCaseExecutor.runScript(TestCaseExecutor.java:337)&#xD;
	at com.kms.katalon.core.main.TestCaseExecutor.doExecute(TestCaseExecutor.java:328)&#xD;
	at com.kms.katalon.core.main.TestCaseExecutor.processExecutionPhase(TestCaseExecutor.java:307)&#xD;
	at com.kms.katalon.core.main.TestCaseExecutor.accessMainPhase(TestCaseExecutor.java:299)&#xD;
	at com.kms.katalon.core.main.TestCaseExecutor.execute(TestCaseExecutor.java:233)&#xD;
	at com.kms.katalon.core.main.TestSuiteExecutor.accessTestCaseMainPhase(TestSuiteExecutor.java:169)&#xD;
	at com.kms.katalon.core.main.TestSuiteExecutor.accessTestSuiteMainPhase(TestSuiteExecutor.java:142)&#xD;
	at com.kms.katalon.core.main.TestSuiteExecutor.execute(TestSuiteExecutor.java:91)&#xD;
	at com.kms.katalon.core.main.TestCaseMain.startTestSuite(TestCaseMain.java:157)&#xD;
	at com.kms.katalon.core.main.TestCaseMain$startTestSuite$0.call(Unknown Source)&#xD;
	at TempTestSuite1569245946628.run(TempTestSuite1569245946628.groovy:35)&#xD;
)&#xD;
&#xD;
2019-09-23 11:17:09 - [MESSAGE][INFO] - Unable to find the element located by 'By.xpath: //div[@id='notesQAResults']/div[2]/div/div[2]/div/div[2]/div/div/div[4]/div/div/div/span[2]'. Please recheck the objects properties to make sure the desired element is located. &#xD;
&#xD;
2019-09-23 11:17:09 - [MESSAGE][WARNING] - com.kms.katalon.core.webui.exception.WebElementNotFoundException: Web element with id: 'Object Repository/Regression BackOffice/CLINK-28578/DocumentLink' located by 'By.xpath: //div[@id='notesQAResults']/div[2]/div/div[2]/div/div[2]/div/div/div[4]/div/div/div/span[2]' not found (Root cause: com.kms.katalon.core.exception.StepFailedException: com.kms.katalon.core.webui.exception.WebElementNotFoundException: Web element with id: 'Object Repository/Regression BackOffice/CLINK-28578/DocumentLink' located by 'By.xpath: //div[@id='notesQAResults']/div[2]/div/div[2]/div/div[2]/div/div/div[4]/div/div/div/span[2]' not found&#xD;
	at com.kms.katalon.core.webui.keyword.internal.WebUIKeywordMain.stepFailed(WebUIKeywordMain.groovy:64)&#xD;
	at com.kms.katalon.core.webui.keyword.builtin.VerifyElementPresentKeyword$_verifyElementPresent_closure1.doCall(VerifyElementPresentKeyword.groovy:85)&#xD;
	at com.kms.katalon.core.webui.keyword.builtin.VerifyElementPresentKeyword$_verifyElementPresent_closure1.call(VerifyElementPresentKeyword.groovy)&#xD;
	at com.kms.katalon.core.webui.keyword.internal.WebUIKeywordMain.runKeyword(WebUIKeywordMain.groovy:20)&#xD;
	at com.kms.katalon.core.webui.keyword.builtin.VerifyElementPresentKeyword.verifyElementPresent(VerifyElementPresentKeyword.groovy:92)&#xD;
	at com.kms.katalon.core.webui.keyword.builtin.VerifyElementPresentKeyword.execute(VerifyElementPresentKeyword.groovy:68)&#xD;
	at com.kms.katalon.core.keyword.internal.KeywordExecutor.executeKeywordForPlatform(KeywordExecutor.groovy:56)&#xD;
	at com.kms.katalon.core.webui.keyword.WebUiBuiltInKeywords.verifyElementPresent(WebUiBuiltInKeywords.groovy:1434)&#xD;
	at com.kms.katalon.core.webui.keyword.WebUiBuiltInKeywords$verifyElementPresent$19.call(Unknown Source)&#xD;
	at CLNK-28578 - BO - Happy Path - Approving PoC.run(CLNK-28578 - BO - Happy Path - Approving PoC:59)&#xD;
	at com.kms.katalon.core.main.ScriptEngine.run(ScriptEngine.java:194)&#xD;
	at com.kms.katalon.core.main.ScriptEngine.runScriptAsRawText(ScriptEngine.java:119)&#xD;
	at com.kms.katalon.core.main.TestCaseExecutor.runScript(TestCaseExecutor.java:337)&#xD;
	at com.kms.katalon.core.main.TestCaseExecutor.doExecute(TestCaseExecutor.java:328)&#xD;
	at com.kms.katalon.core.main.TestCaseExecutor.processExecutionPhase(TestCaseExecutor.java:307)&#xD;
	at com.kms.katalon.core.main.TestCaseExecutor.accessMainPhase(TestCaseExecutor.java:299)&#xD;
	at com.kms.katalon.core.main.TestCaseExecutor.execute(TestCaseExecutor.java:233)&#xD;
	at com.kms.katalon.core.main.TestSuiteExecutor.accessTestCaseMainPhase(TestSuiteExecutor.java:169)&#xD;
	at com.kms.katalon.core.main.TestSuiteExecutor.accessTestSuiteMainPhase(TestSuiteExecutor.java:142)&#xD;
	at com.kms.katalon.core.main.TestSuiteExecutor.execute(TestSuiteExecutor.java:91)&#xD;
	at com.kms.katalon.core.main.TestCaseMain.startTestSuite(TestCaseMain.java:157)&#xD;
	at com.kms.katalon.core.main.TestCaseMain$startTestSuite$0.call(Unknown Source)&#xD;
	at TempTestSuite1569245946628.run(TempTestSuite1569245946628.groovy:35)&#xD;
)&#xD;
[[ATTACHMENT|C:\\Users\\isaac\\Desktop\\Clientes\\ProcuraCanada\\Katalon Studio\\Continulink\\Reports\\20190923_103834\\Regression BackOffice\\Regression BackOffice\\20190923_103906\\1569248229467.png]]&#xD;
&#xD;
2019-09-23 11:17:09 - [TEST_STEP][PASSED] - closeBrowser(): Browser is closed&#xD;
&#xD;
2019-09-23 11:17:10 - [MESSAGE][PASSED] - Browser is closed</system-out>
            <system-err></system-err>
        </testcase>
        <testcase name="Test Cases/Regression BackOffice (All Browsers)/CLNK-23448 - Back office Setup Caregiver Remote Login" classname="Test Cases/Regression BackOffice (All Browsers)/CLNK-23448 - Back office Setup Caregiver Remote Login" status="PASSED">
            <system-out>2019-09-23 11:17:12 - [TEST_CASE][PASSED] - Test Cases/Regression BackOffice (All Browsers)/CLNK-23448 - Back office Setup Caregiver Remote Login: Test Cases/Regression BackOffice (All Browsers)/CLNK-23448 - Back office Setup Caregiver Remote Login&#xD;
&#xD;
2019-09-23 11:17:12 - [TEST_STEP][PASSED] - callTestCase(findTestCase("Regression BackOffice (All Browsers)/CLNK-23439 - Clink - Back office Client"), [:], STOP_ON_FAILURE): Call Test Case 'Test Cases/Regression BackOffice (All Browsers)/CLNK-23439 - Clink - Back office Client' successfully&#xD;
&#xD;
2019-09-23 11:17:12 - [TEST_CASE][PASSED] - Test Cases/Regression BackOffice (All Browsers)/CLNK-23439 - Clink - Back office Client: Test Cases/Regression BackOffice (All Browsers)/CLNK-23439 - Clink - Back office Client&#xD;
&#xD;
2019-09-23 11:17:12 - [TEST_STEP][PASSED] - deleteAllCookies(): Delete all cookies successfully&#xD;
&#xD;
2019-09-23 11:17:12 - [MESSAGE][WARNING] - Cannot delete cookies because browser is closed&#xD;
&#xD;
2019-09-23 11:17:12 - [MESSAGE][PASSED] - Delete all cookies successfully&#xD;
&#xD;
2019-09-23 11:17:12 - [TEST_STEP][PASSED] - openBrowser(G_SiteBackOffice): Browser is opened with url: 'https://qanewpoc.continulink.com:8443/Backoffice/'&#xD;
&#xD;
2019-09-23 11:17:12 - [MESSAGE][INFO] - Starting 'Chrome' driver&#xD;
&#xD;
2019-09-23 11:17:20 - [MESSAGE][PASSED] - Browser is opened with url: 'https://qanewpoc.continulink.com:8443/Backoffice/'&#xD;
&#xD;
2019-09-23 11:17:20 - [TEST_STEP][PASSED] - waitForPageLoad(60): Wait for page load successfully&#xD;
&#xD;
2019-09-23 11:17:20 - [MESSAGE][PASSED] - Wait for page load successfully&#xD;
&#xD;
2019-09-23 11:17:20 - [TEST_STEP][PASSED] - maximizeWindow(): Current window maximized&#xD;
&#xD;
2019-09-23 11:17:24 - [MESSAGE][PASSED] - Current window maximized&#xD;
&#xD;
2019-09-23 11:17:24 - [TEST_STEP][PASSED] - setText(findTestObject("Regression BackOffice/Login/UserBackOffice"), G_UserBackOffice): Text 'automation_admin' is set on object 'Object Repository/Regression BackOffice/Login/UserBackOffice'&#xD;
&#xD;
2019-09-23 11:17:24 - [MESSAGE][PASSED] - Text 'automation_admin' is set on object 'Object Repository/Regression BackOffice/Login/UserBackOffice'&#xD;
&#xD;
2019-09-23 11:17:24 - [TEST_STEP][PASSED] - setText(findTestObject("Regression BackOffice/Login/PasswordBackOffice"), G_PasswordBackOffice): Text 'qwerty' is set on object 'Object Repository/Regression BackOffice/Login/PasswordBackOffice'&#xD;
&#xD;
2019-09-23 11:17:25 - [MESSAGE][PASSED] - Text 'qwerty' is set on object 'Object Repository/Regression BackOffice/Login/PasswordBackOffice'&#xD;
&#xD;
2019-09-23 11:17:25 - [TEST_STEP][PASSED] - click(findTestObject("Regression BackOffice/Login/LoginBackOffice")): Object: 'Object Repository/Regression BackOffice/Login/LoginBackOffice' is clicked on&#xD;
&#xD;
2019-09-23 11:17:29 - [MESSAGE][PASSED] - Object: 'Object Repository/Regression BackOffice/Login/LoginBackOffice' is clicked on&#xD;
&#xD;
2019-09-23 11:17:29 - [TEST_STEP][PASSED] - waitForPageLoad(60): Wait for page load successfully&#xD;
&#xD;
2019-09-23 11:17:29 - [MESSAGE][PASSED] - Wait for page load successfully&#xD;
&#xD;
2019-09-23 11:17:29 - [TEST_STEP][PASSED] - delay(2): Delayed 2 second(s)&#xD;
&#xD;
2019-09-23 11:17:31 - [MESSAGE][PASSED] - Delayed 2 second(s)&#xD;
&#xD;
2019-09-23 11:17:31 - [TEST_STEP][PASSED] - switchToFrame(findTestObject("Regression BackOffice/CLINK-Frames/FrameFrameLeft"), 5, STOP_ON_FAILURE): null&#xD;
&#xD;
2019-09-23 11:17:31 - [TEST_STEP][PASSED] - delay(2): Delayed 2 second(s)&#xD;
&#xD;
2019-09-23 11:17:33 - [MESSAGE][PASSED] - Delayed 2 second(s)&#xD;
&#xD;
2019-09-23 11:17:33 - [TEST_STEP][PASSED] - waitForElementPresent(findTestObject("Regression BackOffice/CLINK-Frames/ClientIntake"), 50): Object 'Object Repository/Regression BackOffice/CLINK-Frames/ClientIntake' is present&#xD;
&#xD;
2019-09-23 11:17:33 - [MESSAGE][PASSED] - Object 'Object Repository/Regression BackOffice/CLINK-Frames/ClientIntake' is present&#xD;
&#xD;
2019-09-23 11:17:33 - [TEST_STEP][PASSED] - verifyElementPresent(findTestObject("Regression BackOffice/CLINK-Frames/ClientIntake"), 100, STOP_ON_FAILURE): Object 'Object Repository/Regression BackOffice/CLINK-Frames/ClientIntake' is present&#xD;
&#xD;
2019-09-23 11:17:34 - [MESSAGE][PASSED] - Object 'Object Repository/Regression BackOffice/CLINK-Frames/ClientIntake' is present&#xD;
&#xD;
2019-09-23 11:17:34 - [TEST_STEP][PASSED] - switchToDefaultContent(): null&#xD;
&#xD;
2019-09-23 11:17:34 - [MESSAGE][PASSED] - Call Test Case 'Test Cases/Regression BackOffice (All Browsers)/CLNK-23439 - Clink - Back office Client' successfully&#xD;
&#xD;
2019-09-23 11:17:34 - [TEST_STEP][PASSED] - waitForPageLoad(60): Wait for page load successfully&#xD;
&#xD;
2019-09-23 11:17:34 - [MESSAGE][PASSED] - Wait for page load successfully&#xD;
&#xD;
2019-09-23 11:17:34 - [TEST_STEP][PASSED] - delay(3): Delayed 3 second(s)&#xD;
&#xD;
2019-09-23 11:17:37 - [MESSAGE][PASSED] - Delayed 3 second(s)&#xD;
&#xD;
2019-09-23 11:17:37 - [TEST_STEP][PASSED] - switchToFrame(findTestObject("Regression BackOffice/CLNK-23449/FrameLeft"), 30): null&#xD;
&#xD;
2019-09-23 11:17:37 - [TEST_STEP][PASSED] - waitForElementPresent(findTestObject("Regression BackOffice/CLNK-23441/Caregiver  HRLink"), 100): Object 'Object Repository/Regression BackOffice/CLNK-23441/Caregiver  HRLink' is present&#xD;
&#xD;
2019-09-23 11:17:37 - [MESSAGE][PASSED] - Object 'Object Repository/Regression BackOffice/CLNK-23441/Caregiver  HRLink' is present&#xD;
&#xD;
2019-09-23 11:17:37 - [TEST_STEP][PASSED] - click(findTestObject("Regression BackOffice/CLNK-23441/Caregiver  HRLink")): Object: 'Object Repository/Regression BackOffice/CLNK-23441/Caregiver  HRLink' is clicked on&#xD;
&#xD;
2019-09-23 11:17:37 - [MESSAGE][PASSED] - Object: 'Object Repository/Regression BackOffice/CLNK-23441/Caregiver  HRLink' is clicked on&#xD;
&#xD;
2019-09-23 11:17:37 - [TEST_STEP][PASSED] - delay(2): Delayed 2 second(s)&#xD;
&#xD;
2019-09-23 11:17:39 - [MESSAGE][PASSED] - Delayed 2 second(s)&#xD;
&#xD;
2019-09-23 11:17:39 - [TEST_STEP][PASSED] - waitForPageLoad(50): Wait for page load successfully&#xD;
&#xD;
2019-09-23 11:17:39 - [MESSAGE][PASSED] - Wait for page load successfully&#xD;
&#xD;
2019-09-23 11:17:39 - [TEST_STEP][PASSED] - waitForElementPresent(findTestObject("Regression BackOffice/CLINK-23448/Setup Caregiver Remote Login"), 50): Object 'Object Repository/Regression BackOffice/CLINK-23448/Setup Caregiver Remote Login' is present&#xD;
&#xD;
2019-09-23 11:17:39 - [MESSAGE][PASSED] - Object 'Object Repository/Regression BackOffice/CLINK-23448/Setup Caregiver Remote Login' is present&#xD;
&#xD;
2019-09-23 11:17:39 - [TEST_STEP][PASSED] - click(findTestObject("Regression BackOffice/CLINK-23448/Setup Caregiver Remote Login")): Object: 'Object Repository/Regression BackOffice/CLINK-23448/Setup Caregiver Remote Login' is clicked on&#xD;
&#xD;
2019-09-23 11:17:41 - [MESSAGE][PASSED] - Object: 'Object Repository/Regression BackOffice/CLINK-23448/Setup Caregiver Remote Login' is clicked on&#xD;
&#xD;
2019-09-23 11:17:41 - [TEST_STEP][PASSED] - waitForPageLoad(60): Wait for page load successfully&#xD;
&#xD;
2019-09-23 11:17:41 - [MESSAGE][PASSED] - Wait for page load successfully&#xD;
&#xD;
2019-09-23 11:17:41 - [TEST_STEP][PASSED] - switchToDefaultContent(): null&#xD;
&#xD;
2019-09-23 11:17:41 - [TEST_STEP][PASSED] - switchToFrame(findTestObject("Regression BackOffice/CLNK-23449/FrameMain"), 30): null&#xD;
&#xD;
2019-09-23 11:17:41 - [TEST_STEP][PASSED] - waitForElementPresent(findTestObject("Regression BackOffice/CLINK-23448/Caregiver Name II"), 50): Object 'Object Repository/Regression BackOffice/CLINK-23448/Caregiver Name II' is present&#xD;
&#xD;
2019-09-23 11:17:41 - [MESSAGE][PASSED] - Object 'Object Repository/Regression BackOffice/CLINK-23448/Caregiver Name II' is present&#xD;
&#xD;
2019-09-23 11:17:41 - [TEST_STEP][PASSED] - setText(findTestObject("Regression BackOffice/CLINK-23448/Caregiver Name II"), G_CareGiverLastName): Text 'Ochentilla' is set on object 'Object Repository/Regression BackOffice/CLINK-23448/Caregiver Name II'&#xD;
&#xD;
2019-09-23 11:17:41 - [MESSAGE][PASSED] - Text 'Ochentilla' is set on object 'Object Repository/Regression BackOffice/CLINK-23448/Caregiver Name II'&#xD;
&#xD;
2019-09-23 11:17:41 - [TEST_STEP][PASSED] - delay(2): Delayed 2 second(s)&#xD;
&#xD;
2019-09-23 11:17:43 - [MESSAGE][PASSED] - Delayed 2 second(s)&#xD;
&#xD;
2019-09-23 11:17:43 - [TEST_STEP][PASSED] - if (verifyElementNotVisible(findTestObject("Regression BackOffice/CLINK-23448/DivNoMatch"))): Object 'Object Repository/Regression BackOffice/CLINK-23448/DivNoMatch' is visible (Root cause: com.kms.katalon.core.exception.StepFailedException: Object 'Object Repository/Regression BackOffice/CLINK-23448/DivNoMatch' is visible&#xD;
	at com.kms.katalon.core.webui.keyword.internal.WebUIKeywordMain.stepFailed(WebUIKeywordMain.groovy:64)&#xD;
	at com.kms.katalon.core.webui.keyword.builtin.VerifyElementNotVisibleKeyword$_verifyElementNotVisible_closure1.doCall(VerifyElementNotVisibleKeyword.groovy:83)&#xD;
	at com.kms.katalon.core.webui.keyword.builtin.VerifyElementNotVisibleKeyword$_verifyElementNotVisible_closure1.call(VerifyElementNotVisibleKeyword.groovy)&#xD;
	at com.kms.katalon.core.webui.keyword.internal.WebUIKeywordMain.runKeyword(WebUIKeywordMain.groovy:20)&#xD;
	at com.kms.katalon.core.webui.keyword.builtin.VerifyElementNotVisibleKeyword.verifyElementNotVisible(VerifyElementNotVisibleKeyword.groovy:97)&#xD;
	at com.kms.katalon.core.webui.keyword.builtin.VerifyElementNotVisibleKeyword.execute(VerifyElementNotVisibleKeyword.groovy:67)&#xD;
	at com.kms.katalon.core.keyword.internal.KeywordExecutor.executeKeywordForPlatform(KeywordExecutor.groovy:56)&#xD;
	at com.kms.katalon.core.webui.keyword.WebUiBuiltInKeywords.verifyElementNotVisible(WebUiBuiltInKeywords.groovy:401)&#xD;
	at com.kms.katalon.core.webui.keyword.WebUiBuiltInKeywords$verifyElementNotVisible$25.call(Unknown Source)&#xD;
	at CLNK-23448 - Back office Setup Caregiver Remote Login.run(CLNK-23448 - Back office Setup Caregiver Remote Login:49)&#xD;
	at com.kms.katalon.core.main.ScriptEngine.run(ScriptEngine.java:194)&#xD;
	at com.kms.katalon.core.main.ScriptEngine.runScriptAsRawText(ScriptEngine.java:119)&#xD;
	at com.kms.katalon.core.main.TestCaseExecutor.runScript(TestCaseExecutor.java:337)&#xD;
	at com.kms.katalon.core.main.TestCaseExecutor.doExecute(TestCaseExecutor.java:328)&#xD;
	at com.kms.katalon.core.main.TestCaseExecutor.processExecutionPhase(TestCaseExecutor.java:307)&#xD;
	at com.kms.katalon.core.main.TestCaseExecutor.accessMainPhase(TestCaseExecutor.java:299)&#xD;
	at com.kms.katalon.core.main.TestCaseExecutor.execute(TestCaseExecutor.java:233)&#xD;
	at com.kms.katalon.core.main.TestSuiteExecutor.accessTestCaseMainPhase(TestSuiteExecutor.java:169)&#xD;
	at com.kms.katalon.core.main.TestSuiteExecutor.accessTestSuiteMainPhase(TestSuiteExecutor.java:142)&#xD;
	at com.kms.katalon.core.main.TestSuiteExecutor.execute(TestSuiteExecutor.java:91)&#xD;
	at com.kms.katalon.core.main.TestCaseMain.startTestSuite(TestCaseMain.java:157)&#xD;
	at com.kms.katalon.core.main.TestCaseMain$startTestSuite$0.call(Unknown Source)&#xD;
	at TempTestSuite1569245946628.run(TempTestSuite1569245946628.groovy:35)&#xD;
)&#xD;
&#xD;
2019-09-23 11:17:43 - [MESSAGE][WARNING] - Object 'Object Repository/Regression BackOffice/CLINK-23448/DivNoMatch' is visible (Root cause: com.kms.katalon.core.exception.StepFailedException: Object 'Object Repository/Regression BackOffice/CLINK-23448/DivNoMatch' is visible&#xD;
	at com.kms.katalon.core.webui.keyword.internal.WebUIKeywordMain.stepFailed(WebUIKeywordMain.groovy:64)&#xD;
	at com.kms.katalon.core.webui.keyword.builtin.VerifyElementNotVisibleKeyword$_verifyElementNotVisible_closure1.doCall(VerifyElementNotVisibleKeyword.groovy:83)&#xD;
	at com.kms.katalon.core.webui.keyword.builtin.VerifyElementNotVisibleKeyword$_verifyElementNotVisible_closure1.call(VerifyElementNotVisibleKeyword.groovy)&#xD;
	at com.kms.katalon.core.webui.keyword.internal.WebUIKeywordMain.runKeyword(WebUIKeywordMain.groovy:20)&#xD;
	at com.kms.katalon.core.webui.keyword.builtin.VerifyElementNotVisibleKeyword.verifyElementNotVisible(VerifyElementNotVisibleKeyword.groovy:97)&#xD;
	at com.kms.katalon.core.webui.keyword.builtin.VerifyElementNotVisibleKeyword.execute(VerifyElementNotVisibleKeyword.groovy:67)&#xD;
	at com.kms.katalon.core.keyword.internal.KeywordExecutor.executeKeywordForPlatform(KeywordExecutor.groovy:56)&#xD;
	at com.kms.katalon.core.webui.keyword.WebUiBuiltInKeywords.verifyElementNotVisible(WebUiBuiltInKeywords.groovy:401)&#xD;
	at com.kms.katalon.core.webui.keyword.WebUiBuiltInKeywords$verifyElementNotVisible$25.call(Unknown Source)&#xD;
	at CLNK-23448 - Back office Setup Caregiver Remote Login.run(CLNK-23448 - Back office Setup Caregiver Remote Login:49)&#xD;
	at com.kms.katalon.core.main.ScriptEngine.run(ScriptEngine.java:194)&#xD;
	at com.kms.katalon.core.main.ScriptEngine.runScriptAsRawText(ScriptEngine.java:119)&#xD;
	at com.kms.katalon.core.main.TestCaseExecutor.runScript(TestCaseExecutor.java:337)&#xD;
	at com.kms.katalon.core.main.TestCaseExecutor.doExecute(TestCaseExecutor.java:328)&#xD;
	at com.kms.katalon.core.main.TestCaseExecutor.processExecutionPhase(TestCaseExecutor.java:307)&#xD;
	at com.kms.katalon.core.main.TestCaseExecutor.accessMainPhase(TestCaseExecutor.java:299)&#xD;
	at com.kms.katalon.core.main.TestCaseExecutor.execute(TestCaseExecutor.java:233)&#xD;
	at com.kms.katalon.core.main.TestSuiteExecutor.accessTestCaseMainPhase(TestSuiteExecutor.java:169)&#xD;
	at com.kms.katalon.core.main.TestSuiteExecutor.accessTestSuiteMainPhase(TestSuiteExecutor.java:142)&#xD;
	at com.kms.katalon.core.main.TestSuiteExecutor.execute(TestSuiteExecutor.java:91)&#xD;
	at com.kms.katalon.core.main.TestCaseMain.startTestSuite(TestCaseMain.java:157)&#xD;
	at com.kms.katalon.core.main.TestCaseMain$startTestSuite$0.call(Unknown Source)&#xD;
	at TempTestSuite1569245946628.run(TempTestSuite1569245946628.groovy:35)&#xD;
)&#xD;
[[ATTACHMENT|C:\\Users\\isaac\\Desktop\\Clientes\\ProcuraCanada\\Katalon Studio\\Continulink\\Reports\\20190923_103834\\Regression BackOffice\\Regression BackOffice\\20190923_103906\\1569248263597.png]]&#xD;
&#xD;
2019-09-23 11:17:43 - [TEST_STEP][PASSED] - closeBrowser(): Browser is closed&#xD;
&#xD;
2019-09-23 11:17:44 - [MESSAGE][PASSED] - Browser is closed</system-out>
            <system-err></system-err>
        </testcase>
        <testcase name="Test Cases/Regression BackOffice (All Browsers)/CLNK-30885 - PRE - FLAGS - GBRules - OFF" classname="Test Cases/Regression BackOffice (All Browsers)/CLNK-30885 - PRE - FLAGS - GBRules - OFF" status="PASSED">
            <system-out>2019-09-23 11:17:46 - [TEST_CASE][PASSED] - Test Cases/Regression BackOffice (All Browsers)/CLNK-30885 - PRE - FLAGS - GBRules - OFF: Test Cases/Regression BackOffice (All Browsers)/CLNK-30885 - PRE - FLAGS - GBRules - OFF&#xD;
&#xD;
2019-09-23 11:17:46 - [TEST_STEP][PASSED] - callTestCase(findTestCase("Regression BackOffice (All Browsers)/CLNK-23439 - Clink - Back office Client"), [:], STOP_ON_FAILURE): Call Test Case 'Test Cases/Regression BackOffice (All Browsers)/CLNK-23439 - Clink - Back office Client' successfully&#xD;
&#xD;
2019-09-23 11:17:46 - [TEST_CASE][PASSED] - Test Cases/Regression BackOffice (All Browsers)/CLNK-23439 - Clink - Back office Client: Test Cases/Regression BackOffice (All Browsers)/CLNK-23439 - Clink - Back office Client&#xD;
&#xD;
2019-09-23 11:17:46 - [TEST_STEP][PASSED] - deleteAllCookies(): Delete all cookies successfully&#xD;
&#xD;
2019-09-23 11:17:46 - [MESSAGE][WARNING] - Cannot delete cookies because browser is closed&#xD;
&#xD;
2019-09-23 11:17:46 - [MESSAGE][PASSED] - Delete all cookies successfully&#xD;
&#xD;
2019-09-23 11:17:46 - [TEST_STEP][PASSED] - openBrowser(G_SiteBackOffice): Browser is opened with url: 'https://qanewpoc.continulink.com:8443/Backoffice/'&#xD;
&#xD;
2019-09-23 11:17:46 - [MESSAGE][INFO] - Starting 'Chrome' driver&#xD;
&#xD;
2019-09-23 11:17:55 - [MESSAGE][PASSED] - Browser is opened with url: 'https://qanewpoc.continulink.com:8443/Backoffice/'&#xD;
&#xD;
2019-09-23 11:17:55 - [TEST_STEP][PASSED] - waitForPageLoad(60): Wait for page load successfully&#xD;
&#xD;
2019-09-23 11:17:55 - [MESSAGE][PASSED] - Wait for page load successfully&#xD;
&#xD;
2019-09-23 11:17:55 - [TEST_STEP][PASSED] - maximizeWindow(): Current window maximized&#xD;
&#xD;
2019-09-23 11:17:59 - [MESSAGE][PASSED] - Current window maximized&#xD;
&#xD;
2019-09-23 11:17:59 - [TEST_STEP][PASSED] - setText(findTestObject("Regression BackOffice/Login/UserBackOffice"), G_UserBackOffice): Text 'automation_admin' is set on object 'Object Repository/Regression BackOffice/Login/UserBackOffice'&#xD;
&#xD;
2019-09-23 11:17:59 - [MESSAGE][PASSED] - Text 'automation_admin' is set on object 'Object Repository/Regression BackOffice/Login/UserBackOffice'&#xD;
&#xD;
2019-09-23 11:17:59 - [TEST_STEP][PASSED] - setText(findTestObject("Regression BackOffice/Login/PasswordBackOffice"), G_PasswordBackOffice): Text 'qwerty' is set on object 'Object Repository/Regression BackOffice/Login/PasswordBackOffice'&#xD;
&#xD;
2019-09-23 11:17:59 - [MESSAGE][PASSED] - Text 'qwerty' is set on object 'Object Repository/Regression BackOffice/Login/PasswordBackOffice'&#xD;
&#xD;
2019-09-23 11:17:59 - [TEST_STEP][PASSED] - click(findTestObject("Regression BackOffice/Login/LoginBackOffice")): Object: 'Object Repository/Regression BackOffice/Login/LoginBackOffice' is clicked on&#xD;
&#xD;
2019-09-23 11:18:04 - [MESSAGE][PASSED] - Object: 'Object Repository/Regression BackOffice/Login/LoginBackOffice' is clicked on&#xD;
&#xD;
2019-09-23 11:18:04 - [TEST_STEP][PASSED] - waitForPageLoad(60): Wait for page load successfully&#xD;
&#xD;
2019-09-23 11:18:04 - [MESSAGE][PASSED] - Wait for page load successfully&#xD;
&#xD;
2019-09-23 11:18:04 - [TEST_STEP][PASSED] - delay(2): Delayed 2 second(s)&#xD;
&#xD;
2019-09-23 11:18:06 - [MESSAGE][PASSED] - Delayed 2 second(s)&#xD;
&#xD;
2019-09-23 11:18:06 - [TEST_STEP][PASSED] - switchToFrame(findTestObject("Regression BackOffice/CLINK-Frames/FrameFrameLeft"), 5, STOP_ON_FAILURE): null&#xD;
&#xD;
2019-09-23 11:18:06 - [TEST_STEP][PASSED] - delay(2): Delayed 2 second(s)&#xD;
&#xD;
2019-09-23 11:18:08 - [MESSAGE][PASSED] - Delayed 2 second(s)&#xD;
&#xD;
2019-09-23 11:18:08 - [TEST_STEP][PASSED] - waitForElementPresent(findTestObject("Regression BackOffice/CLINK-Frames/ClientIntake"), 50): Object 'Object Repository/Regression BackOffice/CLINK-Frames/ClientIntake' is present&#xD;
&#xD;
2019-09-23 11:18:08 - [MESSAGE][PASSED] - Object 'Object Repository/Regression BackOffice/CLINK-Frames/ClientIntake' is present&#xD;
&#xD;
2019-09-23 11:18:08 - [TEST_STEP][PASSED] - verifyElementPresent(findTestObject("Regression BackOffice/CLINK-Frames/ClientIntake"), 100, STOP_ON_FAILURE): Object 'Object Repository/Regression BackOffice/CLINK-Frames/ClientIntake' is present&#xD;
&#xD;
2019-09-23 11:18:08 - [MESSAGE][PASSED] - Object 'Object Repository/Regression BackOffice/CLINK-Frames/ClientIntake' is present&#xD;
&#xD;
2019-09-23 11:18:08 - [TEST_STEP][PASSED] - switchToDefaultContent(): null&#xD;
&#xD;
2019-09-23 11:18:08 - [MESSAGE][PASSED] - Call Test Case 'Test Cases/Regression BackOffice (All Browsers)/CLNK-23439 - Clink - Back office Client' successfully&#xD;
&#xD;
2019-09-23 11:18:08 - [TEST_STEP][PASSED] - waitForPageLoad(60): Wait for page load successfully&#xD;
&#xD;
2019-09-23 11:18:08 - [MESSAGE][PASSED] - Wait for page load successfully&#xD;
&#xD;
2019-09-23 11:18:08 - [TEST_STEP][PASSED] - delay(3): Delayed 3 second(s)&#xD;
&#xD;
2019-09-23 11:18:11 - [MESSAGE][PASSED] - Delayed 3 second(s)&#xD;
&#xD;
2019-09-23 11:18:11 - [TEST_STEP][PASSED] - switchToFrame(findTestObject("Regression BackOffice/CLNK-23449/FrameLeft"), 30): null&#xD;
&#xD;
2019-09-23 11:18:11 - [TEST_STEP][PASSED] - waitForElementPresent(findTestObject("Regression BackOffice/CLINK-30885/FinanceLink"), 100): Object 'Object Repository/Regression BackOffice/CLINK-30885/FinanceLink' is present&#xD;
&#xD;
2019-09-23 11:18:11 - [MESSAGE][PASSED] - Object 'Object Repository/Regression BackOffice/CLINK-30885/FinanceLink' is present&#xD;
&#xD;
2019-09-23 11:18:11 - [TEST_STEP][PASSED] - click(findTestObject("Regression BackOffice/CLINK-30885/FinanceLink")): Object: 'Object Repository/Regression BackOffice/CLINK-30885/FinanceLink' is clicked on&#xD;
&#xD;
2019-09-23 11:18:11 - [MESSAGE][PASSED] - Object: 'Object Repository/Regression BackOffice/CLINK-30885/FinanceLink' is clicked on&#xD;
&#xD;
2019-09-23 11:18:11 - [TEST_STEP][PASSED] - delay(2): Delayed 2 second(s)&#xD;
&#xD;
2019-09-23 11:18:13 - [MESSAGE][PASSED] - Delayed 2 second(s)&#xD;
&#xD;
2019-09-23 11:18:13 - [TEST_STEP][PASSED] - waitForPageLoad(50): Wait for page load successfully&#xD;
&#xD;
2019-09-23 11:18:13 - [MESSAGE][PASSED] - Wait for page load successfully&#xD;
&#xD;
2019-09-23 11:18:13 - [TEST_STEP][PASSED] - waitForElementPresent(findTestObject("Regression BackOffice/CLINK-30885/Group Bill RulesLink"), 50): Object 'Object Repository/Regression BackOffice/CLINK-30885/Group Bill RulesLink' is present&#xD;
&#xD;
2019-09-23 11:18:13 - [MESSAGE][PASSED] - Object 'Object Repository/Regression BackOffice/CLINK-30885/Group Bill RulesLink' is present&#xD;
&#xD;
2019-09-23 11:18:13 - [TEST_STEP][PASSED] - click(findTestObject("Regression BackOffice/CLINK-30885/Group Bill RulesLink")): Object: 'Object Repository/Regression BackOffice/CLINK-30885/Group Bill RulesLink' is clicked on&#xD;
&#xD;
2019-09-23 11:18:21 - [MESSAGE][PASSED] - Object: 'Object Repository/Regression BackOffice/CLINK-30885/Group Bill RulesLink' is clicked on&#xD;
&#xD;
2019-09-23 11:18:21 - [TEST_STEP][PASSED] - delay(2): Delayed 2 second(s)&#xD;
&#xD;
2019-09-23 11:18:23 - [MESSAGE][PASSED] - Delayed 2 second(s)&#xD;
&#xD;
2019-09-23 11:18:23 - [TEST_STEP][PASSED] - switchToDefaultContent(): null&#xD;
&#xD;
2019-09-23 11:18:23 - [TEST_STEP][PASSED] - switchToFrame(findTestObject("Regression BackOffice/CLNK-23449/FrameMain"), 30): null&#xD;
&#xD;
2019-09-23 11:18:23 - [TEST_STEP][PASSED] - waitForElementPresent(findTestObject("Regression BackOffice/CLINK-30885/PayerName"), 50): Object 'Object Repository/Regression BackOffice/CLINK-30885/PayerName' is present&#xD;
&#xD;
2019-09-23 11:18:24 - [MESSAGE][PASSED] - Object 'Object Repository/Regression BackOffice/CLINK-30885/PayerName' is present&#xD;
&#xD;
2019-09-23 11:18:24 - [TEST_STEP][PASSED] - click(findTestObject("Regression BackOffice/CLINK-30885/PayerName")): Object: 'Object Repository/Regression BackOffice/CLINK-30885/PayerName' is clicked on&#xD;
&#xD;
2019-09-23 11:18:24 - [MESSAGE][PASSED] - Object: 'Object Repository/Regression BackOffice/CLINK-30885/PayerName' is clicked on&#xD;
&#xD;
2019-09-23 11:18:24 - [TEST_STEP][PASSED] - sendKeys(findTestObject("Regression BackOffice/CLINK-30885/PayerName"), "AC"): Keys 'AC' sent to object: 'Object Repository/Regression BackOffice/CLINK-30885/PayerName'&#xD;
&#xD;
2019-09-23 11:18:24 - [MESSAGE][PASSED] - Keys 'AC' sent to object: 'Object Repository/Regression BackOffice/CLINK-30885/PayerName'&#xD;
&#xD;
2019-09-23 11:18:24 - [TEST_STEP][PASSED] - sendKeys(findTestObject("Regression BackOffice/CLINK-30885/PayerName"), Keys.chord(ENTER)): Keys 'ENTER + ' sent to object: 'Object Repository/Regression BackOffice/CLINK-30885/PayerName'&#xD;
&#xD;
2019-09-23 11:18:25 - [MESSAGE][PASSED] - Keys 'ENTER + ' sent to object: 'Object Repository/Regression BackOffice/CLINK-30885/PayerName'&#xD;
&#xD;
2019-09-23 11:18:25 - [TEST_STEP][NOT_RUN] - waitForElementPresent(findTestObject("Regression BackOffice/CLINK-30885/PlanName"), 50): NOT_RUN: waitForElementPresent(findTestObject("Regression BackOffice/CLINK-30885/PlanName"), 50)&#xD;
&#xD;
2019-09-23 11:18:25 - [MESSAGE][NOT_RUN] - NOT_RUN: waitForElementPresent(findTestObject("Regression BackOffice/CLINK-30885/PlanName"), 50)&#xD;
&#xD;
2019-09-23 11:18:25 - [TEST_STEP][NOT_RUN] - click(findTestObject("Regression BackOffice/CLINK-30885/PlanName")): NOT_RUN: click(findTestObject("Regression BackOffice/CLINK-30885/PlanName"))&#xD;
&#xD;
2019-09-23 11:18:25 - [MESSAGE][NOT_RUN] - NOT_RUN: click(findTestObject("Regression BackOffice/CLINK-30885/PlanName"))&#xD;
&#xD;
2019-09-23 11:18:25 - [TEST_STEP][NOT_RUN] - sendKeys(findTestObject("Regression BackOffice/CLINK-30885/PlanName"), Keys.chord(ARROW_DOWN, ENTER)): NOT_RUN: sendKeys(findTestObject("Regression BackOffice/CLINK-30885/PlanName"), Keys.chord(ARROW_DOWN, ENTER))&#xD;
&#xD;
2019-09-23 11:18:25 - [MESSAGE][NOT_RUN] - NOT_RUN: sendKeys(findTestObject("Regression BackOffice/CLINK-30885/PlanName"), Keys.chord(ARROW_DOWN, ENTER))&#xD;
&#xD;
2019-09-23 11:18:25 - [TEST_STEP][PASSED] - waitForPageLoad(50): Wait for page load successfully&#xD;
&#xD;
2019-09-23 11:18:25 - [MESSAGE][PASSED] - Wait for page load successfully&#xD;
&#xD;
2019-09-23 11:18:25 - [TEST_STEP][PASSED] - delay(2): Delayed 2 second(s)&#xD;
&#xD;
2019-09-23 11:18:27 - [MESSAGE][PASSED] - Delayed 2 second(s)&#xD;
&#xD;
2019-09-23 11:18:27 - [TEST_STEP][PASSED] - waitForElementPresent(findTestObject("Regression BackOffice/CLINK-30885/SearchButton"), 50): Object 'Object Repository/Regression BackOffice/CLINK-30885/SearchButton' is present&#xD;
&#xD;
2019-09-23 11:18:27 - [MESSAGE][PASSED] - Object 'Object Repository/Regression BackOffice/CLINK-30885/SearchButton' is present&#xD;
&#xD;
2019-09-23 11:18:27 - [TEST_STEP][PASSED] - click(findTestObject("Regression BackOffice/CLINK-30885/SearchButton")): Object: 'Object Repository/Regression BackOffice/CLINK-30885/SearchButton' is clicked on&#xD;
&#xD;
2019-09-23 11:18:28 - [MESSAGE][PASSED] - Object: 'Object Repository/Regression BackOffice/CLINK-30885/SearchButton' is clicked on&#xD;
&#xD;
2019-09-23 11:18:28 - [TEST_STEP][PASSED] - delay(5): Delayed 5 second(s)&#xD;
&#xD;
2019-09-23 11:18:33 - [MESSAGE][PASSED] - Delayed 5 second(s)&#xD;
&#xD;
2019-09-23 11:18:33 - [TEST_STEP][PASSED] - waitForElementPresent(findTestObject("Regression BackOffice/CLINK-30885/Payer Searched"), 50): Object 'Object Repository/Regression BackOffice/CLINK-30885/Payer Searched' is present&#xD;
&#xD;
2019-09-23 11:18:33 - [MESSAGE][PASSED] - Object 'Object Repository/Regression BackOffice/CLINK-30885/Payer Searched' is present&#xD;
&#xD;
2019-09-23 11:18:33 - [TEST_STEP][PASSED] - click(findTestObject("Regression BackOffice/CLINK-30885/Payer Searched")): Object: 'Object Repository/Regression BackOffice/CLINK-30885/Payer Searched' is clicked on&#xD;
&#xD;
2019-09-23 11:18:39 - [MESSAGE][PASSED] - Object: 'Object Repository/Regression BackOffice/CLINK-30885/Payer Searched' is clicked on&#xD;
&#xD;
2019-09-23 11:18:39 - [TEST_STEP][PASSED] - delay(2): Delayed 2 second(s)&#xD;
&#xD;
2019-09-23 11:18:41 - [MESSAGE][PASSED] - Delayed 2 second(s)&#xD;
&#xD;
2019-09-23 11:18:41 - [TEST_STEP][PASSED] - waitForPageLoad(50): Wait for page load successfully&#xD;
&#xD;
2019-09-23 11:18:41 - [MESSAGE][PASSED] - Wait for page load successfully&#xD;
&#xD;
2019-09-23 11:18:41 - [TEST_STEP][PASSED] - delay(5): Delayed 5 second(s)&#xD;
&#xD;
2019-09-23 11:18:46 - [MESSAGE][PASSED] - Delayed 5 second(s)&#xD;
&#xD;
2019-09-23 11:18:46 - [TEST_STEP][PASSED] - waitForElementPresent(findTestObject("Regression BackOffice/CLINK-30885/Day"), 50): Object 'Object Repository/Regression BackOffice/CLINK-30885/Day' is present&#xD;
&#xD;
2019-09-23 11:18:46 - [MESSAGE][PASSED] - Object 'Object Repository/Regression BackOffice/CLINK-30885/Day' is present&#xD;
&#xD;
2019-09-23 11:18:46 - [TEST_STEP][PASSED] - click(findTestObject("Regression BackOffice/CLINK-30885/Day")): Object: 'Object Repository/Regression BackOffice/CLINK-30885/Day' is clicked on&#xD;
&#xD;
2019-09-23 11:18:46 - [MESSAGE][PASSED] - Object: 'Object Repository/Regression BackOffice/CLINK-30885/Day' is clicked on&#xD;
&#xD;
2019-09-23 11:18:46 - [TEST_STEP][PASSED] - sendKeys(findTestObject("Regression BackOffice/CLINK-30885/Day"), "Fr"): Keys 'Fr' sent to object: 'Object Repository/Regression BackOffice/CLINK-30885/Day'&#xD;
&#xD;
2019-09-23 11:18:46 - [MESSAGE][PASSED] - Keys 'Fr' sent to object: 'Object Repository/Regression BackOffice/CLINK-30885/Day'&#xD;
&#xD;
2019-09-23 11:18:46 - [TEST_STEP][PASSED] - sendKeys(findTestObject("Regression BackOffice/CLINK-30885/Day"), Keys.chord(ENTER)): Keys 'ENTER + ' sent to object: 'Object Repository/Regression BackOffice/CLINK-30885/Day'&#xD;
&#xD;
2019-09-23 11:18:46 - [MESSAGE][PASSED] - Keys 'ENTER + ' sent to object: 'Object Repository/Regression BackOffice/CLINK-30885/Day'&#xD;
&#xD;
2019-09-23 11:18:46 - [TEST_STEP][PASSED] - delay(5): Delayed 5 second(s)&#xD;
&#xD;
2019-09-23 11:18:51 - [MESSAGE][PASSED] - Delayed 5 second(s)&#xD;
&#xD;
2019-09-23 11:18:51 - [TEST_STEP][PASSED] - waitForElementPresent(findTestObject("Regression BackOffice/CLINK-30885/Frequency"), 50): Object 'Object Repository/Regression BackOffice/CLINK-30885/Frequency' is present&#xD;
&#xD;
2019-09-23 11:18:52 - [MESSAGE][PASSED] - Object 'Object Repository/Regression BackOffice/CLINK-30885/Frequency' is present&#xD;
&#xD;
2019-09-23 11:18:52 - [TEST_STEP][PASSED] - click(findTestObject("Regression BackOffice/CLINK-30885/Frequency")): Object: 'Object Repository/Regression BackOffice/CLINK-30885/Frequency' is clicked on&#xD;
&#xD;
2019-09-23 11:18:52 - [MESSAGE][PASSED] - Object: 'Object Repository/Regression BackOffice/CLINK-30885/Frequency' is clicked on&#xD;
&#xD;
2019-09-23 11:18:52 - [TEST_STEP][PASSED] - sendKeys(findTestObject("Regression BackOffice/CLINK-30885/Frequency"), Keys.chord(ARROW_UP, ARROW_UP, ARROW_UP, ENTER)): Keys 'UP + UP + UP + ENTER + ' sent to object: 'Object Repository/Regression BackOffice/CLINK-30885/Frequency'&#xD;
&#xD;
2019-09-23 11:18:52 - [MESSAGE][PASSED] - Keys 'UP + UP + UP + ENTER + ' sent to object: 'Object Repository/Regression BackOffice/CLINK-30885/Frequency'&#xD;
&#xD;
2019-09-23 11:18:52 - [TEST_STEP][PASSED] - delay(5): Delayed 5 second(s)&#xD;
&#xD;
2019-09-23 11:18:57 - [MESSAGE][PASSED] - Delayed 5 second(s)&#xD;
&#xD;
2019-09-23 11:18:57 - [TEST_STEP][PASSED] - scrollToElement(findTestObject("Regression BackOffice/CLINK-30885/Late-time Slip Rules"), 50): Scroll to object 'Object Repository/Regression BackOffice/CLINK-30885/Late-time Slip Rules' successfully&#xD;
&#xD;
2019-09-23 11:18:57 - [MESSAGE][PASSED] - Scroll to object 'Object Repository/Regression BackOffice/CLINK-30885/Late-time Slip Rules' successfully&#xD;
&#xD;
2019-09-23 11:18:57 - [TEST_STEP][PASSED] - delay(3): Delayed 3 second(s)&#xD;
&#xD;
2019-09-23 11:19:00 - [MESSAGE][PASSED] - Delayed 3 second(s)&#xD;
&#xD;
2019-09-23 11:19:00 - [TEST_STEP][PASSED] - if (verifyElementChecked(findTestObject("Regression BackOffice/CLINK-30885/HoldInvoicesCheck"), 10)): Object 'Object Repository/Regression BackOffice/CLINK-30885/HoldInvoicesCheck' is not checked (Root cause: com.kms.katalon.core.exception.StepFailedException: Object 'Object Repository/Regression BackOffice/CLINK-30885/HoldInvoicesCheck' is not checked&#xD;
	at com.kms.katalon.core.webui.keyword.internal.WebUIKeywordMain.stepFailed(WebUIKeywordMain.groovy:64)&#xD;
	at com.kms.katalon.core.webui.keyword.builtin.VerifyElementCheckedKeyword$_verifyElementChecked_closure1.doCall(VerifyElementCheckedKeyword.groovy:81)&#xD;
	at com.kms.katalon.core.webui.keyword.builtin.VerifyElementCheckedKeyword$_verifyElementChecked_closure1.call(VerifyElementCheckedKeyword.groovy)&#xD;
	at com.kms.katalon.core.webui.keyword.internal.WebUIKeywordMain.runKeyword(WebUIKeywordMain.groovy:20)&#xD;
	at com.kms.katalon.core.webui.keyword.builtin.VerifyElementCheckedKeyword.verifyElementChecked(VerifyElementCheckedKeyword.groovy:92)&#xD;
	at com.kms.katalon.core.webui.keyword.builtin.VerifyElementCheckedKeyword.execute(VerifyElementCheckedKeyword.groovy:68)&#xD;
	at com.kms.katalon.core.keyword.internal.KeywordExecutor.executeKeywordForPlatform(KeywordExecutor.groovy:56)&#xD;
	at com.kms.katalon.core.webui.keyword.WebUiBuiltInKeywords.verifyElementChecked(WebUiBuiltInKeywords.groovy:1367)&#xD;
	at com.kms.katalon.core.webui.keyword.WebUiBuiltInKeywords$verifyElementChecked$26.call(Unknown Source)&#xD;
	at CLNK-30885 - PRE - FLAGS - GBRules - OFF.run(CLNK-30885 - PRE - FLAGS - GBRules - OFF:102)&#xD;
	at com.kms.katalon.core.main.ScriptEngine.run(ScriptEngine.java:194)&#xD;
	at com.kms.katalon.core.main.ScriptEngine.runScriptAsRawText(ScriptEngine.java:119)&#xD;
	at com.kms.katalon.core.main.TestCaseExecutor.runScript(TestCaseExecutor.java:337)&#xD;
	at com.kms.katalon.core.main.TestCaseExecutor.doExecute(TestCaseExecutor.java:328)&#xD;
	at com.kms.katalon.core.main.TestCaseExecutor.processExecutionPhase(TestCaseExecutor.java:307)&#xD;
	at com.kms.katalon.core.main.TestCaseExecutor.accessMainPhase(TestCaseExecutor.java:299)&#xD;
	at com.kms.katalon.core.main.TestCaseExecutor.execute(TestCaseExecutor.java:233)&#xD;
	at com.kms.katalon.core.main.TestSuiteExecutor.accessTestCaseMainPhase(TestSuiteExecutor.java:169)&#xD;
	at com.kms.katalon.core.main.TestSuiteExecutor.accessTestSuiteMainPhase(TestSuiteExecutor.java:142)&#xD;
	at com.kms.katalon.core.main.TestSuiteExecutor.execute(TestSuiteExecutor.java:91)&#xD;
	at com.kms.katalon.core.main.TestCaseMain.startTestSuite(TestCaseMain.java:157)&#xD;
	at com.kms.katalon.core.main.TestCaseMain$startTestSuite$0.call(Unknown Source)&#xD;
	at TempTestSuite1569245946628.run(TempTestSuite1569245946628.groovy:35)&#xD;
)&#xD;
&#xD;
2019-09-23 11:19:01 - [MESSAGE][WARNING] - Object 'Object Repository/Regression BackOffice/CLINK-30885/HoldInvoicesCheck' is not checked (Root cause: com.kms.katalon.core.exception.StepFailedException: Object 'Object Repository/Regression BackOffice/CLINK-30885/HoldInvoicesCheck' is not checked&#xD;
	at com.kms.katalon.core.webui.keyword.internal.WebUIKeywordMain.stepFailed(WebUIKeywordMain.groovy:64)&#xD;
	at com.kms.katalon.core.webui.keyword.builtin.VerifyElementCheckedKeyword$_verifyElementChecked_closure1.doCall(VerifyElementCheckedKeyword.groovy:81)&#xD;
	at com.kms.katalon.core.webui.keyword.builtin.VerifyElementCheckedKeyword$_verifyElementChecked_closure1.call(VerifyElementCheckedKeyword.groovy)&#xD;
	at com.kms.katalon.core.webui.keyword.internal.WebUIKeywordMain.runKeyword(WebUIKeywordMain.groovy:20)&#xD;
	at com.kms.katalon.core.webui.keyword.builtin.VerifyElementCheckedKeyword.verifyElementChecked(VerifyElementCheckedKeyword.groovy:92)&#xD;
	at com.kms.katalon.core.webui.keyword.builtin.VerifyElementCheckedKeyword.execute(VerifyElementCheckedKeyword.groovy:68)&#xD;
	at com.kms.katalon.core.keyword.internal.KeywordExecutor.executeKeywordForPlatform(KeywordExecutor.groovy:56)&#xD;
	at com.kms.katalon.core.webui.keyword.WebUiBuiltInKeywords.verifyElementChecked(WebUiBuiltInKeywords.groovy:1367)&#xD;
	at com.kms.katalon.core.webui.keyword.WebUiBuiltInKeywords$verifyElementChecked$26.call(Unknown Source)&#xD;
	at CLNK-30885 - PRE - FLAGS - GBRules - OFF.run(CLNK-30885 - PRE - FLAGS - GBRules - OFF:102)&#xD;
	at com.kms.katalon.core.main.ScriptEngine.run(ScriptEngine.java:194)&#xD;
	at com.kms.katalon.core.main.ScriptEngine.runScriptAsRawText(ScriptEngine.java:119)&#xD;
	at com.kms.katalon.core.main.TestCaseExecutor.runScript(TestCaseExecutor.java:337)&#xD;
	at com.kms.katalon.core.main.TestCaseExecutor.doExecute(TestCaseExecutor.java:328)&#xD;
	at com.kms.katalon.core.main.TestCaseExecutor.processExecutionPhase(TestCaseExecutor.java:307)&#xD;
	at com.kms.katalon.core.main.TestCaseExecutor.accessMainPhase(TestCaseExecutor.java:299)&#xD;
	at com.kms.katalon.core.main.TestCaseExecutor.execute(TestCaseExecutor.java:233)&#xD;
	at com.kms.katalon.core.main.TestSuiteExecutor.accessTestCaseMainPhase(TestSuiteExecutor.java:169)&#xD;
	at com.kms.katalon.core.main.TestSuiteExecutor.accessTestSuiteMainPhase(TestSuiteExecutor.java:142)&#xD;
	at com.kms.katalon.core.main.TestSuiteExecutor.execute(TestSuiteExecutor.java:91)&#xD;
	at com.kms.katalon.core.main.TestCaseMain.startTestSuite(TestCaseMain.java:157)&#xD;
	at com.kms.katalon.core.main.TestCaseMain$startTestSuite$0.call(Unknown Source)&#xD;
	at TempTestSuite1569245946628.run(TempTestSuite1569245946628.groovy:35)&#xD;
)&#xD;
[[ATTACHMENT|C:\\Users\\isaac\\Desktop\\Clientes\\ProcuraCanada\\Katalon Studio\\Continulink\\Reports\\20190923_103834\\Regression BackOffice\\Regression BackOffice\\20190923_103906\\1569248340651.png]]&#xD;
&#xD;
2019-09-23 11:19:01 - [TEST_STEP][PASSED] - if (verifyElementChecked(findTestObject("Regression BackOffice/CLINK-30885/Produce new invoices for late-time slips"), 10)): Object 'Object Repository/Regression BackOffice/CLINK-30885/Produce new invoices for late-time slips' is not checked (Root cause: com.kms.katalon.core.exception.StepFailedException: Object 'Object Repository/Regression BackOffice/CLINK-30885/Produce new invoices for late-time slips' is not checked&#xD;
	at com.kms.katalon.core.webui.keyword.internal.WebUIKeywordMain.stepFailed(WebUIKeywordMain.groovy:64)&#xD;
	at com.kms.katalon.core.webui.keyword.builtin.VerifyElementCheckedKeyword$_verifyElementChecked_closure1.doCall(VerifyElementCheckedKeyword.groovy:81)&#xD;
	at com.kms.katalon.core.webui.keyword.builtin.VerifyElementCheckedKeyword$_verifyElementChecked_closure1.call(VerifyElementCheckedKeyword.groovy)&#xD;
	at com.kms.katalon.core.webui.keyword.internal.WebUIKeywordMain.runKeyword(WebUIKeywordMain.groovy:20)&#xD;
	at com.kms.katalon.core.webui.keyword.builtin.VerifyElementCheckedKeyword.verifyElementChecked(VerifyElementCheckedKeyword.groovy:92)&#xD;
	at com.kms.katalon.core.webui.keyword.builtin.VerifyElementCheckedKeyword.execute(VerifyElementCheckedKeyword.groovy:68)&#xD;
	at com.kms.katalon.core.keyword.internal.KeywordExecutor.executeKeywordForPlatform(KeywordExecutor.groovy:56)&#xD;
	at com.kms.katalon.core.webui.keyword.WebUiBuiltInKeywords.verifyElementChecked(WebUiBuiltInKeywords.groovy:1367)&#xD;
	at com.kms.katalon.core.webui.keyword.WebUiBuiltInKeywords$verifyElementChecked$26.call(Unknown Source)&#xD;
	at CLNK-30885 - PRE - FLAGS - GBRules - OFF.run(CLNK-30885 - PRE - FLAGS - GBRules - OFF:108)&#xD;
	at com.kms.katalon.core.main.ScriptEngine.run(ScriptEngine.java:194)&#xD;
	at com.kms.katalon.core.main.ScriptEngine.runScriptAsRawText(ScriptEngine.java:119)&#xD;
	at com.kms.katalon.core.main.TestCaseExecutor.runScript(TestCaseExecutor.java:337)&#xD;
	at com.kms.katalon.core.main.TestCaseExecutor.doExecute(TestCaseExecutor.java:328)&#xD;
	at com.kms.katalon.core.main.TestCaseExecutor.processExecutionPhase(TestCaseExecutor.java:307)&#xD;
	at com.kms.katalon.core.main.TestCaseExecutor.accessMainPhase(TestCaseExecutor.java:299)&#xD;
	at com.kms.katalon.core.main.TestCaseExecutor.execute(TestCaseExecutor.java:233)&#xD;
	at com.kms.katalon.core.main.TestSuiteExecutor.accessTestCaseMainPhase(TestSuiteExecutor.java:169)&#xD;
	at com.kms.katalon.core.main.TestSuiteExecutor.accessTestSuiteMainPhase(TestSuiteExecutor.java:142)&#xD;
	at com.kms.katalon.core.main.TestSuiteExecutor.execute(TestSuiteExecutor.java:91)&#xD;
	at com.kms.katalon.core.main.TestCaseMain.startTestSuite(TestCaseMain.java:157)&#xD;
	at com.kms.katalon.core.main.TestCaseMain$startTestSuite$0.call(Unknown Source)&#xD;
	at TempTestSuite1569245946628.run(TempTestSuite1569245946628.groovy:35)&#xD;
)&#xD;
&#xD;
2019-09-23 11:19:01 - [MESSAGE][WARNING] - Object 'Object Repository/Regression BackOffice/CLINK-30885/Produce new invoices for late-time slips' is not checked (Root cause: com.kms.katalon.core.exception.StepFailedException: Object 'Object Repository/Regression BackOffice/CLINK-30885/Produce new invoices for late-time slips' is not checked&#xD;
	at com.kms.katalon.core.webui.keyword.internal.WebUIKeywordMain.stepFailed(WebUIKeywordMain.groovy:64)&#xD;
	at com.kms.katalon.core.webui.keyword.builtin.VerifyElementCheckedKeyword$_verifyElementChecked_closure1.doCall(VerifyElementCheckedKeyword.groovy:81)&#xD;
	at com.kms.katalon.core.webui.keyword.builtin.VerifyElementCheckedKeyword$_verifyElementChecked_closure1.call(VerifyElementCheckedKeyword.groovy)&#xD;
	at com.kms.katalon.core.webui.keyword.internal.WebUIKeywordMain.runKeyword(WebUIKeywordMain.groovy:20)&#xD;
	at com.kms.katalon.core.webui.keyword.builtin.VerifyElementCheckedKeyword.verifyElementChecked(VerifyElementCheckedKeyword.groovy:92)&#xD;
	at com.kms.katalon.core.webui.keyword.builtin.VerifyElementCheckedKeyword.execute(VerifyElementCheckedKeyword.groovy:68)&#xD;
	at com.kms.katalon.core.keyword.internal.KeywordExecutor.executeKeywordForPlatform(KeywordExecutor.groovy:56)&#xD;
	at com.kms.katalon.core.webui.keyword.WebUiBuiltInKeywords.verifyElementChecked(WebUiBuiltInKeywords.groovy:1367)&#xD;
	at com.kms.katalon.core.webui.keyword.WebUiBuiltInKeywords$verifyElementChecked$26.call(Unknown Source)&#xD;
	at CLNK-30885 - PRE - FLAGS - GBRules - OFF.run(CLNK-30885 - PRE - FLAGS - GBRules - OFF:108)&#xD;
	at com.kms.katalon.core.main.ScriptEngine.run(ScriptEngine.java:194)&#xD;
	at com.kms.katalon.core.main.ScriptEngine.runScriptAsRawText(ScriptEngine.java:119)&#xD;
	at com.kms.katalon.core.main.TestCaseExecutor.runScript(TestCaseExecutor.java:337)&#xD;
	at com.kms.katalon.core.main.TestCaseExecutor.doExecute(TestCaseExecutor.java:328)&#xD;
	at com.kms.katalon.core.main.TestCaseExecutor.processExecutionPhase(TestCaseExecutor.java:307)&#xD;
	at com.kms.katalon.core.main.TestCaseExecutor.accessMainPhase(TestCaseExecutor.java:299)&#xD;
	at com.kms.katalon.core.main.TestCaseExecutor.execute(TestCaseExecutor.java:233)&#xD;
	at com.kms.katalon.core.main.TestSuiteExecutor.accessTestCaseMainPhase(TestSuiteExecutor.java:169)&#xD;
	at com.kms.katalon.core.main.TestSuiteExecutor.accessTestSuiteMainPhase(TestSuiteExecutor.java:142)&#xD;
	at com.kms.katalon.core.main.TestSuiteExecutor.execute(TestSuiteExecutor.java:91)&#xD;
	at com.kms.katalon.core.main.TestCaseMain.startTestSuite(TestCaseMain.java:157)&#xD;
	at com.kms.katalon.core.main.TestCaseMain$startTestSuite$0.call(Unknown Source)&#xD;
	at TempTestSuite1569245946628.run(TempTestSuite1569245946628.groovy:35)&#xD;
)&#xD;
[[ATTACHMENT|C:\\Users\\isaac\\Desktop\\Clientes\\ProcuraCanada\\Katalon Studio\\Continulink\\Reports\\20190923_103834\\Regression BackOffice\\Regression BackOffice\\20190923_103906\\1569248341361.png]]&#xD;
&#xD;
2019-09-23 11:19:01 - [TEST_STEP][PASSED] - if (verifyElementNotChecked(findTestObject("Regression BackOffice/CLINK-30885/Release All available"), 10)): Object 'Object Repository/Regression BackOffice/CLINK-30885/Release All available' is checked (Root cause: com.kms.katalon.core.exception.StepFailedException: Object 'Object Repository/Regression BackOffice/CLINK-30885/Release All available' is checked&#xD;
	at com.kms.katalon.core.webui.keyword.internal.WebUIKeywordMain.stepFailed(WebUIKeywordMain.groovy:64)&#xD;
	at com.kms.katalon.core.webui.keyword.builtin.VerifyElementNotCheckedKeyword$_verifyElementNotChecked_closure1.doCall(VerifyElementNotCheckedKeyword.groovy:82)&#xD;
	at com.kms.katalon.core.webui.keyword.builtin.VerifyElementNotCheckedKeyword$_verifyElementNotChecked_closure1.call(VerifyElementNotCheckedKeyword.groovy)&#xD;
	at com.kms.katalon.core.webui.keyword.internal.WebUIKeywordMain.runKeyword(WebUIKeywordMain.groovy:20)&#xD;
	at com.kms.katalon.core.webui.keyword.builtin.VerifyElementNotCheckedKeyword.verifyElementNotChecked(VerifyElementNotCheckedKeyword.groovy:93)&#xD;
	at com.kms.katalon.core.webui.keyword.builtin.VerifyElementNotCheckedKeyword.execute(VerifyElementNotCheckedKeyword.groovy:68)&#xD;
	at com.kms.katalon.core.keyword.internal.KeywordExecutor.executeKeywordForPlatform(KeywordExecutor.groovy:56)&#xD;
	at com.kms.katalon.core.webui.keyword.WebUiBuiltInKeywords.verifyElementNotChecked(WebUiBuiltInKeywords.groovy:1401)&#xD;
	at com.kms.katalon.core.webui.keyword.WebUiBuiltInKeywords$verifyElementNotChecked$27.call(Unknown Source)&#xD;
	at CLNK-30885 - PRE - FLAGS - GBRules - OFF.run(CLNK-30885 - PRE - FLAGS - GBRules - OFF:115)&#xD;
	at com.kms.katalon.core.main.ScriptEngine.run(ScriptEngine.java:194)&#xD;
	at com.kms.katalon.core.main.ScriptEngine.runScriptAsRawText(ScriptEngine.java:119)&#xD;
	at com.kms.katalon.core.main.TestCaseExecutor.runScript(TestCaseExecutor.java:337)&#xD;
	at com.kms.katalon.core.main.TestCaseExecutor.doExecute(TestCaseExecutor.java:328)&#xD;
	at com.kms.katalon.core.main.TestCaseExecutor.processExecutionPhase(TestCaseExecutor.java:307)&#xD;
	at com.kms.katalon.core.main.TestCaseExecutor.accessMainPhase(TestCaseExecutor.java:299)&#xD;
	at com.kms.katalon.core.main.TestCaseExecutor.execute(TestCaseExecutor.java:233)&#xD;
	at com.kms.katalon.core.main.TestSuiteExecutor.accessTestCaseMainPhase(TestSuiteExecutor.java:169)&#xD;
	at com.kms.katalon.core.main.TestSuiteExecutor.accessTestSuiteMainPhase(TestSuiteExecutor.java:142)&#xD;
	at com.kms.katalon.core.main.TestSuiteExecutor.execute(TestSuiteExecutor.java:91)&#xD;
	at com.kms.katalon.core.main.TestCaseMain.startTestSuite(TestCaseMain.java:157)&#xD;
	at com.kms.katalon.core.main.TestCaseMain$startTestSuite$0.call(Unknown Source)&#xD;
	at TempTestSuite1569245946628.run(TempTestSuite1569245946628.groovy:35)&#xD;
)&#xD;
&#xD;
2019-09-23 11:19:02 - [MESSAGE][WARNING] - Object 'Object Repository/Regression BackOffice/CLINK-30885/Release All available' is checked (Root cause: com.kms.katalon.core.exception.StepFailedException: Object 'Object Repository/Regression BackOffice/CLINK-30885/Release All available' is checked&#xD;
	at com.kms.katalon.core.webui.keyword.internal.WebUIKeywordMain.stepFailed(WebUIKeywordMain.groovy:64)&#xD;
	at com.kms.katalon.core.webui.keyword.builtin.VerifyElementNotCheckedKeyword$_verifyElementNotChecked_closure1.doCall(VerifyElementNotCheckedKeyword.groovy:82)&#xD;
	at com.kms.katalon.core.webui.keyword.builtin.VerifyElementNotCheckedKeyword$_verifyElementNotChecked_closure1.call(VerifyElementNotCheckedKeyword.groovy)&#xD;
	at com.kms.katalon.core.webui.keyword.internal.WebUIKeywordMain.runKeyword(WebUIKeywordMain.groovy:20)&#xD;
	at com.kms.katalon.core.webui.keyword.builtin.VerifyElementNotCheckedKeyword.verifyElementNotChecked(VerifyElementNotCheckedKeyword.groovy:93)&#xD;
	at com.kms.katalon.core.webui.keyword.builtin.VerifyElementNotCheckedKeyword.execute(VerifyElementNotCheckedKeyword.groovy:68)&#xD;
	at com.kms.katalon.core.keyword.internal.KeywordExecutor.executeKeywordForPlatform(KeywordExecutor.groovy:56)&#xD;
	at com.kms.katalon.core.webui.keyword.WebUiBuiltInKeywords.verifyElementNotChecked(WebUiBuiltInKeywords.groovy:1401)&#xD;
	at com.kms.katalon.core.webui.keyword.WebUiBuiltInKeywords$verifyElementNotChecked$27.call(Unknown Source)&#xD;
	at CLNK-30885 - PRE - FLAGS - GBRules - OFF.run(CLNK-30885 - PRE - FLAGS - GBRules - OFF:115)&#xD;
	at com.kms.katalon.core.main.ScriptEngine.run(ScriptEngine.java:194)&#xD;
	at com.kms.katalon.core.main.ScriptEngine.runScriptAsRawText(ScriptEngine.java:119)&#xD;
	at com.kms.katalon.core.main.TestCaseExecutor.runScript(TestCaseExecutor.java:337)&#xD;
	at com.kms.katalon.core.main.TestCaseExecutor.doExecute(TestCaseExecutor.java:328)&#xD;
	at com.kms.katalon.core.main.TestCaseExecutor.processExecutionPhase(TestCaseExecutor.java:307)&#xD;
	at com.kms.katalon.core.main.TestCaseExecutor.accessMainPhase(TestCaseExecutor.java:299)&#xD;
	at com.kms.katalon.core.main.TestCaseExecutor.execute(TestCaseExecutor.java:233)&#xD;
	at com.kms.katalon.core.main.TestSuiteExecutor.accessTestCaseMainPhase(TestSuiteExecutor.java:169)&#xD;
	at com.kms.katalon.core.main.TestSuiteExecutor.accessTestSuiteMainPhase(TestSuiteExecutor.java:142)&#xD;
	at com.kms.katalon.core.main.TestSuiteExecutor.execute(TestSuiteExecutor.java:91)&#xD;
	at com.kms.katalon.core.main.TestCaseMain.startTestSuite(TestCaseMain.java:157)&#xD;
	at com.kms.katalon.core.main.TestCaseMain$startTestSuite$0.call(Unknown Source)&#xD;
	at TempTestSuite1569245946628.run(TempTestSuite1569245946628.groovy:35)&#xD;
)&#xD;
[[ATTACHMENT|C:\\Users\\isaac\\Desktop\\Clientes\\ProcuraCanada\\Katalon Studio\\Continulink\\Reports\\20190923_103834\\Regression BackOffice\\Regression BackOffice\\20190923_103906\\1569248341916.png]]&#xD;
&#xD;
2019-09-23 11:19:02 - [TEST_STEP][PASSED] - if (verifyElementChecked(findTestObject("Regression BackOffice/CLINK-30885/Release Out of AS"), 10)): Object 'Object Repository/Regression BackOffice/CLINK-30885/Release Out of AS' is not checked (Root cause: com.kms.katalon.core.exception.StepFailedException: Object 'Object Repository/Regression BackOffice/CLINK-30885/Release Out of AS' is not checked&#xD;
	at com.kms.katalon.core.webui.keyword.internal.WebUIKeywordMain.stepFailed(WebUIKeywordMain.groovy:64)&#xD;
	at com.kms.katalon.core.webui.keyword.builtin.VerifyElementCheckedKeyword$_verifyElementChecked_closure1.doCall(VerifyElementCheckedKeyword.groovy:81)&#xD;
	at com.kms.katalon.core.webui.keyword.builtin.VerifyElementCheckedKeyword$_verifyElementChecked_closure1.call(VerifyElementCheckedKeyword.groovy)&#xD;
	at com.kms.katalon.core.webui.keyword.internal.WebUIKeywordMain.runKeyword(WebUIKeywordMain.groovy:20)&#xD;
	at com.kms.katalon.core.webui.keyword.builtin.VerifyElementCheckedKeyword.verifyElementChecked(VerifyElementCheckedKeyword.groovy:92)&#xD;
	at com.kms.katalon.core.webui.keyword.builtin.VerifyElementCheckedKeyword.execute(VerifyElementCheckedKeyword.groovy:68)&#xD;
	at com.kms.katalon.core.keyword.internal.KeywordExecutor.executeKeywordForPlatform(KeywordExecutor.groovy:56)&#xD;
	at com.kms.katalon.core.webui.keyword.WebUiBuiltInKeywords.verifyElementChecked(WebUiBuiltInKeywords.groovy:1367)&#xD;
	at com.kms.katalon.core.webui.keyword.WebUiBuiltInKeywords$verifyElementChecked$26.call(Unknown Source)&#xD;
	at CLNK-30885 - PRE - FLAGS - GBRules - OFF.run(CLNK-30885 - PRE - FLAGS - GBRules - OFF:121)&#xD;
	at com.kms.katalon.core.main.ScriptEngine.run(ScriptEngine.java:194)&#xD;
	at com.kms.katalon.core.main.ScriptEngine.runScriptAsRawText(ScriptEngine.java:119)&#xD;
	at com.kms.katalon.core.main.TestCaseExecutor.runScript(TestCaseExecutor.java:337)&#xD;
	at com.kms.katalon.core.main.TestCaseExecutor.doExecute(TestCaseExecutor.java:328)&#xD;
	at com.kms.katalon.core.main.TestCaseExecutor.processExecutionPhase(TestCaseExecutor.java:307)&#xD;
	at com.kms.katalon.core.main.TestCaseExecutor.accessMainPhase(TestCaseExecutor.java:299)&#xD;
	at com.kms.katalon.core.main.TestCaseExecutor.execute(TestCaseExecutor.java:233)&#xD;
	at com.kms.katalon.core.main.TestSuiteExecutor.accessTestCaseMainPhase(TestSuiteExecutor.java:169)&#xD;
	at com.kms.katalon.core.main.TestSuiteExecutor.accessTestSuiteMainPhase(TestSuiteExecutor.java:142)&#xD;
	at com.kms.katalon.core.main.TestSuiteExecutor.execute(TestSuiteExecutor.java:91)&#xD;
	at com.kms.katalon.core.main.TestCaseMain.startTestSuite(TestCaseMain.java:157)&#xD;
	at com.kms.katalon.core.main.TestCaseMain$startTestSuite$0.call(Unknown Source)&#xD;
	at TempTestSuite1569245946628.run(TempTestSuite1569245946628.groovy:35)&#xD;
)&#xD;
&#xD;
2019-09-23 11:19:02 - [MESSAGE][WARNING] - Object 'Object Repository/Regression BackOffice/CLINK-30885/Release Out of AS' is not checked (Root cause: com.kms.katalon.core.exception.StepFailedException: Object 'Object Repository/Regression BackOffice/CLINK-30885/Release Out of AS' is not checked&#xD;
	at com.kms.katalon.core.webui.keyword.internal.WebUIKeywordMain.stepFailed(WebUIKeywordMain.groovy:64)&#xD;
	at com.kms.katalon.core.webui.keyword.builtin.VerifyElementCheckedKeyword$_verifyElementChecked_closure1.doCall(VerifyElementCheckedKeyword.groovy:81)&#xD;
	at com.kms.katalon.core.webui.keyword.builtin.VerifyElementCheckedKeyword$_verifyElementChecked_closure1.call(VerifyElementCheckedKeyword.groovy)&#xD;
	at com.kms.katalon.core.webui.keyword.internal.WebUIKeywordMain.runKeyword(WebUIKeywordMain.groovy:20)&#xD;
	at com.kms.katalon.core.webui.keyword.builtin.VerifyElementCheckedKeyword.verifyElementChecked(VerifyElementCheckedKeyword.groovy:92)&#xD;
	at com.kms.katalon.core.webui.keyword.builtin.VerifyElementCheckedKeyword.execute(VerifyElementCheckedKeyword.groovy:68)&#xD;
	at com.kms.katalon.core.keyword.internal.KeywordExecutor.executeKeywordForPlatform(KeywordExecutor.groovy:56)&#xD;
	at com.kms.katalon.core.webui.keyword.WebUiBuiltInKeywords.verifyElementChecked(WebUiBuiltInKeywords.groovy:1367)&#xD;
	at com.kms.katalon.core.webui.keyword.WebUiBuiltInKeywords$verifyElementChecked$26.call(Unknown Source)&#xD;
	at CLNK-30885 - PRE - FLAGS - GBRules - OFF.run(CLNK-30885 - PRE - FLAGS - GBRules - OFF:121)&#xD;
	at com.kms.katalon.core.main.ScriptEngine.run(ScriptEngine.java:194)&#xD;
	at com.kms.katalon.core.main.ScriptEngine.runScriptAsRawText(ScriptEngine.java:119)&#xD;
	at com.kms.katalon.core.main.TestCaseExecutor.runScript(TestCaseExecutor.java:337)&#xD;
	at com.kms.katalon.core.main.TestCaseExecutor.doExecute(TestCaseExecutor.java:328)&#xD;
	at com.kms.katalon.core.main.TestCaseExecutor.processExecutionPhase(TestCaseExecutor.java:307)&#xD;
	at com.kms.katalon.core.main.TestCaseExecutor.accessMainPhase(TestCaseExecutor.java:299)&#xD;
	at com.kms.katalon.core.main.TestCaseExecutor.execute(TestCaseExecutor.java:233)&#xD;
	at com.kms.katalon.core.main.TestSuiteExecutor.accessTestCaseMainPhase(TestSuiteExecutor.java:169)&#xD;
	at com.kms.katalon.core.main.TestSuiteExecutor.accessTestSuiteMainPhase(TestSuiteExecutor.java:142)&#xD;
	at com.kms.katalon.core.main.TestSuiteExecutor.execute(TestSuiteExecutor.java:91)&#xD;
	at com.kms.katalon.core.main.TestCaseMain.startTestSuite(TestCaseMain.java:157)&#xD;
	at com.kms.katalon.core.main.TestCaseMain$startTestSuite$0.call(Unknown Source)&#xD;
	at TempTestSuite1569245946628.run(TempTestSuite1569245946628.groovy:35)&#xD;
)&#xD;
[[ATTACHMENT|C:\\Users\\isaac\\Desktop\\Clientes\\ProcuraCanada\\Katalon Studio\\Continulink\\Reports\\20190923_103834\\Regression BackOffice\\Regression BackOffice\\20190923_103906\\1569248342414.png]]&#xD;
&#xD;
2019-09-23 11:19:02 - [TEST_STEP][PASSED] - delay(5): Delayed 5 second(s)&#xD;
&#xD;
2019-09-23 11:19:07 - [MESSAGE][PASSED] - Delayed 5 second(s)&#xD;
&#xD;
2019-09-23 11:19:07 - [TEST_STEP][PASSED] - scrollToElement(findTestObject("Regression BackOffice/CLINK-30885/General Bill Rules"), 50): Scroll to object 'Object Repository/Regression BackOffice/CLINK-30885/General Bill Rules' successfully&#xD;
&#xD;
2019-09-23 11:19:07 - [MESSAGE][PASSED] - Scroll to object 'Object Repository/Regression BackOffice/CLINK-30885/General Bill Rules' successfully&#xD;
&#xD;
2019-09-23 11:19:07 - [TEST_STEP][PASSED] - if (verifyElementChecked(findTestObject("Regression BackOffice/CLINK-30885/Enable Hard Stops"), 10)): Object 'Object Repository/Regression BackOffice/CLINK-30885/Enable Hard Stops' is not checked (Root cause: com.kms.katalon.core.exception.StepFailedException: Object 'Object Repository/Regression BackOffice/CLINK-30885/Enable Hard Stops' is not checked&#xD;
	at com.kms.katalon.core.webui.keyword.internal.WebUIKeywordMain.stepFailed(WebUIKeywordMain.groovy:64)&#xD;
	at com.kms.katalon.core.webui.keyword.builtin.VerifyElementCheckedKeyword$_verifyElementChecked_closure1.doCall(VerifyElementCheckedKeyword.groovy:81)&#xD;
	at com.kms.katalon.core.webui.keyword.builtin.VerifyElementCheckedKeyword$_verifyElementChecked_closure1.call(VerifyElementCheckedKeyword.groovy)&#xD;
	at com.kms.katalon.core.webui.keyword.internal.WebUIKeywordMain.runKeyword(WebUIKeywordMain.groovy:20)&#xD;
	at com.kms.katalon.core.webui.keyword.builtin.VerifyElementCheckedKeyword.verifyElementChecked(VerifyElementCheckedKeyword.groovy:92)&#xD;
	at com.kms.katalon.core.webui.keyword.builtin.VerifyElementCheckedKeyword.execute(VerifyElementCheckedKeyword.groovy:68)&#xD;
	at com.kms.katalon.core.keyword.internal.KeywordExecutor.executeKeywordForPlatform(KeywordExecutor.groovy:56)&#xD;
	at com.kms.katalon.core.webui.keyword.WebUiBuiltInKeywords.verifyElementChecked(WebUiBuiltInKeywords.groovy:1367)&#xD;
	at com.kms.katalon.core.webui.keyword.WebUiBuiltInKeywords$verifyElementChecked$26.call(Unknown Source)&#xD;
	at CLNK-30885 - PRE - FLAGS - GBRules - OFF.run(CLNK-30885 - PRE - FLAGS - GBRules - OFF:131)&#xD;
	at com.kms.katalon.core.main.ScriptEngine.run(ScriptEngine.java:194)&#xD;
	at com.kms.katalon.core.main.ScriptEngine.runScriptAsRawText(ScriptEngine.java:119)&#xD;
	at com.kms.katalon.core.main.TestCaseExecutor.runScript(TestCaseExecutor.java:337)&#xD;
	at com.kms.katalon.core.main.TestCaseExecutor.doExecute(TestCaseExecutor.java:328)&#xD;
	at com.kms.katalon.core.main.TestCaseExecutor.processExecutionPhase(TestCaseExecutor.java:307)&#xD;
	at com.kms.katalon.core.main.TestCaseExecutor.accessMainPhase(TestCaseExecutor.java:299)&#xD;
	at com.kms.katalon.core.main.TestCaseExecutor.execute(TestCaseExecutor.java:233)&#xD;
	at com.kms.katalon.core.main.TestSuiteExecutor.accessTestCaseMainPhase(TestSuiteExecutor.java:169)&#xD;
	at com.kms.katalon.core.main.TestSuiteExecutor.accessTestSuiteMainPhase(TestSuiteExecutor.java:142)&#xD;
	at com.kms.katalon.core.main.TestSuiteExecutor.execute(TestSuiteExecutor.java:91)&#xD;
	at com.kms.katalon.core.main.TestCaseMain.startTestSuite(TestCaseMain.java:157)&#xD;
	at com.kms.katalon.core.main.TestCaseMain$startTestSuite$0.call(Unknown Source)&#xD;
	at TempTestSuite1569245946628.run(TempTestSuite1569245946628.groovy:35)&#xD;
)&#xD;
&#xD;
2019-09-23 11:19:08 - [MESSAGE][WARNING] - Object 'Object Repository/Regression BackOffice/CLINK-30885/Enable Hard Stops' is not checked (Root cause: com.kms.katalon.core.exception.StepFailedException: Object 'Object Repository/Regression BackOffice/CLINK-30885/Enable Hard Stops' is not checked&#xD;
	at com.kms.katalon.core.webui.keyword.internal.WebUIKeywordMain.stepFailed(WebUIKeywordMain.groovy:64)&#xD;
	at com.kms.katalon.core.webui.keyword.builtin.VerifyElementCheckedKeyword$_verifyElementChecked_closure1.doCall(VerifyElementCheckedKeyword.groovy:81)&#xD;
	at com.kms.katalon.core.webui.keyword.builtin.VerifyElementCheckedKeyword$_verifyElementChecked_closure1.call(VerifyElementCheckedKeyword.groovy)&#xD;
	at com.kms.katalon.core.webui.keyword.internal.WebUIKeywordMain.runKeyword(WebUIKeywordMain.groovy:20)&#xD;
	at com.kms.katalon.core.webui.keyword.builtin.VerifyElementCheckedKeyword.verifyElementChecked(VerifyElementCheckedKeyword.groovy:92)&#xD;
	at com.kms.katalon.core.webui.keyword.builtin.VerifyElementCheckedKeyword.execute(VerifyElementCheckedKeyword.groovy:68)&#xD;
	at com.kms.katalon.core.keyword.internal.KeywordExecutor.executeKeywordForPlatform(KeywordExecutor.groovy:56)&#xD;
	at com.kms.katalon.core.webui.keyword.WebUiBuiltInKeywords.verifyElementChecked(WebUiBuiltInKeywords.groovy:1367)&#xD;
	at com.kms.katalon.core.webui.keyword.WebUiBuiltInKeywords$verifyElementChecked$26.call(Unknown Source)&#xD;
	at CLNK-30885 - PRE - FLAGS - GBRules - OFF.run(CLNK-30885 - PRE - FLAGS - GBRules - OFF:131)&#xD;
	at com.kms.katalon.core.main.ScriptEngine.run(ScriptEngine.java:194)&#xD;
	at com.kms.katalon.core.main.ScriptEngine.runScriptAsRawText(ScriptEngine.java:119)&#xD;
	at com.kms.katalon.core.main.TestCaseExecutor.runScript(TestCaseExecutor.java:337)&#xD;
	at com.kms.katalon.core.main.TestCaseExecutor.doExecute(TestCaseExecutor.java:328)&#xD;
	at com.kms.katalon.core.main.TestCaseExecutor.processExecutionPhase(TestCaseExecutor.java:307)&#xD;
	at com.kms.katalon.core.main.TestCaseExecutor.accessMainPhase(TestCaseExecutor.java:299)&#xD;
	at com.kms.katalon.core.main.TestCaseExecutor.execute(TestCaseExecutor.java:233)&#xD;
	at com.kms.katalon.core.main.TestSuiteExecutor.accessTestCaseMainPhase(TestSuiteExecutor.java:169)&#xD;
	at com.kms.katalon.core.main.TestSuiteExecutor.accessTestSuiteMainPhase(TestSuiteExecutor.java:142)&#xD;
	at com.kms.katalon.core.main.TestSuiteExecutor.execute(TestSuiteExecutor.java:91)&#xD;
	at com.kms.katalon.core.main.TestCaseMain.startTestSuite(TestCaseMain.java:157)&#xD;
	at com.kms.katalon.core.main.TestCaseMain$startTestSuite$0.call(Unknown Source)&#xD;
	at TempTestSuite1569245946628.run(TempTestSuite1569245946628.groovy:35)&#xD;
)&#xD;
[[ATTACHMENT|C:\\Users\\isaac\\Desktop\\Clientes\\ProcuraCanada\\Katalon Studio\\Continulink\\Reports\\20190923_103834\\Regression BackOffice\\Regression BackOffice\\20190923_103906\\1569248347994.png]]&#xD;
&#xD;
2019-09-23 11:19:08 - [TEST_STEP][PASSED] - delay(3): Delayed 3 second(s)&#xD;
&#xD;
2019-09-23 11:19:11 - [MESSAGE][PASSED] - Delayed 3 second(s)&#xD;
&#xD;
2019-09-23 11:19:11 - [TEST_STEP][PASSED] - switchToDefaultContent(): null&#xD;
&#xD;
2019-09-23 11:19:11 - [TEST_STEP][PASSED] - switchToFrame(findTestObject("Regression BackOffice/CLNK-31354/frame_Capture object_BannerFrame"), 30): null&#xD;
&#xD;
2019-09-23 11:19:11 - [TEST_STEP][PASSED] - waitForElementPresent(findTestObject("Regression BackOffice/CLNK-31354/SaveButton"), 50): Object 'Object Repository/Regression BackOffice/CLNK-31354/SaveButton' is present&#xD;
&#xD;
2019-09-23 11:19:11 - [MESSAGE][PASSED] - Object 'Object Repository/Regression BackOffice/CLNK-31354/SaveButton' is present&#xD;
&#xD;
2019-09-23 11:19:11 - [TEST_STEP][PASSED] - click(findTestObject("Regression BackOffice/CLNK-31354/SaveButton")): Object: 'Object Repository/Regression BackOffice/CLNK-31354/SaveButton' is clicked on&#xD;
&#xD;
2019-09-23 11:19:12 - [MESSAGE][PASSED] - Object: 'Object Repository/Regression BackOffice/CLNK-31354/SaveButton' is clicked on&#xD;
&#xD;
2019-09-23 11:19:12 - [TEST_STEP][PASSED] - delay(5): Delayed 5 second(s)&#xD;
&#xD;
2019-09-23 11:19:17 - [MESSAGE][PASSED] - Delayed 5 second(s)&#xD;
&#xD;
2019-09-23 11:19:17 - [TEST_STEP][PASSED] - waitForAlert(30): Alert is present after 30 second(s).&#xD;
&#xD;
2019-09-23 11:19:17 - [MESSAGE][PASSED] - Alert is present after 30 second(s).&#xD;
&#xD;
2019-09-23 11:19:17 - [TEST_STEP][PASSED] - driver = getWebDriver(): null&#xD;
&#xD;
2019-09-23 11:19:17 - [TEST_STEP][PASSED] - fecha = G_Auth_Date: null&#xD;
&#xD;
2019-09-23 11:19:17 - [TEST_STEP][PASSED] - alert().sendKeys(fecha): null&#xD;
&#xD;
2019-09-23 11:19:17 - [TEST_STEP][PASSED] - acceptAlert(): Alert accepted&#xD;
&#xD;
2019-09-23 11:19:17 - [MESSAGE][PASSED] - Alert accepted&#xD;
&#xD;
2019-09-23 11:19:17 - [TEST_STEP][PASSED] - delay(3): Delayed 3 second(s)&#xD;
&#xD;
2019-09-23 11:19:20 - [MESSAGE][PASSED] - Delayed 3 second(s)&#xD;
&#xD;
2019-09-23 11:19:20 - [TEST_STEP][PASSED] - acceptAlert(): Alert accepted&#xD;
&#xD;
2019-09-23 11:19:20 - [MESSAGE][PASSED] - Alert accepted&#xD;
&#xD;
2019-09-23 11:19:20 - [TEST_STEP][PASSED] - delay(3): Delayed 3 second(s)&#xD;
&#xD;
2019-09-23 11:19:23 - [MESSAGE][PASSED] - Delayed 3 second(s)&#xD;
&#xD;
2019-09-23 11:19:23 - [TEST_STEP][NOT_RUN] - acceptAlert(): NOT_RUN: acceptAlert()&#xD;
&#xD;
2019-09-23 11:19:23 - [MESSAGE][NOT_RUN] - NOT_RUN: acceptAlert()&#xD;
&#xD;
2019-09-23 11:19:23 - [TEST_STEP][NOT_RUN] - delay(3): NOT_RUN: delay(3)&#xD;
&#xD;
2019-09-23 11:19:23 - [MESSAGE][NOT_RUN] - NOT_RUN: delay(3)&#xD;
&#xD;
2019-09-23 11:19:23 - [TEST_STEP][NOT_RUN] - acceptAlert(): NOT_RUN: acceptAlert()&#xD;
&#xD;
2019-09-23 11:19:23 - [MESSAGE][NOT_RUN] - NOT_RUN: acceptAlert()&#xD;
&#xD;
2019-09-23 11:19:23 - [TEST_STEP][NOT_RUN] - delay(10): NOT_RUN: delay(10)&#xD;
&#xD;
2019-09-23 11:19:23 - [MESSAGE][NOT_RUN] - NOT_RUN: delay(10)</system-out>
            <system-err></system-err>
        </testcase>
        <testcase name="Test Cases/Regression BackOffice (All Browsers)/CLNK-30891 - PRE - Pick up - Service - No Authorization Required - FALSE" classname="Test Cases/Regression BackOffice (All Browsers)/CLNK-30891 - PRE - Pick up - Service - No Authorization Required - FALSE" status="PASSED">
            <system-out>2019-09-23 11:19:25 - [TEST_CASE][PASSED] - Test Cases/Regression BackOffice (All Browsers)/CLNK-30891 - PRE - Pick up - Service - No Authorization Required - FALSE: Test Cases/Regression BackOffice (All Browsers)/CLNK-30891 - PRE - Pick up - Service - No Authorization Required - FALSE&#xD;
&#xD;
2019-09-23 11:19:25 - [TEST_STEP][PASSED] - callTestCase(findTestCase("Regression BackOffice (All Browsers)/CLNK-23439 - Clink - Back office Client"), [:], STOP_ON_FAILURE): Call Test Case 'Test Cases/Regression BackOffice (All Browsers)/CLNK-23439 - Clink - Back office Client' successfully&#xD;
&#xD;
2019-09-23 11:19:25 - [TEST_CASE][PASSED] - Test Cases/Regression BackOffice (All Browsers)/CLNK-23439 - Clink - Back office Client: Test Cases/Regression BackOffice (All Browsers)/CLNK-23439 - Clink - Back office Client&#xD;
&#xD;
2019-09-23 11:19:25 - [TEST_STEP][PASSED] - deleteAllCookies(): Delete all cookies successfully&#xD;
&#xD;
2019-09-23 11:19:29 - [MESSAGE][PASSED] - Delete all cookies successfully&#xD;
&#xD;
2019-09-23 11:19:29 - [TEST_STEP][PASSED] - openBrowser(G_SiteBackOffice): Browser is opened with url: 'https://qanewpoc.continulink.com:8443/Backoffice/'&#xD;
&#xD;
2019-09-23 11:19:29 - [MESSAGE][WARNING] - A browser is already opened. Closing browser and opening a new one&#xD;
&#xD;
2019-09-23 11:19:29 - [MESSAGE][INFO] - Starting 'Chrome' driver&#xD;
&#xD;
2019-09-23 11:19:37 - [MESSAGE][PASSED] - Browser is opened with url: 'https://qanewpoc.continulink.com:8443/Backoffice/'&#xD;
&#xD;
2019-09-23 11:19:37 - [TEST_STEP][PASSED] - waitForPageLoad(60): Wait for page load successfully&#xD;
&#xD;
2019-09-23 11:19:37 - [MESSAGE][PASSED] - Wait for page load successfully&#xD;
&#xD;
2019-09-23 11:19:37 - [TEST_STEP][PASSED] - maximizeWindow(): Current window maximized&#xD;
&#xD;
2019-09-23 11:19:41 - [MESSAGE][PASSED] - Current window maximized&#xD;
&#xD;
2019-09-23 11:19:41 - [TEST_STEP][PASSED] - setText(findTestObject("Regression BackOffice/Login/UserBackOffice"), G_UserBackOffice): Text 'automation_admin' is set on object 'Object Repository/Regression BackOffice/Login/UserBackOffice'&#xD;
&#xD;
2019-09-23 11:19:41 - [MESSAGE][PASSED] - Text 'automation_admin' is set on object 'Object Repository/Regression BackOffice/Login/UserBackOffice'&#xD;
&#xD;
2019-09-23 11:19:41 - [TEST_STEP][PASSED] - setText(findTestObject("Regression BackOffice/Login/PasswordBackOffice"), G_PasswordBackOffice): Text 'qwerty' is set on object 'Object Repository/Regression BackOffice/Login/PasswordBackOffice'&#xD;
&#xD;
2019-09-23 11:19:42 - [MESSAGE][PASSED] - Text 'qwerty' is set on object 'Object Repository/Regression BackOffice/Login/PasswordBackOffice'&#xD;
&#xD;
2019-09-23 11:19:42 - [TEST_STEP][PASSED] - click(findTestObject("Regression BackOffice/Login/LoginBackOffice")): Object: 'Object Repository/Regression BackOffice/Login/LoginBackOffice' is clicked on&#xD;
&#xD;
2019-09-23 11:19:46 - [MESSAGE][PASSED] - Object: 'Object Repository/Regression BackOffice/Login/LoginBackOffice' is clicked on&#xD;
&#xD;
2019-09-23 11:19:46 - [TEST_STEP][PASSED] - waitForPageLoad(60): Wait for page load successfully&#xD;
&#xD;
2019-09-23 11:19:46 - [MESSAGE][PASSED] - Wait for page load successfully&#xD;
&#xD;
2019-09-23 11:19:46 - [TEST_STEP][PASSED] - delay(2): Delayed 2 second(s)&#xD;
&#xD;
2019-09-23 11:19:48 - [MESSAGE][PASSED] - Delayed 2 second(s)&#xD;
&#xD;
2019-09-23 11:19:48 - [TEST_STEP][PASSED] - switchToFrame(findTestObject("Regression BackOffice/CLINK-Frames/FrameFrameLeft"), 5, STOP_ON_FAILURE): null&#xD;
&#xD;
2019-09-23 11:19:48 - [TEST_STEP][PASSED] - delay(2): Delayed 2 second(s)&#xD;
&#xD;
2019-09-23 11:19:50 - [MESSAGE][PASSED] - Delayed 2 second(s)&#xD;
&#xD;
2019-09-23 11:19:50 - [TEST_STEP][PASSED] - waitForElementPresent(findTestObject("Regression BackOffice/CLINK-Frames/ClientIntake"), 50): Object 'Object Repository/Regression BackOffice/CLINK-Frames/ClientIntake' is present&#xD;
&#xD;
2019-09-23 11:19:50 - [MESSAGE][PASSED] - Object 'Object Repository/Regression BackOffice/CLINK-Frames/ClientIntake' is present&#xD;
&#xD;
2019-09-23 11:19:50 - [TEST_STEP][PASSED] - verifyElementPresent(findTestObject("Regression BackOffice/CLINK-Frames/ClientIntake"), 100, STOP_ON_FAILURE): Object 'Object Repository/Regression BackOffice/CLINK-Frames/ClientIntake' is present&#xD;
&#xD;
2019-09-23 11:19:50 - [MESSAGE][PASSED] - Object 'Object Repository/Regression BackOffice/CLINK-Frames/ClientIntake' is present&#xD;
&#xD;
2019-09-23 11:19:50 - [TEST_STEP][PASSED] - switchToDefaultContent(): null&#xD;
&#xD;
2019-09-23 11:19:50 - [MESSAGE][PASSED] - Call Test Case 'Test Cases/Regression BackOffice (All Browsers)/CLNK-23439 - Clink - Back office Client' successfully&#xD;
&#xD;
2019-09-23 11:19:50 - [TEST_STEP][PASSED] - waitForPageLoad(60): Wait for page load successfully&#xD;
&#xD;
2019-09-23 11:19:50 - [MESSAGE][PASSED] - Wait for page load successfully&#xD;
&#xD;
2019-09-23 11:19:50 - [TEST_STEP][PASSED] - delay(3): Delayed 3 second(s)&#xD;
&#xD;
2019-09-23 11:19:53 - [MESSAGE][PASSED] - Delayed 3 second(s)&#xD;
&#xD;
2019-09-23 11:19:53 - [TEST_STEP][PASSED] - switchToFrame(findTestObject("Regression BackOffice/CLNK-23449/FrameLeft"), 30): null&#xD;
&#xD;
2019-09-23 11:19:53 - [TEST_STEP][PASSED] - waitForElementPresent(findTestObject("Regression BackOffice/CLINK-30885/FinanceLink"), 100): Object 'Object Repository/Regression BackOffice/CLINK-30885/FinanceLink' is present&#xD;
&#xD;
2019-09-23 11:19:53 - [MESSAGE][PASSED] - Object 'Object Repository/Regression BackOffice/CLINK-30885/FinanceLink' is present&#xD;
&#xD;
2019-09-23 11:19:53 - [TEST_STEP][PASSED] - click(findTestObject("Regression BackOffice/CLINK-30885/FinanceLink")): Object: 'Object Repository/Regression BackOffice/CLINK-30885/FinanceLink' is clicked on&#xD;
&#xD;
2019-09-23 11:19:54 - [MESSAGE][PASSED] - Object: 'Object Repository/Regression BackOffice/CLINK-30885/FinanceLink' is clicked on&#xD;
&#xD;
2019-09-23 11:19:54 - [TEST_STEP][PASSED] - delay(2): Delayed 2 second(s)&#xD;
&#xD;
2019-09-23 11:19:56 - [MESSAGE][PASSED] - Delayed 2 second(s)&#xD;
&#xD;
2019-09-23 11:19:56 - [TEST_STEP][PASSED] - waitForPageLoad(50): Wait for page load successfully&#xD;
&#xD;
2019-09-23 11:19:56 - [MESSAGE][PASSED] - Wait for page load successfully&#xD;
&#xD;
2019-09-23 11:19:56 - [TEST_STEP][PASSED] - waitForElementPresent(findTestObject("Regression BackOffice/CLINK-30891/Group Bill Rates"), 50): Object 'Object Repository/Regression BackOffice/CLINK-30891/Group Bill Rates' is present&#xD;
&#xD;
2019-09-23 11:19:56 - [MESSAGE][PASSED] - Object 'Object Repository/Regression BackOffice/CLINK-30891/Group Bill Rates' is present&#xD;
&#xD;
2019-09-23 11:19:56 - [TEST_STEP][PASSED] - click(findTestObject("Regression BackOffice/CLINK-30891/Group Bill Rates")): Object: 'Object Repository/Regression BackOffice/CLINK-30891/Group Bill Rates' is clicked on&#xD;
&#xD;
2019-09-23 11:19:57 - [MESSAGE][PASSED] - Object: 'Object Repository/Regression BackOffice/CLINK-30891/Group Bill Rates' is clicked on&#xD;
&#xD;
2019-09-23 11:19:57 - [TEST_STEP][PASSED] - delay(2): Delayed 2 second(s)&#xD;
&#xD;
2019-09-23 11:19:59 - [MESSAGE][PASSED] - Delayed 2 second(s)&#xD;
&#xD;
2019-09-23 11:19:59 - [TEST_STEP][PASSED] - switchToDefaultContent(): null&#xD;
&#xD;
2019-09-23 11:19:59 - [TEST_STEP][PASSED] - switchToFrame(findTestObject("Regression BackOffice/CLNK-23449/FrameMain"), 30): null&#xD;
&#xD;
2019-09-23 11:19:59 - [TEST_STEP][PASSED] - waitForElementPresent(findTestObject("Regression BackOffice/CLINK-30891/PayerName"), 50): Object 'Object Repository/Regression BackOffice/CLINK-30891/PayerName' is present&#xD;
&#xD;
2019-09-23 11:19:59 - [MESSAGE][PASSED] - Object 'Object Repository/Regression BackOffice/CLINK-30891/PayerName' is present&#xD;
&#xD;
2019-09-23 11:19:59 - [TEST_STEP][PASSED] - click(findTestObject("Regression BackOffice/CLINK-30891/PayerName")): Object: 'Object Repository/Regression BackOffice/CLINK-30891/PayerName' is clicked on&#xD;
&#xD;
2019-09-23 11:19:59 - [MESSAGE][PASSED] - Object: 'Object Repository/Regression BackOffice/CLINK-30891/PayerName' is clicked on&#xD;
&#xD;
2019-09-23 11:19:59 - [TEST_STEP][PASSED] - sendKeys(findTestObject("Regression BackOffice/CLINK-30891/PayerName"), "AC"): Keys 'AC' sent to object: 'Object Repository/Regression BackOffice/CLINK-30891/PayerName'&#xD;
&#xD;
2019-09-23 11:19:59 - [MESSAGE][PASSED] - Keys 'AC' sent to object: 'Object Repository/Regression BackOffice/CLINK-30891/PayerName'&#xD;
&#xD;
2019-09-23 11:19:59 - [TEST_STEP][PASSED] - sendKeys(findTestObject("Regression BackOffice/CLINK-30891/PayerName"), Keys.chord(ENTER)): Keys 'ENTER + ' sent to object: 'Object Repository/Regression BackOffice/CLINK-30891/PayerName'&#xD;
&#xD;
2019-09-23 11:20:00 - [MESSAGE][PASSED] - Keys 'ENTER + ' sent to object: 'Object Repository/Regression BackOffice/CLINK-30891/PayerName'&#xD;
&#xD;
2019-09-23 11:20:00 - [TEST_STEP][NOT_RUN] - waitForElementPresent(findTestObject("Regression BackOffice/CLINK-30891/PlanName"), 50): NOT_RUN: waitForElementPresent(findTestObject("Regression BackOffice/CLINK-30891/PlanName"), 50)&#xD;
&#xD;
2019-09-23 11:20:00 - [MESSAGE][NOT_RUN] - NOT_RUN: waitForElementPresent(findTestObject("Regression BackOffice/CLINK-30891/PlanName"), 50)&#xD;
&#xD;
2019-09-23 11:20:00 - [TEST_STEP][NOT_RUN] - click(findTestObject("Regression BackOffice/CLINK-30891/PlanName")): NOT_RUN: click(findTestObject("Regression BackOffice/CLINK-30891/PlanName"))&#xD;
&#xD;
2019-09-23 11:20:00 - [MESSAGE][NOT_RUN] - NOT_RUN: click(findTestObject("Regression BackOffice/CLINK-30891/PlanName"))&#xD;
&#xD;
2019-09-23 11:20:00 - [TEST_STEP][NOT_RUN] - sendKeys(findTestObject("Regression BackOffice/CLINK-30891/PlanName"), Keys.chord(ARROW_DOWN, ENTER)): NOT_RUN: sendKeys(findTestObject("Regression BackOffice/CLINK-30891/PlanName"), Keys.chord(ARROW_DOWN, ENTER))&#xD;
&#xD;
2019-09-23 11:20:00 - [MESSAGE][NOT_RUN] - NOT_RUN: sendKeys(findTestObject("Regression BackOffice/CLINK-30891/PlanName"), Keys.chord(ARROW_DOWN, ENTER))&#xD;
&#xD;
2019-09-23 11:20:00 - [TEST_STEP][PASSED] - waitForPageLoad(50): Wait for page load successfully&#xD;
&#xD;
2019-09-23 11:20:00 - [MESSAGE][PASSED] - Wait for page load successfully&#xD;
&#xD;
2019-09-23 11:20:00 - [TEST_STEP][PASSED] - delay(2): Delayed 2 second(s)&#xD;
&#xD;
2019-09-23 11:20:02 - [MESSAGE][PASSED] - Delayed 2 second(s)&#xD;
&#xD;
2019-09-23 11:20:02 - [TEST_STEP][PASSED] - waitForElementPresent(findTestObject("Regression BackOffice/CLINK-30885/SearchButton"), 50): Object 'Object Repository/Regression BackOffice/CLINK-30885/SearchButton' is present&#xD;
&#xD;
2019-09-23 11:20:02 - [MESSAGE][PASSED] - Object 'Object Repository/Regression BackOffice/CLINK-30885/SearchButton' is present&#xD;
&#xD;
2019-09-23 11:20:02 - [TEST_STEP][PASSED] - click(findTestObject("Regression BackOffice/CLINK-30885/SearchButton")): Object: 'Object Repository/Regression BackOffice/CLINK-30885/SearchButton' is clicked on&#xD;
&#xD;
2019-09-23 11:20:03 - [MESSAGE][PASSED] - Object: 'Object Repository/Regression BackOffice/CLINK-30885/SearchButton' is clicked on&#xD;
&#xD;
2019-09-23 11:20:03 - [TEST_STEP][PASSED] - delay(3): Delayed 3 second(s)&#xD;
&#xD;
2019-09-23 11:20:06 - [MESSAGE][PASSED] - Delayed 3 second(s)&#xD;
&#xD;
2019-09-23 11:20:06 - [TEST_STEP][PASSED] - waitForElementPresent(findTestObject("Regression BackOffice/CLINK-30885/Payer Searched"), 50): Object 'Object Repository/Regression BackOffice/CLINK-30885/Payer Searched' is present&#xD;
&#xD;
2019-09-23 11:20:06 - [MESSAGE][PASSED] - Object 'Object Repository/Regression BackOffice/CLINK-30885/Payer Searched' is present&#xD;
&#xD;
2019-09-23 11:20:06 - [TEST_STEP][PASSED] - click(findTestObject("Regression BackOffice/CLINK-30885/Payer Searched")): Object: 'Object Repository/Regression BackOffice/CLINK-30885/Payer Searched' is clicked on&#xD;
&#xD;
2019-09-23 11:20:08 - [MESSAGE][PASSED] - Object: 'Object Repository/Regression BackOffice/CLINK-30885/Payer Searched' is clicked on&#xD;
&#xD;
2019-09-23 11:20:08 - [TEST_STEP][PASSED] - delay(3): Delayed 3 second(s)&#xD;
&#xD;
2019-09-23 11:20:11 - [MESSAGE][PASSED] - Delayed 3 second(s)&#xD;
&#xD;
2019-09-23 11:20:11 - [TEST_STEP][PASSED] - waitForPageLoad(50): Wait for page load successfully&#xD;
&#xD;
2019-09-23 11:20:11 - [MESSAGE][PASSED] - Wait for page load successfully&#xD;
&#xD;
2019-09-23 11:20:11 - [TEST_STEP][PASSED] - waitForElementPresent(findTestObject("Regression BackOffice/CLINK-30891/a_PCA"), 50): Object 'Object Repository/Regression BackOffice/CLINK-30891/a_PCA' is present&#xD;
&#xD;
2019-09-23 11:20:11 - [MESSAGE][PASSED] - Object 'Object Repository/Regression BackOffice/CLINK-30891/a_PCA' is present&#xD;
&#xD;
2019-09-23 11:20:11 - [TEST_STEP][PASSED] - click(findTestObject("Regression BackOffice/CLINK-30891/a_PCA")): Object: 'Object Repository/Regression BackOffice/CLINK-30891/a_PCA' is clicked on&#xD;
&#xD;
2019-09-23 11:20:11 - [MESSAGE][PASSED] - Object: 'Object Repository/Regression BackOffice/CLINK-30891/a_PCA' is clicked on&#xD;
&#xD;
2019-09-23 11:20:11 - [TEST_STEP][PASSED] - delay(3): Delayed 3 second(s)&#xD;
&#xD;
2019-09-23 11:20:14 - [MESSAGE][PASSED] - Delayed 3 second(s)&#xD;
&#xD;
2019-09-23 11:20:14 - [TEST_STEP][PASSED] - waitForElementPresent(findTestObject("Regression BackOffice/CLINK-30891/a_Fecha"), 50): Object 'Object Repository/Regression BackOffice/CLINK-30891/a_Fecha' is present&#xD;
&#xD;
2019-09-23 11:20:15 - [MESSAGE][PASSED] - Object 'Object Repository/Regression BackOffice/CLINK-30891/a_Fecha' is present&#xD;
&#xD;
2019-09-23 11:20:15 - [TEST_STEP][PASSED] - click(findTestObject("Regression BackOffice/CLINK-30891/a_Fecha")): Object: 'Object Repository/Regression BackOffice/CLINK-30891/a_Fecha' is clicked on&#xD;
&#xD;
2019-09-23 11:20:16 - [MESSAGE][PASSED] - Object: 'Object Repository/Regression BackOffice/CLINK-30891/a_Fecha' is clicked on&#xD;
&#xD;
2019-09-23 11:20:16 - [TEST_STEP][PASSED] - delay(3): Delayed 3 second(s)&#xD;
&#xD;
2019-09-23 11:20:19 - [MESSAGE][PASSED] - Delayed 3 second(s)&#xD;
&#xD;
2019-09-23 11:20:19 - [TEST_STEP][PASSED] - waitForElementPresent(findTestObject("Regression BackOffice/CLINK-30891/td_Authorization"), 50): Object 'Object Repository/Regression BackOffice/CLINK-30891/td_Authorization' is present&#xD;
&#xD;
2019-09-23 11:20:19 - [MESSAGE][PASSED] - Object 'Object Repository/Regression BackOffice/CLINK-30891/td_Authorization' is present&#xD;
&#xD;
2019-09-23 11:20:19 - [TEST_STEP][PASSED] - click(findTestObject("Regression BackOffice/CLINK-30891/td_Authorization")): Object: 'Object Repository/Regression BackOffice/CLINK-30891/td_Authorization' is clicked on&#xD;
&#xD;
2019-09-23 11:20:19 - [MESSAGE][PASSED] - Object: 'Object Repository/Regression BackOffice/CLINK-30891/td_Authorization' is clicked on&#xD;
&#xD;
2019-09-23 11:20:19 - [TEST_STEP][PASSED] - delay(3): Delayed 3 second(s)&#xD;
&#xD;
2019-09-23 11:20:22 - [MESSAGE][PASSED] - Delayed 3 second(s)&#xD;
&#xD;
2019-09-23 11:20:22 - [TEST_STEP][PASSED] - if (verifyElementChecked(findTestObject("Regression BackOffice/CLINK-30891/input_Authorization Group_chkNoAuthorizationRequired"), 10)): Delayed 5 second(s)&#xD;
&#xD;
2019-09-23 11:20:22 - [MESSAGE][PASSED] - Object 'Object Repository/Regression BackOffice/CLINK-30891/input_Authorization Group_chkNoAuthorizationRequired' is checked&#xD;
&#xD;
2019-09-23 11:20:22 - [TEST_STEP][PASSED] - click(findTestObject("Regression BackOffice/CLINK-30891/input_Authorization Group_chkNoAuthorizationRequired")): Object: 'Object Repository/Regression BackOffice/CLINK-30891/input_Authorization Group_chkNoAuthorizationRequired' is clicked on&#xD;
&#xD;
2019-09-23 11:20:23 - [MESSAGE][PASSED] - Object: 'Object Repository/Regression BackOffice/CLINK-30891/input_Authorization Group_chkNoAuthorizationRequired' is clicked on&#xD;
&#xD;
2019-09-23 11:20:23 - [TEST_STEP][PASSED] - delay(5): Delayed 5 second(s)&#xD;
&#xD;
2019-09-23 11:20:28 - [MESSAGE][PASSED] - Delayed 5 second(s)&#xD;
&#xD;
2019-09-23 11:20:28 - [TEST_STEP][PASSED] - if (verifyElementNotChecked(findTestObject("Regression BackOffice/CLINK-30891/Authorization Time Frame"), 10)): Delayed 5 second(s)&#xD;
&#xD;
2019-09-23 11:20:28 - [MESSAGE][PASSED] - Object 'Object Repository/Regression BackOffice/CLINK-30891/Authorization Time Frame' is not checked&#xD;
&#xD;
2019-09-23 11:20:28 - [TEST_STEP][PASSED] - click(findTestObject("Regression BackOffice/CLINK-30891/Authorization Time Frame")): Object: 'Object Repository/Regression BackOffice/CLINK-30891/Authorization Time Frame' is clicked on&#xD;
&#xD;
2019-09-23 11:20:28 - [MESSAGE][PASSED] - Object: 'Object Repository/Regression BackOffice/CLINK-30891/Authorization Time Frame' is clicked on&#xD;
&#xD;
2019-09-23 11:20:28 - [TEST_STEP][PASSED] - delay(5): Delayed 5 second(s)&#xD;
&#xD;
2019-09-23 11:20:33 - [MESSAGE][PASSED] - Delayed 5 second(s)&#xD;
&#xD;
2019-09-23 11:20:33 - [TEST_STEP][PASSED] - delay(3): Delayed 3 second(s)&#xD;
&#xD;
2019-09-23 11:20:36 - [MESSAGE][PASSED] - Delayed 3 second(s)&#xD;
&#xD;
2019-09-23 11:20:36 - [TEST_STEP][PASSED] - switchToDefaultContent(): null&#xD;
&#xD;
2019-09-23 11:20:36 - [TEST_STEP][PASSED] - switchToFrame(findTestObject("Regression BackOffice/CLNK-31354/frame_Capture object_BannerFrame"), 30): null&#xD;
&#xD;
2019-09-23 11:20:36 - [TEST_STEP][PASSED] - waitForElementPresent(findTestObject("Regression BackOffice/CLNK-31354/SaveButton"), 50): Object 'Object Repository/Regression BackOffice/CLNK-31354/SaveButton' is present&#xD;
&#xD;
2019-09-23 11:20:36 - [MESSAGE][PASSED] - Object 'Object Repository/Regression BackOffice/CLNK-31354/SaveButton' is present&#xD;
&#xD;
2019-09-23 11:20:36 - [TEST_STEP][PASSED] - click(findTestObject("Regression BackOffice/CLNK-31354/SaveButton")): Object: 'Object Repository/Regression BackOffice/CLNK-31354/SaveButton' is clicked on&#xD;
&#xD;
2019-09-23 11:20:36 - [MESSAGE][PASSED] - Object: 'Object Repository/Regression BackOffice/CLNK-31354/SaveButton' is clicked on&#xD;
&#xD;
2019-09-23 11:20:36 - [TEST_STEP][PASSED] - delay(5): Delayed 5 second(s)&#xD;
&#xD;
2019-09-23 11:20:41 - [MESSAGE][PASSED] - Delayed 5 second(s)&#xD;
&#xD;
2019-09-23 11:20:41 - [TEST_STEP][PASSED] - waitForAlert(30): Alert is present after 30 second(s).&#xD;
&#xD;
2019-09-23 11:20:41 - [MESSAGE][PASSED] - Alert is present after 30 second(s).&#xD;
&#xD;
2019-09-23 11:20:41 - [TEST_STEP][PASSED] - acceptAlert(): Alert accepted&#xD;
&#xD;
2019-09-23 11:20:41 - [MESSAGE][PASSED] - Alert accepted&#xD;
&#xD;
2019-09-23 11:20:41 - [TEST_STEP][PASSED] - delay(3): Delayed 3 second(s)&#xD;
&#xD;
2019-09-23 11:20:44 - [MESSAGE][PASSED] - Delayed 3 second(s)&#xD;
&#xD;
2019-09-23 11:20:44 - [TEST_STEP][PASSED] - acceptAlert(): Alert accepted&#xD;
&#xD;
2019-09-23 11:20:44 - [MESSAGE][PASSED] - Alert accepted&#xD;
&#xD;
2019-09-23 11:20:44 - [TEST_STEP][PASSED] - delay(3): Delayed 3 second(s)&#xD;
&#xD;
2019-09-23 11:20:47 - [MESSAGE][PASSED] - Delayed 3 second(s)&#xD;
&#xD;
2019-09-23 11:20:47 - [TEST_STEP][PASSED] - driver = getWebDriver(): null&#xD;
&#xD;
2019-09-23 11:20:47 - [TEST_STEP][PASSED] - fecha = G_Auth_Date: null&#xD;
&#xD;
2019-09-23 11:20:47 - [TEST_STEP][PASSED] - alert().sendKeys(fecha): null&#xD;
&#xD;
2019-09-23 11:20:47 - [TEST_STEP][PASSED] - acceptAlert(): Alert accepted&#xD;
&#xD;
2019-09-23 11:20:47 - [MESSAGE][PASSED] - Alert accepted&#xD;
&#xD;
2019-09-23 11:20:47 - [TEST_STEP][PASSED] - delay(10): Delayed 10 second(s)&#xD;
&#xD;
2019-09-23 11:20:57 - [MESSAGE][PASSED] - Delayed 10 second(s)</system-out>
            <system-err></system-err>
        </testcase>
        <testcase name="Test Cases/Regression BackOffice (All Browsers)/CLNK-31481 - PRE - Matching First Day of Business Week" classname="Test Cases/Regression BackOffice (All Browsers)/CLNK-31481 - PRE - Matching First Day of Business Week" status="PASSED">
            <system-out>2019-09-23 11:21:00 - [TEST_CASE][PASSED] - Test Cases/Regression BackOffice (All Browsers)/CLNK-31481 - PRE - Matching First Day of Business Week: Test Cases/Regression BackOffice (All Browsers)/CLNK-31481 - PRE - Matching First Day of Business Week&#xD;
&#xD;
2019-09-23 11:21:00 - [TEST_STEP][PASSED] - callTestCase(findTestCase("Regression BackOffice (All Browsers)/CLNK-23439 - Clink - Back office Client"), [:], STOP_ON_FAILURE): Call Test Case 'Test Cases/Regression BackOffice (All Browsers)/CLNK-23439 - Clink - Back office Client' successfully&#xD;
&#xD;
2019-09-23 11:21:00 - [TEST_CASE][PASSED] - Test Cases/Regression BackOffice (All Browsers)/CLNK-23439 - Clink - Back office Client: Test Cases/Regression BackOffice (All Browsers)/CLNK-23439 - Clink - Back office Client&#xD;
&#xD;
2019-09-23 11:21:00 - [TEST_STEP][PASSED] - deleteAllCookies(): Delete all cookies successfully&#xD;
&#xD;
2019-09-23 11:21:00 - [MESSAGE][PASSED] - Delete all cookies successfully&#xD;
&#xD;
2019-09-23 11:21:00 - [TEST_STEP][PASSED] - openBrowser(G_SiteBackOffice): Browser is opened with url: 'https://qanewpoc.continulink.com:8443/Backoffice/'&#xD;
&#xD;
2019-09-23 11:21:00 - [MESSAGE][WARNING] - A browser is already opened. Closing browser and opening a new one&#xD;
&#xD;
2019-09-23 11:21:01 - [MESSAGE][INFO] - Starting 'Chrome' driver&#xD;
&#xD;
2019-09-23 11:21:08 - [MESSAGE][PASSED] - Browser is opened with url: 'https://qanewpoc.continulink.com:8443/Backoffice/'&#xD;
&#xD;
2019-09-23 11:21:08 - [TEST_STEP][PASSED] - waitForPageLoad(60): Wait for page load successfully&#xD;
&#xD;
2019-09-23 11:21:08 - [MESSAGE][PASSED] - Wait for page load successfully&#xD;
&#xD;
2019-09-23 11:21:08 - [TEST_STEP][PASSED] - maximizeWindow(): Current window maximized&#xD;
&#xD;
2019-09-23 11:21:12 - [MESSAGE][PASSED] - Current window maximized&#xD;
&#xD;
2019-09-23 11:21:12 - [TEST_STEP][PASSED] - setText(findTestObject("Regression BackOffice/Login/UserBackOffice"), G_UserBackOffice): Text 'automation_admin' is set on object 'Object Repository/Regression BackOffice/Login/UserBackOffice'&#xD;
&#xD;
2019-09-23 11:21:13 - [MESSAGE][PASSED] - Text 'automation_admin' is set on object 'Object Repository/Regression BackOffice/Login/UserBackOffice'&#xD;
&#xD;
2019-09-23 11:21:13 - [TEST_STEP][PASSED] - setText(findTestObject("Regression BackOffice/Login/PasswordBackOffice"), G_PasswordBackOffice): Text 'qwerty' is set on object 'Object Repository/Regression BackOffice/Login/PasswordBackOffice'&#xD;
&#xD;
2019-09-23 11:21:13 - [MESSAGE][PASSED] - Text 'qwerty' is set on object 'Object Repository/Regression BackOffice/Login/PasswordBackOffice'&#xD;
&#xD;
2019-09-23 11:21:13 - [TEST_STEP][PASSED] - click(findTestObject("Regression BackOffice/Login/LoginBackOffice")): Object: 'Object Repository/Regression BackOffice/Login/LoginBackOffice' is clicked on&#xD;
&#xD;
2019-09-23 11:21:18 - [MESSAGE][PASSED] - Object: 'Object Repository/Regression BackOffice/Login/LoginBackOffice' is clicked on&#xD;
&#xD;
2019-09-23 11:21:18 - [TEST_STEP][PASSED] - waitForPageLoad(60): Wait for page load successfully&#xD;
&#xD;
2019-09-23 11:21:18 - [MESSAGE][PASSED] - Wait for page load successfully&#xD;
&#xD;
2019-09-23 11:21:18 - [TEST_STEP][PASSED] - delay(2): Delayed 2 second(s)&#xD;
&#xD;
2019-09-23 11:21:20 - [MESSAGE][PASSED] - Delayed 2 second(s)&#xD;
&#xD;
2019-09-23 11:21:20 - [TEST_STEP][PASSED] - switchToFrame(findTestObject("Regression BackOffice/CLINK-Frames/FrameFrameLeft"), 5, STOP_ON_FAILURE): null&#xD;
&#xD;
2019-09-23 11:21:20 - [TEST_STEP][PASSED] - delay(2): Delayed 2 second(s)&#xD;
&#xD;
2019-09-23 11:21:22 - [MESSAGE][PASSED] - Delayed 2 second(s)&#xD;
&#xD;
2019-09-23 11:21:22 - [TEST_STEP][PASSED] - waitForElementPresent(findTestObject("Regression BackOffice/CLINK-Frames/ClientIntake"), 50): Object 'Object Repository/Regression BackOffice/CLINK-Frames/ClientIntake' is present&#xD;
&#xD;
2019-09-23 11:21:23 - [MESSAGE][PASSED] - Object 'Object Repository/Regression BackOffice/CLINK-Frames/ClientIntake' is present&#xD;
&#xD;
2019-09-23 11:21:23 - [TEST_STEP][PASSED] - verifyElementPresent(findTestObject("Regression BackOffice/CLINK-Frames/ClientIntake"), 100, STOP_ON_FAILURE): Object 'Object Repository/Regression BackOffice/CLINK-Frames/ClientIntake' is present&#xD;
&#xD;
2019-09-23 11:21:23 - [MESSAGE][PASSED] - Object 'Object Repository/Regression BackOffice/CLINK-Frames/ClientIntake' is present&#xD;
&#xD;
2019-09-23 11:21:23 - [TEST_STEP][PASSED] - switchToDefaultContent(): null&#xD;
&#xD;
2019-09-23 11:21:23 - [MESSAGE][PASSED] - Call Test Case 'Test Cases/Regression BackOffice (All Browsers)/CLNK-23439 - Clink - Back office Client' successfully&#xD;
&#xD;
2019-09-23 11:21:23 - [TEST_STEP][PASSED] - waitForPageLoad(60): Wait for page load successfully&#xD;
&#xD;
2019-09-23 11:21:23 - [MESSAGE][PASSED] - Wait for page load successfully&#xD;
&#xD;
2019-09-23 11:21:23 - [TEST_STEP][PASSED] - delay(3): Delayed 3 second(s)&#xD;
&#xD;
2019-09-23 11:21:26 - [MESSAGE][PASSED] - Delayed 3 second(s)&#xD;
&#xD;
2019-09-23 11:21:26 - [TEST_STEP][PASSED] - switchToFrame(findTestObject("Regression BackOffice/CLNK-23449/FrameLeft"), 30): null&#xD;
&#xD;
2019-09-23 11:21:26 - [TEST_STEP][PASSED] - waitForElementPresent(findTestObject("Regression BackOffice/CLINK-31481/ManagementLink"), 100): Object 'Object Repository/Regression BackOffice/CLINK-31481/ManagementLink' is present&#xD;
&#xD;
2019-09-23 11:21:26 - [MESSAGE][WARNING] - Test object with id 'Object Repository/Regression BackOffice/CLINK-31481/Page_InterLink/frame_Capture object_FrameLeft' does not exist&#xD;
&#xD;
2019-09-23 11:21:26 - [MESSAGE][PASSED] - Object 'Object Repository/Regression BackOffice/CLINK-31481/ManagementLink' is present&#xD;
&#xD;
2019-09-23 11:21:26 - [TEST_STEP][PASSED] - click(findTestObject("Regression BackOffice/CLINK-31481/ManagementLink")): Object: 'Object Repository/Regression BackOffice/CLINK-31481/ManagementLink' is clicked on&#xD;
&#xD;
2019-09-23 11:21:26 - [MESSAGE][WARNING] - Test object with id 'Object Repository/Regression BackOffice/CLINK-31481/Page_InterLink/frame_Capture object_FrameLeft' does not exist&#xD;
&#xD;
2019-09-23 11:21:26 - [MESSAGE][PASSED] - Object: 'Object Repository/Regression BackOffice/CLINK-31481/ManagementLink' is clicked on&#xD;
&#xD;
2019-09-23 11:21:26 - [TEST_STEP][PASSED] - delay(2): Delayed 2 second(s)&#xD;
&#xD;
2019-09-23 11:21:28 - [MESSAGE][PASSED] - Delayed 2 second(s)&#xD;
&#xD;
2019-09-23 11:21:28 - [TEST_STEP][PASSED] - waitForPageLoad(50): Wait for page load successfully&#xD;
&#xD;
2019-09-23 11:21:28 - [MESSAGE][PASSED] - Wait for page load successfully&#xD;
&#xD;
2019-09-23 11:21:28 - [TEST_STEP][PASSED] - waitForElementPresent(findTestObject("Regression BackOffice/CLINK-31481/Business Unit Demographics"), 50): Object 'Object Repository/Regression BackOffice/CLINK-31481/Business Unit Demographics' is present&#xD;
&#xD;
2019-09-23 11:21:28 - [MESSAGE][PASSED] - Object 'Object Repository/Regression BackOffice/CLINK-31481/Business Unit Demographics' is present&#xD;
&#xD;
2019-09-23 11:21:28 - [TEST_STEP][PASSED] - click(findTestObject("Regression BackOffice/CLINK-31481/Business Unit Demographics")): Object: 'Object Repository/Regression BackOffice/CLINK-31481/Business Unit Demographics' is clicked on&#xD;
&#xD;
2019-09-23 11:21:33 - [MESSAGE][PASSED] - Object: 'Object Repository/Regression BackOffice/CLINK-31481/Business Unit Demographics' is clicked on&#xD;
&#xD;
2019-09-23 11:21:33 - [TEST_STEP][PASSED] - delay(2): Delayed 2 second(s)&#xD;
&#xD;
2019-09-23 11:21:35 - [MESSAGE][PASSED] - Delayed 2 second(s)&#xD;
&#xD;
2019-09-23 11:21:35 - [TEST_STEP][PASSED] - switchToDefaultContent(): null&#xD;
&#xD;
2019-09-23 11:21:35 - [TEST_STEP][PASSED] - switchToFrame(findTestObject("Regression BackOffice/CLNK-23449/FrameMain"), 30): null&#xD;
&#xD;
2019-09-23 11:21:36 - [TEST_STEP][PASSED] - waitForElementPresent(findTestObject("Regression BackOffice/CLINK-31481/WeekDay"), 50): Object 'Object Repository/Regression BackOffice/CLINK-31481/WeekDay' is present&#xD;
&#xD;
2019-09-23 11:21:36 - [MESSAGE][PASSED] - Object 'Object Repository/Regression BackOffice/CLINK-31481/WeekDay' is present&#xD;
&#xD;
2019-09-23 11:21:36 - [TEST_STEP][PASSED] - click(findTestObject("Regression BackOffice/CLINK-31481/WeekDay")): Object: 'Object Repository/Regression BackOffice/CLINK-31481/WeekDay' is clicked on&#xD;
&#xD;
2019-09-23 11:21:36 - [MESSAGE][PASSED] - Object: 'Object Repository/Regression BackOffice/CLINK-31481/WeekDay' is clicked on&#xD;
&#xD;
2019-09-23 11:21:36 - [TEST_STEP][PASSED] - sendKeys(findTestObject("Regression BackOffice/CLINK-31481/WeekDay"), "Fr"): Keys 'Fr' sent to object: 'Object Repository/Regression BackOffice/CLINK-31481/WeekDay'&#xD;
&#xD;
2019-09-23 11:21:36 - [MESSAGE][PASSED] - Keys 'Fr' sent to object: 'Object Repository/Regression BackOffice/CLINK-31481/WeekDay'&#xD;
&#xD;
2019-09-23 11:21:36 - [TEST_STEP][PASSED] - delay(2): Delayed 2 second(s)&#xD;
&#xD;
2019-09-23 11:21:38 - [MESSAGE][PASSED] - Delayed 2 second(s)&#xD;
&#xD;
2019-09-23 11:21:38 - [TEST_STEP][PASSED] - sendKeys(findTestObject("Regression BackOffice/CLINK-31481/WeekDay"), Keys.chord(ENTER)): Keys 'ENTER + ' sent to object: 'Object Repository/Regression BackOffice/CLINK-31481/WeekDay'&#xD;
&#xD;
2019-09-23 11:21:39 - [MESSAGE][PASSED] - Keys 'ENTER + ' sent to object: 'Object Repository/Regression BackOffice/CLINK-31481/WeekDay'&#xD;
&#xD;
2019-09-23 11:21:39 - [TEST_STEP][PASSED] - delay(2): Delayed 2 second(s)&#xD;
&#xD;
2019-09-23 11:21:41 - [MESSAGE][PASSED] - Delayed 2 second(s)&#xD;
&#xD;
2019-09-23 11:21:41 - [TEST_STEP][PASSED] - switchToDefaultContent(): null&#xD;
&#xD;
2019-09-23 11:21:41 - [TEST_STEP][PASSED] - switchToFrame(findTestObject("Regression BackOffice/CLNK-31354/frame_Capture object_BannerFrame"), 30): null&#xD;
&#xD;
2019-09-23 11:21:41 - [TEST_STEP][PASSED] - waitForElementPresent(findTestObject("Regression BackOffice/CLNK-31354/SaveButton"), 50): Object 'Object Repository/Regression BackOffice/CLNK-31354/SaveButton' is present&#xD;
&#xD;
2019-09-23 11:21:41 - [MESSAGE][PASSED] - Object 'Object Repository/Regression BackOffice/CLNK-31354/SaveButton' is present&#xD;
&#xD;
2019-09-23 11:21:41 - [TEST_STEP][PASSED] - click(findTestObject("Regression BackOffice/CLNK-31354/SaveButton")): Object: 'Object Repository/Regression BackOffice/CLNK-31354/SaveButton' is clicked on&#xD;
&#xD;
2019-09-23 11:22:00 - [MESSAGE][PASSED] - Object: 'Object Repository/Regression BackOffice/CLNK-31354/SaveButton' is clicked on&#xD;
&#xD;
2019-09-23 11:22:00 - [TEST_STEP][PASSED] - delay(5): Delayed 5 second(s)&#xD;
&#xD;
2019-09-23 11:22:05 - [MESSAGE][PASSED] - Delayed 5 second(s)&#xD;
&#xD;
2019-09-23 11:22:05 - [TEST_STEP][NOT_RUN] - waitForPageLoad(50): NOT_RUN: waitForPageLoad(50)&#xD;
&#xD;
2019-09-23 11:22:05 - [MESSAGE][NOT_RUN] - NOT_RUN: waitForPageLoad(50)&#xD;
&#xD;
2019-09-23 11:22:05 - [TEST_STEP][NOT_RUN] - switchToDefaultContent(): NOT_RUN: switchToDefaultContent()&#xD;
&#xD;
2019-09-23 11:22:05 - [MESSAGE][NOT_RUN] - NOT_RUN: switchToDefaultContent()&#xD;
&#xD;
2019-09-23 11:22:05 - [TEST_STEP][NOT_RUN] - switchToFrame(findTestObject("Regression BackOffice/CLNK-23449/FrameLeft"), 30): NOT_RUN: switchToFrame(findTestObject("Regression BackOffice/CLNK-23449/FrameLeft"), 30)&#xD;
&#xD;
2019-09-23 11:22:05 - [MESSAGE][NOT_RUN] - NOT_RUN: switchToFrame(findTestObject("Regression BackOffice/CLNK-23449/FrameLeft"), 30)&#xD;
&#xD;
2019-09-23 11:22:05 - [TEST_STEP][NOT_RUN] - waitForElementPresent(findTestObject("Regression BackOffice/CLINK-30885/FinanceLink"), 100): NOT_RUN: waitForElementPresent(findTestObject("Regression BackOffice/CLINK-30885/FinanceLink"), 100)&#xD;
&#xD;
2019-09-23 11:22:05 - [MESSAGE][NOT_RUN] - NOT_RUN: waitForElementPresent(findTestObject("Regression BackOffice/CLINK-30885/FinanceLink"), 100)&#xD;
&#xD;
2019-09-23 11:22:05 - [TEST_STEP][NOT_RUN] - click(findTestObject("Regression BackOffice/CLINK-30885/FinanceLink")): NOT_RUN: click(findTestObject("Regression BackOffice/CLINK-30885/FinanceLink"))&#xD;
&#xD;
2019-09-23 11:22:05 - [MESSAGE][NOT_RUN] - NOT_RUN: click(findTestObject("Regression BackOffice/CLINK-30885/FinanceLink"))&#xD;
&#xD;
2019-09-23 11:22:05 - [TEST_STEP][NOT_RUN] - delay(2): NOT_RUN: delay(2)&#xD;
&#xD;
2019-09-23 11:22:05 - [MESSAGE][NOT_RUN] - NOT_RUN: delay(2)&#xD;
&#xD;
2019-09-23 11:22:05 - [TEST_STEP][NOT_RUN] - waitForPageLoad(50): NOT_RUN: waitForPageLoad(50)&#xD;
&#xD;
2019-09-23 11:22:05 - [MESSAGE][NOT_RUN] - NOT_RUN: waitForPageLoad(50)&#xD;
&#xD;
2019-09-23 11:22:05 - [TEST_STEP][NOT_RUN] - waitForElementPresent(findTestObject("Regression BackOffice/CLINK-30885/Group Bill RulesLink"), 50): NOT_RUN: waitForElementPresent(findTestObject("Regression BackOffice/CLINK-30885/Group Bill RulesLink"), 50)&#xD;
&#xD;
2019-09-23 11:22:05 - [MESSAGE][NOT_RUN] - NOT_RUN: waitForElementPresent(findTestObject("Regression BackOffice/CLINK-30885/Group Bill RulesLink"), 50)&#xD;
&#xD;
2019-09-23 11:22:05 - [TEST_STEP][NOT_RUN] - click(findTestObject("Regression BackOffice/CLINK-30885/Group Bill RulesLink")): NOT_RUN: click(findTestObject("Regression BackOffice/CLINK-30885/Group Bill RulesLink"))&#xD;
&#xD;
2019-09-23 11:22:05 - [MESSAGE][NOT_RUN] - NOT_RUN: click(findTestObject("Regression BackOffice/CLINK-30885/Group Bill RulesLink"))&#xD;
&#xD;
2019-09-23 11:22:05 - [TEST_STEP][NOT_RUN] - delay(2): NOT_RUN: delay(2)&#xD;
&#xD;
2019-09-23 11:22:05 - [MESSAGE][NOT_RUN] - NOT_RUN: delay(2)&#xD;
&#xD;
2019-09-23 11:22:05 - [TEST_STEP][NOT_RUN] - switchToDefaultContent(): NOT_RUN: switchToDefaultContent()&#xD;
&#xD;
2019-09-23 11:22:05 - [MESSAGE][NOT_RUN] - NOT_RUN: switchToDefaultContent()&#xD;
&#xD;
2019-09-23 11:22:05 - [TEST_STEP][NOT_RUN] - switchToFrame(findTestObject("Regression BackOffice/CLNK-23449/FrameMain"), 30): NOT_RUN: switchToFrame(findTestObject("Regression BackOffice/CLNK-23449/FrameMain"), 30)&#xD;
&#xD;
2019-09-23 11:22:05 - [MESSAGE][NOT_RUN] - NOT_RUN: switchToFrame(findTestObject("Regression BackOffice/CLNK-23449/FrameMain"), 30)&#xD;
&#xD;
2019-09-23 11:22:05 - [TEST_STEP][NOT_RUN] - waitForElementPresent(findTestObject("Regression BackOffice/CLINK-30885/PayerName"), 50): NOT_RUN: waitForElementPresent(findTestObject("Regression BackOffice/CLINK-30885/PayerName"), 50)&#xD;
&#xD;
2019-09-23 11:22:05 - [MESSAGE][NOT_RUN] - NOT_RUN: waitForElementPresent(findTestObject("Regression BackOffice/CLINK-30885/PayerName"), 50)&#xD;
&#xD;
2019-09-23 11:22:05 - [TEST_STEP][NOT_RUN] - click(findTestObject("Regression BackOffice/CLINK-30885/PayerName")): NOT_RUN: click(findTestObject("Regression BackOffice/CLINK-30885/PayerName"))&#xD;
&#xD;
2019-09-23 11:22:05 - [MESSAGE][NOT_RUN] - NOT_RUN: click(findTestObject("Regression BackOffice/CLINK-30885/PayerName"))&#xD;
&#xD;
2019-09-23 11:22:05 - [TEST_STEP][NOT_RUN] - sendKeys(findTestObject("Regression BackOffice/CLINK-30885/PayerName"), "AC"): NOT_RUN: sendKeys(findTestObject("Regression BackOffice/CLINK-30885/PayerName"), "AC")&#xD;
&#xD;
2019-09-23 11:22:05 - [MESSAGE][NOT_RUN] - NOT_RUN: sendKeys(findTestObject("Regression BackOffice/CLINK-30885/PayerName"), "AC")&#xD;
&#xD;
2019-09-23 11:22:05 - [TEST_STEP][NOT_RUN] - sendKeys(findTestObject("Regression BackOffice/CLINK-30885/PayerName"), Keys.chord(ENTER)): NOT_RUN: sendKeys(findTestObject("Regression BackOffice/CLINK-30885/PayerName"), Keys.chord(ENTER))&#xD;
&#xD;
2019-09-23 11:22:05 - [MESSAGE][NOT_RUN] - NOT_RUN: sendKeys(findTestObject("Regression BackOffice/CLINK-30885/PayerName"), Keys.chord(ENTER))&#xD;
&#xD;
2019-09-23 11:22:05 - [TEST_STEP][NOT_RUN] - waitForElementPresent(findTestObject("Regression BackOffice/CLINK-30885/PlanName"), 50): NOT_RUN: waitForElementPresent(findTestObject("Regression BackOffice/CLINK-30885/PlanName"), 50)&#xD;
&#xD;
2019-09-23 11:22:05 - [MESSAGE][NOT_RUN] - NOT_RUN: waitForElementPresent(findTestObject("Regression BackOffice/CLINK-30885/PlanName"), 50)&#xD;
&#xD;
2019-09-23 11:22:05 - [TEST_STEP][NOT_RUN] - click(findTestObject("Regression BackOffice/CLINK-30885/PlanName")): NOT_RUN: click(findTestObject("Regression BackOffice/CLINK-30885/PlanName"))&#xD;
&#xD;
2019-09-23 11:22:05 - [MESSAGE][NOT_RUN] - NOT_RUN: click(findTestObject("Regression BackOffice/CLINK-30885/PlanName"))&#xD;
&#xD;
2019-09-23 11:22:05 - [TEST_STEP][NOT_RUN] - sendKeys(findTestObject("Regression BackOffice/CLINK-30885/PlanName"), Keys.chord(ARROW_DOWN, ENTER)): NOT_RUN: sendKeys(findTestObject("Regression BackOffice/CLINK-30885/PlanName"), Keys.chord(ARROW_DOWN, ENTER))&#xD;
&#xD;
2019-09-23 11:22:05 - [MESSAGE][NOT_RUN] - NOT_RUN: sendKeys(findTestObject("Regression BackOffice/CLINK-30885/PlanName"), Keys.chord(ARROW_DOWN, ENTER))&#xD;
&#xD;
2019-09-23 11:22:05 - [TEST_STEP][NOT_RUN] - waitForPageLoad(50): NOT_RUN: waitForPageLoad(50)&#xD;
&#xD;
2019-09-23 11:22:05 - [MESSAGE][NOT_RUN] - NOT_RUN: waitForPageLoad(50)&#xD;
&#xD;
2019-09-23 11:22:05 - [TEST_STEP][NOT_RUN] - delay(2): NOT_RUN: delay(2)&#xD;
&#xD;
2019-09-23 11:22:05 - [MESSAGE][NOT_RUN] - NOT_RUN: delay(2)&#xD;
&#xD;
2019-09-23 11:22:05 - [TEST_STEP][NOT_RUN] - waitForElementPresent(findTestObject("Regression BackOffice/CLINK-30885/SearchButton"), 50): NOT_RUN: waitForElementPresent(findTestObject("Regression BackOffice/CLINK-30885/SearchButton"), 50)&#xD;
&#xD;
2019-09-23 11:22:05 - [MESSAGE][NOT_RUN] - NOT_RUN: waitForElementPresent(findTestObject("Regression BackOffice/CLINK-30885/SearchButton"), 50)&#xD;
&#xD;
2019-09-23 11:22:05 - [TEST_STEP][NOT_RUN] - click(findTestObject("Regression BackOffice/CLINK-30885/SearchButton")): NOT_RUN: click(findTestObject("Regression BackOffice/CLINK-30885/SearchButton"))&#xD;
&#xD;
2019-09-23 11:22:05 - [MESSAGE][NOT_RUN] - NOT_RUN: click(findTestObject("Regression BackOffice/CLINK-30885/SearchButton"))&#xD;
&#xD;
2019-09-23 11:22:05 - [TEST_STEP][NOT_RUN] - delay(5): NOT_RUN: delay(5)&#xD;
&#xD;
2019-09-23 11:22:05 - [MESSAGE][NOT_RUN] - NOT_RUN: delay(5)&#xD;
&#xD;
2019-09-23 11:22:05 - [TEST_STEP][NOT_RUN] - waitForElementPresent(findTestObject("Regression BackOffice/CLINK-30885/Payer Searched"), 50): NOT_RUN: waitForElementPresent(findTestObject("Regression BackOffice/CLINK-30885/Payer Searched"), 50)&#xD;
&#xD;
2019-09-23 11:22:05 - [MESSAGE][NOT_RUN] - NOT_RUN: waitForElementPresent(findTestObject("Regression BackOffice/CLINK-30885/Payer Searched"), 50)&#xD;
&#xD;
2019-09-23 11:22:05 - [TEST_STEP][NOT_RUN] - click(findTestObject("Regression BackOffice/CLINK-30885/Payer Searched")): NOT_RUN: click(findTestObject("Regression BackOffice/CLINK-30885/Payer Searched"))&#xD;
&#xD;
2019-09-23 11:22:05 - [MESSAGE][NOT_RUN] - NOT_RUN: click(findTestObject("Regression BackOffice/CLINK-30885/Payer Searched"))&#xD;
&#xD;
2019-09-23 11:22:05 - [TEST_STEP][NOT_RUN] - delay(2): NOT_RUN: delay(2)&#xD;
&#xD;
2019-09-23 11:22:05 - [MESSAGE][NOT_RUN] - NOT_RUN: delay(2)&#xD;
&#xD;
2019-09-23 11:22:05 - [TEST_STEP][NOT_RUN] - waitForPageLoad(50): NOT_RUN: waitForPageLoad(50)&#xD;
&#xD;
2019-09-23 11:22:05 - [MESSAGE][NOT_RUN] - NOT_RUN: waitForPageLoad(50)&#xD;
&#xD;
2019-09-23 11:22:05 - [TEST_STEP][NOT_RUN] - waitForElementPresent(findTestObject("Regression BackOffice/CLINK-30885/Frequency"), 50): NOT_RUN: waitForElementPresent(findTestObject("Regression BackOffice/CLINK-30885/Frequency"), 50)&#xD;
&#xD;
2019-09-23 11:22:05 - [MESSAGE][NOT_RUN] - NOT_RUN: waitForElementPresent(findTestObject("Regression BackOffice/CLINK-30885/Frequency"), 50)&#xD;
&#xD;
2019-09-23 11:22:05 - [TEST_STEP][NOT_RUN] - click(findTestObject("Regression BackOffice/CLINK-30885/Frequency")): NOT_RUN: click(findTestObject("Regression BackOffice/CLINK-30885/Frequency"))&#xD;
&#xD;
2019-09-23 11:22:05 - [MESSAGE][NOT_RUN] - NOT_RUN: click(findTestObject("Regression BackOffice/CLINK-30885/Frequency"))&#xD;
&#xD;
2019-09-23 11:22:05 - [TEST_STEP][NOT_RUN] - sendKeys(findTestObject("Regression BackOffice/CLINK-30885/Frequency"), Keys.chord(ARROW_UP, ARROW_UP, ARROW_UP, ENTER)): NOT_RUN: sendKeys(findTestObject("Regression BackOffice/CLINK-30885/Frequency"), Keys.chord(ARROW_UP, ARROW_UP, ARROW_UP, ENTER))&#xD;
&#xD;
2019-09-23 11:22:05 - [MESSAGE][NOT_RUN] - NOT_RUN: sendKeys(findTestObject("Regression BackOffice/CLINK-30885/Frequency"), Keys.chord(ARROW_UP, ARROW_UP, ARROW_UP, ENTER))&#xD;
&#xD;
2019-09-23 11:22:05 - [TEST_STEP][NOT_RUN] - delay(5): NOT_RUN: delay(5)&#xD;
&#xD;
2019-09-23 11:22:05 - [MESSAGE][NOT_RUN] - NOT_RUN: delay(5)</system-out>
            <system-err></system-err>
        </testcase>
        <testcase name="Test Cases/Regression BackOffice (All Browsers)/CLNK-30887 - PRE - No authorization created" classname="Test Cases/Regression BackOffice (All Browsers)/CLNK-30887 - PRE - No authorization created" status="PASSED">
            <system-out>2019-09-23 11:22:07 - [TEST_CASE][PASSED] - Test Cases/Regression BackOffice (All Browsers)/CLNK-30887 - PRE - No authorization created: Test Cases/Regression BackOffice (All Browsers)/CLNK-30887 - PRE - No authorization created&#xD;
&#xD;
2019-09-23 11:22:08 - [TEST_STEP][PASSED] - callTestCase(findTestCase("Regression BackOffice (All Browsers)/CLNK-23439 - Clink - Back office Client"), [:], STOP_ON_FAILURE): Call Test Case 'Test Cases/Regression BackOffice (All Browsers)/CLNK-23439 - Clink - Back office Client' successfully&#xD;
&#xD;
2019-09-23 11:22:08 - [TEST_CASE][PASSED] - Test Cases/Regression BackOffice (All Browsers)/CLNK-23439 - Clink - Back office Client: Test Cases/Regression BackOffice (All Browsers)/CLNK-23439 - Clink - Back office Client&#xD;
&#xD;
2019-09-23 11:22:08 - [TEST_STEP][PASSED] - deleteAllCookies(): Delete all cookies successfully&#xD;
&#xD;
2019-09-23 11:22:08 - [MESSAGE][PASSED] - Delete all cookies successfully&#xD;
&#xD;
2019-09-23 11:22:08 - [TEST_STEP][PASSED] - openBrowser(G_SiteBackOffice): Browser is opened with url: 'https://qanewpoc.continulink.com:8443/Backoffice/'&#xD;
&#xD;
2019-09-23 11:22:08 - [MESSAGE][WARNING] - A browser is already opened. Closing browser and opening a new one&#xD;
&#xD;
2019-09-23 11:22:09 - [MESSAGE][INFO] - Starting 'Chrome' driver&#xD;
&#xD;
2019-09-23 11:22:16 - [MESSAGE][PASSED] - Browser is opened with url: 'https://qanewpoc.continulink.com:8443/Backoffice/'&#xD;
&#xD;
2019-09-23 11:22:16 - [TEST_STEP][PASSED] - waitForPageLoad(60): Wait for page load successfully&#xD;
&#xD;
2019-09-23 11:22:16 - [MESSAGE][PASSED] - Wait for page load successfully&#xD;
&#xD;
2019-09-23 11:22:16 - [TEST_STEP][PASSED] - maximizeWindow(): Current window maximized&#xD;
&#xD;
2019-09-23 11:22:20 - [MESSAGE][PASSED] - Current window maximized&#xD;
&#xD;
2019-09-23 11:22:20 - [TEST_STEP][PASSED] - setText(findTestObject("Regression BackOffice/Login/UserBackOffice"), G_UserBackOffice): Text 'automation_admin' is set on object 'Object Repository/Regression BackOffice/Login/UserBackOffice'&#xD;
&#xD;
2019-09-23 11:22:21 - [MESSAGE][PASSED] - Text 'automation_admin' is set on object 'Object Repository/Regression BackOffice/Login/UserBackOffice'&#xD;
&#xD;
2019-09-23 11:22:21 - [TEST_STEP][PASSED] - setText(findTestObject("Regression BackOffice/Login/PasswordBackOffice"), G_PasswordBackOffice): Text 'qwerty' is set on object 'Object Repository/Regression BackOffice/Login/PasswordBackOffice'&#xD;
&#xD;
2019-09-23 11:22:21 - [MESSAGE][PASSED] - Text 'qwerty' is set on object 'Object Repository/Regression BackOffice/Login/PasswordBackOffice'&#xD;
&#xD;
2019-09-23 11:22:21 - [TEST_STEP][PASSED] - click(findTestObject("Regression BackOffice/Login/LoginBackOffice")): Object: 'Object Repository/Regression BackOffice/Login/LoginBackOffice' is clicked on&#xD;
&#xD;
2019-09-23 11:22:25 - [MESSAGE][PASSED] - Object: 'Object Repository/Regression BackOffice/Login/LoginBackOffice' is clicked on&#xD;
&#xD;
2019-09-23 11:22:25 - [TEST_STEP][PASSED] - waitForPageLoad(60): Wait for page load successfully&#xD;
&#xD;
2019-09-23 11:22:25 - [MESSAGE][PASSED] - Wait for page load successfully&#xD;
&#xD;
2019-09-23 11:22:25 - [TEST_STEP][PASSED] - delay(2): Delayed 2 second(s)&#xD;
&#xD;
2019-09-23 11:22:27 - [MESSAGE][PASSED] - Delayed 2 second(s)&#xD;
&#xD;
2019-09-23 11:22:27 - [TEST_STEP][PASSED] - switchToFrame(findTestObject("Regression BackOffice/CLINK-Frames/FrameFrameLeft"), 5, STOP_ON_FAILURE): null&#xD;
&#xD;
2019-09-23 11:22:27 - [TEST_STEP][PASSED] - delay(2): Delayed 2 second(s)&#xD;
&#xD;
2019-09-23 11:22:29 - [MESSAGE][PASSED] - Delayed 2 second(s)&#xD;
&#xD;
2019-09-23 11:22:29 - [TEST_STEP][PASSED] - waitForElementPresent(findTestObject("Regression BackOffice/CLINK-Frames/ClientIntake"), 50): Object 'Object Repository/Regression BackOffice/CLINK-Frames/ClientIntake' is present&#xD;
&#xD;
2019-09-23 11:22:29 - [MESSAGE][PASSED] - Object 'Object Repository/Regression BackOffice/CLINK-Frames/ClientIntake' is present&#xD;
&#xD;
2019-09-23 11:22:29 - [TEST_STEP][PASSED] - verifyElementPresent(findTestObject("Regression BackOffice/CLINK-Frames/ClientIntake"), 100, STOP_ON_FAILURE): Object 'Object Repository/Regression BackOffice/CLINK-Frames/ClientIntake' is present&#xD;
&#xD;
2019-09-23 11:22:29 - [MESSAGE][PASSED] - Object 'Object Repository/Regression BackOffice/CLINK-Frames/ClientIntake' is present&#xD;
&#xD;
2019-09-23 11:22:29 - [TEST_STEP][PASSED] - switchToDefaultContent(): null&#xD;
&#xD;
2019-09-23 11:22:29 - [MESSAGE][PASSED] - Call Test Case 'Test Cases/Regression BackOffice (All Browsers)/CLNK-23439 - Clink - Back office Client' successfully&#xD;
&#xD;
2019-09-23 11:22:29 - [TEST_STEP][PASSED] - waitForPageLoad(60): Wait for page load successfully&#xD;
&#xD;
2019-09-23 11:22:29 - [MESSAGE][PASSED] - Wait for page load successfully&#xD;
&#xD;
2019-09-23 11:22:29 - [TEST_STEP][PASSED] - delay(3): Delayed 3 second(s)&#xD;
&#xD;
2019-09-23 11:22:32 - [MESSAGE][PASSED] - Delayed 3 second(s)&#xD;
&#xD;
2019-09-23 11:22:32 - [TEST_STEP][PASSED] - switchToFrame(findTestObject("Regression BackOffice/CLNK-23449/FrameLeft"), 30): null&#xD;
&#xD;
2019-09-23 11:22:32 - [TEST_STEP][PASSED] - waitForElementPresent(findTestObject("Regression BackOffice/CLNK-23449/ClienIntakeICon"), 100): Object 'Object Repository/Regression BackOffice/CLNK-23449/ClienIntakeICon' is present&#xD;
&#xD;
2019-09-23 11:22:33 - [MESSAGE][PASSED] - Object 'Object Repository/Regression BackOffice/CLNK-23449/ClienIntakeICon' is present&#xD;
&#xD;
2019-09-23 11:22:33 - [TEST_STEP][PASSED] - click(findTestObject("Regression BackOffice/CLNK-23449/ClienIntakeICon")): Object: 'Object Repository/Regression BackOffice/CLNK-23449/ClienIntakeICon' is clicked on&#xD;
&#xD;
2019-09-23 11:22:33 - [MESSAGE][PASSED] - Object: 'Object Repository/Regression BackOffice/CLNK-23449/ClienIntakeICon' is clicked on&#xD;
&#xD;
2019-09-23 11:22:33 - [TEST_STEP][PASSED] - delay(2): Delayed 2 second(s)&#xD;
&#xD;
2019-09-23 11:22:35 - [MESSAGE][PASSED] - Delayed 2 second(s)&#xD;
&#xD;
2019-09-23 11:22:35 - [TEST_STEP][PASSED] - waitForPageLoad(50): Wait for page load successfully&#xD;
&#xD;
2019-09-23 11:22:35 - [MESSAGE][PASSED] - Wait for page load successfully&#xD;
&#xD;
2019-09-23 11:22:35 - [TEST_STEP][PASSED] - waitForElementPresent(findTestObject("Regression BackOffice/CLNK-31354/ServiceGroupLink"), 50): Object 'Object Repository/Regression BackOffice/CLNK-31354/ServiceGroupLink' is present&#xD;
&#xD;
2019-09-23 11:22:35 - [MESSAGE][PASSED] - Object 'Object Repository/Regression BackOffice/CLNK-31354/ServiceGroupLink' is present&#xD;
&#xD;
2019-09-23 11:22:35 - [TEST_STEP][PASSED] - click(findTestObject("Regression BackOffice/CLNK-31354/ServiceGroupLink")): Object: 'Object Repository/Regression BackOffice/CLNK-31354/ServiceGroupLink' is clicked on&#xD;
&#xD;
2019-09-23 11:22:36 - [MESSAGE][PASSED] - Object: 'Object Repository/Regression BackOffice/CLNK-31354/ServiceGroupLink' is clicked on&#xD;
&#xD;
2019-09-23 11:22:36 - [TEST_STEP][PASSED] - delay(2): Delayed 2 second(s)&#xD;
&#xD;
2019-09-23 11:22:38 - [MESSAGE][PASSED] - Delayed 2 second(s)&#xD;
&#xD;
2019-09-23 11:22:38 - [TEST_STEP][PASSED] - switchToDefaultContent(): null&#xD;
&#xD;
2019-09-23 11:22:38 - [TEST_STEP][PASSED] - switchToFrame(findTestObject("Regression BackOffice/CLNK-23449/FrameMain"), 30): null&#xD;
&#xD;
2019-09-23 11:22:38 - [TEST_STEP][PASSED] - waitForElementPresent(findTestObject("Regression BackOffice/CLNK-31354/FirstName"), 50): Object 'Object Repository/Regression BackOffice/CLNK-31354/FirstName' is present&#xD;
&#xD;
2019-09-23 11:22:38 - [MESSAGE][PASSED] - Object 'Object Repository/Regression BackOffice/CLNK-31354/FirstName' is present&#xD;
&#xD;
2019-09-23 11:22:38 - [TEST_STEP][PASSED] - setText(findTestObject("Regression BackOffice/CLNK-31354/FirstName"), G_ClientFirstName): Text 'Danielo' is set on object 'Object Repository/Regression BackOffice/CLNK-31354/FirstName'&#xD;
&#xD;
2019-09-23 11:22:38 - [MESSAGE][PASSED] - Text 'Danielo' is set on object 'Object Repository/Regression BackOffice/CLNK-31354/FirstName'&#xD;
&#xD;
2019-09-23 11:22:38 - [TEST_STEP][PASSED] - delay(2): Delayed 2 second(s)&#xD;
&#xD;
2019-09-23 11:22:40 - [MESSAGE][PASSED] - Delayed 2 second(s)&#xD;
&#xD;
2019-09-23 11:22:40 - [TEST_STEP][PASSED] - waitForElementPresent(findTestObject("Regression BackOffice/CLNK-31354/Last Name"), 50): Object 'Object Repository/Regression BackOffice/CLNK-31354/Last Name' is present&#xD;
&#xD;
2019-09-23 11:22:41 - [MESSAGE][PASSED] - Object 'Object Repository/Regression BackOffice/CLNK-31354/Last Name' is present&#xD;
&#xD;
2019-09-23 11:22:41 - [TEST_STEP][PASSED] - setText(findTestObject("Regression BackOffice/CLNK-31354/Last Name"), G_ClientLastName): Text 'Danielisky' is set on object 'Object Repository/Regression BackOffice/CLNK-31354/Last Name'&#xD;
&#xD;
2019-09-23 11:22:41 - [MESSAGE][PASSED] - Text 'Danielisky' is set on object 'Object Repository/Regression BackOffice/CLNK-31354/Last Name'&#xD;
&#xD;
2019-09-23 11:22:41 - [TEST_STEP][PASSED] - delay(2): Delayed 2 second(s)&#xD;
&#xD;
2019-09-23 11:22:43 - [MESSAGE][PASSED] - Delayed 2 second(s)&#xD;
&#xD;
2019-09-23 11:22:43 - [TEST_STEP][PASSED] - waitForElementPresent(findTestObject("Regression BackOffice/CLNK-31354/SearchButton"), 50): Object 'Object Repository/Regression BackOffice/CLNK-31354/SearchButton' is present&#xD;
&#xD;
2019-09-23 11:22:43 - [MESSAGE][PASSED] - Object 'Object Repository/Regression BackOffice/CLNK-31354/SearchButton' is present&#xD;
&#xD;
2019-09-23 11:22:43 - [TEST_STEP][PASSED] - click(findTestObject("Regression BackOffice/CLNK-31354/SearchButton"), OPTIONAL): Object: 'Object Repository/Regression BackOffice/CLNK-31354/SearchButton' is clicked on&#xD;
&#xD;
2019-09-23 11:22:44 - [MESSAGE][PASSED] - Object: 'Object Repository/Regression BackOffice/CLNK-31354/SearchButton' is clicked on&#xD;
&#xD;
2019-09-23 11:22:44 - [TEST_STEP][PASSED] - delay(2): Delayed 2 second(s)&#xD;
&#xD;
2019-09-23 11:22:46 - [MESSAGE][PASSED] - Delayed 2 second(s)&#xD;
&#xD;
2019-09-23 11:22:46 - [TEST_STEP][PASSED] - waitForPageLoad(50): Wait for page load successfully&#xD;
&#xD;
2019-09-23 11:22:46 - [MESSAGE][PASSED] - Wait for page load successfully&#xD;
&#xD;
2019-09-23 11:22:46 - [TEST_STEP][PASSED] - delay(2): Delayed 2 second(s)&#xD;
&#xD;
2019-09-23 11:22:48 - [MESSAGE][PASSED] - Delayed 2 second(s)&#xD;
&#xD;
2019-09-23 11:22:48 - [TEST_STEP][PASSED] - waitForElementPresent(findTestObject("Regression BackOffice/CLNK-31354/ClientSearch"), 50): Object 'Object Repository/Regression BackOffice/CLNK-31354/ClientSearch' is present&#xD;
&#xD;
2019-09-23 11:22:48 - [MESSAGE][PASSED] - Object 'Object Repository/Regression BackOffice/CLNK-31354/ClientSearch' is present&#xD;
&#xD;
2019-09-23 11:22:48 - [TEST_STEP][PASSED] - click(findTestObject("Regression BackOffice/CLNK-31354/ClientSearch")): Object: 'Object Repository/Regression BackOffice/CLNK-31354/ClientSearch' is clicked on&#xD;
&#xD;
2019-09-23 11:22:50 - [MESSAGE][PASSED] - Object: 'Object Repository/Regression BackOffice/CLNK-31354/ClientSearch' is clicked on&#xD;
&#xD;
2019-09-23 11:22:50 - [TEST_STEP][PASSED] - delay(2): Delayed 2 second(s)&#xD;
&#xD;
2019-09-23 11:22:52 - [MESSAGE][PASSED] - Delayed 2 second(s)&#xD;
&#xD;
2019-09-23 11:22:52 - [TEST_STEP][PASSED] - waitForPageLoad(50): Wait for page load successfully&#xD;
&#xD;
2019-09-23 11:22:52 - [MESSAGE][PASSED] - Wait for page load successfully&#xD;
&#xD;
2019-09-23 11:22:52 - [TEST_STEP][PASSED] - waitForElementPresent(findTestObject("Regression BackOffice/CLINK-30887/a_PCA"), 50): Object 'Object Repository/Regression BackOffice/CLINK-30887/a_PCA' is present&#xD;
&#xD;
2019-09-23 11:22:52 - [MESSAGE][PASSED] - Object 'Object Repository/Regression BackOffice/CLINK-30887/a_PCA' is present&#xD;
&#xD;
2019-09-23 11:22:52 - [TEST_STEP][PASSED] - click(findTestObject("Regression BackOffice/CLINK-30887/a_PCA")): Object: 'Object Repository/Regression BackOffice/CLINK-30887/a_PCA' is clicked on&#xD;
&#xD;
2019-09-23 11:22:52 - [MESSAGE][PASSED] - Object: 'Object Repository/Regression BackOffice/CLINK-30887/a_PCA' is clicked on&#xD;
&#xD;
2019-09-23 11:22:52 - [TEST_STEP][PASSED] - delay(2): Delayed 2 second(s)&#xD;
&#xD;
2019-09-23 11:22:54 - [MESSAGE][PASSED] - Delayed 2 second(s)&#xD;
&#xD;
2019-09-23 11:22:54 - [TEST_STEP][PASSED] - waitForElementPresent(findTestObject("Regression BackOffice/CLINK-30887/a_Fecha"), 50): Object 'Object Repository/Regression BackOffice/CLINK-30887/a_Fecha' is not present after 50 second(s)&#xD;
&#xD;
2019-09-23 11:23:45 - [MESSAGE][INFO] - Unable to find the element located by 'By.xpath: //*[@id="Service1030954"]/table/tbody/tr[1]/td'. Please recheck the objects properties to make sure the desired element is located. &#xD;
&#xD;
2019-09-23 11:23:45 - [MESSAGE][WARNING] - Object 'Object Repository/Regression BackOffice/CLINK-30887/a_Fecha' is not present after 50 second(s)&#xD;
&#xD;
2019-09-23 11:23:45 - [TEST_STEP][PASSED] - click(findTestObject("Regression BackOffice/CLINK-30887/a_Fecha")): Unable to click on object 'Object Repository/Regression BackOffice/CLINK-30887/a_Fecha' (Root cause: com.kms.katalon.core.exception.StepFailedException: Unable to click on object 'Object Repository/Regression BackOffice/CLINK-30887/a_Fecha'&#xD;
	at com.kms.katalon.core.webui.keyword.internal.WebUIKeywordMain.stepFailed(WebUIKeywordMain.groovy:64)&#xD;
	at com.kms.katalon.core.webui.keyword.internal.WebUIKeywordMain.runKeyword(WebUIKeywordMain.groovy:26)&#xD;
	at com.kms.katalon.core.webui.keyword.builtin.ClickKeyword.click(ClickKeyword.groovy:86)&#xD;
	at com.kms.katalon.core.webui.keyword.builtin.ClickKeyword.execute(ClickKeyword.groovy:67)&#xD;
	at com.kms.katalon.core.keyword.internal.KeywordExecutor.executeKeywordForPlatform(KeywordExecutor.groovy:56)&#xD;
	at com.kms.katalon.core.webui.keyword.WebUiBuiltInKeywords.click(WebUiBuiltInKeywords.groovy:616)&#xD;
	at com.kms.katalon.core.webui.keyword.WebUiBuiltInKeywords$click$4.call(Unknown Source)&#xD;
	at CLNK-30887 - PRE - No authorization created.run(CLNK-30887 - PRE - No authorization created:80)&#xD;
	at com.kms.katalon.core.main.ScriptEngine.run(ScriptEngine.java:194)&#xD;
	at com.kms.katalon.core.main.ScriptEngine.runScriptAsRawText(ScriptEngine.java:119)&#xD;
	at com.kms.katalon.core.main.TestCaseExecutor.runScript(TestCaseExecutor.java:337)&#xD;
	at com.kms.katalon.core.main.TestCaseExecutor.doExecute(TestCaseExecutor.java:328)&#xD;
	at com.kms.katalon.core.main.TestCaseExecutor.processExecutionPhase(TestCaseExecutor.java:307)&#xD;
	at com.kms.katalon.core.main.TestCaseExecutor.accessMainPhase(TestCaseExecutor.java:299)&#xD;
	at com.kms.katalon.core.main.TestCaseExecutor.execute(TestCaseExecutor.java:233)&#xD;
	at com.kms.katalon.core.main.TestSuiteExecutor.accessTestCaseMainPhase(TestSuiteExecutor.java:169)&#xD;
	at com.kms.katalon.core.main.TestSuiteExecutor.accessTestSuiteMainPhase(TestSuiteExecutor.java:142)&#xD;
	at com.kms.katalon.core.main.TestSuiteExecutor.execute(TestSuiteExecutor.java:91)&#xD;
	at com.kms.katalon.core.main.TestCaseMain.startTestSuite(TestCaseMain.java:157)&#xD;
	at com.kms.katalon.core.main.TestCaseMain$startTestSuite$0.call(Unknown Source)&#xD;
	at TempTestSuite1569245946628.run(TempTestSuite1569245946628.groovy:35)&#xD;
Caused by: com.kms.katalon.core.webui.exception.WebElementNotFoundException: Web element with id: 'Object Repository/Regression BackOffice/CLINK-30887/a_Fecha' located by 'By.xpath: //*[@id="Service1030954"]/table/tbody/tr[1]/td' not found&#xD;
	at com.kms.katalon.core.webui.common.WebUiCommonHelper.findWebElement(WebUiCommonHelper.java:1097)&#xD;
	at com.kms.katalon.core.webui.keyword.internal.WebUIAbstractKeyword.findWebElement(WebUIAbstractKeyword.groovy:27)&#xD;
	at com.kms.katalon.core.webui.keyword.internal.WebUIAbstractKeyword.findWebElement(WebUIAbstractKeyword.groovy:26)&#xD;
	at com.kms.katalon.core.webui.keyword.builtin.ClickKeyword$_click_closure1.doCall(ClickKeyword.groovy:77)&#xD;
	at com.kms.katalon.core.webui.keyword.builtin.ClickKeyword$_click_closure1.call(ClickKeyword.groovy)&#xD;
	at com.kms.katalon.core.webui.keyword.internal.WebUIKeywordMain.runKeyword(WebUIKeywordMain.groovy:20)&#xD;
	at com.kms.katalon.core.webui.keyword.builtin.ClickKeyword.click(ClickKeyword.groovy:86)&#xD;
	at com.kms.katalon.core.webui.keyword.builtin.ClickKeyword.execute(ClickKeyword.groovy:67)&#xD;
	at com.kms.katalon.core.keyword.internal.KeywordExecutor.executeKeywordForPlatform(KeywordExecutor.groovy:56)&#xD;
	at com.kms.katalon.core.webui.keyword.WebUiBuiltInKeywords.click(WebUiBuiltInKeywords.groovy:616)&#xD;
	at com.kms.katalon.core.webui.keyword.WebUiBuiltInKeywords$click$4.call(Unknown Source)&#xD;
	at Script1567019875221.run(Script1567019875221.groovy:80)&#xD;
	... 13 more&#xD;
)&#xD;
&#xD;
2019-09-23 11:24:16 - [MESSAGE][INFO] - Unable to find the element located by 'By.xpath: //*[@id="Service1030954"]/table/tbody/tr[1]/td'. Please recheck the objects properties to make sure the desired element is located. &#xD;
&#xD;
2019-09-23 11:24:17 - [MESSAGE][WARNING] - Unable to click on object 'Object Repository/Regression BackOffice/CLINK-30887/a_Fecha' (Root cause: com.kms.katalon.core.exception.StepFailedException: Unable to click on object 'Object Repository/Regression BackOffice/CLINK-30887/a_Fecha'&#xD;
	at com.kms.katalon.core.webui.keyword.internal.WebUIKeywordMain.stepFailed(WebUIKeywordMain.groovy:64)&#xD;
	at com.kms.katalon.core.webui.keyword.internal.WebUIKeywordMain.runKeyword(WebUIKeywordMain.groovy:26)&#xD;
	at com.kms.katalon.core.webui.keyword.builtin.ClickKeyword.click(ClickKeyword.groovy:86)&#xD;
	at com.kms.katalon.core.webui.keyword.builtin.ClickKeyword.execute(ClickKeyword.groovy:67)&#xD;
	at com.kms.katalon.core.keyword.internal.KeywordExecutor.executeKeywordForPlatform(KeywordExecutor.groovy:56)&#xD;
	at com.kms.katalon.core.webui.keyword.WebUiBuiltInKeywords.click(WebUiBuiltInKeywords.groovy:616)&#xD;
	at com.kms.katalon.core.webui.keyword.WebUiBuiltInKeywords$click$4.call(Unknown Source)&#xD;
	at CLNK-30887 - PRE - No authorization created.run(CLNK-30887 - PRE - No authorization created:80)&#xD;
	at com.kms.katalon.core.main.ScriptEngine.run(ScriptEngine.java:194)&#xD;
	at com.kms.katalon.core.main.ScriptEngine.runScriptAsRawText(ScriptEngine.java:119)&#xD;
	at com.kms.katalon.core.main.TestCaseExecutor.runScript(TestCaseExecutor.java:337)&#xD;
	at com.kms.katalon.core.main.TestCaseExecutor.doExecute(TestCaseExecutor.java:328)&#xD;
	at com.kms.katalon.core.main.TestCaseExecutor.processExecutionPhase(TestCaseExecutor.java:307)&#xD;
	at com.kms.katalon.core.main.TestCaseExecutor.accessMainPhase(TestCaseExecutor.java:299)&#xD;
	at com.kms.katalon.core.main.TestCaseExecutor.execute(TestCaseExecutor.java:233)&#xD;
	at com.kms.katalon.core.main.TestSuiteExecutor.accessTestCaseMainPhase(TestSuiteExecutor.java:169)&#xD;
	at com.kms.katalon.core.main.TestSuiteExecutor.accessTestSuiteMainPhase(TestSuiteExecutor.java:142)&#xD;
	at com.kms.katalon.core.main.TestSuiteExecutor.execute(TestSuiteExecutor.java:91)&#xD;
	at com.kms.katalon.core.main.TestCaseMain.startTestSuite(TestCaseMain.java:157)&#xD;
	at com.kms.katalon.core.main.TestCaseMain$startTestSuite$0.call(Unknown Source)&#xD;
	at TempTestSuite1569245946628.run(TempTestSuite1569245946628.groovy:35)&#xD;
Caused by: com.kms.katalon.core.webui.exception.WebElementNotFoundException: Web element with id: 'Object Repository/Regression BackOffice/CLINK-30887/a_Fecha' located by 'By.xpath: //*[@id="Service1030954"]/table/tbody/tr[1]/td' not found&#xD;
	at com.kms.katalon.core.webui.common.WebUiCommonHelper.findWebElement(WebUiCommonHelper.java:1097)&#xD;
	at com.kms.katalon.core.webui.keyword.internal.WebUIAbstractKeyword.findWebElement(WebUIAbstractKeyword.groovy:27)&#xD;
	at com.kms.katalon.core.webui.keyword.internal.WebUIAbstractKeyword.findWebElement(WebUIAbstractKeyword.groovy:26)&#xD;
	at com.kms.katalon.core.webui.keyword.builtin.ClickKeyword$_click_closure1.doCall(ClickKeyword.groovy:77)&#xD;
	at com.kms.katalon.core.webui.keyword.builtin.ClickKeyword$_click_closure1.call(ClickKeyword.groovy)&#xD;
	at com.kms.katalon.core.webui.keyword.internal.WebUIKeywordMain.runKeyword(WebUIKeywordMain.groovy:20)&#xD;
	at com.kms.katalon.core.webui.keyword.builtin.ClickKeyword.click(ClickKeyword.groovy:86)&#xD;
	at com.kms.katalon.core.webui.keyword.builtin.ClickKeyword.execute(ClickKeyword.groovy:67)&#xD;
	at com.kms.katalon.core.keyword.internal.KeywordExecutor.executeKeywordForPlatform(KeywordExecutor.groovy:56)&#xD;
	at com.kms.katalon.core.webui.keyword.WebUiBuiltInKeywords.click(WebUiBuiltInKeywords.groovy:616)&#xD;
	at com.kms.katalon.core.webui.keyword.WebUiBuiltInKeywords$click$4.call(Unknown Source)&#xD;
	at Script1567019875221.run(Script1567019875221.groovy:80)&#xD;
	... 13 more&#xD;
)&#xD;
[[ATTACHMENT|C:\\Users\\isaac\\Desktop\\Clientes\\ProcuraCanada\\Katalon Studio\\Continulink\\Reports\\20190923_103834\\Regression BackOffice\\Regression BackOffice\\20190923_103906\\1569248656712.png]]&#xD;
&#xD;
2019-09-23 11:24:17 - [TEST_STEP][PASSED] - delay(2): Delayed 2 second(s)&#xD;
&#xD;
2019-09-23 11:24:19 - [MESSAGE][PASSED] - Delayed 2 second(s)&#xD;
&#xD;
2019-09-23 11:24:19 - [TEST_STEP][PASSED] - waitForElementPresent(findTestObject("Regression BackOffice/CLINK-30887/div_Test"), 50): Object 'Object Repository/Regression BackOffice/CLINK-30887/div_Test' is present&#xD;
&#xD;
2019-09-23 11:24:19 - [MESSAGE][PASSED] - Object 'Object Repository/Regression BackOffice/CLINK-30887/div_Test' is present&#xD;
&#xD;
2019-09-23 11:24:19 - [TEST_STEP][PASSED] - click(findTestObject("Regression BackOffice/CLINK-30887/div_Test")): Object: 'Object Repository/Regression BackOffice/CLINK-30887/div_Test' is clicked on&#xD;
&#xD;
2019-09-23 11:24:19 - [MESSAGE][PASSED] - Object: 'Object Repository/Regression BackOffice/CLINK-30887/div_Test' is clicked on&#xD;
&#xD;
2019-09-23 11:24:19 - [TEST_STEP][PASSED] - delay(2): Delayed 2 second(s)&#xD;
&#xD;
2019-09-23 11:24:21 - [MESSAGE][PASSED] - Delayed 2 second(s)&#xD;
&#xD;
2019-09-23 11:24:21 - [TEST_STEP][PASSED] - waitForElementPresent(findTestObject("Regression BackOffice/CLINK-30887/span_Authorization"), 50): Object 'Object Repository/Regression BackOffice/CLINK-30887/span_Authorization' is present&#xD;
&#xD;
2019-09-23 11:24:21 - [MESSAGE][PASSED] - Object 'Object Repository/Regression BackOffice/CLINK-30887/span_Authorization' is present&#xD;
&#xD;
2019-09-23 11:24:21 - [TEST_STEP][PASSED] - click(findTestObject("Regression BackOffice/CLINK-30887/span_Authorization")): Object: 'Object Repository/Regression BackOffice/CLINK-30887/span_Authorization' is clicked on&#xD;
&#xD;
2019-09-23 11:24:21 - [MESSAGE][PASSED] - Object: 'Object Repository/Regression BackOffice/CLINK-30887/span_Authorization' is clicked on&#xD;
&#xD;
2019-09-23 11:24:21 - [TEST_STEP][PASSED] - delay(10): Delayed 10 second(s)&#xD;
&#xD;
2019-09-23 11:24:31 - [MESSAGE][PASSED] - Delayed 10 second(s)&#xD;
&#xD;
2019-09-23 11:24:31 - [TEST_STEP][PASSED] - waitForElementPresent(findTestObject("Regression BackOffice/CLINK-30887/td_No Authorizations have been entered for this Service Type"), 50): Object 'Object Repository/Regression BackOffice/CLINK-30887/td_No Authorizations have been entered for this Service Type' is present&#xD;
&#xD;
2019-09-23 11:24:31 - [MESSAGE][WARNING] - Test object with id 'Object Repository/Regression BackOffice/CLINK-30887/Page_InterLink/frame_Capture object_FrameMain' does not exist&#xD;
&#xD;
2019-09-23 11:24:31 - [MESSAGE][PASSED] - Object 'Object Repository/Regression BackOffice/CLINK-30887/td_No Authorizations have been entered for this Service Type' is present&#xD;
&#xD;
2019-09-23 11:24:31 - [TEST_STEP][PASSED] - click(findTestObject("Regression BackOffice/CLINK-30887/td_No Authorizations have been entered for this Service Type")): Object: 'Object Repository/Regression BackOffice/CLINK-30887/td_No Authorizations have been entered for this Service Type' is clicked on&#xD;
&#xD;
2019-09-23 11:24:31 - [MESSAGE][WARNING] - Test object with id 'Object Repository/Regression BackOffice/CLINK-30887/Page_InterLink/frame_Capture object_FrameMain' does not exist&#xD;
&#xD;
2019-09-23 11:24:32 - [MESSAGE][PASSED] - Object: 'Object Repository/Regression BackOffice/CLINK-30887/td_No Authorizations have been entered for this Service Type' is clicked on&#xD;
&#xD;
2019-09-23 11:24:32 - [TEST_STEP][PASSED] - delay(10): Delayed 10 second(s)&#xD;
&#xD;
2019-09-23 11:24:42 - [MESSAGE][PASSED] - Delayed 10 second(s)&#xD;
&#xD;
2019-09-23 11:24:42 - [TEST_STEP][PASSED] - closeBrowser(): Browser is closed&#xD;
&#xD;
2019-09-23 11:24:42 - [MESSAGE][PASSED] - Browser is closed</system-out>
            <system-err></system-err>
        </testcase>
        <testcase name="Test Cases/Regression BackOffice (All Browsers)/CLNK-30888 - BO - Re-run Compliance Authorization" classname="Test Cases/Regression BackOffice (All Browsers)/CLNK-30888 - BO - Re-run Compliance Authorization" status="PASSED">
            <system-out>2019-09-23 11:24:44 - [TEST_CASE][PASSED] - Test Cases/Regression BackOffice (All Browsers)/CLNK-30888 - BO - Re-run Compliance Authorization: Test Cases/Regression BackOffice (All Browsers)/CLNK-30888 - BO - Re-run Compliance Authorization&#xD;
&#xD;
2019-09-23 11:24:45 - [TEST_STEP][PASSED] - callTestCase(findTestCase("Regression BackOffice (All Browsers)/CLNK-23439 - Clink - Back office Client"), [:], STOP_ON_FAILURE): Call Test Case 'Test Cases/Regression BackOffice (All Browsers)/CLNK-23439 - Clink - Back office Client' successfully&#xD;
&#xD;
2019-09-23 11:24:45 - [TEST_CASE][PASSED] - Test Cases/Regression BackOffice (All Browsers)/CLNK-23439 - Clink - Back office Client: Test Cases/Regression BackOffice (All Browsers)/CLNK-23439 - Clink - Back office Client&#xD;
&#xD;
2019-09-23 11:24:45 - [TEST_STEP][PASSED] - deleteAllCookies(): Delete all cookies successfully&#xD;
&#xD;
2019-09-23 11:24:45 - [MESSAGE][WARNING] - Cannot delete cookies because browser is closed&#xD;
&#xD;
2019-09-23 11:24:45 - [MESSAGE][PASSED] - Delete all cookies successfully&#xD;
&#xD;
2019-09-23 11:24:45 - [TEST_STEP][PASSED] - openBrowser(G_SiteBackOffice): Browser is opened with url: 'https://qanewpoc.continulink.com:8443/Backoffice/'&#xD;
&#xD;
2019-09-23 11:24:45 - [MESSAGE][INFO] - Starting 'Chrome' driver&#xD;
&#xD;
2019-09-23 11:24:53 - [MESSAGE][PASSED] - Browser is opened with url: 'https://qanewpoc.continulink.com:8443/Backoffice/'&#xD;
&#xD;
2019-09-23 11:24:53 - [TEST_STEP][PASSED] - waitForPageLoad(60): Wait for page load successfully&#xD;
&#xD;
2019-09-23 11:24:53 - [MESSAGE][PASSED] - Wait for page load successfully&#xD;
&#xD;
2019-09-23 11:24:53 - [TEST_STEP][PASSED] - maximizeWindow(): Current window maximized&#xD;
&#xD;
2019-09-23 11:24:57 - [MESSAGE][PASSED] - Current window maximized&#xD;
&#xD;
2019-09-23 11:24:57 - [TEST_STEP][PASSED] - setText(findTestObject("Regression BackOffice/Login/UserBackOffice"), G_UserBackOffice): Text 'automation_admin' is set on object 'Object Repository/Regression BackOffice/Login/UserBackOffice'&#xD;
&#xD;
2019-09-23 11:24:57 - [MESSAGE][PASSED] - Text 'automation_admin' is set on object 'Object Repository/Regression BackOffice/Login/UserBackOffice'&#xD;
&#xD;
2019-09-23 11:24:57 - [TEST_STEP][PASSED] - setText(findTestObject("Regression BackOffice/Login/PasswordBackOffice"), G_PasswordBackOffice): Text 'qwerty' is set on object 'Object Repository/Regression BackOffice/Login/PasswordBackOffice'&#xD;
&#xD;
2019-09-23 11:24:57 - [MESSAGE][PASSED] - Text 'qwerty' is set on object 'Object Repository/Regression BackOffice/Login/PasswordBackOffice'&#xD;
&#xD;
2019-09-23 11:24:57 - [TEST_STEP][PASSED] - click(findTestObject("Regression BackOffice/Login/LoginBackOffice")): Object: 'Object Repository/Regression BackOffice/Login/LoginBackOffice' is clicked on&#xD;
&#xD;
2019-09-23 11:25:02 - [MESSAGE][PASSED] - Object: 'Object Repository/Regression BackOffice/Login/LoginBackOffice' is clicked on&#xD;
&#xD;
2019-09-23 11:25:02 - [TEST_STEP][PASSED] - waitForPageLoad(60): Wait for page load successfully&#xD;
&#xD;
2019-09-23 11:25:02 - [MESSAGE][PASSED] - Wait for page load successfully&#xD;
&#xD;
2019-09-23 11:25:02 - [TEST_STEP][PASSED] - delay(2): Delayed 2 second(s)&#xD;
&#xD;
2019-09-23 11:25:04 - [MESSAGE][PASSED] - Delayed 2 second(s)&#xD;
&#xD;
2019-09-23 11:25:04 - [TEST_STEP][PASSED] - switchToFrame(findTestObject("Regression BackOffice/CLINK-Frames/FrameFrameLeft"), 5, STOP_ON_FAILURE): null&#xD;
&#xD;
2019-09-23 11:25:04 - [TEST_STEP][PASSED] - delay(2): Delayed 2 second(s)&#xD;
&#xD;
2019-09-23 11:25:06 - [MESSAGE][PASSED] - Delayed 2 second(s)&#xD;
&#xD;
2019-09-23 11:25:06 - [TEST_STEP][PASSED] - waitForElementPresent(findTestObject("Regression BackOffice/CLINK-Frames/ClientIntake"), 50): Object 'Object Repository/Regression BackOffice/CLINK-Frames/ClientIntake' is present&#xD;
&#xD;
2019-09-23 11:25:06 - [MESSAGE][PASSED] - Object 'Object Repository/Regression BackOffice/CLINK-Frames/ClientIntake' is present&#xD;
&#xD;
2019-09-23 11:25:06 - [TEST_STEP][PASSED] - verifyElementPresent(findTestObject("Regression BackOffice/CLINK-Frames/ClientIntake"), 100, STOP_ON_FAILURE): Object 'Object Repository/Regression BackOffice/CLINK-Frames/ClientIntake' is present&#xD;
&#xD;
2019-09-23 11:25:06 - [MESSAGE][PASSED] - Object 'Object Repository/Regression BackOffice/CLINK-Frames/ClientIntake' is present&#xD;
&#xD;
2019-09-23 11:25:06 - [TEST_STEP][PASSED] - switchToDefaultContent(): null&#xD;
&#xD;
2019-09-23 11:25:06 - [MESSAGE][PASSED] - Call Test Case 'Test Cases/Regression BackOffice (All Browsers)/CLNK-23439 - Clink - Back office Client' successfully&#xD;
&#xD;
2019-09-23 11:25:06 - [TEST_STEP][PASSED] - waitForPageLoad(60): Wait for page load successfully&#xD;
&#xD;
2019-09-23 11:25:06 - [MESSAGE][PASSED] - Wait for page load successfully&#xD;
&#xD;
2019-09-23 11:25:06 - [TEST_STEP][PASSED] - delay(3): Delayed 3 second(s)&#xD;
&#xD;
2019-09-23 11:25:09 - [MESSAGE][PASSED] - Delayed 3 second(s)&#xD;
&#xD;
2019-09-23 11:25:09 - [TEST_STEP][PASSED] - switchToFrame(findTestObject("Regression BackOffice/CLNK-23449/FrameLeft"), 30): null&#xD;
&#xD;
2019-09-23 11:25:09 - [TEST_STEP][PASSED] - waitForElementPresent(findTestObject("Regression BackOffice/CLINK-30888/ScheduleLink"), 100): Object 'Object Repository/Regression BackOffice/CLINK-30888/ScheduleLink' is present&#xD;
&#xD;
2019-09-23 11:25:09 - [MESSAGE][PASSED] - Object 'Object Repository/Regression BackOffice/CLINK-30888/ScheduleLink' is present&#xD;
&#xD;
2019-09-23 11:25:09 - [TEST_STEP][PASSED] - click(findTestObject("Regression BackOffice/CLINK-30888/ScheduleLink")): Object: 'Object Repository/Regression BackOffice/CLINK-30888/ScheduleLink' is clicked on&#xD;
&#xD;
2019-09-23 11:25:09 - [MESSAGE][PASSED] - Object: 'Object Repository/Regression BackOffice/CLINK-30888/ScheduleLink' is clicked on&#xD;
&#xD;
2019-09-23 11:25:09 - [TEST_STEP][PASSED] - delay(2): Delayed 2 second(s)&#xD;
&#xD;
2019-09-23 11:25:11 - [MESSAGE][PASSED] - Delayed 2 second(s)&#xD;
&#xD;
2019-09-23 11:25:11 - [TEST_STEP][PASSED] - waitForPageLoad(50): Wait for page load successfully&#xD;
&#xD;
2019-09-23 11:25:11 - [MESSAGE][PASSED] - Wait for page load successfully&#xD;
&#xD;
2019-09-23 11:25:11 - [TEST_STEP][PASSED] - waitForElementPresent(findTestObject("Regression BackOffice/CLINK-30888/Re-run Compliance  Authorization Link"), 50): Object 'Object Repository/Regression BackOffice/CLINK-30888/Re-run Compliance  Authorization Link' is present&#xD;
&#xD;
2019-09-23 11:25:11 - [MESSAGE][PASSED] - Object 'Object Repository/Regression BackOffice/CLINK-30888/Re-run Compliance  Authorization Link' is present&#xD;
&#xD;
2019-09-23 11:25:11 - [TEST_STEP][PASSED] - click(findTestObject("Regression BackOffice/CLINK-30888/Re-run Compliance  Authorization Link")): Object: 'Object Repository/Regression BackOffice/CLINK-30888/Re-run Compliance  Authorization Link' is clicked on&#xD;
&#xD;
2019-09-23 11:25:13 - [MESSAGE][PASSED] - Object: 'Object Repository/Regression BackOffice/CLINK-30888/Re-run Compliance  Authorization Link' is clicked on&#xD;
&#xD;
2019-09-23 11:25:13 - [TEST_STEP][PASSED] - delay(2): Delayed 2 second(s)&#xD;
&#xD;
2019-09-23 11:25:15 - [MESSAGE][PASSED] - Delayed 2 second(s)&#xD;
&#xD;
2019-09-23 11:25:15 - [TEST_STEP][PASSED] - switchToDefaultContent(): null&#xD;
&#xD;
2019-09-23 11:25:15 - [TEST_STEP][PASSED] - switchToFrame(findTestObject("Regression BackOffice/CLNK-23449/FrameMain"), 30): null&#xD;
&#xD;
2019-09-23 11:25:15 - [TEST_STEP][PASSED] - waitForElementPresent(findTestObject("Regression BackOffice/CLINK-30888/Last name"), 50): Object 'Object Repository/Regression BackOffice/CLINK-30888/Last name' is present&#xD;
&#xD;
2019-09-23 11:25:15 - [MESSAGE][PASSED] - Object 'Object Repository/Regression BackOffice/CLINK-30888/Last name' is present&#xD;
&#xD;
2019-09-23 11:25:15 - [TEST_STEP][PASSED] - sendKeys(findTestObject("Regression BackOffice/CLINK-30888/Last name"), G_ClientLastName): Keys 'Danielisky' sent to object: 'Object Repository/Regression BackOffice/CLINK-30888/Last name'&#xD;
&#xD;
2019-09-23 11:25:15 - [MESSAGE][PASSED] - Keys 'Danielisky' sent to object: 'Object Repository/Regression BackOffice/CLINK-30888/Last name'&#xD;
&#xD;
2019-09-23 11:25:15 - [TEST_STEP][PASSED] - delay(2): Delayed 2 second(s)&#xD;
&#xD;
2019-09-23 11:25:17 - [MESSAGE][PASSED] - Delayed 2 second(s)&#xD;
&#xD;
2019-09-23 11:25:17 - [TEST_STEP][PASSED] - sendKeys(findTestObject("Regression BackOffice/CLINK-30888/Last name"), Keys.chord(ARROW_DOWN, ENTER)): Keys 'DOWN + ENTER + ' sent to object: 'Object Repository/Regression BackOffice/CLINK-30888/Last name'&#xD;
&#xD;
2019-09-23 11:25:17 - [MESSAGE][PASSED] - Keys 'DOWN + ENTER + ' sent to object: 'Object Repository/Regression BackOffice/CLINK-30888/Last name'&#xD;
&#xD;
2019-09-23 11:25:17 - [TEST_STEP][PASSED] - delay(2): Delayed 2 second(s)&#xD;
&#xD;
2019-09-23 11:25:19 - [MESSAGE][PASSED] - Delayed 2 second(s)&#xD;
&#xD;
2019-09-23 11:25:19 - [TEST_STEP][PASSED] - waitForElementPresent(findTestObject("Regression BackOffice/CLINK-30888/GetClientButton"), 50): Object 'Object Repository/Regression BackOffice/CLINK-30888/GetClientButton' is present&#xD;
&#xD;
2019-09-23 11:25:19 - [MESSAGE][PASSED] - Object 'Object Repository/Regression BackOffice/CLINK-30888/GetClientButton' is present&#xD;
&#xD;
2019-09-23 11:25:19 - [TEST_STEP][PASSED] - click(findTestObject("Regression BackOffice/CLINK-30888/GetClientButton"), OPTIONAL): Object: 'Object Repository/Regression BackOffice/CLINK-30888/GetClientButton' is clicked on&#xD;
&#xD;
2019-09-23 11:25:20 - [MESSAGE][PASSED] - Object: 'Object Repository/Regression BackOffice/CLINK-30888/GetClientButton' is clicked on&#xD;
&#xD;
2019-09-23 11:25:20 - [TEST_STEP][PASSED] - delay(2): Delayed 2 second(s)&#xD;
&#xD;
2019-09-23 11:25:22 - [MESSAGE][PASSED] - Delayed 2 second(s)&#xD;
&#xD;
2019-09-23 11:25:22 - [TEST_STEP][PASSED] - waitForElementPresent(findTestObject("Regression BackOffice/CLINK-30888/ClientSelected"), 50): Object 'Object Repository/Regression BackOffice/CLINK-30888/ClientSelected' is present&#xD;
&#xD;
2019-09-23 11:25:22 - [MESSAGE][PASSED] - Object 'Object Repository/Regression BackOffice/CLINK-30888/ClientSelected' is present&#xD;
&#xD;
2019-09-23 11:25:22 - [TEST_STEP][PASSED] - click(findTestObject("Regression BackOffice/CLINK-30888/ClientSelected")): Object: 'Object Repository/Regression BackOffice/CLINK-30888/ClientSelected' is clicked on&#xD;
&#xD;
2019-09-23 11:25:22 - [MESSAGE][PASSED] - Object: 'Object Repository/Regression BackOffice/CLINK-30888/ClientSelected' is clicked on&#xD;
&#xD;
2019-09-23 11:25:22 - [TEST_STEP][PASSED] - delay(2): Delayed 2 second(s)&#xD;
&#xD;
2019-09-23 11:25:24 - [MESSAGE][PASSED] - Delayed 2 second(s)&#xD;
&#xD;
2019-09-23 11:25:24 - [TEST_STEP][PASSED] - waitForElementPresent(findTestObject("Regression BackOffice/CLINK-30888/StartAutorization"), 50): Object 'Object Repository/Regression BackOffice/CLINK-30888/StartAutorization' is present&#xD;
&#xD;
2019-09-23 11:25:24 - [MESSAGE][PASSED] - Object 'Object Repository/Regression BackOffice/CLINK-30888/StartAutorization' is present&#xD;
&#xD;
2019-09-23 11:25:24 - [TEST_STEP][PASSED] - click(findTestObject("Regression BackOffice/CLINK-30888/StartAutorization")): Object: 'Object Repository/Regression BackOffice/CLINK-30888/StartAutorization' is clicked on&#xD;
&#xD;
2019-09-23 11:25:24 - [MESSAGE][PASSED] - Object: 'Object Repository/Regression BackOffice/CLINK-30888/StartAutorization' is clicked on&#xD;
&#xD;
2019-09-23 11:25:24 - [TEST_STEP][PASSED] - delay(2): Delayed 2 second(s)&#xD;
&#xD;
2019-09-23 11:25:26 - [MESSAGE][PASSED] - Delayed 2 second(s)&#xD;
&#xD;
2019-09-23 11:25:26 - [TEST_STEP][PASSED] - waitForElementPresent(findTestObject("Regression BackOffice/CLINK-30888/span_Select all"), 50): Object 'Object Repository/Regression BackOffice/CLINK-30888/span_Select all' is present&#xD;
&#xD;
2019-09-23 11:25:26 - [MESSAGE][PASSED] - Object 'Object Repository/Regression BackOffice/CLINK-30888/span_Select all' is present&#xD;
&#xD;
2019-09-23 11:25:26 - [TEST_STEP][PASSED] - click(findTestObject("Regression BackOffice/CLINK-30888/span_Select all")): Object: 'Object Repository/Regression BackOffice/CLINK-30888/span_Select all' is clicked on&#xD;
&#xD;
2019-09-23 11:25:27 - [MESSAGE][PASSED] - Object: 'Object Repository/Regression BackOffice/CLINK-30888/span_Select all' is clicked on&#xD;
&#xD;
2019-09-23 11:25:27 - [TEST_STEP][PASSED] - delay(2): Delayed 2 second(s)&#xD;
&#xD;
2019-09-23 11:25:29 - [MESSAGE][PASSED] - Delayed 2 second(s)&#xD;
&#xD;
2019-09-23 11:25:29 - [TEST_STEP][PASSED] - scrollToElement(findTestObject("Regression BackOffice/CLINK-30888/StartButton"), 50): Scroll to object 'Object Repository/Regression BackOffice/CLINK-30888/StartButton' successfully&#xD;
&#xD;
2019-09-23 11:25:29 - [MESSAGE][PASSED] - Scroll to object 'Object Repository/Regression BackOffice/CLINK-30888/StartButton' successfully&#xD;
&#xD;
2019-09-23 11:25:29 - [TEST_STEP][PASSED] - click(findTestObject("Regression BackOffice/CLINK-30888/StartButton")): Object: 'Object Repository/Regression BackOffice/CLINK-30888/StartButton' is clicked on&#xD;
&#xD;
2019-09-23 11:25:29 - [MESSAGE][PASSED] - Object: 'Object Repository/Regression BackOffice/CLINK-30888/StartButton' is clicked on&#xD;
&#xD;
2019-09-23 11:25:29 - [TEST_STEP][PASSED] - delay(600): Delayed 600 second(s)&#xD;
&#xD;
2019-09-23 11:35:29 - [MESSAGE][PASSED] - Delayed 600 second(s)&#xD;
&#xD;
2019-09-23 11:35:29 - [TEST_STEP][PASSED] - closeBrowser(): Browser is closed&#xD;
&#xD;
2019-09-23 11:35:30 - [MESSAGE][PASSED] - Browser is closed</system-out>
            <system-err></system-err>
        </testcase>
        <testcase name="Test Cases/Regression BackOffice (All Browsers)/CLNK-23448 - Back office Setup Caregiver Remote Login" classname="Test Cases/Regression BackOffice (All Browsers)/CLNK-23448 - Back office Setup Caregiver Remote Login" status="PASSED">
            <system-out>2019-09-23 11:35:32 - [TEST_CASE][PASSED] - Test Cases/Regression BackOffice (All Browsers)/CLNK-23448 - Back office Setup Caregiver Remote Login: Test Cases/Regression BackOffice (All Browsers)/CLNK-23448 - Back office Setup Caregiver Remote Login&#xD;
&#xD;
2019-09-23 11:35:32 - [TEST_STEP][PASSED] - callTestCase(findTestCase("Regression BackOffice (All Browsers)/CLNK-23439 - Clink - Back office Client"), [:], STOP_ON_FAILURE): Call Test Case 'Test Cases/Regression BackOffice (All Browsers)/CLNK-23439 - Clink - Back office Client' successfully&#xD;
&#xD;
2019-09-23 11:35:32 - [TEST_CASE][PASSED] - Test Cases/Regression BackOffice (All Browsers)/CLNK-23439 - Clink - Back office Client: Test Cases/Regression BackOffice (All Browsers)/CLNK-23439 - Clink - Back office Client&#xD;
&#xD;
2019-09-23 11:35:32 - [TEST_STEP][PASSED] - deleteAllCookies(): Delete all cookies successfully&#xD;
&#xD;
2019-09-23 11:35:32 - [MESSAGE][WARNING] - Cannot delete cookies because browser is closed&#xD;
&#xD;
2019-09-23 11:35:32 - [MESSAGE][PASSED] - Delete all cookies successfully&#xD;
&#xD;
2019-09-23 11:35:32 - [TEST_STEP][PASSED] - openBrowser(G_SiteBackOffice): Browser is opened with url: 'https://qanewpoc.continulink.com:8443/Backoffice/'&#xD;
&#xD;
2019-09-23 11:35:32 - [MESSAGE][INFO] - Starting 'Chrome' driver&#xD;
&#xD;
2019-09-23 11:35:40 - [MESSAGE][PASSED] - Browser is opened with url: 'https://qanewpoc.continulink.com:8443/Backoffice/'&#xD;
&#xD;
2019-09-23 11:35:40 - [TEST_STEP][PASSED] - waitForPageLoad(60): Wait for page load successfully&#xD;
&#xD;
2019-09-23 11:35:40 - [MESSAGE][PASSED] - Wait for page load successfully&#xD;
&#xD;
2019-09-23 11:35:40 - [TEST_STEP][PASSED] - maximizeWindow(): Current window maximized&#xD;
&#xD;
2019-09-23 11:35:44 - [MESSAGE][PASSED] - Current window maximized&#xD;
&#xD;
2019-09-23 11:35:44 - [TEST_STEP][PASSED] - setText(findTestObject("Regression BackOffice/Login/UserBackOffice"), G_UserBackOffice): Text 'automation_admin' is set on object 'Object Repository/Regression BackOffice/Login/UserBackOffice'&#xD;
&#xD;
2019-09-23 11:35:44 - [MESSAGE][PASSED] - Text 'automation_admin' is set on object 'Object Repository/Regression BackOffice/Login/UserBackOffice'&#xD;
&#xD;
2019-09-23 11:35:44 - [TEST_STEP][PASSED] - setText(findTestObject("Regression BackOffice/Login/PasswordBackOffice"), G_PasswordBackOffice): Text 'qwerty' is set on object 'Object Repository/Regression BackOffice/Login/PasswordBackOffice'&#xD;
&#xD;
2019-09-23 11:35:44 - [MESSAGE][PASSED] - Text 'qwerty' is set on object 'Object Repository/Regression BackOffice/Login/PasswordBackOffice'&#xD;
&#xD;
2019-09-23 11:35:44 - [TEST_STEP][PASSED] - click(findTestObject("Regression BackOffice/Login/LoginBackOffice")): Object: 'Object Repository/Regression BackOffice/Login/LoginBackOffice' is clicked on&#xD;
&#xD;
2019-09-23 11:35:49 - [MESSAGE][PASSED] - Object: 'Object Repository/Regression BackOffice/Login/LoginBackOffice' is clicked on&#xD;
&#xD;
2019-09-23 11:35:49 - [TEST_STEP][PASSED] - waitForPageLoad(60): Wait for page load successfully&#xD;
&#xD;
2019-09-23 11:35:49 - [MESSAGE][PASSED] - Wait for page load successfully&#xD;
&#xD;
2019-09-23 11:35:49 - [TEST_STEP][PASSED] - delay(2): Delayed 2 second(s)&#xD;
&#xD;
2019-09-23 11:35:51 - [MESSAGE][PASSED] - Delayed 2 second(s)&#xD;
&#xD;
2019-09-23 11:35:51 - [TEST_STEP][PASSED] - switchToFrame(findTestObject("Regression BackOffice/CLINK-Frames/FrameFrameLeft"), 5, STOP_ON_FAILURE): null&#xD;
&#xD;
2019-09-23 11:35:51 - [TEST_STEP][PASSED] - delay(2): Delayed 2 second(s)&#xD;
&#xD;
2019-09-23 11:35:53 - [MESSAGE][PASSED] - Delayed 2 second(s)&#xD;
&#xD;
2019-09-23 11:35:53 - [TEST_STEP][PASSED] - waitForElementPresent(findTestObject("Regression BackOffice/CLINK-Frames/ClientIntake"), 50): Object 'Object Repository/Regression BackOffice/CLINK-Frames/ClientIntake' is present&#xD;
&#xD;
2019-09-23 11:35:53 - [MESSAGE][PASSED] - Object 'Object Repository/Regression BackOffice/CLINK-Frames/ClientIntake' is present&#xD;
&#xD;
2019-09-23 11:35:53 - [TEST_STEP][PASSED] - verifyElementPresent(findTestObject("Regression BackOffice/CLINK-Frames/ClientIntake"), 100, STOP_ON_FAILURE): Object 'Object Repository/Regression BackOffice/CLINK-Frames/ClientIntake' is present&#xD;
&#xD;
2019-09-23 11:35:53 - [MESSAGE][PASSED] - Object 'Object Repository/Regression BackOffice/CLINK-Frames/ClientIntake' is present&#xD;
&#xD;
2019-09-23 11:35:53 - [TEST_STEP][PASSED] - switchToDefaultContent(): null&#xD;
&#xD;
2019-09-23 11:35:53 - [MESSAGE][PASSED] - Call Test Case 'Test Cases/Regression BackOffice (All Browsers)/CLNK-23439 - Clink - Back office Client' successfully&#xD;
&#xD;
2019-09-23 11:35:53 - [TEST_STEP][PASSED] - waitForPageLoad(60): Wait for page load successfully&#xD;
&#xD;
2019-09-23 11:35:53 - [MESSAGE][PASSED] - Wait for page load successfully&#xD;
&#xD;
2019-09-23 11:35:53 - [TEST_STEP][PASSED] - delay(3): Delayed 3 second(s)&#xD;
&#xD;
2019-09-23 11:35:56 - [MESSAGE][PASSED] - Delayed 3 second(s)&#xD;
&#xD;
2019-09-23 11:35:56 - [TEST_STEP][PASSED] - switchToFrame(findTestObject("Regression BackOffice/CLNK-23449/FrameLeft"), 30): null&#xD;
&#xD;
2019-09-23 11:35:56 - [TEST_STEP][PASSED] - waitForElementPresent(findTestObject("Regression BackOffice/CLNK-23441/Caregiver  HRLink"), 100): Object 'Object Repository/Regression BackOffice/CLNK-23441/Caregiver  HRLink' is present&#xD;
&#xD;
2019-09-23 11:35:56 - [MESSAGE][PASSED] - Object 'Object Repository/Regression BackOffice/CLNK-23441/Caregiver  HRLink' is present&#xD;
&#xD;
2019-09-23 11:35:56 - [TEST_STEP][PASSED] - click(findTestObject("Regression BackOffice/CLNK-23441/Caregiver  HRLink")): Object: 'Object Repository/Regression BackOffice/CLNK-23441/Caregiver  HRLink' is clicked on&#xD;
&#xD;
2019-09-23 11:35:57 - [MESSAGE][PASSED] - Object: 'Object Repository/Regression BackOffice/CLNK-23441/Caregiver  HRLink' is clicked on&#xD;
&#xD;
2019-09-23 11:35:57 - [TEST_STEP][PASSED] - delay(2): Delayed 2 second(s)&#xD;
&#xD;
2019-09-23 11:35:59 - [MESSAGE][PASSED] - Delayed 2 second(s)&#xD;
&#xD;
2019-09-23 11:35:59 - [TEST_STEP][PASSED] - waitForPageLoad(50): Wait for page load successfully&#xD;
&#xD;
2019-09-23 11:35:59 - [MESSAGE][PASSED] - Wait for page load successfully&#xD;
&#xD;
2019-09-23 11:35:59 - [TEST_STEP][PASSED] - waitForElementPresent(findTestObject("Regression BackOffice/CLINK-23448/Setup Caregiver Remote Login"), 50): Object 'Object Repository/Regression BackOffice/CLINK-23448/Setup Caregiver Remote Login' is present&#xD;
&#xD;
2019-09-23 11:35:59 - [MESSAGE][PASSED] - Object 'Object Repository/Regression BackOffice/CLINK-23448/Setup Caregiver Remote Login' is present&#xD;
&#xD;
2019-09-23 11:35:59 - [TEST_STEP][PASSED] - click(findTestObject("Regression BackOffice/CLINK-23448/Setup Caregiver Remote Login")): Object: 'Object Repository/Regression BackOffice/CLINK-23448/Setup Caregiver Remote Login' is clicked on&#xD;
&#xD;
2019-09-23 11:36:00 - [MESSAGE][PASSED] - Object: 'Object Repository/Regression BackOffice/CLINK-23448/Setup Caregiver Remote Login' is clicked on&#xD;
&#xD;
2019-09-23 11:36:00 - [TEST_STEP][PASSED] - waitForPageLoad(60): Wait for page load successfully&#xD;
&#xD;
2019-09-23 11:36:00 - [MESSAGE][PASSED] - Wait for page load successfully&#xD;
&#xD;
2019-09-23 11:36:00 - [TEST_STEP][PASSED] - switchToDefaultContent(): null&#xD;
&#xD;
2019-09-23 11:36:00 - [TEST_STEP][PASSED] - switchToFrame(findTestObject("Regression BackOffice/CLNK-23449/FrameMain"), 30): null&#xD;
&#xD;
2019-09-23 11:36:00 - [TEST_STEP][PASSED] - waitForElementPresent(findTestObject("Regression BackOffice/CLINK-23448/Caregiver Name II"), 50): Object 'Object Repository/Regression BackOffice/CLINK-23448/Caregiver Name II' is present&#xD;
&#xD;
2019-09-23 11:36:01 - [MESSAGE][PASSED] - Object 'Object Repository/Regression BackOffice/CLINK-23448/Caregiver Name II' is present&#xD;
&#xD;
2019-09-23 11:36:01 - [TEST_STEP][PASSED] - setText(findTestObject("Regression BackOffice/CLINK-23448/Caregiver Name II"), G_CareGiverLastName): Text 'Ochentilla' is set on object 'Object Repository/Regression BackOffice/CLINK-23448/Caregiver Name II'&#xD;
&#xD;
2019-09-23 11:36:01 - [MESSAGE][PASSED] - Text 'Ochentilla' is set on object 'Object Repository/Regression BackOffice/CLINK-23448/Caregiver Name II'&#xD;
&#xD;
2019-09-23 11:36:01 - [TEST_STEP][PASSED] - delay(2): Delayed 2 second(s)&#xD;
&#xD;
2019-09-23 11:36:03 - [MESSAGE][PASSED] - Delayed 2 second(s)&#xD;
&#xD;
2019-09-23 11:36:03 - [TEST_STEP][PASSED] - if (verifyElementNotVisible(findTestObject("Regression BackOffice/CLINK-23448/DivNoMatch"))): Object 'Object Repository/Regression BackOffice/CLINK-23448/DivNoMatch' is visible (Root cause: com.kms.katalon.core.exception.StepFailedException: Object 'Object Repository/Regression BackOffice/CLINK-23448/DivNoMatch' is visible&#xD;
	at com.kms.katalon.core.webui.keyword.internal.WebUIKeywordMain.stepFailed(WebUIKeywordMain.groovy:64)&#xD;
	at com.kms.katalon.core.webui.keyword.builtin.VerifyElementNotVisibleKeyword$_verifyElementNotVisible_closure1.doCall(VerifyElementNotVisibleKeyword.groovy:83)&#xD;
	at com.kms.katalon.core.webui.keyword.builtin.VerifyElementNotVisibleKeyword$_verifyElementNotVisible_closure1.call(VerifyElementNotVisibleKeyword.groovy)&#xD;
	at com.kms.katalon.core.webui.keyword.internal.WebUIKeywordMain.runKeyword(WebUIKeywordMain.groovy:20)&#xD;
	at com.kms.katalon.core.webui.keyword.builtin.VerifyElementNotVisibleKeyword.verifyElementNotVisible(VerifyElementNotVisibleKeyword.groovy:97)&#xD;
	at com.kms.katalon.core.webui.keyword.builtin.VerifyElementNotVisibleKeyword.execute(VerifyElementNotVisibleKeyword.groovy:67)&#xD;
	at com.kms.katalon.core.keyword.internal.KeywordExecutor.executeKeywordForPlatform(KeywordExecutor.groovy:56)&#xD;
	at com.kms.katalon.core.webui.keyword.WebUiBuiltInKeywords.verifyElementNotVisible(WebUiBuiltInKeywords.groovy:401)&#xD;
	at com.kms.katalon.core.webui.keyword.WebUiBuiltInKeywords$verifyElementNotVisible$25.call(Unknown Source)&#xD;
	at CLNK-23448 - Back office Setup Caregiver Remote Login.run(CLNK-23448 - Back office Setup Caregiver Remote Login:49)&#xD;
	at com.kms.katalon.core.main.ScriptEngine.run(ScriptEngine.java:194)&#xD;
	at com.kms.katalon.core.main.ScriptEngine.runScriptAsRawText(ScriptEngine.java:119)&#xD;
	at com.kms.katalon.core.main.TestCaseExecutor.runScript(TestCaseExecutor.java:337)&#xD;
	at com.kms.katalon.core.main.TestCaseExecutor.doExecute(TestCaseExecutor.java:328)&#xD;
	at com.kms.katalon.core.main.TestCaseExecutor.processExecutionPhase(TestCaseExecutor.java:307)&#xD;
	at com.kms.katalon.core.main.TestCaseExecutor.accessMainPhase(TestCaseExecutor.java:299)&#xD;
	at com.kms.katalon.core.main.TestCaseExecutor.execute(TestCaseExecutor.java:233)&#xD;
	at com.kms.katalon.core.main.TestSuiteExecutor.accessTestCaseMainPhase(TestSuiteExecutor.java:169)&#xD;
	at com.kms.katalon.core.main.TestSuiteExecutor.accessTestSuiteMainPhase(TestSuiteExecutor.java:142)&#xD;
	at com.kms.katalon.core.main.TestSuiteExecutor.execute(TestSuiteExecutor.java:91)&#xD;
	at com.kms.katalon.core.main.TestCaseMain.startTestSuite(TestCaseMain.java:157)&#xD;
	at com.kms.katalon.core.main.TestCaseMain$startTestSuite$0.call(Unknown Source)&#xD;
	at TempTestSuite1569245946628.run(TempTestSuite1569245946628.groovy:35)&#xD;
)&#xD;
&#xD;
2019-09-23 11:36:03 - [MESSAGE][WARNING] - Object 'Object Repository/Regression BackOffice/CLINK-23448/DivNoMatch' is visible (Root cause: com.kms.katalon.core.exception.StepFailedException: Object 'Object Repository/Regression BackOffice/CLINK-23448/DivNoMatch' is visible&#xD;
	at com.kms.katalon.core.webui.keyword.internal.WebUIKeywordMain.stepFailed(WebUIKeywordMain.groovy:64)&#xD;
	at com.kms.katalon.core.webui.keyword.builtin.VerifyElementNotVisibleKeyword$_verifyElementNotVisible_closure1.doCall(VerifyElementNotVisibleKeyword.groovy:83)&#xD;
	at com.kms.katalon.core.webui.keyword.builtin.VerifyElementNotVisibleKeyword$_verifyElementNotVisible_closure1.call(VerifyElementNotVisibleKeyword.groovy)&#xD;
	at com.kms.katalon.core.webui.keyword.internal.WebUIKeywordMain.runKeyword(WebUIKeywordMain.groovy:20)&#xD;
	at com.kms.katalon.core.webui.keyword.builtin.VerifyElementNotVisibleKeyword.verifyElementNotVisible(VerifyElementNotVisibleKeyword.groovy:97)&#xD;
	at com.kms.katalon.core.webui.keyword.builtin.VerifyElementNotVisibleKeyword.execute(VerifyElementNotVisibleKeyword.groovy:67)&#xD;
	at com.kms.katalon.core.keyword.internal.KeywordExecutor.executeKeywordForPlatform(KeywordExecutor.groovy:56)&#xD;
	at com.kms.katalon.core.webui.keyword.WebUiBuiltInKeywords.verifyElementNotVisible(WebUiBuiltInKeywords.groovy:401)&#xD;
	at com.kms.katalon.core.webui.keyword.WebUiBuiltInKeywords$verifyElementNotVisible$25.call(Unknown Source)&#xD;
	at CLNK-23448 - Back office Setup Caregiver Remote Login.run(CLNK-23448 - Back office Setup Caregiver Remote Login:49)&#xD;
	at com.kms.katalon.core.main.ScriptEngine.run(ScriptEngine.java:194)&#xD;
	at com.kms.katalon.core.main.ScriptEngine.runScriptAsRawText(ScriptEngine.java:119)&#xD;
	at com.kms.katalon.core.main.TestCaseExecutor.runScript(TestCaseExecutor.java:337)&#xD;
	at com.kms.katalon.core.main.TestCaseExecutor.doExecute(TestCaseExecutor.java:328)&#xD;
	at com.kms.katalon.core.main.TestCaseExecutor.processExecutionPhase(TestCaseExecutor.java:307)&#xD;
	at com.kms.katalon.core.main.TestCaseExecutor.accessMainPhase(TestCaseExecutor.java:299)&#xD;
	at com.kms.katalon.core.main.TestCaseExecutor.execute(TestCaseExecutor.java:233)&#xD;
	at com.kms.katalon.core.main.TestSuiteExecutor.accessTestCaseMainPhase(TestSuiteExecutor.java:169)&#xD;
	at com.kms.katalon.core.main.TestSuiteExecutor.accessTestSuiteMainPhase(TestSuiteExecutor.java:142)&#xD;
	at com.kms.katalon.core.main.TestSuiteExecutor.execute(TestSuiteExecutor.java:91)&#xD;
	at com.kms.katalon.core.main.TestCaseMain.startTestSuite(TestCaseMain.java:157)&#xD;
	at com.kms.katalon.core.main.TestCaseMain$startTestSuite$0.call(Unknown Source)&#xD;
	at TempTestSuite1569245946628.run(TempTestSuite1569245946628.groovy:35)&#xD;
)&#xD;
[[ATTACHMENT|C:\\Users\\isaac\\Desktop\\Clientes\\ProcuraCanada\\Katalon Studio\\Continulink\\Reports\\20190923_103834\\Regression BackOffice\\Regression BackOffice\\20190923_103906\\1569249363311.png]]&#xD;
&#xD;
2019-09-23 11:36:03 - [TEST_STEP][PASSED] - closeBrowser(): Browser is closed&#xD;
&#xD;
2019-09-23 11:36:04 - [MESSAGE][PASSED] - Browser is closed</system-out>
            <system-err></system-err>
        </testcase>
        <testcase name="Test Cases/Regression BackOffice (All Browsers)/CLNK-30380 - BO - Authorization - Schedule - Happy Path - UC0002" classname="Test Cases/Regression BackOffice (All Browsers)/CLNK-30380 - BO - Authorization - Schedule - Happy Path - UC0002" status="PASSED">
            <system-out>2019-09-23 11:36:06 - [TEST_CASE][PASSED] - Test Cases/Regression BackOffice (All Browsers)/CLNK-30380 - BO - Authorization - Schedule - Happy Path - UC0002: Test Cases/Regression BackOffice (All Browsers)/CLNK-30380 - BO - Authorization - Schedule - Happy Path - UC0002&#xD;
&#xD;
2019-09-23 11:36:06 - [TEST_STEP][PASSED] - callTestCase(findTestCase("Regression BackOffice (All Browsers)/CLNK-23439 - Clink - Back office Client"), [:], STOP_ON_FAILURE): Call Test Case 'Test Cases/Regression BackOffice (All Browsers)/CLNK-23439 - Clink - Back office Client' successfully&#xD;
&#xD;
2019-09-23 11:36:06 - [TEST_CASE][PASSED] - Test Cases/Regression BackOffice (All Browsers)/CLNK-23439 - Clink - Back office Client: Test Cases/Regression BackOffice (All Browsers)/CLNK-23439 - Clink - Back office Client&#xD;
&#xD;
2019-09-23 11:36:06 - [TEST_STEP][PASSED] - deleteAllCookies(): Delete all cookies successfully&#xD;
&#xD;
2019-09-23 11:36:06 - [MESSAGE][WARNING] - Cannot delete cookies because browser is closed&#xD;
&#xD;
2019-09-23 11:36:06 - [MESSAGE][PASSED] - Delete all cookies successfully&#xD;
&#xD;
2019-09-23 11:36:06 - [TEST_STEP][PASSED] - openBrowser(G_SiteBackOffice): Browser is opened with url: 'https://qanewpoc.continulink.com:8443/Backoffice/'&#xD;
&#xD;
2019-09-23 11:36:07 - [MESSAGE][INFO] - Starting 'Chrome' driver&#xD;
&#xD;
2019-09-23 11:36:14 - [MESSAGE][PASSED] - Browser is opened with url: 'https://qanewpoc.continulink.com:8443/Backoffice/'&#xD;
&#xD;
2019-09-23 11:36:14 - [TEST_STEP][PASSED] - waitForPageLoad(60): Wait for page load successfully&#xD;
&#xD;
2019-09-23 11:36:14 - [MESSAGE][PASSED] - Wait for page load successfully&#xD;
&#xD;
2019-09-23 11:36:14 - [TEST_STEP][PASSED] - maximizeWindow(): Current window maximized&#xD;
&#xD;
2019-09-23 11:36:18 - [MESSAGE][PASSED] - Current window maximized&#xD;
&#xD;
2019-09-23 11:36:18 - [TEST_STEP][PASSED] - setText(findTestObject("Regression BackOffice/Login/UserBackOffice"), G_UserBackOffice): Text 'automation_admin' is set on object 'Object Repository/Regression BackOffice/Login/UserBackOffice'&#xD;
&#xD;
2019-09-23 11:36:19 - [MESSAGE][PASSED] - Text 'automation_admin' is set on object 'Object Repository/Regression BackOffice/Login/UserBackOffice'&#xD;
&#xD;
2019-09-23 11:36:19 - [TEST_STEP][PASSED] - setText(findTestObject("Regression BackOffice/Login/PasswordBackOffice"), G_PasswordBackOffice): Text 'qwerty' is set on object 'Object Repository/Regression BackOffice/Login/PasswordBackOffice'&#xD;
&#xD;
2019-09-23 11:36:19 - [MESSAGE][PASSED] - Text 'qwerty' is set on object 'Object Repository/Regression BackOffice/Login/PasswordBackOffice'&#xD;
&#xD;
2019-09-23 11:36:19 - [TEST_STEP][PASSED] - click(findTestObject("Regression BackOffice/Login/LoginBackOffice")): Object: 'Object Repository/Regression BackOffice/Login/LoginBackOffice' is clicked on&#xD;
&#xD;
2019-09-23 11:36:23 - [MESSAGE][PASSED] - Object: 'Object Repository/Regression BackOffice/Login/LoginBackOffice' is clicked on&#xD;
&#xD;
2019-09-23 11:36:23 - [TEST_STEP][PASSED] - waitForPageLoad(60): Wait for page load successfully&#xD;
&#xD;
2019-09-23 11:36:23 - [MESSAGE][PASSED] - Wait for page load successfully&#xD;
&#xD;
2019-09-23 11:36:23 - [TEST_STEP][PASSED] - delay(2): Delayed 2 second(s)&#xD;
&#xD;
2019-09-23 11:36:25 - [MESSAGE][PASSED] - Delayed 2 second(s)&#xD;
&#xD;
2019-09-23 11:36:25 - [TEST_STEP][PASSED] - switchToFrame(findTestObject("Regression BackOffice/CLINK-Frames/FrameFrameLeft"), 5, STOP_ON_FAILURE): null&#xD;
&#xD;
2019-09-23 11:36:25 - [TEST_STEP][PASSED] - delay(2): Delayed 2 second(s)&#xD;
&#xD;
2019-09-23 11:36:27 - [MESSAGE][PASSED] - Delayed 2 second(s)&#xD;
&#xD;
2019-09-23 11:36:27 - [TEST_STEP][PASSED] - waitForElementPresent(findTestObject("Regression BackOffice/CLINK-Frames/ClientIntake"), 50): Object 'Object Repository/Regression BackOffice/CLINK-Frames/ClientIntake' is present&#xD;
&#xD;
2019-09-23 11:36:27 - [MESSAGE][PASSED] - Object 'Object Repository/Regression BackOffice/CLINK-Frames/ClientIntake' is present&#xD;
&#xD;
2019-09-23 11:36:28 - [TEST_STEP][PASSED] - verifyElementPresent(findTestObject("Regression BackOffice/CLINK-Frames/ClientIntake"), 100, STOP_ON_FAILURE): Object 'Object Repository/Regression BackOffice/CLINK-Frames/ClientIntake' is present&#xD;
&#xD;
2019-09-23 11:36:28 - [MESSAGE][PASSED] - Object 'Object Repository/Regression BackOffice/CLINK-Frames/ClientIntake' is present&#xD;
&#xD;
2019-09-23 11:36:28 - [TEST_STEP][PASSED] - switchToDefaultContent(): null&#xD;
&#xD;
2019-09-23 11:36:28 - [MESSAGE][PASSED] - Call Test Case 'Test Cases/Regression BackOffice (All Browsers)/CLNK-23439 - Clink - Back office Client' successfully&#xD;
&#xD;
2019-09-23 11:36:28 - [TEST_STEP][PASSED] - waitForPageLoad(60): Wait for page load successfully&#xD;
&#xD;
2019-09-23 11:36:28 - [MESSAGE][PASSED] - Wait for page load successfully&#xD;
&#xD;
2019-09-23 11:36:28 - [TEST_STEP][PASSED] - delay(3): Delayed 3 second(s)&#xD;
&#xD;
2019-09-23 11:36:31 - [MESSAGE][PASSED] - Delayed 3 second(s)&#xD;
&#xD;
2019-09-23 11:36:31 - [TEST_STEP][PASSED] - switchToFrame(findTestObject("Regression BackOffice/CLNK-23449/FrameLeft"), 30): null&#xD;
&#xD;
2019-09-23 11:36:31 - [TEST_STEP][PASSED] - waitForElementPresent(findTestObject("Regression BackOffice/CLINK-30888/ScheduleLink"), 100): Object 'Object Repository/Regression BackOffice/CLINK-30888/ScheduleLink' is present&#xD;
&#xD;
2019-09-23 11:36:31 - [MESSAGE][PASSED] - Object 'Object Repository/Regression BackOffice/CLINK-30888/ScheduleLink' is present&#xD;
&#xD;
2019-09-23 11:36:31 - [TEST_STEP][PASSED] - click(findTestObject("Regression BackOffice/CLINK-30888/ScheduleLink")): Object: 'Object Repository/Regression BackOffice/CLINK-30888/ScheduleLink' is clicked on&#xD;
&#xD;
2019-09-23 11:36:31 - [MESSAGE][PASSED] - Object: 'Object Repository/Regression BackOffice/CLINK-30888/ScheduleLink' is clicked on&#xD;
&#xD;
2019-09-23 11:36:31 - [TEST_STEP][PASSED] - delay(2): Delayed 2 second(s)&#xD;
&#xD;
2019-09-23 11:36:33 - [MESSAGE][PASSED] - Delayed 2 second(s)&#xD;
&#xD;
2019-09-23 11:36:33 - [TEST_STEP][PASSED] - waitForPageLoad(50): Wait for page load successfully&#xD;
&#xD;
2019-09-23 11:36:33 - [MESSAGE][PASSED] - Wait for page load successfully&#xD;
&#xD;
2019-09-23 11:36:33 - [TEST_STEP][PASSED] - waitForElementPresent(findTestObject("Regression BackOffice/CLINK-30380/Schedule Calendar Link"), 50): Object 'Object Repository/Regression BackOffice/CLINK-30380/Schedule Calendar Link' is present&#xD;
&#xD;
2019-09-23 11:36:33 - [MESSAGE][PASSED] - Object 'Object Repository/Regression BackOffice/CLINK-30380/Schedule Calendar Link' is present&#xD;
&#xD;
2019-09-23 11:36:33 - [TEST_STEP][PASSED] - click(findTestObject("Regression BackOffice/CLINK-30380/Schedule Calendar Link")): Object: 'Object Repository/Regression BackOffice/CLINK-30380/Schedule Calendar Link' is clicked on&#xD;
&#xD;
2019-09-23 11:36:36 - [MESSAGE][PASSED] - Object: 'Object Repository/Regression BackOffice/CLINK-30380/Schedule Calendar Link' is clicked on&#xD;
&#xD;
2019-09-23 11:36:36 - [TEST_STEP][PASSED] - delay(2): Delayed 2 second(s)&#xD;
&#xD;
2019-09-23 11:36:38 - [MESSAGE][PASSED] - Delayed 2 second(s)&#xD;
&#xD;
2019-09-23 11:36:38 - [TEST_STEP][PASSED] - switchToDefaultContent(): null&#xD;
&#xD;
2019-09-23 11:36:38 - [TEST_STEP][PASSED] - switchToFrame(findTestObject("Regression BackOffice/CLNK-23449/FrameMain"), 30): null&#xD;
&#xD;
2019-09-23 11:36:38 - [TEST_STEP][PASSED] - waitForElementPresent(findTestObject("Regression BackOffice/CLINK-30380/Schedule Search Link"), 50): Object 'Object Repository/Regression BackOffice/CLINK-30380/Schedule Search Link' is present&#xD;
&#xD;
2019-09-23 11:36:38 - [MESSAGE][PASSED] - Object 'Object Repository/Regression BackOffice/CLINK-30380/Schedule Search Link' is present&#xD;
&#xD;
2019-09-23 11:36:38 - [TEST_STEP][PASSED] - click(findTestObject("Regression BackOffice/CLINK-30380/Schedule Search Link")): Object: 'Object Repository/Regression BackOffice/CLINK-30380/Schedule Search Link' is clicked on&#xD;
&#xD;
2019-09-23 11:36:39 - [MESSAGE][PASSED] - Object: 'Object Repository/Regression BackOffice/CLINK-30380/Schedule Search Link' is clicked on&#xD;
&#xD;
2019-09-23 11:36:39 - [TEST_STEP][PASSED] - delay(2): Delayed 2 second(s)&#xD;
&#xD;
2019-09-23 11:36:41 - [MESSAGE][PASSED] - Delayed 2 second(s)&#xD;
&#xD;
2019-09-23 11:36:41 - [TEST_STEP][PASSED] - waitForElementPresent(findTestObject("Regression BackOffice/CLINK-30380/Client LastName"), 50): Unable to wait for object 'Object Repository/Regression BackOffice/CLINK-30380/Client LastName' to be present (Root cause: com.kms.katalon.core.exception.StepFailedException: Unable to wait for object 'Object Repository/Regression BackOffice/CLINK-30380/Client LastName' to be present&#xD;
	at com.kms.katalon.core.webui.keyword.internal.WebUIKeywordMain.stepFailed(WebUIKeywordMain.groovy:64)&#xD;
	at com.kms.katalon.core.webui.keyword.internal.WebUIKeywordMain.runKeyword(WebUIKeywordMain.groovy:26)&#xD;
	at com.kms.katalon.core.webui.keyword.builtin.WaitForElementPresentKeyword.waitForElementPresent(WaitForElementPresentKeyword.groovy:95)&#xD;
	at com.kms.katalon.core.webui.keyword.builtin.WaitForElementPresentKeyword.execute(WaitForElementPresentKeyword.groovy:68)&#xD;
	at com.kms.katalon.core.keyword.internal.KeywordExecutor.executeKeywordForPlatform(KeywordExecutor.groovy:56)&#xD;
	at com.kms.katalon.core.webui.keyword.WebUiBuiltInKeywords.waitForElementPresent(WebUiBuiltInKeywords.groovy:343)&#xD;
	at com.kms.katalon.core.webui.keyword.WebUiBuiltInKeywords$waitForElementPresent$6.call(Unknown Source)&#xD;
	at CLNK-30380 - BO - Authorization - Schedule - Happy Path - UC0002.run(CLNK-30380 - BO - Authorization - Schedule - Happy Path - UC0002:49)&#xD;
	at com.kms.katalon.core.main.ScriptEngine.run(ScriptEngine.java:194)&#xD;
	at com.kms.katalon.core.main.ScriptEngine.runScriptAsRawText(ScriptEngine.java:119)&#xD;
	at com.kms.katalon.core.main.TestCaseExecutor.runScript(TestCaseExecutor.java:337)&#xD;
	at com.kms.katalon.core.main.TestCaseExecutor.doExecute(TestCaseExecutor.java:328)&#xD;
	at com.kms.katalon.core.main.TestCaseExecutor.processExecutionPhase(TestCaseExecutor.java:307)&#xD;
	at com.kms.katalon.core.main.TestCaseExecutor.accessMainPhase(TestCaseExecutor.java:299)&#xD;
	at com.kms.katalon.core.main.TestCaseExecutor.execute(TestCaseExecutor.java:233)&#xD;
	at com.kms.katalon.core.main.TestSuiteExecutor.accessTestCaseMainPhase(TestSuiteExecutor.java:169)&#xD;
	at com.kms.katalon.core.main.TestSuiteExecutor.accessTestSuiteMainPhase(TestSuiteExecutor.java:142)&#xD;
	at com.kms.katalon.core.main.TestSuiteExecutor.execute(TestSuiteExecutor.java:91)&#xD;
	at com.kms.katalon.core.main.TestCaseMain.startTestSuite(TestCaseMain.java:157)&#xD;
	at com.kms.katalon.core.main.TestCaseMain$startTestSuite$0.call(Unknown Source)&#xD;
	at TempTestSuite1569245946628.run(TempTestSuite1569245946628.groovy:35)&#xD;
Caused by: com.kms.katalon.core.webui.exception.WebElementNotFoundException: Web element with id: 'Object Repository/Regression BackOffice/CLINK-30380/frame_Capture object_FrameMain (1)' located by 'By.xpath: //frameset/frameset/frame[2]' not found&#xD;
	at com.kms.katalon.core.webui.common.WebUiCommonHelper.findWebElement(WebUiCommonHelper.java:1097)&#xD;
	at com.kms.katalon.core.webui.common.WebUiCommonHelper.switchToParentFrame(WebUiCommonHelper.java:1163)&#xD;
	at com.kms.katalon.core.webui.common.WebUiCommonHelper.switchToParentFrame(WebUiCommonHelper.java:1152)&#xD;
	at com.kms.katalon.core.webui.keyword.builtin.WaitForElementPresentKeyword$_waitForElementPresent_closure1.doCall(WaitForElementPresentKeyword.groovy:78)&#xD;
	at com.kms.katalon.core.webui.keyword.builtin.WaitForElementPresentKeyword$_waitForElementPresent_closure1.call(WaitForElementPresentKeyword.groovy)&#xD;
	at com.kms.katalon.core.webui.keyword.internal.WebUIKeywordMain.runKeyword(WebUIKeywordMain.groovy:20)&#xD;
	at com.kms.katalon.core.webui.keyword.builtin.WaitForElementPresentKeyword.waitForElementPresent(WaitForElementPresentKeyword.groovy:95)&#xD;
	at com.kms.katalon.core.webui.keyword.builtin.WaitForElementPresentKeyword.execute(WaitForElementPresentKeyword.groovy:68)&#xD;
	at com.kms.katalon.core.keyword.internal.KeywordExecutor.executeKeywordForPlatform(KeywordExecutor.groovy:56)&#xD;
	at com.kms.katalon.core.webui.keyword.WebUiBuiltInKeywords.waitForElementPresent(WebUiBuiltInKeywords.groovy:343)&#xD;
	at com.kms.katalon.core.webui.keyword.WebUiBuiltInKeywords$waitForElementPresent$6.call(Unknown Source)&#xD;
	at Script1567027388715.run(Script1567027388715.groovy:49)&#xD;
	... 13 more&#xD;
)&#xD;
&#xD;
2019-09-23 11:37:32 - [MESSAGE][INFO] - Unable to find the element located by 'By.xpath: //frameset/frameset/frame[2]'. Please recheck the objects properties to make sure the desired element is located. &#xD;
&#xD;
2019-09-23 11:37:32 - [MESSAGE][WARNING] - Unable to wait for object 'Object Repository/Regression BackOffice/CLINK-30380/Client LastName' to be present (Root cause: com.kms.katalon.core.exception.StepFailedException: Unable to wait for object 'Object Repository/Regression BackOffice/CLINK-30380/Client LastName' to be present&#xD;
	at com.kms.katalon.core.webui.keyword.internal.WebUIKeywordMain.stepFailed(WebUIKeywordMain.groovy:64)&#xD;
	at com.kms.katalon.core.webui.keyword.internal.WebUIKeywordMain.runKeyword(WebUIKeywordMain.groovy:26)&#xD;
	at com.kms.katalon.core.webui.keyword.builtin.WaitForElementPresentKeyword.waitForElementPresent(WaitForElementPresentKeyword.groovy:95)&#xD;
	at com.kms.katalon.core.webui.keyword.builtin.WaitForElementPresentKeyword.execute(WaitForElementPresentKeyword.groovy:68)&#xD;
	at com.kms.katalon.core.keyword.internal.KeywordExecutor.executeKeywordForPlatform(KeywordExecutor.groovy:56)&#xD;
	at com.kms.katalon.core.webui.keyword.WebUiBuiltInKeywords.waitForElementPresent(WebUiBuiltInKeywords.groovy:343)&#xD;
	at com.kms.katalon.core.webui.keyword.WebUiBuiltInKeywords$waitForElementPresent$6.call(Unknown Source)&#xD;
	at CLNK-30380 - BO - Authorization - Schedule - Happy Path - UC0002.run(CLNK-30380 - BO - Authorization - Schedule - Happy Path - UC0002:49)&#xD;
	at com.kms.katalon.core.main.ScriptEngine.run(ScriptEngine.java:194)&#xD;
	at com.kms.katalon.core.main.ScriptEngine.runScriptAsRawText(ScriptEngine.java:119)&#xD;
	at com.kms.katalon.core.main.TestCaseExecutor.runScript(TestCaseExecutor.java:337)&#xD;
	at com.kms.katalon.core.main.TestCaseExecutor.doExecute(TestCaseExecutor.java:328)&#xD;
	at com.kms.katalon.core.main.TestCaseExecutor.processExecutionPhase(TestCaseExecutor.java:307)&#xD;
	at com.kms.katalon.core.main.TestCaseExecutor.accessMainPhase(TestCaseExecutor.java:299)&#xD;
	at com.kms.katalon.core.main.TestCaseExecutor.execute(TestCaseExecutor.java:233)&#xD;
	at com.kms.katalon.core.main.TestSuiteExecutor.accessTestCaseMainPhase(TestSuiteExecutor.java:169)&#xD;
	at com.kms.katalon.core.main.TestSuiteExecutor.accessTestSuiteMainPhase(TestSuiteExecutor.java:142)&#xD;
	at com.kms.katalon.core.main.TestSuiteExecutor.execute(TestSuiteExecutor.java:91)&#xD;
	at com.kms.katalon.core.main.TestCaseMain.startTestSuite(TestCaseMain.java:157)&#xD;
	at com.kms.katalon.core.main.TestCaseMain$startTestSuite$0.call(Unknown Source)&#xD;
	at TempTestSuite1569245946628.run(TempTestSuite1569245946628.groovy:35)&#xD;
Caused by: com.kms.katalon.core.webui.exception.WebElementNotFoundException: Web element with id: 'Object Repository/Regression BackOffice/CLINK-30380/frame_Capture object_FrameMain (1)' located by 'By.xpath: //frameset/frameset/frame[2]' not found&#xD;
	at com.kms.katalon.core.webui.common.WebUiCommonHelper.findWebElement(WebUiCommonHelper.java:1097)&#xD;
	at com.kms.katalon.core.webui.common.WebUiCommonHelper.switchToParentFrame(WebUiCommonHelper.java:1163)&#xD;
	at com.kms.katalon.core.webui.common.WebUiCommonHelper.switchToParentFrame(WebUiCommonHelper.java:1152)&#xD;
	at com.kms.katalon.core.webui.keyword.builtin.WaitForElementPresentKeyword$_waitForElementPresent_closure1.doCall(WaitForElementPresentKeyword.groovy:78)&#xD;
	at com.kms.katalon.core.webui.keyword.builtin.WaitForElementPresentKeyword$_waitForElementPresent_closure1.call(WaitForElementPresentKeyword.groovy)&#xD;
	at com.kms.katalon.core.webui.keyword.internal.WebUIKeywordMain.runKeyword(WebUIKeywordMain.groovy:20)&#xD;
	at com.kms.katalon.core.webui.keyword.builtin.WaitForElementPresentKeyword.waitForElementPresent(WaitForElementPresentKeyword.groovy:95)&#xD;
	at com.kms.katalon.core.webui.keyword.builtin.WaitForElementPresentKeyword.execute(WaitForElementPresentKeyword.groovy:68)&#xD;
	at com.kms.katalon.core.keyword.internal.KeywordExecutor.executeKeywordForPlatform(KeywordExecutor.groovy:56)&#xD;
	at com.kms.katalon.core.webui.keyword.WebUiBuiltInKeywords.waitForElementPresent(WebUiBuiltInKeywords.groovy:343)&#xD;
	at com.kms.katalon.core.webui.keyword.WebUiBuiltInKeywords$waitForElementPresent$6.call(Unknown Source)&#xD;
	at Script1567027388715.run(Script1567027388715.groovy:49)&#xD;
	... 13 more&#xD;
)&#xD;
[[ATTACHMENT|C:\\Users\\isaac\\Desktop\\Clientes\\ProcuraCanada\\Katalon Studio\\Continulink\\Reports\\20190923_103834\\Regression BackOffice\\Regression BackOffice\\20190923_103906\\1569249452260.png]]&#xD;
&#xD;
2019-09-23 11:37:32 - [TEST_STEP][PASSED] - sendKeys(findTestObject("Regression BackOffice/CLINK-30380/Client LastName"), G_ClientLastName): Unable to send keys 'Danielisky' to object 'Object Repository/Regression BackOffice/CLINK-30380/Client LastName' (Root cause: com.kms.katalon.core.exception.StepFailedException: Unable to send keys 'Danielisky' to object 'Object Repository/Regression BackOffice/CLINK-30380/Client LastName'&#xD;
	at com.kms.katalon.core.webui.keyword.internal.WebUIKeywordMain.stepFailed(WebUIKeywordMain.groovy:64)&#xD;
	at com.kms.katalon.core.webui.keyword.internal.WebUIKeywordMain.runKeyword(WebUIKeywordMain.groovy:26)&#xD;
	at com.kms.katalon.core.webui.keyword.builtin.SendKeysKeyword.sendKeys(SendKeysKeyword.groovy:60)&#xD;
	at com.kms.katalon.core.webui.keyword.builtin.SendKeysKeyword.execute(SendKeysKeyword.groovy:38)&#xD;
	at com.kms.katalon.core.keyword.internal.KeywordExecutor.executeKeywordForPlatform(KeywordExecutor.groovy:56)&#xD;
	at com.kms.katalon.core.webui.keyword.WebUiBuiltInKeywords.sendKeys(WebUiBuiltInKeywords.groovy:834)&#xD;
	at com.kms.katalon.core.webui.keyword.WebUiBuiltInKeywords$sendKeys$11.call(Unknown Source)&#xD;
	at CLNK-30380 - BO - Authorization - Schedule - Happy Path - UC0002.run(CLNK-30380 - BO - Authorization - Schedule - Happy Path - UC0002:51)&#xD;
	at com.kms.katalon.core.main.ScriptEngine.run(ScriptEngine.java:194)&#xD;
	at com.kms.katalon.core.main.ScriptEngine.runScriptAsRawText(ScriptEngine.java:119)&#xD;
	at com.kms.katalon.core.main.TestCaseExecutor.runScript(TestCaseExecutor.java:337)&#xD;
	at com.kms.katalon.core.main.TestCaseExecutor.doExecute(TestCaseExecutor.java:328)&#xD;
	at com.kms.katalon.core.main.TestCaseExecutor.processExecutionPhase(TestCaseExecutor.java:307)&#xD;
	at com.kms.katalon.core.main.TestCaseExecutor.accessMainPhase(TestCaseExecutor.java:299)&#xD;
	at com.kms.katalon.core.main.TestCaseExecutor.execute(TestCaseExecutor.java:233)&#xD;
	at com.kms.katalon.core.main.TestSuiteExecutor.accessTestCaseMainPhase(TestSuiteExecutor.java:169)&#xD;
	at com.kms.katalon.core.main.TestSuiteExecutor.accessTestSuiteMainPhase(TestSuiteExecutor.java:142)&#xD;
	at com.kms.katalon.core.main.TestSuiteExecutor.execute(TestSuiteExecutor.java:91)&#xD;
	at com.kms.katalon.core.main.TestCaseMain.startTestSuite(TestCaseMain.java:157)&#xD;
	at com.kms.katalon.core.main.TestCaseMain$startTestSuite$0.call(Unknown Source)&#xD;
	at TempTestSuite1569245946628.run(TempTestSuite1569245946628.groovy:35)&#xD;
Caused by: com.kms.katalon.core.webui.exception.WebElementNotFoundException: Web element with id: 'Object Repository/Regression BackOffice/CLINK-30380/frame_Capture object_FrameMain (1)' located by 'By.xpath: //frameset/frameset/frame[2]' not found&#xD;
	at com.kms.katalon.core.webui.common.WebUiCommonHelper.findWebElement(WebUiCommonHelper.java:1097)&#xD;
	at com.kms.katalon.core.webui.common.WebUiCommonHelper.switchToParentFrame(WebUiCommonHelper.java:1163)&#xD;
	at com.kms.katalon.core.webui.common.WebUiCommonHelper.switchToParentFrame(WebUiCommonHelper.java:1152)&#xD;
	at com.kms.katalon.core.webui.common.WebUiCommonHelper.switchToParentFrame(WebUiCommonHelper.java:1174)&#xD;
	at com.kms.katalon.core.webui.keyword.builtin.SendKeysKeyword$_sendKeys_closure1.doCall(SendKeysKeyword.groovy:49)&#xD;
	at com.kms.katalon.core.webui.keyword.builtin.SendKeysKeyword$_sendKeys_closure1.call(SendKeysKeyword.groovy)&#xD;
	at com.kms.katalon.core.webui.keyword.internal.WebUIKeywordMain.runKeyword(WebUIKeywordMain.groovy:20)&#xD;
	at com.kms.katalon.core.webui.keyword.builtin.SendKeysKeyword.sendKeys(SendKeysKeyword.groovy:60)&#xD;
	at com.kms.katalon.core.webui.keyword.builtin.SendKeysKeyword.execute(SendKeysKeyword.groovy:38)&#xD;
	at com.kms.katalon.core.keyword.internal.KeywordExecutor.executeKeywordForPlatform(KeywordExecutor.groovy:56)&#xD;
	at com.kms.katalon.core.webui.keyword.WebUiBuiltInKeywords.sendKeys(WebUiBuiltInKeywords.groovy:834)&#xD;
	at com.kms.katalon.core.webui.keyword.WebUiBuiltInKeywords$sendKeys$11.call(Unknown Source)&#xD;
	at Script1567027388715.run(Script1567027388715.groovy:51)&#xD;
	... 13 more&#xD;
)&#xD;
&#xD;
2019-09-23 11:38:03 - [MESSAGE][INFO] - Unable to find the element located by 'By.xpath: //frameset/frameset/frame[2]'. Please recheck the objects properties to make sure the desired element is located. &#xD;
&#xD;
2019-09-23 11:38:03 - [MESSAGE][WARNING] - Unable to send keys 'Danielisky' to object 'Object Repository/Regression BackOffice/CLINK-30380/Client LastName' (Root cause: com.kms.katalon.core.exception.StepFailedException: Unable to send keys 'Danielisky' to object 'Object Repository/Regression BackOffice/CLINK-30380/Client LastName'&#xD;
	at com.kms.katalon.core.webui.keyword.internal.WebUIKeywordMain.stepFailed(WebUIKeywordMain.groovy:64)&#xD;
	at com.kms.katalon.core.webui.keyword.internal.WebUIKeywordMain.runKeyword(WebUIKeywordMain.groovy:26)&#xD;
	at com.kms.katalon.core.webui.keyword.builtin.SendKeysKeyword.sendKeys(SendKeysKeyword.groovy:60)&#xD;
	at com.kms.katalon.core.webui.keyword.builtin.SendKeysKeyword.execute(SendKeysKeyword.groovy:38)&#xD;
	at com.kms.katalon.core.keyword.internal.KeywordExecutor.executeKeywordForPlatform(KeywordExecutor.groovy:56)&#xD;
	at com.kms.katalon.core.webui.keyword.WebUiBuiltInKeywords.sendKeys(WebUiBuiltInKeywords.groovy:834)&#xD;
	at com.kms.katalon.core.webui.keyword.WebUiBuiltInKeywords$sendKeys$11.call(Unknown Source)&#xD;
	at CLNK-30380 - BO - Authorization - Schedule - Happy Path - UC0002.run(CLNK-30380 - BO - Authorization - Schedule - Happy Path - UC0002:51)&#xD;
	at com.kms.katalon.core.main.ScriptEngine.run(ScriptEngine.java:194)&#xD;
	at com.kms.katalon.core.main.ScriptEngine.runScriptAsRawText(ScriptEngine.java:119)&#xD;
	at com.kms.katalon.core.main.TestCaseExecutor.runScript(TestCaseExecutor.java:337)&#xD;
	at com.kms.katalon.core.main.TestCaseExecutor.doExecute(TestCaseExecutor.java:328)&#xD;
	at com.kms.katalon.core.main.TestCaseExecutor.processExecutionPhase(TestCaseExecutor.java:307)&#xD;
	at com.kms.katalon.core.main.TestCaseExecutor.accessMainPhase(TestCaseExecutor.java:299)&#xD;
	at com.kms.katalon.core.main.TestCaseExecutor.execute(TestCaseExecutor.java:233)&#xD;
	at com.kms.katalon.core.main.TestSuiteExecutor.accessTestCaseMainPhase(TestSuiteExecutor.java:169)&#xD;
	at com.kms.katalon.core.main.TestSuiteExecutor.accessTestSuiteMainPhase(TestSuiteExecutor.java:142)&#xD;
	at com.kms.katalon.core.main.TestSuiteExecutor.execute(TestSuiteExecutor.java:91)&#xD;
	at com.kms.katalon.core.main.TestCaseMain.startTestSuite(TestCaseMain.java:157)&#xD;
	at com.kms.katalon.core.main.TestCaseMain$startTestSuite$0.call(Unknown Source)&#xD;
	at TempTestSuite1569245946628.run(TempTestSuite1569245946628.groovy:35)&#xD;
Caused by: com.kms.katalon.core.webui.exception.WebElementNotFoundException: Web element with id: 'Object Repository/Regression BackOffice/CLINK-30380/frame_Capture object_FrameMain (1)' located by 'By.xpath: //frameset/frameset/frame[2]' not found&#xD;
	at com.kms.katalon.core.webui.common.WebUiCommonHelper.findWebElement(WebUiCommonHelper.java:1097)&#xD;
	at com.kms.katalon.core.webui.common.WebUiCommonHelper.switchToParentFrame(WebUiCommonHelper.java:1163)&#xD;
	at com.kms.katalon.core.webui.common.WebUiCommonHelper.switchToParentFrame(WebUiCommonHelper.java:1152)&#xD;
	at com.kms.katalon.core.webui.common.WebUiCommonHelper.switchToParentFrame(WebUiCommonHelper.java:1174)&#xD;
	at com.kms.katalon.core.webui.keyword.builtin.SendKeysKeyword$_sendKeys_closure1.doCall(SendKeysKeyword.groovy:49)&#xD;
	at com.kms.katalon.core.webui.keyword.builtin.SendKeysKeyword$_sendKeys_closure1.call(SendKeysKeyword.groovy)&#xD;
	at com.kms.katalon.core.webui.keyword.internal.WebUIKeywordMain.runKeyword(WebUIKeywordMain.groovy:20)&#xD;
	at com.kms.katalon.core.webui.keyword.builtin.SendKeysKeyword.sendKeys(SendKeysKeyword.groovy:60)&#xD;
	at com.kms.katalon.core.webui.keyword.builtin.SendKeysKeyword.execute(SendKeysKeyword.groovy:38)&#xD;
	at com.kms.katalon.core.keyword.internal.KeywordExecutor.executeKeywordForPlatform(KeywordExecutor.groovy:56)&#xD;
	at com.kms.katalon.core.webui.keyword.WebUiBuiltInKeywords.sendKeys(WebUiBuiltInKeywords.groovy:834)&#xD;
	at com.kms.katalon.core.webui.keyword.WebUiBuiltInKeywords$sendKeys$11.call(Unknown Source)&#xD;
	at Script1567027388715.run(Script1567027388715.groovy:51)&#xD;
	... 13 more&#xD;
)&#xD;
[[ATTACHMENT|C:\\Users\\isaac\\Desktop\\Clientes\\ProcuraCanada\\Katalon Studio\\Continulink\\Reports\\20190923_103834\\Regression BackOffice\\Regression BackOffice\\20190923_103906\\1569249483328.png]]&#xD;
&#xD;
2019-09-23 11:38:03 - [TEST_STEP][PASSED] - delay(2): Delayed 2 second(s)&#xD;
&#xD;
2019-09-23 11:38:05 - [MESSAGE][PASSED] - Delayed 2 second(s)&#xD;
&#xD;
2019-09-23 11:38:05 - [TEST_STEP][PASSED] - sendKeys(findTestObject("Regression BackOffice/CLINK-30380/Client LastName"), Keys.chord(ARROW_DOWN, ENTER)): Unable to send keys '' to object 'Object Repository/Regression BackOffice/CLINK-30380/Client LastName' (Root cause: com.kms.katalon.core.exception.StepFailedException: Unable to send keys '' to object 'Object Repository/Regression BackOffice/CLINK-30380/Client LastName'&#xD;
	at com.kms.katalon.core.webui.keyword.internal.WebUIKeywordMain.stepFailed(WebUIKeywordMain.groovy:64)&#xD;
	at com.kms.katalon.core.webui.keyword.internal.WebUIKeywordMain.runKeyword(WebUIKeywordMain.groovy:26)&#xD;
	at com.kms.katalon.core.webui.keyword.builtin.SendKeysKeyword.sendKeys(SendKeysKeyword.groovy:60)&#xD;
	at com.kms.katalon.core.webui.keyword.builtin.SendKeysKeyword.execute(SendKeysKeyword.groovy:38)&#xD;
	at com.kms.katalon.core.keyword.internal.KeywordExecutor.executeKeywordForPlatform(KeywordExecutor.groovy:56)&#xD;
	at com.kms.katalon.core.webui.keyword.WebUiBuiltInKeywords.sendKeys(WebUiBuiltInKeywords.groovy:834)&#xD;
	at com.kms.katalon.core.webui.keyword.WebUiBuiltInKeywords$sendKeys$11.call(Unknown Source)&#xD;
	at CLNK-30380 - BO - Authorization - Schedule - Happy Path - UC0002.run(CLNK-30380 - BO - Authorization - Schedule - Happy Path - UC0002:55)&#xD;
	at com.kms.katalon.core.main.ScriptEngine.run(ScriptEngine.java:194)&#xD;
	at com.kms.katalon.core.main.ScriptEngine.runScriptAsRawText(ScriptEngine.java:119)&#xD;
	at com.kms.katalon.core.main.TestCaseExecutor.runScript(TestCaseExecutor.java:337)&#xD;
	at com.kms.katalon.core.main.TestCaseExecutor.doExecute(TestCaseExecutor.java:328)&#xD;
	at com.kms.katalon.core.main.TestCaseExecutor.processExecutionPhase(TestCaseExecutor.java:307)&#xD;
	at com.kms.katalon.core.main.TestCaseExecutor.accessMainPhase(TestCaseExecutor.java:299)&#xD;
	at com.kms.katalon.core.main.TestCaseExecutor.execute(TestCaseExecutor.java:233)&#xD;
	at com.kms.katalon.core.main.TestSuiteExecutor.accessTestCaseMainPhase(TestSuiteExecutor.java:169)&#xD;
	at com.kms.katalon.core.main.TestSuiteExecutor.accessTestSuiteMainPhase(TestSuiteExecutor.java:142)&#xD;
	at com.kms.katalon.core.main.TestSuiteExecutor.execute(TestSuiteExecutor.java:91)&#xD;
	at com.kms.katalon.core.main.TestCaseMain.startTestSuite(TestCaseMain.java:157)&#xD;
	at com.kms.katalon.core.main.TestCaseMain$startTestSuite$0.call(Unknown Source)&#xD;
	at TempTestSuite1569245946628.run(TempTestSuite1569245946628.groovy:35)&#xD;
Caused by: com.kms.katalon.core.webui.exception.WebElementNotFoundException: Web element with id: 'Object Repository/Regression BackOffice/CLINK-30380/frame_Capture object_FrameMain (1)' located by 'By.xpath: //frameset/frameset/frame[2]' not found&#xD;
	at com.kms.katalon.core.webui.common.WebUiCommonHelper.findWebElement(WebUiCommonHelper.java:1097)&#xD;
	at com.kms.katalon.core.webui.common.WebUiCommonHelper.switchToParentFrame(WebUiCommonHelper.java:1163)&#xD;
	at com.kms.katalon.core.webui.common.WebUiCommonHelper.switchToParentFrame(WebUiCommonHelper.java:1152)&#xD;
	at com.kms.katalon.core.webui.common.WebUiCommonHelper.switchToParentFrame(WebUiCommonHelper.java:1174)&#xD;
	at com.kms.katalon.core.webui.keyword.builtin.SendKeysKeyword$_sendKeys_closure1.doCall(SendKeysKeyword.groovy:49)&#xD;
	at com.kms.katalon.core.webui.keyword.builtin.SendKeysKeyword$_sendKeys_closure1.call(SendKeysKeyword.groovy)&#xD;
	at com.kms.katalon.core.webui.keyword.internal.WebUIKeywordMain.runKeyword(WebUIKeywordMain.groovy:20)&#xD;
	at com.kms.katalon.core.webui.keyword.builtin.SendKeysKeyword.sendKeys(SendKeysKeyword.groovy:60)&#xD;
	at com.kms.katalon.core.webui.keyword.builtin.SendKeysKeyword.execute(SendKeysKeyword.groovy:38)&#xD;
	at com.kms.katalon.core.keyword.internal.KeywordExecutor.executeKeywordForPlatform(KeywordExecutor.groovy:56)&#xD;
	at com.kms.katalon.core.webui.keyword.WebUiBuiltInKeywords.sendKeys(WebUiBuiltInKeywords.groovy:834)&#xD;
	at com.kms.katalon.core.webui.keyword.WebUiBuiltInKeywords$sendKeys$11.call(Unknown Source)&#xD;
	at Script1567027388715.run(Script1567027388715.groovy:55)&#xD;
	... 13 more&#xD;
)&#xD;
&#xD;
2019-09-23 11:38:36 - [MESSAGE][INFO] - Unable to find the element located by 'By.xpath: //frameset/frameset/frame[2]'. Please recheck the objects properties to make sure the desired element is located. &#xD;
&#xD;
2019-09-23 11:38:36 - [MESSAGE][WARNING] - Unable to send keys '' to object 'Object Repository/Regression BackOffice/CLINK-30380/Client LastName' (Root cause: com.kms.katalon.core.exception.StepFailedException: Unable to send keys '' to object 'Object Repository/Regression BackOffice/CLINK-30380/Client LastName'&#xD;
	at com.kms.katalon.core.webui.keyword.internal.WebUIKeywordMain.stepFailed(WebUIKeywordMain.groovy:64)&#xD;
	at com.kms.katalon.core.webui.keyword.internal.WebUIKeywordMain.runKeyword(WebUIKeywordMain.groovy:26)&#xD;
	at com.kms.katalon.core.webui.keyword.builtin.SendKeysKeyword.sendKeys(SendKeysKeyword.groovy:60)&#xD;
	at com.kms.katalon.core.webui.keyword.builtin.SendKeysKeyword.execute(SendKeysKeyword.groovy:38)&#xD;
	at com.kms.katalon.core.keyword.internal.KeywordExecutor.executeKeywordForPlatform(KeywordExecutor.groovy:56)&#xD;
	at com.kms.katalon.core.webui.keyword.WebUiBuiltInKeywords.sendKeys(WebUiBuiltInKeywords.groovy:834)&#xD;
	at com.kms.katalon.core.webui.keyword.WebUiBuiltInKeywords$sendKeys$11.call(Unknown Source)&#xD;
	at CLNK-30380 - BO - Authorization - Schedule - Happy Path - UC0002.run(CLNK-30380 - BO - Authorization - Schedule - Happy Path - UC0002:55)&#xD;
	at com.kms.katalon.core.main.ScriptEngine.run(ScriptEngine.java:194)&#xD;
	at com.kms.katalon.core.main.ScriptEngine.runScriptAsRawText(ScriptEngine.java:119)&#xD;
	at com.kms.katalon.core.main.TestCaseExecutor.runScript(TestCaseExecutor.java:337)&#xD;
	at com.kms.katalon.core.main.TestCaseExecutor.doExecute(TestCaseExecutor.java:328)&#xD;
	at com.kms.katalon.core.main.TestCaseExecutor.processExecutionPhase(TestCaseExecutor.java:307)&#xD;
	at com.kms.katalon.core.main.TestCaseExecutor.accessMainPhase(TestCaseExecutor.java:299)&#xD;
	at com.kms.katalon.core.main.TestCaseExecutor.execute(TestCaseExecutor.java:233)&#xD;
	at com.kms.katalon.core.main.TestSuiteExecutor.accessTestCaseMainPhase(TestSuiteExecutor.java:169)&#xD;
	at com.kms.katalon.core.main.TestSuiteExecutor.accessTestSuiteMainPhase(TestSuiteExecutor.java:142)&#xD;
	at com.kms.katalon.core.main.TestSuiteExecutor.execute(TestSuiteExecutor.java:91)&#xD;
	at com.kms.katalon.core.main.TestCaseMain.startTestSuite(TestCaseMain.java:157)&#xD;
	at com.kms.katalon.core.main.TestCaseMain$startTestSuite$0.call(Unknown Source)&#xD;
	at TempTestSuite1569245946628.run(TempTestSuite1569245946628.groovy:35)&#xD;
Caused by: com.kms.katalon.core.webui.exception.WebElementNotFoundException: Web element with id: 'Object Repository/Regression BackOffice/CLINK-30380/frame_Capture object_FrameMain (1)' located by 'By.xpath: //frameset/frameset/frame[2]' not found&#xD;
	at com.kms.katalon.core.webui.common.WebUiCommonHelper.findWebElement(WebUiCommonHelper.java:1097)&#xD;
	at com.kms.katalon.core.webui.common.WebUiCommonHelper.switchToParentFrame(WebUiCommonHelper.java:1163)&#xD;
	at com.kms.katalon.core.webui.common.WebUiCommonHelper.switchToParentFrame(WebUiCommonHelper.java:1152)&#xD;
	at com.kms.katalon.core.webui.common.WebUiCommonHelper.switchToParentFrame(WebUiCommonHelper.java:1174)&#xD;
	at com.kms.katalon.core.webui.keyword.builtin.SendKeysKeyword$_sendKeys_closure1.doCall(SendKeysKeyword.groovy:49)&#xD;
	at com.kms.katalon.core.webui.keyword.builtin.SendKeysKeyword$_sendKeys_closure1.call(SendKeysKeyword.groovy)&#xD;
	at com.kms.katalon.core.webui.keyword.internal.WebUIKeywordMain.runKeyword(WebUIKeywordMain.groovy:20)&#xD;
	at com.kms.katalon.core.webui.keyword.builtin.SendKeysKeyword.sendKeys(SendKeysKeyword.groovy:60)&#xD;
	at com.kms.katalon.core.webui.keyword.builtin.SendKeysKeyword.execute(SendKeysKeyword.groovy:38)&#xD;
	at com.kms.katalon.core.keyword.internal.KeywordExecutor.executeKeywordForPlatform(KeywordExecutor.groovy:56)&#xD;
	at com.kms.katalon.core.webui.keyword.WebUiBuiltInKeywords.sendKeys(WebUiBuiltInKeywords.groovy:834)&#xD;
	at com.kms.katalon.core.webui.keyword.WebUiBuiltInKeywords$sendKeys$11.call(Unknown Source)&#xD;
	at Script1567027388715.run(Script1567027388715.groovy:55)&#xD;
	... 13 more&#xD;
)&#xD;
[[ATTACHMENT|C:\\Users\\isaac\\Desktop\\Clientes\\ProcuraCanada\\Katalon Studio\\Continulink\\Reports\\20190923_103834\\Regression BackOffice\\Regression BackOffice\\20190923_103906\\1569249516356.png]]&#xD;
&#xD;
2019-09-23 11:38:36 - [TEST_STEP][PASSED] - delay(10): Delayed 10 second(s)&#xD;
&#xD;
2019-09-23 11:38:46 - [MESSAGE][PASSED] - Delayed 10 second(s)&#xD;
&#xD;
2019-09-23 11:38:46 - [TEST_STEP][PASSED] - switchToDefaultContent(): null&#xD;
&#xD;
2019-09-23 11:38:46 - [TEST_STEP][PASSED] - switchToFrame(findTestObject("Regression BackOffice/CLNK-31354/frame_Capture object_BannerFrame"), 30): null&#xD;
&#xD;
2019-09-23 11:38:46 - [TEST_STEP][PASSED] - waitForElementPresent(findTestObject("Regression BackOffice/CLINK-30380/input_Logout_btnSearch"), 50): Object 'Object Repository/Regression BackOffice/CLINK-30380/input_Logout_btnSearch' is present&#xD;
&#xD;
2019-09-23 11:38:46 - [MESSAGE][WARNING] - Test object with id 'Object Repository/Regression BackOffice/CLINK-30380/Page_InterLink/frame_Capture object_BannerFrame' does not exist&#xD;
&#xD;
2019-09-23 11:38:46 - [MESSAGE][PASSED] - Object 'Object Repository/Regression BackOffice/CLINK-30380/input_Logout_btnSearch' is present&#xD;
&#xD;
2019-09-23 11:38:46 - [TEST_STEP][PASSED] - click(findTestObject("Regression BackOffice/CLINK-30380/input_Logout_btnSearch")): Object: 'Object Repository/Regression BackOffice/CLINK-30380/input_Logout_btnSearch' is clicked on&#xD;
&#xD;
2019-09-23 11:38:46 - [MESSAGE][WARNING] - Test object with id 'Object Repository/Regression BackOffice/CLINK-30380/Page_InterLink/frame_Capture object_BannerFrame' does not exist&#xD;
&#xD;
2019-09-23 11:38:48 - [MESSAGE][PASSED] - Object: 'Object Repository/Regression BackOffice/CLINK-30380/input_Logout_btnSearch' is clicked on&#xD;
&#xD;
2019-09-23 11:38:48 - [TEST_STEP][PASSED] - delay(45): Delayed 45 second(s)&#xD;
&#xD;
2019-09-23 11:39:33 - [MESSAGE][PASSED] - Delayed 45 second(s)&#xD;
&#xD;
2019-09-23 11:39:33 - [TEST_STEP][PASSED] - waitForPageLoad(0): Wait for page load successfully&#xD;
&#xD;
2019-09-23 11:39:33 - [MESSAGE][WARNING] - Timeout '0' is invalid. Using default page load timeout: '30'&#xD;
&#xD;
2019-09-23 11:39:33 - [MESSAGE][PASSED] - Wait for page load successfully&#xD;
&#xD;
2019-09-23 11:39:33 - [TEST_STEP][PASSED] - switchToDefaultContent(): null&#xD;
&#xD;
2019-09-23 11:39:33 - [TEST_STEP][PASSED] - switchToFrame(findTestObject("Regression BackOffice/CLNK-23449/FrameMain"), 30): null&#xD;
&#xD;
2019-09-23 11:39:33 - [TEST_STEP][PASSED] - verifyElementVisible(findTestObject("Regression BackOffice/CLINK-30380/YellowCruz")): Object 'Object Repository/Regression BackOffice/CLINK-30380/YellowCruz' is visible&#xD;
&#xD;
2019-09-23 11:39:33 - [MESSAGE][WARNING] - Test object with id 'Object Repository/Regression BackOffice/CLINK-30380/Page_InterLink/frame_Capture object_FrameMain' does not exist&#xD;
&#xD;
2019-09-23 11:39:33 - [MESSAGE][PASSED] - Object 'Object Repository/Regression BackOffice/CLINK-30380/YellowCruz' is visible&#xD;
&#xD;
2019-09-23 11:39:33 - [TEST_STEP][PASSED] - delay(10): Delayed 10 second(s)&#xD;
&#xD;
2019-09-23 11:39:43 - [MESSAGE][PASSED] - Delayed 10 second(s)&#xD;
&#xD;
2019-09-23 11:39:43 - [TEST_STEP][PASSED] - callTestCase(findTestCase("Regression BackOffice (All Browsers)/CLNK-30886 - PRE - Pick up - Service - No Authorization Required - TRUE"), [:], OPTIONAL): Unable to call Test Case 'Test Cases/Regression BackOffice (All Browsers)/CLNK-30886 - PRE - Pick up - Service - No Authorization Required - TRUE' (Root cause: com.kms.katalon.core.exception.StepErrorException: Call Test Case 'Test Cases/Regression BackOffice (All Browsers)/CLNK-30886 - PRE - Pick up - Service - No Authorization Required - TRUE' failed because of error(s)&#xD;
	at com.kms.katalon.core.keyword.builtin.CallTestCaseKeyword$_callTestCase_closure1.doCall(CallTestCaseKeyword.groovy:66)&#xD;
	at com.kms.katalon.core.keyword.builtin.CallTestCaseKeyword$_callTestCase_closure1.call(CallTestCaseKeyword.groovy)&#xD;
	at com.kms.katalon.core.keyword.internal.KeywordMain.runKeyword(KeywordMain.groovy:68)&#xD;
	at com.kms.katalon.core.keyword.builtin.CallTestCaseKeyword.callTestCase(CallTestCaseKeyword.groovy:81)&#xD;
	at com.kms.katalon.core.keyword.builtin.CallTestCaseKeyword.execute(CallTestCaseKeyword.groovy:44)&#xD;
	at com.kms.katalon.core.keyword.internal.KeywordExecutor.executeKeywordForPlatform(KeywordExecutor.groovy:56)&#xD;
	at com.kms.katalon.core.keyword.BuiltinKeywords.callTestCase(BuiltinKeywords.groovy:334)&#xD;
	at CLNK-30380 - BO - Authorization - Schedule - Happy Path - UC0002.run(CLNK-30380 - BO - Authorization - Schedule - Happy Path - UC0002:79)&#xD;
	at com.kms.katalon.core.main.ScriptEngine.run(ScriptEngine.java:194)&#xD;
	at com.kms.katalon.core.main.ScriptEngine.runScriptAsRawText(ScriptEngine.java:119)&#xD;
	at com.kms.katalon.core.main.TestCaseExecutor.runScript(TestCaseExecutor.java:337)&#xD;
	at com.kms.katalon.core.main.TestCaseExecutor.doExecute(TestCaseExecutor.java:328)&#xD;
	at com.kms.katalon.core.main.TestCaseExecutor.processExecutionPhase(TestCaseExecutor.java:307)&#xD;
	at com.kms.katalon.core.main.TestCaseExecutor.accessMainPhase(TestCaseExecutor.java:299)&#xD;
	at com.kms.katalon.core.main.TestCaseExecutor.execute(TestCaseExecutor.java:233)&#xD;
	at com.kms.katalon.core.main.TestSuiteExecutor.accessTestCaseMainPhase(TestSuiteExecutor.java:169)&#xD;
	at com.kms.katalon.core.main.TestSuiteExecutor.accessTestSuiteMainPhase(TestSuiteExecutor.java:142)&#xD;
	at com.kms.katalon.core.main.TestSuiteExecutor.execute(TestSuiteExecutor.java:91)&#xD;
	at com.kms.katalon.core.main.TestCaseMain.startTestSuite(TestCaseMain.java:157)&#xD;
	at com.kms.katalon.core.main.TestCaseMain$startTestSuite$0.call(Unknown Source)&#xD;
	at TempTestSuite1569245946628.run(TempTestSuite1569245946628.groovy:35)&#xD;
Caused by: org.openqa.selenium.NoAlertPresentException: no such alert
  (Session info: chrome=76.0.3809.132)
Build info: version: '3.141.59', revision: 'e82be7d358', time: '2018-11-14T08:25:53'
System info: host: 'DESKTOP-BPONDF2', ip: '192.168.0.121', os.name: 'Windows 10', os.arch: 'amd64', os.version: '10.0', java.version: '1.8.0_181'
Driver info: com.kms.katalon.selenium.driver.CChromeDriver
Capabilities {acceptInsecureCerts: false, browserName: chrome, browserVersion: 76.0.3809.132, chrome: {chromedriverVersion: 76.0.3809.126 (d80a294506b4..., userDataDir: C:\Users\isaac\AppData\Loca...}, goog:chromeOptions: {debuggerAddress: localhost:49161}, javascriptEnabled: true, networkConnectionEnabled: false, pageLoadStrategy: normal, platform: XP, platformName: XP, proxy: Proxy(), setWindowRect: true, strictFileInteractability: false, timeouts: {implicit: 0, pageLoad: 300000, script: 30000}, unhandledPromptBehavior: dismiss and notify}
Session ID: 1261458c330913c9ef0cf09201e32634&#xD;
	at org.openqa.selenium.remote.http.W3CHttpResponseCodec.createException(W3CHttpResponseCodec.java:187)&#xD;
	at org.openqa.selenium.remote.http.W3CHttpResponseCodec.decode(W3CHttpResponseCodec.java:122)&#xD;
	at org.openqa.selenium.remote.http.W3CHttpResponseCodec.decode(W3CHttpResponseCodec.java:49)&#xD;
	at org.openqa.selenium.remote.HttpCommandExecutor.execute(HttpCommandExecutor.java:158)&#xD;
	at org.openqa.selenium.remote.service.DriverCommandExecutor.execute(DriverCommandExecutor.java:83)&#xD;
	at org.openqa.selenium.remote.RemoteWebDriver.execute(RemoteWebDriver.java:552)&#xD;
	at com.kms.katalon.selenium.driver.CChromeDriver.execute(CChromeDriver.java:20)&#xD;
	at org.openqa.selenium.remote.RemoteWebDriver.execute(RemoteWebDriver.java:609)&#xD;
	at org.openqa.selenium.remote.RemoteWebDriver$RemoteTargetLocator.alert(RemoteWebDriver.java:932)&#xD;
	at org.openqa.selenium.WebDriver$TargetLocator$alert.call(Unknown Source)&#xD;
	at CLNK-30886 - PRE - Pick up - Service - No Authorization Required - TRUE.run(CLNK-30886 - PRE - Pick up - Service - No Authorization Required - TRUE:135)&#xD;
	at com.kms.katalon.core.main.ScriptEngine.run(ScriptEngine.java:194)&#xD;
	at com.kms.katalon.core.main.ScriptEngine.runScriptAsRawText(ScriptEngine.java:119)&#xD;
	at com.kms.katalon.core.main.TestCaseExecutor.runScript(TestCaseExecutor.java:337)&#xD;
	at com.kms.katalon.core.main.TestCaseExecutor.doExecute(TestCaseExecutor.java:328)&#xD;
	at com.kms.katalon.core.main.TestCaseExecutor.processExecutionPhase(TestCaseExecutor.java:307)&#xD;
	at com.kms.katalon.core.main.TestCaseExecutor.accessMainPhase(TestCaseExecutor.java:299)&#xD;
	at com.kms.katalon.core.main.TestCaseExecutor.execute(TestCaseExecutor.java:233)&#xD;
	at com.kms.katalon.core.main.TestCaseMain.runTestCase(TestCaseMain.java:114)&#xD;
	at com.kms.katalon.core.keyword.builtin.CallTestCaseKeyword$_callTestCase_closure1.doCall(CallTestCaseKeyword.groovy:59)&#xD;
	... 20 more&#xD;
)&#xD;
&#xD;
2019-09-23 11:39:43 - [TEST_CASE][ERROR] - Test Cases/Regression BackOffice (All Browsers)/CLNK-30886 - PRE - Pick up - Service - No Authorization Required - TRUE: Test Cases/Regression BackOffice (All Browsers)/CLNK-30886 - PRE - Pick up - Service - No Authorization Required - TRUE FAILED.
Reason:
org.openqa.selenium.NoAlertPresentException: no such alert
  (Session info: chrome=76.0.3809.132)
Build info: version: '3.141.59', revision: 'e82be7d358', time: '2018-11-14T08:25:53'
System info: host: 'DESKTOP-BPONDF2', ip: '192.168.0.121', os.name: 'Windows 10', os.arch: 'amd64', os.version: '10.0', java.version: '1.8.0_181'
Driver info: com.kms.katalon.selenium.driver.CChromeDriver
Capabilities {acceptInsecureCerts: false, browserName: chrome, browserVersion: 76.0.3809.132, chrome: {chromedriverVersion: 76.0.3809.126 (d80a294506b4..., userDataDir: C:\Users\isaac\AppData\Loca...}, goog:chromeOptions: {debuggerAddress: localhost:49161}, javascriptEnabled: true, networkConnectionEnabled: false, pageLoadStrategy: normal, platform: XP, platformName: XP, proxy: Proxy(), setWindowRect: true, strictFileInteractability: false, timeouts: {implicit: 0, pageLoad: 300000, script: 30000}, unhandledPromptBehavior: dismiss and notify}
Session ID: 1261458c330913c9ef0cf09201e32634&#xD;
	at org.openqa.selenium.remote.http.W3CHttpResponseCodec.createException(W3CHttpResponseCodec.java:187)&#xD;
	at org.openqa.selenium.remote.http.W3CHttpResponseCodec.decode(W3CHttpResponseCodec.java:122)&#xD;
	at org.openqa.selenium.remote.http.W3CHttpResponseCodec.decode(W3CHttpResponseCodec.java:49)&#xD;
	at org.openqa.selenium.remote.HttpCommandExecutor.execute(HttpCommandExecutor.java:158)&#xD;
	at org.openqa.selenium.remote.service.DriverCommandExecutor.execute(DriverCommandExecutor.java:83)&#xD;
	at org.openqa.selenium.remote.RemoteWebDriver.execute(RemoteWebDriver.java:552)&#xD;
	at com.kms.katalon.selenium.driver.CChromeDriver.execute(CChromeDriver.java:20)&#xD;
	at org.openqa.selenium.remote.RemoteWebDriver.execute(RemoteWebDriver.java:609)&#xD;
	at org.openqa.selenium.remote.RemoteWebDriver$RemoteTargetLocator.alert(RemoteWebDriver.java:932)&#xD;
	at org.openqa.selenium.WebDriver$TargetLocator$alert.call(Unknown Source)&#xD;
	at CLNK-30886 - PRE - Pick up - Service - No Authorization Required - TRUE.run(CLNK-30886 - PRE - Pick up - Service - No Authorization Required - TRUE:135)&#xD;
	at com.kms.katalon.core.main.ScriptEngine.run(ScriptEngine.java:194)&#xD;
	at com.kms.katalon.core.main.ScriptEngine.runScriptAsRawText(ScriptEngine.java:119)&#xD;
	at com.kms.katalon.core.main.TestCaseExecutor.runScript(TestCaseExecutor.java:337)&#xD;
	at com.kms.katalon.core.main.TestCaseExecutor.doExecute(TestCaseExecutor.java:328)&#xD;
	at com.kms.katalon.core.main.TestCaseExecutor.processExecutionPhase(TestCaseExecutor.java:307)&#xD;
	at com.kms.katalon.core.main.TestCaseExecutor.accessMainPhase(TestCaseExecutor.java:299)&#xD;
	at com.kms.katalon.core.main.TestCaseExecutor.execute(TestCaseExecutor.java:233)&#xD;
	at com.kms.katalon.core.main.TestCaseMain.runTestCase(TestCaseMain.java:114)&#xD;
	at com.kms.katalon.core.keyword.builtin.CallTestCaseKeyword$_callTestCase_closure1.doCall(CallTestCaseKeyword.groovy:59)&#xD;
	at com.kms.katalon.core.keyword.builtin.CallTestCaseKeyword$_callTestCase_closure1.call(CallTestCaseKeyword.groovy)&#xD;
	at com.kms.katalon.core.keyword.internal.KeywordMain.runKeyword(KeywordMain.groovy:68)&#xD;
	at com.kms.katalon.core.keyword.builtin.CallTestCaseKeyword.callTestCase(CallTestCaseKeyword.groovy:81)&#xD;
	at com.kms.katalon.core.keyword.builtin.CallTestCaseKeyword.execute(CallTestCaseKeyword.groovy:44)&#xD;
	at com.kms.katalon.core.keyword.internal.KeywordExecutor.executeKeywordForPlatform(KeywordExecutor.groovy:56)&#xD;
	at com.kms.katalon.core.keyword.BuiltinKeywords.callTestCase(BuiltinKeywords.groovy:334)&#xD;
	at CLNK-30380 - BO - Authorization - Schedule - Happy Path - UC0002.run(CLNK-30380 - BO - Authorization - Schedule - Happy Path - UC0002:79)&#xD;
	at com.kms.katalon.core.main.ScriptEngine.run(ScriptEngine.java:194)&#xD;
	at com.kms.katalon.core.main.ScriptEngine.runScriptAsRawText(ScriptEngine.java:119)&#xD;
	at com.kms.katalon.core.main.TestCaseExecutor.runScript(TestCaseExecutor.java:337)&#xD;
	at com.kms.katalon.core.main.TestCaseExecutor.doExecute(TestCaseExecutor.java:328)&#xD;
	at com.kms.katalon.core.main.TestCaseExecutor.processExecutionPhase(TestCaseExecutor.java:307)&#xD;
	at com.kms.katalon.core.main.TestCaseExecutor.accessMainPhase(TestCaseExecutor.java:299)&#xD;
	at com.kms.katalon.core.main.TestCaseExecutor.execute(TestCaseExecutor.java:233)&#xD;
	at com.kms.katalon.core.main.TestSuiteExecutor.accessTestCaseMainPhase(TestSuiteExecutor.java:169)&#xD;
	at com.kms.katalon.core.main.TestSuiteExecutor.accessTestSuiteMainPhase(TestSuiteExecutor.java:142)&#xD;
	at com.kms.katalon.core.main.TestSuiteExecutor.execute(TestSuiteExecutor.java:91)&#xD;
	at com.kms.katalon.core.main.TestCaseMain.startTestSuite(TestCaseMain.java:157)&#xD;
	at com.kms.katalon.core.main.TestCaseMain$startTestSuite$0.call(Unknown Source)&#xD;
	at TempTestSuite1569245946628.run(TempTestSuite1569245946628.groovy:35)&#xD;
&#xD;
&#xD;
2019-09-23 11:39:44 - [TEST_STEP][PASSED] - callTestCase(findTestCase("Regression BackOffice (All Browsers)/CLNK-23439 - Clink - Back office Client"), [:], STOP_ON_FAILURE): Call Test Case 'Test Cases/Regression BackOffice (All Browsers)/CLNK-23439 - Clink - Back office Client' successfully&#xD;
&#xD;
2019-09-23 11:39:44 - [TEST_CASE][PASSED] - Test Cases/Regression BackOffice (All Browsers)/CLNK-23439 - Clink - Back office Client: Test Cases/Regression BackOffice (All Browsers)/CLNK-23439 - Clink - Back office Client&#xD;
&#xD;
2019-09-23 11:39:44 - [TEST_STEP][PASSED] - deleteAllCookies(): Delete all cookies successfully&#xD;
&#xD;
2019-09-23 11:39:44 - [MESSAGE][PASSED] - Delete all cookies successfully&#xD;
&#xD;
2019-09-23 11:39:44 - [TEST_STEP][PASSED] - openBrowser(G_SiteBackOffice): Browser is opened with url: 'https://qanewpoc.continulink.com:8443/Backoffice/'&#xD;
&#xD;
2019-09-23 11:39:44 - [MESSAGE][WARNING] - A browser is already opened. Closing browser and opening a new one&#xD;
&#xD;
2019-09-23 11:39:44 - [MESSAGE][INFO] - Starting 'Chrome' driver&#xD;
&#xD;
2019-09-23 11:39:52 - [MESSAGE][PASSED] - Browser is opened with url: 'https://qanewpoc.continulink.com:8443/Backoffice/'&#xD;
&#xD;
2019-09-23 11:39:52 - [TEST_STEP][PASSED] - waitForPageLoad(60): Wait for page load successfully&#xD;
&#xD;
2019-09-23 11:39:52 - [MESSAGE][PASSED] - Wait for page load successfully&#xD;
&#xD;
2019-09-23 11:39:52 - [TEST_STEP][PASSED] - maximizeWindow(): Current window maximized&#xD;
&#xD;
2019-09-23 11:39:57 - [MESSAGE][PASSED] - Current window maximized&#xD;
&#xD;
2019-09-23 11:39:57 - [TEST_STEP][PASSED] - setText(findTestObject("Regression BackOffice/Login/UserBackOffice"), G_UserBackOffice): Text 'automation_admin' is set on object 'Object Repository/Regression BackOffice/Login/UserBackOffice'&#xD;
&#xD;
2019-09-23 11:39:57 - [MESSAGE][PASSED] - Text 'automation_admin' is set on object 'Object Repository/Regression BackOffice/Login/UserBackOffice'&#xD;
&#xD;
2019-09-23 11:39:57 - [TEST_STEP][PASSED] - setText(findTestObject("Regression BackOffice/Login/PasswordBackOffice"), G_PasswordBackOffice): Text 'qwerty' is set on object 'Object Repository/Regression BackOffice/Login/PasswordBackOffice'&#xD;
&#xD;
2019-09-23 11:39:57 - [MESSAGE][PASSED] - Text 'qwerty' is set on object 'Object Repository/Regression BackOffice/Login/PasswordBackOffice'&#xD;
&#xD;
2019-09-23 11:39:57 - [TEST_STEP][PASSED] - click(findTestObject("Regression BackOffice/Login/LoginBackOffice")): Object: 'Object Repository/Regression BackOffice/Login/LoginBackOffice' is clicked on&#xD;
&#xD;
2019-09-23 11:40:01 - [MESSAGE][PASSED] - Object: 'Object Repository/Regression BackOffice/Login/LoginBackOffice' is clicked on&#xD;
&#xD;
2019-09-23 11:40:01 - [TEST_STEP][PASSED] - waitForPageLoad(60): Wait for page load successfully&#xD;
&#xD;
2019-09-23 11:40:01 - [MESSAGE][PASSED] - Wait for page load successfully&#xD;
&#xD;
2019-09-23 11:40:01 - [TEST_STEP][PASSED] - delay(2): Delayed 2 second(s)&#xD;
&#xD;
2019-09-23 11:40:03 - [MESSAGE][PASSED] - Delayed 2 second(s)&#xD;
&#xD;
2019-09-23 11:40:03 - [TEST_STEP][PASSED] - switchToFrame(findTestObject("Regression BackOffice/CLINK-Frames/FrameFrameLeft"), 5, STOP_ON_FAILURE): null&#xD;
&#xD;
2019-09-23 11:40:04 - [TEST_STEP][PASSED] - delay(2): Delayed 2 second(s)&#xD;
&#xD;
2019-09-23 11:40:06 - [MESSAGE][PASSED] - Delayed 2 second(s)&#xD;
&#xD;
2019-09-23 11:40:06 - [TEST_STEP][PASSED] - waitForElementPresent(findTestObject("Regression BackOffice/CLINK-Frames/ClientIntake"), 50): Object 'Object Repository/Regression BackOffice/CLINK-Frames/ClientIntake' is present&#xD;
&#xD;
2019-09-23 11:40:06 - [MESSAGE][PASSED] - Object 'Object Repository/Regression BackOffice/CLINK-Frames/ClientIntake' is present&#xD;
&#xD;
2019-09-23 11:40:06 - [TEST_STEP][PASSED] - verifyElementPresent(findTestObject("Regression BackOffice/CLINK-Frames/ClientIntake"), 100, STOP_ON_FAILURE): Object 'Object Repository/Regression BackOffice/CLINK-Frames/ClientIntake' is present&#xD;
&#xD;
2019-09-23 11:40:06 - [MESSAGE][PASSED] - Object 'Object Repository/Regression BackOffice/CLINK-Frames/ClientIntake' is present&#xD;
&#xD;
2019-09-23 11:40:06 - [TEST_STEP][PASSED] - switchToDefaultContent(): null&#xD;
&#xD;
2019-09-23 11:40:06 - [MESSAGE][PASSED] - Call Test Case 'Test Cases/Regression BackOffice (All Browsers)/CLNK-23439 - Clink - Back office Client' successfully&#xD;
&#xD;
2019-09-23 11:40:06 - [TEST_STEP][PASSED] - waitForPageLoad(60): Wait for page load successfully&#xD;
&#xD;
2019-09-23 11:40:06 - [MESSAGE][PASSED] - Wait for page load successfully&#xD;
&#xD;
2019-09-23 11:40:06 - [TEST_STEP][PASSED] - delay(3): Delayed 3 second(s)&#xD;
&#xD;
2019-09-23 11:40:09 - [MESSAGE][PASSED] - Delayed 3 second(s)&#xD;
&#xD;
2019-09-23 11:40:09 - [TEST_STEP][PASSED] - switchToFrame(findTestObject("Regression BackOffice/CLNK-23449/FrameLeft"), 30): null&#xD;
&#xD;
2019-09-23 11:40:09 - [TEST_STEP][PASSED] - waitForElementPresent(findTestObject("Regression BackOffice/CLINK-30885/FinanceLink"), 100): Object 'Object Repository/Regression BackOffice/CLINK-30885/FinanceLink' is present&#xD;
&#xD;
2019-09-23 11:40:09 - [MESSAGE][PASSED] - Object 'Object Repository/Regression BackOffice/CLINK-30885/FinanceLink' is present&#xD;
&#xD;
2019-09-23 11:40:09 - [TEST_STEP][PASSED] - click(findTestObject("Regression BackOffice/CLINK-30885/FinanceLink")): Object: 'Object Repository/Regression BackOffice/CLINK-30885/FinanceLink' is clicked on&#xD;
&#xD;
2019-09-23 11:40:09 - [MESSAGE][PASSED] - Object: 'Object Repository/Regression BackOffice/CLINK-30885/FinanceLink' is clicked on&#xD;
&#xD;
2019-09-23 11:40:09 - [TEST_STEP][PASSED] - delay(2): Delayed 2 second(s)&#xD;
&#xD;
2019-09-23 11:40:11 - [MESSAGE][PASSED] - Delayed 2 second(s)&#xD;
&#xD;
2019-09-23 11:40:11 - [TEST_STEP][PASSED] - waitForPageLoad(50): Wait for page load successfully&#xD;
&#xD;
2019-09-23 11:40:11 - [MESSAGE][PASSED] - Wait for page load successfully&#xD;
&#xD;
2019-09-23 11:40:11 - [TEST_STEP][PASSED] - waitForElementPresent(findTestObject("Regression BackOffice/CLINK-30891/Group Bill Rates"), 50): Object 'Object Repository/Regression BackOffice/CLINK-30891/Group Bill Rates' is present&#xD;
&#xD;
2019-09-23 11:40:11 - [MESSAGE][PASSED] - Object 'Object Repository/Regression BackOffice/CLINK-30891/Group Bill Rates' is present&#xD;
&#xD;
2019-09-23 11:40:11 - [TEST_STEP][PASSED] - click(findTestObject("Regression BackOffice/CLINK-30891/Group Bill Rates")): Object: 'Object Repository/Regression BackOffice/CLINK-30891/Group Bill Rates' is clicked on&#xD;
&#xD;
2019-09-23 11:40:12 - [MESSAGE][PASSED] - Object: 'Object Repository/Regression BackOffice/CLINK-30891/Group Bill Rates' is clicked on&#xD;
&#xD;
2019-09-23 11:40:12 - [TEST_STEP][PASSED] - delay(2): Delayed 2 second(s)&#xD;
&#xD;
2019-09-23 11:40:14 - [MESSAGE][PASSED] - Delayed 2 second(s)&#xD;
&#xD;
2019-09-23 11:40:14 - [TEST_STEP][PASSED] - switchToDefaultContent(): null&#xD;
&#xD;
2019-09-23 11:40:14 - [TEST_STEP][PASSED] - switchToFrame(findTestObject("Regression BackOffice/CLNK-23449/FrameMain"), 30): null&#xD;
&#xD;
2019-09-23 11:40:14 - [TEST_STEP][PASSED] - waitForElementPresent(findTestObject("Regression BackOffice/CLINK-30891/PayerName"), 50): Object 'Object Repository/Regression BackOffice/CLINK-30891/PayerName' is present&#xD;
&#xD;
2019-09-23 11:40:14 - [MESSAGE][PASSED] - Object 'Object Repository/Regression BackOffice/CLINK-30891/PayerName' is present&#xD;
&#xD;
2019-09-23 11:40:14 - [TEST_STEP][PASSED] - click(findTestObject("Regression BackOffice/CLINK-30891/PayerName")): Object: 'Object Repository/Regression BackOffice/CLINK-30891/PayerName' is clicked on&#xD;
&#xD;
2019-09-23 11:40:15 - [MESSAGE][PASSED] - Object: 'Object Repository/Regression BackOffice/CLINK-30891/PayerName' is clicked on&#xD;
&#xD;
2019-09-23 11:40:15 - [TEST_STEP][PASSED] - sendKeys(findTestObject("Regression BackOffice/CLINK-30891/PayerName"), "AC"): Keys 'AC' sent to object: 'Object Repository/Regression BackOffice/CLINK-30891/PayerName'&#xD;
&#xD;
2019-09-23 11:40:15 - [MESSAGE][PASSED] - Keys 'AC' sent to object: 'Object Repository/Regression BackOffice/CLINK-30891/PayerName'&#xD;
&#xD;
2019-09-23 11:40:15 - [TEST_STEP][PASSED] - sendKeys(findTestObject("Regression BackOffice/CLINK-30891/PayerName"), Keys.chord(ENTER)): Keys 'ENTER + ' sent to object: 'Object Repository/Regression BackOffice/CLINK-30891/PayerName'&#xD;
&#xD;
2019-09-23 11:40:15 - [MESSAGE][PASSED] - Keys 'ENTER + ' sent to object: 'Object Repository/Regression BackOffice/CLINK-30891/PayerName'&#xD;
&#xD;
2019-09-23 11:40:15 - [TEST_STEP][NOT_RUN] - waitForElementPresent(findTestObject("Regression BackOffice/CLINK-30891/PlanName"), 50): NOT_RUN: waitForElementPresent(findTestObject("Regression BackOffice/CLINK-30891/PlanName"), 50)&#xD;
&#xD;
2019-09-23 11:40:15 - [MESSAGE][NOT_RUN] - NOT_RUN: waitForElementPresent(findTestObject("Regression BackOffice/CLINK-30891/PlanName"), 50)&#xD;
&#xD;
2019-09-23 11:40:15 - [TEST_STEP][NOT_RUN] - click(findTestObject("Regression BackOffice/CLINK-30891/PlanName")): NOT_RUN: click(findTestObject("Regression BackOffice/CLINK-30891/PlanName"))&#xD;
&#xD;
2019-09-23 11:40:15 - [MESSAGE][NOT_RUN] - NOT_RUN: click(findTestObject("Regression BackOffice/CLINK-30891/PlanName"))&#xD;
&#xD;
2019-09-23 11:40:15 - [TEST_STEP][NOT_RUN] - sendKeys(findTestObject("Regression BackOffice/CLINK-30891/PlanName"), Keys.chord(ARROW_DOWN, ENTER)): NOT_RUN: sendKeys(findTestObject("Regression BackOffice/CLINK-30891/PlanName"), Keys.chord(ARROW_DOWN, ENTER))&#xD;
&#xD;
2019-09-23 11:40:15 - [MESSAGE][NOT_RUN] - NOT_RUN: sendKeys(findTestObject("Regression BackOffice/CLINK-30891/PlanName"), Keys.chord(ARROW_DOWN, ENTER))&#xD;
&#xD;
2019-09-23 11:40:15 - [TEST_STEP][PASSED] - waitForPageLoad(50): Wait for page load successfully&#xD;
&#xD;
2019-09-23 11:40:15 - [MESSAGE][PASSED] - Wait for page load successfully&#xD;
&#xD;
2019-09-23 11:40:15 - [TEST_STEP][PASSED] - delay(2): Delayed 2 second(s)&#xD;
&#xD;
2019-09-23 11:40:17 - [MESSAGE][PASSED] - Delayed 2 second(s)&#xD;
&#xD;
2019-09-23 11:40:17 - [TEST_STEP][PASSED] - waitForElementPresent(findTestObject("Regression BackOffice/CLINK-30885/SearchButton"), 50): Object 'Object Repository/Regression BackOffice/CLINK-30885/SearchButton' is present&#xD;
&#xD;
2019-09-23 11:40:17 - [MESSAGE][PASSED] - Object 'Object Repository/Regression BackOffice/CLINK-30885/SearchButton' is present&#xD;
&#xD;
2019-09-23 11:40:18 - [TEST_STEP][PASSED] - click(findTestObject("Regression BackOffice/CLINK-30885/SearchButton")): Object: 'Object Repository/Regression BackOffice/CLINK-30885/SearchButton' is clicked on&#xD;
&#xD;
2019-09-23 11:40:18 - [MESSAGE][PASSED] - Object: 'Object Repository/Regression BackOffice/CLINK-30885/SearchButton' is clicked on&#xD;
&#xD;
2019-09-23 11:40:18 - [TEST_STEP][PASSED] - delay(3): Delayed 3 second(s)&#xD;
&#xD;
2019-09-23 11:40:21 - [MESSAGE][PASSED] - Delayed 3 second(s)&#xD;
&#xD;
2019-09-23 11:40:21 - [TEST_STEP][PASSED] - waitForElementPresent(findTestObject("Regression BackOffice/CLINK-30885/Payer Searched"), 50): Object 'Object Repository/Regression BackOffice/CLINK-30885/Payer Searched' is present&#xD;
&#xD;
2019-09-23 11:40:21 - [MESSAGE][PASSED] - Object 'Object Repository/Regression BackOffice/CLINK-30885/Payer Searched' is present&#xD;
&#xD;
2019-09-23 11:40:21 - [TEST_STEP][PASSED] - click(findTestObject("Regression BackOffice/CLINK-30885/Payer Searched")): Object: 'Object Repository/Regression BackOffice/CLINK-30885/Payer Searched' is clicked on&#xD;
&#xD;
2019-09-23 11:40:23 - [MESSAGE][PASSED] - Object: 'Object Repository/Regression BackOffice/CLINK-30885/Payer Searched' is clicked on&#xD;
&#xD;
2019-09-23 11:40:23 - [TEST_STEP][PASSED] - delay(3): Delayed 3 second(s)&#xD;
&#xD;
2019-09-23 11:40:26 - [MESSAGE][PASSED] - Delayed 3 second(s)&#xD;
&#xD;
2019-09-23 11:40:26 - [TEST_STEP][PASSED] - waitForPageLoad(50): Wait for page load successfully&#xD;
&#xD;
2019-09-23 11:40:26 - [MESSAGE][PASSED] - Wait for page load successfully&#xD;
&#xD;
2019-09-23 11:40:26 - [TEST_STEP][PASSED] - waitForElementPresent(findTestObject("Regression BackOffice/CLINK-30891/a_PCA"), 50): Object 'Object Repository/Regression BackOffice/CLINK-30891/a_PCA' is present&#xD;
&#xD;
2019-09-23 11:40:26 - [MESSAGE][PASSED] - Object 'Object Repository/Regression BackOffice/CLINK-30891/a_PCA' is present&#xD;
&#xD;
2019-09-23 11:40:26 - [TEST_STEP][PASSED] - click(findTestObject("Regression BackOffice/CLINK-30891/a_PCA")): Object: 'Object Repository/Regression BackOffice/CLINK-30891/a_PCA' is clicked on&#xD;
&#xD;
2019-09-23 11:40:27 - [MESSAGE][PASSED] - Object: 'Object Repository/Regression BackOffice/CLINK-30891/a_PCA' is clicked on&#xD;
&#xD;
2019-09-23 11:40:27 - [TEST_STEP][PASSED] - delay(3): Delayed 3 second(s)&#xD;
&#xD;
2019-09-23 11:40:30 - [MESSAGE][PASSED] - Delayed 3 second(s)&#xD;
&#xD;
2019-09-23 11:40:30 - [TEST_STEP][PASSED] - waitForElementPresent(findTestObject("Regression BackOffice/CLINK-30886/a_UltimaFecha"), 50): Object 'Object Repository/Regression BackOffice/CLINK-30886/a_UltimaFecha' is present&#xD;
&#xD;
2019-09-23 11:40:30 - [MESSAGE][PASSED] - Object 'Object Repository/Regression BackOffice/CLINK-30886/a_UltimaFecha' is present&#xD;
&#xD;
2019-09-23 11:40:30 - [TEST_STEP][PASSED] - click(findTestObject("Regression BackOffice/CLINK-30886/a_UltimaFecha")): Object: 'Object Repository/Regression BackOffice/CLINK-30886/a_UltimaFecha' is clicked on&#xD;
&#xD;
2019-09-23 11:40:31 - [MESSAGE][PASSED] - Object: 'Object Repository/Regression BackOffice/CLINK-30886/a_UltimaFecha' is clicked on&#xD;
&#xD;
2019-09-23 11:40:31 - [TEST_STEP][PASSED] - delay(3): Delayed 3 second(s)&#xD;
&#xD;
2019-09-23 11:40:34 - [MESSAGE][PASSED] - Delayed 3 second(s)&#xD;
&#xD;
2019-09-23 11:40:34 - [TEST_STEP][PASSED] - waitForElementPresent(findTestObject("Regression BackOffice/CLINK-30891/td_Authorization"), 50): Object 'Object Repository/Regression BackOffice/CLINK-30891/td_Authorization' is present&#xD;
&#xD;
2019-09-23 11:40:34 - [MESSAGE][PASSED] - Object 'Object Repository/Regression BackOffice/CLINK-30891/td_Authorization' is present&#xD;
&#xD;
2019-09-23 11:40:34 - [TEST_STEP][PASSED] - click(findTestObject("Regression BackOffice/CLINK-30891/td_Authorization")): Object: 'Object Repository/Regression BackOffice/CLINK-30891/td_Authorization' is clicked on&#xD;
&#xD;
2019-09-23 11:40:34 - [MESSAGE][PASSED] - Object: 'Object Repository/Regression BackOffice/CLINK-30891/td_Authorization' is clicked on&#xD;
&#xD;
2019-09-23 11:40:34 - [TEST_STEP][PASSED] - delay(3): Delayed 3 second(s)&#xD;
&#xD;
2019-09-23 11:40:37 - [MESSAGE][PASSED] - Delayed 3 second(s)&#xD;
&#xD;
2019-09-23 11:40:37 - [TEST_STEP][PASSED] - if (verifyElementNotChecked(findTestObject("Regression BackOffice/CLINK-30891/input_Authorization Group_chkNoAuthorizationRequired"), 10)): Object 'Object Repository/Regression BackOffice/CLINK-30891/input_Authorization Group_chkNoAuthorizationRequired' is checked (Root cause: com.kms.katalon.core.exception.StepFailedException: Object 'Object Repository/Regression BackOffice/CLINK-30891/input_Authorization Group_chkNoAuthorizationRequired' is checked&#xD;
	at com.kms.katalon.core.webui.keyword.internal.WebUIKeywordMain.stepFailed(WebUIKeywordMain.groovy:64)&#xD;
	at com.kms.katalon.core.webui.keyword.builtin.VerifyElementNotCheckedKeyword$_verifyElementNotChecked_closure1.doCall(VerifyElementNotCheckedKeyword.groovy:82)&#xD;
	at com.kms.katalon.core.webui.keyword.builtin.VerifyElementNotCheckedKeyword$_verifyElementNotChecked_closure1.call(VerifyElementNotCheckedKeyword.groovy)&#xD;
	at com.kms.katalon.core.webui.keyword.internal.WebUIKeywordMain.runKeyword(WebUIKeywordMain.groovy:20)&#xD;
	at com.kms.katalon.core.webui.keyword.builtin.VerifyElementNotCheckedKeyword.verifyElementNotChecked(VerifyElementNotCheckedKeyword.groovy:93)&#xD;
	at com.kms.katalon.core.webui.keyword.builtin.VerifyElementNotCheckedKeyword.execute(VerifyElementNotCheckedKeyword.groovy:68)&#xD;
	at com.kms.katalon.core.keyword.internal.KeywordExecutor.executeKeywordForPlatform(KeywordExecutor.groovy:56)&#xD;
	at com.kms.katalon.core.webui.keyword.WebUiBuiltInKeywords.verifyElementNotChecked(WebUiBuiltInKeywords.groovy:1401)&#xD;
	at com.kms.katalon.core.webui.keyword.WebUiBuiltInKeywords$verifyElementNotChecked$27.call(Unknown Source)&#xD;
	at CLNK-30886 - PRE - Pick up - Service - No Authorization Required - TRUE.run(CLNK-30886 - PRE - Pick up - Service - No Authorization Required - TRUE:95)&#xD;
	at com.kms.katalon.core.main.ScriptEngine.run(ScriptEngine.java:194)&#xD;
	at com.kms.katalon.core.main.ScriptEngine.runScriptAsRawText(ScriptEngine.java:119)&#xD;
	at com.kms.katalon.core.main.TestCaseExecutor.runScript(TestCaseExecutor.java:337)&#xD;
	at com.kms.katalon.core.main.TestCaseExecutor.doExecute(TestCaseExecutor.java:328)&#xD;
	at com.kms.katalon.core.main.TestCaseExecutor.processExecutionPhase(TestCaseExecutor.java:307)&#xD;
	at com.kms.katalon.core.main.TestCaseExecutor.accessMainPhase(TestCaseExecutor.java:299)&#xD;
	at com.kms.katalon.core.main.TestCaseExecutor.execute(TestCaseExecutor.java:233)&#xD;
	at com.kms.katalon.core.main.TestCaseMain.runTestCase(TestCaseMain.java:114)&#xD;
	at com.kms.katalon.core.keyword.builtin.CallTestCaseKeyword$_callTestCase_closure1.doCall(CallTestCaseKeyword.groovy:59)&#xD;
	at com.kms.katalon.core.keyword.builtin.CallTestCaseKeyword$_callTestCase_closure1.call(CallTestCaseKeyword.groovy)&#xD;
	at com.kms.katalon.core.keyword.internal.KeywordMain.runKeyword(KeywordMain.groovy:68)&#xD;
	at com.kms.katalon.core.keyword.builtin.CallTestCaseKeyword.callTestCase(CallTestCaseKeyword.groovy:81)&#xD;
	at com.kms.katalon.core.keyword.builtin.CallTestCaseKeyword.execute(CallTestCaseKeyword.groovy:44)&#xD;
	at com.kms.katalon.core.keyword.internal.KeywordExecutor.executeKeywordForPlatform(KeywordExecutor.groovy:56)&#xD;
	at com.kms.katalon.core.keyword.BuiltinKeywords.callTestCase(BuiltinKeywords.groovy:334)&#xD;
	at CLNK-30380 - BO - Authorization - Schedule - Happy Path - UC0002.run(CLNK-30380 - BO - Authorization - Schedule - Happy Path - UC0002:79)&#xD;
	at com.kms.katalon.core.main.ScriptEngine.run(ScriptEngine.java:194)&#xD;
	at com.kms.katalon.core.main.ScriptEngine.runScriptAsRawText(ScriptEngine.java:119)&#xD;
	at com.kms.katalon.core.main.TestCaseExecutor.runScript(TestCaseExecutor.java:337)&#xD;
	at com.kms.katalon.core.main.TestCaseExecutor.doExecute(TestCaseExecutor.java:328)&#xD;
	at com.kms.katalon.core.main.TestCaseExecutor.processExecutionPhase(TestCaseExecutor.java:307)&#xD;
	at com.kms.katalon.core.main.TestCaseExecutor.accessMainPhase(TestCaseExecutor.java:299)&#xD;
	at com.kms.katalon.core.main.TestCaseExecutor.execute(TestCaseExecutor.java:233)&#xD;
	at com.kms.katalon.core.main.TestSuiteExecutor.accessTestCaseMainPhase(TestSuiteExecutor.java:169)&#xD;
	at com.kms.katalon.core.main.TestSuiteExecutor.accessTestSuiteMainPhase(TestSuiteExecutor.java:142)&#xD;
	at com.kms.katalon.core.main.TestSuiteExecutor.execute(TestSuiteExecutor.java:91)&#xD;
	at com.kms.katalon.core.main.TestCaseMain.startTestSuite(TestCaseMain.java:157)&#xD;
	at com.kms.katalon.core.main.TestCaseMain$startTestSuite$0.call(Unknown Source)&#xD;
	at TempTestSuite1569245946628.run(TempTestSuite1569245946628.groovy:35)&#xD;
)&#xD;
&#xD;
2019-09-23 11:40:37 - [MESSAGE][WARNING] - Object 'Object Repository/Regression BackOffice/CLINK-30891/input_Authorization Group_chkNoAuthorizationRequired' is checked (Root cause: com.kms.katalon.core.exception.StepFailedException: Object 'Object Repository/Regression BackOffice/CLINK-30891/input_Authorization Group_chkNoAuthorizationRequired' is checked&#xD;
	at com.kms.katalon.core.webui.keyword.internal.WebUIKeywordMain.stepFailed(WebUIKeywordMain.groovy:64)&#xD;
	at com.kms.katalon.core.webui.keyword.builtin.VerifyElementNotCheckedKeyword$_verifyElementNotChecked_closure1.doCall(VerifyElementNotCheckedKeyword.groovy:82)&#xD;
	at com.kms.katalon.core.webui.keyword.builtin.VerifyElementNotCheckedKeyword$_verifyElementNotChecked_closure1.call(VerifyElementNotCheckedKeyword.groovy)&#xD;
	at com.kms.katalon.core.webui.keyword.internal.WebUIKeywordMain.runKeyword(WebUIKeywordMain.groovy:20)&#xD;
	at com.kms.katalon.core.webui.keyword.builtin.VerifyElementNotCheckedKeyword.verifyElementNotChecked(VerifyElementNotCheckedKeyword.groovy:93)&#xD;
	at com.kms.katalon.core.webui.keyword.builtin.VerifyElementNotCheckedKeyword.execute(VerifyElementNotCheckedKeyword.groovy:68)&#xD;
	at com.kms.katalon.core.keyword.internal.KeywordExecutor.executeKeywordForPlatform(KeywordExecutor.groovy:56)&#xD;
	at com.kms.katalon.core.webui.keyword.WebUiBuiltInKeywords.verifyElementNotChecked(WebUiBuiltInKeywords.groovy:1401)&#xD;
	at com.kms.katalon.core.webui.keyword.WebUiBuiltInKeywords$verifyElementNotChecked$27.call(Unknown Source)&#xD;
	at CLNK-30886 - PRE - Pick up - Service - No Authorization Required - TRUE.run(CLNK-30886 - PRE - Pick up - Service - No Authorization Required - TRUE:95)&#xD;
	at com.kms.katalon.core.main.ScriptEngine.run(ScriptEngine.java:194)&#xD;
	at com.kms.katalon.core.main.ScriptEngine.runScriptAsRawText(ScriptEngine.java:119)&#xD;
	at com.kms.katalon.core.main.TestCaseExecutor.runScript(TestCaseExecutor.java:337)&#xD;
	at com.kms.katalon.core.main.TestCaseExecutor.doExecute(TestCaseExecutor.java:328)&#xD;
	at com.kms.katalon.core.main.TestCaseExecutor.processExecutionPhase(TestCaseExecutor.java:307)&#xD;
	at com.kms.katalon.core.main.TestCaseExecutor.accessMainPhase(TestCaseExecutor.java:299)&#xD;
	at com.kms.katalon.core.main.TestCaseExecutor.execute(TestCaseExecutor.java:233)&#xD;
	at com.kms.katalon.core.main.TestCaseMain.runTestCase(TestCaseMain.java:114)&#xD;
	at com.kms.katalon.core.keyword.builtin.CallTestCaseKeyword$_callTestCase_closure1.doCall(CallTestCaseKeyword.groovy:59)&#xD;
	at com.kms.katalon.core.keyword.builtin.CallTestCaseKeyword$_callTestCase_closure1.call(CallTestCaseKeyword.groovy)&#xD;
	at com.kms.katalon.core.keyword.internal.KeywordMain.runKeyword(KeywordMain.groovy:68)&#xD;
	at com.kms.katalon.core.keyword.builtin.CallTestCaseKeyword.callTestCase(CallTestCaseKeyword.groovy:81)&#xD;
	at com.kms.katalon.core.keyword.builtin.CallTestCaseKeyword.execute(CallTestCaseKeyword.groovy:44)&#xD;
	at com.kms.katalon.core.keyword.internal.KeywordExecutor.executeKeywordForPlatform(KeywordExecutor.groovy:56)&#xD;
	at com.kms.katalon.core.keyword.BuiltinKeywords.callTestCase(BuiltinKeywords.groovy:334)&#xD;
	at CLNK-30380 - BO - Authorization - Schedule - Happy Path - UC0002.run(CLNK-30380 - BO - Authorization - Schedule - Happy Path - UC0002:79)&#xD;
	at com.kms.katalon.core.main.ScriptEngine.run(ScriptEngine.java:194)&#xD;
	at com.kms.katalon.core.main.ScriptEngine.runScriptAsRawText(ScriptEngine.java:119)&#xD;
	at com.kms.katalon.core.main.TestCaseExecutor.runScript(TestCaseExecutor.java:337)&#xD;
	at com.kms.katalon.core.main.TestCaseExecutor.doExecute(TestCaseExecutor.java:328)&#xD;
	at com.kms.katalon.core.main.TestCaseExecutor.processExecutionPhase(TestCaseExecutor.java:307)&#xD;
	at com.kms.katalon.core.main.TestCaseExecutor.accessMainPhase(TestCaseExecutor.java:299)&#xD;
	at com.kms.katalon.core.main.TestCaseExecutor.execute(TestCaseExecutor.java:233)&#xD;
	at com.kms.katalon.core.main.TestSuiteExecutor.accessTestCaseMainPhase(TestSuiteExecutor.java:169)&#xD;
	at com.kms.katalon.core.main.TestSuiteExecutor.accessTestSuiteMainPhase(TestSuiteExecutor.java:142)&#xD;
	at com.kms.katalon.core.main.TestSuiteExecutor.execute(TestSuiteExecutor.java:91)&#xD;
	at com.kms.katalon.core.main.TestCaseMain.startTestSuite(TestCaseMain.java:157)&#xD;
	at com.kms.katalon.core.main.TestCaseMain$startTestSuite$0.call(Unknown Source)&#xD;
	at TempTestSuite1569245946628.run(TempTestSuite1569245946628.groovy:35)&#xD;
)&#xD;
[[ATTACHMENT|C:\\Users\\isaac\\Desktop\\Clientes\\ProcuraCanada\\Katalon Studio\\Continulink\\Reports\\20190923_103834\\Regression BackOffice\\Regression BackOffice\\20190923_103906\\1569249637592.png]]&#xD;
&#xD;
2019-09-23 11:40:37 - [TEST_STEP][NOT_RUN] - if (verifyElementNotChecked(findTestObject("Regression BackOffice/CLINK-30891/Authorization Time Frame"), 10)): NOT_RUN: if (verifyElementNotChecked(findTestObject("Regression BackOffice/CLINK-30891/Authorization Time Frame"), 10))&#xD;
&#xD;
2019-09-23 11:40:37 - [MESSAGE][NOT_RUN] - NOT_RUN: if (verifyElementNotChecked(findTestObject("Regression BackOffice/CLINK-30891/Authorization Time Frame"), 10))&#xD;
&#xD;
2019-09-23 11:40:37 - [TEST_STEP][PASSED] - delay(3): Delayed 3 second(s)&#xD;
&#xD;
2019-09-23 11:40:40 - [MESSAGE][PASSED] - Delayed 3 second(s)&#xD;
&#xD;
2019-09-23 11:40:40 - [TEST_STEP][PASSED] - switchToDefaultContent(): null&#xD;
&#xD;
2019-09-23 11:40:40 - [TEST_STEP][PASSED] - switchToFrame(findTestObject("Regression BackOffice/CLNK-31354/frame_Capture object_BannerFrame"), 30): null&#xD;
&#xD;
2019-09-23 11:40:41 - [TEST_STEP][PASSED] - waitForElementPresent(findTestObject("Regression BackOffice/CLNK-31354/SaveButton"), 50): Object 'Object Repository/Regression BackOffice/CLNK-31354/SaveButton' is present&#xD;
&#xD;
2019-09-23 11:40:41 - [MESSAGE][PASSED] - Object 'Object Repository/Regression BackOffice/CLNK-31354/SaveButton' is present&#xD;
&#xD;
2019-09-23 11:40:41 - [TEST_STEP][PASSED] - click(findTestObject("Regression BackOffice/CLNK-31354/SaveButton")): Object: 'Object Repository/Regression BackOffice/CLNK-31354/SaveButton' is clicked on&#xD;
&#xD;
2019-09-23 11:40:41 - [MESSAGE][PASSED] - Object: 'Object Repository/Regression BackOffice/CLNK-31354/SaveButton' is clicked on&#xD;
&#xD;
2019-09-23 11:40:41 - [TEST_STEP][PASSED] - delay(5): Delayed 5 second(s)&#xD;
&#xD;
2019-09-23 11:40:46 - [MESSAGE][PASSED] - Delayed 5 second(s)&#xD;
&#xD;
2019-09-23 11:40:46 - [TEST_STEP][PASSED] - waitForAlert(30): Alert is present after 30 second(s).&#xD;
&#xD;
2019-09-23 11:40:46 - [MESSAGE][PASSED] - Alert is present after 30 second(s).&#xD;
&#xD;
2019-09-23 11:40:46 - [TEST_STEP][PASSED] - acceptAlert(): Alert accepted&#xD;
&#xD;
2019-09-23 11:40:46 - [MESSAGE][PASSED] - Alert accepted&#xD;
&#xD;
2019-09-23 11:40:46 - [TEST_STEP][PASSED] - delay(3): Delayed 3 second(s)&#xD;
&#xD;
2019-09-23 11:40:49 - [MESSAGE][PASSED] - Delayed 3 second(s)&#xD;
&#xD;
2019-09-23 11:40:49 - [TEST_STEP][PASSED] - acceptAlert(): No alert found (Root cause: com.kms.katalon.core.exception.StepFailedException: No alert found&#xD;
	at com.kms.katalon.core.webui.keyword.internal.WebUIKeywordMain.stepFailed(WebUIKeywordMain.groovy:64)&#xD;
	at com.kms.katalon.core.webui.keyword.builtin.AcceptAlertKeyword$_acceptAlert_closure1.doCall(AcceptAlertKeyword.groovy:78)&#xD;
	at com.kms.katalon.core.webui.keyword.builtin.AcceptAlertKeyword$_acceptAlert_closure1.call(AcceptAlertKeyword.groovy)&#xD;
	at com.kms.katalon.core.webui.keyword.internal.WebUIKeywordMain.runKeyword(WebUIKeywordMain.groovy:20)&#xD;
	at com.kms.katalon.core.webui.keyword.builtin.AcceptAlertKeyword.acceptAlert(AcceptAlertKeyword.groovy:71)&#xD;
	at com.kms.katalon.core.webui.keyword.builtin.AcceptAlertKeyword.execute(AcceptAlertKeyword.groovy:66)&#xD;
	at com.kms.katalon.core.keyword.internal.KeywordExecutor.executeKeywordForPlatform(KeywordExecutor.groovy:56)&#xD;
	at com.kms.katalon.core.webui.keyword.WebUiBuiltInKeywords.acceptAlert(WebUiBuiltInKeywords.groovy:1492)&#xD;
	at com.kms.katalon.core.webui.keyword.WebUiBuiltInKeywords$acceptAlert$17.call(Unknown Source)&#xD;
	at CLNK-30886 - PRE - Pick up - Service - No Authorization Required - TRUE.run(CLNK-30886 - PRE - Pick up - Service - No Authorization Required - TRUE:127)&#xD;
	at com.kms.katalon.core.main.ScriptEngine.run(ScriptEngine.java:194)&#xD;
	at com.kms.katalon.core.main.ScriptEngine.runScriptAsRawText(ScriptEngine.java:119)&#xD;
	at com.kms.katalon.core.main.TestCaseExecutor.runScript(TestCaseExecutor.java:337)&#xD;
	at com.kms.katalon.core.main.TestCaseExecutor.doExecute(TestCaseExecutor.java:328)&#xD;
	at com.kms.katalon.core.main.TestCaseExecutor.processExecutionPhase(TestCaseExecutor.java:307)&#xD;
	at com.kms.katalon.core.main.TestCaseExecutor.accessMainPhase(TestCaseExecutor.java:299)&#xD;
	at com.kms.katalon.core.main.TestCaseExecutor.execute(TestCaseExecutor.java:233)&#xD;
	at com.kms.katalon.core.main.TestCaseMain.runTestCase(TestCaseMain.java:114)&#xD;
	at com.kms.katalon.core.keyword.builtin.CallTestCaseKeyword$_callTestCase_closure1.doCall(CallTestCaseKeyword.groovy:59)&#xD;
	at com.kms.katalon.core.keyword.builtin.CallTestCaseKeyword$_callTestCase_closure1.call(CallTestCaseKeyword.groovy)&#xD;
	at com.kms.katalon.core.keyword.internal.KeywordMain.runKeyword(KeywordMain.groovy:68)&#xD;
	at com.kms.katalon.core.keyword.builtin.CallTestCaseKeyword.callTestCase(CallTestCaseKeyword.groovy:81)&#xD;
	at com.kms.katalon.core.keyword.builtin.CallTestCaseKeyword.execute(CallTestCaseKeyword.groovy:44)&#xD;
	at com.kms.katalon.core.keyword.internal.KeywordExecutor.executeKeywordForPlatform(KeywordExecutor.groovy:56)&#xD;
	at com.kms.katalon.core.keyword.BuiltinKeywords.callTestCase(BuiltinKeywords.groovy:334)&#xD;
	at CLNK-30380 - BO - Authorization - Schedule - Happy Path - UC0002.run(CLNK-30380 - BO - Authorization - Schedule - Happy Path - UC0002:79)&#xD;
	at com.kms.katalon.core.main.ScriptEngine.run(ScriptEngine.java:194)&#xD;
	at com.kms.katalon.core.main.ScriptEngine.runScriptAsRawText(ScriptEngine.java:119)&#xD;
	at com.kms.katalon.core.main.TestCaseExecutor.runScript(TestCaseExecutor.java:337)&#xD;
	at com.kms.katalon.core.main.TestCaseExecutor.doExecute(TestCaseExecutor.java:328)&#xD;
	at com.kms.katalon.core.main.TestCaseExecutor.processExecutionPhase(TestCaseExecutor.java:307)&#xD;
	at com.kms.katalon.core.main.TestCaseExecutor.accessMainPhase(TestCaseExecutor.java:299)&#xD;
	at com.kms.katalon.core.main.TestCaseExecutor.execute(TestCaseExecutor.java:233)&#xD;
	at com.kms.katalon.core.main.TestSuiteExecutor.accessTestCaseMainPhase(TestSuiteExecutor.java:169)&#xD;
	at com.kms.katalon.core.main.TestSuiteExecutor.accessTestSuiteMainPhase(TestSuiteExecutor.java:142)&#xD;
	at com.kms.katalon.core.main.TestSuiteExecutor.execute(TestSuiteExecutor.java:91)&#xD;
	at com.kms.katalon.core.main.TestCaseMain.startTestSuite(TestCaseMain.java:157)&#xD;
	at com.kms.katalon.core.main.TestCaseMain$startTestSuite$0.call(Unknown Source)&#xD;
	at TempTestSuite1569245946628.run(TempTestSuite1569245946628.groovy:35)&#xD;
)&#xD;
&#xD;
2019-09-23 11:40:49 - [MESSAGE][WARNING] - No alert found (Root cause: com.kms.katalon.core.exception.StepFailedException: No alert found&#xD;
	at com.kms.katalon.core.webui.keyword.internal.WebUIKeywordMain.stepFailed(WebUIKeywordMain.groovy:64)&#xD;
	at com.kms.katalon.core.webui.keyword.builtin.AcceptAlertKeyword$_acceptAlert_closure1.doCall(AcceptAlertKeyword.groovy:78)&#xD;
	at com.kms.katalon.core.webui.keyword.builtin.AcceptAlertKeyword$_acceptAlert_closure1.call(AcceptAlertKeyword.groovy)&#xD;
	at com.kms.katalon.core.webui.keyword.internal.WebUIKeywordMain.runKeyword(WebUIKeywordMain.groovy:20)&#xD;
	at com.kms.katalon.core.webui.keyword.builtin.AcceptAlertKeyword.acceptAlert(AcceptAlertKeyword.groovy:71)&#xD;
	at com.kms.katalon.core.webui.keyword.builtin.AcceptAlertKeyword.execute(AcceptAlertKeyword.groovy:66)&#xD;
	at com.kms.katalon.core.keyword.internal.KeywordExecutor.executeKeywordForPlatform(KeywordExecutor.groovy:56)&#xD;
	at com.kms.katalon.core.webui.keyword.WebUiBuiltInKeywords.acceptAlert(WebUiBuiltInKeywords.groovy:1492)&#xD;
	at com.kms.katalon.core.webui.keyword.WebUiBuiltInKeywords$acceptAlert$17.call(Unknown Source)&#xD;
	at CLNK-30886 - PRE - Pick up - Service - No Authorization Required - TRUE.run(CLNK-30886 - PRE - Pick up - Service - No Authorization Required - TRUE:127)&#xD;
	at com.kms.katalon.core.main.ScriptEngine.run(ScriptEngine.java:194)&#xD;
	at com.kms.katalon.core.main.ScriptEngine.runScriptAsRawText(ScriptEngine.java:119)&#xD;
	at com.kms.katalon.core.main.TestCaseExecutor.runScript(TestCaseExecutor.java:337)&#xD;
	at com.kms.katalon.core.main.TestCaseExecutor.doExecute(TestCaseExecutor.java:328)&#xD;
	at com.kms.katalon.core.main.TestCaseExecutor.processExecutionPhase(TestCaseExecutor.java:307)&#xD;
	at com.kms.katalon.core.main.TestCaseExecutor.accessMainPhase(TestCaseExecutor.java:299)&#xD;
	at com.kms.katalon.core.main.TestCaseExecutor.execute(TestCaseExecutor.java:233)&#xD;
	at com.kms.katalon.core.main.TestCaseMain.runTestCase(TestCaseMain.java:114)&#xD;
	at com.kms.katalon.core.keyword.builtin.CallTestCaseKeyword$_callTestCase_closure1.doCall(CallTestCaseKeyword.groovy:59)&#xD;
	at com.kms.katalon.core.keyword.builtin.CallTestCaseKeyword$_callTestCase_closure1.call(CallTestCaseKeyword.groovy)&#xD;
	at com.kms.katalon.core.keyword.internal.KeywordMain.runKeyword(KeywordMain.groovy:68)&#xD;
	at com.kms.katalon.core.keyword.builtin.CallTestCaseKeyword.callTestCase(CallTestCaseKeyword.groovy:81)&#xD;
	at com.kms.katalon.core.keyword.builtin.CallTestCaseKeyword.execute(CallTestCaseKeyword.groovy:44)&#xD;
	at com.kms.katalon.core.keyword.internal.KeywordExecutor.executeKeywordForPlatform(KeywordExecutor.groovy:56)&#xD;
	at com.kms.katalon.core.keyword.BuiltinKeywords.callTestCase(BuiltinKeywords.groovy:334)&#xD;
	at CLNK-30380 - BO - Authorization - Schedule - Happy Path - UC0002.run(CLNK-30380 - BO - Authorization - Schedule - Happy Path - UC0002:79)&#xD;
	at com.kms.katalon.core.main.ScriptEngine.run(ScriptEngine.java:194)&#xD;
	at com.kms.katalon.core.main.ScriptEngine.runScriptAsRawText(ScriptEngine.java:119)&#xD;
	at com.kms.katalon.core.main.TestCaseExecutor.runScript(TestCaseExecutor.java:337)&#xD;
	at com.kms.katalon.core.main.TestCaseExecutor.doExecute(TestCaseExecutor.java:328)&#xD;
	at com.kms.katalon.core.main.TestCaseExecutor.processExecutionPhase(TestCaseExecutor.java:307)&#xD;
	at com.kms.katalon.core.main.TestCaseExecutor.accessMainPhase(TestCaseExecutor.java:299)&#xD;
	at com.kms.katalon.core.main.TestCaseExecutor.execute(TestCaseExecutor.java:233)&#xD;
	at com.kms.katalon.core.main.TestSuiteExecutor.accessTestCaseMainPhase(TestSuiteExecutor.java:169)&#xD;
	at com.kms.katalon.core.main.TestSuiteExecutor.accessTestSuiteMainPhase(TestSuiteExecutor.java:142)&#xD;
	at com.kms.katalon.core.main.TestSuiteExecutor.execute(TestSuiteExecutor.java:91)&#xD;
	at com.kms.katalon.core.main.TestCaseMain.startTestSuite(TestCaseMain.java:157)&#xD;
	at com.kms.katalon.core.main.TestCaseMain$startTestSuite$0.call(Unknown Source)&#xD;
	at TempTestSuite1569245946628.run(TempTestSuite1569245946628.groovy:35)&#xD;
)&#xD;
[[ATTACHMENT|C:\\Users\\isaac\\Desktop\\Clientes\\ProcuraCanada\\Katalon Studio\\Continulink\\Reports\\20190923_103834\\Regression BackOffice\\Regression BackOffice\\20190923_103906\\1569249649356.png]]&#xD;
&#xD;
2019-09-23 11:40:49 - [TEST_STEP][PASSED] - delay(3): Delayed 3 second(s)&#xD;
&#xD;
2019-09-23 11:40:52 - [MESSAGE][PASSED] - Delayed 3 second(s)&#xD;
&#xD;
2019-09-23 11:40:52 - [TEST_STEP][PASSED] - driver = getWebDriver(): null&#xD;
&#xD;
2019-09-23 11:40:52 - [TEST_STEP][PASSED] - fecha = G_Auth_Date: null&#xD;
&#xD;
2019-09-23 11:40:52 - [TEST_STEP][PASSED] - alert().sendKeys(fecha): null&#xD;
&#xD;
2019-09-23 11:40:52 - [MESSAGE][WARNING] - Unable to call Test Case 'Test Cases/Regression BackOffice (All Browsers)/CLNK-30886 - PRE - Pick up - Service - No Authorization Required - TRUE' (Root cause: com.kms.katalon.core.exception.StepErrorException: Call Test Case 'Test Cases/Regression BackOffice (All Browsers)/CLNK-30886 - PRE - Pick up - Service - No Authorization Required - TRUE' failed because of error(s)&#xD;
	at com.kms.katalon.core.keyword.builtin.CallTestCaseKeyword$_callTestCase_closure1.doCall(CallTestCaseKeyword.groovy:66)&#xD;
	at com.kms.katalon.core.keyword.builtin.CallTestCaseKeyword$_callTestCase_closure1.call(CallTestCaseKeyword.groovy)&#xD;
	at com.kms.katalon.core.keyword.internal.KeywordMain.runKeyword(KeywordMain.groovy:68)&#xD;
	at com.kms.katalon.core.keyword.builtin.CallTestCaseKeyword.callTestCase(CallTestCaseKeyword.groovy:81)&#xD;
	at com.kms.katalon.core.keyword.builtin.CallTestCaseKeyword.execute(CallTestCaseKeyword.groovy:44)&#xD;
	at com.kms.katalon.core.keyword.internal.KeywordExecutor.executeKeywordForPlatform(KeywordExecutor.groovy:56)&#xD;
	at com.kms.katalon.core.keyword.BuiltinKeywords.callTestCase(BuiltinKeywords.groovy:334)&#xD;
	at CLNK-30380 - BO - Authorization - Schedule - Happy Path - UC0002.run(CLNK-30380 - BO - Authorization - Schedule - Happy Path - UC0002:79)&#xD;
	at com.kms.katalon.core.main.ScriptEngine.run(ScriptEngine.java:194)&#xD;
	at com.kms.katalon.core.main.ScriptEngine.runScriptAsRawText(ScriptEngine.java:119)&#xD;
	at com.kms.katalon.core.main.TestCaseExecutor.runScript(TestCaseExecutor.java:337)&#xD;
	at com.kms.katalon.core.main.TestCaseExecutor.doExecute(TestCaseExecutor.java:328)&#xD;
	at com.kms.katalon.core.main.TestCaseExecutor.processExecutionPhase(TestCaseExecutor.java:307)&#xD;
	at com.kms.katalon.core.main.TestCaseExecutor.accessMainPhase(TestCaseExecutor.java:299)&#xD;
	at com.kms.katalon.core.main.TestCaseExecutor.execute(TestCaseExecutor.java:233)&#xD;
	at com.kms.katalon.core.main.TestSuiteExecutor.accessTestCaseMainPhase(TestSuiteExecutor.java:169)&#xD;
	at com.kms.katalon.core.main.TestSuiteExecutor.accessTestSuiteMainPhase(TestSuiteExecutor.java:142)&#xD;
	at com.kms.katalon.core.main.TestSuiteExecutor.execute(TestSuiteExecutor.java:91)&#xD;
	at com.kms.katalon.core.main.TestCaseMain.startTestSuite(TestCaseMain.java:157)&#xD;
	at com.kms.katalon.core.main.TestCaseMain$startTestSuite$0.call(Unknown Source)&#xD;
	at TempTestSuite1569245946628.run(TempTestSuite1569245946628.groovy:35)&#xD;
Caused by: org.openqa.selenium.NoAlertPresentException: no such alert
  (Session info: chrome=76.0.3809.132)
Build info: version: '3.141.59', revision: 'e82be7d358', time: '2018-11-14T08:25:53'
System info: host: 'DESKTOP-BPONDF2', ip: '192.168.0.121', os.name: 'Windows 10', os.arch: 'amd64', os.version: '10.0', java.version: '1.8.0_181'
Driver info: com.kms.katalon.selenium.driver.CChromeDriver
Capabilities {acceptInsecureCerts: false, browserName: chrome, browserVersion: 76.0.3809.132, chrome: {chromedriverVersion: 76.0.3809.126 (d80a294506b4..., userDataDir: C:\Users\isaac\AppData\Loca...}, goog:chromeOptions: {debuggerAddress: localhost:49161}, javascriptEnabled: true, networkConnectionEnabled: false, pageLoadStrategy: normal, platform: XP, platformName: XP, proxy: Proxy(), setWindowRect: true, strictFileInteractability: false, timeouts: {implicit: 0, pageLoad: 300000, script: 30000}, unhandledPromptBehavior: dismiss and notify}
Session ID: 1261458c330913c9ef0cf09201e32634&#xD;
	at org.openqa.selenium.remote.http.W3CHttpResponseCodec.createException(W3CHttpResponseCodec.java:187)&#xD;
	at org.openqa.selenium.remote.http.W3CHttpResponseCodec.decode(W3CHttpResponseCodec.java:122)&#xD;
	at org.openqa.selenium.remote.http.W3CHttpResponseCodec.decode(W3CHttpResponseCodec.java:49)&#xD;
	at org.openqa.selenium.remote.HttpCommandExecutor.execute(HttpCommandExecutor.java:158)&#xD;
	at org.openqa.selenium.remote.service.DriverCommandExecutor.execute(DriverCommandExecutor.java:83)&#xD;
	at org.openqa.selenium.remote.RemoteWebDriver.execute(RemoteWebDriver.java:552)&#xD;
	at com.kms.katalon.selenium.driver.CChromeDriver.execute(CChromeDriver.java:20)&#xD;
	at org.openqa.selenium.remote.RemoteWebDriver.execute(RemoteWebDriver.java:609)&#xD;
	at org.openqa.selenium.remote.RemoteWebDriver$RemoteTargetLocator.alert(RemoteWebDriver.java:932)&#xD;
	at org.openqa.selenium.WebDriver$TargetLocator$alert.call(Unknown Source)&#xD;
	at CLNK-30886 - PRE - Pick up - Service - No Authorization Required - TRUE.run(CLNK-30886 - PRE - Pick up - Service - No Authorization Required - TRUE:135)&#xD;
	at com.kms.katalon.core.main.ScriptEngine.run(ScriptEngine.java:194)&#xD;
	at com.kms.katalon.core.main.ScriptEngine.runScriptAsRawText(ScriptEngine.java:119)&#xD;
	at com.kms.katalon.core.main.TestCaseExecutor.runScript(TestCaseExecutor.java:337)&#xD;
	at com.kms.katalon.core.main.TestCaseExecutor.doExecute(TestCaseExecutor.java:328)&#xD;
	at com.kms.katalon.core.main.TestCaseExecutor.processExecutionPhase(TestCaseExecutor.java:307)&#xD;
	at com.kms.katalon.core.main.TestCaseExecutor.accessMainPhase(TestCaseExecutor.java:299)&#xD;
	at com.kms.katalon.core.main.TestCaseExecutor.execute(TestCaseExecutor.java:233)&#xD;
	at com.kms.katalon.core.main.TestCaseMain.runTestCase(TestCaseMain.java:114)&#xD;
	at com.kms.katalon.core.keyword.builtin.CallTestCaseKeyword$_callTestCase_closure1.doCall(CallTestCaseKeyword.groovy:59)&#xD;
	... 20 more&#xD;
)&#xD;
&#xD;
2019-09-23 11:40:52 - [TEST_STEP][PASSED] - delay(10): Delayed 10 second(s)&#xD;
&#xD;
2019-09-23 11:41:02 - [MESSAGE][PASSED] - Delayed 10 second(s)&#xD;
&#xD;
2019-09-23 11:41:02 - [TEST_STEP][PASSED] - callTestCase(findTestCase("Regression BackOffice (All Browsers)/CLNK-30888 - BO - Re-run Compliance Authorization"), [:], OPTIONAL): Call Test Case 'Test Cases/Regression BackOffice (All Browsers)/CLNK-30888 - BO - Re-run Compliance Authorization' successfully&#xD;
&#xD;
2019-09-23 11:41:02 - [TEST_CASE][PASSED] - Test Cases/Regression BackOffice (All Browsers)/CLNK-30888 - BO - Re-run Compliance Authorization: Test Cases/Regression BackOffice (All Browsers)/CLNK-30888 - BO - Re-run Compliance Authorization&#xD;
&#xD;
2019-09-23 11:41:02 - [TEST_STEP][PASSED] - callTestCase(findTestCase("Regression BackOffice (All Browsers)/CLNK-23439 - Clink - Back office Client"), [:], STOP_ON_FAILURE): Call Test Case 'Test Cases/Regression BackOffice (All Browsers)/CLNK-23439 - Clink - Back office Client' successfully&#xD;
&#xD;
2019-09-23 11:41:02 - [TEST_CASE][PASSED] - Test Cases/Regression BackOffice (All Browsers)/CLNK-23439 - Clink - Back office Client: Test Cases/Regression BackOffice (All Browsers)/CLNK-23439 - Clink - Back office Client&#xD;
&#xD;
2019-09-23 11:41:02 - [TEST_STEP][PASSED] - deleteAllCookies(): Delete all cookies successfully&#xD;
&#xD;
2019-09-23 11:41:02 - [MESSAGE][PASSED] - Delete all cookies successfully&#xD;
&#xD;
2019-09-23 11:41:02 - [TEST_STEP][PASSED] - openBrowser(G_SiteBackOffice): Browser is opened with url: 'https://qanewpoc.continulink.com:8443/Backoffice/'&#xD;
&#xD;
2019-09-23 11:41:02 - [MESSAGE][WARNING] - A browser is already opened. Closing browser and opening a new one&#xD;
&#xD;
2019-09-23 11:41:03 - [MESSAGE][INFO] - Starting 'Chrome' driver&#xD;
&#xD;
2019-09-23 11:41:11 - [MESSAGE][PASSED] - Browser is opened with url: 'https://qanewpoc.continulink.com:8443/Backoffice/'&#xD;
&#xD;
2019-09-23 11:41:11 - [TEST_STEP][PASSED] - waitForPageLoad(60): Wait for page load successfully&#xD;
&#xD;
2019-09-23 11:41:11 - [MESSAGE][PASSED] - Wait for page load successfully&#xD;
&#xD;
2019-09-23 11:41:11 - [TEST_STEP][PASSED] - maximizeWindow(): Current window maximized&#xD;
&#xD;
2019-09-23 11:41:15 - [MESSAGE][PASSED] - Current window maximized&#xD;
&#xD;
2019-09-23 11:41:15 - [TEST_STEP][PASSED] - setText(findTestObject("Regression BackOffice/Login/UserBackOffice"), G_UserBackOffice): Text 'automation_admin' is set on object 'Object Repository/Regression BackOffice/Login/UserBackOffice'&#xD;
&#xD;
2019-09-23 11:41:15 - [MESSAGE][PASSED] - Text 'automation_admin' is set on object 'Object Repository/Regression BackOffice/Login/UserBackOffice'&#xD;
&#xD;
2019-09-23 11:41:15 - [TEST_STEP][PASSED] - setText(findTestObject("Regression BackOffice/Login/PasswordBackOffice"), G_PasswordBackOffice): Text 'qwerty' is set on object 'Object Repository/Regression BackOffice/Login/PasswordBackOffice'&#xD;
&#xD;
2019-09-23 11:41:15 - [MESSAGE][PASSED] - Text 'qwerty' is set on object 'Object Repository/Regression BackOffice/Login/PasswordBackOffice'&#xD;
&#xD;
2019-09-23 11:41:15 - [TEST_STEP][PASSED] - click(findTestObject("Regression BackOffice/Login/LoginBackOffice")): Object: 'Object Repository/Regression BackOffice/Login/LoginBackOffice' is clicked on&#xD;
&#xD;
2019-09-23 11:41:20 - [MESSAGE][PASSED] - Object: 'Object Repository/Regression BackOffice/Login/LoginBackOffice' is clicked on&#xD;
&#xD;
2019-09-23 11:41:20 - [TEST_STEP][PASSED] - waitForPageLoad(60): Wait for page load successfully&#xD;
&#xD;
2019-09-23 11:41:20 - [MESSAGE][PASSED] - Wait for page load successfully&#xD;
&#xD;
2019-09-23 11:41:20 - [TEST_STEP][PASSED] - delay(2): Delayed 2 second(s)&#xD;
&#xD;
2019-09-23 11:41:22 - [MESSAGE][PASSED] - Delayed 2 second(s)&#xD;
&#xD;
2019-09-23 11:41:22 - [TEST_STEP][PASSED] - switchToFrame(findTestObject("Regression BackOffice/CLINK-Frames/FrameFrameLeft"), 5, STOP_ON_FAILURE): null&#xD;
&#xD;
2019-09-23 11:41:22 - [TEST_STEP][PASSED] - delay(2): Delayed 2 second(s)&#xD;
&#xD;
2019-09-23 11:41:24 - [MESSAGE][PASSED] - Delayed 2 second(s)&#xD;
&#xD;
2019-09-23 11:41:24 - [TEST_STEP][PASSED] - waitForElementPresent(findTestObject("Regression BackOffice/CLINK-Frames/ClientIntake"), 50): Object 'Object Repository/Regression BackOffice/CLINK-Frames/ClientIntake' is present&#xD;
&#xD;
2019-09-23 11:41:24 - [MESSAGE][PASSED] - Object 'Object Repository/Regression BackOffice/CLINK-Frames/ClientIntake' is present&#xD;
&#xD;
2019-09-23 11:41:24 - [TEST_STEP][PASSED] - verifyElementPresent(findTestObject("Regression BackOffice/CLINK-Frames/ClientIntake"), 100, STOP_ON_FAILURE): Object 'Object Repository/Regression BackOffice/CLINK-Frames/ClientIntake' is present&#xD;
&#xD;
2019-09-23 11:41:24 - [MESSAGE][PASSED] - Object 'Object Repository/Regression BackOffice/CLINK-Frames/ClientIntake' is present&#xD;
&#xD;
2019-09-23 11:41:24 - [TEST_STEP][PASSED] - switchToDefaultContent(): null&#xD;
&#xD;
2019-09-23 11:41:24 - [MESSAGE][PASSED] - Call Test Case 'Test Cases/Regression BackOffice (All Browsers)/CLNK-23439 - Clink - Back office Client' successfully&#xD;
&#xD;
2019-09-23 11:41:24 - [TEST_STEP][PASSED] - waitForPageLoad(60): Wait for page load successfully&#xD;
&#xD;
2019-09-23 11:41:24 - [MESSAGE][PASSED] - Wait for page load successfully&#xD;
&#xD;
2019-09-23 11:41:24 - [TEST_STEP][PASSED] - delay(3): Delayed 3 second(s)&#xD;
&#xD;
2019-09-23 11:41:27 - [MESSAGE][PASSED] - Delayed 3 second(s)&#xD;
&#xD;
2019-09-23 11:41:27 - [TEST_STEP][PASSED] - switchToFrame(findTestObject("Regression BackOffice/CLNK-23449/FrameLeft"), 30): null&#xD;
&#xD;
2019-09-23 11:41:27 - [TEST_STEP][PASSED] - waitForElementPresent(findTestObject("Regression BackOffice/CLINK-30888/ScheduleLink"), 100): Object 'Object Repository/Regression BackOffice/CLINK-30888/ScheduleLink' is present&#xD;
&#xD;
2019-09-23 11:41:27 - [MESSAGE][PASSED] - Object 'Object Repository/Regression BackOffice/CLINK-30888/ScheduleLink' is present&#xD;
&#xD;
2019-09-23 11:41:27 - [TEST_STEP][PASSED] - click(findTestObject("Regression BackOffice/CLINK-30888/ScheduleLink")): Object: 'Object Repository/Regression BackOffice/CLINK-30888/ScheduleLink' is clicked on&#xD;
&#xD;
2019-09-23 11:41:27 - [MESSAGE][PASSED] - Object: 'Object Repository/Regression BackOffice/CLINK-30888/ScheduleLink' is clicked on&#xD;
&#xD;
2019-09-23 11:41:27 - [TEST_STEP][PASSED] - delay(2): Delayed 2 second(s)&#xD;
&#xD;
2019-09-23 11:41:29 - [MESSAGE][PASSED] - Delayed 2 second(s)&#xD;
&#xD;
2019-09-23 11:41:29 - [TEST_STEP][PASSED] - waitForPageLoad(50): Wait for page load successfully&#xD;
&#xD;
2019-09-23 11:41:29 - [MESSAGE][PASSED] - Wait for page load successfully&#xD;
&#xD;
2019-09-23 11:41:29 - [TEST_STEP][PASSED] - waitForElementPresent(findTestObject("Regression BackOffice/CLINK-30888/Re-run Compliance  Authorization Link"), 50): Object 'Object Repository/Regression BackOffice/CLINK-30888/Re-run Compliance  Authorization Link' is present&#xD;
&#xD;
2019-09-23 11:41:29 - [MESSAGE][PASSED] - Object 'Object Repository/Regression BackOffice/CLINK-30888/Re-run Compliance  Authorization Link' is present&#xD;
&#xD;
2019-09-23 11:41:29 - [TEST_STEP][PASSED] - click(findTestObject("Regression BackOffice/CLINK-30888/Re-run Compliance  Authorization Link")): Object: 'Object Repository/Regression BackOffice/CLINK-30888/Re-run Compliance  Authorization Link' is clicked on&#xD;
&#xD;
2019-09-23 11:41:31 - [MESSAGE][PASSED] - Object: 'Object Repository/Regression BackOffice/CLINK-30888/Re-run Compliance  Authorization Link' is clicked on&#xD;
&#xD;
2019-09-23 11:41:31 - [TEST_STEP][PASSED] - delay(2): Delayed 2 second(s)&#xD;
&#xD;
2019-09-23 11:41:33 - [MESSAGE][PASSED] - Delayed 2 second(s)&#xD;
&#xD;
2019-09-23 11:41:33 - [TEST_STEP][PASSED] - switchToDefaultContent(): null&#xD;
&#xD;
2019-09-23 11:41:33 - [TEST_STEP][PASSED] - switchToFrame(findTestObject("Regression BackOffice/CLNK-23449/FrameMain"), 30): null&#xD;
&#xD;
2019-09-23 11:41:33 - [TEST_STEP][PASSED] - waitForElementPresent(findTestObject("Regression BackOffice/CLINK-30888/Last name"), 50): Object 'Object Repository/Regression BackOffice/CLINK-30888/Last name' is present&#xD;
&#xD;
2019-09-23 11:41:33 - [MESSAGE][PASSED] - Object 'Object Repository/Regression BackOffice/CLINK-30888/Last name' is present&#xD;
&#xD;
2019-09-23 11:41:33 - [TEST_STEP][PASSED] - sendKeys(findTestObject("Regression BackOffice/CLINK-30888/Last name"), G_ClientLastName): Keys 'Danielisky' sent to object: 'Object Repository/Regression BackOffice/CLINK-30888/Last name'&#xD;
&#xD;
2019-09-23 11:41:33 - [MESSAGE][PASSED] - Keys 'Danielisky' sent to object: 'Object Repository/Regression BackOffice/CLINK-30888/Last name'&#xD;
&#xD;
2019-09-23 11:41:33 - [TEST_STEP][PASSED] - delay(2): Delayed 2 second(s)&#xD;
&#xD;
2019-09-23 11:41:35 - [MESSAGE][PASSED] - Delayed 2 second(s)&#xD;
&#xD;
2019-09-23 11:41:35 - [TEST_STEP][PASSED] - sendKeys(findTestObject("Regression BackOffice/CLINK-30888/Last name"), Keys.chord(ARROW_DOWN, ENTER)): Keys 'DOWN + ENTER + ' sent to object: 'Object Repository/Regression BackOffice/CLINK-30888/Last name'&#xD;
&#xD;
2019-09-23 11:41:35 - [MESSAGE][PASSED] - Keys 'DOWN + ENTER + ' sent to object: 'Object Repository/Regression BackOffice/CLINK-30888/Last name'&#xD;
&#xD;
2019-09-23 11:41:35 - [TEST_STEP][PASSED] - delay(2): Delayed 2 second(s)&#xD;
&#xD;
2019-09-23 11:41:37 - [MESSAGE][PASSED] - Delayed 2 second(s)&#xD;
&#xD;
2019-09-23 11:41:37 - [TEST_STEP][PASSED] - waitForElementPresent(findTestObject("Regression BackOffice/CLINK-30888/GetClientButton"), 50): Object 'Object Repository/Regression BackOffice/CLINK-30888/GetClientButton' is present&#xD;
&#xD;
2019-09-23 11:41:37 - [MESSAGE][PASSED] - Object 'Object Repository/Regression BackOffice/CLINK-30888/GetClientButton' is present&#xD;
&#xD;
2019-09-23 11:41:37 - [TEST_STEP][PASSED] - click(findTestObject("Regression BackOffice/CLINK-30888/GetClientButton"), OPTIONAL): Object: 'Object Repository/Regression BackOffice/CLINK-30888/GetClientButton' is clicked on&#xD;
&#xD;
2019-09-23 11:41:38 - [MESSAGE][PASSED] - Object: 'Object Repository/Regression BackOffice/CLINK-30888/GetClientButton' is clicked on&#xD;
&#xD;
2019-09-23 11:41:38 - [TEST_STEP][PASSED] - delay(2): Delayed 2 second(s)&#xD;
&#xD;
2019-09-23 11:41:40 - [MESSAGE][PASSED] - Delayed 2 second(s)&#xD;
&#xD;
2019-09-23 11:41:40 - [TEST_STEP][PASSED] - waitForElementPresent(findTestObject("Regression BackOffice/CLINK-30888/ClientSelected"), 50): Object 'Object Repository/Regression BackOffice/CLINK-30888/ClientSelected' is present&#xD;
&#xD;
2019-09-23 11:41:40 - [MESSAGE][PASSED] - Object 'Object Repository/Regression BackOffice/CLINK-30888/ClientSelected' is present&#xD;
&#xD;
2019-09-23 11:41:40 - [TEST_STEP][PASSED] - click(findTestObject("Regression BackOffice/CLINK-30888/ClientSelected")): Object: 'Object Repository/Regression BackOffice/CLINK-30888/ClientSelected' is clicked on&#xD;
&#xD;
2019-09-23 11:41:40 - [MESSAGE][PASSED] - Object: 'Object Repository/Regression BackOffice/CLINK-30888/ClientSelected' is clicked on&#xD;
&#xD;
2019-09-23 11:41:40 - [TEST_STEP][PASSED] - delay(2): Delayed 2 second(s)&#xD;
&#xD;
2019-09-23 11:41:42 - [MESSAGE][PASSED] - Delayed 2 second(s)&#xD;
&#xD;
2019-09-23 11:41:42 - [TEST_STEP][PASSED] - waitForElementPresent(findTestObject("Regression BackOffice/CLINK-30888/StartAutorization"), 50): Object 'Object Repository/Regression BackOffice/CLINK-30888/StartAutorization' is present&#xD;
&#xD;
2019-09-23 11:41:42 - [MESSAGE][PASSED] - Object 'Object Repository/Regression BackOffice/CLINK-30888/StartAutorization' is present&#xD;
&#xD;
2019-09-23 11:41:42 - [TEST_STEP][PASSED] - click(findTestObject("Regression BackOffice/CLINK-30888/StartAutorization")): Object: 'Object Repository/Regression BackOffice/CLINK-30888/StartAutorization' is clicked on&#xD;
&#xD;
2019-09-23 11:41:42 - [MESSAGE][PASSED] - Object: 'Object Repository/Regression BackOffice/CLINK-30888/StartAutorization' is clicked on&#xD;
&#xD;
2019-09-23 11:41:42 - [TEST_STEP][PASSED] - delay(2): Delayed 2 second(s)&#xD;
&#xD;
2019-09-23 11:41:44 - [MESSAGE][PASSED] - Delayed 2 second(s)&#xD;
&#xD;
2019-09-23 11:41:44 - [TEST_STEP][PASSED] - waitForElementPresent(findTestObject("Regression BackOffice/CLINK-30888/span_Select all"), 50): Object 'Object Repository/Regression BackOffice/CLINK-30888/span_Select all' is present&#xD;
&#xD;
2019-09-23 11:41:44 - [MESSAGE][PASSED] - Object 'Object Repository/Regression BackOffice/CLINK-30888/span_Select all' is present&#xD;
&#xD;
2019-09-23 11:41:44 - [TEST_STEP][PASSED] - click(findTestObject("Regression BackOffice/CLINK-30888/span_Select all")): Object: 'Object Repository/Regression BackOffice/CLINK-30888/span_Select all' is clicked on&#xD;
&#xD;
2019-09-23 11:41:45 - [MESSAGE][PASSED] - Object: 'Object Repository/Regression BackOffice/CLINK-30888/span_Select all' is clicked on&#xD;
&#xD;
2019-09-23 11:41:45 - [TEST_STEP][PASSED] - delay(2): Delayed 2 second(s)&#xD;
&#xD;
2019-09-23 11:41:47 - [MESSAGE][PASSED] - Delayed 2 second(s)&#xD;
&#xD;
2019-09-23 11:41:47 - [TEST_STEP][PASSED] - scrollToElement(findTestObject("Regression BackOffice/CLINK-30888/StartButton"), 50): Scroll to object 'Object Repository/Regression BackOffice/CLINK-30888/StartButton' successfully&#xD;
&#xD;
2019-09-23 11:41:47 - [MESSAGE][PASSED] - Scroll to object 'Object Repository/Regression BackOffice/CLINK-30888/StartButton' successfully&#xD;
&#xD;
2019-09-23 11:41:47 - [TEST_STEP][PASSED] - click(findTestObject("Regression BackOffice/CLINK-30888/StartButton")): Object: 'Object Repository/Regression BackOffice/CLINK-30888/StartButton' is clicked on&#xD;
&#xD;
2019-09-23 11:41:47 - [MESSAGE][PASSED] - Object: 'Object Repository/Regression BackOffice/CLINK-30888/StartButton' is clicked on&#xD;
&#xD;
2019-09-23 11:41:47 - [TEST_STEP][PASSED] - delay(600): Delayed 600 second(s)&#xD;
&#xD;
2019-09-23 11:51:47 - [MESSAGE][PASSED] - Delayed 600 second(s)&#xD;
&#xD;
2019-09-23 11:51:47 - [TEST_STEP][PASSED] - closeBrowser(): Browser is closed&#xD;
&#xD;
2019-09-23 11:51:48 - [MESSAGE][PASSED] - Browser is closed&#xD;
&#xD;
2019-09-23 11:51:48 - [MESSAGE][PASSED] - Call Test Case 'Test Cases/Regression BackOffice (All Browsers)/CLNK-30888 - BO - Re-run Compliance Authorization' successfully&#xD;
&#xD;
2019-09-23 11:51:48 - [TEST_STEP][PASSED] - callTestCase(findTestCase("Regression BackOffice (All Browsers)/CLNK-23439 - Clink - Back office Client"), [:], STOP_ON_FAILURE): Call Test Case 'Test Cases/Regression BackOffice (All Browsers)/CLNK-23439 - Clink - Back office Client' successfully&#xD;
&#xD;
2019-09-23 11:51:48 - [TEST_CASE][PASSED] - Test Cases/Regression BackOffice (All Browsers)/CLNK-23439 - Clink - Back office Client: Test Cases/Regression BackOffice (All Browsers)/CLNK-23439 - Clink - Back office Client&#xD;
&#xD;
2019-09-23 11:51:48 - [TEST_STEP][PASSED] - deleteAllCookies(): Delete all cookies successfully&#xD;
&#xD;
2019-09-23 11:51:48 - [MESSAGE][WARNING] - Cannot delete cookies because browser is closed&#xD;
&#xD;
2019-09-23 11:51:48 - [MESSAGE][PASSED] - Delete all cookies successfully&#xD;
&#xD;
2019-09-23 11:51:48 - [TEST_STEP][PASSED] - openBrowser(G_SiteBackOffice): Browser is opened with url: 'https://qanewpoc.continulink.com:8443/Backoffice/'&#xD;
&#xD;
2019-09-23 11:51:48 - [MESSAGE][INFO] - Starting 'Chrome' driver&#xD;
&#xD;
2019-09-23 11:51:55 - [MESSAGE][PASSED] - Browser is opened with url: 'https://qanewpoc.continulink.com:8443/Backoffice/'&#xD;
&#xD;
2019-09-23 11:51:55 - [TEST_STEP][PASSED] - waitForPageLoad(60): Wait for page load successfully&#xD;
&#xD;
2019-09-23 11:51:55 - [MESSAGE][PASSED] - Wait for page load successfully&#xD;
&#xD;
2019-09-23 11:51:55 - [TEST_STEP][PASSED] - maximizeWindow(): Current window maximized&#xD;
&#xD;
2019-09-23 11:51:59 - [MESSAGE][PASSED] - Current window maximized&#xD;
&#xD;
2019-09-23 11:51:59 - [TEST_STEP][PASSED] - setText(findTestObject("Regression BackOffice/Login/UserBackOffice"), G_UserBackOffice): Text 'automation_admin' is set on object 'Object Repository/Regression BackOffice/Login/UserBackOffice'&#xD;
&#xD;
2019-09-23 11:52:00 - [MESSAGE][PASSED] - Text 'automation_admin' is set on object 'Object Repository/Regression BackOffice/Login/UserBackOffice'&#xD;
&#xD;
2019-09-23 11:52:00 - [TEST_STEP][PASSED] - setText(findTestObject("Regression BackOffice/Login/PasswordBackOffice"), G_PasswordBackOffice): Text 'qwerty' is set on object 'Object Repository/Regression BackOffice/Login/PasswordBackOffice'&#xD;
&#xD;
2019-09-23 11:52:00 - [MESSAGE][PASSED] - Text 'qwerty' is set on object 'Object Repository/Regression BackOffice/Login/PasswordBackOffice'&#xD;
&#xD;
2019-09-23 11:52:00 - [TEST_STEP][PASSED] - click(findTestObject("Regression BackOffice/Login/LoginBackOffice")): Object: 'Object Repository/Regression BackOffice/Login/LoginBackOffice' is clicked on&#xD;
&#xD;
2019-09-23 11:52:05 - [MESSAGE][PASSED] - Object: 'Object Repository/Regression BackOffice/Login/LoginBackOffice' is clicked on&#xD;
&#xD;
2019-09-23 11:52:05 - [TEST_STEP][PASSED] - waitForPageLoad(60): Wait for page load successfully&#xD;
&#xD;
2019-09-23 11:52:05 - [MESSAGE][PASSED] - Wait for page load successfully&#xD;
&#xD;
2019-09-23 11:52:05 - [TEST_STEP][PASSED] - delay(2): Delayed 2 second(s)&#xD;
&#xD;
2019-09-23 11:52:07 - [MESSAGE][PASSED] - Delayed 2 second(s)&#xD;
&#xD;
2019-09-23 11:52:07 - [TEST_STEP][PASSED] - switchToFrame(findTestObject("Regression BackOffice/CLINK-Frames/FrameFrameLeft"), 5, STOP_ON_FAILURE): null&#xD;
&#xD;
2019-09-23 11:52:07 - [TEST_STEP][PASSED] - delay(2): Delayed 2 second(s)&#xD;
&#xD;
2019-09-23 11:52:09 - [MESSAGE][PASSED] - Delayed 2 second(s)&#xD;
&#xD;
2019-09-23 11:52:09 - [TEST_STEP][PASSED] - waitForElementPresent(findTestObject("Regression BackOffice/CLINK-Frames/ClientIntake"), 50): Object 'Object Repository/Regression BackOffice/CLINK-Frames/ClientIntake' is present&#xD;
&#xD;
2019-09-23 11:52:09 - [MESSAGE][PASSED] - Object 'Object Repository/Regression BackOffice/CLINK-Frames/ClientIntake' is present&#xD;
&#xD;
2019-09-23 11:52:09 - [TEST_STEP][PASSED] - verifyElementPresent(findTestObject("Regression BackOffice/CLINK-Frames/ClientIntake"), 100, STOP_ON_FAILURE): Object 'Object Repository/Regression BackOffice/CLINK-Frames/ClientIntake' is present&#xD;
&#xD;
2019-09-23 11:52:09 - [MESSAGE][PASSED] - Object 'Object Repository/Regression BackOffice/CLINK-Frames/ClientIntake' is present&#xD;
&#xD;
2019-09-23 11:52:09 - [TEST_STEP][PASSED] - switchToDefaultContent(): null&#xD;
&#xD;
2019-09-23 11:52:09 - [MESSAGE][PASSED] - Call Test Case 'Test Cases/Regression BackOffice (All Browsers)/CLNK-23439 - Clink - Back office Client' successfully&#xD;
&#xD;
2019-09-23 11:52:09 - [TEST_STEP][PASSED] - waitForPageLoad(60): Wait for page load successfully&#xD;
&#xD;
2019-09-23 11:52:09 - [MESSAGE][PASSED] - Wait for page load successfully&#xD;
&#xD;
2019-09-23 11:52:09 - [TEST_STEP][PASSED] - delay(3): Delayed 3 second(s)&#xD;
&#xD;
2019-09-23 11:52:12 - [MESSAGE][PASSED] - Delayed 3 second(s)&#xD;
&#xD;
2019-09-23 11:52:12 - [TEST_STEP][PASSED] - switchToFrame(findTestObject("Regression BackOffice/CLNK-23449/FrameLeft"), 30): null&#xD;
&#xD;
2019-09-23 11:52:12 - [TEST_STEP][PASSED] - waitForElementPresent(findTestObject("Regression BackOffice/CLINK-30888/ScheduleLink"), 100): Object 'Object Repository/Regression BackOffice/CLINK-30888/ScheduleLink' is present&#xD;
&#xD;
2019-09-23 11:52:12 - [MESSAGE][PASSED] - Object 'Object Repository/Regression BackOffice/CLINK-30888/ScheduleLink' is present&#xD;
&#xD;
2019-09-23 11:52:12 - [TEST_STEP][PASSED] - click(findTestObject("Regression BackOffice/CLINK-30888/ScheduleLink")): Object: 'Object Repository/Regression BackOffice/CLINK-30888/ScheduleLink' is clicked on&#xD;
&#xD;
2019-09-23 11:52:13 - [MESSAGE][PASSED] - Object: 'Object Repository/Regression BackOffice/CLINK-30888/ScheduleLink' is clicked on&#xD;
&#xD;
2019-09-23 11:52:13 - [TEST_STEP][PASSED] - delay(2): Delayed 2 second(s)&#xD;
&#xD;
2019-09-23 11:52:15 - [MESSAGE][PASSED] - Delayed 2 second(s)&#xD;
&#xD;
2019-09-23 11:52:15 - [TEST_STEP][PASSED] - waitForPageLoad(50): Wait for page load successfully&#xD;
&#xD;
2019-09-23 11:52:15 - [MESSAGE][PASSED] - Wait for page load successfully&#xD;
&#xD;
2019-09-23 11:52:15 - [TEST_STEP][PASSED] - waitForElementPresent(findTestObject("Regression BackOffice/CLINK-30380/Schedule Calendar Link"), 50): Object 'Object Repository/Regression BackOffice/CLINK-30380/Schedule Calendar Link' is present&#xD;
&#xD;
2019-09-23 11:52:15 - [MESSAGE][PASSED] - Object 'Object Repository/Regression BackOffice/CLINK-30380/Schedule Calendar Link' is present&#xD;
&#xD;
2019-09-23 11:52:15 - [TEST_STEP][PASSED] - click(findTestObject("Regression BackOffice/CLINK-30380/Schedule Calendar Link")): Object: 'Object Repository/Regression BackOffice/CLINK-30380/Schedule Calendar Link' is clicked on&#xD;
&#xD;
2019-09-23 11:52:18 - [MESSAGE][PASSED] - Object: 'Object Repository/Regression BackOffice/CLINK-30380/Schedule Calendar Link' is clicked on&#xD;
&#xD;
2019-09-23 11:52:18 - [TEST_STEP][PASSED] - delay(2): Delayed 2 second(s)&#xD;
&#xD;
2019-09-23 11:52:20 - [MESSAGE][PASSED] - Delayed 2 second(s)&#xD;
&#xD;
2019-09-23 11:52:20 - [TEST_STEP][PASSED] - switchToDefaultContent(): null&#xD;
&#xD;
2019-09-23 11:52:20 - [TEST_STEP][PASSED] - switchToFrame(findTestObject("Regression BackOffice/CLNK-23449/FrameMain"), 30): null&#xD;
&#xD;
2019-09-23 11:52:20 - [TEST_STEP][PASSED] - waitForElementPresent(findTestObject("Regression BackOffice/CLINK-30380/Schedule Search Link"), 50): Object 'Object Repository/Regression BackOffice/CLINK-30380/Schedule Search Link' is present&#xD;
&#xD;
2019-09-23 11:52:20 - [MESSAGE][PASSED] - Object 'Object Repository/Regression BackOffice/CLINK-30380/Schedule Search Link' is present&#xD;
&#xD;
2019-09-23 11:52:20 - [TEST_STEP][PASSED] - click(findTestObject("Regression BackOffice/CLINK-30380/Schedule Search Link")): Object: 'Object Repository/Regression BackOffice/CLINK-30380/Schedule Search Link' is clicked on&#xD;
&#xD;
2019-09-23 11:52:21 - [MESSAGE][PASSED] - Object: 'Object Repository/Regression BackOffice/CLINK-30380/Schedule Search Link' is clicked on&#xD;
&#xD;
2019-09-23 11:52:21 - [TEST_STEP][PASSED] - delay(2): Delayed 2 second(s)&#xD;
&#xD;
2019-09-23 11:52:23 - [MESSAGE][PASSED] - Delayed 2 second(s)&#xD;
&#xD;
2019-09-23 11:52:23 - [TEST_STEP][PASSED] - waitForElementPresent(findTestObject("Regression BackOffice/CLINK-30380/Client LastName"), 50): Unable to wait for object 'Object Repository/Regression BackOffice/CLINK-30380/Client LastName' to be present (Root cause: com.kms.katalon.core.exception.StepFailedException: Unable to wait for object 'Object Repository/Regression BackOffice/CLINK-30380/Client LastName' to be present&#xD;
	at com.kms.katalon.core.webui.keyword.internal.WebUIKeywordMain.stepFailed(WebUIKeywordMain.groovy:64)&#xD;
	at com.kms.katalon.core.webui.keyword.internal.WebUIKeywordMain.runKeyword(WebUIKeywordMain.groovy:26)&#xD;
	at com.kms.katalon.core.webui.keyword.builtin.WaitForElementPresentKeyword.waitForElementPresent(WaitForElementPresentKeyword.groovy:95)&#xD;
	at com.kms.katalon.core.webui.keyword.builtin.WaitForElementPresentKeyword.execute(WaitForElementPresentKeyword.groovy:68)&#xD;
	at com.kms.katalon.core.keyword.internal.KeywordExecutor.executeKeywordForPlatform(KeywordExecutor.groovy:56)&#xD;
	at com.kms.katalon.core.webui.keyword.WebUiBuiltInKeywords.waitForElementPresent(WebUiBuiltInKeywords.groovy:343)&#xD;
	at com.kms.katalon.core.webui.keyword.WebUiBuiltInKeywords$waitForElementPresent$6.call(Unknown Source)&#xD;
	at CLNK-30380 - BO - Authorization - Schedule - Happy Path - UC0002.run(CLNK-30380 - BO - Authorization - Schedule - Happy Path - UC0002:119)&#xD;
	at com.kms.katalon.core.main.ScriptEngine.run(ScriptEngine.java:194)&#xD;
	at com.kms.katalon.core.main.ScriptEngine.runScriptAsRawText(ScriptEngine.java:119)&#xD;
	at com.kms.katalon.core.main.TestCaseExecutor.runScript(TestCaseExecutor.java:337)&#xD;
	at com.kms.katalon.core.main.TestCaseExecutor.doExecute(TestCaseExecutor.java:328)&#xD;
	at com.kms.katalon.core.main.TestCaseExecutor.processExecutionPhase(TestCaseExecutor.java:307)&#xD;
	at com.kms.katalon.core.main.TestCaseExecutor.accessMainPhase(TestCaseExecutor.java:299)&#xD;
	at com.kms.katalon.core.main.TestCaseExecutor.execute(TestCaseExecutor.java:233)&#xD;
	at com.kms.katalon.core.main.TestSuiteExecutor.accessTestCaseMainPhase(TestSuiteExecutor.java:169)&#xD;
	at com.kms.katalon.core.main.TestSuiteExecutor.accessTestSuiteMainPhase(TestSuiteExecutor.java:142)&#xD;
	at com.kms.katalon.core.main.TestSuiteExecutor.execute(TestSuiteExecutor.java:91)&#xD;
	at com.kms.katalon.core.main.TestCaseMain.startTestSuite(TestCaseMain.java:157)&#xD;
	at com.kms.katalon.core.main.TestCaseMain$startTestSuite$0.call(Unknown Source)&#xD;
	at TempTestSuite1569245946628.run(TempTestSuite1569245946628.groovy:35)&#xD;
Caused by: com.kms.katalon.core.webui.exception.WebElementNotFoundException: Web element with id: 'Object Repository/Regression BackOffice/CLINK-30380/frame_Capture object_FrameMain (1)' located by 'By.xpath: //frameset/frameset/frame[2]' not found&#xD;
	at com.kms.katalon.core.webui.common.WebUiCommonHelper.findWebElement(WebUiCommonHelper.java:1097)&#xD;
	at com.kms.katalon.core.webui.common.WebUiCommonHelper.switchToParentFrame(WebUiCommonHelper.java:1163)&#xD;
	at com.kms.katalon.core.webui.common.WebUiCommonHelper.switchToParentFrame(WebUiCommonHelper.java:1152)&#xD;
	at com.kms.katalon.core.webui.keyword.builtin.WaitForElementPresentKeyword$_waitForElementPresent_closure1.doCall(WaitForElementPresentKeyword.groovy:78)&#xD;
	at com.kms.katalon.core.webui.keyword.builtin.WaitForElementPresentKeyword$_waitForElementPresent_closure1.call(WaitForElementPresentKeyword.groovy)&#xD;
	at com.kms.katalon.core.webui.keyword.internal.WebUIKeywordMain.runKeyword(WebUIKeywordMain.groovy:20)&#xD;
	at com.kms.katalon.core.webui.keyword.builtin.WaitForElementPresentKeyword.waitForElementPresent(WaitForElementPresentKeyword.groovy:95)&#xD;
	at com.kms.katalon.core.webui.keyword.builtin.WaitForElementPresentKeyword.execute(WaitForElementPresentKeyword.groovy:68)&#xD;
	at com.kms.katalon.core.keyword.internal.KeywordExecutor.executeKeywordForPlatform(KeywordExecutor.groovy:56)&#xD;
	at com.kms.katalon.core.webui.keyword.WebUiBuiltInKeywords.waitForElementPresent(WebUiBuiltInKeywords.groovy:343)&#xD;
	at com.kms.katalon.core.webui.keyword.WebUiBuiltInKeywords$waitForElementPresent$6.call(Unknown Source)&#xD;
	at Script1567027388715.run(Script1567027388715.groovy:119)&#xD;
	... 13 more&#xD;
)&#xD;
&#xD;
2019-09-23 11:53:14 - [MESSAGE][INFO] - Unable to find the element located by 'By.xpath: //frameset/frameset/frame[2]'. Please recheck the objects properties to make sure the desired element is located. &#xD;
&#xD;
2019-09-23 11:53:14 - [MESSAGE][WARNING] - Unable to wait for object 'Object Repository/Regression BackOffice/CLINK-30380/Client LastName' to be present (Root cause: com.kms.katalon.core.exception.StepFailedException: Unable to wait for object 'Object Repository/Regression BackOffice/CLINK-30380/Client LastName' to be present&#xD;
	at com.kms.katalon.core.webui.keyword.internal.WebUIKeywordMain.stepFailed(WebUIKeywordMain.groovy:64)&#xD;
	at com.kms.katalon.core.webui.keyword.internal.WebUIKeywordMain.runKeyword(WebUIKeywordMain.groovy:26)&#xD;
	at com.kms.katalon.core.webui.keyword.builtin.WaitForElementPresentKeyword.waitForElementPresent(WaitForElementPresentKeyword.groovy:95)&#xD;
	at com.kms.katalon.core.webui.keyword.builtin.WaitForElementPresentKeyword.execute(WaitForElementPresentKeyword.groovy:68)&#xD;
	at com.kms.katalon.core.keyword.internal.KeywordExecutor.executeKeywordForPlatform(KeywordExecutor.groovy:56)&#xD;
	at com.kms.katalon.core.webui.keyword.WebUiBuiltInKeywords.waitForElementPresent(WebUiBuiltInKeywords.groovy:343)&#xD;
	at com.kms.katalon.core.webui.keyword.WebUiBuiltInKeywords$waitForElementPresent$6.call(Unknown Source)&#xD;
	at CLNK-30380 - BO - Authorization - Schedule - Happy Path - UC0002.run(CLNK-30380 - BO - Authorization - Schedule - Happy Path - UC0002:119)&#xD;
	at com.kms.katalon.core.main.ScriptEngine.run(ScriptEngine.java:194)&#xD;
	at com.kms.katalon.core.main.ScriptEngine.runScriptAsRawText(ScriptEngine.java:119)&#xD;
	at com.kms.katalon.core.main.TestCaseExecutor.runScript(TestCaseExecutor.java:337)&#xD;
	at com.kms.katalon.core.main.TestCaseExecutor.doExecute(TestCaseExecutor.java:328)&#xD;
	at com.kms.katalon.core.main.TestCaseExecutor.processExecutionPhase(TestCaseExecutor.java:307)&#xD;
	at com.kms.katalon.core.main.TestCaseExecutor.accessMainPhase(TestCaseExecutor.java:299)&#xD;
	at com.kms.katalon.core.main.TestCaseExecutor.execute(TestCaseExecutor.java:233)&#xD;
	at com.kms.katalon.core.main.TestSuiteExecutor.accessTestCaseMainPhase(TestSuiteExecutor.java:169)&#xD;
	at com.kms.katalon.core.main.TestSuiteExecutor.accessTestSuiteMainPhase(TestSuiteExecutor.java:142)&#xD;
	at com.kms.katalon.core.main.TestSuiteExecutor.execute(TestSuiteExecutor.java:91)&#xD;
	at com.kms.katalon.core.main.TestCaseMain.startTestSuite(TestCaseMain.java:157)&#xD;
	at com.kms.katalon.core.main.TestCaseMain$startTestSuite$0.call(Unknown Source)&#xD;
	at TempTestSuite1569245946628.run(TempTestSuite1569245946628.groovy:35)&#xD;
Caused by: com.kms.katalon.core.webui.exception.WebElementNotFoundException: Web element with id: 'Object Repository/Regression BackOffice/CLINK-30380/frame_Capture object_FrameMain (1)' located by 'By.xpath: //frameset/frameset/frame[2]' not found&#xD;
	at com.kms.katalon.core.webui.common.WebUiCommonHelper.findWebElement(WebUiCommonHelper.java:1097)&#xD;
	at com.kms.katalon.core.webui.common.WebUiCommonHelper.switchToParentFrame(WebUiCommonHelper.java:1163)&#xD;
	at com.kms.katalon.core.webui.common.WebUiCommonHelper.switchToParentFrame(WebUiCommonHelper.java:1152)&#xD;
	at com.kms.katalon.core.webui.keyword.builtin.WaitForElementPresentKeyword$_waitForElementPresent_closure1.doCall(WaitForElementPresentKeyword.groovy:78)&#xD;
	at com.kms.katalon.core.webui.keyword.builtin.WaitForElementPresentKeyword$_waitForElementPresent_closure1.call(WaitForElementPresentKeyword.groovy)&#xD;
	at com.kms.katalon.core.webui.keyword.internal.WebUIKeywordMain.runKeyword(WebUIKeywordMain.groovy:20)&#xD;
	at com.kms.katalon.core.webui.keyword.builtin.WaitForElementPresentKeyword.waitForElementPresent(WaitForElementPresentKeyword.groovy:95)&#xD;
	at com.kms.katalon.core.webui.keyword.builtin.WaitForElementPresentKeyword.execute(WaitForElementPresentKeyword.groovy:68)&#xD;
	at com.kms.katalon.core.keyword.internal.KeywordExecutor.executeKeywordForPlatform(KeywordExecutor.groovy:56)&#xD;
	at com.kms.katalon.core.webui.keyword.WebUiBuiltInKeywords.waitForElementPresent(WebUiBuiltInKeywords.groovy:343)&#xD;
	at com.kms.katalon.core.webui.keyword.WebUiBuiltInKeywords$waitForElementPresent$6.call(Unknown Source)&#xD;
	at Script1567027388715.run(Script1567027388715.groovy:119)&#xD;
	... 13 more&#xD;
)&#xD;
[[ATTACHMENT|C:\\Users\\isaac\\Desktop\\Clientes\\ProcuraCanada\\Katalon Studio\\Continulink\\Reports\\20190923_103834\\Regression BackOffice\\Regression BackOffice\\20190923_103906\\1569250394219.png]]&#xD;
&#xD;
2019-09-23 11:53:14 - [TEST_STEP][PASSED] - sendKeys(findTestObject("Regression BackOffice/CLINK-30380/Client LastName"), G_ClientLastName): Unable to send keys 'Danielisky' to object 'Object Repository/Regression BackOffice/CLINK-30380/Client LastName' (Root cause: com.kms.katalon.core.exception.StepFailedException: Unable to send keys 'Danielisky' to object 'Object Repository/Regression BackOffice/CLINK-30380/Client LastName'&#xD;
	at com.kms.katalon.core.webui.keyword.internal.WebUIKeywordMain.stepFailed(WebUIKeywordMain.groovy:64)&#xD;
	at com.kms.katalon.core.webui.keyword.internal.WebUIKeywordMain.runKeyword(WebUIKeywordMain.groovy:26)&#xD;
	at com.kms.katalon.core.webui.keyword.builtin.SendKeysKeyword.sendKeys(SendKeysKeyword.groovy:60)&#xD;
	at com.kms.katalon.core.webui.keyword.builtin.SendKeysKeyword.execute(SendKeysKeyword.groovy:38)&#xD;
	at com.kms.katalon.core.keyword.internal.KeywordExecutor.executeKeywordForPlatform(KeywordExecutor.groovy:56)&#xD;
	at com.kms.katalon.core.webui.keyword.WebUiBuiltInKeywords.sendKeys(WebUiBuiltInKeywords.groovy:834)&#xD;
	at com.kms.katalon.core.webui.keyword.WebUiBuiltInKeywords$sendKeys$11.call(Unknown Source)&#xD;
	at CLNK-30380 - BO - Authorization - Schedule - Happy Path - UC0002.run(CLNK-30380 - BO - Authorization - Schedule - Happy Path - UC0002:121)&#xD;
	at com.kms.katalon.core.main.ScriptEngine.run(ScriptEngine.java:194)&#xD;
	at com.kms.katalon.core.main.ScriptEngine.runScriptAsRawText(ScriptEngine.java:119)&#xD;
	at com.kms.katalon.core.main.TestCaseExecutor.runScript(TestCaseExecutor.java:337)&#xD;
	at com.kms.katalon.core.main.TestCaseExecutor.doExecute(TestCaseExecutor.java:328)&#xD;
	at com.kms.katalon.core.main.TestCaseExecutor.processExecutionPhase(TestCaseExecutor.java:307)&#xD;
	at com.kms.katalon.core.main.TestCaseExecutor.accessMainPhase(TestCaseExecutor.java:299)&#xD;
	at com.kms.katalon.core.main.TestCaseExecutor.execute(TestCaseExecutor.java:233)&#xD;
	at com.kms.katalon.core.main.TestSuiteExecutor.accessTestCaseMainPhase(TestSuiteExecutor.java:169)&#xD;
	at com.kms.katalon.core.main.TestSuiteExecutor.accessTestSuiteMainPhase(TestSuiteExecutor.java:142)&#xD;
	at com.kms.katalon.core.main.TestSuiteExecutor.execute(TestSuiteExecutor.java:91)&#xD;
	at com.kms.katalon.core.main.TestCaseMain.startTestSuite(TestCaseMain.java:157)&#xD;
	at com.kms.katalon.core.main.TestCaseMain$startTestSuite$0.call(Unknown Source)&#xD;
	at TempTestSuite1569245946628.run(TempTestSuite1569245946628.groovy:35)&#xD;
Caused by: com.kms.katalon.core.webui.exception.WebElementNotFoundException: Web element with id: 'Object Repository/Regression BackOffice/CLINK-30380/frame_Capture object_FrameMain (1)' located by 'By.xpath: //frameset/frameset/frame[2]' not found&#xD;
	at com.kms.katalon.core.webui.common.WebUiCommonHelper.findWebElement(WebUiCommonHelper.java:1097)&#xD;
	at com.kms.katalon.core.webui.common.WebUiCommonHelper.switchToParentFrame(WebUiCommonHelper.java:1163)&#xD;
	at com.kms.katalon.core.webui.common.WebUiCommonHelper.switchToParentFrame(WebUiCommonHelper.java:1152)&#xD;
	at com.kms.katalon.core.webui.common.WebUiCommonHelper.switchToParentFrame(WebUiCommonHelper.java:1174)&#xD;
	at com.kms.katalon.core.webui.keyword.builtin.SendKeysKeyword$_sendKeys_closure1.doCall(SendKeysKeyword.groovy:49)&#xD;
	at com.kms.katalon.core.webui.keyword.builtin.SendKeysKeyword$_sendKeys_closure1.call(SendKeysKeyword.groovy)&#xD;
	at com.kms.katalon.core.webui.keyword.internal.WebUIKeywordMain.runKeyword(WebUIKeywordMain.groovy:20)&#xD;
	at com.kms.katalon.core.webui.keyword.builtin.SendKeysKeyword.sendKeys(SendKeysKeyword.groovy:60)&#xD;
	at com.kms.katalon.core.webui.keyword.builtin.SendKeysKeyword.execute(SendKeysKeyword.groovy:38)&#xD;
	at com.kms.katalon.core.keyword.internal.KeywordExecutor.executeKeywordForPlatform(KeywordExecutor.groovy:56)&#xD;
	at com.kms.katalon.core.webui.keyword.WebUiBuiltInKeywords.sendKeys(WebUiBuiltInKeywords.groovy:834)&#xD;
	at com.kms.katalon.core.webui.keyword.WebUiBuiltInKeywords$sendKeys$11.call(Unknown Source)&#xD;
	at Script1567027388715.run(Script1567027388715.groovy:121)&#xD;
	... 13 more&#xD;
)&#xD;
&#xD;
2019-09-23 11:53:45 - [MESSAGE][INFO] - Unable to find the element located by 'By.xpath: //frameset/frameset/frame[2]'. Please recheck the objects properties to make sure the desired element is located. &#xD;
&#xD;
2019-09-23 11:53:45 - [MESSAGE][WARNING] - Unable to send keys 'Danielisky' to object 'Object Repository/Regression BackOffice/CLINK-30380/Client LastName' (Root cause: com.kms.katalon.core.exception.StepFailedException: Unable to send keys 'Danielisky' to object 'Object Repository/Regression BackOffice/CLINK-30380/Client LastName'&#xD;
	at com.kms.katalon.core.webui.keyword.internal.WebUIKeywordMain.stepFailed(WebUIKeywordMain.groovy:64)&#xD;
	at com.kms.katalon.core.webui.keyword.internal.WebUIKeywordMain.runKeyword(WebUIKeywordMain.groovy:26)&#xD;
	at com.kms.katalon.core.webui.keyword.builtin.SendKeysKeyword.sendKeys(SendKeysKeyword.groovy:60)&#xD;
	at com.kms.katalon.core.webui.keyword.builtin.SendKeysKeyword.execute(SendKeysKeyword.groovy:38)&#xD;
	at com.kms.katalon.core.keyword.internal.KeywordExecutor.executeKeywordForPlatform(KeywordExecutor.groovy:56)&#xD;
	at com.kms.katalon.core.webui.keyword.WebUiBuiltInKeywords.sendKeys(WebUiBuiltInKeywords.groovy:834)&#xD;
	at com.kms.katalon.core.webui.keyword.WebUiBuiltInKeywords$sendKeys$11.call(Unknown Source)&#xD;
	at CLNK-30380 - BO - Authorization - Schedule - Happy Path - UC0002.run(CLNK-30380 - BO - Authorization - Schedule - Happy Path - UC0002:121)&#xD;
	at com.kms.katalon.core.main.ScriptEngine.run(ScriptEngine.java:194)&#xD;
	at com.kms.katalon.core.main.ScriptEngine.runScriptAsRawText(ScriptEngine.java:119)&#xD;
	at com.kms.katalon.core.main.TestCaseExecutor.runScript(TestCaseExecutor.java:337)&#xD;
	at com.kms.katalon.core.main.TestCaseExecutor.doExecute(TestCaseExecutor.java:328)&#xD;
	at com.kms.katalon.core.main.TestCaseExecutor.processExecutionPhase(TestCaseExecutor.java:307)&#xD;
	at com.kms.katalon.core.main.TestCaseExecutor.accessMainPhase(TestCaseExecutor.java:299)&#xD;
	at com.kms.katalon.core.main.TestCaseExecutor.execute(TestCaseExecutor.java:233)&#xD;
	at com.kms.katalon.core.main.TestSuiteExecutor.accessTestCaseMainPhase(TestSuiteExecutor.java:169)&#xD;
	at com.kms.katalon.core.main.TestSuiteExecutor.accessTestSuiteMainPhase(TestSuiteExecutor.java:142)&#xD;
	at com.kms.katalon.core.main.TestSuiteExecutor.execute(TestSuiteExecutor.java:91)&#xD;
	at com.kms.katalon.core.main.TestCaseMain.startTestSuite(TestCaseMain.java:157)&#xD;
	at com.kms.katalon.core.main.TestCaseMain$startTestSuite$0.call(Unknown Source)&#xD;
	at TempTestSuite1569245946628.run(TempTestSuite1569245946628.groovy:35)&#xD;
Caused by: com.kms.katalon.core.webui.exception.WebElementNotFoundException: Web element with id: 'Object Repository/Regression BackOffice/CLINK-30380/frame_Capture object_FrameMain (1)' located by 'By.xpath: //frameset/frameset/frame[2]' not found&#xD;
	at com.kms.katalon.core.webui.common.WebUiCommonHelper.findWebElement(WebUiCommonHelper.java:1097)&#xD;
	at com.kms.katalon.core.webui.common.WebUiCommonHelper.switchToParentFrame(WebUiCommonHelper.java:1163)&#xD;
	at com.kms.katalon.core.webui.common.WebUiCommonHelper.switchToParentFrame(WebUiCommonHelper.java:1152)&#xD;
	at com.kms.katalon.core.webui.common.WebUiCommonHelper.switchToParentFrame(WebUiCommonHelper.java:1174)&#xD;
	at com.kms.katalon.core.webui.keyword.builtin.SendKeysKeyword$_sendKeys_closure1.doCall(SendKeysKeyword.groovy:49)&#xD;
	at com.kms.katalon.core.webui.keyword.builtin.SendKeysKeyword$_sendKeys_closure1.call(SendKeysKeyword.groovy)&#xD;
	at com.kms.katalon.core.webui.keyword.internal.WebUIKeywordMain.runKeyword(WebUIKeywordMain.groovy:20)&#xD;
	at com.kms.katalon.core.webui.keyword.builtin.SendKeysKeyword.sendKeys(SendKeysKeyword.groovy:60)&#xD;
	at com.kms.katalon.core.webui.keyword.builtin.SendKeysKeyword.execute(SendKeysKeyword.groovy:38)&#xD;
	at com.kms.katalon.core.keyword.internal.KeywordExecutor.executeKeywordForPlatform(KeywordExecutor.groovy:56)&#xD;
	at com.kms.katalon.core.webui.keyword.WebUiBuiltInKeywords.sendKeys(WebUiBuiltInKeywords.groovy:834)&#xD;
	at com.kms.katalon.core.webui.keyword.WebUiBuiltInKeywords$sendKeys$11.call(Unknown Source)&#xD;
	at Script1567027388715.run(Script1567027388715.groovy:121)&#xD;
	... 13 more&#xD;
)&#xD;
[[ATTACHMENT|C:\\Users\\isaac\\Desktop\\Clientes\\ProcuraCanada\\Katalon Studio\\Continulink\\Reports\\20190923_103834\\Regression BackOffice\\Regression BackOffice\\20190923_103906\\1569250425496.png]]&#xD;
&#xD;
2019-09-23 11:53:45 - [TEST_STEP][PASSED] - delay(2): Delayed 2 second(s)&#xD;
&#xD;
2019-09-23 11:53:47 - [MESSAGE][PASSED] - Delayed 2 second(s)&#xD;
&#xD;
2019-09-23 11:53:47 - [TEST_STEP][PASSED] - sendKeys(findTestObject("Regression BackOffice/CLINK-30380/Client LastName"), Keys.chord(ARROW_DOWN, ENTER)): Unable to send keys '' to object 'Object Repository/Regression BackOffice/CLINK-30380/Client LastName' (Root cause: com.kms.katalon.core.exception.StepFailedException: Unable to send keys '' to object 'Object Repository/Regression BackOffice/CLINK-30380/Client LastName'&#xD;
	at com.kms.katalon.core.webui.keyword.internal.WebUIKeywordMain.stepFailed(WebUIKeywordMain.groovy:64)&#xD;
	at com.kms.katalon.core.webui.keyword.internal.WebUIKeywordMain.runKeyword(WebUIKeywordMain.groovy:26)&#xD;
	at com.kms.katalon.core.webui.keyword.builtin.SendKeysKeyword.sendKeys(SendKeysKeyword.groovy:60)&#xD;
	at com.kms.katalon.core.webui.keyword.builtin.SendKeysKeyword.execute(SendKeysKeyword.groovy:38)&#xD;
	at com.kms.katalon.core.keyword.internal.KeywordExecutor.executeKeywordForPlatform(KeywordExecutor.groovy:56)&#xD;
	at com.kms.katalon.core.webui.keyword.WebUiBuiltInKeywords.sendKeys(WebUiBuiltInKeywords.groovy:834)&#xD;
	at com.kms.katalon.core.webui.keyword.WebUiBuiltInKeywords$sendKeys$11.call(Unknown Source)&#xD;
	at CLNK-30380 - BO - Authorization - Schedule - Happy Path - UC0002.run(CLNK-30380 - BO - Authorization - Schedule - Happy Path - UC0002:125)&#xD;
	at com.kms.katalon.core.main.ScriptEngine.run(ScriptEngine.java:194)&#xD;
	at com.kms.katalon.core.main.ScriptEngine.runScriptAsRawText(ScriptEngine.java:119)&#xD;
	at com.kms.katalon.core.main.TestCaseExecutor.runScript(TestCaseExecutor.java:337)&#xD;
	at com.kms.katalon.core.main.TestCaseExecutor.doExecute(TestCaseExecutor.java:328)&#xD;
	at com.kms.katalon.core.main.TestCaseExecutor.processExecutionPhase(TestCaseExecutor.java:307)&#xD;
	at com.kms.katalon.core.main.TestCaseExecutor.accessMainPhase(TestCaseExecutor.java:299)&#xD;
	at com.kms.katalon.core.main.TestCaseExecutor.execute(TestCaseExecutor.java:233)&#xD;
	at com.kms.katalon.core.main.TestSuiteExecutor.accessTestCaseMainPhase(TestSuiteExecutor.java:169)&#xD;
	at com.kms.katalon.core.main.TestSuiteExecutor.accessTestSuiteMainPhase(TestSuiteExecutor.java:142)&#xD;
	at com.kms.katalon.core.main.TestSuiteExecutor.execute(TestSuiteExecutor.java:91)&#xD;
	at com.kms.katalon.core.main.TestCaseMain.startTestSuite(TestCaseMain.java:157)&#xD;
	at com.kms.katalon.core.main.TestCaseMain$startTestSuite$0.call(Unknown Source)&#xD;
	at TempTestSuite1569245946628.run(TempTestSuite1569245946628.groovy:35)&#xD;
Caused by: com.kms.katalon.core.webui.exception.WebElementNotFoundException: Web element with id: 'Object Repository/Regression BackOffice/CLINK-30380/frame_Capture object_FrameMain (1)' located by 'By.xpath: //frameset/frameset/frame[2]' not found&#xD;
	at com.kms.katalon.core.webui.common.WebUiCommonHelper.findWebElement(WebUiCommonHelper.java:1097)&#xD;
	at com.kms.katalon.core.webui.common.WebUiCommonHelper.switchToParentFrame(WebUiCommonHelper.java:1163)&#xD;
	at com.kms.katalon.core.webui.common.WebUiCommonHelper.switchToParentFrame(WebUiCommonHelper.java:1152)&#xD;
	at com.kms.katalon.core.webui.common.WebUiCommonHelper.switchToParentFrame(WebUiCommonHelper.java:1174)&#xD;
	at com.kms.katalon.core.webui.keyword.builtin.SendKeysKeyword$_sendKeys_closure1.doCall(SendKeysKeyword.groovy:49)&#xD;
	at com.kms.katalon.core.webui.keyword.builtin.SendKeysKeyword$_sendKeys_closure1.call(SendKeysKeyword.groovy)&#xD;
	at com.kms.katalon.core.webui.keyword.internal.WebUIKeywordMain.runKeyword(WebUIKeywordMain.groovy:20)&#xD;
	at com.kms.katalon.core.webui.keyword.builtin.SendKeysKeyword.sendKeys(SendKeysKeyword.groovy:60)&#xD;
	at com.kms.katalon.core.webui.keyword.builtin.SendKeysKeyword.execute(SendKeysKeyword.groovy:38)&#xD;
	at com.kms.katalon.core.keyword.internal.KeywordExecutor.executeKeywordForPlatform(KeywordExecutor.groovy:56)&#xD;
	at com.kms.katalon.core.webui.keyword.WebUiBuiltInKeywords.sendKeys(WebUiBuiltInKeywords.groovy:834)&#xD;
	at com.kms.katalon.core.webui.keyword.WebUiBuiltInKeywords$sendKeys$11.call(Unknown Source)&#xD;
	at Script1567027388715.run(Script1567027388715.groovy:125)&#xD;
	... 13 more&#xD;
)&#xD;
&#xD;
2019-09-23 11:54:18 - [MESSAGE][INFO] - Unable to find the element located by 'By.xpath: //frameset/frameset/frame[2]'. Please recheck the objects properties to make sure the desired element is located. &#xD;
&#xD;
2019-09-23 11:54:19 - [MESSAGE][WARNING] - Unable to send keys '' to object 'Object Repository/Regression BackOffice/CLINK-30380/Client LastName' (Root cause: com.kms.katalon.core.exception.StepFailedException: Unable to send keys '' to object 'Object Repository/Regression BackOffice/CLINK-30380/Client LastName'&#xD;
	at com.kms.katalon.core.webui.keyword.internal.WebUIKeywordMain.stepFailed(WebUIKeywordMain.groovy:64)&#xD;
	at com.kms.katalon.core.webui.keyword.internal.WebUIKeywordMain.runKeyword(WebUIKeywordMain.groovy:26)&#xD;
	at com.kms.katalon.core.webui.keyword.builtin.SendKeysKeyword.sendKeys(SendKeysKeyword.groovy:60)&#xD;
	at com.kms.katalon.core.webui.keyword.builtin.SendKeysKeyword.execute(SendKeysKeyword.groovy:38)&#xD;
	at com.kms.katalon.core.keyword.internal.KeywordExecutor.executeKeywordForPlatform(KeywordExecutor.groovy:56)&#xD;
	at com.kms.katalon.core.webui.keyword.WebUiBuiltInKeywords.sendKeys(WebUiBuiltInKeywords.groovy:834)&#xD;
	at com.kms.katalon.core.webui.keyword.WebUiBuiltInKeywords$sendKeys$11.call(Unknown Source)&#xD;
	at CLNK-30380 - BO - Authorization - Schedule - Happy Path - UC0002.run(CLNK-30380 - BO - Authorization - Schedule - Happy Path - UC0002:125)&#xD;
	at com.kms.katalon.core.main.ScriptEngine.run(ScriptEngine.java:194)&#xD;
	at com.kms.katalon.core.main.ScriptEngine.runScriptAsRawText(ScriptEngine.java:119)&#xD;
	at com.kms.katalon.core.main.TestCaseExecutor.runScript(TestCaseExecutor.java:337)&#xD;
	at com.kms.katalon.core.main.TestCaseExecutor.doExecute(TestCaseExecutor.java:328)&#xD;
	at com.kms.katalon.core.main.TestCaseExecutor.processExecutionPhase(TestCaseExecutor.java:307)&#xD;
	at com.kms.katalon.core.main.TestCaseExecutor.accessMainPhase(TestCaseExecutor.java:299)&#xD;
	at com.kms.katalon.core.main.TestCaseExecutor.execute(TestCaseExecutor.java:233)&#xD;
	at com.kms.katalon.core.main.TestSuiteExecutor.accessTestCaseMainPhase(TestSuiteExecutor.java:169)&#xD;
	at com.kms.katalon.core.main.TestSuiteExecutor.accessTestSuiteMainPhase(TestSuiteExecutor.java:142)&#xD;
	at com.kms.katalon.core.main.TestSuiteExecutor.execute(TestSuiteExecutor.java:91)&#xD;
	at com.kms.katalon.core.main.TestCaseMain.startTestSuite(TestCaseMain.java:157)&#xD;
	at com.kms.katalon.core.main.TestCaseMain$startTestSuite$0.call(Unknown Source)&#xD;
	at TempTestSuite1569245946628.run(TempTestSuite1569245946628.groovy:35)&#xD;
Caused by: com.kms.katalon.core.webui.exception.WebElementNotFoundException: Web element with id: 'Object Repository/Regression BackOffice/CLINK-30380/frame_Capture object_FrameMain (1)' located by 'By.xpath: //frameset/frameset/frame[2]' not found&#xD;
	at com.kms.katalon.core.webui.common.WebUiCommonHelper.findWebElement(WebUiCommonHelper.java:1097)&#xD;
	at com.kms.katalon.core.webui.common.WebUiCommonHelper.switchToParentFrame(WebUiCommonHelper.java:1163)&#xD;
	at com.kms.katalon.core.webui.common.WebUiCommonHelper.switchToParentFrame(WebUiCommonHelper.java:1152)&#xD;
	at com.kms.katalon.core.webui.common.WebUiCommonHelper.switchToParentFrame(WebUiCommonHelper.java:1174)&#xD;
	at com.kms.katalon.core.webui.keyword.builtin.SendKeysKeyword$_sendKeys_closure1.doCall(SendKeysKeyword.groovy:49)&#xD;
	at com.kms.katalon.core.webui.keyword.builtin.SendKeysKeyword$_sendKeys_closure1.call(SendKeysKeyword.groovy)&#xD;
	at com.kms.katalon.core.webui.keyword.internal.WebUIKeywordMain.runKeyword(WebUIKeywordMain.groovy:20)&#xD;
	at com.kms.katalon.core.webui.keyword.builtin.SendKeysKeyword.sendKeys(SendKeysKeyword.groovy:60)&#xD;
	at com.kms.katalon.core.webui.keyword.builtin.SendKeysKeyword.execute(SendKeysKeyword.groovy:38)&#xD;
	at com.kms.katalon.core.keyword.internal.KeywordExecutor.executeKeywordForPlatform(KeywordExecutor.groovy:56)&#xD;
	at com.kms.katalon.core.webui.keyword.WebUiBuiltInKeywords.sendKeys(WebUiBuiltInKeywords.groovy:834)&#xD;
	at com.kms.katalon.core.webui.keyword.WebUiBuiltInKeywords$sendKeys$11.call(Unknown Source)&#xD;
	at Script1567027388715.run(Script1567027388715.groovy:125)&#xD;
	... 13 more&#xD;
)&#xD;
[[ATTACHMENT|C:\\Users\\isaac\\Desktop\\Clientes\\ProcuraCanada\\Katalon Studio\\Continulink\\Reports\\20190923_103834\\Regression BackOffice\\Regression BackOffice\\20190923_103906\\1569250458611.png]]&#xD;
&#xD;
2019-09-23 11:54:19 - [TEST_STEP][PASSED] - delay(10): Delayed 10 second(s)&#xD;
&#xD;
2019-09-23 11:54:29 - [MESSAGE][PASSED] - Delayed 10 second(s)&#xD;
&#xD;
2019-09-23 11:54:29 - [TEST_STEP][PASSED] - switchToDefaultContent(): null&#xD;
&#xD;
2019-09-23 11:54:29 - [TEST_STEP][PASSED] - switchToFrame(findTestObject("Regression BackOffice/CLNK-31354/frame_Capture object_BannerFrame"), 30): null&#xD;
&#xD;
2019-09-23 11:54:29 - [TEST_STEP][PASSED] - waitForElementPresent(findTestObject("Regression BackOffice/CLINK-30380/input_Logout_btnSearch"), 50): Object 'Object Repository/Regression BackOffice/CLINK-30380/input_Logout_btnSearch' is present&#xD;
&#xD;
2019-09-23 11:54:29 - [MESSAGE][WARNING] - Test object with id 'Object Repository/Regression BackOffice/CLINK-30380/Page_InterLink/frame_Capture object_BannerFrame' does not exist&#xD;
&#xD;
2019-09-23 11:54:29 - [MESSAGE][PASSED] - Object 'Object Repository/Regression BackOffice/CLINK-30380/input_Logout_btnSearch' is present&#xD;
&#xD;
2019-09-23 11:54:29 - [TEST_STEP][PASSED] - click(findTestObject("Regression BackOffice/CLINK-30380/input_Logout_btnSearch")): Object: 'Object Repository/Regression BackOffice/CLINK-30380/input_Logout_btnSearch' is clicked on&#xD;
&#xD;
2019-09-23 11:54:29 - [MESSAGE][WARNING] - Test object with id 'Object Repository/Regression BackOffice/CLINK-30380/Page_InterLink/frame_Capture object_BannerFrame' does not exist&#xD;
&#xD;
2019-09-23 11:54:58 - [MESSAGE][PASSED] - Object: 'Object Repository/Regression BackOffice/CLINK-30380/input_Logout_btnSearch' is clicked on&#xD;
&#xD;
2019-09-23 11:54:58 - [TEST_STEP][PASSED] - delay(45): Delayed 45 second(s)&#xD;
&#xD;
2019-09-23 11:55:43 - [MESSAGE][PASSED] - Delayed 45 second(s)&#xD;
&#xD;
2019-09-23 11:55:43 - [TEST_STEP][PASSED] - waitForPageLoad(0): Wait for page load successfully&#xD;
&#xD;
2019-09-23 11:55:43 - [MESSAGE][WARNING] - Timeout '0' is invalid. Using default page load timeout: '30'&#xD;
&#xD;
2019-09-23 11:55:43 - [MESSAGE][PASSED] - Wait for page load successfully&#xD;
&#xD;
2019-09-23 11:55:43 - [TEST_STEP][PASSED] - switchToDefaultContent(): null&#xD;
&#xD;
2019-09-23 11:55:43 - [TEST_STEP][PASSED] - switchToFrame(findTestObject("Regression BackOffice/CLNK-23449/FrameMain"), 30): null&#xD;
&#xD;
2019-09-23 11:55:43 - [TEST_STEP][PASSED] - verifyElementVisible(findTestObject("Regression BackOffice/CLINK-30380/YellowCruz")): Object 'Object Repository/Regression BackOffice/CLINK-30380/YellowCruz' is visible&#xD;
&#xD;
2019-09-23 11:55:43 - [MESSAGE][WARNING] - Test object with id 'Object Repository/Regression BackOffice/CLINK-30380/Page_InterLink/frame_Capture object_FrameMain' does not exist&#xD;
&#xD;
2019-09-23 11:55:43 - [MESSAGE][PASSED] - Object 'Object Repository/Regression BackOffice/CLINK-30380/YellowCruz' is visible&#xD;
&#xD;
2019-09-23 11:55:43 - [TEST_STEP][PASSED] - delay(10): Delayed 10 second(s)&#xD;
&#xD;
2019-09-23 11:55:54 - [MESSAGE][PASSED] - Delayed 10 second(s)</system-out>
            <system-err></system-err>
        </testcase>
        <system-out>2019-09-23 10:39:13 - [TEST_SUITE][INCOMPLETE] - Regression BackOffice: null</system-out>
        <system-err>2019-09-23 10:39:13 - [TEST_SUITE][INCOMPLETE] - Regression BackOffice: null</system-err>
    </testsuite>
</testsuites>
