<?xml version="1.0" encoding="UTF-8"?>
<testsuites name="POC" time="1159" tests="8" failures="0" errors="0">
   <testsuite name="POC" tests="8" failures="0" errors="0" time="1159" timestamp="2019-08-01 15:18:34" hostname="isaac - DESKTOP-BPONDF2" id="Test Suites/End to End/POC">
      <properties>
         <property name="deviceName" value=""/>
         <property name="devicePlatform" value=""/>
         <property name="logFolder" value="C:\\Users\\isaac\\Desktop\\Clientes\\ProcuraCanada\\Katalon Studio\\Continulink\\Reports\\End to End\\POC\\20190801_151832"/>
         <property name="logFiles" value="C:\\Users\\isaac\\Desktop\\Clientes\\ProcuraCanada\\Katalon Studio\\Continulink\\Reports\\End to End\\POC\\20190801_151832\\execution0.log"/>
         <property name="attachments" value=""/>
         <property name="hostName" value="isaac - DESKTOP-BPONDF2"/>
         <property name="os" value="Windows 10 64bit"/>
         <property name="katalonVersion" value="6.0.5.4"/>
         <property name="browser" value="Chrome 75.0.3770.142"/>
         <property name="hostAddress" value="192.168.0.116"/>
         <property name="sessionId" value="4e235a348d81fd5105b5891c8fcfdb38"/>
         <property name="seleniumVersion" value="3.7.1"/>
         <property name="proxyInformation" value="ProxyInformation{proxyOption=NO_PROXY, proxyServerType=HTTP, password=, proxyServerAddress=, proxyServerPort=0}"/>
         <property name="platform" value="Windows 10"/>
      </properties>
      <testcase name="Test Cases/Regression BackOffice (All Browsers)/CLNK-23449 - Quick Intake Wizard" classname="Test Cases/Regression BackOffice (All Browsers)/CLNK-23449 - Quick Intake Wizard" status="PASSED">
         <system-out><![CDATA[2019-08-01 15:18:35 - [TEST_CASE][PASSED] - Test Cases/Regression BackOffice (All Browsers)/CLNK-23449 - Quick Intake Wizard: Test Cases/Regression BackOffice (All Browsers)/CLNK-23449 - Quick Intake Wizard

2019-08-01 15:18:36 - [TEST_STEP][PASSED] - callTestCase(findTestCase("Regression BackOffice (All Browsers)/CLNK-23439 - Clink - Back office Client"), [:], STOP_ON_FAILURE): Call Test Case 'Test Cases/Regression BackOffice (All Browsers)/CLNK-23439 - Clink - Back office Client' successfully

2019-08-01 15:18:36 - [TEST_CASE][PASSED] - Test Cases/Regression BackOffice (All Browsers)/CLNK-23439 - Clink - Back office Client: Test Cases/Regression BackOffice (All Browsers)/CLNK-23439 - Clink - Back office Client

2019-08-01 15:18:36 - [TEST_STEP][PASSED] - openBrowser(G_SiteBackOffice): Browser is opened with url: 'http://qanewpoc.continulink.com:81/backoffice/Login.aspx'

2019-08-01 15:18:37 - [MESSAGE][INFO] - Starting 'Chrome' driver

2019-08-01 15:18:37 - [MESSAGE][INFO] - Action delay is set to 0 seconds

2019-08-01 15:18:45 - [MESSAGE][PASSED] - Browser is opened with url: 'http://qanewpoc.continulink.com:81/backoffice/Login.aspx'

2019-08-01 15:18:45 - [TEST_STEP][PASSED] - waitForPageLoad(60): Wait for page load successfully

2019-08-01 15:18:46 - [MESSAGE][PASSED] - Wait for page load successfully

2019-08-01 15:18:46 - [TEST_STEP][PASSED] - maximizeWindow(): Current window maximized

2019-08-01 15:18:50 - [MESSAGE][PASSED] - Current window maximized

2019-08-01 15:18:50 - [TEST_STEP][PASSED] - setText(findTestObject("Regression BackOffice/Login/UserBackOffice"), G_UserBackOffice): Text 'automation_admin' is set on object 'Object Repository/Regression BackOffice/Login/UserBackOffice'

2019-08-01 15:18:50 - [MESSAGE][PASSED] - Text 'automation_admin' is set on object 'Object Repository/Regression BackOffice/Login/UserBackOffice'

2019-08-01 15:18:50 - [TEST_STEP][PASSED] - setText(findTestObject("Regression BackOffice/Login/PasswordBackOffice"), G_PasswordBackOffice): Text 'qwerty' is set on object 'Object Repository/Regression BackOffice/Login/PasswordBackOffice'

2019-08-01 15:18:50 - [MESSAGE][PASSED] - Text 'qwerty' is set on object 'Object Repository/Regression BackOffice/Login/PasswordBackOffice'

2019-08-01 15:18:50 - [TEST_STEP][PASSED] - click(findTestObject("Regression BackOffice/Login/LoginBackOffice")): Object: 'Object Repository/Regression BackOffice/Login/LoginBackOffice' is clicked on

2019-08-01 15:19:02 - [MESSAGE][PASSED] - Object: 'Object Repository/Regression BackOffice/Login/LoginBackOffice' is clicked on

2019-08-01 15:19:02 - [TEST_STEP][PASSED] - waitForPageLoad(60): Wait for page load successfully

2019-08-01 15:19:02 - [MESSAGE][PASSED] - Wait for page load successfully

2019-08-01 15:19:02 - [TEST_STEP][PASSED] - delay(3): Delayed 3 second(s)

2019-08-01 15:19:05 - [MESSAGE][PASSED] - Delayed 3 second(s)

2019-08-01 15:19:05 - [TEST_STEP][PASSED] - switchToFrame(findTestObject("Regression BackOffice/CLNK-23449/FrameLeft"), 5): null

2019-08-01 15:19:05 - [TEST_STEP][PASSED] - waitForElementPresent(findTestObject("Regression BackOffice/CLNK-23449/ClienIntakeICon"), 60): Object 'Object Repository/Regression BackOffice/CLNK-23449/ClienIntakeICon' is present

2019-08-01 15:19:05 - [MESSAGE][PASSED] - Object 'Object Repository/Regression BackOffice/CLNK-23449/ClienIntakeICon' is present

2019-08-01 15:19:05 - [TEST_STEP][PASSED] - verifyElementPresent(findTestObject("Regression BackOffice/CLNK-23449/ClienIntakeICon"), 100): Object 'Object Repository/Regression BackOffice/CLNK-23449/ClienIntakeICon' is present

2019-08-01 15:19:05 - [MESSAGE][PASSED] - Object 'Object Repository/Regression BackOffice/CLNK-23449/ClienIntakeICon' is present

2019-08-01 15:19:05 - [TEST_STEP][PASSED] - switchToDefaultContent(): null

2019-08-01 15:19:05 - [MESSAGE][PASSED] - Call Test Case 'Test Cases/Regression BackOffice (All Browsers)/CLNK-23439 - Clink - Back office Client' successfully

2019-08-01 15:19:05 - [TEST_STEP][PASSED] - waitForPageLoad(60): Wait for page load successfully

2019-08-01 15:19:05 - [MESSAGE][PASSED] - Wait for page load successfully

2019-08-01 15:19:05 - [TEST_STEP][PASSED] - delay(3): Delayed 3 second(s)

2019-08-01 15:19:08 - [MESSAGE][PASSED] - Delayed 3 second(s)

2019-08-01 15:19:08 - [TEST_STEP][PASSED] - switchToFrame(findTestObject("Regression BackOffice/CLNK-23449/FrameLeft"), 30): null

2019-08-01 15:19:08 - [TEST_STEP][PASSED] - waitForElementPresent(findTestObject("Regression BackOffice/CLNK-23449/ClienIntakeICon"), 100): Object 'Object Repository/Regression BackOffice/CLNK-23449/ClienIntakeICon' is present

2019-08-01 15:19:08 - [MESSAGE][PASSED] - Object 'Object Repository/Regression BackOffice/CLNK-23449/ClienIntakeICon' is present

2019-08-01 15:19:08 - [TEST_STEP][PASSED] - click(findTestObject("Regression BackOffice/CLNK-23449/ClienIntakeICon")): Object: 'Object Repository/Regression BackOffice/CLNK-23449/ClienIntakeICon' is clicked on

2019-08-01 15:19:08 - [MESSAGE][PASSED] - Object: 'Object Repository/Regression BackOffice/CLNK-23449/ClienIntakeICon' is clicked on

2019-08-01 15:19:08 - [TEST_STEP][PASSED] - delay(2): Delayed 2 second(s)

2019-08-01 15:19:10 - [MESSAGE][PASSED] - Delayed 2 second(s)

2019-08-01 15:19:10 - [TEST_STEP][PASSED] - waitForPageLoad(50): Wait for page load successfully

2019-08-01 15:19:10 - [MESSAGE][PASSED] - Wait for page load successfully

2019-08-01 15:19:10 - [TEST_STEP][PASSED] - waitForElementPresent(findTestObject("Regression BackOffice/CLNK-23449/Quick Intake Wizard Link"), 50): Object 'Object Repository/Regression BackOffice/CLNK-23449/Quick Intake Wizard Link' is present

2019-08-01 15:19:10 - [MESSAGE][PASSED] - Object 'Object Repository/Regression BackOffice/CLNK-23449/Quick Intake Wizard Link' is present

2019-08-01 15:19:10 - [TEST_STEP][PASSED] - click(findTestObject("Regression BackOffice/CLNK-23449/Quick Intake Wizard Link")): Object: 'Object Repository/Regression BackOffice/CLNK-23449/Quick Intake Wizard Link' is clicked on

2019-08-01 15:19:19 - [MESSAGE][PASSED] - Object: 'Object Repository/Regression BackOffice/CLNK-23449/Quick Intake Wizard Link' is clicked on

2019-08-01 15:19:19 - [TEST_STEP][PASSED] - delay(2): Delayed 2 second(s)

2019-08-01 15:19:21 - [MESSAGE][PASSED] - Delayed 2 second(s)

2019-08-01 15:19:21 - [TEST_STEP][PASSED] - switchToDefaultContent(): null

2019-08-01 15:19:21 - [TEST_STEP][PASSED] - switchToFrame(findTestObject("Regression BackOffice/CLNK-23449/FrameMain"), 30): null

2019-08-01 15:19:21 - [TEST_STEP][PASSED] - waitForElementPresent(findTestObject("Regression BackOffice/CLNK-23449/New Referral Button"), 50): Object 'Object Repository/Regression BackOffice/CLNK-23449/New Referral Button' is present

2019-08-01 15:19:21 - [MESSAGE][PASSED] - Object 'Object Repository/Regression BackOffice/CLNK-23449/New Referral Button' is present

2019-08-01 15:19:21 - [TEST_STEP][PASSED] - click(findTestObject("Regression BackOffice/CLNK-23449/New Referral Button")): Object: 'Object Repository/Regression BackOffice/CLNK-23449/New Referral Button' is clicked on

2019-08-01 15:19:21 - [MESSAGE][PASSED] - Object: 'Object Repository/Regression BackOffice/CLNK-23449/New Referral Button' is clicked on

2019-08-01 15:19:21 - [TEST_STEP][PASSED] - waitForPageLoad(50): Wait for page load successfully

2019-08-01 15:19:21 - [MESSAGE][PASSED] - Wait for page load successfully

2019-08-01 15:19:21 - [TEST_STEP][PASSED] - delay(2): Delayed 2 second(s)

2019-08-01 15:19:23 - [MESSAGE][PASSED] - Delayed 2 second(s)

2019-08-01 15:19:23 - [TEST_STEP][PASSED] - waitForElementPresent(findTestObject("Regression BackOffice/CLNK-23449/ReferralType"), 50): Object 'Object Repository/Regression BackOffice/CLNK-23449/ReferralType' is present

2019-08-01 15:19:23 - [MESSAGE][PASSED] - Object 'Object Repository/Regression BackOffice/CLNK-23449/ReferralType' is present

2019-08-01 15:19:23 - [TEST_STEP][PASSED] - focus(findTestObject("Regression BackOffice/CLNK-23449/ReferralType")): Object: 'Object Repository/Regression BackOffice/CLNK-23449/ReferralType' is focused

2019-08-01 15:19:23 - [MESSAGE][PASSED] - Object: 'Object Repository/Regression BackOffice/CLNK-23449/ReferralType' is focused

2019-08-01 15:19:23 - [TEST_STEP][PASSED] - click(findTestObject("Regression BackOffice/CLNK-23449/ReferralType")): Object: 'Object Repository/Regression BackOffice/CLNK-23449/ReferralType' is clicked on

2019-08-01 15:19:23 - [MESSAGE][PASSED] - Object: 'Object Repository/Regression BackOffice/CLNK-23449/ReferralType' is clicked on

2019-08-01 15:19:23 - [TEST_STEP][PASSED] - delay(2): Delayed 2 second(s)

2019-08-01 15:19:25 - [MESSAGE][PASSED] - Delayed 2 second(s)

2019-08-01 15:19:25 - [TEST_STEP][PASSED] - sendKeys(findTestObject("Regression BackOffice/CLNK-23449/ReferralType"), Keys.chord(ARROW_DOWN, ENTER)): Keys 'DOWN + ENTER + ' sent to object: 'Object Repository/Regression BackOffice/CLNK-23449/ReferralType'

2019-08-01 15:19:25 - [MESSAGE][PASSED] - Keys 'DOWN + ENTER + ' sent to object: 'Object Repository/Regression BackOffice/CLNK-23449/ReferralType'

2019-08-01 15:19:25 - [TEST_STEP][PASSED] - delay(3): Delayed 3 second(s)

2019-08-01 15:19:28 - [MESSAGE][PASSED] - Delayed 3 second(s)

2019-08-01 15:19:28 - [TEST_STEP][PASSED] - waitForElementPresent(findTestObject("Regression BackOffice/CLNK-23449/ReferralSourcePerson"), 50): Object 'Object Repository/Regression BackOffice/CLNK-23449/ReferralSourcePerson' is present

2019-08-01 15:19:28 - [MESSAGE][PASSED] - Object 'Object Repository/Regression BackOffice/CLNK-23449/ReferralSourcePerson' is present

2019-08-01 15:19:28 - [TEST_STEP][PASSED] - setText(findTestObject("Regression BackOffice/CLNK-23449/ReferralSourcePerson"), G_ReferralSourcePerson): Text 'Lyudmila Kaskov' is set on object 'Object Repository/Regression BackOffice/CLNK-23449/ReferralSourcePerson'

2019-08-01 15:19:29 - [MESSAGE][PASSED] - Text 'Lyudmila Kaskov' is set on object 'Object Repository/Regression BackOffice/CLNK-23449/ReferralSourcePerson'

2019-08-01 15:19:29 - [TEST_STEP][PASSED] - delay(2): Delayed 2 second(s)

2019-08-01 15:19:31 - [MESSAGE][PASSED] - Delayed 2 second(s)

2019-08-01 15:19:31 - [TEST_STEP][PASSED] - waitForElementPresent(findTestObject("Regression BackOffice/CLNK-23449/ClientFirstName"), 50): Object 'Object Repository/Regression BackOffice/CLNK-23449/ClientFirstName' is present

2019-08-01 15:19:31 - [MESSAGE][PASSED] - Object 'Object Repository/Regression BackOffice/CLNK-23449/ClientFirstName' is present

2019-08-01 15:19:31 - [TEST_STEP][PASSED] - setText(findTestObject("Regression BackOffice/CLNK-23449/ClientFirstName"), G_ClientFirstName): Text 'Gerardo' is set on object 'Object Repository/Regression BackOffice/CLNK-23449/ClientFirstName'

2019-08-01 15:19:31 - [MESSAGE][PASSED] - Text 'Gerardo' is set on object 'Object Repository/Regression BackOffice/CLNK-23449/ClientFirstName'

2019-08-01 15:19:31 - [TEST_STEP][PASSED] - delay(2): Delayed 2 second(s)

2019-08-01 15:19:33 - [MESSAGE][PASSED] - Delayed 2 second(s)

2019-08-01 15:19:33 - [TEST_STEP][PASSED] - waitForElementPresent(findTestObject("Regression BackOffice/CLNK-23449/ClientMiddle"), 50): Object 'Object Repository/Regression BackOffice/CLNK-23449/ClientMiddle' is present

2019-08-01 15:19:33 - [MESSAGE][PASSED] - Object 'Object Repository/Regression BackOffice/CLNK-23449/ClientMiddle' is present

2019-08-01 15:19:33 - [TEST_STEP][PASSED] - setText(findTestObject("Regression BackOffice/CLNK-23449/ClientMiddle"), G_ClientMiddleName): Text 'M' is set on object 'Object Repository/Regression BackOffice/CLNK-23449/ClientMiddle'

2019-08-01 15:19:33 - [MESSAGE][PASSED] - Text 'M' is set on object 'Object Repository/Regression BackOffice/CLNK-23449/ClientMiddle'

2019-08-01 15:19:33 - [TEST_STEP][PASSED] - delay(2): Delayed 2 second(s)

2019-08-01 15:19:35 - [MESSAGE][PASSED] - Delayed 2 second(s)

2019-08-01 15:19:35 - [TEST_STEP][PASSED] - waitForElementPresent(findTestObject("Regression BackOffice/CLNK-23449/ClientLastName"), 50): Object 'Object Repository/Regression BackOffice/CLNK-23449/ClientLastName' is present

2019-08-01 15:19:35 - [MESSAGE][PASSED] - Object 'Object Repository/Regression BackOffice/CLNK-23449/ClientLastName' is present

2019-08-01 15:19:35 - [TEST_STEP][PASSED] - setText(findTestObject("Regression BackOffice/CLNK-23449/ClientLastName"), G_ClientLastName): Text 'Gege' is set on object 'Object Repository/Regression BackOffice/CLNK-23449/ClientLastName'

2019-08-01 15:19:35 - [MESSAGE][PASSED] - Text 'Gege' is set on object 'Object Repository/Regression BackOffice/CLNK-23449/ClientLastName'

2019-08-01 15:19:35 - [TEST_STEP][PASSED] - delay(2): Delayed 2 second(s)

2019-08-01 15:19:37 - [MESSAGE][PASSED] - Delayed 2 second(s)

2019-08-01 15:19:37 - [TEST_STEP][PASSED] - waitForElementPresent(findTestObject("Regression BackOffice/CLNK-23449/FollowUpCallBack"), 50): Object 'Object Repository/Regression BackOffice/CLNK-23449/FollowUpCallBack' is present

2019-08-01 15:19:37 - [MESSAGE][PASSED] - Object 'Object Repository/Regression BackOffice/CLNK-23449/FollowUpCallBack' is present

2019-08-01 15:19:37 - [TEST_STEP][PASSED] - setText(findTestObject("Regression BackOffice/CLNK-23449/FollowUpCallBack"), "3"): Text '3' is set on object 'Object Repository/Regression BackOffice/CLNK-23449/FollowUpCallBack'

2019-08-01 15:19:38 - [MESSAGE][PASSED] - Text '3' is set on object 'Object Repository/Regression BackOffice/CLNK-23449/FollowUpCallBack'

2019-08-01 15:19:38 - [TEST_STEP][PASSED] - delay(2): Delayed 2 second(s)

2019-08-01 15:19:40 - [MESSAGE][PASSED] - Delayed 2 second(s)

2019-08-01 15:19:40 - [TEST_STEP][PASSED] - waitForElementPresent(findTestObject("Regression BackOffice/CLNK-23449/PhysicianName"), 50): Object 'Object Repository/Regression BackOffice/CLNK-23449/PhysicianName' is present

2019-08-01 15:19:40 - [MESSAGE][PASSED] - Object 'Object Repository/Regression BackOffice/CLNK-23449/PhysicianName' is present

2019-08-01 15:19:40 - [TEST_STEP][PASSED] - click(findTestObject("Regression BackOffice/CLNK-23449/PhysicianName")): Object: 'Object Repository/Regression BackOffice/CLNK-23449/PhysicianName' is clicked on

2019-08-01 15:19:40 - [MESSAGE][PASSED] - Object: 'Object Repository/Regression BackOffice/CLNK-23449/PhysicianName' is clicked on

2019-08-01 15:19:40 - [TEST_STEP][PASSED] - delay(2): Delayed 2 second(s)

2019-08-01 15:19:42 - [MESSAGE][PASSED] - Delayed 2 second(s)

2019-08-01 15:19:42 - [TEST_STEP][PASSED] - setText(findTestObject("Regression BackOffice/CLNK-23449/PhysicianName"), G_PhisicanName): Text 'Abbott' is set on object 'Object Repository/Regression BackOffice/CLNK-23449/PhysicianName'

2019-08-01 15:19:42 - [MESSAGE][PASSED] - Text 'Abbott' is set on object 'Object Repository/Regression BackOffice/CLNK-23449/PhysicianName'

2019-08-01 15:19:42 - [TEST_STEP][PASSED] - delay(3): Delayed 3 second(s)

2019-08-01 15:19:45 - [MESSAGE][PASSED] - Delayed 3 second(s)

2019-08-01 15:19:45 - [TEST_STEP][PASSED] - waitForElementPresent(findTestObject("Regression BackOffice/CLNK-23449/li_Black Larry"), 50): Object 'Object Repository/Regression BackOffice/CLNK-23449/li_Black Larry' is present

2019-08-01 15:19:45 - [MESSAGE][PASSED] - Object 'Object Repository/Regression BackOffice/CLNK-23449/li_Black Larry' is present

2019-08-01 15:19:45 - [TEST_STEP][PASSED] - click(findTestObject("Regression BackOffice/CLNK-23449/li_Black Larry")): Object: 'Object Repository/Regression BackOffice/CLNK-23449/li_Black Larry' is clicked on

2019-08-01 15:19:45 - [MESSAGE][PASSED] - Object: 'Object Repository/Regression BackOffice/CLNK-23449/li_Black Larry' is clicked on

2019-08-01 15:19:45 - [TEST_STEP][PASSED] - delay(2): Delayed 2 second(s)

2019-08-01 15:19:47 - [MESSAGE][PASSED] - Delayed 2 second(s)

2019-08-01 15:19:47 - [TEST_STEP][PASSED] - waitForElementPresent(findTestObject("Regression BackOffice/CLNK-23449/SaveButton"), 50): Object 'Object Repository/Regression BackOffice/CLNK-23449/SaveButton' is present

2019-08-01 15:19:47 - [MESSAGE][PASSED] - Object 'Object Repository/Regression BackOffice/CLNK-23449/SaveButton' is present

2019-08-01 15:19:47 - [TEST_STEP][PASSED] - click(findTestObject("Regression BackOffice/CLNK-23449/SaveButton"), STOP_ON_FAILURE): Object: 'Object Repository/Regression BackOffice/CLNK-23449/SaveButton' is clicked on

2019-08-01 15:19:47 - [MESSAGE][PASSED] - Object: 'Object Repository/Regression BackOffice/CLNK-23449/SaveButton' is clicked on

2019-08-01 15:19:47 - [TEST_STEP][PASSED] - delay(2): Delayed 2 second(s)

2019-08-01 15:19:49 - [MESSAGE][PASSED] - Delayed 2 second(s)

2019-08-01 15:19:49 - [TEST_STEP][PASSED] - waitForElementPresent(findTestObject("Regression BackOffice/CLNK-23449/btnNext"), 50): Object 'Object Repository/Regression BackOffice/CLNK-23449/btnNext' is present

2019-08-01 15:19:49 - [MESSAGE][PASSED] - Object 'Object Repository/Regression BackOffice/CLNK-23449/btnNext' is present

2019-08-01 15:19:49 - [TEST_STEP][PASSED] - click(findTestObject("Regression BackOffice/CLNK-23449/btnNext"), STOP_ON_FAILURE): Object: 'Object Repository/Regression BackOffice/CLNK-23449/btnNext' is clicked on

2019-08-01 15:19:49 - [MESSAGE][PASSED] - Object: 'Object Repository/Regression BackOffice/CLNK-23449/btnNext' is clicked on

2019-08-01 15:19:49 - [TEST_STEP][PASSED] - delay(2): Delayed 2 second(s)

2019-08-01 15:19:51 - [MESSAGE][PASSED] - Delayed 2 second(s)

2019-08-01 15:19:51 - [TEST_STEP][PASSED] - setText(findTestObject("Regression BackOffice/CLNK-23449/Demographics/DOB"), "05/23/1970"): Text '05/23/1970' is set on object 'Object Repository/Regression BackOffice/CLNK-23449/Demographics/DOB'

2019-08-01 15:19:52 - [MESSAGE][PASSED] - Text '05/23/1970' is set on object 'Object Repository/Regression BackOffice/CLNK-23449/Demographics/DOB'

2019-08-01 15:19:52 - [TEST_STEP][PASSED] - delay(3): Delayed 3 second(s)

2019-08-01 15:19:55 - [MESSAGE][PASSED] - Delayed 3 second(s)

2019-08-01 15:19:55 - [TEST_STEP][PASSED] - setText(findTestObject("Regression BackOffice/CLNK-23449/Demographics/SSN1"), "436120560"): Text '436120560' is set on object 'Object Repository/Regression BackOffice/CLNK-23449/Demographics/SSN1'

2019-08-01 15:19:55 - [MESSAGE][PASSED] - Text '436120560' is set on object 'Object Repository/Regression BackOffice/CLNK-23449/Demographics/SSN1'

2019-08-01 15:19:55 - [TEST_STEP][PASSED] - delay(3): Delayed 3 second(s)

2019-08-01 15:19:58 - [MESSAGE][PASSED] - Delayed 3 second(s)

2019-08-01 15:19:58 - [TEST_STEP][PASSED] - setText(findTestObject("Regression BackOffice/CLNK-23449/Demographics/Medicare ID"), "123456789a"): Text '123456789a' is set on object 'Object Repository/Regression BackOffice/CLNK-23449/Demographics/Medicare ID'

2019-08-01 15:19:58 - [MESSAGE][PASSED] - Text '123456789a' is set on object 'Object Repository/Regression BackOffice/CLNK-23449/Demographics/Medicare ID'

2019-08-01 15:19:58 - [TEST_STEP][PASSED] - delay(3): Delayed 3 second(s)

2019-08-01 15:20:01 - [MESSAGE][PASSED] - Delayed 3 second(s)

2019-08-01 15:20:01 - [TEST_STEP][PASSED] - setText(findTestObject("Regression BackOffice/CLNK-23449/Demographics/Address"), "320 Interlocken Parkway"): Text '320 Interlocken Parkway' is set on object 'Object Repository/Regression BackOffice/CLNK-23449/Demographics/Address'

2019-08-01 15:20:02 - [MESSAGE][PASSED] - Text '320 Interlocken Parkway' is set on object 'Object Repository/Regression BackOffice/CLNK-23449/Demographics/Address'

2019-08-01 15:20:02 - [TEST_STEP][PASSED] - delay(3): Delayed 3 second(s)

2019-08-01 15:20:05 - [MESSAGE][PASSED] - Delayed 3 second(s)

2019-08-01 15:20:05 - [TEST_STEP][PASSED] - setText(findTestObject("Regression BackOffice/CLNK-23449/Demographics/City"), "Broomfield"): Text 'Broomfield' is set on object 'Object Repository/Regression BackOffice/CLNK-23449/Demographics/City'

2019-08-01 15:20:05 - [MESSAGE][PASSED] - Text 'Broomfield' is set on object 'Object Repository/Regression BackOffice/CLNK-23449/Demographics/City'

2019-08-01 15:20:05 - [TEST_STEP][PASSED] - delay(3): Delayed 3 second(s)

2019-08-01 15:20:08 - [MESSAGE][PASSED] - Delayed 3 second(s)

2019-08-01 15:20:08 - [TEST_STEP][PASSED] - setText(findTestObject("Regression BackOffice/CLNK-23449/Demographics/County"), "United States"): Text 'United States' is set on object 'Object Repository/Regression BackOffice/CLNK-23449/Demographics/County'

2019-08-01 15:20:08 - [MESSAGE][PASSED] - Text 'United States' is set on object 'Object Repository/Regression BackOffice/CLNK-23449/Demographics/County'

2019-08-01 15:20:08 - [TEST_STEP][PASSED] - delay(3): Delayed 3 second(s)

2019-08-01 15:20:11 - [MESSAGE][PASSED] - Delayed 3 second(s)

2019-08-01 15:20:11 - [TEST_STEP][PASSED] - click(findTestObject("Regression BackOffice/CLNK-23449/Demographics/State"), CONTINUE_ON_FAILURE): Object: 'Object Repository/Regression BackOffice/CLNK-23449/Demographics/State' is clicked on

2019-08-01 15:20:12 - [MESSAGE][PASSED] - Object: 'Object Repository/Regression BackOffice/CLNK-23449/Demographics/State' is clicked on

2019-08-01 15:20:12 - [TEST_STEP][PASSED] - sendKeys(findTestObject("Regression BackOffice/CLNK-23449/Demographics/State"), Keys.chord(ARROW_DOWN, ARROW_DOWN, ARROW_DOWN, ARROW_DOWN, ARROW_DOWN, ARROW_DOWN, ENTER)): Keys 'DOWN + DOWN + DOWN + DOWN + DOWN + DOWN + ENTER + ' sent to object: 'Object Repository/Regression BackOffice/CLNK-23449/Demographics/State'

2019-08-01 15:20:12 - [MESSAGE][PASSED] - Keys 'DOWN + DOWN + DOWN + DOWN + DOWN + DOWN + ENTER + ' sent to object: 'Object Repository/Regression BackOffice/CLNK-23449/Demographics/State'

2019-08-01 15:20:12 - [TEST_STEP][PASSED] - delay(3): Delayed 3 second(s)

2019-08-01 15:20:15 - [MESSAGE][PASSED] - Delayed 3 second(s)

2019-08-01 15:20:15 - [TEST_STEP][PASSED] - click(findTestObject("Regression BackOffice/CLNK-23449/Demographics/btnVerify"), CONTINUE_ON_FAILURE): Object: 'Object Repository/Regression BackOffice/CLNK-23449/Demographics/btnVerify' is clicked on

2019-08-01 15:20:15 - [MESSAGE][PASSED] - Object: 'Object Repository/Regression BackOffice/CLNK-23449/Demographics/btnVerify' is clicked on

2019-08-01 15:20:15 - [TEST_STEP][PASSED] - delay(3): Delayed 3 second(s)

2019-08-01 15:20:18 - [MESSAGE][PASSED] - Delayed 3 second(s)

2019-08-01 15:20:18 - [TEST_STEP][PASSED] - click(findTestObject("Regression BackOffice/CLNK-23449/Demographics/btnVerify"), CONTINUE_ON_FAILURE): Object: 'Object Repository/Regression BackOffice/CLNK-23449/Demographics/btnVerify' is clicked on

2019-08-01 15:20:18 - [MESSAGE][PASSED] - Object: 'Object Repository/Regression BackOffice/CLNK-23449/Demographics/btnVerify' is clicked on

2019-08-01 15:20:18 - [TEST_STEP][PASSED] - delay(3): Delayed 3 second(s)

2019-08-01 15:20:21 - [MESSAGE][PASSED] - Delayed 3 second(s)

2019-08-01 15:20:21 - [TEST_STEP][PASSED] - click(findTestObject("Regression BackOffice/CLNK-23449/Demographics/UseVerifyAddress"), CONTINUE_ON_FAILURE): Object: 'Object Repository/Regression BackOffice/CLNK-23449/Demographics/UseVerifyAddress' is clicked on

2019-08-01 15:20:21 - [MESSAGE][PASSED] - Object: 'Object Repository/Regression BackOffice/CLNK-23449/Demographics/UseVerifyAddress' is clicked on

2019-08-01 15:20:21 - [TEST_STEP][PASSED] - delay(3): Delayed 3 second(s)

2019-08-01 15:20:24 - [MESSAGE][PASSED] - Delayed 3 second(s)

2019-08-01 15:20:24 - [TEST_STEP][PASSED] - click(findTestObject("Regression BackOffice/CLNK-23449/Demographics/PhoneType"), CONTINUE_ON_FAILURE): Object: 'Object Repository/Regression BackOffice/CLNK-23449/Demographics/PhoneType' is clicked on

2019-08-01 15:20:24 - [MESSAGE][PASSED] - Object: 'Object Repository/Regression BackOffice/CLNK-23449/Demographics/PhoneType' is clicked on

2019-08-01 15:20:24 - [TEST_STEP][PASSED] - sendKeys(findTestObject("Regression BackOffice/CLNK-23449/Demographics/PhoneType"), Keys.chord(ARROW_DOWN, ENTER)): Keys 'DOWN + ENTER + ' sent to object: 'Object Repository/Regression BackOffice/CLNK-23449/Demographics/PhoneType'

2019-08-01 15:20:24 - [MESSAGE][PASSED] - Keys 'DOWN + ENTER + ' sent to object: 'Object Repository/Regression BackOffice/CLNK-23449/Demographics/PhoneType'

2019-08-01 15:20:24 - [TEST_STEP][PASSED] - delay(3): Delayed 3 second(s)

2019-08-01 15:20:27 - [MESSAGE][PASSED] - Delayed 3 second(s)

2019-08-01 15:20:27 - [TEST_STEP][PASSED] - setText(findTestObject("Regression BackOffice/CLNK-23449/Demographics/PhoneNumber"), "2345698789"): Text '2345698789' is set on object 'Object Repository/Regression BackOffice/CLNK-23449/Demographics/PhoneNumber'

2019-08-01 15:20:27 - [MESSAGE][PASSED] - Text '2345698789' is set on object 'Object Repository/Regression BackOffice/CLNK-23449/Demographics/PhoneNumber'

2019-08-01 15:20:27 - [TEST_STEP][PASSED] - delay(3): Delayed 3 second(s)

2019-08-01 15:20:30 - [MESSAGE][PASSED] - Delayed 3 second(s)

2019-08-01 15:20:30 - [TEST_STEP][PASSED] - click(findTestObject("Regression BackOffice/CLNK-23449/Demographics/Zone"), CONTINUE_ON_FAILURE): Object: 'Object Repository/Regression BackOffice/CLNK-23449/Demographics/Zone' is clicked on

2019-08-01 15:20:31 - [MESSAGE][PASSED] - Object: 'Object Repository/Regression BackOffice/CLNK-23449/Demographics/Zone' is clicked on

2019-08-01 15:20:31 - [TEST_STEP][PASSED] - sendKeys(findTestObject("Regression BackOffice/CLNK-23449/Demographics/Zone"), Keys.chord(ARROW_DOWN, ARROW_DOWN, ARROW_DOWN, ENTER)): Keys 'DOWN + DOWN + DOWN + ENTER + ' sent to object: 'Object Repository/Regression BackOffice/CLNK-23449/Demographics/Zone'

2019-08-01 15:20:31 - [MESSAGE][PASSED] - Keys 'DOWN + DOWN + DOWN + ENTER + ' sent to object: 'Object Repository/Regression BackOffice/CLNK-23449/Demographics/Zone'

2019-08-01 15:20:31 - [TEST_STEP][PASSED] - delay(3): Delayed 3 second(s)

2019-08-01 15:20:34 - [MESSAGE][PASSED] - Delayed 3 second(s)

2019-08-01 15:20:34 - [TEST_STEP][PASSED] - waitForElementPresent(findTestObject("Regression BackOffice/CLNK-23449/Demographics/ContactFName"), 50): Object 'Object Repository/Regression BackOffice/CLNK-23449/Demographics/ContactFName' is present

2019-08-01 15:20:34 - [MESSAGE][PASSED] - Object 'Object Repository/Regression BackOffice/CLNK-23449/Demographics/ContactFName' is present

2019-08-01 15:20:34 - [TEST_STEP][PASSED] - setText(findTestObject("Regression BackOffice/CLNK-23449/Demographics/ContactFName"), "Scott"): Text 'Scott' is set on object 'Object Repository/Regression BackOffice/CLNK-23449/Demographics/ContactFName'

2019-08-01 15:20:34 - [MESSAGE][PASSED] - Text 'Scott' is set on object 'Object Repository/Regression BackOffice/CLNK-23449/Demographics/ContactFName'

2019-08-01 15:20:34 - [TEST_STEP][PASSED] - delay(2): Delayed 2 second(s)

2019-08-01 15:20:36 - [MESSAGE][PASSED] - Delayed 2 second(s)

2019-08-01 15:20:36 - [TEST_STEP][PASSED] - waitForElementPresent(findTestObject("Regression BackOffice/CLNK-23449/Demographics/ContactLName"), 50): Object 'Object Repository/Regression BackOffice/CLNK-23449/Demographics/ContactLName' is present

2019-08-01 15:20:36 - [MESSAGE][PASSED] - Object 'Object Repository/Regression BackOffice/CLNK-23449/Demographics/ContactLName' is present

2019-08-01 15:20:36 - [TEST_STEP][PASSED] - setText(findTestObject("Regression BackOffice/CLNK-23449/Demographics/ContactLName"), "Ward"): Text 'Ward' is set on object 'Object Repository/Regression BackOffice/CLNK-23449/Demographics/ContactLName'

2019-08-01 15:20:36 - [MESSAGE][PASSED] - Text 'Ward' is set on object 'Object Repository/Regression BackOffice/CLNK-23449/Demographics/ContactLName'

2019-08-01 15:20:36 - [TEST_STEP][PASSED] - delay(2): Delayed 2 second(s)

2019-08-01 15:20:38 - [MESSAGE][PASSED] - Delayed 2 second(s)

2019-08-01 15:20:38 - [TEST_STEP][PASSED] - click(findTestObject("Regression BackOffice/CLNK-23449/Demographics/ContactType"), CONTINUE_ON_FAILURE): Object: 'Object Repository/Regression BackOffice/CLNK-23449/Demographics/ContactType' is clicked on

2019-08-01 15:20:38 - [MESSAGE][PASSED] - Object: 'Object Repository/Regression BackOffice/CLNK-23449/Demographics/ContactType' is clicked on

2019-08-01 15:20:38 - [TEST_STEP][PASSED] - sendKeys(findTestObject("Regression BackOffice/CLNK-23449/Demographics/ContactType"), Keys.chord(ARROW_DOWN, ARROW_DOWN, ARROW_DOWN, ARROW_DOWN, ARROW_DOWN, ARROW_DOWN, ENTER)): Keys 'DOWN + DOWN + DOWN + DOWN + DOWN + DOWN + ENTER + ' sent to object: 'Object Repository/Regression BackOffice/CLNK-23449/Demographics/ContactType'

2019-08-01 15:20:38 - [MESSAGE][PASSED] - Keys 'DOWN + DOWN + DOWN + DOWN + DOWN + DOWN + ENTER + ' sent to object: 'Object Repository/Regression BackOffice/CLNK-23449/Demographics/ContactType'

2019-08-01 15:20:38 - [TEST_STEP][PASSED] - delay(3): Delayed 3 second(s)

2019-08-01 15:20:41 - [MESSAGE][PASSED] - Delayed 3 second(s)

2019-08-01 15:20:41 - [TEST_STEP][PASSED] - click(findTestObject("Regression BackOffice/CLNK-23449/Demographics/Relationship"), CONTINUE_ON_FAILURE): Object: 'Object Repository/Regression BackOffice/CLNK-23449/Demographics/Relationship' is clicked on

2019-08-01 15:20:41 - [MESSAGE][PASSED] - Object: 'Object Repository/Regression BackOffice/CLNK-23449/Demographics/Relationship' is clicked on

2019-08-01 15:20:41 - [TEST_STEP][PASSED] - sendKeys(findTestObject("Regression BackOffice/CLNK-23449/Demographics/Relationship"), Keys.chord(ARROW_DOWN, ARROW_DOWN, ARROW_DOWN, ARROW_DOWN, ARROW_DOWN, ARROW_DOWN, ENTER)): Keys 'DOWN + DOWN + DOWN + DOWN + DOWN + DOWN + ENTER + ' sent to object: 'Object Repository/Regression BackOffice/CLNK-23449/Demographics/Relationship'

2019-08-01 15:20:41 - [MESSAGE][PASSED] - Keys 'DOWN + DOWN + DOWN + DOWN + DOWN + DOWN + ENTER + ' sent to object: 'Object Repository/Regression BackOffice/CLNK-23449/Demographics/Relationship'

2019-08-01 15:20:41 - [TEST_STEP][PASSED] - delay(3): Delayed 3 second(s)

2019-08-01 15:20:45 - [MESSAGE][PASSED] - Delayed 3 second(s)

2019-08-01 15:20:45 - [TEST_STEP][PASSED] - click(findTestObject("Regression BackOffice/CLNK-23449/Demographics/PhoneTypeContact"), CONTINUE_ON_FAILURE): Object: 'Object Repository/Regression BackOffice/CLNK-23449/Demographics/PhoneTypeContact' is clicked on

2019-08-01 15:20:45 - [MESSAGE][PASSED] - Object: 'Object Repository/Regression BackOffice/CLNK-23449/Demographics/PhoneTypeContact' is clicked on

2019-08-01 15:20:45 - [TEST_STEP][PASSED] - sendKeys(findTestObject("Regression BackOffice/CLNK-23449/Demographics/PhoneTypeContact"), Keys.chord(ARROW_DOWN, ENTER)): Keys 'DOWN + ENTER + ' sent to object: 'Object Repository/Regression BackOffice/CLNK-23449/Demographics/PhoneTypeContact'

2019-08-01 15:20:45 - [MESSAGE][PASSED] - Keys 'DOWN + ENTER + ' sent to object: 'Object Repository/Regression BackOffice/CLNK-23449/Demographics/PhoneTypeContact'

2019-08-01 15:20:45 - [TEST_STEP][PASSED] - delay(3): Delayed 3 second(s)

2019-08-01 15:20:48 - [MESSAGE][PASSED] - Delayed 3 second(s)

2019-08-01 15:20:48 - [TEST_STEP][PASSED] - setText(findTestObject("Regression BackOffice/CLNK-23449/Demographics/ContactPhone"), "2345698789"): Text '2345698789' is set on object 'Object Repository/Regression BackOffice/CLNK-23449/Demographics/ContactPhone'

2019-08-01 15:20:48 - [MESSAGE][PASSED] - Text '2345698789' is set on object 'Object Repository/Regression BackOffice/CLNK-23449/Demographics/ContactPhone'

2019-08-01 15:20:48 - [TEST_STEP][PASSED] - delay(3): Delayed 3 second(s)

2019-08-01 15:20:51 - [MESSAGE][PASSED] - Delayed 3 second(s)

2019-08-01 15:20:51 - [TEST_STEP][PASSED] - click(findTestObject("Regression BackOffice/CLNK-23449/Demographics/EpisodeType"), CONTINUE_ON_FAILURE): Object: 'Object Repository/Regression BackOffice/CLNK-23449/Demographics/EpisodeType' is clicked on

2019-08-01 15:20:51 - [MESSAGE][PASSED] - Object: 'Object Repository/Regression BackOffice/CLNK-23449/Demographics/EpisodeType' is clicked on

2019-08-01 15:20:51 - [TEST_STEP][PASSED] - sendKeys(findTestObject("Regression BackOffice/CLNK-23449/Demographics/EpisodeType"), Keys.chord(ARROW_DOWN, ARROW_DOWN, ARROW_DOWN, ARROW_DOWN, ARROW_DOWN, ARROW_DOWN, ENTER)): Keys 'DOWN + DOWN + DOWN + DOWN + DOWN + DOWN + ENTER + ' sent to object: 'Object Repository/Regression BackOffice/CLNK-23449/Demographics/EpisodeType'

2019-08-01 15:20:51 - [MESSAGE][PASSED] - Keys 'DOWN + DOWN + DOWN + DOWN + DOWN + DOWN + ENTER + ' sent to object: 'Object Repository/Regression BackOffice/CLNK-23449/Demographics/EpisodeType'

2019-08-01 15:20:51 - [TEST_STEP][PASSED] - delay(3): Delayed 3 second(s)

2019-08-01 15:20:54 - [MESSAGE][PASSED] - Delayed 3 second(s)

2019-08-01 15:20:54 - [TEST_STEP][PASSED] - click(findTestObject("Regression BackOffice/CLNK-23449/Demographics/PlaceOfServices"), CONTINUE_ON_FAILURE): Object: 'Object Repository/Regression BackOffice/CLNK-23449/Demographics/PlaceOfServices' is clicked on

2019-08-01 15:20:54 - [MESSAGE][PASSED] - Object: 'Object Repository/Regression BackOffice/CLNK-23449/Demographics/PlaceOfServices' is clicked on

2019-08-01 15:20:54 - [TEST_STEP][PASSED] - sendKeys(findTestObject("Regression BackOffice/CLNK-23449/Demographics/PlaceOfServices"), Keys.chord(ARROW_DOWN, ARROW_DOWN, ARROW_DOWN, ARROW_DOWN, ARROW_DOWN, ARROW_DOWN, ENTER)): Keys 'DOWN + DOWN + DOWN + DOWN + DOWN + DOWN + ENTER + ' sent to object: 'Object Repository/Regression BackOffice/CLNK-23449/Demographics/PlaceOfServices'

2019-08-01 15:20:54 - [MESSAGE][PASSED] - Keys 'DOWN + DOWN + DOWN + DOWN + DOWN + DOWN + ENTER + ' sent to object: 'Object Repository/Regression BackOffice/CLNK-23449/Demographics/PlaceOfServices'

2019-08-01 15:20:54 - [TEST_STEP][PASSED] - delay(3): Delayed 3 second(s)

2019-08-01 15:20:57 - [MESSAGE][PASSED] - Delayed 3 second(s)

2019-08-01 15:20:57 - [TEST_STEP][PASSED] - click(findTestObject("Regression BackOffice/CLNK-23449/Demographics/ClientStatus"), CONTINUE_ON_FAILURE): Object: 'Object Repository/Regression BackOffice/CLNK-23449/Demographics/ClientStatus' is clicked on

2019-08-01 15:20:58 - [MESSAGE][PASSED] - Object: 'Object Repository/Regression BackOffice/CLNK-23449/Demographics/ClientStatus' is clicked on

2019-08-01 15:20:58 - [TEST_STEP][PASSED] - sendKeys(findTestObject("Regression BackOffice/CLNK-23449/Demographics/ClientStatus"), Keys.chord(ARROW_DOWN, ENTER)): Keys 'DOWN + ENTER + ' sent to object: 'Object Repository/Regression BackOffice/CLNK-23449/Demographics/ClientStatus'

2019-08-01 15:20:58 - [MESSAGE][PASSED] - Keys 'DOWN + ENTER + ' sent to object: 'Object Repository/Regression BackOffice/CLNK-23449/Demographics/ClientStatus'

2019-08-01 15:20:58 - [TEST_STEP][PASSED] - delay(3): Delayed 3 second(s)

2019-08-01 15:21:01 - [MESSAGE][PASSED] - Delayed 3 second(s)

2019-08-01 15:21:01 - [TEST_STEP][PASSED] - waitForElementPresent(findTestObject("Regression BackOffice/CLNK-23449/Demographics/btnSaveDemo"), 50): Object 'Object Repository/Regression BackOffice/CLNK-23449/Demographics/btnSaveDemo' is present

2019-08-01 15:21:01 - [MESSAGE][PASSED] - Object 'Object Repository/Regression BackOffice/CLNK-23449/Demographics/btnSaveDemo' is present

2019-08-01 15:21:01 - [TEST_STEP][PASSED] - click(findTestObject("Regression BackOffice/CLNK-23449/Demographics/btnSaveDemo"), STOP_ON_FAILURE): Object: 'Object Repository/Regression BackOffice/CLNK-23449/Demographics/btnSaveDemo' is clicked on

2019-08-01 15:21:01 - [MESSAGE][PASSED] - Object: 'Object Repository/Regression BackOffice/CLNK-23449/Demographics/btnSaveDemo' is clicked on

2019-08-01 15:21:01 - [TEST_STEP][PASSED] - delay(2): Delayed 2 second(s)

2019-08-01 15:21:03 - [MESSAGE][PASSED] - Delayed 2 second(s)

2019-08-01 15:21:03 - [TEST_STEP][PASSED] - waitForElementPresent(findTestObject("Regression BackOffice/CLNK-23449/Demographics/btnNextDemo"), 50): Object 'Object Repository/Regression BackOffice/CLNK-23449/Demographics/btnNextDemo' is present

2019-08-01 15:21:03 - [MESSAGE][PASSED] - Object 'Object Repository/Regression BackOffice/CLNK-23449/Demographics/btnNextDemo' is present

2019-08-01 15:21:03 - [TEST_STEP][PASSED] - click(findTestObject("Regression BackOffice/CLNK-23449/Demographics/btnNextDemo"), STOP_ON_FAILURE): Object: 'Object Repository/Regression BackOffice/CLNK-23449/Demographics/btnNextDemo' is clicked on

2019-08-01 15:21:03 - [MESSAGE][PASSED] - Object: 'Object Repository/Regression BackOffice/CLNK-23449/Demographics/btnNextDemo' is clicked on

2019-08-01 15:21:03 - [TEST_STEP][PASSED] - delay(2): Delayed 2 second(s)

2019-08-01 15:21:05 - [MESSAGE][PASSED] - Delayed 2 second(s)

2019-08-01 15:21:05 - [TEST_STEP][PASSED] - waitForElementPresent(findTestObject("Regression BackOffice/CLINK-23451/PayerList"), 50): Object 'Object Repository/Regression BackOffice/CLINK-23451/PayerList' is present

2019-08-01 15:21:05 - [MESSAGE][PASSED] - Object 'Object Repository/Regression BackOffice/CLINK-23451/PayerList' is present

2019-08-01 15:21:05 - [TEST_STEP][PASSED] - click(findTestObject("Regression BackOffice/CLINK-23451/PayerList"), STOP_ON_FAILURE): Object: 'Object Repository/Regression BackOffice/CLINK-23451/PayerList' is clicked on

2019-08-01 15:21:05 - [MESSAGE][PASSED] - Object: 'Object Repository/Regression BackOffice/CLINK-23451/PayerList' is clicked on

2019-08-01 15:21:05 - [TEST_STEP][PASSED] - sendKeys(findTestObject("Regression BackOffice/CLINK-23451/PayerList"), Keys.chord(ARROW_DOWN, ENTER)): Keys 'DOWN + ENTER + ' sent to object: 'Object Repository/Regression BackOffice/CLINK-23451/PayerList'

2019-08-01 15:21:05 - [MESSAGE][PASSED] - Keys 'DOWN + ENTER + ' sent to object: 'Object Repository/Regression BackOffice/CLINK-23451/PayerList'

2019-08-01 15:21:05 - [TEST_STEP][PASSED] - delay(2): Delayed 2 second(s)

2019-08-01 15:21:07 - [MESSAGE][PASSED] - Delayed 2 second(s)

2019-08-01 15:21:07 - [TEST_STEP][PASSED] - waitForElementPresent(findTestObject("Regression BackOffice/CLINK-23451/PlanList"), 50): Object 'Object Repository/Regression BackOffice/CLINK-23451/PlanList' is present

2019-08-01 15:21:07 - [MESSAGE][PASSED] - Object 'Object Repository/Regression BackOffice/CLINK-23451/PlanList' is present

2019-08-01 15:21:07 - [TEST_STEP][PASSED] - click(findTestObject("Regression BackOffice/CLINK-23451/PlanList"), STOP_ON_FAILURE): Object: 'Object Repository/Regression BackOffice/CLINK-23451/PlanList' is clicked on

2019-08-01 15:21:07 - [MESSAGE][PASSED] - Object: 'Object Repository/Regression BackOffice/CLINK-23451/PlanList' is clicked on

2019-08-01 15:21:07 - [TEST_STEP][PASSED] - sendKeys(findTestObject("Regression BackOffice/CLINK-23451/PlanList"), Keys.chord(ARROW_DOWN, ENTER)): Keys 'DOWN + ENTER + ' sent to object: 'Object Repository/Regression BackOffice/CLINK-23451/PlanList'

2019-08-01 15:21:07 - [MESSAGE][PASSED] - Keys 'DOWN + ENTER + ' sent to object: 'Object Repository/Regression BackOffice/CLINK-23451/PlanList'

2019-08-01 15:21:07 - [TEST_STEP][PASSED] - delay(2): Delayed 2 second(s)

2019-08-01 15:21:09 - [MESSAGE][PASSED] - Delayed 2 second(s)

2019-08-01 15:21:09 - [TEST_STEP][PASSED] - waitForElementPresent(findTestObject("Regression BackOffice/CLINK-23451/GroupList"), 50): Object 'Object Repository/Regression BackOffice/CLINK-23451/GroupList' is present

2019-08-01 15:21:09 - [MESSAGE][PASSED] - Object 'Object Repository/Regression BackOffice/CLINK-23451/GroupList' is present

2019-08-01 15:21:09 - [TEST_STEP][PASSED] - click(findTestObject("Regression BackOffice/CLINK-23451/GroupList"), STOP_ON_FAILURE): Object: 'Object Repository/Regression BackOffice/CLINK-23451/GroupList' is clicked on

2019-08-01 15:21:09 - [MESSAGE][PASSED] - Object: 'Object Repository/Regression BackOffice/CLINK-23451/GroupList' is clicked on

2019-08-01 15:21:09 - [TEST_STEP][PASSED] - sendKeys(findTestObject("Regression BackOffice/CLINK-23451/GroupList"), Keys.chord(ARROW_DOWN, ENTER)): Keys 'DOWN + ENTER + ' sent to object: 'Object Repository/Regression BackOffice/CLINK-23451/GroupList'

2019-08-01 15:21:10 - [MESSAGE][PASSED] - Keys 'DOWN + ENTER + ' sent to object: 'Object Repository/Regression BackOffice/CLINK-23451/GroupList'

2019-08-01 15:21:10 - [TEST_STEP][PASSED] - delay(2): Delayed 2 second(s)

2019-08-01 15:21:12 - [MESSAGE][PASSED] - Delayed 2 second(s)

2019-08-01 15:21:12 - [TEST_STEP][PASSED] - waitForElementPresent(findTestObject("Regression BackOffice/CLINK-23451/MedicareAdminList"), 50): Object 'Object Repository/Regression BackOffice/CLINK-23451/MedicareAdminList' is present

2019-08-01 15:21:12 - [MESSAGE][PASSED] - Object 'Object Repository/Regression BackOffice/CLINK-23451/MedicareAdminList' is present

2019-08-01 15:21:12 - [TEST_STEP][PASSED] - click(findTestObject("Regression BackOffice/CLINK-23451/MedicareAdminList"), STOP_ON_FAILURE): Object: 'Object Repository/Regression BackOffice/CLINK-23451/MedicareAdminList' is clicked on

2019-08-01 15:21:12 - [MESSAGE][PASSED] - Object: 'Object Repository/Regression BackOffice/CLINK-23451/MedicareAdminList' is clicked on

2019-08-01 15:21:12 - [TEST_STEP][PASSED] - sendKeys(findTestObject("Regression BackOffice/CLINK-23451/MedicareAdminList"), Keys.chord(ARROW_DOWN, ARROW_DOWN, ARROW_DOWN, ENTER)): Keys 'DOWN + DOWN + DOWN + ENTER + ' sent to object: 'Object Repository/Regression BackOffice/CLINK-23451/MedicareAdminList'

2019-08-01 15:21:12 - [MESSAGE][PASSED] - Keys 'DOWN + DOWN + DOWN + ENTER + ' sent to object: 'Object Repository/Regression BackOffice/CLINK-23451/MedicareAdminList'

2019-08-01 15:21:12 - [TEST_STEP][PASSED] - delay(2): Delayed 2 second(s)

2019-08-01 15:21:14 - [MESSAGE][PASSED] - Delayed 2 second(s)

2019-08-01 15:21:14 - [TEST_STEP][PASSED] - waitForElementPresent(findTestObject("Regression BackOffice/CLINK-23451/btnSavePayer"), 50): Object 'Object Repository/Regression BackOffice/CLINK-23451/btnSavePayer' is present

2019-08-01 15:21:14 - [MESSAGE][PASSED] - Object 'Object Repository/Regression BackOffice/CLINK-23451/btnSavePayer' is present

2019-08-01 15:21:14 - [TEST_STEP][PASSED] - click(findTestObject("Regression BackOffice/CLINK-23451/btnSavePayer"), STOP_ON_FAILURE): Object: 'Object Repository/Regression BackOffice/CLINK-23451/btnSavePayer' is clicked on

2019-08-01 15:21:14 - [MESSAGE][PASSED] - Object: 'Object Repository/Regression BackOffice/CLINK-23451/btnSavePayer' is clicked on

2019-08-01 15:21:14 - [TEST_STEP][PASSED] - delay(2): Delayed 2 second(s)

2019-08-01 15:21:16 - [MESSAGE][PASSED] - Delayed 2 second(s)

2019-08-01 15:21:16 - [TEST_STEP][PASSED] - waitForElementPresent(findTestObject("Regression BackOffice/CLNK-23449/btnNextPayer"), 50): Object 'Object Repository/Regression BackOffice/CLNK-23449/btnNextPayer' is present

2019-08-01 15:21:16 - [MESSAGE][PASSED] - Object 'Object Repository/Regression BackOffice/CLNK-23449/btnNextPayer' is present

2019-08-01 15:21:16 - [TEST_STEP][PASSED] - click(findTestObject("Regression BackOffice/CLNK-23449/btnNextPayer"), STOP_ON_FAILURE): Object: 'Object Repository/Regression BackOffice/CLNK-23449/btnNextPayer' is clicked on

2019-08-01 15:21:16 - [MESSAGE][PASSED] - Object: 'Object Repository/Regression BackOffice/CLNK-23449/btnNextPayer' is clicked on

2019-08-01 15:21:16 - [TEST_STEP][PASSED] - delay(2): Delayed 2 second(s)

2019-08-01 15:21:18 - [MESSAGE][PASSED] - Delayed 2 second(s)

2019-08-01 15:21:18 - [TEST_STEP][PASSED] - waitForElementPresent(findTestObject("Regression BackOffice/CLNK-23449/Reporting Groups"), 50): Object 'Object Repository/Regression BackOffice/CLNK-23449/Reporting Groups' is present

2019-08-01 15:21:18 - [MESSAGE][PASSED] - Object 'Object Repository/Regression BackOffice/CLNK-23449/Reporting Groups' is present

2019-08-01 15:21:18 - [TEST_STEP][PASSED] - click(findTestObject("Regression BackOffice/CLNK-23449/Reporting Groups"), STOP_ON_FAILURE): Object: 'Object Repository/Regression BackOffice/CLNK-23449/Reporting Groups' is clicked on

2019-08-01 15:21:18 - [MESSAGE][PASSED] - Object: 'Object Repository/Regression BackOffice/CLNK-23449/Reporting Groups' is clicked on

2019-08-01 15:21:18 - [TEST_STEP][PASSED] - delay(2): Delayed 2 second(s)

2019-08-01 15:21:20 - [MESSAGE][PASSED] - Delayed 2 second(s)

2019-08-01 15:21:20 - [TEST_STEP][PASSED] - waitForElementPresent(findTestObject("Regression BackOffice/CLNK-23449/btnSaveServices"), 50): Object 'Object Repository/Regression BackOffice/CLNK-23449/btnSaveServices' is present

2019-08-01 15:21:20 - [MESSAGE][PASSED] - Object 'Object Repository/Regression BackOffice/CLNK-23449/btnSaveServices' is present

2019-08-01 15:21:20 - [TEST_STEP][PASSED] - click(findTestObject("Regression BackOffice/CLNK-23449/btnSaveServices"), STOP_ON_FAILURE): Object: 'Object Repository/Regression BackOffice/CLNK-23449/btnSaveServices' is clicked on

2019-08-01 15:21:20 - [MESSAGE][PASSED] - Object: 'Object Repository/Regression BackOffice/CLNK-23449/btnSaveServices' is clicked on

2019-08-01 15:21:20 - [TEST_STEP][PASSED] - delay(2): Delayed 2 second(s)

2019-08-01 15:21:22 - [MESSAGE][PASSED] - Delayed 2 second(s)

2019-08-01 15:21:22 - [TEST_STEP][PASSED] - waitForElementPresent(findTestObject("Regression BackOffice/CLNK-23449/btnNextServices"), 50): Object 'Object Repository/Regression BackOffice/CLNK-23449/btnNextServices' is present

2019-08-01 15:21:22 - [MESSAGE][PASSED] - Object 'Object Repository/Regression BackOffice/CLNK-23449/btnNextServices' is present

2019-08-01 15:21:22 - [TEST_STEP][PASSED] - click(findTestObject("Regression BackOffice/CLNK-23449/btnNextServices"), STOP_ON_FAILURE): Object: 'Object Repository/Regression BackOffice/CLNK-23449/btnNextServices' is clicked on

2019-08-01 15:21:22 - [MESSAGE][PASSED] - Object: 'Object Repository/Regression BackOffice/CLNK-23449/btnNextServices' is clicked on

2019-08-01 15:21:22 - [TEST_STEP][PASSED] - delay(2): Delayed 2 second(s)

2019-08-01 15:21:24 - [MESSAGE][PASSED] - Delayed 2 second(s)

2019-08-01 15:21:24 - [TEST_STEP][PASSED] - setText(findTestObject("Regression BackOffice/CLNK-23449/Admit/SOCDate"), getDate.DateUtilities.getDateMonthDayYearNumberwithSlash()): Text '08/01/2019' is set on object 'Object Repository/Regression BackOffice/CLNK-23449/Admit/SOCDate'

2019-08-01 15:21:24 - [MESSAGE][PASSED] - getDate.DateUtilities.getDateMonthDayYearNumberwithSlash is PASSED

2019-08-01 15:21:25 - [MESSAGE][PASSED] - Text '08/01/2019' is set on object 'Object Repository/Regression BackOffice/CLNK-23449/Admit/SOCDate'

2019-08-01 15:21:25 - [TEST_STEP][PASSED] - delay(4): Delayed 4 second(s)

2019-08-01 15:21:29 - [MESSAGE][PASSED] - Delayed 4 second(s)

2019-08-01 15:21:29 - [TEST_STEP][PASSED] - waitForElementPresent(findTestObject("Regression BackOffice/CLNK-23449/Admit/DisasterCode"), 50): Object 'Object Repository/Regression BackOffice/CLNK-23449/Admit/DisasterCode' is present

2019-08-01 15:21:29 - [MESSAGE][PASSED] - Object 'Object Repository/Regression BackOffice/CLNK-23449/Admit/DisasterCode' is present

2019-08-01 15:21:29 - [TEST_STEP][PASSED] - click(findTestObject("Regression BackOffice/CLNK-23449/Admit/DisasterCode"), STOP_ON_FAILURE): Object: 'Object Repository/Regression BackOffice/CLNK-23449/Admit/DisasterCode' is clicked on

2019-08-01 15:21:29 - [MESSAGE][PASSED] - Object: 'Object Repository/Regression BackOffice/CLNK-23449/Admit/DisasterCode' is clicked on

2019-08-01 15:21:29 - [TEST_STEP][PASSED] - sendKeys(findTestObject("Regression BackOffice/CLNK-23449/Admit/DisasterCode"), Keys.chord(ARROW_DOWN, ENTER)): Keys 'DOWN + ENTER + ' sent to object: 'Object Repository/Regression BackOffice/CLNK-23449/Admit/DisasterCode'

2019-08-01 15:21:29 - [MESSAGE][PASSED] - Keys 'DOWN + ENTER + ' sent to object: 'Object Repository/Regression BackOffice/CLNK-23449/Admit/DisasterCode'

2019-08-01 15:21:29 - [TEST_STEP][PASSED] - delay(2): Delayed 2 second(s)

2019-08-01 15:21:31 - [MESSAGE][PASSED] - Delayed 2 second(s)

2019-08-01 15:21:31 - [TEST_STEP][PASSED] - waitForElementPresent(findTestObject("Regression BackOffice/CLNK-23449/Admit/ClasificationLevel"), 50): Object 'Object Repository/Regression BackOffice/CLNK-23449/Admit/ClasificationLevel' is present

2019-08-01 15:21:31 - [MESSAGE][PASSED] - Object 'Object Repository/Regression BackOffice/CLNK-23449/Admit/ClasificationLevel' is present

2019-08-01 15:21:31 - [TEST_STEP][PASSED] - click(findTestObject("Regression BackOffice/CLNK-23449/Admit/ClasificationLevel"), STOP_ON_FAILURE): Object: 'Object Repository/Regression BackOffice/CLNK-23449/Admit/ClasificationLevel' is clicked on

2019-08-01 15:21:31 - [MESSAGE][PASSED] - Object: 'Object Repository/Regression BackOffice/CLNK-23449/Admit/ClasificationLevel' is clicked on

2019-08-01 15:21:31 - [TEST_STEP][PASSED] - sendKeys(findTestObject("Regression BackOffice/CLNK-23449/Admit/ClasificationLevel"), Keys.chord(ARROW_DOWN, ENTER)): Keys 'DOWN + ENTER + ' sent to object: 'Object Repository/Regression BackOffice/CLNK-23449/Admit/ClasificationLevel'

2019-08-01 15:21:31 - [MESSAGE][PASSED] - Keys 'DOWN + ENTER + ' sent to object: 'Object Repository/Regression BackOffice/CLNK-23449/Admit/ClasificationLevel'

2019-08-01 15:21:31 - [TEST_STEP][PASSED] - delay(2): Delayed 2 second(s)

2019-08-01 15:21:33 - [MESSAGE][PASSED] - Delayed 2 second(s)

2019-08-01 15:21:33 - [TEST_STEP][PASSED] - waitForElementPresent(findTestObject("Regression BackOffice/CLNK-23449/Admit/HIPAA"), 50): Object 'Object Repository/Regression BackOffice/CLNK-23449/Admit/HIPAA' is present

2019-08-01 15:21:33 - [MESSAGE][PASSED] - Object 'Object Repository/Regression BackOffice/CLNK-23449/Admit/HIPAA' is present

2019-08-01 15:21:33 - [TEST_STEP][PASSED] - click(findTestObject("Regression BackOffice/CLNK-23449/Admit/HIPAA"), STOP_ON_FAILURE): Object: 'Object Repository/Regression BackOffice/CLNK-23449/Admit/HIPAA' is clicked on

2019-08-01 15:21:33 - [MESSAGE][PASSED] - Object: 'Object Repository/Regression BackOffice/CLNK-23449/Admit/HIPAA' is clicked on

2019-08-01 15:21:33 - [TEST_STEP][PASSED] - sendKeys(findTestObject("Regression BackOffice/CLNK-23449/Admit/HIPAA"), Keys.chord(ARROW_DOWN, ENTER)): Keys 'DOWN + ENTER + ' sent to object: 'Object Repository/Regression BackOffice/CLNK-23449/Admit/HIPAA'

2019-08-01 15:21:33 - [MESSAGE][PASSED] - Keys 'DOWN + ENTER + ' sent to object: 'Object Repository/Regression BackOffice/CLNK-23449/Admit/HIPAA'

2019-08-01 15:21:33 - [TEST_STEP][PASSED] - delay(2): Delayed 2 second(s)

2019-08-01 15:21:35 - [MESSAGE][PASSED] - Delayed 2 second(s)

2019-08-01 15:21:35 - [TEST_STEP][PASSED] - waitForElementPresent(findTestObject("Regression BackOffice/CLNK-23449/Admit/QCode"), 50): Object 'Object Repository/Regression BackOffice/CLNK-23449/Admit/QCode' is present

2019-08-01 15:21:35 - [MESSAGE][PASSED] - Object 'Object Repository/Regression BackOffice/CLNK-23449/Admit/QCode' is present

2019-08-01 15:21:35 - [TEST_STEP][PASSED] - click(findTestObject("Regression BackOffice/CLNK-23449/Admit/QCode"), STOP_ON_FAILURE): Object: 'Object Repository/Regression BackOffice/CLNK-23449/Admit/QCode' is clicked on

2019-08-01 15:21:35 - [MESSAGE][PASSED] - Object: 'Object Repository/Regression BackOffice/CLNK-23449/Admit/QCode' is clicked on

2019-08-01 15:21:35 - [TEST_STEP][PASSED] - sendKeys(findTestObject("Regression BackOffice/CLNK-23449/Admit/QCode"), Keys.chord(ARROW_DOWN, ENTER)): Keys 'DOWN + ENTER + ' sent to object: 'Object Repository/Regression BackOffice/CLNK-23449/Admit/QCode'

2019-08-01 15:21:36 - [MESSAGE][PASSED] - Keys 'DOWN + ENTER + ' sent to object: 'Object Repository/Regression BackOffice/CLNK-23449/Admit/QCode'

2019-08-01 15:21:36 - [TEST_STEP][PASSED] - delay(2): Delayed 2 second(s)

2019-08-01 15:21:38 - [MESSAGE][PASSED] - Delayed 2 second(s)

2019-08-01 15:21:38 - [TEST_STEP][PASSED] - setText(findTestObject("Regression BackOffice/CLNK-23449/Admit/Effective Begin Date"), getDate.DateUtilities.getDateMonthDayYearNumberwithSlash()): Text '08/01/2019' is set on object 'Object Repository/Regression BackOffice/CLNK-23449/Admit/Effective Begin Date'

2019-08-01 15:21:38 - [MESSAGE][PASSED] - getDate.DateUtilities.getDateMonthDayYearNumberwithSlash is PASSED

2019-08-01 15:21:38 - [MESSAGE][PASSED] - Text '08/01/2019' is set on object 'Object Repository/Regression BackOffice/CLNK-23449/Admit/Effective Begin Date'

2019-08-01 15:21:38 - [TEST_STEP][PASSED] - delay(4): Delayed 4 second(s)

2019-08-01 15:21:42 - [MESSAGE][PASSED] - Delayed 4 second(s)

2019-08-01 15:21:42 - [TEST_STEP][PASSED] - waitForElementPresent(findTestObject("Regression BackOffice/CLNK-23449/Admit/btnSaveAdmit"), 50): Object 'Object Repository/Regression BackOffice/CLNK-23449/Admit/btnSaveAdmit' is present

2019-08-01 15:21:42 - [MESSAGE][PASSED] - Object 'Object Repository/Regression BackOffice/CLNK-23449/Admit/btnSaveAdmit' is present

2019-08-01 15:21:42 - [TEST_STEP][PASSED] - click(findTestObject("Regression BackOffice/CLNK-23449/Admit/btnSaveAdmit"), STOP_ON_FAILURE): Object: 'Object Repository/Regression BackOffice/CLNK-23449/Admit/btnSaveAdmit' is clicked on

2019-08-01 15:21:42 - [MESSAGE][PASSED] - Object: 'Object Repository/Regression BackOffice/CLNK-23449/Admit/btnSaveAdmit' is clicked on

2019-08-01 15:21:42 - [TEST_STEP][PASSED] - delay(2): Delayed 2 second(s)

2019-08-01 15:21:44 - [MESSAGE][PASSED] - Delayed 2 second(s)

2019-08-01 15:21:44 - [TEST_STEP][PASSED] - waitForElementPresent(findTestObject("Regression BackOffice/CLNK-23449/Admit/btnAdmit"), 50): Object 'Object Repository/Regression BackOffice/CLNK-23449/Admit/btnAdmit' is present

2019-08-01 15:21:44 - [MESSAGE][PASSED] - Object 'Object Repository/Regression BackOffice/CLNK-23449/Admit/btnAdmit' is present

2019-08-01 15:21:44 - [TEST_STEP][PASSED] - click(findTestObject("Regression BackOffice/CLNK-23449/Admit/btnAdmit"), STOP_ON_FAILURE): Object: 'Object Repository/Regression BackOffice/CLNK-23449/Admit/btnAdmit' is clicked on

2019-08-01 15:21:44 - [MESSAGE][PASSED] - Object: 'Object Repository/Regression BackOffice/CLNK-23449/Admit/btnAdmit' is clicked on

2019-08-01 15:21:44 - [TEST_STEP][PASSED] - delay(2): Delayed 2 second(s)

2019-08-01 15:21:46 - [MESSAGE][PASSED] - Delayed 2 second(s)

2019-08-01 15:21:46 - [TEST_STEP][PASSED] - switchToDefaultContent(): null

2019-08-01 15:21:46 - [TEST_STEP][PASSED] - closeBrowser(): Browser is closed

2019-08-01 15:21:47 - [MESSAGE][PASSED] - Browser is closed]]></system-out>
         <system-err><![CDATA[]]></system-err>
      </testcase>
      <testcase name="Test Cases/Regression BackOffice (All Browsers)/CLNK-28718 - BO - Full Caregiver creation" classname="Test Cases/Regression BackOffice (All Browsers)/CLNK-28718 - BO - Full Caregiver creation" status="PASSED">
         <system-out><![CDATA[2019-08-01 15:21:49 - [TEST_CASE][PASSED] - Test Cases/Regression BackOffice (All Browsers)/CLNK-28718 - BO - Full Caregiver creation: Test Cases/Regression BackOffice (All Browsers)/CLNK-28718 - BO - Full Caregiver creation

2019-08-01 15:21:49 - [TEST_STEP][PASSED] - callTestCase(findTestCase("Regression BackOffice (All Browsers)/CLNK-23439 - Clink - Back office Client"), [:], STOP_ON_FAILURE): Call Test Case 'Test Cases/Regression BackOffice (All Browsers)/CLNK-23439 - Clink - Back office Client' successfully

2019-08-01 15:21:50 - [TEST_CASE][PASSED] - Test Cases/Regression BackOffice (All Browsers)/CLNK-23439 - Clink - Back office Client: Test Cases/Regression BackOffice (All Browsers)/CLNK-23439 - Clink - Back office Client

2019-08-01 15:21:50 - [TEST_STEP][PASSED] - openBrowser(G_SiteBackOffice): Browser is opened with url: 'http://qanewpoc.continulink.com:81/backoffice/Login.aspx'

2019-08-01 15:21:50 - [MESSAGE][INFO] - Starting 'Chrome' driver

2019-08-01 15:22:05 - [MESSAGE][PASSED] - Browser is opened with url: 'http://qanewpoc.continulink.com:81/backoffice/Login.aspx'

2019-08-01 15:22:05 - [TEST_STEP][PASSED] - waitForPageLoad(60): Wait for page load successfully

2019-08-01 15:22:05 - [MESSAGE][PASSED] - Wait for page load successfully

2019-08-01 15:22:05 - [TEST_STEP][PASSED] - maximizeWindow(): Current window maximized

2019-08-01 15:22:09 - [MESSAGE][PASSED] - Current window maximized

2019-08-01 15:22:09 - [TEST_STEP][PASSED] - setText(findTestObject("Regression BackOffice/Login/UserBackOffice"), G_UserBackOffice): Text 'automation_admin' is set on object 'Object Repository/Regression BackOffice/Login/UserBackOffice'

2019-08-01 15:22:33 - [MESSAGE][PASSED] - Text 'automation_admin' is set on object 'Object Repository/Regression BackOffice/Login/UserBackOffice'

2019-08-01 15:22:33 - [TEST_STEP][PASSED] - setText(findTestObject("Regression BackOffice/Login/PasswordBackOffice"), G_PasswordBackOffice): Text 'qwerty' is set on object 'Object Repository/Regression BackOffice/Login/PasswordBackOffice'

2019-08-01 15:22:33 - [MESSAGE][PASSED] - Text 'qwerty' is set on object 'Object Repository/Regression BackOffice/Login/PasswordBackOffice'

2019-08-01 15:22:33 - [TEST_STEP][PASSED] - click(findTestObject("Regression BackOffice/Login/LoginBackOffice")): Object: 'Object Repository/Regression BackOffice/Login/LoginBackOffice' is clicked on

2019-08-01 15:22:38 - [MESSAGE][PASSED] - Object: 'Object Repository/Regression BackOffice/Login/LoginBackOffice' is clicked on

2019-08-01 15:22:38 - [TEST_STEP][PASSED] - waitForPageLoad(60): Wait for page load successfully

2019-08-01 15:22:38 - [MESSAGE][PASSED] - Wait for page load successfully

2019-08-01 15:22:38 - [TEST_STEP][PASSED] - delay(3): Delayed 3 second(s)

2019-08-01 15:22:41 - [MESSAGE][PASSED] - Delayed 3 second(s)

2019-08-01 15:22:41 - [TEST_STEP][PASSED] - switchToFrame(findTestObject("Regression BackOffice/CLNK-23449/FrameLeft"), 5): null

2019-08-01 15:22:41 - [TEST_STEP][PASSED] - waitForElementPresent(findTestObject("Regression BackOffice/CLNK-23449/ClienIntakeICon"), 60): Object 'Object Repository/Regression BackOffice/CLNK-23449/ClienIntakeICon' is present

2019-08-01 15:22:41 - [MESSAGE][PASSED] - Object 'Object Repository/Regression BackOffice/CLNK-23449/ClienIntakeICon' is present

2019-08-01 15:22:41 - [TEST_STEP][PASSED] - verifyElementPresent(findTestObject("Regression BackOffice/CLNK-23449/ClienIntakeICon"), 100): Object 'Object Repository/Regression BackOffice/CLNK-23449/ClienIntakeICon' is present

2019-08-01 15:22:41 - [MESSAGE][PASSED] - Object 'Object Repository/Regression BackOffice/CLNK-23449/ClienIntakeICon' is present

2019-08-01 15:22:41 - [TEST_STEP][PASSED] - switchToDefaultContent(): null

2019-08-01 15:22:41 - [MESSAGE][PASSED] - Call Test Case 'Test Cases/Regression BackOffice (All Browsers)/CLNK-23439 - Clink - Back office Client' successfully

2019-08-01 15:22:41 - [TEST_STEP][PASSED] - waitForPageLoad(60): Wait for page load successfully

2019-08-01 15:22:41 - [MESSAGE][PASSED] - Wait for page load successfully

2019-08-01 15:22:41 - [TEST_STEP][PASSED] - delay(3): Delayed 3 second(s)

2019-08-01 15:22:44 - [MESSAGE][PASSED] - Delayed 3 second(s)

2019-08-01 15:22:44 - [TEST_STEP][PASSED] - switchToFrame(findTestObject("Regression BackOffice/CLNK-23449/FrameLeft"), 30): null

2019-08-01 15:22:44 - [TEST_STEP][PASSED] - waitForElementPresent(findTestObject("Regression BackOffice/CLNK-23441/Caregiver  HRLink"), 100): Object 'Object Repository/Regression BackOffice/CLNK-23441/Caregiver  HRLink' is present

2019-08-01 15:22:44 - [MESSAGE][PASSED] - Object 'Object Repository/Regression BackOffice/CLNK-23441/Caregiver  HRLink' is present

2019-08-01 15:22:44 - [TEST_STEP][PASSED] - click(findTestObject("Regression BackOffice/CLNK-23441/Caregiver  HRLink")): Object: 'Object Repository/Regression BackOffice/CLNK-23441/Caregiver  HRLink' is clicked on

2019-08-01 15:22:44 - [MESSAGE][PASSED] - Object: 'Object Repository/Regression BackOffice/CLNK-23441/Caregiver  HRLink' is clicked on

2019-08-01 15:22:44 - [TEST_STEP][PASSED] - delay(2): Delayed 2 second(s)

2019-08-01 15:22:46 - [MESSAGE][PASSED] - Delayed 2 second(s)

2019-08-01 15:22:46 - [TEST_STEP][PASSED] - waitForPageLoad(50): Wait for page load successfully

2019-08-01 15:22:46 - [MESSAGE][PASSED] - Wait for page load successfully

2019-08-01 15:22:46 - [TEST_STEP][PASSED] - waitForElementPresent(findTestObject("Regression BackOffice/CLINK - 28718/Caregiver Search"), 100): Object 'Object Repository/Regression BackOffice/CLINK - 28718/Caregiver Search' is present

2019-08-01 15:22:46 - [MESSAGE][PASSED] - Object 'Object Repository/Regression BackOffice/CLINK - 28718/Caregiver Search' is present

2019-08-01 15:22:46 - [TEST_STEP][PASSED] - click(findTestObject("Regression BackOffice/CLINK - 28718/Caregiver Search")): Object: 'Object Repository/Regression BackOffice/CLINK - 28718/Caregiver Search' is clicked on

2019-08-01 15:22:47 - [MESSAGE][PASSED] - Object: 'Object Repository/Regression BackOffice/CLINK - 28718/Caregiver Search' is clicked on

2019-08-01 15:22:47 - [TEST_STEP][PASSED] - delay(2): Delayed 2 second(s)

2019-08-01 15:22:49 - [MESSAGE][PASSED] - Delayed 2 second(s)

2019-08-01 15:22:49 - [TEST_STEP][PASSED] - waitForPageLoad(60): Wait for page load successfully

2019-08-01 15:22:49 - [MESSAGE][PASSED] - Wait for page load successfully

2019-08-01 15:22:49 - [TEST_STEP][PASSED] - switchToDefaultContent(): null

2019-08-01 15:22:49 - [TEST_STEP][PASSED] - switchToFrame(findTestObject("Regression BackOffice/CLNK-23449/FrameMain"), 30): null

2019-08-01 15:22:49 - [TEST_STEP][PASSED] - waitForElementPresent(findTestObject("Regression BackOffice/CLINK - 28718/CaregiverFirst Name"), 50): Object 'Object Repository/Regression BackOffice/CLINK - 28718/CaregiverFirst Name' is present

2019-08-01 15:22:49 - [MESSAGE][PASSED] - Object 'Object Repository/Regression BackOffice/CLINK - 28718/CaregiverFirst Name' is present

2019-08-01 15:22:49 - [TEST_STEP][PASSED] - setText(findTestObject("Regression BackOffice/CLINK - 28718/CaregiverFirst Name"), "xxxxx"): Text 'xxxxx' is set on object 'Object Repository/Regression BackOffice/CLINK - 28718/CaregiverFirst Name'

2019-08-01 15:22:49 - [MESSAGE][PASSED] - Text 'xxxxx' is set on object 'Object Repository/Regression BackOffice/CLINK - 28718/CaregiverFirst Name'

2019-08-01 15:22:49 - [TEST_STEP][PASSED] - delay(2): Delayed 2 second(s)

2019-08-01 15:22:51 - [MESSAGE][PASSED] - Delayed 2 second(s)

2019-08-01 15:22:51 - [TEST_STEP][PASSED] - waitForElementPresent(findTestObject("Regression BackOffice/CLINK - 28718/CaregiverLast Name"), 50): Object 'Object Repository/Regression BackOffice/CLINK - 28718/CaregiverLast Name' is present

2019-08-01 15:22:51 - [MESSAGE][PASSED] - Object 'Object Repository/Regression BackOffice/CLINK - 28718/CaregiverLast Name' is present

2019-08-01 15:22:51 - [TEST_STEP][PASSED] - setText(findTestObject("Regression BackOffice/CLINK - 28718/CaregiverLast Name"), "xxxxx"): Text 'xxxxx' is set on object 'Object Repository/Regression BackOffice/CLINK - 28718/CaregiverLast Name'

2019-08-01 15:22:51 - [MESSAGE][PASSED] - Text 'xxxxx' is set on object 'Object Repository/Regression BackOffice/CLINK - 28718/CaregiverLast Name'

2019-08-01 15:22:51 - [TEST_STEP][PASSED] - delay(2): Delayed 2 second(s)

2019-08-01 15:22:53 - [MESSAGE][PASSED] - Delayed 2 second(s)

2019-08-01 15:22:53 - [TEST_STEP][PASSED] - waitForElementPresent(findTestObject("Regression BackOffice/CLINK - 28718/SSN"), 50): Object 'Object Repository/Regression BackOffice/CLINK - 28718/SSN' is present

2019-08-01 15:22:53 - [MESSAGE][PASSED] - Object 'Object Repository/Regression BackOffice/CLINK - 28718/SSN' is present

2019-08-01 15:22:53 - [TEST_STEP][PASSED] - setText(findTestObject("Regression BackOffice/CLINK - 28718/SSN"), "999999995"): Text '999999995' is set on object 'Object Repository/Regression BackOffice/CLINK - 28718/SSN'

2019-08-01 15:22:53 - [MESSAGE][PASSED] - Text '999999995' is set on object 'Object Repository/Regression BackOffice/CLINK - 28718/SSN'

2019-08-01 15:22:53 - [TEST_STEP][PASSED] - delay(2): Delayed 2 second(s)

2019-08-01 15:22:55 - [MESSAGE][PASSED] - Delayed 2 second(s)

2019-08-01 15:22:55 - [TEST_STEP][PASSED] - waitForElementPresent(findTestObject("Regression BackOffice/CLINK - 28718/CaregiverBttnSearch"), 100): Object 'Object Repository/Regression BackOffice/CLINK - 28718/CaregiverBttnSearch' is present

2019-08-01 15:22:55 - [MESSAGE][PASSED] - Object 'Object Repository/Regression BackOffice/CLINK - 28718/CaregiverBttnSearch' is present

2019-08-01 15:22:55 - [TEST_STEP][PASSED] - click(findTestObject("Regression BackOffice/CLINK - 28718/CaregiverBttnSearch")): Object: 'Object Repository/Regression BackOffice/CLINK - 28718/CaregiverBttnSearch' is clicked on

2019-08-01 15:22:56 - [MESSAGE][PASSED] - Object: 'Object Repository/Regression BackOffice/CLINK - 28718/CaregiverBttnSearch' is clicked on

2019-08-01 15:22:56 - [TEST_STEP][PASSED] - delay(2): Delayed 2 second(s)

2019-08-01 15:22:58 - [MESSAGE][PASSED] - Delayed 2 second(s)

2019-08-01 15:22:58 - [TEST_STEP][PASSED] - waitForElementPresent(findTestObject("Regression BackOffice/CLINK - 28718/Add a new Caregiver Link"), 100): Object 'Object Repository/Regression BackOffice/CLINK - 28718/Add a new Caregiver Link' is present

2019-08-01 15:22:58 - [MESSAGE][PASSED] - Object 'Object Repository/Regression BackOffice/CLINK - 28718/Add a new Caregiver Link' is present

2019-08-01 15:22:58 - [TEST_STEP][PASSED] - click(findTestObject("Regression BackOffice/CLINK - 28718/Add a new Caregiver Link")): Object: 'Object Repository/Regression BackOffice/CLINK - 28718/Add a new Caregiver Link' is clicked on

2019-08-01 15:23:01 - [MESSAGE][PASSED] - Object: 'Object Repository/Regression BackOffice/CLINK - 28718/Add a new Caregiver Link' is clicked on

2019-08-01 15:23:01 - [TEST_STEP][PASSED] - delay(2): Delayed 2 second(s)

2019-08-01 15:23:03 - [MESSAGE][PASSED] - Delayed 2 second(s)

2019-08-01 15:23:03 - [TEST_STEP][PASSED] - waitForPageLoad(50): Wait for page load successfully

2019-08-01 15:23:03 - [MESSAGE][PASSED] - Wait for page load successfully

2019-08-01 15:23:03 - [TEST_STEP][PASSED] - waitForElementPresent(findTestObject("Regression BackOffice/CLINK - 28718/General Information/CaregiverType"), 100): Object 'Object Repository/Regression BackOffice/CLINK - 28718/General Information/CaregiverType' is present

2019-08-01 15:23:03 - [MESSAGE][PASSED] - Object 'Object Repository/Regression BackOffice/CLINK - 28718/General Information/CaregiverType' is present

2019-08-01 15:23:03 - [TEST_STEP][PASSED] - click(findTestObject("Regression BackOffice/CLINK - 28718/General Information/CaregiverType")): Object: 'Object Repository/Regression BackOffice/CLINK - 28718/General Information/CaregiverType' is clicked on

2019-08-01 15:23:03 - [MESSAGE][PASSED] - Object: 'Object Repository/Regression BackOffice/CLINK - 28718/General Information/CaregiverType' is clicked on

2019-08-01 15:23:03 - [TEST_STEP][PASSED] - delay(2): Delayed 2 second(s)

2019-08-01 15:23:05 - [MESSAGE][PASSED] - Delayed 2 second(s)

2019-08-01 15:23:05 - [TEST_STEP][PASSED] - sendKeys(findTestObject("Regression BackOffice/CLINK - 28718/General Information/CaregiverType"), Keys.chord(ARROW_DOWN, ENTER)): Keys 'DOWN + ENTER + ' sent to object: 'Object Repository/Regression BackOffice/CLINK - 28718/General Information/CaregiverType'

2019-08-01 15:23:05 - [MESSAGE][PASSED] - Keys 'DOWN + ENTER + ' sent to object: 'Object Repository/Regression BackOffice/CLINK - 28718/General Information/CaregiverType'

2019-08-01 15:23:05 - [TEST_STEP][PASSED] - delay(2): Delayed 2 second(s)

2019-08-01 15:23:07 - [MESSAGE][PASSED] - Delayed 2 second(s)

2019-08-01 15:23:07 - [TEST_STEP][PASSED] - waitForElementPresent(findTestObject("Regression BackOffice/CLINK - 28718/General Information/LineOfBusiness"), 100): Object 'Object Repository/Regression BackOffice/CLINK - 28718/General Information/LineOfBusiness' is present

2019-08-01 15:23:07 - [MESSAGE][PASSED] - Object 'Object Repository/Regression BackOffice/CLINK - 28718/General Information/LineOfBusiness' is present

2019-08-01 15:23:07 - [TEST_STEP][PASSED] - click(findTestObject("Regression BackOffice/CLINK - 28718/General Information/LineOfBusiness")): Object: 'Object Repository/Regression BackOffice/CLINK - 28718/General Information/LineOfBusiness' is clicked on

2019-08-01 15:23:07 - [MESSAGE][PASSED] - Object: 'Object Repository/Regression BackOffice/CLINK - 28718/General Information/LineOfBusiness' is clicked on

2019-08-01 15:23:07 - [TEST_STEP][PASSED] - delay(2): Delayed 2 second(s)

2019-08-01 15:23:09 - [MESSAGE][PASSED] - Delayed 2 second(s)

2019-08-01 15:23:09 - [TEST_STEP][PASSED] - sendKeys(findTestObject("Regression BackOffice/CLINK - 28718/General Information/LineOfBusiness"), Keys.chord(ARROW_DOWN, ENTER)): Keys 'DOWN + ENTER + ' sent to object: 'Object Repository/Regression BackOffice/CLINK - 28718/General Information/LineOfBusiness'

2019-08-01 15:23:09 - [MESSAGE][PASSED] - Keys 'DOWN + ENTER + ' sent to object: 'Object Repository/Regression BackOffice/CLINK - 28718/General Information/LineOfBusiness'

2019-08-01 15:23:09 - [TEST_STEP][PASSED] - delay(2): Delayed 2 second(s)

2019-08-01 15:23:11 - [MESSAGE][PASSED] - Delayed 2 second(s)

2019-08-01 15:23:11 - [TEST_STEP][PASSED] - waitForElementPresent(findTestObject("Regression BackOffice/CLINK - 28718/General Information/First Name Caregiver"), 50): Object 'Object Repository/Regression BackOffice/CLINK - 28718/General Information/First Name Caregiver' is present

2019-08-01 15:23:11 - [MESSAGE][PASSED] - Object 'Object Repository/Regression BackOffice/CLINK - 28718/General Information/First Name Caregiver' is present

2019-08-01 15:23:11 - [TEST_STEP][PASSED] - setText(findTestObject("Regression BackOffice/CLINK - 28718/General Information/First Name Caregiver"), G_CaregiverFirstName): Text 'Fernando' is set on object 'Object Repository/Regression BackOffice/CLINK - 28718/General Information/First Name Caregiver'

2019-08-01 15:23:12 - [MESSAGE][PASSED] - Text 'Fernando' is set on object 'Object Repository/Regression BackOffice/CLINK - 28718/General Information/First Name Caregiver'

2019-08-01 15:23:12 - [TEST_STEP][PASSED] - delay(2): Delayed 2 second(s)

2019-08-01 15:23:14 - [MESSAGE][PASSED] - Delayed 2 second(s)

2019-08-01 15:23:14 - [TEST_STEP][PASSED] - waitForElementPresent(findTestObject("Regression BackOffice/CLINK - 28718/General Information/Last Name Caregiver"), 50): Object 'Object Repository/Regression BackOffice/CLINK - 28718/General Information/Last Name Caregiver' is present

2019-08-01 15:23:14 - [MESSAGE][PASSED] - Object 'Object Repository/Regression BackOffice/CLINK - 28718/General Information/Last Name Caregiver' is present

2019-08-01 15:23:14 - [TEST_STEP][PASSED] - setText(findTestObject("Regression BackOffice/CLINK - 28718/General Information/Last Name Caregiver"), G_CareGiverLastName): Text 'Ferrante' is set on object 'Object Repository/Regression BackOffice/CLINK - 28718/General Information/Last Name Caregiver'

2019-08-01 15:23:14 - [MESSAGE][PASSED] - Text 'Ferrante' is set on object 'Object Repository/Regression BackOffice/CLINK - 28718/General Information/Last Name Caregiver'

2019-08-01 15:23:14 - [TEST_STEP][PASSED] - delay(2): Delayed 2 second(s)

2019-08-01 15:23:16 - [MESSAGE][PASSED] - Delayed 2 second(s)

2019-08-01 15:23:16 - [TEST_STEP][PASSED] - waitForElementPresent(findTestObject("Regression BackOffice/CLINK - 28718/General Information/SSNCaregiver"), 50): Object 'Object Repository/Regression BackOffice/CLINK - 28718/General Information/SSNCaregiver' is present

2019-08-01 15:23:16 - [MESSAGE][PASSED] - Object 'Object Repository/Regression BackOffice/CLINK - 28718/General Information/SSNCaregiver' is present

2019-08-01 15:23:16 - [TEST_STEP][PASSED] - setText(findTestObject("Regression BackOffice/CLINK - 28718/General Information/SSNCaregiver"), G_CaregiverSSN): Text '535870106' is set on object 'Object Repository/Regression BackOffice/CLINK - 28718/General Information/SSNCaregiver'

2019-08-01 15:23:16 - [MESSAGE][PASSED] - Text '535870106' is set on object 'Object Repository/Regression BackOffice/CLINK - 28718/General Information/SSNCaregiver'

2019-08-01 15:23:16 - [TEST_STEP][PASSED] - delay(2): Delayed 2 second(s)

2019-08-01 15:23:18 - [MESSAGE][PASSED] - Delayed 2 second(s)

2019-08-01 15:23:18 - [TEST_STEP][PASSED] - setText(findTestObject("Regression BackOffice/CLINK - 28718/Address/Address"), "1628 NW 6 St"): Text '1628 NW 6 St' is set on object 'Object Repository/Regression BackOffice/CLINK - 28718/Address/Address'

2019-08-01 15:23:18 - [MESSAGE][PASSED] - Text '1628 NW 6 St' is set on object 'Object Repository/Regression BackOffice/CLINK - 28718/Address/Address'

2019-08-01 15:23:18 - [TEST_STEP][PASSED] - delay(3): Delayed 3 second(s)

2019-08-01 15:23:21 - [MESSAGE][PASSED] - Delayed 3 second(s)

2019-08-01 15:23:21 - [TEST_STEP][PASSED] - setText(findTestObject("Regression BackOffice/CLINK - 28718/Address/City"), "Miami"): Text 'Miami' is set on object 'Object Repository/Regression BackOffice/CLINK - 28718/Address/City'

2019-08-01 15:23:21 - [MESSAGE][PASSED] - Text 'Miami' is set on object 'Object Repository/Regression BackOffice/CLINK - 28718/Address/City'

2019-08-01 15:23:21 - [TEST_STEP][PASSED] - delay(3): Delayed 3 second(s)

2019-08-01 15:23:24 - [MESSAGE][PASSED] - Delayed 3 second(s)

2019-08-01 15:23:24 - [TEST_STEP][PASSED] - click(findTestObject("Regression BackOffice/CLINK - 28718/Address/State"), CONTINUE_ON_FAILURE): Object: 'Object Repository/Regression BackOffice/CLINK - 28718/Address/State' is clicked on

2019-08-01 15:23:25 - [MESSAGE][PASSED] - Object: 'Object Repository/Regression BackOffice/CLINK - 28718/Address/State' is clicked on

2019-08-01 15:23:25 - [TEST_STEP][PASSED] - sendKeys(findTestObject("Regression BackOffice/CLINK - 28718/Address/State"), "Florida"): Keys 'Florida' sent to object: 'Object Repository/Regression BackOffice/CLINK - 28718/Address/State'

2019-08-01 15:23:25 - [MESSAGE][PASSED] - Keys 'Florida' sent to object: 'Object Repository/Regression BackOffice/CLINK - 28718/Address/State'

2019-08-01 15:23:25 - [TEST_STEP][PASSED] - sendKeys(findTestObject("Regression BackOffice/CLINK - 28718/Address/State"), Keys.chord(ENTER)): Keys 'ENTER + ' sent to object: 'Object Repository/Regression BackOffice/CLINK - 28718/Address/State'

2019-08-01 15:23:25 - [MESSAGE][PASSED] - Keys 'ENTER + ' sent to object: 'Object Repository/Regression BackOffice/CLINK - 28718/Address/State'

2019-08-01 15:23:25 - [TEST_STEP][PASSED] - delay(5): Delayed 5 second(s)

2019-08-01 15:23:30 - [MESSAGE][PASSED] - Delayed 5 second(s)

2019-08-01 15:23:30 - [TEST_STEP][PASSED] - click(findTestObject("Regression BackOffice/CLINK - 28718/Address/BtnVerify"), CONTINUE_ON_FAILURE): Object: 'Object Repository/Regression BackOffice/CLINK - 28718/Address/BtnVerify' is clicked on

2019-08-01 15:23:30 - [MESSAGE][PASSED] - Object: 'Object Repository/Regression BackOffice/CLINK - 28718/Address/BtnVerify' is clicked on

2019-08-01 15:23:30 - [TEST_STEP][PASSED] - delay(5): Delayed 5 second(s)

2019-08-01 15:23:35 - [MESSAGE][PASSED] - Delayed 5 second(s)

2019-08-01 15:23:35 - [TEST_STEP][PASSED] - click(findTestObject("Regression BackOffice/CLINK - 28718/Address/ChkVerify"), CONTINUE_ON_FAILURE): Object: 'Object Repository/Regression BackOffice/CLINK - 28718/Address/ChkVerify' is clicked on

2019-08-01 15:23:35 - [MESSAGE][PASSED] - Object: 'Object Repository/Regression BackOffice/CLINK - 28718/Address/ChkVerify' is clicked on

2019-08-01 15:23:35 - [TEST_STEP][PASSED] - delay(3): Delayed 3 second(s)

2019-08-01 15:23:38 - [MESSAGE][PASSED] - Delayed 3 second(s)

2019-08-01 15:23:38 - [TEST_STEP][PASSED] - waitForElementPresent(findTestObject("Regression BackOffice/CLINK - 28718/Phone/Add New Phone Link"), 100): Object 'Object Repository/Regression BackOffice/CLINK - 28718/Phone/Add New Phone Link' is present

2019-08-01 15:23:38 - [MESSAGE][PASSED] - Object 'Object Repository/Regression BackOffice/CLINK - 28718/Phone/Add New Phone Link' is present

2019-08-01 15:23:38 - [TEST_STEP][PASSED] - click(findTestObject("Regression BackOffice/CLINK - 28718/Phone/Add New Phone Link")): Object: 'Object Repository/Regression BackOffice/CLINK - 28718/Phone/Add New Phone Link' is clicked on

2019-08-01 15:23:38 - [MESSAGE][PASSED] - Object: 'Object Repository/Regression BackOffice/CLINK - 28718/Phone/Add New Phone Link' is clicked on

2019-08-01 15:23:38 - [TEST_STEP][PASSED] - delay(2): Delayed 2 second(s)

2019-08-01 15:23:40 - [MESSAGE][PASSED] - Delayed 2 second(s)

2019-08-01 15:23:40 - [TEST_STEP][PASSED] - click(findTestObject("Regression BackOffice/CLINK - 28718/Phone/PhoneType"), CONTINUE_ON_FAILURE): Object: 'Object Repository/Regression BackOffice/CLINK - 28718/Phone/PhoneType' is clicked on

2019-08-01 15:23:40 - [MESSAGE][PASSED] - Object: 'Object Repository/Regression BackOffice/CLINK - 28718/Phone/PhoneType' is clicked on

2019-08-01 15:23:40 - [TEST_STEP][PASSED] - sendKeys(findTestObject("Regression BackOffice/CLINK - 28718/Phone/PhoneType"), Keys.chord(ARROW_DOWN, ENTER)): Keys 'DOWN + ENTER + ' sent to object: 'Object Repository/Regression BackOffice/CLINK - 28718/Phone/PhoneType'

2019-08-01 15:23:40 - [MESSAGE][PASSED] - Keys 'DOWN + ENTER + ' sent to object: 'Object Repository/Regression BackOffice/CLINK - 28718/Phone/PhoneType'

2019-08-01 15:23:40 - [TEST_STEP][PASSED] - delay(3): Delayed 3 second(s)

2019-08-01 15:23:43 - [MESSAGE][PASSED] - Delayed 3 second(s)

2019-08-01 15:23:43 - [TEST_STEP][PASSED] - setText(findTestObject("Regression BackOffice/CLINK - 28718/Phone/PhoneNumber"), "2345698789"): Text '2345698789' is set on object 'Object Repository/Regression BackOffice/CLINK - 28718/Phone/PhoneNumber'

2019-08-01 15:23:43 - [MESSAGE][PASSED] - Text '2345698789' is set on object 'Object Repository/Regression BackOffice/CLINK - 28718/Phone/PhoneNumber'

2019-08-01 15:23:43 - [TEST_STEP][PASSED] - delay(3): Delayed 3 second(s)

2019-08-01 15:23:46 - [MESSAGE][PASSED] - Delayed 3 second(s)

2019-08-01 15:23:46 - [TEST_STEP][PASSED] - waitForElementPresent(findTestObject("Regression BackOffice/CLINK - 28718/Phone/chkisprimary"), 100): Object 'Object Repository/Regression BackOffice/CLINK - 28718/Phone/chkisprimary' is present

2019-08-01 15:23:47 - [MESSAGE][PASSED] - Object 'Object Repository/Regression BackOffice/CLINK - 28718/Phone/chkisprimary' is present

2019-08-01 15:23:47 - [TEST_STEP][PASSED] - click(findTestObject("Regression BackOffice/CLINK - 28718/Phone/chkisprimary")): Object: 'Object Repository/Regression BackOffice/CLINK - 28718/Phone/chkisprimary' is clicked on

2019-08-01 15:23:47 - [MESSAGE][PASSED] - Object: 'Object Repository/Regression BackOffice/CLINK - 28718/Phone/chkisprimary' is clicked on

2019-08-01 15:23:47 - [TEST_STEP][PASSED] - delay(2): Delayed 2 second(s)

2019-08-01 15:23:49 - [MESSAGE][PASSED] - Delayed 2 second(s)

2019-08-01 15:23:49 - [TEST_STEP][PASSED] - waitForElementPresent(findTestObject("Regression BackOffice/CLINK - 28718/Phone/a_Add to List"), 100): Object 'Object Repository/Regression BackOffice/CLINK - 28718/Phone/a_Add to List' is present

2019-08-01 15:23:49 - [MESSAGE][PASSED] - Object 'Object Repository/Regression BackOffice/CLINK - 28718/Phone/a_Add to List' is present

2019-08-01 15:23:49 - [TEST_STEP][PASSED] - click(findTestObject("Regression BackOffice/CLINK - 28718/Phone/a_Add to List")): Object: 'Object Repository/Regression BackOffice/CLINK - 28718/Phone/a_Add to List' is clicked on

2019-08-01 15:23:49 - [MESSAGE][PASSED] - Object: 'Object Repository/Regression BackOffice/CLINK - 28718/Phone/a_Add to List' is clicked on

2019-08-01 15:23:49 - [TEST_STEP][PASSED] - delay(2): Delayed 2 second(s)

2019-08-01 15:23:51 - [MESSAGE][PASSED] - Delayed 2 second(s)

2019-08-01 15:23:51 - [TEST_STEP][PASSED] - scrollToElement(findTestObject("Regression BackOffice/CLINK - 28718/Discipline/Add Discipline"), 100): Scroll to object 'Object Repository/Regression BackOffice/CLINK - 28718/Discipline/Add Discipline' successfully

2019-08-01 15:23:51 - [MESSAGE][PASSED] - Scroll to object 'Object Repository/Regression BackOffice/CLINK - 28718/Discipline/Add Discipline' successfully

2019-08-01 15:23:51 - [TEST_STEP][PASSED] - click(findTestObject("Regression BackOffice/CLINK - 28718/Discipline/Add Discipline")): Object: 'Object Repository/Regression BackOffice/CLINK - 28718/Discipline/Add Discipline' is clicked on

2019-08-01 15:23:51 - [MESSAGE][PASSED] - Object: 'Object Repository/Regression BackOffice/CLINK - 28718/Discipline/Add Discipline' is clicked on

2019-08-01 15:23:51 - [TEST_STEP][PASSED] - delay(2): Delayed 2 second(s)

2019-08-01 15:23:53 - [MESSAGE][PASSED] - Delayed 2 second(s)

2019-08-01 15:23:53 - [TEST_STEP][PASSED] - click(findTestObject("Regression BackOffice/CLINK - 28718/Discipline/DisciplineType"), CONTINUE_ON_FAILURE): Object: 'Object Repository/Regression BackOffice/CLINK - 28718/Discipline/DisciplineType' is clicked on

2019-08-01 15:23:53 - [MESSAGE][PASSED] - Object: 'Object Repository/Regression BackOffice/CLINK - 28718/Discipline/DisciplineType' is clicked on

2019-08-01 15:23:53 - [TEST_STEP][PASSED] - sendKeys(findTestObject("Regression BackOffice/CLINK - 28718/Discipline/DisciplineType"), Keys.chord(ARROW_DOWN, ENTER)): Keys 'DOWN + ENTER + ' sent to object: 'Object Repository/Regression BackOffice/CLINK - 28718/Discipline/DisciplineType'

2019-08-01 15:23:53 - [MESSAGE][PASSED] - Keys 'DOWN + ENTER + ' sent to object: 'Object Repository/Regression BackOffice/CLINK - 28718/Discipline/DisciplineType'

2019-08-01 15:23:53 - [TEST_STEP][PASSED] - delay(3): Delayed 3 second(s)

2019-08-01 15:23:56 - [MESSAGE][PASSED] - Delayed 3 second(s)

2019-08-01 15:23:56 - [TEST_STEP][NOT_RUN] - click(findTestObject("Regression BackOffice/CLINK - 28718/Discipline/Begin Date")): NOT_RUN: click(findTestObject("Regression BackOffice/CLINK - 28718/Discipline/Begin Date"))

2019-08-01 15:23:56 - [MESSAGE][NOT_RUN] - NOT_RUN: click(findTestObject("Regression BackOffice/CLINK - 28718/Discipline/Begin Date"))

2019-08-01 15:23:56 - [TEST_STEP][PASSED] - sendKeys(findTestObject("Regression BackOffice/CLINK - 28718/Discipline/Begin Date"), "04/24/2019"): Keys '04/24/2019' sent to object: 'Object Repository/Regression BackOffice/CLINK - 28718/Discipline/Begin Date'

2019-08-01 15:23:56 - [MESSAGE][PASSED] - Keys '04/24/2019' sent to object: 'Object Repository/Regression BackOffice/CLINK - 28718/Discipline/Begin Date'

2019-08-01 15:23:56 - [TEST_STEP][PASSED] - delay(4): Delayed 4 second(s)

2019-08-01 15:24:00 - [MESSAGE][PASSED] - Delayed 4 second(s)

2019-08-01 15:24:00 - [TEST_STEP][NOT_RUN] - click(findTestObject("Regression BackOffice/CLINK - 28718/Discipline/Effective EndDate")): NOT_RUN: click(findTestObject("Regression BackOffice/CLINK - 28718/Discipline/Effective EndDate"))

2019-08-01 15:24:00 - [MESSAGE][NOT_RUN] - NOT_RUN: click(findTestObject("Regression BackOffice/CLINK - 28718/Discipline/Effective EndDate"))

2019-08-01 15:24:00 - [TEST_STEP][NOT_RUN] - sendKeys(findTestObject("Regression BackOffice/CLINK - 28718/Discipline/Effective EndDate"), getDate.DateUtilities.getDateMonthDayYearNumberwithSlash()): NOT_RUN: sendKeys(findTestObject("Regression BackOffice/CLINK - 28718/Discipline/Effective EndDate"), getDate.DateUtilities.getDateMonthDayYearNumberwithSlash())

2019-08-01 15:24:00 - [MESSAGE][NOT_RUN] - NOT_RUN: sendKeys(findTestObject("Regression BackOffice/CLINK - 28718/Discipline/Effective EndDate"), getDate.DateUtilities.getDateMonthDayYearNumberwithSlash())

2019-08-01 15:24:00 - [TEST_STEP][NOT_RUN] - delay(4): NOT_RUN: delay(4)

2019-08-01 15:24:00 - [MESSAGE][NOT_RUN] - NOT_RUN: delay(4)

2019-08-01 15:24:00 - [TEST_STEP][PASSED] - waitForElementPresent(findTestObject("Regression BackOffice/CLINK - 28718/Discipline/ChkPrimaryDiscipline"), 100): Object 'Object Repository/Regression BackOffice/CLINK - 28718/Discipline/ChkPrimaryDiscipline' is present

2019-08-01 15:24:00 - [MESSAGE][PASSED] - Object 'Object Repository/Regression BackOffice/CLINK - 28718/Discipline/ChkPrimaryDiscipline' is present

2019-08-01 15:24:00 - [TEST_STEP][PASSED] - click(findTestObject("Regression BackOffice/CLINK - 28718/Discipline/ChkPrimaryDiscipline")): Object: 'Object Repository/Regression BackOffice/CLINK - 28718/Discipline/ChkPrimaryDiscipline' is clicked on

2019-08-01 15:24:00 - [MESSAGE][PASSED] - Object: 'Object Repository/Regression BackOffice/CLINK - 28718/Discipline/ChkPrimaryDiscipline' is clicked on

2019-08-01 15:24:00 - [TEST_STEP][PASSED] - delay(2): Delayed 2 second(s)

2019-08-01 15:24:02 - [MESSAGE][PASSED] - Delayed 2 second(s)

2019-08-01 15:24:02 - [TEST_STEP][PASSED] - waitForElementPresent(findTestObject("Regression BackOffice/CLINK - 28718/Discipline/Add to List Discipline"), 100): Object 'Object Repository/Regression BackOffice/CLINK - 28718/Discipline/Add to List Discipline' is present

2019-08-01 15:24:02 - [MESSAGE][PASSED] - Object 'Object Repository/Regression BackOffice/CLINK - 28718/Discipline/Add to List Discipline' is present

2019-08-01 15:24:02 - [TEST_STEP][PASSED] - click(findTestObject("Regression BackOffice/CLINK - 28718/Discipline/Add to List Discipline")): Object: 'Object Repository/Regression BackOffice/CLINK - 28718/Discipline/Add to List Discipline' is clicked on

2019-08-01 15:24:03 - [MESSAGE][PASSED] - Object: 'Object Repository/Regression BackOffice/CLINK - 28718/Discipline/Add to List Discipline' is clicked on

2019-08-01 15:24:03 - [TEST_STEP][PASSED] - delay(2): Delayed 2 second(s)

2019-08-01 15:24:05 - [MESSAGE][PASSED] - Delayed 2 second(s)

2019-08-01 15:24:05 - [TEST_STEP][PASSED] - acceptAlert(): Alert accepted

2019-08-01 15:24:05 - [MESSAGE][PASSED] - Alert accepted

2019-08-01 15:24:05 - [TEST_STEP][PASSED] - delay(2): Delayed 2 second(s)

2019-08-01 15:24:07 - [MESSAGE][PASSED] - Delayed 2 second(s)

2019-08-01 15:24:07 - [TEST_STEP][PASSED] - switchToDefaultContent(): null

2019-08-01 15:24:07 - [TEST_STEP][PASSED] - switchToFrame(findTestObject("Regression BackOffice/CLINK - 28718/BannerFrame"), 50): null

2019-08-01 15:24:07 - [TEST_STEP][PASSED] - waitForElementPresent(findTestObject("Regression BackOffice/CLINK - 28718/bttnSave"), 50): Object 'Object Repository/Regression BackOffice/CLINK - 28718/bttnSave' is present

2019-08-01 15:24:07 - [MESSAGE][PASSED] - Object 'Object Repository/Regression BackOffice/CLINK - 28718/bttnSave' is present

2019-08-01 15:24:07 - [TEST_STEP][PASSED] - click(findTestObject("Regression BackOffice/CLINK - 28718/bttnSave")): Object: 'Object Repository/Regression BackOffice/CLINK - 28718/bttnSave' is clicked on

2019-08-01 15:24:07 - [MESSAGE][PASSED] - Object: 'Object Repository/Regression BackOffice/CLINK - 28718/bttnSave' is clicked on

2019-08-01 15:24:07 - [TEST_STEP][PASSED] - delay(3): Delayed 3 second(s)

2019-08-01 15:24:10 - [MESSAGE][PASSED] - Delayed 3 second(s)

2019-08-01 15:24:10 - [TEST_STEP][PASSED] - switchToDefaultContent(): null

2019-08-01 15:24:10 - [TEST_STEP][PASSED] - switchToFrame(findTestObject("Regression BackOffice/CLNK-23449/FrameMain"), 30): null

2019-08-01 15:24:10 - [TEST_STEP][PASSED] - click(findTestObject("Regression BackOffice/CLINK - 28718/Date Of Birth"), CONTINUE_ON_FAILURE): Object: 'Object Repository/Regression BackOffice/CLINK - 28718/Date Of Birth' is clicked on

2019-08-01 15:24:10 - [MESSAGE][PASSED] - Object: 'Object Repository/Regression BackOffice/CLINK - 28718/Date Of Birth' is clicked on

2019-08-01 15:24:10 - [TEST_STEP][PASSED] - sendKeys(findTestObject("Regression BackOffice/CLINK - 28718/Date Of Birth"), "05/23/1970"): Keys '05/23/1970' sent to object: 'Object Repository/Regression BackOffice/CLINK - 28718/Date Of Birth'

2019-08-01 15:24:10 - [MESSAGE][PASSED] - Keys '05/23/1970' sent to object: 'Object Repository/Regression BackOffice/CLINK - 28718/Date Of Birth'

2019-08-01 15:24:10 - [TEST_STEP][PASSED] - delay(3): Delayed 3 second(s)

2019-08-01 15:24:13 - [MESSAGE][PASSED] - Delayed 3 second(s)

2019-08-01 15:24:13 - [TEST_STEP][PASSED] - waitForElementPresent(findTestObject("Regression BackOffice/CLINK - 28718/u_Continue"), 100): Object 'Object Repository/Regression BackOffice/CLINK - 28718/u_Continue' is present

2019-08-01 15:24:13 - [MESSAGE][PASSED] - Object 'Object Repository/Regression BackOffice/CLINK - 28718/u_Continue' is present

2019-08-01 15:24:13 - [TEST_STEP][PASSED] - click(findTestObject("Regression BackOffice/CLINK - 28718/u_Continue")): Object: 'Object Repository/Regression BackOffice/CLINK - 28718/u_Continue' is clicked on

2019-08-01 15:24:19 - [MESSAGE][PASSED] - Object: 'Object Repository/Regression BackOffice/CLINK - 28718/u_Continue' is clicked on

2019-08-01 15:24:19 - [TEST_STEP][PASSED] - delay(5): Delayed 5 second(s)

2019-08-01 15:24:24 - [MESSAGE][PASSED] - Delayed 5 second(s)

2019-08-01 15:24:24 - [TEST_STEP][PASSED] - waitForPageLoad(50): Wait for page load successfully

2019-08-01 15:24:24 - [MESSAGE][PASSED] - Wait for page load successfully

2019-08-01 15:24:24 - [TEST_STEP][PASSED] - switchToDefaultContent(): null

2019-08-01 15:24:24 - [TEST_STEP][PASSED] - switchToFrame(findTestObject("Regression BackOffice/CLNK-23449/FrameLeft"), 30): null

2019-08-01 15:24:24 - [TEST_STEP][PASSED] - delay(10): Delayed 10 second(s)

2019-08-01 15:24:34 - [MESSAGE][PASSED] - Delayed 10 second(s)

2019-08-01 15:24:34 - [TEST_STEP][PASSED] - waitForElementPresent(findTestObject("Regression BackOffice/CLINK - 28718/Race and Sex/Caregiver HR Details"), 100): Object 'Object Repository/Regression BackOffice/CLINK - 28718/Race and Sex/Caregiver HR Details' is present

2019-08-01 15:24:34 - [MESSAGE][PASSED] - Object 'Object Repository/Regression BackOffice/CLINK - 28718/Race and Sex/Caregiver HR Details' is present

2019-08-01 15:24:34 - [TEST_STEP][PASSED] - click(findTestObject("Regression BackOffice/CLINK - 28718/Race and Sex/Caregiver HR Details")): Object: 'Object Repository/Regression BackOffice/CLINK - 28718/Race and Sex/Caregiver HR Details' is clicked on

2019-08-01 15:24:34 - [MESSAGE][PASSED] - Object: 'Object Repository/Regression BackOffice/CLINK - 28718/Race and Sex/Caregiver HR Details' is clicked on

2019-08-01 15:24:34 - [TEST_STEP][PASSED] - delay(5): Delayed 5 second(s)

2019-08-01 15:24:39 - [MESSAGE][PASSED] - Delayed 5 second(s)

2019-08-01 15:24:39 - [TEST_STEP][PASSED] - acceptAlert(): Alert accepted

2019-08-01 15:24:39 - [MESSAGE][PASSED] - Alert accepted

2019-08-01 15:24:39 - [TEST_STEP][PASSED] - switchToDefaultContent(): null

2019-08-01 15:24:40 - [TEST_STEP][PASSED] - switchToFrame(findTestObject("Regression BackOffice/CLNK-23449/FrameMain"), 30): null

2019-08-01 15:24:40 - [TEST_STEP][PASSED] - delay(2): Delayed 2 second(s)

2019-08-01 15:24:42 - [MESSAGE][PASSED] - Delayed 2 second(s)

2019-08-01 15:24:42 - [TEST_STEP][NOT_RUN] - waitForElementPresent(findTestObject("Regression BackOffice/CLINK - 28718/General Information/First Name Caregiver"), 50): NOT_RUN: waitForElementPresent(findTestObject("Regression BackOffice/CLINK - 28718/General Information/First Name Caregiver"), 50)

2019-08-01 15:24:42 - [MESSAGE][NOT_RUN] - NOT_RUN: waitForElementPresent(findTestObject("Regression BackOffice/CLINK - 28718/General Information/First Name Caregiver"), 50)

2019-08-01 15:24:42 - [TEST_STEP][NOT_RUN] - setText(findTestObject("Regression BackOffice/CLINK - 28718/General Information/First Name Caregiver"), G_CaregiverFirstName): NOT_RUN: setText(findTestObject("Regression BackOffice/CLINK - 28718/General Information/First Name Caregiver"), G_CaregiverFirstName)

2019-08-01 15:24:42 - [MESSAGE][NOT_RUN] - NOT_RUN: setText(findTestObject("Regression BackOffice/CLINK - 28718/General Information/First Name Caregiver"), G_CaregiverFirstName)

2019-08-01 15:24:42 - [TEST_STEP][NOT_RUN] - delay(4): NOT_RUN: delay(4)

2019-08-01 15:24:42 - [MESSAGE][NOT_RUN] - NOT_RUN: delay(4)

2019-08-01 15:24:42 - [TEST_STEP][NOT_RUN] - waitForElementPresent(findTestObject("Regression BackOffice/CLINK - 28718/General Information/Last Name Caregiver"), 50): NOT_RUN: waitForElementPresent(findTestObject("Regression BackOffice/CLINK - 28718/General Information/Last Name Caregiver"), 50)

2019-08-01 15:24:42 - [MESSAGE][NOT_RUN] - NOT_RUN: waitForElementPresent(findTestObject("Regression BackOffice/CLINK - 28718/General Information/Last Name Caregiver"), 50)

2019-08-01 15:24:42 - [TEST_STEP][NOT_RUN] - setText(findTestObject("Regression BackOffice/CLINK - 28718/General Information/Last Name Caregiver"), G_CareGiverLastName): NOT_RUN: setText(findTestObject("Regression BackOffice/CLINK - 28718/General Information/Last Name Caregiver"), G_CareGiverLastName)

2019-08-01 15:24:42 - [MESSAGE][NOT_RUN] - NOT_RUN: setText(findTestObject("Regression BackOffice/CLINK - 28718/General Information/Last Name Caregiver"), G_CareGiverLastName)

2019-08-01 15:24:42 - [TEST_STEP][NOT_RUN] - delay(2): NOT_RUN: delay(2)

2019-08-01 15:24:42 - [MESSAGE][NOT_RUN] - NOT_RUN: delay(2)

2019-08-01 15:24:42 - [TEST_STEP][NOT_RUN] - waitForElementPresent(findTestObject("Regression BackOffice/CLINK - 28718/CaregiverBttnSearch"), 100): NOT_RUN: waitForElementPresent(findTestObject("Regression BackOffice/CLINK - 28718/CaregiverBttnSearch"), 100)

2019-08-01 15:24:42 - [MESSAGE][NOT_RUN] - NOT_RUN: waitForElementPresent(findTestObject("Regression BackOffice/CLINK - 28718/CaregiverBttnSearch"), 100)

2019-08-01 15:24:42 - [TEST_STEP][NOT_RUN] - click(findTestObject("Regression BackOffice/CLINK - 28718/CaregiverBttnSearch")): NOT_RUN: click(findTestObject("Regression BackOffice/CLINK - 28718/CaregiverBttnSearch"))

2019-08-01 15:24:42 - [MESSAGE][NOT_RUN] - NOT_RUN: click(findTestObject("Regression BackOffice/CLINK - 28718/CaregiverBttnSearch"))

2019-08-01 15:24:42 - [TEST_STEP][NOT_RUN] - delay(5): NOT_RUN: delay(5)

2019-08-01 15:24:42 - [MESSAGE][NOT_RUN] - NOT_RUN: delay(5)

2019-08-01 15:24:42 - [TEST_STEP][NOT_RUN] - waitForElementPresent(findTestObject("Regression BackOffice/CLINK - 28718/CaregiverLink"), 100): NOT_RUN: waitForElementPresent(findTestObject("Regression BackOffice/CLINK - 28718/CaregiverLink"), 100)

2019-08-01 15:24:42 - [MESSAGE][NOT_RUN] - NOT_RUN: waitForElementPresent(findTestObject("Regression BackOffice/CLINK - 28718/CaregiverLink"), 100)

2019-08-01 15:24:42 - [TEST_STEP][NOT_RUN] - click(findTestObject("Regression BackOffice/CLINK - 28718/CaregiverLink")): NOT_RUN: click(findTestObject("Regression BackOffice/CLINK - 28718/CaregiverLink"))

2019-08-01 15:24:42 - [MESSAGE][NOT_RUN] - NOT_RUN: click(findTestObject("Regression BackOffice/CLINK - 28718/CaregiverLink"))

2019-08-01 15:24:42 - [TEST_STEP][NOT_RUN] - delay(5): NOT_RUN: delay(5)

2019-08-01 15:24:42 - [MESSAGE][NOT_RUN] - NOT_RUN: delay(5)

2019-08-01 15:24:42 - [TEST_STEP][PASSED] - scrollToElement(findTestObject("Regression BackOffice/CLINK - 28718/Race and Sex/ChkSameAddress"), 100): Scroll to object 'Object Repository/Regression BackOffice/CLINK - 28718/Race and Sex/ChkSameAddress' successfully

2019-08-01 15:24:42 - [MESSAGE][PASSED] - Scroll to object 'Object Repository/Regression BackOffice/CLINK - 28718/Race and Sex/ChkSameAddress' successfully

2019-08-01 15:24:42 - [TEST_STEP][PASSED] - click(findTestObject("Regression BackOffice/CLINK - 28718/Race and Sex/ChkSameAddress")): Object: 'Object Repository/Regression BackOffice/CLINK - 28718/Race and Sex/ChkSameAddress' is clicked on

2019-08-01 15:24:42 - [MESSAGE][PASSED] - Object: 'Object Repository/Regression BackOffice/CLINK - 28718/Race and Sex/ChkSameAddress' is clicked on

2019-08-01 15:24:42 - [TEST_STEP][PASSED] - delay(5): Delayed 5 second(s)

2019-08-01 15:24:47 - [MESSAGE][PASSED] - Delayed 5 second(s)

2019-08-01 15:24:47 - [TEST_STEP][PASSED] - click(findTestObject("Regression BackOffice/CLINK - 28718/Race and Sex/RaceType"), CONTINUE_ON_FAILURE): Object: 'Object Repository/Regression BackOffice/CLINK - 28718/Race and Sex/RaceType' is clicked on

2019-08-01 15:24:47 - [MESSAGE][PASSED] - Object: 'Object Repository/Regression BackOffice/CLINK - 28718/Race and Sex/RaceType' is clicked on

2019-08-01 15:24:47 - [TEST_STEP][PASSED] - sendKeys(findTestObject("Regression BackOffice/CLINK - 28718/Race and Sex/RaceType"), Keys.chord(ARROW_UP, ARROW_UP, ENTER)): Keys 'UP + UP + ENTER + ' sent to object: 'Object Repository/Regression BackOffice/CLINK - 28718/Race and Sex/RaceType'

2019-08-01 15:24:47 - [MESSAGE][PASSED] - Keys 'UP + UP + ENTER + ' sent to object: 'Object Repository/Regression BackOffice/CLINK - 28718/Race and Sex/RaceType'

2019-08-01 15:24:47 - [TEST_STEP][PASSED] - delay(3): Delayed 3 second(s)

2019-08-01 15:24:50 - [MESSAGE][PASSED] - Delayed 3 second(s)

2019-08-01 15:24:50 - [TEST_STEP][PASSED] - waitForElementPresent(findTestObject("Regression BackOffice/CLINK - 28718/Race and Sex/SexType"), 50): Object 'Object Repository/Regression BackOffice/CLINK - 28718/Race and Sex/SexType' is present

2019-08-01 15:24:50 - [MESSAGE][PASSED] - Object 'Object Repository/Regression BackOffice/CLINK - 28718/Race and Sex/SexType' is present

2019-08-01 15:24:50 - [TEST_STEP][PASSED] - click(findTestObject("Regression BackOffice/CLINK - 28718/Race and Sex/SexType"), CONTINUE_ON_FAILURE): Object: 'Object Repository/Regression BackOffice/CLINK - 28718/Race and Sex/SexType' is clicked on

2019-08-01 15:24:50 - [MESSAGE][PASSED] - Object: 'Object Repository/Regression BackOffice/CLINK - 28718/Race and Sex/SexType' is clicked on

2019-08-01 15:24:50 - [TEST_STEP][PASSED] - delay(3): Delayed 3 second(s)

2019-08-01 15:24:53 - [MESSAGE][PASSED] - Delayed 3 second(s)

2019-08-01 15:24:53 - [TEST_STEP][PASSED] - click(findTestObject("Regression BackOffice/CLINK - 28718/Race and Sex/Date Of Hire"), CONTINUE_ON_FAILURE): Object: 'Object Repository/Regression BackOffice/CLINK - 28718/Race and Sex/Date Of Hire' is clicked on

2019-08-01 15:24:54 - [MESSAGE][PASSED] - Object: 'Object Repository/Regression BackOffice/CLINK - 28718/Race and Sex/Date Of Hire' is clicked on

2019-08-01 15:24:54 - [TEST_STEP][PASSED] - sendKeys(findTestObject("Regression BackOffice/CLINK - 28718/Race and Sex/Date Of Hire"), "04/24/2019"): Keys '04/24/2019' sent to object: 'Object Repository/Regression BackOffice/CLINK - 28718/Race and Sex/Date Of Hire'

2019-08-01 15:24:54 - [MESSAGE][PASSED] - Keys '04/24/2019' sent to object: 'Object Repository/Regression BackOffice/CLINK - 28718/Race and Sex/Date Of Hire'

2019-08-01 15:24:54 - [TEST_STEP][PASSED] - delay(3): Delayed 3 second(s)

2019-08-01 15:24:57 - [MESSAGE][PASSED] - Delayed 3 second(s)

2019-08-01 15:24:57 - [TEST_STEP][PASSED] - switchToDefaultContent(): null

2019-08-01 15:24:57 - [TEST_STEP][PASSED] - switchToFrame(findTestObject("Regression BackOffice/CLINK - 28718/BannerFrame"), 50): null

2019-08-01 15:24:57 - [TEST_STEP][PASSED] - waitForElementPresent(findTestObject("Regression BackOffice/CLINK - 28718/bttnSaveII"), 50): Object 'Object Repository/Regression BackOffice/CLINK - 28718/bttnSaveII' is present

2019-08-01 15:24:57 - [MESSAGE][PASSED] - Object 'Object Repository/Regression BackOffice/CLINK - 28718/bttnSaveII' is present

2019-08-01 15:24:57 - [TEST_STEP][PASSED] - click(findTestObject("Regression BackOffice/CLINK - 28718/bttnSaveII")): Object: 'Object Repository/Regression BackOffice/CLINK - 28718/bttnSaveII' is clicked on

2019-08-01 15:24:58 - [MESSAGE][PASSED] - Object: 'Object Repository/Regression BackOffice/CLINK - 28718/bttnSaveII' is clicked on

2019-08-01 15:24:58 - [TEST_STEP][PASSED] - delay(3): Delayed 3 second(s)

2019-08-01 15:25:01 - [MESSAGE][PASSED] - Delayed 3 second(s)

2019-08-01 15:25:01 - [TEST_STEP][PASSED] - switchToDefaultContent(): null

2019-08-01 15:25:01 - [TEST_STEP][PASSED] - switchToFrame(findTestObject("Regression BackOffice/CLNK-23449/FrameLeft"), 30): null

2019-08-01 15:25:01 - [TEST_STEP][PASSED] - waitForElementPresent(findTestObject("Regression BackOffice/CLINK - 28718/Locations/Caregiver Locations"), 100): Object 'Object Repository/Regression BackOffice/CLINK - 28718/Locations/Caregiver Locations' is present

2019-08-01 15:25:01 - [MESSAGE][PASSED] - Object 'Object Repository/Regression BackOffice/CLINK - 28718/Locations/Caregiver Locations' is present

2019-08-01 15:25:01 - [TEST_STEP][PASSED] - click(findTestObject("Regression BackOffice/CLINK - 28718/Locations/Caregiver Locations")): Object: 'Object Repository/Regression BackOffice/CLINK - 28718/Locations/Caregiver Locations' is clicked on

2019-08-01 15:25:02 - [MESSAGE][PASSED] - Object: 'Object Repository/Regression BackOffice/CLINK - 28718/Locations/Caregiver Locations' is clicked on

2019-08-01 15:25:02 - [TEST_STEP][PASSED] - delay(2): Delayed 2 second(s)

2019-08-01 15:25:04 - [MESSAGE][PASSED] - Delayed 2 second(s)

2019-08-01 15:25:04 - [TEST_STEP][PASSED] - switchToDefaultContent(): null

2019-08-01 15:25:04 - [TEST_STEP][PASSED] - switchToFrame(findTestObject("Regression BackOffice/CLNK-23449/FrameMain"), 30): null

2019-08-01 15:25:04 - [TEST_STEP][PASSED] - delay(5): Delayed 5 second(s)

2019-08-01 15:25:09 - [MESSAGE][PASSED] - Delayed 5 second(s)

2019-08-01 15:25:09 - [TEST_STEP][PASSED] - waitForElementPresent(findTestObject("Regression BackOffice/CLINK - 28718/Locations/Add New Caregiver Location"), 100): Object 'Object Repository/Regression BackOffice/CLINK - 28718/Locations/Add New Caregiver Location' is present

2019-08-01 15:25:09 - [MESSAGE][PASSED] - Object 'Object Repository/Regression BackOffice/CLINK - 28718/Locations/Add New Caregiver Location' is present

2019-08-01 15:25:09 - [TEST_STEP][PASSED] - click(findTestObject("Regression BackOffice/CLINK - 28718/Locations/Add New Caregiver Location")): Object: 'Object Repository/Regression BackOffice/CLINK - 28718/Locations/Add New Caregiver Location' is clicked on

2019-08-01 15:25:09 - [MESSAGE][PASSED] - Object: 'Object Repository/Regression BackOffice/CLINK - 28718/Locations/Add New Caregiver Location' is clicked on

2019-08-01 15:25:09 - [TEST_STEP][PASSED] - delay(5): Delayed 5 second(s)

2019-08-01 15:25:14 - [MESSAGE][PASSED] - Delayed 5 second(s)

2019-08-01 15:25:14 - [TEST_STEP][PASSED] - waitForElementPresent(findTestObject("Regression BackOffice/CLINK - 28718/Locations/ZoneNameType"), 100): Object 'Object Repository/Regression BackOffice/CLINK - 28718/Locations/ZoneNameType' is present

2019-08-01 15:25:15 - [MESSAGE][PASSED] - Object 'Object Repository/Regression BackOffice/CLINK - 28718/Locations/ZoneNameType' is present

2019-08-01 15:25:15 - [TEST_STEP][PASSED] - click(findTestObject("Regression BackOffice/CLINK - 28718/Locations/ZoneNameType")): Object: 'Object Repository/Regression BackOffice/CLINK - 28718/Locations/ZoneNameType' is clicked on

2019-08-01 15:25:15 - [MESSAGE][PASSED] - Object: 'Object Repository/Regression BackOffice/CLINK - 28718/Locations/ZoneNameType' is clicked on

2019-08-01 15:25:15 - [TEST_STEP][PASSED] - delay(3): Delayed 3 second(s)

2019-08-01 15:25:18 - [MESSAGE][PASSED] - Delayed 3 second(s)

2019-08-01 15:25:18 - [TEST_STEP][PASSED] - sendKeys(findTestObject("Regression BackOffice/CLINK - 28718/Locations/ZoneNameType"), Keys.chord(ARROW_DOWN, ARROW_DOWN, ENTER)): Keys 'DOWN + DOWN + ENTER + ' sent to object: 'Object Repository/Regression BackOffice/CLINK - 28718/Locations/ZoneNameType'

2019-08-01 15:25:18 - [MESSAGE][PASSED] - Keys 'DOWN + DOWN + ENTER + ' sent to object: 'Object Repository/Regression BackOffice/CLINK - 28718/Locations/ZoneNameType'

2019-08-01 15:25:18 - [TEST_STEP][PASSED] - delay(5): Delayed 5 second(s)

2019-08-01 15:25:23 - [MESSAGE][PASSED] - Delayed 5 second(s)

2019-08-01 15:25:23 - [TEST_STEP][PASSED] - waitForElementPresent(findTestObject("Regression BackOffice/CLINK - 28718/Locations/City"), 100): Object 'Object Repository/Regression BackOffice/CLINK - 28718/Locations/City' is present

2019-08-01 15:25:23 - [MESSAGE][PASSED] - Object 'Object Repository/Regression BackOffice/CLINK - 28718/Locations/City' is present

2019-08-01 15:25:23 - [TEST_STEP][PASSED] - click(findTestObject("Regression BackOffice/CLINK - 28718/Locations/City")): Object: 'Object Repository/Regression BackOffice/CLINK - 28718/Locations/City' is clicked on

2019-08-01 15:25:23 - [MESSAGE][PASSED] - Object: 'Object Repository/Regression BackOffice/CLINK - 28718/Locations/City' is clicked on

2019-08-01 15:25:23 - [TEST_STEP][PASSED] - delay(5): Delayed 5 second(s)

2019-08-01 15:25:28 - [MESSAGE][PASSED] - Delayed 5 second(s)

2019-08-01 15:25:28 - [TEST_STEP][PASSED] - waitForElementPresent(findTestObject("Regression BackOffice/CLINK - 28718/Locations/a_Add To List"), 100): Object 'Object Repository/Regression BackOffice/CLINK - 28718/Locations/a_Add To List' is present

2019-08-01 15:25:28 - [MESSAGE][PASSED] - Object 'Object Repository/Regression BackOffice/CLINK - 28718/Locations/a_Add To List' is present

2019-08-01 15:25:28 - [TEST_STEP][PASSED] - click(findTestObject("Regression BackOffice/CLINK - 28718/Locations/a_Add To List")): Object: 'Object Repository/Regression BackOffice/CLINK - 28718/Locations/a_Add To List' is clicked on

2019-08-01 15:25:28 - [MESSAGE][PASSED] - Object: 'Object Repository/Regression BackOffice/CLINK - 28718/Locations/a_Add To List' is clicked on

2019-08-01 15:25:28 - [TEST_STEP][PASSED] - delay(5): Delayed 5 second(s)

2019-08-01 15:25:33 - [MESSAGE][PASSED] - Delayed 5 second(s)

2019-08-01 15:25:33 - [TEST_STEP][PASSED] - switchToDefaultContent(): null

2019-08-01 15:25:33 - [TEST_STEP][PASSED] - switchToFrame(findTestObject("Regression BackOffice/CLINK - 28718/BannerFrame"), 50): null

2019-08-01 15:25:33 - [TEST_STEP][PASSED] - waitForElementPresent(findTestObject("Regression BackOffice/CLINK - 28718/Locations/_bttnSaveLocations"), 50): Object 'Object Repository/Regression BackOffice/CLINK - 28718/Locations/_bttnSaveLocations' is present

2019-08-01 15:25:33 - [MESSAGE][PASSED] - Object 'Object Repository/Regression BackOffice/CLINK - 28718/Locations/_bttnSaveLocations' is present

2019-08-01 15:25:33 - [TEST_STEP][PASSED] - click(findTestObject("Regression BackOffice/CLINK - 28718/Locations/_bttnSaveLocations")): Object: 'Object Repository/Regression BackOffice/CLINK - 28718/Locations/_bttnSaveLocations' is clicked on

2019-08-01 15:25:35 - [MESSAGE][PASSED] - Object: 'Object Repository/Regression BackOffice/CLINK - 28718/Locations/_bttnSaveLocations' is clicked on

2019-08-01 15:25:35 - [TEST_STEP][PASSED] - delay(3): Delayed 3 second(s)

2019-08-01 15:25:38 - [MESSAGE][PASSED] - Delayed 3 second(s)

2019-08-01 15:25:38 - [TEST_STEP][PASSED] - switchToDefaultContent(): null

2019-08-01 15:25:38 - [TEST_STEP][PASSED] - switchToFrame(findTestObject("Regression BackOffice/CLNK-23449/FrameLeft"), 30): null

2019-08-01 15:25:38 - [TEST_STEP][PASSED] - waitForElementPresent(findTestObject("Regression BackOffice/CLINK - 28718/License/Caregiver Attributes"), 100): Object 'Object Repository/Regression BackOffice/CLINK - 28718/License/Caregiver Attributes' is present

2019-08-01 15:25:38 - [MESSAGE][PASSED] - Object 'Object Repository/Regression BackOffice/CLINK - 28718/License/Caregiver Attributes' is present

2019-08-01 15:25:38 - [TEST_STEP][PASSED] - click(findTestObject("Regression BackOffice/CLINK - 28718/License/Caregiver Attributes")): Object: 'Object Repository/Regression BackOffice/CLINK - 28718/License/Caregiver Attributes' is clicked on

2019-08-01 15:25:39 - [MESSAGE][PASSED] - Object: 'Object Repository/Regression BackOffice/CLINK - 28718/License/Caregiver Attributes' is clicked on

2019-08-01 15:25:39 - [TEST_STEP][PASSED] - delay(2): Delayed 2 second(s)

2019-08-01 15:25:41 - [MESSAGE][PASSED] - Delayed 2 second(s)

2019-08-01 15:25:41 - [TEST_STEP][PASSED] - switchToDefaultContent(): null

2019-08-01 15:25:41 - [TEST_STEP][PASSED] - switchToFrame(findTestObject("Regression BackOffice/CLNK-23449/FrameMain"), 30): null

2019-08-01 15:25:41 - [TEST_STEP][PASSED] - delay(5): Delayed 5 second(s)

2019-08-01 15:25:46 - [MESSAGE][PASSED] - Delayed 5 second(s)

2019-08-01 15:25:46 - [TEST_STEP][PASSED] - waitForElementPresent(findTestObject("Regression BackOffice/CLINK - 28718/License/EditAttrbiute"), 100): Object 'Object Repository/Regression BackOffice/CLINK - 28718/License/EditAttrbiute' is present

2019-08-01 15:25:46 - [MESSAGE][PASSED] - Object 'Object Repository/Regression BackOffice/CLINK - 28718/License/EditAttrbiute' is present

2019-08-01 15:25:46 - [TEST_STEP][PASSED] - click(findTestObject("Regression BackOffice/CLINK - 28718/License/EditAttrbiute")): Object: 'Object Repository/Regression BackOffice/CLINK - 28718/License/EditAttrbiute' is clicked on

2019-08-01 15:25:46 - [MESSAGE][PASSED] - Object: 'Object Repository/Regression BackOffice/CLINK - 28718/License/EditAttrbiute' is clicked on

2019-08-01 15:25:46 - [TEST_STEP][PASSED] - delay(5): Delayed 5 second(s)

2019-08-01 15:25:51 - [MESSAGE][PASSED] - Delayed 5 second(s)

2019-08-01 15:25:51 - [TEST_STEP][PASSED] - click(findTestObject("Regression BackOffice/CLINK - 28718/License/LicenseNro"), CONTINUE_ON_FAILURE): Object: 'Object Repository/Regression BackOffice/CLINK - 28718/License/LicenseNro' is clicked on

2019-08-01 15:25:52 - [MESSAGE][PASSED] - Object: 'Object Repository/Regression BackOffice/CLINK - 28718/License/LicenseNro' is clicked on

2019-08-01 15:25:52 - [TEST_STEP][PASSED] - sendKeys(findTestObject("Regression BackOffice/CLINK - 28718/License/LicenseNro"), "12"): Keys '12' sent to object: 'Object Repository/Regression BackOffice/CLINK - 28718/License/LicenseNro'

2019-08-01 15:25:52 - [MESSAGE][PASSED] - Keys '12' sent to object: 'Object Repository/Regression BackOffice/CLINK - 28718/License/LicenseNro'

2019-08-01 15:25:52 - [TEST_STEP][PASSED] - delay(3): Delayed 3 second(s)

2019-08-01 15:25:55 - [MESSAGE][PASSED] - Delayed 3 second(s)

2019-08-01 15:25:55 - [TEST_STEP][PASSED] - click(findTestObject("Regression BackOffice/CLINK - 28718/License/License Expiration Date")): Object: 'Object Repository/Regression BackOffice/CLINK - 28718/License/License Expiration Date' is clicked on

2019-08-01 15:25:55 - [MESSAGE][PASSED] - Object: 'Object Repository/Regression BackOffice/CLINK - 28718/License/License Expiration Date' is clicked on

2019-08-01 15:25:55 - [TEST_STEP][PASSED] - sendKeys(findTestObject("Regression BackOffice/CLINK - 28718/License/License Expiration Date"), getDate.DateUtilities.getDateMonthDayYearNumberwithSlash()): Keys '08/01/2019' sent to object: 'Object Repository/Regression BackOffice/CLINK - 28718/License/License Expiration Date'

2019-08-01 15:25:55 - [MESSAGE][PASSED] - getDate.DateUtilities.getDateMonthDayYearNumberwithSlash is PASSED

2019-08-01 15:25:55 - [MESSAGE][PASSED] - Keys '08/01/2019' sent to object: 'Object Repository/Regression BackOffice/CLINK - 28718/License/License Expiration Date'

2019-08-01 15:25:55 - [TEST_STEP][PASSED] - delay(3): Delayed 3 second(s)

2019-08-01 15:25:58 - [MESSAGE][PASSED] - Delayed 3 second(s)

2019-08-01 15:25:58 - [TEST_STEP][PASSED] - click(findTestObject("Regression BackOffice/CLINK - 28718/License/License Renewal Date")): Object: 'Object Repository/Regression BackOffice/CLINK - 28718/License/License Renewal Date' is clicked on

2019-08-01 15:25:58 - [MESSAGE][PASSED] - Object: 'Object Repository/Regression BackOffice/CLINK - 28718/License/License Renewal Date' is clicked on

2019-08-01 15:25:58 - [TEST_STEP][PASSED] - sendKeys(findTestObject("Regression BackOffice/CLINK - 28718/License/License Renewal Date"), getDate.DateUtilities.getDateMonthDayYearNumberwithSlash()): Keys '08/01/2019' sent to object: 'Object Repository/Regression BackOffice/CLINK - 28718/License/License Renewal Date'

2019-08-01 15:25:58 - [MESSAGE][PASSED] - getDate.DateUtilities.getDateMonthDayYearNumberwithSlash is PASSED

2019-08-01 15:25:58 - [MESSAGE][PASSED] - Keys '08/01/2019' sent to object: 'Object Repository/Regression BackOffice/CLINK - 28718/License/License Renewal Date'

2019-08-01 15:25:58 - [TEST_STEP][PASSED] - delay(3): Delayed 3 second(s)

2019-08-01 15:26:01 - [MESSAGE][PASSED] - Delayed 3 second(s)

2019-08-01 15:26:01 - [TEST_STEP][PASSED] - waitForElementPresent(findTestObject("Regression BackOffice/CLINK - 28718/License/input_State Issued _txtStateIssued"), 50): Object 'Object Repository/Regression BackOffice/CLINK - 28718/License/input_State Issued _txtStateIssued' is present

2019-08-01 15:26:01 - [MESSAGE][PASSED] - Object 'Object Repository/Regression BackOffice/CLINK - 28718/License/input_State Issued _txtStateIssued' is present

2019-08-01 15:26:01 - [TEST_STEP][PASSED] - click(findTestObject("Regression BackOffice/CLINK - 28718/License/input_State Issued _txtStateIssued"), CONTINUE_ON_FAILURE): Object: 'Object Repository/Regression BackOffice/CLINK - 28718/License/input_State Issued _txtStateIssued' is clicked on

2019-08-01 15:26:01 - [MESSAGE][PASSED] - Object: 'Object Repository/Regression BackOffice/CLINK - 28718/License/input_State Issued _txtStateIssued' is clicked on

2019-08-01 15:26:01 - [TEST_STEP][PASSED] - delay(2): Delayed 2 second(s)

2019-08-01 15:26:03 - [MESSAGE][PASSED] - Delayed 2 second(s)

2019-08-01 15:26:03 - [TEST_STEP][PASSED] - sendKeys(findTestObject("Regression BackOffice/CLINK - 28718/License/input_State Issued _txtStateIssued"), "AC"): Keys 'AC' sent to object: 'Object Repository/Regression BackOffice/CLINK - 28718/License/input_State Issued _txtStateIssued'

2019-08-01 15:26:03 - [MESSAGE][PASSED] - Keys 'AC' sent to object: 'Object Repository/Regression BackOffice/CLINK - 28718/License/input_State Issued _txtStateIssued'

2019-08-01 15:26:03 - [TEST_STEP][PASSED] - delay(3): Delayed 3 second(s)

2019-08-01 15:26:06 - [MESSAGE][PASSED] - Delayed 3 second(s)

2019-08-01 15:26:06 - [TEST_STEP][PASSED] - click(findTestObject("Regression BackOffice/CLINK - 28718/License/License Checked"), CONTINUE_ON_FAILURE): Object: 'Object Repository/Regression BackOffice/CLINK - 28718/License/License Checked' is clicked on

2019-08-01 15:26:06 - [MESSAGE][PASSED] - Object: 'Object Repository/Regression BackOffice/CLINK - 28718/License/License Checked' is clicked on

2019-08-01 15:26:06 - [TEST_STEP][PASSED] - delay(2): Delayed 2 second(s)

2019-08-01 15:26:08 - [MESSAGE][PASSED] - Delayed 2 second(s)

2019-08-01 15:26:08 - [TEST_STEP][PASSED] - sendKeys(findTestObject("Regression BackOffice/CLINK - 28718/License/License Checked"), "Isaac"): Keys 'Isaac' sent to object: 'Object Repository/Regression BackOffice/CLINK - 28718/License/License Checked'

2019-08-01 15:26:08 - [MESSAGE][PASSED] - Keys 'Isaac' sent to object: 'Object Repository/Regression BackOffice/CLINK - 28718/License/License Checked'

2019-08-01 15:26:08 - [TEST_STEP][PASSED] - delay(3): Delayed 3 second(s)

2019-08-01 15:26:11 - [MESSAGE][PASSED] - Delayed 3 second(s)

2019-08-01 15:26:11 - [TEST_STEP][PASSED] - click(findTestObject("Regression BackOffice/CLINK - 28718/License/License Checked Date")): Object: 'Object Repository/Regression BackOffice/CLINK - 28718/License/License Checked Date' is clicked on

2019-08-01 15:26:12 - [MESSAGE][PASSED] - Object: 'Object Repository/Regression BackOffice/CLINK - 28718/License/License Checked Date' is clicked on

2019-08-01 15:26:12 - [TEST_STEP][PASSED] - sendKeys(findTestObject("Regression BackOffice/CLINK - 28718/License/License Checked Date"), getDate.DateUtilities.getDateMonthDayYearNumberwithSlash()): Keys '08/01/2019' sent to object: 'Object Repository/Regression BackOffice/CLINK - 28718/License/License Checked Date'

2019-08-01 15:26:12 - [MESSAGE][PASSED] - getDate.DateUtilities.getDateMonthDayYearNumberwithSlash is PASSED

2019-08-01 15:26:12 - [MESSAGE][PASSED] - Keys '08/01/2019' sent to object: 'Object Repository/Regression BackOffice/CLINK - 28718/License/License Checked Date'

2019-08-01 15:26:12 - [TEST_STEP][PASSED] - delay(3): Delayed 3 second(s)

2019-08-01 15:26:15 - [MESSAGE][PASSED] - Delayed 3 second(s)

2019-08-01 15:26:15 - [TEST_STEP][PASSED] - waitForElementPresent(findTestObject("Regression BackOffice/CLINK - 28718/License/Add To List License"), 100): Object 'Object Repository/Regression BackOffice/CLINK - 28718/License/Add To List License' is present

2019-08-01 15:26:15 - [MESSAGE][PASSED] - Object 'Object Repository/Regression BackOffice/CLINK - 28718/License/Add To List License' is present

2019-08-01 15:26:15 - [TEST_STEP][PASSED] - click(findTestObject("Regression BackOffice/CLINK - 28718/License/Add To List License")): Object: 'Object Repository/Regression BackOffice/CLINK - 28718/License/Add To List License' is clicked on

2019-08-01 15:26:15 - [MESSAGE][PASSED] - Object: 'Object Repository/Regression BackOffice/CLINK - 28718/License/Add To List License' is clicked on

2019-08-01 15:26:15 - [TEST_STEP][PASSED] - delay(5): Delayed 5 second(s)

2019-08-01 15:26:20 - [MESSAGE][PASSED] - Delayed 5 second(s)

2019-08-01 15:26:20 - [TEST_STEP][PASSED] - switchToDefaultContent(): null

2019-08-01 15:26:20 - [TEST_STEP][PASSED] - switchToFrame(findTestObject("Regression BackOffice/CLINK - 28718/BannerFrame"), 50): null

2019-08-01 15:26:20 - [TEST_STEP][PASSED] - waitForElementPresent(findTestObject("Regression BackOffice/CLINK - 28718/License/_btnSaveLicense"), 50): Object 'Object Repository/Regression BackOffice/CLINK - 28718/License/_btnSaveLicense' is present

2019-08-01 15:26:20 - [MESSAGE][PASSED] - Object 'Object Repository/Regression BackOffice/CLINK - 28718/License/_btnSaveLicense' is present

2019-08-01 15:26:20 - [TEST_STEP][PASSED] - click(findTestObject("Regression BackOffice/CLINK - 28718/License/_btnSaveLicense")): Object: 'Object Repository/Regression BackOffice/CLINK - 28718/License/_btnSaveLicense' is clicked on

2019-08-01 15:26:21 - [MESSAGE][PASSED] - Object: 'Object Repository/Regression BackOffice/CLINK - 28718/License/_btnSaveLicense' is clicked on

2019-08-01 15:26:21 - [TEST_STEP][PASSED] - delay(3): Delayed 3 second(s)

2019-08-01 15:26:24 - [MESSAGE][PASSED] - Delayed 3 second(s)

2019-08-01 15:26:24 - [TEST_STEP][PASSED] - switchToDefaultContent(): null

2019-08-01 15:26:24 - [TEST_STEP][PASSED] - switchToFrame(findTestObject("Regression BackOffice/CLNK-23449/FrameLeft"), 30): null

2019-08-01 15:26:24 - [TEST_STEP][PASSED] - waitForElementPresent(findTestObject("Regression BackOffice/CLINK - 28718/Active/Caregiver Demographics"), 100): Object 'Object Repository/Regression BackOffice/CLINK - 28718/Active/Caregiver Demographics' is present

2019-08-01 15:26:24 - [MESSAGE][PASSED] - Object 'Object Repository/Regression BackOffice/CLINK - 28718/Active/Caregiver Demographics' is present

2019-08-01 15:26:24 - [TEST_STEP][PASSED] - click(findTestObject("Regression BackOffice/CLINK - 28718/Active/Caregiver Demographics")): Object: 'Object Repository/Regression BackOffice/CLINK - 28718/Active/Caregiver Demographics' is clicked on

2019-08-01 15:26:27 - [MESSAGE][PASSED] - Object: 'Object Repository/Regression BackOffice/CLINK - 28718/Active/Caregiver Demographics' is clicked on

2019-08-01 15:26:27 - [TEST_STEP][PASSED] - delay(2): Delayed 2 second(s)

2019-08-01 15:26:29 - [MESSAGE][PASSED] - Delayed 2 second(s)

2019-08-01 15:26:29 - [TEST_STEP][PASSED] - switchToDefaultContent(): null

2019-08-01 15:26:29 - [TEST_STEP][PASSED] - switchToFrame(findTestObject("Regression BackOffice/CLNK-23449/FrameMain"), 30): null

2019-08-01 15:26:29 - [TEST_STEP][PASSED] - delay(5): Delayed 5 second(s)

2019-08-01 15:26:34 - [MESSAGE][PASSED] - Delayed 5 second(s)

2019-08-01 15:26:34 - [TEST_STEP][PASSED] - waitForElementPresent(findTestObject("Regression BackOffice/CLINK - 28718/Active/Status"), 100): Object 'Object Repository/Regression BackOffice/CLINK - 28718/Active/Status' is present

2019-08-01 15:26:34 - [MESSAGE][PASSED] - Object 'Object Repository/Regression BackOffice/CLINK - 28718/Active/Status' is present

2019-08-01 15:26:34 - [TEST_STEP][PASSED] - click(findTestObject("Regression BackOffice/CLINK - 28718/Active/Status")): Object: 'Object Repository/Regression BackOffice/CLINK - 28718/Active/Status' is clicked on

2019-08-01 15:26:34 - [MESSAGE][PASSED] - Object: 'Object Repository/Regression BackOffice/CLINK - 28718/Active/Status' is clicked on

2019-08-01 15:26:34 - [TEST_STEP][PASSED] - sendKeys(findTestObject("Regression BackOffice/CLINK - 28718/Active/Status"), Keys.chord(ARROW_DOWN, ARROW_DOWN, ENTER)): Keys 'DOWN + DOWN + ENTER + ' sent to object: 'Object Repository/Regression BackOffice/CLINK - 28718/Active/Status'

2019-08-01 15:26:34 - [MESSAGE][PASSED] - Keys 'DOWN + DOWN + ENTER + ' sent to object: 'Object Repository/Regression BackOffice/CLINK - 28718/Active/Status'

2019-08-01 15:26:34 - [TEST_STEP][PASSED] - delay(5): Delayed 5 second(s)

2019-08-01 15:26:39 - [MESSAGE][PASSED] - Delayed 5 second(s)

2019-08-01 15:26:39 - [TEST_STEP][PASSED] - click(findTestObject("Regression BackOffice/CLINK - 28718/Active/Effective DateStatus")): Object: 'Object Repository/Regression BackOffice/CLINK - 28718/Active/Effective DateStatus' is clicked on

2019-08-01 15:26:39 - [MESSAGE][PASSED] - Object: 'Object Repository/Regression BackOffice/CLINK - 28718/Active/Effective DateStatus' is clicked on

2019-08-01 15:26:39 - [TEST_STEP][PASSED] - sendKeys(findTestObject("Regression BackOffice/CLINK - 28718/Active/Effective DateStatus"), getDate.DateUtilities.getDateMonthDayYearNumberwithSlash()): Keys '08/01/2019' sent to object: 'Object Repository/Regression BackOffice/CLINK - 28718/Active/Effective DateStatus'

2019-08-01 15:26:39 - [MESSAGE][PASSED] - getDate.DateUtilities.getDateMonthDayYearNumberwithSlash is PASSED

2019-08-01 15:26:39 - [MESSAGE][PASSED] - Keys '08/01/2019' sent to object: 'Object Repository/Regression BackOffice/CLINK - 28718/Active/Effective DateStatus'

2019-08-01 15:26:39 - [TEST_STEP][PASSED] - delay(3): Delayed 3 second(s)

2019-08-01 15:26:42 - [MESSAGE][PASSED] - Delayed 3 second(s)

2019-08-01 15:26:42 - [TEST_STEP][NOT_RUN] - waitForElementPresent(findTestObject("Regression BackOffice/CLINK - 28718/Active/ReasonCode"), 100): NOT_RUN: waitForElementPresent(findTestObject("Regression BackOffice/CLINK - 28718/Active/ReasonCode"), 100)

2019-08-01 15:26:42 - [MESSAGE][NOT_RUN] - NOT_RUN: waitForElementPresent(findTestObject("Regression BackOffice/CLINK - 28718/Active/ReasonCode"), 100)

2019-08-01 15:26:42 - [TEST_STEP][NOT_RUN] - click(findTestObject("Regression BackOffice/CLINK - 28718/Active/ReasonCode")): NOT_RUN: click(findTestObject("Regression BackOffice/CLINK - 28718/Active/ReasonCode"))

2019-08-01 15:26:42 - [MESSAGE][NOT_RUN] - NOT_RUN: click(findTestObject("Regression BackOffice/CLINK - 28718/Active/ReasonCode"))

2019-08-01 15:26:42 - [TEST_STEP][NOT_RUN] - sendKeys(findTestObject("Regression BackOffice/CLINK - 28718/Active/ReasonCode"), Keys.chord(ARROW_DOWN, ENTER)): NOT_RUN: sendKeys(findTestObject("Regression BackOffice/CLINK - 28718/Active/ReasonCode"), Keys.chord(ARROW_DOWN, ENTER))

2019-08-01 15:26:42 - [MESSAGE][NOT_RUN] - NOT_RUN: sendKeys(findTestObject("Regression BackOffice/CLINK - 28718/Active/ReasonCode"), Keys.chord(ARROW_DOWN, ENTER))

2019-08-01 15:26:42 - [TEST_STEP][NOT_RUN] - delay(5): NOT_RUN: delay(5)

2019-08-01 15:26:42 - [MESSAGE][NOT_RUN] - NOT_RUN: delay(5)

2019-08-01 15:26:42 - [TEST_STEP][PASSED] - click(findTestObject("Regression BackOffice/CLINK - 28718/Active/Comments")): Object: 'Object Repository/Regression BackOffice/CLINK - 28718/Active/Comments' is clicked on

2019-08-01 15:26:42 - [MESSAGE][PASSED] - Object: 'Object Repository/Regression BackOffice/CLINK - 28718/Active/Comments' is clicked on

2019-08-01 15:26:42 - [TEST_STEP][PASSED] - sendKeys(findTestObject("Regression BackOffice/CLINK - 28718/Active/Comments"), "Isaac"): Keys 'Isaac' sent to object: 'Object Repository/Regression BackOffice/CLINK - 28718/Active/Comments'

2019-08-01 15:26:42 - [MESSAGE][PASSED] - Keys 'Isaac' sent to object: 'Object Repository/Regression BackOffice/CLINK - 28718/Active/Comments'

2019-08-01 15:26:42 - [TEST_STEP][PASSED] - delay(3): Delayed 3 second(s)

2019-08-01 15:26:45 - [MESSAGE][PASSED] - Delayed 3 second(s)

2019-08-01 15:26:45 - [TEST_STEP][PASSED] - scrollToElement(findTestObject("Regression BackOffice/CLINK - 28718/Active/Date Check was Sent"), 50): Scroll to object 'Object Repository/Regression BackOffice/CLINK - 28718/Active/Date Check was Sent' successfully

2019-08-01 15:26:45 - [MESSAGE][PASSED] - Scroll to object 'Object Repository/Regression BackOffice/CLINK - 28718/Active/Date Check was Sent' successfully

2019-08-01 15:26:45 - [TEST_STEP][PASSED] - click(findTestObject("Regression BackOffice/CLINK - 28718/Active/Date Check was Sent")): Object: 'Object Repository/Regression BackOffice/CLINK - 28718/Active/Date Check was Sent' is clicked on

2019-08-01 15:26:46 - [MESSAGE][PASSED] - Object: 'Object Repository/Regression BackOffice/CLINK - 28718/Active/Date Check was Sent' is clicked on

2019-08-01 15:26:46 - [TEST_STEP][PASSED] - sendKeys(findTestObject("Regression BackOffice/CLINK - 28718/Active/Date Check was Sent"), getDate.DateUtilities.getDateMonthDayYearNumberwithSlash()): Keys '08/01/2019' sent to object: 'Object Repository/Regression BackOffice/CLINK - 28718/Active/Date Check was Sent'

2019-08-01 15:26:46 - [MESSAGE][PASSED] - getDate.DateUtilities.getDateMonthDayYearNumberwithSlash is PASSED

2019-08-01 15:26:46 - [MESSAGE][PASSED] - Keys '08/01/2019' sent to object: 'Object Repository/Regression BackOffice/CLINK - 28718/Active/Date Check was Sent'

2019-08-01 15:26:46 - [TEST_STEP][PASSED] - delay(3): Delayed 3 second(s)

2019-08-01 15:26:49 - [MESSAGE][PASSED] - Delayed 3 second(s)

2019-08-01 15:26:49 - [TEST_STEP][PASSED] - click(findTestObject("Regression BackOffice/CLINK - 28718/Active/input_Date Check Received_txtDateCheckRecvd")): Object: 'Object Repository/Regression BackOffice/CLINK - 28718/Active/input_Date Check Received_txtDateCheckRecvd' is clicked on

2019-08-01 15:26:49 - [MESSAGE][PASSED] - Object: 'Object Repository/Regression BackOffice/CLINK - 28718/Active/input_Date Check Received_txtDateCheckRecvd' is clicked on

2019-08-01 15:26:49 - [TEST_STEP][PASSED] - sendKeys(findTestObject("Regression BackOffice/CLINK - 28718/Active/input_Date Check Received_txtDateCheckRecvd"), getDate.DateUtilities.getDateMonthDayYearNumberwithSlash()): Keys '08/01/2019' sent to object: 'Object Repository/Regression BackOffice/CLINK - 28718/Active/input_Date Check Received_txtDateCheckRecvd'

2019-08-01 15:26:49 - [MESSAGE][PASSED] - getDate.DateUtilities.getDateMonthDayYearNumberwithSlash is PASSED

2019-08-01 15:26:49 - [MESSAGE][PASSED] - Keys '08/01/2019' sent to object: 'Object Repository/Regression BackOffice/CLINK - 28718/Active/input_Date Check Received_txtDateCheckRecvd'

2019-08-01 15:26:49 - [TEST_STEP][PASSED] - delay(3): Delayed 3 second(s)

2019-08-01 15:26:52 - [MESSAGE][PASSED] - Delayed 3 second(s)

2019-08-01 15:26:52 - [TEST_STEP][PASSED] - click(findTestObject("Regression BackOffice/CLINK - 28718/Active/Background Check Completed")): Object: 'Object Repository/Regression BackOffice/CLINK - 28718/Active/Background Check Completed' is clicked on

2019-08-01 15:26:52 - [MESSAGE][PASSED] - Object: 'Object Repository/Regression BackOffice/CLINK - 28718/Active/Background Check Completed' is clicked on

2019-08-01 15:26:52 - [TEST_STEP][PASSED] - sendKeys(findTestObject("Regression BackOffice/CLINK - 28718/Active/Background Check Completed"), getDate.DateUtilities.getDateMonthDayYearNumberwithSlash()): Keys '08/01/2019' sent to object: 'Object Repository/Regression BackOffice/CLINK - 28718/Active/Background Check Completed'

2019-08-01 15:26:52 - [MESSAGE][PASSED] - getDate.DateUtilities.getDateMonthDayYearNumberwithSlash is PASSED

2019-08-01 15:26:52 - [MESSAGE][PASSED] - Keys '08/01/2019' sent to object: 'Object Repository/Regression BackOffice/CLINK - 28718/Active/Background Check Completed'

2019-08-01 15:26:52 - [TEST_STEP][PASSED] - delay(3): Delayed 3 second(s)

2019-08-01 15:26:55 - [MESSAGE][PASSED] - Delayed 3 second(s)

2019-08-01 15:26:55 - [TEST_STEP][PASSED] - switchToDefaultContent(): null

2019-08-01 15:26:55 - [TEST_STEP][PASSED] - switchToFrame(findTestObject("Regression BackOffice/CLINK - 28718/BannerFrame"), 50): null

2019-08-01 15:26:55 - [TEST_STEP][PASSED] - waitForElementPresent(findTestObject("Regression BackOffice/CLINK - 28718/Active/bttnSaveActive"), 50): Object 'Object Repository/Regression BackOffice/CLINK - 28718/Active/bttnSaveActive' is present

2019-08-01 15:26:56 - [MESSAGE][PASSED] - Object 'Object Repository/Regression BackOffice/CLINK - 28718/Active/bttnSaveActive' is present

2019-08-01 15:26:56 - [TEST_STEP][PASSED] - click(findTestObject("Regression BackOffice/CLINK - 28718/Active/bttnSaveActive")): Object: 'Object Repository/Regression BackOffice/CLINK - 28718/Active/bttnSaveActive' is clicked on

2019-08-01 15:27:00 - [MESSAGE][PASSED] - Object: 'Object Repository/Regression BackOffice/CLINK - 28718/Active/bttnSaveActive' is clicked on

2019-08-01 15:27:00 - [TEST_STEP][PASSED] - delay(3): Delayed 3 second(s)

2019-08-01 15:27:03 - [MESSAGE][PASSED] - Delayed 3 second(s)

2019-08-01 15:27:03 - [TEST_STEP][PASSED] - switchToDefaultContent(): null

2019-08-01 15:27:03 - [TEST_STEP][PASSED] - switchToFrame(findTestObject("Regression BackOffice/CLNK-23449/FrameLeft"), 30): null

2019-08-01 15:27:03 - [TEST_STEP][PASSED] - waitForElementPresent(findTestObject("Regression BackOffice/CLINK - 28718/Administrator/Administrators"), 100): Object 'Object Repository/Regression BackOffice/CLINK - 28718/Administrator/Administrators' is present

2019-08-01 15:27:03 - [MESSAGE][PASSED] - Object 'Object Repository/Regression BackOffice/CLINK - 28718/Administrator/Administrators' is present

2019-08-01 15:27:03 - [TEST_STEP][PASSED] - click(findTestObject("Regression BackOffice/CLINK - 28718/Administrator/Administrators")): Object: 'Object Repository/Regression BackOffice/CLINK - 28718/Administrator/Administrators' is clicked on

2019-08-01 15:27:03 - [MESSAGE][PASSED] - Object: 'Object Repository/Regression BackOffice/CLINK - 28718/Administrator/Administrators' is clicked on

2019-08-01 15:27:03 - [TEST_STEP][PASSED] - delay(2): Delayed 2 second(s)

2019-08-01 15:27:05 - [MESSAGE][PASSED] - Delayed 2 second(s)

2019-08-01 15:27:05 - [TEST_STEP][PASSED] - waitForElementPresent(findTestObject("Regression BackOffice/CLINK - 28718/Administrator/Admin  System Settings"), 100): Object 'Object Repository/Regression BackOffice/CLINK - 28718/Administrator/Admin  System Settings' is present

2019-08-01 15:27:05 - [MESSAGE][PASSED] - Object 'Object Repository/Regression BackOffice/CLINK - 28718/Administrator/Admin  System Settings' is present

2019-08-01 15:27:05 - [TEST_STEP][PASSED] - click(findTestObject("Regression BackOffice/CLINK - 28718/Administrator/Admin  System Settings")): Object: 'Object Repository/Regression BackOffice/CLINK - 28718/Administrator/Admin  System Settings' is clicked on

2019-08-01 15:27:06 - [MESSAGE][PASSED] - Object: 'Object Repository/Regression BackOffice/CLINK - 28718/Administrator/Admin  System Settings' is clicked on

2019-08-01 15:27:06 - [TEST_STEP][PASSED] - delay(2): Delayed 2 second(s)

2019-08-01 15:27:08 - [MESSAGE][PASSED] - Delayed 2 second(s)

2019-08-01 15:27:08 - [TEST_STEP][PASSED] - waitForElementPresent(findTestObject("Regression BackOffice/CLINK - 28718/Administrator/Users"), 100): Object 'Object Repository/Regression BackOffice/CLINK - 28718/Administrator/Users' is present

2019-08-01 15:27:08 - [MESSAGE][PASSED] - Object 'Object Repository/Regression BackOffice/CLINK - 28718/Administrator/Users' is present

2019-08-01 15:27:08 - [TEST_STEP][PASSED] - click(findTestObject("Regression BackOffice/CLINK - 28718/Administrator/Users")): Object: 'Object Repository/Regression BackOffice/CLINK - 28718/Administrator/Users' is clicked on

2019-08-01 15:27:08 - [MESSAGE][PASSED] - Object: 'Object Repository/Regression BackOffice/CLINK - 28718/Administrator/Users' is clicked on

2019-08-01 15:27:08 - [TEST_STEP][PASSED] - delay(2): Delayed 2 second(s)

2019-08-01 15:27:10 - [MESSAGE][PASSED] - Delayed 2 second(s)

2019-08-01 15:27:10 - [TEST_STEP][PASSED] - acceptAlert(): Alert accepted

2019-08-01 15:27:10 - [MESSAGE][PASSED] - Alert accepted

2019-08-01 15:27:10 - [TEST_STEP][PASSED] - switchToDefaultContent(): null

2019-08-01 15:27:26 - [TEST_STEP][PASSED] - switchToFrame(findTestObject("Regression BackOffice/CLNK-23449/FrameMain"), 30): null

2019-08-01 15:27:26 - [TEST_STEP][PASSED] - delay(5): Delayed 5 second(s)

2019-08-01 15:27:31 - [MESSAGE][PASSED] - Delayed 5 second(s)

2019-08-01 15:27:31 - [TEST_STEP][PASSED] - waitForElementPresent(findTestObject("Regression BackOffice/CLINK - 28718/Administrator/Add New User"), 100): Object 'Object Repository/Regression BackOffice/CLINK - 28718/Administrator/Add New User' is present

2019-08-01 15:27:31 - [MESSAGE][PASSED] - Object 'Object Repository/Regression BackOffice/CLINK - 28718/Administrator/Add New User' is present

2019-08-01 15:27:31 - [TEST_STEP][PASSED] - click(findTestObject("Regression BackOffice/CLINK - 28718/Administrator/Add New User")): Object: 'Object Repository/Regression BackOffice/CLINK - 28718/Administrator/Add New User' is clicked on

2019-08-01 15:27:31 - [MESSAGE][PASSED] - Object: 'Object Repository/Regression BackOffice/CLINK - 28718/Administrator/Add New User' is clicked on

2019-08-01 15:27:31 - [TEST_STEP][PASSED] - delay(15): Delayed 15 second(s)

2019-08-01 15:27:46 - [MESSAGE][PASSED] - Delayed 15 second(s)

2019-08-01 15:27:46 - [TEST_STEP][PASSED] - waitForElementPresent(findTestObject("Regression BackOffice/CLINK - 28718/Administrator/CaregiverChkBox"), 100): Object 'Object Repository/Regression BackOffice/CLINK - 28718/Administrator/CaregiverChkBox' is present

2019-08-01 15:27:46 - [MESSAGE][PASSED] - Object 'Object Repository/Regression BackOffice/CLINK - 28718/Administrator/CaregiverChkBox' is present

2019-08-01 15:27:46 - [TEST_STEP][PASSED] - click(findTestObject("Regression BackOffice/CLINK - 28718/Administrator/CaregiverChkBox")): Object: 'Object Repository/Regression BackOffice/CLINK - 28718/Administrator/CaregiverChkBox' is clicked on

2019-08-01 15:27:46 - [MESSAGE][PASSED] - Object: 'Object Repository/Regression BackOffice/CLINK - 28718/Administrator/CaregiverChkBox' is clicked on

2019-08-01 15:27:46 - [TEST_STEP][PASSED] - delay(2): Delayed 2 second(s)

2019-08-01 15:27:48 - [MESSAGE][PASSED] - Delayed 2 second(s)

2019-08-01 15:27:48 - [TEST_STEP][PASSED] - waitForElementPresent(findTestObject("Regression BackOffice/CLINK - 28718/Administrator/Caregiver Name"), 100): Object 'Object Repository/Regression BackOffice/CLINK - 28718/Administrator/Caregiver Name' is present

2019-08-01 15:27:48 - [MESSAGE][PASSED] - Object 'Object Repository/Regression BackOffice/CLINK - 28718/Administrator/Caregiver Name' is present

2019-08-01 15:27:48 - [TEST_STEP][PASSED] - click(findTestObject("Regression BackOffice/CLINK - 28718/Administrator/Caregiver Name")): Object: 'Object Repository/Regression BackOffice/CLINK - 28718/Administrator/Caregiver Name' is clicked on

2019-08-01 15:27:48 - [MESSAGE][PASSED] - Object: 'Object Repository/Regression BackOffice/CLINK - 28718/Administrator/Caregiver Name' is clicked on

2019-08-01 15:27:48 - [TEST_STEP][PASSED] - sendKeys(findTestObject("Regression BackOffice/CLINK - 28718/Administrator/Caregiver Name"), G_CareGiverLastName): Keys 'Ferrante' sent to object: 'Object Repository/Regression BackOffice/CLINK - 28718/Administrator/Caregiver Name'

2019-08-01 15:27:48 - [MESSAGE][PASSED] - Keys 'Ferrante' sent to object: 'Object Repository/Regression BackOffice/CLINK - 28718/Administrator/Caregiver Name'

2019-08-01 15:27:48 - [TEST_STEP][PASSED] - delay(10): Delayed 10 second(s)

2019-08-01 15:27:58 - [MESSAGE][PASSED] - Delayed 10 second(s)

2019-08-01 15:27:58 - [TEST_STEP][PASSED] - sendKeys(findTestObject("Regression BackOffice/CLINK - 28718/Administrator/Caregiver Name"), Keys.chord(ARROW_DOWN, ENTER)): Keys 'DOWN + ENTER + ' sent to object: 'Object Repository/Regression BackOffice/CLINK - 28718/Administrator/Caregiver Name'

2019-08-01 15:27:58 - [MESSAGE][PASSED] - Keys 'DOWN + ENTER + ' sent to object: 'Object Repository/Regression BackOffice/CLINK - 28718/Administrator/Caregiver Name'

2019-08-01 15:27:58 - [TEST_STEP][PASSED] - delay(2): Delayed 2 second(s)

2019-08-01 15:28:00 - [MESSAGE][PASSED] - Delayed 2 second(s)

2019-08-01 15:28:00 - [TEST_STEP][PASSED] - click(findTestObject("Regression BackOffice/CLINK - 28718/Administrator/User Name")): Object: 'Object Repository/Regression BackOffice/CLINK - 28718/Administrator/User Name' is clicked on

2019-08-01 15:28:01 - [MESSAGE][PASSED] - Object: 'Object Repository/Regression BackOffice/CLINK - 28718/Administrator/User Name' is clicked on

2019-08-01 15:28:01 - [TEST_STEP][PASSED] - sendKeys(findTestObject("Regression BackOffice/CLINK - 28718/Administrator/User Name"), G_CaregiverUserName): Keys 'fefe' sent to object: 'Object Repository/Regression BackOffice/CLINK - 28718/Administrator/User Name'

2019-08-01 15:28:01 - [MESSAGE][PASSED] - Keys 'fefe' sent to object: 'Object Repository/Regression BackOffice/CLINK - 28718/Administrator/User Name'

2019-08-01 15:28:01 - [TEST_STEP][PASSED] - delay(3): Delayed 3 second(s)

2019-08-01 15:28:04 - [MESSAGE][PASSED] - Delayed 3 second(s)

2019-08-01 15:28:04 - [TEST_STEP][PASSED] - click(findTestObject("Regression BackOffice/CLINK - 28718/Administrator/Password")): Object: 'Object Repository/Regression BackOffice/CLINK - 28718/Administrator/Password' is clicked on

2019-08-01 15:28:04 - [MESSAGE][PASSED] - Object: 'Object Repository/Regression BackOffice/CLINK - 28718/Administrator/Password' is clicked on

2019-08-01 15:28:04 - [TEST_STEP][PASSED] - sendKeys(findTestObject("Regression BackOffice/CLINK - 28718/Administrator/Password"), G_PasswordBackOffice): Keys 'qwerty' sent to object: 'Object Repository/Regression BackOffice/CLINK - 28718/Administrator/Password'

2019-08-01 15:28:04 - [MESSAGE][PASSED] - Keys 'qwerty' sent to object: 'Object Repository/Regression BackOffice/CLINK - 28718/Administrator/Password'

2019-08-01 15:28:04 - [TEST_STEP][PASSED] - delay(3): Delayed 3 second(s)

2019-08-01 15:28:07 - [MESSAGE][PASSED] - Delayed 3 second(s)

2019-08-01 15:28:07 - [TEST_STEP][PASSED] - click(findTestObject("Regression BackOffice/CLINK - 28718/Administrator/Confirm newPassword")): Object: 'Object Repository/Regression BackOffice/CLINK - 28718/Administrator/Confirm newPassword' is clicked on

2019-08-01 15:28:07 - [MESSAGE][PASSED] - Object: 'Object Repository/Regression BackOffice/CLINK - 28718/Administrator/Confirm newPassword' is clicked on

2019-08-01 15:28:07 - [TEST_STEP][PASSED] - sendKeys(findTestObject("Regression BackOffice/CLINK - 28718/Administrator/Confirm newPassword"), G_PasswordBackOffice): Keys 'qwerty' sent to object: 'Object Repository/Regression BackOffice/CLINK - 28718/Administrator/Confirm newPassword'

2019-08-01 15:28:07 - [MESSAGE][PASSED] - Keys 'qwerty' sent to object: 'Object Repository/Regression BackOffice/CLINK - 28718/Administrator/Confirm newPassword'

2019-08-01 15:28:07 - [TEST_STEP][PASSED] - delay(3): Delayed 3 second(s)

2019-08-01 15:28:10 - [MESSAGE][PASSED] - Delayed 3 second(s)

2019-08-01 15:28:10 - [TEST_STEP][PASSED] - waitForElementPresent(findTestObject("Regression BackOffice/CLINK - 28718/Administrator/Email"), 100): Object 'Object Repository/Regression BackOffice/CLINK - 28718/Administrator/Email' is present

2019-08-01 15:28:10 - [MESSAGE][PASSED] - Object 'Object Repository/Regression BackOffice/CLINK - 28718/Administrator/Email' is present

2019-08-01 15:28:10 - [TEST_STEP][PASSED] - click(findTestObject("Regression BackOffice/CLINK - 28718/Administrator/Email")): Object: 'Object Repository/Regression BackOffice/CLINK - 28718/Administrator/Email' is clicked on

2019-08-01 15:28:10 - [MESSAGE][PASSED] - Object: 'Object Repository/Regression BackOffice/CLINK - 28718/Administrator/Email' is clicked on

2019-08-01 15:28:10 - [TEST_STEP][PASSED] - sendKeys(findTestObject("Regression BackOffice/CLINK - 28718/Administrator/Email"), "imm@gmail.com"): Keys 'imm@gmail.com' sent to object: 'Object Repository/Regression BackOffice/CLINK - 28718/Administrator/Email'

2019-08-01 15:28:10 - [MESSAGE][PASSED] - Keys 'imm@gmail.com' sent to object: 'Object Repository/Regression BackOffice/CLINK - 28718/Administrator/Email'

2019-08-01 15:28:10 - [TEST_STEP][PASSED] - delay(3): Delayed 3 second(s)

2019-08-01 15:28:13 - [MESSAGE][PASSED] - Delayed 3 second(s)

2019-08-01 15:28:13 - [TEST_STEP][PASSED] - waitForElementPresent(findTestObject("Regression BackOffice/CLINK - 28718/Administrator/Caregiver_chk"), 100): Object 'Object Repository/Regression BackOffice/CLINK - 28718/Administrator/Caregiver_chk' is present

2019-08-01 15:28:13 - [MESSAGE][PASSED] - Object 'Object Repository/Regression BackOffice/CLINK - 28718/Administrator/Caregiver_chk' is present

2019-08-01 15:28:13 - [TEST_STEP][PASSED] - click(findTestObject("Regression BackOffice/CLINK - 28718/Administrator/Caregiver_chk")): Object: 'Object Repository/Regression BackOffice/CLINK - 28718/Administrator/Caregiver_chk' is clicked on

2019-08-01 15:28:13 - [MESSAGE][PASSED] - Object: 'Object Repository/Regression BackOffice/CLINK - 28718/Administrator/Caregiver_chk' is clicked on

2019-08-01 15:28:13 - [TEST_STEP][PASSED] - delay(3): Delayed 3 second(s)

2019-08-01 15:28:16 - [MESSAGE][PASSED] - Delayed 3 second(s)

2019-08-01 15:28:16 - [TEST_STEP][PASSED] - switchToDefaultContent(): null

2019-08-01 15:28:16 - [TEST_STEP][PASSED] - switchToFrame(findTestObject("Regression BackOffice/CLINK - 28718/BannerFrame"), 50): null

2019-08-01 15:28:16 - [TEST_STEP][PASSED] - waitForElementPresent(findTestObject("Regression BackOffice/CLINK - 28718/Administrator/_btnUserSave"), 50): Object 'Object Repository/Regression BackOffice/CLINK - 28718/Administrator/_btnUserSave' is present

2019-08-01 15:28:16 - [MESSAGE][PASSED] - Object 'Object Repository/Regression BackOffice/CLINK - 28718/Administrator/_btnUserSave' is present

2019-08-01 15:28:16 - [TEST_STEP][PASSED] - click(findTestObject("Regression BackOffice/CLINK - 28718/Administrator/_btnUserSave")): Object: 'Object Repository/Regression BackOffice/CLINK - 28718/Administrator/_btnUserSave' is clicked on

2019-08-01 15:28:17 - [MESSAGE][PASSED] - Object: 'Object Repository/Regression BackOffice/CLINK - 28718/Administrator/_btnUserSave' is clicked on

2019-08-01 15:28:17 - [TEST_STEP][PASSED] - delay(3): Delayed 3 second(s)

2019-08-01 15:28:20 - [MESSAGE][PASSED] - Delayed 3 second(s)

2019-08-01 15:28:20 - [TEST_STEP][PASSED] - closeBrowser(): Browser is closed

2019-08-01 15:28:21 - [MESSAGE][PASSED] - Browser is closed

2019-08-01 15:28:21 - [TEST_STEP][PASSED] - callTestCase(findTestCase("Regression Clinical Edge (All Browsers)/CLNK-23349 - ContinuLink - Login"), [:], STOP_ON_FAILURE): Call Test Case 'Test Cases/Regression Clinical Edge (All Browsers)/CLNK-23349 - ContinuLink - Login' successfully

2019-08-01 15:28:21 - [TEST_CASE][PASSED] - Test Cases/Regression Clinical Edge (All Browsers)/CLNK-23349 - ContinuLink - Login: Test Cases/Regression Clinical Edge (All Browsers)/CLNK-23349 - ContinuLink - Login

2019-08-01 15:28:21 - [TEST_STEP][PASSED] - openBrowser(G_SiteURL): Browser is opened with url: 'https://qanewpoc.continulink.com/Account/Login.aspx?ReturnUrl=%2fdefault.aspx'

2019-08-01 15:28:21 - [MESSAGE][INFO] - Starting 'Chrome' driver

2019-08-01 15:28:30 - [MESSAGE][PASSED] - Browser is opened with url: 'https://qanewpoc.continulink.com/Account/Login.aspx?ReturnUrl=%2fdefault.aspx'

2019-08-01 15:28:30 - [TEST_STEP][PASSED] - waitForPageLoad(60): Wait for page load successfully

2019-08-01 15:28:30 - [MESSAGE][PASSED] - Wait for page load successfully

2019-08-01 15:28:30 - [TEST_STEP][PASSED] - maximizeWindow(): Current window maximized

2019-08-01 15:28:34 - [MESSAGE][PASSED] - Current window maximized

2019-08-01 15:28:34 - [TEST_STEP][PASSED] - setText(findTestObject("Regression Clinical Edge/CLNK-23349/User"), G_CaregiverUserName): Text 'fefe' is set on object 'Object Repository/Regression Clinical Edge/CLNK-23349/User'

2019-08-01 15:28:34 - [MESSAGE][PASSED] - Text 'fefe' is set on object 'Object Repository/Regression Clinical Edge/CLNK-23349/User'

2019-08-01 15:28:34 - [TEST_STEP][PASSED] - setText(findTestObject("Regression Clinical Edge/CLNK-23349/Password"), G_Password): Text 'qwerty' is set on object 'Object Repository/Regression Clinical Edge/CLNK-23349/Password'

2019-08-01 15:28:34 - [MESSAGE][PASSED] - Text 'qwerty' is set on object 'Object Repository/Regression Clinical Edge/CLNK-23349/Password'

2019-08-01 15:28:34 - [TEST_STEP][PASSED] - click(findTestObject("Regression Clinical Edge/CLNK-23349/Button_LogIn")): Object: 'Object Repository/Regression Clinical Edge/CLNK-23349/Button_LogIn' is clicked on

2019-08-01 15:28:35 - [MESSAGE][PASSED] - Object: 'Object Repository/Regression Clinical Edge/CLNK-23349/Button_LogIn' is clicked on

2019-08-01 15:28:35 - [TEST_STEP][PASSED] - waitForPageLoad(60): Wait for page load successfully

2019-08-01 15:28:35 - [MESSAGE][PASSED] - Wait for page load successfully

2019-08-01 15:28:35 - [TEST_STEP][PASSED] - delay(2): Delayed 2 second(s)

2019-08-01 15:28:37 - [MESSAGE][PASSED] - Delayed 2 second(s)

2019-08-01 15:28:37 - [TEST_STEP][NOT_RUN] - waitForElementPresent(findTestObject("Regression Clinical Edge/CLINK-23509/button_Close"), 100): NOT_RUN: waitForElementPresent(findTestObject("Regression Clinical Edge/CLINK-23509/button_Close"), 100)

2019-08-01 15:28:37 - [MESSAGE][NOT_RUN] - NOT_RUN: waitForElementPresent(findTestObject("Regression Clinical Edge/CLINK-23509/button_Close"), 100)

2019-08-01 15:28:37 - [TEST_STEP][NOT_RUN] - click(findTestObject("Regression Clinical Edge/CLINK-23509/button_Close")): NOT_RUN: click(findTestObject("Regression Clinical Edge/CLINK-23509/button_Close"))

2019-08-01 15:28:37 - [MESSAGE][NOT_RUN] - NOT_RUN: click(findTestObject("Regression Clinical Edge/CLINK-23509/button_Close"))

2019-08-01 15:28:37 - [TEST_STEP][NOT_RUN] - delay(2): NOT_RUN: delay(2)

2019-08-01 15:28:37 - [MESSAGE][NOT_RUN] - NOT_RUN: delay(2)

2019-08-01 15:28:37 - [MESSAGE][PASSED] - Call Test Case 'Test Cases/Regression Clinical Edge (All Browsers)/CLNK-23349 - ContinuLink - Login' successfully

2019-08-01 15:28:37 - [TEST_STEP][PASSED] - waitForPageLoad(60): Wait for page load successfully

2019-08-01 15:28:37 - [MESSAGE][PASSED] - Wait for page load successfully

2019-08-01 15:28:37 - [TEST_STEP][PASSED] - maximizeWindow(): Current window maximized

2019-08-01 15:28:37 - [MESSAGE][PASSED] - Current window maximized

2019-08-01 15:28:37 - [TEST_STEP][PASSED] - waitForPageLoad(60): Wait for page load successfully

2019-08-01 15:28:37 - [MESSAGE][PASSED] - Wait for page load successfully

2019-08-01 15:28:37 - [TEST_STEP][PASSED] - delay(8): Delayed 8 second(s)

2019-08-01 15:28:45 - [MESSAGE][PASSED] - Delayed 8 second(s)

2019-08-01 15:28:45 - [TEST_STEP][PASSED] - waitForElementPresent(findTestObject("Regression BackOffice/CLINK - 28718/ChangePassword/HereLink"), 100): Object 'Object Repository/Regression BackOffice/CLINK - 28718/ChangePassword/HereLink' is present

2019-08-01 15:28:45 - [MESSAGE][PASSED] - Object 'Object Repository/Regression BackOffice/CLINK - 28718/ChangePassword/HereLink' is present

2019-08-01 15:28:45 - [TEST_STEP][PASSED] - click(findTestObject("Regression BackOffice/CLINK - 28718/ChangePassword/HereLink")): Object: 'Object Repository/Regression BackOffice/CLINK - 28718/ChangePassword/HereLink' is clicked on

2019-08-01 15:28:45 - [MESSAGE][PASSED] - Object: 'Object Repository/Regression BackOffice/CLINK - 28718/ChangePassword/HereLink' is clicked on

2019-08-01 15:28:45 - [TEST_STEP][PASSED] - delay(2): Delayed 2 second(s)

2019-08-01 15:28:47 - [MESSAGE][PASSED] - Delayed 2 second(s)

2019-08-01 15:28:47 - [TEST_STEP][PASSED] - waitForPageLoad(50): Wait for page load successfully

2019-08-01 15:28:47 - [MESSAGE][PASSED] - Wait for page load successfully

2019-08-01 15:28:47 - [TEST_STEP][PASSED] - waitForElementPresent(findTestObject("Regression BackOffice/CLINK - 28718/ChangePassword/Current Password"), 50): Object 'Object Repository/Regression BackOffice/CLINK - 28718/ChangePassword/Current Password' is present

2019-08-01 15:28:47 - [MESSAGE][PASSED] - Object 'Object Repository/Regression BackOffice/CLINK - 28718/ChangePassword/Current Password' is present

2019-08-01 15:28:47 - [TEST_STEP][PASSED] - setText(findTestObject("Regression BackOffice/CLINK - 28718/ChangePassword/Current Password"), G_Password): Text 'qwerty' is set on object 'Object Repository/Regression BackOffice/CLINK - 28718/ChangePassword/Current Password'

2019-08-01 15:28:47 - [MESSAGE][PASSED] - Text 'qwerty' is set on object 'Object Repository/Regression BackOffice/CLINK - 28718/ChangePassword/Current Password'

2019-08-01 15:28:47 - [TEST_STEP][PASSED] - delay(2): Delayed 2 second(s)

2019-08-01 15:28:49 - [MESSAGE][PASSED] - Delayed 2 second(s)

2019-08-01 15:28:49 - [TEST_STEP][PASSED] - waitForElementPresent(findTestObject("Regression BackOffice/CLINK - 28718/ChangePassword/New Password"), 50): Object 'Object Repository/Regression BackOffice/CLINK - 28718/ChangePassword/New Password' is present

2019-08-01 15:28:49 - [MESSAGE][PASSED] - Object 'Object Repository/Regression BackOffice/CLINK - 28718/ChangePassword/New Password' is present

2019-08-01 15:28:49 - [TEST_STEP][PASSED] - setText(findTestObject("Regression BackOffice/CLINK - 28718/ChangePassword/New Password"), G_Password): Text 'qwerty' is set on object 'Object Repository/Regression BackOffice/CLINK - 28718/ChangePassword/New Password'

2019-08-01 15:28:49 - [MESSAGE][PASSED] - Text 'qwerty' is set on object 'Object Repository/Regression BackOffice/CLINK - 28718/ChangePassword/New Password'

2019-08-01 15:28:49 - [TEST_STEP][PASSED] - delay(2): Delayed 2 second(s)

2019-08-01 15:28:51 - [MESSAGE][PASSED] - Delayed 2 second(s)

2019-08-01 15:28:51 - [TEST_STEP][PASSED] - waitForElementPresent(findTestObject("Regression BackOffice/CLINK - 28718/ChangePassword/OKButton"), 100): Object 'Object Repository/Regression BackOffice/CLINK - 28718/ChangePassword/OKButton' is present

2019-08-01 15:28:51 - [MESSAGE][PASSED] - Object 'Object Repository/Regression BackOffice/CLINK - 28718/ChangePassword/OKButton' is present

2019-08-01 15:28:51 - [TEST_STEP][PASSED] - click(findTestObject("Regression BackOffice/CLINK - 28718/ChangePassword/OKButton")): Object: 'Object Repository/Regression BackOffice/CLINK - 28718/ChangePassword/OKButton' is clicked on

2019-08-01 15:28:51 - [MESSAGE][PASSED] - Object: 'Object Repository/Regression BackOffice/CLINK - 28718/ChangePassword/OKButton' is clicked on

2019-08-01 15:28:51 - [TEST_STEP][PASSED] - delay(2): Delayed 2 second(s)

2019-08-01 15:28:53 - [MESSAGE][PASSED] - Delayed 2 second(s)

2019-08-01 15:28:53 - [TEST_STEP][PASSED] - acceptAlert(): Alert accepted

2019-08-01 15:28:53 - [MESSAGE][PASSED] - Alert accepted

2019-08-01 15:28:53 - [TEST_STEP][PASSED] - closeBrowser(): Browser is closed

2019-08-01 15:28:54 - [MESSAGE][PASSED] - Browser is closed]]></system-out>
         <system-err><![CDATA[]]></system-err>
      </testcase>
      <testcase name="Test Cases/Regression Clinical Edge (All Browsers)/CLNK-28946 - CE - Add diagnosis" classname="Test Cases/Regression Clinical Edge (All Browsers)/CLNK-28946 - CE - Add diagnosis" status="PASSED">
         <system-out><![CDATA[2019-08-01 15:28:56 - [TEST_CASE][PASSED] - Test Cases/Regression Clinical Edge (All Browsers)/CLNK-28946 - CE - Add diagnosis: Test Cases/Regression Clinical Edge (All Browsers)/CLNK-28946 - CE - Add diagnosis

2019-08-01 15:28:57 - [TEST_STEP][PASSED] - callTestCase(findTestCase("Regression Clinical Edge (All Browsers)/CLNK-23349 - ContinuLink - Login"), [:], STOP_ON_FAILURE): Call Test Case 'Test Cases/Regression Clinical Edge (All Browsers)/CLNK-23349 - ContinuLink - Login' successfully

2019-08-01 15:28:57 - [TEST_CASE][PASSED] - Test Cases/Regression Clinical Edge (All Browsers)/CLNK-23349 - ContinuLink - Login: Test Cases/Regression Clinical Edge (All Browsers)/CLNK-23349 - ContinuLink - Login

2019-08-01 15:28:57 - [TEST_STEP][PASSED] - openBrowser(G_SiteURL): Browser is opened with url: 'https://qanewpoc.continulink.com/Account/Login.aspx?ReturnUrl=%2fdefault.aspx'

2019-08-01 15:28:57 - [MESSAGE][INFO] - Starting 'Chrome' driver

2019-08-01 15:29:05 - [MESSAGE][PASSED] - Browser is opened with url: 'https://qanewpoc.continulink.com/Account/Login.aspx?ReturnUrl=%2fdefault.aspx'

2019-08-01 15:29:05 - [TEST_STEP][PASSED] - waitForPageLoad(60): Wait for page load successfully

2019-08-01 15:29:05 - [MESSAGE][PASSED] - Wait for page load successfully

2019-08-01 15:29:05 - [TEST_STEP][PASSED] - maximizeWindow(): Current window maximized

2019-08-01 15:29:10 - [MESSAGE][PASSED] - Current window maximized

2019-08-01 15:29:10 - [TEST_STEP][PASSED] - setText(findTestObject("Regression Clinical Edge/CLNK-23349/User"), G_CaregiverUserName): Text 'fefe' is set on object 'Object Repository/Regression Clinical Edge/CLNK-23349/User'

2019-08-01 15:29:10 - [MESSAGE][PASSED] - Text 'fefe' is set on object 'Object Repository/Regression Clinical Edge/CLNK-23349/User'

2019-08-01 15:29:10 - [TEST_STEP][PASSED] - setText(findTestObject("Regression Clinical Edge/CLNK-23349/Password"), G_Password): Text 'qwerty' is set on object 'Object Repository/Regression Clinical Edge/CLNK-23349/Password'

2019-08-01 15:29:10 - [MESSAGE][PASSED] - Text 'qwerty' is set on object 'Object Repository/Regression Clinical Edge/CLNK-23349/Password'

2019-08-01 15:29:10 - [TEST_STEP][PASSED] - click(findTestObject("Regression Clinical Edge/CLNK-23349/Button_LogIn")): Object: 'Object Repository/Regression Clinical Edge/CLNK-23349/Button_LogIn' is clicked on

2019-08-01 15:29:12 - [MESSAGE][PASSED] - Object: 'Object Repository/Regression Clinical Edge/CLNK-23349/Button_LogIn' is clicked on

2019-08-01 15:29:12 - [TEST_STEP][PASSED] - waitForPageLoad(60): Wait for page load successfully

2019-08-01 15:29:12 - [MESSAGE][PASSED] - Wait for page load successfully

2019-08-01 15:29:12 - [TEST_STEP][PASSED] - delay(2): Delayed 2 second(s)

2019-08-01 15:29:14 - [MESSAGE][PASSED] - Delayed 2 second(s)

2019-08-01 15:29:14 - [TEST_STEP][NOT_RUN] - waitForElementPresent(findTestObject("Regression Clinical Edge/CLINK-23509/button_Close"), 100): NOT_RUN: waitForElementPresent(findTestObject("Regression Clinical Edge/CLINK-23509/button_Close"), 100)

2019-08-01 15:29:14 - [MESSAGE][NOT_RUN] - NOT_RUN: waitForElementPresent(findTestObject("Regression Clinical Edge/CLINK-23509/button_Close"), 100)

2019-08-01 15:29:14 - [TEST_STEP][NOT_RUN] - click(findTestObject("Regression Clinical Edge/CLINK-23509/button_Close")): NOT_RUN: click(findTestObject("Regression Clinical Edge/CLINK-23509/button_Close"))

2019-08-01 15:29:14 - [MESSAGE][NOT_RUN] - NOT_RUN: click(findTestObject("Regression Clinical Edge/CLINK-23509/button_Close"))

2019-08-01 15:29:14 - [TEST_STEP][NOT_RUN] - delay(2): NOT_RUN: delay(2)

2019-08-01 15:29:14 - [MESSAGE][NOT_RUN] - NOT_RUN: delay(2)

2019-08-01 15:29:14 - [MESSAGE][PASSED] - Call Test Case 'Test Cases/Regression Clinical Edge (All Browsers)/CLNK-23349 - ContinuLink - Login' successfully

2019-08-01 15:29:14 - [TEST_STEP][PASSED] - waitForPageLoad(60): Wait for page load successfully

2019-08-01 15:29:14 - [MESSAGE][PASSED] - Wait for page load successfully

2019-08-01 15:29:14 - [TEST_STEP][PASSED] - maximizeWindow(): Current window maximized

2019-08-01 15:29:14 - [MESSAGE][PASSED] - Current window maximized

2019-08-01 15:29:14 - [TEST_STEP][PASSED] - waitForPageLoad(60): Wait for page load successfully

2019-08-01 15:29:14 - [MESSAGE][PASSED] - Wait for page load successfully

2019-08-01 15:29:14 - [TEST_STEP][PASSED] - delay(2): Delayed 2 second(s)

2019-08-01 15:29:16 - [MESSAGE][PASSED] - Delayed 2 second(s)

2019-08-01 15:29:16 - [TEST_STEP][PASSED] - waitForElementPresent(findTestObject("Regression Clinical Edge/ClientPage/HomeLink"), 100): Object 'Object Repository/Regression Clinical Edge/ClientPage/HomeLink' is present

2019-08-01 15:29:16 - [MESSAGE][PASSED] - Object 'Object Repository/Regression Clinical Edge/ClientPage/HomeLink' is present

2019-08-01 15:29:16 - [TEST_STEP][PASSED] - click(findTestObject("Regression Clinical Edge/ClientPage/HomeLink")): Object: 'Object Repository/Regression Clinical Edge/ClientPage/HomeLink' is clicked on

2019-08-01 15:29:16 - [MESSAGE][PASSED] - Object: 'Object Repository/Regression Clinical Edge/ClientPage/HomeLink' is clicked on

2019-08-01 15:29:16 - [TEST_STEP][PASSED] - delay(5): Delayed 5 second(s)

2019-08-01 15:29:21 - [MESSAGE][PASSED] - Delayed 5 second(s)

2019-08-01 15:29:21 - [TEST_STEP][PASSED] - waitForPageLoad(50): Wait for page load successfully

2019-08-01 15:29:21 - [MESSAGE][PASSED] - Wait for page load successfully

2019-08-01 15:29:21 - [TEST_STEP][PASSED] - waitForElementPresent(findTestObject("Regression Clinical Edge/HomePage/RequestTab"), 50): Object 'Object Repository/Regression Clinical Edge/HomePage/RequestTab' is present

2019-08-01 15:29:21 - [MESSAGE][PASSED] - Object 'Object Repository/Regression Clinical Edge/HomePage/RequestTab' is present

2019-08-01 15:29:21 - [TEST_STEP][PASSED] - click(findTestObject("Regression Clinical Edge/HomePage/RequestTab")): Object: 'Object Repository/Regression Clinical Edge/HomePage/RequestTab' is clicked on

2019-08-01 15:29:21 - [MESSAGE][PASSED] - Object: 'Object Repository/Regression Clinical Edge/HomePage/RequestTab' is clicked on

2019-08-01 15:29:21 - [TEST_STEP][PASSED] - delay(5): Delayed 5 second(s)

2019-08-01 15:29:26 - [MESSAGE][PASSED] - Delayed 5 second(s)

2019-08-01 15:29:26 - [TEST_STEP][PASSED] - waitForElementPresent(findTestObject("Regression Clinical Edge/HomePage/SearchText"), 50): Object 'Object Repository/Regression Clinical Edge/HomePage/SearchText' is present

2019-08-01 15:29:26 - [MESSAGE][PASSED] - Object 'Object Repository/Regression Clinical Edge/HomePage/SearchText' is present

2019-08-01 15:29:26 - [TEST_STEP][PASSED] - setText(findTestObject("Regression Clinical Edge/HomePage/SearchText"), G_ClientLastName): Text 'Gege' is set on object 'Object Repository/Regression Clinical Edge/HomePage/SearchText'

2019-08-01 15:29:26 - [MESSAGE][PASSED] - Text 'Gege' is set on object 'Object Repository/Regression Clinical Edge/HomePage/SearchText'

2019-08-01 15:29:26 - [TEST_STEP][PASSED] - delay(6): Delayed 6 second(s)

2019-08-01 15:29:32 - [MESSAGE][PASSED] - Delayed 6 second(s)

2019-08-01 15:29:32 - [TEST_STEP][PASSED] - scrollToElement(findTestObject("Regression Clinical Edge/CLINK-23314/a_Khur Heather (535592)"), 60): Scroll to object 'Object Repository/Regression Clinical Edge/CLINK-23314/a_Khur Heather (535592)' successfully

2019-08-01 15:29:33 - [MESSAGE][PASSED] - Scroll to object 'Object Repository/Regression Clinical Edge/CLINK-23314/a_Khur Heather (535592)' successfully

2019-08-01 15:29:33 - [TEST_STEP][PASSED] - waitForElementPresent(findTestObject("Regression Clinical Edge/CLINK-23314/a_Khur Heather (535592)"), 60): Object 'Object Repository/Regression Clinical Edge/CLINK-23314/a_Khur Heather (535592)' is present

2019-08-01 15:29:33 - [MESSAGE][PASSED] - Object 'Object Repository/Regression Clinical Edge/CLINK-23314/a_Khur Heather (535592)' is present

2019-08-01 15:29:33 - [TEST_STEP][PASSED] - click(findTestObject("Regression Clinical Edge/CLINK-23314/a_Khur Heather (535592)")): Object: 'Object Repository/Regression Clinical Edge/CLINK-23314/a_Khur Heather (535592)' is clicked on

2019-08-01 15:29:34 - [MESSAGE][PASSED] - Object: 'Object Repository/Regression Clinical Edge/CLINK-23314/a_Khur Heather (535592)' is clicked on

2019-08-01 15:29:34 - [TEST_STEP][PASSED] - delay(5): Delayed 5 second(s)

2019-08-01 15:29:39 - [MESSAGE][PASSED] - Delayed 5 second(s)

2019-08-01 15:29:39 - [TEST_STEP][PASSED] - waitForPageLoad(50): Wait for page load successfully

2019-08-01 15:29:39 - [MESSAGE][PASSED] - Wait for page load successfully

2019-08-01 15:29:39 - [TEST_STEP][PASSED] - waitForElementPresent(findTestObject("Regression Clinical Edge/HomePage/ClientLink"), 100): Object 'Object Repository/Regression Clinical Edge/HomePage/ClientLink' is present

2019-08-01 15:29:39 - [MESSAGE][PASSED] - Object 'Object Repository/Regression Clinical Edge/HomePage/ClientLink' is present

2019-08-01 15:29:39 - [TEST_STEP][PASSED] - click(findTestObject("Regression Clinical Edge/HomePage/ClientLink")): Object: 'Object Repository/Regression Clinical Edge/HomePage/ClientLink' is clicked on

2019-08-01 15:29:40 - [MESSAGE][PASSED] - Object: 'Object Repository/Regression Clinical Edge/HomePage/ClientLink' is clicked on

2019-08-01 15:29:40 - [TEST_STEP][PASSED] - delay(2): Delayed 2 second(s)

2019-08-01 15:29:42 - [MESSAGE][PASSED] - Delayed 2 second(s)

2019-08-01 15:29:42 - [TEST_STEP][PASSED] - waitForPageLoad(50): Wait for page load successfully

2019-08-01 15:29:42 - [MESSAGE][PASSED] - Wait for page load successfully

2019-08-01 15:29:42 - [TEST_STEP][PASSED] - waitForElementPresent(findTestObject("Regression Clinical Edge/CLINK-23509/Diagnosis/AddDiagnosis"), 50): Object 'Object Repository/Regression Clinical Edge/CLINK-23509/Diagnosis/AddDiagnosis' is present

2019-08-01 15:29:42 - [MESSAGE][PASSED] - Object 'Object Repository/Regression Clinical Edge/CLINK-23509/Diagnosis/AddDiagnosis' is present

2019-08-01 15:29:42 - [TEST_STEP][PASSED] - click(findTestObject("Regression Clinical Edge/CLINK-23509/Diagnosis/AddDiagnosis")): Object: 'Object Repository/Regression Clinical Edge/CLINK-23509/Diagnosis/AddDiagnosis' is clicked on

2019-08-01 15:29:42 - [MESSAGE][PASSED] - Object: 'Object Repository/Regression Clinical Edge/CLINK-23509/Diagnosis/AddDiagnosis' is clicked on

2019-08-01 15:29:42 - [TEST_STEP][PASSED] - delay(2): Delayed 2 second(s)

2019-08-01 15:29:44 - [MESSAGE][PASSED] - Delayed 2 second(s)

2019-08-01 15:29:44 - [TEST_STEP][PASSED] - waitForElementPresent(findTestObject("Regression Clinical Edge/CLINK-23509/Diagnosis/a_Diagnosis"), 50): Object 'Object Repository/Regression Clinical Edge/CLINK-23509/Diagnosis/a_Diagnosis' is present

2019-08-01 15:29:44 - [MESSAGE][PASSED] - Object 'Object Repository/Regression Clinical Edge/CLINK-23509/Diagnosis/a_Diagnosis' is present

2019-08-01 15:29:44 - [TEST_STEP][PASSED] - click(findTestObject("Regression Clinical Edge/CLINK-23509/Diagnosis/a_Diagnosis")): Object: 'Object Repository/Regression Clinical Edge/CLINK-23509/Diagnosis/a_Diagnosis' is clicked on

2019-08-01 15:29:44 - [MESSAGE][PASSED] - Object: 'Object Repository/Regression Clinical Edge/CLINK-23509/Diagnosis/a_Diagnosis' is clicked on

2019-08-01 15:29:44 - [TEST_STEP][PASSED] - delay(2): Delayed 2 second(s)

2019-08-01 15:29:46 - [MESSAGE][PASSED] - Delayed 2 second(s)

2019-08-01 15:29:46 - [TEST_STEP][PASSED] - waitForElementPresent(findTestObject("Regression Clinical Edge/CLINK-23509/Diagnosis/DiagnosisSearch"), 50): Object 'Object Repository/Regression Clinical Edge/CLINK-23509/Diagnosis/DiagnosisSearch' is present

2019-08-01 15:29:46 - [MESSAGE][PASSED] - Object 'Object Repository/Regression Clinical Edge/CLINK-23509/Diagnosis/DiagnosisSearch' is present

2019-08-01 15:29:46 - [TEST_STEP][PASSED] - click(findTestObject("Regression Clinical Edge/CLINK-23509/Diagnosis/DiagnosisSearch")): Object: 'Object Repository/Regression Clinical Edge/CLINK-23509/Diagnosis/DiagnosisSearch' is clicked on

2019-08-01 15:29:47 - [MESSAGE][PASSED] - Object: 'Object Repository/Regression Clinical Edge/CLINK-23509/Diagnosis/DiagnosisSearch' is clicked on

2019-08-01 15:29:47 - [TEST_STEP][PASSED] - delay(2): Delayed 2 second(s)

2019-08-01 15:29:49 - [MESSAGE][PASSED] - Delayed 2 second(s)

2019-08-01 15:29:49 - [TEST_STEP][PASSED] - waitForElementPresent(findTestObject("Regression Clinical Edge/CLINK-23509/Diagnosis/Codifier_Level_1"), 50): Object 'Object Repository/Regression Clinical Edge/CLINK-23509/Diagnosis/Codifier_Level_1' is present

2019-08-01 15:29:49 - [MESSAGE][PASSED] - Object 'Object Repository/Regression Clinical Edge/CLINK-23509/Diagnosis/Codifier_Level_1' is present

2019-08-01 15:29:49 - [TEST_STEP][PASSED] - setText(findTestObject("Regression Clinical Edge/CLINK-23509/Diagnosis/Codifier_Level_1"), "A"): Text 'A' is set on object 'Object Repository/Regression Clinical Edge/CLINK-23509/Diagnosis/Codifier_Level_1'

2019-08-01 15:29:49 - [MESSAGE][PASSED] - Text 'A' is set on object 'Object Repository/Regression Clinical Edge/CLINK-23509/Diagnosis/Codifier_Level_1'

2019-08-01 15:29:49 - [TEST_STEP][PASSED] - delay(2): Delayed 2 second(s)

2019-08-01 15:29:51 - [MESSAGE][PASSED] - Delayed 2 second(s)

2019-08-01 15:29:51 - [TEST_STEP][PASSED] - waitForElementPresent(findTestObject("Regression Clinical Edge/CLINK-23509/Diagnosis/Codifier_Level_2"), 50): Object 'Object Repository/Regression Clinical Edge/CLINK-23509/Diagnosis/Codifier_Level_2' is present

2019-08-01 15:29:51 - [MESSAGE][PASSED] - Object 'Object Repository/Regression Clinical Edge/CLINK-23509/Diagnosis/Codifier_Level_2' is present

2019-08-01 15:29:51 - [TEST_STEP][PASSED] - setText(findTestObject("Regression Clinical Edge/CLINK-23509/Diagnosis/Codifier_Level_2"), "0"): Text '0' is set on object 'Object Repository/Regression Clinical Edge/CLINK-23509/Diagnosis/Codifier_Level_2'

2019-08-01 15:29:51 - [MESSAGE][PASSED] - Text '0' is set on object 'Object Repository/Regression Clinical Edge/CLINK-23509/Diagnosis/Codifier_Level_2'

2019-08-01 15:29:51 - [TEST_STEP][PASSED] - delay(2): Delayed 2 second(s)

2019-08-01 15:29:53 - [MESSAGE][PASSED] - Delayed 2 second(s)

2019-08-01 15:29:53 - [TEST_STEP][PASSED] - waitForElementPresent(findTestObject("Regression Clinical Edge/CLINK-23509/Diagnosis/Codifier_Level_3"), 50): Object 'Object Repository/Regression Clinical Edge/CLINK-23509/Diagnosis/Codifier_Level_3' is present

2019-08-01 15:29:53 - [MESSAGE][PASSED] - Object 'Object Repository/Regression Clinical Edge/CLINK-23509/Diagnosis/Codifier_Level_3' is present

2019-08-01 15:29:53 - [TEST_STEP][PASSED] - setText(findTestObject("Regression Clinical Edge/CLINK-23509/Diagnosis/Codifier_Level_3"), "0"): Text '0' is set on object 'Object Repository/Regression Clinical Edge/CLINK-23509/Diagnosis/Codifier_Level_3'

2019-08-01 15:29:53 - [MESSAGE][PASSED] - Text '0' is set on object 'Object Repository/Regression Clinical Edge/CLINK-23509/Diagnosis/Codifier_Level_3'

2019-08-01 15:29:53 - [TEST_STEP][PASSED] - delay(2): Delayed 2 second(s)

2019-08-01 15:29:55 - [MESSAGE][PASSED] - Delayed 2 second(s)

2019-08-01 15:29:55 - [TEST_STEP][PASSED] - waitForElementPresent(findTestObject("Regression Clinical Edge/CLINK-23509/Diagnosis/Codifier_Level_4"), 50): Object 'Object Repository/Regression Clinical Edge/CLINK-23509/Diagnosis/Codifier_Level_4' is present

2019-08-01 15:29:55 - [MESSAGE][PASSED] - Object 'Object Repository/Regression Clinical Edge/CLINK-23509/Diagnosis/Codifier_Level_4' is present

2019-08-01 15:29:55 - [TEST_STEP][PASSED] - setText(findTestObject("Regression Clinical Edge/CLINK-23509/Diagnosis/Codifier_Level_4"), "0"): Text '0' is set on object 'Object Repository/Regression Clinical Edge/CLINK-23509/Diagnosis/Codifier_Level_4'

2019-08-01 15:29:55 - [MESSAGE][PASSED] - Text '0' is set on object 'Object Repository/Regression Clinical Edge/CLINK-23509/Diagnosis/Codifier_Level_4'

2019-08-01 15:29:55 - [TEST_STEP][PASSED] - delay(2): Delayed 2 second(s)

2019-08-01 15:29:57 - [MESSAGE][PASSED] - Delayed 2 second(s)

2019-08-01 15:29:57 - [TEST_STEP][PASSED] - waitForElementPresent(findTestObject("Regression Clinical Edge/CLINK-23509/Diagnosis/ApplyButton"), 50): Object 'Object Repository/Regression Clinical Edge/CLINK-23509/Diagnosis/ApplyButton' is present

2019-08-01 15:29:57 - [MESSAGE][PASSED] - Object 'Object Repository/Regression Clinical Edge/CLINK-23509/Diagnosis/ApplyButton' is present

2019-08-01 15:29:57 - [TEST_STEP][PASSED] - click(findTestObject("Regression Clinical Edge/CLINK-23509/Diagnosis/ApplyButton")): Object: 'Object Repository/Regression Clinical Edge/CLINK-23509/Diagnosis/ApplyButton' is clicked on

2019-08-01 15:29:57 - [MESSAGE][PASSED] - Object: 'Object Repository/Regression Clinical Edge/CLINK-23509/Diagnosis/ApplyButton' is clicked on

2019-08-01 15:29:57 - [TEST_STEP][PASSED] - delay(2): Delayed 2 second(s)

2019-08-01 15:29:59 - [MESSAGE][PASSED] - Delayed 2 second(s)

2019-08-01 15:29:59 - [TEST_STEP][PASSED] - waitForPageLoad(50): Wait for page load successfully

2019-08-01 15:29:59 - [MESSAGE][PASSED] - Wait for page load successfully

2019-08-01 15:29:59 - [TEST_STEP][PASSED] - waitForElementPresent(findTestObject("Regression Clinical Edge/CLINK-23509/Diagnosis/input_OE Date_txtOEDate"), 50): Object 'Object Repository/Regression Clinical Edge/CLINK-23509/Diagnosis/input_OE Date_txtOEDate' is present

2019-08-01 15:29:59 - [MESSAGE][PASSED] - Object 'Object Repository/Regression Clinical Edge/CLINK-23509/Diagnosis/input_OE Date_txtOEDate' is present

2019-08-01 15:29:59 - [TEST_STEP][PASSED] - click(findTestObject("Regression Clinical Edge/CLINK-23509/Diagnosis/input_OE Date_txtOEDate")): Object: 'Object Repository/Regression Clinical Edge/CLINK-23509/Diagnosis/input_OE Date_txtOEDate' is clicked on

2019-08-01 15:29:59 - [MESSAGE][PASSED] - Object: 'Object Repository/Regression Clinical Edge/CLINK-23509/Diagnosis/input_OE Date_txtOEDate' is clicked on

2019-08-01 15:29:59 - [TEST_STEP][PASSED] - sendKeys(findTestObject("Regression Clinical Edge/CLINK-23509/Diagnosis/input_OE Date_txtOEDate"), getDate.DateUtilities.getDateMonthDayYearNumber()): Keys '08012019' sent to object: 'Object Repository/Regression Clinical Edge/CLINK-23509/Diagnosis/input_OE Date_txtOEDate'

2019-08-01 15:29:59 - [MESSAGE][PASSED] - getDate.DateUtilities.getDateMonthDayYearNumber is PASSED

2019-08-01 15:29:59 - [MESSAGE][PASSED] - Keys '08012019' sent to object: 'Object Repository/Regression Clinical Edge/CLINK-23509/Diagnosis/input_OE Date_txtOEDate'

2019-08-01 15:29:59 - [TEST_STEP][PASSED] - delay(4): Delayed 4 second(s)

2019-08-01 15:30:03 - [MESSAGE][PASSED] - Delayed 4 second(s)

2019-08-01 15:30:03 - [TEST_STEP][PASSED] - waitForElementPresent(findTestObject("Regression Clinical Edge/CLINK-23509/Diagnosis/input_Effective Begin Date_txtBeginDate"), 50): Object 'Object Repository/Regression Clinical Edge/CLINK-23509/Diagnosis/input_Effective Begin Date_txtBeginDate' is present

2019-08-01 15:30:03 - [MESSAGE][PASSED] - Object 'Object Repository/Regression Clinical Edge/CLINK-23509/Diagnosis/input_Effective Begin Date_txtBeginDate' is present

2019-08-01 15:30:03 - [TEST_STEP][PASSED] - click(findTestObject("Regression Clinical Edge/CLINK-23509/Diagnosis/input_Effective Begin Date_txtBeginDate")): Object: 'Object Repository/Regression Clinical Edge/CLINK-23509/Diagnosis/input_Effective Begin Date_txtBeginDate' is clicked on

2019-08-01 15:30:04 - [MESSAGE][PASSED] - Object: 'Object Repository/Regression Clinical Edge/CLINK-23509/Diagnosis/input_Effective Begin Date_txtBeginDate' is clicked on

2019-08-01 15:30:04 - [TEST_STEP][PASSED] - sendKeys(findTestObject("Regression Clinical Edge/CLINK-23509/Diagnosis/input_Effective Begin Date_txtBeginDate"), getDate.DateUtilities.getDateMonthDayYearNumber()): Keys '08012019' sent to object: 'Object Repository/Regression Clinical Edge/CLINK-23509/Diagnosis/input_Effective Begin Date_txtBeginDate'

2019-08-01 15:30:04 - [MESSAGE][PASSED] - getDate.DateUtilities.getDateMonthDayYearNumber is PASSED

2019-08-01 15:30:04 - [MESSAGE][PASSED] - Keys '08012019' sent to object: 'Object Repository/Regression Clinical Edge/CLINK-23509/Diagnosis/input_Effective Begin Date_txtBeginDate'

2019-08-01 15:30:04 - [TEST_STEP][PASSED] - delay(4): Delayed 4 second(s)

2019-08-01 15:30:08 - [MESSAGE][PASSED] - Delayed 4 second(s)

2019-08-01 15:30:08 - [TEST_STEP][PASSED] - waitForElementPresent(findTestObject("Regression Clinical Edge/CLINK-23509/Diagnosis/button_OkDiagnosis"), 50): Object 'Object Repository/Regression Clinical Edge/CLINK-23509/Diagnosis/button_OkDiagnosis' is present

2019-08-01 15:30:08 - [MESSAGE][PASSED] - Object 'Object Repository/Regression Clinical Edge/CLINK-23509/Diagnosis/button_OkDiagnosis' is present

2019-08-01 15:30:08 - [TEST_STEP][PASSED] - click(findTestObject("Regression Clinical Edge/CLINK-23509/Diagnosis/button_OkDiagnosis")): Object: 'Object Repository/Regression Clinical Edge/CLINK-23509/Diagnosis/button_OkDiagnosis' is clicked on

2019-08-01 15:30:08 - [MESSAGE][PASSED] - Object: 'Object Repository/Regression Clinical Edge/CLINK-23509/Diagnosis/button_OkDiagnosis' is clicked on

2019-08-01 15:30:08 - [TEST_STEP][PASSED] - delay(5): Delayed 5 second(s)

2019-08-01 15:30:13 - [MESSAGE][PASSED] - Delayed 5 second(s)

2019-08-01 15:30:13 - [TEST_STEP][PASSED] - closeBrowser(): Browser is closed

2019-08-01 15:30:13 - [MESSAGE][PASSED] - Browser is closed]]></system-out>
         <system-err><![CDATA[]]></system-err>
      </testcase>
      <testcase name="Test Cases/Regression Clinical Edge (All Browsers)/CLNK-23506 - Clinical Edge - POC - 60 Day Summary" classname="Test Cases/Regression Clinical Edge (All Browsers)/CLNK-23506 - Clinical Edge - POC - 60 Day Summary" status="PASSED">
         <system-out><![CDATA[2019-08-01 15:30:16 - [TEST_CASE][PASSED] - Test Cases/Regression Clinical Edge (All Browsers)/CLNK-23506 - Clinical Edge - POC - 60 Day Summary: Test Cases/Regression Clinical Edge (All Browsers)/CLNK-23506 - Clinical Edge - POC - 60 Day Summary

2019-08-01 15:30:16 - [TEST_STEP][PASSED] - callTestCase(findTestCase("Regression Clinical Edge (All Browsers)/CLNK-23349 - ContinuLink - Login"), [:], STOP_ON_FAILURE): Call Test Case 'Test Cases/Regression Clinical Edge (All Browsers)/CLNK-23349 - ContinuLink - Login' successfully

2019-08-01 15:30:16 - [TEST_CASE][PASSED] - Test Cases/Regression Clinical Edge (All Browsers)/CLNK-23349 - ContinuLink - Login: Test Cases/Regression Clinical Edge (All Browsers)/CLNK-23349 - ContinuLink - Login

2019-08-01 15:30:16 - [TEST_STEP][PASSED] - openBrowser(G_SiteURL): Browser is opened with url: 'https://qanewpoc.continulink.com/Account/Login.aspx?ReturnUrl=%2fdefault.aspx'

2019-08-01 15:30:16 - [MESSAGE][INFO] - Starting 'Chrome' driver

2019-08-01 15:30:25 - [MESSAGE][PASSED] - Browser is opened with url: 'https://qanewpoc.continulink.com/Account/Login.aspx?ReturnUrl=%2fdefault.aspx'

2019-08-01 15:30:25 - [TEST_STEP][PASSED] - waitForPageLoad(60): Wait for page load successfully

2019-08-01 15:30:25 - [MESSAGE][PASSED] - Wait for page load successfully

2019-08-01 15:30:25 - [TEST_STEP][PASSED] - maximizeWindow(): Current window maximized

2019-08-01 15:30:29 - [MESSAGE][PASSED] - Current window maximized

2019-08-01 15:30:29 - [TEST_STEP][PASSED] - setText(findTestObject("Regression Clinical Edge/CLNK-23349/User"), G_CaregiverUserName): Text 'fefe' is set on object 'Object Repository/Regression Clinical Edge/CLNK-23349/User'

2019-08-01 15:30:29 - [MESSAGE][PASSED] - Text 'fefe' is set on object 'Object Repository/Regression Clinical Edge/CLNK-23349/User'

2019-08-01 15:30:29 - [TEST_STEP][PASSED] - setText(findTestObject("Regression Clinical Edge/CLNK-23349/Password"), G_Password): Text 'qwerty' is set on object 'Object Repository/Regression Clinical Edge/CLNK-23349/Password'

2019-08-01 15:30:29 - [MESSAGE][PASSED] - Text 'qwerty' is set on object 'Object Repository/Regression Clinical Edge/CLNK-23349/Password'

2019-08-01 15:30:29 - [TEST_STEP][PASSED] - click(findTestObject("Regression Clinical Edge/CLNK-23349/Button_LogIn")): Object: 'Object Repository/Regression Clinical Edge/CLNK-23349/Button_LogIn' is clicked on

2019-08-01 15:30:31 - [MESSAGE][PASSED] - Object: 'Object Repository/Regression Clinical Edge/CLNK-23349/Button_LogIn' is clicked on

2019-08-01 15:30:31 - [TEST_STEP][PASSED] - waitForPageLoad(60): Wait for page load successfully

2019-08-01 15:30:31 - [MESSAGE][PASSED] - Wait for page load successfully

2019-08-01 15:30:31 - [TEST_STEP][PASSED] - delay(2): Delayed 2 second(s)

2019-08-01 15:30:33 - [MESSAGE][PASSED] - Delayed 2 second(s)

2019-08-01 15:30:33 - [TEST_STEP][NOT_RUN] - waitForElementPresent(findTestObject("Regression Clinical Edge/CLINK-23509/button_Close"), 100): NOT_RUN: waitForElementPresent(findTestObject("Regression Clinical Edge/CLINK-23509/button_Close"), 100)

2019-08-01 15:30:33 - [MESSAGE][NOT_RUN] - NOT_RUN: waitForElementPresent(findTestObject("Regression Clinical Edge/CLINK-23509/button_Close"), 100)

2019-08-01 15:30:33 - [TEST_STEP][NOT_RUN] - click(findTestObject("Regression Clinical Edge/CLINK-23509/button_Close")): NOT_RUN: click(findTestObject("Regression Clinical Edge/CLINK-23509/button_Close"))

2019-08-01 15:30:33 - [MESSAGE][NOT_RUN] - NOT_RUN: click(findTestObject("Regression Clinical Edge/CLINK-23509/button_Close"))

2019-08-01 15:30:33 - [TEST_STEP][NOT_RUN] - delay(2): NOT_RUN: delay(2)

2019-08-01 15:30:33 - [MESSAGE][NOT_RUN] - NOT_RUN: delay(2)

2019-08-01 15:30:33 - [MESSAGE][PASSED] - Call Test Case 'Test Cases/Regression Clinical Edge (All Browsers)/CLNK-23349 - ContinuLink - Login' successfully

2019-08-01 15:30:33 - [TEST_STEP][PASSED] - waitForPageLoad(60): Wait for page load successfully

2019-08-01 15:30:33 - [MESSAGE][PASSED] - Wait for page load successfully

2019-08-01 15:30:33 - [TEST_STEP][PASSED] - maximizeWindow(): Current window maximized

2019-08-01 15:30:33 - [MESSAGE][PASSED] - Current window maximized

2019-08-01 15:30:33 - [TEST_STEP][PASSED] - waitForPageLoad(60): Wait for page load successfully

2019-08-01 15:30:33 - [MESSAGE][PASSED] - Wait for page load successfully

2019-08-01 15:30:33 - [TEST_STEP][PASSED] - delay(8): Delayed 8 second(s)

2019-08-01 15:30:41 - [MESSAGE][PASSED] - Delayed 8 second(s)

2019-08-01 15:30:41 - [TEST_STEP][PASSED] - waitForElementPresent(findTestObject("Regression Clinical Edge/ClientPage/HomeLink"), 100): Object 'Object Repository/Regression Clinical Edge/ClientPage/HomeLink' is present

2019-08-01 15:30:41 - [MESSAGE][PASSED] - Object 'Object Repository/Regression Clinical Edge/ClientPage/HomeLink' is present

2019-08-01 15:30:41 - [TEST_STEP][PASSED] - click(findTestObject("Regression Clinical Edge/ClientPage/HomeLink")): Object: 'Object Repository/Regression Clinical Edge/ClientPage/HomeLink' is clicked on

2019-08-01 15:30:42 - [MESSAGE][PASSED] - Object: 'Object Repository/Regression Clinical Edge/ClientPage/HomeLink' is clicked on

2019-08-01 15:30:42 - [TEST_STEP][PASSED] - delay(2): Delayed 2 second(s)

2019-08-01 15:30:44 - [MESSAGE][PASSED] - Delayed 2 second(s)

2019-08-01 15:30:44 - [TEST_STEP][PASSED] - waitForPageLoad(50): Wait for page load successfully

2019-08-01 15:30:44 - [MESSAGE][PASSED] - Wait for page load successfully

2019-08-01 15:30:44 - [TEST_STEP][PASSED] - waitForElementPresent(findTestObject("Regression Clinical Edge/HomePage/RequestTab"), 50): Object 'Object Repository/Regression Clinical Edge/HomePage/RequestTab' is present

2019-08-01 15:30:44 - [MESSAGE][PASSED] - Object 'Object Repository/Regression Clinical Edge/HomePage/RequestTab' is present

2019-08-01 15:30:44 - [TEST_STEP][PASSED] - click(findTestObject("Regression Clinical Edge/HomePage/RequestTab")): Object: 'Object Repository/Regression Clinical Edge/HomePage/RequestTab' is clicked on

2019-08-01 15:30:44 - [MESSAGE][PASSED] - Object: 'Object Repository/Regression Clinical Edge/HomePage/RequestTab' is clicked on

2019-08-01 15:30:44 - [TEST_STEP][PASSED] - delay(2): Delayed 2 second(s)

2019-08-01 15:30:46 - [MESSAGE][PASSED] - Delayed 2 second(s)

2019-08-01 15:30:46 - [TEST_STEP][PASSED] - waitForElementPresent(findTestObject("Regression Clinical Edge/HomePage/SearchText"), 50): Object 'Object Repository/Regression Clinical Edge/HomePage/SearchText' is present

2019-08-01 15:30:46 - [MESSAGE][PASSED] - Object 'Object Repository/Regression Clinical Edge/HomePage/SearchText' is present

2019-08-01 15:30:46 - [TEST_STEP][PASSED] - setText(findTestObject("Regression Clinical Edge/HomePage/SearchText"), G_ClientLastName): Text 'Gege' is set on object 'Object Repository/Regression Clinical Edge/HomePage/SearchText'

2019-08-01 15:30:46 - [MESSAGE][PASSED] - Text 'Gege' is set on object 'Object Repository/Regression Clinical Edge/HomePage/SearchText'

2019-08-01 15:30:46 - [TEST_STEP][PASSED] - delay(3): Delayed 3 second(s)

2019-08-01 15:30:49 - [MESSAGE][PASSED] - Delayed 3 second(s)

2019-08-01 15:30:49 - [TEST_STEP][PASSED] - scrollToElement(findTestObject("Regression Clinical Edge/CLINK-23314/a_Khur Heather (535592)"), 60): Scroll to object 'Object Repository/Regression Clinical Edge/CLINK-23314/a_Khur Heather (535592)' successfully

2019-08-01 15:30:50 - [MESSAGE][PASSED] - Scroll to object 'Object Repository/Regression Clinical Edge/CLINK-23314/a_Khur Heather (535592)' successfully

2019-08-01 15:30:50 - [TEST_STEP][PASSED] - waitForElementPresent(findTestObject("Regression Clinical Edge/CLINK-23314/a_Khur Heather (535592)"), 60): Object 'Object Repository/Regression Clinical Edge/CLINK-23314/a_Khur Heather (535592)' is present

2019-08-01 15:30:50 - [MESSAGE][PASSED] - Object 'Object Repository/Regression Clinical Edge/CLINK-23314/a_Khur Heather (535592)' is present

2019-08-01 15:30:50 - [TEST_STEP][PASSED] - click(findTestObject("Regression Clinical Edge/CLINK-23314/a_Khur Heather (535592)")): Object: 'Object Repository/Regression Clinical Edge/CLINK-23314/a_Khur Heather (535592)' is clicked on

2019-08-01 15:30:51 - [MESSAGE][PASSED] - Object: 'Object Repository/Regression Clinical Edge/CLINK-23314/a_Khur Heather (535592)' is clicked on

2019-08-01 15:30:51 - [TEST_STEP][PASSED] - delay(5): Delayed 5 second(s)

2019-08-01 15:30:56 - [MESSAGE][PASSED] - Delayed 5 second(s)

2019-08-01 15:30:56 - [TEST_STEP][PASSED] - waitForPageLoad(50): Wait for page load successfully

2019-08-01 15:30:56 - [MESSAGE][PASSED] - Wait for page load successfully

2019-08-01 15:30:56 - [TEST_STEP][PASSED] - waitForElementPresent(findTestObject("Regression Clinical Edge/HomePage/ClientLink"), 100): Object 'Object Repository/Regression Clinical Edge/HomePage/ClientLink' is present

2019-08-01 15:30:56 - [MESSAGE][PASSED] - Object 'Object Repository/Regression Clinical Edge/HomePage/ClientLink' is present

2019-08-01 15:30:56 - [TEST_STEP][PASSED] - click(findTestObject("Regression Clinical Edge/HomePage/ClientLink")): Object: 'Object Repository/Regression Clinical Edge/HomePage/ClientLink' is clicked on

2019-08-01 15:30:57 - [MESSAGE][PASSED] - Object: 'Object Repository/Regression Clinical Edge/HomePage/ClientLink' is clicked on

2019-08-01 15:30:57 - [TEST_STEP][PASSED] - delay(2): Delayed 2 second(s)

2019-08-01 15:30:59 - [MESSAGE][PASSED] - Delayed 2 second(s)

2019-08-01 15:30:59 - [TEST_STEP][PASSED] - waitForPageLoad(50): Wait for page load successfully

2019-08-01 15:30:59 - [MESSAGE][PASSED] - Wait for page load successfully

2019-08-01 15:30:59 - [TEST_STEP][PASSED] - scrollToElement(findTestObject("Regression Clinical Edge/CLINK - 23504/Plan of Care Section"), 50): Scroll to object 'Object Repository/Regression Clinical Edge/CLINK - 23504/Plan of Care Section' successfully

2019-08-01 15:30:59 - [MESSAGE][PASSED] - Scroll to object 'Object Repository/Regression Clinical Edge/CLINK - 23504/Plan of Care Section' successfully

2019-08-01 15:30:59 - [TEST_STEP][PASSED] - waitForElementPresent(findTestObject("Regression Clinical Edge/CLINK-23505/AddPlanCare"), 50): Object 'Object Repository/Regression Clinical Edge/CLINK-23505/AddPlanCare' is present

2019-08-01 15:30:59 - [MESSAGE][PASSED] - Object 'Object Repository/Regression Clinical Edge/CLINK-23505/AddPlanCare' is present

2019-08-01 15:30:59 - [TEST_STEP][PASSED] - click(findTestObject("Regression Clinical Edge/CLINK-23505/AddPlanCare")): Object: 'Object Repository/Regression Clinical Edge/CLINK-23505/AddPlanCare' is clicked on

2019-08-01 15:30:59 - [MESSAGE][PASSED] - Object: 'Object Repository/Regression Clinical Edge/CLINK-23505/AddPlanCare' is clicked on

2019-08-01 15:30:59 - [TEST_STEP][PASSED] - delay(2): Delayed 2 second(s)

2019-08-01 15:31:01 - [MESSAGE][PASSED] - Delayed 2 second(s)

2019-08-01 15:31:01 - [TEST_STEP][PASSED] - waitForElementPresent(findTestObject("Regression Clinical Edge/CLINK-23505/POC"), 50): Object 'Object Repository/Regression Clinical Edge/CLINK-23505/POC' is present

2019-08-01 15:31:01 - [MESSAGE][PASSED] - Object 'Object Repository/Regression Clinical Edge/CLINK-23505/POC' is present

2019-08-01 15:31:01 - [TEST_STEP][PASSED] - click(findTestObject("Regression Clinical Edge/CLINK-23505/POC")): Object: 'Object Repository/Regression Clinical Edge/CLINK-23505/POC' is clicked on

2019-08-01 15:31:02 - [MESSAGE][PASSED] - Object: 'Object Repository/Regression Clinical Edge/CLINK-23505/POC' is clicked on

2019-08-01 15:31:02 - [TEST_STEP][PASSED] - delay(3): Delayed 3 second(s)

2019-08-01 15:31:05 - [MESSAGE][PASSED] - Delayed 3 second(s)

2019-08-01 15:31:05 - [TEST_STEP][PASSED] - waitForElementPresent(findTestObject("Regression Clinical Edge/CLNK-23506/ErrorMessageIcon"), 50): Object 'Object Repository/Regression Clinical Edge/CLNK-23506/ErrorMessageIcon' is present

2019-08-01 15:31:05 - [MESSAGE][PASSED] - Object 'Object Repository/Regression Clinical Edge/CLNK-23506/ErrorMessageIcon' is present

2019-08-01 15:31:05 - [TEST_STEP][PASSED] - verifyElementPresent(findTestObject("Regression Clinical Edge/CLNK-23506/ErrorMessageIcon"), 50): Object 'Object Repository/Regression Clinical Edge/CLNK-23506/ErrorMessageIcon' is present

2019-08-01 15:31:05 - [MESSAGE][PASSED] - Object 'Object Repository/Regression Clinical Edge/CLNK-23506/ErrorMessageIcon' is present

2019-08-01 15:31:05 - [TEST_STEP][PASSED] - delay(3): Delayed 3 second(s)

2019-08-01 15:31:08 - [MESSAGE][PASSED] - Delayed 3 second(s)

2019-08-01 15:31:08 - [TEST_STEP][PASSED] - closeBrowser(): Browser is closed

2019-08-01 15:31:08 - [MESSAGE][PASSED] - Browser is closed]]></system-out>
         <system-err><![CDATA[]]></system-err>
      </testcase>
      <testcase name="Test Cases/Regression Clinical Edge (All Browsers)/CLNK-23505 - Clinical Edge - POC - Plan of Care" classname="Test Cases/Regression Clinical Edge (All Browsers)/CLNK-23505 - Clinical Edge - POC - Plan of Care" status="PASSED">
         <system-out><![CDATA[2019-08-01 15:31:10 - [TEST_CASE][PASSED] - Test Cases/Regression Clinical Edge (All Browsers)/CLNK-23505 - Clinical Edge - POC - Plan of Care: Test Cases/Regression Clinical Edge (All Browsers)/CLNK-23505 - Clinical Edge - POC - Plan of Care

2019-08-01 15:31:11 - [TEST_STEP][PASSED] - callTestCase(findTestCase("Regression Clinical Edge (All Browsers)/CLNK-23349 - ContinuLink - Login"), [:], STOP_ON_FAILURE): Call Test Case 'Test Cases/Regression Clinical Edge (All Browsers)/CLNK-23349 - ContinuLink - Login' successfully

2019-08-01 15:31:11 - [TEST_CASE][PASSED] - Test Cases/Regression Clinical Edge (All Browsers)/CLNK-23349 - ContinuLink - Login: Test Cases/Regression Clinical Edge (All Browsers)/CLNK-23349 - ContinuLink - Login

2019-08-01 15:31:11 - [TEST_STEP][PASSED] - openBrowser(G_SiteURL): Browser is opened with url: 'https://qanewpoc.continulink.com/Account/Login.aspx?ReturnUrl=%2fdefault.aspx'

2019-08-01 15:31:11 - [MESSAGE][INFO] - Starting 'Chrome' driver

2019-08-01 15:31:19 - [MESSAGE][PASSED] - Browser is opened with url: 'https://qanewpoc.continulink.com/Account/Login.aspx?ReturnUrl=%2fdefault.aspx'

2019-08-01 15:31:19 - [TEST_STEP][PASSED] - waitForPageLoad(60): Wait for page load successfully

2019-08-01 15:31:19 - [MESSAGE][PASSED] - Wait for page load successfully

2019-08-01 15:31:19 - [TEST_STEP][PASSED] - maximizeWindow(): Current window maximized

2019-08-01 15:31:24 - [MESSAGE][PASSED] - Current window maximized

2019-08-01 15:31:24 - [TEST_STEP][PASSED] - setText(findTestObject("Regression Clinical Edge/CLNK-23349/User"), G_CaregiverUserName): Text 'fefe' is set on object 'Object Repository/Regression Clinical Edge/CLNK-23349/User'

2019-08-01 15:31:24 - [MESSAGE][PASSED] - Text 'fefe' is set on object 'Object Repository/Regression Clinical Edge/CLNK-23349/User'

2019-08-01 15:31:24 - [TEST_STEP][PASSED] - setText(findTestObject("Regression Clinical Edge/CLNK-23349/Password"), G_Password): Text 'qwerty' is set on object 'Object Repository/Regression Clinical Edge/CLNK-23349/Password'

2019-08-01 15:31:24 - [MESSAGE][PASSED] - Text 'qwerty' is set on object 'Object Repository/Regression Clinical Edge/CLNK-23349/Password'

2019-08-01 15:31:24 - [TEST_STEP][PASSED] - click(findTestObject("Regression Clinical Edge/CLNK-23349/Button_LogIn")): Object: 'Object Repository/Regression Clinical Edge/CLNK-23349/Button_LogIn' is clicked on

2019-08-01 15:31:25 - [MESSAGE][PASSED] - Object: 'Object Repository/Regression Clinical Edge/CLNK-23349/Button_LogIn' is clicked on

2019-08-01 15:31:25 - [TEST_STEP][PASSED] - waitForPageLoad(60): Wait for page load successfully

2019-08-01 15:31:25 - [MESSAGE][PASSED] - Wait for page load successfully

2019-08-01 15:31:25 - [TEST_STEP][PASSED] - delay(2): Delayed 2 second(s)

2019-08-01 15:31:28 - [MESSAGE][PASSED] - Delayed 2 second(s)

2019-08-01 15:31:28 - [TEST_STEP][NOT_RUN] - waitForElementPresent(findTestObject("Regression Clinical Edge/CLINK-23509/button_Close"), 100): NOT_RUN: waitForElementPresent(findTestObject("Regression Clinical Edge/CLINK-23509/button_Close"), 100)

2019-08-01 15:31:28 - [MESSAGE][NOT_RUN] - NOT_RUN: waitForElementPresent(findTestObject("Regression Clinical Edge/CLINK-23509/button_Close"), 100)

2019-08-01 15:31:28 - [TEST_STEP][NOT_RUN] - click(findTestObject("Regression Clinical Edge/CLINK-23509/button_Close")): NOT_RUN: click(findTestObject("Regression Clinical Edge/CLINK-23509/button_Close"))

2019-08-01 15:31:28 - [MESSAGE][NOT_RUN] - NOT_RUN: click(findTestObject("Regression Clinical Edge/CLINK-23509/button_Close"))

2019-08-01 15:31:28 - [TEST_STEP][NOT_RUN] - delay(2): NOT_RUN: delay(2)

2019-08-01 15:31:28 - [MESSAGE][NOT_RUN] - NOT_RUN: delay(2)

2019-08-01 15:31:28 - [MESSAGE][PASSED] - Call Test Case 'Test Cases/Regression Clinical Edge (All Browsers)/CLNK-23349 - ContinuLink - Login' successfully

2019-08-01 15:31:28 - [TEST_STEP][PASSED] - waitForPageLoad(60): Wait for page load successfully

2019-08-01 15:31:28 - [MESSAGE][PASSED] - Wait for page load successfully

2019-08-01 15:31:28 - [TEST_STEP][PASSED] - maximizeWindow(): Current window maximized

2019-08-01 15:31:28 - [MESSAGE][PASSED] - Current window maximized

2019-08-01 15:31:28 - [TEST_STEP][PASSED] - waitForPageLoad(60): Wait for page load successfully

2019-08-01 15:31:28 - [MESSAGE][PASSED] - Wait for page load successfully

2019-08-01 15:31:28 - [TEST_STEP][PASSED] - delay(8): Delayed 8 second(s)

2019-08-01 15:31:36 - [MESSAGE][PASSED] - Delayed 8 second(s)

2019-08-01 15:31:36 - [TEST_STEP][NOT_RUN] - waitForElementPresent(findTestObject("Regression Clinical Edge/CLNK-23497/button_Close"), 100): NOT_RUN: waitForElementPresent(findTestObject("Regression Clinical Edge/CLNK-23497/button_Close"), 100)

2019-08-01 15:31:36 - [MESSAGE][NOT_RUN] - NOT_RUN: waitForElementPresent(findTestObject("Regression Clinical Edge/CLNK-23497/button_Close"), 100)

2019-08-01 15:31:36 - [TEST_STEP][NOT_RUN] - click(findTestObject("Regression Clinical Edge/CLNK-23497/button_Close")): NOT_RUN: click(findTestObject("Regression Clinical Edge/CLNK-23497/button_Close"))

2019-08-01 15:31:36 - [MESSAGE][NOT_RUN] - NOT_RUN: click(findTestObject("Regression Clinical Edge/CLNK-23497/button_Close"))

2019-08-01 15:31:36 - [TEST_STEP][NOT_RUN] - delay(2): NOT_RUN: delay(2)

2019-08-01 15:31:36 - [MESSAGE][NOT_RUN] - NOT_RUN: delay(2)

2019-08-01 15:31:36 - [TEST_STEP][PASSED] - waitForElementPresent(findTestObject("Regression Clinical Edge/ClientPage/HomeLink"), 100): Object 'Object Repository/Regression Clinical Edge/ClientPage/HomeLink' is present

2019-08-01 15:31:36 - [MESSAGE][PASSED] - Object 'Object Repository/Regression Clinical Edge/ClientPage/HomeLink' is present

2019-08-01 15:31:36 - [TEST_STEP][PASSED] - click(findTestObject("Regression Clinical Edge/ClientPage/HomeLink")): Object: 'Object Repository/Regression Clinical Edge/ClientPage/HomeLink' is clicked on

2019-08-01 15:31:36 - [MESSAGE][PASSED] - Object: 'Object Repository/Regression Clinical Edge/ClientPage/HomeLink' is clicked on

2019-08-01 15:31:36 - [TEST_STEP][PASSED] - delay(2): Delayed 2 second(s)

2019-08-01 15:31:38 - [MESSAGE][PASSED] - Delayed 2 second(s)

2019-08-01 15:31:38 - [TEST_STEP][PASSED] - waitForPageLoad(50): Wait for page load successfully

2019-08-01 15:31:38 - [MESSAGE][PASSED] - Wait for page load successfully

2019-08-01 15:31:38 - [TEST_STEP][PASSED] - waitForElementPresent(findTestObject("Regression Clinical Edge/HomePage/RequestTab"), 50): Object 'Object Repository/Regression Clinical Edge/HomePage/RequestTab' is present

2019-08-01 15:31:38 - [MESSAGE][PASSED] - Object 'Object Repository/Regression Clinical Edge/HomePage/RequestTab' is present

2019-08-01 15:31:38 - [TEST_STEP][PASSED] - click(findTestObject("Regression Clinical Edge/HomePage/RequestTab")): Object: 'Object Repository/Regression Clinical Edge/HomePage/RequestTab' is clicked on

2019-08-01 15:31:38 - [MESSAGE][PASSED] - Object: 'Object Repository/Regression Clinical Edge/HomePage/RequestTab' is clicked on

2019-08-01 15:31:38 - [TEST_STEP][PASSED] - delay(2): Delayed 2 second(s)

2019-08-01 15:31:40 - [MESSAGE][PASSED] - Delayed 2 second(s)

2019-08-01 15:31:40 - [TEST_STEP][PASSED] - waitForElementPresent(findTestObject("Regression Clinical Edge/HomePage/SearchText"), 50): Object 'Object Repository/Regression Clinical Edge/HomePage/SearchText' is present

2019-08-01 15:31:40 - [MESSAGE][PASSED] - Object 'Object Repository/Regression Clinical Edge/HomePage/SearchText' is present

2019-08-01 15:31:40 - [TEST_STEP][PASSED] - setText(findTestObject("Regression Clinical Edge/HomePage/SearchText"), G_ClientLastName): Text 'Gege' is set on object 'Object Repository/Regression Clinical Edge/HomePage/SearchText'

2019-08-01 15:31:40 - [MESSAGE][PASSED] - Text 'Gege' is set on object 'Object Repository/Regression Clinical Edge/HomePage/SearchText'

2019-08-01 15:31:40 - [TEST_STEP][PASSED] - delay(3): Delayed 3 second(s)

2019-08-01 15:31:43 - [MESSAGE][PASSED] - Delayed 3 second(s)

2019-08-01 15:31:43 - [TEST_STEP][PASSED] - scrollToElement(findTestObject("Regression Clinical Edge/CLINK-23314/a_Khur Heather (535592)"), 60): Scroll to object 'Object Repository/Regression Clinical Edge/CLINK-23314/a_Khur Heather (535592)' successfully

2019-08-01 15:31:44 - [MESSAGE][PASSED] - Scroll to object 'Object Repository/Regression Clinical Edge/CLINK-23314/a_Khur Heather (535592)' successfully

2019-08-01 15:31:44 - [TEST_STEP][PASSED] - waitForElementPresent(findTestObject("Regression Clinical Edge/CLINK-23314/a_Khur Heather (535592)"), 60): Object 'Object Repository/Regression Clinical Edge/CLINK-23314/a_Khur Heather (535592)' is present

2019-08-01 15:31:44 - [MESSAGE][PASSED] - Object 'Object Repository/Regression Clinical Edge/CLINK-23314/a_Khur Heather (535592)' is present

2019-08-01 15:31:44 - [TEST_STEP][PASSED] - click(findTestObject("Regression Clinical Edge/CLINK-23314/a_Khur Heather (535592)")): Object: 'Object Repository/Regression Clinical Edge/CLINK-23314/a_Khur Heather (535592)' is clicked on

2019-08-01 15:31:45 - [MESSAGE][PASSED] - Object: 'Object Repository/Regression Clinical Edge/CLINK-23314/a_Khur Heather (535592)' is clicked on

2019-08-01 15:31:45 - [TEST_STEP][PASSED] - delay(5): Delayed 5 second(s)

2019-08-01 15:31:50 - [MESSAGE][PASSED] - Delayed 5 second(s)

2019-08-01 15:31:50 - [TEST_STEP][PASSED] - waitForPageLoad(50): Wait for page load successfully

2019-08-01 15:31:50 - [MESSAGE][PASSED] - Wait for page load successfully

2019-08-01 15:31:50 - [TEST_STEP][PASSED] - waitForElementPresent(findTestObject("Regression Clinical Edge/HomePage/ClientLink"), 100): Object 'Object Repository/Regression Clinical Edge/HomePage/ClientLink' is present

2019-08-01 15:31:50 - [MESSAGE][PASSED] - Object 'Object Repository/Regression Clinical Edge/HomePage/ClientLink' is present

2019-08-01 15:31:50 - [TEST_STEP][PASSED] - click(findTestObject("Regression Clinical Edge/HomePage/ClientLink")): Object: 'Object Repository/Regression Clinical Edge/HomePage/ClientLink' is clicked on

2019-08-01 15:31:51 - [MESSAGE][PASSED] - Object: 'Object Repository/Regression Clinical Edge/HomePage/ClientLink' is clicked on

2019-08-01 15:31:51 - [TEST_STEP][PASSED] - delay(2): Delayed 2 second(s)

2019-08-01 15:31:53 - [MESSAGE][PASSED] - Delayed 2 second(s)

2019-08-01 15:31:53 - [TEST_STEP][PASSED] - waitForPageLoad(50): Wait for page load successfully

2019-08-01 15:31:53 - [MESSAGE][PASSED] - Wait for page load successfully

2019-08-01 15:31:53 - [TEST_STEP][PASSED] - scrollToElement(findTestObject("Regression Clinical Edge/CLINK - 23504/Plan of Care Section"), 50): Scroll to object 'Object Repository/Regression Clinical Edge/CLINK - 23504/Plan of Care Section' successfully

2019-08-01 15:31:53 - [MESSAGE][PASSED] - Scroll to object 'Object Repository/Regression Clinical Edge/CLINK - 23504/Plan of Care Section' successfully

2019-08-01 15:31:53 - [TEST_STEP][PASSED] - waitForElementPresent(findTestObject("Regression Clinical Edge/CLINK-23505/AddPlanCare"), 50): Object 'Object Repository/Regression Clinical Edge/CLINK-23505/AddPlanCare' is present

2019-08-01 15:31:53 - [MESSAGE][PASSED] - Object 'Object Repository/Regression Clinical Edge/CLINK-23505/AddPlanCare' is present

2019-08-01 15:31:53 - [TEST_STEP][PASSED] - click(findTestObject("Regression Clinical Edge/CLINK-23505/AddPlanCare")): Object: 'Object Repository/Regression Clinical Edge/CLINK-23505/AddPlanCare' is clicked on

2019-08-01 15:31:53 - [MESSAGE][PASSED] - Object: 'Object Repository/Regression Clinical Edge/CLINK-23505/AddPlanCare' is clicked on

2019-08-01 15:31:53 - [TEST_STEP][PASSED] - delay(2): Delayed 2 second(s)

2019-08-01 15:31:55 - [MESSAGE][PASSED] - Delayed 2 second(s)

2019-08-01 15:31:55 - [TEST_STEP][PASSED] - waitForElementPresent(findTestObject("Regression Clinical Edge/CLINK-23505/POC"), 50): Object 'Object Repository/Regression Clinical Edge/CLINK-23505/POC' is present

2019-08-01 15:31:55 - [MESSAGE][PASSED] - Object 'Object Repository/Regression Clinical Edge/CLINK-23505/POC' is present

2019-08-01 15:31:55 - [TEST_STEP][PASSED] - click(findTestObject("Regression Clinical Edge/CLINK-23505/POC")): Object: 'Object Repository/Regression Clinical Edge/CLINK-23505/POC' is clicked on

2019-08-01 15:31:55 - [MESSAGE][PASSED] - Object: 'Object Repository/Regression Clinical Edge/CLINK-23505/POC' is clicked on

2019-08-01 15:31:55 - [TEST_STEP][PASSED] - delay(3): Delayed 3 second(s)

2019-08-01 15:31:58 - [MESSAGE][PASSED] - Delayed 3 second(s)

2019-08-01 15:31:58 - [TEST_STEP][PASSED] - waitForElementPresent(findTestObject("Regression Clinical Edge/CLINK-23505/SavePOC"), 50): Object 'Object Repository/Regression Clinical Edge/CLINK-23505/SavePOC' is present

2019-08-01 15:31:58 - [MESSAGE][PASSED] - Object 'Object Repository/Regression Clinical Edge/CLINK-23505/SavePOC' is present

2019-08-01 15:31:58 - [TEST_STEP][PASSED] - click(findTestObject("Regression Clinical Edge/CLINK-23505/SavePOC")): Object: 'Object Repository/Regression Clinical Edge/CLINK-23505/SavePOC' is clicked on

2019-08-01 15:31:58 - [MESSAGE][PASSED] - Object: 'Object Repository/Regression Clinical Edge/CLINK-23505/SavePOC' is clicked on

2019-08-01 15:31:58 - [TEST_STEP][PASSED] - delay(3): Delayed 3 second(s)

2019-08-01 15:32:01 - [MESSAGE][PASSED] - Delayed 3 second(s)

2019-08-01 15:32:01 - [TEST_STEP][PASSED] - closeBrowser(): Browser is closed

2019-08-01 15:32:02 - [MESSAGE][PASSED] - Browser is closed]]></system-out>
         <system-err><![CDATA[]]></system-err>
      </testcase>
      <testcase name="Test Cases/Regression Clinical Edge (All Browsers)/CLNK-23509 - Clinical Edge - POC - Sign and Submit" classname="Test Cases/Regression Clinical Edge (All Browsers)/CLNK-23509 - Clinical Edge - POC - Sign and Submit" status="PASSED">
         <system-out><![CDATA[2019-08-01 15:32:04 - [TEST_CASE][PASSED] - Test Cases/Regression Clinical Edge (All Browsers)/CLNK-23509 - Clinical Edge - POC - Sign and Submit: Test Cases/Regression Clinical Edge (All Browsers)/CLNK-23509 - Clinical Edge - POC - Sign and Submit

2019-08-01 15:32:05 - [TEST_STEP][PASSED] - callTestCase(findTestCase("Regression Clinical Edge (All Browsers)/CLNK-23349 - ContinuLink - Login"), [:], STOP_ON_FAILURE): Call Test Case 'Test Cases/Regression Clinical Edge (All Browsers)/CLNK-23349 - ContinuLink - Login' successfully

2019-08-01 15:32:05 - [TEST_CASE][PASSED] - Test Cases/Regression Clinical Edge (All Browsers)/CLNK-23349 - ContinuLink - Login: Test Cases/Regression Clinical Edge (All Browsers)/CLNK-23349 - ContinuLink - Login

2019-08-01 15:32:05 - [TEST_STEP][PASSED] - openBrowser(G_SiteURL): Browser is opened with url: 'https://qanewpoc.continulink.com/Account/Login.aspx?ReturnUrl=%2fdefault.aspx'

2019-08-01 15:32:05 - [MESSAGE][INFO] - Starting 'Chrome' driver

2019-08-01 15:32:14 - [MESSAGE][PASSED] - Browser is opened with url: 'https://qanewpoc.continulink.com/Account/Login.aspx?ReturnUrl=%2fdefault.aspx'

2019-08-01 15:32:14 - [TEST_STEP][PASSED] - waitForPageLoad(60): Wait for page load successfully

2019-08-01 15:32:14 - [MESSAGE][PASSED] - Wait for page load successfully

2019-08-01 15:32:14 - [TEST_STEP][PASSED] - maximizeWindow(): Current window maximized

2019-08-01 15:32:18 - [MESSAGE][PASSED] - Current window maximized

2019-08-01 15:32:18 - [TEST_STEP][PASSED] - setText(findTestObject("Regression Clinical Edge/CLNK-23349/User"), G_CaregiverUserName): Text 'fefe' is set on object 'Object Repository/Regression Clinical Edge/CLNK-23349/User'

2019-08-01 15:32:18 - [MESSAGE][PASSED] - Text 'fefe' is set on object 'Object Repository/Regression Clinical Edge/CLNK-23349/User'

2019-08-01 15:32:18 - [TEST_STEP][PASSED] - setText(findTestObject("Regression Clinical Edge/CLNK-23349/Password"), G_Password): Text 'qwerty' is set on object 'Object Repository/Regression Clinical Edge/CLNK-23349/Password'

2019-08-01 15:32:18 - [MESSAGE][PASSED] - Text 'qwerty' is set on object 'Object Repository/Regression Clinical Edge/CLNK-23349/Password'

2019-08-01 15:32:18 - [TEST_STEP][PASSED] - click(findTestObject("Regression Clinical Edge/CLNK-23349/Button_LogIn")): Object: 'Object Repository/Regression Clinical Edge/CLNK-23349/Button_LogIn' is clicked on

2019-08-01 15:32:20 - [MESSAGE][PASSED] - Object: 'Object Repository/Regression Clinical Edge/CLNK-23349/Button_LogIn' is clicked on

2019-08-01 15:32:20 - [TEST_STEP][PASSED] - waitForPageLoad(60): Wait for page load successfully

2019-08-01 15:32:20 - [MESSAGE][PASSED] - Wait for page load successfully

2019-08-01 15:32:20 - [TEST_STEP][PASSED] - delay(2): Delayed 2 second(s)

2019-08-01 15:32:22 - [MESSAGE][PASSED] - Delayed 2 second(s)

2019-08-01 15:32:22 - [TEST_STEP][NOT_RUN] - waitForElementPresent(findTestObject("Regression Clinical Edge/CLINK-23509/button_Close"), 100): NOT_RUN: waitForElementPresent(findTestObject("Regression Clinical Edge/CLINK-23509/button_Close"), 100)

2019-08-01 15:32:22 - [MESSAGE][NOT_RUN] - NOT_RUN: waitForElementPresent(findTestObject("Regression Clinical Edge/CLINK-23509/button_Close"), 100)

2019-08-01 15:32:22 - [TEST_STEP][NOT_RUN] - click(findTestObject("Regression Clinical Edge/CLINK-23509/button_Close")): NOT_RUN: click(findTestObject("Regression Clinical Edge/CLINK-23509/button_Close"))

2019-08-01 15:32:22 - [MESSAGE][NOT_RUN] - NOT_RUN: click(findTestObject("Regression Clinical Edge/CLINK-23509/button_Close"))

2019-08-01 15:32:22 - [TEST_STEP][NOT_RUN] - delay(2): NOT_RUN: delay(2)

2019-08-01 15:32:22 - [MESSAGE][NOT_RUN] - NOT_RUN: delay(2)

2019-08-01 15:32:22 - [MESSAGE][PASSED] - Call Test Case 'Test Cases/Regression Clinical Edge (All Browsers)/CLNK-23349 - ContinuLink - Login' successfully

2019-08-01 15:32:22 - [TEST_STEP][PASSED] - waitForPageLoad(60): Wait for page load successfully

2019-08-01 15:32:22 - [MESSAGE][PASSED] - Wait for page load successfully

2019-08-01 15:32:22 - [TEST_STEP][PASSED] - maximizeWindow(): Current window maximized

2019-08-01 15:32:22 - [MESSAGE][PASSED] - Current window maximized

2019-08-01 15:32:22 - [TEST_STEP][PASSED] - waitForPageLoad(60): Wait for page load successfully

2019-08-01 15:32:22 - [MESSAGE][PASSED] - Wait for page load successfully

2019-08-01 15:32:22 - [TEST_STEP][PASSED] - delay(8): Delayed 8 second(s)

2019-08-01 15:32:30 - [MESSAGE][PASSED] - Delayed 8 second(s)

2019-08-01 15:32:30 - [TEST_STEP][PASSED] - waitForElementPresent(findTestObject("Regression Clinical Edge/ClientPage/HomeLink"), 100): Object 'Object Repository/Regression Clinical Edge/ClientPage/HomeLink' is present

2019-08-01 15:32:30 - [MESSAGE][PASSED] - Object 'Object Repository/Regression Clinical Edge/ClientPage/HomeLink' is present

2019-08-01 15:32:30 - [TEST_STEP][PASSED] - click(findTestObject("Regression Clinical Edge/ClientPage/HomeLink")): Object: 'Object Repository/Regression Clinical Edge/ClientPage/HomeLink' is clicked on

2019-08-01 15:32:31 - [MESSAGE][PASSED] - Object: 'Object Repository/Regression Clinical Edge/ClientPage/HomeLink' is clicked on

2019-08-01 15:32:31 - [TEST_STEP][PASSED] - delay(2): Delayed 2 second(s)

2019-08-01 15:32:33 - [MESSAGE][PASSED] - Delayed 2 second(s)

2019-08-01 15:32:33 - [TEST_STEP][PASSED] - waitForPageLoad(50): Wait for page load successfully

2019-08-01 15:32:33 - [MESSAGE][PASSED] - Wait for page load successfully

2019-08-01 15:32:33 - [TEST_STEP][PASSED] - waitForElementPresent(findTestObject("Regression Clinical Edge/HomePage/RequestTab"), 50): Object 'Object Repository/Regression Clinical Edge/HomePage/RequestTab' is present

2019-08-01 15:32:33 - [MESSAGE][PASSED] - Object 'Object Repository/Regression Clinical Edge/HomePage/RequestTab' is present

2019-08-01 15:32:33 - [TEST_STEP][PASSED] - click(findTestObject("Regression Clinical Edge/HomePage/RequestTab")): Object: 'Object Repository/Regression Clinical Edge/HomePage/RequestTab' is clicked on

2019-08-01 15:32:33 - [MESSAGE][PASSED] - Object: 'Object Repository/Regression Clinical Edge/HomePage/RequestTab' is clicked on

2019-08-01 15:32:33 - [TEST_STEP][PASSED] - delay(2): Delayed 2 second(s)

2019-08-01 15:32:35 - [MESSAGE][PASSED] - Delayed 2 second(s)

2019-08-01 15:32:35 - [TEST_STEP][PASSED] - waitForElementPresent(findTestObject("Regression Clinical Edge/HomePage/SearchText"), 50): Object 'Object Repository/Regression Clinical Edge/HomePage/SearchText' is present

2019-08-01 15:32:35 - [MESSAGE][PASSED] - Object 'Object Repository/Regression Clinical Edge/HomePage/SearchText' is present

2019-08-01 15:32:35 - [TEST_STEP][PASSED] - setText(findTestObject("Regression Clinical Edge/HomePage/SearchText"), G_ClientLastName): Text 'Gege' is set on object 'Object Repository/Regression Clinical Edge/HomePage/SearchText'

2019-08-01 15:32:35 - [MESSAGE][PASSED] - Text 'Gege' is set on object 'Object Repository/Regression Clinical Edge/HomePage/SearchText'

2019-08-01 15:32:35 - [TEST_STEP][PASSED] - delay(3): Delayed 3 second(s)

2019-08-01 15:32:38 - [MESSAGE][PASSED] - Delayed 3 second(s)

2019-08-01 15:32:38 - [TEST_STEP][PASSED] - scrollToElement(findTestObject("Regression Clinical Edge/CLINK-23314/a_Khur Heather (535592)"), 60): Scroll to object 'Object Repository/Regression Clinical Edge/CLINK-23314/a_Khur Heather (535592)' successfully

2019-08-01 15:32:38 - [MESSAGE][PASSED] - Scroll to object 'Object Repository/Regression Clinical Edge/CLINK-23314/a_Khur Heather (535592)' successfully

2019-08-01 15:32:38 - [TEST_STEP][PASSED] - waitForElementPresent(findTestObject("Regression Clinical Edge/CLINK-23314/a_Khur Heather (535592)"), 60): Object 'Object Repository/Regression Clinical Edge/CLINK-23314/a_Khur Heather (535592)' is present

2019-08-01 15:32:38 - [MESSAGE][PASSED] - Object 'Object Repository/Regression Clinical Edge/CLINK-23314/a_Khur Heather (535592)' is present

2019-08-01 15:32:38 - [TEST_STEP][PASSED] - click(findTestObject("Regression Clinical Edge/CLINK-23314/a_Khur Heather (535592)")): Object: 'Object Repository/Regression Clinical Edge/CLINK-23314/a_Khur Heather (535592)' is clicked on

2019-08-01 15:32:39 - [MESSAGE][PASSED] - Object: 'Object Repository/Regression Clinical Edge/CLINK-23314/a_Khur Heather (535592)' is clicked on

2019-08-01 15:32:39 - [TEST_STEP][PASSED] - delay(5): Delayed 5 second(s)

2019-08-01 15:32:44 - [MESSAGE][PASSED] - Delayed 5 second(s)

2019-08-01 15:32:44 - [TEST_STEP][PASSED] - waitForPageLoad(50): Wait for page load successfully

2019-08-01 15:32:45 - [MESSAGE][PASSED] - Wait for page load successfully

2019-08-01 15:32:45 - [TEST_STEP][PASSED] - waitForElementPresent(findTestObject("Regression Clinical Edge/HomePage/ClientLink"), 100): Object 'Object Repository/Regression Clinical Edge/HomePage/ClientLink' is present

2019-08-01 15:32:45 - [MESSAGE][PASSED] - Object 'Object Repository/Regression Clinical Edge/HomePage/ClientLink' is present

2019-08-01 15:32:45 - [TEST_STEP][PASSED] - click(findTestObject("Regression Clinical Edge/HomePage/ClientLink")): Object: 'Object Repository/Regression Clinical Edge/HomePage/ClientLink' is clicked on

2019-08-01 15:32:45 - [MESSAGE][PASSED] - Object: 'Object Repository/Regression Clinical Edge/HomePage/ClientLink' is clicked on

2019-08-01 15:32:45 - [TEST_STEP][PASSED] - delay(2): Delayed 2 second(s)

2019-08-01 15:32:47 - [MESSAGE][PASSED] - Delayed 2 second(s)

2019-08-01 15:32:47 - [TEST_STEP][PASSED] - waitForPageLoad(50): Wait for page load successfully

2019-08-01 15:32:47 - [MESSAGE][PASSED] - Wait for page load successfully

2019-08-01 15:32:47 - [TEST_STEP][PASSED] - scrollToElement(findTestObject("Regression Clinical Edge/CLINK - 23504/Plan of Care Section"), 50): Scroll to object 'Object Repository/Regression Clinical Edge/CLINK - 23504/Plan of Care Section' successfully

2019-08-01 15:32:47 - [MESSAGE][PASSED] - Scroll to object 'Object Repository/Regression Clinical Edge/CLINK - 23504/Plan of Care Section' successfully

2019-08-01 15:32:47 - [TEST_STEP][PASSED] - click(findTestObject("Regression Clinical Edge/CLINK-23509/Plan of Care Client")): Object: 'Object Repository/Regression Clinical Edge/CLINK-23509/Plan of Care Client' is clicked on

2019-08-01 15:32:51 - [MESSAGE][PASSED] - Object: 'Object Repository/Regression Clinical Edge/CLINK-23509/Plan of Care Client' is clicked on

2019-08-01 15:32:51 - [TEST_STEP][PASSED] - waitForPageLoad(50): Wait for page load successfully

2019-08-01 15:32:51 - [MESSAGE][PASSED] - Wait for page load successfully

2019-08-01 15:32:51 - [TEST_STEP][PASSED] - waitForElementPresent(findTestObject("Regression Clinical Edge/CLINK-23509/GoNext"), 50): Object 'Object Repository/Regression Clinical Edge/CLINK-23509/GoNext' is present

2019-08-01 15:32:51 - [MESSAGE][PASSED] - Object 'Object Repository/Regression Clinical Edge/CLINK-23509/GoNext' is present

2019-08-01 15:32:51 - [TEST_STEP][PASSED] - click(findTestObject("Regression Clinical Edge/CLINK-23509/GoNext")): Object: 'Object Repository/Regression Clinical Edge/CLINK-23509/GoNext' is clicked on

2019-08-01 15:32:54 - [MESSAGE][PASSED] - Object: 'Object Repository/Regression Clinical Edge/CLINK-23509/GoNext' is clicked on

2019-08-01 15:32:54 - [TEST_STEP][PASSED] - waitForPageLoad(50): Wait for page load successfully

2019-08-01 15:32:54 - [MESSAGE][PASSED] - Wait for page load successfully

2019-08-01 15:32:54 - [TEST_STEP][PASSED] - delay(2): Delayed 2 second(s)

2019-08-01 15:32:56 - [MESSAGE][PASSED] - Delayed 2 second(s)

2019-08-01 15:32:56 - [TEST_STEP][PASSED] - waitForElementPresent(findTestObject("Regression Clinical Edge/CLINK-23509/GoNext"), 50): Object 'Object Repository/Regression Clinical Edge/CLINK-23509/GoNext' is present

2019-08-01 15:32:56 - [MESSAGE][PASSED] - Object 'Object Repository/Regression Clinical Edge/CLINK-23509/GoNext' is present

2019-08-01 15:32:56 - [TEST_STEP][PASSED] - delay(2): Delayed 2 second(s)

2019-08-01 15:32:58 - [MESSAGE][PASSED] - Delayed 2 second(s)

2019-08-01 15:32:58 - [TEST_STEP][PASSED] - click(findTestObject("Regression Clinical Edge/CLINK-23509/GoNext")): Object: 'Object Repository/Regression Clinical Edge/CLINK-23509/GoNext' is clicked on

2019-08-01 15:32:59 - [MESSAGE][PASSED] - Object: 'Object Repository/Regression Clinical Edge/CLINK-23509/GoNext' is clicked on

2019-08-01 15:32:59 - [TEST_STEP][PASSED] - waitForPageLoad(50): Wait for page load successfully

2019-08-01 15:32:59 - [MESSAGE][PASSED] - Wait for page load successfully

2019-08-01 15:32:59 - [TEST_STEP][PASSED] - delay(2): Delayed 2 second(s)

2019-08-01 15:33:01 - [MESSAGE][PASSED] - Delayed 2 second(s)

2019-08-01 15:33:01 - [TEST_STEP][PASSED] - waitForElementPresent(findTestObject("Regression Clinical Edge/CLINK-23509/GoNext"), 50): Object 'Object Repository/Regression Clinical Edge/CLINK-23509/GoNext' is present

2019-08-01 15:33:01 - [MESSAGE][PASSED] - Object 'Object Repository/Regression Clinical Edge/CLINK-23509/GoNext' is present

2019-08-01 15:33:01 - [TEST_STEP][PASSED] - click(findTestObject("Regression Clinical Edge/CLINK-23509/GoNext")): Object: 'Object Repository/Regression Clinical Edge/CLINK-23509/GoNext' is clicked on

2019-08-01 15:33:03 - [MESSAGE][PASSED] - Object: 'Object Repository/Regression Clinical Edge/CLINK-23509/GoNext' is clicked on

2019-08-01 15:33:03 - [TEST_STEP][PASSED] - waitForPageLoad(50): Wait for page load successfully

2019-08-01 15:33:03 - [MESSAGE][PASSED] - Wait for page load successfully

2019-08-01 15:33:03 - [TEST_STEP][PASSED] - delay(2): Delayed 2 second(s)

2019-08-01 15:33:05 - [MESSAGE][PASSED] - Delayed 2 second(s)

2019-08-01 15:33:05 - [TEST_STEP][NOT_RUN] - waitForElementPresent(findTestObject("Regression Clinical Edge/CLINK-23509/EditBtn"), 50): NOT_RUN: waitForElementPresent(findTestObject("Regression Clinical Edge/CLINK-23509/EditBtn"), 50)

2019-08-01 15:33:05 - [MESSAGE][NOT_RUN] - NOT_RUN: waitForElementPresent(findTestObject("Regression Clinical Edge/CLINK-23509/EditBtn"), 50)

2019-08-01 15:33:05 - [TEST_STEP][NOT_RUN] - click(findTestObject("Regression Clinical Edge/CLINK-23509/EditBtn")): NOT_RUN: click(findTestObject("Regression Clinical Edge/CLINK-23509/EditBtn"))

2019-08-01 15:33:05 - [MESSAGE][NOT_RUN] - NOT_RUN: click(findTestObject("Regression Clinical Edge/CLINK-23509/EditBtn"))

2019-08-01 15:33:05 - [TEST_STEP][NOT_RUN] - waitForPageLoad(50): NOT_RUN: waitForPageLoad(50)

2019-08-01 15:33:05 - [MESSAGE][NOT_RUN] - NOT_RUN: waitForPageLoad(50)

2019-08-01 15:33:05 - [TEST_STEP][NOT_RUN] - delay(3): NOT_RUN: delay(3)

2019-08-01 15:33:05 - [MESSAGE][NOT_RUN] - NOT_RUN: delay(3)

2019-08-01 15:33:05 - [TEST_STEP][PASSED] - waitForElementPresent(findTestObject("Regression Clinical Edge/CLINK-23509/CaneMedical Equipment"), 50): Object 'Object Repository/Regression Clinical Edge/CLINK-23509/CaneMedical Equipment' is present

2019-08-01 15:33:05 - [MESSAGE][PASSED] - Object 'Object Repository/Regression Clinical Edge/CLINK-23509/CaneMedical Equipment' is present

2019-08-01 15:33:05 - [TEST_STEP][PASSED] - click(findTestObject("Regression Clinical Edge/CLINK-23509/CaneMedical Equipment")): Object: 'Object Repository/Regression Clinical Edge/CLINK-23509/CaneMedical Equipment' is clicked on

2019-08-01 15:33:05 - [MESSAGE][PASSED] - Object: 'Object Repository/Regression Clinical Edge/CLINK-23509/CaneMedical Equipment' is clicked on

2019-08-01 15:33:05 - [TEST_STEP][PASSED] - delay(2): Delayed 2 second(s)

2019-08-01 15:33:07 - [MESSAGE][PASSED] - Delayed 2 second(s)

2019-08-01 15:33:07 - [TEST_STEP][PASSED] - waitForElementPresent(findTestObject("Regression Clinical Edge/CLINK-23509/SaveBtn"), 50): Object 'Object Repository/Regression Clinical Edge/CLINK-23509/SaveBtn' is present

2019-08-01 15:33:07 - [MESSAGE][PASSED] - Object 'Object Repository/Regression Clinical Edge/CLINK-23509/SaveBtn' is present

2019-08-01 15:33:07 - [TEST_STEP][PASSED] - click(findTestObject("Regression Clinical Edge/CLINK-23509/SaveBtn")): Object: 'Object Repository/Regression Clinical Edge/CLINK-23509/SaveBtn' is clicked on

2019-08-01 15:33:07 - [MESSAGE][PASSED] - Object: 'Object Repository/Regression Clinical Edge/CLINK-23509/SaveBtn' is clicked on

2019-08-01 15:33:07 - [TEST_STEP][PASSED] - waitForPageLoad(50): Wait for page load successfully

2019-08-01 15:33:07 - [MESSAGE][PASSED] - Wait for page load successfully

2019-08-01 15:33:07 - [TEST_STEP][PASSED] - delay(10): Delayed 10 second(s)

2019-08-01 15:33:17 - [MESSAGE][PASSED] - Delayed 10 second(s)

2019-08-01 15:33:17 - [TEST_STEP][PASSED] - waitForElementPresent(findTestObject("Regression Clinical Edge/CLINK-23509/div_SignSubmit"), 50): Object 'Object Repository/Regression Clinical Edge/CLINK-23509/div_SignSubmit' is present

2019-08-01 15:33:17 - [MESSAGE][PASSED] - Object 'Object Repository/Regression Clinical Edge/CLINK-23509/div_SignSubmit' is present

2019-08-01 15:33:17 - [TEST_STEP][PASSED] - click(findTestObject("Regression Clinical Edge/CLINK-23509/div_SignSubmit")): Object: 'Object Repository/Regression Clinical Edge/CLINK-23509/div_SignSubmit' is clicked on

2019-08-01 15:33:17 - [MESSAGE][PASSED] - Object: 'Object Repository/Regression Clinical Edge/CLINK-23509/div_SignSubmit' is clicked on

2019-08-01 15:33:17 - [TEST_STEP][PASSED] - waitForPageLoad(50): Wait for page load successfully

2019-08-01 15:33:17 - [MESSAGE][PASSED] - Wait for page load successfully

2019-08-01 15:33:17 - [TEST_STEP][PASSED] - delay(3): Delayed 3 second(s)

2019-08-01 15:33:20 - [MESSAGE][PASSED] - Delayed 3 second(s)

2019-08-01 15:33:20 - [TEST_STEP][PASSED] - waitForElementPresent(findTestObject("Regression Clinical Edge/CLINK-23509/Frequency/b_Treatment Orders"), 50): Object 'Object Repository/Regression Clinical Edge/CLINK-23509/Frequency/b_Treatment Orders' is present

2019-08-01 15:33:20 - [MESSAGE][PASSED] - Object 'Object Repository/Regression Clinical Edge/CLINK-23509/Frequency/b_Treatment Orders' is present

2019-08-01 15:33:20 - [TEST_STEP][PASSED] - click(findTestObject("Regression Clinical Edge/CLINK-23509/Frequency/b_Treatment Orders")): Object: 'Object Repository/Regression Clinical Edge/CLINK-23509/Frequency/b_Treatment Orders' is clicked on

2019-08-01 15:33:23 - [MESSAGE][PASSED] - Object: 'Object Repository/Regression Clinical Edge/CLINK-23509/Frequency/b_Treatment Orders' is clicked on

2019-08-01 15:33:23 - [TEST_STEP][PASSED] - delay(5): Delayed 5 second(s)

2019-08-01 15:33:28 - [MESSAGE][PASSED] - Delayed 5 second(s)

2019-08-01 15:33:28 - [TEST_STEP][PASSED] - waitForElementPresent(findTestObject("Regression Clinical Edge/CLINK-23509/Frequency/AddTreatment Orders"), 50): Object 'Object Repository/Regression Clinical Edge/CLINK-23509/Frequency/AddTreatment Orders' is present

2019-08-01 15:33:29 - [MESSAGE][PASSED] - Object 'Object Repository/Regression Clinical Edge/CLINK-23509/Frequency/AddTreatment Orders' is present

2019-08-01 15:33:29 - [TEST_STEP][PASSED] - click(findTestObject("Regression Clinical Edge/CLINK-23509/Frequency/AddTreatment Orders")): Object: 'Object Repository/Regression Clinical Edge/CLINK-23509/Frequency/AddTreatment Orders' is clicked on

2019-08-01 15:33:29 - [MESSAGE][PASSED] - Object: 'Object Repository/Regression Clinical Edge/CLINK-23509/Frequency/AddTreatment Orders' is clicked on

2019-08-01 15:33:29 - [TEST_STEP][PASSED] - delay(2): Delayed 2 second(s)

2019-08-01 15:33:31 - [MESSAGE][PASSED] - Delayed 2 second(s)

2019-08-01 15:33:31 - [TEST_STEP][PASSED] - waitForElementPresent(findTestObject("Regression Clinical Edge/CLINK-23509/Frequency/ServiceType"), 50): Object 'Object Repository/Regression Clinical Edge/CLINK-23509/Frequency/ServiceType' is present

2019-08-01 15:33:31 - [MESSAGE][PASSED] - Object 'Object Repository/Regression Clinical Edge/CLINK-23509/Frequency/ServiceType' is present

2019-08-01 15:33:31 - [TEST_STEP][PASSED] - click(findTestObject("Regression Clinical Edge/CLINK-23509/Frequency/ServiceType")): Object: 'Object Repository/Regression Clinical Edge/CLINK-23509/Frequency/ServiceType' is clicked on

2019-08-01 15:33:31 - [MESSAGE][PASSED] - Object: 'Object Repository/Regression Clinical Edge/CLINK-23509/Frequency/ServiceType' is clicked on

2019-08-01 15:33:31 - [TEST_STEP][PASSED] - sendKeys(findTestObject("Regression Clinical Edge/CLINK-23509/Frequency/ServiceType"), Keys.chord(ARROW_DOWN, ENTER)): Keys 'DOWN + ENTER + ' sent to object: 'Object Repository/Regression Clinical Edge/CLINK-23509/Frequency/ServiceType'

2019-08-01 15:33:31 - [MESSAGE][PASSED] - Keys 'DOWN + ENTER + ' sent to object: 'Object Repository/Regression Clinical Edge/CLINK-23509/Frequency/ServiceType'

2019-08-01 15:33:31 - [TEST_STEP][PASSED] - delay(2): Delayed 2 second(s)

2019-08-01 15:33:33 - [MESSAGE][PASSED] - Delayed 2 second(s)

2019-08-01 15:33:33 - [TEST_STEP][PASSED] - waitForElementPresent(findTestObject("Regression Clinical Edge/CLINK-23509/Frequency/Number of Visits"), 50): Object 'Object Repository/Regression Clinical Edge/CLINK-23509/Frequency/Number of Visits' is present

2019-08-01 15:33:33 - [MESSAGE][PASSED] - Object 'Object Repository/Regression Clinical Edge/CLINK-23509/Frequency/Number of Visits' is present

2019-08-01 15:33:33 - [TEST_STEP][PASSED] - setText(findTestObject("Regression Clinical Edge/CLINK-23509/Frequency/Number of Visits"), "2"): Text '2' is set on object 'Object Repository/Regression Clinical Edge/CLINK-23509/Frequency/Number of Visits'

2019-08-01 15:33:33 - [MESSAGE][PASSED] - Text '2' is set on object 'Object Repository/Regression Clinical Edge/CLINK-23509/Frequency/Number of Visits'

2019-08-01 15:33:33 - [TEST_STEP][PASSED] - waitForElementPresent(findTestObject("Regression Clinical Edge/CLINK-23509/Frequency/Frequency"), 50): Object 'Object Repository/Regression Clinical Edge/CLINK-23509/Frequency/Frequency' is present

2019-08-01 15:33:33 - [MESSAGE][PASSED] - Object 'Object Repository/Regression Clinical Edge/CLINK-23509/Frequency/Frequency' is present

2019-08-01 15:33:33 - [TEST_STEP][PASSED] - click(findTestObject("Regression Clinical Edge/CLINK-23509/Frequency/Frequency")): Object: 'Object Repository/Regression Clinical Edge/CLINK-23509/Frequency/Frequency' is clicked on

2019-08-01 15:33:33 - [MESSAGE][PASSED] - Object: 'Object Repository/Regression Clinical Edge/CLINK-23509/Frequency/Frequency' is clicked on

2019-08-01 15:33:33 - [TEST_STEP][PASSED] - sendKeys(findTestObject("Regression Clinical Edge/CLINK-23509/Frequency/Frequency"), Keys.chord(ARROW_DOWN, ENTER)): Keys 'DOWN + ENTER + ' sent to object: 'Object Repository/Regression Clinical Edge/CLINK-23509/Frequency/Frequency'

2019-08-01 15:33:34 - [MESSAGE][PASSED] - Keys 'DOWN + ENTER + ' sent to object: 'Object Repository/Regression Clinical Edge/CLINK-23509/Frequency/Frequency'

2019-08-01 15:33:34 - [TEST_STEP][PASSED] - delay(2): Delayed 2 second(s)

2019-08-01 15:33:36 - [MESSAGE][PASSED] - Delayed 2 second(s)

2019-08-01 15:33:36 - [TEST_STEP][PASSED] - waitForElementPresent(findTestObject("Regression Clinical Edge/CLINK-23509/Frequency/Order Duration"), 50): Object 'Object Repository/Regression Clinical Edge/CLINK-23509/Frequency/Order Duration' is present

2019-08-01 15:33:36 - [MESSAGE][PASSED] - Object 'Object Repository/Regression Clinical Edge/CLINK-23509/Frequency/Order Duration' is present

2019-08-01 15:33:36 - [TEST_STEP][PASSED] - setText(findTestObject("Regression Clinical Edge/CLINK-23509/Frequency/Order Duration"), "2"): Text '2' is set on object 'Object Repository/Regression Clinical Edge/CLINK-23509/Frequency/Order Duration'

2019-08-01 15:33:36 - [MESSAGE][PASSED] - Text '2' is set on object 'Object Repository/Regression Clinical Edge/CLINK-23509/Frequency/Order Duration'

2019-08-01 15:33:36 - [TEST_STEP][PASSED] - waitForElementPresent(findTestObject("Regression Clinical Edge/CLINK-23509/Frequency/Duration"), 50): Object 'Object Repository/Regression Clinical Edge/CLINK-23509/Frequency/Duration' is present

2019-08-01 15:33:36 - [MESSAGE][PASSED] - Object 'Object Repository/Regression Clinical Edge/CLINK-23509/Frequency/Duration' is present

2019-08-01 15:33:36 - [TEST_STEP][PASSED] - click(findTestObject("Regression Clinical Edge/CLINK-23509/Frequency/Duration")): Object: 'Object Repository/Regression Clinical Edge/CLINK-23509/Frequency/Duration' is clicked on

2019-08-01 15:33:36 - [MESSAGE][PASSED] - Object: 'Object Repository/Regression Clinical Edge/CLINK-23509/Frequency/Duration' is clicked on

2019-08-01 15:33:36 - [TEST_STEP][PASSED] - sendKeys(findTestObject("Regression Clinical Edge/CLINK-23509/Frequency/Duration"), Keys.chord(ARROW_DOWN, ENTER)): Keys 'DOWN + ENTER + ' sent to object: 'Object Repository/Regression Clinical Edge/CLINK-23509/Frequency/Duration'

2019-08-01 15:33:36 - [MESSAGE][PASSED] - Keys 'DOWN + ENTER + ' sent to object: 'Object Repository/Regression Clinical Edge/CLINK-23509/Frequency/Duration'

2019-08-01 15:33:36 - [TEST_STEP][PASSED] - delay(2): Delayed 2 second(s)

2019-08-01 15:33:38 - [MESSAGE][PASSED] - Delayed 2 second(s)

2019-08-01 15:33:38 - [TEST_STEP][PASSED] - waitForElementPresent(findTestObject("Regression Clinical Edge/CLINK-23509/Frequency/WeeklyLimit"), 50): Object 'Object Repository/Regression Clinical Edge/CLINK-23509/Frequency/WeeklyLimit' is present

2019-08-01 15:33:38 - [MESSAGE][PASSED] - Object 'Object Repository/Regression Clinical Edge/CLINK-23509/Frequency/WeeklyLimit' is present

2019-08-01 15:33:38 - [TEST_STEP][PASSED] - setText(findTestObject("Regression Clinical Edge/CLINK-23509/Frequency/WeeklyLimit"), "2"): Text '2' is set on object 'Object Repository/Regression Clinical Edge/CLINK-23509/Frequency/WeeklyLimit'

2019-08-01 15:33:38 - [MESSAGE][PASSED] - Text '2' is set on object 'Object Repository/Regression Clinical Edge/CLINK-23509/Frequency/WeeklyLimit'

2019-08-01 15:33:38 - [TEST_STEP][PASSED] - waitForElementPresent(findTestObject("Regression Clinical Edge/CLINK-23509/Frequency/button_OK"), 50): Object 'Object Repository/Regression Clinical Edge/CLINK-23509/Frequency/button_OK' is present

2019-08-01 15:33:38 - [MESSAGE][PASSED] - Object 'Object Repository/Regression Clinical Edge/CLINK-23509/Frequency/button_OK' is present

2019-08-01 15:33:38 - [TEST_STEP][PASSED] - click(findTestObject("Regression Clinical Edge/CLINK-23509/Frequency/button_OK")): Object: 'Object Repository/Regression Clinical Edge/CLINK-23509/Frequency/button_OK' is clicked on

2019-08-01 15:33:38 - [MESSAGE][PASSED] - Object: 'Object Repository/Regression Clinical Edge/CLINK-23509/Frequency/button_OK' is clicked on

2019-08-01 15:33:38 - [TEST_STEP][PASSED] - waitForPageLoad(50): Wait for page load successfully

2019-08-01 15:33:38 - [MESSAGE][PASSED] - Wait for page load successfully

2019-08-01 15:33:38 - [TEST_STEP][PASSED] - delay(2): Delayed 2 second(s)

2019-08-01 15:33:40 - [MESSAGE][PASSED] - Delayed 2 second(s)

2019-08-01 15:33:40 - [TEST_STEP][PASSED] - waitForPageLoad(50, CONTINUE_ON_FAILURE): Wait for page load successfully

2019-08-01 15:33:40 - [MESSAGE][PASSED] - Wait for page load successfully

2019-08-01 15:33:40 - [TEST_STEP][PASSED] - waitForElementPresent(findTestObject("Regression Clinical Edge/CLINK-23509/SaveBtn"), 50): Object 'Object Repository/Regression Clinical Edge/CLINK-23509/SaveBtn' is present

2019-08-01 15:33:40 - [MESSAGE][PASSED] - Object 'Object Repository/Regression Clinical Edge/CLINK-23509/SaveBtn' is present

2019-08-01 15:33:40 - [TEST_STEP][PASSED] - click(findTestObject("Regression Clinical Edge/CLINK-23509/SaveBtn")): Object: 'Object Repository/Regression Clinical Edge/CLINK-23509/SaveBtn' is clicked on

2019-08-01 15:33:40 - [MESSAGE][PASSED] - Object: 'Object Repository/Regression Clinical Edge/CLINK-23509/SaveBtn' is clicked on

2019-08-01 15:33:40 - [TEST_STEP][PASSED] - waitForPageLoad(50): Wait for page load successfully

2019-08-01 15:33:40 - [MESSAGE][PASSED] - Wait for page load successfully

2019-08-01 15:33:40 - [TEST_STEP][PASSED] - delay(20): Delayed 20 second(s)

2019-08-01 15:34:00 - [MESSAGE][PASSED] - Delayed 20 second(s)

2019-08-01 15:34:00 - [TEST_STEP][PASSED] - waitForElementPresent(findTestObject("Regression Clinical Edge/CLINK-23509/div_SignSubmit"), 50): Object 'Object Repository/Regression Clinical Edge/CLINK-23509/div_SignSubmit' is present

2019-08-01 15:34:01 - [MESSAGE][PASSED] - Object 'Object Repository/Regression Clinical Edge/CLINK-23509/div_SignSubmit' is present

2019-08-01 15:34:01 - [TEST_STEP][PASSED] - click(findTestObject("Regression Clinical Edge/CLINK-23509/div_SignSubmit")): Object: 'Object Repository/Regression Clinical Edge/CLINK-23509/div_SignSubmit' is clicked on

2019-08-01 15:34:01 - [MESSAGE][PASSED] - Object: 'Object Repository/Regression Clinical Edge/CLINK-23509/div_SignSubmit' is clicked on

2019-08-01 15:34:01 - [TEST_STEP][PASSED] - waitForPageLoad(50): Wait for page load successfully

2019-08-01 15:34:01 - [MESSAGE][PASSED] - Wait for page load successfully

2019-08-01 15:34:01 - [TEST_STEP][PASSED] - delay(20): Delayed 20 second(s)

2019-08-01 15:34:21 - [MESSAGE][PASSED] - Delayed 20 second(s)

2019-08-01 15:34:21 - [TEST_STEP][PASSED] - waitForElementPresent(findTestObject("Regression Clinical Edge/CLINK-23509/Question 22. Rehab Potential"), 50): Object 'Object Repository/Regression Clinical Edge/CLINK-23509/Question 22. Rehab Potential' is present

2019-08-01 15:34:21 - [MESSAGE][PASSED] - Object 'Object Repository/Regression Clinical Edge/CLINK-23509/Question 22. Rehab Potential' is present

2019-08-01 15:34:21 - [TEST_STEP][PASSED] - click(findTestObject("Regression Clinical Edge/CLINK-23509/Question 22. Rehab Potential")): Object: 'Object Repository/Regression Clinical Edge/CLINK-23509/Question 22. Rehab Potential' is clicked on

2019-08-01 15:34:23 - [MESSAGE][PASSED] - Object: 'Object Repository/Regression Clinical Edge/CLINK-23509/Question 22. Rehab Potential' is clicked on

2019-08-01 15:34:23 - [TEST_STEP][PASSED] - delay(10): Delayed 10 second(s)

2019-08-01 15:34:33 - [MESSAGE][PASSED] - Delayed 10 second(s)

2019-08-01 15:34:33 - [TEST_STEP][PASSED] - waitForElementPresent(findTestObject("Regression Clinical Edge/CLINK-23509/Rehabilitation Potential"), 50): Object 'Object Repository/Regression Clinical Edge/CLINK-23509/Rehabilitation Potential' is present

2019-08-01 15:34:33 - [MESSAGE][PASSED] - Object 'Object Repository/Regression Clinical Edge/CLINK-23509/Rehabilitation Potential' is present

2019-08-01 15:34:33 - [TEST_STEP][PASSED] - setText(findTestObject("Regression Clinical Edge/CLINK-23509/Rehabilitation Potential"), "Rehabilitation Potential"): Text 'Rehabilitation Potential' is set on object 'Object Repository/Regression Clinical Edge/CLINK-23509/Rehabilitation Potential'

2019-08-01 15:34:34 - [MESSAGE][PASSED] - Text 'Rehabilitation Potential' is set on object 'Object Repository/Regression Clinical Edge/CLINK-23509/Rehabilitation Potential'

2019-08-01 15:34:34 - [TEST_STEP][PASSED] - delay(5): Delayed 5 second(s)

2019-08-01 15:34:39 - [MESSAGE][PASSED] - Delayed 5 second(s)

2019-08-01 15:34:39 - [TEST_STEP][PASSED] - waitForElementPresent(findTestObject("Regression Clinical Edge/CLINK-23509/SaveBtn"), 50): Object 'Object Repository/Regression Clinical Edge/CLINK-23509/SaveBtn' is present

2019-08-01 15:34:39 - [MESSAGE][PASSED] - Object 'Object Repository/Regression Clinical Edge/CLINK-23509/SaveBtn' is present

2019-08-01 15:34:39 - [TEST_STEP][PASSED] - click(findTestObject("Regression Clinical Edge/CLINK-23509/SaveBtn")): Object: 'Object Repository/Regression Clinical Edge/CLINK-23509/SaveBtn' is clicked on

2019-08-01 15:34:39 - [MESSAGE][PASSED] - Object: 'Object Repository/Regression Clinical Edge/CLINK-23509/SaveBtn' is clicked on

2019-08-01 15:34:39 - [TEST_STEP][PASSED] - waitForPageLoad(50): Wait for page load successfully

2019-08-01 15:34:39 - [MESSAGE][PASSED] - Wait for page load successfully

2019-08-01 15:34:39 - [TEST_STEP][PASSED] - delay(10): Delayed 10 second(s)

2019-08-01 15:34:49 - [MESSAGE][PASSED] - Delayed 10 second(s)

2019-08-01 15:34:49 - [TEST_STEP][PASSED] - waitForElementPresent(findTestObject("Regression Clinical Edge/CLINK-23509/div_SignSubmit"), 50): Object 'Object Repository/Regression Clinical Edge/CLINK-23509/div_SignSubmit' is present

2019-08-01 15:34:49 - [MESSAGE][PASSED] - Object 'Object Repository/Regression Clinical Edge/CLINK-23509/div_SignSubmit' is present

2019-08-01 15:34:49 - [TEST_STEP][PASSED] - click(findTestObject("Regression Clinical Edge/CLINK-23509/div_SignSubmit")): Object: 'Object Repository/Regression Clinical Edge/CLINK-23509/div_SignSubmit' is clicked on

2019-08-01 15:34:49 - [MESSAGE][PASSED] - Object: 'Object Repository/Regression Clinical Edge/CLINK-23509/div_SignSubmit' is clicked on

2019-08-01 15:34:49 - [TEST_STEP][PASSED] - waitForPageLoad(50): Wait for page load successfully

2019-08-01 15:34:49 - [MESSAGE][PASSED] - Wait for page load successfully

2019-08-01 15:34:49 - [TEST_STEP][PASSED] - delay(3): Delayed 3 second(s)

2019-08-01 15:34:52 - [MESSAGE][PASSED] - Delayed 3 second(s)

2019-08-01 15:34:52 - [TEST_STEP][PASSED] - waitForElementPresent(findTestObject("Regression Clinical Edge/CLINK-23509/Signature"), 50): Object 'Object Repository/Regression Clinical Edge/CLINK-23509/Signature' is present

2019-08-01 15:34:52 - [MESSAGE][PASSED] - Object 'Object Repository/Regression Clinical Edge/CLINK-23509/Signature' is present

2019-08-01 15:34:52 - [TEST_STEP][PASSED] - setText(findTestObject("Regression Clinical Edge/CLINK-23509/Signature"), G_Password): Text 'qwerty' is set on object 'Object Repository/Regression Clinical Edge/CLINK-23509/Signature'

2019-08-01 15:34:52 - [MESSAGE][PASSED] - Text 'qwerty' is set on object 'Object Repository/Regression Clinical Edge/CLINK-23509/Signature'

2019-08-01 15:34:52 - [TEST_STEP][PASSED] - delay(2): Delayed 2 second(s)

2019-08-01 15:34:54 - [MESSAGE][PASSED] - Delayed 2 second(s)

2019-08-01 15:34:54 - [TEST_STEP][PASSED] - waitForElementPresent(findTestObject("Regression Clinical Edge/CLINK-23509/OkSignature"), 50): Object 'Object Repository/Regression Clinical Edge/CLINK-23509/OkSignature' is present

2019-08-01 15:34:54 - [MESSAGE][PASSED] - Object 'Object Repository/Regression Clinical Edge/CLINK-23509/OkSignature' is present

2019-08-01 15:34:54 - [TEST_STEP][PASSED] - click(findTestObject("Regression Clinical Edge/CLINK-23509/OkSignature"), CONTINUE_ON_FAILURE): Object: 'Object Repository/Regression Clinical Edge/CLINK-23509/OkSignature' is clicked on

2019-08-01 15:34:54 - [MESSAGE][PASSED] - Object: 'Object Repository/Regression Clinical Edge/CLINK-23509/OkSignature' is clicked on

2019-08-01 15:34:54 - [TEST_STEP][PASSED] - delay(2): Delayed 2 second(s)

2019-08-01 15:34:56 - [MESSAGE][PASSED] - Delayed 2 second(s)

2019-08-01 15:34:56 - [TEST_STEP][PASSED] - closeBrowser(): Browser is closed

2019-08-01 15:34:57 - [MESSAGE][PASSED] - Browser is closed]]></system-out>
         <system-err><![CDATA[]]></system-err>
      </testcase>
      <testcase name="Test Cases/Regression BackOffice (All Browsers)/CLNK-28578 - BO - Happy Path - Approving PoC" classname="Test Cases/Regression BackOffice (All Browsers)/CLNK-28578 - BO - Happy Path - Approving PoC" status="PASSED">
         <system-out><![CDATA[2019-08-01 15:34:59 - [TEST_CASE][PASSED] - Test Cases/Regression BackOffice (All Browsers)/CLNK-28578 - BO - Happy Path - Approving PoC: Test Cases/Regression BackOffice (All Browsers)/CLNK-28578 - BO - Happy Path - Approving PoC

2019-08-01 15:34:59 - [TEST_STEP][PASSED] - callTestCase(findTestCase("Regression BackOffice (All Browsers)/CLNK-23439 - Clink - Back office Client"), [:], STOP_ON_FAILURE): Call Test Case 'Test Cases/Regression BackOffice (All Browsers)/CLNK-23439 - Clink - Back office Client' successfully

2019-08-01 15:34:59 - [TEST_CASE][PASSED] - Test Cases/Regression BackOffice (All Browsers)/CLNK-23439 - Clink - Back office Client: Test Cases/Regression BackOffice (All Browsers)/CLNK-23439 - Clink - Back office Client

2019-08-01 15:34:59 - [TEST_STEP][PASSED] - openBrowser(G_SiteBackOffice): Browser is opened with url: 'http://qanewpoc.continulink.com:81/backoffice/Login.aspx'

2019-08-01 15:34:59 - [MESSAGE][INFO] - Starting 'Chrome' driver

2019-08-01 15:35:06 - [MESSAGE][PASSED] - Browser is opened with url: 'http://qanewpoc.continulink.com:81/backoffice/Login.aspx'

2019-08-01 15:35:06 - [TEST_STEP][PASSED] - waitForPageLoad(60): Wait for page load successfully

2019-08-01 15:35:06 - [MESSAGE][PASSED] - Wait for page load successfully

2019-08-01 15:35:06 - [TEST_STEP][PASSED] - maximizeWindow(): Current window maximized

2019-08-01 15:35:10 - [MESSAGE][PASSED] - Current window maximized

2019-08-01 15:35:10 - [TEST_STEP][PASSED] - setText(findTestObject("Regression BackOffice/Login/UserBackOffice"), G_UserBackOffice): Text 'automation_admin' is set on object 'Object Repository/Regression BackOffice/Login/UserBackOffice'

2019-08-01 15:35:11 - [MESSAGE][PASSED] - Text 'automation_admin' is set on object 'Object Repository/Regression BackOffice/Login/UserBackOffice'

2019-08-01 15:35:11 - [TEST_STEP][PASSED] - setText(findTestObject("Regression BackOffice/Login/PasswordBackOffice"), G_PasswordBackOffice): Text 'qwerty' is set on object 'Object Repository/Regression BackOffice/Login/PasswordBackOffice'

2019-08-01 15:35:11 - [MESSAGE][PASSED] - Text 'qwerty' is set on object 'Object Repository/Regression BackOffice/Login/PasswordBackOffice'

2019-08-01 15:35:11 - [TEST_STEP][PASSED] - click(findTestObject("Regression BackOffice/Login/LoginBackOffice")): Object: 'Object Repository/Regression BackOffice/Login/LoginBackOffice' is clicked on

2019-08-01 15:35:16 - [MESSAGE][PASSED] - Object: 'Object Repository/Regression BackOffice/Login/LoginBackOffice' is clicked on

2019-08-01 15:35:16 - [TEST_STEP][PASSED] - waitForPageLoad(60): Wait for page load successfully

2019-08-01 15:35:16 - [MESSAGE][PASSED] - Wait for page load successfully

2019-08-01 15:35:16 - [TEST_STEP][PASSED] - delay(3): Delayed 3 second(s)

2019-08-01 15:35:19 - [MESSAGE][PASSED] - Delayed 3 second(s)

2019-08-01 15:35:19 - [TEST_STEP][PASSED] - switchToFrame(findTestObject("Regression BackOffice/CLNK-23449/FrameLeft"), 5): null

2019-08-01 15:35:19 - [TEST_STEP][PASSED] - waitForElementPresent(findTestObject("Regression BackOffice/CLNK-23449/ClienIntakeICon"), 60): Object 'Object Repository/Regression BackOffice/CLNK-23449/ClienIntakeICon' is present

2019-08-01 15:35:19 - [MESSAGE][PASSED] - Object 'Object Repository/Regression BackOffice/CLNK-23449/ClienIntakeICon' is present

2019-08-01 15:35:19 - [TEST_STEP][PASSED] - verifyElementPresent(findTestObject("Regression BackOffice/CLNK-23449/ClienIntakeICon"), 100): Object 'Object Repository/Regression BackOffice/CLNK-23449/ClienIntakeICon' is present

2019-08-01 15:35:19 - [MESSAGE][PASSED] - Object 'Object Repository/Regression BackOffice/CLNK-23449/ClienIntakeICon' is present

2019-08-01 15:35:19 - [TEST_STEP][PASSED] - switchToDefaultContent(): null

2019-08-01 15:35:19 - [MESSAGE][PASSED] - Call Test Case 'Test Cases/Regression BackOffice (All Browsers)/CLNK-23439 - Clink - Back office Client' successfully

2019-08-01 15:35:19 - [TEST_STEP][PASSED] - waitForPageLoad(60): Wait for page load successfully

2019-08-01 15:35:19 - [MESSAGE][PASSED] - Wait for page load successfully

2019-08-01 15:35:19 - [TEST_STEP][PASSED] - delay(3): Delayed 3 second(s)

2019-08-01 15:35:22 - [MESSAGE][PASSED] - Delayed 3 second(s)

2019-08-01 15:35:22 - [TEST_STEP][PASSED] - switchToFrame(findTestObject("Regression BackOffice/CLNK-23449/FrameLeft"), 30): null

2019-08-01 15:35:22 - [TEST_STEP][PASSED] - waitForElementPresent(findTestObject("Regression BackOffice/CLINK-28578/ClinicalLink"), 100): Object 'Object Repository/Regression BackOffice/CLINK-28578/ClinicalLink' is present

2019-08-01 15:35:22 - [MESSAGE][PASSED] - Object 'Object Repository/Regression BackOffice/CLINK-28578/ClinicalLink' is present

2019-08-01 15:35:22 - [TEST_STEP][PASSED] - click(findTestObject("Regression BackOffice/CLINK-28578/ClinicalLink")): Object: 'Object Repository/Regression BackOffice/CLINK-28578/ClinicalLink' is clicked on

2019-08-01 15:35:22 - [MESSAGE][PASSED] - Object: 'Object Repository/Regression BackOffice/CLINK-28578/ClinicalLink' is clicked on

2019-08-01 15:35:22 - [TEST_STEP][PASSED] - delay(2): Delayed 2 second(s)

2019-08-01 15:35:24 - [MESSAGE][PASSED] - Delayed 2 second(s)

2019-08-01 15:35:24 - [TEST_STEP][PASSED] - waitForElementPresent(findTestObject("Regression BackOffice/CLINK-28578/Notes QA"), 50): Object 'Object Repository/Regression BackOffice/CLINK-28578/Notes QA' is present

2019-08-01 15:35:24 - [MESSAGE][PASSED] - Object 'Object Repository/Regression BackOffice/CLINK-28578/Notes QA' is present

2019-08-01 15:35:24 - [TEST_STEP][PASSED] - click(findTestObject("Regression BackOffice/CLINK-28578/Notes QA")): Object: 'Object Repository/Regression BackOffice/CLINK-28578/Notes QA' is clicked on

2019-08-01 15:35:39 - [MESSAGE][PASSED] - Object: 'Object Repository/Regression BackOffice/CLINK-28578/Notes QA' is clicked on

2019-08-01 15:35:39 - [TEST_STEP][PASSED] - delay(2): Delayed 2 second(s)

2019-08-01 15:35:41 - [MESSAGE][PASSED] - Delayed 2 second(s)

2019-08-01 15:35:41 - [TEST_STEP][PASSED] - switchToDefaultContent(): null

2019-08-01 15:35:41 - [TEST_STEP][PASSED] - switchToFrame(findTestObject("Regression BackOffice/CLNK-23449/FrameMain"), 30): null

2019-08-01 15:35:41 - [TEST_STEP][PASSED] - waitForElementPresent(findTestObject("Regression BackOffice/CLINK-28578/input_Client_txtClient"), 50): Object 'Object Repository/Regression BackOffice/CLINK-28578/input_Client_txtClient' is present

2019-08-01 15:35:41 - [MESSAGE][PASSED] - Object 'Object Repository/Regression BackOffice/CLINK-28578/input_Client_txtClient' is present

2019-08-01 15:35:41 - [TEST_STEP][PASSED] - setText(findTestObject("Regression BackOffice/CLINK-28578/input_Client_txtClient"), G_ClientLastName): Text 'Gege' is set on object 'Object Repository/Regression BackOffice/CLINK-28578/input_Client_txtClient'

2019-08-01 15:35:41 - [MESSAGE][PASSED] - Text 'Gege' is set on object 'Object Repository/Regression BackOffice/CLINK-28578/input_Client_txtClient'

2019-08-01 15:35:41 - [TEST_STEP][PASSED] - focus(findTestObject("Regression BackOffice/CLINK-28578/input_Client_txtClient")): Object: 'Object Repository/Regression BackOffice/CLINK-28578/input_Client_txtClient' is focused

2019-08-01 15:35:41 - [MESSAGE][PASSED] - Object: 'Object Repository/Regression BackOffice/CLINK-28578/input_Client_txtClient' is focused

2019-08-01 15:35:41 - [TEST_STEP][PASSED] - delay(2): Delayed 2 second(s)

2019-08-01 15:35:43 - [MESSAGE][PASSED] - Delayed 2 second(s)

2019-08-01 15:35:43 - [TEST_STEP][PASSED] - sendKeys(findTestObject("Regression BackOffice/CLINK-28578/input_Client_txtClient"), Keys.chord(ARROW_DOWN, ENTER)): Keys 'DOWN + ENTER + ' sent to object: 'Object Repository/Regression BackOffice/CLINK-28578/input_Client_txtClient'

2019-08-01 15:35:43 - [MESSAGE][PASSED] - Keys 'DOWN + ENTER + ' sent to object: 'Object Repository/Regression BackOffice/CLINK-28578/input_Client_txtClient'

2019-08-01 15:35:43 - [TEST_STEP][PASSED] - delay(5): Delayed 5 second(s)

2019-08-01 15:35:48 - [MESSAGE][PASSED] - Delayed 5 second(s)

2019-08-01 15:35:48 - [TEST_STEP][PASSED] - waitForElementPresent(findTestObject("Regression BackOffice/CLINK-28578/btnSearch"), 50): Object 'Object Repository/Regression BackOffice/CLINK-28578/btnSearch' is present

2019-08-01 15:35:48 - [MESSAGE][PASSED] - Object 'Object Repository/Regression BackOffice/CLINK-28578/btnSearch' is present

2019-08-01 15:35:48 - [TEST_STEP][PASSED] - click(findTestObject("Regression BackOffice/CLINK-28578/btnSearch"), STOP_ON_FAILURE): Object: 'Object Repository/Regression BackOffice/CLINK-28578/btnSearch' is clicked on

2019-08-01 15:35:49 - [MESSAGE][PASSED] - Object: 'Object Repository/Regression BackOffice/CLINK-28578/btnSearch' is clicked on

2019-08-01 15:35:49 - [TEST_STEP][PASSED] - delay(5): Delayed 5 second(s)

2019-08-01 15:35:54 - [MESSAGE][PASSED] - Delayed 5 second(s)

2019-08-01 15:35:54 - [TEST_STEP][PASSED] - waitForElementPresent(findTestObject("Regression BackOffice/CLINK-28578/DocumentLink"), 50): Object 'Object Repository/Regression BackOffice/CLINK-28578/DocumentLink' is present

2019-08-01 15:35:54 - [MESSAGE][PASSED] - Object 'Object Repository/Regression BackOffice/CLINK-28578/DocumentLink' is present

2019-08-01 15:35:54 - [TEST_STEP][PASSED] - click(findTestObject("Regression BackOffice/CLINK-28578/DocumentLink"), STOP_ON_FAILURE): Object: 'Object Repository/Regression BackOffice/CLINK-28578/DocumentLink' is clicked on

2019-08-01 15:35:54 - [MESSAGE][PASSED] - Object: 'Object Repository/Regression BackOffice/CLINK-28578/DocumentLink' is clicked on

2019-08-01 15:35:54 - [TEST_STEP][PASSED] - waitForPageLoad(50): Wait for page load successfully

2019-08-01 15:35:54 - [MESSAGE][PASSED] - Wait for page load successfully

2019-08-01 15:35:54 - [TEST_STEP][PASSED] - delay(5): Delayed 5 second(s)

2019-08-01 15:35:59 - [MESSAGE][PASSED] - Delayed 5 second(s)

2019-08-01 15:35:59 - [TEST_STEP][NOT_RUN] - switchToDefaultContent(): NOT_RUN: switchToDefaultContent()

2019-08-01 15:35:59 - [MESSAGE][NOT_RUN] - NOT_RUN: switchToDefaultContent()

2019-08-01 15:35:59 - [TEST_STEP][PASSED] - switchToFrame(findTestObject("Regression BackOffice/CLINK-28578/iframe"), 30): null

2019-08-01 15:36:00 - [TEST_STEP][PASSED] - delay(10): Delayed 10 second(s)

2019-08-01 15:36:10 - [MESSAGE][PASSED] - Delayed 10 second(s)

2019-08-01 15:36:10 - [TEST_STEP][PASSED] - waitForElementPresent(findTestObject("Regression BackOffice/CLINK-28578/ApproveLink"), 50): Object 'Object Repository/Regression BackOffice/CLINK-28578/ApproveLink' is present

2019-08-01 15:36:10 - [MESSAGE][PASSED] - Object 'Object Repository/Regression BackOffice/CLINK-28578/ApproveLink' is present

2019-08-01 15:36:10 - [TEST_STEP][PASSED] - click(findTestObject("Regression BackOffice/CLINK-28578/ApproveLink"), STOP_ON_FAILURE): Object: 'Object Repository/Regression BackOffice/CLINK-28578/ApproveLink' is clicked on

2019-08-01 15:36:10 - [MESSAGE][PASSED] - Object: 'Object Repository/Regression BackOffice/CLINK-28578/ApproveLink' is clicked on

2019-08-01 15:36:10 - [TEST_STEP][PASSED] - delay(5): Delayed 5 second(s)

2019-08-01 15:36:15 - [MESSAGE][PASSED] - Delayed 5 second(s)

2019-08-01 15:36:15 - [TEST_STEP][PASSED] - waitForElementPresent(findTestObject("Regression BackOffice/CLINK-28578/input_Confirm Password"), 50): Object 'Object Repository/Regression BackOffice/CLINK-28578/input_Confirm Password' is present

2019-08-01 15:36:15 - [MESSAGE][PASSED] - Object 'Object Repository/Regression BackOffice/CLINK-28578/input_Confirm Password' is present

2019-08-01 15:36:15 - [TEST_STEP][PASSED] - setText(findTestObject("Regression BackOffice/CLINK-28578/input_Confirm Password"), G_Password): Text 'qwerty' is set on object 'Object Repository/Regression BackOffice/CLINK-28578/input_Confirm Password'

2019-08-01 15:36:15 - [MESSAGE][PASSED] - Text 'qwerty' is set on object 'Object Repository/Regression BackOffice/CLINK-28578/input_Confirm Password'

2019-08-01 15:36:15 - [TEST_STEP][PASSED] - delay(2): Delayed 2 second(s)

2019-08-01 15:36:17 - [MESSAGE][PASSED] - Delayed 2 second(s)

2019-08-01 15:36:17 - [TEST_STEP][PASSED] - waitForElementPresent(findTestObject("Regression BackOffice/CLINK-28578/OkPOC"), 50): Object 'Object Repository/Regression BackOffice/CLINK-28578/OkPOC' is present

2019-08-01 15:36:17 - [MESSAGE][PASSED] - Object 'Object Repository/Regression BackOffice/CLINK-28578/OkPOC' is present

2019-08-01 15:36:17 - [TEST_STEP][PASSED] - click(findTestObject("Regression BackOffice/CLINK-28578/OkPOC"), CONTINUE_ON_FAILURE): Object: 'Object Repository/Regression BackOffice/CLINK-28578/OkPOC' is clicked on

2019-08-01 15:36:18 - [MESSAGE][PASSED] - Object: 'Object Repository/Regression BackOffice/CLINK-28578/OkPOC' is clicked on

2019-08-01 15:36:18 - [TEST_STEP][PASSED] - delay(2): Delayed 2 second(s)

2019-08-01 15:36:20 - [MESSAGE][PASSED] - Delayed 2 second(s)

2019-08-01 15:36:20 - [TEST_STEP][PASSED] - closeBrowser(): Browser is closed

2019-08-01 15:36:20 - [MESSAGE][PASSED] - Browser is closed]]></system-out>
         <system-err><![CDATA[]]></system-err>
      </testcase>
      <testcase name="Test Cases/Regression BackOffice (All Browsers)/CLNK-17593 -7231 Main Application - Clinical Block - View POC and RPOC" classname="Test Cases/Regression BackOffice (All Browsers)/CLNK-17593 -7231 Main Application - Clinical Block - View POC and RPOC" status="PASSED">
         <system-out><![CDATA[2019-08-01 15:36:23 - [TEST_CASE][PASSED] - Test Cases/Regression BackOffice (All Browsers)/CLNK-17593 -7231 Main Application - Clinical Block - View POC and RPOC: Test Cases/Regression BackOffice (All Browsers)/CLNK-17593 -7231 Main Application - Clinical Block - View POC and RPOC

2019-08-01 15:36:23 - [TEST_STEP][PASSED] - callTestCase(findTestCase("Regression BackOffice (All Browsers)/CLNK-23439 - Clink - Back office Client"), [:], STOP_ON_FAILURE): Call Test Case 'Test Cases/Regression BackOffice (All Browsers)/CLNK-23439 - Clink - Back office Client' successfully

2019-08-01 15:36:23 - [TEST_CASE][PASSED] - Test Cases/Regression BackOffice (All Browsers)/CLNK-23439 - Clink - Back office Client: Test Cases/Regression BackOffice (All Browsers)/CLNK-23439 - Clink - Back office Client

2019-08-01 15:36:23 - [TEST_STEP][PASSED] - openBrowser(G_SiteBackOffice): Browser is opened with url: 'http://qanewpoc.continulink.com:81/backoffice/Login.aspx'

2019-08-01 15:36:23 - [MESSAGE][INFO] - Starting 'Chrome' driver

2019-08-01 15:36:30 - [MESSAGE][PASSED] - Browser is opened with url: 'http://qanewpoc.continulink.com:81/backoffice/Login.aspx'

2019-08-01 15:36:30 - [TEST_STEP][PASSED] - waitForPageLoad(60): Wait for page load successfully

2019-08-01 15:36:30 - [MESSAGE][PASSED] - Wait for page load successfully

2019-08-01 15:36:30 - [TEST_STEP][PASSED] - maximizeWindow(): Current window maximized

2019-08-01 15:36:34 - [MESSAGE][PASSED] - Current window maximized

2019-08-01 15:36:34 - [TEST_STEP][PASSED] - setText(findTestObject("Regression BackOffice/Login/UserBackOffice"), G_UserBackOffice): Text 'automation_admin' is set on object 'Object Repository/Regression BackOffice/Login/UserBackOffice'

2019-08-01 15:36:34 - [MESSAGE][PASSED] - Text 'automation_admin' is set on object 'Object Repository/Regression BackOffice/Login/UserBackOffice'

2019-08-01 15:36:34 - [TEST_STEP][PASSED] - setText(findTestObject("Regression BackOffice/Login/PasswordBackOffice"), G_PasswordBackOffice): Text 'qwerty' is set on object 'Object Repository/Regression BackOffice/Login/PasswordBackOffice'

2019-08-01 15:36:35 - [MESSAGE][PASSED] - Text 'qwerty' is set on object 'Object Repository/Regression BackOffice/Login/PasswordBackOffice'

2019-08-01 15:36:35 - [TEST_STEP][PASSED] - click(findTestObject("Regression BackOffice/Login/LoginBackOffice")): Object: 'Object Repository/Regression BackOffice/Login/LoginBackOffice' is clicked on

2019-08-01 15:36:39 - [MESSAGE][PASSED] - Object: 'Object Repository/Regression BackOffice/Login/LoginBackOffice' is clicked on

2019-08-01 15:36:39 - [TEST_STEP][PASSED] - waitForPageLoad(60): Wait for page load successfully

2019-08-01 15:36:39 - [MESSAGE][PASSED] - Wait for page load successfully

2019-08-01 15:36:39 - [TEST_STEP][PASSED] - delay(3): Delayed 3 second(s)

2019-08-01 15:36:42 - [MESSAGE][PASSED] - Delayed 3 second(s)

2019-08-01 15:36:42 - [TEST_STEP][PASSED] - switchToFrame(findTestObject("Regression BackOffice/CLNK-23449/FrameLeft"), 5): null

2019-08-01 15:36:42 - [TEST_STEP][PASSED] - waitForElementPresent(findTestObject("Regression BackOffice/CLNK-23449/ClienIntakeICon"), 60): Object 'Object Repository/Regression BackOffice/CLNK-23449/ClienIntakeICon' is present

2019-08-01 15:36:42 - [MESSAGE][PASSED] - Object 'Object Repository/Regression BackOffice/CLNK-23449/ClienIntakeICon' is present

2019-08-01 15:36:42 - [TEST_STEP][PASSED] - verifyElementPresent(findTestObject("Regression BackOffice/CLNK-23449/ClienIntakeICon"), 100): Object 'Object Repository/Regression BackOffice/CLNK-23449/ClienIntakeICon' is present

2019-08-01 15:36:42 - [MESSAGE][PASSED] - Object 'Object Repository/Regression BackOffice/CLNK-23449/ClienIntakeICon' is present

2019-08-01 15:36:42 - [TEST_STEP][PASSED] - switchToDefaultContent(): null

2019-08-01 15:36:42 - [MESSAGE][PASSED] - Call Test Case 'Test Cases/Regression BackOffice (All Browsers)/CLNK-23439 - Clink - Back office Client' successfully

2019-08-01 15:36:42 - [TEST_STEP][PASSED] - waitForPageLoad(60): Wait for page load successfully

2019-08-01 15:36:42 - [MESSAGE][PASSED] - Wait for page load successfully

2019-08-01 15:36:42 - [TEST_STEP][PASSED] - delay(3): Delayed 3 second(s)

2019-08-01 15:36:45 - [MESSAGE][PASSED] - Delayed 3 second(s)

2019-08-01 15:36:45 - [TEST_STEP][PASSED] - switchToFrame(findTestObject("Regression BackOffice/CLNK-23449/FrameLeft"), 30): null

2019-08-01 15:36:45 - [TEST_STEP][PASSED] - waitForElementPresent(findTestObject("Regression BackOffice/CLNK-23449/ClienIntakeICon"), 100): Object 'Object Repository/Regression BackOffice/CLNK-23449/ClienIntakeICon' is present

2019-08-01 15:36:45 - [MESSAGE][PASSED] - Object 'Object Repository/Regression BackOffice/CLNK-23449/ClienIntakeICon' is present

2019-08-01 15:36:45 - [TEST_STEP][PASSED] - click(findTestObject("Regression BackOffice/CLNK-23449/ClienIntakeICon")): Object: 'Object Repository/Regression BackOffice/CLNK-23449/ClienIntakeICon' is clicked on

2019-08-01 15:36:46 - [MESSAGE][PASSED] - Object: 'Object Repository/Regression BackOffice/CLNK-23449/ClienIntakeICon' is clicked on

2019-08-01 15:36:46 - [TEST_STEP][PASSED] - delay(2): Delayed 2 second(s)

2019-08-01 15:36:48 - [MESSAGE][PASSED] - Delayed 2 second(s)

2019-08-01 15:36:48 - [TEST_STEP][PASSED] - waitForPageLoad(50): Wait for page load successfully

2019-08-01 15:36:48 - [MESSAGE][PASSED] - Wait for page load successfully

2019-08-01 15:36:48 - [TEST_STEP][PASSED] - waitForElementPresent(findTestObject("Regression BackOffice/CLNK-10235/SearchforaClient"), 50): Object 'Object Repository/Regression BackOffice/CLNK-10235/SearchforaClient' is present

2019-08-01 15:36:48 - [MESSAGE][PASSED] - Object 'Object Repository/Regression BackOffice/CLNK-10235/SearchforaClient' is present

2019-08-01 15:36:48 - [TEST_STEP][PASSED] - click(findTestObject("Regression BackOffice/CLNK-10235/SearchforaClient")): Object: 'Object Repository/Regression BackOffice/CLNK-10235/SearchforaClient' is clicked on

2019-08-01 15:36:56 - [MESSAGE][PASSED] - Object: 'Object Repository/Regression BackOffice/CLNK-10235/SearchforaClient' is clicked on

2019-08-01 15:36:56 - [TEST_STEP][PASSED] - delay(2): Delayed 2 second(s)

2019-08-01 15:36:58 - [MESSAGE][PASSED] - Delayed 2 second(s)

2019-08-01 15:36:58 - [TEST_STEP][PASSED] - switchToDefaultContent(): null

2019-08-01 15:36:58 - [TEST_STEP][PASSED] - switchToFrame(findTestObject("Regression BackOffice/CLNK-23449/FrameMain"), 30): null

2019-08-01 15:36:58 - [TEST_STEP][PASSED] - waitForElementPresent(findTestObject("Regression BackOffice/CLNK-10235/FirstNameSearch"), 50): Object 'Object Repository/Regression BackOffice/CLNK-10235/FirstNameSearch' is present

2019-08-01 15:36:58 - [MESSAGE][PASSED] - Object 'Object Repository/Regression BackOffice/CLNK-10235/FirstNameSearch' is present

2019-08-01 15:36:58 - [TEST_STEP][PASSED] - setText(findTestObject("Regression BackOffice/CLNK-10235/FirstNameSearch"), G_ClientFirstName): Text 'Gerardo' is set on object 'Object Repository/Regression BackOffice/CLNK-10235/FirstNameSearch'

2019-08-01 15:36:59 - [MESSAGE][PASSED] - Text 'Gerardo' is set on object 'Object Repository/Regression BackOffice/CLNK-10235/FirstNameSearch'

2019-08-01 15:36:59 - [TEST_STEP][PASSED] - delay(2): Delayed 2 second(s)

2019-08-01 15:37:01 - [MESSAGE][PASSED] - Delayed 2 second(s)

2019-08-01 15:37:01 - [TEST_STEP][PASSED] - waitForElementPresent(findTestObject("Regression BackOffice/CLNK-10235/LastNameSearch"), 50): Object 'Object Repository/Regression BackOffice/CLNK-10235/LastNameSearch' is present

2019-08-01 15:37:01 - [MESSAGE][PASSED] - Object 'Object Repository/Regression BackOffice/CLNK-10235/LastNameSearch' is present

2019-08-01 15:37:01 - [TEST_STEP][PASSED] - setText(findTestObject("Regression BackOffice/CLNK-10235/LastNameSearch"), G_ClientLastName): Text 'Gege' is set on object 'Object Repository/Regression BackOffice/CLNK-10235/LastNameSearch'

2019-08-01 15:37:01 - [MESSAGE][PASSED] - Text 'Gege' is set on object 'Object Repository/Regression BackOffice/CLNK-10235/LastNameSearch'

2019-08-01 15:37:01 - [TEST_STEP][PASSED] - delay(2): Delayed 2 second(s)

2019-08-01 15:37:03 - [MESSAGE][PASSED] - Delayed 2 second(s)

2019-08-01 15:37:03 - [TEST_STEP][PASSED] - waitForElementPresent(findTestObject("Regression BackOffice/CLINK - 27906/SearchButton"), 50): Object 'Object Repository/Regression BackOffice/CLINK - 27906/SearchButton' is present

2019-08-01 15:37:03 - [MESSAGE][PASSED] - Object 'Object Repository/Regression BackOffice/CLINK - 27906/SearchButton' is present

2019-08-01 15:37:03 - [TEST_STEP][PASSED] - click(findTestObject("Regression BackOffice/CLINK - 27906/SearchButton"), STOP_ON_FAILURE): Object: 'Object Repository/Regression BackOffice/CLINK - 27906/SearchButton' is clicked on

2019-08-01 15:37:04 - [MESSAGE][PASSED] - Object: 'Object Repository/Regression BackOffice/CLINK - 27906/SearchButton' is clicked on

2019-08-01 15:37:04 - [TEST_STEP][PASSED] - delay(2): Delayed 2 second(s)

2019-08-01 15:37:06 - [MESSAGE][PASSED] - Delayed 2 second(s)

2019-08-01 15:37:06 - [TEST_STEP][PASSED] - waitForElementPresent(findTestObject("Regression BackOffice/CLINK - 27906/ClientRollbackLink"), 50): Object 'Object Repository/Regression BackOffice/CLINK - 27906/ClientRollbackLink' is present

2019-08-01 15:37:06 - [MESSAGE][PASSED] - Object 'Object Repository/Regression BackOffice/CLINK - 27906/ClientRollbackLink' is present

2019-08-01 15:37:06 - [TEST_STEP][PASSED] - rightClick(findTestObject("Regression BackOffice/CLINK - 27906/ClientRollbackLink"), CONTINUE_ON_FAILURE): Object: 'Object Repository/Regression BackOffice/CLINK - 27906/ClientRollbackLink' is right clicked on

2019-08-01 15:37:06 - [MESSAGE][PASSED] - Object: 'Object Repository/Regression BackOffice/CLINK - 27906/ClientRollbackLink' is right clicked on

2019-08-01 15:37:06 - [TEST_STEP][PASSED] - delay(2): Delayed 2 second(s)

2019-08-01 15:37:08 - [MESSAGE][PASSED] - Delayed 2 second(s)

2019-08-01 15:37:08 - [TEST_STEP][PASSED] - waitForElementPresent(findTestObject("Regression BackOffice/CLINK-17593/View POC  RPOC"), 100): Object 'Object Repository/Regression BackOffice/CLINK-17593/View POC  RPOC' is present

2019-08-01 15:37:08 - [MESSAGE][PASSED] - Object 'Object Repository/Regression BackOffice/CLINK-17593/View POC  RPOC' is present

2019-08-01 15:37:08 - [TEST_STEP][PASSED] - click(findTestObject("Regression BackOffice/CLINK-17593/View POC  RPOC")): Object: 'Object Repository/Regression BackOffice/CLINK-17593/View POC  RPOC' is clicked on

2019-08-01 15:37:24 - [MESSAGE][PASSED] - Object: 'Object Repository/Regression BackOffice/CLINK-17593/View POC  RPOC' is clicked on

2019-08-01 15:37:24 - [TEST_STEP][PASSED] - delay(10): Delayed 10 second(s)

2019-08-01 15:37:34 - [MESSAGE][PASSED] - Delayed 10 second(s)

2019-08-01 15:37:34 - [TEST_STEP][PASSED] - waitForPageLoad(50): Wait for page load successfully

2019-08-01 15:37:34 - [MESSAGE][PASSED] - Wait for page load successfully

2019-08-01 15:37:34 - [TEST_STEP][PASSED] - switchToFrame(findTestObject("Regression BackOffice/CLNK-23449/FrameMain"), 30): null

2019-08-01 15:37:34 - [TEST_STEP][NOT_RUN] - waitForElementPresent(findTestObject("Regression BackOffice/CLINK-17593/StatusColumn"), 100): NOT_RUN: waitForElementPresent(findTestObject("Regression BackOffice/CLINK-17593/StatusColumn"), 100)

2019-08-01 15:37:34 - [MESSAGE][NOT_RUN] - NOT_RUN: waitForElementPresent(findTestObject("Regression BackOffice/CLINK-17593/StatusColumn"), 100)

2019-08-01 15:37:34 - [TEST_STEP][NOT_RUN] - verifyElementPresent(findTestObject("Regression BackOffice/CLINK-17593/StatusColumn"), 50): NOT_RUN: verifyElementPresent(findTestObject("Regression BackOffice/CLINK-17593/StatusColumn"), 50)

2019-08-01 15:37:34 - [MESSAGE][NOT_RUN] - NOT_RUN: verifyElementPresent(findTestObject("Regression BackOffice/CLINK-17593/StatusColumn"), 50)

2019-08-01 15:37:34 - [TEST_STEP][NOT_RUN] - delay(2): NOT_RUN: delay(2)

2019-08-01 15:37:34 - [MESSAGE][NOT_RUN] - NOT_RUN: delay(2)

2019-08-01 15:37:34 - [TEST_STEP][PASSED] - waitForElementPresent(findTestObject("Regression BackOffice/CLINK-17593/Status"), 100): Object 'Object Repository/Regression BackOffice/CLINK-17593/Status' is present

2019-08-01 15:37:34 - [MESSAGE][PASSED] - Object 'Object Repository/Regression BackOffice/CLINK-17593/Status' is present

2019-08-01 15:37:34 - [TEST_STEP][PASSED] - click(findTestObject("Regression BackOffice/CLINK-17593/Status"), CONTINUE_ON_FAILURE): Object: 'Object Repository/Regression BackOffice/CLINK-17593/Status' is clicked on

2019-08-01 15:37:34 - [MESSAGE][PASSED] - Object: 'Object Repository/Regression BackOffice/CLINK-17593/Status' is clicked on

2019-08-01 15:37:34 - [TEST_STEP][PASSED] - delay(2): Delayed 2 second(s)

2019-08-01 15:37:36 - [MESSAGE][PASSED] - Delayed 2 second(s)

2019-08-01 15:37:36 - [TEST_STEP][PASSED] - waitForElementPresent(findTestObject("Regression BackOffice/CLINK-17593/Distribution"), 100): Object 'Object Repository/Regression BackOffice/CLINK-17593/Distribution' is present

2019-08-01 15:37:36 - [MESSAGE][PASSED] - Object 'Object Repository/Regression BackOffice/CLINK-17593/Distribution' is present

2019-08-01 15:37:36 - [TEST_STEP][PASSED] - click(findTestObject("Regression BackOffice/CLINK-17593/Distribution"), CONTINUE_ON_FAILURE): Object: 'Object Repository/Regression BackOffice/CLINK-17593/Distribution' is clicked on

2019-08-01 15:37:36 - [MESSAGE][PASSED] - Object: 'Object Repository/Regression BackOffice/CLINK-17593/Distribution' is clicked on

2019-08-01 15:37:36 - [TEST_STEP][PASSED] - sendKeys(findTestObject("Regression BackOffice/CLINK-17593/Distribution"), Keys.chord(ARROW_DOWN, ARROW_DOWN, ENTER)): Keys 'DOWN + DOWN + ENTER + ' sent to object: 'Object Repository/Regression BackOffice/CLINK-17593/Distribution'

2019-08-01 15:37:36 - [MESSAGE][PASSED] - Keys 'DOWN + DOWN + ENTER + ' sent to object: 'Object Repository/Regression BackOffice/CLINK-17593/Distribution'

2019-08-01 15:37:36 - [TEST_STEP][PASSED] - delay(4): Delayed 4 second(s)

2019-08-01 15:37:40 - [MESSAGE][PASSED] - Delayed 4 second(s)

2019-08-01 15:37:40 - [TEST_STEP][PASSED] - waitForElementPresent(findTestObject("Regression BackOffice/CLINK-17593/DateOfDistribution"), 100): Object 'Object Repository/Regression BackOffice/CLINK-17593/DateOfDistribution' is present

2019-08-01 15:37:40 - [MESSAGE][PASSED] - Object 'Object Repository/Regression BackOffice/CLINK-17593/DateOfDistribution' is present

2019-08-01 15:37:40 - [TEST_STEP][PASSED] - click(findTestObject("Regression BackOffice/CLINK-17593/DateOfDistribution")): Object: 'Object Repository/Regression BackOffice/CLINK-17593/DateOfDistribution' is clicked on

2019-08-01 15:37:41 - [MESSAGE][PASSED] - Object: 'Object Repository/Regression BackOffice/CLINK-17593/DateOfDistribution' is clicked on

2019-08-01 15:37:41 - [TEST_STEP][PASSED] - delay(2): Delayed 2 second(s)

2019-08-01 15:37:43 - [MESSAGE][PASSED] - Delayed 2 second(s)

2019-08-01 15:37:43 - [TEST_STEP][PASSED] - sendKeys(findTestObject("Regression BackOffice/CLINK-17593/DateOfDistribution"), "05/20/2019"): Keys '05/20/2019' sent to object: 'Object Repository/Regression BackOffice/CLINK-17593/DateOfDistribution'

2019-08-01 15:37:43 - [MESSAGE][PASSED] - Keys '05/20/2019' sent to object: 'Object Repository/Regression BackOffice/CLINK-17593/DateOfDistribution'

2019-08-01 15:37:43 - [TEST_STEP][PASSED] - delay(2): Delayed 2 second(s)

2019-08-01 15:37:45 - [MESSAGE][PASSED] - Delayed 2 second(s)

2019-08-01 15:37:45 - [TEST_STEP][PASSED] - waitForElementPresent(findTestObject("Regression BackOffice/CLINK-17593/isVerified"), 100): Object 'Object Repository/Regression BackOffice/CLINK-17593/isVerified' is present

2019-08-01 15:37:45 - [MESSAGE][PASSED] - Object 'Object Repository/Regression BackOffice/CLINK-17593/isVerified' is present

2019-08-01 15:37:45 - [TEST_STEP][PASSED] - click(findTestObject("Regression BackOffice/CLINK-17593/isVerified"), CONTINUE_ON_FAILURE): Object: 'Object Repository/Regression BackOffice/CLINK-17593/isVerified' is clicked on

2019-08-01 15:37:45 - [MESSAGE][PASSED] - Object: 'Object Repository/Regression BackOffice/CLINK-17593/isVerified' is clicked on

2019-08-01 15:37:45 - [TEST_STEP][PASSED] - delay(2): Delayed 2 second(s)

2019-08-01 15:37:47 - [MESSAGE][PASSED] - Delayed 2 second(s)

2019-08-01 15:37:47 - [TEST_STEP][PASSED] - waitForElementPresent(findTestObject("Regression BackOffice/CLINK-17593/SaveDistribution"), 100): Object 'Object Repository/Regression BackOffice/CLINK-17593/SaveDistribution' is present

2019-08-01 15:37:47 - [MESSAGE][PASSED] - Object 'Object Repository/Regression BackOffice/CLINK-17593/SaveDistribution' is present

2019-08-01 15:37:47 - [TEST_STEP][PASSED] - click(findTestObject("Regression BackOffice/CLINK-17593/SaveDistribution"), CONTINUE_ON_FAILURE): Object: 'Object Repository/Regression BackOffice/CLINK-17593/SaveDistribution' is clicked on

2019-08-01 15:37:47 - [MESSAGE][PASSED] - Object: 'Object Repository/Regression BackOffice/CLINK-17593/SaveDistribution' is clicked on

2019-08-01 15:37:47 - [TEST_STEP][PASSED] - delay(2): Delayed 2 second(s)

2019-08-01 15:37:49 - [MESSAGE][PASSED] - Delayed 2 second(s)

2019-08-01 15:37:49 - [TEST_STEP][PASSED] - waitForElementPresent(findTestObject("Regression BackOffice/CLINK-17593/span_Close"), 100): Object 'Object Repository/Regression BackOffice/CLINK-17593/span_Close' is present

2019-08-01 15:37:49 - [MESSAGE][PASSED] - Object 'Object Repository/Regression BackOffice/CLINK-17593/span_Close' is present

2019-08-01 15:37:49 - [TEST_STEP][PASSED] - click(findTestObject("Regression BackOffice/CLINK-17593/span_Close"), CONTINUE_ON_FAILURE): Object: 'Object Repository/Regression BackOffice/CLINK-17593/span_Close' is clicked on

2019-08-01 15:37:49 - [MESSAGE][PASSED] - Object: 'Object Repository/Regression BackOffice/CLINK-17593/span_Close' is clicked on

2019-08-01 15:37:49 - [TEST_STEP][PASSED] - delay(2): Delayed 2 second(s)

2019-08-01 15:37:51 - [MESSAGE][PASSED] - Delayed 2 second(s)

2019-08-01 15:37:51 - [TEST_STEP][PASSED] - closeBrowser(): Browser is closed

2019-08-01 15:37:52 - [MESSAGE][PASSED] - Browser is closed]]></system-out>
         <system-err><![CDATA[]]></system-err>
      </testcase>
      <system-out><![CDATA[2019-08-01 15:18:34 - [TEST_SUITE][PASSED] - POC: Test Cases/Regression BackOffice (All Browsers)/CLNK-17593 -7231 Main Application - Clinical Block - View POC and RPOC]]></system-out>
      <system-err><![CDATA[]]></system-err>
   </testsuite>
</testsuites>
