<?xml version="1.0" encoding="UTF-8"?>
<testsuites name="Regression BackOffice" time="450" tests="7" failures="0" errors="0">
   <testsuite name="Regression BackOffice" tests="7" failures="0" errors="0" time="450" timestamp="2019-03-08 17:49:15" hostname="isaac - DESKTOP-RO0FF5F" id="Test Suites/Regression BackOffice/Regression BackOffice">
      <properties>
         <property name="deviceName" value=""/>
         <property name="devicePlatform" value=""/>
         <property name="logFolder" value="C:\\Users\\isaac\\Katalon Studio\\Continulink\\Reports\\Regression BackOffice\\Regression BackOffice\\20190308_174907"/>
         <property name="logFiles" value="C:\\Users\\isaac\\Katalon Studio\\Continulink\\Reports\\Regression BackOffice\\Regression BackOffice\\20190308_174907\\execution0.log"/>
         <property name="attachments" value=""/>
         <property name="hostName" value="isaac - DESKTOP-RO0FF5F"/>
         <property name="os" value="Windows 10 64bit"/>
         <property name="katalonVersion" value="6.0.5.4"/>
         <property name="browser" value="Chrome 72.0.3626.119"/>
         <property name="hostAddress" value="192.168.0.117"/>
         <property name="sessionId" value="bffe29ec1f553d38fbcf97443759f306"/>
         <property name="seleniumVersion" value="3.7.1"/>
         <property name="proxyInformation" value="ProxyInformation{proxyOption=NO_PROXY, proxyServerType=HTTP, password=, proxyServerAddress=, proxyServerPort=0}"/>
         <property name="platform" value="Windows 10"/>
      </properties>
      <testcase name="Test Cases/Regression BackOffice (All Browsers)/CLNK-17788 - (Task A) New Clinical Manager Caregiver Property" classname="Test Cases/Regression BackOffice (All Browsers)/CLNK-17788 - (Task A) New Clinical Manager Caregiver Property" status="PASSED">
         <system-out><![CDATA[2019-03-08 17:49:16 - [TEST_CASE][PASSED] - Test Cases/Regression BackOffice (All Browsers)/CLNK-17788 - (Task A) New Clinical Manager Caregiver Property: Test Cases/Regression BackOffice (All Browsers)/CLNK-17788 - (Task A) New Clinical Manager Caregiver Property

2019-03-08 17:49:17 - [TEST_STEP][PASSED] - callTestCase(findTestCase("Regression BackOffice (All Browsers)/CLNK-23439 - Clink - Back office Client"), [:], STOP_ON_FAILURE): Call Test Case 'Test Cases/Regression BackOffice (All Browsers)/CLNK-23439 - Clink - Back office Client' successfully

2019-03-08 17:49:18 - [TEST_CASE][PASSED] - Test Cases/Regression BackOffice (All Browsers)/CLNK-23439 - Clink - Back office Client: Test Cases/Regression BackOffice (All Browsers)/CLNK-23439 - Clink - Back office Client

2019-03-08 17:49:18 - [TEST_STEP][PASSED] - openBrowser(G_SiteBackOffice): Browser is opened with url: 'http://qanewpoc.continulink.com:81/backoffice/Login.aspx'

2019-03-08 17:49:21 - [MESSAGE][INFO] - Starting 'Chrome' driver

2019-03-08 17:49:21 - [MESSAGE][INFO] - Action delay is set to 0 seconds

2019-03-08 17:49:30 - [MESSAGE][PASSED] - Browser is opened with url: 'http://qanewpoc.continulink.com:81/backoffice/Login.aspx'

2019-03-08 17:49:30 - [TEST_STEP][PASSED] - waitForPageLoad(60): Wait for page load successfully

2019-03-08 17:49:30 - [MESSAGE][PASSED] - Wait for page load successfully

2019-03-08 17:49:30 - [TEST_STEP][PASSED] - maximizeWindow(): Current window maximized

2019-03-08 17:49:32 - [MESSAGE][PASSED] - Current window maximized

2019-03-08 17:49:32 - [TEST_STEP][PASSED] - setText(findTestObject("Regression BackOffice/Login/UserBackOffice"), G_UserBackOffice): Text 'demo' is set on object 'Object Repository/Regression BackOffice/Login/UserBackOffice'

2019-03-08 17:49:32 - [MESSAGE][PASSED] - Text 'demo' is set on object 'Object Repository/Regression BackOffice/Login/UserBackOffice'

2019-03-08 17:49:32 - [TEST_STEP][PASSED] - setText(findTestObject("Regression BackOffice/Login/PasswordBackOffice"), G_PasswordBackOffice): Text 'qwerty' is set on object 'Object Repository/Regression BackOffice/Login/PasswordBackOffice'

2019-03-08 17:49:33 - [MESSAGE][PASSED] - Text 'qwerty' is set on object 'Object Repository/Regression BackOffice/Login/PasswordBackOffice'

2019-03-08 17:49:33 - [TEST_STEP][PASSED] - click(findTestObject("Regression BackOffice/Login/LoginBackOffice")): Object: 'Object Repository/Regression BackOffice/Login/LoginBackOffice' is clicked on

2019-03-08 17:49:39 - [MESSAGE][PASSED] - Object: 'Object Repository/Regression BackOffice/Login/LoginBackOffice' is clicked on

2019-03-08 17:49:39 - [TEST_STEP][PASSED] - waitForPageLoad(60): Wait for page load successfully

2019-03-08 17:49:39 - [MESSAGE][PASSED] - Wait for page load successfully

2019-03-08 17:49:39 - [TEST_STEP][PASSED] - delay(3): Delayed 3 second(s)

2019-03-08 17:49:42 - [MESSAGE][PASSED] - Delayed 3 second(s)

2019-03-08 17:49:42 - [TEST_STEP][PASSED] - switchToFrame(findTestObject("Regression BackOffice/CLNK-23449/FrameLeft"), 5): null

2019-03-08 17:49:42 - [TEST_STEP][PASSED] - waitForElementPresent(findTestObject("Regression BackOffice/CLNK-23449/ClienIntakeICon"), 60): Object 'Object Repository/Regression BackOffice/CLNK-23449/ClienIntakeICon' is present

2019-03-08 17:49:42 - [MESSAGE][PASSED] - Object 'Object Repository/Regression BackOffice/CLNK-23449/ClienIntakeICon' is present

2019-03-08 17:49:42 - [TEST_STEP][PASSED] - verifyElementPresent(findTestObject("Regression BackOffice/CLNK-23449/ClienIntakeICon"), 100): Object 'Object Repository/Regression BackOffice/CLNK-23449/ClienIntakeICon' is present

2019-03-08 17:49:42 - [MESSAGE][PASSED] - Object 'Object Repository/Regression BackOffice/CLNK-23449/ClienIntakeICon' is present

2019-03-08 17:49:42 - [TEST_STEP][PASSED] - switchToDefaultContent(): null

2019-03-08 17:49:42 - [MESSAGE][PASSED] - Call Test Case 'Test Cases/Regression BackOffice (All Browsers)/CLNK-23439 - Clink - Back office Client' successfully

2019-03-08 17:49:42 - [TEST_STEP][PASSED] - waitForPageLoad(60): Wait for page load successfully

2019-03-08 17:49:43 - [MESSAGE][PASSED] - Wait for page load successfully

2019-03-08 17:49:43 - [TEST_STEP][PASSED] - delay(3): Delayed 3 second(s)

2019-03-08 17:49:46 - [MESSAGE][PASSED] - Delayed 3 second(s)

2019-03-08 17:49:46 - [TEST_STEP][PASSED] - switchToFrame(findTestObject("Regression BackOffice/CLNK-23449/FrameLeft"), 30): null

2019-03-08 17:49:46 - [TEST_STEP][PASSED] - waitForElementPresent(findTestObject("Regression BackOffice/CLINK-17788/CaregiverHRLink"), 100): Object 'Object Repository/Regression BackOffice/CLINK-17788/CaregiverHRLink' is present

2019-03-08 17:49:46 - [MESSAGE][PASSED] - Object 'Object Repository/Regression BackOffice/CLINK-17788/CaregiverHRLink' is present

2019-03-08 17:49:46 - [TEST_STEP][PASSED] - click(findTestObject("Regression BackOffice/CLINK-17788/CaregiverHRLink")): Object: 'Object Repository/Regression BackOffice/CLINK-17788/CaregiverHRLink' is clicked on

2019-03-08 17:49:46 - [MESSAGE][PASSED] - Object: 'Object Repository/Regression BackOffice/CLINK-17788/CaregiverHRLink' is clicked on

2019-03-08 17:49:46 - [TEST_STEP][PASSED] - delay(2): Delayed 2 second(s)

2019-03-08 17:49:48 - [MESSAGE][PASSED] - Delayed 2 second(s)

2019-03-08 17:49:48 - [TEST_STEP][PASSED] - waitForPageLoad(50): Wait for page load successfully

2019-03-08 17:49:48 - [MESSAGE][PASSED] - Wait for page load successfully

2019-03-08 17:49:48 - [TEST_STEP][PASSED] - waitForElementPresent(findTestObject("Regression BackOffice/CLINK-17788/CaregiverDemographics"), 50): Object 'Object Repository/Regression BackOffice/CLINK-17788/CaregiverDemographics' is present

2019-03-08 17:49:48 - [MESSAGE][PASSED] - Object 'Object Repository/Regression BackOffice/CLINK-17788/CaregiverDemographics' is present

2019-03-08 17:49:48 - [TEST_STEP][PASSED] - click(findTestObject("Regression BackOffice/CLINK-17788/CaregiverDemographics")): Object: 'Object Repository/Regression BackOffice/CLINK-17788/CaregiverDemographics' is clicked on

2019-03-08 17:49:50 - [MESSAGE][PASSED] - Object: 'Object Repository/Regression BackOffice/CLINK-17788/CaregiverDemographics' is clicked on

2019-03-08 17:49:50 - [TEST_STEP][PASSED] - delay(2): Delayed 2 second(s)

2019-03-08 17:49:52 - [MESSAGE][PASSED] - Delayed 2 second(s)

2019-03-08 17:49:52 - [TEST_STEP][PASSED] - switchToDefaultContent(): null

2019-03-08 17:49:52 - [TEST_STEP][PASSED] - switchToFrame(findTestObject("Regression BackOffice/CLNK-23449/FrameMain"), 30): null

2019-03-08 17:49:52 - [TEST_STEP][PASSED] - waitForElementPresent(findTestObject("Regression BackOffice/CLINK-17788/LastNameSearch"), 50): Object 'Object Repository/Regression BackOffice/CLINK-17788/LastNameSearch' is present

2019-03-08 17:49:52 - [MESSAGE][PASSED] - Object 'Object Repository/Regression BackOffice/CLINK-17788/LastNameSearch' is present

2019-03-08 17:49:52 - [TEST_STEP][PASSED] - setText(findTestObject("Regression BackOffice/CLINK-17788/LastNameSearch"), G_LastNameSearch): Text 'Abbott' is set on object 'Object Repository/Regression BackOffice/CLINK-17788/LastNameSearch'

2019-03-08 17:49:52 - [MESSAGE][PASSED] - Text 'Abbott' is set on object 'Object Repository/Regression BackOffice/CLINK-17788/LastNameSearch'

2019-03-08 17:49:52 - [TEST_STEP][PASSED] - delay(2): Delayed 2 second(s)

2019-03-08 17:49:54 - [MESSAGE][PASSED] - Delayed 2 second(s)

2019-03-08 17:49:54 - [TEST_STEP][PASSED] - waitForElementPresent(findTestObject("Regression BackOffice/CLINK-17788/SearchButton"), 50): Object 'Object Repository/Regression BackOffice/CLINK-17788/SearchButton' is present

2019-03-08 17:49:54 - [MESSAGE][PASSED] - Object 'Object Repository/Regression BackOffice/CLINK-17788/SearchButton' is present

2019-03-08 17:49:54 - [TEST_STEP][PASSED] - click(findTestObject("Regression BackOffice/CLINK-17788/SearchButton"), STOP_ON_FAILURE): Object: 'Object Repository/Regression BackOffice/CLINK-17788/SearchButton' is clicked on

2019-03-08 17:49:55 - [MESSAGE][PASSED] - Object: 'Object Repository/Regression BackOffice/CLINK-17788/SearchButton' is clicked on

2019-03-08 17:49:55 - [TEST_STEP][PASSED] - delay(2): Delayed 2 second(s)

2019-03-08 17:49:57 - [MESSAGE][PASSED] - Delayed 2 second(s)

2019-03-08 17:49:57 - [TEST_STEP][PASSED] - waitForElementPresent(findTestObject("Regression BackOffice/CLINK-17788/UserLink"), 50): Object 'Object Repository/Regression BackOffice/CLINK-17788/UserLink' is present

2019-03-08 17:49:57 - [MESSAGE][PASSED] - Object 'Object Repository/Regression BackOffice/CLINK-17788/UserLink' is present

2019-03-08 17:49:57 - [TEST_STEP][PASSED] - click(findTestObject("Regression BackOffice/CLINK-17788/UserLink"), STOP_ON_FAILURE): Object: 'Object Repository/Regression BackOffice/CLINK-17788/UserLink' is clicked on

2019-03-08 17:50:00 - [MESSAGE][PASSED] - Object: 'Object Repository/Regression BackOffice/CLINK-17788/UserLink' is clicked on

2019-03-08 17:50:00 - [TEST_STEP][PASSED] - delay(2): Delayed 2 second(s)

2019-03-08 17:50:02 - [MESSAGE][PASSED] - Delayed 2 second(s)

2019-03-08 17:50:02 - [TEST_STEP][PASSED] - scrollToElement(findTestObject("Regression BackOffice/CLINK-17788/OtherInformationSection"), 20): Scroll to object 'Object Repository/Regression BackOffice/CLINK-17788/OtherInformationSection' successfully

2019-03-08 17:50:03 - [MESSAGE][PASSED] - Scroll to object 'Object Repository/Regression BackOffice/CLINK-17788/OtherInformationSection' successfully

2019-03-08 17:50:03 - [TEST_STEP][PASSED] - waitForElementPresent(findTestObject("Regression BackOffice/CLINK-17788/YesCareManager"), 50): Object 'Object Repository/Regression BackOffice/CLINK-17788/YesCareManager' is present

2019-03-08 17:50:03 - [MESSAGE][PASSED] - Object 'Object Repository/Regression BackOffice/CLINK-17788/YesCareManager' is present

2019-03-08 17:50:03 - [TEST_STEP][PASSED] - click(findTestObject("Regression BackOffice/CLINK-17788/YesCareManager"), STOP_ON_FAILURE): Object: 'Object Repository/Regression BackOffice/CLINK-17788/YesCareManager' is clicked on

2019-03-08 17:50:03 - [MESSAGE][PASSED] - Object: 'Object Repository/Regression BackOffice/CLINK-17788/YesCareManager' is clicked on

2019-03-08 17:50:03 - [TEST_STEP][PASSED] - delay(2): Delayed 2 second(s)

2019-03-08 17:50:05 - [MESSAGE][PASSED] - Delayed 2 second(s)

2019-03-08 17:50:05 - [TEST_STEP][PASSED] - waitForElementPresent(findTestObject("Regression BackOffice/CLINK-17788/NoClinicalManager"), 50): Object 'Object Repository/Regression BackOffice/CLINK-17788/NoClinicalManager' is present

2019-03-08 17:50:05 - [MESSAGE][PASSED] - Object 'Object Repository/Regression BackOffice/CLINK-17788/NoClinicalManager' is present

2019-03-08 17:50:05 - [TEST_STEP][PASSED] - click(findTestObject("Regression BackOffice/CLINK-17788/NoClinicalManager"), STOP_ON_FAILURE): Object: 'Object Repository/Regression BackOffice/CLINK-17788/NoClinicalManager' is clicked on

2019-03-08 17:50:05 - [MESSAGE][PASSED] - Object: 'Object Repository/Regression BackOffice/CLINK-17788/NoClinicalManager' is clicked on

2019-03-08 17:50:05 - [TEST_STEP][PASSED] - switchToDefaultContent(): null

2019-03-08 17:50:05 - [TEST_STEP][PASSED] - delay(2): Delayed 2 second(s)

2019-03-08 17:50:07 - [MESSAGE][PASSED] - Delayed 2 second(s)

2019-03-08 17:50:07 - [TEST_STEP][PASSED] - switchToFrame(findTestObject("Regression BackOffice/CLINK-17788/BannerFrame"), 30): null

2019-03-08 17:50:07 - [TEST_STEP][PASSED] - waitForElementPresent(findTestObject("Regression BackOffice/CLINK-17788/SaveButton"), 50): Object 'Object Repository/Regression BackOffice/CLINK-17788/SaveButton' is present

2019-03-08 17:50:07 - [MESSAGE][WARNING] - Test object with id 'Object Repository/CLINK-17788/Page_InterLink/frame_Capture object_BannerFra' does not exist

2019-03-08 17:50:07 - [MESSAGE][PASSED] - Object 'Object Repository/Regression BackOffice/CLINK-17788/SaveButton' is present

2019-03-08 17:50:07 - [TEST_STEP][PASSED] - click(findTestObject("Regression BackOffice/CLINK-17788/SaveButton"), STOP_ON_FAILURE): Object: 'Object Repository/Regression BackOffice/CLINK-17788/SaveButton' is clicked on

2019-03-08 17:50:07 - [MESSAGE][WARNING] - Test object with id 'Object Repository/CLINK-17788/Page_InterLink/frame_Capture object_BannerFra' does not exist

2019-03-08 17:50:19 - [MESSAGE][PASSED] - Object: 'Object Repository/Regression BackOffice/CLINK-17788/SaveButton' is clicked on

2019-03-08 17:50:19 - [TEST_STEP][PASSED] - delay(2): Delayed 2 second(s)

2019-03-08 17:50:21 - [MESSAGE][PASSED] - Delayed 2 second(s)]]></system-out>
         <system-err><![CDATA[]]></system-err>
      </testcase>
      <testcase name="Test Cases/Regression BackOffice (All Browsers)/CLNK-27906 - (Task B) Update Care Manager Control in Admission Details" classname="Test Cases/Regression BackOffice (All Browsers)/CLNK-27906 - (Task B) Update Care Manager Control in Admission Details" status="PASSED">
         <system-out><![CDATA[2019-03-08 17:50:23 - [TEST_CASE][PASSED] - Test Cases/Regression BackOffice (All Browsers)/CLNK-27906 - (Task B) Update Care Manager Control in Admission Details: Test Cases/Regression BackOffice (All Browsers)/CLNK-27906 - (Task B) Update Care Manager Control in Admission Details

2019-03-08 17:50:23 - [TEST_STEP][PASSED] - callTestCase(findTestCase("Regression BackOffice (All Browsers)/CLNK-23439 - Clink - Back office Client"), [:], STOP_ON_FAILURE): Call Test Case 'Test Cases/Regression BackOffice (All Browsers)/CLNK-23439 - Clink - Back office Client' successfully

2019-03-08 17:50:24 - [TEST_CASE][PASSED] - Test Cases/Regression BackOffice (All Browsers)/CLNK-23439 - Clink - Back office Client: Test Cases/Regression BackOffice (All Browsers)/CLNK-23439 - Clink - Back office Client

2019-03-08 17:50:24 - [TEST_STEP][PASSED] - openBrowser(G_SiteBackOffice): Browser is opened with url: 'http://qanewpoc.continulink.com:81/backoffice/Login.aspx'

2019-03-08 17:50:24 - [MESSAGE][WARNING] - A browser is already opened. Closing browser and opening a new one

2019-03-08 17:50:25 - [MESSAGE][INFO] - Starting 'Chrome' driver

2019-03-08 17:50:30 - [MESSAGE][PASSED] - Browser is opened with url: 'http://qanewpoc.continulink.com:81/backoffice/Login.aspx'

2019-03-08 17:50:30 - [TEST_STEP][PASSED] - waitForPageLoad(60): Wait for page load successfully

2019-03-08 17:50:30 - [MESSAGE][PASSED] - Wait for page load successfully

2019-03-08 17:50:30 - [TEST_STEP][PASSED] - maximizeWindow(): Current window maximized

2019-03-08 17:50:31 - [MESSAGE][PASSED] - Current window maximized

2019-03-08 17:50:31 - [TEST_STEP][PASSED] - setText(findTestObject("Regression BackOffice/Login/UserBackOffice"), G_UserBackOffice): Text 'demo' is set on object 'Object Repository/Regression BackOffice/Login/UserBackOffice'

2019-03-08 17:50:32 - [MESSAGE][PASSED] - Text 'demo' is set on object 'Object Repository/Regression BackOffice/Login/UserBackOffice'

2019-03-08 17:50:32 - [TEST_STEP][PASSED] - setText(findTestObject("Regression BackOffice/Login/PasswordBackOffice"), G_PasswordBackOffice): Text 'qwerty' is set on object 'Object Repository/Regression BackOffice/Login/PasswordBackOffice'

2019-03-08 17:50:32 - [MESSAGE][PASSED] - Text 'qwerty' is set on object 'Object Repository/Regression BackOffice/Login/PasswordBackOffice'

2019-03-08 17:50:32 - [TEST_STEP][PASSED] - click(findTestObject("Regression BackOffice/Login/LoginBackOffice")): Object: 'Object Repository/Regression BackOffice/Login/LoginBackOffice' is clicked on

2019-03-08 17:50:38 - [MESSAGE][PASSED] - Object: 'Object Repository/Regression BackOffice/Login/LoginBackOffice' is clicked on

2019-03-08 17:50:38 - [TEST_STEP][PASSED] - waitForPageLoad(60): Wait for page load successfully

2019-03-08 17:50:38 - [MESSAGE][PASSED] - Wait for page load successfully

2019-03-08 17:50:38 - [TEST_STEP][PASSED] - delay(3): Delayed 3 second(s)

2019-03-08 17:50:41 - [MESSAGE][PASSED] - Delayed 3 second(s)

2019-03-08 17:50:41 - [TEST_STEP][PASSED] - switchToFrame(findTestObject("Regression BackOffice/CLNK-23449/FrameLeft"), 5): null

2019-03-08 17:50:42 - [TEST_STEP][PASSED] - waitForElementPresent(findTestObject("Regression BackOffice/CLNK-23449/ClienIntakeICon"), 60): Object 'Object Repository/Regression BackOffice/CLNK-23449/ClienIntakeICon' is present

2019-03-08 17:50:42 - [MESSAGE][PASSED] - Object 'Object Repository/Regression BackOffice/CLNK-23449/ClienIntakeICon' is present

2019-03-08 17:50:42 - [TEST_STEP][PASSED] - verifyElementPresent(findTestObject("Regression BackOffice/CLNK-23449/ClienIntakeICon"), 100): Object 'Object Repository/Regression BackOffice/CLNK-23449/ClienIntakeICon' is present

2019-03-08 17:50:42 - [MESSAGE][PASSED] - Object 'Object Repository/Regression BackOffice/CLNK-23449/ClienIntakeICon' is present

2019-03-08 17:50:42 - [TEST_STEP][PASSED] - switchToDefaultContent(): null

2019-03-08 17:50:42 - [MESSAGE][PASSED] - Call Test Case 'Test Cases/Regression BackOffice (All Browsers)/CLNK-23439 - Clink - Back office Client' successfully

2019-03-08 17:50:42 - [TEST_STEP][PASSED] - waitForPageLoad(60): Wait for page load successfully

2019-03-08 17:50:42 - [MESSAGE][PASSED] - Wait for page load successfully

2019-03-08 17:50:42 - [TEST_STEP][PASSED] - delay(3): Delayed 3 second(s)

2019-03-08 17:50:45 - [MESSAGE][PASSED] - Delayed 3 second(s)

2019-03-08 17:50:45 - [TEST_STEP][PASSED] - switchToFrame(findTestObject("Regression BackOffice/CLNK-23449/FrameLeft"), 30): null

2019-03-08 17:50:45 - [TEST_STEP][PASSED] - waitForElementPresent(findTestObject("Regression BackOffice/CLNK-23449/ClienIntakeICon"), 100): Object 'Object Repository/Regression BackOffice/CLNK-23449/ClienIntakeICon' is present

2019-03-08 17:50:45 - [MESSAGE][PASSED] - Object 'Object Repository/Regression BackOffice/CLNK-23449/ClienIntakeICon' is present

2019-03-08 17:50:45 - [TEST_STEP][PASSED] - click(findTestObject("Regression BackOffice/CLNK-23449/ClienIntakeICon")): Object: 'Object Repository/Regression BackOffice/CLNK-23449/ClienIntakeICon' is clicked on

2019-03-08 17:50:45 - [MESSAGE][PASSED] - Object: 'Object Repository/Regression BackOffice/CLNK-23449/ClienIntakeICon' is clicked on

2019-03-08 17:50:45 - [TEST_STEP][PASSED] - delay(2): Delayed 2 second(s)

2019-03-08 17:50:47 - [MESSAGE][PASSED] - Delayed 2 second(s)

2019-03-08 17:50:47 - [TEST_STEP][PASSED] - waitForPageLoad(50): Wait for page load successfully

2019-03-08 17:50:47 - [MESSAGE][PASSED] - Wait for page load successfully

2019-03-08 17:50:47 - [TEST_STEP][PASSED] - waitForElementPresent(findTestObject("Regression BackOffice/CLINK - 27906/AdmissionDetails"), 50): Object 'Object Repository/Regression BackOffice/CLINK - 27906/AdmissionDetails' is present

2019-03-08 17:50:47 - [MESSAGE][PASSED] - Object 'Object Repository/Regression BackOffice/CLINK - 27906/AdmissionDetails' is present

2019-03-08 17:50:47 - [TEST_STEP][PASSED] - click(findTestObject("Regression BackOffice/CLINK - 27906/AdmissionDetails")): Object: 'Object Repository/Regression BackOffice/CLINK - 27906/AdmissionDetails' is clicked on

2019-03-08 17:50:49 - [MESSAGE][PASSED] - Object: 'Object Repository/Regression BackOffice/CLINK - 27906/AdmissionDetails' is clicked on

2019-03-08 17:50:49 - [TEST_STEP][PASSED] - delay(2): Delayed 2 second(s)

2019-03-08 17:50:51 - [MESSAGE][PASSED] - Delayed 2 second(s)

2019-03-08 17:50:51 - [TEST_STEP][PASSED] - switchToDefaultContent(): null

2019-03-08 17:50:51 - [TEST_STEP][PASSED] - switchToFrame(findTestObject("Regression BackOffice/CLNK-23449/FrameMain"), 30): null

2019-03-08 17:50:51 - [TEST_STEP][PASSED] - waitForElementPresent(findTestObject("Regression BackOffice/CLINK - 27906/Last NameAdmission"), 50): Object 'Object Repository/Regression BackOffice/CLINK - 27906/Last NameAdmission' is present

2019-03-08 17:50:51 - [MESSAGE][PASSED] - Object 'Object Repository/Regression BackOffice/CLINK - 27906/Last NameAdmission' is present

2019-03-08 17:50:51 - [TEST_STEP][PASSED] - setText(findTestObject("Regression BackOffice/CLINK - 27906/Last NameAdmission"), G_LastNameAdd): Text 'Rollback' is set on object 'Object Repository/Regression BackOffice/CLINK - 27906/Last NameAdmission'

2019-03-08 17:50:51 - [MESSAGE][PASSED] - Text 'Rollback' is set on object 'Object Repository/Regression BackOffice/CLINK - 27906/Last NameAdmission'

2019-03-08 17:50:51 - [TEST_STEP][PASSED] - delay(2): Delayed 2 second(s)

2019-03-08 17:50:53 - [MESSAGE][PASSED] - Delayed 2 second(s)

2019-03-08 17:50:53 - [TEST_STEP][PASSED] - waitForElementPresent(findTestObject("Regression BackOffice/CLINK - 27906/SearchButton"), 50): Object 'Object Repository/Regression BackOffice/CLINK - 27906/SearchButton' is present

2019-03-08 17:50:53 - [MESSAGE][PASSED] - Object 'Object Repository/Regression BackOffice/CLINK - 27906/SearchButton' is present

2019-03-08 17:50:53 - [TEST_STEP][PASSED] - click(findTestObject("Regression BackOffice/CLINK - 27906/SearchButton"), STOP_ON_FAILURE): Object: 'Object Repository/Regression BackOffice/CLINK - 27906/SearchButton' is clicked on

2019-03-08 17:50:55 - [MESSAGE][PASSED] - Object: 'Object Repository/Regression BackOffice/CLINK - 27906/SearchButton' is clicked on

2019-03-08 17:50:55 - [TEST_STEP][PASSED] - delay(2): Delayed 2 second(s)

2019-03-08 17:50:57 - [MESSAGE][PASSED] - Delayed 2 second(s)

2019-03-08 17:50:57 - [TEST_STEP][PASSED] - waitForElementPresent(findTestObject("Regression BackOffice/CLINK - 27906/ClientRollbackLink"), 50): Object 'Object Repository/Regression BackOffice/CLINK - 27906/ClientRollbackLink' is present

2019-03-08 17:50:57 - [MESSAGE][PASSED] - Object 'Object Repository/Regression BackOffice/CLINK - 27906/ClientRollbackLink' is present

2019-03-08 17:50:57 - [TEST_STEP][PASSED] - click(findTestObject("Regression BackOffice/CLINK - 27906/ClientRollbackLink"), STOP_ON_FAILURE): Object: 'Object Repository/Regression BackOffice/CLINK - 27906/ClientRollbackLink' is clicked on

2019-03-08 17:51:06 - [MESSAGE][PASSED] - Object: 'Object Repository/Regression BackOffice/CLINK - 27906/ClientRollbackLink' is clicked on

2019-03-08 17:51:06 - [TEST_STEP][PASSED] - delay(2): Delayed 2 second(s)

2019-03-08 17:51:08 - [MESSAGE][PASSED] - Delayed 2 second(s)

2019-03-08 17:51:08 - [TEST_STEP][PASSED] - switchToFrame(findTestObject("Regression BackOffice/CLNK-23449/FrameMain"), 30): null

2019-03-08 17:51:08 - [TEST_STEP][PASSED] - waitForElementPresent(findTestObject("Regression BackOffice/CLINK - 27906/ClinicalManagersLink"), 50): Object 'Object Repository/Regression BackOffice/CLINK - 27906/ClinicalManagersLink' is present

2019-03-08 17:51:08 - [MESSAGE][PASSED] - Object 'Object Repository/Regression BackOffice/CLINK - 27906/ClinicalManagersLink' is present

2019-03-08 17:51:08 - [TEST_STEP][PASSED] - click(findTestObject("Regression BackOffice/CLINK - 27906/ClinicalManagersLink"), STOP_ON_FAILURE): Object: 'Object Repository/Regression BackOffice/CLINK - 27906/ClinicalManagersLink' is clicked on

2019-03-08 17:51:09 - [MESSAGE][PASSED] - Object: 'Object Repository/Regression BackOffice/CLINK - 27906/ClinicalManagersLink' is clicked on

2019-03-08 17:51:09 - [TEST_STEP][PASSED] - delay(2): Delayed 2 second(s)

2019-03-08 17:51:11 - [MESSAGE][PASSED] - Delayed 2 second(s)

2019-03-08 17:51:11 - [TEST_STEP][PASSED] - verifyElementPresent(findTestObject("Regression BackOffice/CLINK - 27906/AddNewClinicalManagerLink"), 60): Object 'Object Repository/Regression BackOffice/CLINK - 27906/AddNewClinicalManagerLink' is present

2019-03-08 17:51:11 - [MESSAGE][PASSED] - Object 'Object Repository/Regression BackOffice/CLINK - 27906/AddNewClinicalManagerLink' is present

2019-03-08 17:51:11 - [TEST_STEP][PASSED] - waitForElementPresent(findTestObject("Regression BackOffice/CLINK - 27906/SameCareManagerChk"), 50): Object 'Object Repository/Regression BackOffice/CLINK - 27906/SameCareManagerChk' is present

2019-03-08 17:51:11 - [MESSAGE][PASSED] - Object 'Object Repository/Regression BackOffice/CLINK - 27906/SameCareManagerChk' is present

2019-03-08 17:51:11 - [TEST_STEP][PASSED] - click(findTestObject("Regression BackOffice/CLINK - 27906/SameCareManagerChk"), STOP_ON_FAILURE): Object: 'Object Repository/Regression BackOffice/CLINK - 27906/SameCareManagerChk' is clicked on

2019-03-08 17:51:11 - [MESSAGE][PASSED] - Object: 'Object Repository/Regression BackOffice/CLINK - 27906/SameCareManagerChk' is clicked on

2019-03-08 17:51:11 - [TEST_STEP][PASSED] - delay(2): Delayed 2 second(s)

2019-03-08 17:51:13 - [MESSAGE][PASSED] - Delayed 2 second(s)

2019-03-08 17:51:13 - [TEST_STEP][PASSED] - waitForElementPresent(findTestObject("Regression BackOffice/CLINK - 27906/SameCareManagerChk"), 50): Object 'Object Repository/Regression BackOffice/CLINK - 27906/SameCareManagerChk' is present

2019-03-08 17:51:13 - [MESSAGE][PASSED] - Object 'Object Repository/Regression BackOffice/CLINK - 27906/SameCareManagerChk' is present

2019-03-08 17:51:13 - [TEST_STEP][PASSED] - click(findTestObject("Regression BackOffice/CLINK - 27906/SameCareManagerChk"), STOP_ON_FAILURE): Object: 'Object Repository/Regression BackOffice/CLINK - 27906/SameCareManagerChk' is clicked on

2019-03-08 17:51:13 - [MESSAGE][PASSED] - Object: 'Object Repository/Regression BackOffice/CLINK - 27906/SameCareManagerChk' is clicked on

2019-03-08 17:51:13 - [TEST_STEP][PASSED] - delay(2): Delayed 2 second(s)

2019-03-08 17:51:15 - [MESSAGE][PASSED] - Delayed 2 second(s)

2019-03-08 17:51:15 - [TEST_STEP][PASSED] - waitForElementPresent(findTestObject("Regression BackOffice/CLINK - 27906/AddNewClinicalManagerLink"), 50): Object 'Object Repository/Regression BackOffice/CLINK - 27906/AddNewClinicalManagerLink' is present

2019-03-08 17:51:15 - [MESSAGE][PASSED] - Object 'Object Repository/Regression BackOffice/CLINK - 27906/AddNewClinicalManagerLink' is present

2019-03-08 17:51:15 - [TEST_STEP][PASSED] - click(findTestObject("Regression BackOffice/CLINK - 27906/AddNewClinicalManagerLink"), STOP_ON_FAILURE): Object: 'Object Repository/Regression BackOffice/CLINK - 27906/AddNewClinicalManagerLink' is clicked on

2019-03-08 17:51:15 - [MESSAGE][PASSED] - Object: 'Object Repository/Regression BackOffice/CLINK - 27906/AddNewClinicalManagerLink' is clicked on

2019-03-08 17:51:15 - [TEST_STEP][PASSED] - delay(2): Delayed 2 second(s)

2019-03-08 17:51:17 - [MESSAGE][PASSED] - Delayed 2 second(s)

2019-03-08 17:51:17 - [TEST_STEP][PASSED] - verifyElementPresent(findTestObject("Regression BackOffice/CLINK - 27906/Id"), 60): Object 'Object Repository/Regression BackOffice/CLINK - 27906/Id' is present

2019-03-08 17:51:18 - [MESSAGE][PASSED] - Object 'Object Repository/Regression BackOffice/CLINK - 27906/Id' is present

2019-03-08 17:51:18 - [TEST_STEP][PASSED] - verifyElementPresent(findTestObject("Regression BackOffice/CLINK - 27906/CareManagerName"), 60): Object 'Object Repository/Regression BackOffice/CLINK - 27906/CareManagerName' is present

2019-03-08 17:51:18 - [MESSAGE][PASSED] - Object 'Object Repository/Regression BackOffice/CLINK - 27906/CareManagerName' is present

2019-03-08 17:51:18 - [TEST_STEP][PASSED] - verifyElementPresent(findTestObject("Regression BackOffice/CLINK - 27906/Discipline"), 60): Object 'Object Repository/Regression BackOffice/CLINK - 27906/Discipline' is present

2019-03-08 17:51:18 - [MESSAGE][PASSED] - Object 'Object Repository/Regression BackOffice/CLINK - 27906/Discipline' is present

2019-03-08 17:51:18 - [TEST_STEP][PASSED] - verifyElementPresent(findTestObject("Regression BackOffice/CLINK - 27906/Delete"), 60): Object 'Object Repository/Regression BackOffice/CLINK - 27906/Delete' is present

2019-03-08 17:51:18 - [MESSAGE][PASSED] - Object 'Object Repository/Regression BackOffice/CLINK - 27906/Delete' is present

2019-03-08 17:51:18 - [TEST_STEP][PASSED] - waitForElementPresent(findTestObject("Regression BackOffice/CLINK - 27906/ClinicalManagerNameText"), 50): Object 'Object Repository/Regression BackOffice/CLINK - 27906/ClinicalManagerNameText' is present

2019-03-08 17:51:18 - [MESSAGE][PASSED] - Object 'Object Repository/Regression BackOffice/CLINK - 27906/ClinicalManagerNameText' is present

2019-03-08 17:51:18 - [TEST_STEP][PASSED] - setText(findTestObject("Regression BackOffice/CLINK - 27906/ClinicalManagerNameText"), G_ClinicalManager): Text 'Sarvari' is set on object 'Object Repository/Regression BackOffice/CLINK - 27906/ClinicalManagerNameText'

2019-03-08 17:51:18 - [MESSAGE][PASSED] - Text 'Sarvari' is set on object 'Object Repository/Regression BackOffice/CLINK - 27906/ClinicalManagerNameText'

2019-03-08 17:51:18 - [TEST_STEP][PASSED] - delay(2): Delayed 2 second(s)

2019-03-08 17:51:21 - [MESSAGE][PASSED] - Delayed 2 second(s)

2019-03-08 17:51:21 - [TEST_STEP][PASSED] - waitForElementPresent(findTestObject("Regression BackOffice/CLINK - 27906/li_Admin"), 50): Object 'Object Repository/Regression BackOffice/CLINK - 27906/li_Admin' is present

2019-03-08 17:51:21 - [MESSAGE][PASSED] - Object 'Object Repository/Regression BackOffice/CLINK - 27906/li_Admin' is present

2019-03-08 17:51:21 - [TEST_STEP][PASSED] - click(findTestObject("Regression BackOffice/CLINK - 27906/li_Admin"), STOP_ON_FAILURE): Object: 'Object Repository/Regression BackOffice/CLINK - 27906/li_Admin' is clicked on

2019-03-08 17:51:21 - [MESSAGE][PASSED] - Object: 'Object Repository/Regression BackOffice/CLINK - 27906/li_Admin' is clicked on

2019-03-08 17:51:21 - [TEST_STEP][PASSED] - delay(2): Delayed 2 second(s)

2019-03-08 17:51:23 - [MESSAGE][PASSED] - Delayed 2 second(s)

2019-03-08 17:51:23 - [TEST_STEP][PASSED] - waitForElementPresent(findTestObject("Regression BackOffice/CLINK - 27906/AddToListLink"), 50): Object 'Object Repository/Regression BackOffice/CLINK - 27906/AddToListLink' is present

2019-03-08 17:51:23 - [MESSAGE][PASSED] - Object 'Object Repository/Regression BackOffice/CLINK - 27906/AddToListLink' is present

2019-03-08 17:51:23 - [TEST_STEP][PASSED] - click(findTestObject("Regression BackOffice/CLINK - 27906/AddToListLink"), STOP_ON_FAILURE): Object: 'Object Repository/Regression BackOffice/CLINK - 27906/AddToListLink' is clicked on

2019-03-08 17:51:23 - [MESSAGE][PASSED] - Object: 'Object Repository/Regression BackOffice/CLINK - 27906/AddToListLink' is clicked on

2019-03-08 17:51:23 - [TEST_STEP][PASSED] - delay(2): Delayed 2 second(s)

2019-03-08 17:51:25 - [MESSAGE][PASSED] - Delayed 2 second(s)

2019-03-08 17:51:25 - [TEST_STEP][PASSED] - waitForElementPresent(findTestObject("Regression BackOffice/CLINK - 27906/DeleteIcon"), 50): Object 'Object Repository/Regression BackOffice/CLINK - 27906/DeleteIcon' is present

2019-03-08 17:51:25 - [MESSAGE][PASSED] - Object 'Object Repository/Regression BackOffice/CLINK - 27906/DeleteIcon' is present

2019-03-08 17:51:25 - [TEST_STEP][PASSED] - click(findTestObject("Regression BackOffice/CLINK - 27906/DeleteIcon"), STOP_ON_FAILURE): Object: 'Object Repository/Regression BackOffice/CLINK - 27906/DeleteIcon' is clicked on

2019-03-08 17:51:26 - [MESSAGE][PASSED] - Object: 'Object Repository/Regression BackOffice/CLINK - 27906/DeleteIcon' is clicked on

2019-03-08 17:51:26 - [TEST_STEP][PASSED] - delay(2): Delayed 2 second(s)

2019-03-08 17:51:28 - [MESSAGE][PASSED] - Delayed 2 second(s)

2019-03-08 17:51:28 - [TEST_STEP][PASSED] - acceptAlert(STOP_ON_FAILURE): Alert accepted

2019-03-08 17:51:28 - [MESSAGE][PASSED] - Alert accepted]]></system-out>
         <system-err><![CDATA[]]></system-err>
      </testcase>
      <testcase name="Test Cases/Regression BackOffice (All Browsers)/CLNK-23449 - Quick Intake Wizard" classname="Test Cases/Regression BackOffice (All Browsers)/CLNK-23449 - Quick Intake Wizard" status="PASSED">
         <system-out><![CDATA[2019-03-08 17:51:30 - [TEST_CASE][PASSED] - Test Cases/Regression BackOffice (All Browsers)/CLNK-23449 - Quick Intake Wizard: Test Cases/Regression BackOffice (All Browsers)/CLNK-23449 - Quick Intake Wizard

2019-03-08 17:51:31 - [TEST_STEP][PASSED] - callTestCase(findTestCase("Regression BackOffice (All Browsers)/CLNK-23439 - Clink - Back office Client"), [:], STOP_ON_FAILURE): Call Test Case 'Test Cases/Regression BackOffice (All Browsers)/CLNK-23439 - Clink - Back office Client' successfully

2019-03-08 17:51:31 - [TEST_CASE][PASSED] - Test Cases/Regression BackOffice (All Browsers)/CLNK-23439 - Clink - Back office Client: Test Cases/Regression BackOffice (All Browsers)/CLNK-23439 - Clink - Back office Client

2019-03-08 17:51:31 - [TEST_STEP][PASSED] - openBrowser(G_SiteBackOffice): Browser is opened with url: 'http://qanewpoc.continulink.com:81/backoffice/Login.aspx'

2019-03-08 17:51:31 - [MESSAGE][WARNING] - A browser is already opened. Closing browser and opening a new one

2019-03-08 17:51:32 - [MESSAGE][INFO] - Starting 'Chrome' driver

2019-03-08 17:51:38 - [MESSAGE][PASSED] - Browser is opened with url: 'http://qanewpoc.continulink.com:81/backoffice/Login.aspx'

2019-03-08 17:51:38 - [TEST_STEP][PASSED] - waitForPageLoad(60): Wait for page load successfully

2019-03-08 17:51:38 - [MESSAGE][PASSED] - Wait for page load successfully

2019-03-08 17:51:38 - [TEST_STEP][PASSED] - maximizeWindow(): Current window maximized

2019-03-08 17:51:40 - [MESSAGE][PASSED] - Current window maximized

2019-03-08 17:51:40 - [TEST_STEP][PASSED] - setText(findTestObject("Regression BackOffice/Login/UserBackOffice"), G_UserBackOffice): Text 'demo' is set on object 'Object Repository/Regression BackOffice/Login/UserBackOffice'

2019-03-08 17:51:40 - [MESSAGE][PASSED] - Text 'demo' is set on object 'Object Repository/Regression BackOffice/Login/UserBackOffice'

2019-03-08 17:51:40 - [TEST_STEP][PASSED] - setText(findTestObject("Regression BackOffice/Login/PasswordBackOffice"), G_PasswordBackOffice): Text 'qwerty' is set on object 'Object Repository/Regression BackOffice/Login/PasswordBackOffice'

2019-03-08 17:51:40 - [MESSAGE][PASSED] - Text 'qwerty' is set on object 'Object Repository/Regression BackOffice/Login/PasswordBackOffice'

2019-03-08 17:51:40 - [TEST_STEP][PASSED] - click(findTestObject("Regression BackOffice/Login/LoginBackOffice")): Object: 'Object Repository/Regression BackOffice/Login/LoginBackOffice' is clicked on

2019-03-08 17:51:47 - [MESSAGE][PASSED] - Object: 'Object Repository/Regression BackOffice/Login/LoginBackOffice' is clicked on

2019-03-08 17:51:47 - [TEST_STEP][PASSED] - waitForPageLoad(60): Wait for page load successfully

2019-03-08 17:51:47 - [MESSAGE][PASSED] - Wait for page load successfully

2019-03-08 17:51:47 - [TEST_STEP][PASSED] - delay(3): Delayed 3 second(s)

2019-03-08 17:51:50 - [MESSAGE][PASSED] - Delayed 3 second(s)

2019-03-08 17:51:50 - [TEST_STEP][PASSED] - switchToFrame(findTestObject("Regression BackOffice/CLNK-23449/FrameLeft"), 5): null

2019-03-08 17:51:50 - [TEST_STEP][PASSED] - waitForElementPresent(findTestObject("Regression BackOffice/CLNK-23449/ClienIntakeICon"), 60): Object 'Object Repository/Regression BackOffice/CLNK-23449/ClienIntakeICon' is present

2019-03-08 17:51:50 - [MESSAGE][PASSED] - Object 'Object Repository/Regression BackOffice/CLNK-23449/ClienIntakeICon' is present

2019-03-08 17:51:50 - [TEST_STEP][PASSED] - verifyElementPresent(findTestObject("Regression BackOffice/CLNK-23449/ClienIntakeICon"), 100): Object 'Object Repository/Regression BackOffice/CLNK-23449/ClienIntakeICon' is present

2019-03-08 17:51:50 - [MESSAGE][PASSED] - Object 'Object Repository/Regression BackOffice/CLNK-23449/ClienIntakeICon' is present

2019-03-08 17:51:50 - [TEST_STEP][PASSED] - switchToDefaultContent(): null

2019-03-08 17:51:50 - [MESSAGE][PASSED] - Call Test Case 'Test Cases/Regression BackOffice (All Browsers)/CLNK-23439 - Clink - Back office Client' successfully

2019-03-08 17:51:50 - [TEST_STEP][PASSED] - waitForPageLoad(60): Wait for page load successfully

2019-03-08 17:51:50 - [MESSAGE][PASSED] - Wait for page load successfully

2019-03-08 17:51:50 - [TEST_STEP][PASSED] - delay(3): Delayed 3 second(s)

2019-03-08 17:51:53 - [MESSAGE][PASSED] - Delayed 3 second(s)

2019-03-08 17:51:53 - [TEST_STEP][PASSED] - switchToFrame(findTestObject("Regression BackOffice/CLNK-23449/FrameLeft"), 30): null

2019-03-08 17:51:53 - [TEST_STEP][PASSED] - waitForElementPresent(findTestObject("Regression BackOffice/CLNK-23449/ClienIntakeICon"), 100): Object 'Object Repository/Regression BackOffice/CLNK-23449/ClienIntakeICon' is present

2019-03-08 17:51:53 - [MESSAGE][PASSED] - Object 'Object Repository/Regression BackOffice/CLNK-23449/ClienIntakeICon' is present

2019-03-08 17:51:53 - [TEST_STEP][PASSED] - click(findTestObject("Regression BackOffice/CLNK-23449/ClienIntakeICon")): Object: 'Object Repository/Regression BackOffice/CLNK-23449/ClienIntakeICon' is clicked on

2019-03-08 17:51:53 - [MESSAGE][PASSED] - Object: 'Object Repository/Regression BackOffice/CLNK-23449/ClienIntakeICon' is clicked on

2019-03-08 17:51:53 - [TEST_STEP][PASSED] - delay(2): Delayed 2 second(s)

2019-03-08 17:51:55 - [MESSAGE][PASSED] - Delayed 2 second(s)

2019-03-08 17:51:56 - [TEST_STEP][PASSED] - waitForPageLoad(50): Wait for page load successfully

2019-03-08 17:51:56 - [MESSAGE][PASSED] - Wait for page load successfully

2019-03-08 17:51:56 - [TEST_STEP][PASSED] - waitForElementPresent(findTestObject("Regression BackOffice/CLNK-23449/Quick Intake Wizard Link"), 50): Object 'Object Repository/Regression BackOffice/CLNK-23449/Quick Intake Wizard Link' is present

2019-03-08 17:51:56 - [MESSAGE][PASSED] - Object 'Object Repository/Regression BackOffice/CLNK-23449/Quick Intake Wizard Link' is present

2019-03-08 17:51:56 - [TEST_STEP][PASSED] - click(findTestObject("Regression BackOffice/CLNK-23449/Quick Intake Wizard Link")): Object: 'Object Repository/Regression BackOffice/CLNK-23449/Quick Intake Wizard Link' is clicked on

2019-03-08 17:51:59 - [MESSAGE][PASSED] - Object: 'Object Repository/Regression BackOffice/CLNK-23449/Quick Intake Wizard Link' is clicked on

2019-03-08 17:51:59 - [TEST_STEP][PASSED] - delay(2): Delayed 2 second(s)

2019-03-08 17:52:01 - [MESSAGE][PASSED] - Delayed 2 second(s)

2019-03-08 17:52:01 - [TEST_STEP][PASSED] - switchToDefaultContent(): null

2019-03-08 17:52:01 - [TEST_STEP][PASSED] - switchToFrame(findTestObject("Regression BackOffice/CLNK-23449/FrameMain"), 30): null

2019-03-08 17:52:01 - [TEST_STEP][PASSED] - waitForElementPresent(findTestObject("Regression BackOffice/CLNK-23449/New Referral Button"), 50): Object 'Object Repository/Regression BackOffice/CLNK-23449/New Referral Button' is present

2019-03-08 17:52:01 - [MESSAGE][PASSED] - Object 'Object Repository/Regression BackOffice/CLNK-23449/New Referral Button' is present

2019-03-08 17:52:01 - [TEST_STEP][PASSED] - click(findTestObject("Regression BackOffice/CLNK-23449/New Referral Button")): Object: 'Object Repository/Regression BackOffice/CLNK-23449/New Referral Button' is clicked on

2019-03-08 17:52:01 - [MESSAGE][PASSED] - Object: 'Object Repository/Regression BackOffice/CLNK-23449/New Referral Button' is clicked on

2019-03-08 17:52:01 - [TEST_STEP][PASSED] - waitForPageLoad(50): Wait for page load successfully

2019-03-08 17:52:01 - [MESSAGE][PASSED] - Wait for page load successfully

2019-03-08 17:52:01 - [TEST_STEP][PASSED] - delay(2): Delayed 2 second(s)

2019-03-08 17:52:03 - [MESSAGE][PASSED] - Delayed 2 second(s)

2019-03-08 17:52:03 - [TEST_STEP][PASSED] - waitForElementPresent(findTestObject("Regression BackOffice/CLNK-23449/ReferralType"), 50): Object 'Object Repository/Regression BackOffice/CLNK-23449/ReferralType' is present

2019-03-08 17:52:03 - [MESSAGE][PASSED] - Object 'Object Repository/Regression BackOffice/CLNK-23449/ReferralType' is present

2019-03-08 17:52:03 - [TEST_STEP][PASSED] - focus(findTestObject("Regression BackOffice/CLNK-23449/ReferralType")): Object: 'Object Repository/Regression BackOffice/CLNK-23449/ReferralType' is focused

2019-03-08 17:52:03 - [MESSAGE][PASSED] - Object: 'Object Repository/Regression BackOffice/CLNK-23449/ReferralType' is focused

2019-03-08 17:52:03 - [TEST_STEP][PASSED] - click(findTestObject("Regression BackOffice/CLNK-23449/ReferralType")): Object: 'Object Repository/Regression BackOffice/CLNK-23449/ReferralType' is clicked on

2019-03-08 17:52:04 - [MESSAGE][PASSED] - Object: 'Object Repository/Regression BackOffice/CLNK-23449/ReferralType' is clicked on

2019-03-08 17:52:04 - [TEST_STEP][PASSED] - delay(2): Delayed 2 second(s)

2019-03-08 17:52:06 - [MESSAGE][PASSED] - Delayed 2 second(s)

2019-03-08 17:52:06 - [TEST_STEP][PASSED] - sendKeys(findTestObject("Regression BackOffice/CLNK-23449/ReferralType"), Keys.chord(ARROW_DOWN, ENTER)): Keys 'DOWN + ENTER + ' sent to object: 'Object Repository/Regression BackOffice/CLNK-23449/ReferralType'

2019-03-08 17:52:06 - [MESSAGE][PASSED] - Keys 'DOWN + ENTER + ' sent to object: 'Object Repository/Regression BackOffice/CLNK-23449/ReferralType'

2019-03-08 17:52:06 - [TEST_STEP][PASSED] - delay(3): Delayed 3 second(s)

2019-03-08 17:52:09 - [MESSAGE][PASSED] - Delayed 3 second(s)

2019-03-08 17:52:09 - [TEST_STEP][PASSED] - waitForElementPresent(findTestObject("Regression BackOffice/CLNK-23449/ReferralSourcePerson"), 50): Object 'Object Repository/Regression BackOffice/CLNK-23449/ReferralSourcePerson' is present

2019-03-08 17:52:09 - [MESSAGE][PASSED] - Object 'Object Repository/Regression BackOffice/CLNK-23449/ReferralSourcePerson' is present

2019-03-08 17:52:09 - [TEST_STEP][PASSED] - setText(findTestObject("Regression BackOffice/CLNK-23449/ReferralSourcePerson"), G_ReferralSourcePerson): Text 'Lyudmila Kaskov' is set on object 'Object Repository/Regression BackOffice/CLNK-23449/ReferralSourcePerson'

2019-03-08 17:52:10 - [MESSAGE][PASSED] - Text 'Lyudmila Kaskov' is set on object 'Object Repository/Regression BackOffice/CLNK-23449/ReferralSourcePerson'

2019-03-08 17:52:10 - [TEST_STEP][PASSED] - delay(2): Delayed 2 second(s)

2019-03-08 17:52:12 - [MESSAGE][PASSED] - Delayed 2 second(s)

2019-03-08 17:52:12 - [TEST_STEP][PASSED] - waitForElementPresent(findTestObject("Regression BackOffice/CLNK-23449/ClientFirstName"), 50): Object 'Object Repository/Regression BackOffice/CLNK-23449/ClientFirstName' is present

2019-03-08 17:52:12 - [MESSAGE][PASSED] - Object 'Object Repository/Regression BackOffice/CLNK-23449/ClientFirstName' is present

2019-03-08 17:52:12 - [TEST_STEP][PASSED] - setText(findTestObject("Regression BackOffice/CLNK-23449/ClientFirstName"), G_ClientFirstName): Text 'Miroslav' is set on object 'Object Repository/Regression BackOffice/CLNK-23449/ClientFirstName'

2019-03-08 17:52:13 - [MESSAGE][PASSED] - Text 'Miroslav' is set on object 'Object Repository/Regression BackOffice/CLNK-23449/ClientFirstName'

2019-03-08 17:52:13 - [TEST_STEP][PASSED] - delay(2): Delayed 2 second(s)

2019-03-08 17:52:15 - [MESSAGE][PASSED] - Delayed 2 second(s)

2019-03-08 17:52:15 - [TEST_STEP][PASSED] - waitForElementPresent(findTestObject("Regression BackOffice/CLNK-23449/ClientMiddle"), 50): Object 'Object Repository/Regression BackOffice/CLNK-23449/ClientMiddle' is present

2019-03-08 17:52:15 - [MESSAGE][PASSED] - Object 'Object Repository/Regression BackOffice/CLNK-23449/ClientMiddle' is present

2019-03-08 17:52:15 - [TEST_STEP][PASSED] - setText(findTestObject("Regression BackOffice/CLNK-23449/ClientMiddle"), G_ClientMiddleName): Text 'M' is set on object 'Object Repository/Regression BackOffice/CLNK-23449/ClientMiddle'

2019-03-08 17:52:15 - [MESSAGE][PASSED] - Text 'M' is set on object 'Object Repository/Regression BackOffice/CLNK-23449/ClientMiddle'

2019-03-08 17:52:15 - [TEST_STEP][PASSED] - delay(2): Delayed 2 second(s)

2019-03-08 17:52:17 - [MESSAGE][PASSED] - Delayed 2 second(s)

2019-03-08 17:52:17 - [TEST_STEP][PASSED] - waitForElementPresent(findTestObject("Regression BackOffice/CLNK-23449/ClientLastName"), 50): Object 'Object Repository/Regression BackOffice/CLNK-23449/ClientLastName' is present

2019-03-08 17:52:17 - [MESSAGE][PASSED] - Object 'Object Repository/Regression BackOffice/CLNK-23449/ClientLastName' is present

2019-03-08 17:52:17 - [TEST_STEP][PASSED] - setText(findTestObject("Regression BackOffice/CLNK-23449/ClientLastName"), G_ClientLastName): Text 'Klose' is set on object 'Object Repository/Regression BackOffice/CLNK-23449/ClientLastName'

2019-03-08 17:52:18 - [MESSAGE][PASSED] - Text 'Klose' is set on object 'Object Repository/Regression BackOffice/CLNK-23449/ClientLastName'

2019-03-08 17:52:18 - [TEST_STEP][PASSED] - delay(2): Delayed 2 second(s)

2019-03-08 17:52:20 - [MESSAGE][PASSED] - Delayed 2 second(s)

2019-03-08 17:52:20 - [TEST_STEP][PASSED] - waitForElementPresent(findTestObject("Regression BackOffice/CLNK-23449/FollowUpCallBack"), 50): Object 'Object Repository/Regression BackOffice/CLNK-23449/FollowUpCallBack' is present

2019-03-08 17:52:20 - [MESSAGE][PASSED] - Object 'Object Repository/Regression BackOffice/CLNK-23449/FollowUpCallBack' is present

2019-03-08 17:52:20 - [TEST_STEP][PASSED] - setText(findTestObject("Regression BackOffice/CLNK-23449/FollowUpCallBack"), "3"): Text '3' is set on object 'Object Repository/Regression BackOffice/CLNK-23449/FollowUpCallBack'

2019-03-08 17:52:20 - [MESSAGE][PASSED] - Text '3' is set on object 'Object Repository/Regression BackOffice/CLNK-23449/FollowUpCallBack'

2019-03-08 17:52:20 - [TEST_STEP][PASSED] - delay(2): Delayed 2 second(s)

2019-03-08 17:52:22 - [MESSAGE][PASSED] - Delayed 2 second(s)

2019-03-08 17:52:22 - [TEST_STEP][PASSED] - waitForElementPresent(findTestObject("Regression BackOffice/CLNK-23449/PhysicianName"), 50): Object 'Object Repository/Regression BackOffice/CLNK-23449/PhysicianName' is present

2019-03-08 17:52:22 - [MESSAGE][PASSED] - Object 'Object Repository/Regression BackOffice/CLNK-23449/PhysicianName' is present

2019-03-08 17:52:22 - [TEST_STEP][PASSED] - click(findTestObject("Regression BackOffice/CLNK-23449/PhysicianName")): Object: 'Object Repository/Regression BackOffice/CLNK-23449/PhysicianName' is clicked on

2019-03-08 17:52:23 - [MESSAGE][PASSED] - Object: 'Object Repository/Regression BackOffice/CLNK-23449/PhysicianName' is clicked on

2019-03-08 17:52:23 - [TEST_STEP][PASSED] - delay(2): Delayed 2 second(s)

2019-03-08 17:52:25 - [MESSAGE][PASSED] - Delayed 2 second(s)

2019-03-08 17:52:25 - [TEST_STEP][PASSED] - setText(findTestObject("Regression BackOffice/CLNK-23449/PhysicianName"), G_PhisicanName): Text 'Black' is set on object 'Object Repository/Regression BackOffice/CLNK-23449/PhysicianName'

2019-03-08 17:52:25 - [MESSAGE][PASSED] - Text 'Black' is set on object 'Object Repository/Regression BackOffice/CLNK-23449/PhysicianName'

2019-03-08 17:52:25 - [TEST_STEP][PASSED] - delay(3): Delayed 3 second(s)

2019-03-08 17:52:28 - [MESSAGE][PASSED] - Delayed 3 second(s)

2019-03-08 17:52:28 - [TEST_STEP][PASSED] - waitForElementPresent(findTestObject("Regression BackOffice/CLNK-23449/li_Black Larry"), 50): Object 'Object Repository/Regression BackOffice/CLNK-23449/li_Black Larry' is present

2019-03-08 17:52:28 - [MESSAGE][PASSED] - Object 'Object Repository/Regression BackOffice/CLNK-23449/li_Black Larry' is present

2019-03-08 17:52:28 - [TEST_STEP][PASSED] - click(findTestObject("Regression BackOffice/CLNK-23449/li_Black Larry")): Object: 'Object Repository/Regression BackOffice/CLNK-23449/li_Black Larry' is clicked on

2019-03-08 17:52:28 - [MESSAGE][PASSED] - Object: 'Object Repository/Regression BackOffice/CLNK-23449/li_Black Larry' is clicked on

2019-03-08 17:52:28 - [TEST_STEP][PASSED] - delay(2): Delayed 2 second(s)

2019-03-08 17:52:30 - [MESSAGE][PASSED] - Delayed 2 second(s)

2019-03-08 17:52:30 - [TEST_STEP][PASSED] - waitForElementPresent(findTestObject("Regression BackOffice/CLNK-23449/SaveButton"), 50): Object 'Object Repository/Regression BackOffice/CLNK-23449/SaveButton' is present

2019-03-08 17:52:30 - [MESSAGE][PASSED] - Object 'Object Repository/Regression BackOffice/CLNK-23449/SaveButton' is present

2019-03-08 17:52:30 - [TEST_STEP][PASSED] - click(findTestObject("Regression BackOffice/CLNK-23449/SaveButton"), STOP_ON_FAILURE): Object: 'Object Repository/Regression BackOffice/CLNK-23449/SaveButton' is clicked on

2019-03-08 17:52:31 - [MESSAGE][PASSED] - Object: 'Object Repository/Regression BackOffice/CLNK-23449/SaveButton' is clicked on

2019-03-08 17:52:31 - [TEST_STEP][PASSED] - delay(2): Delayed 2 second(s)

2019-03-08 17:52:33 - [MESSAGE][PASSED] - Delayed 2 second(s)

2019-03-08 17:52:33 - [TEST_STEP][PASSED] - waitForElementPresent(findTestObject("Regression BackOffice/CLNK-23449/CloseButton"), 50): Object 'Object Repository/Regression BackOffice/CLNK-23449/CloseButton' is present

2019-03-08 17:52:33 - [MESSAGE][PASSED] - Object 'Object Repository/Regression BackOffice/CLNK-23449/CloseButton' is present

2019-03-08 17:52:33 - [TEST_STEP][PASSED] - click(findTestObject("Regression BackOffice/CLNK-23449/CloseButton"), STOP_ON_FAILURE): Object: 'Object Repository/Regression BackOffice/CLNK-23449/CloseButton' is clicked on

2019-03-08 17:52:34 - [MESSAGE][PASSED] - Object: 'Object Repository/Regression BackOffice/CLNK-23449/CloseButton' is clicked on

2019-03-08 17:52:34 - [TEST_STEP][PASSED] - delay(2): Delayed 2 second(s)

2019-03-08 17:52:36 - [MESSAGE][PASSED] - Delayed 2 second(s)

2019-03-08 17:52:36 - [TEST_STEP][PASSED] - switchToDefaultContent(): null]]></system-out>
         <system-err><![CDATA[]]></system-err>
      </testcase>
      <testcase name="Test Cases/Regression BackOffice (All Browsers)/CLNK-27759 - Security Roles - SOX Audit" classname="Test Cases/Regression BackOffice (All Browsers)/CLNK-27759 - Security Roles - SOX Audit" status="PASSED">
         <system-out><![CDATA[2019-03-08 17:52:39 - [TEST_CASE][PASSED] - Test Cases/Regression BackOffice (All Browsers)/CLNK-27759 - Security Roles - SOX Audit: Test Cases/Regression BackOffice (All Browsers)/CLNK-27759 - Security Roles - SOX Audit

2019-03-08 17:52:39 - [TEST_STEP][PASSED] - callTestCase(findTestCase("Regression BackOffice (All Browsers)/CLNK-23439 - Clink - Back office Client"), [:], STOP_ON_FAILURE): Call Test Case 'Test Cases/Regression BackOffice (All Browsers)/CLNK-23439 - Clink - Back office Client' successfully

2019-03-08 17:52:39 - [TEST_CASE][PASSED] - Test Cases/Regression BackOffice (All Browsers)/CLNK-23439 - Clink - Back office Client: Test Cases/Regression BackOffice (All Browsers)/CLNK-23439 - Clink - Back office Client

2019-03-08 17:52:39 - [TEST_STEP][PASSED] - openBrowser(G_SiteBackOffice): Browser is opened with url: 'http://qanewpoc.continulink.com:81/backoffice/Login.aspx'

2019-03-08 17:52:39 - [MESSAGE][WARNING] - A browser is already opened. Closing browser and opening a new one

2019-03-08 17:52:41 - [MESSAGE][INFO] - Starting 'Chrome' driver

2019-03-08 17:52:47 - [MESSAGE][PASSED] - Browser is opened with url: 'http://qanewpoc.continulink.com:81/backoffice/Login.aspx'

2019-03-08 17:52:47 - [TEST_STEP][PASSED] - waitForPageLoad(60): Wait for page load successfully

2019-03-08 17:52:47 - [MESSAGE][PASSED] - Wait for page load successfully

2019-03-08 17:52:47 - [TEST_STEP][PASSED] - maximizeWindow(): Current window maximized

2019-03-08 17:52:48 - [MESSAGE][PASSED] - Current window maximized

2019-03-08 17:52:48 - [TEST_STEP][PASSED] - setText(findTestObject("Regression BackOffice/Login/UserBackOffice"), G_UserBackOffice): Text 'demo' is set on object 'Object Repository/Regression BackOffice/Login/UserBackOffice'

2019-03-08 17:52:49 - [MESSAGE][PASSED] - Text 'demo' is set on object 'Object Repository/Regression BackOffice/Login/UserBackOffice'

2019-03-08 17:52:49 - [TEST_STEP][PASSED] - setText(findTestObject("Regression BackOffice/Login/PasswordBackOffice"), G_PasswordBackOffice): Text 'qwerty' is set on object 'Object Repository/Regression BackOffice/Login/PasswordBackOffice'

2019-03-08 17:52:49 - [MESSAGE][PASSED] - Text 'qwerty' is set on object 'Object Repository/Regression BackOffice/Login/PasswordBackOffice'

2019-03-08 17:52:49 - [TEST_STEP][PASSED] - click(findTestObject("Regression BackOffice/Login/LoginBackOffice")): Object: 'Object Repository/Regression BackOffice/Login/LoginBackOffice' is clicked on

2019-03-08 17:52:55 - [MESSAGE][PASSED] - Object: 'Object Repository/Regression BackOffice/Login/LoginBackOffice' is clicked on

2019-03-08 17:52:55 - [TEST_STEP][PASSED] - waitForPageLoad(60): Wait for page load successfully

2019-03-08 17:52:55 - [MESSAGE][PASSED] - Wait for page load successfully

2019-03-08 17:52:55 - [TEST_STEP][PASSED] - delay(3): Delayed 3 second(s)

2019-03-08 17:52:58 - [MESSAGE][PASSED] - Delayed 3 second(s)

2019-03-08 17:52:58 - [TEST_STEP][PASSED] - switchToFrame(findTestObject("Regression BackOffice/CLNK-23449/FrameLeft"), 5): null

2019-03-08 17:52:58 - [TEST_STEP][PASSED] - waitForElementPresent(findTestObject("Regression BackOffice/CLNK-23449/ClienIntakeICon"), 60): Object 'Object Repository/Regression BackOffice/CLNK-23449/ClienIntakeICon' is present

2019-03-08 17:52:58 - [MESSAGE][PASSED] - Object 'Object Repository/Regression BackOffice/CLNK-23449/ClienIntakeICon' is present

2019-03-08 17:52:58 - [TEST_STEP][PASSED] - verifyElementPresent(findTestObject("Regression BackOffice/CLNK-23449/ClienIntakeICon"), 100): Object 'Object Repository/Regression BackOffice/CLNK-23449/ClienIntakeICon' is present

2019-03-08 17:52:58 - [MESSAGE][PASSED] - Object 'Object Repository/Regression BackOffice/CLNK-23449/ClienIntakeICon' is present

2019-03-08 17:52:58 - [TEST_STEP][PASSED] - switchToDefaultContent(): null

2019-03-08 17:52:58 - [MESSAGE][PASSED] - Call Test Case 'Test Cases/Regression BackOffice (All Browsers)/CLNK-23439 - Clink - Back office Client' successfully

2019-03-08 17:52:58 - [TEST_STEP][PASSED] - waitForPageLoad(60): Wait for page load successfully

2019-03-08 17:52:58 - [MESSAGE][PASSED] - Wait for page load successfully

2019-03-08 17:52:58 - [TEST_STEP][PASSED] - delay(3): Delayed 3 second(s)

2019-03-08 17:53:01 - [MESSAGE][PASSED] - Delayed 3 second(s)

2019-03-08 17:53:01 - [TEST_STEP][PASSED] - switchToFrame(findTestObject("Regression BackOffice/CLNK-23449/FrameLeft"), 30): null

2019-03-08 17:53:02 - [TEST_STEP][PASSED] - waitForElementPresent(findTestObject("Regression BackOffice/CLINK-27759/AdministratorsTab"), 100): Object 'Object Repository/Regression BackOffice/CLINK-27759/AdministratorsTab' is present

2019-03-08 17:53:02 - [MESSAGE][PASSED] - Object 'Object Repository/Regression BackOffice/CLINK-27759/AdministratorsTab' is present

2019-03-08 17:53:02 - [TEST_STEP][PASSED] - click(findTestObject("Regression BackOffice/CLINK-27759/AdministratorsTab")): Object: 'Object Repository/Regression BackOffice/CLINK-27759/AdministratorsTab' is clicked on

2019-03-08 17:53:02 - [MESSAGE][PASSED] - Object: 'Object Repository/Regression BackOffice/CLINK-27759/AdministratorsTab' is clicked on

2019-03-08 17:53:02 - [TEST_STEP][PASSED] - delay(2): Delayed 2 second(s)

2019-03-08 17:53:04 - [MESSAGE][PASSED] - Delayed 2 second(s)

2019-03-08 17:53:04 - [TEST_STEP][PASSED] - waitForPageLoad(50): Wait for page load successfully

2019-03-08 17:53:04 - [MESSAGE][PASSED] - Wait for page load successfully

2019-03-08 17:53:04 - [TEST_STEP][PASSED] - waitForElementPresent(findTestObject("Regression BackOffice/CLINK-27759/AdminSystemSettingsLink"), 50): Object 'Object Repository/Regression BackOffice/CLINK-27759/AdminSystemSettingsLink' is present

2019-03-08 17:53:04 - [MESSAGE][PASSED] - Object 'Object Repository/Regression BackOffice/CLINK-27759/AdminSystemSettingsLink' is present

2019-03-08 17:53:04 - [TEST_STEP][PASSED] - click(findTestObject("Regression BackOffice/CLINK-27759/AdminSystemSettingsLink")): Object: 'Object Repository/Regression BackOffice/CLINK-27759/AdminSystemSettingsLink' is clicked on

2019-03-08 17:53:04 - [MESSAGE][PASSED] - Object: 'Object Repository/Regression BackOffice/CLINK-27759/AdminSystemSettingsLink' is clicked on

2019-03-08 17:53:04 - [TEST_STEP][PASSED] - delay(2): Delayed 2 second(s)

2019-03-08 17:53:06 - [MESSAGE][PASSED] - Delayed 2 second(s)

2019-03-08 17:53:06 - [TEST_STEP][PASSED] - scrollToElement(findTestObject("Regression BackOffice/CLINK-27759/AdministratorReportsLink"), 50): Scroll to object 'Object Repository/Regression BackOffice/CLINK-27759/AdministratorReportsLink' successfully

2019-03-08 17:53:06 - [MESSAGE][PASSED] - Scroll to object 'Object Repository/Regression BackOffice/CLINK-27759/AdministratorReportsLink' successfully

2019-03-08 17:53:06 - [TEST_STEP][PASSED] - waitForElementPresent(findTestObject("Regression BackOffice/CLINK-27759/AdministratorReportsLink"), 50): Object 'Object Repository/Regression BackOffice/CLINK-27759/AdministratorReportsLink' is present

2019-03-08 17:53:06 - [MESSAGE][PASSED] - Object 'Object Repository/Regression BackOffice/CLINK-27759/AdministratorReportsLink' is present

2019-03-08 17:53:06 - [TEST_STEP][PASSED] - click(findTestObject("Regression BackOffice/CLINK-27759/AdministratorReportsLink")): Object: 'Object Repository/Regression BackOffice/CLINK-27759/AdministratorReportsLink' is clicked on

2019-03-08 17:53:08 - [MESSAGE][PASSED] - Object: 'Object Repository/Regression BackOffice/CLINK-27759/AdministratorReportsLink' is clicked on

2019-03-08 17:53:08 - [TEST_STEP][PASSED] - delay(2): Delayed 2 second(s)

2019-03-08 17:53:10 - [MESSAGE][PASSED] - Delayed 2 second(s)

2019-03-08 17:53:10 - [TEST_STEP][PASSED] - switchToDefaultContent(): null

2019-03-08 17:53:10 - [TEST_STEP][PASSED] - switchToFrame(findTestObject("Regression BackOffice/CLNK-23449/FrameMain"), 30): null

2019-03-08 17:53:10 - [TEST_STEP][PASSED] - waitForPageLoad(50): Wait for page load successfully

2019-03-08 17:53:10 - [MESSAGE][PASSED] - Wait for page load successfully

2019-03-08 17:53:10 - [TEST_STEP][PASSED] - waitForElementPresent(findTestObject("Regression BackOffice/CLINK-27759/RoleAccessSecurityReportLink"), 50): Object 'Object Repository/Regression BackOffice/CLINK-27759/RoleAccessSecurityReportLink' is present

2019-03-08 17:53:11 - [MESSAGE][PASSED] - Object 'Object Repository/Regression BackOffice/CLINK-27759/RoleAccessSecurityReportLink' is present

2019-03-08 17:53:11 - [TEST_STEP][PASSED] - click(findTestObject("Regression BackOffice/CLINK-27759/RoleAccessSecurityReportLink")): Object: 'Object Repository/Regression BackOffice/CLINK-27759/RoleAccessSecurityReportLink' is clicked on

2019-03-08 17:53:12 - [MESSAGE][PASSED] - Object: 'Object Repository/Regression BackOffice/CLINK-27759/RoleAccessSecurityReportLink' is clicked on

2019-03-08 17:53:12 - [TEST_STEP][PASSED] - delay(2): Delayed 2 second(s)

2019-03-08 17:53:14 - [MESSAGE][PASSED] - Delayed 2 second(s)

2019-03-08 17:53:14 - [TEST_STEP][PASSED] - waitForPageLoad(50): Wait for page load successfully

2019-03-08 17:53:14 - [MESSAGE][PASSED] - Wait for page load successfully

2019-03-08 17:53:14 - [TEST_STEP][PASSED] - waitForElementPresent(findTestObject("Regression BackOffice/CLINK-27759/DemoDemoChk"), 50): Object 'Object Repository/Regression BackOffice/CLINK-27759/DemoDemoChk' is present

2019-03-08 17:53:14 - [MESSAGE][PASSED] - Object 'Object Repository/Regression BackOffice/CLINK-27759/DemoDemoChk' is present

2019-03-08 17:53:14 - [TEST_STEP][PASSED] - click(findTestObject("Regression BackOffice/CLINK-27759/DemoDemoChk")): Object: 'Object Repository/Regression BackOffice/CLINK-27759/DemoDemoChk' is clicked on

2019-03-08 17:53:15 - [MESSAGE][PASSED] - Object: 'Object Repository/Regression BackOffice/CLINK-27759/DemoDemoChk' is clicked on

2019-03-08 17:53:15 - [TEST_STEP][PASSED] - delay(2): Delayed 2 second(s)

2019-03-08 17:53:17 - [MESSAGE][PASSED] - Delayed 2 second(s)

2019-03-08 17:53:17 - [TEST_STEP][PASSED] - waitForElementPresent(findTestObject("Regression BackOffice/CLINK-27759/SpecificUser"), 50): Object 'Object Repository/Regression BackOffice/CLINK-27759/SpecificUser' is present

2019-03-08 17:53:17 - [MESSAGE][PASSED] - Object 'Object Repository/Regression BackOffice/CLINK-27759/SpecificUser' is present

2019-03-08 17:53:17 - [TEST_STEP][PASSED] - focus(findTestObject("Regression BackOffice/CLINK-27759/SpecificUser")): Object: 'Object Repository/Regression BackOffice/CLINK-27759/SpecificUser' is focused

2019-03-08 17:53:17 - [MESSAGE][PASSED] - Object: 'Object Repository/Regression BackOffice/CLINK-27759/SpecificUser' is focused

2019-03-08 17:53:17 - [TEST_STEP][PASSED] - click(findTestObject("Regression BackOffice/CLINK-27759/SpecificUser")): Object: 'Object Repository/Regression BackOffice/CLINK-27759/SpecificUser' is clicked on

2019-03-08 17:53:17 - [MESSAGE][PASSED] - Object: 'Object Repository/Regression BackOffice/CLINK-27759/SpecificUser' is clicked on

2019-03-08 17:53:17 - [TEST_STEP][PASSED] - setText(findTestObject("Regression BackOffice/CLINK-27759/SpecificUser"), G_SpecificUser): Text 'Mobin' is set on object 'Object Repository/Regression BackOffice/CLINK-27759/SpecificUser'

2019-03-08 17:53:17 - [MESSAGE][PASSED] - Text 'Mobin' is set on object 'Object Repository/Regression BackOffice/CLINK-27759/SpecificUser'

2019-03-08 17:53:17 - [TEST_STEP][PASSED] - delay(2): Delayed 2 second(s)

2019-03-08 17:53:19 - [MESSAGE][PASSED] - Delayed 2 second(s)

2019-03-08 17:53:19 - [TEST_STEP][PASSED] - sendKeys(findTestObject("Regression BackOffice/CLINK-27759/SpecificUser"), Keys.chord(ARROW_DOWN, ENTER)): Keys 'DOWN + ENTER + ' sent to object: 'Object Repository/Regression BackOffice/CLINK-27759/SpecificUser'

2019-03-08 17:53:20 - [MESSAGE][PASSED] - Keys 'DOWN + ENTER + ' sent to object: 'Object Repository/Regression BackOffice/CLINK-27759/SpecificUser'

2019-03-08 17:53:20 - [TEST_STEP][PASSED] - delay(2): Delayed 2 second(s)

2019-03-08 17:53:22 - [MESSAGE][PASSED] - Delayed 2 second(s)

2019-03-08 17:53:22 - [TEST_STEP][PASSED] - waitForElementPresent(findTestObject("Regression BackOffice/CLINK-27759/ShowReportLink"), 50): Object 'Object Repository/Regression BackOffice/CLINK-27759/ShowReportLink' is present

2019-03-08 17:53:22 - [MESSAGE][PASSED] - Object 'Object Repository/Regression BackOffice/CLINK-27759/ShowReportLink' is present

2019-03-08 17:53:22 - [TEST_STEP][PASSED] - click(findTestObject("Regression BackOffice/CLINK-27759/ShowReportLink")): Object: 'Object Repository/Regression BackOffice/CLINK-27759/ShowReportLink' is clicked on

2019-03-08 17:53:24 - [MESSAGE][PASSED] - Object: 'Object Repository/Regression BackOffice/CLINK-27759/ShowReportLink' is clicked on

2019-03-08 17:53:24 - [TEST_STEP][PASSED] - delay(2): Delayed 2 second(s)

2019-03-08 17:53:26 - [MESSAGE][PASSED] - Delayed 2 second(s)

2019-03-08 17:53:26 - [TEST_STEP][PASSED] - delay(2): Delayed 2 second(s)

2019-03-08 17:53:28 - [MESSAGE][PASSED] - Delayed 2 second(s)

2019-03-08 17:53:28 - [TEST_STEP][PASSED] - waitForElementPresent(findTestObject("Regression BackOffice/CLINK-27759/ExportToLink"), 50): Object 'Object Repository/Regression BackOffice/CLINK-27759/ExportToLink' is present

2019-03-08 17:53:28 - [MESSAGE][PASSED] - Object 'Object Repository/Regression BackOffice/CLINK-27759/ExportToLink' is present

2019-03-08 17:53:28 - [TEST_STEP][PASSED] - focus(findTestObject("Regression BackOffice/CLINK-27759/ExportToLink")): Object: 'Object Repository/Regression BackOffice/CLINK-27759/ExportToLink' is focused

2019-03-08 17:53:28 - [MESSAGE][PASSED] - Object: 'Object Repository/Regression BackOffice/CLINK-27759/ExportToLink' is focused

2019-03-08 17:53:28 - [TEST_STEP][PASSED] - click(findTestObject("Regression BackOffice/CLINK-27759/ExportToLink")): Object: 'Object Repository/Regression BackOffice/CLINK-27759/ExportToLink' is clicked on

2019-03-08 17:53:28 - [MESSAGE][PASSED] - Object: 'Object Repository/Regression BackOffice/CLINK-27759/ExportToLink' is clicked on

2019-03-08 17:53:28 - [TEST_STEP][PASSED] - delay(2): Delayed 2 second(s)

2019-03-08 17:53:30 - [MESSAGE][PASSED] - Delayed 2 second(s)

2019-03-08 17:53:30 - [TEST_STEP][PASSED] - sendKeys(findTestObject("Regression BackOffice/CLINK-27759/ExportToLink"), Keys.chord(ARROW_DOWN, ENTER)): Keys 'DOWN + ENTER + ' sent to object: 'Object Repository/Regression BackOffice/CLINK-27759/ExportToLink'

2019-03-08 17:53:30 - [MESSAGE][PASSED] - Keys 'DOWN + ENTER + ' sent to object: 'Object Repository/Regression BackOffice/CLINK-27759/ExportToLink'

2019-03-08 17:53:30 - [TEST_STEP][PASSED] - delay(2): Delayed 2 second(s)

2019-03-08 17:53:32 - [MESSAGE][PASSED] - Delayed 2 second(s)

2019-03-08 17:53:32 - [TEST_STEP][PASSED] - waitForElementPresent(findTestObject("Regression BackOffice/CLINK-27759/ExportToFile"), 50): Object 'Object Repository/Regression BackOffice/CLINK-27759/ExportToFile' is present

2019-03-08 17:53:32 - [MESSAGE][PASSED] - Object 'Object Repository/Regression BackOffice/CLINK-27759/ExportToFile' is present

2019-03-08 17:53:32 - [TEST_STEP][PASSED] - click(findTestObject("Regression BackOffice/CLINK-27759/ExportToFile")): Object: 'Object Repository/Regression BackOffice/CLINK-27759/ExportToFile' is clicked on

2019-03-08 17:53:34 - [MESSAGE][PASSED] - Object: 'Object Repository/Regression BackOffice/CLINK-27759/ExportToFile' is clicked on

2019-03-08 17:53:34 - [TEST_STEP][PASSED] - delay(2): Delayed 2 second(s)

2019-03-08 17:53:36 - [MESSAGE][PASSED] - Delayed 2 second(s)

2019-03-08 17:53:36 - [TEST_STEP][PASSED] - waitForElementPresent(findTestObject("Regression BackOffice/CLINK-27759/Demo_DemoObject"), 50): Object 'Object Repository/Regression BackOffice/CLINK-27759/Demo_DemoObject' is present

2019-03-08 17:53:36 - [MESSAGE][PASSED] - Object 'Object Repository/Regression BackOffice/CLINK-27759/Demo_DemoObject' is present

2019-03-08 17:53:36 - [TEST_STEP][PASSED] - verifyElementPresent(findTestObject("Regression BackOffice/CLINK-27759/Demo_DemoObject"), 0): Object 'Object Repository/Regression BackOffice/CLINK-27759/Demo_DemoObject' is present

2019-03-08 17:53:36 - [MESSAGE][WARNING] - Timeout '0' is invalid. Using default page load timeout: '30'

2019-03-08 17:53:36 - [MESSAGE][PASSED] - Object 'Object Repository/Regression BackOffice/CLINK-27759/Demo_DemoObject' is present

2019-03-08 17:53:36 - [TEST_STEP][PASSED] - delay(2): Delayed 2 second(s)

2019-03-08 17:53:38 - [MESSAGE][PASSED] - Delayed 2 second(s)

2019-03-08 17:53:38 - [TEST_STEP][PASSED] - waitForElementPresent(findTestObject("Regression BackOffice/CLINK-27759/ResetLink"), 50): Object 'Object Repository/Regression BackOffice/CLINK-27759/ResetLink' is present

2019-03-08 17:53:38 - [MESSAGE][PASSED] - Object 'Object Repository/Regression BackOffice/CLINK-27759/ResetLink' is present

2019-03-08 17:53:38 - [TEST_STEP][PASSED] - click(findTestObject("Regression BackOffice/CLINK-27759/ResetLink")): Object: 'Object Repository/Regression BackOffice/CLINK-27759/ResetLink' is clicked on

2019-03-08 17:53:38 - [MESSAGE][PASSED] - Object: 'Object Repository/Regression BackOffice/CLINK-27759/ResetLink' is clicked on

2019-03-08 17:53:38 - [TEST_STEP][PASSED] - delay(2): Delayed 2 second(s)

2019-03-08 17:53:40 - [MESSAGE][PASSED] - Delayed 2 second(s)

2019-03-08 17:53:40 - [TEST_STEP][PASSED] - waitForElementPresent(findTestObject("Regression BackOffice/CLINK-27759/DemoDemoChk"), 50): Object 'Object Repository/Regression BackOffice/CLINK-27759/DemoDemoChk' is present

2019-03-08 17:53:40 - [MESSAGE][PASSED] - Object 'Object Repository/Regression BackOffice/CLINK-27759/DemoDemoChk' is present

2019-03-08 17:53:40 - [TEST_STEP][PASSED] - click(findTestObject("Regression BackOffice/CLINK-27759/DemoDemoChk")): Object: 'Object Repository/Regression BackOffice/CLINK-27759/DemoDemoChk' is clicked on

2019-03-08 17:53:41 - [MESSAGE][PASSED] - Object: 'Object Repository/Regression BackOffice/CLINK-27759/DemoDemoChk' is clicked on

2019-03-08 17:53:41 - [TEST_STEP][PASSED] - delay(2): Delayed 2 second(s)

2019-03-08 17:53:43 - [MESSAGE][PASSED] - Delayed 2 second(s)

2019-03-08 17:53:43 - [TEST_STEP][PASSED] - waitForElementPresent(findTestObject("Regression BackOffice/CLINK-27759/SpecificUser"), 50): Object 'Object Repository/Regression BackOffice/CLINK-27759/SpecificUser' is present

2019-03-08 17:53:43 - [MESSAGE][PASSED] - Object 'Object Repository/Regression BackOffice/CLINK-27759/SpecificUser' is present

2019-03-08 17:53:43 - [TEST_STEP][PASSED] - focus(findTestObject("Regression BackOffice/CLINK-27759/SpecificUser")): Object: 'Object Repository/Regression BackOffice/CLINK-27759/SpecificUser' is focused

2019-03-08 17:53:43 - [MESSAGE][PASSED] - Object: 'Object Repository/Regression BackOffice/CLINK-27759/SpecificUser' is focused

2019-03-08 17:53:43 - [TEST_STEP][PASSED] - click(findTestObject("Regression BackOffice/CLINK-27759/SpecificUser")): Object: 'Object Repository/Regression BackOffice/CLINK-27759/SpecificUser' is clicked on

2019-03-08 17:53:43 - [MESSAGE][PASSED] - Object: 'Object Repository/Regression BackOffice/CLINK-27759/SpecificUser' is clicked on

2019-03-08 17:53:43 - [TEST_STEP][PASSED] - setText(findTestObject("Regression BackOffice/CLINK-27759/SpecificUser"), "Test"): Text 'Test' is set on object 'Object Repository/Regression BackOffice/CLINK-27759/SpecificUser'

2019-03-08 17:53:43 - [MESSAGE][PASSED] - Text 'Test' is set on object 'Object Repository/Regression BackOffice/CLINK-27759/SpecificUser'

2019-03-08 17:53:43 - [TEST_STEP][PASSED] - delay(2): Delayed 2 second(s)

2019-03-08 17:53:45 - [MESSAGE][PASSED] - Delayed 2 second(s)

2019-03-08 17:53:45 - [TEST_STEP][PASSED] - sendKeys(findTestObject("Regression BackOffice/CLINK-27759/SpecificUser"), Keys.chord(ARROW_DOWN, ARROW_DOWN, ARROW_DOWN, ARROW_DOWN, ARROW_DOWN, ARROW_DOWN, ARROW_DOWN, ENTER)): Keys 'DOWN + DOWN + DOWN + DOWN + DOWN + DOWN + DOWN + ENTER + ' sent to object: 'Object Repository/Regression BackOffice/CLINK-27759/SpecificUser'

2019-03-08 17:53:45 - [MESSAGE][PASSED] - Keys 'DOWN + DOWN + DOWN + DOWN + DOWN + DOWN + DOWN + ENTER + ' sent to object: 'Object Repository/Regression BackOffice/CLINK-27759/SpecificUser'

2019-03-08 17:53:45 - [TEST_STEP][PASSED] - delay(2): Delayed 2 second(s)

2019-03-08 17:53:47 - [MESSAGE][PASSED] - Delayed 2 second(s)

2019-03-08 17:53:47 - [TEST_STEP][PASSED] - waitForElementPresent(findTestObject("Regression BackOffice/CLINK-27759/ShowReportLink"), 50): Object 'Object Repository/Regression BackOffice/CLINK-27759/ShowReportLink' is present

2019-03-08 17:53:47 - [MESSAGE][PASSED] - Object 'Object Repository/Regression BackOffice/CLINK-27759/ShowReportLink' is present

2019-03-08 17:53:47 - [TEST_STEP][PASSED] - click(findTestObject("Regression BackOffice/CLINK-27759/ShowReportLink")): Object: 'Object Repository/Regression BackOffice/CLINK-27759/ShowReportLink' is clicked on

2019-03-08 17:53:49 - [MESSAGE][PASSED] - Object: 'Object Repository/Regression BackOffice/CLINK-27759/ShowReportLink' is clicked on

2019-03-08 17:53:49 - [TEST_STEP][PASSED] - delay(2): Delayed 2 second(s)

2019-03-08 17:53:51 - [MESSAGE][PASSED] - Delayed 2 second(s)

2019-03-08 17:53:51 - [TEST_STEP][PASSED] - waitForElementPresent(findTestObject("Regression BackOffice/CLINK-27759/ExportToLink"), 50): Object 'Object Repository/Regression BackOffice/CLINK-27759/ExportToLink' is present

2019-03-08 17:53:51 - [MESSAGE][PASSED] - Object 'Object Repository/Regression BackOffice/CLINK-27759/ExportToLink' is present

2019-03-08 17:53:51 - [TEST_STEP][PASSED] - focus(findTestObject("Regression BackOffice/CLINK-27759/ExportToLink")): Object: 'Object Repository/Regression BackOffice/CLINK-27759/ExportToLink' is focused

2019-03-08 17:53:51 - [MESSAGE][PASSED] - Object: 'Object Repository/Regression BackOffice/CLINK-27759/ExportToLink' is focused

2019-03-08 17:53:51 - [TEST_STEP][PASSED] - click(findTestObject("Regression BackOffice/CLINK-27759/ExportToLink")): Object: 'Object Repository/Regression BackOffice/CLINK-27759/ExportToLink' is clicked on

2019-03-08 17:53:52 - [MESSAGE][PASSED] - Object: 'Object Repository/Regression BackOffice/CLINK-27759/ExportToLink' is clicked on

2019-03-08 17:53:52 - [TEST_STEP][PASSED] - delay(2): Delayed 2 second(s)

2019-03-08 17:53:54 - [MESSAGE][PASSED] - Delayed 2 second(s)

2019-03-08 17:53:54 - [TEST_STEP][PASSED] - sendKeys(findTestObject("Regression BackOffice/CLINK-27759/ExportToLink"), Keys.chord(ARROW_DOWN, ENTER)): Keys 'DOWN + ENTER + ' sent to object: 'Object Repository/Regression BackOffice/CLINK-27759/ExportToLink'

2019-03-08 17:53:54 - [MESSAGE][PASSED] - Keys 'DOWN + ENTER + ' sent to object: 'Object Repository/Regression BackOffice/CLINK-27759/ExportToLink'

2019-03-08 17:53:54 - [TEST_STEP][PASSED] - delay(2): Delayed 2 second(s)

2019-03-08 17:53:56 - [MESSAGE][PASSED] - Delayed 2 second(s)

2019-03-08 17:53:56 - [TEST_STEP][PASSED] - waitForElementPresent(findTestObject("Regression BackOffice/CLINK-27759/ExportToFile"), 50): Object 'Object Repository/Regression BackOffice/CLINK-27759/ExportToFile' is present

2019-03-08 17:53:56 - [MESSAGE][PASSED] - Object 'Object Repository/Regression BackOffice/CLINK-27759/ExportToFile' is present

2019-03-08 17:53:56 - [TEST_STEP][PASSED] - click(findTestObject("Regression BackOffice/CLINK-27759/ExportToFile")): Object: 'Object Repository/Regression BackOffice/CLINK-27759/ExportToFile' is clicked on

2019-03-08 17:53:57 - [MESSAGE][PASSED] - Object: 'Object Repository/Regression BackOffice/CLINK-27759/ExportToFile' is clicked on

2019-03-08 17:53:57 - [TEST_STEP][PASSED] - delay(2): Delayed 2 second(s)

2019-03-08 17:53:59 - [MESSAGE][PASSED] - Delayed 2 second(s)]]></system-out>
         <system-err><![CDATA[]]></system-err>
      </testcase>
      <testcase name="Test Cases/Regression BackOffice (All Browsers)/CLNK-10235 - Enter a Need from Schedule Block" classname="Test Cases/Regression BackOffice (All Browsers)/CLNK-10235 - Enter a Need from Schedule Block" status="PASSED">
         <system-out><![CDATA[2019-03-08 17:54:02 - [TEST_CASE][PASSED] - Test Cases/Regression BackOffice (All Browsers)/CLNK-10235 - Enter a Need from Schedule Block: Test Cases/Regression BackOffice (All Browsers)/CLNK-10235 - Enter a Need from Schedule Block

2019-03-08 17:54:02 - [TEST_STEP][PASSED] - callTestCase(findTestCase("Regression BackOffice (All Browsers)/CLNK-23439 - Clink - Back office Client"), [:], STOP_ON_FAILURE): Call Test Case 'Test Cases/Regression BackOffice (All Browsers)/CLNK-23439 - Clink - Back office Client' successfully

2019-03-08 17:54:02 - [TEST_CASE][PASSED] - Test Cases/Regression BackOffice (All Browsers)/CLNK-23439 - Clink - Back office Client: Test Cases/Regression BackOffice (All Browsers)/CLNK-23439 - Clink - Back office Client

2019-03-08 17:54:02 - [TEST_STEP][PASSED] - openBrowser(G_SiteBackOffice): Browser is opened with url: 'http://qanewpoc.continulink.com:81/backoffice/Login.aspx'

2019-03-08 17:54:02 - [MESSAGE][WARNING] - A browser is already opened. Closing browser and opening a new one

2019-03-08 17:54:03 - [MESSAGE][INFO] - Starting 'Chrome' driver

2019-03-08 17:54:09 - [MESSAGE][PASSED] - Browser is opened with url: 'http://qanewpoc.continulink.com:81/backoffice/Login.aspx'

2019-03-08 17:54:09 - [TEST_STEP][PASSED] - waitForPageLoad(60): Wait for page load successfully

2019-03-08 17:54:09 - [MESSAGE][PASSED] - Wait for page load successfully

2019-03-08 17:54:09 - [TEST_STEP][PASSED] - maximizeWindow(): Current window maximized

2019-03-08 17:54:10 - [MESSAGE][PASSED] - Current window maximized

2019-03-08 17:54:10 - [TEST_STEP][PASSED] - setText(findTestObject("Regression BackOffice/Login/UserBackOffice"), G_UserBackOffice): Text 'demo' is set on object 'Object Repository/Regression BackOffice/Login/UserBackOffice'

2019-03-08 17:54:10 - [MESSAGE][PASSED] - Text 'demo' is set on object 'Object Repository/Regression BackOffice/Login/UserBackOffice'

2019-03-08 17:54:10 - [TEST_STEP][PASSED] - setText(findTestObject("Regression BackOffice/Login/PasswordBackOffice"), G_PasswordBackOffice): Text 'qwerty' is set on object 'Object Repository/Regression BackOffice/Login/PasswordBackOffice'

2019-03-08 17:54:11 - [MESSAGE][PASSED] - Text 'qwerty' is set on object 'Object Repository/Regression BackOffice/Login/PasswordBackOffice'

2019-03-08 17:54:11 - [TEST_STEP][PASSED] - click(findTestObject("Regression BackOffice/Login/LoginBackOffice")): Object: 'Object Repository/Regression BackOffice/Login/LoginBackOffice' is clicked on

2019-03-08 17:54:16 - [MESSAGE][PASSED] - Object: 'Object Repository/Regression BackOffice/Login/LoginBackOffice' is clicked on

2019-03-08 17:54:16 - [TEST_STEP][PASSED] - waitForPageLoad(60): Wait for page load successfully

2019-03-08 17:54:16 - [MESSAGE][PASSED] - Wait for page load successfully

2019-03-08 17:54:16 - [TEST_STEP][PASSED] - delay(3): Delayed 3 second(s)

2019-03-08 17:54:19 - [MESSAGE][PASSED] - Delayed 3 second(s)

2019-03-08 17:54:19 - [TEST_STEP][PASSED] - switchToFrame(findTestObject("Regression BackOffice/CLNK-23449/FrameLeft"), 5): null

2019-03-08 17:54:19 - [TEST_STEP][PASSED] - waitForElementPresent(findTestObject("Regression BackOffice/CLNK-23449/ClienIntakeICon"), 60): Object 'Object Repository/Regression BackOffice/CLNK-23449/ClienIntakeICon' is present

2019-03-08 17:54:20 - [MESSAGE][PASSED] - Object 'Object Repository/Regression BackOffice/CLNK-23449/ClienIntakeICon' is present

2019-03-08 17:54:20 - [TEST_STEP][PASSED] - verifyElementPresent(findTestObject("Regression BackOffice/CLNK-23449/ClienIntakeICon"), 100): Object 'Object Repository/Regression BackOffice/CLNK-23449/ClienIntakeICon' is present

2019-03-08 17:54:20 - [MESSAGE][PASSED] - Object 'Object Repository/Regression BackOffice/CLNK-23449/ClienIntakeICon' is present

2019-03-08 17:54:20 - [TEST_STEP][PASSED] - switchToDefaultContent(): null

2019-03-08 17:54:20 - [MESSAGE][PASSED] - Call Test Case 'Test Cases/Regression BackOffice (All Browsers)/CLNK-23439 - Clink - Back office Client' successfully

2019-03-08 17:54:20 - [TEST_STEP][PASSED] - waitForPageLoad(60): Wait for page load successfully

2019-03-08 17:54:20 - [MESSAGE][PASSED] - Wait for page load successfully

2019-03-08 17:54:20 - [TEST_STEP][PASSED] - delay(3): Delayed 3 second(s)

2019-03-08 17:54:23 - [MESSAGE][PASSED] - Delayed 3 second(s)

2019-03-08 17:54:23 - [TEST_STEP][PASSED] - switchToFrame(findTestObject("Regression BackOffice/CLNK-23449/FrameLeft"), 30): null

2019-03-08 17:54:23 - [TEST_STEP][PASSED] - waitForElementPresent(findTestObject("Regression BackOffice/CLNK-23449/ClienIntakeICon"), 100): Object 'Object Repository/Regression BackOffice/CLNK-23449/ClienIntakeICon' is present

2019-03-08 17:54:23 - [MESSAGE][PASSED] - Object 'Object Repository/Regression BackOffice/CLNK-23449/ClienIntakeICon' is present

2019-03-08 17:54:23 - [TEST_STEP][PASSED] - click(findTestObject("Regression BackOffice/CLNK-23449/ClienIntakeICon")): Object: 'Object Repository/Regression BackOffice/CLNK-23449/ClienIntakeICon' is clicked on

2019-03-08 17:54:23 - [MESSAGE][PASSED] - Object: 'Object Repository/Regression BackOffice/CLNK-23449/ClienIntakeICon' is clicked on

2019-03-08 17:54:23 - [TEST_STEP][PASSED] - delay(2): Delayed 2 second(s)

2019-03-08 17:54:25 - [MESSAGE][PASSED] - Delayed 2 second(s)

2019-03-08 17:54:25 - [TEST_STEP][PASSED] - waitForPageLoad(50): Wait for page load successfully

2019-03-08 17:54:25 - [MESSAGE][PASSED] - Wait for page load successfully

2019-03-08 17:54:25 - [TEST_STEP][PASSED] - waitForElementPresent(findTestObject("Regression BackOffice/CLNK-10235/SearchforaClient"), 50): Object 'Object Repository/Regression BackOffice/CLNK-10235/SearchforaClient' is present

2019-03-08 17:54:25 - [MESSAGE][PASSED] - Object 'Object Repository/Regression BackOffice/CLNK-10235/SearchforaClient' is present

2019-03-08 17:54:25 - [TEST_STEP][PASSED] - click(findTestObject("Regression BackOffice/CLNK-10235/SearchforaClient")): Object: 'Object Repository/Regression BackOffice/CLNK-10235/SearchforaClient' is clicked on

2019-03-08 17:54:27 - [MESSAGE][PASSED] - Object: 'Object Repository/Regression BackOffice/CLNK-10235/SearchforaClient' is clicked on

2019-03-08 17:54:27 - [TEST_STEP][PASSED] - delay(2): Delayed 2 second(s)

2019-03-08 17:54:29 - [MESSAGE][PASSED] - Delayed 2 second(s)

2019-03-08 17:54:29 - [TEST_STEP][PASSED] - switchToDefaultContent(): null

2019-03-08 17:54:29 - [TEST_STEP][PASSED] - switchToFrame(findTestObject("Regression BackOffice/CLNK-23449/FrameMain"), 30): null

2019-03-08 17:54:29 - [TEST_STEP][PASSED] - waitForElementPresent(findTestObject("Regression BackOffice/CLNK-10235/FirstNameSearch"), 50): Object 'Object Repository/Regression BackOffice/CLNK-10235/FirstNameSearch' is present

2019-03-08 17:54:29 - [MESSAGE][PASSED] - Object 'Object Repository/Regression BackOffice/CLNK-10235/FirstNameSearch' is present

2019-03-08 17:54:29 - [TEST_STEP][PASSED] - setText(findTestObject("Regression BackOffice/CLNK-10235/FirstNameSearch"), "Jacen"): Text 'Jacen' is set on object 'Object Repository/Regression BackOffice/CLNK-10235/FirstNameSearch'

2019-03-08 17:54:29 - [MESSAGE][PASSED] - Text 'Jacen' is set on object 'Object Repository/Regression BackOffice/CLNK-10235/FirstNameSearch'

2019-03-08 17:54:29 - [TEST_STEP][PASSED] - delay(2): Delayed 2 second(s)

2019-03-08 17:54:31 - [MESSAGE][PASSED] - Delayed 2 second(s)

2019-03-08 17:54:31 - [TEST_STEP][PASSED] - waitForElementPresent(findTestObject("Regression BackOffice/CLNK-10235/LastNameSearch"), 50): Object 'Object Repository/Regression BackOffice/CLNK-10235/LastNameSearch' is present

2019-03-08 17:54:31 - [MESSAGE][PASSED] - Object 'Object Repository/Regression BackOffice/CLNK-10235/LastNameSearch' is present

2019-03-08 17:54:31 - [TEST_STEP][PASSED] - setText(findTestObject("Regression BackOffice/CLNK-10235/LastNameSearch"), "Morris"): Text 'Morris' is set on object 'Object Repository/Regression BackOffice/CLNK-10235/LastNameSearch'

2019-03-08 17:54:32 - [MESSAGE][PASSED] - Text 'Morris' is set on object 'Object Repository/Regression BackOffice/CLNK-10235/LastNameSearch'

2019-03-08 17:54:32 - [TEST_STEP][PASSED] - delay(2): Delayed 2 second(s)

2019-03-08 17:54:34 - [MESSAGE][PASSED] - Delayed 2 second(s)

2019-03-08 17:54:34 - [TEST_STEP][PASSED] - waitForElementPresent(findTestObject("Regression BackOffice/CLINK - 27906/SearchButton"), 50): Object 'Object Repository/Regression BackOffice/CLINK - 27906/SearchButton' is present

2019-03-08 17:54:34 - [MESSAGE][PASSED] - Object 'Object Repository/Regression BackOffice/CLINK - 27906/SearchButton' is present

2019-03-08 17:54:34 - [TEST_STEP][PASSED] - click(findTestObject("Regression BackOffice/CLINK - 27906/SearchButton"), STOP_ON_FAILURE): Object: 'Object Repository/Regression BackOffice/CLINK - 27906/SearchButton' is clicked on

2019-03-08 17:54:35 - [MESSAGE][PASSED] - Object: 'Object Repository/Regression BackOffice/CLINK - 27906/SearchButton' is clicked on

2019-03-08 17:54:35 - [TEST_STEP][PASSED] - delay(2): Delayed 2 second(s)

2019-03-08 17:54:37 - [MESSAGE][PASSED] - Delayed 2 second(s)

2019-03-08 17:54:37 - [TEST_STEP][PASSED] - waitForElementPresent(findTestObject("Regression BackOffice/CLINK - 27906/ClientRollbackLink"), 50): Object 'Object Repository/Regression BackOffice/CLINK - 27906/ClientRollbackLink' is present

2019-03-08 17:54:37 - [MESSAGE][PASSED] - Object 'Object Repository/Regression BackOffice/CLINK - 27906/ClientRollbackLink' is present

2019-03-08 17:54:37 - [TEST_STEP][PASSED] - click(findTestObject("Regression BackOffice/CLINK - 27906/ClientRollbackLink"), STOP_ON_FAILURE): Object: 'Object Repository/Regression BackOffice/CLINK - 27906/ClientRollbackLink' is clicked on

2019-03-08 17:54:40 - [MESSAGE][PASSED] - Object: 'Object Repository/Regression BackOffice/CLINK - 27906/ClientRollbackLink' is clicked on

2019-03-08 17:54:40 - [TEST_STEP][PASSED] - delay(2): Delayed 2 second(s)

2019-03-08 17:54:42 - [MESSAGE][PASSED] - Delayed 2 second(s)

2019-03-08 17:54:42 - [TEST_STEP][PASSED] - switchToDefaultContent(): null

2019-03-08 17:54:42 - [TEST_STEP][PASSED] - switchToFrame(findTestObject("Regression BackOffice/CLNK-23449/FrameLeft"), 30): null

2019-03-08 17:54:42 - [TEST_STEP][PASSED] - waitForElementPresent(findTestObject("Regression BackOffice/CLNK-10235/Puntitos"), 50): Object 'Object Repository/Regression BackOffice/CLNK-10235/Puntitos' is present

2019-03-08 17:54:42 - [MESSAGE][PASSED] - Object 'Object Repository/Regression BackOffice/CLNK-10235/Puntitos' is present

2019-03-08 17:54:42 - [TEST_STEP][PASSED] - click(findTestObject("Regression BackOffice/CLNK-10235/Puntitos"), STOP_ON_FAILURE): Object: 'Object Repository/Regression BackOffice/CLNK-10235/Puntitos' is clicked on

2019-03-08 17:54:42 - [MESSAGE][PASSED] - Object: 'Object Repository/Regression BackOffice/CLNK-10235/Puntitos' is clicked on

2019-03-08 17:54:42 - [TEST_STEP][PASSED] - delay(2): Delayed 2 second(s)

2019-03-08 17:54:44 - [MESSAGE][PASSED] - Delayed 2 second(s)

2019-03-08 17:54:44 - [TEST_STEP][PASSED] - waitForPageLoad(50): Wait for page load successfully

2019-03-08 17:54:44 - [MESSAGE][PASSED] - Wait for page load successfully

2019-03-08 17:54:44 - [TEST_STEP][PASSED] - waitForElementPresent(findTestObject("Regression BackOffice/CLNK-10235/ClientIntakeClose"), 100): Object 'Object Repository/Regression BackOffice/CLNK-10235/ClientIntakeClose' is present

2019-03-08 17:54:44 - [MESSAGE][PASSED] - Object 'Object Repository/Regression BackOffice/CLNK-10235/ClientIntakeClose' is present

2019-03-08 17:54:44 - [TEST_STEP][PASSED] - click(findTestObject("Regression BackOffice/CLNK-10235/ClientIntakeClose")): Object: 'Object Repository/Regression BackOffice/CLNK-10235/ClientIntakeClose' is clicked on

2019-03-08 17:54:45 - [MESSAGE][PASSED] - Object: 'Object Repository/Regression BackOffice/CLNK-10235/ClientIntakeClose' is clicked on

2019-03-08 17:54:45 - [TEST_STEP][PASSED] - delay(2): Delayed 2 second(s)

2019-03-08 17:54:47 - [MESSAGE][PASSED] - Delayed 2 second(s)

2019-03-08 17:54:47 - [TEST_STEP][PASSED] - waitForElementPresent(findTestObject("Regression BackOffice/CLNK-10235/ScheduleIcon"), 100): Object 'Object Repository/Regression BackOffice/CLNK-10235/ScheduleIcon' is present

2019-03-08 17:54:47 - [MESSAGE][PASSED] - Object 'Object Repository/Regression BackOffice/CLNK-10235/ScheduleIcon' is present

2019-03-08 17:54:47 - [TEST_STEP][PASSED] - click(findTestObject("Regression BackOffice/CLNK-10235/ScheduleIcon")): Object: 'Object Repository/Regression BackOffice/CLNK-10235/ScheduleIcon' is clicked on

2019-03-08 17:54:47 - [MESSAGE][PASSED] - Object: 'Object Repository/Regression BackOffice/CLNK-10235/ScheduleIcon' is clicked on

2019-03-08 17:54:47 - [TEST_STEP][PASSED] - delay(2): Delayed 2 second(s)

2019-03-08 17:54:49 - [MESSAGE][PASSED] - Delayed 2 second(s)

2019-03-08 17:54:49 - [TEST_STEP][PASSED] - waitForElementPresent(findTestObject("Regression BackOffice/CLNK-10235/EnterNeeds"), 100): Object 'Object Repository/Regression BackOffice/CLNK-10235/EnterNeeds' is present

2019-03-08 17:54:49 - [MESSAGE][PASSED] - Object 'Object Repository/Regression BackOffice/CLNK-10235/EnterNeeds' is present

2019-03-08 17:54:49 - [TEST_STEP][PASSED] - click(findTestObject("Regression BackOffice/CLNK-10235/EnterNeeds")): Object: 'Object Repository/Regression BackOffice/CLNK-10235/EnterNeeds' is clicked on

2019-03-08 17:54:51 - [MESSAGE][PASSED] - Object: 'Object Repository/Regression BackOffice/CLNK-10235/EnterNeeds' is clicked on

2019-03-08 17:54:51 - [TEST_STEP][PASSED] - delay(2): Delayed 2 second(s)

2019-03-08 17:54:53 - [MESSAGE][PASSED] - Delayed 2 second(s)

2019-03-08 17:54:53 - [TEST_STEP][PASSED] - switchToDefaultContent(): null

2019-03-08 17:54:53 - [TEST_STEP][PASSED] - switchToFrame(findTestObject("Regression BackOffice/CLNK-23449/FrameMain"), 30): null

2019-03-08 17:54:53 - [TEST_STEP][PASSED] - delay(3): Delayed 3 second(s)

2019-03-08 17:54:56 - [MESSAGE][PASSED] - Delayed 3 second(s)

2019-03-08 17:54:56 - [TEST_STEP][PASSED] - waitForElementPresent(findTestObject("Regression BackOffice/CLNK-10235/Client NameSearchNeeds"), 100): Object 'Object Repository/Regression BackOffice/CLNK-10235/Client NameSearchNeeds' is present

2019-03-08 17:54:56 - [MESSAGE][PASSED] - Object 'Object Repository/Regression BackOffice/CLNK-10235/Client NameSearchNeeds' is present

2019-03-08 17:54:56 - [TEST_STEP][PASSED] - setText(findTestObject("Regression BackOffice/CLNK-10235/Client NameSearchNeeds"), "Morris"): Text 'Morris' is set on object 'Object Repository/Regression BackOffice/CLNK-10235/Client NameSearchNeeds'

2019-03-08 17:54:57 - [MESSAGE][PASSED] - Text 'Morris' is set on object 'Object Repository/Regression BackOffice/CLNK-10235/Client NameSearchNeeds'

2019-03-08 17:54:57 - [TEST_STEP][PASSED] - delay(2): Delayed 2 second(s)

2019-03-08 17:54:59 - [MESSAGE][PASSED] - Delayed 2 second(s)

2019-03-08 17:54:59 - [TEST_STEP][PASSED] - click(findTestObject("Regression BackOffice/CLNK-10235/Client NameSearchNeeds")): Object: 'Object Repository/Regression BackOffice/CLNK-10235/Client NameSearchNeeds' is clicked on

2019-03-08 17:54:59 - [MESSAGE][PASSED] - Object: 'Object Repository/Regression BackOffice/CLNK-10235/Client NameSearchNeeds' is clicked on

2019-03-08 17:54:59 - [TEST_STEP][PASSED] - sendKeys(findTestObject("Regression BackOffice/CLNK-10235/Client NameSearchNeeds"), Keys.chord(ARROW_DOWN, ENTER)): Keys 'DOWN + ENTER + ' sent to object: 'Object Repository/Regression BackOffice/CLNK-10235/Client NameSearchNeeds'

2019-03-08 17:54:59 - [MESSAGE][PASSED] - Keys 'DOWN + ENTER + ' sent to object: 'Object Repository/Regression BackOffice/CLNK-10235/Client NameSearchNeeds'

2019-03-08 17:54:59 - [TEST_STEP][PASSED] - waitForElementPresent(findTestObject("Regression BackOffice/CLNK-10235/ScheduleAssessmentCode"), 100): Object 'Object Repository/Regression BackOffice/CLNK-10235/ScheduleAssessmentCode' is present

2019-03-08 17:55:00 - [MESSAGE][PASSED] - Object 'Object Repository/Regression BackOffice/CLNK-10235/ScheduleAssessmentCode' is present

2019-03-08 17:55:00 - [TEST_STEP][PASSED] - click(findTestObject("Regression BackOffice/CLNK-10235/ScheduleAssessmentCode")): Object: 'Object Repository/Regression BackOffice/CLNK-10235/ScheduleAssessmentCode' is clicked on

2019-03-08 17:55:00 - [MESSAGE][PASSED] - Object: 'Object Repository/Regression BackOffice/CLNK-10235/ScheduleAssessmentCode' is clicked on

2019-03-08 17:55:00 - [TEST_STEP][PASSED] - delay(2): Delayed 2 second(s)

2019-03-08 17:55:02 - [MESSAGE][PASSED] - Delayed 2 second(s)

2019-03-08 17:55:02 - [TEST_STEP][PASSED] - waitForElementPresent(findTestObject("Regression BackOffice/CLNK-10235/ServiceTypeList"), 100): Object 'Object Repository/Regression BackOffice/CLNK-10235/ServiceTypeList' is present

2019-03-08 17:55:02 - [MESSAGE][PASSED] - Object 'Object Repository/Regression BackOffice/CLNK-10235/ServiceTypeList' is present

2019-03-08 17:55:02 - [TEST_STEP][PASSED] - click(findTestObject("Regression BackOffice/CLNK-10235/ServiceTypeList")): Object: 'Object Repository/Regression BackOffice/CLNK-10235/ServiceTypeList' is clicked on

2019-03-08 17:55:02 - [MESSAGE][PASSED] - Object: 'Object Repository/Regression BackOffice/CLNK-10235/ServiceTypeList' is clicked on

2019-03-08 17:55:02 - [TEST_STEP][PASSED] - sendKeys(findTestObject("Regression BackOffice/CLNK-10235/ServiceTypeList"), Keys.chord(ARROW_DOWN, ENTER)): Keys 'DOWN + ENTER + ' sent to object: 'Object Repository/Regression BackOffice/CLNK-10235/ServiceTypeList'

2019-03-08 17:55:03 - [MESSAGE][PASSED] - Keys 'DOWN + ENTER + ' sent to object: 'Object Repository/Regression BackOffice/CLNK-10235/ServiceTypeList'

2019-03-08 17:55:03 - [TEST_STEP][PASSED] - delay(2): Delayed 2 second(s)

2019-03-08 17:55:05 - [MESSAGE][PASSED] - Delayed 2 second(s)

2019-03-08 17:55:05 - [TEST_STEP][PASSED] - scrollToElement(findTestObject("Regression BackOffice/CLNK-10235/StartTime"), 10): Scroll to object 'Object Repository/Regression BackOffice/CLNK-10235/StartTime' successfully

2019-03-08 17:55:05 - [MESSAGE][PASSED] - Scroll to object 'Object Repository/Regression BackOffice/CLNK-10235/StartTime' successfully

2019-03-08 17:55:05 - [TEST_STEP][PASSED] - waitForElementPresent(findTestObject("Regression BackOffice/CLNK-10235/StartTime"), 100): Object 'Object Repository/Regression BackOffice/CLNK-10235/StartTime' is present

2019-03-08 17:55:05 - [MESSAGE][PASSED] - Object 'Object Repository/Regression BackOffice/CLNK-10235/StartTime' is present

2019-03-08 17:55:05 - [TEST_STEP][PASSED] - click(findTestObject("Regression BackOffice/CLNK-10235/StartTime")): Object: 'Object Repository/Regression BackOffice/CLNK-10235/StartTime' is clicked on

2019-03-08 17:55:05 - [MESSAGE][PASSED] - Object: 'Object Repository/Regression BackOffice/CLNK-10235/StartTime' is clicked on

2019-03-08 17:55:05 - [TEST_STEP][PASSED] - sendKeys(findTestObject("Regression BackOffice/CLNK-10235/StartTime"), "1126"): Keys '1126' sent to object: 'Object Repository/Regression BackOffice/CLNK-10235/StartTime'

2019-03-08 17:55:05 - [MESSAGE][PASSED] - Keys '1126' sent to object: 'Object Repository/Regression BackOffice/CLNK-10235/StartTime'

2019-03-08 17:55:05 - [TEST_STEP][PASSED] - delay(2): Delayed 2 second(s)

2019-03-08 17:55:07 - [MESSAGE][PASSED] - Delayed 2 second(s)

2019-03-08 17:55:07 - [TEST_STEP][PASSED] - waitForElementPresent(findTestObject("Regression BackOffice/CLNK-10235/EndTime"), 100): Object 'Object Repository/Regression BackOffice/CLNK-10235/EndTime' is present

2019-03-08 17:55:07 - [MESSAGE][PASSED] - Object 'Object Repository/Regression BackOffice/CLNK-10235/EndTime' is present

2019-03-08 17:55:07 - [TEST_STEP][PASSED] - click(findTestObject("Regression BackOffice/CLNK-10235/EndTime")): Object: 'Object Repository/Regression BackOffice/CLNK-10235/EndTime' is clicked on

2019-03-08 17:55:08 - [MESSAGE][PASSED] - Object: 'Object Repository/Regression BackOffice/CLNK-10235/EndTime' is clicked on

2019-03-08 17:55:08 - [TEST_STEP][PASSED] - sendKeys(findTestObject("Regression BackOffice/CLNK-10235/EndTime"), "1136"): Keys '1136' sent to object: 'Object Repository/Regression BackOffice/CLNK-10235/EndTime'

2019-03-08 17:55:08 - [MESSAGE][PASSED] - Keys '1136' sent to object: 'Object Repository/Regression BackOffice/CLNK-10235/EndTime'

2019-03-08 17:55:08 - [TEST_STEP][PASSED] - delay(2): Delayed 2 second(s)

2019-03-08 17:55:10 - [MESSAGE][PASSED] - Delayed 2 second(s)

2019-03-08 17:55:10 - [TEST_STEP][PASSED] - scrollToElement(findTestObject("Regression BackOffice/CLNK-10235/CaregiverName"), 10): Scroll to object 'Object Repository/Regression BackOffice/CLNK-10235/CaregiverName' successfully

2019-03-08 17:55:10 - [MESSAGE][PASSED] - Scroll to object 'Object Repository/Regression BackOffice/CLNK-10235/CaregiverName' successfully

2019-03-08 17:55:10 - [TEST_STEP][PASSED] - waitForElementPresent(findTestObject("Regression BackOffice/CLNK-10235/CaregiverName"), 100): Object 'Object Repository/Regression BackOffice/CLNK-10235/CaregiverName' is present

2019-03-08 17:55:10 - [MESSAGE][PASSED] - Object 'Object Repository/Regression BackOffice/CLNK-10235/CaregiverName' is present

2019-03-08 17:55:10 - [TEST_STEP][PASSED] - setText(findTestObject("Regression BackOffice/CLNK-10235/CaregiverName"), "Dimitra, Natasha"): Text 'Dimitra, Natasha' is set on object 'Object Repository/Regression BackOffice/CLNK-10235/CaregiverName'

2019-03-08 17:55:11 - [MESSAGE][PASSED] - Text 'Dimitra, Natasha' is set on object 'Object Repository/Regression BackOffice/CLNK-10235/CaregiverName'

2019-03-08 17:55:11 - [TEST_STEP][PASSED] - delay(2): Delayed 2 second(s)

2019-03-08 17:55:13 - [MESSAGE][PASSED] - Delayed 2 second(s)

2019-03-08 17:55:13 - [TEST_STEP][PASSED] - click(findTestObject("Regression BackOffice/CLNK-10235/CaregiverName")): Object: 'Object Repository/Regression BackOffice/CLNK-10235/CaregiverName' is clicked on

2019-03-08 17:55:13 - [MESSAGE][PASSED] - Object: 'Object Repository/Regression BackOffice/CLNK-10235/CaregiverName' is clicked on

2019-03-08 17:55:13 - [TEST_STEP][PASSED] - sendKeys(findTestObject("Regression BackOffice/CLNK-10235/CaregiverName"), Keys.chord(ARROW_DOWN, ENTER)): Keys 'DOWN + ENTER + ' sent to object: 'Object Repository/Regression BackOffice/CLNK-10235/CaregiverName'

2019-03-08 17:55:13 - [MESSAGE][PASSED] - Keys 'DOWN + ENTER + ' sent to object: 'Object Repository/Regression BackOffice/CLNK-10235/CaregiverName'

2019-03-08 17:55:13 - [TEST_STEP][PASSED] - switchToDefaultContent(): null

2019-03-08 17:55:13 - [TEST_STEP][PASSED] - switchToFrame(findTestObject("Regression BackOffice/CLINK-17788/BannerFrame"), 30): null

2019-03-08 17:55:14 - [TEST_STEP][PASSED] - waitForElementPresent(findTestObject("Regression BackOffice/CLNK-10235/SaveButton"), 50): Object 'Object Repository/Regression BackOffice/CLNK-10235/SaveButton' is present

2019-03-08 17:55:14 - [MESSAGE][PASSED] - Object 'Object Repository/Regression BackOffice/CLNK-10235/SaveButton' is present

2019-03-08 17:55:14 - [TEST_STEP][PASSED] - click(findTestObject("Regression BackOffice/CLNK-10235/SaveButton"), STOP_ON_FAILURE): Object: 'Object Repository/Regression BackOffice/CLNK-10235/SaveButton' is clicked on

2019-03-08 17:55:14 - [MESSAGE][PASSED] - Object: 'Object Repository/Regression BackOffice/CLNK-10235/SaveButton' is clicked on

2019-03-08 17:55:14 - [TEST_STEP][PASSED] - delay(2): Delayed 2 second(s)

2019-03-08 17:55:16 - [MESSAGE][PASSED] - Delayed 2 second(s)]]></system-out>
         <system-err><![CDATA[]]></system-err>
      </testcase>
      <testcase name="Test Cases/Regression BackOffice (All Browsers)/CLNK-23439 - Clink - Back office Client" classname="Test Cases/Regression BackOffice (All Browsers)/CLNK-23439 - Clink - Back office Client" status="PASSED">
         <system-out><![CDATA[2019-03-08 17:55:18 - [TEST_CASE][PASSED] - Test Cases/Regression BackOffice (All Browsers)/CLNK-23439 - Clink - Back office Client: Test Cases/Regression BackOffice (All Browsers)/CLNK-23439 - Clink - Back office Client

2019-03-08 17:55:18 - [TEST_STEP][PASSED] - openBrowser(G_SiteBackOffice): Browser is opened with url: 'http://qanewpoc.continulink.com:81/backoffice/Login.aspx'

2019-03-08 17:55:18 - [MESSAGE][WARNING] - A browser is already opened. Closing browser and opening a new one

2019-03-08 17:55:19 - [MESSAGE][INFO] - Starting 'Chrome' driver

2019-03-08 17:55:24 - [MESSAGE][PASSED] - Browser is opened with url: 'http://qanewpoc.continulink.com:81/backoffice/Login.aspx'

2019-03-08 17:55:24 - [TEST_STEP][PASSED] - waitForPageLoad(60): Wait for page load successfully

2019-03-08 17:55:24 - [MESSAGE][PASSED] - Wait for page load successfully

2019-03-08 17:55:24 - [TEST_STEP][PASSED] - maximizeWindow(): Current window maximized

2019-03-08 17:55:26 - [MESSAGE][PASSED] - Current window maximized

2019-03-08 17:55:26 - [TEST_STEP][PASSED] - setText(findTestObject("Regression BackOffice/Login/UserBackOffice"), G_UserBackOffice): Text 'demo' is set on object 'Object Repository/Regression BackOffice/Login/UserBackOffice'

2019-03-08 17:55:26 - [MESSAGE][PASSED] - Text 'demo' is set on object 'Object Repository/Regression BackOffice/Login/UserBackOffice'

2019-03-08 17:55:26 - [TEST_STEP][PASSED] - setText(findTestObject("Regression BackOffice/Login/PasswordBackOffice"), G_PasswordBackOffice): Text 'qwerty' is set on object 'Object Repository/Regression BackOffice/Login/PasswordBackOffice'

2019-03-08 17:55:26 - [MESSAGE][PASSED] - Text 'qwerty' is set on object 'Object Repository/Regression BackOffice/Login/PasswordBackOffice'

2019-03-08 17:55:26 - [TEST_STEP][PASSED] - click(findTestObject("Regression BackOffice/Login/LoginBackOffice")): Object: 'Object Repository/Regression BackOffice/Login/LoginBackOffice' is clicked on

2019-03-08 17:55:32 - [MESSAGE][PASSED] - Object: 'Object Repository/Regression BackOffice/Login/LoginBackOffice' is clicked on

2019-03-08 17:55:32 - [TEST_STEP][PASSED] - waitForPageLoad(60): Wait for page load successfully

2019-03-08 17:55:32 - [MESSAGE][PASSED] - Wait for page load successfully

2019-03-08 17:55:32 - [TEST_STEP][PASSED] - delay(3): Delayed 3 second(s)

2019-03-08 17:55:35 - [MESSAGE][PASSED] - Delayed 3 second(s)

2019-03-08 17:55:35 - [TEST_STEP][PASSED] - switchToFrame(findTestObject("Regression BackOffice/CLNK-23449/FrameLeft"), 5): null

2019-03-08 17:55:36 - [TEST_STEP][PASSED] - waitForElementPresent(findTestObject("Regression BackOffice/CLNK-23449/ClienIntakeICon"), 60): Object 'Object Repository/Regression BackOffice/CLNK-23449/ClienIntakeICon' is present

2019-03-08 17:55:36 - [MESSAGE][PASSED] - Object 'Object Repository/Regression BackOffice/CLNK-23449/ClienIntakeICon' is present

2019-03-08 17:55:36 - [TEST_STEP][PASSED] - verifyElementPresent(findTestObject("Regression BackOffice/CLNK-23449/ClienIntakeICon"), 100): Object 'Object Repository/Regression BackOffice/CLNK-23449/ClienIntakeICon' is present

2019-03-08 17:55:36 - [MESSAGE][PASSED] - Object 'Object Repository/Regression BackOffice/CLNK-23449/ClienIntakeICon' is present

2019-03-08 17:55:36 - [TEST_STEP][PASSED] - switchToDefaultContent(): null]]></system-out>
         <system-err><![CDATA[]]></system-err>
      </testcase>
      <testcase name="Test Cases/Regression BackOffice (All Browsers)/CLNK-17180 - Admission Authorization Changes Report" classname="Test Cases/Regression BackOffice (All Browsers)/CLNK-17180 - Admission Authorization Changes Report" status="PASSED">
         <system-out><![CDATA[2019-03-08 17:55:38 - [TEST_CASE][PASSED] - Test Cases/Regression BackOffice (All Browsers)/CLNK-17180 - Admission Authorization Changes Report: Test Cases/Regression BackOffice (All Browsers)/CLNK-17180 - Admission Authorization Changes Report

2019-03-08 17:55:38 - [TEST_STEP][PASSED] - callTestCase(findTestCase("Regression BackOffice (All Browsers)/CLNK-23439 - Clink - Back office Client"), [:], STOP_ON_FAILURE): Call Test Case 'Test Cases/Regression BackOffice (All Browsers)/CLNK-23439 - Clink - Back office Client' successfully

2019-03-08 17:55:38 - [TEST_CASE][PASSED] - Test Cases/Regression BackOffice (All Browsers)/CLNK-23439 - Clink - Back office Client: Test Cases/Regression BackOffice (All Browsers)/CLNK-23439 - Clink - Back office Client

2019-03-08 17:55:39 - [TEST_STEP][PASSED] - openBrowser(G_SiteBackOffice): Browser is opened with url: 'http://qanewpoc.continulink.com:81/backoffice/Login.aspx'

2019-03-08 17:55:39 - [MESSAGE][WARNING] - A browser is already opened. Closing browser and opening a new one

2019-03-08 17:55:40 - [MESSAGE][INFO] - Starting 'Chrome' driver

2019-03-08 17:55:46 - [MESSAGE][PASSED] - Browser is opened with url: 'http://qanewpoc.continulink.com:81/backoffice/Login.aspx'

2019-03-08 17:55:46 - [TEST_STEP][PASSED] - waitForPageLoad(60): Wait for page load successfully

2019-03-08 17:55:46 - [MESSAGE][PASSED] - Wait for page load successfully

2019-03-08 17:55:46 - [TEST_STEP][PASSED] - maximizeWindow(): Current window maximized

2019-03-08 17:55:47 - [MESSAGE][PASSED] - Current window maximized

2019-03-08 17:55:47 - [TEST_STEP][PASSED] - setText(findTestObject("Regression BackOffice/Login/UserBackOffice"), G_UserBackOffice): Text 'demo' is set on object 'Object Repository/Regression BackOffice/Login/UserBackOffice'

2019-03-08 17:55:47 - [MESSAGE][PASSED] - Text 'demo' is set on object 'Object Repository/Regression BackOffice/Login/UserBackOffice'

2019-03-08 17:55:47 - [TEST_STEP][PASSED] - setText(findTestObject("Regression BackOffice/Login/PasswordBackOffice"), G_PasswordBackOffice): Text 'qwerty' is set on object 'Object Repository/Regression BackOffice/Login/PasswordBackOffice'

2019-03-08 17:55:47 - [MESSAGE][PASSED] - Text 'qwerty' is set on object 'Object Repository/Regression BackOffice/Login/PasswordBackOffice'

2019-03-08 17:55:47 - [TEST_STEP][PASSED] - click(findTestObject("Regression BackOffice/Login/LoginBackOffice")): Object: 'Object Repository/Regression BackOffice/Login/LoginBackOffice' is clicked on

2019-03-08 17:55:53 - [MESSAGE][PASSED] - Object: 'Object Repository/Regression BackOffice/Login/LoginBackOffice' is clicked on

2019-03-08 17:55:53 - [TEST_STEP][PASSED] - waitForPageLoad(60): Wait for page load successfully

2019-03-08 17:55:53 - [MESSAGE][PASSED] - Wait for page load successfully

2019-03-08 17:55:53 - [TEST_STEP][PASSED] - delay(3): Delayed 3 second(s)

2019-03-08 17:55:56 - [MESSAGE][PASSED] - Delayed 3 second(s)

2019-03-08 17:55:56 - [TEST_STEP][PASSED] - switchToFrame(findTestObject("Regression BackOffice/CLNK-23449/FrameLeft"), 5): null

2019-03-08 17:55:56 - [TEST_STEP][PASSED] - waitForElementPresent(findTestObject("Regression BackOffice/CLNK-23449/ClienIntakeICon"), 60): Object 'Object Repository/Regression BackOffice/CLNK-23449/ClienIntakeICon' is present

2019-03-08 17:55:56 - [MESSAGE][PASSED] - Object 'Object Repository/Regression BackOffice/CLNK-23449/ClienIntakeICon' is present

2019-03-08 17:55:56 - [TEST_STEP][PASSED] - verifyElementPresent(findTestObject("Regression BackOffice/CLNK-23449/ClienIntakeICon"), 100): Object 'Object Repository/Regression BackOffice/CLNK-23449/ClienIntakeICon' is present

2019-03-08 17:55:57 - [MESSAGE][PASSED] - Object 'Object Repository/Regression BackOffice/CLNK-23449/ClienIntakeICon' is present

2019-03-08 17:55:57 - [TEST_STEP][PASSED] - switchToDefaultContent(): null

2019-03-08 17:55:57 - [MESSAGE][PASSED] - Call Test Case 'Test Cases/Regression BackOffice (All Browsers)/CLNK-23439 - Clink - Back office Client' successfully

2019-03-08 17:55:57 - [TEST_STEP][PASSED] - waitForPageLoad(60): Wait for page load successfully

2019-03-08 17:55:57 - [MESSAGE][PASSED] - Wait for page load successfully

2019-03-08 17:55:57 - [TEST_STEP][PASSED] - delay(3): Delayed 3 second(s)

2019-03-08 17:56:00 - [MESSAGE][PASSED] - Delayed 3 second(s)

2019-03-08 17:56:00 - [TEST_STEP][PASSED] - switchToFrame(findTestObject("Regression BackOffice/CLNK-23449/FrameLeft"), 30): null

2019-03-08 17:56:00 - [TEST_STEP][PASSED] - waitForElementPresent(findTestObject("Regression BackOffice/CLNK-23449/ClienIntakeICon"), 100): Object 'Object Repository/Regression BackOffice/CLNK-23449/ClienIntakeICon' is present

2019-03-08 17:56:00 - [MESSAGE][PASSED] - Object 'Object Repository/Regression BackOffice/CLNK-23449/ClienIntakeICon' is present

2019-03-08 17:56:00 - [TEST_STEP][PASSED] - click(findTestObject("Regression BackOffice/CLNK-23449/ClienIntakeICon")): Object: 'Object Repository/Regression BackOffice/CLNK-23449/ClienIntakeICon' is clicked on

2019-03-08 17:56:00 - [MESSAGE][PASSED] - Object: 'Object Repository/Regression BackOffice/CLNK-23449/ClienIntakeICon' is clicked on

2019-03-08 17:56:00 - [TEST_STEP][PASSED] - delay(2): Delayed 2 second(s)

2019-03-08 17:56:02 - [MESSAGE][PASSED] - Delayed 2 second(s)

2019-03-08 17:56:02 - [TEST_STEP][PASSED] - waitForPageLoad(50): Wait for page load successfully

2019-03-08 17:56:02 - [MESSAGE][PASSED] - Wait for page load successfully

2019-03-08 17:56:02 - [TEST_STEP][PASSED] - scrollToElement(findTestObject("Regression BackOffice/CLINK-17180/Client  Intake Reports Link"), 50): Scroll to object 'Object Repository/Regression BackOffice/CLINK-17180/Client  Intake Reports Link' successfully

2019-03-08 17:56:02 - [MESSAGE][PASSED] - Scroll to object 'Object Repository/Regression BackOffice/CLINK-17180/Client  Intake Reports Link' successfully

2019-03-08 17:56:02 - [TEST_STEP][PASSED] - click(findTestObject("Regression BackOffice/CLINK-17180/Client  Intake Reports Link")): Object: 'Object Repository/Regression BackOffice/CLINK-17180/Client  Intake Reports Link' is clicked on

2019-03-08 17:56:05 - [MESSAGE][PASSED] - Object: 'Object Repository/Regression BackOffice/CLINK-17180/Client  Intake Reports Link' is clicked on

2019-03-08 17:56:05 - [TEST_STEP][PASSED] - delay(2): Delayed 2 second(s)

2019-03-08 17:56:07 - [MESSAGE][PASSED] - Delayed 2 second(s)

2019-03-08 17:56:07 - [TEST_STEP][PASSED] - switchToDefaultContent(): null

2019-03-08 17:56:07 - [TEST_STEP][PASSED] - switchToFrame(findTestObject("Regression BackOffice/CLNK-23449/FrameMain"), 30): null

2019-03-08 17:56:07 - [TEST_STEP][PASSED] - waitForElementPresent(findTestObject("Regression BackOffice/CLINK-17180/Admission Authorization Changes Report Link"), 50): Object 'Object Repository/Regression BackOffice/CLINK-17180/Admission Authorization Changes Report Link' is present

2019-03-08 17:56:07 - [MESSAGE][PASSED] - Object 'Object Repository/Regression BackOffice/CLINK-17180/Admission Authorization Changes Report Link' is present

2019-03-08 17:56:07 - [TEST_STEP][PASSED] - click(findTestObject("Regression BackOffice/CLINK-17180/Admission Authorization Changes Report Link")): Object: 'Object Repository/Regression BackOffice/CLINK-17180/Admission Authorization Changes Report Link' is clicked on

2019-03-08 17:56:08 - [MESSAGE][PASSED] - Object: 'Object Repository/Regression BackOffice/CLINK-17180/Admission Authorization Changes Report Link' is clicked on

2019-03-08 17:56:08 - [TEST_STEP][PASSED] - delay(2): Delayed 2 second(s)

2019-03-08 17:56:10 - [MESSAGE][PASSED] - Delayed 2 second(s)

2019-03-08 17:56:10 - [TEST_STEP][PASSED] - waitForPageLoad(60): Wait for page load successfully

2019-03-08 17:56:10 - [MESSAGE][PASSED] - Wait for page load successfully

2019-03-08 17:56:10 - [TEST_STEP][PASSED] - waitForElementPresent(findTestObject("Regression BackOffice/CLINK-17180/Search Client Link"), 50): Object 'Object Repository/Regression BackOffice/CLINK-17180/Search Client Link' is present

2019-03-08 17:56:10 - [MESSAGE][PASSED] - Object 'Object Repository/Regression BackOffice/CLINK-17180/Search Client Link' is present

2019-03-08 17:56:10 - [TEST_STEP][PASSED] - click(findTestObject("Regression BackOffice/CLINK-17180/Search Client Link")): Object: 'Object Repository/Regression BackOffice/CLINK-17180/Search Client Link' is clicked on

2019-03-08 17:56:11 - [MESSAGE][PASSED] - Object: 'Object Repository/Regression BackOffice/CLINK-17180/Search Client Link' is clicked on

2019-03-08 17:56:11 - [TEST_STEP][PASSED] - delay(2): Delayed 2 second(s)

2019-03-08 17:56:13 - [MESSAGE][PASSED] - Delayed 2 second(s)

2019-03-08 17:56:13 - [TEST_STEP][PASSED] - switchToDefaultContent(): null

2019-03-08 17:56:13 - [TEST_STEP][PASSED] - switchToWindowUrl("http://qanewpoc.continulink.com:81/backoffice/Client/ClientSearch.aspx?search=true"): Switched to window with url: 'http://qanewpoc.continulink.com:81/backoffice/Client/ClientSearch.aspx?search=true'

2019-03-08 17:56:14 - [MESSAGE][PASSED] - Switched to window with url: 'http://qanewpoc.continulink.com:81/backoffice/Client/ClientSearch.aspx?search=true'

2019-03-08 17:56:14 - [TEST_STEP][PASSED] - waitForPageLoad(60): Wait for page load successfully

2019-03-08 17:56:14 - [MESSAGE][PASSED] - Wait for page load successfully

2019-03-08 17:56:14 - [TEST_STEP][PASSED] - maximizeWindow(): Current window maximized

2019-03-08 17:56:14 - [MESSAGE][PASSED] - Current window maximized

2019-03-08 17:56:14 - [TEST_STEP][PASSED] - waitForElementPresent(findTestObject("Regression BackOffice/CLINK-17180/Last Name"), 50): Object 'Object Repository/Regression BackOffice/CLINK-17180/Last Name' is present

2019-03-08 17:56:14 - [MESSAGE][PASSED] - Object 'Object Repository/Regression BackOffice/CLINK-17180/Last Name' is present

2019-03-08 17:56:14 - [TEST_STEP][PASSED] - sendKeys(findTestObject("Regression BackOffice/CLINK-17180/Last Name"), "Rollback"): Keys 'Rollback' sent to object: 'Object Repository/Regression BackOffice/CLINK-17180/Last Name'

2019-03-08 17:56:15 - [MESSAGE][PASSED] - Keys 'Rollback' sent to object: 'Object Repository/Regression BackOffice/CLINK-17180/Last Name'

2019-03-08 17:56:15 - [TEST_STEP][PASSED] - delay(2): Delayed 2 second(s)

2019-03-08 17:56:17 - [MESSAGE][PASSED] - Delayed 2 second(s)

2019-03-08 17:56:17 - [TEST_STEP][PASSED] - waitForElementPresent(findTestObject("Regression BackOffice/CLINK - 27906/SearchButton"), 50): Object 'Object Repository/Regression BackOffice/CLINK - 27906/SearchButton' is present

2019-03-08 17:56:17 - [MESSAGE][PASSED] - Object 'Object Repository/Regression BackOffice/CLINK - 27906/SearchButton' is present

2019-03-08 17:56:17 - [TEST_STEP][PASSED] - click(findTestObject("Regression BackOffice/CLINK - 27906/SearchButton"), STOP_ON_FAILURE): Object: 'Object Repository/Regression BackOffice/CLINK - 27906/SearchButton' is clicked on

2019-03-08 17:56:18 - [MESSAGE][PASSED] - Object: 'Object Repository/Regression BackOffice/CLINK - 27906/SearchButton' is clicked on

2019-03-08 17:56:18 - [TEST_STEP][PASSED] - delay(2): Delayed 2 second(s)

2019-03-08 17:56:20 - [MESSAGE][PASSED] - Delayed 2 second(s)

2019-03-08 17:56:20 - [TEST_STEP][PASSED] - waitForElementPresent(findTestObject("Regression BackOffice/CLINK - 27906/ClientRollbackLink"), 50): Object 'Object Repository/Regression BackOffice/CLINK - 27906/ClientRollbackLink' is present

2019-03-08 17:56:20 - [MESSAGE][PASSED] - Object 'Object Repository/Regression BackOffice/CLINK - 27906/ClientRollbackLink' is present

2019-03-08 17:56:20 - [TEST_STEP][PASSED] - click(findTestObject("Regression BackOffice/CLINK - 27906/ClientRollbackLink")): Object: 'Object Repository/Regression BackOffice/CLINK - 27906/ClientRollbackLink' is clicked on

2019-03-08 17:56:20 - [MESSAGE][PASSED] - Object: 'Object Repository/Regression BackOffice/CLINK - 27906/ClientRollbackLink' is clicked on

2019-03-08 17:56:20 - [TEST_STEP][PASSED] - switchToDefaultContent(): null

2019-03-08 17:56:21 - [TEST_STEP][PASSED] - switchToFrame(findTestObject("Regression BackOffice/CLNK-23449/FrameMain"), 30): null

2019-03-08 17:56:21 - [TEST_STEP][PASSED] - waitForPageLoad(60): Wait for page load successfully

2019-03-08 17:56:21 - [MESSAGE][PASSED] - Wait for page load successfully

2019-03-08 17:56:21 - [TEST_STEP][PASSED] - delay(2): Delayed 2 second(s)

2019-03-08 17:56:23 - [MESSAGE][PASSED] - Delayed 2 second(s)

2019-03-08 17:56:23 - [TEST_STEP][PASSED] - waitForElementPresent(findTestObject("Regression BackOffice/CLINK-17180/EpisodeAdmisionDetails"), 50): Object 'Object Repository/Regression BackOffice/CLINK-17180/EpisodeAdmisionDetails' is present

2019-03-08 17:56:23 - [MESSAGE][PASSED] - Object 'Object Repository/Regression BackOffice/CLINK-17180/EpisodeAdmisionDetails' is present

2019-03-08 17:56:23 - [TEST_STEP][PASSED] - click(findTestObject("Regression BackOffice/CLINK-17180/EpisodeAdmisionDetails"), STOP_ON_FAILURE): Object: 'Object Repository/Regression BackOffice/CLINK-17180/EpisodeAdmisionDetails' is clicked on

2019-03-08 17:56:24 - [MESSAGE][PASSED] - Object: 'Object Repository/Regression BackOffice/CLINK-17180/EpisodeAdmisionDetails' is clicked on

2019-03-08 17:56:24 - [TEST_STEP][PASSED] - sendKeys(findTestObject("Regression BackOffice/CLINK-17180/EpisodeAdmisionDetails"), Keys.chord(ARROW_DOWN, ENTER)): Keys 'DOWN + ENTER + ' sent to object: 'Object Repository/Regression BackOffice/CLINK-17180/EpisodeAdmisionDetails'

2019-03-08 17:56:24 - [MESSAGE][PASSED] - Keys 'DOWN + ENTER + ' sent to object: 'Object Repository/Regression BackOffice/CLINK-17180/EpisodeAdmisionDetails'

2019-03-08 17:56:24 - [TEST_STEP][PASSED] - delay(3): Delayed 3 second(s)

2019-03-08 17:56:27 - [MESSAGE][PASSED] - Delayed 3 second(s)

2019-03-08 17:56:27 - [TEST_STEP][PASSED] - waitForElementPresent(findTestObject("Regression BackOffice/CLINK-17180/ServiceTypeHHA"), 50): Object 'Object Repository/Regression BackOffice/CLINK-17180/ServiceTypeHHA' is present

2019-03-08 17:56:27 - [MESSAGE][PASSED] - Object 'Object Repository/Regression BackOffice/CLINK-17180/ServiceTypeHHA' is present

2019-03-08 17:56:27 - [TEST_STEP][PASSED] - click(findTestObject("Regression BackOffice/CLINK-17180/ServiceTypeHHA"), STOP_ON_FAILURE): Object: 'Object Repository/Regression BackOffice/CLINK-17180/ServiceTypeHHA' is clicked on

2019-03-08 17:56:27 - [MESSAGE][PASSED] - Object: 'Object Repository/Regression BackOffice/CLINK-17180/ServiceTypeHHA' is clicked on

2019-03-08 17:56:27 - [TEST_STEP][PASSED] - sendKeys(findTestObject("Regression BackOffice/CLINK-17180/ServiceTypeHHA"), Keys.chord(ARROW_DOWN, ARROW_DOWN, ENTER)): Keys 'DOWN + DOWN + ENTER + ' sent to object: 'Object Repository/Regression BackOffice/CLINK-17180/ServiceTypeHHA'

2019-03-08 17:56:27 - [MESSAGE][PASSED] - Keys 'DOWN + DOWN + ENTER + ' sent to object: 'Object Repository/Regression BackOffice/CLINK-17180/ServiceTypeHHA'

2019-03-08 17:56:27 - [TEST_STEP][PASSED] - delay(2): Delayed 2 second(s)

2019-03-08 17:56:29 - [MESSAGE][PASSED] - Delayed 2 second(s)

2019-03-08 17:56:29 - [TEST_STEP][PASSED] - waitForElementPresent(findTestObject("Regression BackOffice/CLINK-17180/GroupSelfPayName"), 50): Object 'Object Repository/Regression BackOffice/CLINK-17180/GroupSelfPayName' is present

2019-03-08 17:56:30 - [MESSAGE][PASSED] - Object 'Object Repository/Regression BackOffice/CLINK-17180/GroupSelfPayName' is present

2019-03-08 17:56:30 - [TEST_STEP][PASSED] - click(findTestObject("Regression BackOffice/CLINK-17180/GroupSelfPayName"), STOP_ON_FAILURE): Object: 'Object Repository/Regression BackOffice/CLINK-17180/GroupSelfPayName' is clicked on

2019-03-08 17:56:30 - [MESSAGE][PASSED] - Object: 'Object Repository/Regression BackOffice/CLINK-17180/GroupSelfPayName' is clicked on

2019-03-08 17:56:30 - [TEST_STEP][PASSED] - sendKeys(findTestObject("Regression BackOffice/CLINK-17180/GroupSelfPayName"), Keys.chord(ARROW_DOWN, ARROW_DOWN, ARROW_DOWN, ENTER)): Keys 'DOWN + DOWN + DOWN + ENTER + ' sent to object: 'Object Repository/Regression BackOffice/CLINK-17180/GroupSelfPayName'

2019-03-08 17:56:30 - [MESSAGE][PASSED] - Keys 'DOWN + DOWN + DOWN + ENTER + ' sent to object: 'Object Repository/Regression BackOffice/CLINK-17180/GroupSelfPayName'

2019-03-08 17:56:30 - [TEST_STEP][PASSED] - waitForElementPresent(findTestObject("Regression BackOffice/CLINK-17180/FromDate"), 50): Object 'Object Repository/Regression BackOffice/CLINK-17180/FromDate' is present

2019-03-08 17:56:30 - [MESSAGE][PASSED] - Object 'Object Repository/Regression BackOffice/CLINK-17180/FromDate' is present

2019-03-08 17:56:30 - [TEST_STEP][PASSED] - setText(findTestObject("Regression BackOffice/CLINK-17180/FromDate"), "01/01/2017"): Text '01/01/2017' is set on object 'Object Repository/Regression BackOffice/CLINK-17180/FromDate'

2019-03-08 17:56:31 - [MESSAGE][PASSED] - Text '01/01/2017' is set on object 'Object Repository/Regression BackOffice/CLINK-17180/FromDate'

2019-03-08 17:56:31 - [TEST_STEP][PASSED] - delay(2): Delayed 2 second(s)

2019-03-08 17:56:33 - [MESSAGE][PASSED] - Delayed 2 second(s)

2019-03-08 17:56:33 - [TEST_STEP][PASSED] - waitForElementPresent(findTestObject("Regression BackOffice/CLINK-17180/ToDate"), 50): Object 'Object Repository/Regression BackOffice/CLINK-17180/ToDate' is present

2019-03-08 17:56:33 - [MESSAGE][PASSED] - Object 'Object Repository/Regression BackOffice/CLINK-17180/ToDate' is present

2019-03-08 17:56:33 - [TEST_STEP][PASSED] - setText(findTestObject("Regression BackOffice/CLINK-17180/ToDate"), getDate.DateUtilities.getDateMonthDayYearNumberwithSlash()): Text '03/08/2019' is set on object 'Object Repository/Regression BackOffice/CLINK-17180/ToDate'

2019-03-08 17:56:33 - [MESSAGE][PASSED] - getDate.DateUtilities.getDateMonthDayYearNumberwithSlash is PASSED

2019-03-08 17:56:33 - [MESSAGE][PASSED] - Text '03/08/2019' is set on object 'Object Repository/Regression BackOffice/CLINK-17180/ToDate'

2019-03-08 17:56:33 - [TEST_STEP][PASSED] - delay(2): Delayed 2 second(s)

2019-03-08 17:56:35 - [MESSAGE][PASSED] - Delayed 2 second(s)

2019-03-08 17:56:35 - [TEST_STEP][PASSED] - waitForElementPresent(findTestObject("Regression BackOffice/CLINK-17180/a_Show Report"), 50): Object 'Object Repository/Regression BackOffice/CLINK-17180/a_Show Report' is present

2019-03-08 17:56:35 - [MESSAGE][PASSED] - Object 'Object Repository/Regression BackOffice/CLINK-17180/a_Show Report' is present

2019-03-08 17:56:35 - [TEST_STEP][PASSED] - click(findTestObject("Regression BackOffice/CLINK-17180/a_Show Report"), STOP_ON_FAILURE): Object: 'Object Repository/Regression BackOffice/CLINK-17180/a_Show Report' is clicked on

2019-03-08 17:56:37 - [MESSAGE][PASSED] - Object: 'Object Repository/Regression BackOffice/CLINK-17180/a_Show Report' is clicked on

2019-03-08 17:56:37 - [TEST_STEP][PASSED] - delay(2): Delayed 2 second(s)

2019-03-08 17:56:39 - [MESSAGE][PASSED] - Delayed 2 second(s)

2019-03-08 17:56:39 - [TEST_STEP][PASSED] - waitForPageLoad(60): Wait for page load successfully

2019-03-08 17:56:39 - [MESSAGE][PASSED] - Wait for page load successfully

2019-03-08 17:56:39 - [TEST_STEP][PASSED] - delay(4): Delayed 4 second(s)

2019-03-08 17:56:43 - [MESSAGE][PASSED] - Delayed 4 second(s)]]></system-out>
         <system-err><![CDATA[]]></system-err>
      </testcase>
      <system-out><![CDATA[2019-03-08 17:49:15 - [TEST_SUITE][PASSED] - Regression BackOffice: Test Cases/Regression BackOffice (All Browsers)/CLNK-17180 - Admission Authorization Changes Report]]></system-out>
      <system-err><![CDATA[]]></system-err>
   </testsuite>
</testsuites>
