<?xml version="1.0" encoding="UTF-8"?>
<testsuites name="My Patients - Add Schedule" time="56" tests="1" failures="0" errors="0">
   <testsuite name="My Patients - Add Schedule" tests="1" failures="0" errors="0" time="56" timestamp="2019-02-20 10:20:41" hostname="isaac - DESKTOP-RO0FF5F" id="Test Suites/My Patients - Add Schedule">
      <properties>
         <property name="deviceName" value=""/>
         <property name="devicePlatform" value=""/>
         <property name="logFolder" value="C:\\Users\\isaac\\Katalon Studio\\Continulink\\Reports\\My Patients - Add Schedule\\20190220_102036"/>
         <property name="logFiles" value="C:\\Users\\isaac\\Katalon Studio\\Continulink\\Reports\\My Patients - Add Schedule\\20190220_102036\\execution0.log"/>
         <property name="attachments" value=""/>
         <property name="hostName" value="isaac - DESKTOP-RO0FF5F"/>
         <property name="os" value="Windows 10 64bit"/>
         <property name="katalonVersion" value="5.10.1.1"/>
         <property name="browser" value="Chrome 72.0.3626.109"/>
         <property name="hostAddress" value="192.168.0.115"/>
         <property name="sessionId" value="65a8ea46fd3b33fae0bb0e63a99f23ec"/>
         <property name="seleniumVersion" value="3.7.1"/>
         <property name="proxyInformation" value="ProxyInformation{proxyOption=NO_PROXY, proxyServerType=HTTP, password=, proxyServerAddress=, proxyServerPort=0}"/>
         <property name="platform" value="Windows 10"/>
      </properties>
      <testcase name="Test Cases/My Patients - AddSchedule/Create Schedule" classname="Test Cases/My Patients - AddSchedule/Create Schedule" status="PASSED">
         <system-out><![CDATA[2019-02-20 10:20:42 - [TEST_CASE][PASSED] - Test Cases/My Patients - AddSchedule/Create Schedule: Test Cases/My Patients - AddSchedule/Create Schedule

2019-02-20 10:20:43 - [TEST_STEP][PASSED] - callTestCase(findTestCase("Login/Verify Successful Login"), [:], STOP_ON_FAILURE): Call Test Case 'Test Cases/Login/Verify Successful Login' successfully

2019-02-20 10:20:43 - [TEST_CASE][PASSED] - Test Cases/Login/Verify Successful Login: Test Cases/Login/Verify Successful Login

2019-02-20 10:20:44 - [TEST_STEP][PASSED] - openBrowser(G_SiteURL): Browser is opened with url: 'https://qanewpoc.continulink.com/Client.aspx?buid=287&episodeid=682299'

2019-02-20 10:20:44 - [MESSAGE][INFO] - Starting 'Chrome' driver

2019-02-20 10:20:45 - [MESSAGE][INFO] - Action delay is set to 0 seconds

2019-02-20 10:20:54 - [MESSAGE][PASSED] - Browser is opened with url: 'https://qanewpoc.continulink.com/Client.aspx?buid=287&episodeid=682299'

2019-02-20 10:20:54 - [TEST_STEP][PASSED] - setText(findTestObject("Login/User"), G_User): Text 'Mobinnur' is set on object 'Object Repository/Login/User'

2019-02-20 10:20:55 - [MESSAGE][PASSED] - Text 'Mobinnur' is set on object 'Object Repository/Login/User'

2019-02-20 10:20:55 - [TEST_STEP][PASSED] - setText(findTestObject("Login/Password"), G_Password): Text 'qwerty' is set on object 'Object Repository/Login/Password'

2019-02-20 10:20:55 - [MESSAGE][PASSED] - Text 'qwerty' is set on object 'Object Repository/Login/Password'

2019-02-20 10:20:55 - [TEST_STEP][PASSED] - click(findTestObject("Login/Button_LogIn")): Object: 'Object Repository/Login/Button_LogIn' is clicked on

2019-02-20 10:20:58 - [MESSAGE][PASSED] - Object: 'Object Repository/Login/Button_LogIn' is clicked on

2019-02-20 10:20:58 - [TEST_STEP][PASSED] - maximizeWindow(): Current window maximized

2019-02-20 10:21:00 - [MESSAGE][PASSED] - Current window maximized

2019-02-20 10:21:00 - [TEST_STEP][PASSED] - waitForPageLoad(60): Wait for page load successfully

2019-02-20 10:21:00 - [MESSAGE][PASSED] - Wait for page load successfully

2019-02-20 10:21:00 - [TEST_STEP][PASSED] - waitForElementPresent(findTestObject("ClientPage/button_Add Schedule"), 60): Object 'Object Repository/ClientPage/button_Add Schedule' is present

2019-02-20 10:21:00 - [MESSAGE][PASSED] - Object 'Object Repository/ClientPage/button_Add Schedule' is present

2019-02-20 10:21:00 - [TEST_STEP][PASSED] - verifyElementPresent(findTestObject("ClientPage/button_Add Schedule"), 100): Object 'Object Repository/ClientPage/button_Add Schedule' is present

2019-02-20 10:21:00 - [MESSAGE][PASSED] - Object 'Object Repository/ClientPage/button_Add Schedule' is present

2019-02-20 10:21:00 - [MESSAGE][PASSED] - Call Test Case 'Test Cases/Login/Verify Successful Login' successfully

2019-02-20 10:21:00 - [TEST_STEP][PASSED] - waitForPageLoad(60): Wait for page load successfully

2019-02-20 10:21:00 - [MESSAGE][PASSED] - Wait for page load successfully

2019-02-20 10:21:00 - [TEST_STEP][PASSED] - maximizeWindow(): Current window maximized

2019-02-20 10:21:00 - [MESSAGE][PASSED] - Current window maximized

2019-02-20 10:21:00 - [TEST_STEP][PASSED] - waitForPageLoad(60): Wait for page load successfully

2019-02-20 10:21:01 - [MESSAGE][PASSED] - Wait for page load successfully

2019-02-20 10:21:01 - [TEST_STEP][PASSED] - delay(3): Delayed 3 second(s)

2019-02-20 10:21:04 - [MESSAGE][PASSED] - Delayed 3 second(s)

2019-02-20 10:21:04 - [TEST_STEP][PASSED] - waitForElementPresent(findTestObject("ClientPage/HomeLink"), 100): Object 'Object Repository/ClientPage/HomeLink' is present

2019-02-20 10:21:04 - [MESSAGE][PASSED] - Object 'Object Repository/ClientPage/HomeLink' is present

2019-02-20 10:21:04 - [TEST_STEP][PASSED] - click(findTestObject("ClientPage/HomeLink")): Object: 'Object Repository/ClientPage/HomeLink' is clicked on

2019-02-20 10:21:05 - [MESSAGE][PASSED] - Object: 'Object Repository/ClientPage/HomeLink' is clicked on

2019-02-20 10:21:05 - [TEST_STEP][PASSED] - delay(2): Delayed 2 second(s)

2019-02-20 10:21:07 - [MESSAGE][PASSED] - Delayed 2 second(s)

2019-02-20 10:21:07 - [TEST_STEP][PASSED] - waitForPageLoad(50): Wait for page load successfully

2019-02-20 10:21:07 - [MESSAGE][PASSED] - Wait for page load successfully

2019-02-20 10:21:07 - [TEST_STEP][PASSED] - waitForElementPresent(findTestObject("HomePage/RequestTab"), 50): Object 'Object Repository/HomePage/RequestTab' is present

2019-02-20 10:21:07 - [MESSAGE][PASSED] - Object 'Object Repository/HomePage/RequestTab' is present

2019-02-20 10:21:07 - [TEST_STEP][PASSED] - click(findTestObject("HomePage/RequestTab")): Object: 'Object Repository/HomePage/RequestTab' is clicked on

2019-02-20 10:21:07 - [MESSAGE][PASSED] - Object: 'Object Repository/HomePage/RequestTab' is clicked on

2019-02-20 10:21:07 - [TEST_STEP][PASSED] - delay(2): Delayed 2 second(s)

2019-02-20 10:21:09 - [MESSAGE][PASSED] - Delayed 2 second(s)

2019-02-20 10:21:09 - [TEST_STEP][PASSED] - waitForElementPresent(findTestObject("HomePage/SearchText"), 50): Object 'Object Repository/HomePage/SearchText' is present

2019-02-20 10:21:09 - [MESSAGE][PASSED] - Object 'Object Repository/HomePage/SearchText' is present

2019-02-20 10:21:09 - [TEST_STEP][PASSED] - setText(findTestObject("HomePage/SearchText"), G_Patient): Text 'Heather Khur' is set on object 'Object Repository/HomePage/SearchText'

2019-02-20 10:21:10 - [MESSAGE][PASSED] - Text 'Heather Khur' is set on object 'Object Repository/HomePage/SearchText'

2019-02-20 10:21:10 - [TEST_STEP][PASSED] - delay(3): Delayed 3 second(s)

2019-02-20 10:21:13 - [MESSAGE][PASSED] - Delayed 3 second(s)

2019-02-20 10:21:13 - [TEST_STEP][PASSED] - waitForElementPresent(findTestObject("HomePage/ClientLink"), 100): Object 'Object Repository/HomePage/ClientLink' is present

2019-02-20 10:21:13 - [MESSAGE][PASSED] - Object 'Object Repository/HomePage/ClientLink' is present

2019-02-20 10:21:13 - [TEST_STEP][PASSED] - click(findTestObject("HomePage/ClientLink")): Object: 'Object Repository/HomePage/ClientLink' is clicked on

2019-02-20 10:21:15 - [MESSAGE][PASSED] - Object: 'Object Repository/HomePage/ClientLink' is clicked on

2019-02-20 10:21:15 - [TEST_STEP][PASSED] - delay(2): Delayed 2 second(s)

2019-02-20 10:21:17 - [MESSAGE][PASSED] - Delayed 2 second(s)

2019-02-20 10:21:17 - [TEST_STEP][PASSED] - waitForPageLoad(50): Wait for page load successfully

2019-02-20 10:21:17 - [MESSAGE][PASSED] - Wait for page load successfully

2019-02-20 10:21:17 - [TEST_STEP][PASSED] - waitForElementPresent(findTestObject("My Patients - AddSchedule/button_Add Schedule"), 50): Object 'Object Repository/My Patients - AddSchedule/button_Add Schedule' is present

2019-02-20 10:21:17 - [MESSAGE][PASSED] - Object 'Object Repository/My Patients - AddSchedule/button_Add Schedule' is present

2019-02-20 10:21:17 - [TEST_STEP][PASSED] - click(findTestObject("My Patients - AddSchedule/button_Add Schedule")): Object: 'Object Repository/My Patients - AddSchedule/button_Add Schedule' is clicked on

2019-02-20 10:21:17 - [MESSAGE][PASSED] - Object: 'Object Repository/My Patients - AddSchedule/button_Add Schedule' is clicked on

2019-02-20 10:21:17 - [TEST_STEP][PASSED] - waitForElementPresent(findTestObject("My Patients - AddSchedule/FilterBySubServices"), 50): Object 'Object Repository/My Patients - AddSchedule/FilterBySubServices' is present

2019-02-20 10:21:17 - [MESSAGE][PASSED] - Object 'Object Repository/My Patients - AddSchedule/FilterBySubServices' is present

2019-02-20 10:21:17 - [TEST_STEP][PASSED] - click(findTestObject("My Patients - AddSchedule/FilterBySubServices")): Object: 'Object Repository/My Patients - AddSchedule/FilterBySubServices' is clicked on

2019-02-20 10:21:17 - [MESSAGE][PASSED] - Object: 'Object Repository/My Patients - AddSchedule/FilterBySubServices' is clicked on

2019-02-20 10:21:17 - [TEST_STEP][PASSED] - delay(2): Delayed 2 second(s)

2019-02-20 10:21:19 - [MESSAGE][PASSED] - Delayed 2 second(s)

2019-02-20 10:21:19 - [TEST_STEP][PASSED] - waitForElementPresent(findTestObject("My Patients - AddSchedule/ServiceTypeList"), 50): Object 'Object Repository/My Patients - AddSchedule/ServiceTypeList' is present

2019-02-20 10:21:19 - [MESSAGE][PASSED] - Object 'Object Repository/My Patients - AddSchedule/ServiceTypeList' is present

2019-02-20 10:21:19 - [TEST_STEP][PASSED] - click(findTestObject("My Patients - AddSchedule/ServiceTypeList")): Object: 'Object Repository/My Patients - AddSchedule/ServiceTypeList' is clicked on

2019-02-20 10:21:20 - [MESSAGE][PASSED] - Object: 'Object Repository/My Patients - AddSchedule/ServiceTypeList' is clicked on

2019-02-20 10:21:20 - [TEST_STEP][PASSED] - delay(2): Delayed 2 second(s)

2019-02-20 10:21:22 - [MESSAGE][PASSED] - Delayed 2 second(s)

2019-02-20 10:21:22 - [TEST_STEP][PASSED] - focus(findTestObject("My Patients - AddSchedule/ServiceTypeList"), STOP_ON_FAILURE): Object: 'Object Repository/My Patients - AddSchedule/ServiceTypeList' is focused

2019-02-20 10:21:22 - [MESSAGE][PASSED] - Object: 'Object Repository/My Patients - AddSchedule/ServiceTypeList' is focused

2019-02-20 10:21:22 - [TEST_STEP][PASSED] - sendKeys(findTestObject("My Patients - AddSchedule/ServiceTypeList"), Keys.chord(ARROW_DOWN, ARROW_DOWN, ARROW_DOWN, ARROW_DOWN, ARROW_DOWN, ENTER)): Keys 'DOWN + DOWN + DOWN + DOWN + DOWN + ENTER + ' sent to object: 'Object Repository/My Patients - AddSchedule/ServiceTypeList'

2019-02-20 10:21:22 - [MESSAGE][PASSED] - Keys 'DOWN + DOWN + DOWN + DOWN + DOWN + ENTER + ' sent to object: 'Object Repository/My Patients - AddSchedule/ServiceTypeList'

2019-02-20 10:21:22 - [TEST_STEP][PASSED] - waitForElementPresent(findTestObject("My Patients - AddSchedule/StartDate"), 60): Object 'Object Repository/My Patients - AddSchedule/StartDate' is present

2019-02-20 10:21:22 - [MESSAGE][PASSED] - Object 'Object Repository/My Patients - AddSchedule/StartDate' is present

2019-02-20 10:21:22 - [TEST_STEP][PASSED] - setText(findTestObject("My Patients - AddSchedule/StartDate"), getDate.DateUtilities.getDateMonthDayYearNumber()): Text '02202019' is set on object 'Object Repository/My Patients - AddSchedule/StartDate'

2019-02-20 10:21:22 - [MESSAGE][PASSED] - getDate.DateUtilities.getDateMonthDayYearNumber is PASSED

2019-02-20 10:21:23 - [MESSAGE][PASSED] - Text '02202019' is set on object 'Object Repository/My Patients - AddSchedule/StartDate'

2019-02-20 10:21:23 - [TEST_STEP][PASSED] - clearText(findTestObject("My Patients - AddSchedule/StartTime")): Text of object 'Object Repository/My Patients - AddSchedule/StartTime' is cleared

2019-02-20 10:21:23 - [MESSAGE][PASSED] - Text of object 'Object Repository/My Patients - AddSchedule/StartTime' is cleared

2019-02-20 10:21:23 - [TEST_STEP][PASSED] - waitForElementPresent(findTestObject("My Patients - AddSchedule/StartTime"), 60): Object 'Object Repository/My Patients - AddSchedule/StartTime' is present

2019-02-20 10:21:23 - [MESSAGE][PASSED] - Object 'Object Repository/My Patients - AddSchedule/StartTime' is present

2019-02-20 10:21:23 - [TEST_STEP][PASSED] - delay(3): Delayed 3 second(s)

2019-02-20 10:21:26 - [MESSAGE][PASSED] - Delayed 3 second(s)

2019-02-20 10:21:26 - [TEST_STEP][PASSED] - setText(findTestObject("My Patients - AddSchedule/StartTime"), G_StartTime): Text '07:00' is set on object 'Object Repository/My Patients - AddSchedule/StartTime'

2019-02-20 10:21:26 - [MESSAGE][PASSED] - Text '07:00' is set on object 'Object Repository/My Patients - AddSchedule/StartTime'

2019-02-20 10:21:26 - [TEST_STEP][PASSED] - delay(3): Delayed 3 second(s)

2019-02-20 10:21:29 - [MESSAGE][PASSED] - Delayed 3 second(s)

2019-02-20 10:21:29 - [TEST_STEP][PASSED] - waitForElementPresent(findTestObject("My Patients - AddSchedule/EndDate"), 60): Object 'Object Repository/My Patients - AddSchedule/EndDate' is present

2019-02-20 10:21:29 - [MESSAGE][PASSED] - Object 'Object Repository/My Patients - AddSchedule/EndDate' is present

2019-02-20 10:21:29 - [TEST_STEP][PASSED] - setText(findTestObject("My Patients - AddSchedule/EndDate"), getDate.DateUtilities.getDateMonthDayYearNumber()): Text '02202019' is set on object 'Object Repository/My Patients - AddSchedule/EndDate'

2019-02-20 10:21:29 - [MESSAGE][PASSED] - getDate.DateUtilities.getDateMonthDayYearNumber is PASSED

2019-02-20 10:21:29 - [MESSAGE][PASSED] - Text '02202019' is set on object 'Object Repository/My Patients - AddSchedule/EndDate'

2019-02-20 10:21:29 - [TEST_STEP][PASSED] - clearText(findTestObject("My Patients - AddSchedule/EndTime")): Text of object 'Object Repository/My Patients - AddSchedule/EndTime' is cleared

2019-02-20 10:21:30 - [MESSAGE][PASSED] - Text of object 'Object Repository/My Patients - AddSchedule/EndTime' is cleared

2019-02-20 10:21:30 - [TEST_STEP][PASSED] - waitForElementPresent(findTestObject("My Patients - AddSchedule/EndTime"), 60): Object 'Object Repository/My Patients - AddSchedule/EndTime' is present

2019-02-20 10:21:30 - [MESSAGE][PASSED] - Object 'Object Repository/My Patients - AddSchedule/EndTime' is present

2019-02-20 10:21:30 - [TEST_STEP][PASSED] - delay(2): Delayed 2 second(s)

2019-02-20 10:21:32 - [MESSAGE][PASSED] - Delayed 2 second(s)

2019-02-20 10:21:32 - [TEST_STEP][PASSED] - setText(findTestObject("My Patients - AddSchedule/EndTime"), G_EndTime): Text '07:30' is set on object 'Object Repository/My Patients - AddSchedule/EndTime'

2019-02-20 10:21:32 - [MESSAGE][PASSED] - Text '07:30' is set on object 'Object Repository/My Patients - AddSchedule/EndTime'

2019-02-20 10:21:32 - [TEST_STEP][PASSED] - waitForElementPresent(findTestObject("My Patients - AddSchedule/SaveButton"), 100): Object 'Object Repository/My Patients - AddSchedule/SaveButton' is present

2019-02-20 10:21:32 - [MESSAGE][PASSED] - Object 'Object Repository/My Patients - AddSchedule/SaveButton' is present

2019-02-20 10:21:32 - [TEST_STEP][PASSED] - click(findTestObject("My Patients - AddSchedule/SaveButton")): Object: 'Object Repository/My Patients - AddSchedule/SaveButton' is clicked on

2019-02-20 10:21:32 - [MESSAGE][PASSED] - Object: 'Object Repository/My Patients - AddSchedule/SaveButton' is clicked on

2019-02-20 10:21:32 - [TEST_STEP][PASSED] - waitForPageLoad(100): Wait for page load successfully

2019-02-20 10:21:32 - [MESSAGE][PASSED] - Wait for page load successfully

2019-02-20 10:21:32 - [TEST_STEP][PASSED] - delay(4): Delayed 4 second(s)

2019-02-20 10:21:36 - [MESSAGE][PASSED] - Delayed 4 second(s)]]></system-out>
         <system-err><![CDATA[]]></system-err>
      </testcase>
      <system-out><![CDATA[2019-02-20 10:20:41 - [TEST_SUITE][PASSED] - My Patients - Add Schedule: Test Cases/My Patients - AddSchedule/Create Schedule]]></system-out>
      <system-err><![CDATA[]]></system-err>
   </testsuite>
</testsuites>
