<?xml version="1.0" encoding="UTF-8"?>
<testsuites name="My Patients - Add Schedule" time="56" tests="1" failures="0" errors="0">
   <testsuite name="My Patients - Add Schedule" tests="1" failures="0" errors="0" time="56" timestamp="2019-02-20 10:53:23" hostname="isaac - DESKTOP-RO0FF5F" id="Test Suites/My Patients - Add Schedule">
      <properties>
         <property name="deviceName" value=""/>
         <property name="devicePlatform" value=""/>
         <property name="logFolder" value="C:\\Users\\isaac\\Katalon Studio\\Continulink\\Reports\\My Patients - Add Schedule\\20190220_105318"/>
         <property name="logFiles" value="C:\\Users\\isaac\\Katalon Studio\\Continulink\\Reports\\My Patients - Add Schedule\\20190220_105318\\execution0.log"/>
         <property name="attachments" value=""/>
         <property name="hostName" value="isaac - DESKTOP-RO0FF5F"/>
         <property name="os" value="Windows 10 64bit"/>
         <property name="katalonVersion" value="5.10.1.1"/>
         <property name="browser" value="Chrome 72.0.3626.109"/>
         <property name="hostAddress" value="192.168.0.115"/>
         <property name="sessionId" value="cd3e3a9cd5dd8d9b75151efc821f5040"/>
         <property name="seleniumVersion" value="3.7.1"/>
         <property name="proxyInformation" value="ProxyInformation{proxyOption=NO_PROXY, proxyServerType=HTTP, password=, proxyServerAddress=, proxyServerPort=0}"/>
         <property name="platform" value="Windows 10"/>
      </properties>
      <testcase name="Test Cases/My Patients - AddSchedule/Create Schedule" classname="Test Cases/My Patients - AddSchedule/Create Schedule" status="PASSED">
         <system-out><![CDATA[2019-02-20 10:53:23 - [TEST_CASE][PASSED] - Test Cases/My Patients - AddSchedule/Create Schedule: Test Cases/My Patients - AddSchedule/Create Schedule

2019-02-20 10:53:24 - [TEST_STEP][PASSED] - callTestCase(findTestCase("Login/Verify Successful Login"), [:], STOP_ON_FAILURE): Call Test Case 'Test Cases/Login/Verify Successful Login' successfully

2019-02-20 10:53:25 - [TEST_CASE][PASSED] - Test Cases/Login/Verify Successful Login: Test Cases/Login/Verify Successful Login

2019-02-20 10:53:25 - [TEST_STEP][PASSED] - openBrowser(G_SiteURL): Browser is opened with url: 'https://qanewpoc.continulink.com/Client.aspx?buid=287&episodeid=682299'

2019-02-20 10:53:26 - [MESSAGE][INFO] - Starting 'Chrome' driver

2019-02-20 10:53:26 - [MESSAGE][INFO] - Action delay is set to 0 seconds

2019-02-20 10:53:36 - [MESSAGE][PASSED] - Browser is opened with url: 'https://qanewpoc.continulink.com/Client.aspx?buid=287&episodeid=682299'

2019-02-20 10:53:36 - [TEST_STEP][PASSED] - setText(findTestObject("Login/User"), G_User): Text 'Mobinnur' is set on object 'Object Repository/Login/User'

2019-02-20 10:53:36 - [MESSAGE][PASSED] - Text 'Mobinnur' is set on object 'Object Repository/Login/User'

2019-02-20 10:53:36 - [TEST_STEP][PASSED] - setText(findTestObject("Login/Password"), G_Password): Text 'qwerty' is set on object 'Object Repository/Login/Password'

2019-02-20 10:53:36 - [MESSAGE][PASSED] - Text 'qwerty' is set on object 'Object Repository/Login/Password'

2019-02-20 10:53:36 - [TEST_STEP][PASSED] - click(findTestObject("Login/Button_LogIn")): Object: 'Object Repository/Login/Button_LogIn' is clicked on

2019-02-20 10:53:40 - [MESSAGE][PASSED] - Object: 'Object Repository/Login/Button_LogIn' is clicked on

2019-02-20 10:53:40 - [TEST_STEP][PASSED] - maximizeWindow(): Current window maximized

2019-02-20 10:53:41 - [MESSAGE][PASSED] - Current window maximized

2019-02-20 10:53:41 - [TEST_STEP][PASSED] - waitForPageLoad(60): Wait for page load successfully

2019-02-20 10:53:42 - [MESSAGE][PASSED] - Wait for page load successfully

2019-02-20 10:53:42 - [TEST_STEP][PASSED] - waitForElementPresent(findTestObject("ClientPage/button_Add Schedule"), 60): Object 'Object Repository/ClientPage/button_Add Schedule' is present

2019-02-20 10:53:42 - [MESSAGE][PASSED] - Object 'Object Repository/ClientPage/button_Add Schedule' is present

2019-02-20 10:53:42 - [TEST_STEP][PASSED] - verifyElementPresent(findTestObject("ClientPage/button_Add Schedule"), 100): Object 'Object Repository/ClientPage/button_Add Schedule' is present

2019-02-20 10:53:42 - [MESSAGE][PASSED] - Object 'Object Repository/ClientPage/button_Add Schedule' is present

2019-02-20 10:53:42 - [MESSAGE][PASSED] - Call Test Case 'Test Cases/Login/Verify Successful Login' successfully

2019-02-20 10:53:42 - [TEST_STEP][PASSED] - waitForPageLoad(60): Wait for page load successfully

2019-02-20 10:53:42 - [MESSAGE][PASSED] - Wait for page load successfully

2019-02-20 10:53:42 - [TEST_STEP][PASSED] - maximizeWindow(): Current window maximized

2019-02-20 10:53:42 - [MESSAGE][PASSED] - Current window maximized

2019-02-20 10:53:42 - [TEST_STEP][PASSED] - waitForPageLoad(60): Wait for page load successfully

2019-02-20 10:53:42 - [MESSAGE][PASSED] - Wait for page load successfully

2019-02-20 10:53:42 - [TEST_STEP][PASSED] - delay(3): Delayed 3 second(s)

2019-02-20 10:53:45 - [MESSAGE][PASSED] - Delayed 3 second(s)

2019-02-20 10:53:45 - [TEST_STEP][PASSED] - waitForElementPresent(findTestObject("ClientPage/HomeLink"), 100): Object 'Object Repository/ClientPage/HomeLink' is present

2019-02-20 10:53:45 - [MESSAGE][PASSED] - Object 'Object Repository/ClientPage/HomeLink' is present

2019-02-20 10:53:45 - [TEST_STEP][PASSED] - click(findTestObject("ClientPage/HomeLink")): Object: 'Object Repository/ClientPage/HomeLink' is clicked on

2019-02-20 10:53:47 - [MESSAGE][PASSED] - Object: 'Object Repository/ClientPage/HomeLink' is clicked on

2019-02-20 10:53:47 - [TEST_STEP][PASSED] - delay(2): Delayed 2 second(s)

2019-02-20 10:53:49 - [MESSAGE][PASSED] - Delayed 2 second(s)

2019-02-20 10:53:49 - [TEST_STEP][PASSED] - waitForPageLoad(50): Wait for page load successfully

2019-02-20 10:53:49 - [MESSAGE][PASSED] - Wait for page load successfully

2019-02-20 10:53:49 - [TEST_STEP][PASSED] - waitForElementPresent(findTestObject("HomePage/RequestTab"), 50): Object 'Object Repository/HomePage/RequestTab' is present

2019-02-20 10:53:49 - [MESSAGE][PASSED] - Object 'Object Repository/HomePage/RequestTab' is present

2019-02-20 10:53:49 - [TEST_STEP][PASSED] - click(findTestObject("HomePage/RequestTab")): Object: 'Object Repository/HomePage/RequestTab' is clicked on

2019-02-20 10:53:49 - [MESSAGE][PASSED] - Object: 'Object Repository/HomePage/RequestTab' is clicked on

2019-02-20 10:53:49 - [TEST_STEP][PASSED] - delay(2): Delayed 2 second(s)

2019-02-20 10:53:51 - [MESSAGE][PASSED] - Delayed 2 second(s)

2019-02-20 10:53:51 - [TEST_STEP][PASSED] - waitForElementPresent(findTestObject("HomePage/SearchText"), 50): Object 'Object Repository/HomePage/SearchText' is present

2019-02-20 10:53:51 - [MESSAGE][PASSED] - Object 'Object Repository/HomePage/SearchText' is present

2019-02-20 10:53:51 - [TEST_STEP][PASSED] - setText(findTestObject("HomePage/SearchText"), G_Patient): Text 'Heather Khur' is set on object 'Object Repository/HomePage/SearchText'

2019-02-20 10:53:52 - [MESSAGE][PASSED] - Text 'Heather Khur' is set on object 'Object Repository/HomePage/SearchText'

2019-02-20 10:53:52 - [TEST_STEP][PASSED] - delay(3): Delayed 3 second(s)

2019-02-20 10:53:55 - [MESSAGE][PASSED] - Delayed 3 second(s)

2019-02-20 10:53:55 - [TEST_STEP][PASSED] - waitForElementPresent(findTestObject("HomePage/ClientLink"), 100): Object 'Object Repository/HomePage/ClientLink' is present

2019-02-20 10:53:55 - [MESSAGE][PASSED] - Object 'Object Repository/HomePage/ClientLink' is present

2019-02-20 10:53:55 - [TEST_STEP][PASSED] - click(findTestObject("HomePage/ClientLink")): Object: 'Object Repository/HomePage/ClientLink' is clicked on

2019-02-20 10:53:57 - [MESSAGE][PASSED] - Object: 'Object Repository/HomePage/ClientLink' is clicked on

2019-02-20 10:53:57 - [TEST_STEP][PASSED] - delay(2): Delayed 2 second(s)

2019-02-20 10:53:59 - [MESSAGE][PASSED] - Delayed 2 second(s)

2019-02-20 10:53:59 - [TEST_STEP][PASSED] - waitForPageLoad(50): Wait for page load successfully

2019-02-20 10:53:59 - [MESSAGE][PASSED] - Wait for page load successfully

2019-02-20 10:53:59 - [TEST_STEP][PASSED] - waitForElementPresent(findTestObject("My Patients - AddSchedule/button_Add Schedule"), 50): Object 'Object Repository/My Patients - AddSchedule/button_Add Schedule' is present

2019-02-20 10:53:59 - [MESSAGE][PASSED] - Object 'Object Repository/My Patients - AddSchedule/button_Add Schedule' is present

2019-02-20 10:53:59 - [TEST_STEP][PASSED] - click(findTestObject("My Patients - AddSchedule/button_Add Schedule")): Object: 'Object Repository/My Patients - AddSchedule/button_Add Schedule' is clicked on

2019-02-20 10:53:59 - [MESSAGE][PASSED] - Object: 'Object Repository/My Patients - AddSchedule/button_Add Schedule' is clicked on

2019-02-20 10:53:59 - [TEST_STEP][PASSED] - waitForElementPresent(findTestObject("My Patients - AddSchedule/FilterBySubServices"), 50): Object 'Object Repository/My Patients - AddSchedule/FilterBySubServices' is present

2019-02-20 10:53:59 - [MESSAGE][PASSED] - Object 'Object Repository/My Patients - AddSchedule/FilterBySubServices' is present

2019-02-20 10:53:59 - [TEST_STEP][PASSED] - click(findTestObject("My Patients - AddSchedule/FilterBySubServices")): Object: 'Object Repository/My Patients - AddSchedule/FilterBySubServices' is clicked on

2019-02-20 10:53:59 - [MESSAGE][PASSED] - Object: 'Object Repository/My Patients - AddSchedule/FilterBySubServices' is clicked on

2019-02-20 10:53:59 - [TEST_STEP][PASSED] - delay(2): Delayed 2 second(s)

2019-02-20 10:54:01 - [MESSAGE][PASSED] - Delayed 2 second(s)

2019-02-20 10:54:01 - [TEST_STEP][PASSED] - waitForElementPresent(findTestObject("My Patients - AddSchedule/ServiceTypeList"), 50): Object 'Object Repository/My Patients - AddSchedule/ServiceTypeList' is present

2019-02-20 10:54:01 - [MESSAGE][PASSED] - Object 'Object Repository/My Patients - AddSchedule/ServiceTypeList' is present

2019-02-20 10:54:01 - [TEST_STEP][PASSED] - click(findTestObject("My Patients - AddSchedule/ServiceTypeList")): Object: 'Object Repository/My Patients - AddSchedule/ServiceTypeList' is clicked on

2019-02-20 10:54:02 - [MESSAGE][PASSED] - Object: 'Object Repository/My Patients - AddSchedule/ServiceTypeList' is clicked on

2019-02-20 10:54:02 - [TEST_STEP][PASSED] - delay(2): Delayed 2 second(s)

2019-02-20 10:54:04 - [MESSAGE][PASSED] - Delayed 2 second(s)

2019-02-20 10:54:04 - [TEST_STEP][PASSED] - focus(findTestObject("My Patients - AddSchedule/ServiceTypeList"), STOP_ON_FAILURE): Object: 'Object Repository/My Patients - AddSchedule/ServiceTypeList' is focused

2019-02-20 10:54:04 - [MESSAGE][PASSED] - Object: 'Object Repository/My Patients - AddSchedule/ServiceTypeList' is focused

2019-02-20 10:54:04 - [TEST_STEP][PASSED] - sendKeys(findTestObject("My Patients - AddSchedule/ServiceTypeList"), Keys.chord(ARROW_DOWN, ARROW_DOWN, ARROW_DOWN, ARROW_DOWN, ARROW_DOWN, ENTER)): Keys 'DOWN + DOWN + DOWN + DOWN + DOWN + ENTER + ' sent to object: 'Object Repository/My Patients - AddSchedule/ServiceTypeList'

2019-02-20 10:54:04 - [MESSAGE][PASSED] - Keys 'DOWN + DOWN + DOWN + DOWN + DOWN + ENTER + ' sent to object: 'Object Repository/My Patients - AddSchedule/ServiceTypeList'

2019-02-20 10:54:04 - [TEST_STEP][PASSED] - waitForElementPresent(findTestObject("My Patients - AddSchedule/StartTime"), 60): Object 'Object Repository/My Patients - AddSchedule/StartTime' is present

2019-02-20 10:54:04 - [MESSAGE][PASSED] - Object 'Object Repository/My Patients - AddSchedule/StartTime' is present

2019-02-20 10:54:04 - [TEST_STEP][PASSED] - clearText(findTestObject("My Patients - AddSchedule/StartTime")): Text of object 'Object Repository/My Patients - AddSchedule/StartTime' is cleared

2019-02-20 10:54:04 - [MESSAGE][PASSED] - Text of object 'Object Repository/My Patients - AddSchedule/StartTime' is cleared

2019-02-20 10:54:04 - [TEST_STEP][PASSED] - delay(3): Delayed 3 second(s)

2019-02-20 10:54:07 - [MESSAGE][PASSED] - Delayed 3 second(s)

2019-02-20 10:54:07 - [TEST_STEP][PASSED] - click(findTestObject("My Patients - AddSchedule/StartTime")): Object: 'Object Repository/My Patients - AddSchedule/StartTime' is clicked on

2019-02-20 10:54:07 - [MESSAGE][PASSED] - Object: 'Object Repository/My Patients - AddSchedule/StartTime' is clicked on

2019-02-20 10:54:07 - [TEST_STEP][PASSED] - setText(findTestObject("My Patients - AddSchedule/StartTime"), G_StartTime): Text '12:00' is set on object 'Object Repository/My Patients - AddSchedule/StartTime'

2019-02-20 10:54:08 - [MESSAGE][PASSED] - Text '12:00' is set on object 'Object Repository/My Patients - AddSchedule/StartTime'

2019-02-20 10:54:08 - [TEST_STEP][PASSED] - delay(3): Delayed 3 second(s)

2019-02-20 10:54:11 - [MESSAGE][PASSED] - Delayed 3 second(s)

2019-02-20 10:54:11 - [TEST_STEP][PASSED] - waitForElementPresent(findTestObject("My Patients - AddSchedule/EndTime"), 60): Object 'Object Repository/My Patients - AddSchedule/EndTime' is present

2019-02-20 10:54:11 - [MESSAGE][PASSED] - Object 'Object Repository/My Patients - AddSchedule/EndTime' is present

2019-02-20 10:54:11 - [TEST_STEP][PASSED] - clearText(findTestObject("My Patients - AddSchedule/EndTime")): Text of object 'Object Repository/My Patients - AddSchedule/EndTime' is cleared

2019-02-20 10:54:11 - [MESSAGE][PASSED] - Text of object 'Object Repository/My Patients - AddSchedule/EndTime' is cleared

2019-02-20 10:54:11 - [TEST_STEP][PASSED] - delay(2): Delayed 2 second(s)

2019-02-20 10:54:13 - [MESSAGE][PASSED] - Delayed 2 second(s)

2019-02-20 10:54:13 - [TEST_STEP][PASSED] - click(findTestObject("My Patients - AddSchedule/EndTime")): Object: 'Object Repository/My Patients - AddSchedule/EndTime' is clicked on

2019-02-20 10:54:13 - [MESSAGE][PASSED] - Object: 'Object Repository/My Patients - AddSchedule/EndTime' is clicked on

2019-02-20 10:54:13 - [TEST_STEP][PASSED] - setText(findTestObject("My Patients - AddSchedule/EndTime"), G_EndTime): Text '12:15' is set on object 'Object Repository/My Patients - AddSchedule/EndTime'

2019-02-20 10:54:13 - [MESSAGE][PASSED] - Text '12:15' is set on object 'Object Repository/My Patients - AddSchedule/EndTime'

2019-02-20 10:54:13 - [TEST_STEP][PASSED] - waitForElementPresent(findTestObject("My Patients - AddSchedule/SaveButton"), 100): Object 'Object Repository/My Patients - AddSchedule/SaveButton' is present

2019-02-20 10:54:13 - [MESSAGE][PASSED] - Object 'Object Repository/My Patients - AddSchedule/SaveButton' is present

2019-02-20 10:54:13 - [TEST_STEP][PASSED] - click(findTestObject("My Patients - AddSchedule/SaveButton")): Object: 'Object Repository/My Patients - AddSchedule/SaveButton' is clicked on

2019-02-20 10:54:14 - [MESSAGE][PASSED] - Object: 'Object Repository/My Patients - AddSchedule/SaveButton' is clicked on

2019-02-20 10:54:14 - [TEST_STEP][PASSED] - waitForPageLoad(100): Wait for page load successfully

2019-02-20 10:54:14 - [MESSAGE][PASSED] - Wait for page load successfully

2019-02-20 10:54:14 - [TEST_STEP][PASSED] - delay(4): Delayed 4 second(s)

2019-02-20 10:54:18 - [MESSAGE][PASSED] - Delayed 4 second(s)]]></system-out>
         <system-err><![CDATA[]]></system-err>
      </testcase>
      <system-out><![CDATA[2019-02-20 10:53:23 - [TEST_SUITE][PASSED] - My Patients - Add Schedule: Test Cases/My Patients - AddSchedule/Create Schedule]]></system-out>
      <system-err><![CDATA[]]></system-err>
   </testsuite>
</testsuites>
