<?xml version="1.0" encoding="UTF-8" standalone="yes"?>
<testsuites name="Regression BackOffice" time="3377" tests="28" failures="0" errors="0">
    <testsuite name="Regression BackOffice" tests="28" failures="0" errors="0" time="3377" timestamp="2019-09-19 11:40:28" hostname="isaac - DESKTOP-BPONDF2" id="Test Suites/Regression BackOffice/Regression BackOffice">
        <properties>
            <property name="deviceName" value=""/>
            <property name="devicePlatform" value=""/>
            <property name="logFolder" value="C:\\Users\\isaac\\Desktop\\Clientes\\ProcuraCanada\\Katalon Studio\\Continulink\\Reports\\20190919_113944\\Regression BackOffice\\Regression BackOffice\\20190919_114021"/>
            <property name="logFiles" value="C:\\Users\\isaac\\Desktop\\Clientes\\ProcuraCanada\\Katalon Studio\\Continulink\\Reports\\20190919_113944\\Regression BackOffice\\Regression BackOffice\\20190919_114021\\execution0.log"/>
            <property name="attachments" value="C:\\Users\\isaac\\Desktop\\Clientes\\ProcuraCanada\\Katalon Studio\\Continulink\\Reports\\20190919_113944\\Regression BackOffice\\Regression BackOffice\\20190919_114021\\1568905435886.png, C:\\Users\\isaac\\Desktop\\Clientes\\ProcuraCanada\\Katalon Studio\\Continulink\\Reports\\20190919_113944\\Regression BackOffice\\Regression BackOffice\\20190919_114021\\1568905618300.png, C:\\Users\\isaac\\Desktop\\Clientes\\ProcuraCanada\\Katalon Studio\\Continulink\\Reports\\20190919_113944\\Regression BackOffice\\Regression BackOffice\\20190919_114021\\1568905620962.png, C:\\Users\\isaac\\Desktop\\Clientes\\ProcuraCanada\\Katalon Studio\\Continulink\\Reports\\20190919_113944\\Regression BackOffice\\Regression BackOffice\\20190919_114021\\1568905839195.png, C:\\Users\\isaac\\Desktop\\Clientes\\ProcuraCanada\\Katalon Studio\\Continulink\\Reports\\20190919_113944\\Regression BackOffice\\Regression BackOffice\\20190919_114021\\1568905843969.png, C:\\Users\\isaac\\Desktop\\Clientes\\ProcuraCanada\\Katalon Studio\\Continulink\\Reports\\20190919_113944\\Regression BackOffice\\Regression BackOffice\\20190919_114021\\1568905844840.png, C:\\Users\\isaac\\Desktop\\Clientes\\ProcuraCanada\\Katalon Studio\\Continulink\\Reports\\20190919_113944\\Regression BackOffice\\Regression BackOffice\\20190919_114021\\1568905847358.png, C:\\Users\\isaac\\Desktop\\Clientes\\ProcuraCanada\\Katalon Studio\\Continulink\\Reports\\20190919_113944\\Regression BackOffice\\Regression BackOffice\\20190919_114021\\1568905849937.png, C:\\Users\\isaac\\Desktop\\Clientes\\ProcuraCanada\\Katalon Studio\\Continulink\\Reports\\20190919_113944\\Regression BackOffice\\Regression BackOffice\\20190919_114021\\1568906227142.png, C:\\Users\\isaac\\Desktop\\Clientes\\ProcuraCanada\\Katalon Studio\\Continulink\\Reports\\20190919_113944\\Regression BackOffice\\Regression BackOffice\\20190919_114021\\1568906286117.png, C:\\Users\\isaac\\Desktop\\Clientes\\ProcuraCanada\\Katalon Studio\\Continulink\\Reports\\20190919_113944\\Regression BackOffice\\Regression BackOffice\\20190919_114021\\1568906320676.png, C:\\Users\\isaac\\Desktop\\Clientes\\ProcuraCanada\\Katalon Studio\\Continulink\\Reports\\20190919_113944\\Regression BackOffice\\Regression BackOffice\\20190919_114021\\1568906397193.png, C:\\Users\\isaac\\Desktop\\Clientes\\ProcuraCanada\\Katalon Studio\\Continulink\\Reports\\20190919_113944\\Regression BackOffice\\Regression BackOffice\\20190919_114021\\1568906397778.png, C:\\Users\\isaac\\Desktop\\Clientes\\ProcuraCanada\\Katalon Studio\\Continulink\\Reports\\20190919_113944\\Regression BackOffice\\Regression BackOffice\\20190919_114021\\1568906398398.png, C:\\Users\\isaac\\Desktop\\Clientes\\ProcuraCanada\\Katalon Studio\\Continulink\\Reports\\20190919_113944\\Regression BackOffice\\Regression BackOffice\\20190919_114021\\1568906398969.png, C:\\Users\\isaac\\Desktop\\Clientes\\ProcuraCanada\\Katalon Studio\\Continulink\\Reports\\20190919_113944\\Regression BackOffice\\Regression BackOffice\\20190919_114021\\1568906404687.png, C:\\Users\\isaac\\Desktop\\Clientes\\ProcuraCanada\\Katalon Studio\\Continulink\\Reports\\20190919_113944\\Regression BackOffice\\Regression BackOffice\\20190919_114021\\1568906647146.png, C:\\Users\\isaac\\Desktop\\Clientes\\ProcuraCanada\\Katalon Studio\\Continulink\\Reports\\20190919_113944\\Regression BackOffice\\Regression BackOffice\\20190919_114021\\1568906797106.png, C:\\Users\\isaac\\Desktop\\Clientes\\ProcuraCanada\\Katalon Studio\\Continulink\\Reports\\20190919_113944\\Regression BackOffice\\Regression BackOffice\\20190919_114021\\1568906799788.png, C:\\Users\\isaac\\Desktop\\Clientes\\ProcuraCanada\\Katalon Studio\\Continulink\\Reports\\20190919_113944\\Regression BackOffice\\Regression BackOffice\\20190919_114021\\1568906802491.png"/>
            <property name="hostName" value="isaac - DESKTOP-BPONDF2"/>
            <property name="os" value="Windows 10 64bit"/>
            <property name="katalonVersion" value="6.3.2.1"/>
            <property name="browser" value="Chrome 76.0.3809.132"/>
            <property name="hostAddress" value="192.168.0.121"/>
            <property name="sessionId" value="02267d3710844884b90d19d915831b41"/>
            <property name="seleniumVersion" value="3.141.59"/>
            <property name="proxyInformation" value="ProxyInformation{proxyOption=NO_PROXY, proxyServerType=HTTP, password=, proxyServerAddress=, proxyServerPort=0}"/>
            <property name="platform" value="Windows 10"/>
        </properties>
        <testcase name="Test Cases/Regression BackOffice (All Browsers)/CLNK-23449 - Quick Intake Wizard" classname="Test Cases/Regression BackOffice (All Browsers)/CLNK-23449 - Quick Intake Wizard" status="PASSED">
            <system-out>2019-09-19 11:40:29 - [TEST_CASE][PASSED] - Test Cases/Regression BackOffice (All Browsers)/CLNK-23449 - Quick Intake Wizard: Test Cases/Regression BackOffice (All Browsers)/CLNK-23449 - Quick Intake Wizard&#xD;
&#xD;
2019-09-19 11:40:31 - [TEST_STEP][PASSED] - callTestCase(findTestCase("Regression BackOffice (All Browsers)/CLNK-23439 - Clink - Back office Client"), [:], STOP_ON_FAILURE): Call Test Case 'Test Cases/Regression BackOffice (All Browsers)/CLNK-23439 - Clink - Back office Client' successfully&#xD;
&#xD;
2019-09-19 11:40:31 - [TEST_CASE][PASSED] - Test Cases/Regression BackOffice (All Browsers)/CLNK-23439 - Clink - Back office Client: Test Cases/Regression BackOffice (All Browsers)/CLNK-23439 - Clink - Back office Client&#xD;
&#xD;
2019-09-19 11:40:32 - [TEST_STEP][PASSED] - deleteAllCookies(): Delete all cookies successfully&#xD;
&#xD;
2019-09-19 11:40:32 - [MESSAGE][WARNING] - Cannot delete cookies because browser is closed&#xD;
&#xD;
2019-09-19 11:40:32 - [MESSAGE][PASSED] - Delete all cookies successfully&#xD;
&#xD;
2019-09-19 11:40:32 - [TEST_STEP][PASSED] - openBrowser(G_SiteBackOffice): Browser is opened with url: 'https://qanewpoc.continulink.com:8443/Backoffice/'&#xD;
&#xD;
2019-09-19 11:40:33 - [MESSAGE][INFO] - Starting 'Chrome' driver&#xD;
&#xD;
2019-09-19 11:40:33 - [MESSAGE][INFO] - Action delay is set to 0 seconds&#xD;
&#xD;
2019-09-19 11:40:42 - [MESSAGE][PASSED] - Browser is opened with url: 'https://qanewpoc.continulink.com:8443/Backoffice/'&#xD;
&#xD;
2019-09-19 11:40:42 - [TEST_STEP][PASSED] - waitForPageLoad(60): Wait for page load successfully&#xD;
&#xD;
2019-09-19 11:40:42 - [MESSAGE][PASSED] - Wait for page load successfully&#xD;
&#xD;
2019-09-19 11:40:42 - [TEST_STEP][PASSED] - maximizeWindow(): Current window maximized&#xD;
&#xD;
2019-09-19 11:40:46 - [MESSAGE][PASSED] - Current window maximized&#xD;
&#xD;
2019-09-19 11:40:46 - [TEST_STEP][PASSED] - setText(findTestObject("Regression BackOffice/Login/UserBackOffice"), G_UserBackOffice): Text 'automation_admin' is set on object 'Object Repository/Regression BackOffice/Login/UserBackOffice'&#xD;
&#xD;
2019-09-19 11:40:47 - [MESSAGE][PASSED] - Text 'automation_admin' is set on object 'Object Repository/Regression BackOffice/Login/UserBackOffice'&#xD;
&#xD;
2019-09-19 11:40:47 - [TEST_STEP][PASSED] - setText(findTestObject("Regression BackOffice/Login/PasswordBackOffice"), G_PasswordBackOffice): Text 'qwerty' is set on object 'Object Repository/Regression BackOffice/Login/PasswordBackOffice'&#xD;
&#xD;
2019-09-19 11:40:47 - [MESSAGE][PASSED] - Text 'qwerty' is set on object 'Object Repository/Regression BackOffice/Login/PasswordBackOffice'&#xD;
&#xD;
2019-09-19 11:40:47 - [TEST_STEP][PASSED] - click(findTestObject("Regression BackOffice/Login/LoginBackOffice")): Object: 'Object Repository/Regression BackOffice/Login/LoginBackOffice' is clicked on&#xD;
&#xD;
2019-09-19 11:40:52 - [MESSAGE][PASSED] - Object: 'Object Repository/Regression BackOffice/Login/LoginBackOffice' is clicked on&#xD;
&#xD;
2019-09-19 11:40:52 - [TEST_STEP][PASSED] - waitForPageLoad(60): Wait for page load successfully&#xD;
&#xD;
2019-09-19 11:40:52 - [MESSAGE][PASSED] - Wait for page load successfully&#xD;
&#xD;
2019-09-19 11:40:52 - [TEST_STEP][PASSED] - delay(2): Delayed 2 second(s)&#xD;
&#xD;
2019-09-19 11:40:54 - [MESSAGE][PASSED] - Delayed 2 second(s)&#xD;
&#xD;
2019-09-19 11:40:54 - [TEST_STEP][PASSED] - switchToFrame(findTestObject("Regression BackOffice/CLINK-Frames/FrameFrameLeft"), 5, STOP_ON_FAILURE): null&#xD;
&#xD;
2019-09-19 11:40:54 - [TEST_STEP][PASSED] - delay(2): Delayed 2 second(s)&#xD;
&#xD;
2019-09-19 11:40:56 - [MESSAGE][PASSED] - Delayed 2 second(s)&#xD;
&#xD;
2019-09-19 11:40:56 - [TEST_STEP][PASSED] - waitForElementPresent(findTestObject("Regression BackOffice/CLINK-Frames/ClientIntake"), 50): Object 'Object Repository/Regression BackOffice/CLINK-Frames/ClientIntake' is present&#xD;
&#xD;
2019-09-19 11:40:57 - [MESSAGE][PASSED] - Object 'Object Repository/Regression BackOffice/CLINK-Frames/ClientIntake' is present&#xD;
&#xD;
2019-09-19 11:40:57 - [TEST_STEP][PASSED] - verifyElementPresent(findTestObject("Regression BackOffice/CLINK-Frames/ClientIntake"), 100, STOP_ON_FAILURE): Object 'Object Repository/Regression BackOffice/CLINK-Frames/ClientIntake' is present&#xD;
&#xD;
2019-09-19 11:40:57 - [MESSAGE][PASSED] - Object 'Object Repository/Regression BackOffice/CLINK-Frames/ClientIntake' is present&#xD;
&#xD;
2019-09-19 11:40:57 - [TEST_STEP][PASSED] - switchToDefaultContent(): null&#xD;
&#xD;
2019-09-19 11:40:57 - [MESSAGE][PASSED] - Call Test Case 'Test Cases/Regression BackOffice (All Browsers)/CLNK-23439 - Clink - Back office Client' successfully&#xD;
&#xD;
2019-09-19 11:40:57 - [TEST_STEP][PASSED] - waitForPageLoad(60): Wait for page load successfully&#xD;
&#xD;
2019-09-19 11:40:57 - [MESSAGE][PASSED] - Wait for page load successfully&#xD;
&#xD;
2019-09-19 11:40:57 - [TEST_STEP][PASSED] - delay(3): Delayed 3 second(s)&#xD;
&#xD;
2019-09-19 11:41:00 - [MESSAGE][PASSED] - Delayed 3 second(s)&#xD;
&#xD;
2019-09-19 11:41:00 - [TEST_STEP][PASSED] - switchToFrame(findTestObject("Regression BackOffice/CLNK-23449/FrameLeft"), 30): null&#xD;
&#xD;
2019-09-19 11:41:00 - [TEST_STEP][PASSED] - waitForElementPresent(findTestObject("Regression BackOffice/CLNK-23449/ClienIntakeICon"), 100): Object 'Object Repository/Regression BackOffice/CLNK-23449/ClienIntakeICon' is present&#xD;
&#xD;
2019-09-19 11:41:00 - [MESSAGE][PASSED] - Object 'Object Repository/Regression BackOffice/CLNK-23449/ClienIntakeICon' is present&#xD;
&#xD;
2019-09-19 11:41:00 - [TEST_STEP][PASSED] - click(findTestObject("Regression BackOffice/CLNK-23449/ClienIntakeICon")): Object: 'Object Repository/Regression BackOffice/CLNK-23449/ClienIntakeICon' is clicked on&#xD;
&#xD;
2019-09-19 11:41:00 - [MESSAGE][PASSED] - Object: 'Object Repository/Regression BackOffice/CLNK-23449/ClienIntakeICon' is clicked on&#xD;
&#xD;
2019-09-19 11:41:00 - [TEST_STEP][PASSED] - delay(2): Delayed 2 second(s)&#xD;
&#xD;
2019-09-19 11:41:02 - [MESSAGE][PASSED] - Delayed 2 second(s)&#xD;
&#xD;
2019-09-19 11:41:02 - [TEST_STEP][PASSED] - waitForPageLoad(50): Wait for page load successfully&#xD;
&#xD;
2019-09-19 11:41:02 - [MESSAGE][PASSED] - Wait for page load successfully&#xD;
&#xD;
2019-09-19 11:41:02 - [TEST_STEP][PASSED] - waitForElementPresent(findTestObject("Regression BackOffice/CLNK-23449/Quick Intake Wizard Link"), 50): Object 'Object Repository/Regression BackOffice/CLNK-23449/Quick Intake Wizard Link' is present&#xD;
&#xD;
2019-09-19 11:41:02 - [MESSAGE][PASSED] - Object 'Object Repository/Regression BackOffice/CLNK-23449/Quick Intake Wizard Link' is present&#xD;
&#xD;
2019-09-19 11:41:02 - [TEST_STEP][PASSED] - click(findTestObject("Regression BackOffice/CLNK-23449/Quick Intake Wizard Link")): Object: 'Object Repository/Regression BackOffice/CLNK-23449/Quick Intake Wizard Link' is clicked on&#xD;
&#xD;
2019-09-19 11:41:05 - [MESSAGE][PASSED] - Object: 'Object Repository/Regression BackOffice/CLNK-23449/Quick Intake Wizard Link' is clicked on&#xD;
&#xD;
2019-09-19 11:41:05 - [TEST_STEP][PASSED] - delay(2): Delayed 2 second(s)&#xD;
&#xD;
2019-09-19 11:41:07 - [MESSAGE][PASSED] - Delayed 2 second(s)&#xD;
&#xD;
2019-09-19 11:41:07 - [TEST_STEP][PASSED] - switchToDefaultContent(): null&#xD;
&#xD;
2019-09-19 11:41:07 - [TEST_STEP][PASSED] - switchToFrame(findTestObject("Regression BackOffice/CLNK-23449/FrameMain"), 30): null&#xD;
&#xD;
2019-09-19 11:41:07 - [TEST_STEP][PASSED] - waitForElementPresent(findTestObject("Regression BackOffice/CLNK-23449/New Referral Button"), 50): Object 'Object Repository/Regression BackOffice/CLNK-23449/New Referral Button' is present&#xD;
&#xD;
2019-09-19 11:41:07 - [MESSAGE][PASSED] - Object 'Object Repository/Regression BackOffice/CLNK-23449/New Referral Button' is present&#xD;
&#xD;
2019-09-19 11:41:07 - [TEST_STEP][PASSED] - click(findTestObject("Regression BackOffice/CLNK-23449/New Referral Button")): Object: 'Object Repository/Regression BackOffice/CLNK-23449/New Referral Button' is clicked on&#xD;
&#xD;
2019-09-19 11:41:07 - [MESSAGE][PASSED] - Object: 'Object Repository/Regression BackOffice/CLNK-23449/New Referral Button' is clicked on&#xD;
&#xD;
2019-09-19 11:41:07 - [TEST_STEP][PASSED] - waitForPageLoad(50): Wait for page load successfully&#xD;
&#xD;
2019-09-19 11:41:07 - [MESSAGE][PASSED] - Wait for page load successfully&#xD;
&#xD;
2019-09-19 11:41:07 - [TEST_STEP][PASSED] - delay(2): Delayed 2 second(s)&#xD;
&#xD;
2019-09-19 11:41:09 - [MESSAGE][PASSED] - Delayed 2 second(s)&#xD;
&#xD;
2019-09-19 11:41:09 - [TEST_STEP][PASSED] - waitForElementPresent(findTestObject("Regression BackOffice/CLNK-23449/ReferralDate"), 50): Object 'Object Repository/Regression BackOffice/CLNK-23449/ReferralDate' is present&#xD;
&#xD;
2019-09-19 11:41:09 - [MESSAGE][PASSED] - Object 'Object Repository/Regression BackOffice/CLNK-23449/ReferralDate' is present&#xD;
&#xD;
2019-09-19 11:41:09 - [TEST_STEP][PASSED] - setText(findTestObject("Regression BackOffice/CLNK-23449/ReferralDate"), G_Date): Text '07/01/2019' is set on object 'Object Repository/Regression BackOffice/CLNK-23449/ReferralDate'&#xD;
&#xD;
2019-09-19 11:41:10 - [MESSAGE][PASSED] - Text '07/01/2019' is set on object 'Object Repository/Regression BackOffice/CLNK-23449/ReferralDate'&#xD;
&#xD;
2019-09-19 11:41:10 - [TEST_STEP][PASSED] - delay(2): Delayed 2 second(s)&#xD;
&#xD;
2019-09-19 11:41:12 - [MESSAGE][PASSED] - Delayed 2 second(s)&#xD;
&#xD;
2019-09-19 11:41:12 - [TEST_STEP][PASSED] - waitForElementPresent(findTestObject("Regression BackOffice/CLNK-23449/ReferralType"), 50): Object 'Object Repository/Regression BackOffice/CLNK-23449/ReferralType' is present&#xD;
&#xD;
2019-09-19 11:41:12 - [MESSAGE][PASSED] - Object 'Object Repository/Regression BackOffice/CLNK-23449/ReferralType' is present&#xD;
&#xD;
2019-09-19 11:41:12 - [TEST_STEP][PASSED] - focus(findTestObject("Regression BackOffice/CLNK-23449/ReferralType")): Object: 'Object Repository/Regression BackOffice/CLNK-23449/ReferralType' is focused&#xD;
&#xD;
2019-09-19 11:41:12 - [MESSAGE][PASSED] - Object: 'Object Repository/Regression BackOffice/CLNK-23449/ReferralType' is focused&#xD;
&#xD;
2019-09-19 11:41:12 - [TEST_STEP][PASSED] - click(findTestObject("Regression BackOffice/CLNK-23449/ReferralType")): Object: 'Object Repository/Regression BackOffice/CLNK-23449/ReferralType' is clicked on&#xD;
&#xD;
2019-09-19 11:41:12 - [MESSAGE][PASSED] - Object: 'Object Repository/Regression BackOffice/CLNK-23449/ReferralType' is clicked on&#xD;
&#xD;
2019-09-19 11:41:12 - [TEST_STEP][PASSED] - delay(2): Delayed 2 second(s)&#xD;
&#xD;
2019-09-19 11:41:14 - [MESSAGE][PASSED] - Delayed 2 second(s)&#xD;
&#xD;
2019-09-19 11:41:14 - [TEST_STEP][PASSED] - sendKeys(findTestObject("Regression BackOffice/CLNK-23449/ReferralType"), Keys.chord(ARROW_DOWN, ENTER)): Keys 'DOWN + ENTER + ' sent to object: 'Object Repository/Regression BackOffice/CLNK-23449/ReferralType'&#xD;
&#xD;
2019-09-19 11:41:15 - [MESSAGE][PASSED] - Keys 'DOWN + ENTER + ' sent to object: 'Object Repository/Regression BackOffice/CLNK-23449/ReferralType'&#xD;
&#xD;
2019-09-19 11:41:15 - [TEST_STEP][PASSED] - ReferralType = getText(findTestObject("Regression BackOffice/CLNK-23449/ReferralType - Option2")): Text of object 'Object Repository/Regression BackOffice/CLNK-23449/ReferralType - Option2' is: 'Case Manager -Medicaid'&#xD;
&#xD;
2019-09-19 11:41:15 - [MESSAGE][PASSED] - Text of object 'Object Repository/Regression BackOffice/CLNK-23449/ReferralType - Option2' is: 'Case Manager -Medicaid'&#xD;
&#xD;
2019-09-19 11:41:15 - [TEST_STEP][PASSED] - println(ReferralType): null&#xD;
&#xD;
2019-09-19 11:41:15 - [TEST_STEP][PASSED] - delay(3): Delayed 3 second(s)&#xD;
&#xD;
2019-09-19 11:41:18 - [MESSAGE][PASSED] - Delayed 3 second(s)&#xD;
&#xD;
2019-09-19 11:41:18 - [TEST_STEP][PASSED] - waitForElementPresent(findTestObject("Regression BackOffice/CLNK-23449/ReferralSourcePerson"), 50): Object 'Object Repository/Regression BackOffice/CLNK-23449/ReferralSourcePerson' is present&#xD;
&#xD;
2019-09-19 11:41:18 - [MESSAGE][PASSED] - Object 'Object Repository/Regression BackOffice/CLNK-23449/ReferralSourcePerson' is present&#xD;
&#xD;
2019-09-19 11:41:18 - [TEST_STEP][PASSED] - setText(findTestObject("Regression BackOffice/CLNK-23449/ReferralSourcePerson"), G_ReferralSourcePerson): Text 'Lyudmila Kaskov' is set on object 'Object Repository/Regression BackOffice/CLNK-23449/ReferralSourcePerson'&#xD;
&#xD;
2019-09-19 11:41:18 - [MESSAGE][PASSED] - Text 'Lyudmila Kaskov' is set on object 'Object Repository/Regression BackOffice/CLNK-23449/ReferralSourcePerson'&#xD;
&#xD;
2019-09-19 11:41:18 - [TEST_STEP][PASSED] - delay(2): Delayed 2 second(s)&#xD;
&#xD;
2019-09-19 11:41:20 - [MESSAGE][PASSED] - Delayed 2 second(s)&#xD;
&#xD;
2019-09-19 11:41:20 - [TEST_STEP][PASSED] - waitForElementPresent(findTestObject("Regression BackOffice/CLNK-23449/ClientFirstName"), 50): Object 'Object Repository/Regression BackOffice/CLNK-23449/ClientFirstName' is present&#xD;
&#xD;
2019-09-19 11:41:20 - [MESSAGE][PASSED] - Object 'Object Repository/Regression BackOffice/CLNK-23449/ClientFirstName' is present&#xD;
&#xD;
2019-09-19 11:41:20 - [TEST_STEP][PASSED] - setText(findTestObject("Regression BackOffice/CLNK-23449/ClientFirstName"), G_ClientFirstName): Text 'Ernest' is set on object 'Object Repository/Regression BackOffice/CLNK-23449/ClientFirstName'&#xD;
&#xD;
2019-09-19 11:41:21 - [MESSAGE][PASSED] - Text 'Ernest' is set on object 'Object Repository/Regression BackOffice/CLNK-23449/ClientFirstName'&#xD;
&#xD;
2019-09-19 11:41:21 - [TEST_STEP][PASSED] - delay(2): Delayed 2 second(s)&#xD;
&#xD;
2019-09-19 11:41:23 - [MESSAGE][PASSED] - Delayed 2 second(s)&#xD;
&#xD;
2019-09-19 11:41:23 - [TEST_STEP][PASSED] - waitForElementPresent(findTestObject("Regression BackOffice/CLNK-23449/ClientMiddle"), 50): Object 'Object Repository/Regression BackOffice/CLNK-23449/ClientMiddle' is present&#xD;
&#xD;
2019-09-19 11:41:23 - [MESSAGE][PASSED] - Object 'Object Repository/Regression BackOffice/CLNK-23449/ClientMiddle' is present&#xD;
&#xD;
2019-09-19 11:41:23 - [TEST_STEP][PASSED] - setText(findTestObject("Regression BackOffice/CLNK-23449/ClientMiddle"), G_ClientMiddleName): Text 'L' is set on object 'Object Repository/Regression BackOffice/CLNK-23449/ClientMiddle'&#xD;
&#xD;
2019-09-19 11:41:23 - [MESSAGE][PASSED] - Text 'L' is set on object 'Object Repository/Regression BackOffice/CLNK-23449/ClientMiddle'&#xD;
&#xD;
2019-09-19 11:41:23 - [TEST_STEP][PASSED] - delay(2): Delayed 2 second(s)&#xD;
&#xD;
2019-09-19 11:41:25 - [MESSAGE][PASSED] - Delayed 2 second(s)&#xD;
&#xD;
2019-09-19 11:41:25 - [TEST_STEP][PASSED] - waitForElementPresent(findTestObject("Regression BackOffice/CLNK-23449/ClientLastName"), 50): Object 'Object Repository/Regression BackOffice/CLNK-23449/ClientLastName' is present&#xD;
&#xD;
2019-09-19 11:41:25 - [MESSAGE][PASSED] - Object 'Object Repository/Regression BackOffice/CLNK-23449/ClientLastName' is present&#xD;
&#xD;
2019-09-19 11:41:25 - [TEST_STEP][PASSED] - setText(findTestObject("Regression BackOffice/CLNK-23449/ClientLastName"), G_ClientLastName): Text 'Ernesky' is set on object 'Object Repository/Regression BackOffice/CLNK-23449/ClientLastName'&#xD;
&#xD;
2019-09-19 11:41:26 - [MESSAGE][PASSED] - Text 'Ernesky' is set on object 'Object Repository/Regression BackOffice/CLNK-23449/ClientLastName'&#xD;
&#xD;
2019-09-19 11:41:26 - [TEST_STEP][PASSED] - delay(2): Delayed 2 second(s)&#xD;
&#xD;
2019-09-19 11:41:28 - [MESSAGE][PASSED] - Delayed 2 second(s)&#xD;
&#xD;
2019-09-19 11:41:28 - [TEST_STEP][PASSED] - waitForElementPresent(findTestObject("Regression BackOffice/CLNK-23449/FollowUpCallBack"), 50): Object 'Object Repository/Regression BackOffice/CLNK-23449/FollowUpCallBack' is present&#xD;
&#xD;
2019-09-19 11:41:28 - [MESSAGE][PASSED] - Object 'Object Repository/Regression BackOffice/CLNK-23449/FollowUpCallBack' is present&#xD;
&#xD;
2019-09-19 11:41:28 - [TEST_STEP][PASSED] - setText(findTestObject("Regression BackOffice/CLNK-23449/FollowUpCallBack"), "1"): Text '1' is set on object 'Object Repository/Regression BackOffice/CLNK-23449/FollowUpCallBack'&#xD;
&#xD;
2019-09-19 11:41:28 - [MESSAGE][PASSED] - Text '1' is set on object 'Object Repository/Regression BackOffice/CLNK-23449/FollowUpCallBack'&#xD;
&#xD;
2019-09-19 11:41:28 - [TEST_STEP][PASSED] - delay(2): Delayed 2 second(s)&#xD;
&#xD;
2019-09-19 11:41:30 - [MESSAGE][PASSED] - Delayed 2 second(s)&#xD;
&#xD;
2019-09-19 11:41:30 - [TEST_STEP][PASSED] - waitForElementPresent(findTestObject("Regression BackOffice/CLNK-23449/FUCDPlus"), 50): Object 'Object Repository/Regression BackOffice/CLNK-23449/FUCDPlus' is present&#xD;
&#xD;
2019-09-19 11:41:30 - [MESSAGE][PASSED] - Object 'Object Repository/Regression BackOffice/CLNK-23449/FUCDPlus' is present&#xD;
&#xD;
2019-09-19 11:41:30 - [TEST_STEP][PASSED] - click(findTestObject("Regression BackOffice/CLNK-23449/FUCDPlus"), CONTINUE_ON_FAILURE): Object: 'Object Repository/Regression BackOffice/CLNK-23449/FUCDPlus' is clicked on&#xD;
&#xD;
2019-09-19 11:41:30 - [MESSAGE][PASSED] - Object: 'Object Repository/Regression BackOffice/CLNK-23449/FUCDPlus' is clicked on&#xD;
&#xD;
2019-09-19 11:41:30 - [TEST_STEP][PASSED] - delay(2): Delayed 2 second(s)&#xD;
&#xD;
2019-09-19 11:41:32 - [MESSAGE][PASSED] - Delayed 2 second(s)&#xD;
&#xD;
2019-09-19 11:41:32 - [TEST_STEP][PASSED] - CallBack = getText(findTestObject("Regression BackOffice/CLNK-23449/CallBack")): Text of object 'Object Repository/Regression BackOffice/CLNK-23449/CallBack' is: 'Call Back on Tue, 07/02/2019 (1 days)'&#xD;
&#xD;
2019-09-19 11:41:32 - [MESSAGE][PASSED] - Text of object 'Object Repository/Regression BackOffice/CLNK-23449/CallBack' is: 'Call Back on Tue, 07/02/2019 (1 days)'&#xD;
&#xD;
2019-09-19 11:41:32 - [TEST_STEP][PASSED] - println(CallBack): null&#xD;
&#xD;
2019-09-19 11:41:32 - [TEST_STEP][PASSED] - delay(2): Delayed 2 second(s)&#xD;
&#xD;
2019-09-19 11:41:34 - [MESSAGE][PASSED] - Delayed 2 second(s)&#xD;
&#xD;
2019-09-19 11:41:34 - [TEST_STEP][PASSED] - waitForElementPresent(findTestObject("Regression BackOffice/CLNK-23449/PhysicianName"), 50): Object 'Object Repository/Regression BackOffice/CLNK-23449/PhysicianName' is present&#xD;
&#xD;
2019-09-19 11:41:35 - [MESSAGE][PASSED] - Object 'Object Repository/Regression BackOffice/CLNK-23449/PhysicianName' is present&#xD;
&#xD;
2019-09-19 11:41:35 - [TEST_STEP][PASSED] - PhysicianName = "CYNTHIA ABBOTT-JONES": null&#xD;
&#xD;
2019-09-19 11:41:35 - [TEST_STEP][PASSED] - click(findTestObject("Regression BackOffice/CLNK-23449/PhysicianName")): Object: 'Object Repository/Regression BackOffice/CLNK-23449/PhysicianName' is clicked on&#xD;
&#xD;
2019-09-19 11:41:35 - [MESSAGE][PASSED] - Object: 'Object Repository/Regression BackOffice/CLNK-23449/PhysicianName' is clicked on&#xD;
&#xD;
2019-09-19 11:41:35 - [TEST_STEP][PASSED] - delay(2): Delayed 2 second(s)&#xD;
&#xD;
2019-09-19 11:41:37 - [MESSAGE][PASSED] - Delayed 2 second(s)&#xD;
&#xD;
2019-09-19 11:41:37 - [TEST_STEP][PASSED] - setText(findTestObject("Regression BackOffice/CLNK-23449/PhysicianName"), G_PhisicanName): Text 'Abbott' is set on object 'Object Repository/Regression BackOffice/CLNK-23449/PhysicianName'&#xD;
&#xD;
2019-09-19 11:41:37 - [MESSAGE][PASSED] - Text 'Abbott' is set on object 'Object Repository/Regression BackOffice/CLNK-23449/PhysicianName'&#xD;
&#xD;
2019-09-19 11:41:37 - [TEST_STEP][PASSED] - delay(3): Delayed 3 second(s)&#xD;
&#xD;
2019-09-19 11:41:40 - [MESSAGE][PASSED] - Delayed 3 second(s)&#xD;
&#xD;
2019-09-19 11:41:40 - [TEST_STEP][PASSED] - waitForElementPresent(findTestObject("Regression BackOffice/CLNK-23449/li_Black Larry"), 50): Object 'Object Repository/Regression BackOffice/CLNK-23449/li_Black Larry' is present&#xD;
&#xD;
2019-09-19 11:41:40 - [MESSAGE][PASSED] - Object 'Object Repository/Regression BackOffice/CLNK-23449/li_Black Larry' is present&#xD;
&#xD;
2019-09-19 11:41:40 - [TEST_STEP][PASSED] - click(findTestObject("Regression BackOffice/CLNK-23449/li_Black Larry")): Object: 'Object Repository/Regression BackOffice/CLNK-23449/li_Black Larry' is clicked on&#xD;
&#xD;
2019-09-19 11:41:40 - [MESSAGE][PASSED] - Object: 'Object Repository/Regression BackOffice/CLNK-23449/li_Black Larry' is clicked on&#xD;
&#xD;
2019-09-19 11:41:40 - [TEST_STEP][PASSED] - delay(2): Delayed 2 second(s)&#xD;
&#xD;
2019-09-19 11:41:42 - [MESSAGE][PASSED] - Delayed 2 second(s)&#xD;
&#xD;
2019-09-19 11:41:42 - [TEST_STEP][PASSED] - waitForElementPresent(findTestObject("Regression BackOffice/CLNK-23449/SaveButton"), 50): Object 'Object Repository/Regression BackOffice/CLNK-23449/SaveButton' is present&#xD;
&#xD;
2019-09-19 11:41:42 - [MESSAGE][PASSED] - Object 'Object Repository/Regression BackOffice/CLNK-23449/SaveButton' is present&#xD;
&#xD;
2019-09-19 11:41:42 - [TEST_STEP][PASSED] - click(findTestObject("Regression BackOffice/CLNK-23449/SaveButton"), STOP_ON_FAILURE): Object: 'Object Repository/Regression BackOffice/CLNK-23449/SaveButton' is clicked on&#xD;
&#xD;
2019-09-19 11:41:43 - [MESSAGE][PASSED] - Object: 'Object Repository/Regression BackOffice/CLNK-23449/SaveButton' is clicked on&#xD;
&#xD;
2019-09-19 11:41:43 - [TEST_STEP][PASSED] - delay(2): Delayed 2 second(s)&#xD;
&#xD;
2019-09-19 11:41:45 - [MESSAGE][PASSED] - Delayed 2 second(s)&#xD;
&#xD;
2019-09-19 11:41:45 - [TEST_STEP][PASSED] - waitForElementPresent(findTestObject("Regression BackOffice/CLNK-23449/btnNext"), 50): Object 'Object Repository/Regression BackOffice/CLNK-23449/btnNext' is present&#xD;
&#xD;
2019-09-19 11:41:45 - [MESSAGE][PASSED] - Object 'Object Repository/Regression BackOffice/CLNK-23449/btnNext' is present&#xD;
&#xD;
2019-09-19 11:41:45 - [TEST_STEP][PASSED] - click(findTestObject("Regression BackOffice/CLNK-23449/btnNext"), STOP_ON_FAILURE): Object: 'Object Repository/Regression BackOffice/CLNK-23449/btnNext' is clicked on&#xD;
&#xD;
2019-09-19 11:41:45 - [MESSAGE][PASSED] - Object: 'Object Repository/Regression BackOffice/CLNK-23449/btnNext' is clicked on&#xD;
&#xD;
2019-09-19 11:41:45 - [TEST_STEP][PASSED] - delay(2): Delayed 2 second(s)&#xD;
&#xD;
2019-09-19 11:41:47 - [MESSAGE][PASSED] - Delayed 2 second(s)&#xD;
&#xD;
2019-09-19 11:41:47 - [TEST_STEP][PASSED] - DOB = "05/23/1970": null&#xD;
&#xD;
2019-09-19 11:41:47 - [TEST_STEP][PASSED] - Sexo = "M": null&#xD;
&#xD;
2019-09-19 11:41:47 - [TEST_STEP][PASSED] - setText(findTestObject("Regression BackOffice/CLNK-23449/Demographics/DOB"), DOB): Text '05/23/1970' is set on object 'Object Repository/Regression BackOffice/CLNK-23449/Demographics/DOB'&#xD;
&#xD;
2019-09-19 11:41:47 - [MESSAGE][PASSED] - Text '05/23/1970' is set on object 'Object Repository/Regression BackOffice/CLNK-23449/Demographics/DOB'&#xD;
&#xD;
2019-09-19 11:41:47 - [TEST_STEP][PASSED] - delay(3): Delayed 3 second(s)&#xD;
&#xD;
2019-09-19 11:41:50 - [MESSAGE][PASSED] - Delayed 3 second(s)&#xD;
&#xD;
2019-09-19 11:41:50 - [TEST_STEP][PASSED] - SSN1 = "436": null&#xD;
&#xD;
2019-09-19 11:41:50 - [TEST_STEP][PASSED] - setText(findTestObject("Regression BackOffice/CLNK-23449/Demographics/SSN1"), "436120560"): Text '436120560' is set on object 'Object Repository/Regression BackOffice/CLNK-23449/Demographics/SSN1'&#xD;
&#xD;
2019-09-19 11:41:51 - [MESSAGE][PASSED] - Text '436120560' is set on object 'Object Repository/Regression BackOffice/CLNK-23449/Demographics/SSN1'&#xD;
&#xD;
2019-09-19 11:41:51 - [TEST_STEP][PASSED] - delay(3): Delayed 3 second(s)&#xD;
&#xD;
2019-09-19 11:41:54 - [MESSAGE][PASSED] - Delayed 3 second(s)&#xD;
&#xD;
2019-09-19 11:41:54 - [TEST_STEP][PASSED] - MedId = "123456789a": null&#xD;
&#xD;
2019-09-19 11:41:54 - [TEST_STEP][PASSED] - setText(findTestObject("Regression BackOffice/CLNK-23449/Demographics/Medicare ID"), MedId): Text '123456789a' is set on object 'Object Repository/Regression BackOffice/CLNK-23449/Demographics/Medicare ID'&#xD;
&#xD;
2019-09-19 11:41:54 - [MESSAGE][PASSED] - Text '123456789a' is set on object 'Object Repository/Regression BackOffice/CLNK-23449/Demographics/Medicare ID'&#xD;
&#xD;
2019-09-19 11:41:54 - [TEST_STEP][PASSED] - delay(3): Delayed 3 second(s)&#xD;
&#xD;
2019-09-19 11:41:57 - [MESSAGE][PASSED] - Delayed 3 second(s)&#xD;
&#xD;
2019-09-19 11:41:57 - [TEST_STEP][PASSED] - setText(findTestObject("Regression BackOffice/CLNK-23449/Demographics/Address"), "320 Interlocken Parkway"): Text '320 Interlocken Parkway' is set on object 'Object Repository/Regression BackOffice/CLNK-23449/Demographics/Address'&#xD;
&#xD;
2019-09-19 11:41:58 - [MESSAGE][PASSED] - Text '320 Interlocken Parkway' is set on object 'Object Repository/Regression BackOffice/CLNK-23449/Demographics/Address'&#xD;
&#xD;
2019-09-19 11:41:58 - [TEST_STEP][PASSED] - delay(3): Delayed 3 second(s)&#xD;
&#xD;
2019-09-19 11:42:01 - [MESSAGE][PASSED] - Delayed 3 second(s)&#xD;
&#xD;
2019-09-19 11:42:01 - [TEST_STEP][PASSED] - setText(findTestObject("Regression BackOffice/CLNK-23449/Demographics/City"), "Broomfield"): Text 'Broomfield' is set on object 'Object Repository/Regression BackOffice/CLNK-23449/Demographics/City'&#xD;
&#xD;
2019-09-19 11:42:02 - [MESSAGE][PASSED] - Text 'Broomfield' is set on object 'Object Repository/Regression BackOffice/CLNK-23449/Demographics/City'&#xD;
&#xD;
2019-09-19 11:42:02 - [TEST_STEP][PASSED] - delay(3): Delayed 3 second(s)&#xD;
&#xD;
2019-09-19 11:42:05 - [MESSAGE][PASSED] - Delayed 3 second(s)&#xD;
&#xD;
2019-09-19 11:42:05 - [TEST_STEP][PASSED] - setText(findTestObject("Regression BackOffice/CLNK-23449/Demographics/County"), "United States"): Text 'United States' is set on object 'Object Repository/Regression BackOffice/CLNK-23449/Demographics/County'&#xD;
&#xD;
2019-09-19 11:42:05 - [MESSAGE][PASSED] - Text 'United States' is set on object 'Object Repository/Regression BackOffice/CLNK-23449/Demographics/County'&#xD;
&#xD;
2019-09-19 11:42:05 - [TEST_STEP][PASSED] - delay(3): Delayed 3 second(s)&#xD;
&#xD;
2019-09-19 11:42:08 - [MESSAGE][PASSED] - Delayed 3 second(s)&#xD;
&#xD;
2019-09-19 11:42:08 - [TEST_STEP][PASSED] - click(findTestObject("Regression BackOffice/CLNK-23449/Demographics/State"), CONTINUE_ON_FAILURE): Object: 'Object Repository/Regression BackOffice/CLNK-23449/Demographics/State' is clicked on&#xD;
&#xD;
2019-09-19 11:42:08 - [MESSAGE][PASSED] - Object: 'Object Repository/Regression BackOffice/CLNK-23449/Demographics/State' is clicked on&#xD;
&#xD;
2019-09-19 11:42:08 - [TEST_STEP][PASSED] - sendKeys(findTestObject("Regression BackOffice/CLNK-23449/Demographics/State"), Keys.chord(ARROW_DOWN, ARROW_DOWN, ARROW_DOWN, ARROW_DOWN, ARROW_DOWN, ARROW_DOWN, ENTER)): Keys 'DOWN + DOWN + DOWN + DOWN + DOWN + DOWN + ENTER + ' sent to object: 'Object Repository/Regression BackOffice/CLNK-23449/Demographics/State'&#xD;
&#xD;
2019-09-19 11:42:09 - [MESSAGE][PASSED] - Keys 'DOWN + DOWN + DOWN + DOWN + DOWN + DOWN + ENTER + ' sent to object: 'Object Repository/Regression BackOffice/CLNK-23449/Demographics/State'&#xD;
&#xD;
2019-09-19 11:42:09 - [TEST_STEP][PASSED] - delay(3): Delayed 3 second(s)&#xD;
&#xD;
2019-09-19 11:42:12 - [MESSAGE][PASSED] - Delayed 3 second(s)&#xD;
&#xD;
2019-09-19 11:42:12 - [TEST_STEP][PASSED] - click(findTestObject("Regression BackOffice/CLNK-23449/Demographics/btnVerify"), CONTINUE_ON_FAILURE): Object: 'Object Repository/Regression BackOffice/CLNK-23449/Demographics/btnVerify' is clicked on&#xD;
&#xD;
2019-09-19 11:42:12 - [MESSAGE][PASSED] - Object: 'Object Repository/Regression BackOffice/CLNK-23449/Demographics/btnVerify' is clicked on&#xD;
&#xD;
2019-09-19 11:42:12 - [TEST_STEP][PASSED] - delay(3): Delayed 3 second(s)&#xD;
&#xD;
2019-09-19 11:42:15 - [MESSAGE][PASSED] - Delayed 3 second(s)&#xD;
&#xD;
2019-09-19 11:42:15 - [TEST_STEP][PASSED] - click(findTestObject("Regression BackOffice/CLNK-23449/Demographics/btnVerify"), CONTINUE_ON_FAILURE): Object: 'Object Repository/Regression BackOffice/CLNK-23449/Demographics/btnVerify' is clicked on&#xD;
&#xD;
2019-09-19 11:42:15 - [MESSAGE][PASSED] - Object: 'Object Repository/Regression BackOffice/CLNK-23449/Demographics/btnVerify' is clicked on&#xD;
&#xD;
2019-09-19 11:42:15 - [TEST_STEP][PASSED] - delay(3): Delayed 3 second(s)&#xD;
&#xD;
2019-09-19 11:42:18 - [MESSAGE][PASSED] - Delayed 3 second(s)&#xD;
&#xD;
2019-09-19 11:42:18 - [TEST_STEP][PASSED] - click(findTestObject("Regression BackOffice/CLNK-23449/Demographics/UseVerifyAddress"), CONTINUE_ON_FAILURE): Object: 'Object Repository/Regression BackOffice/CLNK-23449/Demographics/UseVerifyAddress' is clicked on&#xD;
&#xD;
2019-09-19 11:42:18 - [MESSAGE][PASSED] - Object: 'Object Repository/Regression BackOffice/CLNK-23449/Demographics/UseVerifyAddress' is clicked on&#xD;
&#xD;
2019-09-19 11:42:18 - [TEST_STEP][PASSED] - delay(3): Delayed 3 second(s)&#xD;
&#xD;
2019-09-19 11:42:21 - [MESSAGE][PASSED] - Delayed 3 second(s)&#xD;
&#xD;
2019-09-19 11:42:21 - [TEST_STEP][PASSED] - click(findTestObject("Regression BackOffice/CLNK-23449/Demographics/PhoneType"), CONTINUE_ON_FAILURE): Object: 'Object Repository/Regression BackOffice/CLNK-23449/Demographics/PhoneType' is clicked on&#xD;
&#xD;
2019-09-19 11:42:21 - [MESSAGE][PASSED] - Object: 'Object Repository/Regression BackOffice/CLNK-23449/Demographics/PhoneType' is clicked on&#xD;
&#xD;
2019-09-19 11:42:21 - [TEST_STEP][PASSED] - sendKeys(findTestObject("Regression BackOffice/CLNK-23449/Demographics/PhoneType"), Keys.chord(ARROW_DOWN, ENTER)): Keys 'DOWN + ENTER + ' sent to object: 'Object Repository/Regression BackOffice/CLNK-23449/Demographics/PhoneType'&#xD;
&#xD;
2019-09-19 11:42:21 - [MESSAGE][PASSED] - Keys 'DOWN + ENTER + ' sent to object: 'Object Repository/Regression BackOffice/CLNK-23449/Demographics/PhoneType'&#xD;
&#xD;
2019-09-19 11:42:21 - [TEST_STEP][PASSED] - CellType = getText(findTestObject("Regression BackOffice/CLNK-23449/Validation/Phone/CellType - Option2")): Text of object 'Object Repository/Regression BackOffice/CLNK-23449/Validation/Phone/CellType - Option2' is: 'Cell'&#xD;
&#xD;
2019-09-19 11:42:22 - [MESSAGE][PASSED] - Text of object 'Object Repository/Regression BackOffice/CLNK-23449/Validation/Phone/CellType - Option2' is: 'Cell'&#xD;
&#xD;
2019-09-19 11:42:22 - [TEST_STEP][PASSED] - println(CellType): null&#xD;
&#xD;
2019-09-19 11:42:22 - [TEST_STEP][PASSED] - delay(3): Delayed 3 second(s)&#xD;
&#xD;
2019-09-19 11:42:25 - [MESSAGE][PASSED] - Delayed 3 second(s)&#xD;
&#xD;
2019-09-19 11:42:25 - [TEST_STEP][PASSED] - setText(findTestObject("Regression BackOffice/CLNK-23449/Demographics/PhoneNumber"), "2345698789"): Text '2345698789' is set on object 'Object Repository/Regression BackOffice/CLNK-23449/Demographics/PhoneNumber'&#xD;
&#xD;
2019-09-19 11:42:25 - [MESSAGE][PASSED] - Text '2345698789' is set on object 'Object Repository/Regression BackOffice/CLNK-23449/Demographics/PhoneNumber'&#xD;
&#xD;
2019-09-19 11:42:25 - [TEST_STEP][PASSED] - delay(3): Delayed 3 second(s)&#xD;
&#xD;
2019-09-19 11:42:28 - [MESSAGE][PASSED] - Delayed 3 second(s)&#xD;
&#xD;
2019-09-19 11:42:28 - [TEST_STEP][PASSED] - click(findTestObject("Regression BackOffice/CLNK-23449/Demographics/Zone"), CONTINUE_ON_FAILURE): Object: 'Object Repository/Regression BackOffice/CLNK-23449/Demographics/Zone' is clicked on&#xD;
&#xD;
2019-09-19 11:42:28 - [MESSAGE][PASSED] - Object: 'Object Repository/Regression BackOffice/CLNK-23449/Demographics/Zone' is clicked on&#xD;
&#xD;
2019-09-19 11:42:28 - [TEST_STEP][PASSED] - sendKeys(findTestObject("Regression BackOffice/CLNK-23449/Demographics/Zone"), Keys.chord(ARROW_DOWN, ARROW_DOWN, ARROW_DOWN, ENTER)): Keys 'DOWN + DOWN + DOWN + ENTER + ' sent to object: 'Object Repository/Regression BackOffice/CLNK-23449/Demographics/Zone'&#xD;
&#xD;
2019-09-19 11:42:28 - [MESSAGE][PASSED] - Keys 'DOWN + DOWN + DOWN + ENTER + ' sent to object: 'Object Repository/Regression BackOffice/CLNK-23449/Demographics/Zone'&#xD;
&#xD;
2019-09-19 11:42:28 - [TEST_STEP][PASSED] - delay(3): Delayed 3 second(s)&#xD;
&#xD;
2019-09-19 11:42:31 - [MESSAGE][PASSED] - Delayed 3 second(s)&#xD;
&#xD;
2019-09-19 11:42:31 - [TEST_STEP][PASSED] - waitForElementPresent(findTestObject("Regression BackOffice/CLNK-23449/Demographics/ContactFName"), 50): Object 'Object Repository/Regression BackOffice/CLNK-23449/Demographics/ContactFName' is present&#xD;
&#xD;
2019-09-19 11:42:32 - [MESSAGE][PASSED] - Object 'Object Repository/Regression BackOffice/CLNK-23449/Demographics/ContactFName' is present&#xD;
&#xD;
2019-09-19 11:42:32 - [TEST_STEP][PASSED] - setText(findTestObject("Regression BackOffice/CLNK-23449/Demographics/ContactFName"), "Scott"): Text 'Scott' is set on object 'Object Repository/Regression BackOffice/CLNK-23449/Demographics/ContactFName'&#xD;
&#xD;
2019-09-19 11:42:32 - [MESSAGE][PASSED] - Text 'Scott' is set on object 'Object Repository/Regression BackOffice/CLNK-23449/Demographics/ContactFName'&#xD;
&#xD;
2019-09-19 11:42:32 - [TEST_STEP][PASSED] - delay(2): Delayed 2 second(s)&#xD;
&#xD;
2019-09-19 11:42:34 - [MESSAGE][PASSED] - Delayed 2 second(s)&#xD;
&#xD;
2019-09-19 11:42:34 - [TEST_STEP][PASSED] - waitForElementPresent(findTestObject("Regression BackOffice/CLNK-23449/Demographics/ContactLName"), 50): Object 'Object Repository/Regression BackOffice/CLNK-23449/Demographics/ContactLName' is present&#xD;
&#xD;
2019-09-19 11:42:34 - [MESSAGE][PASSED] - Object 'Object Repository/Regression BackOffice/CLNK-23449/Demographics/ContactLName' is present&#xD;
&#xD;
2019-09-19 11:42:34 - [TEST_STEP][PASSED] - setText(findTestObject("Regression BackOffice/CLNK-23449/Demographics/ContactLName"), "Ward"): Text 'Ward' is set on object 'Object Repository/Regression BackOffice/CLNK-23449/Demographics/ContactLName'&#xD;
&#xD;
2019-09-19 11:42:34 - [MESSAGE][PASSED] - Text 'Ward' is set on object 'Object Repository/Regression BackOffice/CLNK-23449/Demographics/ContactLName'&#xD;
&#xD;
2019-09-19 11:42:34 - [TEST_STEP][PASSED] - delay(2): Delayed 2 second(s)&#xD;
&#xD;
2019-09-19 11:42:36 - [MESSAGE][PASSED] - Delayed 2 second(s)&#xD;
&#xD;
2019-09-19 11:42:36 - [TEST_STEP][PASSED] - click(findTestObject("Regression BackOffice/CLNK-23449/Demographics/ContactType"), CONTINUE_ON_FAILURE): Object: 'Object Repository/Regression BackOffice/CLNK-23449/Demographics/ContactType' is clicked on&#xD;
&#xD;
2019-09-19 11:42:36 - [MESSAGE][PASSED] - Object: 'Object Repository/Regression BackOffice/CLNK-23449/Demographics/ContactType' is clicked on&#xD;
&#xD;
2019-09-19 11:42:36 - [TEST_STEP][PASSED] - sendKeys(findTestObject("Regression BackOffice/CLNK-23449/Demographics/ContactType"), Keys.chord(ARROW_DOWN, ARROW_DOWN, ARROW_DOWN, ARROW_DOWN, ARROW_DOWN, ARROW_DOWN, ENTER)): Keys 'DOWN + DOWN + DOWN + DOWN + DOWN + DOWN + ENTER + ' sent to object: 'Object Repository/Regression BackOffice/CLNK-23449/Demographics/ContactType'&#xD;
&#xD;
2019-09-19 11:42:37 - [MESSAGE][PASSED] - Keys 'DOWN + DOWN + DOWN + DOWN + DOWN + DOWN + ENTER + ' sent to object: 'Object Repository/Regression BackOffice/CLNK-23449/Demographics/ContactType'&#xD;
&#xD;
2019-09-19 11:42:37 - [TEST_STEP][PASSED] - delay(3): Delayed 3 second(s)&#xD;
&#xD;
2019-09-19 11:42:40 - [MESSAGE][PASSED] - Delayed 3 second(s)&#xD;
&#xD;
2019-09-19 11:42:40 - [TEST_STEP][PASSED] - click(findTestObject("Regression BackOffice/CLNK-23449/Demographics/Relationship"), CONTINUE_ON_FAILURE): Object: 'Object Repository/Regression BackOffice/CLNK-23449/Demographics/Relationship' is clicked on&#xD;
&#xD;
2019-09-19 11:42:40 - [MESSAGE][PASSED] - Object: 'Object Repository/Regression BackOffice/CLNK-23449/Demographics/Relationship' is clicked on&#xD;
&#xD;
2019-09-19 11:42:40 - [TEST_STEP][PASSED] - sendKeys(findTestObject("Regression BackOffice/CLNK-23449/Demographics/Relationship"), Keys.chord(ARROW_DOWN, ARROW_DOWN, ARROW_DOWN, ARROW_DOWN, ARROW_DOWN, ARROW_DOWN, ENTER)): Keys 'DOWN + DOWN + DOWN + DOWN + DOWN + DOWN + ENTER + ' sent to object: 'Object Repository/Regression BackOffice/CLNK-23449/Demographics/Relationship'&#xD;
&#xD;
2019-09-19 11:42:40 - [MESSAGE][PASSED] - Keys 'DOWN + DOWN + DOWN + DOWN + DOWN + DOWN + ENTER + ' sent to object: 'Object Repository/Regression BackOffice/CLNK-23449/Demographics/Relationship'&#xD;
&#xD;
2019-09-19 11:42:40 - [TEST_STEP][PASSED] - delay(3): Delayed 3 second(s)&#xD;
&#xD;
2019-09-19 11:42:43 - [MESSAGE][PASSED] - Delayed 3 second(s)&#xD;
&#xD;
2019-09-19 11:42:43 - [TEST_STEP][PASSED] - click(findTestObject("Regression BackOffice/CLNK-23449/Demographics/PhoneTypeContact"), CONTINUE_ON_FAILURE): Object: 'Object Repository/Regression BackOffice/CLNK-23449/Demographics/PhoneTypeContact' is clicked on&#xD;
&#xD;
2019-09-19 11:42:43 - [MESSAGE][PASSED] - Object: 'Object Repository/Regression BackOffice/CLNK-23449/Demographics/PhoneTypeContact' is clicked on&#xD;
&#xD;
2019-09-19 11:42:43 - [TEST_STEP][PASSED] - sendKeys(findTestObject("Regression BackOffice/CLNK-23449/Demographics/PhoneTypeContact"), Keys.chord(ARROW_DOWN, ENTER)): Keys 'DOWN + ENTER + ' sent to object: 'Object Repository/Regression BackOffice/CLNK-23449/Demographics/PhoneTypeContact'&#xD;
&#xD;
2019-09-19 11:42:43 - [MESSAGE][PASSED] - Keys 'DOWN + ENTER + ' sent to object: 'Object Repository/Regression BackOffice/CLNK-23449/Demographics/PhoneTypeContact'&#xD;
&#xD;
2019-09-19 11:42:43 - [TEST_STEP][PASSED] - delay(3): Delayed 3 second(s)&#xD;
&#xD;
2019-09-19 11:42:46 - [MESSAGE][PASSED] - Delayed 3 second(s)&#xD;
&#xD;
2019-09-19 11:42:46 - [TEST_STEP][PASSED] - setText(findTestObject("Regression BackOffice/CLNK-23449/Demographics/ContactPhone"), "2345698789"): Text '2345698789' is set on object 'Object Repository/Regression BackOffice/CLNK-23449/Demographics/ContactPhone'&#xD;
&#xD;
2019-09-19 11:42:47 - [MESSAGE][PASSED] - Text '2345698789' is set on object 'Object Repository/Regression BackOffice/CLNK-23449/Demographics/ContactPhone'&#xD;
&#xD;
2019-09-19 11:42:47 - [TEST_STEP][PASSED] - delay(3): Delayed 3 second(s)&#xD;
&#xD;
2019-09-19 11:42:50 - [MESSAGE][PASSED] - Delayed 3 second(s)&#xD;
&#xD;
2019-09-19 11:42:50 - [TEST_STEP][PASSED] - click(findTestObject("Regression BackOffice/CLNK-23449/Demographics/EpisodeType"), CONTINUE_ON_FAILURE): Object: 'Object Repository/Regression BackOffice/CLNK-23449/Demographics/EpisodeType' is clicked on&#xD;
&#xD;
2019-09-19 11:42:50 - [MESSAGE][PASSED] - Object: 'Object Repository/Regression BackOffice/CLNK-23449/Demographics/EpisodeType' is clicked on&#xD;
&#xD;
2019-09-19 11:42:50 - [TEST_STEP][PASSED] - sendKeys(findTestObject("Regression BackOffice/CLNK-23449/Demographics/EpisodeType"), Keys.chord(ARROW_DOWN, ARROW_DOWN, ARROW_DOWN, ARROW_DOWN, ARROW_DOWN, ARROW_DOWN, ENTER)): Keys 'DOWN + DOWN + DOWN + DOWN + DOWN + DOWN + ENTER + ' sent to object: 'Object Repository/Regression BackOffice/CLNK-23449/Demographics/EpisodeType'&#xD;
&#xD;
2019-09-19 11:42:50 - [MESSAGE][PASSED] - Keys 'DOWN + DOWN + DOWN + DOWN + DOWN + DOWN + ENTER + ' sent to object: 'Object Repository/Regression BackOffice/CLNK-23449/Demographics/EpisodeType'&#xD;
&#xD;
2019-09-19 11:42:50 - [TEST_STEP][PASSED] - delay(3): Delayed 3 second(s)&#xD;
&#xD;
2019-09-19 11:42:53 - [MESSAGE][PASSED] - Delayed 3 second(s)&#xD;
&#xD;
2019-09-19 11:42:53 - [TEST_STEP][PASSED] - click(findTestObject("Regression BackOffice/CLNK-23449/Demographics/PlaceOfServices"), CONTINUE_ON_FAILURE): Object: 'Object Repository/Regression BackOffice/CLNK-23449/Demographics/PlaceOfServices' is clicked on&#xD;
&#xD;
2019-09-19 11:42:53 - [MESSAGE][PASSED] - Object: 'Object Repository/Regression BackOffice/CLNK-23449/Demographics/PlaceOfServices' is clicked on&#xD;
&#xD;
2019-09-19 11:42:53 - [TEST_STEP][PASSED] - sendKeys(findTestObject("Regression BackOffice/CLNK-23449/Demographics/PlaceOfServices"), Keys.chord(ARROW_DOWN, ARROW_DOWN, ARROW_DOWN, ARROW_DOWN, ARROW_DOWN, ARROW_DOWN, ENTER)): Keys 'DOWN + DOWN + DOWN + DOWN + DOWN + DOWN + ENTER + ' sent to object: 'Object Repository/Regression BackOffice/CLNK-23449/Demographics/PlaceOfServices'&#xD;
&#xD;
2019-09-19 11:42:53 - [MESSAGE][PASSED] - Keys 'DOWN + DOWN + DOWN + DOWN + DOWN + DOWN + ENTER + ' sent to object: 'Object Repository/Regression BackOffice/CLNK-23449/Demographics/PlaceOfServices'&#xD;
&#xD;
2019-09-19 11:42:53 - [TEST_STEP][PASSED] - delay(3): Delayed 3 second(s)&#xD;
&#xD;
2019-09-19 11:42:56 - [MESSAGE][PASSED] - Delayed 3 second(s)&#xD;
&#xD;
2019-09-19 11:42:56 - [TEST_STEP][PASSED] - click(findTestObject("Regression BackOffice/CLNK-23449/Demographics/ClientStatus"), CONTINUE_ON_FAILURE): Object: 'Object Repository/Regression BackOffice/CLNK-23449/Demographics/ClientStatus' is clicked on&#xD;
&#xD;
2019-09-19 11:42:56 - [MESSAGE][PASSED] - Object: 'Object Repository/Regression BackOffice/CLNK-23449/Demographics/ClientStatus' is clicked on&#xD;
&#xD;
2019-09-19 11:42:56 - [TEST_STEP][PASSED] - sendKeys(findTestObject("Regression BackOffice/CLNK-23449/Demographics/ClientStatus"), Keys.chord(ARROW_DOWN, ENTER)): Keys 'DOWN + ENTER + ' sent to object: 'Object Repository/Regression BackOffice/CLNK-23449/Demographics/ClientStatus'&#xD;
&#xD;
2019-09-19 11:42:57 - [MESSAGE][PASSED] - Keys 'DOWN + ENTER + ' sent to object: 'Object Repository/Regression BackOffice/CLNK-23449/Demographics/ClientStatus'&#xD;
&#xD;
2019-09-19 11:42:57 - [TEST_STEP][PASSED] - delay(3): Delayed 3 second(s)&#xD;
&#xD;
2019-09-19 11:43:00 - [MESSAGE][PASSED] - Delayed 3 second(s)&#xD;
&#xD;
2019-09-19 11:43:00 - [TEST_STEP][PASSED] - waitForElementPresent(findTestObject("Regression BackOffice/CLNK-23449/Demographics/btnSaveDemo"), 50): Object 'Object Repository/Regression BackOffice/CLNK-23449/Demographics/btnSaveDemo' is present&#xD;
&#xD;
2019-09-19 11:43:00 - [MESSAGE][PASSED] - Object 'Object Repository/Regression BackOffice/CLNK-23449/Demographics/btnSaveDemo' is present&#xD;
&#xD;
2019-09-19 11:43:00 - [TEST_STEP][PASSED] - click(findTestObject("Regression BackOffice/CLNK-23449/Demographics/btnSaveDemo"), STOP_ON_FAILURE): Object: 'Object Repository/Regression BackOffice/CLNK-23449/Demographics/btnSaveDemo' is clicked on&#xD;
&#xD;
2019-09-19 11:43:00 - [MESSAGE][PASSED] - Object: 'Object Repository/Regression BackOffice/CLNK-23449/Demographics/btnSaveDemo' is clicked on&#xD;
&#xD;
2019-09-19 11:43:00 - [TEST_STEP][PASSED] - delay(5): Delayed 5 second(s)&#xD;
&#xD;
2019-09-19 11:43:05 - [MESSAGE][PASSED] - Delayed 5 second(s)&#xD;
&#xD;
2019-09-19 11:43:05 - [TEST_STEP][PASSED] - waitForElementPresent(findTestObject("Regression BackOffice/CLNK-23449/Demographics/btnNextDemo"), 50): Object 'Object Repository/Regression BackOffice/CLNK-23449/Demographics/btnNextDemo' is present&#xD;
&#xD;
2019-09-19 11:43:05 - [MESSAGE][PASSED] - Object 'Object Repository/Regression BackOffice/CLNK-23449/Demographics/btnNextDemo' is present&#xD;
&#xD;
2019-09-19 11:43:05 - [TEST_STEP][PASSED] - click(findTestObject("Regression BackOffice/CLNK-23449/Demographics/btnNextDemo"), STOP_ON_FAILURE): Object: 'Object Repository/Regression BackOffice/CLNK-23449/Demographics/btnNextDemo' is clicked on&#xD;
&#xD;
2019-09-19 11:43:05 - [MESSAGE][PASSED] - Object: 'Object Repository/Regression BackOffice/CLNK-23449/Demographics/btnNextDemo' is clicked on&#xD;
&#xD;
2019-09-19 11:43:05 - [TEST_STEP][PASSED] - delay(2): Delayed 2 second(s)&#xD;
&#xD;
2019-09-19 11:43:07 - [MESSAGE][PASSED] - Delayed 2 second(s)&#xD;
&#xD;
2019-09-19 11:43:07 - [TEST_STEP][PASSED] - waitForElementPresent(findTestObject("Regression BackOffice/CLINK-23451/PayerList"), 50): Object 'Object Repository/Regression BackOffice/CLINK-23451/PayerList' is present&#xD;
&#xD;
2019-09-19 11:43:07 - [MESSAGE][PASSED] - Object 'Object Repository/Regression BackOffice/CLINK-23451/PayerList' is present&#xD;
&#xD;
2019-09-19 11:43:07 - [TEST_STEP][PASSED] - click(findTestObject("Regression BackOffice/CLINK-23451/PayerList"), STOP_ON_FAILURE): Object: 'Object Repository/Regression BackOffice/CLINK-23451/PayerList' is clicked on&#xD;
&#xD;
2019-09-19 11:43:07 - [MESSAGE][PASSED] - Object: 'Object Repository/Regression BackOffice/CLINK-23451/PayerList' is clicked on&#xD;
&#xD;
2019-09-19 11:43:07 - [TEST_STEP][PASSED] - sendKeys(findTestObject("Regression BackOffice/CLINK-23451/PayerList"), Keys.chord(ARROW_DOWN, ENTER)): Keys 'DOWN + ENTER + ' sent to object: 'Object Repository/Regression BackOffice/CLINK-23451/PayerList'&#xD;
&#xD;
2019-09-19 11:43:08 - [MESSAGE][PASSED] - Keys 'DOWN + ENTER + ' sent to object: 'Object Repository/Regression BackOffice/CLINK-23451/PayerList'&#xD;
&#xD;
2019-09-19 11:43:08 - [TEST_STEP][PASSED] - delay(2): Delayed 2 second(s)&#xD;
&#xD;
2019-09-19 11:43:10 - [MESSAGE][PASSED] - Delayed 2 second(s)&#xD;
&#xD;
2019-09-19 11:43:10 - [TEST_STEP][PASSED] - waitForElementPresent(findTestObject("Regression BackOffice/CLINK-23451/PlanList"), 50): Object 'Object Repository/Regression BackOffice/CLINK-23451/PlanList' is present&#xD;
&#xD;
2019-09-19 11:43:10 - [MESSAGE][PASSED] - Object 'Object Repository/Regression BackOffice/CLINK-23451/PlanList' is present&#xD;
&#xD;
2019-09-19 11:43:10 - [TEST_STEP][PASSED] - click(findTestObject("Regression BackOffice/CLINK-23451/PlanList"), STOP_ON_FAILURE): Object: 'Object Repository/Regression BackOffice/CLINK-23451/PlanList' is clicked on&#xD;
&#xD;
2019-09-19 11:43:10 - [MESSAGE][PASSED] - Object: 'Object Repository/Regression BackOffice/CLINK-23451/PlanList' is clicked on&#xD;
&#xD;
2019-09-19 11:43:10 - [TEST_STEP][PASSED] - sendKeys(findTestObject("Regression BackOffice/CLINK-23451/PlanList"), Keys.chord(ARROW_DOWN, ENTER)): Keys 'DOWN + ENTER + ' sent to object: 'Object Repository/Regression BackOffice/CLINK-23451/PlanList'&#xD;
&#xD;
2019-09-19 11:43:10 - [MESSAGE][PASSED] - Keys 'DOWN + ENTER + ' sent to object: 'Object Repository/Regression BackOffice/CLINK-23451/PlanList'&#xD;
&#xD;
2019-09-19 11:43:10 - [TEST_STEP][PASSED] - delay(2): Delayed 2 second(s)&#xD;
&#xD;
2019-09-19 11:43:12 - [MESSAGE][PASSED] - Delayed 2 second(s)&#xD;
&#xD;
2019-09-19 11:43:12 - [TEST_STEP][PASSED] - waitForElementPresent(findTestObject("Regression BackOffice/CLINK-23451/GroupList"), 50): Object 'Object Repository/Regression BackOffice/CLINK-23451/GroupList' is present&#xD;
&#xD;
2019-09-19 11:43:12 - [MESSAGE][PASSED] - Object 'Object Repository/Regression BackOffice/CLINK-23451/GroupList' is present&#xD;
&#xD;
2019-09-19 11:43:12 - [TEST_STEP][PASSED] - click(findTestObject("Regression BackOffice/CLINK-23451/GroupList"), STOP_ON_FAILURE): Object: 'Object Repository/Regression BackOffice/CLINK-23451/GroupList' is clicked on&#xD;
&#xD;
2019-09-19 11:43:12 - [MESSAGE][PASSED] - Object: 'Object Repository/Regression BackOffice/CLINK-23451/GroupList' is clicked on&#xD;
&#xD;
2019-09-19 11:43:12 - [TEST_STEP][PASSED] - sendKeys(findTestObject("Regression BackOffice/CLINK-23451/GroupList"), Keys.chord(ARROW_DOWN, ENTER)): Keys 'DOWN + ENTER + ' sent to object: 'Object Repository/Regression BackOffice/CLINK-23451/GroupList'&#xD;
&#xD;
2019-09-19 11:43:12 - [MESSAGE][PASSED] - Keys 'DOWN + ENTER + ' sent to object: 'Object Repository/Regression BackOffice/CLINK-23451/GroupList'&#xD;
&#xD;
2019-09-19 11:43:12 - [TEST_STEP][PASSED] - delay(2): Delayed 2 second(s)&#xD;
&#xD;
2019-09-19 11:43:14 - [MESSAGE][PASSED] - Delayed 2 second(s)&#xD;
&#xD;
2019-09-19 11:43:14 - [TEST_STEP][PASSED] - waitForElementPresent(findTestObject("Regression BackOffice/CLINK-23451/MedicareAdminList"), 50): Object 'Object Repository/Regression BackOffice/CLINK-23451/MedicareAdminList' is present&#xD;
&#xD;
2019-09-19 11:43:14 - [MESSAGE][PASSED] - Object 'Object Repository/Regression BackOffice/CLINK-23451/MedicareAdminList' is present&#xD;
&#xD;
2019-09-19 11:43:14 - [TEST_STEP][PASSED] - click(findTestObject("Regression BackOffice/CLINK-23451/MedicareAdminList"), STOP_ON_FAILURE): Object: 'Object Repository/Regression BackOffice/CLINK-23451/MedicareAdminList' is clicked on&#xD;
&#xD;
2019-09-19 11:43:15 - [MESSAGE][PASSED] - Object: 'Object Repository/Regression BackOffice/CLINK-23451/MedicareAdminList' is clicked on&#xD;
&#xD;
2019-09-19 11:43:15 - [TEST_STEP][PASSED] - sendKeys(findTestObject("Regression BackOffice/CLINK-23451/MedicareAdminList"), Keys.chord(ARROW_DOWN, ARROW_DOWN, ARROW_DOWN, ENTER)): Keys 'DOWN + DOWN + DOWN + ENTER + ' sent to object: 'Object Repository/Regression BackOffice/CLINK-23451/MedicareAdminList'&#xD;
&#xD;
2019-09-19 11:43:15 - [MESSAGE][PASSED] - Keys 'DOWN + DOWN + DOWN + ENTER + ' sent to object: 'Object Repository/Regression BackOffice/CLINK-23451/MedicareAdminList'&#xD;
&#xD;
2019-09-19 11:43:15 - [TEST_STEP][PASSED] - delay(2): Delayed 2 second(s)&#xD;
&#xD;
2019-09-19 11:43:17 - [MESSAGE][PASSED] - Delayed 2 second(s)&#xD;
&#xD;
2019-09-19 11:43:17 - [TEST_STEP][PASSED] - waitForElementPresent(findTestObject("Regression BackOffice/CLINK-23451/btnSavePayer"), 50): Object 'Object Repository/Regression BackOffice/CLINK-23451/btnSavePayer' is present&#xD;
&#xD;
2019-09-19 11:43:17 - [MESSAGE][PASSED] - Object 'Object Repository/Regression BackOffice/CLINK-23451/btnSavePayer' is present&#xD;
&#xD;
2019-09-19 11:43:17 - [TEST_STEP][PASSED] - click(findTestObject("Regression BackOffice/CLINK-23451/btnSavePayer"), STOP_ON_FAILURE): Object: 'Object Repository/Regression BackOffice/CLINK-23451/btnSavePayer' is clicked on&#xD;
&#xD;
2019-09-19 11:43:17 - [MESSAGE][PASSED] - Object: 'Object Repository/Regression BackOffice/CLINK-23451/btnSavePayer' is clicked on&#xD;
&#xD;
2019-09-19 11:43:17 - [TEST_STEP][PASSED] - delay(2): Delayed 2 second(s)&#xD;
&#xD;
2019-09-19 11:43:19 - [MESSAGE][PASSED] - Delayed 2 second(s)&#xD;
&#xD;
2019-09-19 11:43:19 - [TEST_STEP][PASSED] - waitForElementPresent(findTestObject("Regression BackOffice/CLNK-23449/btnNextPayer"), 50): Object 'Object Repository/Regression BackOffice/CLNK-23449/btnNextPayer' is present&#xD;
&#xD;
2019-09-19 11:43:19 - [MESSAGE][PASSED] - Object 'Object Repository/Regression BackOffice/CLNK-23449/btnNextPayer' is present&#xD;
&#xD;
2019-09-19 11:43:19 - [TEST_STEP][PASSED] - click(findTestObject("Regression BackOffice/CLNK-23449/btnNextPayer"), STOP_ON_FAILURE): Object: 'Object Repository/Regression BackOffice/CLNK-23449/btnNextPayer' is clicked on&#xD;
&#xD;
2019-09-19 11:43:19 - [MESSAGE][PASSED] - Object: 'Object Repository/Regression BackOffice/CLNK-23449/btnNextPayer' is clicked on&#xD;
&#xD;
2019-09-19 11:43:19 - [TEST_STEP][PASSED] - delay(2): Delayed 2 second(s)&#xD;
&#xD;
2019-09-19 11:43:21 - [MESSAGE][PASSED] - Delayed 2 second(s)&#xD;
&#xD;
2019-09-19 11:43:21 - [TEST_STEP][PASSED] - waitForElementPresent(findTestObject("Regression BackOffice/CLNK-23449/Reporting Groups"), 50): Object 'Object Repository/Regression BackOffice/CLNK-23449/Reporting Groups' is present&#xD;
&#xD;
2019-09-19 11:43:21 - [MESSAGE][PASSED] - Object 'Object Repository/Regression BackOffice/CLNK-23449/Reporting Groups' is present&#xD;
&#xD;
2019-09-19 11:43:21 - [TEST_STEP][PASSED] - click(findTestObject("Regression BackOffice/CLNK-23449/Reporting Groups"), STOP_ON_FAILURE): Object: 'Object Repository/Regression BackOffice/CLNK-23449/Reporting Groups' is clicked on&#xD;
&#xD;
2019-09-19 11:43:22 - [MESSAGE][PASSED] - Object: 'Object Repository/Regression BackOffice/CLNK-23449/Reporting Groups' is clicked on&#xD;
&#xD;
2019-09-19 11:43:22 - [TEST_STEP][PASSED] - delay(2): Delayed 2 second(s)&#xD;
&#xD;
2019-09-19 11:43:24 - [MESSAGE][PASSED] - Delayed 2 second(s)&#xD;
&#xD;
2019-09-19 11:43:24 - [TEST_STEP][PASSED] - waitForElementPresent(findTestObject("Regression BackOffice/CLNK-23449/btnSaveServices"), 50): Object 'Object Repository/Regression BackOffice/CLNK-23449/btnSaveServices' is present&#xD;
&#xD;
2019-09-19 11:43:24 - [MESSAGE][PASSED] - Object 'Object Repository/Regression BackOffice/CLNK-23449/btnSaveServices' is present&#xD;
&#xD;
2019-09-19 11:43:24 - [TEST_STEP][PASSED] - click(findTestObject("Regression BackOffice/CLNK-23449/btnSaveServices"), STOP_ON_FAILURE): Object: 'Object Repository/Regression BackOffice/CLNK-23449/btnSaveServices' is clicked on&#xD;
&#xD;
2019-09-19 11:43:24 - [MESSAGE][PASSED] - Object: 'Object Repository/Regression BackOffice/CLNK-23449/btnSaveServices' is clicked on&#xD;
&#xD;
2019-09-19 11:43:24 - [TEST_STEP][PASSED] - delay(2): Delayed 2 second(s)&#xD;
&#xD;
2019-09-19 11:43:26 - [MESSAGE][PASSED] - Delayed 2 second(s)&#xD;
&#xD;
2019-09-19 11:43:26 - [TEST_STEP][PASSED] - waitForElementPresent(findTestObject("Regression BackOffice/CLNK-23449/btnNextServices"), 50): Object 'Object Repository/Regression BackOffice/CLNK-23449/btnNextServices' is present&#xD;
&#xD;
2019-09-19 11:43:26 - [MESSAGE][PASSED] - Object 'Object Repository/Regression BackOffice/CLNK-23449/btnNextServices' is present&#xD;
&#xD;
2019-09-19 11:43:26 - [TEST_STEP][PASSED] - click(findTestObject("Regression BackOffice/CLNK-23449/btnNextServices"), STOP_ON_FAILURE): Object: 'Object Repository/Regression BackOffice/CLNK-23449/btnNextServices' is clicked on&#xD;
&#xD;
2019-09-19 11:43:26 - [MESSAGE][PASSED] - Object: 'Object Repository/Regression BackOffice/CLNK-23449/btnNextServices' is clicked on&#xD;
&#xD;
2019-09-19 11:43:26 - [TEST_STEP][PASSED] - delay(2): Delayed 2 second(s)&#xD;
&#xD;
2019-09-19 11:43:28 - [MESSAGE][PASSED] - Delayed 2 second(s)&#xD;
&#xD;
2019-09-19 11:43:28 - [TEST_STEP][PASSED] - setText(findTestObject("Regression BackOffice/CLNK-23449/Admit/SOCDate"), G_Date): Text '07/01/2019' is set on object 'Object Repository/Regression BackOffice/CLNK-23449/Admit/SOCDate'&#xD;
&#xD;
2019-09-19 11:43:28 - [MESSAGE][PASSED] - Text '07/01/2019' is set on object 'Object Repository/Regression BackOffice/CLNK-23449/Admit/SOCDate'&#xD;
&#xD;
2019-09-19 11:43:28 - [TEST_STEP][PASSED] - delay(4): Delayed 4 second(s)&#xD;
&#xD;
2019-09-19 11:43:32 - [MESSAGE][PASSED] - Delayed 4 second(s)&#xD;
&#xD;
2019-09-19 11:43:32 - [TEST_STEP][PASSED] - waitForElementPresent(findTestObject("Regression BackOffice/CLNK-23449/Admit/DisasterCode"), 50): Object 'Object Repository/Regression BackOffice/CLNK-23449/Admit/DisasterCode' is present&#xD;
&#xD;
2019-09-19 11:43:33 - [MESSAGE][PASSED] - Object 'Object Repository/Regression BackOffice/CLNK-23449/Admit/DisasterCode' is present&#xD;
&#xD;
2019-09-19 11:43:33 - [TEST_STEP][PASSED] - click(findTestObject("Regression BackOffice/CLNK-23449/Admit/DisasterCode"), STOP_ON_FAILURE): Object: 'Object Repository/Regression BackOffice/CLNK-23449/Admit/DisasterCode' is clicked on&#xD;
&#xD;
2019-09-19 11:43:33 - [MESSAGE][PASSED] - Object: 'Object Repository/Regression BackOffice/CLNK-23449/Admit/DisasterCode' is clicked on&#xD;
&#xD;
2019-09-19 11:43:33 - [TEST_STEP][PASSED] - sendKeys(findTestObject("Regression BackOffice/CLNK-23449/Admit/DisasterCode"), Keys.chord(ARROW_DOWN, ENTER)): Keys 'DOWN + ENTER + ' sent to object: 'Object Repository/Regression BackOffice/CLNK-23449/Admit/DisasterCode'&#xD;
&#xD;
2019-09-19 11:43:33 - [MESSAGE][PASSED] - Keys 'DOWN + ENTER + ' sent to object: 'Object Repository/Regression BackOffice/CLNK-23449/Admit/DisasterCode'&#xD;
&#xD;
2019-09-19 11:43:33 - [TEST_STEP][PASSED] - delay(2): Delayed 2 second(s)&#xD;
&#xD;
2019-09-19 11:43:35 - [MESSAGE][PASSED] - Delayed 2 second(s)&#xD;
&#xD;
2019-09-19 11:43:35 - [TEST_STEP][PASSED] - waitForElementPresent(findTestObject("Regression BackOffice/CLNK-23449/Admit/ClasificationLevel"), 50): Object 'Object Repository/Regression BackOffice/CLNK-23449/Admit/ClasificationLevel' is present&#xD;
&#xD;
2019-09-19 11:43:35 - [MESSAGE][PASSED] - Object 'Object Repository/Regression BackOffice/CLNK-23449/Admit/ClasificationLevel' is present&#xD;
&#xD;
2019-09-19 11:43:35 - [TEST_STEP][PASSED] - click(findTestObject("Regression BackOffice/CLNK-23449/Admit/ClasificationLevel"), STOP_ON_FAILURE): Object: 'Object Repository/Regression BackOffice/CLNK-23449/Admit/ClasificationLevel' is clicked on&#xD;
&#xD;
2019-09-19 11:43:35 - [MESSAGE][PASSED] - Object: 'Object Repository/Regression BackOffice/CLNK-23449/Admit/ClasificationLevel' is clicked on&#xD;
&#xD;
2019-09-19 11:43:35 - [TEST_STEP][PASSED] - sendKeys(findTestObject("Regression BackOffice/CLNK-23449/Admit/ClasificationLevel"), Keys.chord(ARROW_DOWN, ENTER)): Keys 'DOWN + ENTER + ' sent to object: 'Object Repository/Regression BackOffice/CLNK-23449/Admit/ClasificationLevel'&#xD;
&#xD;
2019-09-19 11:43:35 - [MESSAGE][PASSED] - Keys 'DOWN + ENTER + ' sent to object: 'Object Repository/Regression BackOffice/CLNK-23449/Admit/ClasificationLevel'&#xD;
&#xD;
2019-09-19 11:43:35 - [TEST_STEP][PASSED] - delay(2): Delayed 2 second(s)&#xD;
&#xD;
2019-09-19 11:43:37 - [MESSAGE][PASSED] - Delayed 2 second(s)&#xD;
&#xD;
2019-09-19 11:43:37 - [TEST_STEP][PASSED] - waitForElementPresent(findTestObject("Regression BackOffice/CLNK-23449/Admit/HIPAA"), 50): Object 'Object Repository/Regression BackOffice/CLNK-23449/Admit/HIPAA' is present&#xD;
&#xD;
2019-09-19 11:43:37 - [MESSAGE][PASSED] - Object 'Object Repository/Regression BackOffice/CLNK-23449/Admit/HIPAA' is present&#xD;
&#xD;
2019-09-19 11:43:37 - [TEST_STEP][PASSED] - click(findTestObject("Regression BackOffice/CLNK-23449/Admit/HIPAA"), STOP_ON_FAILURE): Object: 'Object Repository/Regression BackOffice/CLNK-23449/Admit/HIPAA' is clicked on&#xD;
&#xD;
2019-09-19 11:43:38 - [MESSAGE][PASSED] - Object: 'Object Repository/Regression BackOffice/CLNK-23449/Admit/HIPAA' is clicked on&#xD;
&#xD;
2019-09-19 11:43:38 - [TEST_STEP][PASSED] - sendKeys(findTestObject("Regression BackOffice/CLNK-23449/Admit/HIPAA"), Keys.chord(ARROW_DOWN, ENTER)): Keys 'DOWN + ENTER + ' sent to object: 'Object Repository/Regression BackOffice/CLNK-23449/Admit/HIPAA'&#xD;
&#xD;
2019-09-19 11:43:38 - [MESSAGE][PASSED] - Keys 'DOWN + ENTER + ' sent to object: 'Object Repository/Regression BackOffice/CLNK-23449/Admit/HIPAA'&#xD;
&#xD;
2019-09-19 11:43:38 - [TEST_STEP][PASSED] - delay(2): Delayed 2 second(s)&#xD;
&#xD;
2019-09-19 11:43:40 - [MESSAGE][PASSED] - Delayed 2 second(s)&#xD;
&#xD;
2019-09-19 11:43:40 - [TEST_STEP][PASSED] - waitForElementPresent(findTestObject("Regression BackOffice/CLNK-23449/Admit/QCode"), 50): Object 'Object Repository/Regression BackOffice/CLNK-23449/Admit/QCode' is present&#xD;
&#xD;
2019-09-19 11:43:40 - [MESSAGE][PASSED] - Object 'Object Repository/Regression BackOffice/CLNK-23449/Admit/QCode' is present&#xD;
&#xD;
2019-09-19 11:43:40 - [TEST_STEP][PASSED] - click(findTestObject("Regression BackOffice/CLNK-23449/Admit/QCode"), STOP_ON_FAILURE): Object: 'Object Repository/Regression BackOffice/CLNK-23449/Admit/QCode' is clicked on&#xD;
&#xD;
2019-09-19 11:43:40 - [MESSAGE][PASSED] - Object: 'Object Repository/Regression BackOffice/CLNK-23449/Admit/QCode' is clicked on&#xD;
&#xD;
2019-09-19 11:43:40 - [TEST_STEP][PASSED] - sendKeys(findTestObject("Regression BackOffice/CLNK-23449/Admit/QCode"), Keys.chord(ARROW_DOWN, ENTER)): Keys 'DOWN + ENTER + ' sent to object: 'Object Repository/Regression BackOffice/CLNK-23449/Admit/QCode'&#xD;
&#xD;
2019-09-19 11:43:40 - [MESSAGE][PASSED] - Keys 'DOWN + ENTER + ' sent to object: 'Object Repository/Regression BackOffice/CLNK-23449/Admit/QCode'&#xD;
&#xD;
2019-09-19 11:43:40 - [TEST_STEP][PASSED] - delay(2): Delayed 2 second(s)&#xD;
&#xD;
2019-09-19 11:43:42 - [MESSAGE][PASSED] - Delayed 2 second(s)&#xD;
&#xD;
2019-09-19 11:43:42 - [TEST_STEP][PASSED] - setText(findTestObject("Regression BackOffice/CLNK-23449/Admit/Effective Begin Date"), G_Date): Text '07/01/2019' is set on object 'Object Repository/Regression BackOffice/CLNK-23449/Admit/Effective Begin Date'&#xD;
&#xD;
2019-09-19 11:43:43 - [MESSAGE][PASSED] - Text '07/01/2019' is set on object 'Object Repository/Regression BackOffice/CLNK-23449/Admit/Effective Begin Date'&#xD;
&#xD;
2019-09-19 11:43:43 - [TEST_STEP][PASSED] - delay(4): Delayed 4 second(s)&#xD;
&#xD;
2019-09-19 11:43:47 - [MESSAGE][PASSED] - Delayed 4 second(s)&#xD;
&#xD;
2019-09-19 11:43:47 - [TEST_STEP][PASSED] - waitForElementPresent(findTestObject("Regression BackOffice/CLNK-23449/Admit/Admission Rules_chkNoPOC"), 50): Object 'Object Repository/Regression BackOffice/CLNK-23449/Admit/Admission Rules_chkNoPOC' is present&#xD;
&#xD;
2019-09-19 11:43:47 - [MESSAGE][PASSED] - Object 'Object Repository/Regression BackOffice/CLNK-23449/Admit/Admission Rules_chkNoPOC' is present&#xD;
&#xD;
2019-09-19 11:43:47 - [TEST_STEP][PASSED] - click(findTestObject("Regression BackOffice/CLNK-23449/Admit/Admission Rules_chkNoPOC"), STOP_ON_FAILURE): Object: 'Object Repository/Regression BackOffice/CLNK-23449/Admit/Admission Rules_chkNoPOC' is clicked on&#xD;
&#xD;
2019-09-19 11:43:47 - [MESSAGE][PASSED] - Object: 'Object Repository/Regression BackOffice/CLNK-23449/Admit/Admission Rules_chkNoPOC' is clicked on&#xD;
&#xD;
2019-09-19 11:43:47 - [TEST_STEP][PASSED] - delay(3, CONTINUE_ON_FAILURE): Delayed 3 second(s)&#xD;
&#xD;
2019-09-19 11:43:50 - [MESSAGE][PASSED] - Delayed 3 second(s)&#xD;
&#xD;
2019-09-19 11:43:50 - [TEST_STEP][PASSED] - waitForElementPresent(findTestObject("Regression BackOffice/CLNK-23449/Admit/btnSaveAdmit"), 50): Object 'Object Repository/Regression BackOffice/CLNK-23449/Admit/btnSaveAdmit' is present&#xD;
&#xD;
2019-09-19 11:43:50 - [MESSAGE][PASSED] - Object 'Object Repository/Regression BackOffice/CLNK-23449/Admit/btnSaveAdmit' is present&#xD;
&#xD;
2019-09-19 11:43:50 - [TEST_STEP][PASSED] - click(findTestObject("Regression BackOffice/CLNK-23449/Admit/btnSaveAdmit"), STOP_ON_FAILURE): Object: 'Object Repository/Regression BackOffice/CLNK-23449/Admit/btnSaveAdmit' is clicked on&#xD;
&#xD;
2019-09-19 11:43:50 - [MESSAGE][PASSED] - Object: 'Object Repository/Regression BackOffice/CLNK-23449/Admit/btnSaveAdmit' is clicked on&#xD;
&#xD;
2019-09-19 11:43:50 - [TEST_STEP][PASSED] - delay(2): Delayed 2 second(s)&#xD;
&#xD;
2019-09-19 11:43:52 - [MESSAGE][PASSED] - Delayed 2 second(s)&#xD;
&#xD;
2019-09-19 11:43:52 - [TEST_STEP][PASSED] - waitForElementPresent(findTestObject("Regression BackOffice/CLNK-23449/Admit/btnAdmit"), 50): Object 'Object Repository/Regression BackOffice/CLNK-23449/Admit/btnAdmit' is present&#xD;
&#xD;
2019-09-19 11:43:52 - [MESSAGE][PASSED] - Object 'Object Repository/Regression BackOffice/CLNK-23449/Admit/btnAdmit' is present&#xD;
&#xD;
2019-09-19 11:43:52 - [TEST_STEP][PASSED] - click(findTestObject("Regression BackOffice/CLNK-23449/Admit/btnAdmit"), STOP_ON_FAILURE): Object: 'Object Repository/Regression BackOffice/CLNK-23449/Admit/btnAdmit' is clicked on&#xD;
&#xD;
2019-09-19 11:43:52 - [MESSAGE][PASSED] - Object: 'Object Repository/Regression BackOffice/CLNK-23449/Admit/btnAdmit' is clicked on&#xD;
&#xD;
2019-09-19 11:43:52 - [TEST_STEP][PASSED] - delay(2): Delayed 2 second(s)&#xD;
&#xD;
2019-09-19 11:43:54 - [MESSAGE][PASSED] - Delayed 2 second(s)&#xD;
&#xD;
2019-09-19 11:43:54 - [TEST_STEP][PASSED] - switchToDefaultContent(): null&#xD;
&#xD;
2019-09-19 11:43:54 - [TEST_STEP][PASSED] - switchToFrame(findTestObject("Regression BackOffice/CLNK-23449/FrameLeft"), 30): null&#xD;
&#xD;
2019-09-19 11:43:54 - [TEST_STEP][PASSED] - waitForElementPresent(findTestObject("Regression BackOffice/CLNK-23449/Validation/Dots"), 100): Object 'Object Repository/Regression BackOffice/CLNK-23449/Validation/Dots' is present&#xD;
&#xD;
2019-09-19 11:43:54 - [MESSAGE][PASSED] - Object 'Object Repository/Regression BackOffice/CLNK-23449/Validation/Dots' is present&#xD;
&#xD;
2019-09-19 11:43:54 - [TEST_STEP][PASSED] - click(findTestObject("Regression BackOffice/CLNK-23449/Validation/Dots")): Object: 'Object Repository/Regression BackOffice/CLNK-23449/Validation/Dots' is clicked on&#xD;
&#xD;
2019-09-19 11:43:55 - [MESSAGE][PASSED] - Object: 'Object Repository/Regression BackOffice/CLNK-23449/Validation/Dots' is clicked on&#xD;
&#xD;
2019-09-19 11:43:55 - [TEST_STEP][PASSED] - delay(2): Delayed 2 second(s)&#xD;
&#xD;
2019-09-19 11:43:57 - [MESSAGE][PASSED] - Delayed 2 second(s)&#xD;
&#xD;
2019-09-19 11:43:57 - [TEST_STEP][PASSED] - waitForPageLoad(50): Wait for page load successfully&#xD;
&#xD;
2019-09-19 11:43:57 - [MESSAGE][PASSED] - Wait for page load successfully&#xD;
&#xD;
2019-09-19 11:43:57 - [TEST_STEP][PASSED] - waitForElementPresent(findTestObject("Regression BackOffice/CLNK-23449/Validation/Client Inquiry DataLink"), 50): Object 'Object Repository/Regression BackOffice/CLNK-23449/Validation/Client Inquiry DataLink' is present&#xD;
&#xD;
2019-09-19 11:43:57 - [MESSAGE][PASSED] - Object 'Object Repository/Regression BackOffice/CLNK-23449/Validation/Client Inquiry DataLink' is present&#xD;
&#xD;
2019-09-19 11:43:57 - [TEST_STEP][PASSED] - click(findTestObject("Regression BackOffice/CLNK-23449/Validation/Client Inquiry DataLink")): Object: 'Object Repository/Regression BackOffice/CLNK-23449/Validation/Client Inquiry DataLink' is clicked on&#xD;
&#xD;
2019-09-19 11:44:07 - [MESSAGE][PASSED] - Object: 'Object Repository/Regression BackOffice/CLNK-23449/Validation/Client Inquiry DataLink' is clicked on&#xD;
&#xD;
2019-09-19 11:44:07 - [TEST_STEP][PASSED] - delay(2): Delayed 2 second(s)&#xD;
&#xD;
2019-09-19 11:44:09 - [MESSAGE][PASSED] - Delayed 2 second(s)&#xD;
&#xD;
2019-09-19 11:44:09 - [TEST_STEP][PASSED] - switchToDefaultContent(): null&#xD;
&#xD;
2019-09-19 11:44:09 - [TEST_STEP][PASSED] - switchToFrame(findTestObject("Regression BackOffice/CLNK-23449/FrameMain"), 30): null&#xD;
&#xD;
2019-09-19 11:44:09 - [TEST_STEP][PASSED] - waitForPageLoad(50): Wait for page load successfully&#xD;
&#xD;
2019-09-19 11:44:09 - [MESSAGE][PASSED] - Wait for page load successfully&#xD;
&#xD;
2019-09-19 11:44:09 - [TEST_STEP][PASSED] - waitForElementPresent(findTestObject("Regression BackOffice/CLNK-23449/Validation/SearchClient"), 50): Object 'Object Repository/Regression BackOffice/CLNK-23449/Validation/SearchClient' is present&#xD;
&#xD;
2019-09-19 11:44:09 - [MESSAGE][PASSED] - Object 'Object Repository/Regression BackOffice/CLNK-23449/Validation/SearchClient' is present&#xD;
&#xD;
2019-09-19 11:44:09 - [TEST_STEP][PASSED] - click(findTestObject("Regression BackOffice/CLNK-23449/Validation/SearchClient")): Object: 'Object Repository/Regression BackOffice/CLNK-23449/Validation/SearchClient' is clicked on&#xD;
&#xD;
2019-09-19 11:44:11 - [MESSAGE][PASSED] - Object: 'Object Repository/Regression BackOffice/CLNK-23449/Validation/SearchClient' is clicked on&#xD;
&#xD;
2019-09-19 11:44:11 - [TEST_STEP][PASSED] - delay(2): Delayed 2 second(s)&#xD;
&#xD;
2019-09-19 11:44:13 - [MESSAGE][PASSED] - Delayed 2 second(s)&#xD;
&#xD;
2019-09-19 11:44:13 - [TEST_STEP][PASSED] - waitForElementPresent(findTestObject("Regression BackOffice/CLNK-23449/Validation/ReferralTypeValue"), 50): Object 'Object Repository/Regression BackOffice/CLNK-23449/Validation/ReferralTypeValue' is present&#xD;
&#xD;
2019-09-19 11:44:13 - [MESSAGE][PASSED] - Object 'Object Repository/Regression BackOffice/CLNK-23449/Validation/ReferralTypeValue' is present&#xD;
&#xD;
2019-09-19 11:44:13 - [TEST_STEP][PASSED] - delay(2): Delayed 2 second(s)&#xD;
&#xD;
2019-09-19 11:44:15 - [MESSAGE][PASSED] - Delayed 2 second(s)&#xD;
&#xD;
2019-09-19 11:44:15 - [TEST_STEP][PASSED] - waitForPageLoad(50): Wait for page load successfully&#xD;
&#xD;
2019-09-19 11:44:15 - [MESSAGE][PASSED] - Wait for page load successfully&#xD;
&#xD;
2019-09-19 11:44:15 - [TEST_STEP][PASSED] - verifyMatch(G_Date, getAttribute(findTestObject("Regression BackOffice/CLNK-23449/Validation/DateValidation"), "value"), false, CONTINUE_ON_FAILURE): Actual text '07/01/2019' and expected text '07/01/2019' are matched &#xD;
&#xD;
2019-09-19 11:44:15 - [MESSAGE][PASSED] - Attribute 'value' of object 'Object Repository/Regression BackOffice/CLNK-23449/Validation/DateValidation' is: '07/01/2019'&#xD;
&#xD;
2019-09-19 11:44:15 - [MESSAGE][PASSED] - Actual text '07/01/2019' and expected text '07/01/2019' are matched &#xD;
&#xD;
2019-09-19 11:44:15 - [TEST_STEP][PASSED] - delay(2): Delayed 2 second(s)&#xD;
&#xD;
2019-09-19 11:44:17 - [MESSAGE][PASSED] - Delayed 2 second(s)&#xD;
&#xD;
2019-09-19 11:44:17 - [TEST_STEP][PASSED] - verifyOptionSelectedByLabel(findTestObject("Regression BackOffice/CLNK-23449/Validation/ReferralTypeValue"), ReferralType, false, 20, CONTINUE_ON_FAILURE): All options with label 'Case Manager -Medicaid' are selected in object 'Object Repository/Regression BackOffice/CLNK-23449/Validation/ReferralTypeValue' &#xD;
&#xD;
2019-09-19 11:44:18 - [MESSAGE][PASSED] - All options with label 'Case Manager -Medicaid' are selected in object 'Object Repository/Regression BackOffice/CLNK-23449/Validation/ReferralTypeValue' &#xD;
&#xD;
2019-09-19 11:44:18 - [TEST_STEP][PASSED] - delay(2): Delayed 2 second(s)&#xD;
&#xD;
2019-09-19 11:44:20 - [MESSAGE][PASSED] - Delayed 2 second(s)&#xD;
&#xD;
2019-09-19 11:44:20 - [TEST_STEP][PASSED] - verifyMatch(G_ReferralSourcePerson, getAttribute(findTestObject("Regression BackOffice/CLNK-23449/Validation/ReferralSourcePerson"), "value"), false, CONTINUE_ON_FAILURE): Actual text 'Lyudmila Kaskov' and expected text 'Lyudmila Kaskov' are matched &#xD;
&#xD;
2019-09-19 11:44:20 - [MESSAGE][PASSED] - Attribute 'value' of object 'Object Repository/Regression BackOffice/CLNK-23449/Validation/ReferralSourcePerson' is: 'Lyudmila Kaskov'&#xD;
&#xD;
2019-09-19 11:44:20 - [MESSAGE][PASSED] - Actual text 'Lyudmila Kaskov' and expected text 'Lyudmila Kaskov' are matched &#xD;
&#xD;
2019-09-19 11:44:20 - [TEST_STEP][PASSED] - delay(2): Delayed 2 second(s)&#xD;
&#xD;
2019-09-19 11:44:22 - [MESSAGE][PASSED] - Delayed 2 second(s)&#xD;
&#xD;
2019-09-19 11:44:22 - [TEST_STEP][PASSED] - verifyMatch(G_ClientFirstName, getAttribute(findTestObject("Regression BackOffice/CLNK-23449/Validation/FirstNameValidation"), "value"), false, CONTINUE_ON_FAILURE): Actual text 'Ernest' and expected text 'Ernest' are matched &#xD;
&#xD;
2019-09-19 11:44:22 - [MESSAGE][PASSED] - Attribute 'value' of object 'Object Repository/Regression BackOffice/CLNK-23449/Validation/FirstNameValidation' is: 'Ernest'&#xD;
&#xD;
2019-09-19 11:44:22 - [MESSAGE][PASSED] - Actual text 'Ernest' and expected text 'Ernest' are matched &#xD;
&#xD;
2019-09-19 11:44:22 - [TEST_STEP][PASSED] - delay(2): Delayed 2 second(s)&#xD;
&#xD;
2019-09-19 11:44:24 - [MESSAGE][PASSED] - Delayed 2 second(s)&#xD;
&#xD;
2019-09-19 11:44:24 - [TEST_STEP][PASSED] - verifyMatch(G_ClientMiddleName, getAttribute(findTestObject("Regression BackOffice/CLNK-23449/Validation/MiddleInitialValidation"), "value"), false, CONTINUE_ON_FAILURE): Actual text 'L' and expected text 'L' are matched &#xD;
&#xD;
2019-09-19 11:44:24 - [MESSAGE][PASSED] - Attribute 'value' of object 'Object Repository/Regression BackOffice/CLNK-23449/Validation/MiddleInitialValidation' is: 'L'&#xD;
&#xD;
2019-09-19 11:44:24 - [MESSAGE][PASSED] - Actual text 'L' and expected text 'L' are matched &#xD;
&#xD;
2019-09-19 11:44:24 - [TEST_STEP][PASSED] - delay(2): Delayed 2 second(s)&#xD;
&#xD;
2019-09-19 11:44:26 - [MESSAGE][PASSED] - Delayed 2 second(s)&#xD;
&#xD;
2019-09-19 11:44:26 - [TEST_STEP][PASSED] - verifyMatch(G_ClientLastName, getAttribute(findTestObject("Regression BackOffice/CLNK-23449/Validation/LastNameValidation"), "value"), false, CONTINUE_ON_FAILURE): Actual text 'Ernesky' and expected text 'Ernesky' are matched &#xD;
&#xD;
2019-09-19 11:44:26 - [MESSAGE][PASSED] - Attribute 'value' of object 'Object Repository/Regression BackOffice/CLNK-23449/Validation/LastNameValidation' is: 'Ernesky'&#xD;
&#xD;
2019-09-19 11:44:26 - [MESSAGE][PASSED] - Actual text 'Ernesky' and expected text 'Ernesky' are matched &#xD;
&#xD;
2019-09-19 11:44:26 - [TEST_STEP][PASSED] - delay(2): Delayed 2 second(s)&#xD;
&#xD;
2019-09-19 11:44:28 - [MESSAGE][PASSED] - Delayed 2 second(s)&#xD;
&#xD;
2019-09-19 11:44:28 - [TEST_STEP][PASSED] - verifyMatch(DOB, getAttribute(findTestObject("Regression BackOffice/CLNK-23449/Validation/DOBValidation"), "value"), false, CONTINUE_ON_FAILURE): Actual text '05/23/1970' and expected text '05/23/1970' are matched &#xD;
&#xD;
2019-09-19 11:44:28 - [MESSAGE][PASSED] - Attribute 'value' of object 'Object Repository/Regression BackOffice/CLNK-23449/Validation/DOBValidation' is: '05/23/1970'&#xD;
&#xD;
2019-09-19 11:44:28 - [MESSAGE][PASSED] - Actual text '05/23/1970' and expected text '05/23/1970' are matched &#xD;
&#xD;
2019-09-19 11:44:28 - [TEST_STEP][PASSED] - delay(2): Delayed 2 second(s)&#xD;
&#xD;
2019-09-19 11:44:30 - [MESSAGE][PASSED] - Delayed 2 second(s)&#xD;
&#xD;
2019-09-19 11:44:30 - [TEST_STEP][PASSED] - verifyMatch(Sexo, getAttribute(findTestObject("Regression BackOffice/CLNK-23449/Validation/SexValidation"), "value"), false, CONTINUE_ON_FAILURE): Actual text 'M' and expected text 'M' are matched &#xD;
&#xD;
2019-09-19 11:44:30 - [MESSAGE][PASSED] - Attribute 'value' of object 'Object Repository/Regression BackOffice/CLNK-23449/Validation/SexValidation' is: 'M'&#xD;
&#xD;
2019-09-19 11:44:30 - [MESSAGE][PASSED] - Actual text 'M' and expected text 'M' are matched &#xD;
&#xD;
2019-09-19 11:44:30 - [TEST_STEP][PASSED] - delay(2): Delayed 2 second(s)&#xD;
&#xD;
2019-09-19 11:44:32 - [MESSAGE][PASSED] - Delayed 2 second(s)&#xD;
&#xD;
2019-09-19 11:44:32 - [TEST_STEP][PASSED] - verifyMatch(SSN1, getAttribute(findTestObject("Regression BackOffice/CLNK-23449/Validation/SSN1Validation"), "value"), false, CONTINUE_ON_FAILURE): Actual text '436' and expected text '436' are matched &#xD;
&#xD;
2019-09-19 11:44:33 - [MESSAGE][PASSED] - Attribute 'value' of object 'Object Repository/Regression BackOffice/CLNK-23449/Validation/SSN1Validation' is: '436'&#xD;
&#xD;
2019-09-19 11:44:33 - [MESSAGE][PASSED] - Actual text '436' and expected text '436' are matched &#xD;
&#xD;
2019-09-19 11:44:33 - [TEST_STEP][PASSED] - delay(2): Delayed 2 second(s)&#xD;
&#xD;
2019-09-19 11:44:35 - [MESSAGE][PASSED] - Delayed 2 second(s)&#xD;
&#xD;
2019-09-19 11:44:35 - [TEST_STEP][PASSED] - waitForElementPresent(findTestObject("Regression BackOffice/CLNK-23449/Validation/Phone/PhoneSelected"), 50): Object 'Object Repository/Regression BackOffice/CLNK-23449/Validation/Phone/PhoneSelected' is present&#xD;
&#xD;
2019-09-19 11:44:35 - [MESSAGE][PASSED] - Object 'Object Repository/Regression BackOffice/CLNK-23449/Validation/Phone/PhoneSelected' is present&#xD;
&#xD;
2019-09-19 11:44:35 - [TEST_STEP][PASSED] - scrollToElement(findTestObject("Regression BackOffice/CLNK-23449/Validation/Phone/PhoneSelected"), 0): Scroll to object 'Object Repository/Regression BackOffice/CLNK-23449/Validation/Phone/PhoneSelected' successfully&#xD;
&#xD;
2019-09-19 11:44:35 - [MESSAGE][WARNING] - Timeout '0' is invalid. Using default page load timeout: '30'&#xD;
&#xD;
2019-09-19 11:44:35 - [MESSAGE][PASSED] - Scroll to object 'Object Repository/Regression BackOffice/CLNK-23449/Validation/Phone/PhoneSelected' successfully&#xD;
&#xD;
2019-09-19 11:44:35 - [TEST_STEP][PASSED] - click(findTestObject("Regression BackOffice/CLNK-23449/Validation/Phone/PhoneSelected")): Object: 'Object Repository/Regression BackOffice/CLNK-23449/Validation/Phone/PhoneSelected' is clicked on&#xD;
&#xD;
2019-09-19 11:44:35 - [MESSAGE][PASSED] - Object: 'Object Repository/Regression BackOffice/CLNK-23449/Validation/Phone/PhoneSelected' is clicked on&#xD;
&#xD;
2019-09-19 11:44:35 - [TEST_STEP][PASSED] - delay(2): Delayed 2 second(s)&#xD;
&#xD;
2019-09-19 11:44:37 - [MESSAGE][PASSED] - Delayed 2 second(s)&#xD;
&#xD;
2019-09-19 11:44:37 - [TEST_STEP][PASSED] - verifyOptionSelectedByLabel(findTestObject("Regression BackOffice/CLNK-23449/Validation/Phone/CellTypeValidation"), CellType, false, 20, CONTINUE_ON_FAILURE): All options with label 'Cell' are selected in object 'Object Repository/Regression BackOffice/CLNK-23449/Validation/Phone/CellTypeValidation' &#xD;
&#xD;
2019-09-19 11:44:37 - [MESSAGE][PASSED] - All options with label 'Cell' are selected in object 'Object Repository/Regression BackOffice/CLNK-23449/Validation/Phone/CellTypeValidation' &#xD;
&#xD;
2019-09-19 11:44:37 - [TEST_STEP][PASSED] - delay(2): Delayed 2 second(s)&#xD;
&#xD;
2019-09-19 11:44:40 - [MESSAGE][PASSED] - Delayed 2 second(s)&#xD;
&#xD;
2019-09-19 11:44:40 - [TEST_STEP][PASSED] - CallBack2 = getText(findTestObject("Regression BackOffice/CLNK-23449/Validation/CallBackValidation")): Text of object 'Object Repository/Regression BackOffice/CLNK-23449/Validation/CallBackValidation' is: 'Call Back on Tue, 07/02/2019 (1 days)'&#xD;
&#xD;
2019-09-19 11:44:40 - [MESSAGE][PASSED] - Text of object 'Object Repository/Regression BackOffice/CLNK-23449/Validation/CallBackValidation' is: 'Call Back on Tue, 07/02/2019 (1 days)'&#xD;
&#xD;
2019-09-19 11:44:40 - [TEST_STEP][PASSED] - delay(5): Delayed 5 second(s)&#xD;
&#xD;
2019-09-19 11:44:45 - [MESSAGE][PASSED] - Delayed 5 second(s)&#xD;
&#xD;
2019-09-19 11:44:45 - [TEST_STEP][PASSED] - verifyMatch(CallBack, CallBack2, false, CONTINUE_ON_FAILURE): Actual text 'Call Back on Tue, 07/02/2019 (1 days)' and expected text 'Call Back on Tue, 07/02/2019 (1 days)' are matched &#xD;
&#xD;
2019-09-19 11:44:45 - [MESSAGE][PASSED] - Actual text 'Call Back on Tue, 07/02/2019 (1 days)' and expected text 'Call Back on Tue, 07/02/2019 (1 days)' are matched &#xD;
&#xD;
2019-09-19 11:44:45 - [TEST_STEP][PASSED] - delay(5): Delayed 5 second(s)&#xD;
&#xD;
2019-09-19 11:44:50 - [MESSAGE][PASSED] - Delayed 5 second(s)&#xD;
&#xD;
2019-09-19 11:44:50 - [TEST_STEP][PASSED] - switchToDefaultContent(): null&#xD;
&#xD;
2019-09-19 11:44:50 - [TEST_STEP][PASSED] - switchToFrame(findTestObject("Regression BackOffice/CLNK-23449/FrameLeft"), 30): null&#xD;
&#xD;
2019-09-19 11:44:50 - [TEST_STEP][PASSED] - waitForElementPresent(findTestObject("Regression BackOffice/CLNK-23449/Validation/Dots"), 100): Object 'Object Repository/Regression BackOffice/CLNK-23449/Validation/Dots' is present&#xD;
&#xD;
2019-09-19 11:44:50 - [MESSAGE][PASSED] - Object 'Object Repository/Regression BackOffice/CLNK-23449/Validation/Dots' is present&#xD;
&#xD;
2019-09-19 11:44:50 - [TEST_STEP][PASSED] - click(findTestObject("Regression BackOffice/CLNK-23449/Validation/Dots")): Object: 'Object Repository/Regression BackOffice/CLNK-23449/Validation/Dots' is clicked on&#xD;
&#xD;
2019-09-19 11:44:50 - [MESSAGE][PASSED] - Object: 'Object Repository/Regression BackOffice/CLNK-23449/Validation/Dots' is clicked on&#xD;
&#xD;
2019-09-19 11:44:50 - [TEST_STEP][PASSED] - delay(2): Delayed 2 second(s)&#xD;
&#xD;
2019-09-19 11:44:52 - [MESSAGE][PASSED] - Delayed 2 second(s)&#xD;
&#xD;
2019-09-19 11:44:52 - [TEST_STEP][PASSED] - waitForPageLoad(50): Wait for page load successfully&#xD;
&#xD;
2019-09-19 11:44:52 - [MESSAGE][PASSED] - Wait for page load successfully&#xD;
&#xD;
2019-09-19 11:44:52 - [TEST_STEP][PASSED] - waitForElementPresent(findTestObject("Regression BackOffice/CLNK-23449/Validation/Admision/AdmissionLink"), 50): Object 'Object Repository/Regression BackOffice/CLNK-23449/Validation/Admision/AdmissionLink' is present&#xD;
&#xD;
2019-09-19 11:44:52 - [MESSAGE][PASSED] - Object 'Object Repository/Regression BackOffice/CLNK-23449/Validation/Admision/AdmissionLink' is present&#xD;
&#xD;
2019-09-19 11:44:52 - [TEST_STEP][PASSED] - click(findTestObject("Regression BackOffice/CLNK-23449/Validation/Admision/AdmissionLink")): Object: 'Object Repository/Regression BackOffice/CLNK-23449/Validation/Admision/AdmissionLink' is clicked on&#xD;
&#xD;
2019-09-19 11:44:52 - [MESSAGE][PASSED] - Object: 'Object Repository/Regression BackOffice/CLNK-23449/Validation/Admision/AdmissionLink' is clicked on&#xD;
&#xD;
2019-09-19 11:44:52 - [TEST_STEP][PASSED] - delay(5): Delayed 5 second(s)&#xD;
&#xD;
2019-09-19 11:44:57 - [MESSAGE][PASSED] - Delayed 5 second(s)&#xD;
&#xD;
2019-09-19 11:44:57 - [TEST_STEP][PASSED] - acceptAlert(): Alert accepted&#xD;
&#xD;
2019-09-19 11:44:57 - [MESSAGE][PASSED] - Alert accepted&#xD;
&#xD;
2019-09-19 11:44:57 - [TEST_STEP][PASSED] - delay(2): Delayed 2 second(s)&#xD;
&#xD;
2019-09-19 11:44:59 - [MESSAGE][PASSED] - Delayed 2 second(s)&#xD;
&#xD;
2019-09-19 11:44:59 - [TEST_STEP][PASSED] - switchToDefaultContent(): null&#xD;
&#xD;
2019-09-19 11:45:31 - [TEST_STEP][PASSED] - switchToFrame(findTestObject("Regression BackOffice/CLNK-23449/FrameMain"), 30): null&#xD;
&#xD;
2019-09-19 11:45:32 - [TEST_STEP][PASSED] - waitForPageLoad(50): Wait for page load successfully&#xD;
&#xD;
2019-09-19 11:45:32 - [MESSAGE][PASSED] - Wait for page load successfully&#xD;
&#xD;
2019-09-19 11:45:32 - [TEST_STEP][PASSED] - delay(5): Delayed 5 second(s)&#xD;
&#xD;
2019-09-19 11:45:37 - [MESSAGE][PASSED] - Delayed 5 second(s)&#xD;
&#xD;
2019-09-19 11:45:37 - [TEST_STEP][PASSED] - PNameValidation = getText(findTestObject("Regression BackOffice/CLNK-23449/Validation/Admision/PhysicianNameValidation")): Text of object 'Object Repository/Regression BackOffice/CLNK-23449/Validation/Admision/PhysicianNameValidation' is: 'CYNTHIA ABBOTT-JONES'&#xD;
&#xD;
2019-09-19 11:45:37 - [MESSAGE][PASSED] - Text of object 'Object Repository/Regression BackOffice/CLNK-23449/Validation/Admision/PhysicianNameValidation' is: 'CYNTHIA ABBOTT-JONES'&#xD;
&#xD;
2019-09-19 11:45:37 - [TEST_STEP][PASSED] - verifyMatch(PhysicianName, PNameValidation, false, CONTINUE_ON_FAILURE): Actual text 'CYNTHIA ABBOTT-JONES' and expected text 'CYNTHIA ABBOTT-JONES' are matched &#xD;
&#xD;
2019-09-19 11:45:37 - [MESSAGE][PASSED] - Actual text 'CYNTHIA ABBOTT-JONES' and expected text 'CYNTHIA ABBOTT-JONES' are matched &#xD;
&#xD;
2019-09-19 11:45:37 - [TEST_STEP][PASSED] - delay(2): Delayed 2 second(s)&#xD;
&#xD;
2019-09-19 11:45:39 - [MESSAGE][PASSED] - Delayed 2 second(s)&#xD;
&#xD;
2019-09-19 11:45:39 - [TEST_STEP][PASSED] - switchToDefaultContent(): null&#xD;
&#xD;
2019-09-19 11:45:39 - [TEST_STEP][PASSED] - switchToFrame(findTestObject("Regression BackOffice/CLNK-23449/FrameLeft"), 30): null&#xD;
&#xD;
2019-09-19 11:45:39 - [TEST_STEP][PASSED] - waitForElementPresent(findTestObject("Regression BackOffice/CLNK-23449/Validation/Dots"), 100): Object 'Object Repository/Regression BackOffice/CLNK-23449/Validation/Dots' is present&#xD;
&#xD;
2019-09-19 11:45:39 - [MESSAGE][PASSED] - Object 'Object Repository/Regression BackOffice/CLNK-23449/Validation/Dots' is present&#xD;
&#xD;
2019-09-19 11:45:39 - [TEST_STEP][PASSED] - click(findTestObject("Regression BackOffice/CLNK-23449/Validation/Dots")): Object: 'Object Repository/Regression BackOffice/CLNK-23449/Validation/Dots' is clicked on&#xD;
&#xD;
2019-09-19 11:45:39 - [MESSAGE][PASSED] - Object: 'Object Repository/Regression BackOffice/CLNK-23449/Validation/Dots' is clicked on&#xD;
&#xD;
2019-09-19 11:45:39 - [TEST_STEP][PASSED] - delay(2): Delayed 2 second(s)&#xD;
&#xD;
2019-09-19 11:45:41 - [MESSAGE][PASSED] - Delayed 2 second(s)&#xD;
&#xD;
2019-09-19 11:45:41 - [TEST_STEP][PASSED] - waitForPageLoad(50): Wait for page load successfully&#xD;
&#xD;
2019-09-19 11:45:41 - [MESSAGE][PASSED] - Wait for page load successfully&#xD;
&#xD;
2019-09-19 11:45:41 - [TEST_STEP][PASSED] - waitForElementPresent(findTestObject("Regression BackOffice/CLNK-23449/Validation/Payer/PayerSourcesLink"), 50): Object 'Object Repository/Regression BackOffice/CLNK-23449/Validation/Payer/PayerSourcesLink' is present&#xD;
&#xD;
2019-09-19 11:45:41 - [MESSAGE][PASSED] - Object 'Object Repository/Regression BackOffice/CLNK-23449/Validation/Payer/PayerSourcesLink' is present&#xD;
&#xD;
2019-09-19 11:45:41 - [TEST_STEP][PASSED] - click(findTestObject("Regression BackOffice/CLNK-23449/Validation/Payer/PayerSourcesLink")): Object: 'Object Repository/Regression BackOffice/CLNK-23449/Validation/Payer/PayerSourcesLink' is clicked on&#xD;
&#xD;
2019-09-19 11:45:42 - [MESSAGE][PASSED] - Object: 'Object Repository/Regression BackOffice/CLNK-23449/Validation/Payer/PayerSourcesLink' is clicked on&#xD;
&#xD;
2019-09-19 11:45:42 - [TEST_STEP][PASSED] - delay(10): Delayed 10 second(s)&#xD;
&#xD;
2019-09-19 11:45:52 - [MESSAGE][PASSED] - Delayed 10 second(s)&#xD;
&#xD;
2019-09-19 11:45:52 - [TEST_STEP][PASSED] - switchToDefaultContent(): null&#xD;
&#xD;
2019-09-19 11:45:52 - [TEST_STEP][PASSED] - switchToFrame(findTestObject("Regression BackOffice/CLNK-23449/FrameMain"), 60): null&#xD;
&#xD;
2019-09-19 11:45:52 - [TEST_STEP][PASSED] - waitForPageLoad(50): Wait for page load successfully&#xD;
&#xD;
2019-09-19 11:45:52 - [MESSAGE][PASSED] - Wait for page load successfully&#xD;
&#xD;
2019-09-19 11:45:52 - [TEST_STEP][PASSED] - delay(5): Delayed 5 second(s)&#xD;
&#xD;
2019-09-19 11:45:57 - [MESSAGE][PASSED] - Delayed 5 second(s)&#xD;
&#xD;
2019-09-19 11:45:57 - [TEST_STEP][PASSED] - waitForElementPresent(findTestObject("Regression BackOffice/CLNK-23449/Validation/Payer/PayerSearched"), 50): Object 'Object Repository/Regression BackOffice/CLNK-23449/Validation/Payer/PayerSearched' is present&#xD;
&#xD;
2019-09-19 11:45:57 - [MESSAGE][PASSED] - Object 'Object Repository/Regression BackOffice/CLNK-23449/Validation/Payer/PayerSearched' is present&#xD;
&#xD;
2019-09-19 11:45:57 - [TEST_STEP][PASSED] - click(findTestObject("Regression BackOffice/CLNK-23449/Validation/Payer/PayerSearched")): Object: 'Object Repository/Regression BackOffice/CLNK-23449/Validation/Payer/PayerSearched' is clicked on&#xD;
&#xD;
2019-09-19 11:46:00 - [MESSAGE][PASSED] - Object: 'Object Repository/Regression BackOffice/CLNK-23449/Validation/Payer/PayerSearched' is clicked on&#xD;
&#xD;
2019-09-19 11:46:00 - [TEST_STEP][PASSED] - delay(2): Delayed 2 second(s)&#xD;
&#xD;
2019-09-19 11:46:02 - [MESSAGE][PASSED] - Delayed 2 second(s)&#xD;
&#xD;
2019-09-19 11:46:02 - [TEST_STEP][PASSED] - MediValidation = getAttribute(findTestObject("Regression BackOffice/CLNK-23449/Validation/Payer/MediValidation"), "value"): Attribute 'value' of object 'Object Repository/Regression BackOffice/CLNK-23449/Validation/Payer/MediValidation' is: '123456789a'&#xD;
&#xD;
2019-09-19 11:46:02 - [MESSAGE][PASSED] - Attribute 'value' of object 'Object Repository/Regression BackOffice/CLNK-23449/Validation/Payer/MediValidation' is: '123456789a'&#xD;
&#xD;
2019-09-19 11:46:02 - [TEST_STEP][PASSED] - verifyMatch(MedId, MediValidation, false, CONTINUE_ON_FAILURE): Actual text '123456789a' and expected text '123456789a' are matched &#xD;
&#xD;
2019-09-19 11:46:02 - [MESSAGE][PASSED] - Actual text '123456789a' and expected text '123456789a' are matched &#xD;
&#xD;
2019-09-19 11:46:02 - [TEST_STEP][PASSED] - delay(2): Delayed 2 second(s)&#xD;
&#xD;
2019-09-19 11:46:04 - [MESSAGE][PASSED] - Delayed 2 second(s)&#xD;
&#xD;
2019-09-19 11:46:04 - [TEST_STEP][PASSED] - closeBrowser(): Browser is closed&#xD;
&#xD;
2019-09-19 11:46:05 - [MESSAGE][PASSED] - Browser is closed</system-out>
            <system-err></system-err>
        </testcase>
        <testcase name="Test Cases/Regression BackOffice (All Browsers)/CLNK-28718 - BO - Full Caregiver creation" classname="Test Cases/Regression BackOffice (All Browsers)/CLNK-28718 - BO - Full Caregiver creation" status="PASSED">
            <system-out>2019-09-19 11:46:07 - [TEST_CASE][PASSED] - Test Cases/Regression BackOffice (All Browsers)/CLNK-28718 - BO - Full Caregiver creation: Test Cases/Regression BackOffice (All Browsers)/CLNK-28718 - BO - Full Caregiver creation&#xD;
&#xD;
2019-09-19 11:46:08 - [TEST_STEP][PASSED] - callTestCase(findTestCase("Regression BackOffice (All Browsers)/CLNK-23439 - Clink - Back office Client"), [:], STOP_ON_FAILURE): Call Test Case 'Test Cases/Regression BackOffice (All Browsers)/CLNK-23439 - Clink - Back office Client' successfully&#xD;
&#xD;
2019-09-19 11:46:08 - [TEST_CASE][PASSED] - Test Cases/Regression BackOffice (All Browsers)/CLNK-23439 - Clink - Back office Client: Test Cases/Regression BackOffice (All Browsers)/CLNK-23439 - Clink - Back office Client&#xD;
&#xD;
2019-09-19 11:46:08 - [TEST_STEP][PASSED] - deleteAllCookies(): Delete all cookies successfully&#xD;
&#xD;
2019-09-19 11:46:08 - [MESSAGE][WARNING] - Cannot delete cookies because browser is closed&#xD;
&#xD;
2019-09-19 11:46:08 - [MESSAGE][PASSED] - Delete all cookies successfully&#xD;
&#xD;
2019-09-19 11:46:08 - [TEST_STEP][PASSED] - openBrowser(G_SiteBackOffice): Browser is opened with url: 'https://qanewpoc.continulink.com:8443/Backoffice/'&#xD;
&#xD;
2019-09-19 11:46:08 - [MESSAGE][INFO] - Starting 'Chrome' driver&#xD;
&#xD;
2019-09-19 11:46:15 - [MESSAGE][PASSED] - Browser is opened with url: 'https://qanewpoc.continulink.com:8443/Backoffice/'&#xD;
&#xD;
2019-09-19 11:46:15 - [TEST_STEP][PASSED] - waitForPageLoad(60): Wait for page load successfully&#xD;
&#xD;
2019-09-19 11:46:15 - [MESSAGE][PASSED] - Wait for page load successfully&#xD;
&#xD;
2019-09-19 11:46:15 - [TEST_STEP][PASSED] - maximizeWindow(): Current window maximized&#xD;
&#xD;
2019-09-19 11:46:19 - [MESSAGE][PASSED] - Current window maximized&#xD;
&#xD;
2019-09-19 11:46:19 - [TEST_STEP][PASSED] - setText(findTestObject("Regression BackOffice/Login/UserBackOffice"), G_UserBackOffice): Text 'automation_admin' is set on object 'Object Repository/Regression BackOffice/Login/UserBackOffice'&#xD;
&#xD;
2019-09-19 11:46:20 - [MESSAGE][PASSED] - Text 'automation_admin' is set on object 'Object Repository/Regression BackOffice/Login/UserBackOffice'&#xD;
&#xD;
2019-09-19 11:46:20 - [TEST_STEP][PASSED] - setText(findTestObject("Regression BackOffice/Login/PasswordBackOffice"), G_PasswordBackOffice): Text 'qwerty' is set on object 'Object Repository/Regression BackOffice/Login/PasswordBackOffice'&#xD;
&#xD;
2019-09-19 11:46:20 - [MESSAGE][PASSED] - Text 'qwerty' is set on object 'Object Repository/Regression BackOffice/Login/PasswordBackOffice'&#xD;
&#xD;
2019-09-19 11:46:20 - [TEST_STEP][PASSED] - click(findTestObject("Regression BackOffice/Login/LoginBackOffice")): Object: 'Object Repository/Regression BackOffice/Login/LoginBackOffice' is clicked on&#xD;
&#xD;
2019-09-19 11:46:25 - [MESSAGE][PASSED] - Object: 'Object Repository/Regression BackOffice/Login/LoginBackOffice' is clicked on&#xD;
&#xD;
2019-09-19 11:46:25 - [TEST_STEP][PASSED] - waitForPageLoad(60): Wait for page load successfully&#xD;
&#xD;
2019-09-19 11:46:25 - [MESSAGE][PASSED] - Wait for page load successfully&#xD;
&#xD;
2019-09-19 11:46:25 - [TEST_STEP][PASSED] - delay(2): Delayed 2 second(s)&#xD;
&#xD;
2019-09-19 11:46:27 - [MESSAGE][PASSED] - Delayed 2 second(s)&#xD;
&#xD;
2019-09-19 11:46:27 - [TEST_STEP][PASSED] - switchToFrame(findTestObject("Regression BackOffice/CLINK-Frames/FrameFrameLeft"), 5, STOP_ON_FAILURE): null&#xD;
&#xD;
2019-09-19 11:46:27 - [TEST_STEP][PASSED] - delay(2): Delayed 2 second(s)&#xD;
&#xD;
2019-09-19 11:46:29 - [MESSAGE][PASSED] - Delayed 2 second(s)&#xD;
&#xD;
2019-09-19 11:46:29 - [TEST_STEP][PASSED] - waitForElementPresent(findTestObject("Regression BackOffice/CLINK-Frames/ClientIntake"), 50): Object 'Object Repository/Regression BackOffice/CLINK-Frames/ClientIntake' is present&#xD;
&#xD;
2019-09-19 11:46:29 - [MESSAGE][PASSED] - Object 'Object Repository/Regression BackOffice/CLINK-Frames/ClientIntake' is present&#xD;
&#xD;
2019-09-19 11:46:29 - [TEST_STEP][PASSED] - verifyElementPresent(findTestObject("Regression BackOffice/CLINK-Frames/ClientIntake"), 100, STOP_ON_FAILURE): Object 'Object Repository/Regression BackOffice/CLINK-Frames/ClientIntake' is present&#xD;
&#xD;
2019-09-19 11:46:29 - [MESSAGE][PASSED] - Object 'Object Repository/Regression BackOffice/CLINK-Frames/ClientIntake' is present&#xD;
&#xD;
2019-09-19 11:46:29 - [TEST_STEP][PASSED] - switchToDefaultContent(): null&#xD;
&#xD;
2019-09-19 11:46:29 - [MESSAGE][PASSED] - Call Test Case 'Test Cases/Regression BackOffice (All Browsers)/CLNK-23439 - Clink - Back office Client' successfully&#xD;
&#xD;
2019-09-19 11:46:29 - [TEST_STEP][PASSED] - waitForPageLoad(60): Wait for page load successfully&#xD;
&#xD;
2019-09-19 11:46:29 - [MESSAGE][PASSED] - Wait for page load successfully&#xD;
&#xD;
2019-09-19 11:46:29 - [TEST_STEP][PASSED] - delay(3): Delayed 3 second(s)&#xD;
&#xD;
2019-09-19 11:46:32 - [MESSAGE][PASSED] - Delayed 3 second(s)&#xD;
&#xD;
2019-09-19 11:46:32 - [TEST_STEP][PASSED] - switchToFrame(findTestObject("Regression BackOffice/CLNK-23449/FrameLeft"), 30): null&#xD;
&#xD;
2019-09-19 11:46:32 - [TEST_STEP][PASSED] - waitForElementPresent(findTestObject("Regression BackOffice/CLNK-23441/Caregiver  HRLink"), 100): Object 'Object Repository/Regression BackOffice/CLNK-23441/Caregiver  HRLink' is present&#xD;
&#xD;
2019-09-19 11:46:32 - [MESSAGE][PASSED] - Object 'Object Repository/Regression BackOffice/CLNK-23441/Caregiver  HRLink' is present&#xD;
&#xD;
2019-09-19 11:46:32 - [TEST_STEP][PASSED] - click(findTestObject("Regression BackOffice/CLNK-23441/Caregiver  HRLink")): Object: 'Object Repository/Regression BackOffice/CLNK-23441/Caregiver  HRLink' is clicked on&#xD;
&#xD;
2019-09-19 11:46:32 - [MESSAGE][PASSED] - Object: 'Object Repository/Regression BackOffice/CLNK-23441/Caregiver  HRLink' is clicked on&#xD;
&#xD;
2019-09-19 11:46:32 - [TEST_STEP][PASSED] - delay(2): Delayed 2 second(s)&#xD;
&#xD;
2019-09-19 11:46:34 - [MESSAGE][PASSED] - Delayed 2 second(s)&#xD;
&#xD;
2019-09-19 11:46:34 - [TEST_STEP][PASSED] - waitForPageLoad(50): Wait for page load successfully&#xD;
&#xD;
2019-09-19 11:46:34 - [MESSAGE][PASSED] - Wait for page load successfully&#xD;
&#xD;
2019-09-19 11:46:34 - [TEST_STEP][PASSED] - waitForElementPresent(findTestObject("Regression BackOffice/CLINK - 28718/Caregiver Search"), 100): Object 'Object Repository/Regression BackOffice/CLINK - 28718/Caregiver Search' is present&#xD;
&#xD;
2019-09-19 11:46:34 - [MESSAGE][PASSED] - Object 'Object Repository/Regression BackOffice/CLINK - 28718/Caregiver Search' is present&#xD;
&#xD;
2019-09-19 11:46:34 - [TEST_STEP][PASSED] - click(findTestObject("Regression BackOffice/CLINK - 28718/Caregiver Search")): Object: 'Object Repository/Regression BackOffice/CLINK - 28718/Caregiver Search' is clicked on&#xD;
&#xD;
2019-09-19 11:46:35 - [MESSAGE][PASSED] - Object: 'Object Repository/Regression BackOffice/CLINK - 28718/Caregiver Search' is clicked on&#xD;
&#xD;
2019-09-19 11:46:35 - [TEST_STEP][PASSED] - delay(2): Delayed 2 second(s)&#xD;
&#xD;
2019-09-19 11:46:37 - [MESSAGE][PASSED] - Delayed 2 second(s)&#xD;
&#xD;
2019-09-19 11:46:37 - [TEST_STEP][PASSED] - waitForPageLoad(60): Wait for page load successfully&#xD;
&#xD;
2019-09-19 11:46:37 - [MESSAGE][PASSED] - Wait for page load successfully&#xD;
&#xD;
2019-09-19 11:46:37 - [TEST_STEP][PASSED] - switchToDefaultContent(): null&#xD;
&#xD;
2019-09-19 11:46:37 - [TEST_STEP][PASSED] - switchToFrame(findTestObject("Regression BackOffice/CLNK-23449/FrameMain"), 30): null&#xD;
&#xD;
2019-09-19 11:46:38 - [TEST_STEP][PASSED] - waitForElementPresent(findTestObject("Regression BackOffice/CLINK - 28718/CaregiverFirst Name"), 50): Object 'Object Repository/Regression BackOffice/CLINK - 28718/CaregiverFirst Name' is present&#xD;
&#xD;
2019-09-19 11:46:38 - [MESSAGE][PASSED] - Object 'Object Repository/Regression BackOffice/CLINK - 28718/CaregiverFirst Name' is present&#xD;
&#xD;
2019-09-19 11:46:38 - [TEST_STEP][PASSED] - setText(findTestObject("Regression BackOffice/CLINK - 28718/CaregiverFirst Name"), G_CaregiverFirstName): Text 'Setenta' is set on object 'Object Repository/Regression BackOffice/CLINK - 28718/CaregiverFirst Name'&#xD;
&#xD;
2019-09-19 11:46:38 - [MESSAGE][PASSED] - Text 'Setenta' is set on object 'Object Repository/Regression BackOffice/CLINK - 28718/CaregiverFirst Name'&#xD;
&#xD;
2019-09-19 11:46:38 - [TEST_STEP][PASSED] - delay(2): Delayed 2 second(s)&#xD;
&#xD;
2019-09-19 11:46:40 - [MESSAGE][PASSED] - Delayed 2 second(s)&#xD;
&#xD;
2019-09-19 11:46:40 - [TEST_STEP][PASSED] - waitForElementPresent(findTestObject("Regression BackOffice/CLINK - 28718/CaregiverLast Name"), 50): Object 'Object Repository/Regression BackOffice/CLINK - 28718/CaregiverLast Name' is present&#xD;
&#xD;
2019-09-19 11:46:40 - [MESSAGE][PASSED] - Object 'Object Repository/Regression BackOffice/CLINK - 28718/CaregiverLast Name' is present&#xD;
&#xD;
2019-09-19 11:46:40 - [TEST_STEP][PASSED] - setText(findTestObject("Regression BackOffice/CLINK - 28718/CaregiverLast Name"), G_CareGiverLastName): Text 'Setentilla' is set on object 'Object Repository/Regression BackOffice/CLINK - 28718/CaregiverLast Name'&#xD;
&#xD;
2019-09-19 11:46:40 - [MESSAGE][PASSED] - Text 'Setentilla' is set on object 'Object Repository/Regression BackOffice/CLINK - 28718/CaregiverLast Name'&#xD;
&#xD;
2019-09-19 11:46:40 - [TEST_STEP][PASSED] - delay(2): Delayed 2 second(s)&#xD;
&#xD;
2019-09-19 11:46:42 - [MESSAGE][PASSED] - Delayed 2 second(s)&#xD;
&#xD;
2019-09-19 11:46:42 - [TEST_STEP][PASSED] - waitForElementPresent(findTestObject("Regression BackOffice/CLINK - 28718/SSN"), 50): Object 'Object Repository/Regression BackOffice/CLINK - 28718/SSN' is present&#xD;
&#xD;
2019-09-19 11:46:42 - [MESSAGE][PASSED] - Object 'Object Repository/Regression BackOffice/CLINK - 28718/SSN' is present&#xD;
&#xD;
2019-09-19 11:46:42 - [TEST_STEP][PASSED] - setText(findTestObject("Regression BackOffice/CLINK - 28718/SSN"), G_CaregiverSSN): Text '535870370' is set on object 'Object Repository/Regression BackOffice/CLINK - 28718/SSN'&#xD;
&#xD;
2019-09-19 11:46:42 - [MESSAGE][PASSED] - Text '535870370' is set on object 'Object Repository/Regression BackOffice/CLINK - 28718/SSN'&#xD;
&#xD;
2019-09-19 11:46:42 - [TEST_STEP][PASSED] - delay(2): Delayed 2 second(s)&#xD;
&#xD;
2019-09-19 11:46:44 - [MESSAGE][PASSED] - Delayed 2 second(s)&#xD;
&#xD;
2019-09-19 11:46:44 - [TEST_STEP][PASSED] - waitForElementPresent(findTestObject("Regression BackOffice/CLINK - 28718/CaregiverBttnSearch"), 100): Object 'Object Repository/Regression BackOffice/CLINK - 28718/CaregiverBttnSearch' is present&#xD;
&#xD;
2019-09-19 11:46:45 - [MESSAGE][PASSED] - Object 'Object Repository/Regression BackOffice/CLINK - 28718/CaregiverBttnSearch' is present&#xD;
&#xD;
2019-09-19 11:46:45 - [TEST_STEP][PASSED] - click(findTestObject("Regression BackOffice/CLINK - 28718/CaregiverBttnSearch")): Object: 'Object Repository/Regression BackOffice/CLINK - 28718/CaregiverBttnSearch' is clicked on&#xD;
&#xD;
2019-09-19 11:46:45 - [MESSAGE][PASSED] - Object: 'Object Repository/Regression BackOffice/CLINK - 28718/CaregiverBttnSearch' is clicked on&#xD;
&#xD;
2019-09-19 11:46:45 - [TEST_STEP][PASSED] - delay(2): Delayed 2 second(s)&#xD;
&#xD;
2019-09-19 11:46:47 - [MESSAGE][PASSED] - Delayed 2 second(s)&#xD;
&#xD;
2019-09-19 11:46:47 - [TEST_STEP][PASSED] - waitForElementPresent(findTestObject("Regression BackOffice/CLINK - 28718/Add a new Caregiver Link"), 100): Object 'Object Repository/Regression BackOffice/CLINK - 28718/Add a new Caregiver Link' is present&#xD;
&#xD;
2019-09-19 11:46:47 - [MESSAGE][PASSED] - Object 'Object Repository/Regression BackOffice/CLINK - 28718/Add a new Caregiver Link' is present&#xD;
&#xD;
2019-09-19 11:46:47 - [TEST_STEP][PASSED] - click(findTestObject("Regression BackOffice/CLINK - 28718/Add a new Caregiver Link")): Object: 'Object Repository/Regression BackOffice/CLINK - 28718/Add a new Caregiver Link' is clicked on&#xD;
&#xD;
2019-09-19 11:46:51 - [MESSAGE][PASSED] - Object: 'Object Repository/Regression BackOffice/CLINK - 28718/Add a new Caregiver Link' is clicked on&#xD;
&#xD;
2019-09-19 11:46:51 - [TEST_STEP][PASSED] - delay(2): Delayed 2 second(s)&#xD;
&#xD;
2019-09-19 11:46:53 - [MESSAGE][PASSED] - Delayed 2 second(s)&#xD;
&#xD;
2019-09-19 11:46:53 - [TEST_STEP][PASSED] - waitForPageLoad(50): Wait for page load successfully&#xD;
&#xD;
2019-09-19 11:46:53 - [MESSAGE][PASSED] - Wait for page load successfully&#xD;
&#xD;
2019-09-19 11:46:53 - [TEST_STEP][NOT_RUN] - waitForElementPresent(findTestObject("Regression BackOffice/CLINK - 28718/a_Use This Caregiver"), 100): NOT_RUN: waitForElementPresent(findTestObject("Regression BackOffice/CLINK - 28718/a_Use This Caregiver"), 100)&#xD;
&#xD;
2019-09-19 11:46:53 - [MESSAGE][NOT_RUN] - NOT_RUN: waitForElementPresent(findTestObject("Regression BackOffice/CLINK - 28718/a_Use This Caregiver"), 100)&#xD;
&#xD;
2019-09-19 11:46:53 - [TEST_STEP][NOT_RUN] - click(findTestObject("Regression BackOffice/CLINK - 28718/a_Use This Caregiver")): NOT_RUN: click(findTestObject("Regression BackOffice/CLINK - 28718/a_Use This Caregiver"))&#xD;
&#xD;
2019-09-19 11:46:53 - [MESSAGE][NOT_RUN] - NOT_RUN: click(findTestObject("Regression BackOffice/CLINK - 28718/a_Use This Caregiver"))&#xD;
&#xD;
2019-09-19 11:46:53 - [TEST_STEP][NOT_RUN] - delay(2): NOT_RUN: delay(2)&#xD;
&#xD;
2019-09-19 11:46:53 - [MESSAGE][NOT_RUN] - NOT_RUN: delay(2)&#xD;
&#xD;
2019-09-19 11:46:53 - [TEST_STEP][NOT_RUN] - waitForPageLoad(50): NOT_RUN: waitForPageLoad(50)&#xD;
&#xD;
2019-09-19 11:46:53 - [MESSAGE][NOT_RUN] - NOT_RUN: waitForPageLoad(50)&#xD;
&#xD;
2019-09-19 11:46:53 - [TEST_STEP][PASSED] - waitForElementPresent(findTestObject("Regression BackOffice/CLINK - 28718/General Information/CaregiverType"), 100): Object 'Object Repository/Regression BackOffice/CLINK - 28718/General Information/CaregiverType' is present&#xD;
&#xD;
2019-09-19 11:46:53 - [MESSAGE][PASSED] - Object 'Object Repository/Regression BackOffice/CLINK - 28718/General Information/CaregiverType' is present&#xD;
&#xD;
2019-09-19 11:46:53 - [TEST_STEP][PASSED] - click(findTestObject("Regression BackOffice/CLINK - 28718/General Information/CaregiverType")): Object: 'Object Repository/Regression BackOffice/CLINK - 28718/General Information/CaregiverType' is clicked on&#xD;
&#xD;
2019-09-19 11:46:53 - [MESSAGE][PASSED] - Object: 'Object Repository/Regression BackOffice/CLINK - 28718/General Information/CaregiverType' is clicked on&#xD;
&#xD;
2019-09-19 11:46:53 - [TEST_STEP][PASSED] - delay(2): Delayed 2 second(s)&#xD;
&#xD;
2019-09-19 11:46:55 - [MESSAGE][PASSED] - Delayed 2 second(s)&#xD;
&#xD;
2019-09-19 11:46:55 - [TEST_STEP][PASSED] - sendKeys(findTestObject("Regression BackOffice/CLINK - 28718/General Information/CaregiverType"), Keys.chord(ARROW_DOWN, ENTER)): Keys 'DOWN + ENTER + ' sent to object: 'Object Repository/Regression BackOffice/CLINK - 28718/General Information/CaregiverType'&#xD;
&#xD;
2019-09-19 11:46:55 - [MESSAGE][PASSED] - Keys 'DOWN + ENTER + ' sent to object: 'Object Repository/Regression BackOffice/CLINK - 28718/General Information/CaregiverType'&#xD;
&#xD;
2019-09-19 11:46:55 - [TEST_STEP][PASSED] - delay(2): Delayed 2 second(s)&#xD;
&#xD;
2019-09-19 11:46:57 - [MESSAGE][PASSED] - Delayed 2 second(s)&#xD;
&#xD;
2019-09-19 11:46:57 - [TEST_STEP][PASSED] - waitForElementPresent(findTestObject("Regression BackOffice/CLINK - 28718/General Information/LineOfBusiness"), 100): Object 'Object Repository/Regression BackOffice/CLINK - 28718/General Information/LineOfBusiness' is present&#xD;
&#xD;
2019-09-19 11:46:57 - [MESSAGE][PASSED] - Object 'Object Repository/Regression BackOffice/CLINK - 28718/General Information/LineOfBusiness' is present&#xD;
&#xD;
2019-09-19 11:46:57 - [TEST_STEP][PASSED] - click(findTestObject("Regression BackOffice/CLINK - 28718/General Information/LineOfBusiness")): Object: 'Object Repository/Regression BackOffice/CLINK - 28718/General Information/LineOfBusiness' is clicked on&#xD;
&#xD;
2019-09-19 11:46:58 - [MESSAGE][PASSED] - Object: 'Object Repository/Regression BackOffice/CLINK - 28718/General Information/LineOfBusiness' is clicked on&#xD;
&#xD;
2019-09-19 11:46:58 - [TEST_STEP][PASSED] - delay(2): Delayed 2 second(s)&#xD;
&#xD;
2019-09-19 11:47:00 - [MESSAGE][PASSED] - Delayed 2 second(s)&#xD;
&#xD;
2019-09-19 11:47:00 - [TEST_STEP][PASSED] - sendKeys(findTestObject("Regression BackOffice/CLINK - 28718/General Information/LineOfBusiness"), Keys.chord(ARROW_DOWN, ENTER)): Keys 'DOWN + ENTER + ' sent to object: 'Object Repository/Regression BackOffice/CLINK - 28718/General Information/LineOfBusiness'&#xD;
&#xD;
2019-09-19 11:47:00 - [MESSAGE][PASSED] - Keys 'DOWN + ENTER + ' sent to object: 'Object Repository/Regression BackOffice/CLINK - 28718/General Information/LineOfBusiness'&#xD;
&#xD;
2019-09-19 11:47:00 - [TEST_STEP][PASSED] - delay(2): Delayed 2 second(s)&#xD;
&#xD;
2019-09-19 11:47:02 - [MESSAGE][PASSED] - Delayed 2 second(s)&#xD;
&#xD;
2019-09-19 11:47:02 - [TEST_STEP][NOT_RUN] - waitForElementPresent(findTestObject("Regression BackOffice/CLINK - 28718/General Information/First Name Caregiver"), 50): NOT_RUN: waitForElementPresent(findTestObject("Regression BackOffice/CLINK - 28718/General Information/First Name Caregiver"), 50)&#xD;
&#xD;
2019-09-19 11:47:02 - [MESSAGE][NOT_RUN] - NOT_RUN: waitForElementPresent(findTestObject("Regression BackOffice/CLINK - 28718/General Information/First Name Caregiver"), 50)&#xD;
&#xD;
2019-09-19 11:47:02 - [TEST_STEP][NOT_RUN] - setText(findTestObject("Regression BackOffice/CLINK - 28718/General Information/First Name Caregiver"), G_CaregiverFirstName): NOT_RUN: setText(findTestObject("Regression BackOffice/CLINK - 28718/General Information/First Name Caregiver"), G_CaregiverFirstName)&#xD;
&#xD;
2019-09-19 11:47:02 - [MESSAGE][NOT_RUN] - NOT_RUN: setText(findTestObject("Regression BackOffice/CLINK - 28718/General Information/First Name Caregiver"), G_CaregiverFirstName)&#xD;
&#xD;
2019-09-19 11:47:02 - [TEST_STEP][NOT_RUN] - delay(2): NOT_RUN: delay(2)&#xD;
&#xD;
2019-09-19 11:47:02 - [MESSAGE][NOT_RUN] - NOT_RUN: delay(2)&#xD;
&#xD;
2019-09-19 11:47:02 - [TEST_STEP][NOT_RUN] - waitForElementPresent(findTestObject("Regression BackOffice/CLINK - 28718/General Information/Last Name Caregiver"), 50): NOT_RUN: waitForElementPresent(findTestObject("Regression BackOffice/CLINK - 28718/General Information/Last Name Caregiver"), 50)&#xD;
&#xD;
2019-09-19 11:47:02 - [MESSAGE][NOT_RUN] - NOT_RUN: waitForElementPresent(findTestObject("Regression BackOffice/CLINK - 28718/General Information/Last Name Caregiver"), 50)&#xD;
&#xD;
2019-09-19 11:47:02 - [TEST_STEP][NOT_RUN] - setText(findTestObject("Regression BackOffice/CLINK - 28718/General Information/Last Name Caregiver"), G_CareGiverLastName): NOT_RUN: setText(findTestObject("Regression BackOffice/CLINK - 28718/General Information/Last Name Caregiver"), G_CareGiverLastName)&#xD;
&#xD;
2019-09-19 11:47:02 - [MESSAGE][NOT_RUN] - NOT_RUN: setText(findTestObject("Regression BackOffice/CLINK - 28718/General Information/Last Name Caregiver"), G_CareGiverLastName)&#xD;
&#xD;
2019-09-19 11:47:02 - [TEST_STEP][NOT_RUN] - delay(2): NOT_RUN: delay(2)&#xD;
&#xD;
2019-09-19 11:47:02 - [MESSAGE][NOT_RUN] - NOT_RUN: delay(2)&#xD;
&#xD;
2019-09-19 11:47:02 - [TEST_STEP][NOT_RUN] - waitForElementPresent(findTestObject("Regression BackOffice/CLINK - 28718/General Information/SSNCaregiver"), 50): NOT_RUN: waitForElementPresent(findTestObject("Regression BackOffice/CLINK - 28718/General Information/SSNCaregiver"), 50)&#xD;
&#xD;
2019-09-19 11:47:02 - [MESSAGE][NOT_RUN] - NOT_RUN: waitForElementPresent(findTestObject("Regression BackOffice/CLINK - 28718/General Information/SSNCaregiver"), 50)&#xD;
&#xD;
2019-09-19 11:47:02 - [TEST_STEP][NOT_RUN] - setText(findTestObject("Regression BackOffice/CLINK - 28718/General Information/SSNCaregiver"), G_CaregiverSSN): NOT_RUN: setText(findTestObject("Regression BackOffice/CLINK - 28718/General Information/SSNCaregiver"), G_CaregiverSSN)&#xD;
&#xD;
2019-09-19 11:47:02 - [MESSAGE][NOT_RUN] - NOT_RUN: setText(findTestObject("Regression BackOffice/CLINK - 28718/General Information/SSNCaregiver"), G_CaregiverSSN)&#xD;
&#xD;
2019-09-19 11:47:02 - [TEST_STEP][NOT_RUN] - delay(2): NOT_RUN: delay(2)&#xD;
&#xD;
2019-09-19 11:47:02 - [MESSAGE][NOT_RUN] - NOT_RUN: delay(2)&#xD;
&#xD;
2019-09-19 11:47:02 - [TEST_STEP][PASSED] - setText(findTestObject("Regression BackOffice/CLINK - 28718/Address/Address"), "1628 NW 6 St"): Text '1628 NW 6 St' is set on object 'Object Repository/Regression BackOffice/CLINK - 28718/Address/Address'&#xD;
&#xD;
2019-09-19 11:47:02 - [MESSAGE][PASSED] - Text '1628 NW 6 St' is set on object 'Object Repository/Regression BackOffice/CLINK - 28718/Address/Address'&#xD;
&#xD;
2019-09-19 11:47:02 - [TEST_STEP][PASSED] - delay(3): Delayed 3 second(s)&#xD;
&#xD;
2019-09-19 11:47:05 - [MESSAGE][PASSED] - Delayed 3 second(s)&#xD;
&#xD;
2019-09-19 11:47:05 - [TEST_STEP][PASSED] - setText(findTestObject("Regression BackOffice/CLINK - 28718/Address/City"), "Miami"): Text 'Miami' is set on object 'Object Repository/Regression BackOffice/CLINK - 28718/Address/City'&#xD;
&#xD;
2019-09-19 11:47:05 - [MESSAGE][PASSED] - Text 'Miami' is set on object 'Object Repository/Regression BackOffice/CLINK - 28718/Address/City'&#xD;
&#xD;
2019-09-19 11:47:05 - [TEST_STEP][PASSED] - delay(3): Delayed 3 second(s)&#xD;
&#xD;
2019-09-19 11:47:08 - [MESSAGE][PASSED] - Delayed 3 second(s)&#xD;
&#xD;
2019-09-19 11:47:08 - [TEST_STEP][PASSED] - click(findTestObject("Regression BackOffice/CLINK - 28718/Address/State"), CONTINUE_ON_FAILURE): Object: 'Object Repository/Regression BackOffice/CLINK - 28718/Address/State' is clicked on&#xD;
&#xD;
2019-09-19 11:47:08 - [MESSAGE][PASSED] - Object: 'Object Repository/Regression BackOffice/CLINK - 28718/Address/State' is clicked on&#xD;
&#xD;
2019-09-19 11:47:08 - [TEST_STEP][PASSED] - sendKeys(findTestObject("Regression BackOffice/CLINK - 28718/Address/State"), "Florida"): Keys 'Florida' sent to object: 'Object Repository/Regression BackOffice/CLINK - 28718/Address/State'&#xD;
&#xD;
2019-09-19 11:47:09 - [MESSAGE][PASSED] - Keys 'Florida' sent to object: 'Object Repository/Regression BackOffice/CLINK - 28718/Address/State'&#xD;
&#xD;
2019-09-19 11:47:09 - [TEST_STEP][PASSED] - sendKeys(findTestObject("Regression BackOffice/CLINK - 28718/Address/State"), Keys.chord(ENTER)): Keys 'ENTER + ' sent to object: 'Object Repository/Regression BackOffice/CLINK - 28718/Address/State'&#xD;
&#xD;
2019-09-19 11:47:09 - [MESSAGE][PASSED] - Keys 'ENTER + ' sent to object: 'Object Repository/Regression BackOffice/CLINK - 28718/Address/State'&#xD;
&#xD;
2019-09-19 11:47:09 - [TEST_STEP][PASSED] - delay(5): Delayed 5 second(s)&#xD;
&#xD;
2019-09-19 11:47:14 - [MESSAGE][PASSED] - Delayed 5 second(s)&#xD;
&#xD;
2019-09-19 11:47:14 - [TEST_STEP][PASSED] - click(findTestObject("Regression BackOffice/CLINK - 28718/Address/BtnVerify"), CONTINUE_ON_FAILURE): Object: 'Object Repository/Regression BackOffice/CLINK - 28718/Address/BtnVerify' is clicked on&#xD;
&#xD;
2019-09-19 11:47:14 - [MESSAGE][PASSED] - Object: 'Object Repository/Regression BackOffice/CLINK - 28718/Address/BtnVerify' is clicked on&#xD;
&#xD;
2019-09-19 11:47:14 - [TEST_STEP][PASSED] - delay(5): Delayed 5 second(s)&#xD;
&#xD;
2019-09-19 11:47:19 - [MESSAGE][PASSED] - Delayed 5 second(s)&#xD;
&#xD;
2019-09-19 11:47:19 - [TEST_STEP][PASSED] - click(findTestObject("Regression BackOffice/CLINK - 28718/Address/ChkVerify"), CONTINUE_ON_FAILURE): Object: 'Object Repository/Regression BackOffice/CLINK - 28718/Address/ChkVerify' is clicked on&#xD;
&#xD;
2019-09-19 11:47:19 - [MESSAGE][PASSED] - Object: 'Object Repository/Regression BackOffice/CLINK - 28718/Address/ChkVerify' is clicked on&#xD;
&#xD;
2019-09-19 11:47:19 - [TEST_STEP][PASSED] - delay(3): Delayed 3 second(s)&#xD;
&#xD;
2019-09-19 11:47:22 - [MESSAGE][PASSED] - Delayed 3 second(s)&#xD;
&#xD;
2019-09-19 11:47:22 - [TEST_STEP][PASSED] - waitForElementPresent(findTestObject("Regression BackOffice/CLINK - 28718/Phone/Add New Phone Link"), 100): Object 'Object Repository/Regression BackOffice/CLINK - 28718/Phone/Add New Phone Link' is present&#xD;
&#xD;
2019-09-19 11:47:22 - [MESSAGE][PASSED] - Object 'Object Repository/Regression BackOffice/CLINK - 28718/Phone/Add New Phone Link' is present&#xD;
&#xD;
2019-09-19 11:47:22 - [TEST_STEP][PASSED] - click(findTestObject("Regression BackOffice/CLINK - 28718/Phone/Add New Phone Link")): Object: 'Object Repository/Regression BackOffice/CLINK - 28718/Phone/Add New Phone Link' is clicked on&#xD;
&#xD;
2019-09-19 11:47:22 - [MESSAGE][PASSED] - Object: 'Object Repository/Regression BackOffice/CLINK - 28718/Phone/Add New Phone Link' is clicked on&#xD;
&#xD;
2019-09-19 11:47:22 - [TEST_STEP][PASSED] - delay(2): Delayed 2 second(s)&#xD;
&#xD;
2019-09-19 11:47:24 - [MESSAGE][PASSED] - Delayed 2 second(s)&#xD;
&#xD;
2019-09-19 11:47:24 - [TEST_STEP][PASSED] - click(findTestObject("Regression BackOffice/CLINK - 28718/Phone/PhoneType"), CONTINUE_ON_FAILURE): Object: 'Object Repository/Regression BackOffice/CLINK - 28718/Phone/PhoneType' is clicked on&#xD;
&#xD;
2019-09-19 11:47:25 - [MESSAGE][PASSED] - Object: 'Object Repository/Regression BackOffice/CLINK - 28718/Phone/PhoneType' is clicked on&#xD;
&#xD;
2019-09-19 11:47:25 - [TEST_STEP][PASSED] - sendKeys(findTestObject("Regression BackOffice/CLINK - 28718/Phone/PhoneType"), Keys.chord(ARROW_DOWN, ENTER)): Keys 'DOWN + ENTER + ' sent to object: 'Object Repository/Regression BackOffice/CLINK - 28718/Phone/PhoneType'&#xD;
&#xD;
2019-09-19 11:47:25 - [MESSAGE][PASSED] - Keys 'DOWN + ENTER + ' sent to object: 'Object Repository/Regression BackOffice/CLINK - 28718/Phone/PhoneType'&#xD;
&#xD;
2019-09-19 11:47:25 - [TEST_STEP][PASSED] - delay(3): Delayed 3 second(s)&#xD;
&#xD;
2019-09-19 11:47:28 - [MESSAGE][PASSED] - Delayed 3 second(s)&#xD;
&#xD;
2019-09-19 11:47:28 - [TEST_STEP][PASSED] - setText(findTestObject("Regression BackOffice/CLINK - 28718/Phone/PhoneNumber"), "2345698789"): Text '2345698789' is set on object 'Object Repository/Regression BackOffice/CLINK - 28718/Phone/PhoneNumber'&#xD;
&#xD;
2019-09-19 11:47:28 - [MESSAGE][PASSED] - Text '2345698789' is set on object 'Object Repository/Regression BackOffice/CLINK - 28718/Phone/PhoneNumber'&#xD;
&#xD;
2019-09-19 11:47:28 - [TEST_STEP][PASSED] - delay(3): Delayed 3 second(s)&#xD;
&#xD;
2019-09-19 11:47:31 - [MESSAGE][PASSED] - Delayed 3 second(s)&#xD;
&#xD;
2019-09-19 11:47:31 - [TEST_STEP][PASSED] - waitForElementPresent(findTestObject("Regression BackOffice/CLINK - 28718/Phone/chkisprimary"), 100): Object 'Object Repository/Regression BackOffice/CLINK - 28718/Phone/chkisprimary' is present&#xD;
&#xD;
2019-09-19 11:47:31 - [MESSAGE][PASSED] - Object 'Object Repository/Regression BackOffice/CLINK - 28718/Phone/chkisprimary' is present&#xD;
&#xD;
2019-09-19 11:47:31 - [TEST_STEP][PASSED] - click(findTestObject("Regression BackOffice/CLINK - 28718/Phone/chkisprimary")): Object: 'Object Repository/Regression BackOffice/CLINK - 28718/Phone/chkisprimary' is clicked on&#xD;
&#xD;
2019-09-19 11:47:31 - [MESSAGE][PASSED] - Object: 'Object Repository/Regression BackOffice/CLINK - 28718/Phone/chkisprimary' is clicked on&#xD;
&#xD;
2019-09-19 11:47:31 - [TEST_STEP][PASSED] - delay(2): Delayed 2 second(s)&#xD;
&#xD;
2019-09-19 11:47:33 - [MESSAGE][PASSED] - Delayed 2 second(s)&#xD;
&#xD;
2019-09-19 11:47:33 - [TEST_STEP][PASSED] - waitForElementPresent(findTestObject("Regression BackOffice/CLINK - 28718/Phone/a_Add to List"), 100): Object 'Object Repository/Regression BackOffice/CLINK - 28718/Phone/a_Add to List' is present&#xD;
&#xD;
2019-09-19 11:47:33 - [MESSAGE][PASSED] - Object 'Object Repository/Regression BackOffice/CLINK - 28718/Phone/a_Add to List' is present&#xD;
&#xD;
2019-09-19 11:47:33 - [TEST_STEP][PASSED] - click(findTestObject("Regression BackOffice/CLINK - 28718/Phone/a_Add to List")): Object: 'Object Repository/Regression BackOffice/CLINK - 28718/Phone/a_Add to List' is clicked on&#xD;
&#xD;
2019-09-19 11:47:34 - [MESSAGE][PASSED] - Object: 'Object Repository/Regression BackOffice/CLINK - 28718/Phone/a_Add to List' is clicked on&#xD;
&#xD;
2019-09-19 11:47:34 - [TEST_STEP][PASSED] - delay(2): Delayed 2 second(s)&#xD;
&#xD;
2019-09-19 11:47:36 - [MESSAGE][PASSED] - Delayed 2 second(s)&#xD;
&#xD;
2019-09-19 11:47:36 - [TEST_STEP][PASSED] - scrollToElement(findTestObject("Regression BackOffice/CLINK - 28718/Discipline/Add Discipline"), 100): Scroll to object 'Object Repository/Regression BackOffice/CLINK - 28718/Discipline/Add Discipline' successfully&#xD;
&#xD;
2019-09-19 11:47:36 - [MESSAGE][PASSED] - Scroll to object 'Object Repository/Regression BackOffice/CLINK - 28718/Discipline/Add Discipline' successfully&#xD;
&#xD;
2019-09-19 11:47:36 - [TEST_STEP][PASSED] - click(findTestObject("Regression BackOffice/CLINK - 28718/Discipline/Add Discipline")): Object: 'Object Repository/Regression BackOffice/CLINK - 28718/Discipline/Add Discipline' is clicked on&#xD;
&#xD;
2019-09-19 11:47:36 - [MESSAGE][PASSED] - Object: 'Object Repository/Regression BackOffice/CLINK - 28718/Discipline/Add Discipline' is clicked on&#xD;
&#xD;
2019-09-19 11:47:36 - [TEST_STEP][PASSED] - delay(2): Delayed 2 second(s)&#xD;
&#xD;
2019-09-19 11:47:38 - [MESSAGE][PASSED] - Delayed 2 second(s)&#xD;
&#xD;
2019-09-19 11:47:38 - [TEST_STEP][PASSED] - click(findTestObject("Regression BackOffice/CLINK - 28718/Discipline/DisciplineType"), CONTINUE_ON_FAILURE): Object: 'Object Repository/Regression BackOffice/CLINK - 28718/Discipline/DisciplineType' is clicked on&#xD;
&#xD;
2019-09-19 11:47:38 - [MESSAGE][PASSED] - Object: 'Object Repository/Regression BackOffice/CLINK - 28718/Discipline/DisciplineType' is clicked on&#xD;
&#xD;
2019-09-19 11:47:38 - [TEST_STEP][PASSED] - sendKeys(findTestObject("Regression BackOffice/CLINK - 28718/Discipline/DisciplineType"), "P"): Keys 'P' sent to object: 'Object Repository/Regression BackOffice/CLINK - 28718/Discipline/DisciplineType'&#xD;
&#xD;
2019-09-19 11:47:38 - [MESSAGE][PASSED] - Keys 'P' sent to object: 'Object Repository/Regression BackOffice/CLINK - 28718/Discipline/DisciplineType'&#xD;
&#xD;
2019-09-19 11:47:38 - [TEST_STEP][PASSED] - sendKeys(findTestObject("Regression BackOffice/CLINK - 28718/Discipline/DisciplineType"), Keys.chord(ENTER)): Keys 'ENTER + ' sent to object: 'Object Repository/Regression BackOffice/CLINK - 28718/Discipline/DisciplineType'&#xD;
&#xD;
2019-09-19 11:47:38 - [MESSAGE][PASSED] - Keys 'ENTER + ' sent to object: 'Object Repository/Regression BackOffice/CLINK - 28718/Discipline/DisciplineType'&#xD;
&#xD;
2019-09-19 11:47:38 - [TEST_STEP][NOT_RUN] - sendKeys(findTestObject("Regression BackOffice/CLINK - 28718/Discipline/DisciplineType"), Keys.chord(ARROW_DOWN, ENTER)): NOT_RUN: sendKeys(findTestObject("Regression BackOffice/CLINK - 28718/Discipline/DisciplineType"), Keys.chord(ARROW_DOWN, ENTER))&#xD;
&#xD;
2019-09-19 11:47:38 - [MESSAGE][NOT_RUN] - NOT_RUN: sendKeys(findTestObject("Regression BackOffice/CLINK - 28718/Discipline/DisciplineType"), Keys.chord(ARROW_DOWN, ENTER))&#xD;
&#xD;
2019-09-19 11:47:38 - [TEST_STEP][PASSED] - delay(3): Delayed 3 second(s)&#xD;
&#xD;
2019-09-19 11:47:41 - [MESSAGE][PASSED] - Delayed 3 second(s)&#xD;
&#xD;
2019-09-19 11:47:41 - [TEST_STEP][NOT_RUN] - click(findTestObject("Regression BackOffice/CLINK - 28718/Discipline/Begin Date")): NOT_RUN: click(findTestObject("Regression BackOffice/CLINK - 28718/Discipline/Begin Date"))&#xD;
&#xD;
2019-09-19 11:47:41 - [MESSAGE][NOT_RUN] - NOT_RUN: click(findTestObject("Regression BackOffice/CLINK - 28718/Discipline/Begin Date"))&#xD;
&#xD;
2019-09-19 11:47:41 - [TEST_STEP][PASSED] - sendKeys(findTestObject("Regression BackOffice/CLINK - 28718/Discipline/Begin Date"), "04/24/2019"): Keys '04/24/2019' sent to object: 'Object Repository/Regression BackOffice/CLINK - 28718/Discipline/Begin Date'&#xD;
&#xD;
2019-09-19 11:47:42 - [MESSAGE][PASSED] - Keys '04/24/2019' sent to object: 'Object Repository/Regression BackOffice/CLINK - 28718/Discipline/Begin Date'&#xD;
&#xD;
2019-09-19 11:47:42 - [TEST_STEP][PASSED] - delay(4): Delayed 4 second(s)&#xD;
&#xD;
2019-09-19 11:47:46 - [MESSAGE][PASSED] - Delayed 4 second(s)&#xD;
&#xD;
2019-09-19 11:47:46 - [TEST_STEP][NOT_RUN] - click(findTestObject("Regression BackOffice/CLINK - 28718/Discipline/Effective EndDate")): NOT_RUN: click(findTestObject("Regression BackOffice/CLINK - 28718/Discipline/Effective EndDate"))&#xD;
&#xD;
2019-09-19 11:47:46 - [MESSAGE][NOT_RUN] - NOT_RUN: click(findTestObject("Regression BackOffice/CLINK - 28718/Discipline/Effective EndDate"))&#xD;
&#xD;
2019-09-19 11:47:46 - [TEST_STEP][NOT_RUN] - sendKeys(findTestObject("Regression BackOffice/CLINK - 28718/Discipline/Effective EndDate"), getDate.DateUtilities.getDateMonthDayYearNumberwithSlash()): NOT_RUN: sendKeys(findTestObject("Regression BackOffice/CLINK - 28718/Discipline/Effective EndDate"), getDate.DateUtilities.getDateMonthDayYearNumberwithSlash())&#xD;
&#xD;
2019-09-19 11:47:46 - [MESSAGE][NOT_RUN] - NOT_RUN: sendKeys(findTestObject("Regression BackOffice/CLINK - 28718/Discipline/Effective EndDate"), getDate.DateUtilities.getDateMonthDayYearNumberwithSlash())&#xD;
&#xD;
2019-09-19 11:47:46 - [TEST_STEP][NOT_RUN] - delay(4): NOT_RUN: delay(4)&#xD;
&#xD;
2019-09-19 11:47:46 - [MESSAGE][NOT_RUN] - NOT_RUN: delay(4)&#xD;
&#xD;
2019-09-19 11:47:46 - [TEST_STEP][PASSED] - waitForElementPresent(findTestObject("Regression BackOffice/CLINK - 28718/Discipline/ChkPrimaryDiscipline"), 100): Object 'Object Repository/Regression BackOffice/CLINK - 28718/Discipline/ChkPrimaryDiscipline' is present&#xD;
&#xD;
2019-09-19 11:47:46 - [MESSAGE][PASSED] - Object 'Object Repository/Regression BackOffice/CLINK - 28718/Discipline/ChkPrimaryDiscipline' is present&#xD;
&#xD;
2019-09-19 11:47:46 - [TEST_STEP][PASSED] - click(findTestObject("Regression BackOffice/CLINK - 28718/Discipline/ChkPrimaryDiscipline")): Object: 'Object Repository/Regression BackOffice/CLINK - 28718/Discipline/ChkPrimaryDiscipline' is clicked on&#xD;
&#xD;
2019-09-19 11:47:46 - [MESSAGE][PASSED] - Object: 'Object Repository/Regression BackOffice/CLINK - 28718/Discipline/ChkPrimaryDiscipline' is clicked on&#xD;
&#xD;
2019-09-19 11:47:46 - [TEST_STEP][PASSED] - delay(2): Delayed 2 second(s)&#xD;
&#xD;
2019-09-19 11:47:48 - [MESSAGE][PASSED] - Delayed 2 second(s)&#xD;
&#xD;
2019-09-19 11:47:48 - [TEST_STEP][PASSED] - waitForElementPresent(findTestObject("Regression BackOffice/CLINK - 28718/Discipline/Add to List Discipline"), 100): Object 'Object Repository/Regression BackOffice/CLINK - 28718/Discipline/Add to List Discipline' is present&#xD;
&#xD;
2019-09-19 11:47:48 - [MESSAGE][PASSED] - Object 'Object Repository/Regression BackOffice/CLINK - 28718/Discipline/Add to List Discipline' is present&#xD;
&#xD;
2019-09-19 11:47:48 - [TEST_STEP][PASSED] - click(findTestObject("Regression BackOffice/CLINK - 28718/Discipline/Add to List Discipline")): Object: 'Object Repository/Regression BackOffice/CLINK - 28718/Discipline/Add to List Discipline' is clicked on&#xD;
&#xD;
2019-09-19 11:47:48 - [MESSAGE][PASSED] - Object: 'Object Repository/Regression BackOffice/CLINK - 28718/Discipline/Add to List Discipline' is clicked on&#xD;
&#xD;
2019-09-19 11:47:48 - [TEST_STEP][PASSED] - delay(2): Delayed 2 second(s)&#xD;
&#xD;
2019-09-19 11:47:50 - [MESSAGE][PASSED] - Delayed 2 second(s)&#xD;
&#xD;
2019-09-19 11:47:50 - [TEST_STEP][PASSED] - acceptAlert(): Alert accepted&#xD;
&#xD;
2019-09-19 11:47:50 - [MESSAGE][PASSED] - Alert accepted&#xD;
&#xD;
2019-09-19 11:47:50 - [TEST_STEP][PASSED] - delay(2): Delayed 2 second(s)&#xD;
&#xD;
2019-09-19 11:47:52 - [MESSAGE][PASSED] - Delayed 2 second(s)&#xD;
&#xD;
2019-09-19 11:47:52 - [TEST_STEP][PASSED] - switchToDefaultContent(): null&#xD;
&#xD;
2019-09-19 11:47:52 - [TEST_STEP][PASSED] - switchToFrame(findTestObject("Regression BackOffice/CLINK - 28718/BannerFrame"), 50): null&#xD;
&#xD;
2019-09-19 11:47:53 - [TEST_STEP][PASSED] - waitForElementPresent(findTestObject("Regression BackOffice/CLINK - 28718/bttnSave"), 50): Object 'Object Repository/Regression BackOffice/CLINK - 28718/bttnSave' is present&#xD;
&#xD;
2019-09-19 11:47:53 - [MESSAGE][PASSED] - Object 'Object Repository/Regression BackOffice/CLINK - 28718/bttnSave' is present&#xD;
&#xD;
2019-09-19 11:47:53 - [TEST_STEP][PASSED] - click(findTestObject("Regression BackOffice/CLINK - 28718/bttnSave")): Object: 'Object Repository/Regression BackOffice/CLINK - 28718/bttnSave' is clicked on&#xD;
&#xD;
2019-09-19 11:47:53 - [MESSAGE][PASSED] - Object: 'Object Repository/Regression BackOffice/CLINK - 28718/bttnSave' is clicked on&#xD;
&#xD;
2019-09-19 11:47:53 - [TEST_STEP][PASSED] - delay(3): Delayed 3 second(s)&#xD;
&#xD;
2019-09-19 11:47:56 - [MESSAGE][PASSED] - Delayed 3 second(s)&#xD;
&#xD;
2019-09-19 11:47:56 - [TEST_STEP][PASSED] - switchToDefaultContent(): null&#xD;
&#xD;
2019-09-19 11:47:56 - [TEST_STEP][PASSED] - switchToFrame(findTestObject("Regression BackOffice/CLNK-23449/FrameMain"), 30): null&#xD;
&#xD;
2019-09-19 11:47:56 - [TEST_STEP][PASSED] - click(findTestObject("Regression BackOffice/CLINK - 28718/Date Of Birth"), CONTINUE_ON_FAILURE): Object: 'Object Repository/Regression BackOffice/CLINK - 28718/Date Of Birth' is clicked on&#xD;
&#xD;
2019-09-19 11:47:56 - [MESSAGE][PASSED] - Object: 'Object Repository/Regression BackOffice/CLINK - 28718/Date Of Birth' is clicked on&#xD;
&#xD;
2019-09-19 11:47:56 - [TEST_STEP][PASSED] - sendKeys(findTestObject("Regression BackOffice/CLINK - 28718/Date Of Birth"), "05/23/1970"): Keys '05/23/1970' sent to object: 'Object Repository/Regression BackOffice/CLINK - 28718/Date Of Birth'&#xD;
&#xD;
2019-09-19 11:47:57 - [MESSAGE][PASSED] - Keys '05/23/1970' sent to object: 'Object Repository/Regression BackOffice/CLINK - 28718/Date Of Birth'&#xD;
&#xD;
2019-09-19 11:47:57 - [TEST_STEP][PASSED] - delay(3): Delayed 3 second(s)&#xD;
&#xD;
2019-09-19 11:48:00 - [MESSAGE][PASSED] - Delayed 3 second(s)&#xD;
&#xD;
2019-09-19 11:48:00 - [TEST_STEP][PASSED] - waitForElementPresent(findTestObject("Regression BackOffice/CLINK - 28718/u_Continue"), 100): Object 'Object Repository/Regression BackOffice/CLINK - 28718/u_Continue' is present&#xD;
&#xD;
2019-09-19 11:48:00 - [MESSAGE][PASSED] - Object 'Object Repository/Regression BackOffice/CLINK - 28718/u_Continue' is present&#xD;
&#xD;
2019-09-19 11:48:00 - [TEST_STEP][PASSED] - click(findTestObject("Regression BackOffice/CLINK - 28718/u_Continue")): Object: 'Object Repository/Regression BackOffice/CLINK - 28718/u_Continue' is clicked on&#xD;
&#xD;
2019-09-19 11:48:04 - [MESSAGE][PASSED] - Object: 'Object Repository/Regression BackOffice/CLINK - 28718/u_Continue' is clicked on&#xD;
&#xD;
2019-09-19 11:48:04 - [TEST_STEP][PASSED] - delay(5): Delayed 5 second(s)&#xD;
&#xD;
2019-09-19 11:48:09 - [MESSAGE][PASSED] - Delayed 5 second(s)&#xD;
&#xD;
2019-09-19 11:48:09 - [TEST_STEP][PASSED] - waitForPageLoad(50): Wait for page load successfully&#xD;
&#xD;
2019-09-19 11:48:09 - [MESSAGE][PASSED] - Wait for page load successfully&#xD;
&#xD;
2019-09-19 11:48:09 - [TEST_STEP][PASSED] - switchToDefaultContent(): null&#xD;
&#xD;
2019-09-19 11:48:09 - [TEST_STEP][PASSED] - switchToFrame(findTestObject("Regression BackOffice/CLNK-23449/FrameLeft"), 30): null&#xD;
&#xD;
2019-09-19 11:48:09 - [TEST_STEP][PASSED] - delay(10): Delayed 10 second(s)&#xD;
&#xD;
2019-09-19 11:48:19 - [MESSAGE][PASSED] - Delayed 10 second(s)&#xD;
&#xD;
2019-09-19 11:48:19 - [TEST_STEP][PASSED] - waitForElementPresent(findTestObject("Regression BackOffice/CLINK - 28718/Race and Sex/Caregiver HR Details"), 100): Object 'Object Repository/Regression BackOffice/CLINK - 28718/Race and Sex/Caregiver HR Details' is present&#xD;
&#xD;
2019-09-19 11:48:20 - [MESSAGE][PASSED] - Object 'Object Repository/Regression BackOffice/CLINK - 28718/Race and Sex/Caregiver HR Details' is present&#xD;
&#xD;
2019-09-19 11:48:20 - [TEST_STEP][PASSED] - click(findTestObject("Regression BackOffice/CLINK - 28718/Race and Sex/Caregiver HR Details")): Object: 'Object Repository/Regression BackOffice/CLINK - 28718/Race and Sex/Caregiver HR Details' is clicked on&#xD;
&#xD;
2019-09-19 11:48:20 - [MESSAGE][PASSED] - Object: 'Object Repository/Regression BackOffice/CLINK - 28718/Race and Sex/Caregiver HR Details' is clicked on&#xD;
&#xD;
2019-09-19 11:48:20 - [TEST_STEP][PASSED] - delay(5): Delayed 5 second(s)&#xD;
&#xD;
2019-09-19 11:48:25 - [MESSAGE][PASSED] - Delayed 5 second(s)&#xD;
&#xD;
2019-09-19 11:48:25 - [TEST_STEP][PASSED] - acceptAlert(): Alert accepted&#xD;
&#xD;
2019-09-19 11:48:25 - [MESSAGE][PASSED] - Alert accepted&#xD;
&#xD;
2019-09-19 11:48:25 - [TEST_STEP][PASSED] - switchToDefaultContent(): null&#xD;
&#xD;
2019-09-19 11:48:26 - [TEST_STEP][PASSED] - switchToFrame(findTestObject("Regression BackOffice/CLNK-23449/FrameMain"), 30): null&#xD;
&#xD;
2019-09-19 11:48:26 - [TEST_STEP][PASSED] - delay(2): Delayed 2 second(s)&#xD;
&#xD;
2019-09-19 11:48:28 - [MESSAGE][PASSED] - Delayed 2 second(s)&#xD;
&#xD;
2019-09-19 11:48:28 - [TEST_STEP][NOT_RUN] - waitForElementPresent(findTestObject("Regression BackOffice/CLINK - 28718/General Information/First Name Caregiver"), 50): NOT_RUN: waitForElementPresent(findTestObject("Regression BackOffice/CLINK - 28718/General Information/First Name Caregiver"), 50)&#xD;
&#xD;
2019-09-19 11:48:28 - [MESSAGE][NOT_RUN] - NOT_RUN: waitForElementPresent(findTestObject("Regression BackOffice/CLINK - 28718/General Information/First Name Caregiver"), 50)&#xD;
&#xD;
2019-09-19 11:48:28 - [TEST_STEP][NOT_RUN] - setText(findTestObject("Regression BackOffice/CLINK - 28718/General Information/First Name Caregiver"), G_CaregiverFirstName): NOT_RUN: setText(findTestObject("Regression BackOffice/CLINK - 28718/General Information/First Name Caregiver"), G_CaregiverFirstName)&#xD;
&#xD;
2019-09-19 11:48:28 - [MESSAGE][NOT_RUN] - NOT_RUN: setText(findTestObject("Regression BackOffice/CLINK - 28718/General Information/First Name Caregiver"), G_CaregiverFirstName)&#xD;
&#xD;
2019-09-19 11:48:28 - [TEST_STEP][NOT_RUN] - delay(4): NOT_RUN: delay(4)&#xD;
&#xD;
2019-09-19 11:48:28 - [MESSAGE][NOT_RUN] - NOT_RUN: delay(4)&#xD;
&#xD;
2019-09-19 11:48:28 - [TEST_STEP][NOT_RUN] - waitForElementPresent(findTestObject("Regression BackOffice/CLINK - 28718/General Information/Last Name Caregiver"), 50): NOT_RUN: waitForElementPresent(findTestObject("Regression BackOffice/CLINK - 28718/General Information/Last Name Caregiver"), 50)&#xD;
&#xD;
2019-09-19 11:48:28 - [MESSAGE][NOT_RUN] - NOT_RUN: waitForElementPresent(findTestObject("Regression BackOffice/CLINK - 28718/General Information/Last Name Caregiver"), 50)&#xD;
&#xD;
2019-09-19 11:48:28 - [TEST_STEP][NOT_RUN] - setText(findTestObject("Regression BackOffice/CLINK - 28718/General Information/Last Name Caregiver"), G_CareGiverLastName): NOT_RUN: setText(findTestObject("Regression BackOffice/CLINK - 28718/General Information/Last Name Caregiver"), G_CareGiverLastName)&#xD;
&#xD;
2019-09-19 11:48:28 - [MESSAGE][NOT_RUN] - NOT_RUN: setText(findTestObject("Regression BackOffice/CLINK - 28718/General Information/Last Name Caregiver"), G_CareGiverLastName)&#xD;
&#xD;
2019-09-19 11:48:28 - [TEST_STEP][NOT_RUN] - delay(2): NOT_RUN: delay(2)&#xD;
&#xD;
2019-09-19 11:48:28 - [MESSAGE][NOT_RUN] - NOT_RUN: delay(2)&#xD;
&#xD;
2019-09-19 11:48:28 - [TEST_STEP][NOT_RUN] - waitForElementPresent(findTestObject("Regression BackOffice/CLINK - 28718/CaregiverBttnSearch"), 100): NOT_RUN: waitForElementPresent(findTestObject("Regression BackOffice/CLINK - 28718/CaregiverBttnSearch"), 100)&#xD;
&#xD;
2019-09-19 11:48:28 - [MESSAGE][NOT_RUN] - NOT_RUN: waitForElementPresent(findTestObject("Regression BackOffice/CLINK - 28718/CaregiverBttnSearch"), 100)&#xD;
&#xD;
2019-09-19 11:48:28 - [TEST_STEP][NOT_RUN] - click(findTestObject("Regression BackOffice/CLINK - 28718/CaregiverBttnSearch")): NOT_RUN: click(findTestObject("Regression BackOffice/CLINK - 28718/CaregiverBttnSearch"))&#xD;
&#xD;
2019-09-19 11:48:28 - [MESSAGE][NOT_RUN] - NOT_RUN: click(findTestObject("Regression BackOffice/CLINK - 28718/CaregiverBttnSearch"))&#xD;
&#xD;
2019-09-19 11:48:28 - [TEST_STEP][NOT_RUN] - delay(5): NOT_RUN: delay(5)&#xD;
&#xD;
2019-09-19 11:48:28 - [MESSAGE][NOT_RUN] - NOT_RUN: delay(5)&#xD;
&#xD;
2019-09-19 11:48:28 - [TEST_STEP][NOT_RUN] - waitForElementPresent(findTestObject("Regression BackOffice/CLINK - 28718/CaregiverLink"), 100): NOT_RUN: waitForElementPresent(findTestObject("Regression BackOffice/CLINK - 28718/CaregiverLink"), 100)&#xD;
&#xD;
2019-09-19 11:48:28 - [MESSAGE][NOT_RUN] - NOT_RUN: waitForElementPresent(findTestObject("Regression BackOffice/CLINK - 28718/CaregiverLink"), 100)&#xD;
&#xD;
2019-09-19 11:48:28 - [TEST_STEP][NOT_RUN] - click(findTestObject("Regression BackOffice/CLINK - 28718/CaregiverLink")): NOT_RUN: click(findTestObject("Regression BackOffice/CLINK - 28718/CaregiverLink"))&#xD;
&#xD;
2019-09-19 11:48:28 - [MESSAGE][NOT_RUN] - NOT_RUN: click(findTestObject("Regression BackOffice/CLINK - 28718/CaregiverLink"))&#xD;
&#xD;
2019-09-19 11:48:28 - [TEST_STEP][NOT_RUN] - delay(5): NOT_RUN: delay(5)&#xD;
&#xD;
2019-09-19 11:48:28 - [MESSAGE][NOT_RUN] - NOT_RUN: delay(5)&#xD;
&#xD;
2019-09-19 11:48:28 - [TEST_STEP][PASSED] - scrollToElement(findTestObject("Regression BackOffice/CLINK - 28718/Race and Sex/ChkSameAddress"), 100): Scroll to object 'Object Repository/Regression BackOffice/CLINK - 28718/Race and Sex/ChkSameAddress' successfully&#xD;
&#xD;
2019-09-19 11:48:28 - [MESSAGE][PASSED] - Scroll to object 'Object Repository/Regression BackOffice/CLINK - 28718/Race and Sex/ChkSameAddress' successfully&#xD;
&#xD;
2019-09-19 11:48:28 - [TEST_STEP][PASSED] - click(findTestObject("Regression BackOffice/CLINK - 28718/Race and Sex/ChkSameAddress")): Object: 'Object Repository/Regression BackOffice/CLINK - 28718/Race and Sex/ChkSameAddress' is clicked on&#xD;
&#xD;
2019-09-19 11:48:28 - [MESSAGE][PASSED] - Object: 'Object Repository/Regression BackOffice/CLINK - 28718/Race and Sex/ChkSameAddress' is clicked on&#xD;
&#xD;
2019-09-19 11:48:28 - [TEST_STEP][PASSED] - delay(5): Delayed 5 second(s)&#xD;
&#xD;
2019-09-19 11:48:33 - [MESSAGE][PASSED] - Delayed 5 second(s)&#xD;
&#xD;
2019-09-19 11:48:33 - [TEST_STEP][PASSED] - click(findTestObject("Regression BackOffice/CLINK - 28718/Race and Sex/RaceType"), CONTINUE_ON_FAILURE): Object: 'Object Repository/Regression BackOffice/CLINK - 28718/Race and Sex/RaceType' is clicked on&#xD;
&#xD;
2019-09-19 11:48:33 - [MESSAGE][PASSED] - Object: 'Object Repository/Regression BackOffice/CLINK - 28718/Race and Sex/RaceType' is clicked on&#xD;
&#xD;
2019-09-19 11:48:33 - [TEST_STEP][PASSED] - sendKeys(findTestObject("Regression BackOffice/CLINK - 28718/Race and Sex/RaceType"), Keys.chord(ARROW_UP, ARROW_UP, ENTER)): Keys 'UP + UP + ENTER + ' sent to object: 'Object Repository/Regression BackOffice/CLINK - 28718/Race and Sex/RaceType'&#xD;
&#xD;
2019-09-19 11:48:34 - [MESSAGE][PASSED] - Keys 'UP + UP + ENTER + ' sent to object: 'Object Repository/Regression BackOffice/CLINK - 28718/Race and Sex/RaceType'&#xD;
&#xD;
2019-09-19 11:48:34 - [TEST_STEP][PASSED] - delay(3): Delayed 3 second(s)&#xD;
&#xD;
2019-09-19 11:48:37 - [MESSAGE][PASSED] - Delayed 3 second(s)&#xD;
&#xD;
2019-09-19 11:48:37 - [TEST_STEP][PASSED] - waitForElementPresent(findTestObject("Regression BackOffice/CLINK - 28718/Race and Sex/SexType"), 50): Object 'Object Repository/Regression BackOffice/CLINK - 28718/Race and Sex/SexType' is present&#xD;
&#xD;
2019-09-19 11:48:37 - [MESSAGE][PASSED] - Object 'Object Repository/Regression BackOffice/CLINK - 28718/Race and Sex/SexType' is present&#xD;
&#xD;
2019-09-19 11:48:37 - [TEST_STEP][PASSED] - click(findTestObject("Regression BackOffice/CLINK - 28718/Race and Sex/SexType"), CONTINUE_ON_FAILURE): Object: 'Object Repository/Regression BackOffice/CLINK - 28718/Race and Sex/SexType' is clicked on&#xD;
&#xD;
2019-09-19 11:48:37 - [MESSAGE][PASSED] - Object: 'Object Repository/Regression BackOffice/CLINK - 28718/Race and Sex/SexType' is clicked on&#xD;
&#xD;
2019-09-19 11:48:37 - [TEST_STEP][PASSED] - delay(3): Delayed 3 second(s)&#xD;
&#xD;
2019-09-19 11:48:40 - [MESSAGE][PASSED] - Delayed 3 second(s)&#xD;
&#xD;
2019-09-19 11:48:40 - [TEST_STEP][PASSED] - click(findTestObject("Regression BackOffice/CLINK - 28718/Race and Sex/Date Of Hire"), CONTINUE_ON_FAILURE): Object: 'Object Repository/Regression BackOffice/CLINK - 28718/Race and Sex/Date Of Hire' is clicked on&#xD;
&#xD;
2019-09-19 11:48:40 - [MESSAGE][PASSED] - Object: 'Object Repository/Regression BackOffice/CLINK - 28718/Race and Sex/Date Of Hire' is clicked on&#xD;
&#xD;
2019-09-19 11:48:40 - [TEST_STEP][PASSED] - sendKeys(findTestObject("Regression BackOffice/CLINK - 28718/Race and Sex/Date Of Hire"), "04/24/2019"): Keys '04/24/2019' sent to object: 'Object Repository/Regression BackOffice/CLINK - 28718/Race and Sex/Date Of Hire'&#xD;
&#xD;
2019-09-19 11:48:40 - [MESSAGE][PASSED] - Keys '04/24/2019' sent to object: 'Object Repository/Regression BackOffice/CLINK - 28718/Race and Sex/Date Of Hire'&#xD;
&#xD;
2019-09-19 11:48:40 - [TEST_STEP][PASSED] - delay(3): Delayed 3 second(s)&#xD;
&#xD;
2019-09-19 11:48:43 - [MESSAGE][PASSED] - Delayed 3 second(s)&#xD;
&#xD;
2019-09-19 11:48:43 - [TEST_STEP][PASSED] - switchToDefaultContent(): null&#xD;
&#xD;
2019-09-19 11:48:43 - [TEST_STEP][PASSED] - switchToFrame(findTestObject("Regression BackOffice/CLINK - 28718/BannerFrame"), 50): null&#xD;
&#xD;
2019-09-19 11:48:43 - [TEST_STEP][PASSED] - waitForElementPresent(findTestObject("Regression BackOffice/CLINK - 28718/bttnSaveII"), 50): Object 'Object Repository/Regression BackOffice/CLINK - 28718/bttnSaveII' is present&#xD;
&#xD;
2019-09-19 11:48:43 - [MESSAGE][PASSED] - Object 'Object Repository/Regression BackOffice/CLINK - 28718/bttnSaveII' is present&#xD;
&#xD;
2019-09-19 11:48:43 - [TEST_STEP][PASSED] - click(findTestObject("Regression BackOffice/CLINK - 28718/bttnSaveII")): Object: 'Object Repository/Regression BackOffice/CLINK - 28718/bttnSaveII' is clicked on&#xD;
&#xD;
2019-09-19 11:48:45 - [MESSAGE][PASSED] - Object: 'Object Repository/Regression BackOffice/CLINK - 28718/bttnSaveII' is clicked on&#xD;
&#xD;
2019-09-19 11:48:45 - [TEST_STEP][PASSED] - delay(3): Delayed 3 second(s)&#xD;
&#xD;
2019-09-19 11:48:48 - [MESSAGE][PASSED] - Delayed 3 second(s)&#xD;
&#xD;
2019-09-19 11:48:48 - [TEST_STEP][PASSED] - switchToDefaultContent(): null&#xD;
&#xD;
2019-09-19 11:48:48 - [TEST_STEP][PASSED] - switchToFrame(findTestObject("Regression BackOffice/CLNK-23449/FrameLeft"), 30): null&#xD;
&#xD;
2019-09-19 11:48:48 - [TEST_STEP][PASSED] - waitForElementPresent(findTestObject("Regression BackOffice/CLINK - 28718/Locations/Caregiver Locations"), 100): Object 'Object Repository/Regression BackOffice/CLINK - 28718/Locations/Caregiver Locations' is present&#xD;
&#xD;
2019-09-19 11:48:48 - [MESSAGE][PASSED] - Object 'Object Repository/Regression BackOffice/CLINK - 28718/Locations/Caregiver Locations' is present&#xD;
&#xD;
2019-09-19 11:48:48 - [TEST_STEP][PASSED] - click(findTestObject("Regression BackOffice/CLINK - 28718/Locations/Caregiver Locations")): Object: 'Object Repository/Regression BackOffice/CLINK - 28718/Locations/Caregiver Locations' is clicked on&#xD;
&#xD;
2019-09-19 11:48:49 - [MESSAGE][PASSED] - Object: 'Object Repository/Regression BackOffice/CLINK - 28718/Locations/Caregiver Locations' is clicked on&#xD;
&#xD;
2019-09-19 11:48:49 - [TEST_STEP][PASSED] - delay(2): Delayed 2 second(s)&#xD;
&#xD;
2019-09-19 11:48:51 - [MESSAGE][PASSED] - Delayed 2 second(s)&#xD;
&#xD;
2019-09-19 11:48:51 - [TEST_STEP][PASSED] - switchToDefaultContent(): null&#xD;
&#xD;
2019-09-19 11:48:51 - [TEST_STEP][PASSED] - switchToFrame(findTestObject("Regression BackOffice/CLNK-23449/FrameMain"), 30): null&#xD;
&#xD;
2019-09-19 11:48:51 - [TEST_STEP][PASSED] - delay(5): Delayed 5 second(s)&#xD;
&#xD;
2019-09-19 11:48:56 - [MESSAGE][PASSED] - Delayed 5 second(s)&#xD;
&#xD;
2019-09-19 11:48:56 - [TEST_STEP][PASSED] - waitForElementPresent(findTestObject("Regression BackOffice/CLINK - 28718/Locations/Add New Caregiver Location"), 100): Object 'Object Repository/Regression BackOffice/CLINK - 28718/Locations/Add New Caregiver Location' is present&#xD;
&#xD;
2019-09-19 11:48:56 - [MESSAGE][PASSED] - Object 'Object Repository/Regression BackOffice/CLINK - 28718/Locations/Add New Caregiver Location' is present&#xD;
&#xD;
2019-09-19 11:48:56 - [TEST_STEP][PASSED] - click(findTestObject("Regression BackOffice/CLINK - 28718/Locations/Add New Caregiver Location")): Object: 'Object Repository/Regression BackOffice/CLINK - 28718/Locations/Add New Caregiver Location' is clicked on&#xD;
&#xD;
2019-09-19 11:48:57 - [MESSAGE][PASSED] - Object: 'Object Repository/Regression BackOffice/CLINK - 28718/Locations/Add New Caregiver Location' is clicked on&#xD;
&#xD;
2019-09-19 11:48:57 - [TEST_STEP][PASSED] - delay(5): Delayed 5 second(s)&#xD;
&#xD;
2019-09-19 11:49:02 - [MESSAGE][PASSED] - Delayed 5 second(s)&#xD;
&#xD;
2019-09-19 11:49:02 - [TEST_STEP][PASSED] - waitForElementPresent(findTestObject("Regression BackOffice/CLINK - 28718/Locations/ZoneNameType"), 100): Object 'Object Repository/Regression BackOffice/CLINK - 28718/Locations/ZoneNameType' is present&#xD;
&#xD;
2019-09-19 11:49:02 - [MESSAGE][PASSED] - Object 'Object Repository/Regression BackOffice/CLINK - 28718/Locations/ZoneNameType' is present&#xD;
&#xD;
2019-09-19 11:49:02 - [TEST_STEP][PASSED] - click(findTestObject("Regression BackOffice/CLINK - 28718/Locations/ZoneNameType")): Object: 'Object Repository/Regression BackOffice/CLINK - 28718/Locations/ZoneNameType' is clicked on&#xD;
&#xD;
2019-09-19 11:49:02 - [MESSAGE][PASSED] - Object: 'Object Repository/Regression BackOffice/CLINK - 28718/Locations/ZoneNameType' is clicked on&#xD;
&#xD;
2019-09-19 11:49:02 - [TEST_STEP][PASSED] - delay(3): Delayed 3 second(s)&#xD;
&#xD;
2019-09-19 11:49:05 - [MESSAGE][PASSED] - Delayed 3 second(s)&#xD;
&#xD;
2019-09-19 11:49:05 - [TEST_STEP][PASSED] - sendKeys(findTestObject("Regression BackOffice/CLINK - 28718/Locations/ZoneNameType"), Keys.chord(ARROW_DOWN, ARROW_DOWN, ENTER)): Keys 'DOWN + DOWN + ENTER + ' sent to object: 'Object Repository/Regression BackOffice/CLINK - 28718/Locations/ZoneNameType'&#xD;
&#xD;
2019-09-19 11:49:05 - [MESSAGE][PASSED] - Keys 'DOWN + DOWN + ENTER + ' sent to object: 'Object Repository/Regression BackOffice/CLINK - 28718/Locations/ZoneNameType'&#xD;
&#xD;
2019-09-19 11:49:05 - [TEST_STEP][PASSED] - delay(5): Delayed 5 second(s)&#xD;
&#xD;
2019-09-19 11:49:10 - [MESSAGE][PASSED] - Delayed 5 second(s)&#xD;
&#xD;
2019-09-19 11:49:10 - [TEST_STEP][PASSED] - waitForElementPresent(findTestObject("Regression BackOffice/CLINK - 28718/Locations/City"), 100): Object 'Object Repository/Regression BackOffice/CLINK - 28718/Locations/City' is present&#xD;
&#xD;
2019-09-19 11:49:10 - [MESSAGE][PASSED] - Object 'Object Repository/Regression BackOffice/CLINK - 28718/Locations/City' is present&#xD;
&#xD;
2019-09-19 11:49:10 - [TEST_STEP][PASSED] - click(findTestObject("Regression BackOffice/CLINK - 28718/Locations/City")): Object: 'Object Repository/Regression BackOffice/CLINK - 28718/Locations/City' is clicked on&#xD;
&#xD;
2019-09-19 11:49:10 - [MESSAGE][PASSED] - Object: 'Object Repository/Regression BackOffice/CLINK - 28718/Locations/City' is clicked on&#xD;
&#xD;
2019-09-19 11:49:10 - [TEST_STEP][PASSED] - delay(5): Delayed 5 second(s)&#xD;
&#xD;
2019-09-19 11:49:15 - [MESSAGE][PASSED] - Delayed 5 second(s)&#xD;
&#xD;
2019-09-19 11:49:15 - [TEST_STEP][PASSED] - waitForElementPresent(findTestObject("Regression BackOffice/CLINK - 28718/Locations/a_Add To List"), 100): Object 'Object Repository/Regression BackOffice/CLINK - 28718/Locations/a_Add To List' is present&#xD;
&#xD;
2019-09-19 11:49:15 - [MESSAGE][PASSED] - Object 'Object Repository/Regression BackOffice/CLINK - 28718/Locations/a_Add To List' is present&#xD;
&#xD;
2019-09-19 11:49:15 - [TEST_STEP][PASSED] - click(findTestObject("Regression BackOffice/CLINK - 28718/Locations/a_Add To List")): Object: 'Object Repository/Regression BackOffice/CLINK - 28718/Locations/a_Add To List' is clicked on&#xD;
&#xD;
2019-09-19 11:49:15 - [MESSAGE][PASSED] - Object: 'Object Repository/Regression BackOffice/CLINK - 28718/Locations/a_Add To List' is clicked on&#xD;
&#xD;
2019-09-19 11:49:15 - [TEST_STEP][PASSED] - delay(5): Delayed 5 second(s)&#xD;
&#xD;
2019-09-19 11:49:20 - [MESSAGE][PASSED] - Delayed 5 second(s)&#xD;
&#xD;
2019-09-19 11:49:20 - [TEST_STEP][PASSED] - switchToDefaultContent(): null&#xD;
&#xD;
2019-09-19 11:49:20 - [TEST_STEP][PASSED] - switchToFrame(findTestObject("Regression BackOffice/CLINK - 28718/BannerFrame"), 50): null&#xD;
&#xD;
2019-09-19 11:49:21 - [TEST_STEP][PASSED] - waitForElementPresent(findTestObject("Regression BackOffice/CLINK - 28718/Locations/_bttnSaveLocations"), 50): Object 'Object Repository/Regression BackOffice/CLINK - 28718/Locations/_bttnSaveLocations' is present&#xD;
&#xD;
2019-09-19 11:49:21 - [MESSAGE][PASSED] - Object 'Object Repository/Regression BackOffice/CLINK - 28718/Locations/_bttnSaveLocations' is present&#xD;
&#xD;
2019-09-19 11:49:21 - [TEST_STEP][PASSED] - click(findTestObject("Regression BackOffice/CLINK - 28718/Locations/_bttnSaveLocations")): Object: 'Object Repository/Regression BackOffice/CLINK - 28718/Locations/_bttnSaveLocations' is clicked on&#xD;
&#xD;
2019-09-19 11:49:22 - [MESSAGE][PASSED] - Object: 'Object Repository/Regression BackOffice/CLINK - 28718/Locations/_bttnSaveLocations' is clicked on&#xD;
&#xD;
2019-09-19 11:49:22 - [TEST_STEP][PASSED] - delay(3): Delayed 3 second(s)&#xD;
&#xD;
2019-09-19 11:49:25 - [MESSAGE][PASSED] - Delayed 3 second(s)&#xD;
&#xD;
2019-09-19 11:49:25 - [TEST_STEP][PASSED] - switchToDefaultContent(): null&#xD;
&#xD;
2019-09-19 11:49:25 - [TEST_STEP][PASSED] - switchToFrame(findTestObject("Regression BackOffice/CLNK-23449/FrameLeft"), 30): null&#xD;
&#xD;
2019-09-19 11:49:25 - [TEST_STEP][PASSED] - waitForElementPresent(findTestObject("Regression BackOffice/CLINK - 28718/License/Caregiver Attributes"), 100): Object 'Object Repository/Regression BackOffice/CLINK - 28718/License/Caregiver Attributes' is present&#xD;
&#xD;
2019-09-19 11:49:25 - [MESSAGE][PASSED] - Object 'Object Repository/Regression BackOffice/CLINK - 28718/License/Caregiver Attributes' is present&#xD;
&#xD;
2019-09-19 11:49:25 - [TEST_STEP][PASSED] - click(findTestObject("Regression BackOffice/CLINK - 28718/License/Caregiver Attributes")): Object: 'Object Repository/Regression BackOffice/CLINK - 28718/License/Caregiver Attributes' is clicked on&#xD;
&#xD;
2019-09-19 11:49:26 - [MESSAGE][PASSED] - Object: 'Object Repository/Regression BackOffice/CLINK - 28718/License/Caregiver Attributes' is clicked on&#xD;
&#xD;
2019-09-19 11:49:26 - [TEST_STEP][PASSED] - delay(2): Delayed 2 second(s)&#xD;
&#xD;
2019-09-19 11:49:28 - [MESSAGE][PASSED] - Delayed 2 second(s)&#xD;
&#xD;
2019-09-19 11:49:28 - [TEST_STEP][PASSED] - switchToDefaultContent(): null&#xD;
&#xD;
2019-09-19 11:49:28 - [TEST_STEP][PASSED] - switchToFrame(findTestObject("Regression BackOffice/CLNK-23449/FrameMain"), 30): null&#xD;
&#xD;
2019-09-19 11:49:28 - [TEST_STEP][PASSED] - delay(5): Delayed 5 second(s)&#xD;
&#xD;
2019-09-19 11:49:33 - [MESSAGE][PASSED] - Delayed 5 second(s)&#xD;
&#xD;
2019-09-19 11:49:33 - [TEST_STEP][PASSED] - waitForElementPresent(findTestObject("Regression BackOffice/CLINK - 28718/License/EditAttrbiute"), 100): Object 'Object Repository/Regression BackOffice/CLINK - 28718/License/EditAttrbiute' is present&#xD;
&#xD;
2019-09-19 11:49:33 - [MESSAGE][PASSED] - Object 'Object Repository/Regression BackOffice/CLINK - 28718/License/EditAttrbiute' is present&#xD;
&#xD;
2019-09-19 11:49:33 - [TEST_STEP][PASSED] - click(findTestObject("Regression BackOffice/CLINK - 28718/License/EditAttrbiute")): Object: 'Object Repository/Regression BackOffice/CLINK - 28718/License/EditAttrbiute' is clicked on&#xD;
&#xD;
2019-09-19 11:49:33 - [MESSAGE][PASSED] - Object: 'Object Repository/Regression BackOffice/CLINK - 28718/License/EditAttrbiute' is clicked on&#xD;
&#xD;
2019-09-19 11:49:33 - [TEST_STEP][PASSED] - delay(5): Delayed 5 second(s)&#xD;
&#xD;
2019-09-19 11:49:38 - [MESSAGE][PASSED] - Delayed 5 second(s)&#xD;
&#xD;
2019-09-19 11:49:38 - [TEST_STEP][PASSED] - click(findTestObject("Regression BackOffice/CLINK - 28718/Attributes/Hoyer Lift/CertificationType"), CONTINUE_ON_FAILURE): Object: 'Object Repository/Regression BackOffice/CLINK - 28718/Attributes/Hoyer Lift/CertificationType' is clicked on&#xD;
&#xD;
2019-09-19 11:49:39 - [MESSAGE][PASSED] - Object: 'Object Repository/Regression BackOffice/CLINK - 28718/Attributes/Hoyer Lift/CertificationType' is clicked on&#xD;
&#xD;
2019-09-19 11:49:39 - [TEST_STEP][PASSED] - sendKeys(findTestObject("Regression BackOffice/CLINK - 28718/Attributes/Hoyer Lift/CertificationType"), "Type"): Keys 'Type' sent to object: 'Object Repository/Regression BackOffice/CLINK - 28718/Attributes/Hoyer Lift/CertificationType'&#xD;
&#xD;
2019-09-19 11:49:39 - [MESSAGE][PASSED] - Keys 'Type' sent to object: 'Object Repository/Regression BackOffice/CLINK - 28718/Attributes/Hoyer Lift/CertificationType'&#xD;
&#xD;
2019-09-19 11:49:39 - [TEST_STEP][PASSED] - delay(3): Delayed 3 second(s)&#xD;
&#xD;
2019-09-19 11:49:42 - [MESSAGE][PASSED] - Delayed 3 second(s)&#xD;
&#xD;
2019-09-19 11:49:42 - [TEST_STEP][PASSED] - click(findTestObject("Regression BackOffice/CLINK - 28718/Attributes/Hoyer Lift/CertificateProfessional"), CONTINUE_ON_FAILURE): Object: 'Object Repository/Regression BackOffice/CLINK - 28718/Attributes/Hoyer Lift/CertificateProfessional' is clicked on&#xD;
&#xD;
2019-09-19 11:49:42 - [MESSAGE][PASSED] - Object: 'Object Repository/Regression BackOffice/CLINK - 28718/Attributes/Hoyer Lift/CertificateProfessional' is clicked on&#xD;
&#xD;
2019-09-19 11:49:42 - [TEST_STEP][PASSED] - sendKeys(findTestObject("Regression BackOffice/CLINK - 28718/Attributes/Hoyer Lift/CertificateProfessional"), "Profesional"): Keys 'Profesional' sent to object: 'Object Repository/Regression BackOffice/CLINK - 28718/Attributes/Hoyer Lift/CertificateProfessional'&#xD;
&#xD;
2019-09-19 11:49:42 - [MESSAGE][PASSED] - Keys 'Profesional' sent to object: 'Object Repository/Regression BackOffice/CLINK - 28718/Attributes/Hoyer Lift/CertificateProfessional'&#xD;
&#xD;
2019-09-19 11:49:42 - [TEST_STEP][PASSED] - delay(3): Delayed 3 second(s)&#xD;
&#xD;
2019-09-19 11:49:45 - [MESSAGE][PASSED] - Delayed 3 second(s)&#xD;
&#xD;
2019-09-19 11:49:45 - [TEST_STEP][PASSED] - click(findTestObject("Regression BackOffice/CLINK - 28718/Attributes/Hoyer Lift/CertificateOrganization"), CONTINUE_ON_FAILURE): Object: 'Object Repository/Regression BackOffice/CLINK - 28718/Attributes/Hoyer Lift/CertificateOrganization' is clicked on&#xD;
&#xD;
2019-09-19 11:49:45 - [MESSAGE][PASSED] - Object: 'Object Repository/Regression BackOffice/CLINK - 28718/Attributes/Hoyer Lift/CertificateOrganization' is clicked on&#xD;
&#xD;
2019-09-19 11:49:45 - [TEST_STEP][PASSED] - sendKeys(findTestObject("Regression BackOffice/CLINK - 28718/Attributes/Hoyer Lift/CertificateOrganization"), "Organization"): Keys 'Organization' sent to object: 'Object Repository/Regression BackOffice/CLINK - 28718/Attributes/Hoyer Lift/CertificateOrganization'&#xD;
&#xD;
2019-09-19 11:49:45 - [MESSAGE][PASSED] - Keys 'Organization' sent to object: 'Object Repository/Regression BackOffice/CLINK - 28718/Attributes/Hoyer Lift/CertificateOrganization'&#xD;
&#xD;
2019-09-19 11:49:45 - [TEST_STEP][PASSED] - delay(3): Delayed 3 second(s)&#xD;
&#xD;
2019-09-19 11:49:49 - [MESSAGE][PASSED] - Delayed 3 second(s)&#xD;
&#xD;
2019-09-19 11:49:49 - [TEST_STEP][NOT_RUN] - click(findTestObject("Regression BackOffice/CLINK - 28718/License/License Expiration Date")): NOT_RUN: click(findTestObject("Regression BackOffice/CLINK - 28718/License/License Expiration Date"))&#xD;
&#xD;
2019-09-19 11:49:49 - [MESSAGE][NOT_RUN] - NOT_RUN: click(findTestObject("Regression BackOffice/CLINK - 28718/License/License Expiration Date"))&#xD;
&#xD;
2019-09-19 11:49:49 - [TEST_STEP][NOT_RUN] - sendKeys(findTestObject("Regression BackOffice/CLINK - 28718/License/License Expiration Date"), getDate.DateUtilities.getDateMonthDayYearNumberwithSlash()): NOT_RUN: sendKeys(findTestObject("Regression BackOffice/CLINK - 28718/License/License Expiration Date"), getDate.DateUtilities.getDateMonthDayYearNumberwithSlash())&#xD;
&#xD;
2019-09-19 11:49:49 - [MESSAGE][NOT_RUN] - NOT_RUN: sendKeys(findTestObject("Regression BackOffice/CLINK - 28718/License/License Expiration Date"), getDate.DateUtilities.getDateMonthDayYearNumberwithSlash())&#xD;
&#xD;
2019-09-19 11:49:49 - [TEST_STEP][NOT_RUN] - delay(3): NOT_RUN: delay(3)&#xD;
&#xD;
2019-09-19 11:49:49 - [MESSAGE][NOT_RUN] - NOT_RUN: delay(3)&#xD;
&#xD;
2019-09-19 11:49:49 - [TEST_STEP][NOT_RUN] - click(findTestObject("Regression BackOffice/CLINK - 28718/License/License Renewal Date")): NOT_RUN: click(findTestObject("Regression BackOffice/CLINK - 28718/License/License Renewal Date"))&#xD;
&#xD;
2019-09-19 11:49:49 - [MESSAGE][NOT_RUN] - NOT_RUN: click(findTestObject("Regression BackOffice/CLINK - 28718/License/License Renewal Date"))&#xD;
&#xD;
2019-09-19 11:49:49 - [TEST_STEP][NOT_RUN] - sendKeys(findTestObject("Regression BackOffice/CLINK - 28718/License/License Renewal Date"), getDate.DateUtilities.getDateMonthDayYearNumberwithSlash()): NOT_RUN: sendKeys(findTestObject("Regression BackOffice/CLINK - 28718/License/License Renewal Date"), getDate.DateUtilities.getDateMonthDayYearNumberwithSlash())&#xD;
&#xD;
2019-09-19 11:49:49 - [MESSAGE][NOT_RUN] - NOT_RUN: sendKeys(findTestObject("Regression BackOffice/CLINK - 28718/License/License Renewal Date"), getDate.DateUtilities.getDateMonthDayYearNumberwithSlash())&#xD;
&#xD;
2019-09-19 11:49:49 - [TEST_STEP][NOT_RUN] - delay(3): NOT_RUN: delay(3)&#xD;
&#xD;
2019-09-19 11:49:49 - [MESSAGE][NOT_RUN] - NOT_RUN: delay(3)&#xD;
&#xD;
2019-09-19 11:49:49 - [TEST_STEP][PASSED] - waitForElementPresent(findTestObject("Regression BackOffice/CLINK - 28718/Attributes/Hoyer Lift/CertificateIssuedDate"), 50): Object 'Object Repository/Regression BackOffice/CLINK - 28718/Attributes/Hoyer Lift/CertificateIssuedDate' is present&#xD;
&#xD;
2019-09-19 11:49:49 - [MESSAGE][PASSED] - Object 'Object Repository/Regression BackOffice/CLINK - 28718/Attributes/Hoyer Lift/CertificateIssuedDate' is present&#xD;
&#xD;
2019-09-19 11:49:49 - [TEST_STEP][PASSED] - click(findTestObject("Regression BackOffice/CLINK - 28718/Attributes/Hoyer Lift/CertificateIssuedDate"), CONTINUE_ON_FAILURE): Object: 'Object Repository/Regression BackOffice/CLINK - 28718/Attributes/Hoyer Lift/CertificateIssuedDate' is clicked on&#xD;
&#xD;
2019-09-19 11:49:49 - [MESSAGE][PASSED] - Object: 'Object Repository/Regression BackOffice/CLINK - 28718/Attributes/Hoyer Lift/CertificateIssuedDate' is clicked on&#xD;
&#xD;
2019-09-19 11:49:49 - [TEST_STEP][PASSED] - sendKeys(findTestObject("Regression BackOffice/CLINK - 28718/Attributes/Hoyer Lift/CertificateIssuedDate"), getDate.DateUtilities.getDateMonthDayYearNumberwithSlash()): Keys '09/19/2019' sent to object: 'Object Repository/Regression BackOffice/CLINK - 28718/Attributes/Hoyer Lift/CertificateIssuedDate'&#xD;
&#xD;
2019-09-19 11:49:49 - [MESSAGE][PASSED] - getDate.DateUtilities.getDateMonthDayYearNumberwithSlash is PASSED&#xD;
&#xD;
2019-09-19 11:49:49 - [MESSAGE][PASSED] - Keys '09/19/2019' sent to object: 'Object Repository/Regression BackOffice/CLINK - 28718/Attributes/Hoyer Lift/CertificateIssuedDate'&#xD;
&#xD;
2019-09-19 11:49:49 - [TEST_STEP][PASSED] - delay(2): Delayed 2 second(s)&#xD;
&#xD;
2019-09-19 11:49:51 - [MESSAGE][PASSED] - Delayed 2 second(s)&#xD;
&#xD;
2019-09-19 11:49:51 - [TEST_STEP][PASSED] - waitForElementPresent(findTestObject("Regression BackOffice/CLINK - 28718/Attributes/Hoyer Lift/CertificateExpirationDate"), 50): Object 'Object Repository/Regression BackOffice/CLINK - 28718/Attributes/Hoyer Lift/CertificateExpirationDate' is present&#xD;
&#xD;
2019-09-19 11:49:51 - [MESSAGE][PASSED] - Object 'Object Repository/Regression BackOffice/CLINK - 28718/Attributes/Hoyer Lift/CertificateExpirationDate' is present&#xD;
&#xD;
2019-09-19 11:49:51 - [TEST_STEP][PASSED] - click(findTestObject("Regression BackOffice/CLINK - 28718/Attributes/Hoyer Lift/CertificateExpirationDate"), CONTINUE_ON_FAILURE): Object: 'Object Repository/Regression BackOffice/CLINK - 28718/Attributes/Hoyer Lift/CertificateExpirationDate' is clicked on&#xD;
&#xD;
2019-09-19 11:49:51 - [MESSAGE][PASSED] - Object: 'Object Repository/Regression BackOffice/CLINK - 28718/Attributes/Hoyer Lift/CertificateExpirationDate' is clicked on&#xD;
&#xD;
2019-09-19 11:49:51 - [TEST_STEP][PASSED] - sendKeys(findTestObject("Regression BackOffice/CLINK - 28718/Attributes/Hoyer Lift/CertificateExpirationDate"), "12/05/2019"): Keys '12/05/2019' sent to object: 'Object Repository/Regression BackOffice/CLINK - 28718/Attributes/Hoyer Lift/CertificateExpirationDate'&#xD;
&#xD;
2019-09-19 11:49:52 - [MESSAGE][PASSED] - Keys '12/05/2019' sent to object: 'Object Repository/Regression BackOffice/CLINK - 28718/Attributes/Hoyer Lift/CertificateExpirationDate'&#xD;
&#xD;
2019-09-19 11:49:52 - [TEST_STEP][PASSED] - delay(2): Delayed 2 second(s)&#xD;
&#xD;
2019-09-19 11:49:54 - [MESSAGE][PASSED] - Delayed 2 second(s)&#xD;
&#xD;
2019-09-19 11:49:54 - [TEST_STEP][NOT_RUN] - waitForElementPresent(findTestObject("Regression BackOffice/CLINK - 28718/Attributes/Hoyer Lift/CertificateCheckedDate"), 50): NOT_RUN: waitForElementPresent(findTestObject("Regression BackOffice/CLINK - 28718/Attributes/Hoyer Lift/CertificateCheckedDate"), 50)&#xD;
&#xD;
2019-09-19 11:49:54 - [MESSAGE][NOT_RUN] - NOT_RUN: waitForElementPresent(findTestObject("Regression BackOffice/CLINK - 28718/Attributes/Hoyer Lift/CertificateCheckedDate"), 50)&#xD;
&#xD;
2019-09-19 11:49:54 - [TEST_STEP][NOT_RUN] - click(findTestObject("Regression BackOffice/CLINK - 28718/Attributes/Hoyer Lift/CertificateIssuedDate"), CONTINUE_ON_FAILURE): NOT_RUN: click(findTestObject("Regression BackOffice/CLINK - 28718/Attributes/Hoyer Lift/CertificateIssuedDate"), CONTINUE_ON_FAILURE)&#xD;
&#xD;
2019-09-19 11:49:54 - [MESSAGE][NOT_RUN] - NOT_RUN: click(findTestObject("Regression BackOffice/CLINK - 28718/Attributes/Hoyer Lift/CertificateIssuedDate"), CONTINUE_ON_FAILURE)&#xD;
&#xD;
2019-09-19 11:49:54 - [TEST_STEP][NOT_RUN] - sendKeys(findTestObject("Regression BackOffice/CLINK - 28718/Attributes/Hoyer Lift/CertificateIssuedDate"), getDate.DateUtilities.getDateMonthDayYearNumberwithSlash()): NOT_RUN: sendKeys(findTestObject("Regression BackOffice/CLINK - 28718/Attributes/Hoyer Lift/CertificateIssuedDate"), getDate.DateUtilities.getDateMonthDayYearNumberwithSlash())&#xD;
&#xD;
2019-09-19 11:49:54 - [MESSAGE][NOT_RUN] - NOT_RUN: sendKeys(findTestObject("Regression BackOffice/CLINK - 28718/Attributes/Hoyer Lift/CertificateIssuedDate"), getDate.DateUtilities.getDateMonthDayYearNumberwithSlash())&#xD;
&#xD;
2019-09-19 11:49:54 - [TEST_STEP][NOT_RUN] - delay(2): NOT_RUN: delay(2)&#xD;
&#xD;
2019-09-19 11:49:54 - [MESSAGE][NOT_RUN] - NOT_RUN: delay(2)&#xD;
&#xD;
2019-09-19 11:49:54 - [TEST_STEP][PASSED] - waitForElementPresent(findTestObject("Regression BackOffice/CLINK - 28718/Attributes/Hoyer Lift/CertificateCheckedBy"), 50): Object 'Object Repository/Regression BackOffice/CLINK - 28718/Attributes/Hoyer Lift/CertificateCheckedBy' is present&#xD;
&#xD;
2019-09-19 11:49:54 - [MESSAGE][PASSED] - Object 'Object Repository/Regression BackOffice/CLINK - 28718/Attributes/Hoyer Lift/CertificateCheckedBy' is present&#xD;
&#xD;
2019-09-19 11:49:54 - [TEST_STEP][PASSED] - click(findTestObject("Regression BackOffice/CLINK - 28718/Attributes/Hoyer Lift/CertificateCheckedBy"), CONTINUE_ON_FAILURE): Object: 'Object Repository/Regression BackOffice/CLINK - 28718/Attributes/Hoyer Lift/CertificateCheckedBy' is clicked on&#xD;
&#xD;
2019-09-19 11:49:54 - [MESSAGE][PASSED] - Object: 'Object Repository/Regression BackOffice/CLINK - 28718/Attributes/Hoyer Lift/CertificateCheckedBy' is clicked on&#xD;
&#xD;
2019-09-19 11:49:54 - [TEST_STEP][PASSED] - sendKeys(findTestObject("Regression BackOffice/CLINK - 28718/Attributes/Hoyer Lift/CertificateCheckedBy"), "Isaac"): Keys 'Isaac' sent to object: 'Object Repository/Regression BackOffice/CLINK - 28718/Attributes/Hoyer Lift/CertificateCheckedBy'&#xD;
&#xD;
2019-09-19 11:49:54 - [MESSAGE][PASSED] - Keys 'Isaac' sent to object: 'Object Repository/Regression BackOffice/CLINK - 28718/Attributes/Hoyer Lift/CertificateCheckedBy'&#xD;
&#xD;
2019-09-19 11:49:54 - [TEST_STEP][PASSED] - delay(2): Delayed 2 second(s)&#xD;
&#xD;
2019-09-19 11:49:56 - [MESSAGE][PASSED] - Delayed 2 second(s)&#xD;
&#xD;
2019-09-19 11:49:56 - [TEST_STEP][PASSED] - waitForElementPresent(findTestObject("Regression BackOffice/CLINK - 28718/Attributes/Hoyer Lift/CertificateCheckedDate"), 50): Object 'Object Repository/Regression BackOffice/CLINK - 28718/Attributes/Hoyer Lift/CertificateCheckedDate' is present&#xD;
&#xD;
2019-09-19 11:49:56 - [MESSAGE][PASSED] - Object 'Object Repository/Regression BackOffice/CLINK - 28718/Attributes/Hoyer Lift/CertificateCheckedDate' is present&#xD;
&#xD;
2019-09-19 11:49:56 - [TEST_STEP][PASSED] - click(findTestObject("Regression BackOffice/CLINK - 28718/Attributes/Hoyer Lift/CertificateCheckedDate"), CONTINUE_ON_FAILURE): Object: 'Object Repository/Regression BackOffice/CLINK - 28718/Attributes/Hoyer Lift/CertificateCheckedDate' is clicked on&#xD;
&#xD;
2019-09-19 11:49:56 - [MESSAGE][PASSED] - Object: 'Object Repository/Regression BackOffice/CLINK - 28718/Attributes/Hoyer Lift/CertificateCheckedDate' is clicked on&#xD;
&#xD;
2019-09-19 11:49:56 - [TEST_STEP][PASSED] - sendKeys(findTestObject("Regression BackOffice/CLINK - 28718/Attributes/Hoyer Lift/CertificateCheckedDate"), getDate.DateUtilities.getDateMonthDayYearNumberwithSlash()): Keys '09/19/2019' sent to object: 'Object Repository/Regression BackOffice/CLINK - 28718/Attributes/Hoyer Lift/CertificateCheckedDate'&#xD;
&#xD;
2019-09-19 11:49:56 - [MESSAGE][PASSED] - getDate.DateUtilities.getDateMonthDayYearNumberwithSlash is PASSED&#xD;
&#xD;
2019-09-19 11:49:56 - [MESSAGE][PASSED] - Keys '09/19/2019' sent to object: 'Object Repository/Regression BackOffice/CLINK - 28718/Attributes/Hoyer Lift/CertificateCheckedDate'&#xD;
&#xD;
2019-09-19 11:49:56 - [TEST_STEP][PASSED] - delay(2): Delayed 2 second(s)&#xD;
&#xD;
2019-09-19 11:49:58 - [MESSAGE][PASSED] - Delayed 2 second(s)&#xD;
&#xD;
2019-09-19 11:49:58 - [TEST_STEP][PASSED] - waitForElementPresent(findTestObject("Regression BackOffice/CLINK - 28718/Attributes/Hoyer Lift/a_Add To List"), 50): Object 'Object Repository/Regression BackOffice/CLINK - 28718/Attributes/Hoyer Lift/a_Add To List' is present&#xD;
&#xD;
2019-09-19 11:49:58 - [MESSAGE][PASSED] - Object 'Object Repository/Regression BackOffice/CLINK - 28718/Attributes/Hoyer Lift/a_Add To List' is present&#xD;
&#xD;
2019-09-19 11:49:58 - [TEST_STEP][PASSED] - click(findTestObject("Regression BackOffice/CLINK - 28718/Attributes/Hoyer Lift/a_Add To List"), CONTINUE_ON_FAILURE): Object: 'Object Repository/Regression BackOffice/CLINK - 28718/Attributes/Hoyer Lift/a_Add To List' is clicked on&#xD;
&#xD;
2019-09-19 11:49:59 - [MESSAGE][PASSED] - Object: 'Object Repository/Regression BackOffice/CLINK - 28718/Attributes/Hoyer Lift/a_Add To List' is clicked on&#xD;
&#xD;
2019-09-19 11:49:59 - [TEST_STEP][PASSED] - delay(2): Delayed 2 second(s)&#xD;
&#xD;
2019-09-19 11:50:01 - [MESSAGE][PASSED] - Delayed 2 second(s)&#xD;
&#xD;
2019-09-19 11:50:01 - [TEST_STEP][PASSED] - waitForElementPresent(findTestObject("Regression BackOffice/CLINK - 28718/Attributes/HIPAA/HIPPA Signal"), 100): Object 'Object Repository/Regression BackOffice/CLINK - 28718/Attributes/HIPAA/HIPPA Signal' is present&#xD;
&#xD;
2019-09-19 11:50:01 - [MESSAGE][PASSED] - Object 'Object Repository/Regression BackOffice/CLINK - 28718/Attributes/HIPAA/HIPPA Signal' is present&#xD;
&#xD;
2019-09-19 11:50:01 - [TEST_STEP][PASSED] - click(findTestObject("Regression BackOffice/CLINK - 28718/Attributes/HIPAA/HIPPA Signal")): Object: 'Object Repository/Regression BackOffice/CLINK - 28718/Attributes/HIPAA/HIPPA Signal' is clicked on&#xD;
&#xD;
2019-09-19 11:50:01 - [MESSAGE][PASSED] - Object: 'Object Repository/Regression BackOffice/CLINK - 28718/Attributes/HIPAA/HIPPA Signal' is clicked on&#xD;
&#xD;
2019-09-19 11:50:01 - [TEST_STEP][PASSED] - delay(5): Delayed 5 second(s)&#xD;
&#xD;
2019-09-19 11:50:06 - [MESSAGE][PASSED] - Delayed 5 second(s)&#xD;
&#xD;
2019-09-19 11:50:06 - [TEST_STEP][PASSED] - waitForElementPresent(findTestObject("Regression BackOffice/CLINK - 28718/Attributes/HIPAA/Remarks"), 50): Object 'Object Repository/Regression BackOffice/CLINK - 28718/Attributes/HIPAA/Remarks' is present&#xD;
&#xD;
2019-09-19 11:50:06 - [MESSAGE][PASSED] - Object 'Object Repository/Regression BackOffice/CLINK - 28718/Attributes/HIPAA/Remarks' is present&#xD;
&#xD;
2019-09-19 11:50:06 - [TEST_STEP][PASSED] - click(findTestObject("Regression BackOffice/CLINK - 28718/Attributes/HIPAA/Remarks"), CONTINUE_ON_FAILURE): Object: 'Object Repository/Regression BackOffice/CLINK - 28718/Attributes/HIPAA/Remarks' is clicked on&#xD;
&#xD;
2019-09-19 11:50:06 - [MESSAGE][PASSED] - Object: 'Object Repository/Regression BackOffice/CLINK - 28718/Attributes/HIPAA/Remarks' is clicked on&#xD;
&#xD;
2019-09-19 11:50:06 - [TEST_STEP][PASSED] - sendKeys(findTestObject("Regression BackOffice/CLINK - 28718/Attributes/HIPAA/Remarks"), "Remark"): Keys 'Remark' sent to object: 'Object Repository/Regression BackOffice/CLINK - 28718/Attributes/HIPAA/Remarks'&#xD;
&#xD;
2019-09-19 11:50:06 - [MESSAGE][PASSED] - Keys 'Remark' sent to object: 'Object Repository/Regression BackOffice/CLINK - 28718/Attributes/HIPAA/Remarks'&#xD;
&#xD;
2019-09-19 11:50:06 - [TEST_STEP][PASSED] - delay(2): Delayed 2 second(s)&#xD;
&#xD;
2019-09-19 11:50:08 - [MESSAGE][PASSED] - Delayed 2 second(s)&#xD;
&#xD;
2019-09-19 11:50:08 - [TEST_STEP][PASSED] - waitForElementPresent(findTestObject("Regression BackOffice/CLINK - 28718/Attributes/HIPAA/CheckedBy"), 50): Object 'Object Repository/Regression BackOffice/CLINK - 28718/Attributes/HIPAA/CheckedBy' is present&#xD;
&#xD;
2019-09-19 11:50:08 - [MESSAGE][PASSED] - Object 'Object Repository/Regression BackOffice/CLINK - 28718/Attributes/HIPAA/CheckedBy' is present&#xD;
&#xD;
2019-09-19 11:50:08 - [TEST_STEP][PASSED] - click(findTestObject("Regression BackOffice/CLINK - 28718/Attributes/HIPAA/CheckedBy"), CONTINUE_ON_FAILURE): Object: 'Object Repository/Regression BackOffice/CLINK - 28718/Attributes/HIPAA/CheckedBy' is clicked on&#xD;
&#xD;
2019-09-19 11:50:09 - [MESSAGE][PASSED] - Object: 'Object Repository/Regression BackOffice/CLINK - 28718/Attributes/HIPAA/CheckedBy' is clicked on&#xD;
&#xD;
2019-09-19 11:50:09 - [TEST_STEP][PASSED] - sendKeys(findTestObject("Regression BackOffice/CLINK - 28718/Attributes/HIPAA/CheckedBy"), "Isaac"): Keys 'Isaac' sent to object: 'Object Repository/Regression BackOffice/CLINK - 28718/Attributes/HIPAA/CheckedBy'&#xD;
&#xD;
2019-09-19 11:50:09 - [MESSAGE][PASSED] - Keys 'Isaac' sent to object: 'Object Repository/Regression BackOffice/CLINK - 28718/Attributes/HIPAA/CheckedBy'&#xD;
&#xD;
2019-09-19 11:50:09 - [TEST_STEP][PASSED] - delay(2): Delayed 2 second(s)&#xD;
&#xD;
2019-09-19 11:50:11 - [MESSAGE][PASSED] - Delayed 2 second(s)&#xD;
&#xD;
2019-09-19 11:50:11 - [TEST_STEP][PASSED] - waitForElementPresent(findTestObject("Regression BackOffice/CLINK - 28718/Attributes/HIPAA/CheckedDate"), 50): Object 'Object Repository/Regression BackOffice/CLINK - 28718/Attributes/HIPAA/CheckedDate' is present&#xD;
&#xD;
2019-09-19 11:50:11 - [MESSAGE][PASSED] - Object 'Object Repository/Regression BackOffice/CLINK - 28718/Attributes/HIPAA/CheckedDate' is present&#xD;
&#xD;
2019-09-19 11:50:11 - [TEST_STEP][PASSED] - click(findTestObject("Regression BackOffice/CLINK - 28718/Attributes/HIPAA/CheckedDate"), CONTINUE_ON_FAILURE): Object: 'Object Repository/Regression BackOffice/CLINK - 28718/Attributes/HIPAA/CheckedDate' is clicked on&#xD;
&#xD;
2019-09-19 11:50:11 - [MESSAGE][PASSED] - Object: 'Object Repository/Regression BackOffice/CLINK - 28718/Attributes/HIPAA/CheckedDate' is clicked on&#xD;
&#xD;
2019-09-19 11:50:11 - [TEST_STEP][PASSED] - sendKeys(findTestObject("Regression BackOffice/CLINK - 28718/Attributes/HIPAA/CheckedDate"), getDate.DateUtilities.getDateMonthDayYearNumberwithSlash()): Keys '09/19/2019' sent to object: 'Object Repository/Regression BackOffice/CLINK - 28718/Attributes/HIPAA/CheckedDate'&#xD;
&#xD;
2019-09-19 11:50:11 - [MESSAGE][PASSED] - getDate.DateUtilities.getDateMonthDayYearNumberwithSlash is PASSED&#xD;
&#xD;
2019-09-19 11:50:11 - [MESSAGE][PASSED] - Keys '09/19/2019' sent to object: 'Object Repository/Regression BackOffice/CLINK - 28718/Attributes/HIPAA/CheckedDate'&#xD;
&#xD;
2019-09-19 11:50:11 - [TEST_STEP][PASSED] - delay(2): Delayed 2 second(s)&#xD;
&#xD;
2019-09-19 11:50:13 - [MESSAGE][PASSED] - Delayed 2 second(s)&#xD;
&#xD;
2019-09-19 11:50:13 - [TEST_STEP][PASSED] - waitForElementPresent(findTestObject("Regression BackOffice/CLINK - 28718/Attributes/HIPAA/a_Add To List"), 50): Object 'Object Repository/Regression BackOffice/CLINK - 28718/Attributes/HIPAA/a_Add To List' is present&#xD;
&#xD;
2019-09-19 11:50:13 - [MESSAGE][PASSED] - Object 'Object Repository/Regression BackOffice/CLINK - 28718/Attributes/HIPAA/a_Add To List' is present&#xD;
&#xD;
2019-09-19 11:50:13 - [TEST_STEP][PASSED] - click(findTestObject("Regression BackOffice/CLINK - 28718/Attributes/HIPAA/a_Add To List"), CONTINUE_ON_FAILURE): Object: 'Object Repository/Regression BackOffice/CLINK - 28718/Attributes/HIPAA/a_Add To List' is clicked on&#xD;
&#xD;
2019-09-19 11:50:13 - [MESSAGE][PASSED] - Object: 'Object Repository/Regression BackOffice/CLINK - 28718/Attributes/HIPAA/a_Add To List' is clicked on&#xD;
&#xD;
2019-09-19 11:50:13 - [TEST_STEP][PASSED] - delay(2): Delayed 2 second(s)&#xD;
&#xD;
2019-09-19 11:50:15 - [MESSAGE][PASSED] - Delayed 2 second(s)&#xD;
&#xD;
2019-09-19 11:50:15 - [TEST_STEP][NOT_RUN] - sendKeys(findTestObject("Regression BackOffice/CLINK - 28718/License/input_State Issued _txtStateIssued"), "AC"): NOT_RUN: sendKeys(findTestObject("Regression BackOffice/CLINK - 28718/License/input_State Issued _txtStateIssued"), "AC")&#xD;
&#xD;
2019-09-19 11:50:15 - [MESSAGE][NOT_RUN] - NOT_RUN: sendKeys(findTestObject("Regression BackOffice/CLINK - 28718/License/input_State Issued _txtStateIssued"), "AC")&#xD;
&#xD;
2019-09-19 11:50:15 - [TEST_STEP][NOT_RUN] - delay(3): NOT_RUN: delay(3)&#xD;
&#xD;
2019-09-19 11:50:15 - [MESSAGE][NOT_RUN] - NOT_RUN: delay(3)&#xD;
&#xD;
2019-09-19 11:50:15 - [TEST_STEP][NOT_RUN] - click(findTestObject("Regression BackOffice/CLINK - 28718/License/License Checked"), CONTINUE_ON_FAILURE): NOT_RUN: click(findTestObject("Regression BackOffice/CLINK - 28718/License/License Checked"), CONTINUE_ON_FAILURE)&#xD;
&#xD;
2019-09-19 11:50:15 - [MESSAGE][NOT_RUN] - NOT_RUN: click(findTestObject("Regression BackOffice/CLINK - 28718/License/License Checked"), CONTINUE_ON_FAILURE)&#xD;
&#xD;
2019-09-19 11:50:15 - [TEST_STEP][NOT_RUN] - delay(2): NOT_RUN: delay(2)&#xD;
&#xD;
2019-09-19 11:50:15 - [MESSAGE][NOT_RUN] - NOT_RUN: delay(2)&#xD;
&#xD;
2019-09-19 11:50:15 - [TEST_STEP][NOT_RUN] - sendKeys(findTestObject("Regression BackOffice/CLINK - 28718/License/License Checked"), "Isaac"): NOT_RUN: sendKeys(findTestObject("Regression BackOffice/CLINK - 28718/License/License Checked"), "Isaac")&#xD;
&#xD;
2019-09-19 11:50:15 - [MESSAGE][NOT_RUN] - NOT_RUN: sendKeys(findTestObject("Regression BackOffice/CLINK - 28718/License/License Checked"), "Isaac")&#xD;
&#xD;
2019-09-19 11:50:15 - [TEST_STEP][NOT_RUN] - delay(3): NOT_RUN: delay(3)&#xD;
&#xD;
2019-09-19 11:50:15 - [MESSAGE][NOT_RUN] - NOT_RUN: delay(3)&#xD;
&#xD;
2019-09-19 11:50:15 - [TEST_STEP][NOT_RUN] - click(findTestObject("Regression BackOffice/CLINK - 28718/License/License Checked Date")): NOT_RUN: click(findTestObject("Regression BackOffice/CLINK - 28718/License/License Checked Date"))&#xD;
&#xD;
2019-09-19 11:50:15 - [MESSAGE][NOT_RUN] - NOT_RUN: click(findTestObject("Regression BackOffice/CLINK - 28718/License/License Checked Date"))&#xD;
&#xD;
2019-09-19 11:50:15 - [TEST_STEP][NOT_RUN] - sendKeys(findTestObject("Regression BackOffice/CLINK - 28718/License/License Checked Date"), getDate.DateUtilities.getDateMonthDayYearNumberwithSlash()): NOT_RUN: sendKeys(findTestObject("Regression BackOffice/CLINK - 28718/License/License Checked Date"), getDate.DateUtilities.getDateMonthDayYearNumberwithSlash())&#xD;
&#xD;
2019-09-19 11:50:15 - [MESSAGE][NOT_RUN] - NOT_RUN: sendKeys(findTestObject("Regression BackOffice/CLINK - 28718/License/License Checked Date"), getDate.DateUtilities.getDateMonthDayYearNumberwithSlash())&#xD;
&#xD;
2019-09-19 11:50:15 - [TEST_STEP][NOT_RUN] - delay(3): NOT_RUN: delay(3)&#xD;
&#xD;
2019-09-19 11:50:15 - [MESSAGE][NOT_RUN] - NOT_RUN: delay(3)&#xD;
&#xD;
2019-09-19 11:50:15 - [TEST_STEP][NOT_RUN] - waitForElementPresent(findTestObject("Regression BackOffice/CLINK - 28718/License/Add To List License"), 100): NOT_RUN: waitForElementPresent(findTestObject("Regression BackOffice/CLINK - 28718/License/Add To List License"), 100)&#xD;
&#xD;
2019-09-19 11:50:15 - [MESSAGE][NOT_RUN] - NOT_RUN: waitForElementPresent(findTestObject("Regression BackOffice/CLINK - 28718/License/Add To List License"), 100)&#xD;
&#xD;
2019-09-19 11:50:15 - [TEST_STEP][NOT_RUN] - click(findTestObject("Regression BackOffice/CLINK - 28718/License/Add To List License")): NOT_RUN: click(findTestObject("Regression BackOffice/CLINK - 28718/License/Add To List License"))&#xD;
&#xD;
2019-09-19 11:50:15 - [MESSAGE][NOT_RUN] - NOT_RUN: click(findTestObject("Regression BackOffice/CLINK - 28718/License/Add To List License"))&#xD;
&#xD;
2019-09-19 11:50:15 - [TEST_STEP][NOT_RUN] - delay(5): NOT_RUN: delay(5)&#xD;
&#xD;
2019-09-19 11:50:15 - [MESSAGE][NOT_RUN] - NOT_RUN: delay(5)&#xD;
&#xD;
2019-09-19 11:50:15 - [TEST_STEP][PASSED] - switchToDefaultContent(): null&#xD;
&#xD;
2019-09-19 11:50:15 - [TEST_STEP][PASSED] - switchToFrame(findTestObject("Regression BackOffice/CLINK - 28718/BannerFrame"), 50): null&#xD;
&#xD;
2019-09-19 11:50:16 - [TEST_STEP][PASSED] - waitForElementPresent(findTestObject("Regression BackOffice/CLINK - 28718/License/_btnSaveLicense"), 50): Object 'Object Repository/Regression BackOffice/CLINK - 28718/License/_btnSaveLicense' is present&#xD;
&#xD;
2019-09-19 11:50:16 - [MESSAGE][PASSED] - Object 'Object Repository/Regression BackOffice/CLINK - 28718/License/_btnSaveLicense' is present&#xD;
&#xD;
2019-09-19 11:50:16 - [TEST_STEP][PASSED] - click(findTestObject("Regression BackOffice/CLINK - 28718/License/_btnSaveLicense")): Object: 'Object Repository/Regression BackOffice/CLINK - 28718/License/_btnSaveLicense' is clicked on&#xD;
&#xD;
2019-09-19 11:50:18 - [MESSAGE][PASSED] - Object: 'Object Repository/Regression BackOffice/CLINK - 28718/License/_btnSaveLicense' is clicked on&#xD;
&#xD;
2019-09-19 11:50:18 - [TEST_STEP][PASSED] - delay(3): Delayed 3 second(s)&#xD;
&#xD;
2019-09-19 11:50:21 - [MESSAGE][PASSED] - Delayed 3 second(s)&#xD;
&#xD;
2019-09-19 11:50:21 - [TEST_STEP][PASSED] - switchToDefaultContent(): null&#xD;
&#xD;
2019-09-19 11:50:21 - [TEST_STEP][PASSED] - switchToFrame(findTestObject("Regression BackOffice/CLNK-23449/FrameLeft"), 30): null&#xD;
&#xD;
2019-09-19 11:50:21 - [TEST_STEP][PASSED] - waitForElementPresent(findTestObject("Regression BackOffice/CLINK - 28718/Active/Caregiver Demographics"), 100): Object 'Object Repository/Regression BackOffice/CLINK - 28718/Active/Caregiver Demographics' is present&#xD;
&#xD;
2019-09-19 11:50:21 - [MESSAGE][PASSED] - Object 'Object Repository/Regression BackOffice/CLINK - 28718/Active/Caregiver Demographics' is present&#xD;
&#xD;
2019-09-19 11:50:21 - [TEST_STEP][PASSED] - click(findTestObject("Regression BackOffice/CLINK - 28718/Active/Caregiver Demographics")): Object: 'Object Repository/Regression BackOffice/CLINK - 28718/Active/Caregiver Demographics' is clicked on&#xD;
&#xD;
2019-09-19 11:50:24 - [MESSAGE][PASSED] - Object: 'Object Repository/Regression BackOffice/CLINK - 28718/Active/Caregiver Demographics' is clicked on&#xD;
&#xD;
2019-09-19 11:50:24 - [TEST_STEP][PASSED] - delay(2): Delayed 2 second(s)&#xD;
&#xD;
2019-09-19 11:50:26 - [MESSAGE][PASSED] - Delayed 2 second(s)&#xD;
&#xD;
2019-09-19 11:50:26 - [TEST_STEP][PASSED] - switchToDefaultContent(): null&#xD;
&#xD;
2019-09-19 11:50:26 - [TEST_STEP][PASSED] - switchToFrame(findTestObject("Regression BackOffice/CLNK-23449/FrameMain"), 30): null&#xD;
&#xD;
2019-09-19 11:50:26 - [TEST_STEP][PASSED] - delay(5): Delayed 5 second(s)&#xD;
&#xD;
2019-09-19 11:50:31 - [MESSAGE][PASSED] - Delayed 5 second(s)&#xD;
&#xD;
2019-09-19 11:50:31 - [TEST_STEP][PASSED] - waitForElementPresent(findTestObject("Regression BackOffice/CLINK - 28718/Active/Status"), 100): Object 'Object Repository/Regression BackOffice/CLINK - 28718/Active/Status' is present&#xD;
&#xD;
2019-09-19 11:50:31 - [MESSAGE][PASSED] - Object 'Object Repository/Regression BackOffice/CLINK - 28718/Active/Status' is present&#xD;
&#xD;
2019-09-19 11:50:31 - [TEST_STEP][PASSED] - click(findTestObject("Regression BackOffice/CLINK - 28718/Active/Status")): Object: 'Object Repository/Regression BackOffice/CLINK - 28718/Active/Status' is clicked on&#xD;
&#xD;
2019-09-19 11:50:31 - [MESSAGE][PASSED] - Object: 'Object Repository/Regression BackOffice/CLINK - 28718/Active/Status' is clicked on&#xD;
&#xD;
2019-09-19 11:50:31 - [TEST_STEP][PASSED] - sendKeys(findTestObject("Regression BackOffice/CLINK - 28718/Active/Status"), Keys.chord(ARROW_DOWN, ARROW_DOWN, ENTER)): Keys 'DOWN + DOWN + ENTER + ' sent to object: 'Object Repository/Regression BackOffice/CLINK - 28718/Active/Status'&#xD;
&#xD;
2019-09-19 11:50:31 - [MESSAGE][PASSED] - Keys 'DOWN + DOWN + ENTER + ' sent to object: 'Object Repository/Regression BackOffice/CLINK - 28718/Active/Status'&#xD;
&#xD;
2019-09-19 11:50:31 - [TEST_STEP][PASSED] - delay(5): Delayed 5 second(s)&#xD;
&#xD;
2019-09-19 11:50:36 - [MESSAGE][PASSED] - Delayed 5 second(s)&#xD;
&#xD;
2019-09-19 11:50:36 - [TEST_STEP][PASSED] - click(findTestObject("Regression BackOffice/CLINK - 28718/Active/Effective DateStatus")): Object: 'Object Repository/Regression BackOffice/CLINK - 28718/Active/Effective DateStatus' is clicked on&#xD;
&#xD;
2019-09-19 11:50:36 - [MESSAGE][PASSED] - Object: 'Object Repository/Regression BackOffice/CLINK - 28718/Active/Effective DateStatus' is clicked on&#xD;
&#xD;
2019-09-19 11:50:36 - [TEST_STEP][PASSED] - sendKeys(findTestObject("Regression BackOffice/CLINK - 28718/Active/Effective DateStatus"), getDate.DateUtilities.getDateMonthDayYearNumberwithSlash()): Keys '09/19/2019' sent to object: 'Object Repository/Regression BackOffice/CLINK - 28718/Active/Effective DateStatus'&#xD;
&#xD;
2019-09-19 11:50:37 - [MESSAGE][PASSED] - getDate.DateUtilities.getDateMonthDayYearNumberwithSlash is PASSED&#xD;
&#xD;
2019-09-19 11:50:37 - [MESSAGE][PASSED] - Keys '09/19/2019' sent to object: 'Object Repository/Regression BackOffice/CLINK - 28718/Active/Effective DateStatus'&#xD;
&#xD;
2019-09-19 11:50:37 - [TEST_STEP][PASSED] - delay(3): Delayed 3 second(s)&#xD;
&#xD;
2019-09-19 11:50:40 - [MESSAGE][PASSED] - Delayed 3 second(s)&#xD;
&#xD;
2019-09-19 11:50:40 - [TEST_STEP][NOT_RUN] - waitForElementPresent(findTestObject("Regression BackOffice/CLINK - 28718/Active/ReasonCode"), 100): NOT_RUN: waitForElementPresent(findTestObject("Regression BackOffice/CLINK - 28718/Active/ReasonCode"), 100)&#xD;
&#xD;
2019-09-19 11:50:40 - [MESSAGE][NOT_RUN] - NOT_RUN: waitForElementPresent(findTestObject("Regression BackOffice/CLINK - 28718/Active/ReasonCode"), 100)&#xD;
&#xD;
2019-09-19 11:50:40 - [TEST_STEP][NOT_RUN] - click(findTestObject("Regression BackOffice/CLINK - 28718/Active/ReasonCode")): NOT_RUN: click(findTestObject("Regression BackOffice/CLINK - 28718/Active/ReasonCode"))&#xD;
&#xD;
2019-09-19 11:50:40 - [MESSAGE][NOT_RUN] - NOT_RUN: click(findTestObject("Regression BackOffice/CLINK - 28718/Active/ReasonCode"))&#xD;
&#xD;
2019-09-19 11:50:40 - [TEST_STEP][NOT_RUN] - sendKeys(findTestObject("Regression BackOffice/CLINK - 28718/Active/ReasonCode"), Keys.chord(ARROW_DOWN, ENTER)): NOT_RUN: sendKeys(findTestObject("Regression BackOffice/CLINK - 28718/Active/ReasonCode"), Keys.chord(ARROW_DOWN, ENTER))&#xD;
&#xD;
2019-09-19 11:50:40 - [MESSAGE][NOT_RUN] - NOT_RUN: sendKeys(findTestObject("Regression BackOffice/CLINK - 28718/Active/ReasonCode"), Keys.chord(ARROW_DOWN, ENTER))&#xD;
&#xD;
2019-09-19 11:50:40 - [TEST_STEP][NOT_RUN] - delay(5): NOT_RUN: delay(5)&#xD;
&#xD;
2019-09-19 11:50:40 - [MESSAGE][NOT_RUN] - NOT_RUN: delay(5)&#xD;
&#xD;
2019-09-19 11:50:40 - [TEST_STEP][PASSED] - click(findTestObject("Regression BackOffice/CLINK - 28718/Active/Comments")): Object: 'Object Repository/Regression BackOffice/CLINK - 28718/Active/Comments' is clicked on&#xD;
&#xD;
2019-09-19 11:50:40 - [MESSAGE][PASSED] - Object: 'Object Repository/Regression BackOffice/CLINK - 28718/Active/Comments' is clicked on&#xD;
&#xD;
2019-09-19 11:50:40 - [TEST_STEP][PASSED] - sendKeys(findTestObject("Regression BackOffice/CLINK - 28718/Active/Comments"), "Isaac"): Keys 'Isaac' sent to object: 'Object Repository/Regression BackOffice/CLINK - 28718/Active/Comments'&#xD;
&#xD;
2019-09-19 11:50:40 - [MESSAGE][PASSED] - Keys 'Isaac' sent to object: 'Object Repository/Regression BackOffice/CLINK - 28718/Active/Comments'&#xD;
&#xD;
2019-09-19 11:50:40 - [TEST_STEP][PASSED] - delay(3): Delayed 3 second(s)&#xD;
&#xD;
2019-09-19 11:50:43 - [MESSAGE][PASSED] - Delayed 3 second(s)&#xD;
&#xD;
2019-09-19 11:50:43 - [TEST_STEP][PASSED] - scrollToElement(findTestObject("Regression BackOffice/CLINK - 28718/Active/Date Check was Sent"), 50): Scroll to object 'Object Repository/Regression BackOffice/CLINK - 28718/Active/Date Check was Sent' successfully&#xD;
&#xD;
2019-09-19 11:50:43 - [MESSAGE][PASSED] - Scroll to object 'Object Repository/Regression BackOffice/CLINK - 28718/Active/Date Check was Sent' successfully&#xD;
&#xD;
2019-09-19 11:50:43 - [TEST_STEP][PASSED] - click(findTestObject("Regression BackOffice/CLINK - 28718/Active/Date Check was Sent")): Object: 'Object Repository/Regression BackOffice/CLINK - 28718/Active/Date Check was Sent' is clicked on&#xD;
&#xD;
2019-09-19 11:50:43 - [MESSAGE][PASSED] - Object: 'Object Repository/Regression BackOffice/CLINK - 28718/Active/Date Check was Sent' is clicked on&#xD;
&#xD;
2019-09-19 11:50:43 - [TEST_STEP][PASSED] - sendKeys(findTestObject("Regression BackOffice/CLINK - 28718/Active/Date Check was Sent"), getDate.DateUtilities.getDateMonthDayYearNumberwithSlash()): Keys '09/19/2019' sent to object: 'Object Repository/Regression BackOffice/CLINK - 28718/Active/Date Check was Sent'&#xD;
&#xD;
2019-09-19 11:50:43 - [MESSAGE][PASSED] - getDate.DateUtilities.getDateMonthDayYearNumberwithSlash is PASSED&#xD;
&#xD;
2019-09-19 11:50:44 - [MESSAGE][PASSED] - Keys '09/19/2019' sent to object: 'Object Repository/Regression BackOffice/CLINK - 28718/Active/Date Check was Sent'&#xD;
&#xD;
2019-09-19 11:50:44 - [TEST_STEP][PASSED] - delay(3): Delayed 3 second(s)&#xD;
&#xD;
2019-09-19 11:50:47 - [MESSAGE][PASSED] - Delayed 3 second(s)&#xD;
&#xD;
2019-09-19 11:50:47 - [TEST_STEP][PASSED] - click(findTestObject("Regression BackOffice/CLINK - 28718/Active/input_Date Check Received_txtDateCheckRecvd")): Object: 'Object Repository/Regression BackOffice/CLINK - 28718/Active/input_Date Check Received_txtDateCheckRecvd' is clicked on&#xD;
&#xD;
2019-09-19 11:50:47 - [MESSAGE][PASSED] - Object: 'Object Repository/Regression BackOffice/CLINK - 28718/Active/input_Date Check Received_txtDateCheckRecvd' is clicked on&#xD;
&#xD;
2019-09-19 11:50:47 - [TEST_STEP][PASSED] - sendKeys(findTestObject("Regression BackOffice/CLINK - 28718/Active/input_Date Check Received_txtDateCheckRecvd"), getDate.DateUtilities.getDateMonthDayYearNumberwithSlash()): Keys '09/19/2019' sent to object: 'Object Repository/Regression BackOffice/CLINK - 28718/Active/input_Date Check Received_txtDateCheckRecvd'&#xD;
&#xD;
2019-09-19 11:50:47 - [MESSAGE][PASSED] - getDate.DateUtilities.getDateMonthDayYearNumberwithSlash is PASSED&#xD;
&#xD;
2019-09-19 11:50:47 - [MESSAGE][PASSED] - Keys '09/19/2019' sent to object: 'Object Repository/Regression BackOffice/CLINK - 28718/Active/input_Date Check Received_txtDateCheckRecvd'&#xD;
&#xD;
2019-09-19 11:50:47 - [TEST_STEP][PASSED] - delay(3): Delayed 3 second(s)&#xD;
&#xD;
2019-09-19 11:50:50 - [MESSAGE][PASSED] - Delayed 3 second(s)&#xD;
&#xD;
2019-09-19 11:50:50 - [TEST_STEP][PASSED] - click(findTestObject("Regression BackOffice/CLINK - 28718/Active/Background Check Completed")): Object: 'Object Repository/Regression BackOffice/CLINK - 28718/Active/Background Check Completed' is clicked on&#xD;
&#xD;
2019-09-19 11:50:50 - [MESSAGE][PASSED] - Object: 'Object Repository/Regression BackOffice/CLINK - 28718/Active/Background Check Completed' is clicked on&#xD;
&#xD;
2019-09-19 11:50:50 - [TEST_STEP][PASSED] - sendKeys(findTestObject("Regression BackOffice/CLINK - 28718/Active/Background Check Completed"), getDate.DateUtilities.getDateMonthDayYearNumberwithSlash()): Keys '09/19/2019' sent to object: 'Object Repository/Regression BackOffice/CLINK - 28718/Active/Background Check Completed'&#xD;
&#xD;
2019-09-19 11:50:50 - [MESSAGE][PASSED] - getDate.DateUtilities.getDateMonthDayYearNumberwithSlash is PASSED&#xD;
&#xD;
2019-09-19 11:50:51 - [MESSAGE][PASSED] - Keys '09/19/2019' sent to object: 'Object Repository/Regression BackOffice/CLINK - 28718/Active/Background Check Completed'&#xD;
&#xD;
2019-09-19 11:50:51 - [TEST_STEP][PASSED] - delay(6): Delayed 6 second(s)&#xD;
&#xD;
2019-09-19 11:50:57 - [MESSAGE][PASSED] - Delayed 6 second(s)&#xD;
&#xD;
2019-09-19 11:50:57 - [TEST_STEP][PASSED] - switchToDefaultContent(): null&#xD;
&#xD;
2019-09-19 11:50:57 - [TEST_STEP][PASSED] - switchToFrame(findTestObject("Regression BackOffice/CLINK - 28718/BannerFrame"), 50): null&#xD;
&#xD;
2019-09-19 11:50:57 - [TEST_STEP][PASSED] - waitForElementPresent(findTestObject("Regression BackOffice/CLINK - 28718/Active/bttnSaveActive"), 50): Object 'Object Repository/Regression BackOffice/CLINK - 28718/Active/bttnSaveActive' is present&#xD;
&#xD;
2019-09-19 11:50:57 - [MESSAGE][PASSED] - Object 'Object Repository/Regression BackOffice/CLINK - 28718/Active/bttnSaveActive' is present&#xD;
&#xD;
2019-09-19 11:50:57 - [TEST_STEP][PASSED] - click(findTestObject("Regression BackOffice/CLINK - 28718/Active/bttnSaveActive")): Object: 'Object Repository/Regression BackOffice/CLINK - 28718/Active/bttnSaveActive' is clicked on&#xD;
&#xD;
2019-09-19 11:51:00 - [MESSAGE][PASSED] - Object: 'Object Repository/Regression BackOffice/CLINK - 28718/Active/bttnSaveActive' is clicked on&#xD;
&#xD;
2019-09-19 11:51:00 - [TEST_STEP][PASSED] - delay(6): Delayed 6 second(s)&#xD;
&#xD;
2019-09-19 11:51:06 - [MESSAGE][PASSED] - Delayed 6 second(s)&#xD;
&#xD;
2019-09-19 11:51:06 - [TEST_STEP][PASSED] - switchToDefaultContent(): null&#xD;
&#xD;
2019-09-19 11:51:06 - [TEST_STEP][PASSED] - switchToFrame(findTestObject("Regression BackOffice/CLNK-23449/FrameLeft"), 30): null&#xD;
&#xD;
2019-09-19 11:51:06 - [TEST_STEP][PASSED] - waitForElementPresent(findTestObject("Regression BackOffice/CLINK - 28718/Administrator/Administrators"), 100): Object 'Object Repository/Regression BackOffice/CLINK - 28718/Administrator/Administrators' is present&#xD;
&#xD;
2019-09-19 11:51:06 - [MESSAGE][PASSED] - Object 'Object Repository/Regression BackOffice/CLINK - 28718/Administrator/Administrators' is present&#xD;
&#xD;
2019-09-19 11:51:06 - [TEST_STEP][PASSED] - click(findTestObject("Regression BackOffice/CLINK - 28718/Administrator/Administrators")): Object: 'Object Repository/Regression BackOffice/CLINK - 28718/Administrator/Administrators' is clicked on&#xD;
&#xD;
2019-09-19 11:51:06 - [MESSAGE][PASSED] - Object: 'Object Repository/Regression BackOffice/CLINK - 28718/Administrator/Administrators' is clicked on&#xD;
&#xD;
2019-09-19 11:51:06 - [TEST_STEP][PASSED] - delay(2): Delayed 2 second(s)&#xD;
&#xD;
2019-09-19 11:51:08 - [MESSAGE][PASSED] - Delayed 2 second(s)&#xD;
&#xD;
2019-09-19 11:51:08 - [TEST_STEP][PASSED] - waitForElementPresent(findTestObject("Regression BackOffice/CLINK - 28718/Administrator/Admin  System Settings"), 100): Object 'Object Repository/Regression BackOffice/CLINK - 28718/Administrator/Admin  System Settings' is present&#xD;
&#xD;
2019-09-19 11:51:08 - [MESSAGE][PASSED] - Object 'Object Repository/Regression BackOffice/CLINK - 28718/Administrator/Admin  System Settings' is present&#xD;
&#xD;
2019-09-19 11:51:08 - [TEST_STEP][PASSED] - click(findTestObject("Regression BackOffice/CLINK - 28718/Administrator/Admin  System Settings")): Object: 'Object Repository/Regression BackOffice/CLINK - 28718/Administrator/Admin  System Settings' is clicked on&#xD;
&#xD;
2019-09-19 11:51:09 - [MESSAGE][PASSED] - Object: 'Object Repository/Regression BackOffice/CLINK - 28718/Administrator/Admin  System Settings' is clicked on&#xD;
&#xD;
2019-09-19 11:51:09 - [TEST_STEP][PASSED] - delay(2): Delayed 2 second(s)&#xD;
&#xD;
2019-09-19 11:51:11 - [MESSAGE][PASSED] - Delayed 2 second(s)&#xD;
&#xD;
2019-09-19 11:51:11 - [TEST_STEP][PASSED] - waitForElementPresent(findTestObject("Regression BackOffice/CLINK - 28718/Administrator/Users"), 100): Object 'Object Repository/Regression BackOffice/CLINK - 28718/Administrator/Users' is present&#xD;
&#xD;
2019-09-19 11:51:11 - [MESSAGE][PASSED] - Object 'Object Repository/Regression BackOffice/CLINK - 28718/Administrator/Users' is present&#xD;
&#xD;
2019-09-19 11:51:11 - [TEST_STEP][PASSED] - click(findTestObject("Regression BackOffice/CLINK - 28718/Administrator/Users")): Object: 'Object Repository/Regression BackOffice/CLINK - 28718/Administrator/Users' is clicked on&#xD;
&#xD;
2019-09-19 11:51:11 - [MESSAGE][PASSED] - Object: 'Object Repository/Regression BackOffice/CLINK - 28718/Administrator/Users' is clicked on&#xD;
&#xD;
2019-09-19 11:51:11 - [TEST_STEP][PASSED] - delay(2): Delayed 2 second(s)&#xD;
&#xD;
2019-09-19 11:51:13 - [MESSAGE][PASSED] - Delayed 2 second(s)&#xD;
&#xD;
2019-09-19 11:51:13 - [TEST_STEP][PASSED] - acceptAlert(): Alert accepted&#xD;
&#xD;
2019-09-19 11:51:13 - [MESSAGE][PASSED] - Alert accepted&#xD;
&#xD;
2019-09-19 11:51:13 - [TEST_STEP][PASSED] - switchToDefaultContent(): null&#xD;
&#xD;
2019-09-19 11:51:14 - [TEST_STEP][PASSED] - switchToFrame(findTestObject("Regression BackOffice/CLNK-23449/FrameMain"), 30): null&#xD;
&#xD;
2019-09-19 11:51:14 - [TEST_STEP][PASSED] - delay(5): Delayed 5 second(s)&#xD;
&#xD;
2019-09-19 11:51:19 - [MESSAGE][PASSED] - Delayed 5 second(s)&#xD;
&#xD;
2019-09-19 11:51:19 - [TEST_STEP][PASSED] - waitForElementPresent(findTestObject("Regression BackOffice/CLINK - 28718/Administrator/Add New User"), 100): Object 'Object Repository/Regression BackOffice/CLINK - 28718/Administrator/Add New User' is present&#xD;
&#xD;
2019-09-19 11:51:19 - [MESSAGE][PASSED] - Object 'Object Repository/Regression BackOffice/CLINK - 28718/Administrator/Add New User' is present&#xD;
&#xD;
2019-09-19 11:51:19 - [TEST_STEP][PASSED] - click(findTestObject("Regression BackOffice/CLINK - 28718/Administrator/Add New User")): Object: 'Object Repository/Regression BackOffice/CLINK - 28718/Administrator/Add New User' is clicked on&#xD;
&#xD;
2019-09-19 11:51:19 - [MESSAGE][PASSED] - Object: 'Object Repository/Regression BackOffice/CLINK - 28718/Administrator/Add New User' is clicked on&#xD;
&#xD;
2019-09-19 11:51:19 - [TEST_STEP][PASSED] - delay(15): Delayed 15 second(s)&#xD;
&#xD;
2019-09-19 11:51:34 - [MESSAGE][PASSED] - Delayed 15 second(s)&#xD;
&#xD;
2019-09-19 11:51:34 - [TEST_STEP][PASSED] - waitForElementPresent(findTestObject("Regression BackOffice/CLINK - 28718/Administrator/CaregiverChkBox"), 100): Object 'Object Repository/Regression BackOffice/CLINK - 28718/Administrator/CaregiverChkBox' is present&#xD;
&#xD;
2019-09-19 11:51:34 - [MESSAGE][PASSED] - Object 'Object Repository/Regression BackOffice/CLINK - 28718/Administrator/CaregiverChkBox' is present&#xD;
&#xD;
2019-09-19 11:51:34 - [TEST_STEP][PASSED] - click(findTestObject("Regression BackOffice/CLINK - 28718/Administrator/CaregiverChkBox")): Object: 'Object Repository/Regression BackOffice/CLINK - 28718/Administrator/CaregiverChkBox' is clicked on&#xD;
&#xD;
2019-09-19 11:51:35 - [MESSAGE][PASSED] - Object: 'Object Repository/Regression BackOffice/CLINK - 28718/Administrator/CaregiverChkBox' is clicked on&#xD;
&#xD;
2019-09-19 11:51:35 - [TEST_STEP][PASSED] - delay(2): Delayed 2 second(s)&#xD;
&#xD;
2019-09-19 11:51:37 - [MESSAGE][PASSED] - Delayed 2 second(s)&#xD;
&#xD;
2019-09-19 11:51:37 - [TEST_STEP][PASSED] - waitForElementPresent(findTestObject("Regression BackOffice/CLINK - 28718/Administrator/Caregiver Name"), 100): Object 'Object Repository/Regression BackOffice/CLINK - 28718/Administrator/Caregiver Name' is present&#xD;
&#xD;
2019-09-19 11:51:37 - [MESSAGE][PASSED] - Object 'Object Repository/Regression BackOffice/CLINK - 28718/Administrator/Caregiver Name' is present&#xD;
&#xD;
2019-09-19 11:51:37 - [TEST_STEP][PASSED] - click(findTestObject("Regression BackOffice/CLINK - 28718/Administrator/Caregiver Name")): Object: 'Object Repository/Regression BackOffice/CLINK - 28718/Administrator/Caregiver Name' is clicked on&#xD;
&#xD;
2019-09-19 11:51:37 - [MESSAGE][PASSED] - Object: 'Object Repository/Regression BackOffice/CLINK - 28718/Administrator/Caregiver Name' is clicked on&#xD;
&#xD;
2019-09-19 11:51:37 - [TEST_STEP][PASSED] - sendKeys(findTestObject("Regression BackOffice/CLINK - 28718/Administrator/Caregiver Name"), G_CareGiverLastName): Keys 'Setentilla' sent to object: 'Object Repository/Regression BackOffice/CLINK - 28718/Administrator/Caregiver Name'&#xD;
&#xD;
2019-09-19 11:51:37 - [MESSAGE][PASSED] - Keys 'Setentilla' sent to object: 'Object Repository/Regression BackOffice/CLINK - 28718/Administrator/Caregiver Name'&#xD;
&#xD;
2019-09-19 11:51:37 - [TEST_STEP][PASSED] - delay(10): Delayed 10 second(s)&#xD;
&#xD;
2019-09-19 11:51:47 - [MESSAGE][PASSED] - Delayed 10 second(s)&#xD;
&#xD;
2019-09-19 11:51:47 - [TEST_STEP][PASSED] - sendKeys(findTestObject("Regression BackOffice/CLINK - 28718/Administrator/Caregiver Name"), Keys.chord(ARROW_DOWN, ENTER)): Keys 'DOWN + ENTER + ' sent to object: 'Object Repository/Regression BackOffice/CLINK - 28718/Administrator/Caregiver Name'&#xD;
&#xD;
2019-09-19 11:51:47 - [MESSAGE][PASSED] - Keys 'DOWN + ENTER + ' sent to object: 'Object Repository/Regression BackOffice/CLINK - 28718/Administrator/Caregiver Name'&#xD;
&#xD;
2019-09-19 11:51:47 - [TEST_STEP][PASSED] - delay(2): Delayed 2 second(s)&#xD;
&#xD;
2019-09-19 11:51:49 - [MESSAGE][PASSED] - Delayed 2 second(s)&#xD;
&#xD;
2019-09-19 11:51:49 - [TEST_STEP][PASSED] - click(findTestObject("Regression BackOffice/CLINK - 28718/Administrator/User Name")): Object: 'Object Repository/Regression BackOffice/CLINK - 28718/Administrator/User Name' is clicked on&#xD;
&#xD;
2019-09-19 11:51:49 - [MESSAGE][PASSED] - Object: 'Object Repository/Regression BackOffice/CLINK - 28718/Administrator/User Name' is clicked on&#xD;
&#xD;
2019-09-19 11:51:49 - [TEST_STEP][PASSED] - sendKeys(findTestObject("Regression BackOffice/CLINK - 28718/Administrator/User Name"), G_CaregiverUserName): Keys 'setenta' sent to object: 'Object Repository/Regression BackOffice/CLINK - 28718/Administrator/User Name'&#xD;
&#xD;
2019-09-19 11:51:50 - [MESSAGE][PASSED] - Keys 'setenta' sent to object: 'Object Repository/Regression BackOffice/CLINK - 28718/Administrator/User Name'&#xD;
&#xD;
2019-09-19 11:51:50 - [TEST_STEP][PASSED] - delay(3): Delayed 3 second(s)&#xD;
&#xD;
2019-09-19 11:51:53 - [MESSAGE][PASSED] - Delayed 3 second(s)&#xD;
&#xD;
2019-09-19 11:51:53 - [TEST_STEP][PASSED] - click(findTestObject("Regression BackOffice/CLINK - 28718/Administrator/Password")): Object: 'Object Repository/Regression BackOffice/CLINK - 28718/Administrator/Password' is clicked on&#xD;
&#xD;
2019-09-19 11:51:53 - [MESSAGE][PASSED] - Object: 'Object Repository/Regression BackOffice/CLINK - 28718/Administrator/Password' is clicked on&#xD;
&#xD;
2019-09-19 11:51:53 - [TEST_STEP][PASSED] - sendKeys(findTestObject("Regression BackOffice/CLINK - 28718/Administrator/Password"), G_PasswordBackOffice): Keys 'qwerty' sent to object: 'Object Repository/Regression BackOffice/CLINK - 28718/Administrator/Password'&#xD;
&#xD;
2019-09-19 11:51:53 - [MESSAGE][PASSED] - Keys 'qwerty' sent to object: 'Object Repository/Regression BackOffice/CLINK - 28718/Administrator/Password'&#xD;
&#xD;
2019-09-19 11:51:53 - [TEST_STEP][PASSED] - delay(3): Delayed 3 second(s)&#xD;
&#xD;
2019-09-19 11:51:56 - [MESSAGE][PASSED] - Delayed 3 second(s)&#xD;
&#xD;
2019-09-19 11:51:56 - [TEST_STEP][PASSED] - click(findTestObject("Regression BackOffice/CLINK - 28718/Administrator/Confirm newPassword")): Object: 'Object Repository/Regression BackOffice/CLINK - 28718/Administrator/Confirm newPassword' is clicked on&#xD;
&#xD;
2019-09-19 11:51:56 - [MESSAGE][PASSED] - Object: 'Object Repository/Regression BackOffice/CLINK - 28718/Administrator/Confirm newPassword' is clicked on&#xD;
&#xD;
2019-09-19 11:51:56 - [TEST_STEP][PASSED] - sendKeys(findTestObject("Regression BackOffice/CLINK - 28718/Administrator/Confirm newPassword"), G_PasswordBackOffice): Keys 'qwerty' sent to object: 'Object Repository/Regression BackOffice/CLINK - 28718/Administrator/Confirm newPassword'&#xD;
&#xD;
2019-09-19 11:51:56 - [MESSAGE][PASSED] - Keys 'qwerty' sent to object: 'Object Repository/Regression BackOffice/CLINK - 28718/Administrator/Confirm newPassword'&#xD;
&#xD;
2019-09-19 11:51:56 - [TEST_STEP][PASSED] - delay(3): Delayed 3 second(s)&#xD;
&#xD;
2019-09-19 11:51:59 - [MESSAGE][PASSED] - Delayed 3 second(s)&#xD;
&#xD;
2019-09-19 11:51:59 - [TEST_STEP][PASSED] - waitForElementPresent(findTestObject("Regression BackOffice/CLINK - 28718/Administrator/Email"), 100): Object 'Object Repository/Regression BackOffice/CLINK - 28718/Administrator/Email' is present&#xD;
&#xD;
2019-09-19 11:51:59 - [MESSAGE][PASSED] - Object 'Object Repository/Regression BackOffice/CLINK - 28718/Administrator/Email' is present&#xD;
&#xD;
2019-09-19 11:51:59 - [TEST_STEP][PASSED] - click(findTestObject("Regression BackOffice/CLINK - 28718/Administrator/Email")): Object: 'Object Repository/Regression BackOffice/CLINK - 28718/Administrator/Email' is clicked on&#xD;
&#xD;
2019-09-19 11:52:00 - [MESSAGE][PASSED] - Object: 'Object Repository/Regression BackOffice/CLINK - 28718/Administrator/Email' is clicked on&#xD;
&#xD;
2019-09-19 11:52:00 - [TEST_STEP][PASSED] - sendKeys(findTestObject("Regression BackOffice/CLINK - 28718/Administrator/Email"), "imm@gmail.com"): Keys 'imm@gmail.com' sent to object: 'Object Repository/Regression BackOffice/CLINK - 28718/Administrator/Email'&#xD;
&#xD;
2019-09-19 11:52:00 - [MESSAGE][PASSED] - Keys 'imm@gmail.com' sent to object: 'Object Repository/Regression BackOffice/CLINK - 28718/Administrator/Email'&#xD;
&#xD;
2019-09-19 11:52:00 - [TEST_STEP][PASSED] - delay(3): Delayed 3 second(s)&#xD;
&#xD;
2019-09-19 11:52:03 - [MESSAGE][PASSED] - Delayed 3 second(s)&#xD;
&#xD;
2019-09-19 11:52:03 - [TEST_STEP][PASSED] - waitForElementPresent(findTestObject("Regression BackOffice/CLINK - 28718/Administrator/Caregiver_chk"), 100): Object 'Object Repository/Regression BackOffice/CLINK - 28718/Administrator/Caregiver_chk' is present&#xD;
&#xD;
2019-09-19 11:52:03 - [MESSAGE][PASSED] - Object 'Object Repository/Regression BackOffice/CLINK - 28718/Administrator/Caregiver_chk' is present&#xD;
&#xD;
2019-09-19 11:52:03 - [TEST_STEP][PASSED] - click(findTestObject("Regression BackOffice/CLINK - 28718/Administrator/Caregiver_chk")): Object: 'Object Repository/Regression BackOffice/CLINK - 28718/Administrator/Caregiver_chk' is clicked on&#xD;
&#xD;
2019-09-19 11:52:03 - [MESSAGE][PASSED] - Object: 'Object Repository/Regression BackOffice/CLINK - 28718/Administrator/Caregiver_chk' is clicked on&#xD;
&#xD;
2019-09-19 11:52:03 - [TEST_STEP][PASSED] - delay(3): Delayed 3 second(s)&#xD;
&#xD;
2019-09-19 11:52:06 - [MESSAGE][PASSED] - Delayed 3 second(s)&#xD;
&#xD;
2019-09-19 11:52:06 - [TEST_STEP][PASSED] - switchToDefaultContent(): null&#xD;
&#xD;
2019-09-19 11:52:06 - [TEST_STEP][PASSED] - switchToFrame(findTestObject("Regression BackOffice/CLINK - 28718/BannerFrame"), 50): null&#xD;
&#xD;
2019-09-19 11:52:06 - [TEST_STEP][PASSED] - waitForElementPresent(findTestObject("Regression BackOffice/CLINK - 28718/Administrator/_btnUserSave"), 50): Object 'Object Repository/Regression BackOffice/CLINK - 28718/Administrator/_btnUserSave' is present&#xD;
&#xD;
2019-09-19 11:52:06 - [MESSAGE][PASSED] - Object 'Object Repository/Regression BackOffice/CLINK - 28718/Administrator/_btnUserSave' is present&#xD;
&#xD;
2019-09-19 11:52:06 - [TEST_STEP][PASSED] - click(findTestObject("Regression BackOffice/CLINK - 28718/Administrator/_btnUserSave")): Object: 'Object Repository/Regression BackOffice/CLINK - 28718/Administrator/_btnUserSave' is clicked on&#xD;
&#xD;
2019-09-19 11:52:07 - [MESSAGE][PASSED] - Object: 'Object Repository/Regression BackOffice/CLINK - 28718/Administrator/_btnUserSave' is clicked on&#xD;
&#xD;
2019-09-19 11:52:07 - [TEST_STEP][PASSED] - delay(3): Delayed 3 second(s)&#xD;
&#xD;
2019-09-19 11:52:10 - [MESSAGE][PASSED] - Delayed 3 second(s)&#xD;
&#xD;
2019-09-19 11:52:10 - [TEST_STEP][PASSED] - closeBrowser(): Browser is closed&#xD;
&#xD;
2019-09-19 11:52:10 - [MESSAGE][PASSED] - Browser is closed&#xD;
&#xD;
2019-09-19 11:52:10 - [TEST_STEP][PASSED] - callTestCase(findTestCase("Regression Clinical Edge (All Browsers)/CLNK-23349 - ContinuLink - Login"), [:], STOP_ON_FAILURE): Call Test Case 'Test Cases/Regression Clinical Edge (All Browsers)/CLNK-23349 - ContinuLink - Login' successfully&#xD;
&#xD;
2019-09-19 11:52:10 - [TEST_CASE][PASSED] - Test Cases/Regression Clinical Edge (All Browsers)/CLNK-23349 - ContinuLink - Login: Test Cases/Regression Clinical Edge (All Browsers)/CLNK-23349 - ContinuLink - Login&#xD;
&#xD;
2019-09-19 11:52:11 - [TEST_STEP][PASSED] - deleteAllCookies(): Delete all cookies successfully&#xD;
&#xD;
2019-09-19 11:52:11 - [MESSAGE][WARNING] - Cannot delete cookies because browser is closed&#xD;
&#xD;
2019-09-19 11:52:11 - [MESSAGE][PASSED] - Delete all cookies successfully&#xD;
&#xD;
2019-09-19 11:52:11 - [TEST_STEP][PASSED] - openBrowser(G_SiteURL): Browser is opened with url: 'https://qanewpoc.continulink.com/Account/Login.aspx?ReturnUrl=%2fdefault.aspx'&#xD;
&#xD;
2019-09-19 11:52:11 - [MESSAGE][INFO] - Starting 'Chrome' driver&#xD;
&#xD;
2019-09-19 11:52:21 - [MESSAGE][PASSED] - Browser is opened with url: 'https://qanewpoc.continulink.com/Account/Login.aspx?ReturnUrl=%2fdefault.aspx'&#xD;
&#xD;
2019-09-19 11:52:21 - [TEST_STEP][PASSED] - waitForPageLoad(60): Wait for page load successfully&#xD;
&#xD;
2019-09-19 11:52:21 - [MESSAGE][PASSED] - Wait for page load successfully&#xD;
&#xD;
2019-09-19 11:52:21 - [TEST_STEP][PASSED] - maximizeWindow(): Current window maximized&#xD;
&#xD;
2019-09-19 11:52:25 - [MESSAGE][PASSED] - Current window maximized&#xD;
&#xD;
2019-09-19 11:52:25 - [TEST_STEP][PASSED] - setText(findTestObject("Regression Clinical Edge/CLNK-23349/User"), G_CaregiverUserName): Text 'setenta' is set on object 'Object Repository/Regression Clinical Edge/CLNK-23349/User'&#xD;
&#xD;
2019-09-19 11:52:25 - [MESSAGE][PASSED] - Text 'setenta' is set on object 'Object Repository/Regression Clinical Edge/CLNK-23349/User'&#xD;
&#xD;
2019-09-19 11:52:25 - [TEST_STEP][PASSED] - setText(findTestObject("Regression Clinical Edge/CLNK-23349/Password"), G_Password): Text 'qwerty' is set on object 'Object Repository/Regression Clinical Edge/CLNK-23349/Password'&#xD;
&#xD;
2019-09-19 11:52:25 - [MESSAGE][PASSED] - Text 'qwerty' is set on object 'Object Repository/Regression Clinical Edge/CLNK-23349/Password'&#xD;
&#xD;
2019-09-19 11:52:25 - [TEST_STEP][PASSED] - click(findTestObject("Regression Clinical Edge/CLNK-23349/Button_LogIn")): Object: 'Object Repository/Regression Clinical Edge/CLNK-23349/Button_LogIn' is clicked on&#xD;
&#xD;
2019-09-19 11:52:26 - [MESSAGE][PASSED] - Object: 'Object Repository/Regression Clinical Edge/CLNK-23349/Button_LogIn' is clicked on&#xD;
&#xD;
2019-09-19 11:52:26 - [TEST_STEP][PASSED] - waitForPageLoad(60): Wait for page load successfully&#xD;
&#xD;
2019-09-19 11:52:26 - [MESSAGE][PASSED] - Wait for page load successfully&#xD;
&#xD;
2019-09-19 11:52:26 - [TEST_STEP][PASSED] - delay(2): Delayed 2 second(s)&#xD;
&#xD;
2019-09-19 11:52:28 - [MESSAGE][PASSED] - Delayed 2 second(s)&#xD;
&#xD;
2019-09-19 11:52:28 - [TEST_STEP][NOT_RUN] - waitForElementPresent(findTestObject("Regression Clinical Edge/CLINK-23509/button_Close"), 100): NOT_RUN: waitForElementPresent(findTestObject("Regression Clinical Edge/CLINK-23509/button_Close"), 100)&#xD;
&#xD;
2019-09-19 11:52:28 - [MESSAGE][NOT_RUN] - NOT_RUN: waitForElementPresent(findTestObject("Regression Clinical Edge/CLINK-23509/button_Close"), 100)&#xD;
&#xD;
2019-09-19 11:52:28 - [TEST_STEP][NOT_RUN] - click(findTestObject("Regression Clinical Edge/CLINK-23509/button_Close")): NOT_RUN: click(findTestObject("Regression Clinical Edge/CLINK-23509/button_Close"))&#xD;
&#xD;
2019-09-19 11:52:28 - [MESSAGE][NOT_RUN] - NOT_RUN: click(findTestObject("Regression Clinical Edge/CLINK-23509/button_Close"))&#xD;
&#xD;
2019-09-19 11:52:28 - [TEST_STEP][NOT_RUN] - delay(2): NOT_RUN: delay(2)&#xD;
&#xD;
2019-09-19 11:52:28 - [MESSAGE][NOT_RUN] - NOT_RUN: delay(2)&#xD;
&#xD;
2019-09-19 11:52:28 - [MESSAGE][PASSED] - Call Test Case 'Test Cases/Regression Clinical Edge (All Browsers)/CLNK-23349 - ContinuLink - Login' successfully&#xD;
&#xD;
2019-09-19 11:52:28 - [TEST_STEP][PASSED] - waitForPageLoad(60): Wait for page load successfully&#xD;
&#xD;
2019-09-19 11:52:28 - [MESSAGE][PASSED] - Wait for page load successfully&#xD;
&#xD;
2019-09-19 11:52:28 - [TEST_STEP][PASSED] - maximizeWindow(): Current window maximized&#xD;
&#xD;
2019-09-19 11:52:28 - [MESSAGE][PASSED] - Current window maximized&#xD;
&#xD;
2019-09-19 11:52:28 - [TEST_STEP][PASSED] - waitForPageLoad(60): Wait for page load successfully&#xD;
&#xD;
2019-09-19 11:52:28 - [MESSAGE][PASSED] - Wait for page load successfully&#xD;
&#xD;
2019-09-19 11:52:28 - [TEST_STEP][PASSED] - delay(8): Delayed 8 second(s)&#xD;
&#xD;
2019-09-19 11:52:36 - [MESSAGE][PASSED] - Delayed 8 second(s)&#xD;
&#xD;
2019-09-19 11:52:36 - [TEST_STEP][PASSED] - if (verifyElementPresent(findTestObject("Regression BackOffice/CLINK - 28718/ChangePassword/HereLink"), 10)): Alert accepted&#xD;
&#xD;
2019-09-19 11:52:36 - [MESSAGE][PASSED] - Object 'Object Repository/Regression BackOffice/CLINK - 28718/ChangePassword/HereLink' is present&#xD;
&#xD;
2019-09-19 11:52:36 - [TEST_STEP][PASSED] - click(findTestObject("Regression BackOffice/CLINK - 28718/ChangePassword/HereLink")): Object: 'Object Repository/Regression BackOffice/CLINK - 28718/ChangePassword/HereLink' is clicked on&#xD;
&#xD;
2019-09-19 11:52:37 - [MESSAGE][PASSED] - Object: 'Object Repository/Regression BackOffice/CLINK - 28718/ChangePassword/HereLink' is clicked on&#xD;
&#xD;
2019-09-19 11:52:37 - [TEST_STEP][PASSED] - delay(2): Delayed 2 second(s)&#xD;
&#xD;
2019-09-19 11:52:39 - [MESSAGE][PASSED] - Delayed 2 second(s)&#xD;
&#xD;
2019-09-19 11:52:39 - [TEST_STEP][PASSED] - waitForPageLoad(50): Wait for page load successfully&#xD;
&#xD;
2019-09-19 11:52:39 - [MESSAGE][PASSED] - Wait for page load successfully&#xD;
&#xD;
2019-09-19 11:52:39 - [TEST_STEP][PASSED] - waitForElementPresent(findTestObject("Regression BackOffice/CLINK - 28718/ChangePassword/Current Password"), 50): Object 'Object Repository/Regression BackOffice/CLINK - 28718/ChangePassword/Current Password' is present&#xD;
&#xD;
2019-09-19 11:52:39 - [MESSAGE][PASSED] - Object 'Object Repository/Regression BackOffice/CLINK - 28718/ChangePassword/Current Password' is present&#xD;
&#xD;
2019-09-19 11:52:39 - [TEST_STEP][PASSED] - setText(findTestObject("Regression BackOffice/CLINK - 28718/ChangePassword/Current Password"), G_Password): Text 'qwerty' is set on object 'Object Repository/Regression BackOffice/CLINK - 28718/ChangePassword/Current Password'&#xD;
&#xD;
2019-09-19 11:52:39 - [MESSAGE][PASSED] - Text 'qwerty' is set on object 'Object Repository/Regression BackOffice/CLINK - 28718/ChangePassword/Current Password'&#xD;
&#xD;
2019-09-19 11:52:39 - [TEST_STEP][PASSED] - delay(2): Delayed 2 second(s)&#xD;
&#xD;
2019-09-19 11:52:41 - [MESSAGE][PASSED] - Delayed 2 second(s)&#xD;
&#xD;
2019-09-19 11:52:41 - [TEST_STEP][PASSED] - waitForElementPresent(findTestObject("Regression BackOffice/CLINK - 28718/ChangePassword/New Password"), 50): Object 'Object Repository/Regression BackOffice/CLINK - 28718/ChangePassword/New Password' is present&#xD;
&#xD;
2019-09-19 11:52:41 - [MESSAGE][PASSED] - Object 'Object Repository/Regression BackOffice/CLINK - 28718/ChangePassword/New Password' is present&#xD;
&#xD;
2019-09-19 11:52:41 - [TEST_STEP][PASSED] - setText(findTestObject("Regression BackOffice/CLINK - 28718/ChangePassword/New Password"), G_Password): Text 'qwerty' is set on object 'Object Repository/Regression BackOffice/CLINK - 28718/ChangePassword/New Password'&#xD;
&#xD;
2019-09-19 11:52:41 - [MESSAGE][PASSED] - Text 'qwerty' is set on object 'Object Repository/Regression BackOffice/CLINK - 28718/ChangePassword/New Password'&#xD;
&#xD;
2019-09-19 11:52:41 - [TEST_STEP][PASSED] - delay(2): Delayed 2 second(s)&#xD;
&#xD;
2019-09-19 11:52:43 - [MESSAGE][PASSED] - Delayed 2 second(s)&#xD;
&#xD;
2019-09-19 11:52:43 - [TEST_STEP][PASSED] - waitForElementPresent(findTestObject("Regression BackOffice/CLINK - 28718/ChangePassword/OKButton"), 100): Object 'Object Repository/Regression BackOffice/CLINK - 28718/ChangePassword/OKButton' is present&#xD;
&#xD;
2019-09-19 11:52:43 - [MESSAGE][PASSED] - Object 'Object Repository/Regression BackOffice/CLINK - 28718/ChangePassword/OKButton' is present&#xD;
&#xD;
2019-09-19 11:52:43 - [TEST_STEP][PASSED] - click(findTestObject("Regression BackOffice/CLINK - 28718/ChangePassword/OKButton")): Object: 'Object Repository/Regression BackOffice/CLINK - 28718/ChangePassword/OKButton' is clicked on&#xD;
&#xD;
2019-09-19 11:52:43 - [MESSAGE][PASSED] - Object: 'Object Repository/Regression BackOffice/CLINK - 28718/ChangePassword/OKButton' is clicked on&#xD;
&#xD;
2019-09-19 11:52:43 - [TEST_STEP][PASSED] - delay(2): Delayed 2 second(s)&#xD;
&#xD;
2019-09-19 11:52:45 - [MESSAGE][PASSED] - Delayed 2 second(s)&#xD;
&#xD;
2019-09-19 11:52:45 - [TEST_STEP][PASSED] - acceptAlert(): Alert accepted&#xD;
&#xD;
2019-09-19 11:52:45 - [MESSAGE][PASSED] - Alert accepted&#xD;
&#xD;
2019-09-19 11:52:45 - [TEST_STEP][PASSED] - closeBrowser(): Browser is closed&#xD;
&#xD;
2019-09-19 11:52:46 - [MESSAGE][PASSED] - Browser is closed</system-out>
            <system-err></system-err>
        </testcase>
        <testcase name="Test Cases/Regression BackOffice (All Browsers)/CLNK-23441 - Back office Caregiver - Search criteria" classname="Test Cases/Regression BackOffice (All Browsers)/CLNK-23441 - Back office Caregiver - Search criteria" status="PASSED">
            <system-out>2019-09-19 11:52:48 - [TEST_CASE][PASSED] - Test Cases/Regression BackOffice (All Browsers)/CLNK-23441 - Back office Caregiver - Search criteria: Test Cases/Regression BackOffice (All Browsers)/CLNK-23441 - Back office Caregiver - Search criteria&#xD;
&#xD;
2019-09-19 11:52:49 - [TEST_STEP][PASSED] - callTestCase(findTestCase("Regression BackOffice (All Browsers)/CLNK-23439 - Clink - Back office Client"), [:], STOP_ON_FAILURE): Call Test Case 'Test Cases/Regression BackOffice (All Browsers)/CLNK-23439 - Clink - Back office Client' successfully&#xD;
&#xD;
2019-09-19 11:52:49 - [TEST_CASE][PASSED] - Test Cases/Regression BackOffice (All Browsers)/CLNK-23439 - Clink - Back office Client: Test Cases/Regression BackOffice (All Browsers)/CLNK-23439 - Clink - Back office Client&#xD;
&#xD;
2019-09-19 11:52:49 - [TEST_STEP][PASSED] - deleteAllCookies(): Delete all cookies successfully&#xD;
&#xD;
2019-09-19 11:52:49 - [MESSAGE][WARNING] - Cannot delete cookies because browser is closed&#xD;
&#xD;
2019-09-19 11:52:49 - [MESSAGE][PASSED] - Delete all cookies successfully&#xD;
&#xD;
2019-09-19 11:52:49 - [TEST_STEP][PASSED] - openBrowser(G_SiteBackOffice): Browser is opened with url: 'https://qanewpoc.continulink.com:8443/Backoffice/'&#xD;
&#xD;
2019-09-19 11:52:49 - [MESSAGE][INFO] - Starting 'Chrome' driver&#xD;
&#xD;
2019-09-19 11:52:56 - [MESSAGE][PASSED] - Browser is opened with url: 'https://qanewpoc.continulink.com:8443/Backoffice/'&#xD;
&#xD;
2019-09-19 11:52:56 - [TEST_STEP][PASSED] - waitForPageLoad(60): Wait for page load successfully&#xD;
&#xD;
2019-09-19 11:52:56 - [MESSAGE][PASSED] - Wait for page load successfully&#xD;
&#xD;
2019-09-19 11:52:56 - [TEST_STEP][PASSED] - maximizeWindow(): Current window maximized&#xD;
&#xD;
2019-09-19 11:53:00 - [MESSAGE][PASSED] - Current window maximized&#xD;
&#xD;
2019-09-19 11:53:00 - [TEST_STEP][PASSED] - setText(findTestObject("Regression BackOffice/Login/UserBackOffice"), G_UserBackOffice): Text 'automation_admin' is set on object 'Object Repository/Regression BackOffice/Login/UserBackOffice'&#xD;
&#xD;
2019-09-19 11:53:01 - [MESSAGE][PASSED] - Text 'automation_admin' is set on object 'Object Repository/Regression BackOffice/Login/UserBackOffice'&#xD;
&#xD;
2019-09-19 11:53:01 - [TEST_STEP][PASSED] - setText(findTestObject("Regression BackOffice/Login/PasswordBackOffice"), G_PasswordBackOffice): Text 'qwerty' is set on object 'Object Repository/Regression BackOffice/Login/PasswordBackOffice'&#xD;
&#xD;
2019-09-19 11:53:01 - [MESSAGE][PASSED] - Text 'qwerty' is set on object 'Object Repository/Regression BackOffice/Login/PasswordBackOffice'&#xD;
&#xD;
2019-09-19 11:53:01 - [TEST_STEP][PASSED] - click(findTestObject("Regression BackOffice/Login/LoginBackOffice")): Object: 'Object Repository/Regression BackOffice/Login/LoginBackOffice' is clicked on&#xD;
&#xD;
2019-09-19 11:53:05 - [MESSAGE][PASSED] - Object: 'Object Repository/Regression BackOffice/Login/LoginBackOffice' is clicked on&#xD;
&#xD;
2019-09-19 11:53:05 - [TEST_STEP][PASSED] - waitForPageLoad(60): Wait for page load successfully&#xD;
&#xD;
2019-09-19 11:53:05 - [MESSAGE][PASSED] - Wait for page load successfully&#xD;
&#xD;
2019-09-19 11:53:05 - [TEST_STEP][PASSED] - delay(2): Delayed 2 second(s)&#xD;
&#xD;
2019-09-19 11:53:07 - [MESSAGE][PASSED] - Delayed 2 second(s)&#xD;
&#xD;
2019-09-19 11:53:07 - [TEST_STEP][PASSED] - switchToFrame(findTestObject("Regression BackOffice/CLINK-Frames/FrameFrameLeft"), 5, STOP_ON_FAILURE): null&#xD;
&#xD;
2019-09-19 11:53:07 - [TEST_STEP][PASSED] - delay(2): Delayed 2 second(s)&#xD;
&#xD;
2019-09-19 11:53:09 - [MESSAGE][PASSED] - Delayed 2 second(s)&#xD;
&#xD;
2019-09-19 11:53:09 - [TEST_STEP][PASSED] - waitForElementPresent(findTestObject("Regression BackOffice/CLINK-Frames/ClientIntake"), 50): Object 'Object Repository/Regression BackOffice/CLINK-Frames/ClientIntake' is present&#xD;
&#xD;
2019-09-19 11:53:09 - [MESSAGE][PASSED] - Object 'Object Repository/Regression BackOffice/CLINK-Frames/ClientIntake' is present&#xD;
&#xD;
2019-09-19 11:53:09 - [TEST_STEP][PASSED] - verifyElementPresent(findTestObject("Regression BackOffice/CLINK-Frames/ClientIntake"), 100, STOP_ON_FAILURE): Object 'Object Repository/Regression BackOffice/CLINK-Frames/ClientIntake' is present&#xD;
&#xD;
2019-09-19 11:53:10 - [MESSAGE][PASSED] - Object 'Object Repository/Regression BackOffice/CLINK-Frames/ClientIntake' is present&#xD;
&#xD;
2019-09-19 11:53:10 - [TEST_STEP][PASSED] - switchToDefaultContent(): null&#xD;
&#xD;
2019-09-19 11:53:10 - [MESSAGE][PASSED] - Call Test Case 'Test Cases/Regression BackOffice (All Browsers)/CLNK-23439 - Clink - Back office Client' successfully&#xD;
&#xD;
2019-09-19 11:53:10 - [TEST_STEP][PASSED] - waitForPageLoad(60): Wait for page load successfully&#xD;
&#xD;
2019-09-19 11:53:10 - [MESSAGE][PASSED] - Wait for page load successfully&#xD;
&#xD;
2019-09-19 11:53:10 - [TEST_STEP][PASSED] - delay(3): Delayed 3 second(s)&#xD;
&#xD;
2019-09-19 11:53:13 - [MESSAGE][PASSED] - Delayed 3 second(s)&#xD;
&#xD;
2019-09-19 11:53:13 - [TEST_STEP][PASSED] - switchToFrame(findTestObject("Regression BackOffice/CLNK-23449/FrameLeft"), 30): null&#xD;
&#xD;
2019-09-19 11:53:13 - [TEST_STEP][PASSED] - waitForElementPresent(findTestObject("Regression BackOffice/CLNK-23441/Caregiver  HRLink"), 100): Object 'Object Repository/Regression BackOffice/CLNK-23441/Caregiver  HRLink' is present&#xD;
&#xD;
2019-09-19 11:53:13 - [MESSAGE][PASSED] - Object 'Object Repository/Regression BackOffice/CLNK-23441/Caregiver  HRLink' is present&#xD;
&#xD;
2019-09-19 11:53:13 - [TEST_STEP][PASSED] - click(findTestObject("Regression BackOffice/CLNK-23441/Caregiver  HRLink")): Object: 'Object Repository/Regression BackOffice/CLNK-23441/Caregiver  HRLink' is clicked on&#xD;
&#xD;
2019-09-19 11:53:13 - [MESSAGE][PASSED] - Object: 'Object Repository/Regression BackOffice/CLNK-23441/Caregiver  HRLink' is clicked on&#xD;
&#xD;
2019-09-19 11:53:13 - [TEST_STEP][PASSED] - delay(2): Delayed 2 second(s)&#xD;
&#xD;
2019-09-19 11:53:15 - [MESSAGE][PASSED] - Delayed 2 second(s)&#xD;
&#xD;
2019-09-19 11:53:15 - [TEST_STEP][PASSED] - waitForPageLoad(50): Wait for page load successfully&#xD;
&#xD;
2019-09-19 11:53:15 - [MESSAGE][PASSED] - Wait for page load successfully&#xD;
&#xD;
2019-09-19 11:53:15 - [TEST_STEP][PASSED] - waitForElementPresent(findTestObject("Regression BackOffice/CLNK-23441/Caregiver Search"), 50): Object 'Object Repository/Regression BackOffice/CLNK-23441/Caregiver Search' is present&#xD;
&#xD;
2019-09-19 11:53:15 - [MESSAGE][PASSED] - Object 'Object Repository/Regression BackOffice/CLNK-23441/Caregiver Search' is present&#xD;
&#xD;
2019-09-19 11:53:15 - [TEST_STEP][PASSED] - click(findTestObject("Regression BackOffice/CLNK-23441/Caregiver Search")): Object: 'Object Repository/Regression BackOffice/CLNK-23441/Caregiver Search' is clicked on&#xD;
&#xD;
2019-09-19 11:53:16 - [MESSAGE][PASSED] - Object: 'Object Repository/Regression BackOffice/CLNK-23441/Caregiver Search' is clicked on&#xD;
&#xD;
2019-09-19 11:53:16 - [TEST_STEP][PASSED] - delay(2): Delayed 2 second(s)&#xD;
&#xD;
2019-09-19 11:53:18 - [MESSAGE][PASSED] - Delayed 2 second(s)&#xD;
&#xD;
2019-09-19 11:53:18 - [TEST_STEP][PASSED] - switchToDefaultContent(): null&#xD;
&#xD;
2019-09-19 11:53:18 - [TEST_STEP][PASSED] - switchToFrame(findTestObject("Regression BackOffice/CLNK-23449/FrameMain"), 30): null&#xD;
&#xD;
2019-09-19 11:53:18 - [TEST_STEP][PASSED] - waitForElementPresent(findTestObject("Regression BackOffice/CLNK-10235/FirstNameSearch"), 50): Object 'Object Repository/Regression BackOffice/CLNK-10235/FirstNameSearch' is present&#xD;
&#xD;
2019-09-19 11:53:18 - [MESSAGE][PASSED] - Object 'Object Repository/Regression BackOffice/CLNK-10235/FirstNameSearch' is present&#xD;
&#xD;
2019-09-19 11:53:18 - [TEST_STEP][PASSED] - setText(findTestObject("Regression BackOffice/CLNK-10235/FirstNameSearch"), G_CaregiverFirstName): Text 'Setenta' is set on object 'Object Repository/Regression BackOffice/CLNK-10235/FirstNameSearch'&#xD;
&#xD;
2019-09-19 11:53:18 - [MESSAGE][PASSED] - Text 'Setenta' is set on object 'Object Repository/Regression BackOffice/CLNK-10235/FirstNameSearch'&#xD;
&#xD;
2019-09-19 11:53:18 - [TEST_STEP][PASSED] - delay(2): Delayed 2 second(s)&#xD;
&#xD;
2019-09-19 11:53:20 - [MESSAGE][PASSED] - Delayed 2 second(s)&#xD;
&#xD;
2019-09-19 11:53:20 - [TEST_STEP][PASSED] - waitForElementPresent(findTestObject("Regression BackOffice/CLNK-23441/Last NameHR"), 50): Object 'Object Repository/Regression BackOffice/CLNK-23441/Last NameHR' is present&#xD;
&#xD;
2019-09-19 11:53:20 - [MESSAGE][PASSED] - Object 'Object Repository/Regression BackOffice/CLNK-23441/Last NameHR' is present&#xD;
&#xD;
2019-09-19 11:53:20 - [TEST_STEP][PASSED] - setText(findTestObject("Regression BackOffice/CLNK-23441/Last NameHR"), G_CareGiverLastName): Text 'Setentilla' is set on object 'Object Repository/Regression BackOffice/CLNK-23441/Last NameHR'&#xD;
&#xD;
2019-09-19 11:53:21 - [MESSAGE][PASSED] - Text 'Setentilla' is set on object 'Object Repository/Regression BackOffice/CLNK-23441/Last NameHR'&#xD;
&#xD;
2019-09-19 11:53:21 - [TEST_STEP][PASSED] - delay(2): Delayed 2 second(s)&#xD;
&#xD;
2019-09-19 11:53:23 - [MESSAGE][PASSED] - Delayed 2 second(s)&#xD;
&#xD;
2019-09-19 11:53:23 - [TEST_STEP][PASSED] - waitForElementPresent(findTestObject("Regression BackOffice/CLNK-23441/CaregiverSearchButton"), 50): Object 'Object Repository/Regression BackOffice/CLNK-23441/CaregiverSearchButton' is present&#xD;
&#xD;
2019-09-19 11:53:23 - [MESSAGE][PASSED] - Object 'Object Repository/Regression BackOffice/CLNK-23441/CaregiverSearchButton' is present&#xD;
&#xD;
2019-09-19 11:53:23 - [TEST_STEP][PASSED] - click(findTestObject("Regression BackOffice/CLNK-23441/CaregiverSearchButton"), STOP_ON_FAILURE): Object: 'Object Repository/Regression BackOffice/CLNK-23441/CaregiverSearchButton' is clicked on&#xD;
&#xD;
2019-09-19 11:53:23 - [MESSAGE][PASSED] - Object: 'Object Repository/Regression BackOffice/CLNK-23441/CaregiverSearchButton' is clicked on&#xD;
&#xD;
2019-09-19 11:53:23 - [TEST_STEP][PASSED] - delay(2): Delayed 2 second(s)&#xD;
&#xD;
2019-09-19 11:53:25 - [MESSAGE][PASSED] - Delayed 2 second(s)&#xD;
&#xD;
2019-09-19 11:53:25 - [TEST_STEP][PASSED] - closeBrowser(): Browser is closed&#xD;
&#xD;
2019-09-19 11:53:26 - [MESSAGE][PASSED] - Browser is closed</system-out>
            <system-err></system-err>
        </testcase>
        <testcase name="Test Cases/Regression BackOffice (All Browsers)/CLNK-23442 - Back office Caregiver Demographics" classname="Test Cases/Regression BackOffice (All Browsers)/CLNK-23442 - Back office Caregiver Demographics" status="PASSED">
            <system-out>2019-09-19 11:53:28 - [TEST_CASE][PASSED] - Test Cases/Regression BackOffice (All Browsers)/CLNK-23442 - Back office Caregiver Demographics: Test Cases/Regression BackOffice (All Browsers)/CLNK-23442 - Back office Caregiver Demographics&#xD;
&#xD;
2019-09-19 11:53:29 - [TEST_STEP][PASSED] - callTestCase(findTestCase("Regression BackOffice (All Browsers)/CLNK-23439 - Clink - Back office Client"), [:], STOP_ON_FAILURE): Call Test Case 'Test Cases/Regression BackOffice (All Browsers)/CLNK-23439 - Clink - Back office Client' successfully&#xD;
&#xD;
2019-09-19 11:53:29 - [TEST_CASE][PASSED] - Test Cases/Regression BackOffice (All Browsers)/CLNK-23439 - Clink - Back office Client: Test Cases/Regression BackOffice (All Browsers)/CLNK-23439 - Clink - Back office Client&#xD;
&#xD;
2019-09-19 11:53:29 - [TEST_STEP][PASSED] - deleteAllCookies(): Delete all cookies successfully&#xD;
&#xD;
2019-09-19 11:53:29 - [MESSAGE][WARNING] - Cannot delete cookies because browser is closed&#xD;
&#xD;
2019-09-19 11:53:29 - [MESSAGE][PASSED] - Delete all cookies successfully&#xD;
&#xD;
2019-09-19 11:53:29 - [TEST_STEP][PASSED] - openBrowser(G_SiteBackOffice): Browser is opened with url: 'https://qanewpoc.continulink.com:8443/Backoffice/'&#xD;
&#xD;
2019-09-19 11:53:29 - [MESSAGE][INFO] - Starting 'Chrome' driver&#xD;
&#xD;
2019-09-19 11:53:36 - [MESSAGE][PASSED] - Browser is opened with url: 'https://qanewpoc.continulink.com:8443/Backoffice/'&#xD;
&#xD;
2019-09-19 11:53:36 - [TEST_STEP][PASSED] - waitForPageLoad(60): Wait for page load successfully&#xD;
&#xD;
2019-09-19 11:53:36 - [MESSAGE][PASSED] - Wait for page load successfully&#xD;
&#xD;
2019-09-19 11:53:36 - [TEST_STEP][PASSED] - maximizeWindow(): Current window maximized&#xD;
&#xD;
2019-09-19 11:53:40 - [MESSAGE][PASSED] - Current window maximized&#xD;
&#xD;
2019-09-19 11:53:40 - [TEST_STEP][PASSED] - setText(findTestObject("Regression BackOffice/Login/UserBackOffice"), G_UserBackOffice): Text 'automation_admin' is set on object 'Object Repository/Regression BackOffice/Login/UserBackOffice'&#xD;
&#xD;
2019-09-19 11:53:41 - [MESSAGE][PASSED] - Text 'automation_admin' is set on object 'Object Repository/Regression BackOffice/Login/UserBackOffice'&#xD;
&#xD;
2019-09-19 11:53:41 - [TEST_STEP][PASSED] - setText(findTestObject("Regression BackOffice/Login/PasswordBackOffice"), G_PasswordBackOffice): Text 'qwerty' is set on object 'Object Repository/Regression BackOffice/Login/PasswordBackOffice'&#xD;
&#xD;
2019-09-19 11:53:41 - [MESSAGE][PASSED] - Text 'qwerty' is set on object 'Object Repository/Regression BackOffice/Login/PasswordBackOffice'&#xD;
&#xD;
2019-09-19 11:53:41 - [TEST_STEP][PASSED] - click(findTestObject("Regression BackOffice/Login/LoginBackOffice")): Object: 'Object Repository/Regression BackOffice/Login/LoginBackOffice' is clicked on&#xD;
&#xD;
2019-09-19 11:53:45 - [MESSAGE][PASSED] - Object: 'Object Repository/Regression BackOffice/Login/LoginBackOffice' is clicked on&#xD;
&#xD;
2019-09-19 11:53:45 - [TEST_STEP][PASSED] - waitForPageLoad(60): Wait for page load successfully&#xD;
&#xD;
2019-09-19 11:53:45 - [MESSAGE][PASSED] - Wait for page load successfully&#xD;
&#xD;
2019-09-19 11:53:45 - [TEST_STEP][PASSED] - delay(2): Delayed 2 second(s)&#xD;
&#xD;
2019-09-19 11:53:47 - [MESSAGE][PASSED] - Delayed 2 second(s)&#xD;
&#xD;
2019-09-19 11:53:47 - [TEST_STEP][PASSED] - switchToFrame(findTestObject("Regression BackOffice/CLINK-Frames/FrameFrameLeft"), 5, STOP_ON_FAILURE): null&#xD;
&#xD;
2019-09-19 11:53:47 - [TEST_STEP][PASSED] - delay(2): Delayed 2 second(s)&#xD;
&#xD;
2019-09-19 11:53:49 - [MESSAGE][PASSED] - Delayed 2 second(s)&#xD;
&#xD;
2019-09-19 11:53:49 - [TEST_STEP][PASSED] - waitForElementPresent(findTestObject("Regression BackOffice/CLINK-Frames/ClientIntake"), 50): Object 'Object Repository/Regression BackOffice/CLINK-Frames/ClientIntake' is present&#xD;
&#xD;
2019-09-19 11:53:50 - [MESSAGE][PASSED] - Object 'Object Repository/Regression BackOffice/CLINK-Frames/ClientIntake' is present&#xD;
&#xD;
2019-09-19 11:53:50 - [TEST_STEP][PASSED] - verifyElementPresent(findTestObject("Regression BackOffice/CLINK-Frames/ClientIntake"), 100, STOP_ON_FAILURE): Object 'Object Repository/Regression BackOffice/CLINK-Frames/ClientIntake' is present&#xD;
&#xD;
2019-09-19 11:53:50 - [MESSAGE][PASSED] - Object 'Object Repository/Regression BackOffice/CLINK-Frames/ClientIntake' is present&#xD;
&#xD;
2019-09-19 11:53:50 - [TEST_STEP][PASSED] - switchToDefaultContent(): null&#xD;
&#xD;
2019-09-19 11:53:50 - [MESSAGE][PASSED] - Call Test Case 'Test Cases/Regression BackOffice (All Browsers)/CLNK-23439 - Clink - Back office Client' successfully&#xD;
&#xD;
2019-09-19 11:53:50 - [TEST_STEP][PASSED] - waitForPageLoad(60): Wait for page load successfully&#xD;
&#xD;
2019-09-19 11:53:50 - [MESSAGE][PASSED] - Wait for page load successfully&#xD;
&#xD;
2019-09-19 11:53:50 - [TEST_STEP][PASSED] - delay(3): Delayed 3 second(s)&#xD;
&#xD;
2019-09-19 11:53:53 - [MESSAGE][PASSED] - Delayed 3 second(s)&#xD;
&#xD;
2019-09-19 11:53:53 - [TEST_STEP][PASSED] - switchToFrame(findTestObject("Regression BackOffice/CLNK-23449/FrameLeft"), 30): null&#xD;
&#xD;
2019-09-19 11:53:53 - [TEST_STEP][PASSED] - waitForElementPresent(findTestObject("Regression BackOffice/CLNK-23441/Caregiver  HRLink"), 100): Object 'Object Repository/Regression BackOffice/CLNK-23441/Caregiver  HRLink' is present&#xD;
&#xD;
2019-09-19 11:53:53 - [MESSAGE][PASSED] - Object 'Object Repository/Regression BackOffice/CLNK-23441/Caregiver  HRLink' is present&#xD;
&#xD;
2019-09-19 11:53:53 - [TEST_STEP][PASSED] - click(findTestObject("Regression BackOffice/CLNK-23441/Caregiver  HRLink")): Object: 'Object Repository/Regression BackOffice/CLNK-23441/Caregiver  HRLink' is clicked on&#xD;
&#xD;
2019-09-19 11:53:53 - [MESSAGE][PASSED] - Object: 'Object Repository/Regression BackOffice/CLNK-23441/Caregiver  HRLink' is clicked on&#xD;
&#xD;
2019-09-19 11:53:53 - [TEST_STEP][PASSED] - delay(2): Delayed 2 second(s)&#xD;
&#xD;
2019-09-19 11:53:55 - [MESSAGE][PASSED] - Delayed 2 second(s)&#xD;
&#xD;
2019-09-19 11:53:55 - [TEST_STEP][PASSED] - waitForPageLoad(50): Wait for page load successfully&#xD;
&#xD;
2019-09-19 11:53:55 - [MESSAGE][PASSED] - Wait for page load successfully&#xD;
&#xD;
2019-09-19 11:53:55 - [TEST_STEP][PASSED] - waitForElementPresent(findTestObject("Regression BackOffice/CLINK-23442/CaregiverDemographics"), 50): Object 'Object Repository/Regression BackOffice/CLINK-23442/CaregiverDemographics' is present&#xD;
&#xD;
2019-09-19 11:53:55 - [MESSAGE][PASSED] - Object 'Object Repository/Regression BackOffice/CLINK-23442/CaregiverDemographics' is present&#xD;
&#xD;
2019-09-19 11:53:55 - [TEST_STEP][PASSED] - click(findTestObject("Regression BackOffice/CLINK-23442/CaregiverDemographics")): Object: 'Object Repository/Regression BackOffice/CLINK-23442/CaregiverDemographics' is clicked on&#xD;
&#xD;
2019-09-19 11:53:56 - [MESSAGE][PASSED] - Object: 'Object Repository/Regression BackOffice/CLINK-23442/CaregiverDemographics' is clicked on&#xD;
&#xD;
2019-09-19 11:53:56 - [TEST_STEP][PASSED] - delay(2): Delayed 2 second(s)&#xD;
&#xD;
2019-09-19 11:53:58 - [MESSAGE][PASSED] - Delayed 2 second(s)&#xD;
&#xD;
2019-09-19 11:53:58 - [TEST_STEP][PASSED] - switchToDefaultContent(): null&#xD;
&#xD;
2019-09-19 11:53:58 - [TEST_STEP][PASSED] - switchToFrame(findTestObject("Regression BackOffice/CLNK-23449/FrameMain"), 30): null&#xD;
&#xD;
2019-09-19 11:53:58 - [TEST_STEP][PASSED] - waitForElementPresent(findTestObject("Regression BackOffice/CLNK-10235/FirstNameSearch"), 50): Object 'Object Repository/Regression BackOffice/CLNK-10235/FirstNameSearch' is present&#xD;
&#xD;
2019-09-19 11:53:58 - [MESSAGE][PASSED] - Object 'Object Repository/Regression BackOffice/CLNK-10235/FirstNameSearch' is present&#xD;
&#xD;
2019-09-19 11:53:58 - [TEST_STEP][PASSED] - setText(findTestObject("Regression BackOffice/CLNK-10235/FirstNameSearch"), G_CaregiverFirstName): Text 'Setenta' is set on object 'Object Repository/Regression BackOffice/CLNK-10235/FirstNameSearch'&#xD;
&#xD;
2019-09-19 11:53:58 - [MESSAGE][PASSED] - Text 'Setenta' is set on object 'Object Repository/Regression BackOffice/CLNK-10235/FirstNameSearch'&#xD;
&#xD;
2019-09-19 11:53:58 - [TEST_STEP][PASSED] - delay(2): Delayed 2 second(s)&#xD;
&#xD;
2019-09-19 11:54:00 - [MESSAGE][PASSED] - Delayed 2 second(s)&#xD;
&#xD;
2019-09-19 11:54:00 - [TEST_STEP][PASSED] - waitForElementPresent(findTestObject("Regression BackOffice/CLNK-23441/Last NameHR"), 50): Object 'Object Repository/Regression BackOffice/CLNK-23441/Last NameHR' is present&#xD;
&#xD;
2019-09-19 11:54:00 - [MESSAGE][PASSED] - Object 'Object Repository/Regression BackOffice/CLNK-23441/Last NameHR' is present&#xD;
&#xD;
2019-09-19 11:54:00 - [TEST_STEP][PASSED] - setText(findTestObject("Regression BackOffice/CLNK-23441/Last NameHR"), G_CareGiverLastName): Text 'Setentilla' is set on object 'Object Repository/Regression BackOffice/CLNK-23441/Last NameHR'&#xD;
&#xD;
2019-09-19 11:54:01 - [MESSAGE][PASSED] - Text 'Setentilla' is set on object 'Object Repository/Regression BackOffice/CLNK-23441/Last NameHR'&#xD;
&#xD;
2019-09-19 11:54:01 - [TEST_STEP][PASSED] - delay(2): Delayed 2 second(s)&#xD;
&#xD;
2019-09-19 11:54:03 - [MESSAGE][PASSED] - Delayed 2 second(s)&#xD;
&#xD;
2019-09-19 11:54:03 - [TEST_STEP][PASSED] - waitForElementPresent(findTestObject("Regression BackOffice/CLNK-23441/CaregiverSearchButton"), 50): Object 'Object Repository/Regression BackOffice/CLNK-23441/CaregiverSearchButton' is present&#xD;
&#xD;
2019-09-19 11:54:03 - [MESSAGE][PASSED] - Object 'Object Repository/Regression BackOffice/CLNK-23441/CaregiverSearchButton' is present&#xD;
&#xD;
2019-09-19 11:54:03 - [TEST_STEP][PASSED] - click(findTestObject("Regression BackOffice/CLNK-23441/CaregiverSearchButton"), STOP_ON_FAILURE): Object: 'Object Repository/Regression BackOffice/CLNK-23441/CaregiverSearchButton' is clicked on&#xD;
&#xD;
2019-09-19 11:54:03 - [MESSAGE][PASSED] - Object: 'Object Repository/Regression BackOffice/CLNK-23441/CaregiverSearchButton' is clicked on&#xD;
&#xD;
2019-09-19 11:54:03 - [TEST_STEP][PASSED] - delay(2): Delayed 2 second(s)&#xD;
&#xD;
2019-09-19 11:54:05 - [MESSAGE][PASSED] - Delayed 2 second(s)&#xD;
&#xD;
2019-09-19 11:54:05 - [TEST_STEP][PASSED] - waitForElementPresent(findTestObject("Regression BackOffice/CLINK-23442/ClientLink"), 50): Object 'Object Repository/Regression BackOffice/CLINK-23442/ClientLink' is present&#xD;
&#xD;
2019-09-19 11:54:06 - [MESSAGE][PASSED] - Object 'Object Repository/Regression BackOffice/CLINK-23442/ClientLink' is present&#xD;
&#xD;
2019-09-19 11:54:06 - [TEST_STEP][PASSED] - click(findTestObject("Regression BackOffice/CLINK-23442/ClientLink"), STOP_ON_FAILURE): Object: 'Object Repository/Regression BackOffice/CLINK-23442/ClientLink' is clicked on&#xD;
&#xD;
2019-09-19 11:54:08 - [MESSAGE][PASSED] - Object: 'Object Repository/Regression BackOffice/CLINK-23442/ClientLink' is clicked on&#xD;
&#xD;
2019-09-19 11:54:08 - [TEST_STEP][PASSED] - delay(2): Delayed 2 second(s)&#xD;
&#xD;
2019-09-19 11:54:10 - [MESSAGE][PASSED] - Delayed 2 second(s)&#xD;
&#xD;
2019-09-19 11:54:10 - [TEST_STEP][PASSED] - waitForElementPresent(findTestObject("Regression BackOffice/CLINK-23442/NickName"), 50): Object 'Object Repository/Regression BackOffice/CLINK-23442/NickName' is present&#xD;
&#xD;
2019-09-19 11:54:10 - [MESSAGE][PASSED] - Object 'Object Repository/Regression BackOffice/CLINK-23442/NickName' is present&#xD;
&#xD;
2019-09-19 11:54:10 - [TEST_STEP][PASSED] - setText(findTestObject("Regression BackOffice/CLINK-23442/NickName"), "Pache"): Text 'Pache' is set on object 'Object Repository/Regression BackOffice/CLINK-23442/NickName'&#xD;
&#xD;
2019-09-19 11:54:10 - [MESSAGE][PASSED] - Text 'Pache' is set on object 'Object Repository/Regression BackOffice/CLINK-23442/NickName'&#xD;
&#xD;
2019-09-19 11:54:10 - [TEST_STEP][PASSED] - delay(2): Delayed 2 second(s)&#xD;
&#xD;
2019-09-19 11:54:12 - [MESSAGE][PASSED] - Delayed 2 second(s)&#xD;
&#xD;
2019-09-19 11:54:12 - [TEST_STEP][PASSED] - scrollToElement(findTestObject("Regression BackOffice/CLINK-23442/NewPhoneLink"), 50): Scroll to object 'Object Repository/Regression BackOffice/CLINK-23442/NewPhoneLink' successfully&#xD;
&#xD;
2019-09-19 11:54:13 - [MESSAGE][PASSED] - Scroll to object 'Object Repository/Regression BackOffice/CLINK-23442/NewPhoneLink' successfully&#xD;
&#xD;
2019-09-19 11:54:13 - [TEST_STEP][PASSED] - delay(1): Delayed 1 second(s)&#xD;
&#xD;
2019-09-19 11:54:14 - [MESSAGE][PASSED] - Delayed 1 second(s)&#xD;
&#xD;
2019-09-19 11:54:14 - [TEST_STEP][PASSED] - click(findTestObject("Regression BackOffice/CLINK-23442/NewPhoneLink"), STOP_ON_FAILURE): Object: 'Object Repository/Regression BackOffice/CLINK-23442/NewPhoneLink' is clicked on&#xD;
&#xD;
2019-09-19 11:54:14 - [MESSAGE][PASSED] - Object: 'Object Repository/Regression BackOffice/CLINK-23442/NewPhoneLink' is clicked on&#xD;
&#xD;
2019-09-19 11:54:14 - [TEST_STEP][PASSED] - delay(2): Delayed 2 second(s)&#xD;
&#xD;
2019-09-19 11:54:16 - [MESSAGE][PASSED] - Delayed 2 second(s)&#xD;
&#xD;
2019-09-19 11:54:16 - [TEST_STEP][PASSED] - waitForElementPresent(findTestObject("Regression BackOffice/CLINK-23442/PhoneTypeList"), 50): Object 'Object Repository/Regression BackOffice/CLINK-23442/PhoneTypeList' is present&#xD;
&#xD;
2019-09-19 11:54:16 - [MESSAGE][PASSED] - Object 'Object Repository/Regression BackOffice/CLINK-23442/PhoneTypeList' is present&#xD;
&#xD;
2019-09-19 11:54:16 - [TEST_STEP][PASSED] - click(findTestObject("Regression BackOffice/CLINK-23442/PhoneTypeList"), STOP_ON_FAILURE): Object: 'Object Repository/Regression BackOffice/CLINK-23442/PhoneTypeList' is clicked on&#xD;
&#xD;
2019-09-19 11:54:16 - [MESSAGE][PASSED] - Object: 'Object Repository/Regression BackOffice/CLINK-23442/PhoneTypeList' is clicked on&#xD;
&#xD;
2019-09-19 11:54:16 - [TEST_STEP][PASSED] - sendKeys(findTestObject("Regression BackOffice/CLINK-23442/PhoneTypeList"), Keys.chord(ARROW_DOWN, ARROW_DOWN, ARROW_DOWN, ENTER)): Keys 'DOWN + DOWN + DOWN + ENTER + ' sent to object: 'Object Repository/Regression BackOffice/CLINK-23442/PhoneTypeList'&#xD;
&#xD;
2019-09-19 11:54:16 - [MESSAGE][PASSED] - Keys 'DOWN + DOWN + DOWN + ENTER + ' sent to object: 'Object Repository/Regression BackOffice/CLINK-23442/PhoneTypeList'&#xD;
&#xD;
2019-09-19 11:54:16 - [TEST_STEP][PASSED] - delay(2): Delayed 2 second(s)&#xD;
&#xD;
2019-09-19 11:54:18 - [MESSAGE][PASSED] - Delayed 2 second(s)&#xD;
&#xD;
2019-09-19 11:54:18 - [TEST_STEP][PASSED] - waitForElementPresent(findTestObject("Regression BackOffice/CLINK-23442/PhoneNumber"), 50): Object 'Object Repository/Regression BackOffice/CLINK-23442/PhoneNumber' is present&#xD;
&#xD;
2019-09-19 11:54:18 - [MESSAGE][PASSED] - Object 'Object Repository/Regression BackOffice/CLINK-23442/PhoneNumber' is present&#xD;
&#xD;
2019-09-19 11:54:18 - [TEST_STEP][PASSED] - setText(findTestObject("Regression BackOffice/CLINK-23442/PhoneNumber"), "5896321472"): Text '5896321472' is set on object 'Object Repository/Regression BackOffice/CLINK-23442/PhoneNumber'&#xD;
&#xD;
2019-09-19 11:54:19 - [MESSAGE][PASSED] - Text '5896321472' is set on object 'Object Repository/Regression BackOffice/CLINK-23442/PhoneNumber'&#xD;
&#xD;
2019-09-19 11:54:19 - [TEST_STEP][PASSED] - delay(2): Delayed 2 second(s)&#xD;
&#xD;
2019-09-19 11:54:21 - [MESSAGE][PASSED] - Delayed 2 second(s)&#xD;
&#xD;
2019-09-19 11:54:21 - [TEST_STEP][PASSED] - waitForElementPresent(findTestObject("Regression BackOffice/CLINK-23442/Add to List Button"), 50): Object 'Object Repository/Regression BackOffice/CLINK-23442/Add to List Button' is present&#xD;
&#xD;
2019-09-19 11:54:21 - [MESSAGE][PASSED] - Object 'Object Repository/Regression BackOffice/CLINK-23442/Add to List Button' is present&#xD;
&#xD;
2019-09-19 11:54:21 - [TEST_STEP][PASSED] - click(findTestObject("Regression BackOffice/CLINK-23442/Add to List Button"), STOP_ON_FAILURE): Object: 'Object Repository/Regression BackOffice/CLINK-23442/Add to List Button' is clicked on&#xD;
&#xD;
2019-09-19 11:54:21 - [MESSAGE][PASSED] - Object: 'Object Repository/Regression BackOffice/CLINK-23442/Add to List Button' is clicked on&#xD;
&#xD;
2019-09-19 11:54:21 - [TEST_STEP][PASSED] - delay(2): Delayed 2 second(s)&#xD;
&#xD;
2019-09-19 11:54:23 - [MESSAGE][PASSED] - Delayed 2 second(s)&#xD;
&#xD;
2019-09-19 11:54:23 - [TEST_STEP][PASSED] - waitForElementPresent(findTestObject("Regression BackOffice/CLINK-23442/Group"), 50): Object 'Object Repository/Regression BackOffice/CLINK-23442/Group' is present&#xD;
&#xD;
2019-09-19 11:54:23 - [MESSAGE][PASSED] - Object 'Object Repository/Regression BackOffice/CLINK-23442/Group' is present&#xD;
&#xD;
2019-09-19 11:54:23 - [TEST_STEP][PASSED] - click(findTestObject("Regression BackOffice/CLINK-23442/Group"), STOP_ON_FAILURE): Object: 'Object Repository/Regression BackOffice/CLINK-23442/Group' is clicked on&#xD;
&#xD;
2019-09-19 11:54:23 - [MESSAGE][PASSED] - Object: 'Object Repository/Regression BackOffice/CLINK-23442/Group' is clicked on&#xD;
&#xD;
2019-09-19 11:54:23 - [TEST_STEP][PASSED] - sendKeys(findTestObject("Regression BackOffice/CLINK-23442/Group"), Keys.chord(ARROW_DOWN, ENTER)): Keys 'DOWN + ENTER + ' sent to object: 'Object Repository/Regression BackOffice/CLINK-23442/Group'&#xD;
&#xD;
2019-09-19 11:54:23 - [MESSAGE][PASSED] - Keys 'DOWN + ENTER + ' sent to object: 'Object Repository/Regression BackOffice/CLINK-23442/Group'&#xD;
&#xD;
2019-09-19 11:54:23 - [TEST_STEP][PASSED] - delay(2): Delayed 2 second(s)&#xD;
&#xD;
2019-09-19 11:54:25 - [MESSAGE][PASSED] - Delayed 2 second(s)&#xD;
&#xD;
2019-09-19 11:54:25 - [TEST_STEP][PASSED] - waitForElementPresent(findTestObject("Regression BackOffice/CLINK-23442/SubGroup"), 50): Object 'Object Repository/Regression BackOffice/CLINK-23442/SubGroup' is present&#xD;
&#xD;
2019-09-19 11:54:25 - [MESSAGE][PASSED] - Object 'Object Repository/Regression BackOffice/CLINK-23442/SubGroup' is present&#xD;
&#xD;
2019-09-19 11:54:25 - [TEST_STEP][PASSED] - click(findTestObject("Regression BackOffice/CLINK-23442/SubGroup"), STOP_ON_FAILURE): Object: 'Object Repository/Regression BackOffice/CLINK-23442/SubGroup' is clicked on&#xD;
&#xD;
2019-09-19 11:54:26 - [MESSAGE][PASSED] - Object: 'Object Repository/Regression BackOffice/CLINK-23442/SubGroup' is clicked on&#xD;
&#xD;
2019-09-19 11:54:26 - [TEST_STEP][PASSED] - sendKeys(findTestObject("Regression BackOffice/CLINK-23442/SubGroup"), Keys.chord(ARROW_DOWN, ENTER)): Keys 'DOWN + ENTER + ' sent to object: 'Object Repository/Regression BackOffice/CLINK-23442/SubGroup'&#xD;
&#xD;
2019-09-19 11:54:26 - [MESSAGE][PASSED] - Keys 'DOWN + ENTER + ' sent to object: 'Object Repository/Regression BackOffice/CLINK-23442/SubGroup'&#xD;
&#xD;
2019-09-19 11:54:26 - [TEST_STEP][PASSED] - delay(2): Delayed 2 second(s)&#xD;
&#xD;
2019-09-19 11:54:28 - [MESSAGE][PASSED] - Delayed 2 second(s)&#xD;
&#xD;
2019-09-19 11:54:28 - [TEST_STEP][PASSED] - scrollToElement(findTestObject("Regression BackOffice/CLINK-23442/Add Discipline"), 50): Scroll to object 'Object Repository/Regression BackOffice/CLINK-23442/Add Discipline' successfully&#xD;
&#xD;
2019-09-19 11:54:28 - [MESSAGE][PASSED] - Scroll to object 'Object Repository/Regression BackOffice/CLINK-23442/Add Discipline' successfully&#xD;
&#xD;
2019-09-19 11:54:28 - [TEST_STEP][PASSED] - click(findTestObject("Regression BackOffice/CLINK-23442/Add Discipline"), STOP_ON_FAILURE): Object: 'Object Repository/Regression BackOffice/CLINK-23442/Add Discipline' is clicked on&#xD;
&#xD;
2019-09-19 11:54:28 - [MESSAGE][PASSED] - Object: 'Object Repository/Regression BackOffice/CLINK-23442/Add Discipline' is clicked on&#xD;
&#xD;
2019-09-19 11:54:28 - [TEST_STEP][PASSED] - delay(2): Delayed 2 second(s)&#xD;
&#xD;
2019-09-19 11:54:30 - [MESSAGE][PASSED] - Delayed 2 second(s)&#xD;
&#xD;
2019-09-19 11:54:30 - [TEST_STEP][PASSED] - waitForElementPresent(findTestObject("Regression BackOffice/CLINK-23442/DisciplineList"), 50): Object 'Object Repository/Regression BackOffice/CLINK-23442/DisciplineList' is present&#xD;
&#xD;
2019-09-19 11:54:30 - [MESSAGE][PASSED] - Object 'Object Repository/Regression BackOffice/CLINK-23442/DisciplineList' is present&#xD;
&#xD;
2019-09-19 11:54:30 - [TEST_STEP][PASSED] - click(findTestObject("Regression BackOffice/CLINK-23442/DisciplineList"), STOP_ON_FAILURE): Object: 'Object Repository/Regression BackOffice/CLINK-23442/DisciplineList' is clicked on&#xD;
&#xD;
2019-09-19 11:54:30 - [MESSAGE][PASSED] - Object: 'Object Repository/Regression BackOffice/CLINK-23442/DisciplineList' is clicked on&#xD;
&#xD;
2019-09-19 11:54:30 - [TEST_STEP][PASSED] - sendKeys(findTestObject("Regression BackOffice/CLINK-23442/DisciplineList"), Keys.chord(PAGE_DOWN, ARROW_DOWN, ARROW_DOWN, ARROW_DOWN, ARROW_DOWN, ARROW_DOWN, ARROW_DOWN, ARROW_DOWN, ARROW_DOWN, ENTER)): Keys 'PAGE_DOWN + DOWN + DOWN + DOWN + DOWN + DOWN + DOWN + DOWN + DOWN + ENTER + ' sent to object: 'Object Repository/Regression BackOffice/CLINK-23442/DisciplineList'&#xD;
&#xD;
2019-09-19 11:54:30 - [MESSAGE][PASSED] - Keys 'PAGE_DOWN + DOWN + DOWN + DOWN + DOWN + DOWN + DOWN + DOWN + DOWN + ENTER + ' sent to object: 'Object Repository/Regression BackOffice/CLINK-23442/DisciplineList'&#xD;
&#xD;
2019-09-19 11:54:30 - [TEST_STEP][PASSED] - delay(2): Delayed 2 second(s)&#xD;
&#xD;
2019-09-19 11:54:32 - [MESSAGE][PASSED] - Delayed 2 second(s)&#xD;
&#xD;
2019-09-19 11:54:32 - [TEST_STEP][PASSED] - waitForElementPresent(findTestObject("Regression BackOffice/CLINK-23442/Begin Date"), 50): Object 'Object Repository/Regression BackOffice/CLINK-23442/Begin Date' is present&#xD;
&#xD;
2019-09-19 11:54:33 - [MESSAGE][PASSED] - Object 'Object Repository/Regression BackOffice/CLINK-23442/Begin Date' is present&#xD;
&#xD;
2019-09-19 11:54:33 - [TEST_STEP][PASSED] - setText(findTestObject("Regression BackOffice/CLINK-23442/Begin Date"), getDate.DateUtilities.getDateMonthDayYearNumberwithSlash()): Text '09/19/2019' is set on object 'Object Repository/Regression BackOffice/CLINK-23442/Begin Date'&#xD;
&#xD;
2019-09-19 11:54:33 - [MESSAGE][PASSED] - getDate.DateUtilities.getDateMonthDayYearNumberwithSlash is PASSED&#xD;
&#xD;
2019-09-19 11:54:33 - [MESSAGE][PASSED] - Text '09/19/2019' is set on object 'Object Repository/Regression BackOffice/CLINK-23442/Begin Date'&#xD;
&#xD;
2019-09-19 11:54:33 - [TEST_STEP][PASSED] - delay(2): Delayed 2 second(s)&#xD;
&#xD;
2019-09-19 11:54:35 - [MESSAGE][PASSED] - Delayed 2 second(s)&#xD;
&#xD;
2019-09-19 11:54:35 - [TEST_STEP][PASSED] - waitForElementPresent(findTestObject("Regression BackOffice/CLINK-23442/Add to List Discipline"), 50): Object 'Object Repository/Regression BackOffice/CLINK-23442/Add to List Discipline' is present&#xD;
&#xD;
2019-09-19 11:54:35 - [MESSAGE][PASSED] - Object 'Object Repository/Regression BackOffice/CLINK-23442/Add to List Discipline' is present&#xD;
&#xD;
2019-09-19 11:54:35 - [TEST_STEP][PASSED] - click(findTestObject("Regression BackOffice/CLINK-23442/Add to List Discipline"), STOP_ON_FAILURE): Object: 'Object Repository/Regression BackOffice/CLINK-23442/Add to List Discipline' is clicked on&#xD;
&#xD;
2019-09-19 11:54:35 - [MESSAGE][PASSED] - Object: 'Object Repository/Regression BackOffice/CLINK-23442/Add to List Discipline' is clicked on&#xD;
&#xD;
2019-09-19 11:54:35 - [TEST_STEP][PASSED] - delay(2): Delayed 2 second(s)&#xD;
&#xD;
2019-09-19 11:54:37 - [MESSAGE][PASSED] - Delayed 2 second(s)&#xD;
&#xD;
2019-09-19 11:54:37 - [TEST_STEP][PASSED] - acceptAlert(): Alert accepted&#xD;
&#xD;
2019-09-19 11:54:37 - [MESSAGE][PASSED] - Alert accepted&#xD;
&#xD;
2019-09-19 11:54:37 - [TEST_STEP][PASSED] - waitForElementPresent(findTestObject("Regression BackOffice/CLINK-23442/Add Discipline"), 50): Object 'Object Repository/Regression BackOffice/CLINK-23442/Add Discipline' is present&#xD;
&#xD;
2019-09-19 11:54:37 - [MESSAGE][PASSED] - Object 'Object Repository/Regression BackOffice/CLINK-23442/Add Discipline' is present&#xD;
&#xD;
2019-09-19 11:54:37 - [TEST_STEP][PASSED] - click(findTestObject("Regression BackOffice/CLINK-23442/Add Discipline"), STOP_ON_FAILURE): Object: 'Object Repository/Regression BackOffice/CLINK-23442/Add Discipline' is clicked on&#xD;
&#xD;
2019-09-19 11:54:37 - [MESSAGE][PASSED] - Object: 'Object Repository/Regression BackOffice/CLINK-23442/Add Discipline' is clicked on&#xD;
&#xD;
2019-09-19 11:54:37 - [TEST_STEP][PASSED] - delay(2): Delayed 2 second(s)&#xD;
&#xD;
2019-09-19 11:54:39 - [MESSAGE][PASSED] - Delayed 2 second(s)&#xD;
&#xD;
2019-09-19 11:54:39 - [TEST_STEP][PASSED] - waitForElementPresent(findTestObject("Regression BackOffice/CLINK-23442/DisciplineList"), 50): Object 'Object Repository/Regression BackOffice/CLINK-23442/DisciplineList' is present&#xD;
&#xD;
2019-09-19 11:54:40 - [MESSAGE][PASSED] - Object 'Object Repository/Regression BackOffice/CLINK-23442/DisciplineList' is present&#xD;
&#xD;
2019-09-19 11:54:40 - [TEST_STEP][PASSED] - click(findTestObject("Regression BackOffice/CLINK-23442/DisciplineList"), STOP_ON_FAILURE): Object: 'Object Repository/Regression BackOffice/CLINK-23442/DisciplineList' is clicked on&#xD;
&#xD;
2019-09-19 11:54:40 - [MESSAGE][PASSED] - Object: 'Object Repository/Regression BackOffice/CLINK-23442/DisciplineList' is clicked on&#xD;
&#xD;
2019-09-19 11:54:40 - [TEST_STEP][PASSED] - sendKeys(findTestObject("Regression BackOffice/CLINK-23442/DisciplineList"), Keys.chord(PAGE_DOWN, ARROW_DOWN, ARROW_DOWN, ARROW_DOWN, ARROW_DOWN, ARROW_DOWN, ARROW_DOWN, ARROW_DOWN, ARROW_DOWN, ARROW_DOWN, ENTER)): Keys 'PAGE_DOWN + DOWN + DOWN + DOWN + DOWN + DOWN + DOWN + DOWN + DOWN + DOWN + ENTER + ' sent to object: 'Object Repository/Regression BackOffice/CLINK-23442/DisciplineList'&#xD;
&#xD;
2019-09-19 11:54:40 - [MESSAGE][PASSED] - Keys 'PAGE_DOWN + DOWN + DOWN + DOWN + DOWN + DOWN + DOWN + DOWN + DOWN + DOWN + ENTER + ' sent to object: 'Object Repository/Regression BackOffice/CLINK-23442/DisciplineList'&#xD;
&#xD;
2019-09-19 11:54:40 - [TEST_STEP][PASSED] - delay(2): Delayed 2 second(s)&#xD;
&#xD;
2019-09-19 11:54:42 - [MESSAGE][PASSED] - Delayed 2 second(s)&#xD;
&#xD;
2019-09-19 11:54:42 - [TEST_STEP][PASSED] - waitForElementPresent(findTestObject("Regression BackOffice/CLINK-23442/Begin Date"), 50): Object 'Object Repository/Regression BackOffice/CLINK-23442/Begin Date' is present&#xD;
&#xD;
2019-09-19 11:54:42 - [MESSAGE][PASSED] - Object 'Object Repository/Regression BackOffice/CLINK-23442/Begin Date' is present&#xD;
&#xD;
2019-09-19 11:54:42 - [TEST_STEP][PASSED] - setText(findTestObject("Regression BackOffice/CLINK-23442/Begin Date"), getDate.DateUtilities.getDateMonthDayYearNumberwithSlash()): Text '09/19/2019' is set on object 'Object Repository/Regression BackOffice/CLINK-23442/Begin Date'&#xD;
&#xD;
2019-09-19 11:54:42 - [MESSAGE][PASSED] - getDate.DateUtilities.getDateMonthDayYearNumberwithSlash is PASSED&#xD;
&#xD;
2019-09-19 11:54:42 - [MESSAGE][PASSED] - Text '09/19/2019' is set on object 'Object Repository/Regression BackOffice/CLINK-23442/Begin Date'&#xD;
&#xD;
2019-09-19 11:54:42 - [TEST_STEP][PASSED] - delay(2): Delayed 2 second(s)&#xD;
&#xD;
2019-09-19 11:54:44 - [MESSAGE][PASSED] - Delayed 2 second(s)&#xD;
&#xD;
2019-09-19 11:54:44 - [TEST_STEP][PASSED] - waitForElementPresent(findTestObject("Regression BackOffice/CLINK-23442/Add to List Discipline"), 50): Object 'Object Repository/Regression BackOffice/CLINK-23442/Add to List Discipline' is present&#xD;
&#xD;
2019-09-19 11:54:44 - [MESSAGE][PASSED] - Object 'Object Repository/Regression BackOffice/CLINK-23442/Add to List Discipline' is present&#xD;
&#xD;
2019-09-19 11:54:44 - [TEST_STEP][PASSED] - click(findTestObject("Regression BackOffice/CLINK-23442/Add to List Discipline"), STOP_ON_FAILURE): Object: 'Object Repository/Regression BackOffice/CLINK-23442/Add to List Discipline' is clicked on&#xD;
&#xD;
2019-09-19 11:54:45 - [MESSAGE][PASSED] - Object: 'Object Repository/Regression BackOffice/CLINK-23442/Add to List Discipline' is clicked on&#xD;
&#xD;
2019-09-19 11:54:45 - [TEST_STEP][PASSED] - switchToDefaultContent(): Switching to default content failed because an alert is presented on page. Please switch to default content after dealing with the alert.&#xD;
&#xD;
2019-09-19 11:54:45 - [MESSAGE][WARNING] - Switching to default content failed because an alert is presented on page. Please switch to default content after dealing with the alert.&#xD;
&#xD;
2019-09-19 11:54:45 - [TEST_STEP][PASSED] - acceptAlert(): Alert accepted&#xD;
&#xD;
2019-09-19 11:54:45 - [MESSAGE][PASSED] - Alert accepted&#xD;
&#xD;
2019-09-19 11:54:45 - [TEST_STEP][PASSED] - delay(5): Delayed 5 second(s)&#xD;
&#xD;
2019-09-19 11:54:50 - [MESSAGE][PASSED] - Delayed 5 second(s)&#xD;
&#xD;
2019-09-19 11:54:50 - [TEST_STEP][PASSED] - waitForPageLoad(50): Wait for page load successfully&#xD;
&#xD;
2019-09-19 11:54:50 - [MESSAGE][PASSED] - Wait for page load successfully&#xD;
&#xD;
2019-09-19 11:54:50 - [TEST_STEP][PASSED] - switchToDefaultContent(): null&#xD;
&#xD;
2019-09-19 11:54:50 - [TEST_STEP][PASSED] - switchToFrame(findTestObject("Regression BackOffice/CLNK-23449/FrameMain"), 30): null&#xD;
&#xD;
2019-09-19 11:54:50 - [TEST_STEP][PASSED] - waitForElementPresent(findTestObject("Regression BackOffice/CLINK-23442/RequestChart"), 50): Object 'Object Repository/Regression BackOffice/CLINK-23442/RequestChart' is present&#xD;
&#xD;
2019-09-19 11:54:50 - [MESSAGE][PASSED] - Object 'Object Repository/Regression BackOffice/CLINK-23442/RequestChart' is present&#xD;
&#xD;
2019-09-19 11:54:50 - [TEST_STEP][PASSED] - click(findTestObject("Regression BackOffice/CLINK-23442/RequestChart"), STOP_ON_FAILURE): Object: 'Object Repository/Regression BackOffice/CLINK-23442/RequestChart' is clicked on&#xD;
&#xD;
2019-09-19 11:54:50 - [MESSAGE][PASSED] - Object: 'Object Repository/Regression BackOffice/CLINK-23442/RequestChart' is clicked on&#xD;
&#xD;
2019-09-19 11:54:50 - [TEST_STEP][PASSED] - delay(2): Delayed 2 second(s)&#xD;
&#xD;
2019-09-19 11:54:52 - [MESSAGE][PASSED] - Delayed 2 second(s)&#xD;
&#xD;
2019-09-19 11:54:52 - [TEST_STEP][PASSED] - waitForElementPresent(findTestObject("Regression BackOffice/CLINK-23442/QAReviewForForms"), 50): Object 'Object Repository/Regression BackOffice/CLINK-23442/QAReviewForForms' is present&#xD;
&#xD;
2019-09-19 11:54:52 - [MESSAGE][PASSED] - Object 'Object Repository/Regression BackOffice/CLINK-23442/QAReviewForForms' is present&#xD;
&#xD;
2019-09-19 11:54:52 - [TEST_STEP][PASSED] - click(findTestObject("Regression BackOffice/CLINK-23442/QAReviewForForms"), STOP_ON_FAILURE): Object: 'Object Repository/Regression BackOffice/CLINK-23442/QAReviewForForms' is clicked on&#xD;
&#xD;
2019-09-19 11:54:52 - [MESSAGE][PASSED] - Object: 'Object Repository/Regression BackOffice/CLINK-23442/QAReviewForForms' is clicked on&#xD;
&#xD;
2019-09-19 11:54:52 - [TEST_STEP][PASSED] - delay(2): Delayed 2 second(s)&#xD;
&#xD;
2019-09-19 11:54:54 - [MESSAGE][PASSED] - Delayed 2 second(s)&#xD;
&#xD;
2019-09-19 11:54:54 - [TEST_STEP][PASSED] - switchToDefaultContent(): null&#xD;
&#xD;
2019-09-19 11:54:54 - [TEST_STEP][PASSED] - switchToFrame(findTestObject("Regression BackOffice/CLINK-23442/BannerFrame"), 30): null&#xD;
&#xD;
2019-09-19 11:54:54 - [TEST_STEP][PASSED] - waitForElementPresent(findTestObject("Regression BackOffice/CLINK-23442/SaveButton"), 50): Object 'Object Repository/Regression BackOffice/CLINK-23442/SaveButton' is present&#xD;
&#xD;
2019-09-19 11:54:54 - [MESSAGE][PASSED] - Object 'Object Repository/Regression BackOffice/CLINK-23442/SaveButton' is present&#xD;
&#xD;
2019-09-19 11:54:54 - [TEST_STEP][PASSED] - click(findTestObject("Regression BackOffice/CLINK-23442/SaveButton")): Object: 'Object Repository/Regression BackOffice/CLINK-23442/SaveButton' is clicked on&#xD;
&#xD;
2019-09-19 11:54:58 - [MESSAGE][PASSED] - Object: 'Object Repository/Regression BackOffice/CLINK-23442/SaveButton' is clicked on&#xD;
&#xD;
2019-09-19 11:54:58 - [TEST_STEP][PASSED] - delay(2): Delayed 2 second(s)&#xD;
&#xD;
2019-09-19 11:55:00 - [MESSAGE][PASSED] - Delayed 2 second(s)&#xD;
&#xD;
2019-09-19 11:55:00 - [TEST_STEP][PASSED] - closeBrowser(): Browser is closed&#xD;
&#xD;
2019-09-19 11:55:00 - [MESSAGE][PASSED] - Browser is closed</system-out>
            <system-err></system-err>
        </testcase>
        <testcase name="Test Cases/Regression BackOffice (All Browsers)/CLNK-23445 - Back office Caregiver HR Details" classname="Test Cases/Regression BackOffice (All Browsers)/CLNK-23445 - Back office Caregiver HR Details" status="PASSED">
            <system-out>2019-09-19 11:55:03 - [TEST_CASE][PASSED] - Test Cases/Regression BackOffice (All Browsers)/CLNK-23445 - Back office Caregiver HR Details: Test Cases/Regression BackOffice (All Browsers)/CLNK-23445 - Back office Caregiver HR Details&#xD;
&#xD;
2019-09-19 11:55:03 - [TEST_STEP][PASSED] - callTestCase(findTestCase("Regression BackOffice (All Browsers)/CLNK-23439 - Clink - Back office Client"), [:], STOP_ON_FAILURE): Call Test Case 'Test Cases/Regression BackOffice (All Browsers)/CLNK-23439 - Clink - Back office Client' successfully&#xD;
&#xD;
2019-09-19 11:55:03 - [TEST_CASE][PASSED] - Test Cases/Regression BackOffice (All Browsers)/CLNK-23439 - Clink - Back office Client: Test Cases/Regression BackOffice (All Browsers)/CLNK-23439 - Clink - Back office Client&#xD;
&#xD;
2019-09-19 11:55:03 - [TEST_STEP][PASSED] - deleteAllCookies(): Delete all cookies successfully&#xD;
&#xD;
2019-09-19 11:55:03 - [MESSAGE][WARNING] - Cannot delete cookies because browser is closed&#xD;
&#xD;
2019-09-19 11:55:03 - [MESSAGE][PASSED] - Delete all cookies successfully&#xD;
&#xD;
2019-09-19 11:55:03 - [TEST_STEP][PASSED] - openBrowser(G_SiteBackOffice): Browser is opened with url: 'https://qanewpoc.continulink.com:8443/Backoffice/'&#xD;
&#xD;
2019-09-19 11:55:03 - [MESSAGE][INFO] - Starting 'Chrome' driver&#xD;
&#xD;
2019-09-19 11:55:11 - [MESSAGE][PASSED] - Browser is opened with url: 'https://qanewpoc.continulink.com:8443/Backoffice/'&#xD;
&#xD;
2019-09-19 11:55:11 - [TEST_STEP][PASSED] - waitForPageLoad(60): Wait for page load successfully&#xD;
&#xD;
2019-09-19 11:55:11 - [MESSAGE][PASSED] - Wait for page load successfully&#xD;
&#xD;
2019-09-19 11:55:11 - [TEST_STEP][PASSED] - maximizeWindow(): Current window maximized&#xD;
&#xD;
2019-09-19 11:55:16 - [MESSAGE][PASSED] - Current window maximized&#xD;
&#xD;
2019-09-19 11:55:16 - [TEST_STEP][PASSED] - setText(findTestObject("Regression BackOffice/Login/UserBackOffice"), G_UserBackOffice): Text 'automation_admin' is set on object 'Object Repository/Regression BackOffice/Login/UserBackOffice'&#xD;
&#xD;
2019-09-19 11:55:16 - [MESSAGE][PASSED] - Text 'automation_admin' is set on object 'Object Repository/Regression BackOffice/Login/UserBackOffice'&#xD;
&#xD;
2019-09-19 11:55:16 - [TEST_STEP][PASSED] - setText(findTestObject("Regression BackOffice/Login/PasswordBackOffice"), G_PasswordBackOffice): Text 'qwerty' is set on object 'Object Repository/Regression BackOffice/Login/PasswordBackOffice'&#xD;
&#xD;
2019-09-19 11:55:16 - [MESSAGE][PASSED] - Text 'qwerty' is set on object 'Object Repository/Regression BackOffice/Login/PasswordBackOffice'&#xD;
&#xD;
2019-09-19 11:55:16 - [TEST_STEP][PASSED] - click(findTestObject("Regression BackOffice/Login/LoginBackOffice")): Object: 'Object Repository/Regression BackOffice/Login/LoginBackOffice' is clicked on&#xD;
&#xD;
2019-09-19 11:55:20 - [MESSAGE][PASSED] - Object: 'Object Repository/Regression BackOffice/Login/LoginBackOffice' is clicked on&#xD;
&#xD;
2019-09-19 11:55:20 - [TEST_STEP][PASSED] - waitForPageLoad(60): Wait for page load successfully&#xD;
&#xD;
2019-09-19 11:55:20 - [MESSAGE][PASSED] - Wait for page load successfully&#xD;
&#xD;
2019-09-19 11:55:20 - [TEST_STEP][PASSED] - delay(2): Delayed 2 second(s)&#xD;
&#xD;
2019-09-19 11:55:22 - [MESSAGE][PASSED] - Delayed 2 second(s)&#xD;
&#xD;
2019-09-19 11:55:22 - [TEST_STEP][PASSED] - switchToFrame(findTestObject("Regression BackOffice/CLINK-Frames/FrameFrameLeft"), 5, STOP_ON_FAILURE): null&#xD;
&#xD;
2019-09-19 11:55:22 - [TEST_STEP][PASSED] - delay(2): Delayed 2 second(s)&#xD;
&#xD;
2019-09-19 11:55:24 - [MESSAGE][PASSED] - Delayed 2 second(s)&#xD;
&#xD;
2019-09-19 11:55:24 - [TEST_STEP][PASSED] - waitForElementPresent(findTestObject("Regression BackOffice/CLINK-Frames/ClientIntake"), 50): Object 'Object Repository/Regression BackOffice/CLINK-Frames/ClientIntake' is present&#xD;
&#xD;
2019-09-19 11:55:25 - [MESSAGE][PASSED] - Object 'Object Repository/Regression BackOffice/CLINK-Frames/ClientIntake' is present&#xD;
&#xD;
2019-09-19 11:55:25 - [TEST_STEP][PASSED] - verifyElementPresent(findTestObject("Regression BackOffice/CLINK-Frames/ClientIntake"), 100, STOP_ON_FAILURE): Object 'Object Repository/Regression BackOffice/CLINK-Frames/ClientIntake' is present&#xD;
&#xD;
2019-09-19 11:55:25 - [MESSAGE][PASSED] - Object 'Object Repository/Regression BackOffice/CLINK-Frames/ClientIntake' is present&#xD;
&#xD;
2019-09-19 11:55:25 - [TEST_STEP][PASSED] - switchToDefaultContent(): null&#xD;
&#xD;
2019-09-19 11:55:25 - [MESSAGE][PASSED] - Call Test Case 'Test Cases/Regression BackOffice (All Browsers)/CLNK-23439 - Clink - Back office Client' successfully&#xD;
&#xD;
2019-09-19 11:55:25 - [TEST_STEP][PASSED] - waitForPageLoad(60): Wait for page load successfully&#xD;
&#xD;
2019-09-19 11:55:25 - [MESSAGE][PASSED] - Wait for page load successfully&#xD;
&#xD;
2019-09-19 11:55:25 - [TEST_STEP][PASSED] - delay(3): Delayed 3 second(s)&#xD;
&#xD;
2019-09-19 11:55:28 - [MESSAGE][PASSED] - Delayed 3 second(s)&#xD;
&#xD;
2019-09-19 11:55:28 - [TEST_STEP][PASSED] - switchToFrame(findTestObject("Regression BackOffice/CLNK-23449/FrameLeft"), 30): null&#xD;
&#xD;
2019-09-19 11:55:28 - [TEST_STEP][PASSED] - waitForElementPresent(findTestObject("Regression BackOffice/CLNK-23441/Caregiver  HRLink"), 100): Object 'Object Repository/Regression BackOffice/CLNK-23441/Caregiver  HRLink' is present&#xD;
&#xD;
2019-09-19 11:55:28 - [MESSAGE][PASSED] - Object 'Object Repository/Regression BackOffice/CLNK-23441/Caregiver  HRLink' is present&#xD;
&#xD;
2019-09-19 11:55:28 - [TEST_STEP][PASSED] - click(findTestObject("Regression BackOffice/CLNK-23441/Caregiver  HRLink")): Object: 'Object Repository/Regression BackOffice/CLNK-23441/Caregiver  HRLink' is clicked on&#xD;
&#xD;
2019-09-19 11:55:28 - [MESSAGE][PASSED] - Object: 'Object Repository/Regression BackOffice/CLNK-23441/Caregiver  HRLink' is clicked on&#xD;
&#xD;
2019-09-19 11:55:28 - [TEST_STEP][PASSED] - delay(2): Delayed 2 second(s)&#xD;
&#xD;
2019-09-19 11:55:30 - [MESSAGE][PASSED] - Delayed 2 second(s)&#xD;
&#xD;
2019-09-19 11:55:30 - [TEST_STEP][PASSED] - waitForPageLoad(50): Wait for page load successfully&#xD;
&#xD;
2019-09-19 11:55:30 - [MESSAGE][PASSED] - Wait for page load successfully&#xD;
&#xD;
2019-09-19 11:55:30 - [TEST_STEP][PASSED] - waitForElementPresent(findTestObject("Regression BackOffice/CLINK-23445/CaregiverHRDetails"), 50): Object 'Object Repository/Regression BackOffice/CLINK-23445/CaregiverHRDetails' is present&#xD;
&#xD;
2019-09-19 11:55:30 - [MESSAGE][PASSED] - Object 'Object Repository/Regression BackOffice/CLINK-23445/CaregiverHRDetails' is present&#xD;
&#xD;
2019-09-19 11:55:30 - [TEST_STEP][PASSED] - click(findTestObject("Regression BackOffice/CLINK-23445/CaregiverHRDetails")): Object: 'Object Repository/Regression BackOffice/CLINK-23445/CaregiverHRDetails' is clicked on&#xD;
&#xD;
2019-09-19 11:55:31 - [MESSAGE][PASSED] - Object: 'Object Repository/Regression BackOffice/CLINK-23445/CaregiverHRDetails' is clicked on&#xD;
&#xD;
2019-09-19 11:55:31 - [TEST_STEP][PASSED] - delay(2): Delayed 2 second(s)&#xD;
&#xD;
2019-09-19 11:55:33 - [MESSAGE][PASSED] - Delayed 2 second(s)&#xD;
&#xD;
2019-09-19 11:55:33 - [TEST_STEP][PASSED] - switchToDefaultContent(): null&#xD;
&#xD;
2019-09-19 11:55:33 - [TEST_STEP][PASSED] - switchToFrame(findTestObject("Regression BackOffice/CLNK-23449/FrameMain"), 30): null&#xD;
&#xD;
2019-09-19 11:55:33 - [TEST_STEP][PASSED] - waitForElementPresent(findTestObject("Regression BackOffice/CLNK-10235/FirstNameSearch"), 50): Object 'Object Repository/Regression BackOffice/CLNK-10235/FirstNameSearch' is present&#xD;
&#xD;
2019-09-19 11:55:33 - [MESSAGE][PASSED] - Object 'Object Repository/Regression BackOffice/CLNK-10235/FirstNameSearch' is present&#xD;
&#xD;
2019-09-19 11:55:33 - [TEST_STEP][PASSED] - setText(findTestObject("Regression BackOffice/CLNK-10235/FirstNameSearch"), G_CaregiverFirstName): Text 'Setenta' is set on object 'Object Repository/Regression BackOffice/CLNK-10235/FirstNameSearch'&#xD;
&#xD;
2019-09-19 11:55:34 - [MESSAGE][PASSED] - Text 'Setenta' is set on object 'Object Repository/Regression BackOffice/CLNK-10235/FirstNameSearch'&#xD;
&#xD;
2019-09-19 11:55:34 - [TEST_STEP][PASSED] - delay(2): Delayed 2 second(s)&#xD;
&#xD;
2019-09-19 11:55:36 - [MESSAGE][PASSED] - Delayed 2 second(s)&#xD;
&#xD;
2019-09-19 11:55:36 - [TEST_STEP][PASSED] - waitForElementPresent(findTestObject("Regression BackOffice/CLNK-23441/Last NameHR"), 50): Object 'Object Repository/Regression BackOffice/CLNK-23441/Last NameHR' is present&#xD;
&#xD;
2019-09-19 11:55:36 - [MESSAGE][PASSED] - Object 'Object Repository/Regression BackOffice/CLNK-23441/Last NameHR' is present&#xD;
&#xD;
2019-09-19 11:55:36 - [TEST_STEP][PASSED] - setText(findTestObject("Regression BackOffice/CLNK-23441/Last NameHR"), G_CareGiverLastName): Text 'Setentilla' is set on object 'Object Repository/Regression BackOffice/CLNK-23441/Last NameHR'&#xD;
&#xD;
2019-09-19 11:55:36 - [MESSAGE][PASSED] - Text 'Setentilla' is set on object 'Object Repository/Regression BackOffice/CLNK-23441/Last NameHR'&#xD;
&#xD;
2019-09-19 11:55:36 - [TEST_STEP][PASSED] - delay(2): Delayed 2 second(s)&#xD;
&#xD;
2019-09-19 11:55:38 - [MESSAGE][PASSED] - Delayed 2 second(s)&#xD;
&#xD;
2019-09-19 11:55:38 - [TEST_STEP][PASSED] - waitForElementPresent(findTestObject("Regression BackOffice/CLNK-23441/CaregiverSearchButton"), 50): Object 'Object Repository/Regression BackOffice/CLNK-23441/CaregiverSearchButton' is present&#xD;
&#xD;
2019-09-19 11:55:38 - [MESSAGE][PASSED] - Object 'Object Repository/Regression BackOffice/CLNK-23441/CaregiverSearchButton' is present&#xD;
&#xD;
2019-09-19 11:55:38 - [TEST_STEP][PASSED] - click(findTestObject("Regression BackOffice/CLNK-23441/CaregiverSearchButton"), STOP_ON_FAILURE): Object: 'Object Repository/Regression BackOffice/CLNK-23441/CaregiverSearchButton' is clicked on&#xD;
&#xD;
2019-09-19 11:55:39 - [MESSAGE][PASSED] - Object: 'Object Repository/Regression BackOffice/CLNK-23441/CaregiverSearchButton' is clicked on&#xD;
&#xD;
2019-09-19 11:55:39 - [TEST_STEP][PASSED] - delay(2): Delayed 2 second(s)&#xD;
&#xD;
2019-09-19 11:55:41 - [MESSAGE][PASSED] - Delayed 2 second(s)&#xD;
&#xD;
2019-09-19 11:55:41 - [TEST_STEP][PASSED] - waitForElementPresent(findTestObject("Regression BackOffice/CLINK-23442/ClientLink"), 50): Object 'Object Repository/Regression BackOffice/CLINK-23442/ClientLink' is present&#xD;
&#xD;
2019-09-19 11:55:41 - [MESSAGE][PASSED] - Object 'Object Repository/Regression BackOffice/CLINK-23442/ClientLink' is present&#xD;
&#xD;
2019-09-19 11:55:41 - [TEST_STEP][PASSED] - click(findTestObject("Regression BackOffice/CLINK-23442/ClientLink"), STOP_ON_FAILURE): Object: 'Object Repository/Regression BackOffice/CLINK-23442/ClientLink' is clicked on&#xD;
&#xD;
2019-09-19 11:55:43 - [MESSAGE][PASSED] - Object: 'Object Repository/Regression BackOffice/CLINK-23442/ClientLink' is clicked on&#xD;
&#xD;
2019-09-19 11:55:43 - [TEST_STEP][PASSED] - delay(2): Delayed 2 second(s)&#xD;
&#xD;
2019-09-19 11:55:45 - [MESSAGE][PASSED] - Delayed 2 second(s)&#xD;
&#xD;
2019-09-19 11:55:45 - [TEST_STEP][PASSED] - waitForElementPresent(findTestObject("Regression BackOffice/CLINK-23445/Middle Initial"), 50): Object 'Object Repository/Regression BackOffice/CLINK-23445/Middle Initial' is present&#xD;
&#xD;
2019-09-19 11:55:45 - [MESSAGE][PASSED] - Object 'Object Repository/Regression BackOffice/CLINK-23445/Middle Initial' is present&#xD;
&#xD;
2019-09-19 11:55:45 - [TEST_STEP][PASSED] - setText(findTestObject("Regression BackOffice/CLINK-23445/Middle Initial"), "M"): Text 'M' is set on object 'Object Repository/Regression BackOffice/CLINK-23445/Middle Initial'&#xD;
&#xD;
2019-09-19 11:55:46 - [MESSAGE][PASSED] - Text 'M' is set on object 'Object Repository/Regression BackOffice/CLINK-23445/Middle Initial'&#xD;
&#xD;
2019-09-19 11:55:46 - [TEST_STEP][PASSED] - delay(2): Delayed 2 second(s)&#xD;
&#xD;
2019-09-19 11:55:48 - [MESSAGE][PASSED] - Delayed 2 second(s)&#xD;
&#xD;
2019-09-19 11:55:48 - [TEST_STEP][PASSED] - waitForElementPresent(findTestObject("Regression BackOffice/CLINK-23445/Mail Address"), 50): Object 'Object Repository/Regression BackOffice/CLINK-23445/Mail Address' is present&#xD;
&#xD;
2019-09-19 11:55:48 - [MESSAGE][PASSED] - Object 'Object Repository/Regression BackOffice/CLINK-23445/Mail Address' is present&#xD;
&#xD;
2019-09-19 11:55:48 - [TEST_STEP][PASSED] - setText(findTestObject("Regression BackOffice/CLINK-23445/Mail Address"), "isaac@gmail.com"): Text 'isaac@gmail.com' is set on object 'Object Repository/Regression BackOffice/CLINK-23445/Mail Address'&#xD;
&#xD;
2019-09-19 11:55:48 - [MESSAGE][PASSED] - Text 'isaac@gmail.com' is set on object 'Object Repository/Regression BackOffice/CLINK-23445/Mail Address'&#xD;
&#xD;
2019-09-19 11:55:48 - [TEST_STEP][PASSED] - delay(2): Delayed 2 second(s)&#xD;
&#xD;
2019-09-19 11:55:50 - [MESSAGE][PASSED] - Delayed 2 second(s)&#xD;
&#xD;
2019-09-19 11:55:50 - [TEST_STEP][NOT_RUN] - waitForElementPresent(findTestObject("Regression BackOffice/CLINK-23445/SameasAddress"), 50): NOT_RUN: waitForElementPresent(findTestObject("Regression BackOffice/CLINK-23445/SameasAddress"), 50)&#xD;
&#xD;
2019-09-19 11:55:50 - [MESSAGE][NOT_RUN] - NOT_RUN: waitForElementPresent(findTestObject("Regression BackOffice/CLINK-23445/SameasAddress"), 50)&#xD;
&#xD;
2019-09-19 11:55:50 - [TEST_STEP][NOT_RUN] - click(findTestObject("Regression BackOffice/CLINK-23445/SameasAddress"), STOP_ON_FAILURE): NOT_RUN: click(findTestObject("Regression BackOffice/CLINK-23445/SameasAddress"), STOP_ON_FAILURE)&#xD;
&#xD;
2019-09-19 11:55:50 - [MESSAGE][NOT_RUN] - NOT_RUN: click(findTestObject("Regression BackOffice/CLINK-23445/SameasAddress"), STOP_ON_FAILURE)&#xD;
&#xD;
2019-09-19 11:55:50 - [TEST_STEP][NOT_RUN] - delay(2): NOT_RUN: delay(2)&#xD;
&#xD;
2019-09-19 11:55:50 - [MESSAGE][NOT_RUN] - NOT_RUN: delay(2)&#xD;
&#xD;
2019-09-19 11:55:50 - [TEST_STEP][PASSED] - scrollToElement(findTestObject("Regression BackOffice/CLINK-23445/Race"), 50): Scroll to object 'Object Repository/Regression BackOffice/CLINK-23445/Race' successfully&#xD;
&#xD;
2019-09-19 11:55:50 - [MESSAGE][PASSED] - Scroll to object 'Object Repository/Regression BackOffice/CLINK-23445/Race' successfully&#xD;
&#xD;
2019-09-19 11:55:50 - [TEST_STEP][PASSED] - click(findTestObject("Regression BackOffice/CLINK-23445/Race"), STOP_ON_FAILURE): Object: 'Object Repository/Regression BackOffice/CLINK-23445/Race' is clicked on&#xD;
&#xD;
2019-09-19 11:55:50 - [MESSAGE][PASSED] - Object: 'Object Repository/Regression BackOffice/CLINK-23445/Race' is clicked on&#xD;
&#xD;
2019-09-19 11:55:50 - [TEST_STEP][PASSED] - sendKeys(findTestObject("Regression BackOffice/CLINK-23445/Race"), Keys.chord(ARROW_UP, ARROW_UP, ENTER)): Keys 'UP + UP + ENTER + ' sent to object: 'Object Repository/Regression BackOffice/CLINK-23445/Race'&#xD;
&#xD;
2019-09-19 11:55:50 - [MESSAGE][PASSED] - Keys 'UP + UP + ENTER + ' sent to object: 'Object Repository/Regression BackOffice/CLINK-23445/Race'&#xD;
&#xD;
2019-09-19 11:55:50 - [TEST_STEP][PASSED] - delay(2): Delayed 2 second(s)&#xD;
&#xD;
2019-09-19 11:55:52 - [MESSAGE][PASSED] - Delayed 2 second(s)&#xD;
&#xD;
2019-09-19 11:55:52 - [TEST_STEP][PASSED] - waitForElementPresent(findTestObject("Regression BackOffice/CLINK-23445/Sex"), 50): Object 'Object Repository/Regression BackOffice/CLINK-23445/Sex' is present&#xD;
&#xD;
2019-09-19 11:55:52 - [MESSAGE][PASSED] - Object 'Object Repository/Regression BackOffice/CLINK-23445/Sex' is present&#xD;
&#xD;
2019-09-19 11:55:52 - [TEST_STEP][PASSED] - click(findTestObject("Regression BackOffice/CLINK-23445/Sex"), STOP_ON_FAILURE): Object: 'Object Repository/Regression BackOffice/CLINK-23445/Sex' is clicked on&#xD;
&#xD;
2019-09-19 11:55:53 - [MESSAGE][PASSED] - Object: 'Object Repository/Regression BackOffice/CLINK-23445/Sex' is clicked on&#xD;
&#xD;
2019-09-19 11:55:53 - [TEST_STEP][PASSED] - delay(3): Delayed 3 second(s)&#xD;
&#xD;
2019-09-19 11:55:56 - [MESSAGE][PASSED] - Delayed 3 second(s)&#xD;
&#xD;
2019-09-19 11:55:56 - [TEST_STEP][PASSED] - waitForElementPresent(findTestObject("Regression BackOffice/CLINK-23445/Date Of Hire"), 50): Object 'Object Repository/Regression BackOffice/CLINK-23445/Date Of Hire' is present&#xD;
&#xD;
2019-09-19 11:55:56 - [MESSAGE][PASSED] - Object 'Object Repository/Regression BackOffice/CLINK-23445/Date Of Hire' is present&#xD;
&#xD;
2019-09-19 11:55:56 - [TEST_STEP][PASSED] - setText(findTestObject("Regression BackOffice/CLINK-23445/Date Of Hire"), "04/20/2019"): Text '04/20/2019' is set on object 'Object Repository/Regression BackOffice/CLINK-23445/Date Of Hire'&#xD;
&#xD;
2019-09-19 11:55:56 - [MESSAGE][PASSED] - Text '04/20/2019' is set on object 'Object Repository/Regression BackOffice/CLINK-23445/Date Of Hire'&#xD;
&#xD;
2019-09-19 11:55:56 - [TEST_STEP][PASSED] - delay(4): Delayed 4 second(s)&#xD;
&#xD;
2019-09-19 11:56:00 - [MESSAGE][PASSED] - Delayed 4 second(s)&#xD;
&#xD;
2019-09-19 11:56:00 - [TEST_STEP][PASSED] - switchToDefaultContent(): null&#xD;
&#xD;
2019-09-19 11:56:00 - [TEST_STEP][PASSED] - switchToFrame(findTestObject("Regression BackOffice/CLINK-23444/BannerFrameAtt"), 30): null&#xD;
&#xD;
2019-09-19 11:56:00 - [TEST_STEP][PASSED] - waitForElementPresent(findTestObject("Regression BackOffice/CLINK-23445/Save"), 50): Object 'Object Repository/Regression BackOffice/CLINK-23445/Save' is present&#xD;
&#xD;
2019-09-19 11:56:00 - [MESSAGE][PASSED] - Object 'Object Repository/Regression BackOffice/CLINK-23445/Save' is present&#xD;
&#xD;
2019-09-19 11:56:00 - [TEST_STEP][PASSED] - click(findTestObject("Regression BackOffice/CLINK-23445/Save")): Object: 'Object Repository/Regression BackOffice/CLINK-23445/Save' is clicked on&#xD;
&#xD;
2019-09-19 11:56:02 - [MESSAGE][PASSED] - Object: 'Object Repository/Regression BackOffice/CLINK-23445/Save' is clicked on&#xD;
&#xD;
2019-09-19 11:56:02 - [TEST_STEP][PASSED] - delay(2): Delayed 2 second(s)&#xD;
&#xD;
2019-09-19 11:56:04 - [MESSAGE][PASSED] - Delayed 2 second(s)&#xD;
&#xD;
2019-09-19 11:56:04 - [TEST_STEP][PASSED] - closeBrowser(): Browser is closed&#xD;
&#xD;
2019-09-19 11:56:04 - [MESSAGE][PASSED] - Browser is closed</system-out>
            <system-err></system-err>
        </testcase>
        <testcase name="Test Cases/Regression BackOffice (All Browsers)/CLNK-23446 - Back office Caregiver Locations" classname="Test Cases/Regression BackOffice (All Browsers)/CLNK-23446 - Back office Caregiver Locations" status="PASSED">
            <system-out>2019-09-19 11:56:06 - [TEST_CASE][PASSED] - Test Cases/Regression BackOffice (All Browsers)/CLNK-23446 - Back office Caregiver Locations: Test Cases/Regression BackOffice (All Browsers)/CLNK-23446 - Back office Caregiver Locations&#xD;
&#xD;
2019-09-19 11:56:07 - [TEST_STEP][PASSED] - callTestCase(findTestCase("Regression BackOffice (All Browsers)/CLNK-23439 - Clink - Back office Client"), [:], STOP_ON_FAILURE): Call Test Case 'Test Cases/Regression BackOffice (All Browsers)/CLNK-23439 - Clink - Back office Client' successfully&#xD;
&#xD;
2019-09-19 11:56:07 - [TEST_CASE][PASSED] - Test Cases/Regression BackOffice (All Browsers)/CLNK-23439 - Clink - Back office Client: Test Cases/Regression BackOffice (All Browsers)/CLNK-23439 - Clink - Back office Client&#xD;
&#xD;
2019-09-19 11:56:07 - [TEST_STEP][PASSED] - deleteAllCookies(): Delete all cookies successfully&#xD;
&#xD;
2019-09-19 11:56:07 - [MESSAGE][WARNING] - Cannot delete cookies because browser is closed&#xD;
&#xD;
2019-09-19 11:56:07 - [MESSAGE][PASSED] - Delete all cookies successfully&#xD;
&#xD;
2019-09-19 11:56:07 - [TEST_STEP][PASSED] - openBrowser(G_SiteBackOffice): Browser is opened with url: 'https://qanewpoc.continulink.com:8443/Backoffice/'&#xD;
&#xD;
2019-09-19 11:56:07 - [MESSAGE][INFO] - Starting 'Chrome' driver&#xD;
&#xD;
2019-09-19 11:56:14 - [MESSAGE][PASSED] - Browser is opened with url: 'https://qanewpoc.continulink.com:8443/Backoffice/'&#xD;
&#xD;
2019-09-19 11:56:14 - [TEST_STEP][PASSED] - waitForPageLoad(60): Wait for page load successfully&#xD;
&#xD;
2019-09-19 11:56:14 - [MESSAGE][PASSED] - Wait for page load successfully&#xD;
&#xD;
2019-09-19 11:56:14 - [TEST_STEP][PASSED] - maximizeWindow(): Current window maximized&#xD;
&#xD;
2019-09-19 11:56:19 - [MESSAGE][PASSED] - Current window maximized&#xD;
&#xD;
2019-09-19 11:56:19 - [TEST_STEP][PASSED] - setText(findTestObject("Regression BackOffice/Login/UserBackOffice"), G_UserBackOffice): Text 'automation_admin' is set on object 'Object Repository/Regression BackOffice/Login/UserBackOffice'&#xD;
&#xD;
2019-09-19 11:56:19 - [MESSAGE][PASSED] - Text 'automation_admin' is set on object 'Object Repository/Regression BackOffice/Login/UserBackOffice'&#xD;
&#xD;
2019-09-19 11:56:19 - [TEST_STEP][PASSED] - setText(findTestObject("Regression BackOffice/Login/PasswordBackOffice"), G_PasswordBackOffice): Text 'qwerty' is set on object 'Object Repository/Regression BackOffice/Login/PasswordBackOffice'&#xD;
&#xD;
2019-09-19 11:56:19 - [MESSAGE][PASSED] - Text 'qwerty' is set on object 'Object Repository/Regression BackOffice/Login/PasswordBackOffice'&#xD;
&#xD;
2019-09-19 11:56:19 - [TEST_STEP][PASSED] - click(findTestObject("Regression BackOffice/Login/LoginBackOffice")): Object: 'Object Repository/Regression BackOffice/Login/LoginBackOffice' is clicked on&#xD;
&#xD;
2019-09-19 11:56:24 - [MESSAGE][PASSED] - Object: 'Object Repository/Regression BackOffice/Login/LoginBackOffice' is clicked on&#xD;
&#xD;
2019-09-19 11:56:24 - [TEST_STEP][PASSED] - waitForPageLoad(60): Wait for page load successfully&#xD;
&#xD;
2019-09-19 11:56:24 - [MESSAGE][PASSED] - Wait for page load successfully&#xD;
&#xD;
2019-09-19 11:56:24 - [TEST_STEP][PASSED] - delay(2): Delayed 2 second(s)&#xD;
&#xD;
2019-09-19 11:56:26 - [MESSAGE][PASSED] - Delayed 2 second(s)&#xD;
&#xD;
2019-09-19 11:56:26 - [TEST_STEP][PASSED] - switchToFrame(findTestObject("Regression BackOffice/CLINK-Frames/FrameFrameLeft"), 5, STOP_ON_FAILURE): null&#xD;
&#xD;
2019-09-19 11:56:26 - [TEST_STEP][PASSED] - delay(2): Delayed 2 second(s)&#xD;
&#xD;
2019-09-19 11:56:28 - [MESSAGE][PASSED] - Delayed 2 second(s)&#xD;
&#xD;
2019-09-19 11:56:28 - [TEST_STEP][PASSED] - waitForElementPresent(findTestObject("Regression BackOffice/CLINK-Frames/ClientIntake"), 50): Object 'Object Repository/Regression BackOffice/CLINK-Frames/ClientIntake' is present&#xD;
&#xD;
2019-09-19 11:56:28 - [MESSAGE][PASSED] - Object 'Object Repository/Regression BackOffice/CLINK-Frames/ClientIntake' is present&#xD;
&#xD;
2019-09-19 11:56:28 - [TEST_STEP][PASSED] - verifyElementPresent(findTestObject("Regression BackOffice/CLINK-Frames/ClientIntake"), 100, STOP_ON_FAILURE): Object 'Object Repository/Regression BackOffice/CLINK-Frames/ClientIntake' is present&#xD;
&#xD;
2019-09-19 11:56:28 - [MESSAGE][PASSED] - Object 'Object Repository/Regression BackOffice/CLINK-Frames/ClientIntake' is present&#xD;
&#xD;
2019-09-19 11:56:28 - [TEST_STEP][PASSED] - switchToDefaultContent(): null&#xD;
&#xD;
2019-09-19 11:56:28 - [MESSAGE][PASSED] - Call Test Case 'Test Cases/Regression BackOffice (All Browsers)/CLNK-23439 - Clink - Back office Client' successfully&#xD;
&#xD;
2019-09-19 11:56:28 - [TEST_STEP][PASSED] - waitForPageLoad(60): Wait for page load successfully&#xD;
&#xD;
2019-09-19 11:56:28 - [MESSAGE][PASSED] - Wait for page load successfully&#xD;
&#xD;
2019-09-19 11:56:28 - [TEST_STEP][PASSED] - delay(3): Delayed 3 second(s)&#xD;
&#xD;
2019-09-19 11:56:31 - [MESSAGE][PASSED] - Delayed 3 second(s)&#xD;
&#xD;
2019-09-19 11:56:31 - [TEST_STEP][PASSED] - switchToFrame(findTestObject("Regression BackOffice/CLNK-23449/FrameLeft"), 30): null&#xD;
&#xD;
2019-09-19 11:56:31 - [TEST_STEP][PASSED] - waitForElementPresent(findTestObject("Regression BackOffice/CLNK-23441/Caregiver  HRLink"), 100): Object 'Object Repository/Regression BackOffice/CLNK-23441/Caregiver  HRLink' is present&#xD;
&#xD;
2019-09-19 11:56:31 - [MESSAGE][PASSED] - Object 'Object Repository/Regression BackOffice/CLNK-23441/Caregiver  HRLink' is present&#xD;
&#xD;
2019-09-19 11:56:31 - [TEST_STEP][PASSED] - click(findTestObject("Regression BackOffice/CLNK-23441/Caregiver  HRLink")): Object: 'Object Repository/Regression BackOffice/CLNK-23441/Caregiver  HRLink' is clicked on&#xD;
&#xD;
2019-09-19 11:56:31 - [MESSAGE][PASSED] - Object: 'Object Repository/Regression BackOffice/CLNK-23441/Caregiver  HRLink' is clicked on&#xD;
&#xD;
2019-09-19 11:56:31 - [TEST_STEP][PASSED] - delay(2): Delayed 2 second(s)&#xD;
&#xD;
2019-09-19 11:56:33 - [MESSAGE][PASSED] - Delayed 2 second(s)&#xD;
&#xD;
2019-09-19 11:56:33 - [TEST_STEP][PASSED] - waitForPageLoad(50): Wait for page load successfully&#xD;
&#xD;
2019-09-19 11:56:33 - [MESSAGE][PASSED] - Wait for page load successfully&#xD;
&#xD;
2019-09-19 11:56:33 - [TEST_STEP][PASSED] - waitForElementPresent(findTestObject("Regression BackOffice/CLINK-23446/Caregiver Locations"), 50): Object 'Object Repository/Regression BackOffice/CLINK-23446/Caregiver Locations' is present&#xD;
&#xD;
2019-09-19 11:56:33 - [MESSAGE][PASSED] - Object 'Object Repository/Regression BackOffice/CLINK-23446/Caregiver Locations' is present&#xD;
&#xD;
2019-09-19 11:56:33 - [TEST_STEP][PASSED] - click(findTestObject("Regression BackOffice/CLINK-23446/Caregiver Locations")): Object: 'Object Repository/Regression BackOffice/CLINK-23446/Caregiver Locations' is clicked on&#xD;
&#xD;
2019-09-19 11:56:34 - [MESSAGE][PASSED] - Object: 'Object Repository/Regression BackOffice/CLINK-23446/Caregiver Locations' is clicked on&#xD;
&#xD;
2019-09-19 11:56:34 - [TEST_STEP][PASSED] - delay(2): Delayed 2 second(s)&#xD;
&#xD;
2019-09-19 11:56:36 - [MESSAGE][PASSED] - Delayed 2 second(s)&#xD;
&#xD;
2019-09-19 11:56:36 - [TEST_STEP][PASSED] - switchToDefaultContent(): null&#xD;
&#xD;
2019-09-19 11:56:36 - [TEST_STEP][PASSED] - switchToFrame(findTestObject("Regression BackOffice/CLNK-23449/FrameMain"), 30): null&#xD;
&#xD;
2019-09-19 11:56:37 - [TEST_STEP][PASSED] - waitForElementPresent(findTestObject("Regression BackOffice/CLNK-10235/FirstNameSearch"), 50): Object 'Object Repository/Regression BackOffice/CLNK-10235/FirstNameSearch' is present&#xD;
&#xD;
2019-09-19 11:56:37 - [MESSAGE][PASSED] - Object 'Object Repository/Regression BackOffice/CLNK-10235/FirstNameSearch' is present&#xD;
&#xD;
2019-09-19 11:56:37 - [TEST_STEP][PASSED] - setText(findTestObject("Regression BackOffice/CLNK-10235/FirstNameSearch"), G_CaregiverFirstName): Text 'Setenta' is set on object 'Object Repository/Regression BackOffice/CLNK-10235/FirstNameSearch'&#xD;
&#xD;
2019-09-19 11:56:37 - [MESSAGE][PASSED] - Text 'Setenta' is set on object 'Object Repository/Regression BackOffice/CLNK-10235/FirstNameSearch'&#xD;
&#xD;
2019-09-19 11:56:37 - [TEST_STEP][PASSED] - delay(2): Delayed 2 second(s)&#xD;
&#xD;
2019-09-19 11:56:39 - [MESSAGE][PASSED] - Delayed 2 second(s)&#xD;
&#xD;
2019-09-19 11:56:39 - [TEST_STEP][PASSED] - waitForElementPresent(findTestObject("Regression BackOffice/CLNK-23441/Last NameHR"), 50): Object 'Object Repository/Regression BackOffice/CLNK-23441/Last NameHR' is present&#xD;
&#xD;
2019-09-19 11:56:39 - [MESSAGE][PASSED] - Object 'Object Repository/Regression BackOffice/CLNK-23441/Last NameHR' is present&#xD;
&#xD;
2019-09-19 11:56:39 - [TEST_STEP][PASSED] - setText(findTestObject("Regression BackOffice/CLNK-23441/Last NameHR"), G_CareGiverLastName): Text 'Setentilla' is set on object 'Object Repository/Regression BackOffice/CLNK-23441/Last NameHR'&#xD;
&#xD;
2019-09-19 11:56:39 - [MESSAGE][PASSED] - Text 'Setentilla' is set on object 'Object Repository/Regression BackOffice/CLNK-23441/Last NameHR'&#xD;
&#xD;
2019-09-19 11:56:39 - [TEST_STEP][PASSED] - delay(2): Delayed 2 second(s)&#xD;
&#xD;
2019-09-19 11:56:41 - [MESSAGE][PASSED] - Delayed 2 second(s)&#xD;
&#xD;
2019-09-19 11:56:41 - [TEST_STEP][PASSED] - waitForElementPresent(findTestObject("Regression BackOffice/CLNK-23441/CaregiverSearchButton"), 50): Object 'Object Repository/Regression BackOffice/CLNK-23441/CaregiverSearchButton' is present&#xD;
&#xD;
2019-09-19 11:56:41 - [MESSAGE][PASSED] - Object 'Object Repository/Regression BackOffice/CLNK-23441/CaregiverSearchButton' is present&#xD;
&#xD;
2019-09-19 11:56:41 - [TEST_STEP][PASSED] - click(findTestObject("Regression BackOffice/CLNK-23441/CaregiverSearchButton"), STOP_ON_FAILURE): Object: 'Object Repository/Regression BackOffice/CLNK-23441/CaregiverSearchButton' is clicked on&#xD;
&#xD;
2019-09-19 11:56:42 - [MESSAGE][PASSED] - Object: 'Object Repository/Regression BackOffice/CLNK-23441/CaregiverSearchButton' is clicked on&#xD;
&#xD;
2019-09-19 11:56:42 - [TEST_STEP][PASSED] - delay(2): Delayed 2 second(s)&#xD;
&#xD;
2019-09-19 11:56:44 - [MESSAGE][PASSED] - Delayed 2 second(s)&#xD;
&#xD;
2019-09-19 11:56:44 - [TEST_STEP][PASSED] - waitForElementPresent(findTestObject("Regression BackOffice/CLINK-23442/ClientLink"), 50): Object 'Object Repository/Regression BackOffice/CLINK-23442/ClientLink' is present&#xD;
&#xD;
2019-09-19 11:56:44 - [MESSAGE][PASSED] - Object 'Object Repository/Regression BackOffice/CLINK-23442/ClientLink' is present&#xD;
&#xD;
2019-09-19 11:56:44 - [TEST_STEP][PASSED] - click(findTestObject("Regression BackOffice/CLINK-23442/ClientLink"), STOP_ON_FAILURE): Object: 'Object Repository/Regression BackOffice/CLINK-23442/ClientLink' is clicked on&#xD;
&#xD;
2019-09-19 11:56:45 - [MESSAGE][PASSED] - Object: 'Object Repository/Regression BackOffice/CLINK-23442/ClientLink' is clicked on&#xD;
&#xD;
2019-09-19 11:56:45 - [TEST_STEP][PASSED] - delay(2): Delayed 2 second(s)&#xD;
&#xD;
2019-09-19 11:56:47 - [MESSAGE][PASSED] - Delayed 2 second(s)&#xD;
&#xD;
2019-09-19 11:56:47 - [TEST_STEP][PASSED] - waitForElementPresent(findTestObject("Regression BackOffice/CLINK-23446/NewCaregiverLocation"), 50): Object 'Object Repository/Regression BackOffice/CLINK-23446/NewCaregiverLocation' is present&#xD;
&#xD;
2019-09-19 11:56:47 - [MESSAGE][PASSED] - Object 'Object Repository/Regression BackOffice/CLINK-23446/NewCaregiverLocation' is present&#xD;
&#xD;
2019-09-19 11:56:47 - [TEST_STEP][PASSED] - click(findTestObject("Regression BackOffice/CLINK-23446/NewCaregiverLocation"), STOP_ON_FAILURE): Object: 'Object Repository/Regression BackOffice/CLINK-23446/NewCaregiverLocation' is clicked on&#xD;
&#xD;
2019-09-19 11:56:47 - [MESSAGE][PASSED] - Object: 'Object Repository/Regression BackOffice/CLINK-23446/NewCaregiverLocation' is clicked on&#xD;
&#xD;
2019-09-19 11:56:47 - [TEST_STEP][PASSED] - delay(2): Delayed 2 second(s)&#xD;
&#xD;
2019-09-19 11:56:49 - [MESSAGE][PASSED] - Delayed 2 second(s)&#xD;
&#xD;
2019-09-19 11:56:49 - [TEST_STEP][PASSED] - waitForElementPresent(findTestObject("Regression BackOffice/CLINK-23446/ZoneName"), 50): Object 'Object Repository/Regression BackOffice/CLINK-23446/ZoneName' is present&#xD;
&#xD;
2019-09-19 11:56:49 - [MESSAGE][PASSED] - Object 'Object Repository/Regression BackOffice/CLINK-23446/ZoneName' is present&#xD;
&#xD;
2019-09-19 11:56:49 - [TEST_STEP][PASSED] - click(findTestObject("Regression BackOffice/CLINK-23446/ZoneName"), STOP_ON_FAILURE): Object: 'Object Repository/Regression BackOffice/CLINK-23446/ZoneName' is clicked on&#xD;
&#xD;
2019-09-19 11:56:50 - [MESSAGE][PASSED] - Object: 'Object Repository/Regression BackOffice/CLINK-23446/ZoneName' is clicked on&#xD;
&#xD;
2019-09-19 11:56:50 - [TEST_STEP][PASSED] - sendKeys(findTestObject("Regression BackOffice/CLINK-23446/ZoneName"), Keys.chord(ARROW_DOWN, ARROW_DOWN, ARROW_DOWN, ENTER)): Keys 'DOWN + DOWN + DOWN + ENTER + ' sent to object: 'Object Repository/Regression BackOffice/CLINK-23446/ZoneName'&#xD;
&#xD;
2019-09-19 11:56:50 - [MESSAGE][PASSED] - Keys 'DOWN + DOWN + DOWN + ENTER + ' sent to object: 'Object Repository/Regression BackOffice/CLINK-23446/ZoneName'&#xD;
&#xD;
2019-09-19 11:56:50 - [TEST_STEP][PASSED] - delay(2): Delayed 2 second(s)&#xD;
&#xD;
2019-09-19 11:56:52 - [MESSAGE][PASSED] - Delayed 2 second(s)&#xD;
&#xD;
2019-09-19 11:56:52 - [TEST_STEP][PASSED] - waitForElementPresent(findTestObject("Regression BackOffice/CLINK-23446/li_Location"), 50): Object 'Object Repository/Regression BackOffice/CLINK-23446/li_Location' is present&#xD;
&#xD;
2019-09-19 11:56:52 - [MESSAGE][PASSED] - Object 'Object Repository/Regression BackOffice/CLINK-23446/li_Location' is present&#xD;
&#xD;
2019-09-19 11:56:52 - [TEST_STEP][PASSED] - doubleClick(findTestObject("Regression BackOffice/CLINK-23446/li_Location")): Object: 'Object Repository/Regression BackOffice/CLINK-23446/li_Location' is double clicked on&#xD;
&#xD;
2019-09-19 11:56:52 - [MESSAGE][PASSED] - Object: 'Object Repository/Regression BackOffice/CLINK-23446/li_Location' is double clicked on&#xD;
&#xD;
2019-09-19 11:56:52 - [TEST_STEP][PASSED] - delay(2): Delayed 2 second(s)&#xD;
&#xD;
2019-09-19 11:56:54 - [MESSAGE][PASSED] - Delayed 2 second(s)&#xD;
&#xD;
2019-09-19 11:56:54 - [TEST_STEP][PASSED] - waitForElementPresent(findTestObject("Regression BackOffice/CLINK-23446/a_Add To List"), 50): Object 'Object Repository/Regression BackOffice/CLINK-23446/a_Add To List' is present&#xD;
&#xD;
2019-09-19 11:56:54 - [MESSAGE][PASSED] - Object 'Object Repository/Regression BackOffice/CLINK-23446/a_Add To List' is present&#xD;
&#xD;
2019-09-19 11:56:54 - [TEST_STEP][PASSED] - click(findTestObject("Regression BackOffice/CLINK-23446/a_Add To List"), STOP_ON_FAILURE): Object: 'Object Repository/Regression BackOffice/CLINK-23446/a_Add To List' is clicked on&#xD;
&#xD;
2019-09-19 11:56:54 - [MESSAGE][PASSED] - Object: 'Object Repository/Regression BackOffice/CLINK-23446/a_Add To List' is clicked on&#xD;
&#xD;
2019-09-19 11:56:54 - [TEST_STEP][PASSED] - waitForPageLoad(50): Wait for page load successfully&#xD;
&#xD;
2019-09-19 11:56:54 - [MESSAGE][PASSED] - Wait for page load successfully&#xD;
&#xD;
2019-09-19 11:56:54 - [TEST_STEP][PASSED] - delay(3): Delayed 3 second(s)&#xD;
&#xD;
2019-09-19 11:56:57 - [MESSAGE][PASSED] - Delayed 3 second(s)&#xD;
&#xD;
2019-09-19 11:56:57 - [TEST_STEP][PASSED] - switchToDefaultContent(): null&#xD;
&#xD;
2019-09-19 11:56:57 - [TEST_STEP][PASSED] - switchToFrame(findTestObject("Regression BackOffice/CLINK-23444/BannerFrameAtt"), 30): null&#xD;
&#xD;
2019-09-19 11:56:58 - [TEST_STEP][PASSED] - waitForElementPresent(findTestObject("Regression BackOffice/CLINK-23446/SaveButton"), 50): Object 'Object Repository/Regression BackOffice/CLINK-23446/SaveButton' is present&#xD;
&#xD;
2019-09-19 11:56:58 - [MESSAGE][PASSED] - Object 'Object Repository/Regression BackOffice/CLINK-23446/SaveButton' is present&#xD;
&#xD;
2019-09-19 11:56:58 - [TEST_STEP][PASSED] - click(findTestObject("Regression BackOffice/CLINK-23446/SaveButton")): Object: 'Object Repository/Regression BackOffice/CLINK-23446/SaveButton' is clicked on&#xD;
&#xD;
2019-09-19 11:56:59 - [MESSAGE][PASSED] - Object: 'Object Repository/Regression BackOffice/CLINK-23446/SaveButton' is clicked on&#xD;
&#xD;
2019-09-19 11:56:59 - [TEST_STEP][PASSED] - delay(2): Delayed 2 second(s)&#xD;
&#xD;
2019-09-19 11:57:01 - [MESSAGE][PASSED] - Delayed 2 second(s)&#xD;
&#xD;
2019-09-19 11:57:01 - [TEST_STEP][PASSED] - closeBrowser(): Browser is closed&#xD;
&#xD;
2019-09-19 11:57:01 - [MESSAGE][PASSED] - Browser is closed</system-out>
            <system-err></system-err>
        </testcase>
        <testcase name="Test Cases/Regression BackOffice (All Browsers)/CLNK-23444 - Back office Caregiver Attributes" classname="Test Cases/Regression BackOffice (All Browsers)/CLNK-23444 - Back office Caregiver Attributes" status="PASSED">
            <system-out>2019-09-19 11:57:03 - [TEST_CASE][PASSED] - Test Cases/Regression BackOffice (All Browsers)/CLNK-23444 - Back office Caregiver Attributes: Test Cases/Regression BackOffice (All Browsers)/CLNK-23444 - Back office Caregiver Attributes&#xD;
&#xD;
2019-09-19 11:57:04 - [TEST_STEP][PASSED] - callTestCase(findTestCase("Regression BackOffice (All Browsers)/CLNK-23439 - Clink - Back office Client"), [:], STOP_ON_FAILURE): Call Test Case 'Test Cases/Regression BackOffice (All Browsers)/CLNK-23439 - Clink - Back office Client' successfully&#xD;
&#xD;
2019-09-19 11:57:04 - [TEST_CASE][PASSED] - Test Cases/Regression BackOffice (All Browsers)/CLNK-23439 - Clink - Back office Client: Test Cases/Regression BackOffice (All Browsers)/CLNK-23439 - Clink - Back office Client&#xD;
&#xD;
2019-09-19 11:57:04 - [TEST_STEP][PASSED] - deleteAllCookies(): Delete all cookies successfully&#xD;
&#xD;
2019-09-19 11:57:04 - [MESSAGE][WARNING] - Cannot delete cookies because browser is closed&#xD;
&#xD;
2019-09-19 11:57:04 - [MESSAGE][PASSED] - Delete all cookies successfully&#xD;
&#xD;
2019-09-19 11:57:04 - [TEST_STEP][PASSED] - openBrowser(G_SiteBackOffice): Browser is opened with url: 'https://qanewpoc.continulink.com:8443/Backoffice/'&#xD;
&#xD;
2019-09-19 11:57:04 - [MESSAGE][INFO] - Starting 'Chrome' driver&#xD;
&#xD;
2019-09-19 11:57:11 - [MESSAGE][PASSED] - Browser is opened with url: 'https://qanewpoc.continulink.com:8443/Backoffice/'&#xD;
&#xD;
2019-09-19 11:57:11 - [TEST_STEP][PASSED] - waitForPageLoad(60): Wait for page load successfully&#xD;
&#xD;
2019-09-19 11:57:11 - [MESSAGE][PASSED] - Wait for page load successfully&#xD;
&#xD;
2019-09-19 11:57:11 - [TEST_STEP][PASSED] - maximizeWindow(): Current window maximized&#xD;
&#xD;
2019-09-19 11:57:15 - [MESSAGE][PASSED] - Current window maximized&#xD;
&#xD;
2019-09-19 11:57:15 - [TEST_STEP][PASSED] - setText(findTestObject("Regression BackOffice/Login/UserBackOffice"), G_UserBackOffice): Text 'automation_admin' is set on object 'Object Repository/Regression BackOffice/Login/UserBackOffice'&#xD;
&#xD;
2019-09-19 11:57:16 - [MESSAGE][PASSED] - Text 'automation_admin' is set on object 'Object Repository/Regression BackOffice/Login/UserBackOffice'&#xD;
&#xD;
2019-09-19 11:57:16 - [TEST_STEP][PASSED] - setText(findTestObject("Regression BackOffice/Login/PasswordBackOffice"), G_PasswordBackOffice): Text 'qwerty' is set on object 'Object Repository/Regression BackOffice/Login/PasswordBackOffice'&#xD;
&#xD;
2019-09-19 11:57:16 - [MESSAGE][PASSED] - Text 'qwerty' is set on object 'Object Repository/Regression BackOffice/Login/PasswordBackOffice'&#xD;
&#xD;
2019-09-19 11:57:16 - [TEST_STEP][PASSED] - click(findTestObject("Regression BackOffice/Login/LoginBackOffice")): Object: 'Object Repository/Regression BackOffice/Login/LoginBackOffice' is clicked on&#xD;
&#xD;
2019-09-19 11:57:20 - [MESSAGE][PASSED] - Object: 'Object Repository/Regression BackOffice/Login/LoginBackOffice' is clicked on&#xD;
&#xD;
2019-09-19 11:57:20 - [TEST_STEP][PASSED] - waitForPageLoad(60): Wait for page load successfully&#xD;
&#xD;
2019-09-19 11:57:20 - [MESSAGE][PASSED] - Wait for page load successfully&#xD;
&#xD;
2019-09-19 11:57:20 - [TEST_STEP][PASSED] - delay(2): Delayed 2 second(s)&#xD;
&#xD;
2019-09-19 11:57:22 - [MESSAGE][PASSED] - Delayed 2 second(s)&#xD;
&#xD;
2019-09-19 11:57:22 - [TEST_STEP][PASSED] - switchToFrame(findTestObject("Regression BackOffice/CLINK-Frames/FrameFrameLeft"), 5, STOP_ON_FAILURE): null&#xD;
&#xD;
2019-09-19 11:57:22 - [TEST_STEP][PASSED] - delay(2): Delayed 2 second(s)&#xD;
&#xD;
2019-09-19 11:57:24 - [MESSAGE][PASSED] - Delayed 2 second(s)&#xD;
&#xD;
2019-09-19 11:57:24 - [TEST_STEP][PASSED] - waitForElementPresent(findTestObject("Regression BackOffice/CLINK-Frames/ClientIntake"), 50): Object 'Object Repository/Regression BackOffice/CLINK-Frames/ClientIntake' is present&#xD;
&#xD;
2019-09-19 11:57:24 - [MESSAGE][PASSED] - Object 'Object Repository/Regression BackOffice/CLINK-Frames/ClientIntake' is present&#xD;
&#xD;
2019-09-19 11:57:24 - [TEST_STEP][PASSED] - verifyElementPresent(findTestObject("Regression BackOffice/CLINK-Frames/ClientIntake"), 100, STOP_ON_FAILURE): Object 'Object Repository/Regression BackOffice/CLINK-Frames/ClientIntake' is present&#xD;
&#xD;
2019-09-19 11:57:25 - [MESSAGE][PASSED] - Object 'Object Repository/Regression BackOffice/CLINK-Frames/ClientIntake' is present&#xD;
&#xD;
2019-09-19 11:57:25 - [TEST_STEP][PASSED] - switchToDefaultContent(): null&#xD;
&#xD;
2019-09-19 11:57:25 - [MESSAGE][PASSED] - Call Test Case 'Test Cases/Regression BackOffice (All Browsers)/CLNK-23439 - Clink - Back office Client' successfully&#xD;
&#xD;
2019-09-19 11:57:25 - [TEST_STEP][PASSED] - waitForPageLoad(60): Wait for page load successfully&#xD;
&#xD;
2019-09-19 11:57:25 - [MESSAGE][PASSED] - Wait for page load successfully&#xD;
&#xD;
2019-09-19 11:57:25 - [TEST_STEP][PASSED] - delay(3): Delayed 3 second(s)&#xD;
&#xD;
2019-09-19 11:57:28 - [MESSAGE][PASSED] - Delayed 3 second(s)&#xD;
&#xD;
2019-09-19 11:57:28 - [TEST_STEP][PASSED] - switchToFrame(findTestObject("Regression BackOffice/CLNK-23449/FrameLeft"), 30): null&#xD;
&#xD;
2019-09-19 11:57:28 - [TEST_STEP][PASSED] - waitForElementPresent(findTestObject("Regression BackOffice/CLNK-23441/Caregiver  HRLink"), 100): Object 'Object Repository/Regression BackOffice/CLNK-23441/Caregiver  HRLink' is present&#xD;
&#xD;
2019-09-19 11:57:28 - [MESSAGE][PASSED] - Object 'Object Repository/Regression BackOffice/CLNK-23441/Caregiver  HRLink' is present&#xD;
&#xD;
2019-09-19 11:57:28 - [TEST_STEP][PASSED] - click(findTestObject("Regression BackOffice/CLNK-23441/Caregiver  HRLink")): Object: 'Object Repository/Regression BackOffice/CLNK-23441/Caregiver  HRLink' is clicked on&#xD;
&#xD;
2019-09-19 11:57:28 - [MESSAGE][PASSED] - Object: 'Object Repository/Regression BackOffice/CLNK-23441/Caregiver  HRLink' is clicked on&#xD;
&#xD;
2019-09-19 11:57:28 - [TEST_STEP][PASSED] - delay(2): Delayed 2 second(s)&#xD;
&#xD;
2019-09-19 11:57:30 - [MESSAGE][PASSED] - Delayed 2 second(s)&#xD;
&#xD;
2019-09-19 11:57:30 - [TEST_STEP][PASSED] - waitForPageLoad(50): Wait for page load successfully&#xD;
&#xD;
2019-09-19 11:57:30 - [MESSAGE][PASSED] - Wait for page load successfully&#xD;
&#xD;
2019-09-19 11:57:30 - [TEST_STEP][PASSED] - waitForElementPresent(findTestObject("Regression BackOffice/CLINK-23444/Caregiver Attributes"), 50): Object 'Object Repository/Regression BackOffice/CLINK-23444/Caregiver Attributes' is present&#xD;
&#xD;
2019-09-19 11:57:30 - [MESSAGE][PASSED] - Object 'Object Repository/Regression BackOffice/CLINK-23444/Caregiver Attributes' is present&#xD;
&#xD;
2019-09-19 11:57:30 - [TEST_STEP][PASSED] - click(findTestObject("Regression BackOffice/CLINK-23444/Caregiver Attributes")): Object: 'Object Repository/Regression BackOffice/CLINK-23444/Caregiver Attributes' is clicked on&#xD;
&#xD;
2019-09-19 11:57:31 - [MESSAGE][PASSED] - Object: 'Object Repository/Regression BackOffice/CLINK-23444/Caregiver Attributes' is clicked on&#xD;
&#xD;
2019-09-19 11:57:31 - [TEST_STEP][PASSED] - delay(2): Delayed 2 second(s)&#xD;
&#xD;
2019-09-19 11:57:33 - [MESSAGE][PASSED] - Delayed 2 second(s)&#xD;
&#xD;
2019-09-19 11:57:33 - [TEST_STEP][PASSED] - switchToDefaultContent(): null&#xD;
&#xD;
2019-09-19 11:57:33 - [TEST_STEP][PASSED] - switchToFrame(findTestObject("Regression BackOffice/CLNK-23449/FrameMain"), 30): null&#xD;
&#xD;
2019-09-19 11:57:33 - [TEST_STEP][PASSED] - waitForElementPresent(findTestObject("Regression BackOffice/CLNK-10235/FirstNameSearch"), 50): Object 'Object Repository/Regression BackOffice/CLNK-10235/FirstNameSearch' is present&#xD;
&#xD;
2019-09-19 11:57:33 - [MESSAGE][PASSED] - Object 'Object Repository/Regression BackOffice/CLNK-10235/FirstNameSearch' is present&#xD;
&#xD;
2019-09-19 11:57:33 - [TEST_STEP][PASSED] - setText(findTestObject("Regression BackOffice/CLNK-10235/FirstNameSearch"), G_CaregiverFirstName): Text 'Setenta' is set on object 'Object Repository/Regression BackOffice/CLNK-10235/FirstNameSearch'&#xD;
&#xD;
2019-09-19 11:57:34 - [MESSAGE][PASSED] - Text 'Setenta' is set on object 'Object Repository/Regression BackOffice/CLNK-10235/FirstNameSearch'&#xD;
&#xD;
2019-09-19 11:57:34 - [TEST_STEP][PASSED] - delay(2): Delayed 2 second(s)&#xD;
&#xD;
2019-09-19 11:57:36 - [MESSAGE][PASSED] - Delayed 2 second(s)&#xD;
&#xD;
2019-09-19 11:57:36 - [TEST_STEP][PASSED] - waitForElementPresent(findTestObject("Regression BackOffice/CLNK-23441/Last NameHR"), 50): Object 'Object Repository/Regression BackOffice/CLNK-23441/Last NameHR' is present&#xD;
&#xD;
2019-09-19 11:57:36 - [MESSAGE][PASSED] - Object 'Object Repository/Regression BackOffice/CLNK-23441/Last NameHR' is present&#xD;
&#xD;
2019-09-19 11:57:36 - [TEST_STEP][PASSED] - setText(findTestObject("Regression BackOffice/CLNK-23441/Last NameHR"), G_CareGiverLastName): Text 'Setentilla' is set on object 'Object Repository/Regression BackOffice/CLNK-23441/Last NameHR'&#xD;
&#xD;
2019-09-19 11:57:36 - [MESSAGE][PASSED] - Text 'Setentilla' is set on object 'Object Repository/Regression BackOffice/CLNK-23441/Last NameHR'&#xD;
&#xD;
2019-09-19 11:57:36 - [TEST_STEP][PASSED] - delay(2): Delayed 2 second(s)&#xD;
&#xD;
2019-09-19 11:57:38 - [MESSAGE][PASSED] - Delayed 2 second(s)&#xD;
&#xD;
2019-09-19 11:57:38 - [TEST_STEP][PASSED] - waitForElementPresent(findTestObject("Regression BackOffice/CLNK-23441/CaregiverSearchButton"), 50): Object 'Object Repository/Regression BackOffice/CLNK-23441/CaregiverSearchButton' is present&#xD;
&#xD;
2019-09-19 11:57:38 - [MESSAGE][PASSED] - Object 'Object Repository/Regression BackOffice/CLNK-23441/CaregiverSearchButton' is present&#xD;
&#xD;
2019-09-19 11:57:38 - [TEST_STEP][PASSED] - click(findTestObject("Regression BackOffice/CLNK-23441/CaregiverSearchButton"), STOP_ON_FAILURE): Object: 'Object Repository/Regression BackOffice/CLNK-23441/CaregiverSearchButton' is clicked on&#xD;
&#xD;
2019-09-19 11:57:39 - [MESSAGE][PASSED] - Object: 'Object Repository/Regression BackOffice/CLNK-23441/CaregiverSearchButton' is clicked on&#xD;
&#xD;
2019-09-19 11:57:39 - [TEST_STEP][PASSED] - delay(2): Delayed 2 second(s)&#xD;
&#xD;
2019-09-19 11:57:41 - [MESSAGE][PASSED] - Delayed 2 second(s)&#xD;
&#xD;
2019-09-19 11:57:41 - [TEST_STEP][PASSED] - waitForElementPresent(findTestObject("Regression BackOffice/CLINK-23442/ClientLink"), 50): Object 'Object Repository/Regression BackOffice/CLINK-23442/ClientLink' is present&#xD;
&#xD;
2019-09-19 11:57:41 - [MESSAGE][PASSED] - Object 'Object Repository/Regression BackOffice/CLINK-23442/ClientLink' is present&#xD;
&#xD;
2019-09-19 11:57:41 - [TEST_STEP][PASSED] - click(findTestObject("Regression BackOffice/CLINK-23442/ClientLink"), STOP_ON_FAILURE): Object: 'Object Repository/Regression BackOffice/CLINK-23442/ClientLink' is clicked on&#xD;
&#xD;
2019-09-19 11:57:42 - [MESSAGE][PASSED] - Object: 'Object Repository/Regression BackOffice/CLINK-23442/ClientLink' is clicked on&#xD;
&#xD;
2019-09-19 11:57:42 - [TEST_STEP][PASSED] - delay(2): Delayed 2 second(s)&#xD;
&#xD;
2019-09-19 11:57:44 - [MESSAGE][PASSED] - Delayed 2 second(s)&#xD;
&#xD;
2019-09-19 11:57:44 - [TEST_STEP][PASSED] - waitForElementPresent(findTestObject("Regression BackOffice/CLINK - 28718/License/EditAttrbiute"), 50): Object 'Object Repository/Regression BackOffice/CLINK - 28718/License/EditAttrbiute' is present&#xD;
&#xD;
2019-09-19 11:57:44 - [MESSAGE][PASSED] - Object 'Object Repository/Regression BackOffice/CLINK - 28718/License/EditAttrbiute' is present&#xD;
&#xD;
2019-09-19 11:57:44 - [TEST_STEP][PASSED] - click(findTestObject("Regression BackOffice/CLINK - 28718/License/EditAttrbiute"), STOP_ON_FAILURE): Object: 'Object Repository/Regression BackOffice/CLINK - 28718/License/EditAttrbiute' is clicked on&#xD;
&#xD;
2019-09-19 11:57:44 - [MESSAGE][PASSED] - Object: 'Object Repository/Regression BackOffice/CLINK - 28718/License/EditAttrbiute' is clicked on&#xD;
&#xD;
2019-09-19 11:57:44 - [TEST_STEP][PASSED] - delay(2): Delayed 2 second(s)&#xD;
&#xD;
2019-09-19 11:57:46 - [MESSAGE][PASSED] - Delayed 2 second(s)&#xD;
&#xD;
2019-09-19 11:57:46 - [TEST_STEP][PASSED] - waitForElementPresent(findTestObject("Regression BackOffice/CLINK - 28718/License/LicenseNro"), 50): Object 'Object Repository/Regression BackOffice/CLINK - 28718/License/LicenseNro' is present&#xD;
&#xD;
2019-09-19 11:57:46 - [MESSAGE][PASSED] - Object 'Object Repository/Regression BackOffice/CLINK - 28718/License/LicenseNro' is present&#xD;
&#xD;
2019-09-19 11:57:46 - [TEST_STEP][PASSED] - setText(findTestObject("Regression BackOffice/CLINK - 28718/License/LicenseNro"), "14"): Text '14' is set on object 'Object Repository/Regression BackOffice/CLINK - 28718/License/LicenseNro'&#xD;
&#xD;
2019-09-19 11:57:47 - [MESSAGE][PASSED] - Text '14' is set on object 'Object Repository/Regression BackOffice/CLINK - 28718/License/LicenseNro'&#xD;
&#xD;
2019-09-19 11:57:47 - [TEST_STEP][PASSED] - delay(2): Delayed 2 second(s)&#xD;
&#xD;
2019-09-19 11:57:49 - [MESSAGE][PASSED] - Delayed 2 second(s)&#xD;
&#xD;
2019-09-19 11:57:49 - [TEST_STEP][PASSED] - waitForElementPresent(findTestObject("Regression BackOffice/CLINK - 28718/License/License Expiration Date"), 50): Object 'Object Repository/Regression BackOffice/CLINK - 28718/License/License Expiration Date' is present&#xD;
&#xD;
2019-09-19 11:57:49 - [MESSAGE][PASSED] - Object 'Object Repository/Regression BackOffice/CLINK - 28718/License/License Expiration Date' is present&#xD;
&#xD;
2019-09-19 11:57:49 - [TEST_STEP][PASSED] - setText(findTestObject("Regression BackOffice/CLINK - 28718/License/License Expiration Date"), getDate.DateUtilities.getDateMonthDayYearNumberwithSlash()): Text '09/19/2019' is set on object 'Object Repository/Regression BackOffice/CLINK - 28718/License/License Expiration Date'&#xD;
&#xD;
2019-09-19 11:57:49 - [MESSAGE][PASSED] - getDate.DateUtilities.getDateMonthDayYearNumberwithSlash is PASSED&#xD;
&#xD;
2019-09-19 11:57:49 - [MESSAGE][PASSED] - Text '09/19/2019' is set on object 'Object Repository/Regression BackOffice/CLINK - 28718/License/License Expiration Date'&#xD;
&#xD;
2019-09-19 11:57:49 - [TEST_STEP][PASSED] - delay(4): Delayed 4 second(s)&#xD;
&#xD;
2019-09-19 11:57:53 - [MESSAGE][PASSED] - Delayed 4 second(s)&#xD;
&#xD;
2019-09-19 11:57:53 - [TEST_STEP][PASSED] - waitForElementPresent(findTestObject("Regression BackOffice/CLINK - 28718/License/State Issued"), 50): Object 'Object Repository/Regression BackOffice/CLINK - 28718/License/State Issued' is present&#xD;
&#xD;
2019-09-19 11:57:53 - [MESSAGE][PASSED] - Object 'Object Repository/Regression BackOffice/CLINK - 28718/License/State Issued' is present&#xD;
&#xD;
2019-09-19 11:57:53 - [TEST_STEP][PASSED] - setText(findTestObject("Regression BackOffice/CLINK - 28718/License/State Issued"), "St"): Text 'St' is set on object 'Object Repository/Regression BackOffice/CLINK - 28718/License/State Issued'&#xD;
&#xD;
2019-09-19 11:57:53 - [MESSAGE][PASSED] - Text 'St' is set on object 'Object Repository/Regression BackOffice/CLINK - 28718/License/State Issued'&#xD;
&#xD;
2019-09-19 11:57:53 - [TEST_STEP][PASSED] - delay(2): Delayed 2 second(s)&#xD;
&#xD;
2019-09-19 11:57:55 - [MESSAGE][PASSED] - Delayed 2 second(s)&#xD;
&#xD;
2019-09-19 11:57:55 - [TEST_STEP][PASSED] - waitForElementPresent(findTestObject("Regression BackOffice/CLINK - 28718/License/License Checked"), 50): Object 'Object Repository/Regression BackOffice/CLINK - 28718/License/License Checked' is present&#xD;
&#xD;
2019-09-19 11:57:55 - [MESSAGE][PASSED] - Object 'Object Repository/Regression BackOffice/CLINK - 28718/License/License Checked' is present&#xD;
&#xD;
2019-09-19 11:57:55 - [TEST_STEP][PASSED] - setText(findTestObject("Regression BackOffice/CLINK - 28718/License/License Checked"), "Isaac"): Text 'Isaac' is set on object 'Object Repository/Regression BackOffice/CLINK - 28718/License/License Checked'&#xD;
&#xD;
2019-09-19 11:57:55 - [MESSAGE][PASSED] - Text 'Isaac' is set on object 'Object Repository/Regression BackOffice/CLINK - 28718/License/License Checked'&#xD;
&#xD;
2019-09-19 11:57:55 - [TEST_STEP][PASSED] - delay(2): Delayed 2 second(s)&#xD;
&#xD;
2019-09-19 11:57:57 - [MESSAGE][PASSED] - Delayed 2 second(s)&#xD;
&#xD;
2019-09-19 11:57:57 - [TEST_STEP][PASSED] - waitForElementPresent(findTestObject("Regression BackOffice/CLINK - 28718/License/License Checked Date"), 50): Object 'Object Repository/Regression BackOffice/CLINK - 28718/License/License Checked Date' is present&#xD;
&#xD;
2019-09-19 11:57:57 - [MESSAGE][PASSED] - Object 'Object Repository/Regression BackOffice/CLINK - 28718/License/License Checked Date' is present&#xD;
&#xD;
2019-09-19 11:57:57 - [TEST_STEP][PASSED] - setText(findTestObject("Regression BackOffice/CLINK - 28718/License/License Checked Date"), getDate.DateUtilities.getDateMonthDayYearNumberwithSlash()): Text '09/19/2019' is set on object 'Object Repository/Regression BackOffice/CLINK - 28718/License/License Checked Date'&#xD;
&#xD;
2019-09-19 11:57:57 - [MESSAGE][PASSED] - getDate.DateUtilities.getDateMonthDayYearNumberwithSlash is PASSED&#xD;
&#xD;
2019-09-19 11:57:58 - [MESSAGE][PASSED] - Text '09/19/2019' is set on object 'Object Repository/Regression BackOffice/CLINK - 28718/License/License Checked Date'&#xD;
&#xD;
2019-09-19 11:57:58 - [TEST_STEP][PASSED] - delay(4): Delayed 4 second(s)&#xD;
&#xD;
2019-09-19 11:58:02 - [MESSAGE][PASSED] - Delayed 4 second(s)&#xD;
&#xD;
2019-09-19 11:58:02 - [TEST_STEP][PASSED] - waitForElementPresent(findTestObject("Regression BackOffice/CLINK - 28718/License/Add To List License"), 50): Object 'Object Repository/Regression BackOffice/CLINK - 28718/License/Add To List License' is present&#xD;
&#xD;
2019-09-19 11:58:02 - [MESSAGE][PASSED] - Object 'Object Repository/Regression BackOffice/CLINK - 28718/License/Add To List License' is present&#xD;
&#xD;
2019-09-19 11:58:02 - [TEST_STEP][PASSED] - click(findTestObject("Regression BackOffice/CLINK - 28718/License/Add To List License"), STOP_ON_FAILURE): Object: 'Object Repository/Regression BackOffice/CLINK - 28718/License/Add To List License' is clicked on&#xD;
&#xD;
2019-09-19 11:58:02 - [MESSAGE][PASSED] - Object: 'Object Repository/Regression BackOffice/CLINK - 28718/License/Add To List License' is clicked on&#xD;
&#xD;
2019-09-19 11:58:02 - [TEST_STEP][PASSED] - delay(3): Delayed 3 second(s)&#xD;
&#xD;
2019-09-19 11:58:05 - [MESSAGE][PASSED] - Delayed 3 second(s)&#xD;
&#xD;
2019-09-19 11:58:05 - [TEST_STEP][PASSED] - switchToDefaultContent(): null&#xD;
&#xD;
2019-09-19 11:58:05 - [TEST_STEP][PASSED] - switchToFrame(findTestObject("Regression BackOffice/CLINK-23444/BannerFrameAtt"), 30): null&#xD;
&#xD;
2019-09-19 11:58:05 - [TEST_STEP][PASSED] - waitForElementPresent(findTestObject("Regression BackOffice/CLINK-23444/Save"), 50): Object 'Object Repository/Regression BackOffice/CLINK-23444/Save' is present&#xD;
&#xD;
2019-09-19 11:58:05 - [MESSAGE][PASSED] - Object 'Object Repository/Regression BackOffice/CLINK-23444/Save' is present&#xD;
&#xD;
2019-09-19 11:58:05 - [TEST_STEP][PASSED] - click(findTestObject("Regression BackOffice/CLINK-23444/Save")): Object: 'Object Repository/Regression BackOffice/CLINK-23444/Save' is clicked on&#xD;
&#xD;
2019-09-19 11:58:06 - [MESSAGE][PASSED] - Object: 'Object Repository/Regression BackOffice/CLINK-23444/Save' is clicked on&#xD;
&#xD;
2019-09-19 11:58:06 - [TEST_STEP][PASSED] - delay(2): Delayed 2 second(s)&#xD;
&#xD;
2019-09-19 11:58:08 - [MESSAGE][PASSED] - Delayed 2 second(s)&#xD;
&#xD;
2019-09-19 11:58:08 - [TEST_STEP][PASSED] - closeBrowser(): Browser is closed&#xD;
&#xD;
2019-09-19 11:58:09 - [MESSAGE][PASSED] - Browser is closed</system-out>
            <system-err></system-err>
        </testcase>
        <testcase name="Test Cases/Regression BackOffice (All Browsers)/CLNK-23447 - Back office Caregiver Demographics" classname="Test Cases/Regression BackOffice (All Browsers)/CLNK-23447 - Back office Caregiver Demographics" status="PASSED">
            <system-out>2019-09-19 11:58:11 - [TEST_CASE][PASSED] - Test Cases/Regression BackOffice (All Browsers)/CLNK-23447 - Back office Caregiver Demographics: Test Cases/Regression BackOffice (All Browsers)/CLNK-23447 - Back office Caregiver Demographics&#xD;
&#xD;
2019-09-19 11:58:11 - [TEST_STEP][PASSED] - callTestCase(findTestCase("Regression BackOffice (All Browsers)/CLNK-23439 - Clink - Back office Client"), [:], STOP_ON_FAILURE): Call Test Case 'Test Cases/Regression BackOffice (All Browsers)/CLNK-23439 - Clink - Back office Client' successfully&#xD;
&#xD;
2019-09-19 11:58:11 - [TEST_CASE][PASSED] - Test Cases/Regression BackOffice (All Browsers)/CLNK-23439 - Clink - Back office Client: Test Cases/Regression BackOffice (All Browsers)/CLNK-23439 - Clink - Back office Client&#xD;
&#xD;
2019-09-19 11:58:11 - [TEST_STEP][PASSED] - deleteAllCookies(): Delete all cookies successfully&#xD;
&#xD;
2019-09-19 11:58:11 - [MESSAGE][WARNING] - Cannot delete cookies because browser is closed&#xD;
&#xD;
2019-09-19 11:58:11 - [MESSAGE][PASSED] - Delete all cookies successfully&#xD;
&#xD;
2019-09-19 11:58:11 - [TEST_STEP][PASSED] - openBrowser(G_SiteBackOffice): Browser is opened with url: 'https://qanewpoc.continulink.com:8443/Backoffice/'&#xD;
&#xD;
2019-09-19 11:58:11 - [MESSAGE][INFO] - Starting 'Chrome' driver&#xD;
&#xD;
2019-09-19 11:58:19 - [MESSAGE][PASSED] - Browser is opened with url: 'https://qanewpoc.continulink.com:8443/Backoffice/'&#xD;
&#xD;
2019-09-19 11:58:19 - [TEST_STEP][PASSED] - waitForPageLoad(60): Wait for page load successfully&#xD;
&#xD;
2019-09-19 11:58:19 - [MESSAGE][PASSED] - Wait for page load successfully&#xD;
&#xD;
2019-09-19 11:58:19 - [TEST_STEP][PASSED] - maximizeWindow(): Current window maximized&#xD;
&#xD;
2019-09-19 11:58:23 - [MESSAGE][PASSED] - Current window maximized&#xD;
&#xD;
2019-09-19 11:58:23 - [TEST_STEP][PASSED] - setText(findTestObject("Regression BackOffice/Login/UserBackOffice"), G_UserBackOffice): Text 'automation_admin' is set on object 'Object Repository/Regression BackOffice/Login/UserBackOffice'&#xD;
&#xD;
2019-09-19 11:58:23 - [MESSAGE][PASSED] - Text 'automation_admin' is set on object 'Object Repository/Regression BackOffice/Login/UserBackOffice'&#xD;
&#xD;
2019-09-19 11:58:23 - [TEST_STEP][PASSED] - setText(findTestObject("Regression BackOffice/Login/PasswordBackOffice"), G_PasswordBackOffice): Text 'qwerty' is set on object 'Object Repository/Regression BackOffice/Login/PasswordBackOffice'&#xD;
&#xD;
2019-09-19 11:58:23 - [MESSAGE][PASSED] - Text 'qwerty' is set on object 'Object Repository/Regression BackOffice/Login/PasswordBackOffice'&#xD;
&#xD;
2019-09-19 11:58:23 - [TEST_STEP][PASSED] - click(findTestObject("Regression BackOffice/Login/LoginBackOffice")): Object: 'Object Repository/Regression BackOffice/Login/LoginBackOffice' is clicked on&#xD;
&#xD;
2019-09-19 11:58:28 - [MESSAGE][PASSED] - Object: 'Object Repository/Regression BackOffice/Login/LoginBackOffice' is clicked on&#xD;
&#xD;
2019-09-19 11:58:28 - [TEST_STEP][PASSED] - waitForPageLoad(60): Wait for page load successfully&#xD;
&#xD;
2019-09-19 11:58:28 - [MESSAGE][PASSED] - Wait for page load successfully&#xD;
&#xD;
2019-09-19 11:58:28 - [TEST_STEP][PASSED] - delay(2): Delayed 2 second(s)&#xD;
&#xD;
2019-09-19 11:58:30 - [MESSAGE][PASSED] - Delayed 2 second(s)&#xD;
&#xD;
2019-09-19 11:58:30 - [TEST_STEP][PASSED] - switchToFrame(findTestObject("Regression BackOffice/CLINK-Frames/FrameFrameLeft"), 5, STOP_ON_FAILURE): null&#xD;
&#xD;
2019-09-19 11:58:30 - [TEST_STEP][PASSED] - delay(2): Delayed 2 second(s)&#xD;
&#xD;
2019-09-19 11:58:32 - [MESSAGE][PASSED] - Delayed 2 second(s)&#xD;
&#xD;
2019-09-19 11:58:32 - [TEST_STEP][PASSED] - waitForElementPresent(findTestObject("Regression BackOffice/CLINK-Frames/ClientIntake"), 50): Object 'Object Repository/Regression BackOffice/CLINK-Frames/ClientIntake' is present&#xD;
&#xD;
2019-09-19 11:58:32 - [MESSAGE][PASSED] - Object 'Object Repository/Regression BackOffice/CLINK-Frames/ClientIntake' is present&#xD;
&#xD;
2019-09-19 11:58:32 - [TEST_STEP][PASSED] - verifyElementPresent(findTestObject("Regression BackOffice/CLINK-Frames/ClientIntake"), 100, STOP_ON_FAILURE): Object 'Object Repository/Regression BackOffice/CLINK-Frames/ClientIntake' is present&#xD;
&#xD;
2019-09-19 11:58:32 - [MESSAGE][PASSED] - Object 'Object Repository/Regression BackOffice/CLINK-Frames/ClientIntake' is present&#xD;
&#xD;
2019-09-19 11:58:32 - [TEST_STEP][PASSED] - switchToDefaultContent(): null&#xD;
&#xD;
2019-09-19 11:58:32 - [MESSAGE][PASSED] - Call Test Case 'Test Cases/Regression BackOffice (All Browsers)/CLNK-23439 - Clink - Back office Client' successfully&#xD;
&#xD;
2019-09-19 11:58:32 - [TEST_STEP][PASSED] - waitForPageLoad(60): Wait for page load successfully&#xD;
&#xD;
2019-09-19 11:58:32 - [MESSAGE][PASSED] - Wait for page load successfully&#xD;
&#xD;
2019-09-19 11:58:32 - [TEST_STEP][PASSED] - delay(3): Delayed 3 second(s)&#xD;
&#xD;
2019-09-19 11:58:35 - [MESSAGE][PASSED] - Delayed 3 second(s)&#xD;
&#xD;
2019-09-19 11:58:35 - [TEST_STEP][PASSED] - switchToFrame(findTestObject("Regression BackOffice/CLNK-23449/FrameLeft"), 30): null&#xD;
&#xD;
2019-09-19 11:58:35 - [TEST_STEP][PASSED] - waitForElementPresent(findTestObject("Regression BackOffice/CLNK-23441/Caregiver  HRLink"), 100): Object 'Object Repository/Regression BackOffice/CLNK-23441/Caregiver  HRLink' is present&#xD;
&#xD;
2019-09-19 11:58:35 - [MESSAGE][PASSED] - Object 'Object Repository/Regression BackOffice/CLNK-23441/Caregiver  HRLink' is present&#xD;
&#xD;
2019-09-19 11:58:35 - [TEST_STEP][PASSED] - click(findTestObject("Regression BackOffice/CLNK-23441/Caregiver  HRLink")): Object: 'Object Repository/Regression BackOffice/CLNK-23441/Caregiver  HRLink' is clicked on&#xD;
&#xD;
2019-09-19 11:58:35 - [MESSAGE][PASSED] - Object: 'Object Repository/Regression BackOffice/CLNK-23441/Caregiver  HRLink' is clicked on&#xD;
&#xD;
2019-09-19 11:58:35 - [TEST_STEP][PASSED] - delay(2): Delayed 2 second(s)&#xD;
&#xD;
2019-09-19 11:58:37 - [MESSAGE][PASSED] - Delayed 2 second(s)&#xD;
&#xD;
2019-09-19 11:58:37 - [TEST_STEP][PASSED] - waitForPageLoad(50): Wait for page load successfully&#xD;
&#xD;
2019-09-19 11:58:37 - [MESSAGE][PASSED] - Wait for page load successfully&#xD;
&#xD;
2019-09-19 11:58:37 - [TEST_STEP][PASSED] - waitForElementPresent(findTestObject("Regression BackOffice/CLINK-23447/Caregiver Demographics"), 50): Object 'Object Repository/Regression BackOffice/CLINK-23447/Caregiver Demographics' is present&#xD;
&#xD;
2019-09-19 11:58:37 - [MESSAGE][PASSED] - Object 'Object Repository/Regression BackOffice/CLINK-23447/Caregiver Demographics' is present&#xD;
&#xD;
2019-09-19 11:58:37 - [TEST_STEP][PASSED] - click(findTestObject("Regression BackOffice/CLINK-23447/Caregiver Demographics")): Object: 'Object Repository/Regression BackOffice/CLINK-23447/Caregiver Demographics' is clicked on&#xD;
&#xD;
2019-09-19 11:58:38 - [MESSAGE][PASSED] - Object: 'Object Repository/Regression BackOffice/CLINK-23447/Caregiver Demographics' is clicked on&#xD;
&#xD;
2019-09-19 11:58:38 - [TEST_STEP][PASSED] - delay(2): Delayed 2 second(s)&#xD;
&#xD;
2019-09-19 11:58:40 - [MESSAGE][PASSED] - Delayed 2 second(s)&#xD;
&#xD;
2019-09-19 11:58:40 - [TEST_STEP][PASSED] - switchToDefaultContent(): null&#xD;
&#xD;
2019-09-19 11:58:40 - [TEST_STEP][PASSED] - switchToFrame(findTestObject("Regression BackOffice/CLNK-23449/FrameMain"), 30): null&#xD;
&#xD;
2019-09-19 11:58:40 - [TEST_STEP][PASSED] - waitForElementPresent(findTestObject("Regression BackOffice/CLNK-10235/FirstNameSearch"), 50): Object 'Object Repository/Regression BackOffice/CLNK-10235/FirstNameSearch' is present&#xD;
&#xD;
2019-09-19 11:58:41 - [MESSAGE][PASSED] - Object 'Object Repository/Regression BackOffice/CLNK-10235/FirstNameSearch' is present&#xD;
&#xD;
2019-09-19 11:58:41 - [TEST_STEP][PASSED] - setText(findTestObject("Regression BackOffice/CLNK-10235/FirstNameSearch"), G_CaregiverFirstName): Text 'Setenta' is set on object 'Object Repository/Regression BackOffice/CLNK-10235/FirstNameSearch'&#xD;
&#xD;
2019-09-19 11:58:41 - [MESSAGE][PASSED] - Text 'Setenta' is set on object 'Object Repository/Regression BackOffice/CLNK-10235/FirstNameSearch'&#xD;
&#xD;
2019-09-19 11:58:41 - [TEST_STEP][PASSED] - delay(2): Delayed 2 second(s)&#xD;
&#xD;
2019-09-19 11:58:43 - [MESSAGE][PASSED] - Delayed 2 second(s)&#xD;
&#xD;
2019-09-19 11:58:43 - [TEST_STEP][PASSED] - waitForElementPresent(findTestObject("Regression BackOffice/CLNK-23441/Last NameHR"), 50): Object 'Object Repository/Regression BackOffice/CLNK-23441/Last NameHR' is present&#xD;
&#xD;
2019-09-19 11:58:43 - [MESSAGE][PASSED] - Object 'Object Repository/Regression BackOffice/CLNK-23441/Last NameHR' is present&#xD;
&#xD;
2019-09-19 11:58:43 - [TEST_STEP][PASSED] - setText(findTestObject("Regression BackOffice/CLNK-23441/Last NameHR"), G_CareGiverLastName): Text 'Setentilla' is set on object 'Object Repository/Regression BackOffice/CLNK-23441/Last NameHR'&#xD;
&#xD;
2019-09-19 11:58:43 - [MESSAGE][PASSED] - Text 'Setentilla' is set on object 'Object Repository/Regression BackOffice/CLNK-23441/Last NameHR'&#xD;
&#xD;
2019-09-19 11:58:43 - [TEST_STEP][PASSED] - delay(2): Delayed 2 second(s)&#xD;
&#xD;
2019-09-19 11:58:45 - [MESSAGE][PASSED] - Delayed 2 second(s)&#xD;
&#xD;
2019-09-19 11:58:45 - [TEST_STEP][PASSED] - waitForElementPresent(findTestObject("Regression BackOffice/CLNK-23441/CaregiverSearchButton"), 50): Object 'Object Repository/Regression BackOffice/CLNK-23441/CaregiverSearchButton' is present&#xD;
&#xD;
2019-09-19 11:58:45 - [MESSAGE][PASSED] - Object 'Object Repository/Regression BackOffice/CLNK-23441/CaregiverSearchButton' is present&#xD;
&#xD;
2019-09-19 11:58:45 - [TEST_STEP][PASSED] - click(findTestObject("Regression BackOffice/CLNK-23441/CaregiverSearchButton"), STOP_ON_FAILURE): Object: 'Object Repository/Regression BackOffice/CLNK-23441/CaregiverSearchButton' is clicked on&#xD;
&#xD;
2019-09-19 11:58:46 - [MESSAGE][PASSED] - Object: 'Object Repository/Regression BackOffice/CLNK-23441/CaregiverSearchButton' is clicked on&#xD;
&#xD;
2019-09-19 11:58:46 - [TEST_STEP][PASSED] - delay(2): Delayed 2 second(s)&#xD;
&#xD;
2019-09-19 11:58:48 - [MESSAGE][PASSED] - Delayed 2 second(s)&#xD;
&#xD;
2019-09-19 11:58:48 - [TEST_STEP][PASSED] - waitForElementPresent(findTestObject("Regression BackOffice/CLINK-23442/ClientLink"), 50): Object 'Object Repository/Regression BackOffice/CLINK-23442/ClientLink' is present&#xD;
&#xD;
2019-09-19 11:58:48 - [MESSAGE][PASSED] - Object 'Object Repository/Regression BackOffice/CLINK-23442/ClientLink' is present&#xD;
&#xD;
2019-09-19 11:58:48 - [TEST_STEP][PASSED] - click(findTestObject("Regression BackOffice/CLINK-23442/ClientLink"), STOP_ON_FAILURE): Object: 'Object Repository/Regression BackOffice/CLINK-23442/ClientLink' is clicked on&#xD;
&#xD;
2019-09-19 11:58:51 - [MESSAGE][PASSED] - Object: 'Object Repository/Regression BackOffice/CLINK-23442/ClientLink' is clicked on&#xD;
&#xD;
2019-09-19 11:58:51 - [TEST_STEP][PASSED] - delay(2): Delayed 2 second(s)&#xD;
&#xD;
2019-09-19 11:58:53 - [MESSAGE][PASSED] - Delayed 2 second(s)&#xD;
&#xD;
2019-09-19 11:58:53 - [TEST_STEP][PASSED] - waitForPageLoad(0): Wait for page load successfully&#xD;
&#xD;
2019-09-19 11:58:53 - [MESSAGE][WARNING] - Timeout '0' is invalid. Using default page load timeout: '30'&#xD;
&#xD;
2019-09-19 11:58:53 - [MESSAGE][PASSED] - Wait for page load successfully&#xD;
&#xD;
2019-09-19 11:58:53 - [TEST_STEP][PASSED] - waitForElementPresent(findTestObject("Regression BackOffice/CLINK-23447/DateSent"), 50): Object 'Object Repository/Regression BackOffice/CLINK-23447/DateSent' is present&#xD;
&#xD;
2019-09-19 11:58:53 - [MESSAGE][PASSED] - Object 'Object Repository/Regression BackOffice/CLINK-23447/DateSent' is present&#xD;
&#xD;
2019-09-19 11:58:53 - [TEST_STEP][PASSED] - setText(findTestObject("Regression BackOffice/CLINK-23447/DateSent"), getDate.DateUtilities.getDateMonthDayYearNumberwithSlash()): Text '09/19/2019' is set on object 'Object Repository/Regression BackOffice/CLINK-23447/DateSent'&#xD;
&#xD;
2019-09-19 11:58:53 - [MESSAGE][PASSED] - getDate.DateUtilities.getDateMonthDayYearNumberwithSlash is PASSED&#xD;
&#xD;
2019-09-19 11:58:53 - [MESSAGE][PASSED] - Text '09/19/2019' is set on object 'Object Repository/Regression BackOffice/CLINK-23447/DateSent'&#xD;
&#xD;
2019-09-19 11:58:53 - [TEST_STEP][PASSED] - delay(4): Delayed 4 second(s)&#xD;
&#xD;
2019-09-19 11:58:57 - [MESSAGE][PASSED] - Delayed 4 second(s)&#xD;
&#xD;
2019-09-19 11:58:57 - [TEST_STEP][PASSED] - waitForElementPresent(findTestObject("Regression BackOffice/CLINK-23447/DateReceived"), 50): Object 'Object Repository/Regression BackOffice/CLINK-23447/DateReceived' is present&#xD;
&#xD;
2019-09-19 11:58:57 - [MESSAGE][PASSED] - Object 'Object Repository/Regression BackOffice/CLINK-23447/DateReceived' is present&#xD;
&#xD;
2019-09-19 11:58:57 - [TEST_STEP][PASSED] - setText(findTestObject("Regression BackOffice/CLINK-23447/DateReceived"), getDate.DateUtilities.getDateMonthDayYearNumberwithSlash()): Text '09/19/2019' is set on object 'Object Repository/Regression BackOffice/CLINK-23447/DateReceived'&#xD;
&#xD;
2019-09-19 11:58:57 - [MESSAGE][PASSED] - getDate.DateUtilities.getDateMonthDayYearNumberwithSlash is PASSED&#xD;
&#xD;
2019-09-19 11:58:58 - [MESSAGE][PASSED] - Text '09/19/2019' is set on object 'Object Repository/Regression BackOffice/CLINK-23447/DateReceived'&#xD;
&#xD;
2019-09-19 11:58:58 - [TEST_STEP][PASSED] - delay(4): Delayed 4 second(s)&#xD;
&#xD;
2019-09-19 11:59:02 - [MESSAGE][PASSED] - Delayed 4 second(s)&#xD;
&#xD;
2019-09-19 11:59:02 - [TEST_STEP][PASSED] - waitForElementPresent(findTestObject("Regression BackOffice/CLINK-23447/CheckCompletedDate"), 50): Object 'Object Repository/Regression BackOffice/CLINK-23447/CheckCompletedDate' is present&#xD;
&#xD;
2019-09-19 11:59:02 - [MESSAGE][PASSED] - Object 'Object Repository/Regression BackOffice/CLINK-23447/CheckCompletedDate' is present&#xD;
&#xD;
2019-09-19 11:59:02 - [TEST_STEP][PASSED] - setText(findTestObject("Regression BackOffice/CLINK-23447/CheckCompletedDate"), getDate.DateUtilities.getDateMonthDayYearNumberwithSlash()): Text '09/19/2019' is set on object 'Object Repository/Regression BackOffice/CLINK-23447/CheckCompletedDate'&#xD;
&#xD;
2019-09-19 11:59:02 - [MESSAGE][PASSED] - getDate.DateUtilities.getDateMonthDayYearNumberwithSlash is PASSED&#xD;
&#xD;
2019-09-19 11:59:02 - [MESSAGE][PASSED] - Text '09/19/2019' is set on object 'Object Repository/Regression BackOffice/CLINK-23447/CheckCompletedDate'&#xD;
&#xD;
2019-09-19 11:59:02 - [TEST_STEP][PASSED] - delay(4): Delayed 4 second(s)&#xD;
&#xD;
2019-09-19 11:59:06 - [MESSAGE][PASSED] - Delayed 4 second(s)&#xD;
&#xD;
2019-09-19 11:59:06 - [TEST_STEP][PASSED] - switchToDefaultContent(): null&#xD;
&#xD;
2019-09-19 11:59:06 - [TEST_STEP][PASSED] - switchToFrame(findTestObject("Regression BackOffice/CLINK-23444/BannerFrameAtt"), 30): null&#xD;
&#xD;
2019-09-19 11:59:06 - [TEST_STEP][PASSED] - waitForElementPresent(findTestObject("Regression BackOffice/CLINK-23446/SaveButton"), 50): Object 'Object Repository/Regression BackOffice/CLINK-23446/SaveButton' is present&#xD;
&#xD;
2019-09-19 11:59:06 - [MESSAGE][PASSED] - Object 'Object Repository/Regression BackOffice/CLINK-23446/SaveButton' is present&#xD;
&#xD;
2019-09-19 11:59:06 - [TEST_STEP][PASSED] - click(findTestObject("Regression BackOffice/CLINK-23446/SaveButton")): Object: 'Object Repository/Regression BackOffice/CLINK-23446/SaveButton' is clicked on&#xD;
&#xD;
2019-09-19 11:59:09 - [MESSAGE][PASSED] - Object: 'Object Repository/Regression BackOffice/CLINK-23446/SaveButton' is clicked on&#xD;
&#xD;
2019-09-19 11:59:09 - [TEST_STEP][PASSED] - delay(2): Delayed 2 second(s)&#xD;
&#xD;
2019-09-19 11:59:11 - [MESSAGE][PASSED] - Delayed 2 second(s)&#xD;
&#xD;
2019-09-19 11:59:11 - [TEST_STEP][PASSED] - closeBrowser(): Browser is closed&#xD;
&#xD;
2019-09-19 11:59:12 - [MESSAGE][PASSED] - Browser is closed</system-out>
            <system-err></system-err>
        </testcase>
        <testcase name="Test Cases/Regression BackOffice (All Browsers)/CLNK-10235 - Enter a Need from Schedule Block" classname="Test Cases/Regression BackOffice (All Browsers)/CLNK-10235 - Enter a Need from Schedule Block" status="PASSED">
            <system-out>2019-09-19 11:59:14 - [TEST_CASE][PASSED] - Test Cases/Regression BackOffice (All Browsers)/CLNK-10235 - Enter a Need from Schedule Block: Test Cases/Regression BackOffice (All Browsers)/CLNK-10235 - Enter a Need from Schedule Block&#xD;
&#xD;
2019-09-19 11:59:14 - [TEST_STEP][PASSED] - callTestCase(findTestCase("Regression BackOffice (All Browsers)/CLNK-23439 - Clink - Back office Client"), [:], STOP_ON_FAILURE): Call Test Case 'Test Cases/Regression BackOffice (All Browsers)/CLNK-23439 - Clink - Back office Client' successfully&#xD;
&#xD;
2019-09-19 11:59:15 - [TEST_CASE][PASSED] - Test Cases/Regression BackOffice (All Browsers)/CLNK-23439 - Clink - Back office Client: Test Cases/Regression BackOffice (All Browsers)/CLNK-23439 - Clink - Back office Client&#xD;
&#xD;
2019-09-19 11:59:15 - [TEST_STEP][PASSED] - deleteAllCookies(): Delete all cookies successfully&#xD;
&#xD;
2019-09-19 11:59:15 - [MESSAGE][WARNING] - Cannot delete cookies because browser is closed&#xD;
&#xD;
2019-09-19 11:59:15 - [MESSAGE][PASSED] - Delete all cookies successfully&#xD;
&#xD;
2019-09-19 11:59:15 - [TEST_STEP][PASSED] - openBrowser(G_SiteBackOffice): Browser is opened with url: 'https://qanewpoc.continulink.com:8443/Backoffice/'&#xD;
&#xD;
2019-09-19 11:59:15 - [MESSAGE][INFO] - Starting 'Chrome' driver&#xD;
&#xD;
2019-09-19 11:59:22 - [MESSAGE][PASSED] - Browser is opened with url: 'https://qanewpoc.continulink.com:8443/Backoffice/'&#xD;
&#xD;
2019-09-19 11:59:22 - [TEST_STEP][PASSED] - waitForPageLoad(60): Wait for page load successfully&#xD;
&#xD;
2019-09-19 11:59:22 - [MESSAGE][PASSED] - Wait for page load successfully&#xD;
&#xD;
2019-09-19 11:59:22 - [TEST_STEP][PASSED] - maximizeWindow(): Current window maximized&#xD;
&#xD;
2019-09-19 11:59:26 - [MESSAGE][PASSED] - Current window maximized&#xD;
&#xD;
2019-09-19 11:59:26 - [TEST_STEP][PASSED] - setText(findTestObject("Regression BackOffice/Login/UserBackOffice"), G_UserBackOffice): Text 'automation_admin' is set on object 'Object Repository/Regression BackOffice/Login/UserBackOffice'&#xD;
&#xD;
2019-09-19 11:59:27 - [MESSAGE][PASSED] - Text 'automation_admin' is set on object 'Object Repository/Regression BackOffice/Login/UserBackOffice'&#xD;
&#xD;
2019-09-19 11:59:27 - [TEST_STEP][PASSED] - setText(findTestObject("Regression BackOffice/Login/PasswordBackOffice"), G_PasswordBackOffice): Text 'qwerty' is set on object 'Object Repository/Regression BackOffice/Login/PasswordBackOffice'&#xD;
&#xD;
2019-09-19 11:59:27 - [MESSAGE][PASSED] - Text 'qwerty' is set on object 'Object Repository/Regression BackOffice/Login/PasswordBackOffice'&#xD;
&#xD;
2019-09-19 11:59:27 - [TEST_STEP][PASSED] - click(findTestObject("Regression BackOffice/Login/LoginBackOffice")): Object: 'Object Repository/Regression BackOffice/Login/LoginBackOffice' is clicked on&#xD;
&#xD;
2019-09-19 11:59:31 - [MESSAGE][PASSED] - Object: 'Object Repository/Regression BackOffice/Login/LoginBackOffice' is clicked on&#xD;
&#xD;
2019-09-19 11:59:31 - [TEST_STEP][PASSED] - waitForPageLoad(60): Wait for page load successfully&#xD;
&#xD;
2019-09-19 11:59:31 - [MESSAGE][PASSED] - Wait for page load successfully&#xD;
&#xD;
2019-09-19 11:59:31 - [TEST_STEP][PASSED] - delay(2): Delayed 2 second(s)&#xD;
&#xD;
2019-09-19 11:59:33 - [MESSAGE][PASSED] - Delayed 2 second(s)&#xD;
&#xD;
2019-09-19 11:59:33 - [TEST_STEP][PASSED] - switchToFrame(findTestObject("Regression BackOffice/CLINK-Frames/FrameFrameLeft"), 5, STOP_ON_FAILURE): null&#xD;
&#xD;
2019-09-19 11:59:33 - [TEST_STEP][PASSED] - delay(2): Delayed 2 second(s)&#xD;
&#xD;
2019-09-19 11:59:35 - [MESSAGE][PASSED] - Delayed 2 second(s)&#xD;
&#xD;
2019-09-19 11:59:35 - [TEST_STEP][PASSED] - waitForElementPresent(findTestObject("Regression BackOffice/CLINK-Frames/ClientIntake"), 50): Object 'Object Repository/Regression BackOffice/CLINK-Frames/ClientIntake' is present&#xD;
&#xD;
2019-09-19 11:59:35 - [MESSAGE][PASSED] - Object 'Object Repository/Regression BackOffice/CLINK-Frames/ClientIntake' is present&#xD;
&#xD;
2019-09-19 11:59:35 - [TEST_STEP][PASSED] - verifyElementPresent(findTestObject("Regression BackOffice/CLINK-Frames/ClientIntake"), 100, STOP_ON_FAILURE): Object 'Object Repository/Regression BackOffice/CLINK-Frames/ClientIntake' is present&#xD;
&#xD;
2019-09-19 11:59:35 - [MESSAGE][PASSED] - Object 'Object Repository/Regression BackOffice/CLINK-Frames/ClientIntake' is present&#xD;
&#xD;
2019-09-19 11:59:35 - [TEST_STEP][PASSED] - switchToDefaultContent(): null&#xD;
&#xD;
2019-09-19 11:59:35 - [MESSAGE][PASSED] - Call Test Case 'Test Cases/Regression BackOffice (All Browsers)/CLNK-23439 - Clink - Back office Client' successfully&#xD;
&#xD;
2019-09-19 11:59:35 - [TEST_STEP][PASSED] - waitForPageLoad(60): Wait for page load successfully&#xD;
&#xD;
2019-09-19 11:59:35 - [MESSAGE][PASSED] - Wait for page load successfully&#xD;
&#xD;
2019-09-19 11:59:35 - [TEST_STEP][PASSED] - delay(3): Delayed 3 second(s)&#xD;
&#xD;
2019-09-19 11:59:38 - [MESSAGE][PASSED] - Delayed 3 second(s)&#xD;
&#xD;
2019-09-19 11:59:38 - [TEST_STEP][PASSED] - switchToFrame(findTestObject("Regression BackOffice/CLNK-23449/FrameLeft"), 30): null&#xD;
&#xD;
2019-09-19 11:59:38 - [TEST_STEP][PASSED] - waitForElementPresent(findTestObject("Regression BackOffice/CLNK-23449/ClienIntakeICon"), 100): Object 'Object Repository/Regression BackOffice/CLNK-23449/ClienIntakeICon' is present&#xD;
&#xD;
2019-09-19 11:59:38 - [MESSAGE][PASSED] - Object 'Object Repository/Regression BackOffice/CLNK-23449/ClienIntakeICon' is present&#xD;
&#xD;
2019-09-19 11:59:38 - [TEST_STEP][PASSED] - click(findTestObject("Regression BackOffice/CLNK-23449/ClienIntakeICon")): Object: 'Object Repository/Regression BackOffice/CLNK-23449/ClienIntakeICon' is clicked on&#xD;
&#xD;
2019-09-19 11:59:38 - [MESSAGE][PASSED] - Object: 'Object Repository/Regression BackOffice/CLNK-23449/ClienIntakeICon' is clicked on&#xD;
&#xD;
2019-09-19 11:59:38 - [TEST_STEP][PASSED] - delay(2): Delayed 2 second(s)&#xD;
&#xD;
2019-09-19 11:59:40 - [MESSAGE][PASSED] - Delayed 2 second(s)&#xD;
&#xD;
2019-09-19 11:59:40 - [TEST_STEP][PASSED] - waitForPageLoad(50): Wait for page load successfully&#xD;
&#xD;
2019-09-19 11:59:40 - [MESSAGE][PASSED] - Wait for page load successfully&#xD;
&#xD;
2019-09-19 11:59:40 - [TEST_STEP][PASSED] - waitForElementPresent(findTestObject("Regression BackOffice/CLNK-10235/SearchforaClient"), 50): Object 'Object Repository/Regression BackOffice/CLNK-10235/SearchforaClient' is present&#xD;
&#xD;
2019-09-19 11:59:41 - [MESSAGE][PASSED] - Object 'Object Repository/Regression BackOffice/CLNK-10235/SearchforaClient' is present&#xD;
&#xD;
2019-09-19 11:59:41 - [TEST_STEP][PASSED] - click(findTestObject("Regression BackOffice/CLNK-10235/SearchforaClient")): Object: 'Object Repository/Regression BackOffice/CLNK-10235/SearchforaClient' is clicked on&#xD;
&#xD;
2019-09-19 11:59:42 - [MESSAGE][PASSED] - Object: 'Object Repository/Regression BackOffice/CLNK-10235/SearchforaClient' is clicked on&#xD;
&#xD;
2019-09-19 11:59:42 - [TEST_STEP][PASSED] - delay(2): Delayed 2 second(s)&#xD;
&#xD;
2019-09-19 11:59:44 - [MESSAGE][PASSED] - Delayed 2 second(s)&#xD;
&#xD;
2019-09-19 11:59:44 - [TEST_STEP][PASSED] - switchToDefaultContent(): null&#xD;
&#xD;
2019-09-19 11:59:44 - [TEST_STEP][PASSED] - switchToFrame(findTestObject("Regression BackOffice/CLNK-23449/FrameMain"), 30): null&#xD;
&#xD;
2019-09-19 11:59:44 - [TEST_STEP][PASSED] - waitForElementPresent(findTestObject("Regression BackOffice/CLNK-10235/FirstNameSearch"), 50): Object 'Object Repository/Regression BackOffice/CLNK-10235/FirstNameSearch' is present&#xD;
&#xD;
2019-09-19 11:59:44 - [MESSAGE][PASSED] - Object 'Object Repository/Regression BackOffice/CLNK-10235/FirstNameSearch' is present&#xD;
&#xD;
2019-09-19 11:59:44 - [TEST_STEP][PASSED] - setText(findTestObject("Regression BackOffice/CLNK-10235/FirstNameSearch"), G_ClientFirstName): Text 'Ernest' is set on object 'Object Repository/Regression BackOffice/CLNK-10235/FirstNameSearch'&#xD;
&#xD;
2019-09-19 11:59:44 - [MESSAGE][PASSED] - Text 'Ernest' is set on object 'Object Repository/Regression BackOffice/CLNK-10235/FirstNameSearch'&#xD;
&#xD;
2019-09-19 11:59:44 - [TEST_STEP][PASSED] - delay(2): Delayed 2 second(s)&#xD;
&#xD;
2019-09-19 11:59:46 - [MESSAGE][PASSED] - Delayed 2 second(s)&#xD;
&#xD;
2019-09-19 11:59:46 - [TEST_STEP][PASSED] - waitForElementPresent(findTestObject("Regression BackOffice/CLNK-10235/LastNameSearch"), 50): Object 'Object Repository/Regression BackOffice/CLNK-10235/LastNameSearch' is present&#xD;
&#xD;
2019-09-19 11:59:46 - [MESSAGE][PASSED] - Object 'Object Repository/Regression BackOffice/CLNK-10235/LastNameSearch' is present&#xD;
&#xD;
2019-09-19 11:59:46 - [TEST_STEP][PASSED] - setText(findTestObject("Regression BackOffice/CLNK-10235/LastNameSearch"), G_ClientLastName): Text 'Ernesky' is set on object 'Object Repository/Regression BackOffice/CLNK-10235/LastNameSearch'&#xD;
&#xD;
2019-09-19 11:59:46 - [MESSAGE][PASSED] - Text 'Ernesky' is set on object 'Object Repository/Regression BackOffice/CLNK-10235/LastNameSearch'&#xD;
&#xD;
2019-09-19 11:59:46 - [TEST_STEP][PASSED] - delay(2): Delayed 2 second(s)&#xD;
&#xD;
2019-09-19 11:59:48 - [MESSAGE][PASSED] - Delayed 2 second(s)&#xD;
&#xD;
2019-09-19 11:59:48 - [TEST_STEP][PASSED] - waitForElementPresent(findTestObject("Regression BackOffice/CLINK - 27906/SearchButton"), 50): Object 'Object Repository/Regression BackOffice/CLINK - 27906/SearchButton' is present&#xD;
&#xD;
2019-09-19 11:59:48 - [MESSAGE][PASSED] - Object 'Object Repository/Regression BackOffice/CLINK - 27906/SearchButton' is present&#xD;
&#xD;
2019-09-19 11:59:48 - [TEST_STEP][PASSED] - click(findTestObject("Regression BackOffice/CLINK - 27906/SearchButton"), STOP_ON_FAILURE): Object: 'Object Repository/Regression BackOffice/CLINK - 27906/SearchButton' is clicked on&#xD;
&#xD;
2019-09-19 11:59:49 - [MESSAGE][PASSED] - Object: 'Object Repository/Regression BackOffice/CLINK - 27906/SearchButton' is clicked on&#xD;
&#xD;
2019-09-19 11:59:49 - [TEST_STEP][PASSED] - delay(2): Delayed 2 second(s)&#xD;
&#xD;
2019-09-19 11:59:51 - [MESSAGE][PASSED] - Delayed 2 second(s)&#xD;
&#xD;
2019-09-19 11:59:51 - [TEST_STEP][PASSED] - waitForElementPresent(findTestObject("Regression BackOffice/CLINK - 27906/ClientRollbackLink"), 50): Object 'Object Repository/Regression BackOffice/CLINK - 27906/ClientRollbackLink' is present&#xD;
&#xD;
2019-09-19 11:59:51 - [MESSAGE][PASSED] - Object 'Object Repository/Regression BackOffice/CLINK - 27906/ClientRollbackLink' is present&#xD;
&#xD;
2019-09-19 11:59:51 - [TEST_STEP][PASSED] - click(findTestObject("Regression BackOffice/CLINK - 27906/ClientRollbackLink"), STOP_ON_FAILURE): Object: 'Object Repository/Regression BackOffice/CLINK - 27906/ClientRollbackLink' is clicked on&#xD;
&#xD;
2019-09-19 11:59:54 - [MESSAGE][PASSED] - Object: 'Object Repository/Regression BackOffice/CLINK - 27906/ClientRollbackLink' is clicked on&#xD;
&#xD;
2019-09-19 11:59:54 - [TEST_STEP][PASSED] - delay(2): Delayed 2 second(s)&#xD;
&#xD;
2019-09-19 11:59:56 - [MESSAGE][PASSED] - Delayed 2 second(s)&#xD;
&#xD;
2019-09-19 11:59:56 - [TEST_STEP][PASSED] - switchToDefaultContent(): null&#xD;
&#xD;
2019-09-19 11:59:56 - [TEST_STEP][PASSED] - switchToFrame(findTestObject("Regression BackOffice/CLNK-23449/FrameLeft"), 30): null&#xD;
&#xD;
2019-09-19 11:59:56 - [TEST_STEP][PASSED] - waitForElementPresent(findTestObject("Regression BackOffice/CLNK-10235/Puntitos"), 50): Object 'Object Repository/Regression BackOffice/CLNK-10235/Puntitos' is present&#xD;
&#xD;
2019-09-19 11:59:56 - [MESSAGE][PASSED] - Object 'Object Repository/Regression BackOffice/CLNK-10235/Puntitos' is present&#xD;
&#xD;
2019-09-19 11:59:56 - [TEST_STEP][PASSED] - click(findTestObject("Regression BackOffice/CLNK-10235/Puntitos"), STOP_ON_FAILURE): Object: 'Object Repository/Regression BackOffice/CLNK-10235/Puntitos' is clicked on&#xD;
&#xD;
2019-09-19 11:59:56 - [MESSAGE][PASSED] - Object: 'Object Repository/Regression BackOffice/CLNK-10235/Puntitos' is clicked on&#xD;
&#xD;
2019-09-19 11:59:56 - [TEST_STEP][PASSED] - delay(2): Delayed 2 second(s)&#xD;
&#xD;
2019-09-19 11:59:58 - [MESSAGE][PASSED] - Delayed 2 second(s)&#xD;
&#xD;
2019-09-19 11:59:58 - [TEST_STEP][PASSED] - waitForPageLoad(50): Wait for page load successfully&#xD;
&#xD;
2019-09-19 11:59:58 - [MESSAGE][PASSED] - Wait for page load successfully&#xD;
&#xD;
2019-09-19 11:59:58 - [TEST_STEP][PASSED] - waitForElementPresent(findTestObject("Regression BackOffice/CLNK-10235/ClientIntakeClose"), 100): Object 'Object Repository/Regression BackOffice/CLNK-10235/ClientIntakeClose' is present&#xD;
&#xD;
2019-09-19 11:59:58 - [MESSAGE][PASSED] - Object 'Object Repository/Regression BackOffice/CLNK-10235/ClientIntakeClose' is present&#xD;
&#xD;
2019-09-19 11:59:58 - [TEST_STEP][PASSED] - click(findTestObject("Regression BackOffice/CLNK-10235/ClientIntakeClose")): Object: 'Object Repository/Regression BackOffice/CLNK-10235/ClientIntakeClose' is clicked on&#xD;
&#xD;
2019-09-19 11:59:58 - [MESSAGE][PASSED] - Object: 'Object Repository/Regression BackOffice/CLNK-10235/ClientIntakeClose' is clicked on&#xD;
&#xD;
2019-09-19 11:59:58 - [TEST_STEP][PASSED] - delay(2): Delayed 2 second(s)&#xD;
&#xD;
2019-09-19 12:00:00 - [MESSAGE][PASSED] - Delayed 2 second(s)&#xD;
&#xD;
2019-09-19 12:00:00 - [TEST_STEP][PASSED] - waitForElementPresent(findTestObject("Regression BackOffice/CLNK-10235/ScheduleIcon"), 100): Object 'Object Repository/Regression BackOffice/CLNK-10235/ScheduleIcon' is present&#xD;
&#xD;
2019-09-19 12:00:01 - [MESSAGE][PASSED] - Object 'Object Repository/Regression BackOffice/CLNK-10235/ScheduleIcon' is present&#xD;
&#xD;
2019-09-19 12:00:01 - [TEST_STEP][PASSED] - click(findTestObject("Regression BackOffice/CLNK-10235/ScheduleIcon")): Object: 'Object Repository/Regression BackOffice/CLNK-10235/ScheduleIcon' is clicked on&#xD;
&#xD;
2019-09-19 12:00:01 - [MESSAGE][PASSED] - Object: 'Object Repository/Regression BackOffice/CLNK-10235/ScheduleIcon' is clicked on&#xD;
&#xD;
2019-09-19 12:00:01 - [TEST_STEP][PASSED] - delay(2): Delayed 2 second(s)&#xD;
&#xD;
2019-09-19 12:00:03 - [MESSAGE][PASSED] - Delayed 2 second(s)&#xD;
&#xD;
2019-09-19 12:00:03 - [TEST_STEP][PASSED] - waitForElementPresent(findTestObject("Regression BackOffice/CLNK-10235/EnterNeeds"), 100): Object 'Object Repository/Regression BackOffice/CLNK-10235/EnterNeeds' is present&#xD;
&#xD;
2019-09-19 12:00:03 - [MESSAGE][PASSED] - Object 'Object Repository/Regression BackOffice/CLNK-10235/EnterNeeds' is present&#xD;
&#xD;
2019-09-19 12:00:03 - [TEST_STEP][PASSED] - click(findTestObject("Regression BackOffice/CLNK-10235/EnterNeeds")): Object: 'Object Repository/Regression BackOffice/CLNK-10235/EnterNeeds' is clicked on&#xD;
&#xD;
2019-09-19 12:00:05 - [MESSAGE][PASSED] - Object: 'Object Repository/Regression BackOffice/CLNK-10235/EnterNeeds' is clicked on&#xD;
&#xD;
2019-09-19 12:00:05 - [TEST_STEP][PASSED] - delay(2): Delayed 2 second(s)&#xD;
&#xD;
2019-09-19 12:00:07 - [MESSAGE][PASSED] - Delayed 2 second(s)&#xD;
&#xD;
2019-09-19 12:00:07 - [TEST_STEP][PASSED] - switchToDefaultContent(): null&#xD;
&#xD;
2019-09-19 12:00:07 - [TEST_STEP][PASSED] - switchToFrame(findTestObject("Regression BackOffice/CLNK-23449/FrameMain"), 30): null&#xD;
&#xD;
2019-09-19 12:00:07 - [TEST_STEP][PASSED] - delay(3): Delayed 3 second(s)&#xD;
&#xD;
2019-09-19 12:00:10 - [MESSAGE][PASSED] - Delayed 3 second(s)&#xD;
&#xD;
2019-09-19 12:00:10 - [TEST_STEP][PASSED] - waitForElementPresent(findTestObject("Regression BackOffice/CLNK-10235/Client NameSearchNeeds"), 100): Object 'Object Repository/Regression BackOffice/CLNK-10235/Client NameSearchNeeds' is present&#xD;
&#xD;
2019-09-19 12:00:10 - [MESSAGE][PASSED] - Object 'Object Repository/Regression BackOffice/CLNK-10235/Client NameSearchNeeds' is present&#xD;
&#xD;
2019-09-19 12:00:10 - [TEST_STEP][PASSED] - setText(findTestObject("Regression BackOffice/CLNK-10235/Client NameSearchNeeds"), G_ClientLastName): Text 'Ernesky' is set on object 'Object Repository/Regression BackOffice/CLNK-10235/Client NameSearchNeeds'&#xD;
&#xD;
2019-09-19 12:00:10 - [MESSAGE][PASSED] - Text 'Ernesky' is set on object 'Object Repository/Regression BackOffice/CLNK-10235/Client NameSearchNeeds'&#xD;
&#xD;
2019-09-19 12:00:10 - [TEST_STEP][PASSED] - delay(2): Delayed 2 second(s)&#xD;
&#xD;
2019-09-19 12:00:12 - [MESSAGE][PASSED] - Delayed 2 second(s)&#xD;
&#xD;
2019-09-19 12:00:12 - [TEST_STEP][PASSED] - sendKeys(findTestObject("Regression BackOffice/CLNK-10235/Client NameSearchNeeds"), Keys.chord(ARROW_RIGHT, ARROW_DOWN, ENTER)): Keys 'RIGHT + DOWN + ENTER + ' sent to object: 'Object Repository/Regression BackOffice/CLNK-10235/Client NameSearchNeeds'&#xD;
&#xD;
2019-09-19 12:00:12 - [MESSAGE][PASSED] - Keys 'RIGHT + DOWN + ENTER + ' sent to object: 'Object Repository/Regression BackOffice/CLNK-10235/Client NameSearchNeeds'&#xD;
&#xD;
2019-09-19 12:00:12 - [TEST_STEP][PASSED] - delay(2): Delayed 2 second(s)&#xD;
&#xD;
2019-09-19 12:00:14 - [MESSAGE][PASSED] - Delayed 2 second(s)&#xD;
&#xD;
2019-09-19 12:00:14 - [TEST_STEP][NOT_RUN] - waitForElementPresent(findTestObject("Regression BackOffice/CLNK-10235/ScheduleAssessmentCode"), 100): NOT_RUN: waitForElementPresent(findTestObject("Regression BackOffice/CLNK-10235/ScheduleAssessmentCode"), 100)&#xD;
&#xD;
2019-09-19 12:00:14 - [MESSAGE][NOT_RUN] - NOT_RUN: waitForElementPresent(findTestObject("Regression BackOffice/CLNK-10235/ScheduleAssessmentCode"), 100)&#xD;
&#xD;
2019-09-19 12:00:14 - [TEST_STEP][NOT_RUN] - click(findTestObject("Regression BackOffice/CLNK-10235/ScheduleAssessmentCode")): NOT_RUN: click(findTestObject("Regression BackOffice/CLNK-10235/ScheduleAssessmentCode"))&#xD;
&#xD;
2019-09-19 12:00:14 - [MESSAGE][NOT_RUN] - NOT_RUN: click(findTestObject("Regression BackOffice/CLNK-10235/ScheduleAssessmentCode"))&#xD;
&#xD;
2019-09-19 12:00:14 - [TEST_STEP][NOT_RUN] - delay(2): NOT_RUN: delay(2)&#xD;
&#xD;
2019-09-19 12:00:14 - [MESSAGE][NOT_RUN] - NOT_RUN: delay(2)&#xD;
&#xD;
2019-09-19 12:00:14 - [TEST_STEP][PASSED] - waitForElementPresent(findTestObject("Regression BackOffice/CLNK-10235/ServiceTypeList"), 100): Object 'Object Repository/Regression BackOffice/CLNK-10235/ServiceTypeList' is present&#xD;
&#xD;
2019-09-19 12:00:14 - [MESSAGE][PASSED] - Object 'Object Repository/Regression BackOffice/CLNK-10235/ServiceTypeList' is present&#xD;
&#xD;
2019-09-19 12:00:14 - [TEST_STEP][PASSED] - click(findTestObject("Regression BackOffice/CLNK-10235/ServiceTypeList")): Object: 'Object Repository/Regression BackOffice/CLNK-10235/ServiceTypeList' is clicked on&#xD;
&#xD;
2019-09-19 12:00:15 - [MESSAGE][PASSED] - Object: 'Object Repository/Regression BackOffice/CLNK-10235/ServiceTypeList' is clicked on&#xD;
&#xD;
2019-09-19 12:00:15 - [TEST_STEP][PASSED] - sendKeys(findTestObject("Regression BackOffice/CLNK-10235/ServiceTypeList"), Keys.chord(ARROW_DOWN, ENTER)): Keys 'DOWN + ENTER + ' sent to object: 'Object Repository/Regression BackOffice/CLNK-10235/ServiceTypeList'&#xD;
&#xD;
2019-09-19 12:00:15 - [MESSAGE][PASSED] - Keys 'DOWN + ENTER + ' sent to object: 'Object Repository/Regression BackOffice/CLNK-10235/ServiceTypeList'&#xD;
&#xD;
2019-09-19 12:00:15 - [TEST_STEP][PASSED] - delay(2): Delayed 2 second(s)&#xD;
&#xD;
2019-09-19 12:00:17 - [MESSAGE][PASSED] - Delayed 2 second(s)&#xD;
&#xD;
2019-09-19 12:00:17 - [TEST_STEP][PASSED] - scrollToElement(findTestObject("Regression BackOffice/CLNK-10235/StartTime"), 10): Scroll to object 'Object Repository/Regression BackOffice/CLNK-10235/StartTime' successfully&#xD;
&#xD;
2019-09-19 12:00:17 - [MESSAGE][PASSED] - Scroll to object 'Object Repository/Regression BackOffice/CLNK-10235/StartTime' successfully&#xD;
&#xD;
2019-09-19 12:00:17 - [TEST_STEP][PASSED] - waitForElementPresent(findTestObject("Regression BackOffice/CLNK-10235/StartTime"), 100): Object 'Object Repository/Regression BackOffice/CLNK-10235/StartTime' is present&#xD;
&#xD;
2019-09-19 12:00:17 - [MESSAGE][PASSED] - Object 'Object Repository/Regression BackOffice/CLNK-10235/StartTime' is present&#xD;
&#xD;
2019-09-19 12:00:17 - [TEST_STEP][PASSED] - click(findTestObject("Regression BackOffice/CLNK-10235/StartTime")): Object: 'Object Repository/Regression BackOffice/CLNK-10235/StartTime' is clicked on&#xD;
&#xD;
2019-09-19 12:00:17 - [MESSAGE][PASSED] - Object: 'Object Repository/Regression BackOffice/CLNK-10235/StartTime' is clicked on&#xD;
&#xD;
2019-09-19 12:00:17 - [TEST_STEP][PASSED] - sendKeys(findTestObject("Regression BackOffice/CLNK-10235/StartTime"), G_StartTime): Keys '1200' sent to object: 'Object Repository/Regression BackOffice/CLNK-10235/StartTime'&#xD;
&#xD;
2019-09-19 12:00:17 - [MESSAGE][PASSED] - Keys '1200' sent to object: 'Object Repository/Regression BackOffice/CLNK-10235/StartTime'&#xD;
&#xD;
2019-09-19 12:00:17 - [TEST_STEP][PASSED] - delay(2): Delayed 2 second(s)&#xD;
&#xD;
2019-09-19 12:00:19 - [MESSAGE][PASSED] - Delayed 2 second(s)&#xD;
&#xD;
2019-09-19 12:00:19 - [TEST_STEP][PASSED] - waitForElementPresent(findTestObject("Regression BackOffice/CLNK-10235/EndTime"), 100): Object 'Object Repository/Regression BackOffice/CLNK-10235/EndTime' is present&#xD;
&#xD;
2019-09-19 12:00:19 - [MESSAGE][PASSED] - Object 'Object Repository/Regression BackOffice/CLNK-10235/EndTime' is present&#xD;
&#xD;
2019-09-19 12:00:19 - [TEST_STEP][PASSED] - click(findTestObject("Regression BackOffice/CLNK-10235/EndTime")): Object: 'Object Repository/Regression BackOffice/CLNK-10235/EndTime' is clicked on&#xD;
&#xD;
2019-09-19 12:00:20 - [MESSAGE][PASSED] - Object: 'Object Repository/Regression BackOffice/CLNK-10235/EndTime' is clicked on&#xD;
&#xD;
2019-09-19 12:00:20 - [TEST_STEP][PASSED] - sendKeys(findTestObject("Regression BackOffice/CLNK-10235/EndTime"), G_EndTime): Keys '1230' sent to object: 'Object Repository/Regression BackOffice/CLNK-10235/EndTime'&#xD;
&#xD;
2019-09-19 12:00:20 - [MESSAGE][PASSED] - Keys '1230' sent to object: 'Object Repository/Regression BackOffice/CLNK-10235/EndTime'&#xD;
&#xD;
2019-09-19 12:00:20 - [TEST_STEP][PASSED] - delay(2): Delayed 2 second(s)&#xD;
&#xD;
2019-09-19 12:00:22 - [MESSAGE][PASSED] - Delayed 2 second(s)&#xD;
&#xD;
2019-09-19 12:00:22 - [TEST_STEP][PASSED] - scrollToElement(findTestObject("Regression BackOffice/CLNK-10235/CaregiverName"), 10): Scroll to object 'Object Repository/Regression BackOffice/CLNK-10235/CaregiverName' successfully&#xD;
&#xD;
2019-09-19 12:00:22 - [MESSAGE][PASSED] - Scroll to object 'Object Repository/Regression BackOffice/CLNK-10235/CaregiverName' successfully&#xD;
&#xD;
2019-09-19 12:00:22 - [TEST_STEP][PASSED] - waitForElementPresent(findTestObject("Regression BackOffice/CLNK-10235/CaregiverName"), 100): Object 'Object Repository/Regression BackOffice/CLNK-10235/CaregiverName' is present&#xD;
&#xD;
2019-09-19 12:00:22 - [MESSAGE][PASSED] - Object 'Object Repository/Regression BackOffice/CLNK-10235/CaregiverName' is present&#xD;
&#xD;
2019-09-19 12:00:22 - [TEST_STEP][PASSED] - setText(findTestObject("Regression BackOffice/CLNK-10235/CaregiverName"), G_CareGiverLastName): Text 'Setentilla' is set on object 'Object Repository/Regression BackOffice/CLNK-10235/CaregiverName'&#xD;
&#xD;
2019-09-19 12:00:22 - [MESSAGE][PASSED] - Text 'Setentilla' is set on object 'Object Repository/Regression BackOffice/CLNK-10235/CaregiverName'&#xD;
&#xD;
2019-09-19 12:00:22 - [TEST_STEP][PASSED] - delay(2): Delayed 2 second(s)&#xD;
&#xD;
2019-09-19 12:00:24 - [MESSAGE][PASSED] - Delayed 2 second(s)&#xD;
&#xD;
2019-09-19 12:00:24 - [TEST_STEP][PASSED] - click(findTestObject("Regression BackOffice/CLNK-10235/CaregiverName")): Object: 'Object Repository/Regression BackOffice/CLNK-10235/CaregiverName' is clicked on&#xD;
&#xD;
2019-09-19 12:00:25 - [MESSAGE][PASSED] - Object: 'Object Repository/Regression BackOffice/CLNK-10235/CaregiverName' is clicked on&#xD;
&#xD;
2019-09-19 12:00:25 - [TEST_STEP][PASSED] - sendKeys(findTestObject("Regression BackOffice/CLNK-10235/CaregiverName"), Keys.chord(ARROW_DOWN, ENTER)): Keys 'DOWN + ENTER + ' sent to object: 'Object Repository/Regression BackOffice/CLNK-10235/CaregiverName'&#xD;
&#xD;
2019-09-19 12:00:25 - [MESSAGE][PASSED] - Keys 'DOWN + ENTER + ' sent to object: 'Object Repository/Regression BackOffice/CLNK-10235/CaregiverName'&#xD;
&#xD;
2019-09-19 12:00:25 - [TEST_STEP][PASSED] - delay(3): Delayed 3 second(s)&#xD;
&#xD;
2019-09-19 12:00:28 - [MESSAGE][PASSED] - Delayed 3 second(s)&#xD;
&#xD;
2019-09-19 12:00:28 - [TEST_STEP][PASSED] - switchToDefaultContent(): null&#xD;
&#xD;
2019-09-19 12:00:28 - [TEST_STEP][PASSED] - switchToFrame(findTestObject("Regression BackOffice/CLINK-17788/BannerFrame"), 30): null&#xD;
&#xD;
2019-09-19 12:00:28 - [TEST_STEP][PASSED] - waitForElementPresent(findTestObject("Regression BackOffice/CLNK-10235/SaveButton"), 50): Object 'Object Repository/Regression BackOffice/CLNK-10235/SaveButton' is present&#xD;
&#xD;
2019-09-19 12:00:28 - [MESSAGE][PASSED] - Object 'Object Repository/Regression BackOffice/CLNK-10235/SaveButton' is present&#xD;
&#xD;
2019-09-19 12:00:28 - [TEST_STEP][PASSED] - click(findTestObject("Regression BackOffice/CLNK-10235/SaveButton"), STOP_ON_FAILURE): Object: 'Object Repository/Regression BackOffice/CLNK-10235/SaveButton' is clicked on&#xD;
&#xD;
2019-09-19 12:00:28 - [MESSAGE][PASSED] - Object: 'Object Repository/Regression BackOffice/CLNK-10235/SaveButton' is clicked on&#xD;
&#xD;
2019-09-19 12:00:28 - [TEST_STEP][PASSED] - delay(10): Delayed 10 second(s)&#xD;
&#xD;
2019-09-19 12:00:38 - [MESSAGE][PASSED] - Delayed 10 second(s)&#xD;
&#xD;
2019-09-19 12:00:38 - [TEST_STEP][PASSED] - waitForPageLoad(50): Wait for page load successfully&#xD;
&#xD;
2019-09-19 12:01:08 - [MESSAGE][PASSED] - Wait for page load successfully&#xD;
&#xD;
2019-09-19 12:01:08 - [TEST_STEP][PASSED] - delay(5): Delayed 5 second(s)&#xD;
&#xD;
2019-09-19 12:01:13 - [MESSAGE][PASSED] - Delayed 5 second(s)&#xD;
&#xD;
2019-09-19 12:01:13 - [TEST_STEP][PASSED] - closeBrowser(): Browser is closed&#xD;
&#xD;
2019-09-19 12:01:13 - [MESSAGE][PASSED] - Browser is closed</system-out>
            <system-err></system-err>
        </testcase>
        <testcase name="Test Cases/Regression BackOffice (All Browsers)/CLNK-10620 - BackOffice Medication Profile - Patient Information" classname="Test Cases/Regression BackOffice (All Browsers)/CLNK-10620 - BackOffice Medication Profile - Patient Information" status="PASSED">
            <system-out>2019-09-19 12:01:15 - [TEST_CASE][PASSED] - Test Cases/Regression BackOffice (All Browsers)/CLNK-10620 - BackOffice Medication Profile - Patient Information: Test Cases/Regression BackOffice (All Browsers)/CLNK-10620 - BackOffice Medication Profile - Patient Information&#xD;
&#xD;
2019-09-19 12:01:16 - [TEST_STEP][PASSED] - callTestCase(findTestCase("Regression BackOffice (All Browsers)/CLNK-23439 - Clink - Back office Client"), [:], STOP_ON_FAILURE): Call Test Case 'Test Cases/Regression BackOffice (All Browsers)/CLNK-23439 - Clink - Back office Client' successfully&#xD;
&#xD;
2019-09-19 12:01:16 - [TEST_CASE][PASSED] - Test Cases/Regression BackOffice (All Browsers)/CLNK-23439 - Clink - Back office Client: Test Cases/Regression BackOffice (All Browsers)/CLNK-23439 - Clink - Back office Client&#xD;
&#xD;
2019-09-19 12:01:16 - [TEST_STEP][PASSED] - deleteAllCookies(): Delete all cookies successfully&#xD;
&#xD;
2019-09-19 12:01:16 - [MESSAGE][WARNING] - Cannot delete cookies because browser is closed&#xD;
&#xD;
2019-09-19 12:01:16 - [MESSAGE][PASSED] - Delete all cookies successfully&#xD;
&#xD;
2019-09-19 12:01:16 - [TEST_STEP][PASSED] - openBrowser(G_SiteBackOffice): Browser is opened with url: 'https://qanewpoc.continulink.com:8443/Backoffice/'&#xD;
&#xD;
2019-09-19 12:01:16 - [MESSAGE][INFO] - Starting 'Chrome' driver&#xD;
&#xD;
2019-09-19 12:01:23 - [MESSAGE][PASSED] - Browser is opened with url: 'https://qanewpoc.continulink.com:8443/Backoffice/'&#xD;
&#xD;
2019-09-19 12:01:23 - [TEST_STEP][PASSED] - waitForPageLoad(60): Wait for page load successfully&#xD;
&#xD;
2019-09-19 12:01:23 - [MESSAGE][PASSED] - Wait for page load successfully&#xD;
&#xD;
2019-09-19 12:01:23 - [TEST_STEP][PASSED] - maximizeWindow(): Current window maximized&#xD;
&#xD;
2019-09-19 12:01:28 - [MESSAGE][PASSED] - Current window maximized&#xD;
&#xD;
2019-09-19 12:01:28 - [TEST_STEP][PASSED] - setText(findTestObject("Regression BackOffice/Login/UserBackOffice"), G_UserBackOffice): Text 'automation_admin' is set on object 'Object Repository/Regression BackOffice/Login/UserBackOffice'&#xD;
&#xD;
2019-09-19 12:01:28 - [MESSAGE][PASSED] - Text 'automation_admin' is set on object 'Object Repository/Regression BackOffice/Login/UserBackOffice'&#xD;
&#xD;
2019-09-19 12:01:28 - [TEST_STEP][PASSED] - setText(findTestObject("Regression BackOffice/Login/PasswordBackOffice"), G_PasswordBackOffice): Text 'qwerty' is set on object 'Object Repository/Regression BackOffice/Login/PasswordBackOffice'&#xD;
&#xD;
2019-09-19 12:01:28 - [MESSAGE][PASSED] - Text 'qwerty' is set on object 'Object Repository/Regression BackOffice/Login/PasswordBackOffice'&#xD;
&#xD;
2019-09-19 12:01:28 - [TEST_STEP][PASSED] - click(findTestObject("Regression BackOffice/Login/LoginBackOffice")): Object: 'Object Repository/Regression BackOffice/Login/LoginBackOffice' is clicked on&#xD;
&#xD;
2019-09-19 12:01:32 - [MESSAGE][PASSED] - Object: 'Object Repository/Regression BackOffice/Login/LoginBackOffice' is clicked on&#xD;
&#xD;
2019-09-19 12:01:32 - [TEST_STEP][PASSED] - waitForPageLoad(60): Wait for page load successfully&#xD;
&#xD;
2019-09-19 12:01:32 - [MESSAGE][PASSED] - Wait for page load successfully&#xD;
&#xD;
2019-09-19 12:01:32 - [TEST_STEP][PASSED] - delay(2): Delayed 2 second(s)&#xD;
&#xD;
2019-09-19 12:01:34 - [MESSAGE][PASSED] - Delayed 2 second(s)&#xD;
&#xD;
2019-09-19 12:01:34 - [TEST_STEP][PASSED] - switchToFrame(findTestObject("Regression BackOffice/CLINK-Frames/FrameFrameLeft"), 5, STOP_ON_FAILURE): null&#xD;
&#xD;
2019-09-19 12:01:34 - [TEST_STEP][PASSED] - delay(2): Delayed 2 second(s)&#xD;
&#xD;
2019-09-19 12:01:36 - [MESSAGE][PASSED] - Delayed 2 second(s)&#xD;
&#xD;
2019-09-19 12:01:36 - [TEST_STEP][PASSED] - waitForElementPresent(findTestObject("Regression BackOffice/CLINK-Frames/ClientIntake"), 50): Object 'Object Repository/Regression BackOffice/CLINK-Frames/ClientIntake' is present&#xD;
&#xD;
2019-09-19 12:01:36 - [MESSAGE][PASSED] - Object 'Object Repository/Regression BackOffice/CLINK-Frames/ClientIntake' is present&#xD;
&#xD;
2019-09-19 12:01:36 - [TEST_STEP][PASSED] - verifyElementPresent(findTestObject("Regression BackOffice/CLINK-Frames/ClientIntake"), 100, STOP_ON_FAILURE): Object 'Object Repository/Regression BackOffice/CLINK-Frames/ClientIntake' is present&#xD;
&#xD;
2019-09-19 12:01:36 - [MESSAGE][PASSED] - Object 'Object Repository/Regression BackOffice/CLINK-Frames/ClientIntake' is present&#xD;
&#xD;
2019-09-19 12:01:36 - [TEST_STEP][PASSED] - switchToDefaultContent(): null&#xD;
&#xD;
2019-09-19 12:01:36 - [MESSAGE][PASSED] - Call Test Case 'Test Cases/Regression BackOffice (All Browsers)/CLNK-23439 - Clink - Back office Client' successfully&#xD;
&#xD;
2019-09-19 12:01:36 - [TEST_STEP][PASSED] - waitForPageLoad(60): Wait for page load successfully&#xD;
&#xD;
2019-09-19 12:01:36 - [MESSAGE][PASSED] - Wait for page load successfully&#xD;
&#xD;
2019-09-19 12:01:36 - [TEST_STEP][PASSED] - delay(3): Delayed 3 second(s)&#xD;
&#xD;
2019-09-19 12:01:39 - [MESSAGE][PASSED] - Delayed 3 second(s)&#xD;
&#xD;
2019-09-19 12:01:39 - [TEST_STEP][PASSED] - switchToFrame(findTestObject("Regression BackOffice/CLNK-23449/FrameLeft"), 30): null&#xD;
&#xD;
2019-09-19 12:01:40 - [TEST_STEP][PASSED] - waitForElementPresent(findTestObject("Regression BackOffice/CLNK-23449/ClienIntakeICon"), 100): Object 'Object Repository/Regression BackOffice/CLNK-23449/ClienIntakeICon' is present&#xD;
&#xD;
2019-09-19 12:01:40 - [MESSAGE][PASSED] - Object 'Object Repository/Regression BackOffice/CLNK-23449/ClienIntakeICon' is present&#xD;
&#xD;
2019-09-19 12:01:40 - [TEST_STEP][PASSED] - click(findTestObject("Regression BackOffice/CLNK-23449/ClienIntakeICon")): Object: 'Object Repository/Regression BackOffice/CLNK-23449/ClienIntakeICon' is clicked on&#xD;
&#xD;
2019-09-19 12:01:40 - [MESSAGE][PASSED] - Object: 'Object Repository/Regression BackOffice/CLNK-23449/ClienIntakeICon' is clicked on&#xD;
&#xD;
2019-09-19 12:01:40 - [TEST_STEP][PASSED] - delay(2): Delayed 2 second(s)&#xD;
&#xD;
2019-09-19 12:01:42 - [MESSAGE][PASSED] - Delayed 2 second(s)&#xD;
&#xD;
2019-09-19 12:01:42 - [TEST_STEP][PASSED] - waitForPageLoad(50): Wait for page load successfully&#xD;
&#xD;
2019-09-19 12:01:42 - [MESSAGE][PASSED] - Wait for page load successfully&#xD;
&#xD;
2019-09-19 12:01:42 - [TEST_STEP][PASSED] - waitForElementPresent(findTestObject("Regression BackOffice/CLNK-10235/SearchforaClient"), 50): Object 'Object Repository/Regression BackOffice/CLNK-10235/SearchforaClient' is present&#xD;
&#xD;
2019-09-19 12:01:42 - [MESSAGE][PASSED] - Object 'Object Repository/Regression BackOffice/CLNK-10235/SearchforaClient' is present&#xD;
&#xD;
2019-09-19 12:01:42 - [TEST_STEP][PASSED] - click(findTestObject("Regression BackOffice/CLNK-10235/SearchforaClient")): Object: 'Object Repository/Regression BackOffice/CLNK-10235/SearchforaClient' is clicked on&#xD;
&#xD;
2019-09-19 12:01:43 - [MESSAGE][PASSED] - Object: 'Object Repository/Regression BackOffice/CLNK-10235/SearchforaClient' is clicked on&#xD;
&#xD;
2019-09-19 12:01:43 - [TEST_STEP][PASSED] - delay(2): Delayed 2 second(s)&#xD;
&#xD;
2019-09-19 12:01:45 - [MESSAGE][PASSED] - Delayed 2 second(s)&#xD;
&#xD;
2019-09-19 12:01:45 - [TEST_STEP][PASSED] - switchToDefaultContent(): null&#xD;
&#xD;
2019-09-19 12:01:45 - [TEST_STEP][PASSED] - switchToFrame(findTestObject("Regression BackOffice/CLNK-23449/FrameMain"), 30): null&#xD;
&#xD;
2019-09-19 12:01:45 - [TEST_STEP][PASSED] - waitForElementPresent(findTestObject("Regression BackOffice/CLNK-10235/FirstNameSearch"), 50): Object 'Object Repository/Regression BackOffice/CLNK-10235/FirstNameSearch' is present&#xD;
&#xD;
2019-09-19 12:01:45 - [MESSAGE][PASSED] - Object 'Object Repository/Regression BackOffice/CLNK-10235/FirstNameSearch' is present&#xD;
&#xD;
2019-09-19 12:01:45 - [TEST_STEP][PASSED] - setText(findTestObject("Regression BackOffice/CLNK-10235/FirstNameSearch"), G_ClientFirstName): Text 'Ernest' is set on object 'Object Repository/Regression BackOffice/CLNK-10235/FirstNameSearch'&#xD;
&#xD;
2019-09-19 12:01:45 - [MESSAGE][PASSED] - Text 'Ernest' is set on object 'Object Repository/Regression BackOffice/CLNK-10235/FirstNameSearch'&#xD;
&#xD;
2019-09-19 12:01:45 - [TEST_STEP][PASSED] - delay(2): Delayed 2 second(s)&#xD;
&#xD;
2019-09-19 12:01:47 - [MESSAGE][PASSED] - Delayed 2 second(s)&#xD;
&#xD;
2019-09-19 12:01:47 - [TEST_STEP][PASSED] - waitForElementPresent(findTestObject("Regression BackOffice/CLNK-10235/LastNameSearch"), 50): Object 'Object Repository/Regression BackOffice/CLNK-10235/LastNameSearch' is present&#xD;
&#xD;
2019-09-19 12:01:47 - [MESSAGE][PASSED] - Object 'Object Repository/Regression BackOffice/CLNK-10235/LastNameSearch' is present&#xD;
&#xD;
2019-09-19 12:01:47 - [TEST_STEP][PASSED] - setText(findTestObject("Regression BackOffice/CLNK-10235/LastNameSearch"), G_ClientLastName): Text 'Ernesky' is set on object 'Object Repository/Regression BackOffice/CLNK-10235/LastNameSearch'&#xD;
&#xD;
2019-09-19 12:01:48 - [MESSAGE][PASSED] - Text 'Ernesky' is set on object 'Object Repository/Regression BackOffice/CLNK-10235/LastNameSearch'&#xD;
&#xD;
2019-09-19 12:01:48 - [TEST_STEP][PASSED] - delay(2): Delayed 2 second(s)&#xD;
&#xD;
2019-09-19 12:01:50 - [MESSAGE][PASSED] - Delayed 2 second(s)&#xD;
&#xD;
2019-09-19 12:01:50 - [TEST_STEP][PASSED] - waitForElementPresent(findTestObject("Regression BackOffice/CLINK - 27906/SearchButton"), 50): Object 'Object Repository/Regression BackOffice/CLINK - 27906/SearchButton' is present&#xD;
&#xD;
2019-09-19 12:01:50 - [MESSAGE][PASSED] - Object 'Object Repository/Regression BackOffice/CLINK - 27906/SearchButton' is present&#xD;
&#xD;
2019-09-19 12:01:50 - [TEST_STEP][PASSED] - click(findTestObject("Regression BackOffice/CLINK - 27906/SearchButton"), STOP_ON_FAILURE): Object: 'Object Repository/Regression BackOffice/CLINK - 27906/SearchButton' is clicked on&#xD;
&#xD;
2019-09-19 12:01:50 - [MESSAGE][PASSED] - Object: 'Object Repository/Regression BackOffice/CLINK - 27906/SearchButton' is clicked on&#xD;
&#xD;
2019-09-19 12:01:50 - [TEST_STEP][PASSED] - delay(2): Delayed 2 second(s)&#xD;
&#xD;
2019-09-19 12:01:52 - [MESSAGE][PASSED] - Delayed 2 second(s)&#xD;
&#xD;
2019-09-19 12:01:52 - [TEST_STEP][PASSED] - waitForElementPresent(findTestObject("Regression BackOffice/CLINK - 27906/ClientRollbackLink"), 50): Object 'Object Repository/Regression BackOffice/CLINK - 27906/ClientRollbackLink' is present&#xD;
&#xD;
2019-09-19 12:01:53 - [MESSAGE][PASSED] - Object 'Object Repository/Regression BackOffice/CLINK - 27906/ClientRollbackLink' is present&#xD;
&#xD;
2019-09-19 12:01:53 - [TEST_STEP][PASSED] - click(findTestObject("Regression BackOffice/CLINK - 27906/ClientRollbackLink"), STOP_ON_FAILURE): Object: 'Object Repository/Regression BackOffice/CLINK - 27906/ClientRollbackLink' is clicked on&#xD;
&#xD;
2019-09-19 12:01:55 - [MESSAGE][PASSED] - Object: 'Object Repository/Regression BackOffice/CLINK - 27906/ClientRollbackLink' is clicked on&#xD;
&#xD;
2019-09-19 12:01:55 - [TEST_STEP][PASSED] - delay(2): Delayed 2 second(s)&#xD;
&#xD;
2019-09-19 12:01:57 - [MESSAGE][PASSED] - Delayed 2 second(s)&#xD;
&#xD;
2019-09-19 12:01:57 - [TEST_STEP][PASSED] - switchToDefaultContent(): null&#xD;
&#xD;
2019-09-19 12:01:57 - [TEST_STEP][PASSED] - switchToFrame(findTestObject("Regression BackOffice/CLNK-23449/FrameLeft"), 30): null&#xD;
&#xD;
2019-09-19 12:01:57 - [TEST_STEP][PASSED] - waitForElementPresent(findTestObject("Regression BackOffice/CLNK-10235/Puntitos"), 50): Object 'Object Repository/Regression BackOffice/CLNK-10235/Puntitos' is present&#xD;
&#xD;
2019-09-19 12:01:57 - [MESSAGE][PASSED] - Object 'Object Repository/Regression BackOffice/CLNK-10235/Puntitos' is present&#xD;
&#xD;
2019-09-19 12:01:57 - [TEST_STEP][PASSED] - click(findTestObject("Regression BackOffice/CLNK-10235/Puntitos"), STOP_ON_FAILURE): Object: 'Object Repository/Regression BackOffice/CLNK-10235/Puntitos' is clicked on&#xD;
&#xD;
2019-09-19 12:01:57 - [MESSAGE][PASSED] - Object: 'Object Repository/Regression BackOffice/CLNK-10235/Puntitos' is clicked on&#xD;
&#xD;
2019-09-19 12:01:57 - [TEST_STEP][PASSED] - delay(2): Delayed 2 second(s)&#xD;
&#xD;
2019-09-19 12:01:59 - [MESSAGE][PASSED] - Delayed 2 second(s)&#xD;
&#xD;
2019-09-19 12:01:59 - [TEST_STEP][PASSED] - waitForPageLoad(50): Wait for page load successfully&#xD;
&#xD;
2019-09-19 12:01:59 - [MESSAGE][PASSED] - Wait for page load successfully&#xD;
&#xD;
2019-09-19 12:01:59 - [TEST_STEP][PASSED] - waitForElementPresent(findTestObject("Regression BackOffice/CLNK-10235/ClientIntakeClose"), 100): Object 'Object Repository/Regression BackOffice/CLNK-10235/ClientIntakeClose' is present&#xD;
&#xD;
2019-09-19 12:01:59 - [MESSAGE][PASSED] - Object 'Object Repository/Regression BackOffice/CLNK-10235/ClientIntakeClose' is present&#xD;
&#xD;
2019-09-19 12:01:59 - [TEST_STEP][PASSED] - click(findTestObject("Regression BackOffice/CLNK-10235/ClientIntakeClose")): Object: 'Object Repository/Regression BackOffice/CLNK-10235/ClientIntakeClose' is clicked on&#xD;
&#xD;
2019-09-19 12:01:59 - [MESSAGE][PASSED] - Object: 'Object Repository/Regression BackOffice/CLNK-10235/ClientIntakeClose' is clicked on&#xD;
&#xD;
2019-09-19 12:01:59 - [TEST_STEP][PASSED] - delay(2): Delayed 2 second(s)&#xD;
&#xD;
2019-09-19 12:02:01 - [MESSAGE][PASSED] - Delayed 2 second(s)&#xD;
&#xD;
2019-09-19 12:02:01 - [TEST_STEP][PASSED] - waitForElementPresent(findTestObject("Regression BackOffice/CLINK-10620/ClinicalLink"), 100): Object 'Object Repository/Regression BackOffice/CLINK-10620/ClinicalLink' is present&#xD;
&#xD;
2019-09-19 12:02:01 - [MESSAGE][PASSED] - Object 'Object Repository/Regression BackOffice/CLINK-10620/ClinicalLink' is present&#xD;
&#xD;
2019-09-19 12:02:01 - [TEST_STEP][PASSED] - click(findTestObject("Regression BackOffice/CLINK-10620/ClinicalLink")): Object: 'Object Repository/Regression BackOffice/CLINK-10620/ClinicalLink' is clicked on&#xD;
&#xD;
2019-09-19 12:02:01 - [MESSAGE][PASSED] - Object: 'Object Repository/Regression BackOffice/CLINK-10620/ClinicalLink' is clicked on&#xD;
&#xD;
2019-09-19 12:02:01 - [TEST_STEP][PASSED] - delay(2): Delayed 2 second(s)&#xD;
&#xD;
2019-09-19 12:02:03 - [MESSAGE][PASSED] - Delayed 2 second(s)&#xD;
&#xD;
2019-09-19 12:02:03 - [TEST_STEP][PASSED] - scrollToElement(findTestObject("Regression BackOffice/CLINK-10620/Medication ProfileLink"), 50): Scroll to object 'Object Repository/Regression BackOffice/CLINK-10620/Medication ProfileLink' successfully&#xD;
&#xD;
2019-09-19 12:02:04 - [MESSAGE][PASSED] - Scroll to object 'Object Repository/Regression BackOffice/CLINK-10620/Medication ProfileLink' successfully&#xD;
&#xD;
2019-09-19 12:02:04 - [TEST_STEP][PASSED] - click(findTestObject("Regression BackOffice/CLINK-10620/Medication ProfileLink")): Object: 'Object Repository/Regression BackOffice/CLINK-10620/Medication ProfileLink' is clicked on&#xD;
&#xD;
2019-09-19 12:02:07 - [MESSAGE][PASSED] - Object: 'Object Repository/Regression BackOffice/CLINK-10620/Medication ProfileLink' is clicked on&#xD;
&#xD;
2019-09-19 12:02:07 - [TEST_STEP][PASSED] - delay(3): Delayed 3 second(s)&#xD;
&#xD;
2019-09-19 12:02:10 - [MESSAGE][PASSED] - Delayed 3 second(s)&#xD;
&#xD;
2019-09-19 12:02:10 - [TEST_STEP][PASSED] - switchToDefaultContent(): null&#xD;
&#xD;
2019-09-19 12:02:10 - [TEST_STEP][PASSED] - switchToFrame(findTestObject("Regression BackOffice/CLNK-23449/FrameMain"), 30): null&#xD;
&#xD;
2019-09-19 12:02:10 - [TEST_STEP][PASSED] - waitForPageLoad(50): Wait for page load successfully&#xD;
&#xD;
2019-09-19 12:02:10 - [MESSAGE][PASSED] - Wait for page load successfully&#xD;
&#xD;
2019-09-19 12:02:10 - [TEST_STEP][PASSED] - delay(3): Delayed 3 second(s)&#xD;
&#xD;
2019-09-19 12:02:13 - [MESSAGE][PASSED] - Delayed 3 second(s)&#xD;
&#xD;
2019-09-19 12:02:13 - [TEST_STEP][PASSED] - waitForElementPresent(findTestObject("Regression BackOffice/CLINK-10620/MedboxChk"), 100): Object 'Object Repository/Regression BackOffice/CLINK-10620/MedboxChk' is present&#xD;
&#xD;
2019-09-19 12:02:13 - [MESSAGE][PASSED] - Object 'Object Repository/Regression BackOffice/CLINK-10620/MedboxChk' is present&#xD;
&#xD;
2019-09-19 12:02:13 - [TEST_STEP][PASSED] - click(findTestObject("Regression BackOffice/CLINK-10620/MedboxChk")): Object: 'Object Repository/Regression BackOffice/CLINK-10620/MedboxChk' is clicked on&#xD;
&#xD;
2019-09-19 12:02:13 - [MESSAGE][PASSED] - Object: 'Object Repository/Regression BackOffice/CLINK-10620/MedboxChk' is clicked on&#xD;
&#xD;
2019-09-19 12:02:13 - [TEST_STEP][PASSED] - delay(2): Delayed 2 second(s)&#xD;
&#xD;
2019-09-19 12:02:15 - [MESSAGE][PASSED] - Delayed 2 second(s)&#xD;
&#xD;
2019-09-19 12:02:15 - [TEST_STEP][PASSED] - waitForElementPresent(findTestObject("Regression BackOffice/CLINK-10620/AddAPharmacy."), 50): Object 'Object Repository/Regression BackOffice/CLINK-10620/AddAPharmacy.' is present&#xD;
&#xD;
2019-09-19 12:02:15 - [MESSAGE][PASSED] - Object 'Object Repository/Regression BackOffice/CLINK-10620/AddAPharmacy.' is present&#xD;
&#xD;
2019-09-19 12:02:15 - [TEST_STEP][PASSED] - click(findTestObject("Regression BackOffice/CLINK-10620/AddAPharmacy.")): Object: 'Object Repository/Regression BackOffice/CLINK-10620/AddAPharmacy.' is clicked on&#xD;
&#xD;
2019-09-19 12:02:16 - [MESSAGE][PASSED] - Object: 'Object Repository/Regression BackOffice/CLINK-10620/AddAPharmacy.' is clicked on&#xD;
&#xD;
2019-09-19 12:02:16 - [TEST_STEP][PASSED] - delay(2): Delayed 2 second(s)&#xD;
&#xD;
2019-09-19 12:02:18 - [MESSAGE][PASSED] - Delayed 2 second(s)&#xD;
&#xD;
2019-09-19 12:02:18 - [TEST_STEP][PASSED] - waitForElementVisible(findTestObject("Regression BackOffice/CLINK-10620/PharmacyName"), 50): Object 'Object Repository/Regression BackOffice/CLINK-10620/PharmacyName' is visible&#xD;
&#xD;
2019-09-19 12:02:18 - [MESSAGE][PASSED] - Object 'Object Repository/Regression BackOffice/CLINK-10620/PharmacyName' is visible&#xD;
&#xD;
2019-09-19 12:02:18 - [TEST_STEP][PASSED] - setText(findTestObject("Regression BackOffice/CLINK-10620/PharmacyName"), "Lo encontre"): Text 'Lo encontre' is set on object 'Object Repository/Regression BackOffice/CLINK-10620/PharmacyName'&#xD;
&#xD;
2019-09-19 12:02:18 - [MESSAGE][PASSED] - Text 'Lo encontre' is set on object 'Object Repository/Regression BackOffice/CLINK-10620/PharmacyName'&#xD;
&#xD;
2019-09-19 12:02:18 - [TEST_STEP][PASSED] - delay(2): Delayed 2 second(s)&#xD;
&#xD;
2019-09-19 12:02:20 - [MESSAGE][PASSED] - Delayed 2 second(s)&#xD;
&#xD;
2019-09-19 12:02:20 - [TEST_STEP][PASSED] - waitForElementVisible(findTestObject("Regression BackOffice/CLINK-10620/PharmacyPhone"), 50): Object 'Object Repository/Regression BackOffice/CLINK-10620/PharmacyPhone' is visible&#xD;
&#xD;
2019-09-19 12:02:20 - [MESSAGE][PASSED] - Object 'Object Repository/Regression BackOffice/CLINK-10620/PharmacyPhone' is visible&#xD;
&#xD;
2019-09-19 12:02:20 - [TEST_STEP][PASSED] - setText(findTestObject("Regression BackOffice/CLINK-10620/PharmacyPhone"), "4586957555"): Text '4586957555' is set on object 'Object Repository/Regression BackOffice/CLINK-10620/PharmacyPhone'&#xD;
&#xD;
2019-09-19 12:02:21 - [MESSAGE][PASSED] - Text '4586957555' is set on object 'Object Repository/Regression BackOffice/CLINK-10620/PharmacyPhone'&#xD;
&#xD;
2019-09-19 12:02:21 - [TEST_STEP][PASSED] - delay(4): Delayed 4 second(s)&#xD;
&#xD;
2019-09-19 12:02:25 - [MESSAGE][PASSED] - Delayed 4 second(s)&#xD;
&#xD;
2019-09-19 12:02:25 - [TEST_STEP][PASSED] - waitForElementPresent(findTestObject("Regression BackOffice/CLINK-10620/SaveButton"), 50): Object 'Object Repository/Regression BackOffice/CLINK-10620/SaveButton' is present&#xD;
&#xD;
2019-09-19 12:02:25 - [MESSAGE][PASSED] - Object 'Object Repository/Regression BackOffice/CLINK-10620/SaveButton' is present&#xD;
&#xD;
2019-09-19 12:02:25 - [TEST_STEP][PASSED] - click(findTestObject("Regression BackOffice/CLINK-10620/SaveButton")): Object: 'Object Repository/Regression BackOffice/CLINK-10620/SaveButton' is clicked on&#xD;
&#xD;
2019-09-19 12:02:25 - [MESSAGE][PASSED] - Object: 'Object Repository/Regression BackOffice/CLINK-10620/SaveButton' is clicked on&#xD;
&#xD;
2019-09-19 12:02:25 - [TEST_STEP][PASSED] - delay(2): Delayed 2 second(s)&#xD;
&#xD;
2019-09-19 12:02:27 - [MESSAGE][PASSED] - Delayed 2 second(s)&#xD;
&#xD;
2019-09-19 12:02:27 - [TEST_STEP][PASSED] - closeBrowser(): Browser is closed&#xD;
&#xD;
2019-09-19 12:02:28 - [MESSAGE][PASSED] - Browser is closed</system-out>
            <system-err></system-err>
        </testcase>
        <testcase name="Test Cases/Regression BackOffice (All Browsers)/CLNK-17180 - Admission Authorization Changes Report" classname="Test Cases/Regression BackOffice (All Browsers)/CLNK-17180 - Admission Authorization Changes Report" status="PASSED">
            <system-out>2019-09-19 12:02:30 - [TEST_CASE][PASSED] - Test Cases/Regression BackOffice (All Browsers)/CLNK-17180 - Admission Authorization Changes Report: Test Cases/Regression BackOffice (All Browsers)/CLNK-17180 - Admission Authorization Changes Report&#xD;
&#xD;
2019-09-19 12:02:30 - [TEST_STEP][PASSED] - callTestCase(findTestCase("Regression BackOffice (All Browsers)/CLNK-23439 - Clink - Back office Client"), [:], STOP_ON_FAILURE): Call Test Case 'Test Cases/Regression BackOffice (All Browsers)/CLNK-23439 - Clink - Back office Client' successfully&#xD;
&#xD;
2019-09-19 12:02:30 - [TEST_CASE][PASSED] - Test Cases/Regression BackOffice (All Browsers)/CLNK-23439 - Clink - Back office Client: Test Cases/Regression BackOffice (All Browsers)/CLNK-23439 - Clink - Back office Client&#xD;
&#xD;
2019-09-19 12:02:30 - [TEST_STEP][PASSED] - deleteAllCookies(): Delete all cookies successfully&#xD;
&#xD;
2019-09-19 12:02:30 - [MESSAGE][WARNING] - Cannot delete cookies because browser is closed&#xD;
&#xD;
2019-09-19 12:02:30 - [MESSAGE][PASSED] - Delete all cookies successfully&#xD;
&#xD;
2019-09-19 12:02:30 - [TEST_STEP][PASSED] - openBrowser(G_SiteBackOffice): Browser is opened with url: 'https://qanewpoc.continulink.com:8443/Backoffice/'&#xD;
&#xD;
2019-09-19 12:02:30 - [MESSAGE][INFO] - Starting 'Chrome' driver&#xD;
&#xD;
2019-09-19 12:02:38 - [MESSAGE][PASSED] - Browser is opened with url: 'https://qanewpoc.continulink.com:8443/Backoffice/'&#xD;
&#xD;
2019-09-19 12:02:38 - [TEST_STEP][PASSED] - waitForPageLoad(60): Wait for page load successfully&#xD;
&#xD;
2019-09-19 12:02:38 - [MESSAGE][PASSED] - Wait for page load successfully&#xD;
&#xD;
2019-09-19 12:02:38 - [TEST_STEP][PASSED] - maximizeWindow(): Current window maximized&#xD;
&#xD;
2019-09-19 12:02:42 - [MESSAGE][PASSED] - Current window maximized&#xD;
&#xD;
2019-09-19 12:02:42 - [TEST_STEP][PASSED] - setText(findTestObject("Regression BackOffice/Login/UserBackOffice"), G_UserBackOffice): Text 'automation_admin' is set on object 'Object Repository/Regression BackOffice/Login/UserBackOffice'&#xD;
&#xD;
2019-09-19 12:02:42 - [MESSAGE][PASSED] - Text 'automation_admin' is set on object 'Object Repository/Regression BackOffice/Login/UserBackOffice'&#xD;
&#xD;
2019-09-19 12:02:42 - [TEST_STEP][PASSED] - setText(findTestObject("Regression BackOffice/Login/PasswordBackOffice"), G_PasswordBackOffice): Text 'qwerty' is set on object 'Object Repository/Regression BackOffice/Login/PasswordBackOffice'&#xD;
&#xD;
2019-09-19 12:02:43 - [MESSAGE][PASSED] - Text 'qwerty' is set on object 'Object Repository/Regression BackOffice/Login/PasswordBackOffice'&#xD;
&#xD;
2019-09-19 12:02:43 - [TEST_STEP][PASSED] - click(findTestObject("Regression BackOffice/Login/LoginBackOffice")): Object: 'Object Repository/Regression BackOffice/Login/LoginBackOffice' is clicked on&#xD;
&#xD;
2019-09-19 12:02:47 - [MESSAGE][PASSED] - Object: 'Object Repository/Regression BackOffice/Login/LoginBackOffice' is clicked on&#xD;
&#xD;
2019-09-19 12:02:47 - [TEST_STEP][PASSED] - waitForPageLoad(60): Wait for page load successfully&#xD;
&#xD;
2019-09-19 12:02:47 - [MESSAGE][PASSED] - Wait for page load successfully&#xD;
&#xD;
2019-09-19 12:02:47 - [TEST_STEP][PASSED] - delay(2): Delayed 2 second(s)&#xD;
&#xD;
2019-09-19 12:02:49 - [MESSAGE][PASSED] - Delayed 2 second(s)&#xD;
&#xD;
2019-09-19 12:02:49 - [TEST_STEP][PASSED] - switchToFrame(findTestObject("Regression BackOffice/CLINK-Frames/FrameFrameLeft"), 5, STOP_ON_FAILURE): null&#xD;
&#xD;
2019-09-19 12:02:49 - [TEST_STEP][PASSED] - delay(2): Delayed 2 second(s)&#xD;
&#xD;
2019-09-19 12:02:51 - [MESSAGE][PASSED] - Delayed 2 second(s)&#xD;
&#xD;
2019-09-19 12:02:51 - [TEST_STEP][PASSED] - waitForElementPresent(findTestObject("Regression BackOffice/CLINK-Frames/ClientIntake"), 50): Object 'Object Repository/Regression BackOffice/CLINK-Frames/ClientIntake' is present&#xD;
&#xD;
2019-09-19 12:02:51 - [MESSAGE][PASSED] - Object 'Object Repository/Regression BackOffice/CLINK-Frames/ClientIntake' is present&#xD;
&#xD;
2019-09-19 12:02:51 - [TEST_STEP][PASSED] - verifyElementPresent(findTestObject("Regression BackOffice/CLINK-Frames/ClientIntake"), 100, STOP_ON_FAILURE): Object 'Object Repository/Regression BackOffice/CLINK-Frames/ClientIntake' is present&#xD;
&#xD;
2019-09-19 12:02:51 - [MESSAGE][PASSED] - Object 'Object Repository/Regression BackOffice/CLINK-Frames/ClientIntake' is present&#xD;
&#xD;
2019-09-19 12:02:51 - [TEST_STEP][PASSED] - switchToDefaultContent(): null&#xD;
&#xD;
2019-09-19 12:02:51 - [MESSAGE][PASSED] - Call Test Case 'Test Cases/Regression BackOffice (All Browsers)/CLNK-23439 - Clink - Back office Client' successfully&#xD;
&#xD;
2019-09-19 12:02:51 - [TEST_STEP][PASSED] - waitForPageLoad(60): Wait for page load successfully&#xD;
&#xD;
2019-09-19 12:02:51 - [MESSAGE][PASSED] - Wait for page load successfully&#xD;
&#xD;
2019-09-19 12:02:51 - [TEST_STEP][PASSED] - delay(3): Delayed 3 second(s)&#xD;
&#xD;
2019-09-19 12:02:54 - [MESSAGE][PASSED] - Delayed 3 second(s)&#xD;
&#xD;
2019-09-19 12:02:54 - [TEST_STEP][PASSED] - switchToFrame(findTestObject("Regression BackOffice/CLNK-23449/FrameLeft"), 30): null&#xD;
&#xD;
2019-09-19 12:02:55 - [TEST_STEP][PASSED] - waitForElementPresent(findTestObject("Regression BackOffice/CLNK-23449/ClienIntakeICon"), 100): Object 'Object Repository/Regression BackOffice/CLNK-23449/ClienIntakeICon' is present&#xD;
&#xD;
2019-09-19 12:02:55 - [MESSAGE][PASSED] - Object 'Object Repository/Regression BackOffice/CLNK-23449/ClienIntakeICon' is present&#xD;
&#xD;
2019-09-19 12:02:55 - [TEST_STEP][PASSED] - click(findTestObject("Regression BackOffice/CLNK-23449/ClienIntakeICon")): Object: 'Object Repository/Regression BackOffice/CLNK-23449/ClienIntakeICon' is clicked on&#xD;
&#xD;
2019-09-19 12:02:55 - [MESSAGE][PASSED] - Object: 'Object Repository/Regression BackOffice/CLNK-23449/ClienIntakeICon' is clicked on&#xD;
&#xD;
2019-09-19 12:02:55 - [TEST_STEP][PASSED] - delay(2): Delayed 2 second(s)&#xD;
&#xD;
2019-09-19 12:02:57 - [MESSAGE][PASSED] - Delayed 2 second(s)&#xD;
&#xD;
2019-09-19 12:02:57 - [TEST_STEP][PASSED] - waitForPageLoad(50): Wait for page load successfully&#xD;
&#xD;
2019-09-19 12:02:57 - [MESSAGE][PASSED] - Wait for page load successfully&#xD;
&#xD;
2019-09-19 12:02:57 - [TEST_STEP][PASSED] - scrollToElement(findTestObject("Regression BackOffice/CLINK-17180/Client  Intake Reports Link"), 50): Scroll to object 'Object Repository/Regression BackOffice/CLINK-17180/Client  Intake Reports Link' successfully&#xD;
&#xD;
2019-09-19 12:02:57 - [MESSAGE][PASSED] - Scroll to object 'Object Repository/Regression BackOffice/CLINK-17180/Client  Intake Reports Link' successfully&#xD;
&#xD;
2019-09-19 12:02:57 - [TEST_STEP][PASSED] - click(findTestObject("Regression BackOffice/CLINK-17180/Client  Intake Reports Link")): Object: 'Object Repository/Regression BackOffice/CLINK-17180/Client  Intake Reports Link' is clicked on&#xD;
&#xD;
2019-09-19 12:02:59 - [MESSAGE][PASSED] - Object: 'Object Repository/Regression BackOffice/CLINK-17180/Client  Intake Reports Link' is clicked on&#xD;
&#xD;
2019-09-19 12:02:59 - [TEST_STEP][PASSED] - delay(2): Delayed 2 second(s)&#xD;
&#xD;
2019-09-19 12:03:01 - [MESSAGE][PASSED] - Delayed 2 second(s)&#xD;
&#xD;
2019-09-19 12:03:01 - [TEST_STEP][PASSED] - switchToDefaultContent(): null&#xD;
&#xD;
2019-09-19 12:03:01 - [TEST_STEP][PASSED] - switchToFrame(findTestObject("Regression BackOffice/CLNK-23449/FrameMain"), 30): null&#xD;
&#xD;
2019-09-19 12:03:01 - [TEST_STEP][PASSED] - waitForElementPresent(findTestObject("Regression BackOffice/CLINK-17180/Admission Authorization Changes Report Link"), 50): Object 'Object Repository/Regression BackOffice/CLINK-17180/Admission Authorization Changes Report Link' is present&#xD;
&#xD;
2019-09-19 12:03:01 - [MESSAGE][PASSED] - Object 'Object Repository/Regression BackOffice/CLINK-17180/Admission Authorization Changes Report Link' is present&#xD;
&#xD;
2019-09-19 12:03:01 - [TEST_STEP][PASSED] - click(findTestObject("Regression BackOffice/CLINK-17180/Admission Authorization Changes Report Link")): Object: 'Object Repository/Regression BackOffice/CLINK-17180/Admission Authorization Changes Report Link' is clicked on&#xD;
&#xD;
2019-09-19 12:03:08 - [MESSAGE][PASSED] - Object: 'Object Repository/Regression BackOffice/CLINK-17180/Admission Authorization Changes Report Link' is clicked on&#xD;
&#xD;
2019-09-19 12:03:08 - [TEST_STEP][PASSED] - delay(2): Delayed 2 second(s)&#xD;
&#xD;
2019-09-19 12:03:10 - [MESSAGE][PASSED] - Delayed 2 second(s)&#xD;
&#xD;
2019-09-19 12:03:10 - [TEST_STEP][PASSED] - waitForPageLoad(60): Wait for page load successfully&#xD;
&#xD;
2019-09-19 12:03:10 - [MESSAGE][PASSED] - Wait for page load successfully&#xD;
&#xD;
2019-09-19 12:03:10 - [TEST_STEP][PASSED] - waitForElementPresent(findTestObject("Regression BackOffice/CLINK-17180/Search Client Link"), 50): Object 'Object Repository/Regression BackOffice/CLINK-17180/Search Client Link' is present&#xD;
&#xD;
2019-09-19 12:03:10 - [MESSAGE][PASSED] - Object 'Object Repository/Regression BackOffice/CLINK-17180/Search Client Link' is present&#xD;
&#xD;
2019-09-19 12:03:10 - [TEST_STEP][PASSED] - click(findTestObject("Regression BackOffice/CLINK-17180/Search Client Link")): Object: 'Object Repository/Regression BackOffice/CLINK-17180/Search Client Link' is clicked on&#xD;
&#xD;
2019-09-19 12:03:10 - [MESSAGE][PASSED] - Object: 'Object Repository/Regression BackOffice/CLINK-17180/Search Client Link' is clicked on&#xD;
&#xD;
2019-09-19 12:03:10 - [TEST_STEP][PASSED] - delay(2): Delayed 2 second(s)&#xD;
&#xD;
2019-09-19 12:03:12 - [MESSAGE][PASSED] - Delayed 2 second(s)&#xD;
&#xD;
2019-09-19 12:03:12 - [TEST_STEP][PASSED] - switchToDefaultContent(): null&#xD;
&#xD;
2019-09-19 12:03:12 - [TEST_STEP][PASSED] - switchToWindowUrl(G_BackWindow): Cannot find window with url: 'http://qanewpoc.continulink.com:81/backoffice/Client/ClientSearch.aspx?search=true' (Root cause: com.kms.katalon.core.exception.StepFailedException: Cannot find window with url: 'http://qanewpoc.continulink.com:81/backoffice/Client/ClientSearch.aspx?search=true'&#xD;
	at com.kms.katalon.core.webui.keyword.internal.WebUIKeywordMain.stepFailed(WebUIKeywordMain.groovy:64)&#xD;
	at com.kms.katalon.core.webui.keyword.builtin.SwitchToWindowUrlKeyword$_switchToWindowUrl_closure1.doCall(SwitchToWindowUrlKeyword.groovy:82)&#xD;
	at com.kms.katalon.core.webui.keyword.builtin.SwitchToWindowUrlKeyword$_switchToWindowUrl_closure1.call(SwitchToWindowUrlKeyword.groovy)&#xD;
	at com.kms.katalon.core.webui.keyword.internal.WebUIKeywordMain.runKeyword(WebUIKeywordMain.groovy:20)&#xD;
	at com.kms.katalon.core.webui.keyword.builtin.SwitchToWindowUrlKeyword.switchToWindowUrl(SwitchToWindowUrlKeyword.groovy:84)&#xD;
	at com.kms.katalon.core.webui.keyword.builtin.SwitchToWindowUrlKeyword.execute(SwitchToWindowUrlKeyword.groovy:67)&#xD;
	at com.kms.katalon.core.keyword.internal.KeywordExecutor.executeKeywordForPlatform(KeywordExecutor.groovy:56)&#xD;
	at com.kms.katalon.core.webui.keyword.WebUiBuiltInKeywords.switchToWindowUrl(WebUiBuiltInKeywords.groovy:1807)&#xD;
	at com.kms.katalon.core.webui.keyword.WebUiBuiltInKeywords$switchToWindowUrl$22.call(Unknown Source)&#xD;
	at CLNK-17180 - Admission Authorization Changes Report.run(CLNK-17180 - Admission Authorization Changes Report:62)&#xD;
	at com.kms.katalon.core.main.ScriptEngine.run(ScriptEngine.java:194)&#xD;
	at com.kms.katalon.core.main.ScriptEngine.runScriptAsRawText(ScriptEngine.java:119)&#xD;
	at com.kms.katalon.core.main.TestCaseExecutor.runScript(TestCaseExecutor.java:337)&#xD;
	at com.kms.katalon.core.main.TestCaseExecutor.doExecute(TestCaseExecutor.java:328)&#xD;
	at com.kms.katalon.core.main.TestCaseExecutor.processExecutionPhase(TestCaseExecutor.java:307)&#xD;
	at com.kms.katalon.core.main.TestCaseExecutor.accessMainPhase(TestCaseExecutor.java:299)&#xD;
	at com.kms.katalon.core.main.TestCaseExecutor.execute(TestCaseExecutor.java:233)&#xD;
	at com.kms.katalon.core.main.TestSuiteExecutor.accessTestCaseMainPhase(TestSuiteExecutor.java:169)&#xD;
	at com.kms.katalon.core.main.TestSuiteExecutor.accessTestSuiteMainPhase(TestSuiteExecutor.java:142)&#xD;
	at com.kms.katalon.core.main.TestSuiteExecutor.execute(TestSuiteExecutor.java:91)&#xD;
	at com.kms.katalon.core.main.TestCaseMain.startTestSuite(TestCaseMain.java:157)&#xD;
	at com.kms.katalon.core.main.TestCaseMain$startTestSuite$0.call(Unknown Source)&#xD;
	at TempTestSuite1568904021899.run(TempTestSuite1568904021899.groovy:35)&#xD;
)&#xD;
&#xD;
2019-09-19 12:03:56 - [MESSAGE][WARNING] - Cannot find window with url: 'http://qanewpoc.continulink.com:81/backoffice/Client/ClientSearch.aspx?search=true' (Root cause: com.kms.katalon.core.exception.StepFailedException: Cannot find window with url: 'http://qanewpoc.continulink.com:81/backoffice/Client/ClientSearch.aspx?search=true'&#xD;
	at com.kms.katalon.core.webui.keyword.internal.WebUIKeywordMain.stepFailed(WebUIKeywordMain.groovy:64)&#xD;
	at com.kms.katalon.core.webui.keyword.builtin.SwitchToWindowUrlKeyword$_switchToWindowUrl_closure1.doCall(SwitchToWindowUrlKeyword.groovy:82)&#xD;
	at com.kms.katalon.core.webui.keyword.builtin.SwitchToWindowUrlKeyword$_switchToWindowUrl_closure1.call(SwitchToWindowUrlKeyword.groovy)&#xD;
	at com.kms.katalon.core.webui.keyword.internal.WebUIKeywordMain.runKeyword(WebUIKeywordMain.groovy:20)&#xD;
	at com.kms.katalon.core.webui.keyword.builtin.SwitchToWindowUrlKeyword.switchToWindowUrl(SwitchToWindowUrlKeyword.groovy:84)&#xD;
	at com.kms.katalon.core.webui.keyword.builtin.SwitchToWindowUrlKeyword.execute(SwitchToWindowUrlKeyword.groovy:67)&#xD;
	at com.kms.katalon.core.keyword.internal.KeywordExecutor.executeKeywordForPlatform(KeywordExecutor.groovy:56)&#xD;
	at com.kms.katalon.core.webui.keyword.WebUiBuiltInKeywords.switchToWindowUrl(WebUiBuiltInKeywords.groovy:1807)&#xD;
	at com.kms.katalon.core.webui.keyword.WebUiBuiltInKeywords$switchToWindowUrl$22.call(Unknown Source)&#xD;
	at CLNK-17180 - Admission Authorization Changes Report.run(CLNK-17180 - Admission Authorization Changes Report:62)&#xD;
	at com.kms.katalon.core.main.ScriptEngine.run(ScriptEngine.java:194)&#xD;
	at com.kms.katalon.core.main.ScriptEngine.runScriptAsRawText(ScriptEngine.java:119)&#xD;
	at com.kms.katalon.core.main.TestCaseExecutor.runScript(TestCaseExecutor.java:337)&#xD;
	at com.kms.katalon.core.main.TestCaseExecutor.doExecute(TestCaseExecutor.java:328)&#xD;
	at com.kms.katalon.core.main.TestCaseExecutor.processExecutionPhase(TestCaseExecutor.java:307)&#xD;
	at com.kms.katalon.core.main.TestCaseExecutor.accessMainPhase(TestCaseExecutor.java:299)&#xD;
	at com.kms.katalon.core.main.TestCaseExecutor.execute(TestCaseExecutor.java:233)&#xD;
	at com.kms.katalon.core.main.TestSuiteExecutor.accessTestCaseMainPhase(TestSuiteExecutor.java:169)&#xD;
	at com.kms.katalon.core.main.TestSuiteExecutor.accessTestSuiteMainPhase(TestSuiteExecutor.java:142)&#xD;
	at com.kms.katalon.core.main.TestSuiteExecutor.execute(TestSuiteExecutor.java:91)&#xD;
	at com.kms.katalon.core.main.TestCaseMain.startTestSuite(TestCaseMain.java:157)&#xD;
	at com.kms.katalon.core.main.TestCaseMain$startTestSuite$0.call(Unknown Source)&#xD;
	at TempTestSuite1568904021899.run(TempTestSuite1568904021899.groovy:35)&#xD;
)&#xD;
[[ATTACHMENT|C:\\Users\\isaac\\Desktop\\Clientes\\ProcuraCanada\\Katalon Studio\\Continulink\\Reports\\20190919_113944\\Regression BackOffice\\Regression BackOffice\\20190919_114021\\1568905435886.png]]&#xD;
&#xD;
2019-09-19 12:03:56 - [TEST_STEP][PASSED] - waitForPageLoad(60): Wait for page load successfully&#xD;
&#xD;
2019-09-19 12:03:56 - [MESSAGE][PASSED] - Wait for page load successfully&#xD;
&#xD;
2019-09-19 12:03:56 - [TEST_STEP][PASSED] - maximizeWindow(): Current window maximized&#xD;
&#xD;
2019-09-19 12:03:56 - [MESSAGE][PASSED] - Current window maximized&#xD;
&#xD;
2019-09-19 12:03:56 - [TEST_STEP][PASSED] - waitForElementPresent(findTestObject("Regression BackOffice/CLINK-17180/Last Name"), 50): Object 'Object Repository/Regression BackOffice/CLINK-17180/Last Name' is present&#xD;
&#xD;
2019-09-19 12:03:56 - [MESSAGE][PASSED] - Object 'Object Repository/Regression BackOffice/CLINK-17180/Last Name' is present&#xD;
&#xD;
2019-09-19 12:03:56 - [TEST_STEP][PASSED] - sendKeys(findTestObject("Regression BackOffice/CLINK-17180/Last Name"), G_ClientLastName): Keys 'Ernesky' sent to object: 'Object Repository/Regression BackOffice/CLINK-17180/Last Name'&#xD;
&#xD;
2019-09-19 12:03:56 - [MESSAGE][PASSED] - Keys 'Ernesky' sent to object: 'Object Repository/Regression BackOffice/CLINK-17180/Last Name'&#xD;
&#xD;
2019-09-19 12:03:56 - [TEST_STEP][PASSED] - delay(2): Delayed 2 second(s)&#xD;
&#xD;
2019-09-19 12:03:58 - [MESSAGE][PASSED] - Delayed 2 second(s)&#xD;
&#xD;
2019-09-19 12:03:58 - [TEST_STEP][PASSED] - waitForElementPresent(findTestObject("Regression BackOffice/CLINK - 27906/SearchButton"), 50): Object 'Object Repository/Regression BackOffice/CLINK - 27906/SearchButton' is present&#xD;
&#xD;
2019-09-19 12:03:58 - [MESSAGE][PASSED] - Object 'Object Repository/Regression BackOffice/CLINK - 27906/SearchButton' is present&#xD;
&#xD;
2019-09-19 12:03:58 - [TEST_STEP][PASSED] - click(findTestObject("Regression BackOffice/CLINK - 27906/SearchButton"), STOP_ON_FAILURE): Object: 'Object Repository/Regression BackOffice/CLINK - 27906/SearchButton' is clicked on&#xD;
&#xD;
2019-09-19 12:03:59 - [MESSAGE][PASSED] - Object: 'Object Repository/Regression BackOffice/CLINK - 27906/SearchButton' is clicked on&#xD;
&#xD;
2019-09-19 12:03:59 - [TEST_STEP][PASSED] - delay(2): Delayed 2 second(s)&#xD;
&#xD;
2019-09-19 12:04:01 - [MESSAGE][PASSED] - Delayed 2 second(s)&#xD;
&#xD;
2019-09-19 12:04:01 - [TEST_STEP][PASSED] - waitForElementPresent(findTestObject("Regression BackOffice/CLINK - 27906/ClientRollbackLink"), 50): Object 'Object Repository/Regression BackOffice/CLINK - 27906/ClientRollbackLink' is present&#xD;
&#xD;
2019-09-19 12:04:01 - [MESSAGE][PASSED] - Object 'Object Repository/Regression BackOffice/CLINK - 27906/ClientRollbackLink' is present&#xD;
&#xD;
2019-09-19 12:04:01 - [TEST_STEP][PASSED] - click(findTestObject("Regression BackOffice/CLINK - 27906/ClientRollbackLink")): Object: 'Object Repository/Regression BackOffice/CLINK - 27906/ClientRollbackLink' is clicked on&#xD;
&#xD;
2019-09-19 12:04:01 - [MESSAGE][PASSED] - Object: 'Object Repository/Regression BackOffice/CLINK - 27906/ClientRollbackLink' is clicked on&#xD;
&#xD;
2019-09-19 12:04:01 - [TEST_STEP][PASSED] - switchToDefaultContent(): null&#xD;
&#xD;
2019-09-19 12:04:05 - [TEST_STEP][PASSED] - switchToFrame(findTestObject("Regression BackOffice/CLNK-23449/FrameMain"), 30): null&#xD;
&#xD;
2019-09-19 12:04:05 - [TEST_STEP][PASSED] - waitForPageLoad(60): Wait for page load successfully&#xD;
&#xD;
2019-09-19 12:04:05 - [MESSAGE][PASSED] - Wait for page load successfully&#xD;
&#xD;
2019-09-19 12:04:05 - [TEST_STEP][PASSED] - delay(2): Delayed 2 second(s)&#xD;
&#xD;
2019-09-19 12:04:07 - [MESSAGE][PASSED] - Delayed 2 second(s)&#xD;
&#xD;
2019-09-19 12:04:07 - [TEST_STEP][PASSED] - waitForElementPresent(findTestObject("Regression BackOffice/CLINK-17180/EpisodeAdmisionDetails"), 50): Object 'Object Repository/Regression BackOffice/CLINK-17180/EpisodeAdmisionDetails' is present&#xD;
&#xD;
2019-09-19 12:04:07 - [MESSAGE][PASSED] - Object 'Object Repository/Regression BackOffice/CLINK-17180/EpisodeAdmisionDetails' is present&#xD;
&#xD;
2019-09-19 12:04:07 - [TEST_STEP][PASSED] - click(findTestObject("Regression BackOffice/CLINK-17180/EpisodeAdmisionDetails"), STOP_ON_FAILURE): Object: 'Object Repository/Regression BackOffice/CLINK-17180/EpisodeAdmisionDetails' is clicked on&#xD;
&#xD;
2019-09-19 12:04:08 - [MESSAGE][PASSED] - Object: 'Object Repository/Regression BackOffice/CLINK-17180/EpisodeAdmisionDetails' is clicked on&#xD;
&#xD;
2019-09-19 12:04:08 - [TEST_STEP][PASSED] - sendKeys(findTestObject("Regression BackOffice/CLINK-17180/EpisodeAdmisionDetails"), Keys.chord(ARROW_DOWN, ENTER)): Keys 'DOWN + ENTER + ' sent to object: 'Object Repository/Regression BackOffice/CLINK-17180/EpisodeAdmisionDetails'&#xD;
&#xD;
2019-09-19 12:04:08 - [MESSAGE][PASSED] - Keys 'DOWN + ENTER + ' sent to object: 'Object Repository/Regression BackOffice/CLINK-17180/EpisodeAdmisionDetails'&#xD;
&#xD;
2019-09-19 12:04:08 - [TEST_STEP][PASSED] - delay(3): Delayed 3 second(s)&#xD;
&#xD;
2019-09-19 12:04:11 - [MESSAGE][PASSED] - Delayed 3 second(s)&#xD;
&#xD;
2019-09-19 12:04:11 - [TEST_STEP][PASSED] - waitForElementPresent(findTestObject("Regression BackOffice/CLINK-17180/ServiceTypeHHA"), 50): Object 'Object Repository/Regression BackOffice/CLINK-17180/ServiceTypeHHA' is present&#xD;
&#xD;
2019-09-19 12:04:11 - [MESSAGE][PASSED] - Object 'Object Repository/Regression BackOffice/CLINK-17180/ServiceTypeHHA' is present&#xD;
&#xD;
2019-09-19 12:04:11 - [TEST_STEP][PASSED] - click(findTestObject("Regression BackOffice/CLINK-17180/ServiceTypeHHA"), STOP_ON_FAILURE): Object: 'Object Repository/Regression BackOffice/CLINK-17180/ServiceTypeHHA' is clicked on&#xD;
&#xD;
2019-09-19 12:04:11 - [MESSAGE][PASSED] - Object: 'Object Repository/Regression BackOffice/CLINK-17180/ServiceTypeHHA' is clicked on&#xD;
&#xD;
2019-09-19 12:04:11 - [TEST_STEP][PASSED] - sendKeys(findTestObject("Regression BackOffice/CLINK-17180/ServiceTypeHHA"), Keys.chord(ARROW_DOWN, ARROW_DOWN, ENTER)): Keys 'DOWN + DOWN + ENTER + ' sent to object: 'Object Repository/Regression BackOffice/CLINK-17180/ServiceTypeHHA'&#xD;
&#xD;
2019-09-19 12:04:11 - [MESSAGE][PASSED] - Keys 'DOWN + DOWN + ENTER + ' sent to object: 'Object Repository/Regression BackOffice/CLINK-17180/ServiceTypeHHA'&#xD;
&#xD;
2019-09-19 12:04:11 - [TEST_STEP][PASSED] - delay(2): Delayed 2 second(s)&#xD;
&#xD;
2019-09-19 12:04:13 - [MESSAGE][PASSED] - Delayed 2 second(s)&#xD;
&#xD;
2019-09-19 12:04:13 - [TEST_STEP][PASSED] - waitForElementPresent(findTestObject("Regression BackOffice/CLINK-17180/GroupSelfPayName"), 50): Object 'Object Repository/Regression BackOffice/CLINK-17180/GroupSelfPayName' is present&#xD;
&#xD;
2019-09-19 12:04:13 - [MESSAGE][PASSED] - Object 'Object Repository/Regression BackOffice/CLINK-17180/GroupSelfPayName' is present&#xD;
&#xD;
2019-09-19 12:04:13 - [TEST_STEP][PASSED] - click(findTestObject("Regression BackOffice/CLINK-17180/GroupSelfPayName"), STOP_ON_FAILURE): Object: 'Object Repository/Regression BackOffice/CLINK-17180/GroupSelfPayName' is clicked on&#xD;
&#xD;
2019-09-19 12:04:13 - [MESSAGE][PASSED] - Object: 'Object Repository/Regression BackOffice/CLINK-17180/GroupSelfPayName' is clicked on&#xD;
&#xD;
2019-09-19 12:04:13 - [TEST_STEP][PASSED] - sendKeys(findTestObject("Regression BackOffice/CLINK-17180/GroupSelfPayName"), Keys.chord(ARROW_DOWN, ARROW_DOWN, ARROW_DOWN, ENTER)): Keys 'DOWN + DOWN + DOWN + ENTER + ' sent to object: 'Object Repository/Regression BackOffice/CLINK-17180/GroupSelfPayName'&#xD;
&#xD;
2019-09-19 12:04:14 - [MESSAGE][PASSED] - Keys 'DOWN + DOWN + DOWN + ENTER + ' sent to object: 'Object Repository/Regression BackOffice/CLINK-17180/GroupSelfPayName'&#xD;
&#xD;
2019-09-19 12:04:14 - [TEST_STEP][PASSED] - waitForElementPresent(findTestObject("Regression BackOffice/CLINK-17180/FromDate"), 50): Object 'Object Repository/Regression BackOffice/CLINK-17180/FromDate' is present&#xD;
&#xD;
2019-09-19 12:04:14 - [MESSAGE][PASSED] - Object 'Object Repository/Regression BackOffice/CLINK-17180/FromDate' is present&#xD;
&#xD;
2019-09-19 12:04:14 - [TEST_STEP][PASSED] - setText(findTestObject("Regression BackOffice/CLINK-17180/FromDate"), "01/01/2017"): Text '01/01/2017' is set on object 'Object Repository/Regression BackOffice/CLINK-17180/FromDate'&#xD;
&#xD;
2019-09-19 12:04:14 - [MESSAGE][PASSED] - Text '01/01/2017' is set on object 'Object Repository/Regression BackOffice/CLINK-17180/FromDate'&#xD;
&#xD;
2019-09-19 12:04:14 - [TEST_STEP][PASSED] - delay(2): Delayed 2 second(s)&#xD;
&#xD;
2019-09-19 12:04:16 - [MESSAGE][PASSED] - Delayed 2 second(s)&#xD;
&#xD;
2019-09-19 12:04:16 - [TEST_STEP][PASSED] - waitForElementPresent(findTestObject("Regression BackOffice/CLINK-17180/ToDate"), 50): Object 'Object Repository/Regression BackOffice/CLINK-17180/ToDate' is present&#xD;
&#xD;
2019-09-19 12:04:16 - [MESSAGE][PASSED] - Object 'Object Repository/Regression BackOffice/CLINK-17180/ToDate' is present&#xD;
&#xD;
2019-09-19 12:04:16 - [TEST_STEP][PASSED] - setText(findTestObject("Regression BackOffice/CLINK-17180/ToDate"), getDate.DateUtilities.getDateMonthDayYearNumberwithSlash()): Text '09/19/2019' is set on object 'Object Repository/Regression BackOffice/CLINK-17180/ToDate'&#xD;
&#xD;
2019-09-19 12:04:16 - [MESSAGE][PASSED] - getDate.DateUtilities.getDateMonthDayYearNumberwithSlash is PASSED&#xD;
&#xD;
2019-09-19 12:04:16 - [MESSAGE][PASSED] - Text '09/19/2019' is set on object 'Object Repository/Regression BackOffice/CLINK-17180/ToDate'&#xD;
&#xD;
2019-09-19 12:04:16 - [TEST_STEP][PASSED] - delay(2): Delayed 2 second(s)&#xD;
&#xD;
2019-09-19 12:04:18 - [MESSAGE][PASSED] - Delayed 2 second(s)&#xD;
&#xD;
2019-09-19 12:04:18 - [TEST_STEP][PASSED] - waitForElementPresent(findTestObject("Regression BackOffice/CLINK-17180/a_Show Report"), 50): Object 'Object Repository/Regression BackOffice/CLINK-17180/a_Show Report' is present&#xD;
&#xD;
2019-09-19 12:04:18 - [MESSAGE][PASSED] - Object 'Object Repository/Regression BackOffice/CLINK-17180/a_Show Report' is present&#xD;
&#xD;
2019-09-19 12:04:18 - [TEST_STEP][PASSED] - click(findTestObject("Regression BackOffice/CLINK-17180/a_Show Report"), STOP_ON_FAILURE): Object: 'Object Repository/Regression BackOffice/CLINK-17180/a_Show Report' is clicked on&#xD;
&#xD;
2019-09-19 12:04:19 - [MESSAGE][PASSED] - Object: 'Object Repository/Regression BackOffice/CLINK-17180/a_Show Report' is clicked on&#xD;
&#xD;
2019-09-19 12:04:19 - [TEST_STEP][PASSED] - delay(2): Delayed 2 second(s)&#xD;
&#xD;
2019-09-19 12:04:21 - [MESSAGE][PASSED] - Delayed 2 second(s)&#xD;
&#xD;
2019-09-19 12:04:21 - [TEST_STEP][PASSED] - waitForPageLoad(60): Wait for page load successfully&#xD;
&#xD;
2019-09-19 12:04:21 - [MESSAGE][PASSED] - Wait for page load successfully&#xD;
&#xD;
2019-09-19 12:04:21 - [TEST_STEP][PASSED] - delay(4): Delayed 4 second(s)&#xD;
&#xD;
2019-09-19 12:04:25 - [MESSAGE][PASSED] - Delayed 4 second(s)&#xD;
&#xD;
2019-09-19 12:04:25 - [TEST_STEP][PASSED] - closeBrowser(): Browser is closed&#xD;
&#xD;
2019-09-19 12:04:26 - [MESSAGE][PASSED] - Browser is closed</system-out>
            <system-err></system-err>
        </testcase>
        <testcase name="Test Cases/Regression BackOffice (All Browsers)/CLNK-17788 - (Task A) New Clinical Manager Caregiver Property" classname="Test Cases/Regression BackOffice (All Browsers)/CLNK-17788 - (Task A) New Clinical Manager Caregiver Property" status="PASSED">
            <system-out>2019-09-19 12:04:28 - [TEST_CASE][PASSED] - Test Cases/Regression BackOffice (All Browsers)/CLNK-17788 - (Task A) New Clinical Manager Caregiver Property: Test Cases/Regression BackOffice (All Browsers)/CLNK-17788 - (Task A) New Clinical Manager Caregiver Property&#xD;
&#xD;
2019-09-19 12:04:29 - [TEST_STEP][PASSED] - callTestCase(findTestCase("Regression BackOffice (All Browsers)/CLNK-23439 - Clink - Back office Client"), [:], STOP_ON_FAILURE): Call Test Case 'Test Cases/Regression BackOffice (All Browsers)/CLNK-23439 - Clink - Back office Client' successfully&#xD;
&#xD;
2019-09-19 12:04:29 - [TEST_CASE][PASSED] - Test Cases/Regression BackOffice (All Browsers)/CLNK-23439 - Clink - Back office Client: Test Cases/Regression BackOffice (All Browsers)/CLNK-23439 - Clink - Back office Client&#xD;
&#xD;
2019-09-19 12:04:29 - [TEST_STEP][PASSED] - deleteAllCookies(): Delete all cookies successfully&#xD;
&#xD;
2019-09-19 12:04:29 - [MESSAGE][WARNING] - Cannot delete cookies because browser is closed&#xD;
&#xD;
2019-09-19 12:04:29 - [MESSAGE][PASSED] - Delete all cookies successfully&#xD;
&#xD;
2019-09-19 12:04:29 - [TEST_STEP][PASSED] - openBrowser(G_SiteBackOffice): Browser is opened with url: 'https://qanewpoc.continulink.com:8443/Backoffice/'&#xD;
&#xD;
2019-09-19 12:04:29 - [MESSAGE][INFO] - Starting 'Chrome' driver&#xD;
&#xD;
2019-09-19 12:04:36 - [MESSAGE][PASSED] - Browser is opened with url: 'https://qanewpoc.continulink.com:8443/Backoffice/'&#xD;
&#xD;
2019-09-19 12:04:36 - [TEST_STEP][PASSED] - waitForPageLoad(60): Wait for page load successfully&#xD;
&#xD;
2019-09-19 12:04:36 - [MESSAGE][PASSED] - Wait for page load successfully&#xD;
&#xD;
2019-09-19 12:04:36 - [TEST_STEP][PASSED] - maximizeWindow(): Current window maximized&#xD;
&#xD;
2019-09-19 12:04:40 - [MESSAGE][PASSED] - Current window maximized&#xD;
&#xD;
2019-09-19 12:04:40 - [TEST_STEP][PASSED] - setText(findTestObject("Regression BackOffice/Login/UserBackOffice"), G_UserBackOffice): Text 'automation_admin' is set on object 'Object Repository/Regression BackOffice/Login/UserBackOffice'&#xD;
&#xD;
2019-09-19 12:04:41 - [MESSAGE][PASSED] - Text 'automation_admin' is set on object 'Object Repository/Regression BackOffice/Login/UserBackOffice'&#xD;
&#xD;
2019-09-19 12:04:41 - [TEST_STEP][PASSED] - setText(findTestObject("Regression BackOffice/Login/PasswordBackOffice"), G_PasswordBackOffice): Text 'qwerty' is set on object 'Object Repository/Regression BackOffice/Login/PasswordBackOffice'&#xD;
&#xD;
2019-09-19 12:04:41 - [MESSAGE][PASSED] - Text 'qwerty' is set on object 'Object Repository/Regression BackOffice/Login/PasswordBackOffice'&#xD;
&#xD;
2019-09-19 12:04:41 - [TEST_STEP][PASSED] - click(findTestObject("Regression BackOffice/Login/LoginBackOffice")): Object: 'Object Repository/Regression BackOffice/Login/LoginBackOffice' is clicked on&#xD;
&#xD;
2019-09-19 12:04:45 - [MESSAGE][PASSED] - Object: 'Object Repository/Regression BackOffice/Login/LoginBackOffice' is clicked on&#xD;
&#xD;
2019-09-19 12:04:45 - [TEST_STEP][PASSED] - waitForPageLoad(60): Wait for page load successfully&#xD;
&#xD;
2019-09-19 12:04:45 - [MESSAGE][PASSED] - Wait for page load successfully&#xD;
&#xD;
2019-09-19 12:04:45 - [TEST_STEP][PASSED] - delay(2): Delayed 2 second(s)&#xD;
&#xD;
2019-09-19 12:04:47 - [MESSAGE][PASSED] - Delayed 2 second(s)&#xD;
&#xD;
2019-09-19 12:04:47 - [TEST_STEP][PASSED] - switchToFrame(findTestObject("Regression BackOffice/CLINK-Frames/FrameFrameLeft"), 5, STOP_ON_FAILURE): null&#xD;
&#xD;
2019-09-19 12:04:47 - [TEST_STEP][PASSED] - delay(2): Delayed 2 second(s)&#xD;
&#xD;
2019-09-19 12:04:49 - [MESSAGE][PASSED] - Delayed 2 second(s)&#xD;
&#xD;
2019-09-19 12:04:49 - [TEST_STEP][PASSED] - waitForElementPresent(findTestObject("Regression BackOffice/CLINK-Frames/ClientIntake"), 50): Object 'Object Repository/Regression BackOffice/CLINK-Frames/ClientIntake' is present&#xD;
&#xD;
2019-09-19 12:04:49 - [MESSAGE][PASSED] - Object 'Object Repository/Regression BackOffice/CLINK-Frames/ClientIntake' is present&#xD;
&#xD;
2019-09-19 12:04:49 - [TEST_STEP][PASSED] - verifyElementPresent(findTestObject("Regression BackOffice/CLINK-Frames/ClientIntake"), 100, STOP_ON_FAILURE): Object 'Object Repository/Regression BackOffice/CLINK-Frames/ClientIntake' is present&#xD;
&#xD;
2019-09-19 12:04:50 - [MESSAGE][PASSED] - Object 'Object Repository/Regression BackOffice/CLINK-Frames/ClientIntake' is present&#xD;
&#xD;
2019-09-19 12:04:50 - [TEST_STEP][PASSED] - switchToDefaultContent(): null&#xD;
&#xD;
2019-09-19 12:04:50 - [MESSAGE][PASSED] - Call Test Case 'Test Cases/Regression BackOffice (All Browsers)/CLNK-23439 - Clink - Back office Client' successfully&#xD;
&#xD;
2019-09-19 12:04:50 - [TEST_STEP][PASSED] - waitForPageLoad(60): Wait for page load successfully&#xD;
&#xD;
2019-09-19 12:04:50 - [MESSAGE][PASSED] - Wait for page load successfully&#xD;
&#xD;
2019-09-19 12:04:50 - [TEST_STEP][PASSED] - delay(3): Delayed 3 second(s)&#xD;
&#xD;
2019-09-19 12:04:53 - [MESSAGE][PASSED] - Delayed 3 second(s)&#xD;
&#xD;
2019-09-19 12:04:53 - [TEST_STEP][PASSED] - switchToFrame(findTestObject("Regression BackOffice/CLNK-23449/FrameLeft"), 30): null&#xD;
&#xD;
2019-09-19 12:04:53 - [TEST_STEP][PASSED] - waitForElementPresent(findTestObject("Regression BackOffice/CLINK-17788/CaregiverHRLink"), 100): Object 'Object Repository/Regression BackOffice/CLINK-17788/CaregiverHRLink' is present&#xD;
&#xD;
2019-09-19 12:04:53 - [MESSAGE][PASSED] - Object 'Object Repository/Regression BackOffice/CLINK-17788/CaregiverHRLink' is present&#xD;
&#xD;
2019-09-19 12:04:53 - [TEST_STEP][PASSED] - click(findTestObject("Regression BackOffice/CLINK-17788/CaregiverHRLink")): Object: 'Object Repository/Regression BackOffice/CLINK-17788/CaregiverHRLink' is clicked on&#xD;
&#xD;
2019-09-19 12:04:53 - [MESSAGE][PASSED] - Object: 'Object Repository/Regression BackOffice/CLINK-17788/CaregiverHRLink' is clicked on&#xD;
&#xD;
2019-09-19 12:04:53 - [TEST_STEP][PASSED] - delay(2): Delayed 2 second(s)&#xD;
&#xD;
2019-09-19 12:04:55 - [MESSAGE][PASSED] - Delayed 2 second(s)&#xD;
&#xD;
2019-09-19 12:04:55 - [TEST_STEP][PASSED] - waitForPageLoad(50): Wait for page load successfully&#xD;
&#xD;
2019-09-19 12:04:55 - [MESSAGE][PASSED] - Wait for page load successfully&#xD;
&#xD;
2019-09-19 12:04:55 - [TEST_STEP][PASSED] - waitForElementPresent(findTestObject("Regression BackOffice/CLINK-17788/CaregiverDemographics"), 50): Object 'Object Repository/Regression BackOffice/CLINK-17788/CaregiverDemographics' is present&#xD;
&#xD;
2019-09-19 12:04:55 - [MESSAGE][PASSED] - Object 'Object Repository/Regression BackOffice/CLINK-17788/CaregiverDemographics' is present&#xD;
&#xD;
2019-09-19 12:04:55 - [TEST_STEP][PASSED] - click(findTestObject("Regression BackOffice/CLINK-17788/CaregiverDemographics")): Object: 'Object Repository/Regression BackOffice/CLINK-17788/CaregiverDemographics' is clicked on&#xD;
&#xD;
2019-09-19 12:04:56 - [MESSAGE][PASSED] - Object: 'Object Repository/Regression BackOffice/CLINK-17788/CaregiverDemographics' is clicked on&#xD;
&#xD;
2019-09-19 12:04:56 - [TEST_STEP][PASSED] - delay(2): Delayed 2 second(s)&#xD;
&#xD;
2019-09-19 12:04:58 - [MESSAGE][PASSED] - Delayed 2 second(s)&#xD;
&#xD;
2019-09-19 12:04:58 - [TEST_STEP][PASSED] - switchToDefaultContent(): null&#xD;
&#xD;
2019-09-19 12:04:58 - [TEST_STEP][PASSED] - switchToFrame(findTestObject("Regression BackOffice/CLNK-23449/FrameMain"), 30): null&#xD;
&#xD;
2019-09-19 12:04:58 - [TEST_STEP][PASSED] - waitForElementPresent(findTestObject("Regression BackOffice/CLINK-17788/LastNameSearch"), 50): Object 'Object Repository/Regression BackOffice/CLINK-17788/LastNameSearch' is present&#xD;
&#xD;
2019-09-19 12:04:58 - [MESSAGE][PASSED] - Object 'Object Repository/Regression BackOffice/CLINK-17788/LastNameSearch' is present&#xD;
&#xD;
2019-09-19 12:04:58 - [TEST_STEP][PASSED] - setText(findTestObject("Regression BackOffice/CLINK-17788/LastNameSearch"), G_CareGiverLastName): Text 'Setentilla' is set on object 'Object Repository/Regression BackOffice/CLINK-17788/LastNameSearch'&#xD;
&#xD;
2019-09-19 12:04:58 - [MESSAGE][PASSED] - Text 'Setentilla' is set on object 'Object Repository/Regression BackOffice/CLINK-17788/LastNameSearch'&#xD;
&#xD;
2019-09-19 12:04:58 - [TEST_STEP][PASSED] - delay(2): Delayed 2 second(s)&#xD;
&#xD;
2019-09-19 12:05:00 - [MESSAGE][PASSED] - Delayed 2 second(s)&#xD;
&#xD;
2019-09-19 12:05:00 - [TEST_STEP][PASSED] - waitForElementPresent(findTestObject("Regression BackOffice/CLINK-17788/SearchButton"), 50): Object 'Object Repository/Regression BackOffice/CLINK-17788/SearchButton' is present&#xD;
&#xD;
2019-09-19 12:05:00 - [MESSAGE][PASSED] - Object 'Object Repository/Regression BackOffice/CLINK-17788/SearchButton' is present&#xD;
&#xD;
2019-09-19 12:05:00 - [TEST_STEP][PASSED] - click(findTestObject("Regression BackOffice/CLINK-17788/SearchButton"), STOP_ON_FAILURE): Object: 'Object Repository/Regression BackOffice/CLINK-17788/SearchButton' is clicked on&#xD;
&#xD;
2019-09-19 12:05:01 - [MESSAGE][PASSED] - Object: 'Object Repository/Regression BackOffice/CLINK-17788/SearchButton' is clicked on&#xD;
&#xD;
2019-09-19 12:05:01 - [TEST_STEP][PASSED] - delay(2): Delayed 2 second(s)&#xD;
&#xD;
2019-09-19 12:05:03 - [MESSAGE][PASSED] - Delayed 2 second(s)&#xD;
&#xD;
2019-09-19 12:05:03 - [TEST_STEP][PASSED] - waitForElementPresent(findTestObject("Regression BackOffice/CLINK-17788/UserLink"), 50): Object 'Object Repository/Regression BackOffice/CLINK-17788/UserLink' is present&#xD;
&#xD;
2019-09-19 12:05:03 - [MESSAGE][PASSED] - Object 'Object Repository/Regression BackOffice/CLINK-17788/UserLink' is present&#xD;
&#xD;
2019-09-19 12:05:03 - [TEST_STEP][PASSED] - click(findTestObject("Regression BackOffice/CLINK-17788/UserLink"), STOP_ON_FAILURE): Object: 'Object Repository/Regression BackOffice/CLINK-17788/UserLink' is clicked on&#xD;
&#xD;
2019-09-19 12:05:06 - [MESSAGE][PASSED] - Object: 'Object Repository/Regression BackOffice/CLINK-17788/UserLink' is clicked on&#xD;
&#xD;
2019-09-19 12:05:06 - [TEST_STEP][PASSED] - delay(2): Delayed 2 second(s)&#xD;
&#xD;
2019-09-19 12:05:08 - [MESSAGE][PASSED] - Delayed 2 second(s)&#xD;
&#xD;
2019-09-19 12:05:08 - [TEST_STEP][PASSED] - scrollToElement(findTestObject("Regression BackOffice/CLINK-17788/OtherInformationSection"), 20): Scroll to object 'Object Repository/Regression BackOffice/CLINK-17788/OtherInformationSection' successfully&#xD;
&#xD;
2019-09-19 12:05:08 - [MESSAGE][PASSED] - Scroll to object 'Object Repository/Regression BackOffice/CLINK-17788/OtherInformationSection' successfully&#xD;
&#xD;
2019-09-19 12:05:08 - [TEST_STEP][PASSED] - waitForElementPresent(findTestObject("Regression BackOffice/CLINK-17788/YesCareManager"), 50): Object 'Object Repository/Regression BackOffice/CLINK-17788/YesCareManager' is present&#xD;
&#xD;
2019-09-19 12:05:08 - [MESSAGE][PASSED] - Object 'Object Repository/Regression BackOffice/CLINK-17788/YesCareManager' is present&#xD;
&#xD;
2019-09-19 12:05:08 - [TEST_STEP][PASSED] - click(findTestObject("Regression BackOffice/CLINK-17788/YesCareManager"), STOP_ON_FAILURE): Object: 'Object Repository/Regression BackOffice/CLINK-17788/YesCareManager' is clicked on&#xD;
&#xD;
2019-09-19 12:05:08 - [MESSAGE][PASSED] - Object: 'Object Repository/Regression BackOffice/CLINK-17788/YesCareManager' is clicked on&#xD;
&#xD;
2019-09-19 12:05:08 - [TEST_STEP][PASSED] - delay(2): Delayed 2 second(s)&#xD;
&#xD;
2019-09-19 12:05:10 - [MESSAGE][PASSED] - Delayed 2 second(s)&#xD;
&#xD;
2019-09-19 12:05:10 - [TEST_STEP][PASSED] - waitForElementPresent(findTestObject("Regression BackOffice/CLINK-17788/NoClinicalManager"), 50): Object 'Object Repository/Regression BackOffice/CLINK-17788/NoClinicalManager' is present&#xD;
&#xD;
2019-09-19 12:05:11 - [MESSAGE][PASSED] - Object 'Object Repository/Regression BackOffice/CLINK-17788/NoClinicalManager' is present&#xD;
&#xD;
2019-09-19 12:05:11 - [TEST_STEP][PASSED] - click(findTestObject("Regression BackOffice/CLINK-17788/NoClinicalManager"), STOP_ON_FAILURE): Object: 'Object Repository/Regression BackOffice/CLINK-17788/NoClinicalManager' is clicked on&#xD;
&#xD;
2019-09-19 12:05:11 - [MESSAGE][PASSED] - Object: 'Object Repository/Regression BackOffice/CLINK-17788/NoClinicalManager' is clicked on&#xD;
&#xD;
2019-09-19 12:05:11 - [TEST_STEP][PASSED] - switchToDefaultContent(): null&#xD;
&#xD;
2019-09-19 12:05:11 - [TEST_STEP][PASSED] - delay(2): Delayed 2 second(s)&#xD;
&#xD;
2019-09-19 12:05:13 - [MESSAGE][PASSED] - Delayed 2 second(s)&#xD;
&#xD;
2019-09-19 12:05:13 - [TEST_STEP][PASSED] - switchToFrame(findTestObject("Regression BackOffice/CLINK-17788/BannerFrame"), 30): null&#xD;
&#xD;
2019-09-19 12:05:13 - [TEST_STEP][PASSED] - waitForElementPresent(findTestObject("Regression BackOffice/CLINK-17788/SaveButton"), 50): Object 'Object Repository/Regression BackOffice/CLINK-17788/SaveButton' is present&#xD;
&#xD;
2019-09-19 12:05:13 - [MESSAGE][PASSED] - Object 'Object Repository/Regression BackOffice/CLINK-17788/SaveButton' is present&#xD;
&#xD;
2019-09-19 12:05:13 - [TEST_STEP][PASSED] - click(findTestObject("Regression BackOffice/CLINK-17788/SaveButton"), STOP_ON_FAILURE): Object: 'Object Repository/Regression BackOffice/CLINK-17788/SaveButton' is clicked on&#xD;
&#xD;
2019-09-19 12:05:17 - [MESSAGE][PASSED] - Object: 'Object Repository/Regression BackOffice/CLINK-17788/SaveButton' is clicked on&#xD;
&#xD;
2019-09-19 12:05:17 - [TEST_STEP][PASSED] - delay(2): Delayed 2 second(s)&#xD;
&#xD;
2019-09-19 12:05:19 - [MESSAGE][PASSED] - Delayed 2 second(s)&#xD;
&#xD;
2019-09-19 12:05:19 - [TEST_STEP][PASSED] - closeBrowser(): Browser is closed&#xD;
&#xD;
2019-09-19 12:05:19 - [MESSAGE][PASSED] - Browser is closed</system-out>
            <system-err></system-err>
        </testcase>
        <testcase name="Test Cases/Regression BackOffice (All Browsers)/CLNK-23450 - Back office Quick Intake Wizard Demographics" classname="Test Cases/Regression BackOffice (All Browsers)/CLNK-23450 - Back office Quick Intake Wizard Demographics" status="PASSED">
            <system-out>2019-09-19 12:05:21 - [TEST_CASE][PASSED] - Test Cases/Regression BackOffice (All Browsers)/CLNK-23450 - Back office Quick Intake Wizard Demographics: Test Cases/Regression BackOffice (All Browsers)/CLNK-23450 - Back office Quick Intake Wizard Demographics&#xD;
&#xD;
2019-09-19 12:05:22 - [TEST_STEP][PASSED] - callTestCase(findTestCase("Regression BackOffice (All Browsers)/CLNK-23439 - Clink - Back office Client"), [:], STOP_ON_FAILURE): Call Test Case 'Test Cases/Regression BackOffice (All Browsers)/CLNK-23439 - Clink - Back office Client' successfully&#xD;
&#xD;
2019-09-19 12:05:22 - [TEST_CASE][PASSED] - Test Cases/Regression BackOffice (All Browsers)/CLNK-23439 - Clink - Back office Client: Test Cases/Regression BackOffice (All Browsers)/CLNK-23439 - Clink - Back office Client&#xD;
&#xD;
2019-09-19 12:05:22 - [TEST_STEP][PASSED] - deleteAllCookies(): Delete all cookies successfully&#xD;
&#xD;
2019-09-19 12:05:22 - [MESSAGE][WARNING] - Cannot delete cookies because browser is closed&#xD;
&#xD;
2019-09-19 12:05:22 - [MESSAGE][PASSED] - Delete all cookies successfully&#xD;
&#xD;
2019-09-19 12:05:22 - [TEST_STEP][PASSED] - openBrowser(G_SiteBackOffice): Browser is opened with url: 'https://qanewpoc.continulink.com:8443/Backoffice/'&#xD;
&#xD;
2019-09-19 12:05:22 - [MESSAGE][INFO] - Starting 'Chrome' driver&#xD;
&#xD;
2019-09-19 12:05:29 - [MESSAGE][PASSED] - Browser is opened with url: 'https://qanewpoc.continulink.com:8443/Backoffice/'&#xD;
&#xD;
2019-09-19 12:05:29 - [TEST_STEP][PASSED] - waitForPageLoad(60): Wait for page load successfully&#xD;
&#xD;
2019-09-19 12:05:29 - [MESSAGE][PASSED] - Wait for page load successfully&#xD;
&#xD;
2019-09-19 12:05:29 - [TEST_STEP][PASSED] - maximizeWindow(): Current window maximized&#xD;
&#xD;
2019-09-19 12:05:33 - [MESSAGE][PASSED] - Current window maximized&#xD;
&#xD;
2019-09-19 12:05:33 - [TEST_STEP][PASSED] - setText(findTestObject("Regression BackOffice/Login/UserBackOffice"), G_UserBackOffice): Text 'automation_admin' is set on object 'Object Repository/Regression BackOffice/Login/UserBackOffice'&#xD;
&#xD;
2019-09-19 12:05:33 - [MESSAGE][PASSED] - Text 'automation_admin' is set on object 'Object Repository/Regression BackOffice/Login/UserBackOffice'&#xD;
&#xD;
2019-09-19 12:05:33 - [TEST_STEP][PASSED] - setText(findTestObject("Regression BackOffice/Login/PasswordBackOffice"), G_PasswordBackOffice): Text 'qwerty' is set on object 'Object Repository/Regression BackOffice/Login/PasswordBackOffice'&#xD;
&#xD;
2019-09-19 12:05:34 - [MESSAGE][PASSED] - Text 'qwerty' is set on object 'Object Repository/Regression BackOffice/Login/PasswordBackOffice'&#xD;
&#xD;
2019-09-19 12:05:34 - [TEST_STEP][PASSED] - click(findTestObject("Regression BackOffice/Login/LoginBackOffice")): Object: 'Object Repository/Regression BackOffice/Login/LoginBackOffice' is clicked on&#xD;
&#xD;
2019-09-19 12:05:38 - [MESSAGE][PASSED] - Object: 'Object Repository/Regression BackOffice/Login/LoginBackOffice' is clicked on&#xD;
&#xD;
2019-09-19 12:05:38 - [TEST_STEP][PASSED] - waitForPageLoad(60): Wait for page load successfully&#xD;
&#xD;
2019-09-19 12:05:38 - [MESSAGE][PASSED] - Wait for page load successfully&#xD;
&#xD;
2019-09-19 12:05:38 - [TEST_STEP][PASSED] - delay(2): Delayed 2 second(s)&#xD;
&#xD;
2019-09-19 12:05:40 - [MESSAGE][PASSED] - Delayed 2 second(s)&#xD;
&#xD;
2019-09-19 12:05:40 - [TEST_STEP][PASSED] - switchToFrame(findTestObject("Regression BackOffice/CLINK-Frames/FrameFrameLeft"), 5, STOP_ON_FAILURE): null&#xD;
&#xD;
2019-09-19 12:05:40 - [TEST_STEP][PASSED] - delay(2): Delayed 2 second(s)&#xD;
&#xD;
2019-09-19 12:05:42 - [MESSAGE][PASSED] - Delayed 2 second(s)&#xD;
&#xD;
2019-09-19 12:05:42 - [TEST_STEP][PASSED] - waitForElementPresent(findTestObject("Regression BackOffice/CLINK-Frames/ClientIntake"), 50): Object 'Object Repository/Regression BackOffice/CLINK-Frames/ClientIntake' is present&#xD;
&#xD;
2019-09-19 12:05:42 - [MESSAGE][PASSED] - Object 'Object Repository/Regression BackOffice/CLINK-Frames/ClientIntake' is present&#xD;
&#xD;
2019-09-19 12:05:42 - [TEST_STEP][PASSED] - verifyElementPresent(findTestObject("Regression BackOffice/CLINK-Frames/ClientIntake"), 100, STOP_ON_FAILURE): Object 'Object Repository/Regression BackOffice/CLINK-Frames/ClientIntake' is present&#xD;
&#xD;
2019-09-19 12:05:42 - [MESSAGE][PASSED] - Object 'Object Repository/Regression BackOffice/CLINK-Frames/ClientIntake' is present&#xD;
&#xD;
2019-09-19 12:05:42 - [TEST_STEP][PASSED] - switchToDefaultContent(): null&#xD;
&#xD;
2019-09-19 12:05:42 - [MESSAGE][PASSED] - Call Test Case 'Test Cases/Regression BackOffice (All Browsers)/CLNK-23439 - Clink - Back office Client' successfully&#xD;
&#xD;
2019-09-19 12:05:42 - [TEST_STEP][PASSED] - waitForPageLoad(60): Wait for page load successfully&#xD;
&#xD;
2019-09-19 12:05:42 - [MESSAGE][PASSED] - Wait for page load successfully&#xD;
&#xD;
2019-09-19 12:05:42 - [TEST_STEP][PASSED] - delay(3): Delayed 3 second(s)&#xD;
&#xD;
2019-09-19 12:05:45 - [MESSAGE][PASSED] - Delayed 3 second(s)&#xD;
&#xD;
2019-09-19 12:05:45 - [TEST_STEP][PASSED] - switchToFrame(findTestObject("Regression BackOffice/CLNK-23449/FrameLeft"), 30): null&#xD;
&#xD;
2019-09-19 12:05:45 - [TEST_STEP][PASSED] - waitForElementPresent(findTestObject("Regression BackOffice/CLINK-23450/ClientIntakeLink"), 100): Object 'Object Repository/Regression BackOffice/CLINK-23450/ClientIntakeLink' is present&#xD;
&#xD;
2019-09-19 12:05:45 - [MESSAGE][PASSED] - Object 'Object Repository/Regression BackOffice/CLINK-23450/ClientIntakeLink' is present&#xD;
&#xD;
2019-09-19 12:05:45 - [TEST_STEP][PASSED] - click(findTestObject("Regression BackOffice/CLINK-23450/ClientIntakeLink")): Object: 'Object Repository/Regression BackOffice/CLINK-23450/ClientIntakeLink' is clicked on&#xD;
&#xD;
2019-09-19 12:05:46 - [MESSAGE][PASSED] - Object: 'Object Repository/Regression BackOffice/CLINK-23450/ClientIntakeLink' is clicked on&#xD;
&#xD;
2019-09-19 12:05:46 - [TEST_STEP][PASSED] - delay(2): Delayed 2 second(s)&#xD;
&#xD;
2019-09-19 12:05:48 - [MESSAGE][PASSED] - Delayed 2 second(s)&#xD;
&#xD;
2019-09-19 12:05:48 - [TEST_STEP][PASSED] - waitForPageLoad(50): Wait for page load successfully&#xD;
&#xD;
2019-09-19 12:05:48 - [MESSAGE][PASSED] - Wait for page load successfully&#xD;
&#xD;
2019-09-19 12:05:48 - [TEST_STEP][PASSED] - waitForElementPresent(findTestObject("Regression BackOffice/CLINK-23450/Client Demographics"), 50): Object 'Object Repository/Regression BackOffice/CLINK-23450/Client Demographics' is present&#xD;
&#xD;
2019-09-19 12:05:48 - [MESSAGE][PASSED] - Object 'Object Repository/Regression BackOffice/CLINK-23450/Client Demographics' is present&#xD;
&#xD;
2019-09-19 12:05:48 - [TEST_STEP][PASSED] - click(findTestObject("Regression BackOffice/CLINK-23450/Client Demographics")): Object: 'Object Repository/Regression BackOffice/CLINK-23450/Client Demographics' is clicked on&#xD;
&#xD;
2019-09-19 12:05:49 - [MESSAGE][PASSED] - Object: 'Object Repository/Regression BackOffice/CLINK-23450/Client Demographics' is clicked on&#xD;
&#xD;
2019-09-19 12:05:49 - [TEST_STEP][PASSED] - delay(2): Delayed 2 second(s)&#xD;
&#xD;
2019-09-19 12:05:51 - [MESSAGE][PASSED] - Delayed 2 second(s)&#xD;
&#xD;
2019-09-19 12:05:51 - [TEST_STEP][PASSED] - switchToDefaultContent(): null&#xD;
&#xD;
2019-09-19 12:05:51 - [TEST_STEP][PASSED] - switchToFrame(findTestObject("Regression BackOffice/CLNK-23449/FrameMain"), 30): null&#xD;
&#xD;
2019-09-19 12:05:51 - [TEST_STEP][PASSED] - waitForElementPresent(findTestObject("Regression BackOffice/CLNK-10235/FirstNameSearch"), 50): Object 'Object Repository/Regression BackOffice/CLNK-10235/FirstNameSearch' is present&#xD;
&#xD;
2019-09-19 12:05:51 - [MESSAGE][PASSED] - Object 'Object Repository/Regression BackOffice/CLNK-10235/FirstNameSearch' is present&#xD;
&#xD;
2019-09-19 12:05:51 - [TEST_STEP][PASSED] - setText(findTestObject("Regression BackOffice/CLNK-10235/FirstNameSearch"), G_ClientFirstName): Text 'Ernest' is set on object 'Object Repository/Regression BackOffice/CLNK-10235/FirstNameSearch'&#xD;
&#xD;
2019-09-19 12:05:51 - [MESSAGE][PASSED] - Text 'Ernest' is set on object 'Object Repository/Regression BackOffice/CLNK-10235/FirstNameSearch'&#xD;
&#xD;
2019-09-19 12:05:51 - [TEST_STEP][PASSED] - delay(2): Delayed 2 second(s)&#xD;
&#xD;
2019-09-19 12:05:53 - [MESSAGE][PASSED] - Delayed 2 second(s)&#xD;
&#xD;
2019-09-19 12:05:53 - [TEST_STEP][PASSED] - waitForElementPresent(findTestObject("Regression BackOffice/CLINK-23450/LastNameDemo"), 50): Object 'Object Repository/Regression BackOffice/CLINK-23450/LastNameDemo' is present&#xD;
&#xD;
2019-09-19 12:05:53 - [MESSAGE][PASSED] - Object 'Object Repository/Regression BackOffice/CLINK-23450/LastNameDemo' is present&#xD;
&#xD;
2019-09-19 12:05:53 - [TEST_STEP][PASSED] - setText(findTestObject("Regression BackOffice/CLINK-23450/LastNameDemo"), G_ClientLastName): Text 'Ernesky' is set on object 'Object Repository/Regression BackOffice/CLINK-23450/LastNameDemo'&#xD;
&#xD;
2019-09-19 12:05:53 - [MESSAGE][PASSED] - Text 'Ernesky' is set on object 'Object Repository/Regression BackOffice/CLINK-23450/LastNameDemo'&#xD;
&#xD;
2019-09-19 12:05:53 - [TEST_STEP][PASSED] - delay(2): Delayed 2 second(s)&#xD;
&#xD;
2019-09-19 12:05:55 - [MESSAGE][PASSED] - Delayed 2 second(s)&#xD;
&#xD;
2019-09-19 12:05:55 - [TEST_STEP][PASSED] - waitForElementPresent(findTestObject("Regression BackOffice/CLINK-23450/btnSearch"), 50): Object 'Object Repository/Regression BackOffice/CLINK-23450/btnSearch' is present&#xD;
&#xD;
2019-09-19 12:05:55 - [MESSAGE][PASSED] - Object 'Object Repository/Regression BackOffice/CLINK-23450/btnSearch' is present&#xD;
&#xD;
2019-09-19 12:05:55 - [TEST_STEP][PASSED] - click(findTestObject("Regression BackOffice/CLINK-23450/btnSearch"), STOP_ON_FAILURE): Object: 'Object Repository/Regression BackOffice/CLINK-23450/btnSearch' is clicked on&#xD;
&#xD;
2019-09-19 12:05:56 - [MESSAGE][PASSED] - Object: 'Object Repository/Regression BackOffice/CLINK-23450/btnSearch' is clicked on&#xD;
&#xD;
2019-09-19 12:05:56 - [TEST_STEP][PASSED] - delay(2): Delayed 2 second(s)&#xD;
&#xD;
2019-09-19 12:05:58 - [MESSAGE][PASSED] - Delayed 2 second(s)&#xD;
&#xD;
2019-09-19 12:05:58 - [TEST_STEP][PASSED] - waitForElementPresent(findTestObject("Regression BackOffice/CLINK-23450/ClientLinkDemo"), 50): Object 'Object Repository/Regression BackOffice/CLINK-23450/ClientLinkDemo' is present&#xD;
&#xD;
2019-09-19 12:05:58 - [MESSAGE][PASSED] - Object 'Object Repository/Regression BackOffice/CLINK-23450/ClientLinkDemo' is present&#xD;
&#xD;
2019-09-19 12:05:58 - [TEST_STEP][PASSED] - click(findTestObject("Regression BackOffice/CLINK-23450/ClientLinkDemo"), STOP_ON_FAILURE): Object: 'Object Repository/Regression BackOffice/CLINK-23450/ClientLinkDemo' is clicked on&#xD;
&#xD;
2019-09-19 12:06:01 - [MESSAGE][PASSED] - Object: 'Object Repository/Regression BackOffice/CLINK-23450/ClientLinkDemo' is clicked on&#xD;
&#xD;
2019-09-19 12:06:01 - [TEST_STEP][PASSED] - delay(2): Delayed 2 second(s)&#xD;
&#xD;
2019-09-19 12:06:03 - [MESSAGE][PASSED] - Delayed 2 second(s)&#xD;
&#xD;
2019-09-19 12:06:03 - [TEST_STEP][PASSED] - waitForElementPresent(findTestObject("Regression BackOffice/CLINK-23450/ClientNotes"), 50): Object 'Object Repository/Regression BackOffice/CLINK-23450/ClientNotes' is present&#xD;
&#xD;
2019-09-19 12:06:03 - [MESSAGE][PASSED] - Object 'Object Repository/Regression BackOffice/CLINK-23450/ClientNotes' is present&#xD;
&#xD;
2019-09-19 12:06:03 - [TEST_STEP][PASSED] - setText(findTestObject("Regression BackOffice/CLINK-23450/ClientNotes"), "Client Notes"): Text 'Client Notes' is set on object 'Object Repository/Regression BackOffice/CLINK-23450/ClientNotes'&#xD;
&#xD;
2019-09-19 12:06:03 - [MESSAGE][PASSED] - Text 'Client Notes' is set on object 'Object Repository/Regression BackOffice/CLINK-23450/ClientNotes'&#xD;
&#xD;
2019-09-19 12:06:03 - [TEST_STEP][PASSED] - delay(2): Delayed 2 second(s)&#xD;
&#xD;
2019-09-19 12:06:05 - [MESSAGE][PASSED] - Delayed 2 second(s)&#xD;
&#xD;
2019-09-19 12:06:05 - [TEST_STEP][PASSED] - waitForElementPresent(findTestObject("Regression BackOffice/CLINK-23450/Email"), 50): Object 'Object Repository/Regression BackOffice/CLINK-23450/Email' is present&#xD;
&#xD;
2019-09-19 12:06:05 - [MESSAGE][PASSED] - Object 'Object Repository/Regression BackOffice/CLINK-23450/Email' is present&#xD;
&#xD;
2019-09-19 12:06:05 - [TEST_STEP][PASSED] - setText(findTestObject("Regression BackOffice/CLINK-23450/Email"), "isaac.malamud@gmail.com"): Text 'isaac.malamud@gmail.com' is set on object 'Object Repository/Regression BackOffice/CLINK-23450/Email'&#xD;
&#xD;
2019-09-19 12:06:05 - [MESSAGE][PASSED] - Text 'isaac.malamud@gmail.com' is set on object 'Object Repository/Regression BackOffice/CLINK-23450/Email'&#xD;
&#xD;
2019-09-19 12:06:05 - [TEST_STEP][PASSED] - delay(2): Delayed 2 second(s)&#xD;
&#xD;
2019-09-19 12:06:08 - [MESSAGE][PASSED] - Delayed 2 second(s)&#xD;
&#xD;
2019-09-19 12:06:08 - [TEST_STEP][PASSED] - waitForElementPresent(findTestObject("Regression BackOffice/CLINK-23450/MiddleName"), 50): Object 'Object Repository/Regression BackOffice/CLINK-23450/MiddleName' is present&#xD;
&#xD;
2019-09-19 12:06:08 - [MESSAGE][PASSED] - Object 'Object Repository/Regression BackOffice/CLINK-23450/MiddleName' is present&#xD;
&#xD;
2019-09-19 12:06:08 - [TEST_STEP][PASSED] - setText(findTestObject("Regression BackOffice/CLINK-23450/MiddleName"), "M"): Text 'M' is set on object 'Object Repository/Regression BackOffice/CLINK-23450/MiddleName'&#xD;
&#xD;
2019-09-19 12:06:08 - [MESSAGE][PASSED] - Text 'M' is set on object 'Object Repository/Regression BackOffice/CLINK-23450/MiddleName'&#xD;
&#xD;
2019-09-19 12:06:08 - [TEST_STEP][PASSED] - delay(2): Delayed 2 second(s)&#xD;
&#xD;
2019-09-19 12:06:10 - [MESSAGE][PASSED] - Delayed 2 second(s)&#xD;
&#xD;
2019-09-19 12:06:10 - [TEST_STEP][PASSED] - waitForElementPresent(findTestObject("Regression BackOffice/CLINK-23450/Suffix"), 50): Object 'Object Repository/Regression BackOffice/CLINK-23450/Suffix' is present&#xD;
&#xD;
2019-09-19 12:06:10 - [MESSAGE][PASSED] - Object 'Object Repository/Regression BackOffice/CLINK-23450/Suffix' is present&#xD;
&#xD;
2019-09-19 12:06:10 - [TEST_STEP][PASSED] - setText(findTestObject("Regression BackOffice/CLINK-23450/Suffix"), "Sr"): Text 'Sr' is set on object 'Object Repository/Regression BackOffice/CLINK-23450/Suffix'&#xD;
&#xD;
2019-09-19 12:06:10 - [MESSAGE][PASSED] - Text 'Sr' is set on object 'Object Repository/Regression BackOffice/CLINK-23450/Suffix'&#xD;
&#xD;
2019-09-19 12:06:10 - [TEST_STEP][PASSED] - delay(2): Delayed 2 second(s)&#xD;
&#xD;
2019-09-19 12:06:12 - [MESSAGE][PASSED] - Delayed 2 second(s)&#xD;
&#xD;
2019-09-19 12:06:12 - [TEST_STEP][PASSED] - scrollToElement(findTestObject("Regression BackOffice/CLINK-23450/Timezone"), 50): Scroll to object 'Object Repository/Regression BackOffice/CLINK-23450/Timezone' successfully&#xD;
&#xD;
2019-09-19 12:06:12 - [MESSAGE][PASSED] - Scroll to object 'Object Repository/Regression BackOffice/CLINK-23450/Timezone' successfully&#xD;
&#xD;
2019-09-19 12:06:12 - [TEST_STEP][PASSED] - click(findTestObject("Regression BackOffice/CLINK-23450/Timezone"), OPTIONAL): Object: 'Object Repository/Regression BackOffice/CLINK-23450/Timezone' is clicked on&#xD;
&#xD;
2019-09-19 12:06:12 - [MESSAGE][PASSED] - Object: 'Object Repository/Regression BackOffice/CLINK-23450/Timezone' is clicked on&#xD;
&#xD;
2019-09-19 12:06:12 - [TEST_STEP][PASSED] - sendKeys(findTestObject("Regression BackOffice/CLINK-23450/Timezone"), Keys.chord(ARROW_DOWN, ARROW_DOWN, ARROW_DOWN, ENTER)): Keys 'DOWN + DOWN + DOWN + ENTER + ' sent to object: 'Object Repository/Regression BackOffice/CLINK-23450/Timezone'&#xD;
&#xD;
2019-09-19 12:06:13 - [MESSAGE][PASSED] - Keys 'DOWN + DOWN + DOWN + ENTER + ' sent to object: 'Object Repository/Regression BackOffice/CLINK-23450/Timezone'&#xD;
&#xD;
2019-09-19 12:06:13 - [TEST_STEP][PASSED] - delay(2): Delayed 2 second(s)&#xD;
&#xD;
2019-09-19 12:06:15 - [MESSAGE][PASSED] - Delayed 2 second(s)&#xD;
&#xD;
2019-09-19 12:06:15 - [TEST_STEP][PASSED] - switchToDefaultContent(): null&#xD;
&#xD;
2019-09-19 12:06:15 - [TEST_STEP][PASSED] - switchToFrame(findTestObject("Regression BackOffice/CLINK-23444/BannerFrameAtt"), 30): null&#xD;
&#xD;
2019-09-19 12:06:15 - [TEST_STEP][PASSED] - waitForElementPresent(findTestObject("Regression BackOffice/CLINK-23450/btnSaveDemo"), 50): Object 'Object Repository/Regression BackOffice/CLINK-23450/btnSaveDemo' is present&#xD;
&#xD;
2019-09-19 12:06:15 - [MESSAGE][PASSED] - Object 'Object Repository/Regression BackOffice/CLINK-23450/btnSaveDemo' is present&#xD;
&#xD;
2019-09-19 12:06:15 - [TEST_STEP][PASSED] - click(findTestObject("Regression BackOffice/CLINK-23450/btnSaveDemo")): Object: 'Object Repository/Regression BackOffice/CLINK-23450/btnSaveDemo' is clicked on&#xD;
&#xD;
2019-09-19 12:06:19 - [MESSAGE][PASSED] - Object: 'Object Repository/Regression BackOffice/CLINK-23450/btnSaveDemo' is clicked on&#xD;
&#xD;
2019-09-19 12:06:19 - [TEST_STEP][PASSED] - delay(2): Delayed 2 second(s)&#xD;
&#xD;
2019-09-19 12:06:21 - [MESSAGE][PASSED] - Delayed 2 second(s)&#xD;
&#xD;
2019-09-19 12:06:21 - [TEST_STEP][PASSED] - closeBrowser(): Browser is closed&#xD;
&#xD;
2019-09-19 12:06:22 - [MESSAGE][PASSED] - Browser is closed</system-out>
            <system-err></system-err>
        </testcase>
        <testcase name="Test Cases/Regression BackOffice (All Browsers)/CLNK-23451 - Back office Quick Intake Wizard Payer" classname="Test Cases/Regression BackOffice (All Browsers)/CLNK-23451 - Back office Quick Intake Wizard Payer" status="PASSED">
            <system-out>2019-09-19 12:06:24 - [TEST_CASE][PASSED] - Test Cases/Regression BackOffice (All Browsers)/CLNK-23451 - Back office Quick Intake Wizard Payer: Test Cases/Regression BackOffice (All Browsers)/CLNK-23451 - Back office Quick Intake Wizard Payer&#xD;
&#xD;
2019-09-19 12:06:25 - [TEST_STEP][PASSED] - callTestCase(findTestCase("Regression BackOffice (All Browsers)/CLNK-23439 - Clink - Back office Client"), [:], STOP_ON_FAILURE): Call Test Case 'Test Cases/Regression BackOffice (All Browsers)/CLNK-23439 - Clink - Back office Client' successfully&#xD;
&#xD;
2019-09-19 12:06:25 - [TEST_CASE][PASSED] - Test Cases/Regression BackOffice (All Browsers)/CLNK-23439 - Clink - Back office Client: Test Cases/Regression BackOffice (All Browsers)/CLNK-23439 - Clink - Back office Client&#xD;
&#xD;
2019-09-19 12:06:25 - [TEST_STEP][PASSED] - deleteAllCookies(): Delete all cookies successfully&#xD;
&#xD;
2019-09-19 12:06:25 - [MESSAGE][WARNING] - Cannot delete cookies because browser is closed&#xD;
&#xD;
2019-09-19 12:06:25 - [MESSAGE][PASSED] - Delete all cookies successfully&#xD;
&#xD;
2019-09-19 12:06:25 - [TEST_STEP][PASSED] - openBrowser(G_SiteBackOffice): Browser is opened with url: 'https://qanewpoc.continulink.com:8443/Backoffice/'&#xD;
&#xD;
2019-09-19 12:06:25 - [MESSAGE][INFO] - Starting 'Chrome' driver&#xD;
&#xD;
2019-09-19 12:06:32 - [MESSAGE][PASSED] - Browser is opened with url: 'https://qanewpoc.continulink.com:8443/Backoffice/'&#xD;
&#xD;
2019-09-19 12:06:32 - [TEST_STEP][PASSED] - waitForPageLoad(60): Wait for page load successfully&#xD;
&#xD;
2019-09-19 12:06:32 - [MESSAGE][PASSED] - Wait for page load successfully&#xD;
&#xD;
2019-09-19 12:06:32 - [TEST_STEP][PASSED] - maximizeWindow(): Current window maximized&#xD;
&#xD;
2019-09-19 12:06:36 - [MESSAGE][PASSED] - Current window maximized&#xD;
&#xD;
2019-09-19 12:06:36 - [TEST_STEP][PASSED] - setText(findTestObject("Regression BackOffice/Login/UserBackOffice"), G_UserBackOffice): Text 'automation_admin' is set on object 'Object Repository/Regression BackOffice/Login/UserBackOffice'&#xD;
&#xD;
2019-09-19 12:06:36 - [MESSAGE][PASSED] - Text 'automation_admin' is set on object 'Object Repository/Regression BackOffice/Login/UserBackOffice'&#xD;
&#xD;
2019-09-19 12:06:36 - [TEST_STEP][PASSED] - setText(findTestObject("Regression BackOffice/Login/PasswordBackOffice"), G_PasswordBackOffice): Text 'qwerty' is set on object 'Object Repository/Regression BackOffice/Login/PasswordBackOffice'&#xD;
&#xD;
2019-09-19 12:06:37 - [MESSAGE][PASSED] - Text 'qwerty' is set on object 'Object Repository/Regression BackOffice/Login/PasswordBackOffice'&#xD;
&#xD;
2019-09-19 12:06:37 - [TEST_STEP][PASSED] - click(findTestObject("Regression BackOffice/Login/LoginBackOffice")): Object: 'Object Repository/Regression BackOffice/Login/LoginBackOffice' is clicked on&#xD;
&#xD;
2019-09-19 12:06:41 - [MESSAGE][PASSED] - Object: 'Object Repository/Regression BackOffice/Login/LoginBackOffice' is clicked on&#xD;
&#xD;
2019-09-19 12:06:41 - [TEST_STEP][PASSED] - waitForPageLoad(60): Wait for page load successfully&#xD;
&#xD;
2019-09-19 12:06:41 - [MESSAGE][PASSED] - Wait for page load successfully&#xD;
&#xD;
2019-09-19 12:06:41 - [TEST_STEP][PASSED] - delay(2): Delayed 2 second(s)&#xD;
&#xD;
2019-09-19 12:06:43 - [MESSAGE][PASSED] - Delayed 2 second(s)&#xD;
&#xD;
2019-09-19 12:06:43 - [TEST_STEP][PASSED] - switchToFrame(findTestObject("Regression BackOffice/CLINK-Frames/FrameFrameLeft"), 5, STOP_ON_FAILURE): null&#xD;
&#xD;
2019-09-19 12:06:43 - [TEST_STEP][PASSED] - delay(2): Delayed 2 second(s)&#xD;
&#xD;
2019-09-19 12:06:45 - [MESSAGE][PASSED] - Delayed 2 second(s)&#xD;
&#xD;
2019-09-19 12:06:45 - [TEST_STEP][PASSED] - waitForElementPresent(findTestObject("Regression BackOffice/CLINK-Frames/ClientIntake"), 50): Object 'Object Repository/Regression BackOffice/CLINK-Frames/ClientIntake' is present&#xD;
&#xD;
2019-09-19 12:06:45 - [MESSAGE][PASSED] - Object 'Object Repository/Regression BackOffice/CLINK-Frames/ClientIntake' is present&#xD;
&#xD;
2019-09-19 12:06:45 - [TEST_STEP][PASSED] - verifyElementPresent(findTestObject("Regression BackOffice/CLINK-Frames/ClientIntake"), 100, STOP_ON_FAILURE): Object 'Object Repository/Regression BackOffice/CLINK-Frames/ClientIntake' is present&#xD;
&#xD;
2019-09-19 12:06:45 - [MESSAGE][PASSED] - Object 'Object Repository/Regression BackOffice/CLINK-Frames/ClientIntake' is present&#xD;
&#xD;
2019-09-19 12:06:45 - [TEST_STEP][PASSED] - switchToDefaultContent(): null&#xD;
&#xD;
2019-09-19 12:06:45 - [MESSAGE][PASSED] - Call Test Case 'Test Cases/Regression BackOffice (All Browsers)/CLNK-23439 - Clink - Back office Client' successfully&#xD;
&#xD;
2019-09-19 12:06:45 - [TEST_STEP][PASSED] - waitForPageLoad(60): Wait for page load successfully&#xD;
&#xD;
2019-09-19 12:06:45 - [MESSAGE][PASSED] - Wait for page load successfully&#xD;
&#xD;
2019-09-19 12:06:45 - [TEST_STEP][PASSED] - delay(3): Delayed 3 second(s)&#xD;
&#xD;
2019-09-19 12:06:48 - [MESSAGE][PASSED] - Delayed 3 second(s)&#xD;
&#xD;
2019-09-19 12:06:48 - [TEST_STEP][PASSED] - switchToFrame(findTestObject("Regression BackOffice/CLNK-23449/FrameLeft"), 30): null&#xD;
&#xD;
2019-09-19 12:06:49 - [TEST_STEP][PASSED] - waitForElementPresent(findTestObject("Regression BackOffice/CLNK-23449/ClienIntakeICon"), 100): Object 'Object Repository/Regression BackOffice/CLNK-23449/ClienIntakeICon' is present&#xD;
&#xD;
2019-09-19 12:06:49 - [MESSAGE][PASSED] - Object 'Object Repository/Regression BackOffice/CLNK-23449/ClienIntakeICon' is present&#xD;
&#xD;
2019-09-19 12:06:49 - [TEST_STEP][PASSED] - click(findTestObject("Regression BackOffice/CLNK-23449/ClienIntakeICon")): Object: 'Object Repository/Regression BackOffice/CLNK-23449/ClienIntakeICon' is clicked on&#xD;
&#xD;
2019-09-19 12:06:49 - [MESSAGE][PASSED] - Object: 'Object Repository/Regression BackOffice/CLNK-23449/ClienIntakeICon' is clicked on&#xD;
&#xD;
2019-09-19 12:06:49 - [TEST_STEP][PASSED] - delay(2): Delayed 2 second(s)&#xD;
&#xD;
2019-09-19 12:06:51 - [MESSAGE][PASSED] - Delayed 2 second(s)&#xD;
&#xD;
2019-09-19 12:06:51 - [TEST_STEP][PASSED] - waitForPageLoad(50): Wait for page load successfully&#xD;
&#xD;
2019-09-19 12:06:51 - [MESSAGE][PASSED] - Wait for page load successfully&#xD;
&#xD;
2019-09-19 12:06:51 - [TEST_STEP][PASSED] - waitForElementPresent(findTestObject("Regression BackOffice/CLNK-23449/Quick Intake Wizard Link"), 50): Object 'Object Repository/Regression BackOffice/CLNK-23449/Quick Intake Wizard Link' is present&#xD;
&#xD;
2019-09-19 12:06:51 - [MESSAGE][PASSED] - Object 'Object Repository/Regression BackOffice/CLNK-23449/Quick Intake Wizard Link' is present&#xD;
&#xD;
2019-09-19 12:06:51 - [TEST_STEP][PASSED] - click(findTestObject("Regression BackOffice/CLNK-23449/Quick Intake Wizard Link")): Object: 'Object Repository/Regression BackOffice/CLNK-23449/Quick Intake Wizard Link' is clicked on&#xD;
&#xD;
2019-09-19 12:06:53 - [MESSAGE][PASSED] - Object: 'Object Repository/Regression BackOffice/CLNK-23449/Quick Intake Wizard Link' is clicked on&#xD;
&#xD;
2019-09-19 12:06:53 - [TEST_STEP][PASSED] - delay(2): Delayed 2 second(s)&#xD;
&#xD;
2019-09-19 12:06:55 - [MESSAGE][PASSED] - Delayed 2 second(s)&#xD;
&#xD;
2019-09-19 12:06:55 - [TEST_STEP][PASSED] - switchToDefaultContent(): null&#xD;
&#xD;
2019-09-19 12:06:55 - [TEST_STEP][PASSED] - switchToFrame(findTestObject("Regression BackOffice/CLNK-23449/FrameMain"), 30): null&#xD;
&#xD;
2019-09-19 12:06:55 - [TEST_STEP][PASSED] - waitForElementPresent(findTestObject("Regression BackOffice/CLNK-23449/New Referral Button"), 50): Object 'Object Repository/Regression BackOffice/CLNK-23449/New Referral Button' is present&#xD;
&#xD;
2019-09-19 12:06:55 - [MESSAGE][PASSED] - Object 'Object Repository/Regression BackOffice/CLNK-23449/New Referral Button' is present&#xD;
&#xD;
2019-09-19 12:06:55 - [TEST_STEP][PASSED] - click(findTestObject("Regression BackOffice/CLNK-23449/New Referral Button")): Object: 'Object Repository/Regression BackOffice/CLNK-23449/New Referral Button' is clicked on&#xD;
&#xD;
2019-09-19 12:06:56 - [MESSAGE][PASSED] - Object: 'Object Repository/Regression BackOffice/CLNK-23449/New Referral Button' is clicked on&#xD;
&#xD;
2019-09-19 12:06:56 - [TEST_STEP][PASSED] - waitForPageLoad(50): Wait for page load successfully&#xD;
&#xD;
2019-09-19 12:06:56 - [MESSAGE][PASSED] - Wait for page load successfully&#xD;
&#xD;
2019-09-19 12:06:56 - [TEST_STEP][PASSED] - delay(2): Delayed 2 second(s)&#xD;
&#xD;
2019-09-19 12:06:58 - [MESSAGE][PASSED] - Delayed 2 second(s)&#xD;
&#xD;
2019-09-19 12:06:58 - [TEST_STEP][PASSED] - waitForElementPresent(findTestObject("Regression BackOffice/CLNK-23449/ReferralType - Option2"), 50): Object 'Object Repository/Regression BackOffice/CLNK-23449/ReferralType - Option2' is present&#xD;
&#xD;
2019-09-19 12:06:58 - [MESSAGE][PASSED] - Object 'Object Repository/Regression BackOffice/CLNK-23449/ReferralType - Option2' is present&#xD;
&#xD;
2019-09-19 12:06:58 - [TEST_STEP][PASSED] - focus(findTestObject("Regression BackOffice/CLNK-23449/ReferralType - Option2")): Unable to focus on object 'Object Repository/Regression BackOffice/CLNK-23449/ReferralType - Option2' (Root cause: com.kms.katalon.core.exception.StepFailedException: Unable to focus on object 'Object Repository/Regression BackOffice/CLNK-23449/ReferralType - Option2'&#xD;
	at com.kms.katalon.core.webui.keyword.internal.WebUIKeywordMain.stepFailed(WebUIKeywordMain.groovy:64)&#xD;
	at com.kms.katalon.core.webui.keyword.internal.WebUIKeywordMain.runKeyword(WebUIKeywordMain.groovy:26)&#xD;
	at com.kms.katalon.core.webui.keyword.builtin.FocusKeyword.focus(FocusKeyword.groovy:90)&#xD;
	at com.kms.katalon.core.webui.keyword.builtin.FocusKeyword.execute(FocusKeyword.groovy:67)&#xD;
	at com.kms.katalon.core.keyword.internal.KeywordExecutor.executeKeywordForPlatform(KeywordExecutor.groovy:56)&#xD;
	at com.kms.katalon.core.webui.keyword.WebUiBuiltInKeywords.focus(WebUiBuiltInKeywords.groovy:859)&#xD;
	at com.kms.katalon.core.webui.keyword.WebUiBuiltInKeywords$focus$10.call(Unknown Source)&#xD;
	at CLNK-23451 - Back office Quick Intake Wizard Payer.run(CLNK-23451 - Back office Quick Intake Wizard Payer:53)&#xD;
	at com.kms.katalon.core.main.ScriptEngine.run(ScriptEngine.java:194)&#xD;
	at com.kms.katalon.core.main.ScriptEngine.runScriptAsRawText(ScriptEngine.java:119)&#xD;
	at com.kms.katalon.core.main.TestCaseExecutor.runScript(TestCaseExecutor.java:337)&#xD;
	at com.kms.katalon.core.main.TestCaseExecutor.doExecute(TestCaseExecutor.java:328)&#xD;
	at com.kms.katalon.core.main.TestCaseExecutor.processExecutionPhase(TestCaseExecutor.java:307)&#xD;
	at com.kms.katalon.core.main.TestCaseExecutor.accessMainPhase(TestCaseExecutor.java:299)&#xD;
	at com.kms.katalon.core.main.TestCaseExecutor.execute(TestCaseExecutor.java:233)&#xD;
	at com.kms.katalon.core.main.TestSuiteExecutor.accessTestCaseMainPhase(TestSuiteExecutor.java:169)&#xD;
	at com.kms.katalon.core.main.TestSuiteExecutor.accessTestSuiteMainPhase(TestSuiteExecutor.java:142)&#xD;
	at com.kms.katalon.core.main.TestSuiteExecutor.execute(TestSuiteExecutor.java:91)&#xD;
	at com.kms.katalon.core.main.TestCaseMain.startTestSuite(TestCaseMain.java:157)&#xD;
	at com.kms.katalon.core.main.TestCaseMain$startTestSuite$0.call(Unknown Source)&#xD;
	at TempTestSuite1568904021899.run(TempTestSuite1568904021899.groovy:35)&#xD;
Caused by: org.openqa.selenium.JavascriptException: javascript error: Cannot read property 'left' of undefined
  (Session info: chrome=76.0.3809.132)
Build info: version: '3.141.59', revision: 'e82be7d358', time: '2018-11-14T08:25:53'
System info: host: 'DESKTOP-BPONDF2', ip: '192.168.0.121', os.name: 'Windows 10', os.arch: 'amd64', os.version: '10.0', java.version: '1.8.0_181'
Driver info: com.kms.katalon.selenium.driver.CChromeDriver
Capabilities {acceptInsecureCerts: false, browserName: chrome, browserVersion: 76.0.3809.132, chrome: {chromedriverVersion: 76.0.3809.126 (d80a294506b4..., userDataDir: C:\Users\isaac\AppData\Loca...}, goog:chromeOptions: {debuggerAddress: localhost:52039}, javascriptEnabled: true, networkConnectionEnabled: false, pageLoadStrategy: normal, platform: XP, platformName: XP, proxy: Proxy(), setWindowRect: true, strictFileInteractability: false, timeouts: {implicit: 0, pageLoad: 300000, script: 30000}, unhandledPromptBehavior: dismiss and notify}
Session ID: 66d528ff55ce139be10e3cf224dc8016&#xD;
	at org.openqa.selenium.remote.http.W3CHttpResponseCodec.createException(W3CHttpResponseCodec.java:187)&#xD;
	at org.openqa.selenium.remote.http.W3CHttpResponseCodec.decode(W3CHttpResponseCodec.java:122)&#xD;
	at org.openqa.selenium.remote.http.W3CHttpResponseCodec.decode(W3CHttpResponseCodec.java:49)&#xD;
	at org.openqa.selenium.remote.HttpCommandExecutor.execute(HttpCommandExecutor.java:158)&#xD;
	at org.openqa.selenium.remote.service.DriverCommandExecutor.execute(DriverCommandExecutor.java:83)&#xD;
	at org.openqa.selenium.remote.RemoteWebDriver.execute(RemoteWebDriver.java:552)&#xD;
	at com.kms.katalon.selenium.driver.CChromeDriver.execute(CChromeDriver.java:20)&#xD;
	at org.openqa.selenium.remote.RemoteWebDriver.perform(RemoteWebDriver.java:618)&#xD;
	at org.openqa.selenium.interactions.Actions$BuiltAction.perform(Actions.java:639)&#xD;
	at org.openqa.selenium.interactions.Actions.perform(Actions.java:595)&#xD;
	at com.kms.katalon.core.webui.keyword.builtin.FocusKeyword$_focus_closure1.doCall(FocusKeyword.groovy:82)&#xD;
	at com.kms.katalon.core.webui.keyword.builtin.FocusKeyword$_focus_closure1.call(FocusKeyword.groovy)&#xD;
	at com.kms.katalon.core.webui.keyword.internal.WebUIKeywordMain.runKeyword(WebUIKeywordMain.groovy:20)&#xD;
	at com.kms.katalon.core.webui.keyword.builtin.FocusKeyword.focus(FocusKeyword.groovy:90)&#xD;
	at com.kms.katalon.core.webui.keyword.builtin.FocusKeyword.execute(FocusKeyword.groovy:67)&#xD;
	at com.kms.katalon.core.keyword.internal.KeywordExecutor.executeKeywordForPlatform(KeywordExecutor.groovy:56)&#xD;
	at com.kms.katalon.core.webui.keyword.WebUiBuiltInKeywords.focus(WebUiBuiltInKeywords.groovy:859)&#xD;
	at com.kms.katalon.core.webui.keyword.WebUiBuiltInKeywords$focus$10.call(Unknown Source)&#xD;
	at Script1553112937598.run(Script1553112937598.groovy:53)&#xD;
	... 13 more&#xD;
)&#xD;
&#xD;
2019-09-19 12:06:58 - [MESSAGE][WARNING] - Unable to focus on object 'Object Repository/Regression BackOffice/CLNK-23449/ReferralType - Option2' (Root cause: com.kms.katalon.core.exception.StepFailedException: Unable to focus on object 'Object Repository/Regression BackOffice/CLNK-23449/ReferralType - Option2'&#xD;
	at com.kms.katalon.core.webui.keyword.internal.WebUIKeywordMain.stepFailed(WebUIKeywordMain.groovy:64)&#xD;
	at com.kms.katalon.core.webui.keyword.internal.WebUIKeywordMain.runKeyword(WebUIKeywordMain.groovy:26)&#xD;
	at com.kms.katalon.core.webui.keyword.builtin.FocusKeyword.focus(FocusKeyword.groovy:90)&#xD;
	at com.kms.katalon.core.webui.keyword.builtin.FocusKeyword.execute(FocusKeyword.groovy:67)&#xD;
	at com.kms.katalon.core.keyword.internal.KeywordExecutor.executeKeywordForPlatform(KeywordExecutor.groovy:56)&#xD;
	at com.kms.katalon.core.webui.keyword.WebUiBuiltInKeywords.focus(WebUiBuiltInKeywords.groovy:859)&#xD;
	at com.kms.katalon.core.webui.keyword.WebUiBuiltInKeywords$focus$10.call(Unknown Source)&#xD;
	at CLNK-23451 - Back office Quick Intake Wizard Payer.run(CLNK-23451 - Back office Quick Intake Wizard Payer:53)&#xD;
	at com.kms.katalon.core.main.ScriptEngine.run(ScriptEngine.java:194)&#xD;
	at com.kms.katalon.core.main.ScriptEngine.runScriptAsRawText(ScriptEngine.java:119)&#xD;
	at com.kms.katalon.core.main.TestCaseExecutor.runScript(TestCaseExecutor.java:337)&#xD;
	at com.kms.katalon.core.main.TestCaseExecutor.doExecute(TestCaseExecutor.java:328)&#xD;
	at com.kms.katalon.core.main.TestCaseExecutor.processExecutionPhase(TestCaseExecutor.java:307)&#xD;
	at com.kms.katalon.core.main.TestCaseExecutor.accessMainPhase(TestCaseExecutor.java:299)&#xD;
	at com.kms.katalon.core.main.TestCaseExecutor.execute(TestCaseExecutor.java:233)&#xD;
	at com.kms.katalon.core.main.TestSuiteExecutor.accessTestCaseMainPhase(TestSuiteExecutor.java:169)&#xD;
	at com.kms.katalon.core.main.TestSuiteExecutor.accessTestSuiteMainPhase(TestSuiteExecutor.java:142)&#xD;
	at com.kms.katalon.core.main.TestSuiteExecutor.execute(TestSuiteExecutor.java:91)&#xD;
	at com.kms.katalon.core.main.TestCaseMain.startTestSuite(TestCaseMain.java:157)&#xD;
	at com.kms.katalon.core.main.TestCaseMain$startTestSuite$0.call(Unknown Source)&#xD;
	at TempTestSuite1568904021899.run(TempTestSuite1568904021899.groovy:35)&#xD;
Caused by: org.openqa.selenium.JavascriptException: javascript error: Cannot read property 'left' of undefined
  (Session info: chrome=76.0.3809.132)
Build info: version: '3.141.59', revision: 'e82be7d358', time: '2018-11-14T08:25:53'
System info: host: 'DESKTOP-BPONDF2', ip: '192.168.0.121', os.name: 'Windows 10', os.arch: 'amd64', os.version: '10.0', java.version: '1.8.0_181'
Driver info: com.kms.katalon.selenium.driver.CChromeDriver
Capabilities {acceptInsecureCerts: false, browserName: chrome, browserVersion: 76.0.3809.132, chrome: {chromedriverVersion: 76.0.3809.126 (d80a294506b4..., userDataDir: C:\Users\isaac\AppData\Loca...}, goog:chromeOptions: {debuggerAddress: localhost:52039}, javascriptEnabled: true, networkConnectionEnabled: false, pageLoadStrategy: normal, platform: XP, platformName: XP, proxy: Proxy(), setWindowRect: true, strictFileInteractability: false, timeouts: {implicit: 0, pageLoad: 300000, script: 30000}, unhandledPromptBehavior: dismiss and notify}
Session ID: 66d528ff55ce139be10e3cf224dc8016&#xD;
	at org.openqa.selenium.remote.http.W3CHttpResponseCodec.createException(W3CHttpResponseCodec.java:187)&#xD;
	at org.openqa.selenium.remote.http.W3CHttpResponseCodec.decode(W3CHttpResponseCodec.java:122)&#xD;
	at org.openqa.selenium.remote.http.W3CHttpResponseCodec.decode(W3CHttpResponseCodec.java:49)&#xD;
	at org.openqa.selenium.remote.HttpCommandExecutor.execute(HttpCommandExecutor.java:158)&#xD;
	at org.openqa.selenium.remote.service.DriverCommandExecutor.execute(DriverCommandExecutor.java:83)&#xD;
	at org.openqa.selenium.remote.RemoteWebDriver.execute(RemoteWebDriver.java:552)&#xD;
	at com.kms.katalon.selenium.driver.CChromeDriver.execute(CChromeDriver.java:20)&#xD;
	at org.openqa.selenium.remote.RemoteWebDriver.perform(RemoteWebDriver.java:618)&#xD;
	at org.openqa.selenium.interactions.Actions$BuiltAction.perform(Actions.java:639)&#xD;
	at org.openqa.selenium.interactions.Actions.perform(Actions.java:595)&#xD;
	at com.kms.katalon.core.webui.keyword.builtin.FocusKeyword$_focus_closure1.doCall(FocusKeyword.groovy:82)&#xD;
	at com.kms.katalon.core.webui.keyword.builtin.FocusKeyword$_focus_closure1.call(FocusKeyword.groovy)&#xD;
	at com.kms.katalon.core.webui.keyword.internal.WebUIKeywordMain.runKeyword(WebUIKeywordMain.groovy:20)&#xD;
	at com.kms.katalon.core.webui.keyword.builtin.FocusKeyword.focus(FocusKeyword.groovy:90)&#xD;
	at com.kms.katalon.core.webui.keyword.builtin.FocusKeyword.execute(FocusKeyword.groovy:67)&#xD;
	at com.kms.katalon.core.keyword.internal.KeywordExecutor.executeKeywordForPlatform(KeywordExecutor.groovy:56)&#xD;
	at com.kms.katalon.core.webui.keyword.WebUiBuiltInKeywords.focus(WebUiBuiltInKeywords.groovy:859)&#xD;
	at com.kms.katalon.core.webui.keyword.WebUiBuiltInKeywords$focus$10.call(Unknown Source)&#xD;
	at Script1553112937598.run(Script1553112937598.groovy:53)&#xD;
	... 13 more&#xD;
)&#xD;
[[ATTACHMENT|C:\\Users\\isaac\\Desktop\\Clientes\\ProcuraCanada\\Katalon Studio\\Continulink\\Reports\\20190919_113944\\Regression BackOffice\\Regression BackOffice\\20190919_114021\\1568905618300.png]]&#xD;
&#xD;
2019-09-19 12:06:58 - [TEST_STEP][PASSED] - click(findTestObject("Regression BackOffice/CLNK-23449/ReferralType - Option2")): Object: 'Object Repository/Regression BackOffice/CLNK-23449/ReferralType - Option2' is clicked on&#xD;
&#xD;
2019-09-19 12:06:58 - [MESSAGE][PASSED] - Object: 'Object Repository/Regression BackOffice/CLNK-23449/ReferralType - Option2' is clicked on&#xD;
&#xD;
2019-09-19 12:06:58 - [TEST_STEP][PASSED] - delay(2): Delayed 2 second(s)&#xD;
&#xD;
2019-09-19 12:07:00 - [MESSAGE][PASSED] - Delayed 2 second(s)&#xD;
&#xD;
2019-09-19 12:07:00 - [TEST_STEP][PASSED] - sendKeys(findTestObject("Regression BackOffice/CLNK-23449/ReferralType - Option2"), Keys.chord(ARROW_DOWN, ENTER)): Unable to send keys '' to object 'Object Repository/Regression BackOffice/CLNK-23449/ReferralType - Option2' (Root cause: com.kms.katalon.core.exception.StepFailedException: Unable to send keys '' to object 'Object Repository/Regression BackOffice/CLNK-23449/ReferralType - Option2'&#xD;
	at com.kms.katalon.core.webui.keyword.internal.WebUIKeywordMain.stepFailed(WebUIKeywordMain.groovy:64)&#xD;
	at com.kms.katalon.core.webui.keyword.internal.WebUIKeywordMain.runKeyword(WebUIKeywordMain.groovy:26)&#xD;
	at com.kms.katalon.core.webui.keyword.builtin.SendKeysKeyword.sendKeys(SendKeysKeyword.groovy:60)&#xD;
	at com.kms.katalon.core.webui.keyword.builtin.SendKeysKeyword.execute(SendKeysKeyword.groovy:38)&#xD;
	at com.kms.katalon.core.keyword.internal.KeywordExecutor.executeKeywordForPlatform(KeywordExecutor.groovy:56)&#xD;
	at com.kms.katalon.core.webui.keyword.WebUiBuiltInKeywords.sendKeys(WebUiBuiltInKeywords.groovy:834)&#xD;
	at com.kms.katalon.core.webui.keyword.WebUiBuiltInKeywords$sendKeys$11.call(Unknown Source)&#xD;
	at CLNK-23451 - Back office Quick Intake Wizard Payer.run(CLNK-23451 - Back office Quick Intake Wizard Payer:59)&#xD;
	at com.kms.katalon.core.main.ScriptEngine.run(ScriptEngine.java:194)&#xD;
	at com.kms.katalon.core.main.ScriptEngine.runScriptAsRawText(ScriptEngine.java:119)&#xD;
	at com.kms.katalon.core.main.TestCaseExecutor.runScript(TestCaseExecutor.java:337)&#xD;
	at com.kms.katalon.core.main.TestCaseExecutor.doExecute(TestCaseExecutor.java:328)&#xD;
	at com.kms.katalon.core.main.TestCaseExecutor.processExecutionPhase(TestCaseExecutor.java:307)&#xD;
	at com.kms.katalon.core.main.TestCaseExecutor.accessMainPhase(TestCaseExecutor.java:299)&#xD;
	at com.kms.katalon.core.main.TestCaseExecutor.execute(TestCaseExecutor.java:233)&#xD;
	at com.kms.katalon.core.main.TestSuiteExecutor.accessTestCaseMainPhase(TestSuiteExecutor.java:169)&#xD;
	at com.kms.katalon.core.main.TestSuiteExecutor.accessTestSuiteMainPhase(TestSuiteExecutor.java:142)&#xD;
	at com.kms.katalon.core.main.TestSuiteExecutor.execute(TestSuiteExecutor.java:91)&#xD;
	at com.kms.katalon.core.main.TestCaseMain.startTestSuite(TestCaseMain.java:157)&#xD;
	at com.kms.katalon.core.main.TestCaseMain$startTestSuite$0.call(Unknown Source)&#xD;
	at TempTestSuite1568904021899.run(TempTestSuite1568904021899.groovy:35)&#xD;
Caused by: org.openqa.selenium.ElementNotInteractableException: element not interactable
  (Session info: chrome=76.0.3809.132)
Build info: version: '3.141.59', revision: 'e82be7d358', time: '2018-11-14T08:25:53'
System info: host: 'DESKTOP-BPONDF2', ip: '192.168.0.121', os.name: 'Windows 10', os.arch: 'amd64', os.version: '10.0', java.version: '1.8.0_181'
Driver info: com.kms.katalon.selenium.driver.CChromeDriver
Capabilities {acceptInsecureCerts: false, browserName: chrome, browserVersion: 76.0.3809.132, chrome: {chromedriverVersion: 76.0.3809.126 (d80a294506b4..., userDataDir: C:\Users\isaac\AppData\Loca...}, goog:chromeOptions: {debuggerAddress: localhost:52039}, javascriptEnabled: true, networkConnectionEnabled: false, pageLoadStrategy: normal, platform: XP, platformName: XP, proxy: Proxy(), setWindowRect: true, strictFileInteractability: false, timeouts: {implicit: 0, pageLoad: 300000, script: 30000}, unhandledPromptBehavior: dismiss and notify}
Session ID: 66d528ff55ce139be10e3cf224dc8016&#xD;
	at org.openqa.selenium.remote.http.W3CHttpResponseCodec.createException(W3CHttpResponseCodec.java:187)&#xD;
	at org.openqa.selenium.remote.http.W3CHttpResponseCodec.decode(W3CHttpResponseCodec.java:122)&#xD;
	at org.openqa.selenium.remote.http.W3CHttpResponseCodec.decode(W3CHttpResponseCodec.java:49)&#xD;
	at org.openqa.selenium.remote.HttpCommandExecutor.execute(HttpCommandExecutor.java:158)&#xD;
	at org.openqa.selenium.remote.service.DriverCommandExecutor.execute(DriverCommandExecutor.java:83)&#xD;
	at org.openqa.selenium.remote.RemoteWebDriver.execute(RemoteWebDriver.java:552)&#xD;
	at com.kms.katalon.selenium.driver.CChromeDriver.execute(CChromeDriver.java:20)&#xD;
	at org.openqa.selenium.remote.RemoteWebElement.execute(RemoteWebElement.java:285)&#xD;
	at org.openqa.selenium.remote.RemoteWebElement.sendKeys(RemoteWebElement.java:106)&#xD;
	at com.kms.katalon.core.webui.keyword.builtin.SendKeysKeyword$_sendKeys_closure1.doCall(SendKeysKeyword.groovy:53)&#xD;
	at com.kms.katalon.core.webui.keyword.builtin.SendKeysKeyword$_sendKeys_closure1.call(SendKeysKeyword.groovy)&#xD;
	at com.kms.katalon.core.webui.keyword.internal.WebUIKeywordMain.runKeyword(WebUIKeywordMain.groovy:20)&#xD;
	at com.kms.katalon.core.webui.keyword.builtin.SendKeysKeyword.sendKeys(SendKeysKeyword.groovy:60)&#xD;
	at com.kms.katalon.core.webui.keyword.builtin.SendKeysKeyword.execute(SendKeysKeyword.groovy:38)&#xD;
	at com.kms.katalon.core.keyword.internal.KeywordExecutor.executeKeywordForPlatform(KeywordExecutor.groovy:56)&#xD;
	at com.kms.katalon.core.webui.keyword.WebUiBuiltInKeywords.sendKeys(WebUiBuiltInKeywords.groovy:834)&#xD;
	at com.kms.katalon.core.webui.keyword.WebUiBuiltInKeywords$sendKeys$11.call(Unknown Source)&#xD;
	at Script1553112937598.run(Script1553112937598.groovy:59)&#xD;
	... 13 more&#xD;
)&#xD;
&#xD;
2019-09-19 12:07:01 - [MESSAGE][WARNING] - Unable to send keys '' to object 'Object Repository/Regression BackOffice/CLNK-23449/ReferralType - Option2' (Root cause: com.kms.katalon.core.exception.StepFailedException: Unable to send keys '' to object 'Object Repository/Regression BackOffice/CLNK-23449/ReferralType - Option2'&#xD;
	at com.kms.katalon.core.webui.keyword.internal.WebUIKeywordMain.stepFailed(WebUIKeywordMain.groovy:64)&#xD;
	at com.kms.katalon.core.webui.keyword.internal.WebUIKeywordMain.runKeyword(WebUIKeywordMain.groovy:26)&#xD;
	at com.kms.katalon.core.webui.keyword.builtin.SendKeysKeyword.sendKeys(SendKeysKeyword.groovy:60)&#xD;
	at com.kms.katalon.core.webui.keyword.builtin.SendKeysKeyword.execute(SendKeysKeyword.groovy:38)&#xD;
	at com.kms.katalon.core.keyword.internal.KeywordExecutor.executeKeywordForPlatform(KeywordExecutor.groovy:56)&#xD;
	at com.kms.katalon.core.webui.keyword.WebUiBuiltInKeywords.sendKeys(WebUiBuiltInKeywords.groovy:834)&#xD;
	at com.kms.katalon.core.webui.keyword.WebUiBuiltInKeywords$sendKeys$11.call(Unknown Source)&#xD;
	at CLNK-23451 - Back office Quick Intake Wizard Payer.run(CLNK-23451 - Back office Quick Intake Wizard Payer:59)&#xD;
	at com.kms.katalon.core.main.ScriptEngine.run(ScriptEngine.java:194)&#xD;
	at com.kms.katalon.core.main.ScriptEngine.runScriptAsRawText(ScriptEngine.java:119)&#xD;
	at com.kms.katalon.core.main.TestCaseExecutor.runScript(TestCaseExecutor.java:337)&#xD;
	at com.kms.katalon.core.main.TestCaseExecutor.doExecute(TestCaseExecutor.java:328)&#xD;
	at com.kms.katalon.core.main.TestCaseExecutor.processExecutionPhase(TestCaseExecutor.java:307)&#xD;
	at com.kms.katalon.core.main.TestCaseExecutor.accessMainPhase(TestCaseExecutor.java:299)&#xD;
	at com.kms.katalon.core.main.TestCaseExecutor.execute(TestCaseExecutor.java:233)&#xD;
	at com.kms.katalon.core.main.TestSuiteExecutor.accessTestCaseMainPhase(TestSuiteExecutor.java:169)&#xD;
	at com.kms.katalon.core.main.TestSuiteExecutor.accessTestSuiteMainPhase(TestSuiteExecutor.java:142)&#xD;
	at com.kms.katalon.core.main.TestSuiteExecutor.execute(TestSuiteExecutor.java:91)&#xD;
	at com.kms.katalon.core.main.TestCaseMain.startTestSuite(TestCaseMain.java:157)&#xD;
	at com.kms.katalon.core.main.TestCaseMain$startTestSuite$0.call(Unknown Source)&#xD;
	at TempTestSuite1568904021899.run(TempTestSuite1568904021899.groovy:35)&#xD;
Caused by: org.openqa.selenium.ElementNotInteractableException: element not interactable
  (Session info: chrome=76.0.3809.132)
Build info: version: '3.141.59', revision: 'e82be7d358', time: '2018-11-14T08:25:53'
System info: host: 'DESKTOP-BPONDF2', ip: '192.168.0.121', os.name: 'Windows 10', os.arch: 'amd64', os.version: '10.0', java.version: '1.8.0_181'
Driver info: com.kms.katalon.selenium.driver.CChromeDriver
Capabilities {acceptInsecureCerts: false, browserName: chrome, browserVersion: 76.0.3809.132, chrome: {chromedriverVersion: 76.0.3809.126 (d80a294506b4..., userDataDir: C:\Users\isaac\AppData\Loca...}, goog:chromeOptions: {debuggerAddress: localhost:52039}, javascriptEnabled: true, networkConnectionEnabled: false, pageLoadStrategy: normal, platform: XP, platformName: XP, proxy: Proxy(), setWindowRect: true, strictFileInteractability: false, timeouts: {implicit: 0, pageLoad: 300000, script: 30000}, unhandledPromptBehavior: dismiss and notify}
Session ID: 66d528ff55ce139be10e3cf224dc8016&#xD;
	at org.openqa.selenium.remote.http.W3CHttpResponseCodec.createException(W3CHttpResponseCodec.java:187)&#xD;
	at org.openqa.selenium.remote.http.W3CHttpResponseCodec.decode(W3CHttpResponseCodec.java:122)&#xD;
	at org.openqa.selenium.remote.http.W3CHttpResponseCodec.decode(W3CHttpResponseCodec.java:49)&#xD;
	at org.openqa.selenium.remote.HttpCommandExecutor.execute(HttpCommandExecutor.java:158)&#xD;
	at org.openqa.selenium.remote.service.DriverCommandExecutor.execute(DriverCommandExecutor.java:83)&#xD;
	at org.openqa.selenium.remote.RemoteWebDriver.execute(RemoteWebDriver.java:552)&#xD;
	at com.kms.katalon.selenium.driver.CChromeDriver.execute(CChromeDriver.java:20)&#xD;
	at org.openqa.selenium.remote.RemoteWebElement.execute(RemoteWebElement.java:285)&#xD;
	at org.openqa.selenium.remote.RemoteWebElement.sendKeys(RemoteWebElement.java:106)&#xD;
	at com.kms.katalon.core.webui.keyword.builtin.SendKeysKeyword$_sendKeys_closure1.doCall(SendKeysKeyword.groovy:53)&#xD;
	at com.kms.katalon.core.webui.keyword.builtin.SendKeysKeyword$_sendKeys_closure1.call(SendKeysKeyword.groovy)&#xD;
	at com.kms.katalon.core.webui.keyword.internal.WebUIKeywordMain.runKeyword(WebUIKeywordMain.groovy:20)&#xD;
	at com.kms.katalon.core.webui.keyword.builtin.SendKeysKeyword.sendKeys(SendKeysKeyword.groovy:60)&#xD;
	at com.kms.katalon.core.webui.keyword.builtin.SendKeysKeyword.execute(SendKeysKeyword.groovy:38)&#xD;
	at com.kms.katalon.core.keyword.internal.KeywordExecutor.executeKeywordForPlatform(KeywordExecutor.groovy:56)&#xD;
	at com.kms.katalon.core.webui.keyword.WebUiBuiltInKeywords.sendKeys(WebUiBuiltInKeywords.groovy:834)&#xD;
	at com.kms.katalon.core.webui.keyword.WebUiBuiltInKeywords$sendKeys$11.call(Unknown Source)&#xD;
	at Script1553112937598.run(Script1553112937598.groovy:59)&#xD;
	... 13 more&#xD;
)&#xD;
[[ATTACHMENT|C:\\Users\\isaac\\Desktop\\Clientes\\ProcuraCanada\\Katalon Studio\\Continulink\\Reports\\20190919_113944\\Regression BackOffice\\Regression BackOffice\\20190919_114021\\1568905620962.png]]&#xD;
&#xD;
2019-09-19 12:07:01 - [TEST_STEP][PASSED] - delay(3): Delayed 3 second(s)&#xD;
&#xD;
2019-09-19 12:07:04 - [MESSAGE][PASSED] - Delayed 3 second(s)&#xD;
&#xD;
2019-09-19 12:07:04 - [TEST_STEP][PASSED] - waitForElementPresent(findTestObject("Regression BackOffice/CLNK-23449/ReferralSourcePerson"), 50): Object 'Object Repository/Regression BackOffice/CLNK-23449/ReferralSourcePerson' is present&#xD;
&#xD;
2019-09-19 12:07:04 - [MESSAGE][PASSED] - Object 'Object Repository/Regression BackOffice/CLNK-23449/ReferralSourcePerson' is present&#xD;
&#xD;
2019-09-19 12:07:04 - [TEST_STEP][PASSED] - setText(findTestObject("Regression BackOffice/CLNK-23449/ReferralSourcePerson"), G_ReferralSourcePerson): Text 'Lyudmila Kaskov' is set on object 'Object Repository/Regression BackOffice/CLNK-23449/ReferralSourcePerson'&#xD;
&#xD;
2019-09-19 12:07:04 - [MESSAGE][PASSED] - Text 'Lyudmila Kaskov' is set on object 'Object Repository/Regression BackOffice/CLNK-23449/ReferralSourcePerson'&#xD;
&#xD;
2019-09-19 12:07:04 - [TEST_STEP][PASSED] - delay(2): Delayed 2 second(s)&#xD;
&#xD;
2019-09-19 12:07:06 - [MESSAGE][PASSED] - Delayed 2 second(s)&#xD;
&#xD;
2019-09-19 12:07:06 - [TEST_STEP][PASSED] - waitForElementPresent(findTestObject("Regression BackOffice/CLNK-23449/ClientFirstName"), 50): Object 'Object Repository/Regression BackOffice/CLNK-23449/ClientFirstName' is present&#xD;
&#xD;
2019-09-19 12:07:07 - [MESSAGE][PASSED] - Object 'Object Repository/Regression BackOffice/CLNK-23449/ClientFirstName' is present&#xD;
&#xD;
2019-09-19 12:07:07 - [TEST_STEP][PASSED] - setText(findTestObject("Regression BackOffice/CLNK-23449/ClientFirstName"), G_ClientFirstName): Text 'Ernest' is set on object 'Object Repository/Regression BackOffice/CLNK-23449/ClientFirstName'&#xD;
&#xD;
2019-09-19 12:07:07 - [MESSAGE][PASSED] - Text 'Ernest' is set on object 'Object Repository/Regression BackOffice/CLNK-23449/ClientFirstName'&#xD;
&#xD;
2019-09-19 12:07:07 - [TEST_STEP][PASSED] - delay(2): Delayed 2 second(s)&#xD;
&#xD;
2019-09-19 12:07:09 - [MESSAGE][PASSED] - Delayed 2 second(s)&#xD;
&#xD;
2019-09-19 12:07:09 - [TEST_STEP][PASSED] - waitForElementPresent(findTestObject("Regression BackOffice/CLNK-23449/ClientMiddle"), 50): Object 'Object Repository/Regression BackOffice/CLNK-23449/ClientMiddle' is present&#xD;
&#xD;
2019-09-19 12:07:09 - [MESSAGE][PASSED] - Object 'Object Repository/Regression BackOffice/CLNK-23449/ClientMiddle' is present&#xD;
&#xD;
2019-09-19 12:07:09 - [TEST_STEP][PASSED] - setText(findTestObject("Regression BackOffice/CLNK-23449/ClientMiddle"), G_ClientMiddleName): Text 'L' is set on object 'Object Repository/Regression BackOffice/CLNK-23449/ClientMiddle'&#xD;
&#xD;
2019-09-19 12:07:09 - [MESSAGE][PASSED] - Text 'L' is set on object 'Object Repository/Regression BackOffice/CLNK-23449/ClientMiddle'&#xD;
&#xD;
2019-09-19 12:07:09 - [TEST_STEP][PASSED] - delay(2): Delayed 2 second(s)&#xD;
&#xD;
2019-09-19 12:07:11 - [MESSAGE][PASSED] - Delayed 2 second(s)&#xD;
&#xD;
2019-09-19 12:07:11 - [TEST_STEP][PASSED] - waitForElementPresent(findTestObject("Regression BackOffice/CLNK-23449/ClientLastName"), 50): Object 'Object Repository/Regression BackOffice/CLNK-23449/ClientLastName' is present&#xD;
&#xD;
2019-09-19 12:07:11 - [MESSAGE][PASSED] - Object 'Object Repository/Regression BackOffice/CLNK-23449/ClientLastName' is present&#xD;
&#xD;
2019-09-19 12:07:11 - [TEST_STEP][PASSED] - setText(findTestObject("Regression BackOffice/CLNK-23449/ClientLastName"), G_ClientLastName): Text 'Ernesky' is set on object 'Object Repository/Regression BackOffice/CLNK-23449/ClientLastName'&#xD;
&#xD;
2019-09-19 12:07:12 - [MESSAGE][PASSED] - Text 'Ernesky' is set on object 'Object Repository/Regression BackOffice/CLNK-23449/ClientLastName'&#xD;
&#xD;
2019-09-19 12:07:12 - [TEST_STEP][PASSED] - delay(2): Delayed 2 second(s)&#xD;
&#xD;
2019-09-19 12:07:14 - [MESSAGE][PASSED] - Delayed 2 second(s)&#xD;
&#xD;
2019-09-19 12:07:14 - [TEST_STEP][PASSED] - waitForElementPresent(findTestObject("Regression BackOffice/CLNK-23449/FollowUpCallBack"), 50): Object 'Object Repository/Regression BackOffice/CLNK-23449/FollowUpCallBack' is present&#xD;
&#xD;
2019-09-19 12:07:14 - [MESSAGE][PASSED] - Object 'Object Repository/Regression BackOffice/CLNK-23449/FollowUpCallBack' is present&#xD;
&#xD;
2019-09-19 12:07:14 - [TEST_STEP][PASSED] - setText(findTestObject("Regression BackOffice/CLNK-23449/FollowUpCallBack"), "3"): Text '3' is set on object 'Object Repository/Regression BackOffice/CLNK-23449/FollowUpCallBack'&#xD;
&#xD;
2019-09-19 12:07:14 - [MESSAGE][PASSED] - Text '3' is set on object 'Object Repository/Regression BackOffice/CLNK-23449/FollowUpCallBack'&#xD;
&#xD;
2019-09-19 12:07:14 - [TEST_STEP][PASSED] - delay(2): Delayed 2 second(s)&#xD;
&#xD;
2019-09-19 12:07:16 - [MESSAGE][PASSED] - Delayed 2 second(s)&#xD;
&#xD;
2019-09-19 12:07:16 - [TEST_STEP][PASSED] - waitForElementPresent(findTestObject("Regression BackOffice/CLNK-23449/PhysicianName"), 50): Object 'Object Repository/Regression BackOffice/CLNK-23449/PhysicianName' is present&#xD;
&#xD;
2019-09-19 12:07:16 - [MESSAGE][PASSED] - Object 'Object Repository/Regression BackOffice/CLNK-23449/PhysicianName' is present&#xD;
&#xD;
2019-09-19 12:07:16 - [TEST_STEP][PASSED] - click(findTestObject("Regression BackOffice/CLNK-23449/PhysicianName")): Object: 'Object Repository/Regression BackOffice/CLNK-23449/PhysicianName' is clicked on&#xD;
&#xD;
2019-09-19 12:07:16 - [MESSAGE][PASSED] - Object: 'Object Repository/Regression BackOffice/CLNK-23449/PhysicianName' is clicked on&#xD;
&#xD;
2019-09-19 12:07:16 - [TEST_STEP][PASSED] - delay(2): Delayed 2 second(s)&#xD;
&#xD;
2019-09-19 12:07:18 - [MESSAGE][PASSED] - Delayed 2 second(s)&#xD;
&#xD;
2019-09-19 12:07:18 - [TEST_STEP][PASSED] - setText(findTestObject("Regression BackOffice/CLNK-23449/PhysicianName"), G_PhisicanName): Text 'Abbott' is set on object 'Object Repository/Regression BackOffice/CLNK-23449/PhysicianName'&#xD;
&#xD;
2019-09-19 12:07:18 - [MESSAGE][PASSED] - Text 'Abbott' is set on object 'Object Repository/Regression BackOffice/CLNK-23449/PhysicianName'&#xD;
&#xD;
2019-09-19 12:07:18 - [TEST_STEP][PASSED] - delay(3): Delayed 3 second(s)&#xD;
&#xD;
2019-09-19 12:07:21 - [MESSAGE][PASSED] - Delayed 3 second(s)&#xD;
&#xD;
2019-09-19 12:07:21 - [TEST_STEP][PASSED] - waitForElementPresent(findTestObject("Regression BackOffice/CLNK-23449/li_Black Larry"), 50): Object 'Object Repository/Regression BackOffice/CLNK-23449/li_Black Larry' is present&#xD;
&#xD;
2019-09-19 12:07:21 - [MESSAGE][PASSED] - Object 'Object Repository/Regression BackOffice/CLNK-23449/li_Black Larry' is present&#xD;
&#xD;
2019-09-19 12:07:21 - [TEST_STEP][PASSED] - click(findTestObject("Regression BackOffice/CLNK-23449/li_Black Larry")): Object: 'Object Repository/Regression BackOffice/CLNK-23449/li_Black Larry' is clicked on&#xD;
&#xD;
2019-09-19 12:07:22 - [MESSAGE][PASSED] - Object: 'Object Repository/Regression BackOffice/CLNK-23449/li_Black Larry' is clicked on&#xD;
&#xD;
2019-09-19 12:07:22 - [TEST_STEP][PASSED] - delay(2): Delayed 2 second(s)&#xD;
&#xD;
2019-09-19 12:07:24 - [MESSAGE][PASSED] - Delayed 2 second(s)&#xD;
&#xD;
2019-09-19 12:07:24 - [TEST_STEP][PASSED] - waitForElementPresent(findTestObject("Regression BackOffice/CLNK-23449/SaveButton"), 50): Object 'Object Repository/Regression BackOffice/CLNK-23449/SaveButton' is present&#xD;
&#xD;
2019-09-19 12:07:24 - [MESSAGE][PASSED] - Object 'Object Repository/Regression BackOffice/CLNK-23449/SaveButton' is present&#xD;
&#xD;
2019-09-19 12:07:24 - [TEST_STEP][PASSED] - click(findTestObject("Regression BackOffice/CLNK-23449/SaveButton"), STOP_ON_FAILURE): Object: 'Object Repository/Regression BackOffice/CLNK-23449/SaveButton' is clicked on&#xD;
&#xD;
2019-09-19 12:07:24 - [MESSAGE][PASSED] - Object: 'Object Repository/Regression BackOffice/CLNK-23449/SaveButton' is clicked on&#xD;
&#xD;
2019-09-19 12:07:24 - [TEST_STEP][PASSED] - delay(2): Delayed 2 second(s)&#xD;
&#xD;
2019-09-19 12:07:26 - [MESSAGE][PASSED] - Delayed 2 second(s)&#xD;
&#xD;
2019-09-19 12:07:26 - [TEST_STEP][PASSED] - waitForElementPresent(findTestObject("Regression BackOffice/CLNK-23449/btnNext"), 50): Object 'Object Repository/Regression BackOffice/CLNK-23449/btnNext' is present&#xD;
&#xD;
2019-09-19 12:07:26 - [MESSAGE][PASSED] - Object 'Object Repository/Regression BackOffice/CLNK-23449/btnNext' is present&#xD;
&#xD;
2019-09-19 12:07:26 - [TEST_STEP][PASSED] - click(findTestObject("Regression BackOffice/CLNK-23449/btnNext"), STOP_ON_FAILURE): Object: 'Object Repository/Regression BackOffice/CLNK-23449/btnNext' is clicked on&#xD;
&#xD;
2019-09-19 12:07:26 - [MESSAGE][PASSED] - Object: 'Object Repository/Regression BackOffice/CLNK-23449/btnNext' is clicked on&#xD;
&#xD;
2019-09-19 12:07:26 - [TEST_STEP][PASSED] - delay(2): Delayed 2 second(s)&#xD;
&#xD;
2019-09-19 12:07:28 - [MESSAGE][PASSED] - Delayed 2 second(s)&#xD;
&#xD;
2019-09-19 12:07:28 - [TEST_STEP][PASSED] - setText(findTestObject("Regression BackOffice/CLNK-23449/Demographics/DOB"), "05/23/1970"): Text '05/23/1970' is set on object 'Object Repository/Regression BackOffice/CLNK-23449/Demographics/DOB'&#xD;
&#xD;
2019-09-19 12:07:29 - [MESSAGE][PASSED] - Text '05/23/1970' is set on object 'Object Repository/Regression BackOffice/CLNK-23449/Demographics/DOB'&#xD;
&#xD;
2019-09-19 12:07:29 - [TEST_STEP][PASSED] - delay(3): Delayed 3 second(s)&#xD;
&#xD;
2019-09-19 12:07:32 - [MESSAGE][PASSED] - Delayed 3 second(s)&#xD;
&#xD;
2019-09-19 12:07:32 - [TEST_STEP][PASSED] - setText(findTestObject("Regression BackOffice/CLNK-23449/Demographics/SSN1"), "436120560"): Text '436120560' is set on object 'Object Repository/Regression BackOffice/CLNK-23449/Demographics/SSN1'&#xD;
&#xD;
2019-09-19 12:07:32 - [MESSAGE][PASSED] - Text '436120560' is set on object 'Object Repository/Regression BackOffice/CLNK-23449/Demographics/SSN1'&#xD;
&#xD;
2019-09-19 12:07:32 - [TEST_STEP][PASSED] - delay(3): Delayed 3 second(s)&#xD;
&#xD;
2019-09-19 12:07:35 - [MESSAGE][PASSED] - Delayed 3 second(s)&#xD;
&#xD;
2019-09-19 12:07:35 - [TEST_STEP][PASSED] - setText(findTestObject("Regression BackOffice/CLNK-23449/Demographics/Medicare ID"), "123456789a"): Text '123456789a' is set on object 'Object Repository/Regression BackOffice/CLNK-23449/Demographics/Medicare ID'&#xD;
&#xD;
2019-09-19 12:07:35 - [MESSAGE][PASSED] - Text '123456789a' is set on object 'Object Repository/Regression BackOffice/CLNK-23449/Demographics/Medicare ID'&#xD;
&#xD;
2019-09-19 12:07:35 - [TEST_STEP][PASSED] - delay(3): Delayed 3 second(s)&#xD;
&#xD;
2019-09-19 12:07:38 - [MESSAGE][PASSED] - Delayed 3 second(s)&#xD;
&#xD;
2019-09-19 12:07:38 - [TEST_STEP][PASSED] - setText(findTestObject("Regression BackOffice/CLNK-23449/Demographics/Address"), "320 Interlocken Parkway"): Text '320 Interlocken Parkway' is set on object 'Object Repository/Regression BackOffice/CLNK-23449/Demographics/Address'&#xD;
&#xD;
2019-09-19 12:07:39 - [MESSAGE][PASSED] - Text '320 Interlocken Parkway' is set on object 'Object Repository/Regression BackOffice/CLNK-23449/Demographics/Address'&#xD;
&#xD;
2019-09-19 12:07:39 - [TEST_STEP][PASSED] - delay(3): Delayed 3 second(s)&#xD;
&#xD;
2019-09-19 12:07:42 - [MESSAGE][PASSED] - Delayed 3 second(s)&#xD;
&#xD;
2019-09-19 12:07:42 - [TEST_STEP][PASSED] - setText(findTestObject("Regression BackOffice/CLNK-23449/Demographics/City"), "Broomfield"): Text 'Broomfield' is set on object 'Object Repository/Regression BackOffice/CLNK-23449/Demographics/City'&#xD;
&#xD;
2019-09-19 12:07:42 - [MESSAGE][PASSED] - Text 'Broomfield' is set on object 'Object Repository/Regression BackOffice/CLNK-23449/Demographics/City'&#xD;
&#xD;
2019-09-19 12:07:42 - [TEST_STEP][PASSED] - delay(3): Delayed 3 second(s)&#xD;
&#xD;
2019-09-19 12:07:45 - [MESSAGE][PASSED] - Delayed 3 second(s)&#xD;
&#xD;
2019-09-19 12:07:45 - [TEST_STEP][PASSED] - setText(findTestObject("Regression BackOffice/CLNK-23449/Demographics/County"), "United States"): Text 'United States' is set on object 'Object Repository/Regression BackOffice/CLNK-23449/Demographics/County'&#xD;
&#xD;
2019-09-19 12:07:46 - [MESSAGE][PASSED] - Text 'United States' is set on object 'Object Repository/Regression BackOffice/CLNK-23449/Demographics/County'&#xD;
&#xD;
2019-09-19 12:07:46 - [TEST_STEP][PASSED] - delay(3): Delayed 3 second(s)&#xD;
&#xD;
2019-09-19 12:07:49 - [MESSAGE][PASSED] - Delayed 3 second(s)&#xD;
&#xD;
2019-09-19 12:07:49 - [TEST_STEP][PASSED] - click(findTestObject("Regression BackOffice/CLNK-23449/Demographics/State"), CONTINUE_ON_FAILURE): Object: 'Object Repository/Regression BackOffice/CLNK-23449/Demographics/State' is clicked on&#xD;
&#xD;
2019-09-19 12:07:49 - [MESSAGE][PASSED] - Object: 'Object Repository/Regression BackOffice/CLNK-23449/Demographics/State' is clicked on&#xD;
&#xD;
2019-09-19 12:07:49 - [TEST_STEP][PASSED] - sendKeys(findTestObject("Regression BackOffice/CLNK-23449/Demographics/State"), Keys.chord(ARROW_DOWN, ARROW_DOWN, ARROW_DOWN, ARROW_DOWN, ARROW_DOWN, ARROW_DOWN, ENTER)): Keys 'DOWN + DOWN + DOWN + DOWN + DOWN + DOWN + ENTER + ' sent to object: 'Object Repository/Regression BackOffice/CLNK-23449/Demographics/State'&#xD;
&#xD;
2019-09-19 12:07:49 - [MESSAGE][PASSED] - Keys 'DOWN + DOWN + DOWN + DOWN + DOWN + DOWN + ENTER + ' sent to object: 'Object Repository/Regression BackOffice/CLNK-23449/Demographics/State'&#xD;
&#xD;
2019-09-19 12:07:49 - [TEST_STEP][PASSED] - delay(3): Delayed 3 second(s)&#xD;
&#xD;
2019-09-19 12:07:52 - [MESSAGE][PASSED] - Delayed 3 second(s)&#xD;
&#xD;
2019-09-19 12:07:52 - [TEST_STEP][PASSED] - click(findTestObject("Regression BackOffice/CLNK-23449/Demographics/btnVerify"), CONTINUE_ON_FAILURE): Object: 'Object Repository/Regression BackOffice/CLNK-23449/Demographics/btnVerify' is clicked on&#xD;
&#xD;
2019-09-19 12:07:52 - [MESSAGE][PASSED] - Object: 'Object Repository/Regression BackOffice/CLNK-23449/Demographics/btnVerify' is clicked on&#xD;
&#xD;
2019-09-19 12:07:52 - [TEST_STEP][PASSED] - delay(3): Delayed 3 second(s)&#xD;
&#xD;
2019-09-19 12:07:55 - [MESSAGE][PASSED] - Delayed 3 second(s)&#xD;
&#xD;
2019-09-19 12:07:55 - [TEST_STEP][PASSED] - click(findTestObject("Regression BackOffice/CLNK-23449/Demographics/btnVerify"), CONTINUE_ON_FAILURE): Object: 'Object Repository/Regression BackOffice/CLNK-23449/Demographics/btnVerify' is clicked on&#xD;
&#xD;
2019-09-19 12:07:55 - [MESSAGE][PASSED] - Object: 'Object Repository/Regression BackOffice/CLNK-23449/Demographics/btnVerify' is clicked on&#xD;
&#xD;
2019-09-19 12:07:55 - [TEST_STEP][PASSED] - delay(3): Delayed 3 second(s)&#xD;
&#xD;
2019-09-19 12:07:58 - [MESSAGE][PASSED] - Delayed 3 second(s)&#xD;
&#xD;
2019-09-19 12:07:58 - [TEST_STEP][PASSED] - click(findTestObject("Regression BackOffice/CLNK-23449/Demographics/UseVerifyAddress"), CONTINUE_ON_FAILURE): Object: 'Object Repository/Regression BackOffice/CLNK-23449/Demographics/UseVerifyAddress' is clicked on&#xD;
&#xD;
2019-09-19 12:07:59 - [MESSAGE][PASSED] - Object: 'Object Repository/Regression BackOffice/CLNK-23449/Demographics/UseVerifyAddress' is clicked on&#xD;
&#xD;
2019-09-19 12:07:59 - [TEST_STEP][PASSED] - delay(3): Delayed 3 second(s)&#xD;
&#xD;
2019-09-19 12:08:02 - [MESSAGE][PASSED] - Delayed 3 second(s)&#xD;
&#xD;
2019-09-19 12:08:02 - [TEST_STEP][PASSED] - click(findTestObject("Regression BackOffice/CLNK-23449/Demographics/PhoneType"), CONTINUE_ON_FAILURE): Object: 'Object Repository/Regression BackOffice/CLNK-23449/Demographics/PhoneType' is clicked on&#xD;
&#xD;
2019-09-19 12:08:02 - [MESSAGE][PASSED] - Object: 'Object Repository/Regression BackOffice/CLNK-23449/Demographics/PhoneType' is clicked on&#xD;
&#xD;
2019-09-19 12:08:02 - [TEST_STEP][PASSED] - sendKeys(findTestObject("Regression BackOffice/CLNK-23449/Demographics/PhoneType"), Keys.chord(ARROW_DOWN, ENTER)): Keys 'DOWN + ENTER + ' sent to object: 'Object Repository/Regression BackOffice/CLNK-23449/Demographics/PhoneType'&#xD;
&#xD;
2019-09-19 12:08:02 - [MESSAGE][PASSED] - Keys 'DOWN + ENTER + ' sent to object: 'Object Repository/Regression BackOffice/CLNK-23449/Demographics/PhoneType'&#xD;
&#xD;
2019-09-19 12:08:02 - [TEST_STEP][PASSED] - delay(3): Delayed 3 second(s)&#xD;
&#xD;
2019-09-19 12:08:05 - [MESSAGE][PASSED] - Delayed 3 second(s)&#xD;
&#xD;
2019-09-19 12:08:05 - [TEST_STEP][PASSED] - setText(findTestObject("Regression BackOffice/CLNK-23449/Demographics/PhoneNumber"), "2345698789"): Text '2345698789' is set on object 'Object Repository/Regression BackOffice/CLNK-23449/Demographics/PhoneNumber'&#xD;
&#xD;
2019-09-19 12:08:05 - [MESSAGE][PASSED] - Text '2345698789' is set on object 'Object Repository/Regression BackOffice/CLNK-23449/Demographics/PhoneNumber'&#xD;
&#xD;
2019-09-19 12:08:05 - [TEST_STEP][PASSED] - delay(3): Delayed 3 second(s)&#xD;
&#xD;
2019-09-19 12:08:08 - [MESSAGE][PASSED] - Delayed 3 second(s)&#xD;
&#xD;
2019-09-19 12:08:08 - [TEST_STEP][PASSED] - click(findTestObject("Regression BackOffice/CLNK-23449/Demographics/Zone"), CONTINUE_ON_FAILURE): Object: 'Object Repository/Regression BackOffice/CLNK-23449/Demographics/Zone' is clicked on&#xD;
&#xD;
2019-09-19 12:08:09 - [MESSAGE][PASSED] - Object: 'Object Repository/Regression BackOffice/CLNK-23449/Demographics/Zone' is clicked on&#xD;
&#xD;
2019-09-19 12:08:09 - [TEST_STEP][PASSED] - sendKeys(findTestObject("Regression BackOffice/CLNK-23449/Demographics/Zone"), Keys.chord(ARROW_DOWN, ARROW_DOWN, ARROW_DOWN, ENTER)): Keys 'DOWN + DOWN + DOWN + ENTER + ' sent to object: 'Object Repository/Regression BackOffice/CLNK-23449/Demographics/Zone'&#xD;
&#xD;
2019-09-19 12:08:09 - [MESSAGE][PASSED] - Keys 'DOWN + DOWN + DOWN + ENTER + ' sent to object: 'Object Repository/Regression BackOffice/CLNK-23449/Demographics/Zone'&#xD;
&#xD;
2019-09-19 12:08:09 - [TEST_STEP][PASSED] - delay(3): Delayed 3 second(s)&#xD;
&#xD;
2019-09-19 12:08:12 - [MESSAGE][PASSED] - Delayed 3 second(s)&#xD;
&#xD;
2019-09-19 12:08:12 - [TEST_STEP][PASSED] - waitForElementPresent(findTestObject("Regression BackOffice/CLNK-23449/Demographics/ContactFName"), 50): Object 'Object Repository/Regression BackOffice/CLNK-23449/Demographics/ContactFName' is present&#xD;
&#xD;
2019-09-19 12:08:12 - [MESSAGE][PASSED] - Object 'Object Repository/Regression BackOffice/CLNK-23449/Demographics/ContactFName' is present&#xD;
&#xD;
2019-09-19 12:08:12 - [TEST_STEP][PASSED] - setText(findTestObject("Regression BackOffice/CLNK-23449/Demographics/ContactFName"), "Scott"): Text 'Scott' is set on object 'Object Repository/Regression BackOffice/CLNK-23449/Demographics/ContactFName'&#xD;
&#xD;
2019-09-19 12:08:12 - [MESSAGE][PASSED] - Text 'Scott' is set on object 'Object Repository/Regression BackOffice/CLNK-23449/Demographics/ContactFName'&#xD;
&#xD;
2019-09-19 12:08:12 - [TEST_STEP][PASSED] - delay(2): Delayed 2 second(s)&#xD;
&#xD;
2019-09-19 12:08:14 - [MESSAGE][PASSED] - Delayed 2 second(s)&#xD;
&#xD;
2019-09-19 12:08:14 - [TEST_STEP][PASSED] - waitForElementPresent(findTestObject("Regression BackOffice/CLNK-23449/Demographics/ContactLName"), 50): Object 'Object Repository/Regression BackOffice/CLNK-23449/Demographics/ContactLName' is present&#xD;
&#xD;
2019-09-19 12:08:14 - [MESSAGE][PASSED] - Object 'Object Repository/Regression BackOffice/CLNK-23449/Demographics/ContactLName' is present&#xD;
&#xD;
2019-09-19 12:08:14 - [TEST_STEP][PASSED] - setText(findTestObject("Regression BackOffice/CLNK-23449/Demographics/ContactLName"), "Ward"): Text 'Ward' is set on object 'Object Repository/Regression BackOffice/CLNK-23449/Demographics/ContactLName'&#xD;
&#xD;
2019-09-19 12:08:14 - [MESSAGE][PASSED] - Text 'Ward' is set on object 'Object Repository/Regression BackOffice/CLNK-23449/Demographics/ContactLName'&#xD;
&#xD;
2019-09-19 12:08:14 - [TEST_STEP][PASSED] - delay(2): Delayed 2 second(s)&#xD;
&#xD;
2019-09-19 12:08:16 - [MESSAGE][PASSED] - Delayed 2 second(s)&#xD;
&#xD;
2019-09-19 12:08:16 - [TEST_STEP][PASSED] - click(findTestObject("Regression BackOffice/CLNK-23449/Demographics/ContactType"), CONTINUE_ON_FAILURE): Object: 'Object Repository/Regression BackOffice/CLNK-23449/Demographics/ContactType' is clicked on&#xD;
&#xD;
2019-09-19 12:08:17 - [MESSAGE][PASSED] - Object: 'Object Repository/Regression BackOffice/CLNK-23449/Demographics/ContactType' is clicked on&#xD;
&#xD;
2019-09-19 12:08:17 - [TEST_STEP][PASSED] - sendKeys(findTestObject("Regression BackOffice/CLNK-23449/Demographics/ContactType"), Keys.chord(ARROW_DOWN, ARROW_DOWN, ARROW_DOWN, ARROW_DOWN, ARROW_DOWN, ARROW_DOWN, ENTER)): Keys 'DOWN + DOWN + DOWN + DOWN + DOWN + DOWN + ENTER + ' sent to object: 'Object Repository/Regression BackOffice/CLNK-23449/Demographics/ContactType'&#xD;
&#xD;
2019-09-19 12:08:17 - [MESSAGE][PASSED] - Keys 'DOWN + DOWN + DOWN + DOWN + DOWN + DOWN + ENTER + ' sent to object: 'Object Repository/Regression BackOffice/CLNK-23449/Demographics/ContactType'&#xD;
&#xD;
2019-09-19 12:08:17 - [TEST_STEP][PASSED] - delay(3): Delayed 3 second(s)&#xD;
&#xD;
2019-09-19 12:08:20 - [MESSAGE][PASSED] - Delayed 3 second(s)&#xD;
&#xD;
2019-09-19 12:08:20 - [TEST_STEP][PASSED] - click(findTestObject("Regression BackOffice/CLNK-23449/Demographics/Relationship"), CONTINUE_ON_FAILURE): Object: 'Object Repository/Regression BackOffice/CLNK-23449/Demographics/Relationship' is clicked on&#xD;
&#xD;
2019-09-19 12:08:20 - [MESSAGE][PASSED] - Object: 'Object Repository/Regression BackOffice/CLNK-23449/Demographics/Relationship' is clicked on&#xD;
&#xD;
2019-09-19 12:08:20 - [TEST_STEP][PASSED] - sendKeys(findTestObject("Regression BackOffice/CLNK-23449/Demographics/Relationship"), Keys.chord(ARROW_DOWN, ARROW_DOWN, ARROW_DOWN, ARROW_DOWN, ARROW_DOWN, ARROW_DOWN, ENTER)): Keys 'DOWN + DOWN + DOWN + DOWN + DOWN + DOWN + ENTER + ' sent to object: 'Object Repository/Regression BackOffice/CLNK-23449/Demographics/Relationship'&#xD;
&#xD;
2019-09-19 12:08:20 - [MESSAGE][PASSED] - Keys 'DOWN + DOWN + DOWN + DOWN + DOWN + DOWN + ENTER + ' sent to object: 'Object Repository/Regression BackOffice/CLNK-23449/Demographics/Relationship'&#xD;
&#xD;
2019-09-19 12:08:20 - [TEST_STEP][PASSED] - delay(3): Delayed 3 second(s)&#xD;
&#xD;
2019-09-19 12:08:23 - [MESSAGE][PASSED] - Delayed 3 second(s)&#xD;
&#xD;
2019-09-19 12:08:23 - [TEST_STEP][PASSED] - click(findTestObject("Regression BackOffice/CLNK-23449/Demographics/PhoneTypeContact"), CONTINUE_ON_FAILURE): Object: 'Object Repository/Regression BackOffice/CLNK-23449/Demographics/PhoneTypeContact' is clicked on&#xD;
&#xD;
2019-09-19 12:08:23 - [MESSAGE][PASSED] - Object: 'Object Repository/Regression BackOffice/CLNK-23449/Demographics/PhoneTypeContact' is clicked on&#xD;
&#xD;
2019-09-19 12:08:23 - [TEST_STEP][PASSED] - sendKeys(findTestObject("Regression BackOffice/CLNK-23449/Demographics/PhoneTypeContact"), Keys.chord(ARROW_DOWN, ENTER)): Keys 'DOWN + ENTER + ' sent to object: 'Object Repository/Regression BackOffice/CLNK-23449/Demographics/PhoneTypeContact'&#xD;
&#xD;
2019-09-19 12:08:24 - [MESSAGE][PASSED] - Keys 'DOWN + ENTER + ' sent to object: 'Object Repository/Regression BackOffice/CLNK-23449/Demographics/PhoneTypeContact'&#xD;
&#xD;
2019-09-19 12:08:24 - [TEST_STEP][PASSED] - delay(3): Delayed 3 second(s)&#xD;
&#xD;
2019-09-19 12:08:27 - [MESSAGE][PASSED] - Delayed 3 second(s)&#xD;
&#xD;
2019-09-19 12:08:27 - [TEST_STEP][PASSED] - setText(findTestObject("Regression BackOffice/CLNK-23449/Demographics/ContactPhone"), "2345698789"): Text '2345698789' is set on object 'Object Repository/Regression BackOffice/CLNK-23449/Demographics/ContactPhone'&#xD;
&#xD;
2019-09-19 12:08:27 - [MESSAGE][PASSED] - Text '2345698789' is set on object 'Object Repository/Regression BackOffice/CLNK-23449/Demographics/ContactPhone'&#xD;
&#xD;
2019-09-19 12:08:27 - [TEST_STEP][PASSED] - delay(3): Delayed 3 second(s)&#xD;
&#xD;
2019-09-19 12:08:30 - [MESSAGE][PASSED] - Delayed 3 second(s)&#xD;
&#xD;
2019-09-19 12:08:30 - [TEST_STEP][PASSED] - click(findTestObject("Regression BackOffice/CLNK-23449/Demographics/EpisodeType"), CONTINUE_ON_FAILURE): Object: 'Object Repository/Regression BackOffice/CLNK-23449/Demographics/EpisodeType' is clicked on&#xD;
&#xD;
2019-09-19 12:08:30 - [MESSAGE][PASSED] - Object: 'Object Repository/Regression BackOffice/CLNK-23449/Demographics/EpisodeType' is clicked on&#xD;
&#xD;
2019-09-19 12:08:30 - [TEST_STEP][PASSED] - sendKeys(findTestObject("Regression BackOffice/CLNK-23449/Demographics/EpisodeType"), Keys.chord(ARROW_DOWN, ARROW_DOWN, ARROW_DOWN, ARROW_DOWN, ARROW_DOWN, ARROW_DOWN, ENTER)): Keys 'DOWN + DOWN + DOWN + DOWN + DOWN + DOWN + ENTER + ' sent to object: 'Object Repository/Regression BackOffice/CLNK-23449/Demographics/EpisodeType'&#xD;
&#xD;
2019-09-19 12:08:30 - [MESSAGE][PASSED] - Keys 'DOWN + DOWN + DOWN + DOWN + DOWN + DOWN + ENTER + ' sent to object: 'Object Repository/Regression BackOffice/CLNK-23449/Demographics/EpisodeType'&#xD;
&#xD;
2019-09-19 12:08:30 - [TEST_STEP][PASSED] - delay(3): Delayed 3 second(s)&#xD;
&#xD;
2019-09-19 12:08:33 - [MESSAGE][PASSED] - Delayed 3 second(s)&#xD;
&#xD;
2019-09-19 12:08:33 - [TEST_STEP][PASSED] - click(findTestObject("Regression BackOffice/CLNK-23449/Demographics/PlaceOfServices"), CONTINUE_ON_FAILURE): Object: 'Object Repository/Regression BackOffice/CLNK-23449/Demographics/PlaceOfServices' is clicked on&#xD;
&#xD;
2019-09-19 12:08:33 - [MESSAGE][PASSED] - Object: 'Object Repository/Regression BackOffice/CLNK-23449/Demographics/PlaceOfServices' is clicked on&#xD;
&#xD;
2019-09-19 12:08:33 - [TEST_STEP][PASSED] - sendKeys(findTestObject("Regression BackOffice/CLNK-23449/Demographics/PlaceOfServices"), Keys.chord(ARROW_DOWN, ARROW_DOWN, ARROW_DOWN, ARROW_DOWN, ARROW_DOWN, ARROW_DOWN, ENTER)): Keys 'DOWN + DOWN + DOWN + DOWN + DOWN + DOWN + ENTER + ' sent to object: 'Object Repository/Regression BackOffice/CLNK-23449/Demographics/PlaceOfServices'&#xD;
&#xD;
2019-09-19 12:08:34 - [MESSAGE][PASSED] - Keys 'DOWN + DOWN + DOWN + DOWN + DOWN + DOWN + ENTER + ' sent to object: 'Object Repository/Regression BackOffice/CLNK-23449/Demographics/PlaceOfServices'&#xD;
&#xD;
2019-09-19 12:08:34 - [TEST_STEP][PASSED] - delay(3): Delayed 3 second(s)&#xD;
&#xD;
2019-09-19 12:08:37 - [MESSAGE][PASSED] - Delayed 3 second(s)&#xD;
&#xD;
2019-09-19 12:08:37 - [TEST_STEP][PASSED] - click(findTestObject("Regression BackOffice/CLNK-23449/Demographics/ClientStatus"), CONTINUE_ON_FAILURE): Object: 'Object Repository/Regression BackOffice/CLNK-23449/Demographics/ClientStatus' is clicked on&#xD;
&#xD;
2019-09-19 12:08:37 - [MESSAGE][PASSED] - Object: 'Object Repository/Regression BackOffice/CLNK-23449/Demographics/ClientStatus' is clicked on&#xD;
&#xD;
2019-09-19 12:08:37 - [TEST_STEP][PASSED] - sendKeys(findTestObject("Regression BackOffice/CLNK-23449/Demographics/ClientStatus"), Keys.chord(ARROW_DOWN, ENTER)): Keys 'DOWN + ENTER + ' sent to object: 'Object Repository/Regression BackOffice/CLNK-23449/Demographics/ClientStatus'&#xD;
&#xD;
2019-09-19 12:08:37 - [MESSAGE][PASSED] - Keys 'DOWN + ENTER + ' sent to object: 'Object Repository/Regression BackOffice/CLNK-23449/Demographics/ClientStatus'&#xD;
&#xD;
2019-09-19 12:08:37 - [TEST_STEP][PASSED] - delay(3): Delayed 3 second(s)&#xD;
&#xD;
2019-09-19 12:08:40 - [MESSAGE][PASSED] - Delayed 3 second(s)&#xD;
&#xD;
2019-09-19 12:08:40 - [TEST_STEP][PASSED] - waitForElementPresent(findTestObject("Regression BackOffice/CLNK-23449/Demographics/btnSaveDemo"), 50): Object 'Object Repository/Regression BackOffice/CLNK-23449/Demographics/btnSaveDemo' is present&#xD;
&#xD;
2019-09-19 12:08:40 - [MESSAGE][PASSED] - Object 'Object Repository/Regression BackOffice/CLNK-23449/Demographics/btnSaveDemo' is present&#xD;
&#xD;
2019-09-19 12:08:40 - [TEST_STEP][PASSED] - click(findTestObject("Regression BackOffice/CLNK-23449/Demographics/btnSaveDemo"), STOP_ON_FAILURE): Object: 'Object Repository/Regression BackOffice/CLNK-23449/Demographics/btnSaveDemo' is clicked on&#xD;
&#xD;
2019-09-19 12:08:40 - [MESSAGE][PASSED] - Object: 'Object Repository/Regression BackOffice/CLNK-23449/Demographics/btnSaveDemo' is clicked on&#xD;
&#xD;
2019-09-19 12:08:40 - [TEST_STEP][PASSED] - delay(2): Delayed 2 second(s)&#xD;
&#xD;
2019-09-19 12:08:42 - [MESSAGE][PASSED] - Delayed 2 second(s)&#xD;
&#xD;
2019-09-19 12:08:42 - [TEST_STEP][PASSED] - waitForElementPresent(findTestObject("Regression BackOffice/CLNK-23449/Demographics/btnNextDemo"), 50): Object 'Object Repository/Regression BackOffice/CLNK-23449/Demographics/btnNextDemo' is present&#xD;
&#xD;
2019-09-19 12:08:42 - [MESSAGE][PASSED] - Object 'Object Repository/Regression BackOffice/CLNK-23449/Demographics/btnNextDemo' is present&#xD;
&#xD;
2019-09-19 12:08:42 - [TEST_STEP][PASSED] - click(findTestObject("Regression BackOffice/CLNK-23449/Demographics/btnNextDemo"), STOP_ON_FAILURE): Object: 'Object Repository/Regression BackOffice/CLNK-23449/Demographics/btnNextDemo' is clicked on&#xD;
&#xD;
2019-09-19 12:08:43 - [MESSAGE][PASSED] - Object: 'Object Repository/Regression BackOffice/CLNK-23449/Demographics/btnNextDemo' is clicked on&#xD;
&#xD;
2019-09-19 12:08:43 - [TEST_STEP][PASSED] - delay(2): Delayed 2 second(s)&#xD;
&#xD;
2019-09-19 12:08:45 - [MESSAGE][PASSED] - Delayed 2 second(s)&#xD;
&#xD;
2019-09-19 12:08:45 - [TEST_STEP][PASSED] - waitForElementPresent(findTestObject("Regression BackOffice/CLINK-23451/PayerList"), 50): Object 'Object Repository/Regression BackOffice/CLINK-23451/PayerList' is present&#xD;
&#xD;
2019-09-19 12:08:45 - [MESSAGE][PASSED] - Object 'Object Repository/Regression BackOffice/CLINK-23451/PayerList' is present&#xD;
&#xD;
2019-09-19 12:08:45 - [TEST_STEP][PASSED] - click(findTestObject("Regression BackOffice/CLINK-23451/PayerList"), STOP_ON_FAILURE): Object: 'Object Repository/Regression BackOffice/CLINK-23451/PayerList' is clicked on&#xD;
&#xD;
2019-09-19 12:08:45 - [MESSAGE][PASSED] - Object: 'Object Repository/Regression BackOffice/CLINK-23451/PayerList' is clicked on&#xD;
&#xD;
2019-09-19 12:08:45 - [TEST_STEP][PASSED] - sendKeys(findTestObject("Regression BackOffice/CLINK-23451/PayerList"), Keys.chord(ARROW_DOWN, ENTER)): Keys 'DOWN + ENTER + ' sent to object: 'Object Repository/Regression BackOffice/CLINK-23451/PayerList'&#xD;
&#xD;
2019-09-19 12:08:45 - [MESSAGE][PASSED] - Keys 'DOWN + ENTER + ' sent to object: 'Object Repository/Regression BackOffice/CLINK-23451/PayerList'&#xD;
&#xD;
2019-09-19 12:08:45 - [TEST_STEP][PASSED] - delay(2): Delayed 2 second(s)&#xD;
&#xD;
2019-09-19 12:08:47 - [MESSAGE][PASSED] - Delayed 2 second(s)&#xD;
&#xD;
2019-09-19 12:08:47 - [TEST_STEP][PASSED] - waitForElementPresent(findTestObject("Regression BackOffice/CLINK-23451/PlanList"), 50): Object 'Object Repository/Regression BackOffice/CLINK-23451/PlanList' is present&#xD;
&#xD;
2019-09-19 12:08:47 - [MESSAGE][PASSED] - Object 'Object Repository/Regression BackOffice/CLINK-23451/PlanList' is present&#xD;
&#xD;
2019-09-19 12:08:47 - [TEST_STEP][PASSED] - click(findTestObject("Regression BackOffice/CLINK-23451/PlanList"), STOP_ON_FAILURE): Object: 'Object Repository/Regression BackOffice/CLINK-23451/PlanList' is clicked on&#xD;
&#xD;
2019-09-19 12:08:47 - [MESSAGE][PASSED] - Object: 'Object Repository/Regression BackOffice/CLINK-23451/PlanList' is clicked on&#xD;
&#xD;
2019-09-19 12:08:47 - [TEST_STEP][PASSED] - sendKeys(findTestObject("Regression BackOffice/CLINK-23451/PlanList"), Keys.chord(ARROW_DOWN, ENTER)): Keys 'DOWN + ENTER + ' sent to object: 'Object Repository/Regression BackOffice/CLINK-23451/PlanList'&#xD;
&#xD;
2019-09-19 12:08:47 - [MESSAGE][PASSED] - Keys 'DOWN + ENTER + ' sent to object: 'Object Repository/Regression BackOffice/CLINK-23451/PlanList'&#xD;
&#xD;
2019-09-19 12:08:47 - [TEST_STEP][PASSED] - delay(2): Delayed 2 second(s)&#xD;
&#xD;
2019-09-19 12:08:49 - [MESSAGE][PASSED] - Delayed 2 second(s)&#xD;
&#xD;
2019-09-19 12:08:49 - [TEST_STEP][PASSED] - waitForElementPresent(findTestObject("Regression BackOffice/CLINK-23451/GroupList"), 50): Object 'Object Repository/Regression BackOffice/CLINK-23451/GroupList' is present&#xD;
&#xD;
2019-09-19 12:08:49 - [MESSAGE][PASSED] - Object 'Object Repository/Regression BackOffice/CLINK-23451/GroupList' is present&#xD;
&#xD;
2019-09-19 12:08:49 - [TEST_STEP][PASSED] - click(findTestObject("Regression BackOffice/CLINK-23451/GroupList"), STOP_ON_FAILURE): Object: 'Object Repository/Regression BackOffice/CLINK-23451/GroupList' is clicked on&#xD;
&#xD;
2019-09-19 12:08:50 - [MESSAGE][PASSED] - Object: 'Object Repository/Regression BackOffice/CLINK-23451/GroupList' is clicked on&#xD;
&#xD;
2019-09-19 12:08:50 - [TEST_STEP][PASSED] - sendKeys(findTestObject("Regression BackOffice/CLINK-23451/GroupList"), Keys.chord(ARROW_DOWN, ENTER)): Keys 'DOWN + ENTER + ' sent to object: 'Object Repository/Regression BackOffice/CLINK-23451/GroupList'&#xD;
&#xD;
2019-09-19 12:08:50 - [MESSAGE][PASSED] - Keys 'DOWN + ENTER + ' sent to object: 'Object Repository/Regression BackOffice/CLINK-23451/GroupList'&#xD;
&#xD;
2019-09-19 12:08:50 - [TEST_STEP][PASSED] - delay(2): Delayed 2 second(s)&#xD;
&#xD;
2019-09-19 12:08:52 - [MESSAGE][PASSED] - Delayed 2 second(s)&#xD;
&#xD;
2019-09-19 12:08:52 - [TEST_STEP][PASSED] - waitForElementPresent(findTestObject("Regression BackOffice/CLINK-23451/MedicareAdminList"), 50): Object 'Object Repository/Regression BackOffice/CLINK-23451/MedicareAdminList' is present&#xD;
&#xD;
2019-09-19 12:08:52 - [MESSAGE][PASSED] - Object 'Object Repository/Regression BackOffice/CLINK-23451/MedicareAdminList' is present&#xD;
&#xD;
2019-09-19 12:08:52 - [TEST_STEP][PASSED] - click(findTestObject("Regression BackOffice/CLINK-23451/MedicareAdminList"), STOP_ON_FAILURE): Object: 'Object Repository/Regression BackOffice/CLINK-23451/MedicareAdminList' is clicked on&#xD;
&#xD;
2019-09-19 12:08:52 - [MESSAGE][PASSED] - Object: 'Object Repository/Regression BackOffice/CLINK-23451/MedicareAdminList' is clicked on&#xD;
&#xD;
2019-09-19 12:08:52 - [TEST_STEP][PASSED] - sendKeys(findTestObject("Regression BackOffice/CLINK-23451/MedicareAdminList"), Keys.chord(ARROW_DOWN, ARROW_DOWN, ARROW_DOWN, ENTER)): Keys 'DOWN + DOWN + DOWN + ENTER + ' sent to object: 'Object Repository/Regression BackOffice/CLINK-23451/MedicareAdminList'&#xD;
&#xD;
2019-09-19 12:08:52 - [MESSAGE][PASSED] - Keys 'DOWN + DOWN + DOWN + ENTER + ' sent to object: 'Object Repository/Regression BackOffice/CLINK-23451/MedicareAdminList'&#xD;
&#xD;
2019-09-19 12:08:52 - [TEST_STEP][PASSED] - delay(2): Delayed 2 second(s)&#xD;
&#xD;
2019-09-19 12:08:54 - [MESSAGE][PASSED] - Delayed 2 second(s)&#xD;
&#xD;
2019-09-19 12:08:54 - [TEST_STEP][PASSED] - waitForElementPresent(findTestObject("Regression BackOffice/CLINK-23451/btnSavePayer"), 50): Object 'Object Repository/Regression BackOffice/CLINK-23451/btnSavePayer' is present&#xD;
&#xD;
2019-09-19 12:08:54 - [MESSAGE][PASSED] - Object 'Object Repository/Regression BackOffice/CLINK-23451/btnSavePayer' is present&#xD;
&#xD;
2019-09-19 12:08:54 - [TEST_STEP][PASSED] - click(findTestObject("Regression BackOffice/CLINK-23451/btnSavePayer"), STOP_ON_FAILURE): Object: 'Object Repository/Regression BackOffice/CLINK-23451/btnSavePayer' is clicked on&#xD;
&#xD;
2019-09-19 12:08:54 - [MESSAGE][PASSED] - Object: 'Object Repository/Regression BackOffice/CLINK-23451/btnSavePayer' is clicked on&#xD;
&#xD;
2019-09-19 12:08:54 - [TEST_STEP][PASSED] - delay(2): Delayed 2 second(s)&#xD;
&#xD;
2019-09-19 12:08:56 - [MESSAGE][PASSED] - Delayed 2 second(s)&#xD;
&#xD;
2019-09-19 12:08:56 - [TEST_STEP][PASSED] - waitForElementPresent(findTestObject("Regression BackOffice/CLNK-23449/btnNextPayer"), 50): Object 'Object Repository/Regression BackOffice/CLNK-23449/btnNextPayer' is present&#xD;
&#xD;
2019-09-19 12:08:56 - [MESSAGE][PASSED] - Object 'Object Repository/Regression BackOffice/CLNK-23449/btnNextPayer' is present&#xD;
&#xD;
2019-09-19 12:08:56 - [TEST_STEP][PASSED] - click(findTestObject("Regression BackOffice/CLNK-23449/btnNextPayer"), STOP_ON_FAILURE): Object: 'Object Repository/Regression BackOffice/CLNK-23449/btnNextPayer' is clicked on&#xD;
&#xD;
2019-09-19 12:08:57 - [MESSAGE][PASSED] - Object: 'Object Repository/Regression BackOffice/CLNK-23449/btnNextPayer' is clicked on&#xD;
&#xD;
2019-09-19 12:08:57 - [TEST_STEP][PASSED] - delay(2): Delayed 2 second(s)&#xD;
&#xD;
2019-09-19 12:08:59 - [MESSAGE][PASSED] - Delayed 2 second(s)&#xD;
&#xD;
2019-09-19 12:08:59 - [TEST_STEP][PASSED] - closeBrowser(): Browser is closed&#xD;
&#xD;
2019-09-19 12:08:59 - [MESSAGE][PASSED] - Browser is closed</system-out>
            <system-err></system-err>
        </testcase>
        <testcase name="Test Cases/Regression BackOffice (All Browsers)/CLNK-23455 - Back office Enter Needs" classname="Test Cases/Regression BackOffice (All Browsers)/CLNK-23455 - Back office Enter Needs" status="PASSED">
            <system-out>2019-09-19 12:09:02 - [TEST_CASE][PASSED] - Test Cases/Regression BackOffice (All Browsers)/CLNK-23455 - Back office Enter Needs: Test Cases/Regression BackOffice (All Browsers)/CLNK-23455 - Back office Enter Needs&#xD;
&#xD;
2019-09-19 12:09:02 - [TEST_STEP][PASSED] - callTestCase(findTestCase("Regression BackOffice (All Browsers)/CLNK-23439 - Clink - Back office Client"), [:], STOP_ON_FAILURE): Call Test Case 'Test Cases/Regression BackOffice (All Browsers)/CLNK-23439 - Clink - Back office Client' successfully&#xD;
&#xD;
2019-09-19 12:09:02 - [TEST_CASE][PASSED] - Test Cases/Regression BackOffice (All Browsers)/CLNK-23439 - Clink - Back office Client: Test Cases/Regression BackOffice (All Browsers)/CLNK-23439 - Clink - Back office Client&#xD;
&#xD;
2019-09-19 12:09:02 - [TEST_STEP][PASSED] - deleteAllCookies(): Delete all cookies successfully&#xD;
&#xD;
2019-09-19 12:09:02 - [MESSAGE][WARNING] - Cannot delete cookies because browser is closed&#xD;
&#xD;
2019-09-19 12:09:02 - [MESSAGE][PASSED] - Delete all cookies successfully&#xD;
&#xD;
2019-09-19 12:09:02 - [TEST_STEP][PASSED] - openBrowser(G_SiteBackOffice): Browser is opened with url: 'https://qanewpoc.continulink.com:8443/Backoffice/'&#xD;
&#xD;
2019-09-19 12:09:02 - [MESSAGE][INFO] - Starting 'Chrome' driver&#xD;
&#xD;
2019-09-19 12:09:10 - [MESSAGE][PASSED] - Browser is opened with url: 'https://qanewpoc.continulink.com:8443/Backoffice/'&#xD;
&#xD;
2019-09-19 12:09:10 - [TEST_STEP][PASSED] - waitForPageLoad(60): Wait for page load successfully&#xD;
&#xD;
2019-09-19 12:09:10 - [MESSAGE][PASSED] - Wait for page load successfully&#xD;
&#xD;
2019-09-19 12:09:10 - [TEST_STEP][PASSED] - maximizeWindow(): Current window maximized&#xD;
&#xD;
2019-09-19 12:09:14 - [MESSAGE][PASSED] - Current window maximized&#xD;
&#xD;
2019-09-19 12:09:14 - [TEST_STEP][PASSED] - setText(findTestObject("Regression BackOffice/Login/UserBackOffice"), G_UserBackOffice): Text 'automation_admin' is set on object 'Object Repository/Regression BackOffice/Login/UserBackOffice'&#xD;
&#xD;
2019-09-19 12:09:14 - [MESSAGE][PASSED] - Text 'automation_admin' is set on object 'Object Repository/Regression BackOffice/Login/UserBackOffice'&#xD;
&#xD;
2019-09-19 12:09:14 - [TEST_STEP][PASSED] - setText(findTestObject("Regression BackOffice/Login/PasswordBackOffice"), G_PasswordBackOffice): Text 'qwerty' is set on object 'Object Repository/Regression BackOffice/Login/PasswordBackOffice'&#xD;
&#xD;
2019-09-19 12:09:14 - [MESSAGE][PASSED] - Text 'qwerty' is set on object 'Object Repository/Regression BackOffice/Login/PasswordBackOffice'&#xD;
&#xD;
2019-09-19 12:09:14 - [TEST_STEP][PASSED] - click(findTestObject("Regression BackOffice/Login/LoginBackOffice")): Object: 'Object Repository/Regression BackOffice/Login/LoginBackOffice' is clicked on&#xD;
&#xD;
2019-09-19 12:09:19 - [MESSAGE][PASSED] - Object: 'Object Repository/Regression BackOffice/Login/LoginBackOffice' is clicked on&#xD;
&#xD;
2019-09-19 12:09:19 - [TEST_STEP][PASSED] - waitForPageLoad(60): Wait for page load successfully&#xD;
&#xD;
2019-09-19 12:09:19 - [MESSAGE][PASSED] - Wait for page load successfully&#xD;
&#xD;
2019-09-19 12:09:19 - [TEST_STEP][PASSED] - delay(2): Delayed 2 second(s)&#xD;
&#xD;
2019-09-19 12:09:21 - [MESSAGE][PASSED] - Delayed 2 second(s)&#xD;
&#xD;
2019-09-19 12:09:21 - [TEST_STEP][PASSED] - switchToFrame(findTestObject("Regression BackOffice/CLINK-Frames/FrameFrameLeft"), 5, STOP_ON_FAILURE): null&#xD;
&#xD;
2019-09-19 12:09:21 - [TEST_STEP][PASSED] - delay(2): Delayed 2 second(s)&#xD;
&#xD;
2019-09-19 12:09:23 - [MESSAGE][PASSED] - Delayed 2 second(s)&#xD;
&#xD;
2019-09-19 12:09:23 - [TEST_STEP][PASSED] - waitForElementPresent(findTestObject("Regression BackOffice/CLINK-Frames/ClientIntake"), 50): Object 'Object Repository/Regression BackOffice/CLINK-Frames/ClientIntake' is present&#xD;
&#xD;
2019-09-19 12:09:23 - [MESSAGE][PASSED] - Object 'Object Repository/Regression BackOffice/CLINK-Frames/ClientIntake' is present&#xD;
&#xD;
2019-09-19 12:09:23 - [TEST_STEP][PASSED] - verifyElementPresent(findTestObject("Regression BackOffice/CLINK-Frames/ClientIntake"), 100, STOP_ON_FAILURE): Object 'Object Repository/Regression BackOffice/CLINK-Frames/ClientIntake' is present&#xD;
&#xD;
2019-09-19 12:09:23 - [MESSAGE][PASSED] - Object 'Object Repository/Regression BackOffice/CLINK-Frames/ClientIntake' is present&#xD;
&#xD;
2019-09-19 12:09:23 - [TEST_STEP][PASSED] - switchToDefaultContent(): null&#xD;
&#xD;
2019-09-19 12:09:23 - [MESSAGE][PASSED] - Call Test Case 'Test Cases/Regression BackOffice (All Browsers)/CLNK-23439 - Clink - Back office Client' successfully&#xD;
&#xD;
2019-09-19 12:09:23 - [TEST_STEP][PASSED] - waitForPageLoad(60): Wait for page load successfully&#xD;
&#xD;
2019-09-19 12:09:23 - [MESSAGE][PASSED] - Wait for page load successfully&#xD;
&#xD;
2019-09-19 12:09:23 - [TEST_STEP][PASSED] - delay(3): Delayed 3 second(s)&#xD;
&#xD;
2019-09-19 12:09:26 - [MESSAGE][PASSED] - Delayed 3 second(s)&#xD;
&#xD;
2019-09-19 12:09:26 - [TEST_STEP][PASSED] - switchToFrame(findTestObject("Regression BackOffice/CLNK-23449/FrameLeft"), 30): null&#xD;
&#xD;
2019-09-19 12:09:26 - [TEST_STEP][PASSED] - waitForElementPresent(findTestObject("Regression BackOffice/CLNK-10235/ScheduleIcon"), 100): Object 'Object Repository/Regression BackOffice/CLNK-10235/ScheduleIcon' is present&#xD;
&#xD;
2019-09-19 12:09:26 - [MESSAGE][PASSED] - Object 'Object Repository/Regression BackOffice/CLNK-10235/ScheduleIcon' is present&#xD;
&#xD;
2019-09-19 12:09:26 - [TEST_STEP][PASSED] - click(findTestObject("Regression BackOffice/CLNK-10235/ScheduleIcon")): Object: 'Object Repository/Regression BackOffice/CLNK-10235/ScheduleIcon' is clicked on&#xD;
&#xD;
2019-09-19 12:09:26 - [MESSAGE][PASSED] - Object: 'Object Repository/Regression BackOffice/CLNK-10235/ScheduleIcon' is clicked on&#xD;
&#xD;
2019-09-19 12:09:26 - [TEST_STEP][PASSED] - delay(2): Delayed 2 second(s)&#xD;
&#xD;
2019-09-19 12:09:28 - [MESSAGE][PASSED] - Delayed 2 second(s)&#xD;
&#xD;
2019-09-19 12:09:28 - [TEST_STEP][PASSED] - waitForElementPresent(findTestObject("Regression BackOffice/CLNK-10235/EnterNeeds"), 100): Object 'Object Repository/Regression BackOffice/CLNK-10235/EnterNeeds' is present&#xD;
&#xD;
2019-09-19 12:09:28 - [MESSAGE][PASSED] - Object 'Object Repository/Regression BackOffice/CLNK-10235/EnterNeeds' is present&#xD;
&#xD;
2019-09-19 12:09:28 - [TEST_STEP][PASSED] - click(findTestObject("Regression BackOffice/CLNK-10235/EnterNeeds")): Object: 'Object Repository/Regression BackOffice/CLNK-10235/EnterNeeds' is clicked on&#xD;
&#xD;
2019-09-19 12:09:30 - [MESSAGE][PASSED] - Object: 'Object Repository/Regression BackOffice/CLNK-10235/EnterNeeds' is clicked on&#xD;
&#xD;
2019-09-19 12:09:30 - [TEST_STEP][PASSED] - delay(2): Delayed 2 second(s)&#xD;
&#xD;
2019-09-19 12:09:32 - [MESSAGE][PASSED] - Delayed 2 second(s)&#xD;
&#xD;
2019-09-19 12:09:32 - [TEST_STEP][PASSED] - switchToDefaultContent(): null&#xD;
&#xD;
2019-09-19 12:09:32 - [TEST_STEP][PASSED] - switchToFrame(findTestObject("Regression BackOffice/CLNK-23449/FrameMain"), 30): null&#xD;
&#xD;
2019-09-19 12:09:32 - [TEST_STEP][PASSED] - delay(3): Delayed 3 second(s)&#xD;
&#xD;
2019-09-19 12:09:35 - [MESSAGE][PASSED] - Delayed 3 second(s)&#xD;
&#xD;
2019-09-19 12:09:35 - [TEST_STEP][PASSED] - waitForElementPresent(findTestObject("Regression BackOffice/CLNK-10235/Client NameSearchNeeds"), 100): Object 'Object Repository/Regression BackOffice/CLNK-10235/Client NameSearchNeeds' is present&#xD;
&#xD;
2019-09-19 12:09:35 - [MESSAGE][PASSED] - Object 'Object Repository/Regression BackOffice/CLNK-10235/Client NameSearchNeeds' is present&#xD;
&#xD;
2019-09-19 12:09:35 - [TEST_STEP][PASSED] - setText(findTestObject("Regression BackOffice/CLNK-10235/Client NameSearchNeeds"), G_ClientLastName): Text 'Ernesky' is set on object 'Object Repository/Regression BackOffice/CLNK-10235/Client NameSearchNeeds'&#xD;
&#xD;
2019-09-19 12:09:36 - [MESSAGE][PASSED] - Text 'Ernesky' is set on object 'Object Repository/Regression BackOffice/CLNK-10235/Client NameSearchNeeds'&#xD;
&#xD;
2019-09-19 12:09:36 - [TEST_STEP][PASSED] - delay(2): Delayed 2 second(s)&#xD;
&#xD;
2019-09-19 12:09:38 - [MESSAGE][PASSED] - Delayed 2 second(s)&#xD;
&#xD;
2019-09-19 12:09:38 - [TEST_STEP][PASSED] - sendKeys(findTestObject("Regression BackOffice/CLNK-10235/Client NameSearchNeeds"), Keys.chord(ARROW_RIGHT, ARROW_DOWN, ENTER)): Keys 'RIGHT + DOWN + ENTER + ' sent to object: 'Object Repository/Regression BackOffice/CLNK-10235/Client NameSearchNeeds'&#xD;
&#xD;
2019-09-19 12:09:38 - [MESSAGE][PASSED] - Keys 'RIGHT + DOWN + ENTER + ' sent to object: 'Object Repository/Regression BackOffice/CLNK-10235/Client NameSearchNeeds'&#xD;
&#xD;
2019-09-19 12:09:38 - [TEST_STEP][PASSED] - delay(2): Delayed 2 second(s)&#xD;
&#xD;
2019-09-19 12:09:40 - [MESSAGE][PASSED] - Delayed 2 second(s)&#xD;
&#xD;
2019-09-19 12:09:40 - [TEST_STEP][NOT_RUN] - waitForElementPresent(findTestObject("Regression BackOffice/CLNK-10235/ScheduleAssessmentCode"), 100): NOT_RUN: waitForElementPresent(findTestObject("Regression BackOffice/CLNK-10235/ScheduleAssessmentCode"), 100)&#xD;
&#xD;
2019-09-19 12:09:40 - [MESSAGE][NOT_RUN] - NOT_RUN: waitForElementPresent(findTestObject("Regression BackOffice/CLNK-10235/ScheduleAssessmentCode"), 100)&#xD;
&#xD;
2019-09-19 12:09:40 - [TEST_STEP][NOT_RUN] - click(findTestObject("Regression BackOffice/CLNK-10235/ScheduleAssessmentCode")): NOT_RUN: click(findTestObject("Regression BackOffice/CLNK-10235/ScheduleAssessmentCode"))&#xD;
&#xD;
2019-09-19 12:09:40 - [MESSAGE][NOT_RUN] - NOT_RUN: click(findTestObject("Regression BackOffice/CLNK-10235/ScheduleAssessmentCode"))&#xD;
&#xD;
2019-09-19 12:09:40 - [TEST_STEP][NOT_RUN] - delay(2): NOT_RUN: delay(2)&#xD;
&#xD;
2019-09-19 12:09:40 - [MESSAGE][NOT_RUN] - NOT_RUN: delay(2)&#xD;
&#xD;
2019-09-19 12:09:40 - [TEST_STEP][PASSED] - waitForElementPresent(findTestObject("Regression BackOffice/CLNK-10235/ServiceTypeList"), 100): Object 'Object Repository/Regression BackOffice/CLNK-10235/ServiceTypeList' is present&#xD;
&#xD;
2019-09-19 12:09:40 - [MESSAGE][PASSED] - Object 'Object Repository/Regression BackOffice/CLNK-10235/ServiceTypeList' is present&#xD;
&#xD;
2019-09-19 12:09:40 - [TEST_STEP][PASSED] - click(findTestObject("Regression BackOffice/CLNK-10235/ServiceTypeList")): Object: 'Object Repository/Regression BackOffice/CLNK-10235/ServiceTypeList' is clicked on&#xD;
&#xD;
2019-09-19 12:09:40 - [MESSAGE][PASSED] - Object: 'Object Repository/Regression BackOffice/CLNK-10235/ServiceTypeList' is clicked on&#xD;
&#xD;
2019-09-19 12:09:40 - [TEST_STEP][PASSED] - sendKeys(findTestObject("Regression BackOffice/CLNK-10235/ServiceTypeList"), Keys.chord(ARROW_DOWN, ARROW_DOWN, ENTER)): Keys 'DOWN + DOWN + ENTER + ' sent to object: 'Object Repository/Regression BackOffice/CLNK-10235/ServiceTypeList'&#xD;
&#xD;
2019-09-19 12:09:40 - [MESSAGE][PASSED] - Keys 'DOWN + DOWN + ENTER + ' sent to object: 'Object Repository/Regression BackOffice/CLNK-10235/ServiceTypeList'&#xD;
&#xD;
2019-09-19 12:09:40 - [TEST_STEP][PASSED] - delay(2): Delayed 2 second(s)&#xD;
&#xD;
2019-09-19 12:09:42 - [MESSAGE][PASSED] - Delayed 2 second(s)&#xD;
&#xD;
2019-09-19 12:09:42 - [TEST_STEP][PASSED] - scrollToElement(findTestObject("Regression BackOffice/CLNK-10235/StartTime"), 10): Scroll to object 'Object Repository/Regression BackOffice/CLNK-10235/StartTime' successfully&#xD;
&#xD;
2019-09-19 12:09:42 - [MESSAGE][PASSED] - Scroll to object 'Object Repository/Regression BackOffice/CLNK-10235/StartTime' successfully&#xD;
&#xD;
2019-09-19 12:09:42 - [TEST_STEP][PASSED] - waitForElementPresent(findTestObject("Regression BackOffice/CLNK-10235/StartTime"), 100): Object 'Object Repository/Regression BackOffice/CLNK-10235/StartTime' is present&#xD;
&#xD;
2019-09-19 12:09:43 - [MESSAGE][PASSED] - Object 'Object Repository/Regression BackOffice/CLNK-10235/StartTime' is present&#xD;
&#xD;
2019-09-19 12:09:43 - [TEST_STEP][PASSED] - click(findTestObject("Regression BackOffice/CLNK-10235/StartTime")): Object: 'Object Repository/Regression BackOffice/CLNK-10235/StartTime' is clicked on&#xD;
&#xD;
2019-09-19 12:09:43 - [MESSAGE][PASSED] - Object: 'Object Repository/Regression BackOffice/CLNK-10235/StartTime' is clicked on&#xD;
&#xD;
2019-09-19 12:09:43 - [TEST_STEP][PASSED] - sendKeys(findTestObject("Regression BackOffice/CLNK-10235/StartTime"), "1800"): Keys '1800' sent to object: 'Object Repository/Regression BackOffice/CLNK-10235/StartTime'&#xD;
&#xD;
2019-09-19 12:09:43 - [MESSAGE][PASSED] - Keys '1800' sent to object: 'Object Repository/Regression BackOffice/CLNK-10235/StartTime'&#xD;
&#xD;
2019-09-19 12:09:43 - [TEST_STEP][PASSED] - delay(2): Delayed 2 second(s)&#xD;
&#xD;
2019-09-19 12:09:45 - [MESSAGE][PASSED] - Delayed 2 second(s)&#xD;
&#xD;
2019-09-19 12:09:45 - [TEST_STEP][PASSED] - waitForElementPresent(findTestObject("Regression BackOffice/CLNK-10235/EndTime"), 100): Object 'Object Repository/Regression BackOffice/CLNK-10235/EndTime' is present&#xD;
&#xD;
2019-09-19 12:09:45 - [MESSAGE][PASSED] - Object 'Object Repository/Regression BackOffice/CLNK-10235/EndTime' is present&#xD;
&#xD;
2019-09-19 12:09:45 - [TEST_STEP][PASSED] - click(findTestObject("Regression BackOffice/CLNK-10235/EndTime")): Object: 'Object Repository/Regression BackOffice/CLNK-10235/EndTime' is clicked on&#xD;
&#xD;
2019-09-19 12:09:45 - [MESSAGE][PASSED] - Object: 'Object Repository/Regression BackOffice/CLNK-10235/EndTime' is clicked on&#xD;
&#xD;
2019-09-19 12:09:45 - [TEST_STEP][PASSED] - sendKeys(findTestObject("Regression BackOffice/CLNK-10235/EndTime"), "1820"): Keys '1820' sent to object: 'Object Repository/Regression BackOffice/CLNK-10235/EndTime'&#xD;
&#xD;
2019-09-19 12:09:45 - [MESSAGE][PASSED] - Keys '1820' sent to object: 'Object Repository/Regression BackOffice/CLNK-10235/EndTime'&#xD;
&#xD;
2019-09-19 12:09:45 - [TEST_STEP][PASSED] - delay(2): Delayed 2 second(s)&#xD;
&#xD;
2019-09-19 12:09:47 - [MESSAGE][PASSED] - Delayed 2 second(s)&#xD;
&#xD;
2019-09-19 12:09:47 - [TEST_STEP][PASSED] - scrollToElement(findTestObject("Regression BackOffice/CLNK-10235/CaregiverName"), 10): Scroll to object 'Object Repository/Regression BackOffice/CLNK-10235/CaregiverName' successfully&#xD;
&#xD;
2019-09-19 12:09:47 - [MESSAGE][PASSED] - Scroll to object 'Object Repository/Regression BackOffice/CLNK-10235/CaregiverName' successfully&#xD;
&#xD;
2019-09-19 12:09:47 - [TEST_STEP][PASSED] - waitForElementPresent(findTestObject("Regression BackOffice/CLNK-10235/CaregiverName"), 100): Object 'Object Repository/Regression BackOffice/CLNK-10235/CaregiverName' is present&#xD;
&#xD;
2019-09-19 12:09:48 - [MESSAGE][PASSED] - Object 'Object Repository/Regression BackOffice/CLNK-10235/CaregiverName' is present&#xD;
&#xD;
2019-09-19 12:09:48 - [TEST_STEP][PASSED] - setText(findTestObject("Regression BackOffice/CLNK-10235/CaregiverName"), G_CareGiverLastName): Text 'Setentilla' is set on object 'Object Repository/Regression BackOffice/CLNK-10235/CaregiverName'&#xD;
&#xD;
2019-09-19 12:09:48 - [MESSAGE][PASSED] - Text 'Setentilla' is set on object 'Object Repository/Regression BackOffice/CLNK-10235/CaregiverName'&#xD;
&#xD;
2019-09-19 12:09:48 - [TEST_STEP][PASSED] - delay(2): Delayed 2 second(s)&#xD;
&#xD;
2019-09-19 12:09:50 - [MESSAGE][PASSED] - Delayed 2 second(s)&#xD;
&#xD;
2019-09-19 12:09:50 - [TEST_STEP][PASSED] - click(findTestObject("Regression BackOffice/CLNK-10235/CaregiverName")): Object: 'Object Repository/Regression BackOffice/CLNK-10235/CaregiverName' is clicked on&#xD;
&#xD;
2019-09-19 12:09:50 - [MESSAGE][PASSED] - Object: 'Object Repository/Regression BackOffice/CLNK-10235/CaregiverName' is clicked on&#xD;
&#xD;
2019-09-19 12:09:50 - [TEST_STEP][PASSED] - sendKeys(findTestObject("Regression BackOffice/CLNK-10235/CaregiverName"), Keys.chord(ARROW_DOWN, ENTER)): Keys 'DOWN + ENTER + ' sent to object: 'Object Repository/Regression BackOffice/CLNK-10235/CaregiverName'&#xD;
&#xD;
2019-09-19 12:09:50 - [MESSAGE][PASSED] - Keys 'DOWN + ENTER + ' sent to object: 'Object Repository/Regression BackOffice/CLNK-10235/CaregiverName'&#xD;
&#xD;
2019-09-19 12:09:50 - [TEST_STEP][PASSED] - switchToDefaultContent(): null&#xD;
&#xD;
2019-09-19 12:09:50 - [TEST_STEP][PASSED] - switchToFrame(findTestObject("Regression BackOffice/CLINK-17788/BannerFrame"), 30): null&#xD;
&#xD;
2019-09-19 12:09:50 - [TEST_STEP][PASSED] - waitForElementPresent(findTestObject("Regression BackOffice/CLNK-10235/SaveButton"), 50): Object 'Object Repository/Regression BackOffice/CLNK-10235/SaveButton' is present&#xD;
&#xD;
2019-09-19 12:09:50 - [MESSAGE][PASSED] - Object 'Object Repository/Regression BackOffice/CLNK-10235/SaveButton' is present&#xD;
&#xD;
2019-09-19 12:09:50 - [TEST_STEP][PASSED] - click(findTestObject("Regression BackOffice/CLNK-10235/SaveButton"), STOP_ON_FAILURE): Object: 'Object Repository/Regression BackOffice/CLNK-10235/SaveButton' is clicked on&#xD;
&#xD;
2019-09-19 12:09:51 - [MESSAGE][PASSED] - Object: 'Object Repository/Regression BackOffice/CLNK-10235/SaveButton' is clicked on&#xD;
&#xD;
2019-09-19 12:09:51 - [TEST_STEP][PASSED] - delay(2): Delayed 2 second(s)&#xD;
&#xD;
2019-09-19 12:09:53 - [MESSAGE][PASSED] - Delayed 2 second(s)&#xD;
&#xD;
2019-09-19 12:09:53 - [TEST_STEP][PASSED] - closeBrowser(): Browser is closed&#xD;
&#xD;
2019-09-19 12:09:53 - [MESSAGE][PASSED] - Browser is closed</system-out>
            <system-err></system-err>
        </testcase>
        <testcase name="Test Cases/Regression BackOffice (All Browsers)/CLNK-27759 - Security Roles - SOX Audit" classname="Test Cases/Regression BackOffice (All Browsers)/CLNK-27759 - Security Roles - SOX Audit" status="PASSED">
            <system-out>2019-09-19 12:09:55 - [TEST_CASE][PASSED] - Test Cases/Regression BackOffice (All Browsers)/CLNK-27759 - Security Roles - SOX Audit: Test Cases/Regression BackOffice (All Browsers)/CLNK-27759 - Security Roles - SOX Audit&#xD;
&#xD;
2019-09-19 12:09:56 - [TEST_STEP][PASSED] - callTestCase(findTestCase("Regression BackOffice (All Browsers)/CLNK-23439 - Clink - Back office Client"), [:], STOP_ON_FAILURE): Call Test Case 'Test Cases/Regression BackOffice (All Browsers)/CLNK-23439 - Clink - Back office Client' successfully&#xD;
&#xD;
2019-09-19 12:09:56 - [TEST_CASE][PASSED] - Test Cases/Regression BackOffice (All Browsers)/CLNK-23439 - Clink - Back office Client: Test Cases/Regression BackOffice (All Browsers)/CLNK-23439 - Clink - Back office Client&#xD;
&#xD;
2019-09-19 12:09:56 - [TEST_STEP][PASSED] - deleteAllCookies(): Delete all cookies successfully&#xD;
&#xD;
2019-09-19 12:09:56 - [MESSAGE][WARNING] - Cannot delete cookies because browser is closed&#xD;
&#xD;
2019-09-19 12:09:56 - [MESSAGE][PASSED] - Delete all cookies successfully&#xD;
&#xD;
2019-09-19 12:09:56 - [TEST_STEP][PASSED] - openBrowser(G_SiteBackOffice): Browser is opened with url: 'https://qanewpoc.continulink.com:8443/Backoffice/'&#xD;
&#xD;
2019-09-19 12:09:56 - [MESSAGE][INFO] - Starting 'Chrome' driver&#xD;
&#xD;
2019-09-19 12:10:03 - [MESSAGE][PASSED] - Browser is opened with url: 'https://qanewpoc.continulink.com:8443/Backoffice/'&#xD;
&#xD;
2019-09-19 12:10:03 - [TEST_STEP][PASSED] - waitForPageLoad(60): Wait for page load successfully&#xD;
&#xD;
2019-09-19 12:10:03 - [MESSAGE][PASSED] - Wait for page load successfully&#xD;
&#xD;
2019-09-19 12:10:03 - [TEST_STEP][PASSED] - maximizeWindow(): Current window maximized&#xD;
&#xD;
2019-09-19 12:10:07 - [MESSAGE][PASSED] - Current window maximized&#xD;
&#xD;
2019-09-19 12:10:07 - [TEST_STEP][PASSED] - setText(findTestObject("Regression BackOffice/Login/UserBackOffice"), G_UserBackOffice): Text 'automation_admin' is set on object 'Object Repository/Regression BackOffice/Login/UserBackOffice'&#xD;
&#xD;
2019-09-19 12:10:08 - [MESSAGE][PASSED] - Text 'automation_admin' is set on object 'Object Repository/Regression BackOffice/Login/UserBackOffice'&#xD;
&#xD;
2019-09-19 12:10:08 - [TEST_STEP][PASSED] - setText(findTestObject("Regression BackOffice/Login/PasswordBackOffice"), G_PasswordBackOffice): Text 'qwerty' is set on object 'Object Repository/Regression BackOffice/Login/PasswordBackOffice'&#xD;
&#xD;
2019-09-19 12:10:08 - [MESSAGE][PASSED] - Text 'qwerty' is set on object 'Object Repository/Regression BackOffice/Login/PasswordBackOffice'&#xD;
&#xD;
2019-09-19 12:10:08 - [TEST_STEP][PASSED] - click(findTestObject("Regression BackOffice/Login/LoginBackOffice")): Object: 'Object Repository/Regression BackOffice/Login/LoginBackOffice' is clicked on&#xD;
&#xD;
2019-09-19 12:10:12 - [MESSAGE][PASSED] - Object: 'Object Repository/Regression BackOffice/Login/LoginBackOffice' is clicked on&#xD;
&#xD;
2019-09-19 12:10:12 - [TEST_STEP][PASSED] - waitForPageLoad(60): Wait for page load successfully&#xD;
&#xD;
2019-09-19 12:10:12 - [MESSAGE][PASSED] - Wait for page load successfully&#xD;
&#xD;
2019-09-19 12:10:12 - [TEST_STEP][PASSED] - delay(2): Delayed 2 second(s)&#xD;
&#xD;
2019-09-19 12:10:14 - [MESSAGE][PASSED] - Delayed 2 second(s)&#xD;
&#xD;
2019-09-19 12:10:14 - [TEST_STEP][PASSED] - switchToFrame(findTestObject("Regression BackOffice/CLINK-Frames/FrameFrameLeft"), 5, STOP_ON_FAILURE): null&#xD;
&#xD;
2019-09-19 12:10:14 - [TEST_STEP][PASSED] - delay(2): Delayed 2 second(s)&#xD;
&#xD;
2019-09-19 12:10:16 - [MESSAGE][PASSED] - Delayed 2 second(s)&#xD;
&#xD;
2019-09-19 12:10:16 - [TEST_STEP][PASSED] - waitForElementPresent(findTestObject("Regression BackOffice/CLINK-Frames/ClientIntake"), 50): Object 'Object Repository/Regression BackOffice/CLINK-Frames/ClientIntake' is present&#xD;
&#xD;
2019-09-19 12:10:16 - [MESSAGE][PASSED] - Object 'Object Repository/Regression BackOffice/CLINK-Frames/ClientIntake' is present&#xD;
&#xD;
2019-09-19 12:10:16 - [TEST_STEP][PASSED] - verifyElementPresent(findTestObject("Regression BackOffice/CLINK-Frames/ClientIntake"), 100, STOP_ON_FAILURE): Object 'Object Repository/Regression BackOffice/CLINK-Frames/ClientIntake' is present&#xD;
&#xD;
2019-09-19 12:10:16 - [MESSAGE][PASSED] - Object 'Object Repository/Regression BackOffice/CLINK-Frames/ClientIntake' is present&#xD;
&#xD;
2019-09-19 12:10:16 - [TEST_STEP][PASSED] - switchToDefaultContent(): null&#xD;
&#xD;
2019-09-19 12:10:16 - [MESSAGE][PASSED] - Call Test Case 'Test Cases/Regression BackOffice (All Browsers)/CLNK-23439 - Clink - Back office Client' successfully&#xD;
&#xD;
2019-09-19 12:10:16 - [TEST_STEP][PASSED] - waitForPageLoad(60): Wait for page load successfully&#xD;
&#xD;
2019-09-19 12:10:16 - [MESSAGE][PASSED] - Wait for page load successfully&#xD;
&#xD;
2019-09-19 12:10:16 - [TEST_STEP][PASSED] - delay(3): Delayed 3 second(s)&#xD;
&#xD;
2019-09-19 12:10:19 - [MESSAGE][PASSED] - Delayed 3 second(s)&#xD;
&#xD;
2019-09-19 12:10:19 - [TEST_STEP][PASSED] - switchToFrame(findTestObject("Regression BackOffice/CLNK-23449/FrameLeft"), 30): null&#xD;
&#xD;
2019-09-19 12:10:19 - [TEST_STEP][PASSED] - waitForElementPresent(findTestObject("Regression BackOffice/CLINK-27759/AdministratorsTab"), 100): Object 'Object Repository/Regression BackOffice/CLINK-27759/AdministratorsTab' is present&#xD;
&#xD;
2019-09-19 12:10:20 - [MESSAGE][PASSED] - Object 'Object Repository/Regression BackOffice/CLINK-27759/AdministratorsTab' is present&#xD;
&#xD;
2019-09-19 12:10:20 - [TEST_STEP][PASSED] - click(findTestObject("Regression BackOffice/CLINK-27759/AdministratorsTab")): Object: 'Object Repository/Regression BackOffice/CLINK-27759/AdministratorsTab' is clicked on&#xD;
&#xD;
2019-09-19 12:10:20 - [MESSAGE][PASSED] - Object: 'Object Repository/Regression BackOffice/CLINK-27759/AdministratorsTab' is clicked on&#xD;
&#xD;
2019-09-19 12:10:20 - [TEST_STEP][PASSED] - delay(2): Delayed 2 second(s)&#xD;
&#xD;
2019-09-19 12:10:22 - [MESSAGE][PASSED] - Delayed 2 second(s)&#xD;
&#xD;
2019-09-19 12:10:22 - [TEST_STEP][PASSED] - waitForPageLoad(50): Wait for page load successfully&#xD;
&#xD;
2019-09-19 12:10:22 - [MESSAGE][PASSED] - Wait for page load successfully&#xD;
&#xD;
2019-09-19 12:10:22 - [TEST_STEP][PASSED] - waitForElementPresent(findTestObject("Regression BackOffice/CLINK-27759/AdminSystemSettingsLink"), 50): Object 'Object Repository/Regression BackOffice/CLINK-27759/AdminSystemSettingsLink' is present&#xD;
&#xD;
2019-09-19 12:10:22 - [MESSAGE][PASSED] - Object 'Object Repository/Regression BackOffice/CLINK-27759/AdminSystemSettingsLink' is present&#xD;
&#xD;
2019-09-19 12:10:22 - [TEST_STEP][PASSED] - click(findTestObject("Regression BackOffice/CLINK-27759/AdminSystemSettingsLink")): Object: 'Object Repository/Regression BackOffice/CLINK-27759/AdminSystemSettingsLink' is clicked on&#xD;
&#xD;
2019-09-19 12:10:22 - [MESSAGE][PASSED] - Object: 'Object Repository/Regression BackOffice/CLINK-27759/AdminSystemSettingsLink' is clicked on&#xD;
&#xD;
2019-09-19 12:10:22 - [TEST_STEP][PASSED] - delay(2): Delayed 2 second(s)&#xD;
&#xD;
2019-09-19 12:10:24 - [MESSAGE][PASSED] - Delayed 2 second(s)&#xD;
&#xD;
2019-09-19 12:10:24 - [TEST_STEP][PASSED] - scrollToElement(findTestObject("Regression BackOffice/CLINK-27759/AdministratorReportsLink"), 50): Scroll to object 'Object Repository/Regression BackOffice/CLINK-27759/AdministratorReportsLink' successfully&#xD;
&#xD;
2019-09-19 12:10:24 - [MESSAGE][PASSED] - Scroll to object 'Object Repository/Regression BackOffice/CLINK-27759/AdministratorReportsLink' successfully&#xD;
&#xD;
2019-09-19 12:10:24 - [TEST_STEP][PASSED] - waitForElementPresent(findTestObject("Regression BackOffice/CLINK-27759/AdministratorReportsLink"), 50): Object 'Object Repository/Regression BackOffice/CLINK-27759/AdministratorReportsLink' is present&#xD;
&#xD;
2019-09-19 12:10:24 - [MESSAGE][PASSED] - Object 'Object Repository/Regression BackOffice/CLINK-27759/AdministratorReportsLink' is present&#xD;
&#xD;
2019-09-19 12:10:24 - [TEST_STEP][PASSED] - click(findTestObject("Regression BackOffice/CLINK-27759/AdministratorReportsLink")): Object: 'Object Repository/Regression BackOffice/CLINK-27759/AdministratorReportsLink' is clicked on&#xD;
&#xD;
2019-09-19 12:10:26 - [MESSAGE][PASSED] - Object: 'Object Repository/Regression BackOffice/CLINK-27759/AdministratorReportsLink' is clicked on&#xD;
&#xD;
2019-09-19 12:10:26 - [TEST_STEP][PASSED] - delay(2): Delayed 2 second(s)&#xD;
&#xD;
2019-09-19 12:10:28 - [MESSAGE][PASSED] - Delayed 2 second(s)&#xD;
&#xD;
2019-09-19 12:10:28 - [TEST_STEP][PASSED] - switchToDefaultContent(): null&#xD;
&#xD;
2019-09-19 12:10:28 - [TEST_STEP][PASSED] - switchToFrame(findTestObject("Regression BackOffice/CLNK-23449/FrameMain"), 30): null&#xD;
&#xD;
2019-09-19 12:10:28 - [TEST_STEP][PASSED] - waitForPageLoad(50): Wait for page load successfully&#xD;
&#xD;
2019-09-19 12:10:28 - [MESSAGE][PASSED] - Wait for page load successfully&#xD;
&#xD;
2019-09-19 12:10:28 - [TEST_STEP][PASSED] - waitForElementPresent(findTestObject("Regression BackOffice/CLINK-27759/RoleAccessSecurityReportLink"), 50): Object 'Object Repository/Regression BackOffice/CLINK-27759/RoleAccessSecurityReportLink' is present&#xD;
&#xD;
2019-09-19 12:10:28 - [MESSAGE][PASSED] - Object 'Object Repository/Regression BackOffice/CLINK-27759/RoleAccessSecurityReportLink' is present&#xD;
&#xD;
2019-09-19 12:10:28 - [TEST_STEP][PASSED] - click(findTestObject("Regression BackOffice/CLINK-27759/RoleAccessSecurityReportLink")): Object: 'Object Repository/Regression BackOffice/CLINK-27759/RoleAccessSecurityReportLink' is clicked on&#xD;
&#xD;
2019-09-19 12:10:30 - [MESSAGE][PASSED] - Object: 'Object Repository/Regression BackOffice/CLINK-27759/RoleAccessSecurityReportLink' is clicked on&#xD;
&#xD;
2019-09-19 12:10:30 - [TEST_STEP][PASSED] - delay(2): Delayed 2 second(s)&#xD;
&#xD;
2019-09-19 12:10:32 - [MESSAGE][PASSED] - Delayed 2 second(s)&#xD;
&#xD;
2019-09-19 12:10:32 - [TEST_STEP][PASSED] - waitForPageLoad(50): Wait for page load successfully&#xD;
&#xD;
2019-09-19 12:10:32 - [MESSAGE][PASSED] - Wait for page load successfully&#xD;
&#xD;
2019-09-19 12:10:32 - [TEST_STEP][PASSED] - waitForElementPresent(findTestObject("Regression BackOffice/CLINK-27759/AutoBUCheck"), 50): Object 'Object Repository/Regression BackOffice/CLINK-27759/AutoBUCheck' is present&#xD;
&#xD;
2019-09-19 12:10:32 - [MESSAGE][PASSED] - Object 'Object Repository/Regression BackOffice/CLINK-27759/AutoBUCheck' is present&#xD;
&#xD;
2019-09-19 12:10:32 - [TEST_STEP][PASSED] - click(findTestObject("Regression BackOffice/CLINK-27759/AutoBUCheck")): Object: 'Object Repository/Regression BackOffice/CLINK-27759/AutoBUCheck' is clicked on&#xD;
&#xD;
2019-09-19 12:10:32 - [MESSAGE][PASSED] - Object: 'Object Repository/Regression BackOffice/CLINK-27759/AutoBUCheck' is clicked on&#xD;
&#xD;
2019-09-19 12:10:32 - [TEST_STEP][PASSED] - delay(2): Delayed 2 second(s)&#xD;
&#xD;
2019-09-19 12:10:34 - [MESSAGE][PASSED] - Delayed 2 second(s)&#xD;
&#xD;
2019-09-19 12:10:34 - [TEST_STEP][PASSED] - waitForElementPresent(findTestObject("Regression BackOffice/CLINK-27759/SpecificUser"), 50): Object 'Object Repository/Regression BackOffice/CLINK-27759/SpecificUser' is present&#xD;
&#xD;
2019-09-19 12:10:34 - [MESSAGE][PASSED] - Object 'Object Repository/Regression BackOffice/CLINK-27759/SpecificUser' is present&#xD;
&#xD;
2019-09-19 12:10:34 - [TEST_STEP][PASSED] - focus(findTestObject("Regression BackOffice/CLINK-27759/SpecificUser")): Object: 'Object Repository/Regression BackOffice/CLINK-27759/SpecificUser' is focused&#xD;
&#xD;
2019-09-19 12:10:34 - [MESSAGE][PASSED] - Object: 'Object Repository/Regression BackOffice/CLINK-27759/SpecificUser' is focused&#xD;
&#xD;
2019-09-19 12:10:34 - [TEST_STEP][PASSED] - click(findTestObject("Regression BackOffice/CLINK-27759/SpecificUser")): Object: 'Object Repository/Regression BackOffice/CLINK-27759/SpecificUser' is clicked on&#xD;
&#xD;
2019-09-19 12:10:34 - [MESSAGE][PASSED] - Object: 'Object Repository/Regression BackOffice/CLINK-27759/SpecificUser' is clicked on&#xD;
&#xD;
2019-09-19 12:10:34 - [TEST_STEP][PASSED] - setText(findTestObject("Regression BackOffice/CLINK-27759/SpecificUser"), G_CareGiverLastName): Text 'Setentilla' is set on object 'Object Repository/Regression BackOffice/CLINK-27759/SpecificUser'&#xD;
&#xD;
2019-09-19 12:10:34 - [MESSAGE][PASSED] - Text 'Setentilla' is set on object 'Object Repository/Regression BackOffice/CLINK-27759/SpecificUser'&#xD;
&#xD;
2019-09-19 12:10:34 - [TEST_STEP][PASSED] - delay(2): Delayed 2 second(s)&#xD;
&#xD;
2019-09-19 12:10:36 - [MESSAGE][PASSED] - Delayed 2 second(s)&#xD;
&#xD;
2019-09-19 12:10:36 - [TEST_STEP][PASSED] - sendKeys(findTestObject("Regression BackOffice/CLINK-27759/SpecificUser"), Keys.chord(ARROW_DOWN, ENTER)): Keys 'DOWN + ENTER + ' sent to object: 'Object Repository/Regression BackOffice/CLINK-27759/SpecificUser'&#xD;
&#xD;
2019-09-19 12:10:37 - [MESSAGE][PASSED] - Keys 'DOWN + ENTER + ' sent to object: 'Object Repository/Regression BackOffice/CLINK-27759/SpecificUser'&#xD;
&#xD;
2019-09-19 12:10:37 - [TEST_STEP][PASSED] - delay(2): Delayed 2 second(s)&#xD;
&#xD;
2019-09-19 12:10:39 - [MESSAGE][PASSED] - Delayed 2 second(s)&#xD;
&#xD;
2019-09-19 12:10:39 - [TEST_STEP][PASSED] - waitForElementPresent(findTestObject("Regression BackOffice/CLINK-27759/ShowReportLink"), 50): Unable to wait for object 'Object Repository/Regression BackOffice/CLINK-27759/ShowReportLink' to be present (Root cause: com.kms.katalon.core.exception.StepFailedException: Unable to wait for object 'Object Repository/Regression BackOffice/CLINK-27759/ShowReportLink' to be present&#xD;
	at com.kms.katalon.core.webui.keyword.internal.WebUIKeywordMain.stepFailed(WebUIKeywordMain.groovy:64)&#xD;
	at com.kms.katalon.core.webui.keyword.internal.WebUIKeywordMain.runKeyword(WebUIKeywordMain.groovy:26)&#xD;
	at com.kms.katalon.core.webui.keyword.builtin.WaitForElementPresentKeyword.waitForElementPresent(WaitForElementPresentKeyword.groovy:95)&#xD;
	at com.kms.katalon.core.webui.keyword.builtin.WaitForElementPresentKeyword.execute(WaitForElementPresentKeyword.groovy:68)&#xD;
	at com.kms.katalon.core.keyword.internal.KeywordExecutor.executeKeywordForPlatform(KeywordExecutor.groovy:56)&#xD;
	at com.kms.katalon.core.webui.keyword.WebUiBuiltInKeywords.waitForElementPresent(WebUiBuiltInKeywords.groovy:343)&#xD;
	at com.kms.katalon.core.webui.keyword.WebUiBuiltInKeywords$waitForElementPresent$6.call(Unknown Source)&#xD;
	at CLNK-27759 - Security Roles - SOX Audit.run(CLNK-27759 - Security Roles - SOX Audit:81)&#xD;
	at com.kms.katalon.core.main.ScriptEngine.run(ScriptEngine.java:194)&#xD;
	at com.kms.katalon.core.main.ScriptEngine.runScriptAsRawText(ScriptEngine.java:119)&#xD;
	at com.kms.katalon.core.main.TestCaseExecutor.runScript(TestCaseExecutor.java:337)&#xD;
	at com.kms.katalon.core.main.TestCaseExecutor.doExecute(TestCaseExecutor.java:328)&#xD;
	at com.kms.katalon.core.main.TestCaseExecutor.processExecutionPhase(TestCaseExecutor.java:307)&#xD;
	at com.kms.katalon.core.main.TestCaseExecutor.accessMainPhase(TestCaseExecutor.java:299)&#xD;
	at com.kms.katalon.core.main.TestCaseExecutor.execute(TestCaseExecutor.java:233)&#xD;
	at com.kms.katalon.core.main.TestSuiteExecutor.accessTestCaseMainPhase(TestSuiteExecutor.java:169)&#xD;
	at com.kms.katalon.core.main.TestSuiteExecutor.accessTestSuiteMainPhase(TestSuiteExecutor.java:142)&#xD;
	at com.kms.katalon.core.main.TestSuiteExecutor.execute(TestSuiteExecutor.java:91)&#xD;
	at com.kms.katalon.core.main.TestCaseMain.startTestSuite(TestCaseMain.java:157)&#xD;
	at com.kms.katalon.core.main.TestCaseMain$startTestSuite$0.call(Unknown Source)&#xD;
	at TempTestSuite1568904021899.run(TempTestSuite1568904021899.groovy:35)&#xD;
Caused by: org.openqa.selenium.UnhandledAlertException: unexpected alert open: {Alert text : The following errors were encountered on the page:
- Please select a valid User Name OR just search by Business Unit/Role
}
  (Session info: chrome=76.0.3809.132): The following errors were encountered on the page:
- Please select a valid User Name OR just search by Business Unit/Role

Build info: version: '3.141.59', revision: 'e82be7d358', time: '2018-11-14T08:25:53'
System info: host: 'DESKTOP-BPONDF2', ip: '192.168.0.121', os.name: 'Windows 10', os.arch: 'amd64', os.version: '10.0', java.version: '1.8.0_181'
Driver info: com.kms.katalon.selenium.driver.CChromeDriver
Capabilities {acceptInsecureCerts: false, browserName: chrome, browserVersion: 76.0.3809.132, chrome: {chromedriverVersion: 76.0.3809.126 (d80a294506b4..., userDataDir: C:\Users\isaac\AppData\Loca...}, goog:chromeOptions: {debuggerAddress: localhost:52144}, javascriptEnabled: true, networkConnectionEnabled: false, pageLoadStrategy: normal, platform: XP, platformName: XP, proxy: Proxy(), setWindowRect: true, strictFileInteractability: false, timeouts: {implicit: 0, pageLoad: 300000, script: 30000}, unhandledPromptBehavior: dismiss and notify}
Session ID: b2a722613e0d016c070b1ab9c31fe834
*** Element info: {Using=xpath, value=//a[@id='btnShowReport']}&#xD;
	at org.openqa.selenium.remote.http.W3CHttpResponseCodec.decode(W3CHttpResponseCodec.java:120)&#xD;
	at org.openqa.selenium.remote.http.W3CHttpResponseCodec.decode(W3CHttpResponseCodec.java:49)&#xD;
	at org.openqa.selenium.remote.HttpCommandExecutor.execute(HttpCommandExecutor.java:158)&#xD;
	at org.openqa.selenium.remote.service.DriverCommandExecutor.execute(DriverCommandExecutor.java:83)&#xD;
	at org.openqa.selenium.remote.RemoteWebDriver.execute(RemoteWebDriver.java:552)&#xD;
	at com.kms.katalon.selenium.driver.CChromeDriver.execute(CChromeDriver.java:20)&#xD;
	at org.openqa.selenium.remote.RemoteWebDriver.findElements(RemoteWebDriver.java:353)&#xD;
	at org.openqa.selenium.remote.RemoteWebDriver.findElementsByXPath(RemoteWebDriver.java:432)&#xD;
	at org.openqa.selenium.By$ByXPath.findElements(By.java:348)&#xD;
	at org.openqa.selenium.remote.RemoteWebDriver.findElements(RemoteWebDriver.java:311)&#xD;
	at com.kms.katalon.core.webui.common.WebUiCommonHelper.findWebElements(WebUiCommonHelper.java:761)&#xD;
	at com.kms.katalon.core.webui.common.WebUiCommonHelper.findWebElement(WebUiCommonHelper.java:1093)&#xD;
	at com.kms.katalon.core.webui.keyword.internal.WebUIAbstractKeyword.findWebElement(WebUIAbstractKeyword.groovy:27)&#xD;
	at com.kms.katalon.core.webui.keyword.builtin.WaitForElementPresentKeyword$_waitForElementPresent_closure1.doCall(WaitForElementPresentKeyword.groovy:81)&#xD;
	at com.kms.katalon.core.webui.keyword.builtin.WaitForElementPresentKeyword$_waitForElementPresent_closure1.call(WaitForElementPresentKeyword.groovy)&#xD;
	at com.kms.katalon.core.webui.keyword.internal.WebUIKeywordMain.runKeyword(WebUIKeywordMain.groovy:20)&#xD;
	at com.kms.katalon.core.webui.keyword.builtin.WaitForElementPresentKeyword.waitForElementPresent(WaitForElementPresentKeyword.groovy:95)&#xD;
	at com.kms.katalon.core.webui.keyword.builtin.WaitForElementPresentKeyword.execute(WaitForElementPresentKeyword.groovy:68)&#xD;
	at com.kms.katalon.core.keyword.internal.KeywordExecutor.executeKeywordForPlatform(KeywordExecutor.groovy:56)&#xD;
	at com.kms.katalon.core.webui.keyword.WebUiBuiltInKeywords.waitForElementPresent(WebUiBuiltInKeywords.groovy:343)&#xD;
	at com.kms.katalon.core.webui.keyword.WebUiBuiltInKeywords$waitForElementPresent$6.call(Unknown Source)&#xD;
	at Script1551541759583.run(Script1551541759583.groovy:81)&#xD;
	... 13 more&#xD;
)&#xD;
&#xD;
2019-09-19 12:10:39 - [MESSAGE][WARNING] - Unable to wait for object 'Object Repository/Regression BackOffice/CLINK-27759/ShowReportLink' to be present (Root cause: com.kms.katalon.core.exception.StepFailedException: Unable to wait for object 'Object Repository/Regression BackOffice/CLINK-27759/ShowReportLink' to be present&#xD;
	at com.kms.katalon.core.webui.keyword.internal.WebUIKeywordMain.stepFailed(WebUIKeywordMain.groovy:64)&#xD;
	at com.kms.katalon.core.webui.keyword.internal.WebUIKeywordMain.runKeyword(WebUIKeywordMain.groovy:26)&#xD;
	at com.kms.katalon.core.webui.keyword.builtin.WaitForElementPresentKeyword.waitForElementPresent(WaitForElementPresentKeyword.groovy:95)&#xD;
	at com.kms.katalon.core.webui.keyword.builtin.WaitForElementPresentKeyword.execute(WaitForElementPresentKeyword.groovy:68)&#xD;
	at com.kms.katalon.core.keyword.internal.KeywordExecutor.executeKeywordForPlatform(KeywordExecutor.groovy:56)&#xD;
	at com.kms.katalon.core.webui.keyword.WebUiBuiltInKeywords.waitForElementPresent(WebUiBuiltInKeywords.groovy:343)&#xD;
	at com.kms.katalon.core.webui.keyword.WebUiBuiltInKeywords$waitForElementPresent$6.call(Unknown Source)&#xD;
	at CLNK-27759 - Security Roles - SOX Audit.run(CLNK-27759 - Security Roles - SOX Audit:81)&#xD;
	at com.kms.katalon.core.main.ScriptEngine.run(ScriptEngine.java:194)&#xD;
	at com.kms.katalon.core.main.ScriptEngine.runScriptAsRawText(ScriptEngine.java:119)&#xD;
	at com.kms.katalon.core.main.TestCaseExecutor.runScript(TestCaseExecutor.java:337)&#xD;
	at com.kms.katalon.core.main.TestCaseExecutor.doExecute(TestCaseExecutor.java:328)&#xD;
	at com.kms.katalon.core.main.TestCaseExecutor.processExecutionPhase(TestCaseExecutor.java:307)&#xD;
	at com.kms.katalon.core.main.TestCaseExecutor.accessMainPhase(TestCaseExecutor.java:299)&#xD;
	at com.kms.katalon.core.main.TestCaseExecutor.execute(TestCaseExecutor.java:233)&#xD;
	at com.kms.katalon.core.main.TestSuiteExecutor.accessTestCaseMainPhase(TestSuiteExecutor.java:169)&#xD;
	at com.kms.katalon.core.main.TestSuiteExecutor.accessTestSuiteMainPhase(TestSuiteExecutor.java:142)&#xD;
	at com.kms.katalon.core.main.TestSuiteExecutor.execute(TestSuiteExecutor.java:91)&#xD;
	at com.kms.katalon.core.main.TestCaseMain.startTestSuite(TestCaseMain.java:157)&#xD;
	at com.kms.katalon.core.main.TestCaseMain$startTestSuite$0.call(Unknown Source)&#xD;
	at TempTestSuite1568904021899.run(TempTestSuite1568904021899.groovy:35)&#xD;
Caused by: org.openqa.selenium.UnhandledAlertException: unexpected alert open: {Alert text : The following errors were encountered on the page:
- Please select a valid User Name OR just search by Business Unit/Role
}
  (Session info: chrome=76.0.3809.132): The following errors were encountered on the page:
- Please select a valid User Name OR just search by Business Unit/Role

Build info: version: '3.141.59', revision: 'e82be7d358', time: '2018-11-14T08:25:53'
System info: host: 'DESKTOP-BPONDF2', ip: '192.168.0.121', os.name: 'Windows 10', os.arch: 'amd64', os.version: '10.0', java.version: '1.8.0_181'
Driver info: com.kms.katalon.selenium.driver.CChromeDriver
Capabilities {acceptInsecureCerts: false, browserName: chrome, browserVersion: 76.0.3809.132, chrome: {chromedriverVersion: 76.0.3809.126 (d80a294506b4..., userDataDir: C:\Users\isaac\AppData\Loca...}, goog:chromeOptions: {debuggerAddress: localhost:52144}, javascriptEnabled: true, networkConnectionEnabled: false, pageLoadStrategy: normal, platform: XP, platformName: XP, proxy: Proxy(), setWindowRect: true, strictFileInteractability: false, timeouts: {implicit: 0, pageLoad: 300000, script: 30000}, unhandledPromptBehavior: dismiss and notify}
Session ID: b2a722613e0d016c070b1ab9c31fe834
*** Element info: {Using=xpath, value=//a[@id='btnShowReport']}&#xD;
	at org.openqa.selenium.remote.http.W3CHttpResponseCodec.decode(W3CHttpResponseCodec.java:120)&#xD;
	at org.openqa.selenium.remote.http.W3CHttpResponseCodec.decode(W3CHttpResponseCodec.java:49)&#xD;
	at org.openqa.selenium.remote.HttpCommandExecutor.execute(HttpCommandExecutor.java:158)&#xD;
	at org.openqa.selenium.remote.service.DriverCommandExecutor.execute(DriverCommandExecutor.java:83)&#xD;
	at org.openqa.selenium.remote.RemoteWebDriver.execute(RemoteWebDriver.java:552)&#xD;
	at com.kms.katalon.selenium.driver.CChromeDriver.execute(CChromeDriver.java:20)&#xD;
	at org.openqa.selenium.remote.RemoteWebDriver.findElements(RemoteWebDriver.java:353)&#xD;
	at org.openqa.selenium.remote.RemoteWebDriver.findElementsByXPath(RemoteWebDriver.java:432)&#xD;
	at org.openqa.selenium.By$ByXPath.findElements(By.java:348)&#xD;
	at org.openqa.selenium.remote.RemoteWebDriver.findElements(RemoteWebDriver.java:311)&#xD;
	at com.kms.katalon.core.webui.common.WebUiCommonHelper.findWebElements(WebUiCommonHelper.java:761)&#xD;
	at com.kms.katalon.core.webui.common.WebUiCommonHelper.findWebElement(WebUiCommonHelper.java:1093)&#xD;
	at com.kms.katalon.core.webui.keyword.internal.WebUIAbstractKeyword.findWebElement(WebUIAbstractKeyword.groovy:27)&#xD;
	at com.kms.katalon.core.webui.keyword.builtin.WaitForElementPresentKeyword$_waitForElementPresent_closure1.doCall(WaitForElementPresentKeyword.groovy:81)&#xD;
	at com.kms.katalon.core.webui.keyword.builtin.WaitForElementPresentKeyword$_waitForElementPresent_closure1.call(WaitForElementPresentKeyword.groovy)&#xD;
	at com.kms.katalon.core.webui.keyword.internal.WebUIKeywordMain.runKeyword(WebUIKeywordMain.groovy:20)&#xD;
	at com.kms.katalon.core.webui.keyword.builtin.WaitForElementPresentKeyword.waitForElementPresent(WaitForElementPresentKeyword.groovy:95)&#xD;
	at com.kms.katalon.core.webui.keyword.builtin.WaitForElementPresentKeyword.execute(WaitForElementPresentKeyword.groovy:68)&#xD;
	at com.kms.katalon.core.keyword.internal.KeywordExecutor.executeKeywordForPlatform(KeywordExecutor.groovy:56)&#xD;
	at com.kms.katalon.core.webui.keyword.WebUiBuiltInKeywords.waitForElementPresent(WebUiBuiltInKeywords.groovy:343)&#xD;
	at com.kms.katalon.core.webui.keyword.WebUiBuiltInKeywords$waitForElementPresent$6.call(Unknown Source)&#xD;
	at Script1551541759583.run(Script1551541759583.groovy:81)&#xD;
	... 13 more&#xD;
)&#xD;
[[ATTACHMENT|C:\\Users\\isaac\\Desktop\\Clientes\\ProcuraCanada\\Katalon Studio\\Continulink\\Reports\\20190919_113944\\Regression BackOffice\\Regression BackOffice\\20190919_114021\\1568905839195.png]]&#xD;
&#xD;
2019-09-19 12:10:39 - [TEST_STEP][PASSED] - click(findTestObject("Regression BackOffice/CLINK-27759/ShowReportLink")): Object: 'Object Repository/Regression BackOffice/CLINK-27759/ShowReportLink' is clicked on&#xD;
&#xD;
2019-09-19 12:10:39 - [MESSAGE][PASSED] - Object: 'Object Repository/Regression BackOffice/CLINK-27759/ShowReportLink' is clicked on&#xD;
&#xD;
2019-09-19 12:10:39 - [TEST_STEP][PASSED] - delay(2): Delayed 2 second(s)&#xD;
&#xD;
2019-09-19 12:10:41 - [MESSAGE][PASSED] - Delayed 2 second(s)&#xD;
&#xD;
2019-09-19 12:10:41 - [TEST_STEP][PASSED] - delay(2): Delayed 2 second(s)&#xD;
&#xD;
2019-09-19 12:10:43 - [MESSAGE][PASSED] - Delayed 2 second(s)&#xD;
&#xD;
2019-09-19 12:10:43 - [TEST_STEP][PASSED] - waitForElementPresent(findTestObject("Regression BackOffice/CLINK-27759/ExportToLink"), 50): Unable to wait for object 'Object Repository/Regression BackOffice/CLINK-27759/ExportToLink' to be present (Root cause: com.kms.katalon.core.exception.StepFailedException: Unable to wait for object 'Object Repository/Regression BackOffice/CLINK-27759/ExportToLink' to be present&#xD;
	at com.kms.katalon.core.webui.keyword.internal.WebUIKeywordMain.stepFailed(WebUIKeywordMain.groovy:64)&#xD;
	at com.kms.katalon.core.webui.keyword.internal.WebUIKeywordMain.runKeyword(WebUIKeywordMain.groovy:26)&#xD;
	at com.kms.katalon.core.webui.keyword.builtin.WaitForElementPresentKeyword.waitForElementPresent(WaitForElementPresentKeyword.groovy:95)&#xD;
	at com.kms.katalon.core.webui.keyword.builtin.WaitForElementPresentKeyword.execute(WaitForElementPresentKeyword.groovy:68)&#xD;
	at com.kms.katalon.core.keyword.internal.KeywordExecutor.executeKeywordForPlatform(KeywordExecutor.groovy:56)&#xD;
	at com.kms.katalon.core.webui.keyword.WebUiBuiltInKeywords.waitForElementPresent(WebUiBuiltInKeywords.groovy:343)&#xD;
	at com.kms.katalon.core.webui.keyword.WebUiBuiltInKeywords$waitForElementPresent$6.call(Unknown Source)&#xD;
	at CLNK-27759 - Security Roles - SOX Audit.run(CLNK-27759 - Security Roles - SOX Audit:89)&#xD;
	at com.kms.katalon.core.main.ScriptEngine.run(ScriptEngine.java:194)&#xD;
	at com.kms.katalon.core.main.ScriptEngine.runScriptAsRawText(ScriptEngine.java:119)&#xD;
	at com.kms.katalon.core.main.TestCaseExecutor.runScript(TestCaseExecutor.java:337)&#xD;
	at com.kms.katalon.core.main.TestCaseExecutor.doExecute(TestCaseExecutor.java:328)&#xD;
	at com.kms.katalon.core.main.TestCaseExecutor.processExecutionPhase(TestCaseExecutor.java:307)&#xD;
	at com.kms.katalon.core.main.TestCaseExecutor.accessMainPhase(TestCaseExecutor.java:299)&#xD;
	at com.kms.katalon.core.main.TestCaseExecutor.execute(TestCaseExecutor.java:233)&#xD;
	at com.kms.katalon.core.main.TestSuiteExecutor.accessTestCaseMainPhase(TestSuiteExecutor.java:169)&#xD;
	at com.kms.katalon.core.main.TestSuiteExecutor.accessTestSuiteMainPhase(TestSuiteExecutor.java:142)&#xD;
	at com.kms.katalon.core.main.TestSuiteExecutor.execute(TestSuiteExecutor.java:91)&#xD;
	at com.kms.katalon.core.main.TestCaseMain.startTestSuite(TestCaseMain.java:157)&#xD;
	at com.kms.katalon.core.main.TestCaseMain$startTestSuite$0.call(Unknown Source)&#xD;
	at TempTestSuite1568904021899.run(TempTestSuite1568904021899.groovy:35)&#xD;
Caused by: org.openqa.selenium.UnhandledAlertException: unexpected alert open: {Alert text : The following errors were encountered on the page:
- Please select a valid User Name OR just search by Business Unit/Role
}
  (Session info: chrome=76.0.3809.132): The following errors were encountered on the page:
- Please select a valid User Name OR just search by Business Unit/Role

Build info: version: '3.141.59', revision: 'e82be7d358', time: '2018-11-14T08:25:53'
System info: host: 'DESKTOP-BPONDF2', ip: '192.168.0.121', os.name: 'Windows 10', os.arch: 'amd64', os.version: '10.0', java.version: '1.8.0_181'
Driver info: com.kms.katalon.selenium.driver.CChromeDriver
Capabilities {acceptInsecureCerts: false, browserName: chrome, browserVersion: 76.0.3809.132, chrome: {chromedriverVersion: 76.0.3809.126 (d80a294506b4..., userDataDir: C:\Users\isaac\AppData\Loca...}, goog:chromeOptions: {debuggerAddress: localhost:52144}, javascriptEnabled: true, networkConnectionEnabled: false, pageLoadStrategy: normal, platform: XP, platformName: XP, proxy: Proxy(), setWindowRect: true, strictFileInteractability: false, timeouts: {implicit: 0, pageLoad: 300000, script: 30000}, unhandledPromptBehavior: dismiss and notify}
Session ID: b2a722613e0d016c070b1ab9c31fe834
*** Element info: {Using=xpath, value=//select[@id='DDExport']}&#xD;
	at org.openqa.selenium.remote.http.W3CHttpResponseCodec.decode(W3CHttpResponseCodec.java:120)&#xD;
	at org.openqa.selenium.remote.http.W3CHttpResponseCodec.decode(W3CHttpResponseCodec.java:49)&#xD;
	at org.openqa.selenium.remote.HttpCommandExecutor.execute(HttpCommandExecutor.java:158)&#xD;
	at org.openqa.selenium.remote.service.DriverCommandExecutor.execute(DriverCommandExecutor.java:83)&#xD;
	at org.openqa.selenium.remote.RemoteWebDriver.execute(RemoteWebDriver.java:552)&#xD;
	at com.kms.katalon.selenium.driver.CChromeDriver.execute(CChromeDriver.java:20)&#xD;
	at org.openqa.selenium.remote.RemoteWebDriver.findElements(RemoteWebDriver.java:353)&#xD;
	at org.openqa.selenium.remote.RemoteWebDriver.findElementsByXPath(RemoteWebDriver.java:432)&#xD;
	at org.openqa.selenium.By$ByXPath.findElements(By.java:348)&#xD;
	at org.openqa.selenium.remote.RemoteWebDriver.findElements(RemoteWebDriver.java:311)&#xD;
	at com.kms.katalon.core.webui.common.WebUiCommonHelper.findWebElements(WebUiCommonHelper.java:761)&#xD;
	at com.kms.katalon.core.webui.common.WebUiCommonHelper.findWebElement(WebUiCommonHelper.java:1093)&#xD;
	at com.kms.katalon.core.webui.keyword.internal.WebUIAbstractKeyword.findWebElement(WebUIAbstractKeyword.groovy:27)&#xD;
	at com.kms.katalon.core.webui.keyword.builtin.WaitForElementPresentKeyword$_waitForElementPresent_closure1.doCall(WaitForElementPresentKeyword.groovy:81)&#xD;
	at com.kms.katalon.core.webui.keyword.builtin.WaitForElementPresentKeyword$_waitForElementPresent_closure1.call(WaitForElementPresentKeyword.groovy)&#xD;
	at com.kms.katalon.core.webui.keyword.internal.WebUIKeywordMain.runKeyword(WebUIKeywordMain.groovy:20)&#xD;
	at com.kms.katalon.core.webui.keyword.builtin.WaitForElementPresentKeyword.waitForElementPresent(WaitForElementPresentKeyword.groovy:95)&#xD;
	at com.kms.katalon.core.webui.keyword.builtin.WaitForElementPresentKeyword.execute(WaitForElementPresentKeyword.groovy:68)&#xD;
	at com.kms.katalon.core.keyword.internal.KeywordExecutor.executeKeywordForPlatform(KeywordExecutor.groovy:56)&#xD;
	at com.kms.katalon.core.webui.keyword.WebUiBuiltInKeywords.waitForElementPresent(WebUiBuiltInKeywords.groovy:343)&#xD;
	at com.kms.katalon.core.webui.keyword.WebUiBuiltInKeywords$waitForElementPresent$6.call(Unknown Source)&#xD;
	at Script1551541759583.run(Script1551541759583.groovy:89)&#xD;
	... 13 more&#xD;
)&#xD;
&#xD;
2019-09-19 12:10:44 - [MESSAGE][WARNING] - Unable to wait for object 'Object Repository/Regression BackOffice/CLINK-27759/ExportToLink' to be present (Root cause: com.kms.katalon.core.exception.StepFailedException: Unable to wait for object 'Object Repository/Regression BackOffice/CLINK-27759/ExportToLink' to be present&#xD;
	at com.kms.katalon.core.webui.keyword.internal.WebUIKeywordMain.stepFailed(WebUIKeywordMain.groovy:64)&#xD;
	at com.kms.katalon.core.webui.keyword.internal.WebUIKeywordMain.runKeyword(WebUIKeywordMain.groovy:26)&#xD;
	at com.kms.katalon.core.webui.keyword.builtin.WaitForElementPresentKeyword.waitForElementPresent(WaitForElementPresentKeyword.groovy:95)&#xD;
	at com.kms.katalon.core.webui.keyword.builtin.WaitForElementPresentKeyword.execute(WaitForElementPresentKeyword.groovy:68)&#xD;
	at com.kms.katalon.core.keyword.internal.KeywordExecutor.executeKeywordForPlatform(KeywordExecutor.groovy:56)&#xD;
	at com.kms.katalon.core.webui.keyword.WebUiBuiltInKeywords.waitForElementPresent(WebUiBuiltInKeywords.groovy:343)&#xD;
	at com.kms.katalon.core.webui.keyword.WebUiBuiltInKeywords$waitForElementPresent$6.call(Unknown Source)&#xD;
	at CLNK-27759 - Security Roles - SOX Audit.run(CLNK-27759 - Security Roles - SOX Audit:89)&#xD;
	at com.kms.katalon.core.main.ScriptEngine.run(ScriptEngine.java:194)&#xD;
	at com.kms.katalon.core.main.ScriptEngine.runScriptAsRawText(ScriptEngine.java:119)&#xD;
	at com.kms.katalon.core.main.TestCaseExecutor.runScript(TestCaseExecutor.java:337)&#xD;
	at com.kms.katalon.core.main.TestCaseExecutor.doExecute(TestCaseExecutor.java:328)&#xD;
	at com.kms.katalon.core.main.TestCaseExecutor.processExecutionPhase(TestCaseExecutor.java:307)&#xD;
	at com.kms.katalon.core.main.TestCaseExecutor.accessMainPhase(TestCaseExecutor.java:299)&#xD;
	at com.kms.katalon.core.main.TestCaseExecutor.execute(TestCaseExecutor.java:233)&#xD;
	at com.kms.katalon.core.main.TestSuiteExecutor.accessTestCaseMainPhase(TestSuiteExecutor.java:169)&#xD;
	at com.kms.katalon.core.main.TestSuiteExecutor.accessTestSuiteMainPhase(TestSuiteExecutor.java:142)&#xD;
	at com.kms.katalon.core.main.TestSuiteExecutor.execute(TestSuiteExecutor.java:91)&#xD;
	at com.kms.katalon.core.main.TestCaseMain.startTestSuite(TestCaseMain.java:157)&#xD;
	at com.kms.katalon.core.main.TestCaseMain$startTestSuite$0.call(Unknown Source)&#xD;
	at TempTestSuite1568904021899.run(TempTestSuite1568904021899.groovy:35)&#xD;
Caused by: org.openqa.selenium.UnhandledAlertException: unexpected alert open: {Alert text : The following errors were encountered on the page:
- Please select a valid User Name OR just search by Business Unit/Role
}
  (Session info: chrome=76.0.3809.132): The following errors were encountered on the page:
- Please select a valid User Name OR just search by Business Unit/Role

Build info: version: '3.141.59', revision: 'e82be7d358', time: '2018-11-14T08:25:53'
System info: host: 'DESKTOP-BPONDF2', ip: '192.168.0.121', os.name: 'Windows 10', os.arch: 'amd64', os.version: '10.0', java.version: '1.8.0_181'
Driver info: com.kms.katalon.selenium.driver.CChromeDriver
Capabilities {acceptInsecureCerts: false, browserName: chrome, browserVersion: 76.0.3809.132, chrome: {chromedriverVersion: 76.0.3809.126 (d80a294506b4..., userDataDir: C:\Users\isaac\AppData\Loca...}, goog:chromeOptions: {debuggerAddress: localhost:52144}, javascriptEnabled: true, networkConnectionEnabled: false, pageLoadStrategy: normal, platform: XP, platformName: XP, proxy: Proxy(), setWindowRect: true, strictFileInteractability: false, timeouts: {implicit: 0, pageLoad: 300000, script: 30000}, unhandledPromptBehavior: dismiss and notify}
Session ID: b2a722613e0d016c070b1ab9c31fe834
*** Element info: {Using=xpath, value=//select[@id='DDExport']}&#xD;
	at org.openqa.selenium.remote.http.W3CHttpResponseCodec.decode(W3CHttpResponseCodec.java:120)&#xD;
	at org.openqa.selenium.remote.http.W3CHttpResponseCodec.decode(W3CHttpResponseCodec.java:49)&#xD;
	at org.openqa.selenium.remote.HttpCommandExecutor.execute(HttpCommandExecutor.java:158)&#xD;
	at org.openqa.selenium.remote.service.DriverCommandExecutor.execute(DriverCommandExecutor.java:83)&#xD;
	at org.openqa.selenium.remote.RemoteWebDriver.execute(RemoteWebDriver.java:552)&#xD;
	at com.kms.katalon.selenium.driver.CChromeDriver.execute(CChromeDriver.java:20)&#xD;
	at org.openqa.selenium.remote.RemoteWebDriver.findElements(RemoteWebDriver.java:353)&#xD;
	at org.openqa.selenium.remote.RemoteWebDriver.findElementsByXPath(RemoteWebDriver.java:432)&#xD;
	at org.openqa.selenium.By$ByXPath.findElements(By.java:348)&#xD;
	at org.openqa.selenium.remote.RemoteWebDriver.findElements(RemoteWebDriver.java:311)&#xD;
	at com.kms.katalon.core.webui.common.WebUiCommonHelper.findWebElements(WebUiCommonHelper.java:761)&#xD;
	at com.kms.katalon.core.webui.common.WebUiCommonHelper.findWebElement(WebUiCommonHelper.java:1093)&#xD;
	at com.kms.katalon.core.webui.keyword.internal.WebUIAbstractKeyword.findWebElement(WebUIAbstractKeyword.groovy:27)&#xD;
	at com.kms.katalon.core.webui.keyword.builtin.WaitForElementPresentKeyword$_waitForElementPresent_closure1.doCall(WaitForElementPresentKeyword.groovy:81)&#xD;
	at com.kms.katalon.core.webui.keyword.builtin.WaitForElementPresentKeyword$_waitForElementPresent_closure1.call(WaitForElementPresentKeyword.groovy)&#xD;
	at com.kms.katalon.core.webui.keyword.internal.WebUIKeywordMain.runKeyword(WebUIKeywordMain.groovy:20)&#xD;
	at com.kms.katalon.core.webui.keyword.builtin.WaitForElementPresentKeyword.waitForElementPresent(WaitForElementPresentKeyword.groovy:95)&#xD;
	at com.kms.katalon.core.webui.keyword.builtin.WaitForElementPresentKeyword.execute(WaitForElementPresentKeyword.groovy:68)&#xD;
	at com.kms.katalon.core.keyword.internal.KeywordExecutor.executeKeywordForPlatform(KeywordExecutor.groovy:56)&#xD;
	at com.kms.katalon.core.webui.keyword.WebUiBuiltInKeywords.waitForElementPresent(WebUiBuiltInKeywords.groovy:343)&#xD;
	at com.kms.katalon.core.webui.keyword.WebUiBuiltInKeywords$waitForElementPresent$6.call(Unknown Source)&#xD;
	at Script1551541759583.run(Script1551541759583.groovy:89)&#xD;
	... 13 more&#xD;
)&#xD;
[[ATTACHMENT|C:\\Users\\isaac\\Desktop\\Clientes\\ProcuraCanada\\Katalon Studio\\Continulink\\Reports\\20190919_113944\\Regression BackOffice\\Regression BackOffice\\20190919_114021\\1568905843969.png]]&#xD;
&#xD;
2019-09-19 12:10:44 - [TEST_STEP][PASSED] - focus(findTestObject("Regression BackOffice/CLINK-27759/ExportToLink")): Object: 'Object Repository/Regression BackOffice/CLINK-27759/ExportToLink' is focused&#xD;
&#xD;
2019-09-19 12:10:44 - [MESSAGE][PASSED] - Object: 'Object Repository/Regression BackOffice/CLINK-27759/ExportToLink' is focused&#xD;
&#xD;
2019-09-19 12:10:44 - [TEST_STEP][PASSED] - click(findTestObject("Regression BackOffice/CLINK-27759/ExportToLink")): Unable to click on object 'Object Repository/Regression BackOffice/CLINK-27759/ExportToLink' (Root cause: com.kms.katalon.core.exception.StepFailedException: Unable to click on object 'Object Repository/Regression BackOffice/CLINK-27759/ExportToLink'&#xD;
	at com.kms.katalon.core.webui.keyword.internal.WebUIKeywordMain.stepFailed(WebUIKeywordMain.groovy:64)&#xD;
	at com.kms.katalon.core.webui.keyword.internal.WebUIKeywordMain.runKeyword(WebUIKeywordMain.groovy:26)&#xD;
	at com.kms.katalon.core.webui.keyword.builtin.ClickKeyword.click(ClickKeyword.groovy:86)&#xD;
	at com.kms.katalon.core.webui.keyword.builtin.ClickKeyword.execute(ClickKeyword.groovy:67)&#xD;
	at com.kms.katalon.core.keyword.internal.KeywordExecutor.executeKeywordForPlatform(KeywordExecutor.groovy:56)&#xD;
	at com.kms.katalon.core.webui.keyword.WebUiBuiltInKeywords.click(WebUiBuiltInKeywords.groovy:616)&#xD;
	at com.kms.katalon.core.webui.keyword.WebUiBuiltInKeywords$click$4.call(Unknown Source)&#xD;
	at CLNK-27759 - Security Roles - SOX Audit.run(CLNK-27759 - Security Roles - SOX Audit:93)&#xD;
	at com.kms.katalon.core.main.ScriptEngine.run(ScriptEngine.java:194)&#xD;
	at com.kms.katalon.core.main.ScriptEngine.runScriptAsRawText(ScriptEngine.java:119)&#xD;
	at com.kms.katalon.core.main.TestCaseExecutor.runScript(TestCaseExecutor.java:337)&#xD;
	at com.kms.katalon.core.main.TestCaseExecutor.doExecute(TestCaseExecutor.java:328)&#xD;
	at com.kms.katalon.core.main.TestCaseExecutor.processExecutionPhase(TestCaseExecutor.java:307)&#xD;
	at com.kms.katalon.core.main.TestCaseExecutor.accessMainPhase(TestCaseExecutor.java:299)&#xD;
	at com.kms.katalon.core.main.TestCaseExecutor.execute(TestCaseExecutor.java:233)&#xD;
	at com.kms.katalon.core.main.TestSuiteExecutor.accessTestCaseMainPhase(TestSuiteExecutor.java:169)&#xD;
	at com.kms.katalon.core.main.TestSuiteExecutor.accessTestSuiteMainPhase(TestSuiteExecutor.java:142)&#xD;
	at com.kms.katalon.core.main.TestSuiteExecutor.execute(TestSuiteExecutor.java:91)&#xD;
	at com.kms.katalon.core.main.TestCaseMain.startTestSuite(TestCaseMain.java:157)&#xD;
	at com.kms.katalon.core.main.TestCaseMain$startTestSuite$0.call(Unknown Source)&#xD;
	at TempTestSuite1568904021899.run(TempTestSuite1568904021899.groovy:35)&#xD;
Caused by: org.openqa.selenium.ElementNotInteractableException: element not interactable
  (Session info: chrome=76.0.3809.132)
Build info: version: '3.141.59', revision: 'e82be7d358', time: '2018-11-14T08:25:53'
System info: host: 'DESKTOP-BPONDF2', ip: '192.168.0.121', os.name: 'Windows 10', os.arch: 'amd64', os.version: '10.0', java.version: '1.8.0_181'
Driver info: com.kms.katalon.selenium.driver.CChromeDriver
Capabilities {acceptInsecureCerts: false, browserName: chrome, browserVersion: 76.0.3809.132, chrome: {chromedriverVersion: 76.0.3809.126 (d80a294506b4..., userDataDir: C:\Users\isaac\AppData\Loca...}, goog:chromeOptions: {debuggerAddress: localhost:52144}, javascriptEnabled: true, networkConnectionEnabled: false, pageLoadStrategy: normal, platform: XP, platformName: XP, proxy: Proxy(), setWindowRect: true, strictFileInteractability: false, timeouts: {implicit: 0, pageLoad: 300000, script: 30000}, unhandledPromptBehavior: dismiss and notify}
Session ID: b2a722613e0d016c070b1ab9c31fe834&#xD;
	at org.openqa.selenium.remote.http.W3CHttpResponseCodec.createException(W3CHttpResponseCodec.java:187)&#xD;
	at org.openqa.selenium.remote.http.W3CHttpResponseCodec.decode(W3CHttpResponseCodec.java:122)&#xD;
	at org.openqa.selenium.remote.http.W3CHttpResponseCodec.decode(W3CHttpResponseCodec.java:49)&#xD;
	at org.openqa.selenium.remote.HttpCommandExecutor.execute(HttpCommandExecutor.java:158)&#xD;
	at org.openqa.selenium.remote.service.DriverCommandExecutor.execute(DriverCommandExecutor.java:83)&#xD;
	at org.openqa.selenium.remote.RemoteWebDriver.execute(RemoteWebDriver.java:552)&#xD;
	at com.kms.katalon.selenium.driver.CChromeDriver.execute(CChromeDriver.java:20)&#xD;
	at org.openqa.selenium.remote.RemoteWebElement.execute(RemoteWebElement.java:285)&#xD;
	at org.openqa.selenium.remote.RemoteWebElement.click(RemoteWebElement.java:84)&#xD;
	at com.kms.katalon.core.webui.keyword.builtin.ClickKeyword$_click_closure1.doCall(ClickKeyword.groovy:79)&#xD;
	at com.kms.katalon.core.webui.keyword.builtin.ClickKeyword$_click_closure1.call(ClickKeyword.groovy)&#xD;
	at com.kms.katalon.core.webui.keyword.internal.WebUIKeywordMain.runKeyword(WebUIKeywordMain.groovy:20)&#xD;
	at com.kms.katalon.core.webui.keyword.builtin.ClickKeyword.click(ClickKeyword.groovy:86)&#xD;
	at com.kms.katalon.core.webui.keyword.builtin.ClickKeyword.execute(ClickKeyword.groovy:67)&#xD;
	at com.kms.katalon.core.keyword.internal.KeywordExecutor.executeKeywordForPlatform(KeywordExecutor.groovy:56)&#xD;
	at com.kms.katalon.core.webui.keyword.WebUiBuiltInKeywords.click(WebUiBuiltInKeywords.groovy:616)&#xD;
	at com.kms.katalon.core.webui.keyword.WebUiBuiltInKeywords$click$4.call(Unknown Source)&#xD;
	at Script1551541759583.run(Script1551541759583.groovy:93)&#xD;
	... 13 more&#xD;
)&#xD;
&#xD;
2019-09-19 12:10:45 - [MESSAGE][WARNING] - Unable to click on object 'Object Repository/Regression BackOffice/CLINK-27759/ExportToLink' (Root cause: com.kms.katalon.core.exception.StepFailedException: Unable to click on object 'Object Repository/Regression BackOffice/CLINK-27759/ExportToLink'&#xD;
	at com.kms.katalon.core.webui.keyword.internal.WebUIKeywordMain.stepFailed(WebUIKeywordMain.groovy:64)&#xD;
	at com.kms.katalon.core.webui.keyword.internal.WebUIKeywordMain.runKeyword(WebUIKeywordMain.groovy:26)&#xD;
	at com.kms.katalon.core.webui.keyword.builtin.ClickKeyword.click(ClickKeyword.groovy:86)&#xD;
	at com.kms.katalon.core.webui.keyword.builtin.ClickKeyword.execute(ClickKeyword.groovy:67)&#xD;
	at com.kms.katalon.core.keyword.internal.KeywordExecutor.executeKeywordForPlatform(KeywordExecutor.groovy:56)&#xD;
	at com.kms.katalon.core.webui.keyword.WebUiBuiltInKeywords.click(WebUiBuiltInKeywords.groovy:616)&#xD;
	at com.kms.katalon.core.webui.keyword.WebUiBuiltInKeywords$click$4.call(Unknown Source)&#xD;
	at CLNK-27759 - Security Roles - SOX Audit.run(CLNK-27759 - Security Roles - SOX Audit:93)&#xD;
	at com.kms.katalon.core.main.ScriptEngine.run(ScriptEngine.java:194)&#xD;
	at com.kms.katalon.core.main.ScriptEngine.runScriptAsRawText(ScriptEngine.java:119)&#xD;
	at com.kms.katalon.core.main.TestCaseExecutor.runScript(TestCaseExecutor.java:337)&#xD;
	at com.kms.katalon.core.main.TestCaseExecutor.doExecute(TestCaseExecutor.java:328)&#xD;
	at com.kms.katalon.core.main.TestCaseExecutor.processExecutionPhase(TestCaseExecutor.java:307)&#xD;
	at com.kms.katalon.core.main.TestCaseExecutor.accessMainPhase(TestCaseExecutor.java:299)&#xD;
	at com.kms.katalon.core.main.TestCaseExecutor.execute(TestCaseExecutor.java:233)&#xD;
	at com.kms.katalon.core.main.TestSuiteExecutor.accessTestCaseMainPhase(TestSuiteExecutor.java:169)&#xD;
	at com.kms.katalon.core.main.TestSuiteExecutor.accessTestSuiteMainPhase(TestSuiteExecutor.java:142)&#xD;
	at com.kms.katalon.core.main.TestSuiteExecutor.execute(TestSuiteExecutor.java:91)&#xD;
	at com.kms.katalon.core.main.TestCaseMain.startTestSuite(TestCaseMain.java:157)&#xD;
	at com.kms.katalon.core.main.TestCaseMain$startTestSuite$0.call(Unknown Source)&#xD;
	at TempTestSuite1568904021899.run(TempTestSuite1568904021899.groovy:35)&#xD;
Caused by: org.openqa.selenium.ElementNotInteractableException: element not interactable
  (Session info: chrome=76.0.3809.132)
Build info: version: '3.141.59', revision: 'e82be7d358', time: '2018-11-14T08:25:53'
System info: host: 'DESKTOP-BPONDF2', ip: '192.168.0.121', os.name: 'Windows 10', os.arch: 'amd64', os.version: '10.0', java.version: '1.8.0_181'
Driver info: com.kms.katalon.selenium.driver.CChromeDriver
Capabilities {acceptInsecureCerts: false, browserName: chrome, browserVersion: 76.0.3809.132, chrome: {chromedriverVersion: 76.0.3809.126 (d80a294506b4..., userDataDir: C:\Users\isaac\AppData\Loca...}, goog:chromeOptions: {debuggerAddress: localhost:52144}, javascriptEnabled: true, networkConnectionEnabled: false, pageLoadStrategy: normal, platform: XP, platformName: XP, proxy: Proxy(), setWindowRect: true, strictFileInteractability: false, timeouts: {implicit: 0, pageLoad: 300000, script: 30000}, unhandledPromptBehavior: dismiss and notify}
Session ID: b2a722613e0d016c070b1ab9c31fe834&#xD;
	at org.openqa.selenium.remote.http.W3CHttpResponseCodec.createException(W3CHttpResponseCodec.java:187)&#xD;
	at org.openqa.selenium.remote.http.W3CHttpResponseCodec.decode(W3CHttpResponseCodec.java:122)&#xD;
	at org.openqa.selenium.remote.http.W3CHttpResponseCodec.decode(W3CHttpResponseCodec.java:49)&#xD;
	at org.openqa.selenium.remote.HttpCommandExecutor.execute(HttpCommandExecutor.java:158)&#xD;
	at org.openqa.selenium.remote.service.DriverCommandExecutor.execute(DriverCommandExecutor.java:83)&#xD;
	at org.openqa.selenium.remote.RemoteWebDriver.execute(RemoteWebDriver.java:552)&#xD;
	at com.kms.katalon.selenium.driver.CChromeDriver.execute(CChromeDriver.java:20)&#xD;
	at org.openqa.selenium.remote.RemoteWebElement.execute(RemoteWebElement.java:285)&#xD;
	at org.openqa.selenium.remote.RemoteWebElement.click(RemoteWebElement.java:84)&#xD;
	at com.kms.katalon.core.webui.keyword.builtin.ClickKeyword$_click_closure1.doCall(ClickKeyword.groovy:79)&#xD;
	at com.kms.katalon.core.webui.keyword.builtin.ClickKeyword$_click_closure1.call(ClickKeyword.groovy)&#xD;
	at com.kms.katalon.core.webui.keyword.internal.WebUIKeywordMain.runKeyword(WebUIKeywordMain.groovy:20)&#xD;
	at com.kms.katalon.core.webui.keyword.builtin.ClickKeyword.click(ClickKeyword.groovy:86)&#xD;
	at com.kms.katalon.core.webui.keyword.builtin.ClickKeyword.execute(ClickKeyword.groovy:67)&#xD;
	at com.kms.katalon.core.keyword.internal.KeywordExecutor.executeKeywordForPlatform(KeywordExecutor.groovy:56)&#xD;
	at com.kms.katalon.core.webui.keyword.WebUiBuiltInKeywords.click(WebUiBuiltInKeywords.groovy:616)&#xD;
	at com.kms.katalon.core.webui.keyword.WebUiBuiltInKeywords$click$4.call(Unknown Source)&#xD;
	at Script1551541759583.run(Script1551541759583.groovy:93)&#xD;
	... 13 more&#xD;
)&#xD;
[[ATTACHMENT|C:\\Users\\isaac\\Desktop\\Clientes\\ProcuraCanada\\Katalon Studio\\Continulink\\Reports\\20190919_113944\\Regression BackOffice\\Regression BackOffice\\20190919_114021\\1568905844840.png]]&#xD;
&#xD;
2019-09-19 12:10:45 - [TEST_STEP][PASSED] - delay(2): Delayed 2 second(s)&#xD;
&#xD;
2019-09-19 12:10:47 - [MESSAGE][PASSED] - Delayed 2 second(s)&#xD;
&#xD;
2019-09-19 12:10:47 - [TEST_STEP][PASSED] - sendKeys(findTestObject("Regression BackOffice/CLINK-27759/ExportToLink"), Keys.chord(ARROW_DOWN, ENTER)): Unable to send keys '' to object 'Object Repository/Regression BackOffice/CLINK-27759/ExportToLink' (Root cause: com.kms.katalon.core.exception.StepFailedException: Unable to send keys '' to object 'Object Repository/Regression BackOffice/CLINK-27759/ExportToLink'&#xD;
	at com.kms.katalon.core.webui.keyword.internal.WebUIKeywordMain.stepFailed(WebUIKeywordMain.groovy:64)&#xD;
	at com.kms.katalon.core.webui.keyword.internal.WebUIKeywordMain.runKeyword(WebUIKeywordMain.groovy:26)&#xD;
	at com.kms.katalon.core.webui.keyword.builtin.SendKeysKeyword.sendKeys(SendKeysKeyword.groovy:60)&#xD;
	at com.kms.katalon.core.webui.keyword.builtin.SendKeysKeyword.execute(SendKeysKeyword.groovy:38)&#xD;
	at com.kms.katalon.core.keyword.internal.KeywordExecutor.executeKeywordForPlatform(KeywordExecutor.groovy:56)&#xD;
	at com.kms.katalon.core.webui.keyword.WebUiBuiltInKeywords.sendKeys(WebUiBuiltInKeywords.groovy:834)&#xD;
	at com.kms.katalon.core.webui.keyword.WebUiBuiltInKeywords$sendKeys$11.call(Unknown Source)&#xD;
	at CLNK-27759 - Security Roles - SOX Audit.run(CLNK-27759 - Security Roles - SOX Audit:97)&#xD;
	at com.kms.katalon.core.main.ScriptEngine.run(ScriptEngine.java:194)&#xD;
	at com.kms.katalon.core.main.ScriptEngine.runScriptAsRawText(ScriptEngine.java:119)&#xD;
	at com.kms.katalon.core.main.TestCaseExecutor.runScript(TestCaseExecutor.java:337)&#xD;
	at com.kms.katalon.core.main.TestCaseExecutor.doExecute(TestCaseExecutor.java:328)&#xD;
	at com.kms.katalon.core.main.TestCaseExecutor.processExecutionPhase(TestCaseExecutor.java:307)&#xD;
	at com.kms.katalon.core.main.TestCaseExecutor.accessMainPhase(TestCaseExecutor.java:299)&#xD;
	at com.kms.katalon.core.main.TestCaseExecutor.execute(TestCaseExecutor.java:233)&#xD;
	at com.kms.katalon.core.main.TestSuiteExecutor.accessTestCaseMainPhase(TestSuiteExecutor.java:169)&#xD;
	at com.kms.katalon.core.main.TestSuiteExecutor.accessTestSuiteMainPhase(TestSuiteExecutor.java:142)&#xD;
	at com.kms.katalon.core.main.TestSuiteExecutor.execute(TestSuiteExecutor.java:91)&#xD;
	at com.kms.katalon.core.main.TestCaseMain.startTestSuite(TestCaseMain.java:157)&#xD;
	at com.kms.katalon.core.main.TestCaseMain$startTestSuite$0.call(Unknown Source)&#xD;
	at TempTestSuite1568904021899.run(TempTestSuite1568904021899.groovy:35)&#xD;
Caused by: org.openqa.selenium.ElementNotInteractableException: element not interactable
  (Session info: chrome=76.0.3809.132)
Build info: version: '3.141.59', revision: 'e82be7d358', time: '2018-11-14T08:25:53'
System info: host: 'DESKTOP-BPONDF2', ip: '192.168.0.121', os.name: 'Windows 10', os.arch: 'amd64', os.version: '10.0', java.version: '1.8.0_181'
Driver info: com.kms.katalon.selenium.driver.CChromeDriver
Capabilities {acceptInsecureCerts: false, browserName: chrome, browserVersion: 76.0.3809.132, chrome: {chromedriverVersion: 76.0.3809.126 (d80a294506b4..., userDataDir: C:\Users\isaac\AppData\Loca...}, goog:chromeOptions: {debuggerAddress: localhost:52144}, javascriptEnabled: true, networkConnectionEnabled: false, pageLoadStrategy: normal, platform: XP, platformName: XP, proxy: Proxy(), setWindowRect: true, strictFileInteractability: false, timeouts: {implicit: 0, pageLoad: 300000, script: 30000}, unhandledPromptBehavior: dismiss and notify}
Session ID: b2a722613e0d016c070b1ab9c31fe834&#xD;
	at org.openqa.selenium.remote.http.W3CHttpResponseCodec.createException(W3CHttpResponseCodec.java:187)&#xD;
	at org.openqa.selenium.remote.http.W3CHttpResponseCodec.decode(W3CHttpResponseCodec.java:122)&#xD;
	at org.openqa.selenium.remote.http.W3CHttpResponseCodec.decode(W3CHttpResponseCodec.java:49)&#xD;
	at org.openqa.selenium.remote.HttpCommandExecutor.execute(HttpCommandExecutor.java:158)&#xD;
	at org.openqa.selenium.remote.service.DriverCommandExecutor.execute(DriverCommandExecutor.java:83)&#xD;
	at org.openqa.selenium.remote.RemoteWebDriver.execute(RemoteWebDriver.java:552)&#xD;
	at com.kms.katalon.selenium.driver.CChromeDriver.execute(CChromeDriver.java:20)&#xD;
	at org.openqa.selenium.remote.RemoteWebElement.execute(RemoteWebElement.java:285)&#xD;
	at org.openqa.selenium.remote.RemoteWebElement.sendKeys(RemoteWebElement.java:106)&#xD;
	at com.kms.katalon.core.webui.keyword.builtin.SendKeysKeyword$_sendKeys_closure1.doCall(SendKeysKeyword.groovy:53)&#xD;
	at com.kms.katalon.core.webui.keyword.builtin.SendKeysKeyword$_sendKeys_closure1.call(SendKeysKeyword.groovy)&#xD;
	at com.kms.katalon.core.webui.keyword.internal.WebUIKeywordMain.runKeyword(WebUIKeywordMain.groovy:20)&#xD;
	at com.kms.katalon.core.webui.keyword.builtin.SendKeysKeyword.sendKeys(SendKeysKeyword.groovy:60)&#xD;
	at com.kms.katalon.core.webui.keyword.builtin.SendKeysKeyword.execute(SendKeysKeyword.groovy:38)&#xD;
	at com.kms.katalon.core.keyword.internal.KeywordExecutor.executeKeywordForPlatform(KeywordExecutor.groovy:56)&#xD;
	at com.kms.katalon.core.webui.keyword.WebUiBuiltInKeywords.sendKeys(WebUiBuiltInKeywords.groovy:834)&#xD;
	at com.kms.katalon.core.webui.keyword.WebUiBuiltInKeywords$sendKeys$11.call(Unknown Source)&#xD;
	at Script1551541759583.run(Script1551541759583.groovy:97)&#xD;
	... 13 more&#xD;
)&#xD;
&#xD;
2019-09-19 12:10:47 - [MESSAGE][WARNING] - Unable to send keys '' to object 'Object Repository/Regression BackOffice/CLINK-27759/ExportToLink' (Root cause: com.kms.katalon.core.exception.StepFailedException: Unable to send keys '' to object 'Object Repository/Regression BackOffice/CLINK-27759/ExportToLink'&#xD;
	at com.kms.katalon.core.webui.keyword.internal.WebUIKeywordMain.stepFailed(WebUIKeywordMain.groovy:64)&#xD;
	at com.kms.katalon.core.webui.keyword.internal.WebUIKeywordMain.runKeyword(WebUIKeywordMain.groovy:26)&#xD;
	at com.kms.katalon.core.webui.keyword.builtin.SendKeysKeyword.sendKeys(SendKeysKeyword.groovy:60)&#xD;
	at com.kms.katalon.core.webui.keyword.builtin.SendKeysKeyword.execute(SendKeysKeyword.groovy:38)&#xD;
	at com.kms.katalon.core.keyword.internal.KeywordExecutor.executeKeywordForPlatform(KeywordExecutor.groovy:56)&#xD;
	at com.kms.katalon.core.webui.keyword.WebUiBuiltInKeywords.sendKeys(WebUiBuiltInKeywords.groovy:834)&#xD;
	at com.kms.katalon.core.webui.keyword.WebUiBuiltInKeywords$sendKeys$11.call(Unknown Source)&#xD;
	at CLNK-27759 - Security Roles - SOX Audit.run(CLNK-27759 - Security Roles - SOX Audit:97)&#xD;
	at com.kms.katalon.core.main.ScriptEngine.run(ScriptEngine.java:194)&#xD;
	at com.kms.katalon.core.main.ScriptEngine.runScriptAsRawText(ScriptEngine.java:119)&#xD;
	at com.kms.katalon.core.main.TestCaseExecutor.runScript(TestCaseExecutor.java:337)&#xD;
	at com.kms.katalon.core.main.TestCaseExecutor.doExecute(TestCaseExecutor.java:328)&#xD;
	at com.kms.katalon.core.main.TestCaseExecutor.processExecutionPhase(TestCaseExecutor.java:307)&#xD;
	at com.kms.katalon.core.main.TestCaseExecutor.accessMainPhase(TestCaseExecutor.java:299)&#xD;
	at com.kms.katalon.core.main.TestCaseExecutor.execute(TestCaseExecutor.java:233)&#xD;
	at com.kms.katalon.core.main.TestSuiteExecutor.accessTestCaseMainPhase(TestSuiteExecutor.java:169)&#xD;
	at com.kms.katalon.core.main.TestSuiteExecutor.accessTestSuiteMainPhase(TestSuiteExecutor.java:142)&#xD;
	at com.kms.katalon.core.main.TestSuiteExecutor.execute(TestSuiteExecutor.java:91)&#xD;
	at com.kms.katalon.core.main.TestCaseMain.startTestSuite(TestCaseMain.java:157)&#xD;
	at com.kms.katalon.core.main.TestCaseMain$startTestSuite$0.call(Unknown Source)&#xD;
	at TempTestSuite1568904021899.run(TempTestSuite1568904021899.groovy:35)&#xD;
Caused by: org.openqa.selenium.ElementNotInteractableException: element not interactable
  (Session info: chrome=76.0.3809.132)
Build info: version: '3.141.59', revision: 'e82be7d358', time: '2018-11-14T08:25:53'
System info: host: 'DESKTOP-BPONDF2', ip: '192.168.0.121', os.name: 'Windows 10', os.arch: 'amd64', os.version: '10.0', java.version: '1.8.0_181'
Driver info: com.kms.katalon.selenium.driver.CChromeDriver
Capabilities {acceptInsecureCerts: false, browserName: chrome, browserVersion: 76.0.3809.132, chrome: {chromedriverVersion: 76.0.3809.126 (d80a294506b4..., userDataDir: C:\Users\isaac\AppData\Loca...}, goog:chromeOptions: {debuggerAddress: localhost:52144}, javascriptEnabled: true, networkConnectionEnabled: false, pageLoadStrategy: normal, platform: XP, platformName: XP, proxy: Proxy(), setWindowRect: true, strictFileInteractability: false, timeouts: {implicit: 0, pageLoad: 300000, script: 30000}, unhandledPromptBehavior: dismiss and notify}
Session ID: b2a722613e0d016c070b1ab9c31fe834&#xD;
	at org.openqa.selenium.remote.http.W3CHttpResponseCodec.createException(W3CHttpResponseCodec.java:187)&#xD;
	at org.openqa.selenium.remote.http.W3CHttpResponseCodec.decode(W3CHttpResponseCodec.java:122)&#xD;
	at org.openqa.selenium.remote.http.W3CHttpResponseCodec.decode(W3CHttpResponseCodec.java:49)&#xD;
	at org.openqa.selenium.remote.HttpCommandExecutor.execute(HttpCommandExecutor.java:158)&#xD;
	at org.openqa.selenium.remote.service.DriverCommandExecutor.execute(DriverCommandExecutor.java:83)&#xD;
	at org.openqa.selenium.remote.RemoteWebDriver.execute(RemoteWebDriver.java:552)&#xD;
	at com.kms.katalon.selenium.driver.CChromeDriver.execute(CChromeDriver.java:20)&#xD;
	at org.openqa.selenium.remote.RemoteWebElement.execute(RemoteWebElement.java:285)&#xD;
	at org.openqa.selenium.remote.RemoteWebElement.sendKeys(RemoteWebElement.java:106)&#xD;
	at com.kms.katalon.core.webui.keyword.builtin.SendKeysKeyword$_sendKeys_closure1.doCall(SendKeysKeyword.groovy:53)&#xD;
	at com.kms.katalon.core.webui.keyword.builtin.SendKeysKeyword$_sendKeys_closure1.call(SendKeysKeyword.groovy)&#xD;
	at com.kms.katalon.core.webui.keyword.internal.WebUIKeywordMain.runKeyword(WebUIKeywordMain.groovy:20)&#xD;
	at com.kms.katalon.core.webui.keyword.builtin.SendKeysKeyword.sendKeys(SendKeysKeyword.groovy:60)&#xD;
	at com.kms.katalon.core.webui.keyword.builtin.SendKeysKeyword.execute(SendKeysKeyword.groovy:38)&#xD;
	at com.kms.katalon.core.keyword.internal.KeywordExecutor.executeKeywordForPlatform(KeywordExecutor.groovy:56)&#xD;
	at com.kms.katalon.core.webui.keyword.WebUiBuiltInKeywords.sendKeys(WebUiBuiltInKeywords.groovy:834)&#xD;
	at com.kms.katalon.core.webui.keyword.WebUiBuiltInKeywords$sendKeys$11.call(Unknown Source)&#xD;
	at Script1551541759583.run(Script1551541759583.groovy:97)&#xD;
	... 13 more&#xD;
)&#xD;
[[ATTACHMENT|C:\\Users\\isaac\\Desktop\\Clientes\\ProcuraCanada\\Katalon Studio\\Continulink\\Reports\\20190919_113944\\Regression BackOffice\\Regression BackOffice\\20190919_114021\\1568905847358.png]]&#xD;
&#xD;
2019-09-19 12:10:47 - [TEST_STEP][PASSED] - delay(2): Delayed 2 second(s)&#xD;
&#xD;
2019-09-19 12:10:49 - [MESSAGE][PASSED] - Delayed 2 second(s)&#xD;
&#xD;
2019-09-19 12:10:49 - [TEST_STEP][PASSED] - waitForElementPresent(findTestObject("Regression BackOffice/CLINK-27759/ExportToFile"), 50): Object 'Object Repository/Regression BackOffice/CLINK-27759/ExportToFile' is present&#xD;
&#xD;
2019-09-19 12:10:49 - [MESSAGE][PASSED] - Object 'Object Repository/Regression BackOffice/CLINK-27759/ExportToFile' is present&#xD;
&#xD;
2019-09-19 12:10:49 - [TEST_STEP][PASSED] - click(findTestObject("Regression BackOffice/CLINK-27759/ExportToFile")): Unable to click on object 'Object Repository/Regression BackOffice/CLINK-27759/ExportToFile' (Root cause: com.kms.katalon.core.exception.StepFailedException: Unable to click on object 'Object Repository/Regression BackOffice/CLINK-27759/ExportToFile'&#xD;
	at com.kms.katalon.core.webui.keyword.internal.WebUIKeywordMain.stepFailed(WebUIKeywordMain.groovy:64)&#xD;
	at com.kms.katalon.core.webui.keyword.internal.WebUIKeywordMain.runKeyword(WebUIKeywordMain.groovy:26)&#xD;
	at com.kms.katalon.core.webui.keyword.builtin.ClickKeyword.click(ClickKeyword.groovy:86)&#xD;
	at com.kms.katalon.core.webui.keyword.builtin.ClickKeyword.execute(ClickKeyword.groovy:67)&#xD;
	at com.kms.katalon.core.keyword.internal.KeywordExecutor.executeKeywordForPlatform(KeywordExecutor.groovy:56)&#xD;
	at com.kms.katalon.core.webui.keyword.WebUiBuiltInKeywords.click(WebUiBuiltInKeywords.groovy:616)&#xD;
	at com.kms.katalon.core.webui.keyword.WebUiBuiltInKeywords$click$4.call(Unknown Source)&#xD;
	at CLNK-27759 - Security Roles - SOX Audit.run(CLNK-27759 - Security Roles - SOX Audit:103)&#xD;
	at com.kms.katalon.core.main.ScriptEngine.run(ScriptEngine.java:194)&#xD;
	at com.kms.katalon.core.main.ScriptEngine.runScriptAsRawText(ScriptEngine.java:119)&#xD;
	at com.kms.katalon.core.main.TestCaseExecutor.runScript(TestCaseExecutor.java:337)&#xD;
	at com.kms.katalon.core.main.TestCaseExecutor.doExecute(TestCaseExecutor.java:328)&#xD;
	at com.kms.katalon.core.main.TestCaseExecutor.processExecutionPhase(TestCaseExecutor.java:307)&#xD;
	at com.kms.katalon.core.main.TestCaseExecutor.accessMainPhase(TestCaseExecutor.java:299)&#xD;
	at com.kms.katalon.core.main.TestCaseExecutor.execute(TestCaseExecutor.java:233)&#xD;
	at com.kms.katalon.core.main.TestSuiteExecutor.accessTestCaseMainPhase(TestSuiteExecutor.java:169)&#xD;
	at com.kms.katalon.core.main.TestSuiteExecutor.accessTestSuiteMainPhase(TestSuiteExecutor.java:142)&#xD;
	at com.kms.katalon.core.main.TestSuiteExecutor.execute(TestSuiteExecutor.java:91)&#xD;
	at com.kms.katalon.core.main.TestCaseMain.startTestSuite(TestCaseMain.java:157)&#xD;
	at com.kms.katalon.core.main.TestCaseMain$startTestSuite$0.call(Unknown Source)&#xD;
	at TempTestSuite1568904021899.run(TempTestSuite1568904021899.groovy:35)&#xD;
Caused by: org.openqa.selenium.ElementNotInteractableException: element not interactable
  (Session info: chrome=76.0.3809.132)
Build info: version: '3.141.59', revision: 'e82be7d358', time: '2018-11-14T08:25:53'
System info: host: 'DESKTOP-BPONDF2', ip: '192.168.0.121', os.name: 'Windows 10', os.arch: 'amd64', os.version: '10.0', java.version: '1.8.0_181'
Driver info: com.kms.katalon.selenium.driver.CChromeDriver
Capabilities {acceptInsecureCerts: false, browserName: chrome, browserVersion: 76.0.3809.132, chrome: {chromedriverVersion: 76.0.3809.126 (d80a294506b4..., userDataDir: C:\Users\isaac\AppData\Loca...}, goog:chromeOptions: {debuggerAddress: localhost:52144}, javascriptEnabled: true, networkConnectionEnabled: false, pageLoadStrategy: normal, platform: XP, platformName: XP, proxy: Proxy(), setWindowRect: true, strictFileInteractability: false, timeouts: {implicit: 0, pageLoad: 300000, script: 30000}, unhandledPromptBehavior: dismiss and notify}
Session ID: b2a722613e0d016c070b1ab9c31fe834&#xD;
	at org.openqa.selenium.remote.http.W3CHttpResponseCodec.createException(W3CHttpResponseCodec.java:187)&#xD;
	at org.openqa.selenium.remote.http.W3CHttpResponseCodec.decode(W3CHttpResponseCodec.java:122)&#xD;
	at org.openqa.selenium.remote.http.W3CHttpResponseCodec.decode(W3CHttpResponseCodec.java:49)&#xD;
	at org.openqa.selenium.remote.HttpCommandExecutor.execute(HttpCommandExecutor.java:158)&#xD;
	at org.openqa.selenium.remote.service.DriverCommandExecutor.execute(DriverCommandExecutor.java:83)&#xD;
	at org.openqa.selenium.remote.RemoteWebDriver.execute(RemoteWebDriver.java:552)&#xD;
	at com.kms.katalon.selenium.driver.CChromeDriver.execute(CChromeDriver.java:20)&#xD;
	at org.openqa.selenium.remote.RemoteWebElement.execute(RemoteWebElement.java:285)&#xD;
	at org.openqa.selenium.remote.RemoteWebElement.click(RemoteWebElement.java:84)&#xD;
	at com.kms.katalon.core.webui.keyword.builtin.ClickKeyword$_click_closure1.doCall(ClickKeyword.groovy:79)&#xD;
	at com.kms.katalon.core.webui.keyword.builtin.ClickKeyword$_click_closure1.call(ClickKeyword.groovy)&#xD;
	at com.kms.katalon.core.webui.keyword.internal.WebUIKeywordMain.runKeyword(WebUIKeywordMain.groovy:20)&#xD;
	at com.kms.katalon.core.webui.keyword.builtin.ClickKeyword.click(ClickKeyword.groovy:86)&#xD;
	at com.kms.katalon.core.webui.keyword.builtin.ClickKeyword.execute(ClickKeyword.groovy:67)&#xD;
	at com.kms.katalon.core.keyword.internal.KeywordExecutor.executeKeywordForPlatform(KeywordExecutor.groovy:56)&#xD;
	at com.kms.katalon.core.webui.keyword.WebUiBuiltInKeywords.click(WebUiBuiltInKeywords.groovy:616)&#xD;
	at com.kms.katalon.core.webui.keyword.WebUiBuiltInKeywords$click$4.call(Unknown Source)&#xD;
	at Script1551541759583.run(Script1551541759583.groovy:103)&#xD;
	... 13 more&#xD;
)&#xD;
&#xD;
2019-09-19 12:10:50 - [MESSAGE][WARNING] - Unable to click on object 'Object Repository/Regression BackOffice/CLINK-27759/ExportToFile' (Root cause: com.kms.katalon.core.exception.StepFailedException: Unable to click on object 'Object Repository/Regression BackOffice/CLINK-27759/ExportToFile'&#xD;
	at com.kms.katalon.core.webui.keyword.internal.WebUIKeywordMain.stepFailed(WebUIKeywordMain.groovy:64)&#xD;
	at com.kms.katalon.core.webui.keyword.internal.WebUIKeywordMain.runKeyword(WebUIKeywordMain.groovy:26)&#xD;
	at com.kms.katalon.core.webui.keyword.builtin.ClickKeyword.click(ClickKeyword.groovy:86)&#xD;
	at com.kms.katalon.core.webui.keyword.builtin.ClickKeyword.execute(ClickKeyword.groovy:67)&#xD;
	at com.kms.katalon.core.keyword.internal.KeywordExecutor.executeKeywordForPlatform(KeywordExecutor.groovy:56)&#xD;
	at com.kms.katalon.core.webui.keyword.WebUiBuiltInKeywords.click(WebUiBuiltInKeywords.groovy:616)&#xD;
	at com.kms.katalon.core.webui.keyword.WebUiBuiltInKeywords$click$4.call(Unknown Source)&#xD;
	at CLNK-27759 - Security Roles - SOX Audit.run(CLNK-27759 - Security Roles - SOX Audit:103)&#xD;
	at com.kms.katalon.core.main.ScriptEngine.run(ScriptEngine.java:194)&#xD;
	at com.kms.katalon.core.main.ScriptEngine.runScriptAsRawText(ScriptEngine.java:119)&#xD;
	at com.kms.katalon.core.main.TestCaseExecutor.runScript(TestCaseExecutor.java:337)&#xD;
	at com.kms.katalon.core.main.TestCaseExecutor.doExecute(TestCaseExecutor.java:328)&#xD;
	at com.kms.katalon.core.main.TestCaseExecutor.processExecutionPhase(TestCaseExecutor.java:307)&#xD;
	at com.kms.katalon.core.main.TestCaseExecutor.accessMainPhase(TestCaseExecutor.java:299)&#xD;
	at com.kms.katalon.core.main.TestCaseExecutor.execute(TestCaseExecutor.java:233)&#xD;
	at com.kms.katalon.core.main.TestSuiteExecutor.accessTestCaseMainPhase(TestSuiteExecutor.java:169)&#xD;
	at com.kms.katalon.core.main.TestSuiteExecutor.accessTestSuiteMainPhase(TestSuiteExecutor.java:142)&#xD;
	at com.kms.katalon.core.main.TestSuiteExecutor.execute(TestSuiteExecutor.java:91)&#xD;
	at com.kms.katalon.core.main.TestCaseMain.startTestSuite(TestCaseMain.java:157)&#xD;
	at com.kms.katalon.core.main.TestCaseMain$startTestSuite$0.call(Unknown Source)&#xD;
	at TempTestSuite1568904021899.run(TempTestSuite1568904021899.groovy:35)&#xD;
Caused by: org.openqa.selenium.ElementNotInteractableException: element not interactable
  (Session info: chrome=76.0.3809.132)
Build info: version: '3.141.59', revision: 'e82be7d358', time: '2018-11-14T08:25:53'
System info: host: 'DESKTOP-BPONDF2', ip: '192.168.0.121', os.name: 'Windows 10', os.arch: 'amd64', os.version: '10.0', java.version: '1.8.0_181'
Driver info: com.kms.katalon.selenium.driver.CChromeDriver
Capabilities {acceptInsecureCerts: false, browserName: chrome, browserVersion: 76.0.3809.132, chrome: {chromedriverVersion: 76.0.3809.126 (d80a294506b4..., userDataDir: C:\Users\isaac\AppData\Loca...}, goog:chromeOptions: {debuggerAddress: localhost:52144}, javascriptEnabled: true, networkConnectionEnabled: false, pageLoadStrategy: normal, platform: XP, platformName: XP, proxy: Proxy(), setWindowRect: true, strictFileInteractability: false, timeouts: {implicit: 0, pageLoad: 300000, script: 30000}, unhandledPromptBehavior: dismiss and notify}
Session ID: b2a722613e0d016c070b1ab9c31fe834&#xD;
	at org.openqa.selenium.remote.http.W3CHttpResponseCodec.createException(W3CHttpResponseCodec.java:187)&#xD;
	at org.openqa.selenium.remote.http.W3CHttpResponseCodec.decode(W3CHttpResponseCodec.java:122)&#xD;
	at org.openqa.selenium.remote.http.W3CHttpResponseCodec.decode(W3CHttpResponseCodec.java:49)&#xD;
	at org.openqa.selenium.remote.HttpCommandExecutor.execute(HttpCommandExecutor.java:158)&#xD;
	at org.openqa.selenium.remote.service.DriverCommandExecutor.execute(DriverCommandExecutor.java:83)&#xD;
	at org.openqa.selenium.remote.RemoteWebDriver.execute(RemoteWebDriver.java:552)&#xD;
	at com.kms.katalon.selenium.driver.CChromeDriver.execute(CChromeDriver.java:20)&#xD;
	at org.openqa.selenium.remote.RemoteWebElement.execute(RemoteWebElement.java:285)&#xD;
	at org.openqa.selenium.remote.RemoteWebElement.click(RemoteWebElement.java:84)&#xD;
	at com.kms.katalon.core.webui.keyword.builtin.ClickKeyword$_click_closure1.doCall(ClickKeyword.groovy:79)&#xD;
	at com.kms.katalon.core.webui.keyword.builtin.ClickKeyword$_click_closure1.call(ClickKeyword.groovy)&#xD;
	at com.kms.katalon.core.webui.keyword.internal.WebUIKeywordMain.runKeyword(WebUIKeywordMain.groovy:20)&#xD;
	at com.kms.katalon.core.webui.keyword.builtin.ClickKeyword.click(ClickKeyword.groovy:86)&#xD;
	at com.kms.katalon.core.webui.keyword.builtin.ClickKeyword.execute(ClickKeyword.groovy:67)&#xD;
	at com.kms.katalon.core.keyword.internal.KeywordExecutor.executeKeywordForPlatform(KeywordExecutor.groovy:56)&#xD;
	at com.kms.katalon.core.webui.keyword.WebUiBuiltInKeywords.click(WebUiBuiltInKeywords.groovy:616)&#xD;
	at com.kms.katalon.core.webui.keyword.WebUiBuiltInKeywords$click$4.call(Unknown Source)&#xD;
	at Script1551541759583.run(Script1551541759583.groovy:103)&#xD;
	... 13 more&#xD;
)&#xD;
[[ATTACHMENT|C:\\Users\\isaac\\Desktop\\Clientes\\ProcuraCanada\\Katalon Studio\\Continulink\\Reports\\20190919_113944\\Regression BackOffice\\Regression BackOffice\\20190919_114021\\1568905849937.png]]&#xD;
&#xD;
2019-09-19 12:10:50 - [TEST_STEP][PASSED] - delay(2): Delayed 2 second(s)&#xD;
&#xD;
2019-09-19 12:10:52 - [MESSAGE][PASSED] - Delayed 2 second(s)&#xD;
&#xD;
2019-09-19 12:10:52 - [TEST_STEP][PASSED] - waitForElementPresent(findTestObject("Regression BackOffice/CLINK-27759/ResetLink"), 50): Object 'Object Repository/Regression BackOffice/CLINK-27759/ResetLink' is present&#xD;
&#xD;
2019-09-19 12:10:52 - [MESSAGE][PASSED] - Object 'Object Repository/Regression BackOffice/CLINK-27759/ResetLink' is present&#xD;
&#xD;
2019-09-19 12:10:52 - [TEST_STEP][PASSED] - click(findTestObject("Regression BackOffice/CLINK-27759/ResetLink")): Object: 'Object Repository/Regression BackOffice/CLINK-27759/ResetLink' is clicked on&#xD;
&#xD;
2019-09-19 12:10:52 - [MESSAGE][PASSED] - Object: 'Object Repository/Regression BackOffice/CLINK-27759/ResetLink' is clicked on&#xD;
&#xD;
2019-09-19 12:10:52 - [TEST_STEP][PASSED] - delay(2): Delayed 2 second(s)&#xD;
&#xD;
2019-09-19 12:10:54 - [MESSAGE][PASSED] - Delayed 2 second(s)&#xD;
&#xD;
2019-09-19 12:10:54 - [TEST_STEP][NOT_RUN] - waitForElementPresent(findTestObject("Regression BackOffice/CLINK-27759/AutoBUCheck"), 50): NOT_RUN: waitForElementPresent(findTestObject("Regression BackOffice/CLINK-27759/AutoBUCheck"), 50)&#xD;
&#xD;
2019-09-19 12:10:54 - [MESSAGE][NOT_RUN] - NOT_RUN: waitForElementPresent(findTestObject("Regression BackOffice/CLINK-27759/AutoBUCheck"), 50)&#xD;
&#xD;
2019-09-19 12:10:54 - [TEST_STEP][NOT_RUN] - click(findTestObject("Regression BackOffice/CLINK-27759/AutoBUCheck")): NOT_RUN: click(findTestObject("Regression BackOffice/CLINK-27759/AutoBUCheck"))&#xD;
&#xD;
2019-09-19 12:10:54 - [MESSAGE][NOT_RUN] - NOT_RUN: click(findTestObject("Regression BackOffice/CLINK-27759/AutoBUCheck"))&#xD;
&#xD;
2019-09-19 12:10:54 - [TEST_STEP][NOT_RUN] - delay(2): NOT_RUN: delay(2)&#xD;
&#xD;
2019-09-19 12:10:54 - [MESSAGE][NOT_RUN] - NOT_RUN: delay(2)&#xD;
&#xD;
2019-09-19 12:10:54 - [TEST_STEP][NOT_RUN] - waitForElementPresent(findTestObject("Regression BackOffice/CLINK-27759/SpecificUser"), 50): NOT_RUN: waitForElementPresent(findTestObject("Regression BackOffice/CLINK-27759/SpecificUser"), 50)&#xD;
&#xD;
2019-09-19 12:10:54 - [MESSAGE][NOT_RUN] - NOT_RUN: waitForElementPresent(findTestObject("Regression BackOffice/CLINK-27759/SpecificUser"), 50)&#xD;
&#xD;
2019-09-19 12:10:54 - [TEST_STEP][NOT_RUN] - focus(findTestObject("Regression BackOffice/CLINK-27759/SpecificUser")): NOT_RUN: focus(findTestObject("Regression BackOffice/CLINK-27759/SpecificUser"))&#xD;
&#xD;
2019-09-19 12:10:54 - [MESSAGE][NOT_RUN] - NOT_RUN: focus(findTestObject("Regression BackOffice/CLINK-27759/SpecificUser"))&#xD;
&#xD;
2019-09-19 12:10:54 - [TEST_STEP][NOT_RUN] - click(findTestObject("Regression BackOffice/CLINK-27759/SpecificUser")): NOT_RUN: click(findTestObject("Regression BackOffice/CLINK-27759/SpecificUser"))&#xD;
&#xD;
2019-09-19 12:10:54 - [MESSAGE][NOT_RUN] - NOT_RUN: click(findTestObject("Regression BackOffice/CLINK-27759/SpecificUser"))&#xD;
&#xD;
2019-09-19 12:10:54 - [TEST_STEP][NOT_RUN] - setText(findTestObject("Regression BackOffice/CLINK-27759/SpecificUser"), "Test"): NOT_RUN: setText(findTestObject("Regression BackOffice/CLINK-27759/SpecificUser"), "Test")&#xD;
&#xD;
2019-09-19 12:10:54 - [MESSAGE][NOT_RUN] - NOT_RUN: setText(findTestObject("Regression BackOffice/CLINK-27759/SpecificUser"), "Test")&#xD;
&#xD;
2019-09-19 12:10:54 - [TEST_STEP][NOT_RUN] - delay(2): NOT_RUN: delay(2)&#xD;
&#xD;
2019-09-19 12:10:54 - [MESSAGE][NOT_RUN] - NOT_RUN: delay(2)&#xD;
&#xD;
2019-09-19 12:10:54 - [TEST_STEP][NOT_RUN] - sendKeys(findTestObject("Regression BackOffice/CLINK-27759/SpecificUser"), Keys.chord(ARROW_DOWN, ARROW_DOWN, ARROW_DOWN, ARROW_DOWN, ARROW_DOWN, ARROW_DOWN, ARROW_DOWN, ENTER)): NOT_RUN: sendKeys(findTestObject("Regression BackOffice/CLINK-27759/SpecificUser"), Keys.chord(ARROW_DOWN, ARROW_DOWN, ARROW_DOWN, ARROW_DOWN, ARROW_DOWN, ARROW_DOWN, ARROW_DOWN, ENTER))&#xD;
&#xD;
2019-09-19 12:10:54 - [MESSAGE][NOT_RUN] - NOT_RUN: sendKeys(findTestObject("Regression BackOffice/CLINK-27759/SpecificUser"), Keys.chord(ARROW_DOWN, ARROW_DOWN, ARROW_DOWN, ARROW_DOWN, ARROW_DOWN, ARROW_DOWN, ARROW_DOWN, ENTER))&#xD;
&#xD;
2019-09-19 12:10:54 - [TEST_STEP][NOT_RUN] - delay(2): NOT_RUN: delay(2)&#xD;
&#xD;
2019-09-19 12:10:54 - [MESSAGE][NOT_RUN] - NOT_RUN: delay(2)&#xD;
&#xD;
2019-09-19 12:10:54 - [TEST_STEP][NOT_RUN] - waitForElementPresent(findTestObject("Regression BackOffice/CLINK-27759/ShowReportLink"), 50): NOT_RUN: waitForElementPresent(findTestObject("Regression BackOffice/CLINK-27759/ShowReportLink"), 50)&#xD;
&#xD;
2019-09-19 12:10:54 - [MESSAGE][NOT_RUN] - NOT_RUN: waitForElementPresent(findTestObject("Regression BackOffice/CLINK-27759/ShowReportLink"), 50)&#xD;
&#xD;
2019-09-19 12:10:54 - [TEST_STEP][NOT_RUN] - click(findTestObject("Regression BackOffice/CLINK-27759/ShowReportLink")): NOT_RUN: click(findTestObject("Regression BackOffice/CLINK-27759/ShowReportLink"))&#xD;
&#xD;
2019-09-19 12:10:54 - [MESSAGE][NOT_RUN] - NOT_RUN: click(findTestObject("Regression BackOffice/CLINK-27759/ShowReportLink"))&#xD;
&#xD;
2019-09-19 12:10:54 - [TEST_STEP][NOT_RUN] - delay(2): NOT_RUN: delay(2)&#xD;
&#xD;
2019-09-19 12:10:54 - [MESSAGE][NOT_RUN] - NOT_RUN: delay(2)&#xD;
&#xD;
2019-09-19 12:10:54 - [TEST_STEP][NOT_RUN] - waitForElementPresent(findTestObject("Regression BackOffice/CLINK-27759/ExportToLink"), 50): NOT_RUN: waitForElementPresent(findTestObject("Regression BackOffice/CLINK-27759/ExportToLink"), 50)&#xD;
&#xD;
2019-09-19 12:10:54 - [MESSAGE][NOT_RUN] - NOT_RUN: waitForElementPresent(findTestObject("Regression BackOffice/CLINK-27759/ExportToLink"), 50)&#xD;
&#xD;
2019-09-19 12:10:54 - [TEST_STEP][NOT_RUN] - focus(findTestObject("Regression BackOffice/CLINK-27759/ExportToLink")): NOT_RUN: focus(findTestObject("Regression BackOffice/CLINK-27759/ExportToLink"))&#xD;
&#xD;
2019-09-19 12:10:54 - [MESSAGE][NOT_RUN] - NOT_RUN: focus(findTestObject("Regression BackOffice/CLINK-27759/ExportToLink"))&#xD;
&#xD;
2019-09-19 12:10:54 - [TEST_STEP][NOT_RUN] - click(findTestObject("Regression BackOffice/CLINK-27759/ExportToLink")): NOT_RUN: click(findTestObject("Regression BackOffice/CLINK-27759/ExportToLink"))&#xD;
&#xD;
2019-09-19 12:10:54 - [MESSAGE][NOT_RUN] - NOT_RUN: click(findTestObject("Regression BackOffice/CLINK-27759/ExportToLink"))&#xD;
&#xD;
2019-09-19 12:10:54 - [TEST_STEP][NOT_RUN] - delay(2): NOT_RUN: delay(2)&#xD;
&#xD;
2019-09-19 12:10:54 - [MESSAGE][NOT_RUN] - NOT_RUN: delay(2)&#xD;
&#xD;
2019-09-19 12:10:54 - [TEST_STEP][NOT_RUN] - sendKeys(findTestObject("Regression BackOffice/CLINK-27759/ExportToLink"), Keys.chord(ARROW_DOWN, ENTER)): NOT_RUN: sendKeys(findTestObject("Regression BackOffice/CLINK-27759/ExportToLink"), Keys.chord(ARROW_DOWN, ENTER))&#xD;
&#xD;
2019-09-19 12:10:54 - [MESSAGE][NOT_RUN] - NOT_RUN: sendKeys(findTestObject("Regression BackOffice/CLINK-27759/ExportToLink"), Keys.chord(ARROW_DOWN, ENTER))&#xD;
&#xD;
2019-09-19 12:10:54 - [TEST_STEP][NOT_RUN] - delay(2): NOT_RUN: delay(2)&#xD;
&#xD;
2019-09-19 12:10:54 - [MESSAGE][NOT_RUN] - NOT_RUN: delay(2)&#xD;
&#xD;
2019-09-19 12:10:54 - [TEST_STEP][NOT_RUN] - waitForElementPresent(findTestObject("Regression BackOffice/CLINK-27759/ExportToFile"), 50): NOT_RUN: waitForElementPresent(findTestObject("Regression BackOffice/CLINK-27759/ExportToFile"), 50)&#xD;
&#xD;
2019-09-19 12:10:54 - [MESSAGE][NOT_RUN] - NOT_RUN: waitForElementPresent(findTestObject("Regression BackOffice/CLINK-27759/ExportToFile"), 50)&#xD;
&#xD;
2019-09-19 12:10:54 - [TEST_STEP][NOT_RUN] - click(findTestObject("Regression BackOffice/CLINK-27759/ExportToFile")): NOT_RUN: click(findTestObject("Regression BackOffice/CLINK-27759/ExportToFile"))&#xD;
&#xD;
2019-09-19 12:10:54 - [MESSAGE][NOT_RUN] - NOT_RUN: click(findTestObject("Regression BackOffice/CLINK-27759/ExportToFile"))&#xD;
&#xD;
2019-09-19 12:10:54 - [TEST_STEP][PASSED] - closeBrowser(): Browser is closed&#xD;
&#xD;
2019-09-19 12:10:55 - [MESSAGE][PASSED] - Browser is closed</system-out>
            <system-err></system-err>
        </testcase>
        <testcase name="Test Cases/Regression BackOffice (All Browsers)/CLNK-27906 - (Task B) Update Care Manager Control in Admission Details" classname="Test Cases/Regression BackOffice (All Browsers)/CLNK-27906 - (Task B) Update Care Manager Control in Admission Details" status="PASSED">
            <system-out>2019-09-19 12:10:57 - [TEST_CASE][PASSED] - Test Cases/Regression BackOffice (All Browsers)/CLNK-27906 - (Task B) Update Care Manager Control in Admission Details: Test Cases/Regression BackOffice (All Browsers)/CLNK-27906 - (Task B) Update Care Manager Control in Admission Details&#xD;
&#xD;
2019-09-19 12:10:57 - [TEST_STEP][PASSED] - callTestCase(findTestCase("Regression BackOffice (All Browsers)/CLNK-23439 - Clink - Back office Client"), [:], STOP_ON_FAILURE): Call Test Case 'Test Cases/Regression BackOffice (All Browsers)/CLNK-23439 - Clink - Back office Client' successfully&#xD;
&#xD;
2019-09-19 12:10:57 - [TEST_CASE][PASSED] - Test Cases/Regression BackOffice (All Browsers)/CLNK-23439 - Clink - Back office Client: Test Cases/Regression BackOffice (All Browsers)/CLNK-23439 - Clink - Back office Client&#xD;
&#xD;
2019-09-19 12:10:57 - [TEST_STEP][PASSED] - deleteAllCookies(): Delete all cookies successfully&#xD;
&#xD;
2019-09-19 12:10:57 - [MESSAGE][WARNING] - Cannot delete cookies because browser is closed&#xD;
&#xD;
2019-09-19 12:10:57 - [MESSAGE][PASSED] - Delete all cookies successfully&#xD;
&#xD;
2019-09-19 12:10:57 - [TEST_STEP][PASSED] - openBrowser(G_SiteBackOffice): Browser is opened with url: 'https://qanewpoc.continulink.com:8443/Backoffice/'&#xD;
&#xD;
2019-09-19 12:10:57 - [MESSAGE][INFO] - Starting 'Chrome' driver&#xD;
&#xD;
2019-09-19 12:11:05 - [MESSAGE][PASSED] - Browser is opened with url: 'https://qanewpoc.continulink.com:8443/Backoffice/'&#xD;
&#xD;
2019-09-19 12:11:05 - [TEST_STEP][PASSED] - waitForPageLoad(60): Wait for page load successfully&#xD;
&#xD;
2019-09-19 12:11:05 - [MESSAGE][PASSED] - Wait for page load successfully&#xD;
&#xD;
2019-09-19 12:11:05 - [TEST_STEP][PASSED] - maximizeWindow(): Current window maximized&#xD;
&#xD;
2019-09-19 12:11:09 - [MESSAGE][PASSED] - Current window maximized&#xD;
&#xD;
2019-09-19 12:11:09 - [TEST_STEP][PASSED] - setText(findTestObject("Regression BackOffice/Login/UserBackOffice"), G_UserBackOffice): Text 'automation_admin' is set on object 'Object Repository/Regression BackOffice/Login/UserBackOffice'&#xD;
&#xD;
2019-09-19 12:11:09 - [MESSAGE][PASSED] - Text 'automation_admin' is set on object 'Object Repository/Regression BackOffice/Login/UserBackOffice'&#xD;
&#xD;
2019-09-19 12:11:09 - [TEST_STEP][PASSED] - setText(findTestObject("Regression BackOffice/Login/PasswordBackOffice"), G_PasswordBackOffice): Text 'qwerty' is set on object 'Object Repository/Regression BackOffice/Login/PasswordBackOffice'&#xD;
&#xD;
2019-09-19 12:11:10 - [MESSAGE][PASSED] - Text 'qwerty' is set on object 'Object Repository/Regression BackOffice/Login/PasswordBackOffice'&#xD;
&#xD;
2019-09-19 12:11:10 - [TEST_STEP][PASSED] - click(findTestObject("Regression BackOffice/Login/LoginBackOffice")): Object: 'Object Repository/Regression BackOffice/Login/LoginBackOffice' is clicked on&#xD;
&#xD;
2019-09-19 12:11:14 - [MESSAGE][PASSED] - Object: 'Object Repository/Regression BackOffice/Login/LoginBackOffice' is clicked on&#xD;
&#xD;
2019-09-19 12:11:14 - [TEST_STEP][PASSED] - waitForPageLoad(60): Wait for page load successfully&#xD;
&#xD;
2019-09-19 12:11:14 - [MESSAGE][PASSED] - Wait for page load successfully&#xD;
&#xD;
2019-09-19 12:11:14 - [TEST_STEP][PASSED] - delay(2): Delayed 2 second(s)&#xD;
&#xD;
2019-09-19 12:11:16 - [MESSAGE][PASSED] - Delayed 2 second(s)&#xD;
&#xD;
2019-09-19 12:11:16 - [TEST_STEP][PASSED] - switchToFrame(findTestObject("Regression BackOffice/CLINK-Frames/FrameFrameLeft"), 5, STOP_ON_FAILURE): null&#xD;
&#xD;
2019-09-19 12:11:16 - [TEST_STEP][PASSED] - delay(2): Delayed 2 second(s)&#xD;
&#xD;
2019-09-19 12:11:18 - [MESSAGE][PASSED] - Delayed 2 second(s)&#xD;
&#xD;
2019-09-19 12:11:18 - [TEST_STEP][PASSED] - waitForElementPresent(findTestObject("Regression BackOffice/CLINK-Frames/ClientIntake"), 50): Object 'Object Repository/Regression BackOffice/CLINK-Frames/ClientIntake' is present&#xD;
&#xD;
2019-09-19 12:11:18 - [MESSAGE][PASSED] - Object 'Object Repository/Regression BackOffice/CLINK-Frames/ClientIntake' is present&#xD;
&#xD;
2019-09-19 12:11:18 - [TEST_STEP][PASSED] - verifyElementPresent(findTestObject("Regression BackOffice/CLINK-Frames/ClientIntake"), 100, STOP_ON_FAILURE): Object 'Object Repository/Regression BackOffice/CLINK-Frames/ClientIntake' is present&#xD;
&#xD;
2019-09-19 12:11:18 - [MESSAGE][PASSED] - Object 'Object Repository/Regression BackOffice/CLINK-Frames/ClientIntake' is present&#xD;
&#xD;
2019-09-19 12:11:18 - [TEST_STEP][PASSED] - switchToDefaultContent(): null&#xD;
&#xD;
2019-09-19 12:11:18 - [MESSAGE][PASSED] - Call Test Case 'Test Cases/Regression BackOffice (All Browsers)/CLNK-23439 - Clink - Back office Client' successfully&#xD;
&#xD;
2019-09-19 12:11:18 - [TEST_STEP][PASSED] - waitForPageLoad(60): Wait for page load successfully&#xD;
&#xD;
2019-09-19 12:11:18 - [MESSAGE][PASSED] - Wait for page load successfully&#xD;
&#xD;
2019-09-19 12:11:18 - [TEST_STEP][PASSED] - delay(3): Delayed 3 second(s)&#xD;
&#xD;
2019-09-19 12:11:21 - [MESSAGE][PASSED] - Delayed 3 second(s)&#xD;
&#xD;
2019-09-19 12:11:21 - [TEST_STEP][PASSED] - switchToFrame(findTestObject("Regression BackOffice/CLNK-23449/FrameLeft"), 30): null&#xD;
&#xD;
2019-09-19 12:11:21 - [TEST_STEP][PASSED] - waitForElementPresent(findTestObject("Regression BackOffice/CLNK-23449/ClienIntakeICon"), 100): Object 'Object Repository/Regression BackOffice/CLNK-23449/ClienIntakeICon' is present&#xD;
&#xD;
2019-09-19 12:11:22 - [MESSAGE][PASSED] - Object 'Object Repository/Regression BackOffice/CLNK-23449/ClienIntakeICon' is present&#xD;
&#xD;
2019-09-19 12:11:22 - [TEST_STEP][PASSED] - click(findTestObject("Regression BackOffice/CLNK-23449/ClienIntakeICon")): Object: 'Object Repository/Regression BackOffice/CLNK-23449/ClienIntakeICon' is clicked on&#xD;
&#xD;
2019-09-19 12:11:22 - [MESSAGE][PASSED] - Object: 'Object Repository/Regression BackOffice/CLNK-23449/ClienIntakeICon' is clicked on&#xD;
&#xD;
2019-09-19 12:11:22 - [TEST_STEP][PASSED] - delay(2): Delayed 2 second(s)&#xD;
&#xD;
2019-09-19 12:11:24 - [MESSAGE][PASSED] - Delayed 2 second(s)&#xD;
&#xD;
2019-09-19 12:11:24 - [TEST_STEP][PASSED] - waitForPageLoad(50): Wait for page load successfully&#xD;
&#xD;
2019-09-19 12:11:24 - [MESSAGE][PASSED] - Wait for page load successfully&#xD;
&#xD;
2019-09-19 12:11:24 - [TEST_STEP][PASSED] - waitForElementPresent(findTestObject("Regression BackOffice/CLINK - 27906/AdmissionDetails"), 50): Object 'Object Repository/Regression BackOffice/CLINK - 27906/AdmissionDetails' is present&#xD;
&#xD;
2019-09-19 12:11:24 - [MESSAGE][PASSED] - Object 'Object Repository/Regression BackOffice/CLINK - 27906/AdmissionDetails' is present&#xD;
&#xD;
2019-09-19 12:11:24 - [TEST_STEP][PASSED] - click(findTestObject("Regression BackOffice/CLINK - 27906/AdmissionDetails")): Object: 'Object Repository/Regression BackOffice/CLINK - 27906/AdmissionDetails' is clicked on&#xD;
&#xD;
2019-09-19 12:11:25 - [MESSAGE][PASSED] - Object: 'Object Repository/Regression BackOffice/CLINK - 27906/AdmissionDetails' is clicked on&#xD;
&#xD;
2019-09-19 12:11:25 - [TEST_STEP][PASSED] - delay(2): Delayed 2 second(s)&#xD;
&#xD;
2019-09-19 12:11:27 - [MESSAGE][PASSED] - Delayed 2 second(s)&#xD;
&#xD;
2019-09-19 12:11:27 - [TEST_STEP][PASSED] - switchToDefaultContent(): null&#xD;
&#xD;
2019-09-19 12:11:27 - [TEST_STEP][PASSED] - switchToFrame(findTestObject("Regression BackOffice/CLNK-23449/FrameMain"), 30): null&#xD;
&#xD;
2019-09-19 12:11:27 - [TEST_STEP][PASSED] - waitForElementPresent(findTestObject("Regression BackOffice/CLINK - 27906/Last NameAdmission"), 50): Object 'Object Repository/Regression BackOffice/CLINK - 27906/Last NameAdmission' is present&#xD;
&#xD;
2019-09-19 12:11:27 - [MESSAGE][PASSED] - Object 'Object Repository/Regression BackOffice/CLINK - 27906/Last NameAdmission' is present&#xD;
&#xD;
2019-09-19 12:11:27 - [TEST_STEP][PASSED] - setText(findTestObject("Regression BackOffice/CLINK - 27906/Last NameAdmission"), G_ClientLastName): Text 'Ernesky' is set on object 'Object Repository/Regression BackOffice/CLINK - 27906/Last NameAdmission'&#xD;
&#xD;
2019-09-19 12:11:27 - [MESSAGE][PASSED] - Text 'Ernesky' is set on object 'Object Repository/Regression BackOffice/CLINK - 27906/Last NameAdmission'&#xD;
&#xD;
2019-09-19 12:11:27 - [TEST_STEP][PASSED] - delay(2): Delayed 2 second(s)&#xD;
&#xD;
2019-09-19 12:11:29 - [MESSAGE][PASSED] - Delayed 2 second(s)&#xD;
&#xD;
2019-09-19 12:11:29 - [TEST_STEP][PASSED] - waitForElementPresent(findTestObject("Regression BackOffice/CLINK - 27906/SearchButton"), 50): Object 'Object Repository/Regression BackOffice/CLINK - 27906/SearchButton' is present&#xD;
&#xD;
2019-09-19 12:11:29 - [MESSAGE][PASSED] - Object 'Object Repository/Regression BackOffice/CLINK - 27906/SearchButton' is present&#xD;
&#xD;
2019-09-19 12:11:29 - [TEST_STEP][PASSED] - click(findTestObject("Regression BackOffice/CLINK - 27906/SearchButton"), STOP_ON_FAILURE): Object: 'Object Repository/Regression BackOffice/CLINK - 27906/SearchButton' is clicked on&#xD;
&#xD;
2019-09-19 12:11:30 - [MESSAGE][PASSED] - Object: 'Object Repository/Regression BackOffice/CLINK - 27906/SearchButton' is clicked on&#xD;
&#xD;
2019-09-19 12:11:30 - [TEST_STEP][PASSED] - delay(2): Delayed 2 second(s)&#xD;
&#xD;
2019-09-19 12:11:32 - [MESSAGE][PASSED] - Delayed 2 second(s)&#xD;
&#xD;
2019-09-19 12:11:32 - [TEST_STEP][PASSED] - waitForElementPresent(findTestObject("Regression BackOffice/CLINK - 27906/ClientRollbackLink"), 50): Object 'Object Repository/Regression BackOffice/CLINK - 27906/ClientRollbackLink' is present&#xD;
&#xD;
2019-09-19 12:11:32 - [MESSAGE][PASSED] - Object 'Object Repository/Regression BackOffice/CLINK - 27906/ClientRollbackLink' is present&#xD;
&#xD;
2019-09-19 12:11:32 - [TEST_STEP][PASSED] - click(findTestObject("Regression BackOffice/CLINK - 27906/ClientRollbackLink"), STOP_ON_FAILURE): Object: 'Object Repository/Regression BackOffice/CLINK - 27906/ClientRollbackLink' is clicked on&#xD;
&#xD;
2019-09-19 12:11:37 - [MESSAGE][PASSED] - Object: 'Object Repository/Regression BackOffice/CLINK - 27906/ClientRollbackLink' is clicked on&#xD;
&#xD;
2019-09-19 12:11:37 - [TEST_STEP][PASSED] - delay(2): Delayed 2 second(s)&#xD;
&#xD;
2019-09-19 12:11:39 - [MESSAGE][PASSED] - Delayed 2 second(s)&#xD;
&#xD;
2019-09-19 12:11:39 - [TEST_STEP][PASSED] - switchToFrame(findTestObject("Regression BackOffice/CLNK-23449/FrameMain"), 30): null&#xD;
&#xD;
2019-09-19 12:11:39 - [TEST_STEP][PASSED] - waitForElementPresent(findTestObject("Regression BackOffice/CLINK - 27906/ClinicalManagersLink"), 50): Object 'Object Repository/Regression BackOffice/CLINK - 27906/ClinicalManagersLink' is present&#xD;
&#xD;
2019-09-19 12:11:39 - [MESSAGE][PASSED] - Object 'Object Repository/Regression BackOffice/CLINK - 27906/ClinicalManagersLink' is present&#xD;
&#xD;
2019-09-19 12:11:39 - [TEST_STEP][PASSED] - click(findTestObject("Regression BackOffice/CLINK - 27906/ClinicalManagersLink"), STOP_ON_FAILURE): Object: 'Object Repository/Regression BackOffice/CLINK - 27906/ClinicalManagersLink' is clicked on&#xD;
&#xD;
2019-09-19 12:11:39 - [MESSAGE][PASSED] - Object: 'Object Repository/Regression BackOffice/CLINK - 27906/ClinicalManagersLink' is clicked on&#xD;
&#xD;
2019-09-19 12:11:39 - [TEST_STEP][PASSED] - delay(2): Delayed 2 second(s)&#xD;
&#xD;
2019-09-19 12:11:41 - [MESSAGE][PASSED] - Delayed 2 second(s)&#xD;
&#xD;
2019-09-19 12:11:41 - [TEST_STEP][PASSED] - verifyElementPresent(findTestObject("Regression BackOffice/CLINK - 27906/AddNewClinicalManagerLink"), 60): Object 'Object Repository/Regression BackOffice/CLINK - 27906/AddNewClinicalManagerLink' is present&#xD;
&#xD;
2019-09-19 12:11:41 - [MESSAGE][PASSED] - Object 'Object Repository/Regression BackOffice/CLINK - 27906/AddNewClinicalManagerLink' is present&#xD;
&#xD;
2019-09-19 12:11:41 - [TEST_STEP][PASSED] - waitForElementPresent(findTestObject("Regression BackOffice/CLINK - 27906/SameCareManagerChk"), 50): Object 'Object Repository/Regression BackOffice/CLINK - 27906/SameCareManagerChk' is present&#xD;
&#xD;
2019-09-19 12:11:41 - [MESSAGE][PASSED] - Object 'Object Repository/Regression BackOffice/CLINK - 27906/SameCareManagerChk' is present&#xD;
&#xD;
2019-09-19 12:11:41 - [TEST_STEP][PASSED] - click(findTestObject("Regression BackOffice/CLINK - 27906/SameCareManagerChk"), STOP_ON_FAILURE): Object: 'Object Repository/Regression BackOffice/CLINK - 27906/SameCareManagerChk' is clicked on&#xD;
&#xD;
2019-09-19 12:11:41 - [MESSAGE][PASSED] - Object: 'Object Repository/Regression BackOffice/CLINK - 27906/SameCareManagerChk' is clicked on&#xD;
&#xD;
2019-09-19 12:11:41 - [TEST_STEP][PASSED] - delay(2): Delayed 2 second(s)&#xD;
&#xD;
2019-09-19 12:11:43 - [MESSAGE][PASSED] - Delayed 2 second(s)&#xD;
&#xD;
2019-09-19 12:11:43 - [TEST_STEP][PASSED] - waitForElementPresent(findTestObject("Regression BackOffice/CLINK - 27906/SameCareManagerChk"), 50): Object 'Object Repository/Regression BackOffice/CLINK - 27906/SameCareManagerChk' is present&#xD;
&#xD;
2019-09-19 12:11:44 - [MESSAGE][PASSED] - Object 'Object Repository/Regression BackOffice/CLINK - 27906/SameCareManagerChk' is present&#xD;
&#xD;
2019-09-19 12:11:44 - [TEST_STEP][PASSED] - click(findTestObject("Regression BackOffice/CLINK - 27906/SameCareManagerChk"), STOP_ON_FAILURE): Object: 'Object Repository/Regression BackOffice/CLINK - 27906/SameCareManagerChk' is clicked on&#xD;
&#xD;
2019-09-19 12:11:44 - [MESSAGE][PASSED] - Object: 'Object Repository/Regression BackOffice/CLINK - 27906/SameCareManagerChk' is clicked on&#xD;
&#xD;
2019-09-19 12:11:44 - [TEST_STEP][PASSED] - delay(2): Delayed 2 second(s)&#xD;
&#xD;
2019-09-19 12:11:46 - [MESSAGE][PASSED] - Delayed 2 second(s)&#xD;
&#xD;
2019-09-19 12:11:46 - [TEST_STEP][PASSED] - waitForElementPresent(findTestObject("Regression BackOffice/CLINK - 27906/AddNewClinicalManagerLink"), 50): Object 'Object Repository/Regression BackOffice/CLINK - 27906/AddNewClinicalManagerLink' is present&#xD;
&#xD;
2019-09-19 12:11:46 - [MESSAGE][PASSED] - Object 'Object Repository/Regression BackOffice/CLINK - 27906/AddNewClinicalManagerLink' is present&#xD;
&#xD;
2019-09-19 12:11:46 - [TEST_STEP][PASSED] - click(findTestObject("Regression BackOffice/CLINK - 27906/AddNewClinicalManagerLink"), STOP_ON_FAILURE): Object: 'Object Repository/Regression BackOffice/CLINK - 27906/AddNewClinicalManagerLink' is clicked on&#xD;
&#xD;
2019-09-19 12:11:46 - [MESSAGE][PASSED] - Object: 'Object Repository/Regression BackOffice/CLINK - 27906/AddNewClinicalManagerLink' is clicked on&#xD;
&#xD;
2019-09-19 12:11:46 - [TEST_STEP][PASSED] - delay(2): Delayed 2 second(s)&#xD;
&#xD;
2019-09-19 12:11:48 - [MESSAGE][PASSED] - Delayed 2 second(s)&#xD;
&#xD;
2019-09-19 12:11:48 - [TEST_STEP][PASSED] - verifyElementPresent(findTestObject("Regression BackOffice/CLINK - 27906/Id"), 60): Object 'Object Repository/Regression BackOffice/CLINK - 27906/Id' is present&#xD;
&#xD;
2019-09-19 12:11:48 - [MESSAGE][PASSED] - Object 'Object Repository/Regression BackOffice/CLINK - 27906/Id' is present&#xD;
&#xD;
2019-09-19 12:11:48 - [TEST_STEP][PASSED] - verifyElementPresent(findTestObject("Regression BackOffice/CLINK - 27906/CareManagerName"), 60): Object 'Object Repository/Regression BackOffice/CLINK - 27906/CareManagerName' is present&#xD;
&#xD;
2019-09-19 12:11:48 - [MESSAGE][PASSED] - Object 'Object Repository/Regression BackOffice/CLINK - 27906/CareManagerName' is present&#xD;
&#xD;
2019-09-19 12:11:48 - [TEST_STEP][PASSED] - verifyElementPresent(findTestObject("Regression BackOffice/CLINK - 27906/Discipline"), 60): Object 'Object Repository/Regression BackOffice/CLINK - 27906/Discipline' is present&#xD;
&#xD;
2019-09-19 12:11:48 - [MESSAGE][PASSED] - Object 'Object Repository/Regression BackOffice/CLINK - 27906/Discipline' is present&#xD;
&#xD;
2019-09-19 12:11:48 - [TEST_STEP][PASSED] - verifyElementPresent(findTestObject("Regression BackOffice/CLINK - 27906/Delete"), 60): Object 'Object Repository/Regression BackOffice/CLINK - 27906/Delete' is present&#xD;
&#xD;
2019-09-19 12:11:48 - [MESSAGE][PASSED] - Object 'Object Repository/Regression BackOffice/CLINK - 27906/Delete' is present&#xD;
&#xD;
2019-09-19 12:11:48 - [TEST_STEP][PASSED] - waitForElementPresent(findTestObject("Regression BackOffice/CLINK - 27906/ClinicalManagerNameText"), 50): Object 'Object Repository/Regression BackOffice/CLINK - 27906/ClinicalManagerNameText' is present&#xD;
&#xD;
2019-09-19 12:11:49 - [MESSAGE][PASSED] - Object 'Object Repository/Regression BackOffice/CLINK - 27906/ClinicalManagerNameText' is present&#xD;
&#xD;
2019-09-19 12:11:49 - [TEST_STEP][PASSED] - setText(findTestObject("Regression BackOffice/CLINK - 27906/ClinicalManagerNameText"), G_ClinicalManager): Text 'Charlie' is set on object 'Object Repository/Regression BackOffice/CLINK - 27906/ClinicalManagerNameText'&#xD;
&#xD;
2019-09-19 12:11:49 - [MESSAGE][PASSED] - Text 'Charlie' is set on object 'Object Repository/Regression BackOffice/CLINK - 27906/ClinicalManagerNameText'&#xD;
&#xD;
2019-09-19 12:11:49 - [TEST_STEP][PASSED] - delay(2): Delayed 2 second(s)&#xD;
&#xD;
2019-09-19 12:11:51 - [MESSAGE][PASSED] - Delayed 2 second(s)&#xD;
&#xD;
2019-09-19 12:11:51 - [TEST_STEP][PASSED] - waitForElementPresent(findTestObject("Regression BackOffice/CLINK - 27906/li_Admin"), 50): Object 'Object Repository/Regression BackOffice/CLINK - 27906/li_Admin' is present&#xD;
&#xD;
2019-09-19 12:11:51 - [MESSAGE][PASSED] - Object 'Object Repository/Regression BackOffice/CLINK - 27906/li_Admin' is present&#xD;
&#xD;
2019-09-19 12:11:51 - [TEST_STEP][PASSED] - click(findTestObject("Regression BackOffice/CLINK - 27906/li_Admin"), STOP_ON_FAILURE): Object: 'Object Repository/Regression BackOffice/CLINK - 27906/li_Admin' is clicked on&#xD;
&#xD;
2019-09-19 12:11:51 - [MESSAGE][PASSED] - Object: 'Object Repository/Regression BackOffice/CLINK - 27906/li_Admin' is clicked on&#xD;
&#xD;
2019-09-19 12:11:51 - [TEST_STEP][PASSED] - delay(2): Delayed 2 second(s)&#xD;
&#xD;
2019-09-19 12:11:53 - [MESSAGE][PASSED] - Delayed 2 second(s)&#xD;
&#xD;
2019-09-19 12:11:53 - [TEST_STEP][PASSED] - waitForElementPresent(findTestObject("Regression BackOffice/CLINK - 27906/AddToListLink"), 50): Object 'Object Repository/Regression BackOffice/CLINK - 27906/AddToListLink' is present&#xD;
&#xD;
2019-09-19 12:11:53 - [MESSAGE][PASSED] - Object 'Object Repository/Regression BackOffice/CLINK - 27906/AddToListLink' is present&#xD;
&#xD;
2019-09-19 12:11:53 - [TEST_STEP][PASSED] - click(findTestObject("Regression BackOffice/CLINK - 27906/AddToListLink"), STOP_ON_FAILURE): Object: 'Object Repository/Regression BackOffice/CLINK - 27906/AddToListLink' is clicked on&#xD;
&#xD;
2019-09-19 12:11:53 - [MESSAGE][PASSED] - Object: 'Object Repository/Regression BackOffice/CLINK - 27906/AddToListLink' is clicked on&#xD;
&#xD;
2019-09-19 12:11:53 - [TEST_STEP][PASSED] - delay(2): Delayed 2 second(s)&#xD;
&#xD;
2019-09-19 12:11:55 - [MESSAGE][PASSED] - Delayed 2 second(s)&#xD;
&#xD;
2019-09-19 12:11:55 - [TEST_STEP][PASSED] - waitForElementPresent(findTestObject("Regression BackOffice/CLINK - 27906/DeleteIcon"), 50): Object 'Object Repository/Regression BackOffice/CLINK - 27906/DeleteIcon' is present&#xD;
&#xD;
2019-09-19 12:11:56 - [MESSAGE][PASSED] - Object 'Object Repository/Regression BackOffice/CLINK - 27906/DeleteIcon' is present&#xD;
&#xD;
2019-09-19 12:11:56 - [TEST_STEP][PASSED] - click(findTestObject("Regression BackOffice/CLINK - 27906/DeleteIcon"), STOP_ON_FAILURE): Object: 'Object Repository/Regression BackOffice/CLINK - 27906/DeleteIcon' is clicked on&#xD;
&#xD;
2019-09-19 12:11:56 - [MESSAGE][PASSED] - Object: 'Object Repository/Regression BackOffice/CLINK - 27906/DeleteIcon' is clicked on&#xD;
&#xD;
2019-09-19 12:11:56 - [TEST_STEP][PASSED] - delay(2): Delayed 2 second(s)&#xD;
&#xD;
2019-09-19 12:11:58 - [MESSAGE][PASSED] - Delayed 2 second(s)&#xD;
&#xD;
2019-09-19 12:11:58 - [TEST_STEP][PASSED] - acceptAlert(STOP_ON_FAILURE): Alert accepted&#xD;
&#xD;
2019-09-19 12:11:58 - [MESSAGE][PASSED] - Alert accepted&#xD;
&#xD;
2019-09-19 12:11:58 - [TEST_STEP][PASSED] - delay(3): Delayed 3 second(s)&#xD;
&#xD;
2019-09-19 12:12:01 - [MESSAGE][PASSED] - Delayed 3 second(s)&#xD;
&#xD;
2019-09-19 12:12:01 - [TEST_STEP][PASSED] - closeBrowser(): Browser is closed&#xD;
&#xD;
2019-09-19 12:12:02 - [MESSAGE][PASSED] - Browser is closed</system-out>
            <system-err></system-err>
        </testcase>
        <testcase name="Test Cases/Regression BackOffice (All Browsers)/CLNK-30366 - BO - Verify the end week date value in a BU" classname="Test Cases/Regression BackOffice (All Browsers)/CLNK-30366 - BO - Verify the end week date value in a BU" status="PASSED">
            <system-out>2019-09-19 12:12:04 - [TEST_CASE][PASSED] - Test Cases/Regression BackOffice (All Browsers)/CLNK-30366 - BO - Verify the end week date value in a BU: Test Cases/Regression BackOffice (All Browsers)/CLNK-30366 - BO - Verify the end week date value in a BU&#xD;
&#xD;
2019-09-19 12:12:04 - [TEST_STEP][PASSED] - openBrowser(G_SiteBackOffice): Browser is opened with url: 'https://qanewpoc.continulink.com:8443/Backoffice/'&#xD;
&#xD;
2019-09-19 12:12:04 - [MESSAGE][INFO] - Starting 'Chrome' driver&#xD;
&#xD;
2019-09-19 12:12:11 - [MESSAGE][PASSED] - Browser is opened with url: 'https://qanewpoc.continulink.com:8443/Backoffice/'&#xD;
&#xD;
2019-09-19 12:12:11 - [TEST_STEP][PASSED] - waitForPageLoad(60): Wait for page load successfully&#xD;
&#xD;
2019-09-19 12:12:11 - [MESSAGE][PASSED] - Wait for page load successfully&#xD;
&#xD;
2019-09-19 12:12:11 - [TEST_STEP][PASSED] - maximizeWindow(): Current window maximized&#xD;
&#xD;
2019-09-19 12:12:15 - [MESSAGE][PASSED] - Current window maximized&#xD;
&#xD;
2019-09-19 12:12:15 - [TEST_STEP][PASSED] - setText(findTestObject("Regression BackOffice/Login/UserBackOffice"), G_UserBackOffice): Text 'automation_admin' is set on object 'Object Repository/Regression BackOffice/Login/UserBackOffice'&#xD;
&#xD;
2019-09-19 12:12:16 - [MESSAGE][PASSED] - Text 'automation_admin' is set on object 'Object Repository/Regression BackOffice/Login/UserBackOffice'&#xD;
&#xD;
2019-09-19 12:12:16 - [TEST_STEP][PASSED] - setText(findTestObject("Regression BackOffice/Login/PasswordBackOffice"), G_PasswordBackOffice): Text 'qwerty' is set on object 'Object Repository/Regression BackOffice/Login/PasswordBackOffice'&#xD;
&#xD;
2019-09-19 12:12:16 - [MESSAGE][PASSED] - Text 'qwerty' is set on object 'Object Repository/Regression BackOffice/Login/PasswordBackOffice'&#xD;
&#xD;
2019-09-19 12:12:16 - [TEST_STEP][PASSED] - click(findTestObject("Regression BackOffice/Login/LoginBackOffice")): Object: 'Object Repository/Regression BackOffice/Login/LoginBackOffice' is clicked on&#xD;
&#xD;
2019-09-19 12:12:20 - [MESSAGE][PASSED] - Object: 'Object Repository/Regression BackOffice/Login/LoginBackOffice' is clicked on&#xD;
&#xD;
2019-09-19 12:12:20 - [TEST_STEP][PASSED] - waitForPageLoad(60): Wait for page load successfully&#xD;
&#xD;
2019-09-19 12:12:20 - [MESSAGE][PASSED] - Wait for page load successfully&#xD;
&#xD;
2019-09-19 12:12:20 - [TEST_STEP][PASSED] - delay(3): Delayed 3 second(s)&#xD;
&#xD;
2019-09-19 12:12:23 - [MESSAGE][PASSED] - Delayed 3 second(s)&#xD;
&#xD;
2019-09-19 12:12:23 - [TEST_STEP][PASSED] - switchToFrame(findTestObject("Regression BackOffice/CLNK-23449/FrameLeft"), 5): null&#xD;
&#xD;
2019-09-19 12:12:23 - [TEST_STEP][PASSED] - waitForElementPresent(findTestObject("Regression BackOffice/CLNK-30366/PayrollLink"), 60): Object 'Object Repository/Regression BackOffice/CLNK-30366/PayrollLink' is present&#xD;
&#xD;
2019-09-19 12:12:23 - [MESSAGE][PASSED] - Object 'Object Repository/Regression BackOffice/CLNK-30366/PayrollLink' is present&#xD;
&#xD;
2019-09-19 12:12:23 - [TEST_STEP][PASSED] - click(findTestObject("Regression BackOffice/CLNK-30366/PayrollLink"), CONTINUE_ON_FAILURE): Object: 'Object Repository/Regression BackOffice/CLNK-30366/PayrollLink' is clicked on&#xD;
&#xD;
2019-09-19 12:12:24 - [MESSAGE][PASSED] - Object: 'Object Repository/Regression BackOffice/CLNK-30366/PayrollLink' is clicked on&#xD;
&#xD;
2019-09-19 12:12:24 - [TEST_STEP][PASSED] - delay(2): Delayed 2 second(s)&#xD;
&#xD;
2019-09-19 12:12:26 - [MESSAGE][PASSED] - Delayed 2 second(s)&#xD;
&#xD;
2019-09-19 12:12:26 - [TEST_STEP][PASSED] - waitForElementPresent(findTestObject("Regression BackOffice/CLNK-30366/Process Payroll"), 60): Object 'Object Repository/Regression BackOffice/CLNK-30366/Process Payroll' is present&#xD;
&#xD;
2019-09-19 12:12:26 - [MESSAGE][PASSED] - Object 'Object Repository/Regression BackOffice/CLNK-30366/Process Payroll' is present&#xD;
&#xD;
2019-09-19 12:12:26 - [TEST_STEP][PASSED] - click(findTestObject("Regression BackOffice/CLNK-30366/Process Payroll"), CONTINUE_ON_FAILURE): Object: 'Object Repository/Regression BackOffice/CLNK-30366/Process Payroll' is clicked on&#xD;
&#xD;
2019-09-19 12:12:32 - [MESSAGE][PASSED] - Object: 'Object Repository/Regression BackOffice/CLNK-30366/Process Payroll' is clicked on&#xD;
&#xD;
2019-09-19 12:12:32 - [TEST_STEP][PASSED] - delay(2): Delayed 2 second(s)&#xD;
&#xD;
2019-09-19 12:12:34 - [MESSAGE][PASSED] - Delayed 2 second(s)&#xD;
&#xD;
2019-09-19 12:12:34 - [TEST_STEP][PASSED] - waitForPageLoad(60): Wait for page load successfully&#xD;
&#xD;
2019-09-19 12:12:34 - [MESSAGE][PASSED] - Wait for page load successfully&#xD;
&#xD;
2019-09-19 12:12:34 - [TEST_STEP][PASSED] - switchToDefaultContent(): null&#xD;
&#xD;
2019-09-19 12:12:34 - [TEST_STEP][PASSED] - switchToFrame(findTestObject("Regression BackOffice/CLNK-23449/FrameMain"), 30): null&#xD;
&#xD;
2019-09-19 12:12:34 - [TEST_STEP][PASSED] - if (verifyElementPresent(findTestObject("Regression BackOffice/CLNK-30366/Automation BU Check"), 10)): Delayed 30 second(s)&#xD;
&#xD;
2019-09-19 12:12:34 - [MESSAGE][PASSED] - Object 'Object Repository/Regression BackOffice/CLNK-30366/Automation BU Check' is present&#xD;
&#xD;
2019-09-19 12:12:34 - [TEST_STEP][PASSED] - waitForElementPresent(findTestObject("Regression BackOffice/CLNK-30366/Automation BU Check"), 50): Object 'Object Repository/Regression BackOffice/CLNK-30366/Automation BU Check' is present&#xD;
&#xD;
2019-09-19 12:12:34 - [MESSAGE][PASSED] - Object 'Object Repository/Regression BackOffice/CLNK-30366/Automation BU Check' is present&#xD;
&#xD;
2019-09-19 12:12:34 - [TEST_STEP][PASSED] - click(findTestObject("Regression BackOffice/CLNK-30366/Automation BU Check"), CONTINUE_ON_FAILURE): Object: 'Object Repository/Regression BackOffice/CLNK-30366/Automation BU Check' is clicked on&#xD;
&#xD;
2019-09-19 12:12:40 - [MESSAGE][PASSED] - Object: 'Object Repository/Regression BackOffice/CLNK-30366/Automation BU Check' is clicked on&#xD;
&#xD;
2019-09-19 12:12:40 - [TEST_STEP][PASSED] - delay(30): Delayed 30 second(s)&#xD;
&#xD;
2019-09-19 12:13:10 - [MESSAGE][PASSED] - Delayed 30 second(s)&#xD;
&#xD;
2019-09-19 12:13:10 - [TEST_STEP][PASSED] - closeBrowser(): Browser is closed&#xD;
&#xD;
2019-09-19 12:13:10 - [MESSAGE][PASSED] - Browser is closed</system-out>
            <system-err></system-err>
        </testcase>
        <testcase name="Test Cases/Regression BackOffice (All Browsers)/CLNK-30367 - BO - Verify last week was posted (payroll) in a BU" classname="Test Cases/Regression BackOffice (All Browsers)/CLNK-30367 - BO - Verify last week was posted (payroll) in a BU" status="PASSED">
            <system-out>2019-09-19 12:13:12 - [TEST_CASE][PASSED] - Test Cases/Regression BackOffice (All Browsers)/CLNK-30367 - BO - Verify last week was posted (payroll) in a BU: Test Cases/Regression BackOffice (All Browsers)/CLNK-30367 - BO - Verify last week was posted (payroll) in a BU&#xD;
&#xD;
2019-09-19 12:13:13 - [TEST_STEP][PASSED] - openBrowser(G_SiteBackOffice): Browser is opened with url: 'https://qanewpoc.continulink.com:8443/Backoffice/'&#xD;
&#xD;
2019-09-19 12:13:13 - [MESSAGE][INFO] - Starting 'Chrome' driver&#xD;
&#xD;
2019-09-19 12:13:20 - [MESSAGE][PASSED] - Browser is opened with url: 'https://qanewpoc.continulink.com:8443/Backoffice/'&#xD;
&#xD;
2019-09-19 12:13:20 - [TEST_STEP][PASSED] - waitForPageLoad(60): Wait for page load successfully&#xD;
&#xD;
2019-09-19 12:13:20 - [MESSAGE][PASSED] - Wait for page load successfully&#xD;
&#xD;
2019-09-19 12:13:20 - [TEST_STEP][PASSED] - maximizeWindow(): Current window maximized&#xD;
&#xD;
2019-09-19 12:13:25 - [MESSAGE][PASSED] - Current window maximized&#xD;
&#xD;
2019-09-19 12:13:25 - [TEST_STEP][PASSED] - setText(findTestObject("Regression BackOffice/Login/UserBackOffice"), G_UserBackOffice): Text 'automation_admin' is set on object 'Object Repository/Regression BackOffice/Login/UserBackOffice'&#xD;
&#xD;
2019-09-19 12:13:25 - [MESSAGE][PASSED] - Text 'automation_admin' is set on object 'Object Repository/Regression BackOffice/Login/UserBackOffice'&#xD;
&#xD;
2019-09-19 12:13:25 - [TEST_STEP][PASSED] - setText(findTestObject("Regression BackOffice/Login/PasswordBackOffice"), G_PasswordBackOffice): Text 'qwerty' is set on object 'Object Repository/Regression BackOffice/Login/PasswordBackOffice'&#xD;
&#xD;
2019-09-19 12:13:25 - [MESSAGE][PASSED] - Text 'qwerty' is set on object 'Object Repository/Regression BackOffice/Login/PasswordBackOffice'&#xD;
&#xD;
2019-09-19 12:13:25 - [TEST_STEP][PASSED] - click(findTestObject("Regression BackOffice/Login/LoginBackOffice")): Object: 'Object Repository/Regression BackOffice/Login/LoginBackOffice' is clicked on&#xD;
&#xD;
2019-09-19 12:13:30 - [MESSAGE][PASSED] - Object: 'Object Repository/Regression BackOffice/Login/LoginBackOffice' is clicked on&#xD;
&#xD;
2019-09-19 12:13:30 - [TEST_STEP][PASSED] - waitForPageLoad(60): Wait for page load successfully&#xD;
&#xD;
2019-09-19 12:13:30 - [MESSAGE][PASSED] - Wait for page load successfully&#xD;
&#xD;
2019-09-19 12:13:30 - [TEST_STEP][PASSED] - delay(3): Delayed 3 second(s)&#xD;
&#xD;
2019-09-19 12:13:33 - [MESSAGE][PASSED] - Delayed 3 second(s)&#xD;
&#xD;
2019-09-19 12:13:33 - [TEST_STEP][PASSED] - switchToFrame(findTestObject("Regression BackOffice/CLNK-23449/FrameLeft"), 5): null&#xD;
&#xD;
2019-09-19 12:13:33 - [TEST_STEP][PASSED] - waitForElementPresent(findTestObject("Regression BackOffice/CLNK-30366/PayrollLink"), 60): Object 'Object Repository/Regression BackOffice/CLNK-30366/PayrollLink' is present&#xD;
&#xD;
2019-09-19 12:13:33 - [MESSAGE][PASSED] - Object 'Object Repository/Regression BackOffice/CLNK-30366/PayrollLink' is present&#xD;
&#xD;
2019-09-19 12:13:33 - [TEST_STEP][PASSED] - click(findTestObject("Regression BackOffice/CLNK-30366/PayrollLink"), CONTINUE_ON_FAILURE): Object: 'Object Repository/Regression BackOffice/CLNK-30366/PayrollLink' is clicked on&#xD;
&#xD;
2019-09-19 12:13:33 - [MESSAGE][PASSED] - Object: 'Object Repository/Regression BackOffice/CLNK-30366/PayrollLink' is clicked on&#xD;
&#xD;
2019-09-19 12:13:33 - [TEST_STEP][PASSED] - delay(2): Delayed 2 second(s)&#xD;
&#xD;
2019-09-19 12:13:35 - [MESSAGE][PASSED] - Delayed 2 second(s)&#xD;
&#xD;
2019-09-19 12:13:35 - [TEST_STEP][PASSED] - waitForElementPresent(findTestObject("Regression BackOffice/CLNK-30367/PostClose Payroll"), 60): Object 'Object Repository/Regression BackOffice/CLNK-30367/PostClose Payroll' is present&#xD;
&#xD;
2019-09-19 12:13:35 - [MESSAGE][PASSED] - Object 'Object Repository/Regression BackOffice/CLNK-30367/PostClose Payroll' is present&#xD;
&#xD;
2019-09-19 12:13:35 - [TEST_STEP][PASSED] - click(findTestObject("Regression BackOffice/CLNK-30367/PostClose Payroll"), CONTINUE_ON_FAILURE): Object: 'Object Repository/Regression BackOffice/CLNK-30367/PostClose Payroll' is clicked on&#xD;
&#xD;
2019-09-19 12:13:36 - [MESSAGE][PASSED] - Object: 'Object Repository/Regression BackOffice/CLNK-30367/PostClose Payroll' is clicked on&#xD;
&#xD;
2019-09-19 12:13:36 - [TEST_STEP][PASSED] - delay(2): Delayed 2 second(s)&#xD;
&#xD;
2019-09-19 12:13:38 - [MESSAGE][PASSED] - Delayed 2 second(s)&#xD;
&#xD;
2019-09-19 12:13:38 - [TEST_STEP][PASSED] - waitForPageLoad(60): Wait for page load successfully&#xD;
&#xD;
2019-09-19 12:13:38 - [MESSAGE][PASSED] - Wait for page load successfully&#xD;
&#xD;
2019-09-19 12:13:38 - [TEST_STEP][PASSED] - switchToDefaultContent(): null&#xD;
&#xD;
2019-09-19 12:13:38 - [TEST_STEP][PASSED] - switchToFrame(findTestObject("Regression BackOffice/CLNK-23449/FrameMain"), 30): null&#xD;
&#xD;
2019-09-19 12:13:38 - [TEST_STEP][PASSED] - if (verifyElementPresent(findTestObject("Regression BackOffice/CLNK-30367/BUClick"), 10)): Object: 'Object Repository/Regression BackOffice/CLNK-30367/PostButton' is clicked on&#xD;
&#xD;
2019-09-19 12:13:38 - [MESSAGE][PASSED] - Object 'Object Repository/Regression BackOffice/CLNK-30367/BUClick' is present&#xD;
&#xD;
2019-09-19 12:13:38 - [TEST_STEP][PASSED] - waitForElementPresent(findTestObject("Regression BackOffice/CLNK-30367/BUClick"), 50): Object 'Object Repository/Regression BackOffice/CLNK-30367/BUClick' is present&#xD;
&#xD;
2019-09-19 12:13:38 - [MESSAGE][PASSED] - Object 'Object Repository/Regression BackOffice/CLNK-30367/BUClick' is present&#xD;
&#xD;
2019-09-19 12:13:38 - [TEST_STEP][PASSED] - click(findTestObject("Regression BackOffice/CLNK-30367/BUClick"), CONTINUE_ON_FAILURE): Object: 'Object Repository/Regression BackOffice/CLNK-30367/BUClick' is clicked on&#xD;
&#xD;
2019-09-19 12:13:39 - [MESSAGE][PASSED] - Object: 'Object Repository/Regression BackOffice/CLNK-30367/BUClick' is clicked on&#xD;
&#xD;
2019-09-19 12:13:39 - [TEST_STEP][PASSED] - delay(2): Delayed 2 second(s)&#xD;
&#xD;
2019-09-19 12:13:41 - [MESSAGE][PASSED] - Delayed 2 second(s)&#xD;
&#xD;
2019-09-19 12:13:41 - [TEST_STEP][PASSED] - waitForElementPresent(findTestObject("Regression BackOffice/CLNK-30367/PostPayrollButton"), 50): Object 'Object Repository/Regression BackOffice/CLNK-30367/PostPayrollButton' is present&#xD;
&#xD;
2019-09-19 12:13:41 - [MESSAGE][PASSED] - Object 'Object Repository/Regression BackOffice/CLNK-30367/PostPayrollButton' is present&#xD;
&#xD;
2019-09-19 12:13:41 - [TEST_STEP][PASSED] - click(findTestObject("Regression BackOffice/CLNK-30367/PostPayrollButton"), CONTINUE_ON_FAILURE): Object: 'Object Repository/Regression BackOffice/CLNK-30367/PostPayrollButton' is clicked on&#xD;
&#xD;
2019-09-19 12:13:41 - [MESSAGE][PASSED] - Object: 'Object Repository/Regression BackOffice/CLNK-30367/PostPayrollButton' is clicked on&#xD;
&#xD;
2019-09-19 12:13:41 - [TEST_STEP][PASSED] - delay(2): Delayed 2 second(s)&#xD;
&#xD;
2019-09-19 12:13:43 - [MESSAGE][PASSED] - Delayed 2 second(s)&#xD;
&#xD;
2019-09-19 12:13:43 - [TEST_STEP][PASSED] - waitForElementPresent(findTestObject("Regression BackOffice/CLNK-30367/PostButton"), 50): Object 'Object Repository/Regression BackOffice/CLNK-30367/PostButton' is present&#xD;
&#xD;
2019-09-19 12:13:43 - [MESSAGE][PASSED] - Object 'Object Repository/Regression BackOffice/CLNK-30367/PostButton' is present&#xD;
&#xD;
2019-09-19 12:13:43 - [TEST_STEP][PASSED] - click(findTestObject("Regression BackOffice/CLNK-30367/PostButton"), CONTINUE_ON_FAILURE): Object: 'Object Repository/Regression BackOffice/CLNK-30367/PostButton' is clicked on&#xD;
&#xD;
2019-09-19 12:13:44 - [MESSAGE][PASSED] - Object: 'Object Repository/Regression BackOffice/CLNK-30367/PostButton' is clicked on&#xD;
&#xD;
2019-09-19 12:13:44 - [TEST_STEP][PASSED] - delay(30): Delayed 30 second(s)&#xD;
&#xD;
2019-09-19 12:14:14 - [MESSAGE][PASSED] - Delayed 30 second(s)</system-out>
            <system-err></system-err>
        </testcase>
        <testcase name="Test Cases/Regression BackOffice (All Browsers)/CLNK-30368 - BO - Verify last week was posted (bill) in a BU" classname="Test Cases/Regression BackOffice (All Browsers)/CLNK-30368 - BO - Verify last week was posted (bill) in a BU" status="PASSED">
            <system-out>2019-09-19 12:14:16 - [TEST_CASE][PASSED] - Test Cases/Regression BackOffice (All Browsers)/CLNK-30368 - BO - Verify last week was posted (bill) in a BU: Test Cases/Regression BackOffice (All Browsers)/CLNK-30368 - BO - Verify last week was posted (bill) in a BU&#xD;
&#xD;
2019-09-19 12:14:16 - [TEST_STEP][PASSED] - openBrowser(G_SiteBackOffice): Browser is opened with url: 'https://qanewpoc.continulink.com:8443/Backoffice/'&#xD;
&#xD;
2019-09-19 12:14:16 - [MESSAGE][WARNING] - A browser is already opened. Closing browser and opening a new one&#xD;
&#xD;
2019-09-19 12:14:17 - [MESSAGE][INFO] - Starting 'Chrome' driver&#xD;
&#xD;
2019-09-19 12:14:25 - [MESSAGE][PASSED] - Browser is opened with url: 'https://qanewpoc.continulink.com:8443/Backoffice/'&#xD;
&#xD;
2019-09-19 12:14:25 - [TEST_STEP][PASSED] - waitForPageLoad(60): Wait for page load successfully&#xD;
&#xD;
2019-09-19 12:14:25 - [MESSAGE][PASSED] - Wait for page load successfully&#xD;
&#xD;
2019-09-19 12:14:25 - [TEST_STEP][PASSED] - maximizeWindow(): Current window maximized&#xD;
&#xD;
2019-09-19 12:14:29 - [MESSAGE][PASSED] - Current window maximized&#xD;
&#xD;
2019-09-19 12:14:29 - [TEST_STEP][PASSED] - setText(findTestObject("Regression BackOffice/Login/UserBackOffice"), G_UserBackOffice): Text 'automation_admin' is set on object 'Object Repository/Regression BackOffice/Login/UserBackOffice'&#xD;
&#xD;
2019-09-19 12:14:29 - [MESSAGE][PASSED] - Text 'automation_admin' is set on object 'Object Repository/Regression BackOffice/Login/UserBackOffice'&#xD;
&#xD;
2019-09-19 12:14:29 - [TEST_STEP][PASSED] - setText(findTestObject("Regression BackOffice/Login/PasswordBackOffice"), G_PasswordBackOffice): Text 'qwerty' is set on object 'Object Repository/Regression BackOffice/Login/PasswordBackOffice'&#xD;
&#xD;
2019-09-19 12:14:30 - [MESSAGE][PASSED] - Text 'qwerty' is set on object 'Object Repository/Regression BackOffice/Login/PasswordBackOffice'&#xD;
&#xD;
2019-09-19 12:14:30 - [TEST_STEP][PASSED] - click(findTestObject("Regression BackOffice/Login/LoginBackOffice")): Object: 'Object Repository/Regression BackOffice/Login/LoginBackOffice' is clicked on&#xD;
&#xD;
2019-09-19 12:14:34 - [MESSAGE][PASSED] - Object: 'Object Repository/Regression BackOffice/Login/LoginBackOffice' is clicked on&#xD;
&#xD;
2019-09-19 12:14:34 - [TEST_STEP][PASSED] - waitForPageLoad(60): Wait for page load successfully&#xD;
&#xD;
2019-09-19 12:14:34 - [MESSAGE][PASSED] - Wait for page load successfully&#xD;
&#xD;
2019-09-19 12:14:34 - [TEST_STEP][PASSED] - delay(3): Delayed 3 second(s)&#xD;
&#xD;
2019-09-19 12:14:37 - [MESSAGE][PASSED] - Delayed 3 second(s)&#xD;
&#xD;
2019-09-19 12:14:37 - [TEST_STEP][PASSED] - switchToFrame(findTestObject("Regression BackOffice/CLINK-Frames/FrameFrameLeft"), 5): null&#xD;
&#xD;
2019-09-19 12:14:37 - [TEST_STEP][PASSED] - waitForElementPresent(findTestObject("Regression BackOffice/CLNK-30368/FinanceLink"), 60): Object 'Object Repository/Regression BackOffice/CLNK-30368/FinanceLink' is present&#xD;
&#xD;
2019-09-19 12:14:37 - [MESSAGE][PASSED] - Object 'Object Repository/Regression BackOffice/CLNK-30368/FinanceLink' is present&#xD;
&#xD;
2019-09-19 12:14:37 - [TEST_STEP][PASSED] - click(findTestObject("Regression BackOffice/CLNK-30368/FinanceLink"), CONTINUE_ON_FAILURE): Object: 'Object Repository/Regression BackOffice/CLNK-30368/FinanceLink' is clicked on&#xD;
&#xD;
2019-09-19 12:14:37 - [MESSAGE][PASSED] - Object: 'Object Repository/Regression BackOffice/CLNK-30368/FinanceLink' is clicked on&#xD;
&#xD;
2019-09-19 12:14:37 - [TEST_STEP][PASSED] - delay(2): Delayed 2 second(s)&#xD;
&#xD;
2019-09-19 12:14:39 - [MESSAGE][PASSED] - Delayed 2 second(s)&#xD;
&#xD;
2019-09-19 12:14:39 - [TEST_STEP][PASSED] - waitForElementPresent(findTestObject("Regression BackOffice/CLNK-30368/Post Billing Link"), 60): Object 'Object Repository/Regression BackOffice/CLNK-30368/Post Billing Link' is present&#xD;
&#xD;
2019-09-19 12:14:40 - [MESSAGE][WARNING] - Test object with id 'Object Repository/Regression BackOffice/CLNK-30368/Page_InterLink/frame_Capture object_FrameLeft' does not exist&#xD;
&#xD;
2019-09-19 12:14:40 - [MESSAGE][PASSED] - Object 'Object Repository/Regression BackOffice/CLNK-30368/Post Billing Link' is present&#xD;
&#xD;
2019-09-19 12:14:40 - [TEST_STEP][PASSED] - click(findTestObject("Regression BackOffice/CLNK-30368/Post Billing Link"), CONTINUE_ON_FAILURE): Object: 'Object Repository/Regression BackOffice/CLNK-30368/Post Billing Link' is clicked on&#xD;
&#xD;
2019-09-19 12:14:40 - [MESSAGE][WARNING] - Test object with id 'Object Repository/Regression BackOffice/CLNK-30368/Page_InterLink/frame_Capture object_FrameLeft' does not exist&#xD;
&#xD;
2019-09-19 12:14:40 - [MESSAGE][PASSED] - Object: 'Object Repository/Regression BackOffice/CLNK-30368/Post Billing Link' is clicked on&#xD;
&#xD;
2019-09-19 12:14:40 - [TEST_STEP][PASSED] - delay(2): Delayed 2 second(s)&#xD;
&#xD;
2019-09-19 12:14:43 - [MESSAGE][PASSED] - Delayed 2 second(s)&#xD;
&#xD;
2019-09-19 12:14:43 - [TEST_STEP][PASSED] - waitForPageLoad(60): Wait for page load successfully&#xD;
&#xD;
2019-09-19 12:14:43 - [MESSAGE][PASSED] - Wait for page load successfully&#xD;
&#xD;
2019-09-19 12:14:43 - [TEST_STEP][PASSED] - switchToDefaultContent(): null&#xD;
&#xD;
2019-09-19 12:14:43 - [TEST_STEP][PASSED] - switchToFrame(findTestObject("Regression BackOffice/CLNK-30368/frame_Capture object_BannerFrame"), 30): null&#xD;
&#xD;
2019-09-19 12:14:43 - [TEST_STEP][PASSED] - if (verifyElementPresent(findTestObject("Regression BackOffice/CLNK-30368/PostBillButton"), 10)): Delayed 30 second(s)&#xD;
&#xD;
2019-09-19 12:14:43 - [MESSAGE][WARNING] - Test object with id 'Object Repository/Regression BackOffice/CLNK-30368/Page_InterLink/frame_Capture object_BannerFrame' does not exist&#xD;
&#xD;
2019-09-19 12:14:43 - [MESSAGE][PASSED] - Object 'Object Repository/Regression BackOffice/CLNK-30368/PostBillButton' is present&#xD;
&#xD;
2019-09-19 12:14:43 - [TEST_STEP][PASSED] - waitForElementPresent(findTestObject("Regression BackOffice/CLNK-30368/PostBillButton"), 50): Object 'Object Repository/Regression BackOffice/CLNK-30368/PostBillButton' is present&#xD;
&#xD;
2019-09-19 12:14:43 - [MESSAGE][WARNING] - Test object with id 'Object Repository/Regression BackOffice/CLNK-30368/Page_InterLink/frame_Capture object_BannerFrame' does not exist&#xD;
&#xD;
2019-09-19 12:14:43 - [MESSAGE][PASSED] - Object 'Object Repository/Regression BackOffice/CLNK-30368/PostBillButton' is present&#xD;
&#xD;
2019-09-19 12:14:43 - [TEST_STEP][PASSED] - click(findTestObject("Regression BackOffice/CLNK-30368/PostBillButton"), CONTINUE_ON_FAILURE): Object: 'Object Repository/Regression BackOffice/CLNK-30368/PostBillButton' is clicked on&#xD;
&#xD;
2019-09-19 12:14:43 - [MESSAGE][WARNING] - Test object with id 'Object Repository/Regression BackOffice/CLNK-30368/Page_InterLink/frame_Capture object_BannerFrame' does not exist&#xD;
&#xD;
2019-09-19 12:14:44 - [MESSAGE][PASSED] - Object: 'Object Repository/Regression BackOffice/CLNK-30368/PostBillButton' is clicked on&#xD;
&#xD;
2019-09-19 12:14:44 - [TEST_STEP][PASSED] - delay(30): Delayed 30 second(s)&#xD;
&#xD;
2019-09-19 12:15:14 - [MESSAGE][PASSED] - Delayed 30 second(s)</system-out>
            <system-err></system-err>
        </testcase>
        <testcase name="Test Cases/Regression BackOffice (All Browsers)/CLNK-23429 - BO - Process Payroll" classname="Test Cases/Regression BackOffice (All Browsers)/CLNK-23429 - BO - Process Payroll" status="PASSED">
            <system-out>2019-09-19 12:15:16 - [TEST_CASE][PASSED] - Test Cases/Regression BackOffice (All Browsers)/CLNK-23429 - BO - Process Payroll: Test Cases/Regression BackOffice (All Browsers)/CLNK-23429 - BO - Process Payroll&#xD;
&#xD;
2019-09-19 12:15:16 - [TEST_STEP][PASSED] - openBrowser(G_SiteBackOffice): Browser is opened with url: 'https://qanewpoc.continulink.com:8443/Backoffice/'&#xD;
&#xD;
2019-09-19 12:15:16 - [MESSAGE][WARNING] - A browser is already opened. Closing browser and opening a new one&#xD;
&#xD;
2019-09-19 12:15:17 - [MESSAGE][INFO] - Starting 'Chrome' driver&#xD;
&#xD;
2019-09-19 12:15:24 - [MESSAGE][PASSED] - Browser is opened with url: 'https://qanewpoc.continulink.com:8443/Backoffice/'&#xD;
&#xD;
2019-09-19 12:15:24 - [TEST_STEP][PASSED] - waitForPageLoad(60): Wait for page load successfully&#xD;
&#xD;
2019-09-19 12:15:24 - [MESSAGE][PASSED] - Wait for page load successfully&#xD;
&#xD;
2019-09-19 12:15:24 - [TEST_STEP][PASSED] - maximizeWindow(): Current window maximized&#xD;
&#xD;
2019-09-19 12:15:29 - [MESSAGE][PASSED] - Current window maximized&#xD;
&#xD;
2019-09-19 12:15:29 - [TEST_STEP][PASSED] - setText(findTestObject("Regression BackOffice/Login/UserBackOffice"), G_UserBackOffice): Text 'automation_admin' is set on object 'Object Repository/Regression BackOffice/Login/UserBackOffice'&#xD;
&#xD;
2019-09-19 12:15:29 - [MESSAGE][PASSED] - Text 'automation_admin' is set on object 'Object Repository/Regression BackOffice/Login/UserBackOffice'&#xD;
&#xD;
2019-09-19 12:15:29 - [TEST_STEP][PASSED] - setText(findTestObject("Regression BackOffice/Login/PasswordBackOffice"), G_PasswordBackOffice): Text 'qwerty' is set on object 'Object Repository/Regression BackOffice/Login/PasswordBackOffice'&#xD;
&#xD;
2019-09-19 12:15:29 - [MESSAGE][PASSED] - Text 'qwerty' is set on object 'Object Repository/Regression BackOffice/Login/PasswordBackOffice'&#xD;
&#xD;
2019-09-19 12:15:29 - [TEST_STEP][PASSED] - click(findTestObject("Regression BackOffice/Login/LoginBackOffice")): Object: 'Object Repository/Regression BackOffice/Login/LoginBackOffice' is clicked on&#xD;
&#xD;
2019-09-19 12:15:34 - [MESSAGE][PASSED] - Object: 'Object Repository/Regression BackOffice/Login/LoginBackOffice' is clicked on&#xD;
&#xD;
2019-09-19 12:15:34 - [TEST_STEP][PASSED] - waitForPageLoad(60): Wait for page load successfully&#xD;
&#xD;
2019-09-19 12:15:34 - [MESSAGE][PASSED] - Wait for page load successfully&#xD;
&#xD;
2019-09-19 12:15:34 - [TEST_STEP][PASSED] - delay(3): Delayed 3 second(s)&#xD;
&#xD;
2019-09-19 12:15:37 - [MESSAGE][PASSED] - Delayed 3 second(s)&#xD;
&#xD;
2019-09-19 12:15:37 - [TEST_STEP][PASSED] - switchToFrame(findTestObject("Regression BackOffice/CLNK-23449/FrameLeft"), 5): null&#xD;
&#xD;
2019-09-19 12:15:37 - [TEST_STEP][PASSED] - waitForElementPresent(findTestObject("Regression BackOffice/CLNK-30366/PayrollLink"), 60): Object 'Object Repository/Regression BackOffice/CLNK-30366/PayrollLink' is present&#xD;
&#xD;
2019-09-19 12:15:37 - [MESSAGE][PASSED] - Object 'Object Repository/Regression BackOffice/CLNK-30366/PayrollLink' is present&#xD;
&#xD;
2019-09-19 12:15:37 - [TEST_STEP][PASSED] - click(findTestObject("Regression BackOffice/CLNK-30366/PayrollLink"), CONTINUE_ON_FAILURE): Object: 'Object Repository/Regression BackOffice/CLNK-30366/PayrollLink' is clicked on&#xD;
&#xD;
2019-09-19 12:15:37 - [MESSAGE][PASSED] - Object: 'Object Repository/Regression BackOffice/CLNK-30366/PayrollLink' is clicked on&#xD;
&#xD;
2019-09-19 12:15:37 - [TEST_STEP][PASSED] - delay(2): Delayed 2 second(s)&#xD;
&#xD;
2019-09-19 12:15:39 - [MESSAGE][PASSED] - Delayed 2 second(s)&#xD;
&#xD;
2019-09-19 12:15:39 - [TEST_STEP][PASSED] - waitForElementPresent(findTestObject("Regression BackOffice/CLNK-30366/Process Payroll"), 60): Object 'Object Repository/Regression BackOffice/CLNK-30366/Process Payroll' is present&#xD;
&#xD;
2019-09-19 12:15:39 - [MESSAGE][PASSED] - Object 'Object Repository/Regression BackOffice/CLNK-30366/Process Payroll' is present&#xD;
&#xD;
2019-09-19 12:15:39 - [TEST_STEP][PASSED] - click(findTestObject("Regression BackOffice/CLNK-30366/Process Payroll"), CONTINUE_ON_FAILURE): Object: 'Object Repository/Regression BackOffice/CLNK-30366/Process Payroll' is clicked on&#xD;
&#xD;
2019-09-19 12:15:40 - [MESSAGE][PASSED] - Object: 'Object Repository/Regression BackOffice/CLNK-30366/Process Payroll' is clicked on&#xD;
&#xD;
2019-09-19 12:15:40 - [TEST_STEP][PASSED] - delay(2): Delayed 2 second(s)&#xD;
&#xD;
2019-09-19 12:15:42 - [MESSAGE][PASSED] - Delayed 2 second(s)&#xD;
&#xD;
2019-09-19 12:15:42 - [TEST_STEP][PASSED] - waitForPageLoad(60): Wait for page load successfully&#xD;
&#xD;
2019-09-19 12:15:42 - [MESSAGE][PASSED] - Wait for page load successfully&#xD;
&#xD;
2019-09-19 12:15:42 - [TEST_STEP][PASSED] - switchToDefaultContent(): null&#xD;
&#xD;
2019-09-19 12:15:42 - [TEST_STEP][PASSED] - switchToFrame(findTestObject("Regression BackOffice/CLNK-23449/FrameMain"), 30): null&#xD;
&#xD;
2019-09-19 12:15:42 - [TEST_STEP][PASSED] - waitForElementPresent(findTestObject("Regression BackOffice/CLNK-30366/Automation BU Check"), 50): Object 'Object Repository/Regression BackOffice/CLNK-30366/Automation BU Check' is present&#xD;
&#xD;
2019-09-19 12:15:43 - [MESSAGE][PASSED] - Object 'Object Repository/Regression BackOffice/CLNK-30366/Automation BU Check' is present&#xD;
&#xD;
2019-09-19 12:15:43 - [TEST_STEP][PASSED] - click(findTestObject("Regression BackOffice/CLNK-30366/Automation BU Check"), CONTINUE_ON_FAILURE): Object: 'Object Repository/Regression BackOffice/CLNK-30366/Automation BU Check' is clicked on&#xD;
&#xD;
2019-09-19 12:15:43 - [MESSAGE][PASSED] - Object: 'Object Repository/Regression BackOffice/CLNK-30366/Automation BU Check' is clicked on&#xD;
&#xD;
2019-09-19 12:15:43 - [TEST_STEP][PASSED] - delay(2): Delayed 2 second(s)&#xD;
&#xD;
2019-09-19 12:15:45 - [MESSAGE][PASSED] - Delayed 2 second(s)&#xD;
&#xD;
2019-09-19 12:15:45 - [TEST_STEP][PASSED] - switchToDefaultContent(): null&#xD;
&#xD;
2019-09-19 12:15:45 - [TEST_STEP][PASSED] - switchToFrame(findTestObject("Regression BackOffice/CLNK-23429/frame_Capture object_BannerFrame"), 30): null&#xD;
&#xD;
2019-09-19 12:15:45 - [TEST_STEP][PASSED] - waitForElementPresent(findTestObject("Regression BackOffice/CLNK-23429/ProcessPayrollButton"), 50): Object 'Object Repository/Regression BackOffice/CLNK-23429/ProcessPayrollButton' is present&#xD;
&#xD;
2019-09-19 12:15:45 - [MESSAGE][WARNING] - Test object with id 'Object Repository/Regression BackOffice/CLNK-23429/Page_InterLink/frame_Capture object_BannerFrame' does not exist&#xD;
&#xD;
2019-09-19 12:15:45 - [MESSAGE][PASSED] - Object 'Object Repository/Regression BackOffice/CLNK-23429/ProcessPayrollButton' is present&#xD;
&#xD;
2019-09-19 12:15:45 - [TEST_STEP][PASSED] - click(findTestObject("Regression BackOffice/CLNK-23429/ProcessPayrollButton"), CONTINUE_ON_FAILURE): Object: 'Object Repository/Regression BackOffice/CLNK-23429/ProcessPayrollButton' is clicked on&#xD;
&#xD;
2019-09-19 12:15:45 - [MESSAGE][WARNING] - Test object with id 'Object Repository/Regression BackOffice/CLNK-23429/Page_InterLink/frame_Capture object_BannerFrame' does not exist&#xD;
&#xD;
2019-09-19 12:15:46 - [MESSAGE][PASSED] - Object: 'Object Repository/Regression BackOffice/CLNK-23429/ProcessPayrollButton' is clicked on&#xD;
&#xD;
2019-09-19 12:15:46 - [TEST_STEP][PASSED] - delay(2): Delayed 2 second(s)&#xD;
&#xD;
2019-09-19 12:15:48 - [MESSAGE][PASSED] - Delayed 2 second(s)&#xD;
&#xD;
2019-09-19 12:15:48 - [TEST_STEP][PASSED] - switchToDefaultContent(): null&#xD;
&#xD;
2019-09-19 12:15:48 - [TEST_STEP][PASSED] - switchToFrame(findTestObject("Regression BackOffice/CLNK-23449/FrameMain"), 30): null&#xD;
&#xD;
2019-09-19 12:15:48 - [TEST_STEP][PASSED] - waitForElementPresent(findTestObject("Regression BackOffice/CLNK-23429/ContinueButton"), 50): Object 'Object Repository/Regression BackOffice/CLNK-23429/ContinueButton' is present&#xD;
&#xD;
2019-09-19 12:15:48 - [MESSAGE][PASSED] - Object 'Object Repository/Regression BackOffice/CLNK-23429/ContinueButton' is present&#xD;
&#xD;
2019-09-19 12:15:48 - [TEST_STEP][PASSED] - click(findTestObject("Regression BackOffice/CLNK-23429/ContinueButton"), CONTINUE_ON_FAILURE): Object: 'Object Repository/Regression BackOffice/CLNK-23429/ContinueButton' is clicked on&#xD;
&#xD;
2019-09-19 12:15:59 - [MESSAGE][PASSED] - Object: 'Object Repository/Regression BackOffice/CLNK-23429/ContinueButton' is clicked on&#xD;
&#xD;
2019-09-19 12:15:59 - [TEST_STEP][PASSED] - delay(2): Delayed 2 second(s)&#xD;
&#xD;
2019-09-19 12:16:01 - [MESSAGE][PASSED] - Delayed 2 second(s)</system-out>
            <system-err></system-err>
        </testcase>
        <testcase name="Test Cases/Regression BackOffice (All Browsers)/CLNK-17593 -7231 Main Application - Clinical Block - View POC and RPOC" classname="Test Cases/Regression BackOffice (All Browsers)/CLNK-17593 -7231 Main Application - Clinical Block - View POC and RPOC" status="PASSED">
            <system-out>2019-09-19 12:16:03 - [TEST_CASE][PASSED] - Test Cases/Regression BackOffice (All Browsers)/CLNK-17593 -7231 Main Application - Clinical Block - View POC and RPOC: Test Cases/Regression BackOffice (All Browsers)/CLNK-17593 -7231 Main Application - Clinical Block - View POC and RPOC&#xD;
&#xD;
2019-09-19 12:16:03 - [TEST_STEP][PASSED] - callTestCase(findTestCase("Regression BackOffice (All Browsers)/CLNK-23439 - Clink - Back office Client"), [:], STOP_ON_FAILURE): Call Test Case 'Test Cases/Regression BackOffice (All Browsers)/CLNK-23439 - Clink - Back office Client' successfully&#xD;
&#xD;
2019-09-19 12:16:03 - [TEST_CASE][PASSED] - Test Cases/Regression BackOffice (All Browsers)/CLNK-23439 - Clink - Back office Client: Test Cases/Regression BackOffice (All Browsers)/CLNK-23439 - Clink - Back office Client&#xD;
&#xD;
2019-09-19 12:16:03 - [TEST_STEP][PASSED] - deleteAllCookies(): Delete all cookies successfully&#xD;
&#xD;
2019-09-19 12:16:03 - [MESSAGE][PASSED] - Delete all cookies successfully&#xD;
&#xD;
2019-09-19 12:16:03 - [TEST_STEP][PASSED] - openBrowser(G_SiteBackOffice): Browser is opened with url: 'https://qanewpoc.continulink.com:8443/Backoffice/'&#xD;
&#xD;
2019-09-19 12:16:03 - [MESSAGE][WARNING] - A browser is already opened. Closing browser and opening a new one&#xD;
&#xD;
2019-09-19 12:16:05 - [MESSAGE][INFO] - Starting 'Chrome' driver&#xD;
&#xD;
2019-09-19 12:16:12 - [MESSAGE][PASSED] - Browser is opened with url: 'https://qanewpoc.continulink.com:8443/Backoffice/'&#xD;
&#xD;
2019-09-19 12:16:12 - [TEST_STEP][PASSED] - waitForPageLoad(60): Wait for page load successfully&#xD;
&#xD;
2019-09-19 12:16:12 - [MESSAGE][PASSED] - Wait for page load successfully&#xD;
&#xD;
2019-09-19 12:16:12 - [TEST_STEP][PASSED] - maximizeWindow(): Current window maximized&#xD;
&#xD;
2019-09-19 12:16:17 - [MESSAGE][PASSED] - Current window maximized&#xD;
&#xD;
2019-09-19 12:16:17 - [TEST_STEP][PASSED] - setText(findTestObject("Regression BackOffice/Login/UserBackOffice"), G_UserBackOffice): Text 'automation_admin' is set on object 'Object Repository/Regression BackOffice/Login/UserBackOffice'&#xD;
&#xD;
2019-09-19 12:16:17 - [MESSAGE][PASSED] - Text 'automation_admin' is set on object 'Object Repository/Regression BackOffice/Login/UserBackOffice'&#xD;
&#xD;
2019-09-19 12:16:17 - [TEST_STEP][PASSED] - setText(findTestObject("Regression BackOffice/Login/PasswordBackOffice"), G_PasswordBackOffice): Text 'qwerty' is set on object 'Object Repository/Regression BackOffice/Login/PasswordBackOffice'&#xD;
&#xD;
2019-09-19 12:16:17 - [MESSAGE][PASSED] - Text 'qwerty' is set on object 'Object Repository/Regression BackOffice/Login/PasswordBackOffice'&#xD;
&#xD;
2019-09-19 12:16:17 - [TEST_STEP][PASSED] - click(findTestObject("Regression BackOffice/Login/LoginBackOffice")): Object: 'Object Repository/Regression BackOffice/Login/LoginBackOffice' is clicked on&#xD;
&#xD;
2019-09-19 12:16:21 - [MESSAGE][PASSED] - Object: 'Object Repository/Regression BackOffice/Login/LoginBackOffice' is clicked on&#xD;
&#xD;
2019-09-19 12:16:21 - [TEST_STEP][PASSED] - waitForPageLoad(60): Wait for page load successfully&#xD;
&#xD;
2019-09-19 12:16:21 - [MESSAGE][PASSED] - Wait for page load successfully&#xD;
&#xD;
2019-09-19 12:16:21 - [TEST_STEP][PASSED] - delay(2): Delayed 2 second(s)&#xD;
&#xD;
2019-09-19 12:16:23 - [MESSAGE][PASSED] - Delayed 2 second(s)&#xD;
&#xD;
2019-09-19 12:16:23 - [TEST_STEP][PASSED] - switchToFrame(findTestObject("Regression BackOffice/CLINK-Frames/FrameFrameLeft"), 5, STOP_ON_FAILURE): null&#xD;
&#xD;
2019-09-19 12:16:24 - [TEST_STEP][PASSED] - delay(2): Delayed 2 second(s)&#xD;
&#xD;
2019-09-19 12:16:26 - [MESSAGE][PASSED] - Delayed 2 second(s)&#xD;
&#xD;
2019-09-19 12:16:26 - [TEST_STEP][PASSED] - waitForElementPresent(findTestObject("Regression BackOffice/CLINK-Frames/ClientIntake"), 50): Object 'Object Repository/Regression BackOffice/CLINK-Frames/ClientIntake' is present&#xD;
&#xD;
2019-09-19 12:16:26 - [MESSAGE][PASSED] - Object 'Object Repository/Regression BackOffice/CLINK-Frames/ClientIntake' is present&#xD;
&#xD;
2019-09-19 12:16:26 - [TEST_STEP][PASSED] - verifyElementPresent(findTestObject("Regression BackOffice/CLINK-Frames/ClientIntake"), 100, STOP_ON_FAILURE): Object 'Object Repository/Regression BackOffice/CLINK-Frames/ClientIntake' is present&#xD;
&#xD;
2019-09-19 12:16:26 - [MESSAGE][PASSED] - Object 'Object Repository/Regression BackOffice/CLINK-Frames/ClientIntake' is present&#xD;
&#xD;
2019-09-19 12:16:26 - [TEST_STEP][PASSED] - switchToDefaultContent(): null&#xD;
&#xD;
2019-09-19 12:16:26 - [MESSAGE][PASSED] - Call Test Case 'Test Cases/Regression BackOffice (All Browsers)/CLNK-23439 - Clink - Back office Client' successfully&#xD;
&#xD;
2019-09-19 12:16:26 - [TEST_STEP][PASSED] - waitForPageLoad(60): Wait for page load successfully&#xD;
&#xD;
2019-09-19 12:16:26 - [MESSAGE][PASSED] - Wait for page load successfully&#xD;
&#xD;
2019-09-19 12:16:26 - [TEST_STEP][PASSED] - delay(3): Delayed 3 second(s)&#xD;
&#xD;
2019-09-19 12:16:29 - [MESSAGE][PASSED] - Delayed 3 second(s)&#xD;
&#xD;
2019-09-19 12:16:29 - [TEST_STEP][PASSED] - switchToFrame(findTestObject("Regression BackOffice/CLNK-23449/FrameLeft"), 30): null&#xD;
&#xD;
2019-09-19 12:16:29 - [TEST_STEP][PASSED] - waitForElementPresent(findTestObject("Regression BackOffice/CLNK-23449/ClienIntakeICon"), 100): Object 'Object Repository/Regression BackOffice/CLNK-23449/ClienIntakeICon' is present&#xD;
&#xD;
2019-09-19 12:16:29 - [MESSAGE][PASSED] - Object 'Object Repository/Regression BackOffice/CLNK-23449/ClienIntakeICon' is present&#xD;
&#xD;
2019-09-19 12:16:29 - [TEST_STEP][PASSED] - click(findTestObject("Regression BackOffice/CLNK-23449/ClienIntakeICon")): Object: 'Object Repository/Regression BackOffice/CLNK-23449/ClienIntakeICon' is clicked on&#xD;
&#xD;
2019-09-19 12:16:29 - [MESSAGE][PASSED] - Object: 'Object Repository/Regression BackOffice/CLNK-23449/ClienIntakeICon' is clicked on&#xD;
&#xD;
2019-09-19 12:16:29 - [TEST_STEP][PASSED] - delay(2): Delayed 2 second(s)&#xD;
&#xD;
2019-09-19 12:16:31 - [MESSAGE][PASSED] - Delayed 2 second(s)&#xD;
&#xD;
2019-09-19 12:16:31 - [TEST_STEP][PASSED] - waitForPageLoad(50): Wait for page load successfully&#xD;
&#xD;
2019-09-19 12:16:31 - [MESSAGE][PASSED] - Wait for page load successfully&#xD;
&#xD;
2019-09-19 12:16:31 - [TEST_STEP][PASSED] - waitForElementPresent(findTestObject("Regression BackOffice/CLNK-10235/SearchforaClient"), 50): Object 'Object Repository/Regression BackOffice/CLNK-10235/SearchforaClient' is present&#xD;
&#xD;
2019-09-19 12:16:31 - [MESSAGE][PASSED] - Object 'Object Repository/Regression BackOffice/CLNK-10235/SearchforaClient' is present&#xD;
&#xD;
2019-09-19 12:16:31 - [TEST_STEP][PASSED] - click(findTestObject("Regression BackOffice/CLNK-10235/SearchforaClient")): Object: 'Object Repository/Regression BackOffice/CLNK-10235/SearchforaClient' is clicked on&#xD;
&#xD;
2019-09-19 12:16:32 - [MESSAGE][PASSED] - Object: 'Object Repository/Regression BackOffice/CLNK-10235/SearchforaClient' is clicked on&#xD;
&#xD;
2019-09-19 12:16:32 - [TEST_STEP][PASSED] - delay(2): Delayed 2 second(s)&#xD;
&#xD;
2019-09-19 12:16:34 - [MESSAGE][PASSED] - Delayed 2 second(s)&#xD;
&#xD;
2019-09-19 12:16:34 - [TEST_STEP][PASSED] - switchToDefaultContent(): null&#xD;
&#xD;
2019-09-19 12:16:34 - [TEST_STEP][PASSED] - switchToFrame(findTestObject("Regression BackOffice/CLNK-23449/FrameMain"), 30): null&#xD;
&#xD;
2019-09-19 12:16:35 - [TEST_STEP][PASSED] - waitForElementPresent(findTestObject("Regression BackOffice/CLNK-10235/FirstNameSearch"), 50): Object 'Object Repository/Regression BackOffice/CLNK-10235/FirstNameSearch' is present&#xD;
&#xD;
2019-09-19 12:16:35 - [MESSAGE][PASSED] - Object 'Object Repository/Regression BackOffice/CLNK-10235/FirstNameSearch' is present&#xD;
&#xD;
2019-09-19 12:16:35 - [TEST_STEP][PASSED] - setText(findTestObject("Regression BackOffice/CLNK-10235/FirstNameSearch"), G_ClientFirstName): Text 'Ernest' is set on object 'Object Repository/Regression BackOffice/CLNK-10235/FirstNameSearch'&#xD;
&#xD;
2019-09-19 12:16:35 - [MESSAGE][PASSED] - Text 'Ernest' is set on object 'Object Repository/Regression BackOffice/CLNK-10235/FirstNameSearch'&#xD;
&#xD;
2019-09-19 12:16:35 - [TEST_STEP][PASSED] - delay(2): Delayed 2 second(s)&#xD;
&#xD;
2019-09-19 12:16:37 - [MESSAGE][PASSED] - Delayed 2 second(s)&#xD;
&#xD;
2019-09-19 12:16:37 - [TEST_STEP][PASSED] - waitForElementPresent(findTestObject("Regression BackOffice/CLNK-10235/LastNameSearch"), 50): Object 'Object Repository/Regression BackOffice/CLNK-10235/LastNameSearch' is present&#xD;
&#xD;
2019-09-19 12:16:37 - [MESSAGE][PASSED] - Object 'Object Repository/Regression BackOffice/CLNK-10235/LastNameSearch' is present&#xD;
&#xD;
2019-09-19 12:16:37 - [TEST_STEP][PASSED] - setText(findTestObject("Regression BackOffice/CLNK-10235/LastNameSearch"), G_ClientLastName): Text 'Ernesky' is set on object 'Object Repository/Regression BackOffice/CLNK-10235/LastNameSearch'&#xD;
&#xD;
2019-09-19 12:16:37 - [MESSAGE][PASSED] - Text 'Ernesky' is set on object 'Object Repository/Regression BackOffice/CLNK-10235/LastNameSearch'&#xD;
&#xD;
2019-09-19 12:16:37 - [TEST_STEP][PASSED] - delay(2): Delayed 2 second(s)&#xD;
&#xD;
2019-09-19 12:16:39 - [MESSAGE][PASSED] - Delayed 2 second(s)&#xD;
&#xD;
2019-09-19 12:16:39 - [TEST_STEP][PASSED] - waitForElementPresent(findTestObject("Regression BackOffice/CLINK - 27906/SearchButton"), 50): Object 'Object Repository/Regression BackOffice/CLINK - 27906/SearchButton' is present&#xD;
&#xD;
2019-09-19 12:16:39 - [MESSAGE][PASSED] - Object 'Object Repository/Regression BackOffice/CLINK - 27906/SearchButton' is present&#xD;
&#xD;
2019-09-19 12:16:39 - [TEST_STEP][PASSED] - click(findTestObject("Regression BackOffice/CLINK - 27906/SearchButton"), STOP_ON_FAILURE): Object: 'Object Repository/Regression BackOffice/CLINK - 27906/SearchButton' is clicked on&#xD;
&#xD;
2019-09-19 12:16:40 - [MESSAGE][PASSED] - Object: 'Object Repository/Regression BackOffice/CLINK - 27906/SearchButton' is clicked on&#xD;
&#xD;
2019-09-19 12:16:40 - [TEST_STEP][PASSED] - delay(2): Delayed 2 second(s)&#xD;
&#xD;
2019-09-19 12:16:42 - [MESSAGE][PASSED] - Delayed 2 second(s)&#xD;
&#xD;
2019-09-19 12:16:42 - [TEST_STEP][PASSED] - waitForElementPresent(findTestObject("Regression BackOffice/CLINK - 27906/ClientRollbackLink"), 50): Object 'Object Repository/Regression BackOffice/CLINK - 27906/ClientRollbackLink' is present&#xD;
&#xD;
2019-09-19 12:16:42 - [MESSAGE][PASSED] - Object 'Object Repository/Regression BackOffice/CLINK - 27906/ClientRollbackLink' is present&#xD;
&#xD;
2019-09-19 12:16:42 - [TEST_STEP][PASSED] - rightClick(findTestObject("Regression BackOffice/CLINK - 27906/ClientRollbackLink"), CONTINUE_ON_FAILURE): Object: 'Object Repository/Regression BackOffice/CLINK - 27906/ClientRollbackLink' is right clicked on&#xD;
&#xD;
2019-09-19 12:16:43 - [MESSAGE][PASSED] - Object: 'Object Repository/Regression BackOffice/CLINK - 27906/ClientRollbackLink' is right clicked on&#xD;
&#xD;
2019-09-19 12:16:43 - [TEST_STEP][PASSED] - delay(2): Delayed 2 second(s)&#xD;
&#xD;
2019-09-19 12:16:45 - [MESSAGE][PASSED] - Delayed 2 second(s)&#xD;
&#xD;
2019-09-19 12:16:45 - [TEST_STEP][PASSED] - waitForElementPresent(findTestObject("Regression BackOffice/CLINK-17593/View POC  RPOC"), 100): Object 'Object Repository/Regression BackOffice/CLINK-17593/View POC  RPOC' is present&#xD;
&#xD;
2019-09-19 12:16:45 - [MESSAGE][PASSED] - Object 'Object Repository/Regression BackOffice/CLINK-17593/View POC  RPOC' is present&#xD;
&#xD;
2019-09-19 12:16:45 - [TEST_STEP][PASSED] - click(findTestObject("Regression BackOffice/CLINK-17593/View POC  RPOC")): Object: 'Object Repository/Regression BackOffice/CLINK-17593/View POC  RPOC' is clicked on&#xD;
&#xD;
2019-09-19 12:16:46 - [MESSAGE][PASSED] - Object: 'Object Repository/Regression BackOffice/CLINK-17593/View POC  RPOC' is clicked on&#xD;
&#xD;
2019-09-19 12:16:46 - [TEST_STEP][PASSED] - delay(10): Delayed 10 second(s)&#xD;
&#xD;
2019-09-19 12:16:56 - [MESSAGE][PASSED] - Delayed 10 second(s)&#xD;
&#xD;
2019-09-19 12:16:56 - [TEST_STEP][PASSED] - waitForPageLoad(50): Wait for page load successfully&#xD;
&#xD;
2019-09-19 12:16:56 - [MESSAGE][PASSED] - Wait for page load successfully&#xD;
&#xD;
2019-09-19 12:16:56 - [TEST_STEP][PASSED] - switchToFrame(findTestObject("Regression BackOffice/CLNK-23449/FrameMain"), 30): null&#xD;
&#xD;
2019-09-19 12:16:56 - [TEST_STEP][NOT_RUN] - waitForElementPresent(findTestObject("Regression BackOffice/CLINK-17593/StatusColumn"), 100): NOT_RUN: waitForElementPresent(findTestObject("Regression BackOffice/CLINK-17593/StatusColumn"), 100)&#xD;
&#xD;
2019-09-19 12:16:56 - [MESSAGE][NOT_RUN] - NOT_RUN: waitForElementPresent(findTestObject("Regression BackOffice/CLINK-17593/StatusColumn"), 100)&#xD;
&#xD;
2019-09-19 12:16:56 - [TEST_STEP][NOT_RUN] - verifyElementPresent(findTestObject("Regression BackOffice/CLINK-17593/StatusColumn"), 50): NOT_RUN: verifyElementPresent(findTestObject("Regression BackOffice/CLINK-17593/StatusColumn"), 50)&#xD;
&#xD;
2019-09-19 12:16:56 - [MESSAGE][NOT_RUN] - NOT_RUN: verifyElementPresent(findTestObject("Regression BackOffice/CLINK-17593/StatusColumn"), 50)&#xD;
&#xD;
2019-09-19 12:16:56 - [TEST_STEP][NOT_RUN] - delay(2): NOT_RUN: delay(2)&#xD;
&#xD;
2019-09-19 12:16:56 - [MESSAGE][NOT_RUN] - NOT_RUN: delay(2)&#xD;
&#xD;
2019-09-19 12:16:56 - [TEST_STEP][PASSED] - if (verifyElementPresent(findTestObject("Regression BackOffice/CLINK-17593/Status"), 10)): com.kms.katalon.core.webui.exception.WebElementNotFoundException: Web element with id: 'Object Repository/Regression BackOffice/CLINK-17593/Status' located by 'By.xpath: //*[@id="tblPOC"]/tbody/tr[2]/td[7]/img' not found (Root cause: com.kms.katalon.core.exception.StepFailedException: com.kms.katalon.core.webui.exception.WebElementNotFoundException: Web element with id: 'Object Repository/Regression BackOffice/CLINK-17593/Status' located by 'By.xpath: //*[@id="tblPOC"]/tbody/tr[2]/td[7]/img' not found&#xD;
	at com.kms.katalon.core.webui.keyword.internal.WebUIKeywordMain.stepFailed(WebUIKeywordMain.groovy:64)&#xD;
	at com.kms.katalon.core.webui.keyword.builtin.VerifyElementPresentKeyword$_verifyElementPresent_closure1.doCall(VerifyElementPresentKeyword.groovy:85)&#xD;
	at com.kms.katalon.core.webui.keyword.builtin.VerifyElementPresentKeyword$_verifyElementPresent_closure1.call(VerifyElementPresentKeyword.groovy)&#xD;
	at com.kms.katalon.core.webui.keyword.internal.WebUIKeywordMain.runKeyword(WebUIKeywordMain.groovy:20)&#xD;
	at com.kms.katalon.core.webui.keyword.builtin.VerifyElementPresentKeyword.verifyElementPresent(VerifyElementPresentKeyword.groovy:92)&#xD;
	at com.kms.katalon.core.webui.keyword.builtin.VerifyElementPresentKeyword.execute(VerifyElementPresentKeyword.groovy:68)&#xD;
	at com.kms.katalon.core.keyword.internal.KeywordExecutor.executeKeywordForPlatform(KeywordExecutor.groovy:56)&#xD;
	at com.kms.katalon.core.webui.keyword.WebUiBuiltInKeywords.verifyElementPresent(WebUiBuiltInKeywords.groovy:1434)&#xD;
	at com.kms.katalon.core.webui.keyword.WebUiBuiltInKeywords$verifyElementPresent$19.call(Unknown Source)&#xD;
	at CLNK-17593 -7231 Main Application - Clinical Block - View POC and RPOC.run(CLNK-17593 -7231 Main Application - Clinical Block - View POC and RPOC:85)&#xD;
	at com.kms.katalon.core.main.ScriptEngine.run(ScriptEngine.java:194)&#xD;
	at com.kms.katalon.core.main.ScriptEngine.runScriptAsRawText(ScriptEngine.java:119)&#xD;
	at com.kms.katalon.core.main.TestCaseExecutor.runScript(TestCaseExecutor.java:337)&#xD;
	at com.kms.katalon.core.main.TestCaseExecutor.doExecute(TestCaseExecutor.java:328)&#xD;
	at com.kms.katalon.core.main.TestCaseExecutor.processExecutionPhase(TestCaseExecutor.java:307)&#xD;
	at com.kms.katalon.core.main.TestCaseExecutor.accessMainPhase(TestCaseExecutor.java:299)&#xD;
	at com.kms.katalon.core.main.TestCaseExecutor.execute(TestCaseExecutor.java:233)&#xD;
	at com.kms.katalon.core.main.TestSuiteExecutor.accessTestCaseMainPhase(TestSuiteExecutor.java:169)&#xD;
	at com.kms.katalon.core.main.TestSuiteExecutor.accessTestSuiteMainPhase(TestSuiteExecutor.java:142)&#xD;
	at com.kms.katalon.core.main.TestSuiteExecutor.execute(TestSuiteExecutor.java:91)&#xD;
	at com.kms.katalon.core.main.TestCaseMain.startTestSuite(TestCaseMain.java:157)&#xD;
	at com.kms.katalon.core.main.TestCaseMain$startTestSuite$0.call(Unknown Source)&#xD;
	at TempTestSuite1568904021899.run(TempTestSuite1568904021899.groovy:35)&#xD;
)&#xD;
&#xD;
2019-09-19 12:17:07 - [MESSAGE][INFO] - Unable to find the element located by 'By.xpath: //*[@id="tblPOC"]/tbody/tr[2]/td[7]/img'. Please recheck the objects properties to make sure the desired element is located. &#xD;
&#xD;
2019-09-19 12:17:07 - [MESSAGE][WARNING] - com.kms.katalon.core.webui.exception.WebElementNotFoundException: Web element with id: 'Object Repository/Regression BackOffice/CLINK-17593/Status' located by 'By.xpath: //*[@id="tblPOC"]/tbody/tr[2]/td[7]/img' not found (Root cause: com.kms.katalon.core.exception.StepFailedException: com.kms.katalon.core.webui.exception.WebElementNotFoundException: Web element with id: 'Object Repository/Regression BackOffice/CLINK-17593/Status' located by 'By.xpath: //*[@id="tblPOC"]/tbody/tr[2]/td[7]/img' not found&#xD;
	at com.kms.katalon.core.webui.keyword.internal.WebUIKeywordMain.stepFailed(WebUIKeywordMain.groovy:64)&#xD;
	at com.kms.katalon.core.webui.keyword.builtin.VerifyElementPresentKeyword$_verifyElementPresent_closure1.doCall(VerifyElementPresentKeyword.groovy:85)&#xD;
	at com.kms.katalon.core.webui.keyword.builtin.VerifyElementPresentKeyword$_verifyElementPresent_closure1.call(VerifyElementPresentKeyword.groovy)&#xD;
	at com.kms.katalon.core.webui.keyword.internal.WebUIKeywordMain.runKeyword(WebUIKeywordMain.groovy:20)&#xD;
	at com.kms.katalon.core.webui.keyword.builtin.VerifyElementPresentKeyword.verifyElementPresent(VerifyElementPresentKeyword.groovy:92)&#xD;
	at com.kms.katalon.core.webui.keyword.builtin.VerifyElementPresentKeyword.execute(VerifyElementPresentKeyword.groovy:68)&#xD;
	at com.kms.katalon.core.keyword.internal.KeywordExecutor.executeKeywordForPlatform(KeywordExecutor.groovy:56)&#xD;
	at com.kms.katalon.core.webui.keyword.WebUiBuiltInKeywords.verifyElementPresent(WebUiBuiltInKeywords.groovy:1434)&#xD;
	at com.kms.katalon.core.webui.keyword.WebUiBuiltInKeywords$verifyElementPresent$19.call(Unknown Source)&#xD;
	at CLNK-17593 -7231 Main Application - Clinical Block - View POC and RPOC.run(CLNK-17593 -7231 Main Application - Clinical Block - View POC and RPOC:85)&#xD;
	at com.kms.katalon.core.main.ScriptEngine.run(ScriptEngine.java:194)&#xD;
	at com.kms.katalon.core.main.ScriptEngine.runScriptAsRawText(ScriptEngine.java:119)&#xD;
	at com.kms.katalon.core.main.TestCaseExecutor.runScript(TestCaseExecutor.java:337)&#xD;
	at com.kms.katalon.core.main.TestCaseExecutor.doExecute(TestCaseExecutor.java:328)&#xD;
	at com.kms.katalon.core.main.TestCaseExecutor.processExecutionPhase(TestCaseExecutor.java:307)&#xD;
	at com.kms.katalon.core.main.TestCaseExecutor.accessMainPhase(TestCaseExecutor.java:299)&#xD;
	at com.kms.katalon.core.main.TestCaseExecutor.execute(TestCaseExecutor.java:233)&#xD;
	at com.kms.katalon.core.main.TestSuiteExecutor.accessTestCaseMainPhase(TestSuiteExecutor.java:169)&#xD;
	at com.kms.katalon.core.main.TestSuiteExecutor.accessTestSuiteMainPhase(TestSuiteExecutor.java:142)&#xD;
	at com.kms.katalon.core.main.TestSuiteExecutor.execute(TestSuiteExecutor.java:91)&#xD;
	at com.kms.katalon.core.main.TestCaseMain.startTestSuite(TestCaseMain.java:157)&#xD;
	at com.kms.katalon.core.main.TestCaseMain$startTestSuite$0.call(Unknown Source)&#xD;
	at TempTestSuite1568904021899.run(TempTestSuite1568904021899.groovy:35)&#xD;
)&#xD;
[[ATTACHMENT|C:\\Users\\isaac\\Desktop\\Clientes\\ProcuraCanada\\Katalon Studio\\Continulink\\Reports\\20190919_113944\\Regression BackOffice\\Regression BackOffice\\20190919_114021\\1568906227142.png]]&#xD;
&#xD;
2019-09-19 12:17:07 - [TEST_STEP][PASSED] - closeBrowser(): Browser is closed&#xD;
&#xD;
2019-09-19 12:17:08 - [MESSAGE][PASSED] - Browser is closed</system-out>
            <system-err></system-err>
        </testcase>
        <testcase name="Test Cases/Regression BackOffice (All Browsers)/CLNK-28578 - BO - Happy Path - Approving PoC" classname="Test Cases/Regression BackOffice (All Browsers)/CLNK-28578 - BO - Happy Path - Approving PoC" status="PASSED">
            <system-out>2019-09-19 12:17:10 - [TEST_CASE][PASSED] - Test Cases/Regression BackOffice (All Browsers)/CLNK-28578 - BO - Happy Path - Approving PoC: Test Cases/Regression BackOffice (All Browsers)/CLNK-28578 - BO - Happy Path - Approving PoC&#xD;
&#xD;
2019-09-19 12:17:10 - [TEST_STEP][PASSED] - callTestCase(findTestCase("Regression BackOffice (All Browsers)/CLNK-23439 - Clink - Back office Client"), [:], STOP_ON_FAILURE): Call Test Case 'Test Cases/Regression BackOffice (All Browsers)/CLNK-23439 - Clink - Back office Client' successfully&#xD;
&#xD;
2019-09-19 12:17:10 - [TEST_CASE][PASSED] - Test Cases/Regression BackOffice (All Browsers)/CLNK-23439 - Clink - Back office Client: Test Cases/Regression BackOffice (All Browsers)/CLNK-23439 - Clink - Back office Client&#xD;
&#xD;
2019-09-19 12:17:10 - [TEST_STEP][PASSED] - deleteAllCookies(): Delete all cookies successfully&#xD;
&#xD;
2019-09-19 12:17:10 - [MESSAGE][WARNING] - Cannot delete cookies because browser is closed&#xD;
&#xD;
2019-09-19 12:17:10 - [MESSAGE][PASSED] - Delete all cookies successfully&#xD;
&#xD;
2019-09-19 12:17:10 - [TEST_STEP][PASSED] - openBrowser(G_SiteBackOffice): Browser is opened with url: 'https://qanewpoc.continulink.com:8443/Backoffice/'&#xD;
&#xD;
2019-09-19 12:17:10 - [MESSAGE][INFO] - Starting 'Chrome' driver&#xD;
&#xD;
2019-09-19 12:17:19 - [MESSAGE][PASSED] - Browser is opened with url: 'https://qanewpoc.continulink.com:8443/Backoffice/'&#xD;
&#xD;
2019-09-19 12:17:19 - [TEST_STEP][PASSED] - waitForPageLoad(60): Wait for page load successfully&#xD;
&#xD;
2019-09-19 12:17:19 - [MESSAGE][PASSED] - Wait for page load successfully&#xD;
&#xD;
2019-09-19 12:17:19 - [TEST_STEP][PASSED] - maximizeWindow(): Current window maximized&#xD;
&#xD;
2019-09-19 12:17:23 - [MESSAGE][PASSED] - Current window maximized&#xD;
&#xD;
2019-09-19 12:17:23 - [TEST_STEP][PASSED] - setText(findTestObject("Regression BackOffice/Login/UserBackOffice"), G_UserBackOffice): Text 'automation_admin' is set on object 'Object Repository/Regression BackOffice/Login/UserBackOffice'&#xD;
&#xD;
2019-09-19 12:17:24 - [MESSAGE][PASSED] - Text 'automation_admin' is set on object 'Object Repository/Regression BackOffice/Login/UserBackOffice'&#xD;
&#xD;
2019-09-19 12:17:24 - [TEST_STEP][PASSED] - setText(findTestObject("Regression BackOffice/Login/PasswordBackOffice"), G_PasswordBackOffice): Text 'qwerty' is set on object 'Object Repository/Regression BackOffice/Login/PasswordBackOffice'&#xD;
&#xD;
2019-09-19 12:17:24 - [MESSAGE][PASSED] - Text 'qwerty' is set on object 'Object Repository/Regression BackOffice/Login/PasswordBackOffice'&#xD;
&#xD;
2019-09-19 12:17:24 - [TEST_STEP][PASSED] - click(findTestObject("Regression BackOffice/Login/LoginBackOffice")): Object: 'Object Repository/Regression BackOffice/Login/LoginBackOffice' is clicked on&#xD;
&#xD;
2019-09-19 12:17:28 - [MESSAGE][PASSED] - Object: 'Object Repository/Regression BackOffice/Login/LoginBackOffice' is clicked on&#xD;
&#xD;
2019-09-19 12:17:28 - [TEST_STEP][PASSED] - waitForPageLoad(60): Wait for page load successfully&#xD;
&#xD;
2019-09-19 12:17:28 - [MESSAGE][PASSED] - Wait for page load successfully&#xD;
&#xD;
2019-09-19 12:17:28 - [TEST_STEP][PASSED] - delay(2): Delayed 2 second(s)&#xD;
&#xD;
2019-09-19 12:17:30 - [MESSAGE][PASSED] - Delayed 2 second(s)&#xD;
&#xD;
2019-09-19 12:17:30 - [TEST_STEP][PASSED] - switchToFrame(findTestObject("Regression BackOffice/CLINK-Frames/FrameFrameLeft"), 5, STOP_ON_FAILURE): null&#xD;
&#xD;
2019-09-19 12:17:30 - [TEST_STEP][PASSED] - delay(2): Delayed 2 second(s)&#xD;
&#xD;
2019-09-19 12:17:32 - [MESSAGE][PASSED] - Delayed 2 second(s)&#xD;
&#xD;
2019-09-19 12:17:32 - [TEST_STEP][PASSED] - waitForElementPresent(findTestObject("Regression BackOffice/CLINK-Frames/ClientIntake"), 50): Object 'Object Repository/Regression BackOffice/CLINK-Frames/ClientIntake' is present&#xD;
&#xD;
2019-09-19 12:17:32 - [MESSAGE][PASSED] - Object 'Object Repository/Regression BackOffice/CLINK-Frames/ClientIntake' is present&#xD;
&#xD;
2019-09-19 12:17:32 - [TEST_STEP][PASSED] - verifyElementPresent(findTestObject("Regression BackOffice/CLINK-Frames/ClientIntake"), 100, STOP_ON_FAILURE): Object 'Object Repository/Regression BackOffice/CLINK-Frames/ClientIntake' is present&#xD;
&#xD;
2019-09-19 12:17:32 - [MESSAGE][PASSED] - Object 'Object Repository/Regression BackOffice/CLINK-Frames/ClientIntake' is present&#xD;
&#xD;
2019-09-19 12:17:32 - [TEST_STEP][PASSED] - switchToDefaultContent(): null&#xD;
&#xD;
2019-09-19 12:17:32 - [MESSAGE][PASSED] - Call Test Case 'Test Cases/Regression BackOffice (All Browsers)/CLNK-23439 - Clink - Back office Client' successfully&#xD;
&#xD;
2019-09-19 12:17:32 - [TEST_STEP][PASSED] - waitForPageLoad(60): Wait for page load successfully&#xD;
&#xD;
2019-09-19 12:17:32 - [MESSAGE][PASSED] - Wait for page load successfully&#xD;
&#xD;
2019-09-19 12:17:32 - [TEST_STEP][PASSED] - delay(3): Delayed 3 second(s)&#xD;
&#xD;
2019-09-19 12:17:35 - [MESSAGE][PASSED] - Delayed 3 second(s)&#xD;
&#xD;
2019-09-19 12:17:35 - [TEST_STEP][PASSED] - switchToFrame(findTestObject("Regression BackOffice/CLNK-23449/FrameLeft"), 30): null&#xD;
&#xD;
2019-09-19 12:17:35 - [TEST_STEP][PASSED] - waitForElementPresent(findTestObject("Regression BackOffice/CLINK-28578/ClinicalLink"), 100): Object 'Object Repository/Regression BackOffice/CLINK-28578/ClinicalLink' is present&#xD;
&#xD;
2019-09-19 12:17:36 - [MESSAGE][PASSED] - Object 'Object Repository/Regression BackOffice/CLINK-28578/ClinicalLink' is present&#xD;
&#xD;
2019-09-19 12:17:36 - [TEST_STEP][PASSED] - click(findTestObject("Regression BackOffice/CLINK-28578/ClinicalLink")): Object: 'Object Repository/Regression BackOffice/CLINK-28578/ClinicalLink' is clicked on&#xD;
&#xD;
2019-09-19 12:17:36 - [MESSAGE][PASSED] - Object: 'Object Repository/Regression BackOffice/CLINK-28578/ClinicalLink' is clicked on&#xD;
&#xD;
2019-09-19 12:17:36 - [TEST_STEP][PASSED] - delay(2): Delayed 2 second(s)&#xD;
&#xD;
2019-09-19 12:17:38 - [MESSAGE][PASSED] - Delayed 2 second(s)&#xD;
&#xD;
2019-09-19 12:17:38 - [TEST_STEP][PASSED] - waitForElementPresent(findTestObject("Regression BackOffice/CLINK-28578/Notes QA"), 50): Object 'Object Repository/Regression BackOffice/CLINK-28578/Notes QA' is present&#xD;
&#xD;
2019-09-19 12:17:38 - [MESSAGE][PASSED] - Object 'Object Repository/Regression BackOffice/CLINK-28578/Notes QA' is present&#xD;
&#xD;
2019-09-19 12:17:38 - [TEST_STEP][PASSED] - click(findTestObject("Regression BackOffice/CLINK-28578/Notes QA")): Object: 'Object Repository/Regression BackOffice/CLINK-28578/Notes QA' is clicked on&#xD;
&#xD;
2019-09-19 12:17:40 - [MESSAGE][PASSED] - Object: 'Object Repository/Regression BackOffice/CLINK-28578/Notes QA' is clicked on&#xD;
&#xD;
2019-09-19 12:17:40 - [TEST_STEP][PASSED] - delay(2): Delayed 2 second(s)&#xD;
&#xD;
2019-09-19 12:17:42 - [MESSAGE][PASSED] - Delayed 2 second(s)&#xD;
&#xD;
2019-09-19 12:17:42 - [TEST_STEP][PASSED] - switchToDefaultContent(): null&#xD;
&#xD;
2019-09-19 12:17:42 - [TEST_STEP][PASSED] - switchToFrame(findTestObject("Regression BackOffice/CLNK-23449/FrameMain"), 30): null&#xD;
&#xD;
2019-09-19 12:17:42 - [TEST_STEP][PASSED] - waitForElementPresent(findTestObject("Regression BackOffice/CLINK-28578/input_Client_txtClient"), 50): Object 'Object Repository/Regression BackOffice/CLINK-28578/input_Client_txtClient' is present&#xD;
&#xD;
2019-09-19 12:17:43 - [MESSAGE][PASSED] - Object 'Object Repository/Regression BackOffice/CLINK-28578/input_Client_txtClient' is present&#xD;
&#xD;
2019-09-19 12:17:43 - [TEST_STEP][PASSED] - setText(findTestObject("Regression BackOffice/CLINK-28578/input_Client_txtClient"), G_ClientLastName): Text 'Ernesky' is set on object 'Object Repository/Regression BackOffice/CLINK-28578/input_Client_txtClient'&#xD;
&#xD;
2019-09-19 12:17:43 - [MESSAGE][PASSED] - Text 'Ernesky' is set on object 'Object Repository/Regression BackOffice/CLINK-28578/input_Client_txtClient'&#xD;
&#xD;
2019-09-19 12:17:43 - [TEST_STEP][PASSED] - focus(findTestObject("Regression BackOffice/CLINK-28578/input_Client_txtClient")): Object: 'Object Repository/Regression BackOffice/CLINK-28578/input_Client_txtClient' is focused&#xD;
&#xD;
2019-09-19 12:17:43 - [MESSAGE][PASSED] - Object: 'Object Repository/Regression BackOffice/CLINK-28578/input_Client_txtClient' is focused&#xD;
&#xD;
2019-09-19 12:17:43 - [TEST_STEP][PASSED] - delay(2): Delayed 2 second(s)&#xD;
&#xD;
2019-09-19 12:17:45 - [MESSAGE][PASSED] - Delayed 2 second(s)&#xD;
&#xD;
2019-09-19 12:17:45 - [TEST_STEP][PASSED] - sendKeys(findTestObject("Regression BackOffice/CLINK-28578/input_Client_txtClient"), Keys.chord(ARROW_DOWN, ENTER)): Keys 'DOWN + ENTER + ' sent to object: 'Object Repository/Regression BackOffice/CLINK-28578/input_Client_txtClient'&#xD;
&#xD;
2019-09-19 12:17:45 - [MESSAGE][PASSED] - Keys 'DOWN + ENTER + ' sent to object: 'Object Repository/Regression BackOffice/CLINK-28578/input_Client_txtClient'&#xD;
&#xD;
2019-09-19 12:17:45 - [TEST_STEP][PASSED] - delay(5): Delayed 5 second(s)&#xD;
&#xD;
2019-09-19 12:17:50 - [MESSAGE][PASSED] - Delayed 5 second(s)&#xD;
&#xD;
2019-09-19 12:17:50 - [TEST_STEP][PASSED] - waitForElementPresent(findTestObject("Regression BackOffice/CLINK-28578/btnSearch"), 50): Object 'Object Repository/Regression BackOffice/CLINK-28578/btnSearch' is present&#xD;
&#xD;
2019-09-19 12:17:50 - [MESSAGE][PASSED] - Object 'Object Repository/Regression BackOffice/CLINK-28578/btnSearch' is present&#xD;
&#xD;
2019-09-19 12:17:50 - [TEST_STEP][PASSED] - click(findTestObject("Regression BackOffice/CLINK-28578/btnSearch"), STOP_ON_FAILURE): Object: 'Object Repository/Regression BackOffice/CLINK-28578/btnSearch' is clicked on&#xD;
&#xD;
2019-09-19 12:17:50 - [MESSAGE][PASSED] - Object: 'Object Repository/Regression BackOffice/CLINK-28578/btnSearch' is clicked on&#xD;
&#xD;
2019-09-19 12:17:50 - [TEST_STEP][PASSED] - delay(5): Delayed 5 second(s)&#xD;
&#xD;
2019-09-19 12:17:55 - [MESSAGE][PASSED] - Delayed 5 second(s)&#xD;
&#xD;
2019-09-19 12:17:55 - [TEST_STEP][PASSED] - if (verifyElementPresent(findTestObject("Regression BackOffice/CLINK-28578/DocumentLink"), 10)): com.kms.katalon.core.webui.exception.WebElementNotFoundException: Web element with id: 'Object Repository/Regression BackOffice/CLINK-28578/DocumentLink' located by 'By.xpath: //div[@id='notesQAResults']/div[2]/div/div[2]/div/div[2]/div/div/div[4]/div/div/div/span[2]' not found (Root cause: com.kms.katalon.core.exception.StepFailedException: com.kms.katalon.core.webui.exception.WebElementNotFoundException: Web element with id: 'Object Repository/Regression BackOffice/CLINK-28578/DocumentLink' located by 'By.xpath: //div[@id='notesQAResults']/div[2]/div/div[2]/div/div[2]/div/div/div[4]/div/div/div/span[2]' not found&#xD;
	at com.kms.katalon.core.webui.keyword.internal.WebUIKeywordMain.stepFailed(WebUIKeywordMain.groovy:64)&#xD;
	at com.kms.katalon.core.webui.keyword.builtin.VerifyElementPresentKeyword$_verifyElementPresent_closure1.doCall(VerifyElementPresentKeyword.groovy:85)&#xD;
	at com.kms.katalon.core.webui.keyword.builtin.VerifyElementPresentKeyword$_verifyElementPresent_closure1.call(VerifyElementPresentKeyword.groovy)&#xD;
	at com.kms.katalon.core.webui.keyword.internal.WebUIKeywordMain.runKeyword(WebUIKeywordMain.groovy:20)&#xD;
	at com.kms.katalon.core.webui.keyword.builtin.VerifyElementPresentKeyword.verifyElementPresent(VerifyElementPresentKeyword.groovy:92)&#xD;
	at com.kms.katalon.core.webui.keyword.builtin.VerifyElementPresentKeyword.execute(VerifyElementPresentKeyword.groovy:68)&#xD;
	at com.kms.katalon.core.keyword.internal.KeywordExecutor.executeKeywordForPlatform(KeywordExecutor.groovy:56)&#xD;
	at com.kms.katalon.core.webui.keyword.WebUiBuiltInKeywords.verifyElementPresent(WebUiBuiltInKeywords.groovy:1434)&#xD;
	at com.kms.katalon.core.webui.keyword.WebUiBuiltInKeywords$verifyElementPresent$19.call(Unknown Source)&#xD;
	at CLNK-28578 - BO - Happy Path - Approving PoC.run(CLNK-28578 - BO - Happy Path - Approving PoC:59)&#xD;
	at com.kms.katalon.core.main.ScriptEngine.run(ScriptEngine.java:194)&#xD;
	at com.kms.katalon.core.main.ScriptEngine.runScriptAsRawText(ScriptEngine.java:119)&#xD;
	at com.kms.katalon.core.main.TestCaseExecutor.runScript(TestCaseExecutor.java:337)&#xD;
	at com.kms.katalon.core.main.TestCaseExecutor.doExecute(TestCaseExecutor.java:328)&#xD;
	at com.kms.katalon.core.main.TestCaseExecutor.processExecutionPhase(TestCaseExecutor.java:307)&#xD;
	at com.kms.katalon.core.main.TestCaseExecutor.accessMainPhase(TestCaseExecutor.java:299)&#xD;
	at com.kms.katalon.core.main.TestCaseExecutor.execute(TestCaseExecutor.java:233)&#xD;
	at com.kms.katalon.core.main.TestSuiteExecutor.accessTestCaseMainPhase(TestSuiteExecutor.java:169)&#xD;
	at com.kms.katalon.core.main.TestSuiteExecutor.accessTestSuiteMainPhase(TestSuiteExecutor.java:142)&#xD;
	at com.kms.katalon.core.main.TestSuiteExecutor.execute(TestSuiteExecutor.java:91)&#xD;
	at com.kms.katalon.core.main.TestCaseMain.startTestSuite(TestCaseMain.java:157)&#xD;
	at com.kms.katalon.core.main.TestCaseMain$startTestSuite$0.call(Unknown Source)&#xD;
	at TempTestSuite1568904021899.run(TempTestSuite1568904021899.groovy:35)&#xD;
)&#xD;
&#xD;
2019-09-19 12:18:06 - [MESSAGE][INFO] - Unable to find the element located by 'By.xpath: //div[@id='notesQAResults']/div[2]/div/div[2]/div/div[2]/div/div/div[4]/div/div/div/span[2]'. Please recheck the objects properties to make sure the desired element is located. &#xD;
&#xD;
2019-09-19 12:18:06 - [MESSAGE][WARNING] - com.kms.katalon.core.webui.exception.WebElementNotFoundException: Web element with id: 'Object Repository/Regression BackOffice/CLINK-28578/DocumentLink' located by 'By.xpath: //div[@id='notesQAResults']/div[2]/div/div[2]/div/div[2]/div/div/div[4]/div/div/div/span[2]' not found (Root cause: com.kms.katalon.core.exception.StepFailedException: com.kms.katalon.core.webui.exception.WebElementNotFoundException: Web element with id: 'Object Repository/Regression BackOffice/CLINK-28578/DocumentLink' located by 'By.xpath: //div[@id='notesQAResults']/div[2]/div/div[2]/div/div[2]/div/div/div[4]/div/div/div/span[2]' not found&#xD;
	at com.kms.katalon.core.webui.keyword.internal.WebUIKeywordMain.stepFailed(WebUIKeywordMain.groovy:64)&#xD;
	at com.kms.katalon.core.webui.keyword.builtin.VerifyElementPresentKeyword$_verifyElementPresent_closure1.doCall(VerifyElementPresentKeyword.groovy:85)&#xD;
	at com.kms.katalon.core.webui.keyword.builtin.VerifyElementPresentKeyword$_verifyElementPresent_closure1.call(VerifyElementPresentKeyword.groovy)&#xD;
	at com.kms.katalon.core.webui.keyword.internal.WebUIKeywordMain.runKeyword(WebUIKeywordMain.groovy:20)&#xD;
	at com.kms.katalon.core.webui.keyword.builtin.VerifyElementPresentKeyword.verifyElementPresent(VerifyElementPresentKeyword.groovy:92)&#xD;
	at com.kms.katalon.core.webui.keyword.builtin.VerifyElementPresentKeyword.execute(VerifyElementPresentKeyword.groovy:68)&#xD;
	at com.kms.katalon.core.keyword.internal.KeywordExecutor.executeKeywordForPlatform(KeywordExecutor.groovy:56)&#xD;
	at com.kms.katalon.core.webui.keyword.WebUiBuiltInKeywords.verifyElementPresent(WebUiBuiltInKeywords.groovy:1434)&#xD;
	at com.kms.katalon.core.webui.keyword.WebUiBuiltInKeywords$verifyElementPresent$19.call(Unknown Source)&#xD;
	at CLNK-28578 - BO - Happy Path - Approving PoC.run(CLNK-28578 - BO - Happy Path - Approving PoC:59)&#xD;
	at com.kms.katalon.core.main.ScriptEngine.run(ScriptEngine.java:194)&#xD;
	at com.kms.katalon.core.main.ScriptEngine.runScriptAsRawText(ScriptEngine.java:119)&#xD;
	at com.kms.katalon.core.main.TestCaseExecutor.runScript(TestCaseExecutor.java:337)&#xD;
	at com.kms.katalon.core.main.TestCaseExecutor.doExecute(TestCaseExecutor.java:328)&#xD;
	at com.kms.katalon.core.main.TestCaseExecutor.processExecutionPhase(TestCaseExecutor.java:307)&#xD;
	at com.kms.katalon.core.main.TestCaseExecutor.accessMainPhase(TestCaseExecutor.java:299)&#xD;
	at com.kms.katalon.core.main.TestCaseExecutor.execute(TestCaseExecutor.java:233)&#xD;
	at com.kms.katalon.core.main.TestSuiteExecutor.accessTestCaseMainPhase(TestSuiteExecutor.java:169)&#xD;
	at com.kms.katalon.core.main.TestSuiteExecutor.accessTestSuiteMainPhase(TestSuiteExecutor.java:142)&#xD;
	at com.kms.katalon.core.main.TestSuiteExecutor.execute(TestSuiteExecutor.java:91)&#xD;
	at com.kms.katalon.core.main.TestCaseMain.startTestSuite(TestCaseMain.java:157)&#xD;
	at com.kms.katalon.core.main.TestCaseMain$startTestSuite$0.call(Unknown Source)&#xD;
	at TempTestSuite1568904021899.run(TempTestSuite1568904021899.groovy:35)&#xD;
)&#xD;
[[ATTACHMENT|C:\\Users\\isaac\\Desktop\\Clientes\\ProcuraCanada\\Katalon Studio\\Continulink\\Reports\\20190919_113944\\Regression BackOffice\\Regression BackOffice\\20190919_114021\\1568906286117.png]]&#xD;
&#xD;
2019-09-19 12:18:06 - [TEST_STEP][PASSED] - closeBrowser(): Browser is closed&#xD;
&#xD;
2019-09-19 12:18:07 - [MESSAGE][PASSED] - Browser is closed</system-out>
            <system-err></system-err>
        </testcase>
        <testcase name="Test Cases/Regression BackOffice (All Browsers)/CLNK-23448 - Back office Setup Caregiver Remote Login" classname="Test Cases/Regression BackOffice (All Browsers)/CLNK-23448 - Back office Setup Caregiver Remote Login" status="PASSED">
            <system-out>2019-09-19 12:18:09 - [TEST_CASE][PASSED] - Test Cases/Regression BackOffice (All Browsers)/CLNK-23448 - Back office Setup Caregiver Remote Login: Test Cases/Regression BackOffice (All Browsers)/CLNK-23448 - Back office Setup Caregiver Remote Login&#xD;
&#xD;
2019-09-19 12:18:09 - [TEST_STEP][PASSED] - callTestCase(findTestCase("Regression BackOffice (All Browsers)/CLNK-23439 - Clink - Back office Client"), [:], STOP_ON_FAILURE): Call Test Case 'Test Cases/Regression BackOffice (All Browsers)/CLNK-23439 - Clink - Back office Client' successfully&#xD;
&#xD;
2019-09-19 12:18:09 - [TEST_CASE][PASSED] - Test Cases/Regression BackOffice (All Browsers)/CLNK-23439 - Clink - Back office Client: Test Cases/Regression BackOffice (All Browsers)/CLNK-23439 - Clink - Back office Client&#xD;
&#xD;
2019-09-19 12:18:09 - [TEST_STEP][PASSED] - deleteAllCookies(): Delete all cookies successfully&#xD;
&#xD;
2019-09-19 12:18:09 - [MESSAGE][WARNING] - Cannot delete cookies because browser is closed&#xD;
&#xD;
2019-09-19 12:18:09 - [MESSAGE][PASSED] - Delete all cookies successfully&#xD;
&#xD;
2019-09-19 12:18:09 - [TEST_STEP][PASSED] - openBrowser(G_SiteBackOffice): Browser is opened with url: 'https://qanewpoc.continulink.com:8443/Backoffice/'&#xD;
&#xD;
2019-09-19 12:18:09 - [MESSAGE][INFO] - Starting 'Chrome' driver&#xD;
&#xD;
2019-09-19 12:18:17 - [MESSAGE][PASSED] - Browser is opened with url: 'https://qanewpoc.continulink.com:8443/Backoffice/'&#xD;
&#xD;
2019-09-19 12:18:17 - [TEST_STEP][PASSED] - waitForPageLoad(60): Wait for page load successfully&#xD;
&#xD;
2019-09-19 12:18:17 - [MESSAGE][PASSED] - Wait for page load successfully&#xD;
&#xD;
2019-09-19 12:18:17 - [TEST_STEP][PASSED] - maximizeWindow(): Current window maximized&#xD;
&#xD;
2019-09-19 12:18:21 - [MESSAGE][PASSED] - Current window maximized&#xD;
&#xD;
2019-09-19 12:18:21 - [TEST_STEP][PASSED] - setText(findTestObject("Regression BackOffice/Login/UserBackOffice"), G_UserBackOffice): Text 'automation_admin' is set on object 'Object Repository/Regression BackOffice/Login/UserBackOffice'&#xD;
&#xD;
2019-09-19 12:18:21 - [MESSAGE][PASSED] - Text 'automation_admin' is set on object 'Object Repository/Regression BackOffice/Login/UserBackOffice'&#xD;
&#xD;
2019-09-19 12:18:21 - [TEST_STEP][PASSED] - setText(findTestObject("Regression BackOffice/Login/PasswordBackOffice"), G_PasswordBackOffice): Text 'qwerty' is set on object 'Object Repository/Regression BackOffice/Login/PasswordBackOffice'&#xD;
&#xD;
2019-09-19 12:18:22 - [MESSAGE][PASSED] - Text 'qwerty' is set on object 'Object Repository/Regression BackOffice/Login/PasswordBackOffice'&#xD;
&#xD;
2019-09-19 12:18:22 - [TEST_STEP][PASSED] - click(findTestObject("Regression BackOffice/Login/LoginBackOffice")): Object: 'Object Repository/Regression BackOffice/Login/LoginBackOffice' is clicked on&#xD;
&#xD;
2019-09-19 12:18:26 - [MESSAGE][PASSED] - Object: 'Object Repository/Regression BackOffice/Login/LoginBackOffice' is clicked on&#xD;
&#xD;
2019-09-19 12:18:26 - [TEST_STEP][PASSED] - waitForPageLoad(60): Wait for page load successfully&#xD;
&#xD;
2019-09-19 12:18:26 - [MESSAGE][PASSED] - Wait for page load successfully&#xD;
&#xD;
2019-09-19 12:18:26 - [TEST_STEP][PASSED] - delay(2): Delayed 2 second(s)&#xD;
&#xD;
2019-09-19 12:18:28 - [MESSAGE][PASSED] - Delayed 2 second(s)&#xD;
&#xD;
2019-09-19 12:18:28 - [TEST_STEP][PASSED] - switchToFrame(findTestObject("Regression BackOffice/CLINK-Frames/FrameFrameLeft"), 5, STOP_ON_FAILURE): null&#xD;
&#xD;
2019-09-19 12:18:28 - [TEST_STEP][PASSED] - delay(2): Delayed 2 second(s)&#xD;
&#xD;
2019-09-19 12:18:30 - [MESSAGE][PASSED] - Delayed 2 second(s)&#xD;
&#xD;
2019-09-19 12:18:30 - [TEST_STEP][PASSED] - waitForElementPresent(findTestObject("Regression BackOffice/CLINK-Frames/ClientIntake"), 50): Object 'Object Repository/Regression BackOffice/CLINK-Frames/ClientIntake' is present&#xD;
&#xD;
2019-09-19 12:18:30 - [MESSAGE][PASSED] - Object 'Object Repository/Regression BackOffice/CLINK-Frames/ClientIntake' is present&#xD;
&#xD;
2019-09-19 12:18:30 - [TEST_STEP][PASSED] - verifyElementPresent(findTestObject("Regression BackOffice/CLINK-Frames/ClientIntake"), 100, STOP_ON_FAILURE): Object 'Object Repository/Regression BackOffice/CLINK-Frames/ClientIntake' is present&#xD;
&#xD;
2019-09-19 12:18:30 - [MESSAGE][PASSED] - Object 'Object Repository/Regression BackOffice/CLINK-Frames/ClientIntake' is present&#xD;
&#xD;
2019-09-19 12:18:30 - [TEST_STEP][PASSED] - switchToDefaultContent(): null&#xD;
&#xD;
2019-09-19 12:18:30 - [MESSAGE][PASSED] - Call Test Case 'Test Cases/Regression BackOffice (All Browsers)/CLNK-23439 - Clink - Back office Client' successfully&#xD;
&#xD;
2019-09-19 12:18:30 - [TEST_STEP][PASSED] - waitForPageLoad(60): Wait for page load successfully&#xD;
&#xD;
2019-09-19 12:18:30 - [MESSAGE][PASSED] - Wait for page load successfully&#xD;
&#xD;
2019-09-19 12:18:30 - [TEST_STEP][PASSED] - delay(3): Delayed 3 second(s)&#xD;
&#xD;
2019-09-19 12:18:33 - [MESSAGE][PASSED] - Delayed 3 second(s)&#xD;
&#xD;
2019-09-19 12:18:33 - [TEST_STEP][PASSED] - switchToFrame(findTestObject("Regression BackOffice/CLNK-23449/FrameLeft"), 30): null&#xD;
&#xD;
2019-09-19 12:18:34 - [TEST_STEP][PASSED] - waitForElementPresent(findTestObject("Regression BackOffice/CLNK-23441/Caregiver  HRLink"), 100): Object 'Object Repository/Regression BackOffice/CLNK-23441/Caregiver  HRLink' is present&#xD;
&#xD;
2019-09-19 12:18:34 - [MESSAGE][PASSED] - Object 'Object Repository/Regression BackOffice/CLNK-23441/Caregiver  HRLink' is present&#xD;
&#xD;
2019-09-19 12:18:34 - [TEST_STEP][PASSED] - click(findTestObject("Regression BackOffice/CLNK-23441/Caregiver  HRLink")): Object: 'Object Repository/Regression BackOffice/CLNK-23441/Caregiver  HRLink' is clicked on&#xD;
&#xD;
2019-09-19 12:18:34 - [MESSAGE][PASSED] - Object: 'Object Repository/Regression BackOffice/CLNK-23441/Caregiver  HRLink' is clicked on&#xD;
&#xD;
2019-09-19 12:18:34 - [TEST_STEP][PASSED] - delay(2): Delayed 2 second(s)&#xD;
&#xD;
2019-09-19 12:18:36 - [MESSAGE][PASSED] - Delayed 2 second(s)&#xD;
&#xD;
2019-09-19 12:18:36 - [TEST_STEP][PASSED] - waitForPageLoad(50): Wait for page load successfully&#xD;
&#xD;
2019-09-19 12:18:36 - [MESSAGE][PASSED] - Wait for page load successfully&#xD;
&#xD;
2019-09-19 12:18:36 - [TEST_STEP][PASSED] - waitForElementPresent(findTestObject("Regression BackOffice/CLINK-23448/Setup Caregiver Remote Login"), 50): Object 'Object Repository/Regression BackOffice/CLINK-23448/Setup Caregiver Remote Login' is present&#xD;
&#xD;
2019-09-19 12:18:36 - [MESSAGE][PASSED] - Object 'Object Repository/Regression BackOffice/CLINK-23448/Setup Caregiver Remote Login' is present&#xD;
&#xD;
2019-09-19 12:18:36 - [TEST_STEP][PASSED] - click(findTestObject("Regression BackOffice/CLINK-23448/Setup Caregiver Remote Login")): Object: 'Object Repository/Regression BackOffice/CLINK-23448/Setup Caregiver Remote Login' is clicked on&#xD;
&#xD;
2019-09-19 12:18:38 - [MESSAGE][PASSED] - Object: 'Object Repository/Regression BackOffice/CLINK-23448/Setup Caregiver Remote Login' is clicked on&#xD;
&#xD;
2019-09-19 12:18:38 - [TEST_STEP][PASSED] - waitForPageLoad(60): Wait for page load successfully&#xD;
&#xD;
2019-09-19 12:18:38 - [MESSAGE][PASSED] - Wait for page load successfully&#xD;
&#xD;
2019-09-19 12:18:38 - [TEST_STEP][PASSED] - switchToDefaultContent(): null&#xD;
&#xD;
2019-09-19 12:18:38 - [TEST_STEP][PASSED] - switchToFrame(findTestObject("Regression BackOffice/CLNK-23449/FrameMain"), 30): null&#xD;
&#xD;
2019-09-19 12:18:38 - [TEST_STEP][PASSED] - waitForElementPresent(findTestObject("Regression BackOffice/CLINK-23448/Caregiver Name II"), 50): Object 'Object Repository/Regression BackOffice/CLINK-23448/Caregiver Name II' is present&#xD;
&#xD;
2019-09-19 12:18:38 - [MESSAGE][PASSED] - Object 'Object Repository/Regression BackOffice/CLINK-23448/Caregiver Name II' is present&#xD;
&#xD;
2019-09-19 12:18:38 - [TEST_STEP][PASSED] - setText(findTestObject("Regression BackOffice/CLINK-23448/Caregiver Name II"), G_CareGiverLastName): Text 'Setentilla' is set on object 'Object Repository/Regression BackOffice/CLINK-23448/Caregiver Name II'&#xD;
&#xD;
2019-09-19 12:18:38 - [MESSAGE][PASSED] - Text 'Setentilla' is set on object 'Object Repository/Regression BackOffice/CLINK-23448/Caregiver Name II'&#xD;
&#xD;
2019-09-19 12:18:38 - [TEST_STEP][PASSED] - delay(2): Delayed 2 second(s)&#xD;
&#xD;
2019-09-19 12:18:40 - [MESSAGE][PASSED] - Delayed 2 second(s)&#xD;
&#xD;
2019-09-19 12:18:40 - [TEST_STEP][PASSED] - if (verifyElementNotVisible(findTestObject("Regression BackOffice/CLINK-23448/DivNoMatch"))): Object 'Object Repository/Regression BackOffice/CLINK-23448/DivNoMatch' is visible (Root cause: com.kms.katalon.core.exception.StepFailedException: Object 'Object Repository/Regression BackOffice/CLINK-23448/DivNoMatch' is visible&#xD;
	at com.kms.katalon.core.webui.keyword.internal.WebUIKeywordMain.stepFailed(WebUIKeywordMain.groovy:64)&#xD;
	at com.kms.katalon.core.webui.keyword.builtin.VerifyElementNotVisibleKeyword$_verifyElementNotVisible_closure1.doCall(VerifyElementNotVisibleKeyword.groovy:83)&#xD;
	at com.kms.katalon.core.webui.keyword.builtin.VerifyElementNotVisibleKeyword$_verifyElementNotVisible_closure1.call(VerifyElementNotVisibleKeyword.groovy)&#xD;
	at com.kms.katalon.core.webui.keyword.internal.WebUIKeywordMain.runKeyword(WebUIKeywordMain.groovy:20)&#xD;
	at com.kms.katalon.core.webui.keyword.builtin.VerifyElementNotVisibleKeyword.verifyElementNotVisible(VerifyElementNotVisibleKeyword.groovy:97)&#xD;
	at com.kms.katalon.core.webui.keyword.builtin.VerifyElementNotVisibleKeyword.execute(VerifyElementNotVisibleKeyword.groovy:67)&#xD;
	at com.kms.katalon.core.keyword.internal.KeywordExecutor.executeKeywordForPlatform(KeywordExecutor.groovy:56)&#xD;
	at com.kms.katalon.core.webui.keyword.WebUiBuiltInKeywords.verifyElementNotVisible(WebUiBuiltInKeywords.groovy:401)&#xD;
	at com.kms.katalon.core.webui.keyword.WebUiBuiltInKeywords$verifyElementNotVisible$25.call(Unknown Source)&#xD;
	at CLNK-23448 - Back office Setup Caregiver Remote Login.run(CLNK-23448 - Back office Setup Caregiver Remote Login:49)&#xD;
	at com.kms.katalon.core.main.ScriptEngine.run(ScriptEngine.java:194)&#xD;
	at com.kms.katalon.core.main.ScriptEngine.runScriptAsRawText(ScriptEngine.java:119)&#xD;
	at com.kms.katalon.core.main.TestCaseExecutor.runScript(TestCaseExecutor.java:337)&#xD;
	at com.kms.katalon.core.main.TestCaseExecutor.doExecute(TestCaseExecutor.java:328)&#xD;
	at com.kms.katalon.core.main.TestCaseExecutor.processExecutionPhase(TestCaseExecutor.java:307)&#xD;
	at com.kms.katalon.core.main.TestCaseExecutor.accessMainPhase(TestCaseExecutor.java:299)&#xD;
	at com.kms.katalon.core.main.TestCaseExecutor.execute(TestCaseExecutor.java:233)&#xD;
	at com.kms.katalon.core.main.TestSuiteExecutor.accessTestCaseMainPhase(TestSuiteExecutor.java:169)&#xD;
	at com.kms.katalon.core.main.TestSuiteExecutor.accessTestSuiteMainPhase(TestSuiteExecutor.java:142)&#xD;
	at com.kms.katalon.core.main.TestSuiteExecutor.execute(TestSuiteExecutor.java:91)&#xD;
	at com.kms.katalon.core.main.TestCaseMain.startTestSuite(TestCaseMain.java:157)&#xD;
	at com.kms.katalon.core.main.TestCaseMain$startTestSuite$0.call(Unknown Source)&#xD;
	at TempTestSuite1568904021899.run(TempTestSuite1568904021899.groovy:35)&#xD;
)&#xD;
&#xD;
2019-09-19 12:18:41 - [MESSAGE][WARNING] - Object 'Object Repository/Regression BackOffice/CLINK-23448/DivNoMatch' is visible (Root cause: com.kms.katalon.core.exception.StepFailedException: Object 'Object Repository/Regression BackOffice/CLINK-23448/DivNoMatch' is visible&#xD;
	at com.kms.katalon.core.webui.keyword.internal.WebUIKeywordMain.stepFailed(WebUIKeywordMain.groovy:64)&#xD;
	at com.kms.katalon.core.webui.keyword.builtin.VerifyElementNotVisibleKeyword$_verifyElementNotVisible_closure1.doCall(VerifyElementNotVisibleKeyword.groovy:83)&#xD;
	at com.kms.katalon.core.webui.keyword.builtin.VerifyElementNotVisibleKeyword$_verifyElementNotVisible_closure1.call(VerifyElementNotVisibleKeyword.groovy)&#xD;
	at com.kms.katalon.core.webui.keyword.internal.WebUIKeywordMain.runKeyword(WebUIKeywordMain.groovy:20)&#xD;
	at com.kms.katalon.core.webui.keyword.builtin.VerifyElementNotVisibleKeyword.verifyElementNotVisible(VerifyElementNotVisibleKeyword.groovy:97)&#xD;
	at com.kms.katalon.core.webui.keyword.builtin.VerifyElementNotVisibleKeyword.execute(VerifyElementNotVisibleKeyword.groovy:67)&#xD;
	at com.kms.katalon.core.keyword.internal.KeywordExecutor.executeKeywordForPlatform(KeywordExecutor.groovy:56)&#xD;
	at com.kms.katalon.core.webui.keyword.WebUiBuiltInKeywords.verifyElementNotVisible(WebUiBuiltInKeywords.groovy:401)&#xD;
	at com.kms.katalon.core.webui.keyword.WebUiBuiltInKeywords$verifyElementNotVisible$25.call(Unknown Source)&#xD;
	at CLNK-23448 - Back office Setup Caregiver Remote Login.run(CLNK-23448 - Back office Setup Caregiver Remote Login:49)&#xD;
	at com.kms.katalon.core.main.ScriptEngine.run(ScriptEngine.java:194)&#xD;
	at com.kms.katalon.core.main.ScriptEngine.runScriptAsRawText(ScriptEngine.java:119)&#xD;
	at com.kms.katalon.core.main.TestCaseExecutor.runScript(TestCaseExecutor.java:337)&#xD;
	at com.kms.katalon.core.main.TestCaseExecutor.doExecute(TestCaseExecutor.java:328)&#xD;
	at com.kms.katalon.core.main.TestCaseExecutor.processExecutionPhase(TestCaseExecutor.java:307)&#xD;
	at com.kms.katalon.core.main.TestCaseExecutor.accessMainPhase(TestCaseExecutor.java:299)&#xD;
	at com.kms.katalon.core.main.TestCaseExecutor.execute(TestCaseExecutor.java:233)&#xD;
	at com.kms.katalon.core.main.TestSuiteExecutor.accessTestCaseMainPhase(TestSuiteExecutor.java:169)&#xD;
	at com.kms.katalon.core.main.TestSuiteExecutor.accessTestSuiteMainPhase(TestSuiteExecutor.java:142)&#xD;
	at com.kms.katalon.core.main.TestSuiteExecutor.execute(TestSuiteExecutor.java:91)&#xD;
	at com.kms.katalon.core.main.TestCaseMain.startTestSuite(TestCaseMain.java:157)&#xD;
	at com.kms.katalon.core.main.TestCaseMain$startTestSuite$0.call(Unknown Source)&#xD;
	at TempTestSuite1568904021899.run(TempTestSuite1568904021899.groovy:35)&#xD;
)&#xD;
[[ATTACHMENT|C:\\Users\\isaac\\Desktop\\Clientes\\ProcuraCanada\\Katalon Studio\\Continulink\\Reports\\20190919_113944\\Regression BackOffice\\Regression BackOffice\\20190919_114021\\1568906320676.png]]&#xD;
&#xD;
2019-09-19 12:18:41 - [TEST_STEP][PASSED] - closeBrowser(): Browser is closed&#xD;
&#xD;
2019-09-19 12:18:41 - [MESSAGE][PASSED] - Browser is closed</system-out>
            <system-err></system-err>
        </testcase>
        <testcase name="Test Cases/Regression BackOffice (All Browsers)/CLNK-30885 - PRE - FLAGS - GBRules - OFF" classname="Test Cases/Regression BackOffice (All Browsers)/CLNK-30885 - PRE - FLAGS - GBRules - OFF" status="PASSED">
            <system-out>2019-09-19 12:18:43 - [TEST_CASE][PASSED] - Test Cases/Regression BackOffice (All Browsers)/CLNK-30885 - PRE - FLAGS - GBRules - OFF: Test Cases/Regression BackOffice (All Browsers)/CLNK-30885 - PRE - FLAGS - GBRules - OFF&#xD;
&#xD;
2019-09-19 12:18:44 - [TEST_STEP][PASSED] - callTestCase(findTestCase("Regression BackOffice (All Browsers)/CLNK-23439 - Clink - Back office Client"), [:], STOP_ON_FAILURE): Call Test Case 'Test Cases/Regression BackOffice (All Browsers)/CLNK-23439 - Clink - Back office Client' successfully&#xD;
&#xD;
2019-09-19 12:18:44 - [TEST_CASE][PASSED] - Test Cases/Regression BackOffice (All Browsers)/CLNK-23439 - Clink - Back office Client: Test Cases/Regression BackOffice (All Browsers)/CLNK-23439 - Clink - Back office Client&#xD;
&#xD;
2019-09-19 12:18:44 - [TEST_STEP][PASSED] - deleteAllCookies(): Delete all cookies successfully&#xD;
&#xD;
2019-09-19 12:18:44 - [MESSAGE][WARNING] - Cannot delete cookies because browser is closed&#xD;
&#xD;
2019-09-19 12:18:44 - [MESSAGE][PASSED] - Delete all cookies successfully&#xD;
&#xD;
2019-09-19 12:18:44 - [TEST_STEP][PASSED] - openBrowser(G_SiteBackOffice): Browser is opened with url: 'https://qanewpoc.continulink.com:8443/Backoffice/'&#xD;
&#xD;
2019-09-19 12:18:44 - [MESSAGE][INFO] - Starting 'Chrome' driver&#xD;
&#xD;
2019-09-19 12:18:51 - [MESSAGE][PASSED] - Browser is opened with url: 'https://qanewpoc.continulink.com:8443/Backoffice/'&#xD;
&#xD;
2019-09-19 12:18:51 - [TEST_STEP][PASSED] - waitForPageLoad(60): Wait for page load successfully&#xD;
&#xD;
2019-09-19 12:18:51 - [MESSAGE][PASSED] - Wait for page load successfully&#xD;
&#xD;
2019-09-19 12:18:51 - [TEST_STEP][PASSED] - maximizeWindow(): Current window maximized&#xD;
&#xD;
2019-09-19 12:18:55 - [MESSAGE][PASSED] - Current window maximized&#xD;
&#xD;
2019-09-19 12:18:55 - [TEST_STEP][PASSED] - setText(findTestObject("Regression BackOffice/Login/UserBackOffice"), G_UserBackOffice): Text 'automation_admin' is set on object 'Object Repository/Regression BackOffice/Login/UserBackOffice'&#xD;
&#xD;
2019-09-19 12:18:56 - [MESSAGE][PASSED] - Text 'automation_admin' is set on object 'Object Repository/Regression BackOffice/Login/UserBackOffice'&#xD;
&#xD;
2019-09-19 12:18:56 - [TEST_STEP][PASSED] - setText(findTestObject("Regression BackOffice/Login/PasswordBackOffice"), G_PasswordBackOffice): Text 'qwerty' is set on object 'Object Repository/Regression BackOffice/Login/PasswordBackOffice'&#xD;
&#xD;
2019-09-19 12:18:56 - [MESSAGE][PASSED] - Text 'qwerty' is set on object 'Object Repository/Regression BackOffice/Login/PasswordBackOffice'&#xD;
&#xD;
2019-09-19 12:18:56 - [TEST_STEP][PASSED] - click(findTestObject("Regression BackOffice/Login/LoginBackOffice")): Object: 'Object Repository/Regression BackOffice/Login/LoginBackOffice' is clicked on&#xD;
&#xD;
2019-09-19 12:19:00 - [MESSAGE][PASSED] - Object: 'Object Repository/Regression BackOffice/Login/LoginBackOffice' is clicked on&#xD;
&#xD;
2019-09-19 12:19:00 - [TEST_STEP][PASSED] - waitForPageLoad(60): Wait for page load successfully&#xD;
&#xD;
2019-09-19 12:19:00 - [MESSAGE][PASSED] - Wait for page load successfully&#xD;
&#xD;
2019-09-19 12:19:00 - [TEST_STEP][PASSED] - delay(2): Delayed 2 second(s)&#xD;
&#xD;
2019-09-19 12:19:02 - [MESSAGE][PASSED] - Delayed 2 second(s)&#xD;
&#xD;
2019-09-19 12:19:02 - [TEST_STEP][PASSED] - switchToFrame(findTestObject("Regression BackOffice/CLINK-Frames/FrameFrameLeft"), 5, STOP_ON_FAILURE): null&#xD;
&#xD;
2019-09-19 12:19:03 - [TEST_STEP][PASSED] - delay(2): Delayed 2 second(s)&#xD;
&#xD;
2019-09-19 12:19:05 - [MESSAGE][PASSED] - Delayed 2 second(s)&#xD;
&#xD;
2019-09-19 12:19:05 - [TEST_STEP][PASSED] - waitForElementPresent(findTestObject("Regression BackOffice/CLINK-Frames/ClientIntake"), 50): Object 'Object Repository/Regression BackOffice/CLINK-Frames/ClientIntake' is present&#xD;
&#xD;
2019-09-19 12:19:05 - [MESSAGE][PASSED] - Object 'Object Repository/Regression BackOffice/CLINK-Frames/ClientIntake' is present&#xD;
&#xD;
2019-09-19 12:19:05 - [TEST_STEP][PASSED] - verifyElementPresent(findTestObject("Regression BackOffice/CLINK-Frames/ClientIntake"), 100, STOP_ON_FAILURE): Object 'Object Repository/Regression BackOffice/CLINK-Frames/ClientIntake' is present&#xD;
&#xD;
2019-09-19 12:19:05 - [MESSAGE][PASSED] - Object 'Object Repository/Regression BackOffice/CLINK-Frames/ClientIntake' is present&#xD;
&#xD;
2019-09-19 12:19:05 - [TEST_STEP][PASSED] - switchToDefaultContent(): null&#xD;
&#xD;
2019-09-19 12:19:05 - [MESSAGE][PASSED] - Call Test Case 'Test Cases/Regression BackOffice (All Browsers)/CLNK-23439 - Clink - Back office Client' successfully&#xD;
&#xD;
2019-09-19 12:19:05 - [TEST_STEP][PASSED] - waitForPageLoad(60): Wait for page load successfully&#xD;
&#xD;
2019-09-19 12:19:05 - [MESSAGE][PASSED] - Wait for page load successfully&#xD;
&#xD;
2019-09-19 12:19:05 - [TEST_STEP][PASSED] - delay(3): Delayed 3 second(s)&#xD;
&#xD;
2019-09-19 12:19:08 - [MESSAGE][PASSED] - Delayed 3 second(s)&#xD;
&#xD;
2019-09-19 12:19:08 - [TEST_STEP][PASSED] - switchToFrame(findTestObject("Regression BackOffice/CLNK-23449/FrameLeft"), 30): null&#xD;
&#xD;
2019-09-19 12:19:08 - [TEST_STEP][PASSED] - waitForElementPresent(findTestObject("Regression BackOffice/CLINK-30885/FinanceLink"), 100): Object 'Object Repository/Regression BackOffice/CLINK-30885/FinanceLink' is present&#xD;
&#xD;
2019-09-19 12:19:08 - [MESSAGE][PASSED] - Object 'Object Repository/Regression BackOffice/CLINK-30885/FinanceLink' is present&#xD;
&#xD;
2019-09-19 12:19:08 - [TEST_STEP][PASSED] - click(findTestObject("Regression BackOffice/CLINK-30885/FinanceLink")): Object: 'Object Repository/Regression BackOffice/CLINK-30885/FinanceLink' is clicked on&#xD;
&#xD;
2019-09-19 12:19:08 - [MESSAGE][PASSED] - Object: 'Object Repository/Regression BackOffice/CLINK-30885/FinanceLink' is clicked on&#xD;
&#xD;
2019-09-19 12:19:08 - [TEST_STEP][PASSED] - delay(2): Delayed 2 second(s)&#xD;
&#xD;
2019-09-19 12:19:10 - [MESSAGE][PASSED] - Delayed 2 second(s)&#xD;
&#xD;
2019-09-19 12:19:10 - [TEST_STEP][PASSED] - waitForPageLoad(50): Wait for page load successfully&#xD;
&#xD;
2019-09-19 12:19:10 - [MESSAGE][PASSED] - Wait for page load successfully&#xD;
&#xD;
2019-09-19 12:19:10 - [TEST_STEP][PASSED] - waitForElementPresent(findTestObject("Regression BackOffice/CLINK-30885/Group Bill RulesLink"), 50): Object 'Object Repository/Regression BackOffice/CLINK-30885/Group Bill RulesLink' is present&#xD;
&#xD;
2019-09-19 12:19:10 - [MESSAGE][PASSED] - Object 'Object Repository/Regression BackOffice/CLINK-30885/Group Bill RulesLink' is present&#xD;
&#xD;
2019-09-19 12:19:10 - [TEST_STEP][PASSED] - click(findTestObject("Regression BackOffice/CLINK-30885/Group Bill RulesLink")): Object: 'Object Repository/Regression BackOffice/CLINK-30885/Group Bill RulesLink' is clicked on&#xD;
&#xD;
2019-09-19 12:19:18 - [MESSAGE][PASSED] - Object: 'Object Repository/Regression BackOffice/CLINK-30885/Group Bill RulesLink' is clicked on&#xD;
&#xD;
2019-09-19 12:19:18 - [TEST_STEP][PASSED] - delay(2): Delayed 2 second(s)&#xD;
&#xD;
2019-09-19 12:19:20 - [MESSAGE][PASSED] - Delayed 2 second(s)&#xD;
&#xD;
2019-09-19 12:19:20 - [TEST_STEP][PASSED] - switchToDefaultContent(): null&#xD;
&#xD;
2019-09-19 12:19:20 - [TEST_STEP][PASSED] - switchToFrame(findTestObject("Regression BackOffice/CLNK-23449/FrameMain"), 30): null&#xD;
&#xD;
2019-09-19 12:19:20 - [TEST_STEP][PASSED] - waitForElementPresent(findTestObject("Regression BackOffice/CLINK-30885/PayerName"), 50): Object 'Object Repository/Regression BackOffice/CLINK-30885/PayerName' is present&#xD;
&#xD;
2019-09-19 12:19:20 - [MESSAGE][PASSED] - Object 'Object Repository/Regression BackOffice/CLINK-30885/PayerName' is present&#xD;
&#xD;
2019-09-19 12:19:20 - [TEST_STEP][PASSED] - click(findTestObject("Regression BackOffice/CLINK-30885/PayerName")): Object: 'Object Repository/Regression BackOffice/CLINK-30885/PayerName' is clicked on&#xD;
&#xD;
2019-09-19 12:19:21 - [MESSAGE][PASSED] - Object: 'Object Repository/Regression BackOffice/CLINK-30885/PayerName' is clicked on&#xD;
&#xD;
2019-09-19 12:19:21 - [TEST_STEP][PASSED] - sendKeys(findTestObject("Regression BackOffice/CLINK-30885/PayerName"), "AC"): Keys 'AC' sent to object: 'Object Repository/Regression BackOffice/CLINK-30885/PayerName'&#xD;
&#xD;
2019-09-19 12:19:21 - [MESSAGE][PASSED] - Keys 'AC' sent to object: 'Object Repository/Regression BackOffice/CLINK-30885/PayerName'&#xD;
&#xD;
2019-09-19 12:19:21 - [TEST_STEP][PASSED] - sendKeys(findTestObject("Regression BackOffice/CLINK-30885/PayerName"), Keys.chord(ENTER)): Keys 'ENTER + ' sent to object: 'Object Repository/Regression BackOffice/CLINK-30885/PayerName'&#xD;
&#xD;
2019-09-19 12:19:22 - [MESSAGE][PASSED] - Keys 'ENTER + ' sent to object: 'Object Repository/Regression BackOffice/CLINK-30885/PayerName'&#xD;
&#xD;
2019-09-19 12:19:22 - [TEST_STEP][NOT_RUN] - waitForElementPresent(findTestObject("Regression BackOffice/CLINK-30885/PlanName"), 50): NOT_RUN: waitForElementPresent(findTestObject("Regression BackOffice/CLINK-30885/PlanName"), 50)&#xD;
&#xD;
2019-09-19 12:19:22 - [MESSAGE][NOT_RUN] - NOT_RUN: waitForElementPresent(findTestObject("Regression BackOffice/CLINK-30885/PlanName"), 50)&#xD;
&#xD;
2019-09-19 12:19:22 - [TEST_STEP][NOT_RUN] - click(findTestObject("Regression BackOffice/CLINK-30885/PlanName")): NOT_RUN: click(findTestObject("Regression BackOffice/CLINK-30885/PlanName"))&#xD;
&#xD;
2019-09-19 12:19:22 - [MESSAGE][NOT_RUN] - NOT_RUN: click(findTestObject("Regression BackOffice/CLINK-30885/PlanName"))&#xD;
&#xD;
2019-09-19 12:19:22 - [TEST_STEP][NOT_RUN] - sendKeys(findTestObject("Regression BackOffice/CLINK-30885/PlanName"), Keys.chord(ARROW_DOWN, ENTER)): NOT_RUN: sendKeys(findTestObject("Regression BackOffice/CLINK-30885/PlanName"), Keys.chord(ARROW_DOWN, ENTER))&#xD;
&#xD;
2019-09-19 12:19:22 - [MESSAGE][NOT_RUN] - NOT_RUN: sendKeys(findTestObject("Regression BackOffice/CLINK-30885/PlanName"), Keys.chord(ARROW_DOWN, ENTER))&#xD;
&#xD;
2019-09-19 12:19:22 - [TEST_STEP][PASSED] - waitForPageLoad(50): Wait for page load successfully&#xD;
&#xD;
2019-09-19 12:19:22 - [MESSAGE][PASSED] - Wait for page load successfully&#xD;
&#xD;
2019-09-19 12:19:22 - [TEST_STEP][PASSED] - delay(2): Delayed 2 second(s)&#xD;
&#xD;
2019-09-19 12:19:24 - [MESSAGE][PASSED] - Delayed 2 second(s)&#xD;
&#xD;
2019-09-19 12:19:24 - [TEST_STEP][PASSED] - waitForElementPresent(findTestObject("Regression BackOffice/CLINK-30885/SearchButton"), 50): Object 'Object Repository/Regression BackOffice/CLINK-30885/SearchButton' is present&#xD;
&#xD;
2019-09-19 12:19:24 - [MESSAGE][PASSED] - Object 'Object Repository/Regression BackOffice/CLINK-30885/SearchButton' is present&#xD;
&#xD;
2019-09-19 12:19:24 - [TEST_STEP][PASSED] - click(findTestObject("Regression BackOffice/CLINK-30885/SearchButton")): Object: 'Object Repository/Regression BackOffice/CLINK-30885/SearchButton' is clicked on&#xD;
&#xD;
2019-09-19 12:19:25 - [MESSAGE][PASSED] - Object: 'Object Repository/Regression BackOffice/CLINK-30885/SearchButton' is clicked on&#xD;
&#xD;
2019-09-19 12:19:25 - [TEST_STEP][PASSED] - delay(5): Delayed 5 second(s)&#xD;
&#xD;
2019-09-19 12:19:30 - [MESSAGE][PASSED] - Delayed 5 second(s)&#xD;
&#xD;
2019-09-19 12:19:30 - [TEST_STEP][PASSED] - waitForElementPresent(findTestObject("Regression BackOffice/CLINK-30885/Payer Searched"), 50): Object 'Object Repository/Regression BackOffice/CLINK-30885/Payer Searched' is present&#xD;
&#xD;
2019-09-19 12:19:30 - [MESSAGE][PASSED] - Object 'Object Repository/Regression BackOffice/CLINK-30885/Payer Searched' is present&#xD;
&#xD;
2019-09-19 12:19:30 - [TEST_STEP][PASSED] - click(findTestObject("Regression BackOffice/CLINK-30885/Payer Searched")): Object: 'Object Repository/Regression BackOffice/CLINK-30885/Payer Searched' is clicked on&#xD;
&#xD;
2019-09-19 12:19:35 - [MESSAGE][PASSED] - Object: 'Object Repository/Regression BackOffice/CLINK-30885/Payer Searched' is clicked on&#xD;
&#xD;
2019-09-19 12:19:35 - [TEST_STEP][PASSED] - delay(2): Delayed 2 second(s)&#xD;
&#xD;
2019-09-19 12:19:37 - [MESSAGE][PASSED] - Delayed 2 second(s)&#xD;
&#xD;
2019-09-19 12:19:37 - [TEST_STEP][PASSED] - waitForPageLoad(50): Wait for page load successfully&#xD;
&#xD;
2019-09-19 12:19:37 - [MESSAGE][PASSED] - Wait for page load successfully&#xD;
&#xD;
2019-09-19 12:19:37 - [TEST_STEP][PASSED] - delay(5): Delayed 5 second(s)&#xD;
&#xD;
2019-09-19 12:19:42 - [MESSAGE][PASSED] - Delayed 5 second(s)&#xD;
&#xD;
2019-09-19 12:19:42 - [TEST_STEP][PASSED] - waitForElementPresent(findTestObject("Regression BackOffice/CLINK-30885/Day"), 50): Object 'Object Repository/Regression BackOffice/CLINK-30885/Day' is present&#xD;
&#xD;
2019-09-19 12:19:42 - [MESSAGE][PASSED] - Object 'Object Repository/Regression BackOffice/CLINK-30885/Day' is present&#xD;
&#xD;
2019-09-19 12:19:42 - [TEST_STEP][PASSED] - click(findTestObject("Regression BackOffice/CLINK-30885/Day")): Object: 'Object Repository/Regression BackOffice/CLINK-30885/Day' is clicked on&#xD;
&#xD;
2019-09-19 12:19:43 - [MESSAGE][PASSED] - Object: 'Object Repository/Regression BackOffice/CLINK-30885/Day' is clicked on&#xD;
&#xD;
2019-09-19 12:19:43 - [TEST_STEP][PASSED] - sendKeys(findTestObject("Regression BackOffice/CLINK-30885/Day"), "Fr"): Keys 'Fr' sent to object: 'Object Repository/Regression BackOffice/CLINK-30885/Day'&#xD;
&#xD;
2019-09-19 12:19:43 - [MESSAGE][PASSED] - Keys 'Fr' sent to object: 'Object Repository/Regression BackOffice/CLINK-30885/Day'&#xD;
&#xD;
2019-09-19 12:19:43 - [TEST_STEP][PASSED] - sendKeys(findTestObject("Regression BackOffice/CLINK-30885/Day"), Keys.chord(ENTER)): Keys 'ENTER + ' sent to object: 'Object Repository/Regression BackOffice/CLINK-30885/Day'&#xD;
&#xD;
2019-09-19 12:19:43 - [MESSAGE][PASSED] - Keys 'ENTER + ' sent to object: 'Object Repository/Regression BackOffice/CLINK-30885/Day'&#xD;
&#xD;
2019-09-19 12:19:43 - [TEST_STEP][PASSED] - delay(5): Delayed 5 second(s)&#xD;
&#xD;
2019-09-19 12:19:48 - [MESSAGE][PASSED] - Delayed 5 second(s)&#xD;
&#xD;
2019-09-19 12:19:48 - [TEST_STEP][PASSED] - waitForElementPresent(findTestObject("Regression BackOffice/CLINK-30885/Frequency"), 50): Object 'Object Repository/Regression BackOffice/CLINK-30885/Frequency' is present&#xD;
&#xD;
2019-09-19 12:19:48 - [MESSAGE][PASSED] - Object 'Object Repository/Regression BackOffice/CLINK-30885/Frequency' is present&#xD;
&#xD;
2019-09-19 12:19:48 - [TEST_STEP][PASSED] - click(findTestObject("Regression BackOffice/CLINK-30885/Frequency")): Object: 'Object Repository/Regression BackOffice/CLINK-30885/Frequency' is clicked on&#xD;
&#xD;
2019-09-19 12:19:48 - [MESSAGE][PASSED] - Object: 'Object Repository/Regression BackOffice/CLINK-30885/Frequency' is clicked on&#xD;
&#xD;
2019-09-19 12:19:48 - [TEST_STEP][PASSED] - sendKeys(findTestObject("Regression BackOffice/CLINK-30885/Frequency"), Keys.chord(ARROW_UP, ARROW_UP, ARROW_UP, ENTER)): Keys 'UP + UP + UP + ENTER + ' sent to object: 'Object Repository/Regression BackOffice/CLINK-30885/Frequency'&#xD;
&#xD;
2019-09-19 12:19:48 - [MESSAGE][PASSED] - Keys 'UP + UP + UP + ENTER + ' sent to object: 'Object Repository/Regression BackOffice/CLINK-30885/Frequency'&#xD;
&#xD;
2019-09-19 12:19:48 - [TEST_STEP][PASSED] - delay(5): Delayed 5 second(s)&#xD;
&#xD;
2019-09-19 12:19:53 - [MESSAGE][PASSED] - Delayed 5 second(s)&#xD;
&#xD;
2019-09-19 12:19:53 - [TEST_STEP][PASSED] - scrollToElement(findTestObject("Regression BackOffice/CLINK-30885/Late-time Slip Rules"), 50): Scroll to object 'Object Repository/Regression BackOffice/CLINK-30885/Late-time Slip Rules' successfully&#xD;
&#xD;
2019-09-19 12:19:54 - [MESSAGE][PASSED] - Scroll to object 'Object Repository/Regression BackOffice/CLINK-30885/Late-time Slip Rules' successfully&#xD;
&#xD;
2019-09-19 12:19:54 - [TEST_STEP][PASSED] - delay(3): Delayed 3 second(s)&#xD;
&#xD;
2019-09-19 12:19:57 - [MESSAGE][PASSED] - Delayed 3 second(s)&#xD;
&#xD;
2019-09-19 12:19:57 - [TEST_STEP][PASSED] - if (verifyElementChecked(findTestObject("Regression BackOffice/CLINK-30885/HoldInvoicesCheck"), 10)): Object 'Object Repository/Regression BackOffice/CLINK-30885/HoldInvoicesCheck' is not checked (Root cause: com.kms.katalon.core.exception.StepFailedException: Object 'Object Repository/Regression BackOffice/CLINK-30885/HoldInvoicesCheck' is not checked&#xD;
	at com.kms.katalon.core.webui.keyword.internal.WebUIKeywordMain.stepFailed(WebUIKeywordMain.groovy:64)&#xD;
	at com.kms.katalon.core.webui.keyword.builtin.VerifyElementCheckedKeyword$_verifyElementChecked_closure1.doCall(VerifyElementCheckedKeyword.groovy:81)&#xD;
	at com.kms.katalon.core.webui.keyword.builtin.VerifyElementCheckedKeyword$_verifyElementChecked_closure1.call(VerifyElementCheckedKeyword.groovy)&#xD;
	at com.kms.katalon.core.webui.keyword.internal.WebUIKeywordMain.runKeyword(WebUIKeywordMain.groovy:20)&#xD;
	at com.kms.katalon.core.webui.keyword.builtin.VerifyElementCheckedKeyword.verifyElementChecked(VerifyElementCheckedKeyword.groovy:92)&#xD;
	at com.kms.katalon.core.webui.keyword.builtin.VerifyElementCheckedKeyword.execute(VerifyElementCheckedKeyword.groovy:68)&#xD;
	at com.kms.katalon.core.keyword.internal.KeywordExecutor.executeKeywordForPlatform(KeywordExecutor.groovy:56)&#xD;
	at com.kms.katalon.core.webui.keyword.WebUiBuiltInKeywords.verifyElementChecked(WebUiBuiltInKeywords.groovy:1367)&#xD;
	at com.kms.katalon.core.webui.keyword.WebUiBuiltInKeywords$verifyElementChecked$26.call(Unknown Source)&#xD;
	at CLNK-30885 - PRE - FLAGS - GBRules - OFF.run(CLNK-30885 - PRE - FLAGS - GBRules - OFF:102)&#xD;
	at com.kms.katalon.core.main.ScriptEngine.run(ScriptEngine.java:194)&#xD;
	at com.kms.katalon.core.main.ScriptEngine.runScriptAsRawText(ScriptEngine.java:119)&#xD;
	at com.kms.katalon.core.main.TestCaseExecutor.runScript(TestCaseExecutor.java:337)&#xD;
	at com.kms.katalon.core.main.TestCaseExecutor.doExecute(TestCaseExecutor.java:328)&#xD;
	at com.kms.katalon.core.main.TestCaseExecutor.processExecutionPhase(TestCaseExecutor.java:307)&#xD;
	at com.kms.katalon.core.main.TestCaseExecutor.accessMainPhase(TestCaseExecutor.java:299)&#xD;
	at com.kms.katalon.core.main.TestCaseExecutor.execute(TestCaseExecutor.java:233)&#xD;
	at com.kms.katalon.core.main.TestSuiteExecutor.accessTestCaseMainPhase(TestSuiteExecutor.java:169)&#xD;
	at com.kms.katalon.core.main.TestSuiteExecutor.accessTestSuiteMainPhase(TestSuiteExecutor.java:142)&#xD;
	at com.kms.katalon.core.main.TestSuiteExecutor.execute(TestSuiteExecutor.java:91)&#xD;
	at com.kms.katalon.core.main.TestCaseMain.startTestSuite(TestCaseMain.java:157)&#xD;
	at com.kms.katalon.core.main.TestCaseMain$startTestSuite$0.call(Unknown Source)&#xD;
	at TempTestSuite1568904021899.run(TempTestSuite1568904021899.groovy:35)&#xD;
)&#xD;
&#xD;
2019-09-19 12:19:57 - [MESSAGE][WARNING] - Object 'Object Repository/Regression BackOffice/CLINK-30885/HoldInvoicesCheck' is not checked (Root cause: com.kms.katalon.core.exception.StepFailedException: Object 'Object Repository/Regression BackOffice/CLINK-30885/HoldInvoicesCheck' is not checked&#xD;
	at com.kms.katalon.core.webui.keyword.internal.WebUIKeywordMain.stepFailed(WebUIKeywordMain.groovy:64)&#xD;
	at com.kms.katalon.core.webui.keyword.builtin.VerifyElementCheckedKeyword$_verifyElementChecked_closure1.doCall(VerifyElementCheckedKeyword.groovy:81)&#xD;
	at com.kms.katalon.core.webui.keyword.builtin.VerifyElementCheckedKeyword$_verifyElementChecked_closure1.call(VerifyElementCheckedKeyword.groovy)&#xD;
	at com.kms.katalon.core.webui.keyword.internal.WebUIKeywordMain.runKeyword(WebUIKeywordMain.groovy:20)&#xD;
	at com.kms.katalon.core.webui.keyword.builtin.VerifyElementCheckedKeyword.verifyElementChecked(VerifyElementCheckedKeyword.groovy:92)&#xD;
	at com.kms.katalon.core.webui.keyword.builtin.VerifyElementCheckedKeyword.execute(VerifyElementCheckedKeyword.groovy:68)&#xD;
	at com.kms.katalon.core.keyword.internal.KeywordExecutor.executeKeywordForPlatform(KeywordExecutor.groovy:56)&#xD;
	at com.kms.katalon.core.webui.keyword.WebUiBuiltInKeywords.verifyElementChecked(WebUiBuiltInKeywords.groovy:1367)&#xD;
	at com.kms.katalon.core.webui.keyword.WebUiBuiltInKeywords$verifyElementChecked$26.call(Unknown Source)&#xD;
	at CLNK-30885 - PRE - FLAGS - GBRules - OFF.run(CLNK-30885 - PRE - FLAGS - GBRules - OFF:102)&#xD;
	at com.kms.katalon.core.main.ScriptEngine.run(ScriptEngine.java:194)&#xD;
	at com.kms.katalon.core.main.ScriptEngine.runScriptAsRawText(ScriptEngine.java:119)&#xD;
	at com.kms.katalon.core.main.TestCaseExecutor.runScript(TestCaseExecutor.java:337)&#xD;
	at com.kms.katalon.core.main.TestCaseExecutor.doExecute(TestCaseExecutor.java:328)&#xD;
	at com.kms.katalon.core.main.TestCaseExecutor.processExecutionPhase(TestCaseExecutor.java:307)&#xD;
	at com.kms.katalon.core.main.TestCaseExecutor.accessMainPhase(TestCaseExecutor.java:299)&#xD;
	at com.kms.katalon.core.main.TestCaseExecutor.execute(TestCaseExecutor.java:233)&#xD;
	at com.kms.katalon.core.main.TestSuiteExecutor.accessTestCaseMainPhase(TestSuiteExecutor.java:169)&#xD;
	at com.kms.katalon.core.main.TestSuiteExecutor.accessTestSuiteMainPhase(TestSuiteExecutor.java:142)&#xD;
	at com.kms.katalon.core.main.TestSuiteExecutor.execute(TestSuiteExecutor.java:91)&#xD;
	at com.kms.katalon.core.main.TestCaseMain.startTestSuite(TestCaseMain.java:157)&#xD;
	at com.kms.katalon.core.main.TestCaseMain$startTestSuite$0.call(Unknown Source)&#xD;
	at TempTestSuite1568904021899.run(TempTestSuite1568904021899.groovy:35)&#xD;
)&#xD;
[[ATTACHMENT|C:\\Users\\isaac\\Desktop\\Clientes\\ProcuraCanada\\Katalon Studio\\Continulink\\Reports\\20190919_113944\\Regression BackOffice\\Regression BackOffice\\20190919_114021\\1568906397193.png]]&#xD;
&#xD;
2019-09-19 12:19:57 - [TEST_STEP][PASSED] - if (verifyElementChecked(findTestObject("Regression BackOffice/CLINK-30885/Produce new invoices for late-time slips"), 10)): Object 'Object Repository/Regression BackOffice/CLINK-30885/Produce new invoices for late-time slips' is not checked (Root cause: com.kms.katalon.core.exception.StepFailedException: Object 'Object Repository/Regression BackOffice/CLINK-30885/Produce new invoices for late-time slips' is not checked&#xD;
	at com.kms.katalon.core.webui.keyword.internal.WebUIKeywordMain.stepFailed(WebUIKeywordMain.groovy:64)&#xD;
	at com.kms.katalon.core.webui.keyword.builtin.VerifyElementCheckedKeyword$_verifyElementChecked_closure1.doCall(VerifyElementCheckedKeyword.groovy:81)&#xD;
	at com.kms.katalon.core.webui.keyword.builtin.VerifyElementCheckedKeyword$_verifyElementChecked_closure1.call(VerifyElementCheckedKeyword.groovy)&#xD;
	at com.kms.katalon.core.webui.keyword.internal.WebUIKeywordMain.runKeyword(WebUIKeywordMain.groovy:20)&#xD;
	at com.kms.katalon.core.webui.keyword.builtin.VerifyElementCheckedKeyword.verifyElementChecked(VerifyElementCheckedKeyword.groovy:92)&#xD;
	at com.kms.katalon.core.webui.keyword.builtin.VerifyElementCheckedKeyword.execute(VerifyElementCheckedKeyword.groovy:68)&#xD;
	at com.kms.katalon.core.keyword.internal.KeywordExecutor.executeKeywordForPlatform(KeywordExecutor.groovy:56)&#xD;
	at com.kms.katalon.core.webui.keyword.WebUiBuiltInKeywords.verifyElementChecked(WebUiBuiltInKeywords.groovy:1367)&#xD;
	at com.kms.katalon.core.webui.keyword.WebUiBuiltInKeywords$verifyElementChecked$26.call(Unknown Source)&#xD;
	at CLNK-30885 - PRE - FLAGS - GBRules - OFF.run(CLNK-30885 - PRE - FLAGS - GBRules - OFF:108)&#xD;
	at com.kms.katalon.core.main.ScriptEngine.run(ScriptEngine.java:194)&#xD;
	at com.kms.katalon.core.main.ScriptEngine.runScriptAsRawText(ScriptEngine.java:119)&#xD;
	at com.kms.katalon.core.main.TestCaseExecutor.runScript(TestCaseExecutor.java:337)&#xD;
	at com.kms.katalon.core.main.TestCaseExecutor.doExecute(TestCaseExecutor.java:328)&#xD;
	at com.kms.katalon.core.main.TestCaseExecutor.processExecutionPhase(TestCaseExecutor.java:307)&#xD;
	at com.kms.katalon.core.main.TestCaseExecutor.accessMainPhase(TestCaseExecutor.java:299)&#xD;
	at com.kms.katalon.core.main.TestCaseExecutor.execute(TestCaseExecutor.java:233)&#xD;
	at com.kms.katalon.core.main.TestSuiteExecutor.accessTestCaseMainPhase(TestSuiteExecutor.java:169)&#xD;
	at com.kms.katalon.core.main.TestSuiteExecutor.accessTestSuiteMainPhase(TestSuiteExecutor.java:142)&#xD;
	at com.kms.katalon.core.main.TestSuiteExecutor.execute(TestSuiteExecutor.java:91)&#xD;
	at com.kms.katalon.core.main.TestCaseMain.startTestSuite(TestCaseMain.java:157)&#xD;
	at com.kms.katalon.core.main.TestCaseMain$startTestSuite$0.call(Unknown Source)&#xD;
	at TempTestSuite1568904021899.run(TempTestSuite1568904021899.groovy:35)&#xD;
)&#xD;
&#xD;
2019-09-19 12:19:58 - [MESSAGE][WARNING] - Object 'Object Repository/Regression BackOffice/CLINK-30885/Produce new invoices for late-time slips' is not checked (Root cause: com.kms.katalon.core.exception.StepFailedException: Object 'Object Repository/Regression BackOffice/CLINK-30885/Produce new invoices for late-time slips' is not checked&#xD;
	at com.kms.katalon.core.webui.keyword.internal.WebUIKeywordMain.stepFailed(WebUIKeywordMain.groovy:64)&#xD;
	at com.kms.katalon.core.webui.keyword.builtin.VerifyElementCheckedKeyword$_verifyElementChecked_closure1.doCall(VerifyElementCheckedKeyword.groovy:81)&#xD;
	at com.kms.katalon.core.webui.keyword.builtin.VerifyElementCheckedKeyword$_verifyElementChecked_closure1.call(VerifyElementCheckedKeyword.groovy)&#xD;
	at com.kms.katalon.core.webui.keyword.internal.WebUIKeywordMain.runKeyword(WebUIKeywordMain.groovy:20)&#xD;
	at com.kms.katalon.core.webui.keyword.builtin.VerifyElementCheckedKeyword.verifyElementChecked(VerifyElementCheckedKeyword.groovy:92)&#xD;
	at com.kms.katalon.core.webui.keyword.builtin.VerifyElementCheckedKeyword.execute(VerifyElementCheckedKeyword.groovy:68)&#xD;
	at com.kms.katalon.core.keyword.internal.KeywordExecutor.executeKeywordForPlatform(KeywordExecutor.groovy:56)&#xD;
	at com.kms.katalon.core.webui.keyword.WebUiBuiltInKeywords.verifyElementChecked(WebUiBuiltInKeywords.groovy:1367)&#xD;
	at com.kms.katalon.core.webui.keyword.WebUiBuiltInKeywords$verifyElementChecked$26.call(Unknown Source)&#xD;
	at CLNK-30885 - PRE - FLAGS - GBRules - OFF.run(CLNK-30885 - PRE - FLAGS - GBRules - OFF:108)&#xD;
	at com.kms.katalon.core.main.ScriptEngine.run(ScriptEngine.java:194)&#xD;
	at com.kms.katalon.core.main.ScriptEngine.runScriptAsRawText(ScriptEngine.java:119)&#xD;
	at com.kms.katalon.core.main.TestCaseExecutor.runScript(TestCaseExecutor.java:337)&#xD;
	at com.kms.katalon.core.main.TestCaseExecutor.doExecute(TestCaseExecutor.java:328)&#xD;
	at com.kms.katalon.core.main.TestCaseExecutor.processExecutionPhase(TestCaseExecutor.java:307)&#xD;
	at com.kms.katalon.core.main.TestCaseExecutor.accessMainPhase(TestCaseExecutor.java:299)&#xD;
	at com.kms.katalon.core.main.TestCaseExecutor.execute(TestCaseExecutor.java:233)&#xD;
	at com.kms.katalon.core.main.TestSuiteExecutor.accessTestCaseMainPhase(TestSuiteExecutor.java:169)&#xD;
	at com.kms.katalon.core.main.TestSuiteExecutor.accessTestSuiteMainPhase(TestSuiteExecutor.java:142)&#xD;
	at com.kms.katalon.core.main.TestSuiteExecutor.execute(TestSuiteExecutor.java:91)&#xD;
	at com.kms.katalon.core.main.TestCaseMain.startTestSuite(TestCaseMain.java:157)&#xD;
	at com.kms.katalon.core.main.TestCaseMain$startTestSuite$0.call(Unknown Source)&#xD;
	at TempTestSuite1568904021899.run(TempTestSuite1568904021899.groovy:35)&#xD;
)&#xD;
[[ATTACHMENT|C:\\Users\\isaac\\Desktop\\Clientes\\ProcuraCanada\\Katalon Studio\\Continulink\\Reports\\20190919_113944\\Regression BackOffice\\Regression BackOffice\\20190919_114021\\1568906397778.png]]&#xD;
&#xD;
2019-09-19 12:19:58 - [TEST_STEP][PASSED] - if (verifyElementNotChecked(findTestObject("Regression BackOffice/CLINK-30885/Release All available"), 10)): Object 'Object Repository/Regression BackOffice/CLINK-30885/Release All available' is checked (Root cause: com.kms.katalon.core.exception.StepFailedException: Object 'Object Repository/Regression BackOffice/CLINK-30885/Release All available' is checked&#xD;
	at com.kms.katalon.core.webui.keyword.internal.WebUIKeywordMain.stepFailed(WebUIKeywordMain.groovy:64)&#xD;
	at com.kms.katalon.core.webui.keyword.builtin.VerifyElementNotCheckedKeyword$_verifyElementNotChecked_closure1.doCall(VerifyElementNotCheckedKeyword.groovy:82)&#xD;
	at com.kms.katalon.core.webui.keyword.builtin.VerifyElementNotCheckedKeyword$_verifyElementNotChecked_closure1.call(VerifyElementNotCheckedKeyword.groovy)&#xD;
	at com.kms.katalon.core.webui.keyword.internal.WebUIKeywordMain.runKeyword(WebUIKeywordMain.groovy:20)&#xD;
	at com.kms.katalon.core.webui.keyword.builtin.VerifyElementNotCheckedKeyword.verifyElementNotChecked(VerifyElementNotCheckedKeyword.groovy:93)&#xD;
	at com.kms.katalon.core.webui.keyword.builtin.VerifyElementNotCheckedKeyword.execute(VerifyElementNotCheckedKeyword.groovy:68)&#xD;
	at com.kms.katalon.core.keyword.internal.KeywordExecutor.executeKeywordForPlatform(KeywordExecutor.groovy:56)&#xD;
	at com.kms.katalon.core.webui.keyword.WebUiBuiltInKeywords.verifyElementNotChecked(WebUiBuiltInKeywords.groovy:1401)&#xD;
	at com.kms.katalon.core.webui.keyword.WebUiBuiltInKeywords$verifyElementNotChecked$27.call(Unknown Source)&#xD;
	at CLNK-30885 - PRE - FLAGS - GBRules - OFF.run(CLNK-30885 - PRE - FLAGS - GBRules - OFF:115)&#xD;
	at com.kms.katalon.core.main.ScriptEngine.run(ScriptEngine.java:194)&#xD;
	at com.kms.katalon.core.main.ScriptEngine.runScriptAsRawText(ScriptEngine.java:119)&#xD;
	at com.kms.katalon.core.main.TestCaseExecutor.runScript(TestCaseExecutor.java:337)&#xD;
	at com.kms.katalon.core.main.TestCaseExecutor.doExecute(TestCaseExecutor.java:328)&#xD;
	at com.kms.katalon.core.main.TestCaseExecutor.processExecutionPhase(TestCaseExecutor.java:307)&#xD;
	at com.kms.katalon.core.main.TestCaseExecutor.accessMainPhase(TestCaseExecutor.java:299)&#xD;
	at com.kms.katalon.core.main.TestCaseExecutor.execute(TestCaseExecutor.java:233)&#xD;
	at com.kms.katalon.core.main.TestSuiteExecutor.accessTestCaseMainPhase(TestSuiteExecutor.java:169)&#xD;
	at com.kms.katalon.core.main.TestSuiteExecutor.accessTestSuiteMainPhase(TestSuiteExecutor.java:142)&#xD;
	at com.kms.katalon.core.main.TestSuiteExecutor.execute(TestSuiteExecutor.java:91)&#xD;
	at com.kms.katalon.core.main.TestCaseMain.startTestSuite(TestCaseMain.java:157)&#xD;
	at com.kms.katalon.core.main.TestCaseMain$startTestSuite$0.call(Unknown Source)&#xD;
	at TempTestSuite1568904021899.run(TempTestSuite1568904021899.groovy:35)&#xD;
)&#xD;
&#xD;
2019-09-19 12:19:58 - [MESSAGE][WARNING] - Object 'Object Repository/Regression BackOffice/CLINK-30885/Release All available' is checked (Root cause: com.kms.katalon.core.exception.StepFailedException: Object 'Object Repository/Regression BackOffice/CLINK-30885/Release All available' is checked&#xD;
	at com.kms.katalon.core.webui.keyword.internal.WebUIKeywordMain.stepFailed(WebUIKeywordMain.groovy:64)&#xD;
	at com.kms.katalon.core.webui.keyword.builtin.VerifyElementNotCheckedKeyword$_verifyElementNotChecked_closure1.doCall(VerifyElementNotCheckedKeyword.groovy:82)&#xD;
	at com.kms.katalon.core.webui.keyword.builtin.VerifyElementNotCheckedKeyword$_verifyElementNotChecked_closure1.call(VerifyElementNotCheckedKeyword.groovy)&#xD;
	at com.kms.katalon.core.webui.keyword.internal.WebUIKeywordMain.runKeyword(WebUIKeywordMain.groovy:20)&#xD;
	at com.kms.katalon.core.webui.keyword.builtin.VerifyElementNotCheckedKeyword.verifyElementNotChecked(VerifyElementNotCheckedKeyword.groovy:93)&#xD;
	at com.kms.katalon.core.webui.keyword.builtin.VerifyElementNotCheckedKeyword.execute(VerifyElementNotCheckedKeyword.groovy:68)&#xD;
	at com.kms.katalon.core.keyword.internal.KeywordExecutor.executeKeywordForPlatform(KeywordExecutor.groovy:56)&#xD;
	at com.kms.katalon.core.webui.keyword.WebUiBuiltInKeywords.verifyElementNotChecked(WebUiBuiltInKeywords.groovy:1401)&#xD;
	at com.kms.katalon.core.webui.keyword.WebUiBuiltInKeywords$verifyElementNotChecked$27.call(Unknown Source)&#xD;
	at CLNK-30885 - PRE - FLAGS - GBRules - OFF.run(CLNK-30885 - PRE - FLAGS - GBRules - OFF:115)&#xD;
	at com.kms.katalon.core.main.ScriptEngine.run(ScriptEngine.java:194)&#xD;
	at com.kms.katalon.core.main.ScriptEngine.runScriptAsRawText(ScriptEngine.java:119)&#xD;
	at com.kms.katalon.core.main.TestCaseExecutor.runScript(TestCaseExecutor.java:337)&#xD;
	at com.kms.katalon.core.main.TestCaseExecutor.doExecute(TestCaseExecutor.java:328)&#xD;
	at com.kms.katalon.core.main.TestCaseExecutor.processExecutionPhase(TestCaseExecutor.java:307)&#xD;
	at com.kms.katalon.core.main.TestCaseExecutor.accessMainPhase(TestCaseExecutor.java:299)&#xD;
	at com.kms.katalon.core.main.TestCaseExecutor.execute(TestCaseExecutor.java:233)&#xD;
	at com.kms.katalon.core.main.TestSuiteExecutor.accessTestCaseMainPhase(TestSuiteExecutor.java:169)&#xD;
	at com.kms.katalon.core.main.TestSuiteExecutor.accessTestSuiteMainPhase(TestSuiteExecutor.java:142)&#xD;
	at com.kms.katalon.core.main.TestSuiteExecutor.execute(TestSuiteExecutor.java:91)&#xD;
	at com.kms.katalon.core.main.TestCaseMain.startTestSuite(TestCaseMain.java:157)&#xD;
	at com.kms.katalon.core.main.TestCaseMain$startTestSuite$0.call(Unknown Source)&#xD;
	at TempTestSuite1568904021899.run(TempTestSuite1568904021899.groovy:35)&#xD;
)&#xD;
[[ATTACHMENT|C:\\Users\\isaac\\Desktop\\Clientes\\ProcuraCanada\\Katalon Studio\\Continulink\\Reports\\20190919_113944\\Regression BackOffice\\Regression BackOffice\\20190919_114021\\1568906398398.png]]&#xD;
&#xD;
2019-09-19 12:19:58 - [TEST_STEP][PASSED] - if (verifyElementChecked(findTestObject("Regression BackOffice/CLINK-30885/Release Out of AS"), 10)): Object 'Object Repository/Regression BackOffice/CLINK-30885/Release Out of AS' is not checked (Root cause: com.kms.katalon.core.exception.StepFailedException: Object 'Object Repository/Regression BackOffice/CLINK-30885/Release Out of AS' is not checked&#xD;
	at com.kms.katalon.core.webui.keyword.internal.WebUIKeywordMain.stepFailed(WebUIKeywordMain.groovy:64)&#xD;
	at com.kms.katalon.core.webui.keyword.builtin.VerifyElementCheckedKeyword$_verifyElementChecked_closure1.doCall(VerifyElementCheckedKeyword.groovy:81)&#xD;
	at com.kms.katalon.core.webui.keyword.builtin.VerifyElementCheckedKeyword$_verifyElementChecked_closure1.call(VerifyElementCheckedKeyword.groovy)&#xD;
	at com.kms.katalon.core.webui.keyword.internal.WebUIKeywordMain.runKeyword(WebUIKeywordMain.groovy:20)&#xD;
	at com.kms.katalon.core.webui.keyword.builtin.VerifyElementCheckedKeyword.verifyElementChecked(VerifyElementCheckedKeyword.groovy:92)&#xD;
	at com.kms.katalon.core.webui.keyword.builtin.VerifyElementCheckedKeyword.execute(VerifyElementCheckedKeyword.groovy:68)&#xD;
	at com.kms.katalon.core.keyword.internal.KeywordExecutor.executeKeywordForPlatform(KeywordExecutor.groovy:56)&#xD;
	at com.kms.katalon.core.webui.keyword.WebUiBuiltInKeywords.verifyElementChecked(WebUiBuiltInKeywords.groovy:1367)&#xD;
	at com.kms.katalon.core.webui.keyword.WebUiBuiltInKeywords$verifyElementChecked$26.call(Unknown Source)&#xD;
	at CLNK-30885 - PRE - FLAGS - GBRules - OFF.run(CLNK-30885 - PRE - FLAGS - GBRules - OFF:121)&#xD;
	at com.kms.katalon.core.main.ScriptEngine.run(ScriptEngine.java:194)&#xD;
	at com.kms.katalon.core.main.ScriptEngine.runScriptAsRawText(ScriptEngine.java:119)&#xD;
	at com.kms.katalon.core.main.TestCaseExecutor.runScript(TestCaseExecutor.java:337)&#xD;
	at com.kms.katalon.core.main.TestCaseExecutor.doExecute(TestCaseExecutor.java:328)&#xD;
	at com.kms.katalon.core.main.TestCaseExecutor.processExecutionPhase(TestCaseExecutor.java:307)&#xD;
	at com.kms.katalon.core.main.TestCaseExecutor.accessMainPhase(TestCaseExecutor.java:299)&#xD;
	at com.kms.katalon.core.main.TestCaseExecutor.execute(TestCaseExecutor.java:233)&#xD;
	at com.kms.katalon.core.main.TestSuiteExecutor.accessTestCaseMainPhase(TestSuiteExecutor.java:169)&#xD;
	at com.kms.katalon.core.main.TestSuiteExecutor.accessTestSuiteMainPhase(TestSuiteExecutor.java:142)&#xD;
	at com.kms.katalon.core.main.TestSuiteExecutor.execute(TestSuiteExecutor.java:91)&#xD;
	at com.kms.katalon.core.main.TestCaseMain.startTestSuite(TestCaseMain.java:157)&#xD;
	at com.kms.katalon.core.main.TestCaseMain$startTestSuite$0.call(Unknown Source)&#xD;
	at TempTestSuite1568904021899.run(TempTestSuite1568904021899.groovy:35)&#xD;
)&#xD;
&#xD;
2019-09-19 12:19:59 - [MESSAGE][WARNING] - Object 'Object Repository/Regression BackOffice/CLINK-30885/Release Out of AS' is not checked (Root cause: com.kms.katalon.core.exception.StepFailedException: Object 'Object Repository/Regression BackOffice/CLINK-30885/Release Out of AS' is not checked&#xD;
	at com.kms.katalon.core.webui.keyword.internal.WebUIKeywordMain.stepFailed(WebUIKeywordMain.groovy:64)&#xD;
	at com.kms.katalon.core.webui.keyword.builtin.VerifyElementCheckedKeyword$_verifyElementChecked_closure1.doCall(VerifyElementCheckedKeyword.groovy:81)&#xD;
	at com.kms.katalon.core.webui.keyword.builtin.VerifyElementCheckedKeyword$_verifyElementChecked_closure1.call(VerifyElementCheckedKeyword.groovy)&#xD;
	at com.kms.katalon.core.webui.keyword.internal.WebUIKeywordMain.runKeyword(WebUIKeywordMain.groovy:20)&#xD;
	at com.kms.katalon.core.webui.keyword.builtin.VerifyElementCheckedKeyword.verifyElementChecked(VerifyElementCheckedKeyword.groovy:92)&#xD;
	at com.kms.katalon.core.webui.keyword.builtin.VerifyElementCheckedKeyword.execute(VerifyElementCheckedKeyword.groovy:68)&#xD;
	at com.kms.katalon.core.keyword.internal.KeywordExecutor.executeKeywordForPlatform(KeywordExecutor.groovy:56)&#xD;
	at com.kms.katalon.core.webui.keyword.WebUiBuiltInKeywords.verifyElementChecked(WebUiBuiltInKeywords.groovy:1367)&#xD;
	at com.kms.katalon.core.webui.keyword.WebUiBuiltInKeywords$verifyElementChecked$26.call(Unknown Source)&#xD;
	at CLNK-30885 - PRE - FLAGS - GBRules - OFF.run(CLNK-30885 - PRE - FLAGS - GBRules - OFF:121)&#xD;
	at com.kms.katalon.core.main.ScriptEngine.run(ScriptEngine.java:194)&#xD;
	at com.kms.katalon.core.main.ScriptEngine.runScriptAsRawText(ScriptEngine.java:119)&#xD;
	at com.kms.katalon.core.main.TestCaseExecutor.runScript(TestCaseExecutor.java:337)&#xD;
	at com.kms.katalon.core.main.TestCaseExecutor.doExecute(TestCaseExecutor.java:328)&#xD;
	at com.kms.katalon.core.main.TestCaseExecutor.processExecutionPhase(TestCaseExecutor.java:307)&#xD;
	at com.kms.katalon.core.main.TestCaseExecutor.accessMainPhase(TestCaseExecutor.java:299)&#xD;
	at com.kms.katalon.core.main.TestCaseExecutor.execute(TestCaseExecutor.java:233)&#xD;
	at com.kms.katalon.core.main.TestSuiteExecutor.accessTestCaseMainPhase(TestSuiteExecutor.java:169)&#xD;
	at com.kms.katalon.core.main.TestSuiteExecutor.accessTestSuiteMainPhase(TestSuiteExecutor.java:142)&#xD;
	at com.kms.katalon.core.main.TestSuiteExecutor.execute(TestSuiteExecutor.java:91)&#xD;
	at com.kms.katalon.core.main.TestCaseMain.startTestSuite(TestCaseMain.java:157)&#xD;
	at com.kms.katalon.core.main.TestCaseMain$startTestSuite$0.call(Unknown Source)&#xD;
	at TempTestSuite1568904021899.run(TempTestSuite1568904021899.groovy:35)&#xD;
)&#xD;
[[ATTACHMENT|C:\\Users\\isaac\\Desktop\\Clientes\\ProcuraCanada\\Katalon Studio\\Continulink\\Reports\\20190919_113944\\Regression BackOffice\\Regression BackOffice\\20190919_114021\\1568906398969.png]]&#xD;
&#xD;
2019-09-19 12:19:59 - [TEST_STEP][PASSED] - delay(5): Delayed 5 second(s)&#xD;
&#xD;
2019-09-19 12:20:04 - [MESSAGE][PASSED] - Delayed 5 second(s)&#xD;
&#xD;
2019-09-19 12:20:04 - [TEST_STEP][PASSED] - scrollToElement(findTestObject("Regression BackOffice/CLINK-30885/General Bill Rules"), 50): Scroll to object 'Object Repository/Regression BackOffice/CLINK-30885/General Bill Rules' successfully&#xD;
&#xD;
2019-09-19 12:20:04 - [MESSAGE][PASSED] - Scroll to object 'Object Repository/Regression BackOffice/CLINK-30885/General Bill Rules' successfully&#xD;
&#xD;
2019-09-19 12:20:04 - [TEST_STEP][PASSED] - if (verifyElementChecked(findTestObject("Regression BackOffice/CLINK-30885/Enable Hard Stops"), 10)): Object 'Object Repository/Regression BackOffice/CLINK-30885/Enable Hard Stops' is not checked (Root cause: com.kms.katalon.core.exception.StepFailedException: Object 'Object Repository/Regression BackOffice/CLINK-30885/Enable Hard Stops' is not checked&#xD;
	at com.kms.katalon.core.webui.keyword.internal.WebUIKeywordMain.stepFailed(WebUIKeywordMain.groovy:64)&#xD;
	at com.kms.katalon.core.webui.keyword.builtin.VerifyElementCheckedKeyword$_verifyElementChecked_closure1.doCall(VerifyElementCheckedKeyword.groovy:81)&#xD;
	at com.kms.katalon.core.webui.keyword.builtin.VerifyElementCheckedKeyword$_verifyElementChecked_closure1.call(VerifyElementCheckedKeyword.groovy)&#xD;
	at com.kms.katalon.core.webui.keyword.internal.WebUIKeywordMain.runKeyword(WebUIKeywordMain.groovy:20)&#xD;
	at com.kms.katalon.core.webui.keyword.builtin.VerifyElementCheckedKeyword.verifyElementChecked(VerifyElementCheckedKeyword.groovy:92)&#xD;
	at com.kms.katalon.core.webui.keyword.builtin.VerifyElementCheckedKeyword.execute(VerifyElementCheckedKeyword.groovy:68)&#xD;
	at com.kms.katalon.core.keyword.internal.KeywordExecutor.executeKeywordForPlatform(KeywordExecutor.groovy:56)&#xD;
	at com.kms.katalon.core.webui.keyword.WebUiBuiltInKeywords.verifyElementChecked(WebUiBuiltInKeywords.groovy:1367)&#xD;
	at com.kms.katalon.core.webui.keyword.WebUiBuiltInKeywords$verifyElementChecked$26.call(Unknown Source)&#xD;
	at CLNK-30885 - PRE - FLAGS - GBRules - OFF.run(CLNK-30885 - PRE - FLAGS - GBRules - OFF:131)&#xD;
	at com.kms.katalon.core.main.ScriptEngine.run(ScriptEngine.java:194)&#xD;
	at com.kms.katalon.core.main.ScriptEngine.runScriptAsRawText(ScriptEngine.java:119)&#xD;
	at com.kms.katalon.core.main.TestCaseExecutor.runScript(TestCaseExecutor.java:337)&#xD;
	at com.kms.katalon.core.main.TestCaseExecutor.doExecute(TestCaseExecutor.java:328)&#xD;
	at com.kms.katalon.core.main.TestCaseExecutor.processExecutionPhase(TestCaseExecutor.java:307)&#xD;
	at com.kms.katalon.core.main.TestCaseExecutor.accessMainPhase(TestCaseExecutor.java:299)&#xD;
	at com.kms.katalon.core.main.TestCaseExecutor.execute(TestCaseExecutor.java:233)&#xD;
	at com.kms.katalon.core.main.TestSuiteExecutor.accessTestCaseMainPhase(TestSuiteExecutor.java:169)&#xD;
	at com.kms.katalon.core.main.TestSuiteExecutor.accessTestSuiteMainPhase(TestSuiteExecutor.java:142)&#xD;
	at com.kms.katalon.core.main.TestSuiteExecutor.execute(TestSuiteExecutor.java:91)&#xD;
	at com.kms.katalon.core.main.TestCaseMain.startTestSuite(TestCaseMain.java:157)&#xD;
	at com.kms.katalon.core.main.TestCaseMain$startTestSuite$0.call(Unknown Source)&#xD;
	at TempTestSuite1568904021899.run(TempTestSuite1568904021899.groovy:35)&#xD;
)&#xD;
&#xD;
2019-09-19 12:20:05 - [MESSAGE][WARNING] - Object 'Object Repository/Regression BackOffice/CLINK-30885/Enable Hard Stops' is not checked (Root cause: com.kms.katalon.core.exception.StepFailedException: Object 'Object Repository/Regression BackOffice/CLINK-30885/Enable Hard Stops' is not checked&#xD;
	at com.kms.katalon.core.webui.keyword.internal.WebUIKeywordMain.stepFailed(WebUIKeywordMain.groovy:64)&#xD;
	at com.kms.katalon.core.webui.keyword.builtin.VerifyElementCheckedKeyword$_verifyElementChecked_closure1.doCall(VerifyElementCheckedKeyword.groovy:81)&#xD;
	at com.kms.katalon.core.webui.keyword.builtin.VerifyElementCheckedKeyword$_verifyElementChecked_closure1.call(VerifyElementCheckedKeyword.groovy)&#xD;
	at com.kms.katalon.core.webui.keyword.internal.WebUIKeywordMain.runKeyword(WebUIKeywordMain.groovy:20)&#xD;
	at com.kms.katalon.core.webui.keyword.builtin.VerifyElementCheckedKeyword.verifyElementChecked(VerifyElementCheckedKeyword.groovy:92)&#xD;
	at com.kms.katalon.core.webui.keyword.builtin.VerifyElementCheckedKeyword.execute(VerifyElementCheckedKeyword.groovy:68)&#xD;
	at com.kms.katalon.core.keyword.internal.KeywordExecutor.executeKeywordForPlatform(KeywordExecutor.groovy:56)&#xD;
	at com.kms.katalon.core.webui.keyword.WebUiBuiltInKeywords.verifyElementChecked(WebUiBuiltInKeywords.groovy:1367)&#xD;
	at com.kms.katalon.core.webui.keyword.WebUiBuiltInKeywords$verifyElementChecked$26.call(Unknown Source)&#xD;
	at CLNK-30885 - PRE - FLAGS - GBRules - OFF.run(CLNK-30885 - PRE - FLAGS - GBRules - OFF:131)&#xD;
	at com.kms.katalon.core.main.ScriptEngine.run(ScriptEngine.java:194)&#xD;
	at com.kms.katalon.core.main.ScriptEngine.runScriptAsRawText(ScriptEngine.java:119)&#xD;
	at com.kms.katalon.core.main.TestCaseExecutor.runScript(TestCaseExecutor.java:337)&#xD;
	at com.kms.katalon.core.main.TestCaseExecutor.doExecute(TestCaseExecutor.java:328)&#xD;
	at com.kms.katalon.core.main.TestCaseExecutor.processExecutionPhase(TestCaseExecutor.java:307)&#xD;
	at com.kms.katalon.core.main.TestCaseExecutor.accessMainPhase(TestCaseExecutor.java:299)&#xD;
	at com.kms.katalon.core.main.TestCaseExecutor.execute(TestCaseExecutor.java:233)&#xD;
	at com.kms.katalon.core.main.TestSuiteExecutor.accessTestCaseMainPhase(TestSuiteExecutor.java:169)&#xD;
	at com.kms.katalon.core.main.TestSuiteExecutor.accessTestSuiteMainPhase(TestSuiteExecutor.java:142)&#xD;
	at com.kms.katalon.core.main.TestSuiteExecutor.execute(TestSuiteExecutor.java:91)&#xD;
	at com.kms.katalon.core.main.TestCaseMain.startTestSuite(TestCaseMain.java:157)&#xD;
	at com.kms.katalon.core.main.TestCaseMain$startTestSuite$0.call(Unknown Source)&#xD;
	at TempTestSuite1568904021899.run(TempTestSuite1568904021899.groovy:35)&#xD;
)&#xD;
[[ATTACHMENT|C:\\Users\\isaac\\Desktop\\Clientes\\ProcuraCanada\\Katalon Studio\\Continulink\\Reports\\20190919_113944\\Regression BackOffice\\Regression BackOffice\\20190919_114021\\1568906404687.png]]&#xD;
&#xD;
2019-09-19 12:20:05 - [TEST_STEP][PASSED] - delay(3): Delayed 3 second(s)&#xD;
&#xD;
2019-09-19 12:20:08 - [MESSAGE][PASSED] - Delayed 3 second(s)&#xD;
&#xD;
2019-09-19 12:20:08 - [TEST_STEP][PASSED] - switchToDefaultContent(): null&#xD;
&#xD;
2019-09-19 12:20:08 - [TEST_STEP][PASSED] - switchToFrame(findTestObject("Regression BackOffice/CLNK-31354/frame_Capture object_BannerFrame"), 30): null&#xD;
&#xD;
2019-09-19 12:20:08 - [TEST_STEP][PASSED] - waitForElementPresent(findTestObject("Regression BackOffice/CLNK-31354/SaveButton"), 50): Object 'Object Repository/Regression BackOffice/CLNK-31354/SaveButton' is present&#xD;
&#xD;
2019-09-19 12:20:08 - [MESSAGE][PASSED] - Object 'Object Repository/Regression BackOffice/CLNK-31354/SaveButton' is present&#xD;
&#xD;
2019-09-19 12:20:08 - [TEST_STEP][PASSED] - click(findTestObject("Regression BackOffice/CLNK-31354/SaveButton")): Object: 'Object Repository/Regression BackOffice/CLNK-31354/SaveButton' is clicked on&#xD;
&#xD;
2019-09-19 12:20:09 - [MESSAGE][PASSED] - Object: 'Object Repository/Regression BackOffice/CLNK-31354/SaveButton' is clicked on&#xD;
&#xD;
2019-09-19 12:20:09 - [TEST_STEP][PASSED] - delay(5): Delayed 5 second(s)&#xD;
&#xD;
2019-09-19 12:20:14 - [MESSAGE][PASSED] - Delayed 5 second(s)&#xD;
&#xD;
2019-09-19 12:20:14 - [TEST_STEP][PASSED] - waitForAlert(30): Alert is present after 30 second(s).&#xD;
&#xD;
2019-09-19 12:20:14 - [MESSAGE][PASSED] - Alert is present after 30 second(s).&#xD;
&#xD;
2019-09-19 12:20:14 - [TEST_STEP][PASSED] - driver = getWebDriver(): null&#xD;
&#xD;
2019-09-19 12:20:14 - [TEST_STEP][PASSED] - fecha = G_Auth_Date: null&#xD;
&#xD;
2019-09-19 12:20:14 - [TEST_STEP][PASSED] - alert().sendKeys(fecha): null&#xD;
&#xD;
2019-09-19 12:20:14 - [TEST_STEP][PASSED] - acceptAlert(): Alert accepted&#xD;
&#xD;
2019-09-19 12:20:14 - [MESSAGE][PASSED] - Alert accepted&#xD;
&#xD;
2019-09-19 12:20:14 - [TEST_STEP][PASSED] - delay(3): Delayed 3 second(s)&#xD;
&#xD;
2019-09-19 12:20:17 - [MESSAGE][PASSED] - Delayed 3 second(s)&#xD;
&#xD;
2019-09-19 12:20:17 - [TEST_STEP][PASSED] - acceptAlert(): Alert accepted&#xD;
&#xD;
2019-09-19 12:20:17 - [MESSAGE][PASSED] - Alert accepted&#xD;
&#xD;
2019-09-19 12:20:17 - [TEST_STEP][PASSED] - delay(3): Delayed 3 second(s)&#xD;
&#xD;
2019-09-19 12:20:20 - [MESSAGE][PASSED] - Delayed 3 second(s)&#xD;
&#xD;
2019-09-19 12:20:20 - [TEST_STEP][NOT_RUN] - acceptAlert(): NOT_RUN: acceptAlert()&#xD;
&#xD;
2019-09-19 12:20:20 - [MESSAGE][NOT_RUN] - NOT_RUN: acceptAlert()&#xD;
&#xD;
2019-09-19 12:20:20 - [TEST_STEP][NOT_RUN] - delay(3): NOT_RUN: delay(3)&#xD;
&#xD;
2019-09-19 12:20:20 - [MESSAGE][NOT_RUN] - NOT_RUN: delay(3)&#xD;
&#xD;
2019-09-19 12:20:20 - [TEST_STEP][NOT_RUN] - acceptAlert(): NOT_RUN: acceptAlert()&#xD;
&#xD;
2019-09-19 12:20:20 - [MESSAGE][NOT_RUN] - NOT_RUN: acceptAlert()&#xD;
&#xD;
2019-09-19 12:20:20 - [TEST_STEP][NOT_RUN] - delay(10): NOT_RUN: delay(10)&#xD;
&#xD;
2019-09-19 12:20:20 - [MESSAGE][NOT_RUN] - NOT_RUN: delay(10)</system-out>
            <system-err></system-err>
        </testcase>
        <testcase name="Test Cases/Regression BackOffice (All Browsers)/CLNK-30891 - PRE - Pick up - Service - No Authorization Required - FALSE" classname="Test Cases/Regression BackOffice (All Browsers)/CLNK-30891 - PRE - Pick up - Service - No Authorization Required - FALSE" status="PASSED">
            <system-out>2019-09-19 12:20:22 - [TEST_CASE][PASSED] - Test Cases/Regression BackOffice (All Browsers)/CLNK-30891 - PRE - Pick up - Service - No Authorization Required - FALSE: Test Cases/Regression BackOffice (All Browsers)/CLNK-30891 - PRE - Pick up - Service - No Authorization Required - FALSE&#xD;
&#xD;
2019-09-19 12:20:22 - [TEST_STEP][PASSED] - callTestCase(findTestCase("Regression BackOffice (All Browsers)/CLNK-23439 - Clink - Back office Client"), [:], STOP_ON_FAILURE): Call Test Case 'Test Cases/Regression BackOffice (All Browsers)/CLNK-23439 - Clink - Back office Client' successfully&#xD;
&#xD;
2019-09-19 12:20:23 - [TEST_CASE][PASSED] - Test Cases/Regression BackOffice (All Browsers)/CLNK-23439 - Clink - Back office Client: Test Cases/Regression BackOffice (All Browsers)/CLNK-23439 - Clink - Back office Client&#xD;
&#xD;
2019-09-19 12:20:23 - [TEST_STEP][PASSED] - deleteAllCookies(): Delete all cookies successfully&#xD;
&#xD;
2019-09-19 12:20:25 - [MESSAGE][PASSED] - Delete all cookies successfully&#xD;
&#xD;
2019-09-19 12:20:25 - [TEST_STEP][PASSED] - openBrowser(G_SiteBackOffice): Browser is opened with url: 'https://qanewpoc.continulink.com:8443/Backoffice/'&#xD;
&#xD;
2019-09-19 12:20:25 - [MESSAGE][WARNING] - A browser is already opened. Closing browser and opening a new one&#xD;
&#xD;
2019-09-19 12:20:26 - [MESSAGE][INFO] - Starting 'Chrome' driver&#xD;
&#xD;
2019-09-19 12:20:33 - [MESSAGE][PASSED] - Browser is opened with url: 'https://qanewpoc.continulink.com:8443/Backoffice/'&#xD;
&#xD;
2019-09-19 12:20:33 - [TEST_STEP][PASSED] - waitForPageLoad(60): Wait for page load successfully&#xD;
&#xD;
2019-09-19 12:20:33 - [MESSAGE][PASSED] - Wait for page load successfully&#xD;
&#xD;
2019-09-19 12:20:33 - [TEST_STEP][PASSED] - maximizeWindow(): Current window maximized&#xD;
&#xD;
2019-09-19 12:20:37 - [MESSAGE][PASSED] - Current window maximized&#xD;
&#xD;
2019-09-19 12:20:37 - [TEST_STEP][PASSED] - setText(findTestObject("Regression BackOffice/Login/UserBackOffice"), G_UserBackOffice): Text 'automation_admin' is set on object 'Object Repository/Regression BackOffice/Login/UserBackOffice'&#xD;
&#xD;
2019-09-19 12:20:38 - [MESSAGE][PASSED] - Text 'automation_admin' is set on object 'Object Repository/Regression BackOffice/Login/UserBackOffice'&#xD;
&#xD;
2019-09-19 12:20:38 - [TEST_STEP][PASSED] - setText(findTestObject("Regression BackOffice/Login/PasswordBackOffice"), G_PasswordBackOffice): Text 'qwerty' is set on object 'Object Repository/Regression BackOffice/Login/PasswordBackOffice'&#xD;
&#xD;
2019-09-19 12:20:38 - [MESSAGE][PASSED] - Text 'qwerty' is set on object 'Object Repository/Regression BackOffice/Login/PasswordBackOffice'&#xD;
&#xD;
2019-09-19 12:20:38 - [TEST_STEP][PASSED] - click(findTestObject("Regression BackOffice/Login/LoginBackOffice")): Object: 'Object Repository/Regression BackOffice/Login/LoginBackOffice' is clicked on&#xD;
&#xD;
2019-09-19 12:20:43 - [MESSAGE][PASSED] - Object: 'Object Repository/Regression BackOffice/Login/LoginBackOffice' is clicked on&#xD;
&#xD;
2019-09-19 12:20:43 - [TEST_STEP][PASSED] - waitForPageLoad(60): Wait for page load successfully&#xD;
&#xD;
2019-09-19 12:20:43 - [MESSAGE][PASSED] - Wait for page load successfully&#xD;
&#xD;
2019-09-19 12:20:43 - [TEST_STEP][PASSED] - delay(2): Delayed 2 second(s)&#xD;
&#xD;
2019-09-19 12:20:45 - [MESSAGE][PASSED] - Delayed 2 second(s)&#xD;
&#xD;
2019-09-19 12:20:45 - [TEST_STEP][PASSED] - switchToFrame(findTestObject("Regression BackOffice/CLINK-Frames/FrameFrameLeft"), 5, STOP_ON_FAILURE): null&#xD;
&#xD;
2019-09-19 12:20:45 - [TEST_STEP][PASSED] - delay(2): Delayed 2 second(s)&#xD;
&#xD;
2019-09-19 12:20:47 - [MESSAGE][PASSED] - Delayed 2 second(s)&#xD;
&#xD;
2019-09-19 12:20:47 - [TEST_STEP][PASSED] - waitForElementPresent(findTestObject("Regression BackOffice/CLINK-Frames/ClientIntake"), 50): Object 'Object Repository/Regression BackOffice/CLINK-Frames/ClientIntake' is present&#xD;
&#xD;
2019-09-19 12:20:47 - [MESSAGE][PASSED] - Object 'Object Repository/Regression BackOffice/CLINK-Frames/ClientIntake' is present&#xD;
&#xD;
2019-09-19 12:20:47 - [TEST_STEP][PASSED] - verifyElementPresent(findTestObject("Regression BackOffice/CLINK-Frames/ClientIntake"), 100, STOP_ON_FAILURE): Object 'Object Repository/Regression BackOffice/CLINK-Frames/ClientIntake' is present&#xD;
&#xD;
2019-09-19 12:20:47 - [MESSAGE][PASSED] - Object 'Object Repository/Regression BackOffice/CLINK-Frames/ClientIntake' is present&#xD;
&#xD;
2019-09-19 12:20:47 - [TEST_STEP][PASSED] - switchToDefaultContent(): null&#xD;
&#xD;
2019-09-19 12:20:47 - [MESSAGE][PASSED] - Call Test Case 'Test Cases/Regression BackOffice (All Browsers)/CLNK-23439 - Clink - Back office Client' successfully&#xD;
&#xD;
2019-09-19 12:20:47 - [TEST_STEP][PASSED] - waitForPageLoad(60): Wait for page load successfully&#xD;
&#xD;
2019-09-19 12:20:47 - [MESSAGE][PASSED] - Wait for page load successfully&#xD;
&#xD;
2019-09-19 12:20:47 - [TEST_STEP][PASSED] - delay(3): Delayed 3 second(s)&#xD;
&#xD;
2019-09-19 12:20:50 - [MESSAGE][PASSED] - Delayed 3 second(s)&#xD;
&#xD;
2019-09-19 12:20:50 - [TEST_STEP][PASSED] - switchToFrame(findTestObject("Regression BackOffice/CLNK-23449/FrameLeft"), 30): null&#xD;
&#xD;
2019-09-19 12:20:50 - [TEST_STEP][PASSED] - waitForElementPresent(findTestObject("Regression BackOffice/CLINK-30885/FinanceLink"), 100): Object 'Object Repository/Regression BackOffice/CLINK-30885/FinanceLink' is present&#xD;
&#xD;
2019-09-19 12:20:50 - [MESSAGE][PASSED] - Object 'Object Repository/Regression BackOffice/CLINK-30885/FinanceLink' is present&#xD;
&#xD;
2019-09-19 12:20:50 - [TEST_STEP][PASSED] - click(findTestObject("Regression BackOffice/CLINK-30885/FinanceLink")): Object: 'Object Repository/Regression BackOffice/CLINK-30885/FinanceLink' is clicked on&#xD;
&#xD;
2019-09-19 12:20:50 - [MESSAGE][PASSED] - Object: 'Object Repository/Regression BackOffice/CLINK-30885/FinanceLink' is clicked on&#xD;
&#xD;
2019-09-19 12:20:50 - [TEST_STEP][PASSED] - delay(2): Delayed 2 second(s)&#xD;
&#xD;
2019-09-19 12:20:52 - [MESSAGE][PASSED] - Delayed 2 second(s)&#xD;
&#xD;
2019-09-19 12:20:52 - [TEST_STEP][PASSED] - waitForPageLoad(50): Wait for page load successfully&#xD;
&#xD;
2019-09-19 12:20:52 - [MESSAGE][PASSED] - Wait for page load successfully&#xD;
&#xD;
2019-09-19 12:20:52 - [TEST_STEP][PASSED] - waitForElementPresent(findTestObject("Regression BackOffice/CLINK-30891/Group Bill Rates"), 50): Object 'Object Repository/Regression BackOffice/CLINK-30891/Group Bill Rates' is present&#xD;
&#xD;
2019-09-19 12:20:52 - [MESSAGE][PASSED] - Object 'Object Repository/Regression BackOffice/CLINK-30891/Group Bill Rates' is present&#xD;
&#xD;
2019-09-19 12:20:52 - [TEST_STEP][PASSED] - click(findTestObject("Regression BackOffice/CLINK-30891/Group Bill Rates")): Object: 'Object Repository/Regression BackOffice/CLINK-30891/Group Bill Rates' is clicked on&#xD;
&#xD;
2019-09-19 12:20:53 - [MESSAGE][PASSED] - Object: 'Object Repository/Regression BackOffice/CLINK-30891/Group Bill Rates' is clicked on&#xD;
&#xD;
2019-09-19 12:20:53 - [TEST_STEP][PASSED] - delay(2): Delayed 2 second(s)&#xD;
&#xD;
2019-09-19 12:20:55 - [MESSAGE][PASSED] - Delayed 2 second(s)&#xD;
&#xD;
2019-09-19 12:20:55 - [TEST_STEP][PASSED] - switchToDefaultContent(): null&#xD;
&#xD;
2019-09-19 12:20:55 - [TEST_STEP][PASSED] - switchToFrame(findTestObject("Regression BackOffice/CLNK-23449/FrameMain"), 30): null&#xD;
&#xD;
2019-09-19 12:20:56 - [TEST_STEP][PASSED] - waitForElementPresent(findTestObject("Regression BackOffice/CLINK-30891/PayerName"), 50): Object 'Object Repository/Regression BackOffice/CLINK-30891/PayerName' is present&#xD;
&#xD;
2019-09-19 12:20:56 - [MESSAGE][PASSED] - Object 'Object Repository/Regression BackOffice/CLINK-30891/PayerName' is present&#xD;
&#xD;
2019-09-19 12:20:56 - [TEST_STEP][PASSED] - click(findTestObject("Regression BackOffice/CLINK-30891/PayerName")): Object: 'Object Repository/Regression BackOffice/CLINK-30891/PayerName' is clicked on&#xD;
&#xD;
2019-09-19 12:20:56 - [MESSAGE][PASSED] - Object: 'Object Repository/Regression BackOffice/CLINK-30891/PayerName' is clicked on&#xD;
&#xD;
2019-09-19 12:20:56 - [TEST_STEP][PASSED] - sendKeys(findTestObject("Regression BackOffice/CLINK-30891/PayerName"), "AC"): Keys 'AC' sent to object: 'Object Repository/Regression BackOffice/CLINK-30891/PayerName'&#xD;
&#xD;
2019-09-19 12:20:56 - [MESSAGE][PASSED] - Keys 'AC' sent to object: 'Object Repository/Regression BackOffice/CLINK-30891/PayerName'&#xD;
&#xD;
2019-09-19 12:20:56 - [TEST_STEP][PASSED] - sendKeys(findTestObject("Regression BackOffice/CLINK-30891/PayerName"), Keys.chord(ENTER)): Keys 'ENTER + ' sent to object: 'Object Repository/Regression BackOffice/CLINK-30891/PayerName'&#xD;
&#xD;
2019-09-19 12:20:57 - [MESSAGE][PASSED] - Keys 'ENTER + ' sent to object: 'Object Repository/Regression BackOffice/CLINK-30891/PayerName'&#xD;
&#xD;
2019-09-19 12:20:57 - [TEST_STEP][NOT_RUN] - waitForElementPresent(findTestObject("Regression BackOffice/CLINK-30891/PlanName"), 50): NOT_RUN: waitForElementPresent(findTestObject("Regression BackOffice/CLINK-30891/PlanName"), 50)&#xD;
&#xD;
2019-09-19 12:20:57 - [MESSAGE][NOT_RUN] - NOT_RUN: waitForElementPresent(findTestObject("Regression BackOffice/CLINK-30891/PlanName"), 50)&#xD;
&#xD;
2019-09-19 12:20:57 - [TEST_STEP][NOT_RUN] - click(findTestObject("Regression BackOffice/CLINK-30891/PlanName")): NOT_RUN: click(findTestObject("Regression BackOffice/CLINK-30891/PlanName"))&#xD;
&#xD;
2019-09-19 12:20:57 - [MESSAGE][NOT_RUN] - NOT_RUN: click(findTestObject("Regression BackOffice/CLINK-30891/PlanName"))&#xD;
&#xD;
2019-09-19 12:20:57 - [TEST_STEP][NOT_RUN] - sendKeys(findTestObject("Regression BackOffice/CLINK-30891/PlanName"), Keys.chord(ARROW_DOWN, ENTER)): NOT_RUN: sendKeys(findTestObject("Regression BackOffice/CLINK-30891/PlanName"), Keys.chord(ARROW_DOWN, ENTER))&#xD;
&#xD;
2019-09-19 12:20:57 - [MESSAGE][NOT_RUN] - NOT_RUN: sendKeys(findTestObject("Regression BackOffice/CLINK-30891/PlanName"), Keys.chord(ARROW_DOWN, ENTER))&#xD;
&#xD;
2019-09-19 12:20:57 - [TEST_STEP][PASSED] - waitForPageLoad(50): Wait for page load successfully&#xD;
&#xD;
2019-09-19 12:20:57 - [MESSAGE][PASSED] - Wait for page load successfully&#xD;
&#xD;
2019-09-19 12:20:57 - [TEST_STEP][PASSED] - delay(2): Delayed 2 second(s)&#xD;
&#xD;
2019-09-19 12:20:59 - [MESSAGE][PASSED] - Delayed 2 second(s)&#xD;
&#xD;
2019-09-19 12:20:59 - [TEST_STEP][PASSED] - waitForElementPresent(findTestObject("Regression BackOffice/CLINK-30885/SearchButton"), 50): Object 'Object Repository/Regression BackOffice/CLINK-30885/SearchButton' is present&#xD;
&#xD;
2019-09-19 12:20:59 - [MESSAGE][PASSED] - Object 'Object Repository/Regression BackOffice/CLINK-30885/SearchButton' is present&#xD;
&#xD;
2019-09-19 12:20:59 - [TEST_STEP][PASSED] - click(findTestObject("Regression BackOffice/CLINK-30885/SearchButton")): Object: 'Object Repository/Regression BackOffice/CLINK-30885/SearchButton' is clicked on&#xD;
&#xD;
2019-09-19 12:21:00 - [MESSAGE][PASSED] - Object: 'Object Repository/Regression BackOffice/CLINK-30885/SearchButton' is clicked on&#xD;
&#xD;
2019-09-19 12:21:00 - [TEST_STEP][PASSED] - delay(3): Delayed 3 second(s)&#xD;
&#xD;
2019-09-19 12:21:03 - [MESSAGE][PASSED] - Delayed 3 second(s)&#xD;
&#xD;
2019-09-19 12:21:03 - [TEST_STEP][PASSED] - waitForElementPresent(findTestObject("Regression BackOffice/CLINK-30885/Payer Searched"), 50): Object 'Object Repository/Regression BackOffice/CLINK-30885/Payer Searched' is present&#xD;
&#xD;
2019-09-19 12:21:03 - [MESSAGE][PASSED] - Object 'Object Repository/Regression BackOffice/CLINK-30885/Payer Searched' is present&#xD;
&#xD;
2019-09-19 12:21:03 - [TEST_STEP][PASSED] - click(findTestObject("Regression BackOffice/CLINK-30885/Payer Searched")): Object: 'Object Repository/Regression BackOffice/CLINK-30885/Payer Searched' is clicked on&#xD;
&#xD;
2019-09-19 12:21:05 - [MESSAGE][PASSED] - Object: 'Object Repository/Regression BackOffice/CLINK-30885/Payer Searched' is clicked on&#xD;
&#xD;
2019-09-19 12:21:05 - [TEST_STEP][PASSED] - delay(3): Delayed 3 second(s)&#xD;
&#xD;
2019-09-19 12:21:08 - [MESSAGE][PASSED] - Delayed 3 second(s)&#xD;
&#xD;
2019-09-19 12:21:08 - [TEST_STEP][PASSED] - waitForPageLoad(50): Wait for page load successfully&#xD;
&#xD;
2019-09-19 12:21:08 - [MESSAGE][PASSED] - Wait for page load successfully&#xD;
&#xD;
2019-09-19 12:21:08 - [TEST_STEP][PASSED] - waitForElementPresent(findTestObject("Regression BackOffice/CLINK-30891/a_PCA"), 50): Object 'Object Repository/Regression BackOffice/CLINK-30891/a_PCA' is present&#xD;
&#xD;
2019-09-19 12:21:08 - [MESSAGE][PASSED] - Object 'Object Repository/Regression BackOffice/CLINK-30891/a_PCA' is present&#xD;
&#xD;
2019-09-19 12:21:08 - [TEST_STEP][PASSED] - click(findTestObject("Regression BackOffice/CLINK-30891/a_PCA")): Object: 'Object Repository/Regression BackOffice/CLINK-30891/a_PCA' is clicked on&#xD;
&#xD;
2019-09-19 12:21:08 - [MESSAGE][PASSED] - Object: 'Object Repository/Regression BackOffice/CLINK-30891/a_PCA' is clicked on&#xD;
&#xD;
2019-09-19 12:21:08 - [TEST_STEP][PASSED] - delay(3): Delayed 3 second(s)&#xD;
&#xD;
2019-09-19 12:21:12 - [MESSAGE][PASSED] - Delayed 3 second(s)&#xD;
&#xD;
2019-09-19 12:21:12 - [TEST_STEP][PASSED] - waitForElementPresent(findTestObject("Regression BackOffice/CLINK-30891/a_Fecha"), 50): Object 'Object Repository/Regression BackOffice/CLINK-30891/a_Fecha' is present&#xD;
&#xD;
2019-09-19 12:21:12 - [MESSAGE][PASSED] - Object 'Object Repository/Regression BackOffice/CLINK-30891/a_Fecha' is present&#xD;
&#xD;
2019-09-19 12:21:12 - [TEST_STEP][PASSED] - click(findTestObject("Regression BackOffice/CLINK-30891/a_Fecha")): Object: 'Object Repository/Regression BackOffice/CLINK-30891/a_Fecha' is clicked on&#xD;
&#xD;
2019-09-19 12:21:13 - [MESSAGE][PASSED] - Object: 'Object Repository/Regression BackOffice/CLINK-30891/a_Fecha' is clicked on&#xD;
&#xD;
2019-09-19 12:21:13 - [TEST_STEP][PASSED] - delay(3): Delayed 3 second(s)&#xD;
&#xD;
2019-09-19 12:21:16 - [MESSAGE][PASSED] - Delayed 3 second(s)&#xD;
&#xD;
2019-09-19 12:21:16 - [TEST_STEP][PASSED] - waitForElementPresent(findTestObject("Regression BackOffice/CLINK-30891/td_Authorization"), 50): Object 'Object Repository/Regression BackOffice/CLINK-30891/td_Authorization' is present&#xD;
&#xD;
2019-09-19 12:21:16 - [MESSAGE][PASSED] - Object 'Object Repository/Regression BackOffice/CLINK-30891/td_Authorization' is present&#xD;
&#xD;
2019-09-19 12:21:16 - [TEST_STEP][PASSED] - click(findTestObject("Regression BackOffice/CLINK-30891/td_Authorization")): Object: 'Object Repository/Regression BackOffice/CLINK-30891/td_Authorization' is clicked on&#xD;
&#xD;
2019-09-19 12:21:17 - [MESSAGE][PASSED] - Object: 'Object Repository/Regression BackOffice/CLINK-30891/td_Authorization' is clicked on&#xD;
&#xD;
2019-09-19 12:21:17 - [TEST_STEP][PASSED] - delay(3): Delayed 3 second(s)&#xD;
&#xD;
2019-09-19 12:21:20 - [MESSAGE][PASSED] - Delayed 3 second(s)&#xD;
&#xD;
2019-09-19 12:21:20 - [TEST_STEP][PASSED] - if (verifyElementChecked(findTestObject("Regression BackOffice/CLINK-30891/input_Authorization Group_chkNoAuthorizationRequired"), 10)): Delayed 5 second(s)&#xD;
&#xD;
2019-09-19 12:21:20 - [MESSAGE][PASSED] - Object 'Object Repository/Regression BackOffice/CLINK-30891/input_Authorization Group_chkNoAuthorizationRequired' is checked&#xD;
&#xD;
2019-09-19 12:21:20 - [TEST_STEP][PASSED] - click(findTestObject("Regression BackOffice/CLINK-30891/input_Authorization Group_chkNoAuthorizationRequired")): Object: 'Object Repository/Regression BackOffice/CLINK-30891/input_Authorization Group_chkNoAuthorizationRequired' is clicked on&#xD;
&#xD;
2019-09-19 12:21:20 - [MESSAGE][PASSED] - Object: 'Object Repository/Regression BackOffice/CLINK-30891/input_Authorization Group_chkNoAuthorizationRequired' is clicked on&#xD;
&#xD;
2019-09-19 12:21:20 - [TEST_STEP][PASSED] - delay(5): Delayed 5 second(s)&#xD;
&#xD;
2019-09-19 12:21:25 - [MESSAGE][PASSED] - Delayed 5 second(s)&#xD;
&#xD;
2019-09-19 12:21:25 - [TEST_STEP][PASSED] - if (verifyElementNotChecked(findTestObject("Regression BackOffice/CLINK-30891/Authorization Time Frame"), 10)): Delayed 5 second(s)&#xD;
&#xD;
2019-09-19 12:21:25 - [MESSAGE][PASSED] - Object 'Object Repository/Regression BackOffice/CLINK-30891/Authorization Time Frame' is not checked&#xD;
&#xD;
2019-09-19 12:21:25 - [TEST_STEP][PASSED] - click(findTestObject("Regression BackOffice/CLINK-30891/Authorization Time Frame")): Object: 'Object Repository/Regression BackOffice/CLINK-30891/Authorization Time Frame' is clicked on&#xD;
&#xD;
2019-09-19 12:21:25 - [MESSAGE][PASSED] - Object: 'Object Repository/Regression BackOffice/CLINK-30891/Authorization Time Frame' is clicked on&#xD;
&#xD;
2019-09-19 12:21:25 - [TEST_STEP][PASSED] - delay(5): Delayed 5 second(s)&#xD;
&#xD;
2019-09-19 12:21:30 - [MESSAGE][PASSED] - Delayed 5 second(s)&#xD;
&#xD;
2019-09-19 12:21:30 - [TEST_STEP][PASSED] - delay(3): Delayed 3 second(s)&#xD;
&#xD;
2019-09-19 12:21:33 - [MESSAGE][PASSED] - Delayed 3 second(s)&#xD;
&#xD;
2019-09-19 12:21:33 - [TEST_STEP][PASSED] - switchToDefaultContent(): null&#xD;
&#xD;
2019-09-19 12:21:33 - [TEST_STEP][PASSED] - switchToFrame(findTestObject("Regression BackOffice/CLNK-31354/frame_Capture object_BannerFrame"), 30): null&#xD;
&#xD;
2019-09-19 12:21:33 - [TEST_STEP][PASSED] - waitForElementPresent(findTestObject("Regression BackOffice/CLNK-31354/SaveButton"), 50): Object 'Object Repository/Regression BackOffice/CLNK-31354/SaveButton' is present&#xD;
&#xD;
2019-09-19 12:21:33 - [MESSAGE][PASSED] - Object 'Object Repository/Regression BackOffice/CLNK-31354/SaveButton' is present&#xD;
&#xD;
2019-09-19 12:21:33 - [TEST_STEP][PASSED] - click(findTestObject("Regression BackOffice/CLNK-31354/SaveButton")): Object: 'Object Repository/Regression BackOffice/CLNK-31354/SaveButton' is clicked on&#xD;
&#xD;
2019-09-19 12:21:34 - [MESSAGE][PASSED] - Object: 'Object Repository/Regression BackOffice/CLNK-31354/SaveButton' is clicked on&#xD;
&#xD;
2019-09-19 12:21:34 - [TEST_STEP][PASSED] - delay(5): Delayed 5 second(s)&#xD;
&#xD;
2019-09-19 12:21:39 - [MESSAGE][PASSED] - Delayed 5 second(s)&#xD;
&#xD;
2019-09-19 12:21:39 - [TEST_STEP][PASSED] - waitForAlert(30): Alert is present after 30 second(s).&#xD;
&#xD;
2019-09-19 12:21:39 - [MESSAGE][PASSED] - Alert is present after 30 second(s).&#xD;
&#xD;
2019-09-19 12:21:39 - [TEST_STEP][PASSED] - acceptAlert(): Alert accepted&#xD;
&#xD;
2019-09-19 12:21:39 - [MESSAGE][PASSED] - Alert accepted&#xD;
&#xD;
2019-09-19 12:21:39 - [TEST_STEP][PASSED] - delay(3): Delayed 3 second(s)&#xD;
&#xD;
2019-09-19 12:21:42 - [MESSAGE][PASSED] - Delayed 3 second(s)&#xD;
&#xD;
2019-09-19 12:21:42 - [TEST_STEP][PASSED] - acceptAlert(): Alert accepted&#xD;
&#xD;
2019-09-19 12:21:42 - [MESSAGE][PASSED] - Alert accepted&#xD;
&#xD;
2019-09-19 12:21:42 - [TEST_STEP][PASSED] - delay(3): Delayed 3 second(s)&#xD;
&#xD;
2019-09-19 12:21:45 - [MESSAGE][PASSED] - Delayed 3 second(s)&#xD;
&#xD;
2019-09-19 12:21:45 - [TEST_STEP][PASSED] - driver = getWebDriver(): null&#xD;
&#xD;
2019-09-19 12:21:45 - [TEST_STEP][PASSED] - fecha = G_Auth_Date: null&#xD;
&#xD;
2019-09-19 12:21:45 - [TEST_STEP][PASSED] - alert().sendKeys(fecha): null&#xD;
&#xD;
2019-09-19 12:21:45 - [TEST_STEP][PASSED] - acceptAlert(): Alert accepted&#xD;
&#xD;
2019-09-19 12:21:45 - [MESSAGE][PASSED] - Alert accepted&#xD;
&#xD;
2019-09-19 12:21:45 - [TEST_STEP][PASSED] - delay(10): Delayed 10 second(s)&#xD;
&#xD;
2019-09-19 12:21:55 - [MESSAGE][PASSED] - Delayed 10 second(s)</system-out>
            <system-err></system-err>
        </testcase>
        <testcase name="Test Cases/Regression BackOffice (All Browsers)/CLNK-30887 - PRE - No authorization created" classname="Test Cases/Regression BackOffice (All Browsers)/CLNK-30887 - PRE - No authorization created" status="PASSED">
            <system-out>2019-09-19 12:21:57 - [TEST_CASE][PASSED] - Test Cases/Regression BackOffice (All Browsers)/CLNK-30887 - PRE - No authorization created: Test Cases/Regression BackOffice (All Browsers)/CLNK-30887 - PRE - No authorization created&#xD;
&#xD;
2019-09-19 12:21:57 - [TEST_STEP][PASSED] - callTestCase(findTestCase("Regression BackOffice (All Browsers)/CLNK-23439 - Clink - Back office Client"), [:], STOP_ON_FAILURE): Call Test Case 'Test Cases/Regression BackOffice (All Browsers)/CLNK-23439 - Clink - Back office Client' successfully&#xD;
&#xD;
2019-09-19 12:21:57 - [TEST_CASE][PASSED] - Test Cases/Regression BackOffice (All Browsers)/CLNK-23439 - Clink - Back office Client: Test Cases/Regression BackOffice (All Browsers)/CLNK-23439 - Clink - Back office Client&#xD;
&#xD;
2019-09-19 12:21:57 - [TEST_STEP][PASSED] - deleteAllCookies(): Delete all cookies successfully&#xD;
&#xD;
2019-09-19 12:21:57 - [MESSAGE][PASSED] - Delete all cookies successfully&#xD;
&#xD;
2019-09-19 12:21:57 - [TEST_STEP][PASSED] - openBrowser(G_SiteBackOffice): Browser is opened with url: 'https://qanewpoc.continulink.com:8443/Backoffice/'&#xD;
&#xD;
2019-09-19 12:21:57 - [MESSAGE][WARNING] - A browser is already opened. Closing browser and opening a new one&#xD;
&#xD;
2019-09-19 12:21:58 - [MESSAGE][INFO] - Starting 'Chrome' driver&#xD;
&#xD;
2019-09-19 12:22:06 - [MESSAGE][PASSED] - Browser is opened with url: 'https://qanewpoc.continulink.com:8443/Backoffice/'&#xD;
&#xD;
2019-09-19 12:22:06 - [TEST_STEP][PASSED] - waitForPageLoad(60): Wait for page load successfully&#xD;
&#xD;
2019-09-19 12:22:06 - [MESSAGE][PASSED] - Wait for page load successfully&#xD;
&#xD;
2019-09-19 12:22:06 - [TEST_STEP][PASSED] - maximizeWindow(): Current window maximized&#xD;
&#xD;
2019-09-19 12:22:10 - [MESSAGE][PASSED] - Current window maximized&#xD;
&#xD;
2019-09-19 12:22:10 - [TEST_STEP][PASSED] - setText(findTestObject("Regression BackOffice/Login/UserBackOffice"), G_UserBackOffice): Text 'automation_admin' is set on object 'Object Repository/Regression BackOffice/Login/UserBackOffice'&#xD;
&#xD;
2019-09-19 12:22:10 - [MESSAGE][PASSED] - Text 'automation_admin' is set on object 'Object Repository/Regression BackOffice/Login/UserBackOffice'&#xD;
&#xD;
2019-09-19 12:22:10 - [TEST_STEP][PASSED] - setText(findTestObject("Regression BackOffice/Login/PasswordBackOffice"), G_PasswordBackOffice): Text 'qwerty' is set on object 'Object Repository/Regression BackOffice/Login/PasswordBackOffice'&#xD;
&#xD;
2019-09-19 12:22:10 - [MESSAGE][PASSED] - Text 'qwerty' is set on object 'Object Repository/Regression BackOffice/Login/PasswordBackOffice'&#xD;
&#xD;
2019-09-19 12:22:10 - [TEST_STEP][PASSED] - click(findTestObject("Regression BackOffice/Login/LoginBackOffice")): Object: 'Object Repository/Regression BackOffice/Login/LoginBackOffice' is clicked on&#xD;
&#xD;
2019-09-19 12:22:14 - [MESSAGE][PASSED] - Object: 'Object Repository/Regression BackOffice/Login/LoginBackOffice' is clicked on&#xD;
&#xD;
2019-09-19 12:22:14 - [TEST_STEP][PASSED] - waitForPageLoad(60): Wait for page load successfully&#xD;
&#xD;
2019-09-19 12:22:14 - [MESSAGE][PASSED] - Wait for page load successfully&#xD;
&#xD;
2019-09-19 12:22:14 - [TEST_STEP][PASSED] - delay(2): Delayed 2 second(s)&#xD;
&#xD;
2019-09-19 12:22:16 - [MESSAGE][PASSED] - Delayed 2 second(s)&#xD;
&#xD;
2019-09-19 12:22:16 - [TEST_STEP][PASSED] - switchToFrame(findTestObject("Regression BackOffice/CLINK-Frames/FrameFrameLeft"), 5, STOP_ON_FAILURE): null&#xD;
&#xD;
2019-09-19 12:22:16 - [TEST_STEP][PASSED] - delay(2): Delayed 2 second(s)&#xD;
&#xD;
2019-09-19 12:22:18 - [MESSAGE][PASSED] - Delayed 2 second(s)&#xD;
&#xD;
2019-09-19 12:22:18 - [TEST_STEP][PASSED] - waitForElementPresent(findTestObject("Regression BackOffice/CLINK-Frames/ClientIntake"), 50): Object 'Object Repository/Regression BackOffice/CLINK-Frames/ClientIntake' is present&#xD;
&#xD;
2019-09-19 12:22:19 - [MESSAGE][PASSED] - Object 'Object Repository/Regression BackOffice/CLINK-Frames/ClientIntake' is present&#xD;
&#xD;
2019-09-19 12:22:19 - [TEST_STEP][PASSED] - verifyElementPresent(findTestObject("Regression BackOffice/CLINK-Frames/ClientIntake"), 100, STOP_ON_FAILURE): Object 'Object Repository/Regression BackOffice/CLINK-Frames/ClientIntake' is present&#xD;
&#xD;
2019-09-19 12:22:19 - [MESSAGE][PASSED] - Object 'Object Repository/Regression BackOffice/CLINK-Frames/ClientIntake' is present&#xD;
&#xD;
2019-09-19 12:22:19 - [TEST_STEP][PASSED] - switchToDefaultContent(): null&#xD;
&#xD;
2019-09-19 12:22:19 - [MESSAGE][PASSED] - Call Test Case 'Test Cases/Regression BackOffice (All Browsers)/CLNK-23439 - Clink - Back office Client' successfully&#xD;
&#xD;
2019-09-19 12:22:19 - [TEST_STEP][PASSED] - waitForPageLoad(60): Wait for page load successfully&#xD;
&#xD;
2019-09-19 12:22:19 - [MESSAGE][PASSED] - Wait for page load successfully&#xD;
&#xD;
2019-09-19 12:22:19 - [TEST_STEP][PASSED] - delay(3): Delayed 3 second(s)&#xD;
&#xD;
2019-09-19 12:22:22 - [MESSAGE][PASSED] - Delayed 3 second(s)&#xD;
&#xD;
2019-09-19 12:22:22 - [TEST_STEP][PASSED] - switchToFrame(findTestObject("Regression BackOffice/CLNK-23449/FrameLeft"), 30): null&#xD;
&#xD;
2019-09-19 12:22:22 - [TEST_STEP][PASSED] - waitForElementPresent(findTestObject("Regression BackOffice/CLNK-23449/ClienIntakeICon"), 100): Object 'Object Repository/Regression BackOffice/CLNK-23449/ClienIntakeICon' is present&#xD;
&#xD;
2019-09-19 12:22:22 - [MESSAGE][PASSED] - Object 'Object Repository/Regression BackOffice/CLNK-23449/ClienIntakeICon' is present&#xD;
&#xD;
2019-09-19 12:22:22 - [TEST_STEP][PASSED] - click(findTestObject("Regression BackOffice/CLNK-23449/ClienIntakeICon")): Object: 'Object Repository/Regression BackOffice/CLNK-23449/ClienIntakeICon' is clicked on&#xD;
&#xD;
2019-09-19 12:22:22 - [MESSAGE][PASSED] - Object: 'Object Repository/Regression BackOffice/CLNK-23449/ClienIntakeICon' is clicked on&#xD;
&#xD;
2019-09-19 12:22:22 - [TEST_STEP][PASSED] - delay(2): Delayed 2 second(s)&#xD;
&#xD;
2019-09-19 12:22:24 - [MESSAGE][PASSED] - Delayed 2 second(s)&#xD;
&#xD;
2019-09-19 12:22:24 - [TEST_STEP][PASSED] - waitForPageLoad(50): Wait for page load successfully&#xD;
&#xD;
2019-09-19 12:22:24 - [MESSAGE][PASSED] - Wait for page load successfully&#xD;
&#xD;
2019-09-19 12:22:24 - [TEST_STEP][PASSED] - waitForElementPresent(findTestObject("Regression BackOffice/CLNK-31354/ServiceGroupLink"), 50): Object 'Object Repository/Regression BackOffice/CLNK-31354/ServiceGroupLink' is present&#xD;
&#xD;
2019-09-19 12:22:24 - [MESSAGE][PASSED] - Object 'Object Repository/Regression BackOffice/CLNK-31354/ServiceGroupLink' is present&#xD;
&#xD;
2019-09-19 12:22:24 - [TEST_STEP][PASSED] - click(findTestObject("Regression BackOffice/CLNK-31354/ServiceGroupLink")): Object: 'Object Repository/Regression BackOffice/CLNK-31354/ServiceGroupLink' is clicked on&#xD;
&#xD;
2019-09-19 12:22:25 - [MESSAGE][PASSED] - Object: 'Object Repository/Regression BackOffice/CLNK-31354/ServiceGroupLink' is clicked on&#xD;
&#xD;
2019-09-19 12:22:25 - [TEST_STEP][PASSED] - delay(2): Delayed 2 second(s)&#xD;
&#xD;
2019-09-19 12:22:27 - [MESSAGE][PASSED] - Delayed 2 second(s)&#xD;
&#xD;
2019-09-19 12:22:27 - [TEST_STEP][PASSED] - switchToDefaultContent(): null&#xD;
&#xD;
2019-09-19 12:22:27 - [TEST_STEP][PASSED] - switchToFrame(findTestObject("Regression BackOffice/CLNK-23449/FrameMain"), 30): null&#xD;
&#xD;
2019-09-19 12:22:28 - [TEST_STEP][PASSED] - waitForElementPresent(findTestObject("Regression BackOffice/CLNK-31354/FirstName"), 50): Object 'Object Repository/Regression BackOffice/CLNK-31354/FirstName' is present&#xD;
&#xD;
2019-09-19 12:22:28 - [MESSAGE][PASSED] - Object 'Object Repository/Regression BackOffice/CLNK-31354/FirstName' is present&#xD;
&#xD;
2019-09-19 12:22:28 - [TEST_STEP][PASSED] - setText(findTestObject("Regression BackOffice/CLNK-31354/FirstName"), G_ClientFirstName): Text 'Ernest' is set on object 'Object Repository/Regression BackOffice/CLNK-31354/FirstName'&#xD;
&#xD;
2019-09-19 12:22:28 - [MESSAGE][PASSED] - Text 'Ernest' is set on object 'Object Repository/Regression BackOffice/CLNK-31354/FirstName'&#xD;
&#xD;
2019-09-19 12:22:28 - [TEST_STEP][PASSED] - delay(2): Delayed 2 second(s)&#xD;
&#xD;
2019-09-19 12:22:30 - [MESSAGE][PASSED] - Delayed 2 second(s)&#xD;
&#xD;
2019-09-19 12:22:30 - [TEST_STEP][PASSED] - waitForElementPresent(findTestObject("Regression BackOffice/CLNK-31354/Last Name"), 50): Object 'Object Repository/Regression BackOffice/CLNK-31354/Last Name' is present&#xD;
&#xD;
2019-09-19 12:22:30 - [MESSAGE][PASSED] - Object 'Object Repository/Regression BackOffice/CLNK-31354/Last Name' is present&#xD;
&#xD;
2019-09-19 12:22:30 - [TEST_STEP][PASSED] - setText(findTestObject("Regression BackOffice/CLNK-31354/Last Name"), G_ClientLastName): Text 'Ernesky' is set on object 'Object Repository/Regression BackOffice/CLNK-31354/Last Name'&#xD;
&#xD;
2019-09-19 12:22:30 - [MESSAGE][PASSED] - Text 'Ernesky' is set on object 'Object Repository/Regression BackOffice/CLNK-31354/Last Name'&#xD;
&#xD;
2019-09-19 12:22:30 - [TEST_STEP][PASSED] - delay(2): Delayed 2 second(s)&#xD;
&#xD;
2019-09-19 12:22:32 - [MESSAGE][PASSED] - Delayed 2 second(s)&#xD;
&#xD;
2019-09-19 12:22:32 - [TEST_STEP][PASSED] - waitForElementPresent(findTestObject("Regression BackOffice/CLNK-31354/SearchButton"), 50): Object 'Object Repository/Regression BackOffice/CLNK-31354/SearchButton' is present&#xD;
&#xD;
2019-09-19 12:22:32 - [MESSAGE][PASSED] - Object 'Object Repository/Regression BackOffice/CLNK-31354/SearchButton' is present&#xD;
&#xD;
2019-09-19 12:22:32 - [TEST_STEP][PASSED] - click(findTestObject("Regression BackOffice/CLNK-31354/SearchButton"), OPTIONAL): Object: 'Object Repository/Regression BackOffice/CLNK-31354/SearchButton' is clicked on&#xD;
&#xD;
2019-09-19 12:22:33 - [MESSAGE][PASSED] - Object: 'Object Repository/Regression BackOffice/CLNK-31354/SearchButton' is clicked on&#xD;
&#xD;
2019-09-19 12:22:33 - [TEST_STEP][PASSED] - delay(2): Delayed 2 second(s)&#xD;
&#xD;
2019-09-19 12:22:35 - [MESSAGE][PASSED] - Delayed 2 second(s)&#xD;
&#xD;
2019-09-19 12:22:35 - [TEST_STEP][PASSED] - waitForPageLoad(50): Wait for page load successfully&#xD;
&#xD;
2019-09-19 12:22:35 - [MESSAGE][PASSED] - Wait for page load successfully&#xD;
&#xD;
2019-09-19 12:22:35 - [TEST_STEP][PASSED] - delay(2): Delayed 2 second(s)&#xD;
&#xD;
2019-09-19 12:22:37 - [MESSAGE][PASSED] - Delayed 2 second(s)&#xD;
&#xD;
2019-09-19 12:22:37 - [TEST_STEP][PASSED] - waitForElementPresent(findTestObject("Regression BackOffice/CLNK-31354/ClientSearch"), 50): Object 'Object Repository/Regression BackOffice/CLNK-31354/ClientSearch' is present&#xD;
&#xD;
2019-09-19 12:22:37 - [MESSAGE][PASSED] - Object 'Object Repository/Regression BackOffice/CLNK-31354/ClientSearch' is present&#xD;
&#xD;
2019-09-19 12:22:37 - [TEST_STEP][PASSED] - click(findTestObject("Regression BackOffice/CLNK-31354/ClientSearch")): Object: 'Object Repository/Regression BackOffice/CLNK-31354/ClientSearch' is clicked on&#xD;
&#xD;
2019-09-19 12:22:39 - [MESSAGE][PASSED] - Object: 'Object Repository/Regression BackOffice/CLNK-31354/ClientSearch' is clicked on&#xD;
&#xD;
2019-09-19 12:22:39 - [TEST_STEP][PASSED] - delay(2): Delayed 2 second(s)&#xD;
&#xD;
2019-09-19 12:22:41 - [MESSAGE][PASSED] - Delayed 2 second(s)&#xD;
&#xD;
2019-09-19 12:22:41 - [TEST_STEP][PASSED] - waitForPageLoad(50): Wait for page load successfully&#xD;
&#xD;
2019-09-19 12:22:41 - [MESSAGE][PASSED] - Wait for page load successfully&#xD;
&#xD;
2019-09-19 12:22:41 - [TEST_STEP][PASSED] - waitForElementPresent(findTestObject("Regression BackOffice/CLINK-30887/a_PCA"), 50): Object 'Object Repository/Regression BackOffice/CLINK-30887/a_PCA' is present&#xD;
&#xD;
2019-09-19 12:22:42 - [MESSAGE][PASSED] - Object 'Object Repository/Regression BackOffice/CLINK-30887/a_PCA' is present&#xD;
&#xD;
2019-09-19 12:22:42 - [TEST_STEP][PASSED] - click(findTestObject("Regression BackOffice/CLINK-30887/a_PCA")): Object: 'Object Repository/Regression BackOffice/CLINK-30887/a_PCA' is clicked on&#xD;
&#xD;
2019-09-19 12:22:42 - [MESSAGE][PASSED] - Object: 'Object Repository/Regression BackOffice/CLINK-30887/a_PCA' is clicked on&#xD;
&#xD;
2019-09-19 12:22:42 - [TEST_STEP][PASSED] - delay(2): Delayed 2 second(s)&#xD;
&#xD;
2019-09-19 12:22:44 - [MESSAGE][PASSED] - Delayed 2 second(s)&#xD;
&#xD;
2019-09-19 12:22:44 - [TEST_STEP][PASSED] - waitForElementPresent(findTestObject("Regression BackOffice/CLINK-30887/a_Fecha"), 50): Object 'Object Repository/Regression BackOffice/CLINK-30887/a_Fecha' is not present after 50 second(s)&#xD;
&#xD;
2019-09-19 12:23:36 - [MESSAGE][INFO] - Unable to find the element located by 'By.xpath: //*[@id="Service1030954"]/table/tbody/tr[1]/td'. Please recheck the objects properties to make sure the desired element is located. &#xD;
&#xD;
2019-09-19 12:23:36 - [MESSAGE][WARNING] - Object 'Object Repository/Regression BackOffice/CLINK-30887/a_Fecha' is not present after 50 second(s)&#xD;
&#xD;
2019-09-19 12:23:36 - [TEST_STEP][PASSED] - click(findTestObject("Regression BackOffice/CLINK-30887/a_Fecha")): Unable to click on object 'Object Repository/Regression BackOffice/CLINK-30887/a_Fecha' (Root cause: com.kms.katalon.core.exception.StepFailedException: Unable to click on object 'Object Repository/Regression BackOffice/CLINK-30887/a_Fecha'&#xD;
	at com.kms.katalon.core.webui.keyword.internal.WebUIKeywordMain.stepFailed(WebUIKeywordMain.groovy:64)&#xD;
	at com.kms.katalon.core.webui.keyword.internal.WebUIKeywordMain.runKeyword(WebUIKeywordMain.groovy:26)&#xD;
	at com.kms.katalon.core.webui.keyword.builtin.ClickKeyword.click(ClickKeyword.groovy:86)&#xD;
	at com.kms.katalon.core.webui.keyword.builtin.ClickKeyword.execute(ClickKeyword.groovy:67)&#xD;
	at com.kms.katalon.core.keyword.internal.KeywordExecutor.executeKeywordForPlatform(KeywordExecutor.groovy:56)&#xD;
	at com.kms.katalon.core.webui.keyword.WebUiBuiltInKeywords.click(WebUiBuiltInKeywords.groovy:616)&#xD;
	at com.kms.katalon.core.webui.keyword.WebUiBuiltInKeywords$click$4.call(Unknown Source)&#xD;
	at CLNK-30887 - PRE - No authorization created.run(CLNK-30887 - PRE - No authorization created:80)&#xD;
	at com.kms.katalon.core.main.ScriptEngine.run(ScriptEngine.java:194)&#xD;
	at com.kms.katalon.core.main.ScriptEngine.runScriptAsRawText(ScriptEngine.java:119)&#xD;
	at com.kms.katalon.core.main.TestCaseExecutor.runScript(TestCaseExecutor.java:337)&#xD;
	at com.kms.katalon.core.main.TestCaseExecutor.doExecute(TestCaseExecutor.java:328)&#xD;
	at com.kms.katalon.core.main.TestCaseExecutor.processExecutionPhase(TestCaseExecutor.java:307)&#xD;
	at com.kms.katalon.core.main.TestCaseExecutor.accessMainPhase(TestCaseExecutor.java:299)&#xD;
	at com.kms.katalon.core.main.TestCaseExecutor.execute(TestCaseExecutor.java:233)&#xD;
	at com.kms.katalon.core.main.TestSuiteExecutor.accessTestCaseMainPhase(TestSuiteExecutor.java:169)&#xD;
	at com.kms.katalon.core.main.TestSuiteExecutor.accessTestSuiteMainPhase(TestSuiteExecutor.java:142)&#xD;
	at com.kms.katalon.core.main.TestSuiteExecutor.execute(TestSuiteExecutor.java:91)&#xD;
	at com.kms.katalon.core.main.TestCaseMain.startTestSuite(TestCaseMain.java:157)&#xD;
	at com.kms.katalon.core.main.TestCaseMain$startTestSuite$0.call(Unknown Source)&#xD;
	at TempTestSuite1568904021899.run(TempTestSuite1568904021899.groovy:35)&#xD;
Caused by: com.kms.katalon.core.webui.exception.WebElementNotFoundException: Web element with id: 'Object Repository/Regression BackOffice/CLINK-30887/a_Fecha' located by 'By.xpath: //*[@id="Service1030954"]/table/tbody/tr[1]/td' not found&#xD;
	at com.kms.katalon.core.webui.common.WebUiCommonHelper.findWebElement(WebUiCommonHelper.java:1097)&#xD;
	at com.kms.katalon.core.webui.keyword.internal.WebUIAbstractKeyword.findWebElement(WebUIAbstractKeyword.groovy:27)&#xD;
	at com.kms.katalon.core.webui.keyword.internal.WebUIAbstractKeyword.findWebElement(WebUIAbstractKeyword.groovy:26)&#xD;
	at com.kms.katalon.core.webui.keyword.builtin.ClickKeyword$_click_closure1.doCall(ClickKeyword.groovy:77)&#xD;
	at com.kms.katalon.core.webui.keyword.builtin.ClickKeyword$_click_closure1.call(ClickKeyword.groovy)&#xD;
	at com.kms.katalon.core.webui.keyword.internal.WebUIKeywordMain.runKeyword(WebUIKeywordMain.groovy:20)&#xD;
	at com.kms.katalon.core.webui.keyword.builtin.ClickKeyword.click(ClickKeyword.groovy:86)&#xD;
	at com.kms.katalon.core.webui.keyword.builtin.ClickKeyword.execute(ClickKeyword.groovy:67)&#xD;
	at com.kms.katalon.core.keyword.internal.KeywordExecutor.executeKeywordForPlatform(KeywordExecutor.groovy:56)&#xD;
	at com.kms.katalon.core.webui.keyword.WebUiBuiltInKeywords.click(WebUiBuiltInKeywords.groovy:616)&#xD;
	at com.kms.katalon.core.webui.keyword.WebUiBuiltInKeywords$click$4.call(Unknown Source)&#xD;
	at Script1567019875221.run(Script1567019875221.groovy:80)&#xD;
	... 13 more&#xD;
)&#xD;
&#xD;
2019-09-19 12:24:07 - [MESSAGE][INFO] - Unable to find the element located by 'By.xpath: //*[@id="Service1030954"]/table/tbody/tr[1]/td'. Please recheck the objects properties to make sure the desired element is located. &#xD;
&#xD;
2019-09-19 12:24:07 - [MESSAGE][WARNING] - Unable to click on object 'Object Repository/Regression BackOffice/CLINK-30887/a_Fecha' (Root cause: com.kms.katalon.core.exception.StepFailedException: Unable to click on object 'Object Repository/Regression BackOffice/CLINK-30887/a_Fecha'&#xD;
	at com.kms.katalon.core.webui.keyword.internal.WebUIKeywordMain.stepFailed(WebUIKeywordMain.groovy:64)&#xD;
	at com.kms.katalon.core.webui.keyword.internal.WebUIKeywordMain.runKeyword(WebUIKeywordMain.groovy:26)&#xD;
	at com.kms.katalon.core.webui.keyword.builtin.ClickKeyword.click(ClickKeyword.groovy:86)&#xD;
	at com.kms.katalon.core.webui.keyword.builtin.ClickKeyword.execute(ClickKeyword.groovy:67)&#xD;
	at com.kms.katalon.core.keyword.internal.KeywordExecutor.executeKeywordForPlatform(KeywordExecutor.groovy:56)&#xD;
	at com.kms.katalon.core.webui.keyword.WebUiBuiltInKeywords.click(WebUiBuiltInKeywords.groovy:616)&#xD;
	at com.kms.katalon.core.webui.keyword.WebUiBuiltInKeywords$click$4.call(Unknown Source)&#xD;
	at CLNK-30887 - PRE - No authorization created.run(CLNK-30887 - PRE - No authorization created:80)&#xD;
	at com.kms.katalon.core.main.ScriptEngine.run(ScriptEngine.java:194)&#xD;
	at com.kms.katalon.core.main.ScriptEngine.runScriptAsRawText(ScriptEngine.java:119)&#xD;
	at com.kms.katalon.core.main.TestCaseExecutor.runScript(TestCaseExecutor.java:337)&#xD;
	at com.kms.katalon.core.main.TestCaseExecutor.doExecute(TestCaseExecutor.java:328)&#xD;
	at com.kms.katalon.core.main.TestCaseExecutor.processExecutionPhase(TestCaseExecutor.java:307)&#xD;
	at com.kms.katalon.core.main.TestCaseExecutor.accessMainPhase(TestCaseExecutor.java:299)&#xD;
	at com.kms.katalon.core.main.TestCaseExecutor.execute(TestCaseExecutor.java:233)&#xD;
	at com.kms.katalon.core.main.TestSuiteExecutor.accessTestCaseMainPhase(TestSuiteExecutor.java:169)&#xD;
	at com.kms.katalon.core.main.TestSuiteExecutor.accessTestSuiteMainPhase(TestSuiteExecutor.java:142)&#xD;
	at com.kms.katalon.core.main.TestSuiteExecutor.execute(TestSuiteExecutor.java:91)&#xD;
	at com.kms.katalon.core.main.TestCaseMain.startTestSuite(TestCaseMain.java:157)&#xD;
	at com.kms.katalon.core.main.TestCaseMain$startTestSuite$0.call(Unknown Source)&#xD;
	at TempTestSuite1568904021899.run(TempTestSuite1568904021899.groovy:35)&#xD;
Caused by: com.kms.katalon.core.webui.exception.WebElementNotFoundException: Web element with id: 'Object Repository/Regression BackOffice/CLINK-30887/a_Fecha' located by 'By.xpath: //*[@id="Service1030954"]/table/tbody/tr[1]/td' not found&#xD;
	at com.kms.katalon.core.webui.common.WebUiCommonHelper.findWebElement(WebUiCommonHelper.java:1097)&#xD;
	at com.kms.katalon.core.webui.keyword.internal.WebUIAbstractKeyword.findWebElement(WebUIAbstractKeyword.groovy:27)&#xD;
	at com.kms.katalon.core.webui.keyword.internal.WebUIAbstractKeyword.findWebElement(WebUIAbstractKeyword.groovy:26)&#xD;
	at com.kms.katalon.core.webui.keyword.builtin.ClickKeyword$_click_closure1.doCall(ClickKeyword.groovy:77)&#xD;
	at com.kms.katalon.core.webui.keyword.builtin.ClickKeyword$_click_closure1.call(ClickKeyword.groovy)&#xD;
	at com.kms.katalon.core.webui.keyword.internal.WebUIKeywordMain.runKeyword(WebUIKeywordMain.groovy:20)&#xD;
	at com.kms.katalon.core.webui.keyword.builtin.ClickKeyword.click(ClickKeyword.groovy:86)&#xD;
	at com.kms.katalon.core.webui.keyword.builtin.ClickKeyword.execute(ClickKeyword.groovy:67)&#xD;
	at com.kms.katalon.core.keyword.internal.KeywordExecutor.executeKeywordForPlatform(KeywordExecutor.groovy:56)&#xD;
	at com.kms.katalon.core.webui.keyword.WebUiBuiltInKeywords.click(WebUiBuiltInKeywords.groovy:616)&#xD;
	at com.kms.katalon.core.webui.keyword.WebUiBuiltInKeywords$click$4.call(Unknown Source)&#xD;
	at Script1567019875221.run(Script1567019875221.groovy:80)&#xD;
	... 13 more&#xD;
)&#xD;
[[ATTACHMENT|C:\\Users\\isaac\\Desktop\\Clientes\\ProcuraCanada\\Katalon Studio\\Continulink\\Reports\\20190919_113944\\Regression BackOffice\\Regression BackOffice\\20190919_114021\\1568906647146.png]]&#xD;
&#xD;
2019-09-19 12:24:07 - [TEST_STEP][PASSED] - delay(2): Delayed 2 second(s)&#xD;
&#xD;
2019-09-19 12:24:09 - [MESSAGE][PASSED] - Delayed 2 second(s)&#xD;
&#xD;
2019-09-19 12:24:09 - [TEST_STEP][PASSED] - waitForElementPresent(findTestObject("Regression BackOffice/CLINK-30887/div_Test"), 50): Object 'Object Repository/Regression BackOffice/CLINK-30887/div_Test' is present&#xD;
&#xD;
2019-09-19 12:24:09 - [MESSAGE][PASSED] - Object 'Object Repository/Regression BackOffice/CLINK-30887/div_Test' is present&#xD;
&#xD;
2019-09-19 12:24:09 - [TEST_STEP][PASSED] - click(findTestObject("Regression BackOffice/CLINK-30887/div_Test")): Object: 'Object Repository/Regression BackOffice/CLINK-30887/div_Test' is clicked on&#xD;
&#xD;
2019-09-19 12:24:09 - [MESSAGE][PASSED] - Object: 'Object Repository/Regression BackOffice/CLINK-30887/div_Test' is clicked on&#xD;
&#xD;
2019-09-19 12:24:09 - [TEST_STEP][PASSED] - delay(2): Delayed 2 second(s)&#xD;
&#xD;
2019-09-19 12:24:12 - [MESSAGE][PASSED] - Delayed 2 second(s)&#xD;
&#xD;
2019-09-19 12:24:12 - [TEST_STEP][PASSED] - waitForElementPresent(findTestObject("Regression BackOffice/CLINK-30887/span_Authorization"), 50): Object 'Object Repository/Regression BackOffice/CLINK-30887/span_Authorization' is present&#xD;
&#xD;
2019-09-19 12:24:12 - [MESSAGE][PASSED] - Object 'Object Repository/Regression BackOffice/CLINK-30887/span_Authorization' is present&#xD;
&#xD;
2019-09-19 12:24:12 - [TEST_STEP][PASSED] - click(findTestObject("Regression BackOffice/CLINK-30887/span_Authorization")): Object: 'Object Repository/Regression BackOffice/CLINK-30887/span_Authorization' is clicked on&#xD;
&#xD;
2019-09-19 12:24:12 - [MESSAGE][PASSED] - Object: 'Object Repository/Regression BackOffice/CLINK-30887/span_Authorization' is clicked on&#xD;
&#xD;
2019-09-19 12:24:12 - [TEST_STEP][PASSED] - delay(10): Delayed 10 second(s)&#xD;
&#xD;
2019-09-19 12:24:22 - [MESSAGE][PASSED] - Delayed 10 second(s)&#xD;
&#xD;
2019-09-19 12:24:22 - [TEST_STEP][PASSED] - waitForElementPresent(findTestObject("Regression BackOffice/CLINK-30887/td_No Authorizations have been entered for this Service Type"), 50): Object 'Object Repository/Regression BackOffice/CLINK-30887/td_No Authorizations have been entered for this Service Type' is present&#xD;
&#xD;
2019-09-19 12:24:22 - [MESSAGE][WARNING] - Test object with id 'Object Repository/Regression BackOffice/CLINK-30887/Page_InterLink/frame_Capture object_FrameMain' does not exist&#xD;
&#xD;
2019-09-19 12:24:22 - [MESSAGE][PASSED] - Object 'Object Repository/Regression BackOffice/CLINK-30887/td_No Authorizations have been entered for this Service Type' is present&#xD;
&#xD;
2019-09-19 12:24:22 - [TEST_STEP][PASSED] - click(findTestObject("Regression BackOffice/CLINK-30887/td_No Authorizations have been entered for this Service Type")): Object: 'Object Repository/Regression BackOffice/CLINK-30887/td_No Authorizations have been entered for this Service Type' is clicked on&#xD;
&#xD;
2019-09-19 12:24:22 - [MESSAGE][WARNING] - Test object with id 'Object Repository/Regression BackOffice/CLINK-30887/Page_InterLink/frame_Capture object_FrameMain' does not exist&#xD;
&#xD;
2019-09-19 12:24:22 - [MESSAGE][PASSED] - Object: 'Object Repository/Regression BackOffice/CLINK-30887/td_No Authorizations have been entered for this Service Type' is clicked on&#xD;
&#xD;
2019-09-19 12:24:22 - [TEST_STEP][PASSED] - delay(10): Delayed 10 second(s)&#xD;
&#xD;
2019-09-19 12:24:32 - [MESSAGE][PASSED] - Delayed 10 second(s)&#xD;
&#xD;
2019-09-19 12:24:32 - [TEST_STEP][PASSED] - closeBrowser(): Browser is closed&#xD;
&#xD;
2019-09-19 12:24:33 - [MESSAGE][PASSED] - Browser is closed</system-out>
            <system-err></system-err>
        </testcase>
        <testcase name="Test Cases/Regression BackOffice (All Browsers)/CLNK-30888 - BO - Re-run Compliance Authorization" classname="Test Cases/Regression BackOffice (All Browsers)/CLNK-30888 - BO - Re-run Compliance Authorization" status="PASSED">
            <system-out>2019-09-19 12:24:35 - [TEST_CASE][PASSED] - Test Cases/Regression BackOffice (All Browsers)/CLNK-30888 - BO - Re-run Compliance Authorization: Test Cases/Regression BackOffice (All Browsers)/CLNK-30888 - BO - Re-run Compliance Authorization&#xD;
&#xD;
2019-09-19 12:24:35 - [TEST_STEP][PASSED] - callTestCase(findTestCase("Regression BackOffice (All Browsers)/CLNK-23439 - Clink - Back office Client"), [:], STOP_ON_FAILURE): Call Test Case 'Test Cases/Regression BackOffice (All Browsers)/CLNK-23439 - Clink - Back office Client' successfully&#xD;
&#xD;
2019-09-19 12:24:35 - [TEST_CASE][PASSED] - Test Cases/Regression BackOffice (All Browsers)/CLNK-23439 - Clink - Back office Client: Test Cases/Regression BackOffice (All Browsers)/CLNK-23439 - Clink - Back office Client&#xD;
&#xD;
2019-09-19 12:24:35 - [TEST_STEP][PASSED] - deleteAllCookies(): Delete all cookies successfully&#xD;
&#xD;
2019-09-19 12:24:35 - [MESSAGE][WARNING] - Cannot delete cookies because browser is closed&#xD;
&#xD;
2019-09-19 12:24:35 - [MESSAGE][PASSED] - Delete all cookies successfully&#xD;
&#xD;
2019-09-19 12:24:35 - [TEST_STEP][PASSED] - openBrowser(G_SiteBackOffice): Browser is opened with url: 'https://qanewpoc.continulink.com:8443/Backoffice/'&#xD;
&#xD;
2019-09-19 12:24:35 - [MESSAGE][INFO] - Starting 'Chrome' driver&#xD;
&#xD;
2019-09-19 12:24:43 - [MESSAGE][PASSED] - Browser is opened with url: 'https://qanewpoc.continulink.com:8443/Backoffice/'&#xD;
&#xD;
2019-09-19 12:24:43 - [TEST_STEP][PASSED] - waitForPageLoad(60): Wait for page load successfully&#xD;
&#xD;
2019-09-19 12:24:43 - [MESSAGE][PASSED] - Wait for page load successfully&#xD;
&#xD;
2019-09-19 12:24:43 - [TEST_STEP][PASSED] - maximizeWindow(): Current window maximized&#xD;
&#xD;
2019-09-19 12:24:47 - [MESSAGE][PASSED] - Current window maximized&#xD;
&#xD;
2019-09-19 12:24:47 - [TEST_STEP][PASSED] - setText(findTestObject("Regression BackOffice/Login/UserBackOffice"), G_UserBackOffice): Text 'automation_admin' is set on object 'Object Repository/Regression BackOffice/Login/UserBackOffice'&#xD;
&#xD;
2019-09-19 12:24:47 - [MESSAGE][PASSED] - Text 'automation_admin' is set on object 'Object Repository/Regression BackOffice/Login/UserBackOffice'&#xD;
&#xD;
2019-09-19 12:24:47 - [TEST_STEP][PASSED] - setText(findTestObject("Regression BackOffice/Login/PasswordBackOffice"), G_PasswordBackOffice): Text 'qwerty' is set on object 'Object Repository/Regression BackOffice/Login/PasswordBackOffice'&#xD;
&#xD;
2019-09-19 12:24:47 - [MESSAGE][PASSED] - Text 'qwerty' is set on object 'Object Repository/Regression BackOffice/Login/PasswordBackOffice'&#xD;
&#xD;
2019-09-19 12:24:47 - [TEST_STEP][PASSED] - click(findTestObject("Regression BackOffice/Login/LoginBackOffice")): Object: 'Object Repository/Regression BackOffice/Login/LoginBackOffice' is clicked on&#xD;
&#xD;
2019-09-19 12:24:52 - [MESSAGE][PASSED] - Object: 'Object Repository/Regression BackOffice/Login/LoginBackOffice' is clicked on&#xD;
&#xD;
2019-09-19 12:24:52 - [TEST_STEP][PASSED] - waitForPageLoad(60): Wait for page load successfully&#xD;
&#xD;
2019-09-19 12:24:52 - [MESSAGE][PASSED] - Wait for page load successfully&#xD;
&#xD;
2019-09-19 12:24:52 - [TEST_STEP][PASSED] - delay(2): Delayed 2 second(s)&#xD;
&#xD;
2019-09-19 12:24:54 - [MESSAGE][PASSED] - Delayed 2 second(s)&#xD;
&#xD;
2019-09-19 12:24:54 - [TEST_STEP][PASSED] - switchToFrame(findTestObject("Regression BackOffice/CLINK-Frames/FrameFrameLeft"), 5, STOP_ON_FAILURE): null&#xD;
&#xD;
2019-09-19 12:24:54 - [TEST_STEP][PASSED] - delay(2): Delayed 2 second(s)&#xD;
&#xD;
2019-09-19 12:24:56 - [MESSAGE][PASSED] - Delayed 2 second(s)&#xD;
&#xD;
2019-09-19 12:24:56 - [TEST_STEP][PASSED] - waitForElementPresent(findTestObject("Regression BackOffice/CLINK-Frames/ClientIntake"), 50): Object 'Object Repository/Regression BackOffice/CLINK-Frames/ClientIntake' is present&#xD;
&#xD;
2019-09-19 12:24:57 - [MESSAGE][PASSED] - Object 'Object Repository/Regression BackOffice/CLINK-Frames/ClientIntake' is present&#xD;
&#xD;
2019-09-19 12:24:57 - [TEST_STEP][PASSED] - verifyElementPresent(findTestObject("Regression BackOffice/CLINK-Frames/ClientIntake"), 100, STOP_ON_FAILURE): Object 'Object Repository/Regression BackOffice/CLINK-Frames/ClientIntake' is present&#xD;
&#xD;
2019-09-19 12:24:57 - [MESSAGE][PASSED] - Object 'Object Repository/Regression BackOffice/CLINK-Frames/ClientIntake' is present&#xD;
&#xD;
2019-09-19 12:24:57 - [TEST_STEP][PASSED] - switchToDefaultContent(): null&#xD;
&#xD;
2019-09-19 12:24:57 - [MESSAGE][PASSED] - Call Test Case 'Test Cases/Regression BackOffice (All Browsers)/CLNK-23439 - Clink - Back office Client' successfully&#xD;
&#xD;
2019-09-19 12:24:57 - [TEST_STEP][PASSED] - waitForPageLoad(60): Wait for page load successfully&#xD;
&#xD;
2019-09-19 12:24:57 - [MESSAGE][PASSED] - Wait for page load successfully&#xD;
&#xD;
2019-09-19 12:24:57 - [TEST_STEP][PASSED] - delay(3): Delayed 3 second(s)&#xD;
&#xD;
2019-09-19 12:25:00 - [MESSAGE][PASSED] - Delayed 3 second(s)&#xD;
&#xD;
2019-09-19 12:25:00 - [TEST_STEP][PASSED] - switchToFrame(findTestObject("Regression BackOffice/CLNK-23449/FrameLeft"), 30): null&#xD;
&#xD;
2019-09-19 12:25:00 - [TEST_STEP][PASSED] - waitForElementPresent(findTestObject("Regression BackOffice/CLINK-30888/ScheduleLink"), 100): Object 'Object Repository/Regression BackOffice/CLINK-30888/ScheduleLink' is present&#xD;
&#xD;
2019-09-19 12:25:00 - [MESSAGE][PASSED] - Object 'Object Repository/Regression BackOffice/CLINK-30888/ScheduleLink' is present&#xD;
&#xD;
2019-09-19 12:25:00 - [TEST_STEP][PASSED] - click(findTestObject("Regression BackOffice/CLINK-30888/ScheduleLink")): Object: 'Object Repository/Regression BackOffice/CLINK-30888/ScheduleLink' is clicked on&#xD;
&#xD;
2019-09-19 12:25:00 - [MESSAGE][PASSED] - Object: 'Object Repository/Regression BackOffice/CLINK-30888/ScheduleLink' is clicked on&#xD;
&#xD;
2019-09-19 12:25:00 - [TEST_STEP][PASSED] - delay(2): Delayed 2 second(s)&#xD;
&#xD;
2019-09-19 12:25:02 - [MESSAGE][PASSED] - Delayed 2 second(s)&#xD;
&#xD;
2019-09-19 12:25:02 - [TEST_STEP][PASSED] - waitForPageLoad(50): Wait for page load successfully&#xD;
&#xD;
2019-09-19 12:25:02 - [MESSAGE][PASSED] - Wait for page load successfully&#xD;
&#xD;
2019-09-19 12:25:02 - [TEST_STEP][PASSED] - waitForElementPresent(findTestObject("Regression BackOffice/CLINK-30888/Re-run Compliance  Authorization Link"), 50): Object 'Object Repository/Regression BackOffice/CLINK-30888/Re-run Compliance  Authorization Link' is present&#xD;
&#xD;
2019-09-19 12:25:02 - [MESSAGE][PASSED] - Object 'Object Repository/Regression BackOffice/CLINK-30888/Re-run Compliance  Authorization Link' is present&#xD;
&#xD;
2019-09-19 12:25:02 - [TEST_STEP][PASSED] - click(findTestObject("Regression BackOffice/CLINK-30888/Re-run Compliance  Authorization Link")): Object: 'Object Repository/Regression BackOffice/CLINK-30888/Re-run Compliance  Authorization Link' is clicked on&#xD;
&#xD;
2019-09-19 12:25:03 - [MESSAGE][PASSED] - Object: 'Object Repository/Regression BackOffice/CLINK-30888/Re-run Compliance  Authorization Link' is clicked on&#xD;
&#xD;
2019-09-19 12:25:03 - [TEST_STEP][PASSED] - delay(2): Delayed 2 second(s)&#xD;
&#xD;
2019-09-19 12:25:05 - [MESSAGE][PASSED] - Delayed 2 second(s)&#xD;
&#xD;
2019-09-19 12:25:05 - [TEST_STEP][PASSED] - switchToDefaultContent(): null&#xD;
&#xD;
2019-09-19 12:25:05 - [TEST_STEP][PASSED] - switchToFrame(findTestObject("Regression BackOffice/CLNK-23449/FrameMain"), 30): null&#xD;
&#xD;
2019-09-19 12:25:05 - [TEST_STEP][PASSED] - waitForElementPresent(findTestObject("Regression BackOffice/CLINK-30888/Last name"), 50): Object 'Object Repository/Regression BackOffice/CLINK-30888/Last name' is present&#xD;
&#xD;
2019-09-19 12:25:05 - [MESSAGE][PASSED] - Object 'Object Repository/Regression BackOffice/CLINK-30888/Last name' is present&#xD;
&#xD;
2019-09-19 12:25:05 - [TEST_STEP][PASSED] - sendKeys(findTestObject("Regression BackOffice/CLINK-30888/Last name"), G_ClientLastName): Keys 'Ernesky' sent to object: 'Object Repository/Regression BackOffice/CLINK-30888/Last name'&#xD;
&#xD;
2019-09-19 12:25:06 - [MESSAGE][PASSED] - Keys 'Ernesky' sent to object: 'Object Repository/Regression BackOffice/CLINK-30888/Last name'&#xD;
&#xD;
2019-09-19 12:25:06 - [TEST_STEP][PASSED] - delay(2): Delayed 2 second(s)&#xD;
&#xD;
2019-09-19 12:25:08 - [MESSAGE][PASSED] - Delayed 2 second(s)&#xD;
&#xD;
2019-09-19 12:25:08 - [TEST_STEP][PASSED] - sendKeys(findTestObject("Regression BackOffice/CLINK-30888/Last name"), Keys.chord(ARROW_DOWN, ENTER)): Keys 'DOWN + ENTER + ' sent to object: 'Object Repository/Regression BackOffice/CLINK-30888/Last name'&#xD;
&#xD;
2019-09-19 12:25:08 - [MESSAGE][PASSED] - Keys 'DOWN + ENTER + ' sent to object: 'Object Repository/Regression BackOffice/CLINK-30888/Last name'&#xD;
&#xD;
2019-09-19 12:25:08 - [TEST_STEP][PASSED] - delay(2): Delayed 2 second(s)&#xD;
&#xD;
2019-09-19 12:25:10 - [MESSAGE][PASSED] - Delayed 2 second(s)&#xD;
&#xD;
2019-09-19 12:25:10 - [TEST_STEP][PASSED] - waitForElementPresent(findTestObject("Regression BackOffice/CLINK-30888/GetClientButton"), 50): Object 'Object Repository/Regression BackOffice/CLINK-30888/GetClientButton' is present&#xD;
&#xD;
2019-09-19 12:25:10 - [MESSAGE][PASSED] - Object 'Object Repository/Regression BackOffice/CLINK-30888/GetClientButton' is present&#xD;
&#xD;
2019-09-19 12:25:10 - [TEST_STEP][PASSED] - click(findTestObject("Regression BackOffice/CLINK-30888/GetClientButton"), OPTIONAL): Object: 'Object Repository/Regression BackOffice/CLINK-30888/GetClientButton' is clicked on&#xD;
&#xD;
2019-09-19 12:25:11 - [MESSAGE][PASSED] - Object: 'Object Repository/Regression BackOffice/CLINK-30888/GetClientButton' is clicked on&#xD;
&#xD;
2019-09-19 12:25:11 - [TEST_STEP][PASSED] - delay(2): Delayed 2 second(s)&#xD;
&#xD;
2019-09-19 12:25:13 - [MESSAGE][PASSED] - Delayed 2 second(s)&#xD;
&#xD;
2019-09-19 12:25:13 - [TEST_STEP][PASSED] - waitForElementPresent(findTestObject("Regression BackOffice/CLINK-30888/ClientSelected"), 50): Object 'Object Repository/Regression BackOffice/CLINK-30888/ClientSelected' is present&#xD;
&#xD;
2019-09-19 12:25:13 - [MESSAGE][PASSED] - Object 'Object Repository/Regression BackOffice/CLINK-30888/ClientSelected' is present&#xD;
&#xD;
2019-09-19 12:25:13 - [TEST_STEP][PASSED] - click(findTestObject("Regression BackOffice/CLINK-30888/ClientSelected")): Object: 'Object Repository/Regression BackOffice/CLINK-30888/ClientSelected' is clicked on&#xD;
&#xD;
2019-09-19 12:25:13 - [MESSAGE][PASSED] - Object: 'Object Repository/Regression BackOffice/CLINK-30888/ClientSelected' is clicked on&#xD;
&#xD;
2019-09-19 12:25:13 - [TEST_STEP][PASSED] - delay(2): Delayed 2 second(s)&#xD;
&#xD;
2019-09-19 12:25:15 - [MESSAGE][PASSED] - Delayed 2 second(s)&#xD;
&#xD;
2019-09-19 12:25:15 - [TEST_STEP][PASSED] - waitForElementPresent(findTestObject("Regression BackOffice/CLINK-30888/StartAutorization"), 50): Object 'Object Repository/Regression BackOffice/CLINK-30888/StartAutorization' is not present after 50 second(s)&#xD;
&#xD;
2019-09-19 12:26:06 - [MESSAGE][INFO] - Unable to find the element located by 'By.xpath: //td[5]/input'. Please recheck the objects properties to make sure the desired element is located. &#xD;
&#xD;
2019-09-19 12:26:06 - [MESSAGE][WARNING] - Object 'Object Repository/Regression BackOffice/CLINK-30888/StartAutorization' is not present after 50 second(s)&#xD;
&#xD;
2019-09-19 12:26:06 - [TEST_STEP][PASSED] - click(findTestObject("Regression BackOffice/CLINK-30888/StartAutorization")): Unable to click on object 'Object Repository/Regression BackOffice/CLINK-30888/StartAutorization' (Root cause: com.kms.katalon.core.exception.StepFailedException: Unable to click on object 'Object Repository/Regression BackOffice/CLINK-30888/StartAutorization'&#xD;
	at com.kms.katalon.core.webui.keyword.internal.WebUIKeywordMain.stepFailed(WebUIKeywordMain.groovy:64)&#xD;
	at com.kms.katalon.core.webui.keyword.internal.WebUIKeywordMain.runKeyword(WebUIKeywordMain.groovy:26)&#xD;
	at com.kms.katalon.core.webui.keyword.builtin.ClickKeyword.click(ClickKeyword.groovy:86)&#xD;
	at com.kms.katalon.core.webui.keyword.builtin.ClickKeyword.execute(ClickKeyword.groovy:67)&#xD;
	at com.kms.katalon.core.keyword.internal.KeywordExecutor.executeKeywordForPlatform(KeywordExecutor.groovy:56)&#xD;
	at com.kms.katalon.core.webui.keyword.WebUiBuiltInKeywords.click(WebUiBuiltInKeywords.groovy:616)&#xD;
	at com.kms.katalon.core.webui.keyword.WebUiBuiltInKeywords$click$4.call(Unknown Source)&#xD;
	at CLNK-30888 - BO - Re-run Compliance Authorization.run(CLNK-30888 - BO - Re-run Compliance Authorization:67)&#xD;
	at com.kms.katalon.core.main.ScriptEngine.run(ScriptEngine.java:194)&#xD;
	at com.kms.katalon.core.main.ScriptEngine.runScriptAsRawText(ScriptEngine.java:119)&#xD;
	at com.kms.katalon.core.main.TestCaseExecutor.runScript(TestCaseExecutor.java:337)&#xD;
	at com.kms.katalon.core.main.TestCaseExecutor.doExecute(TestCaseExecutor.java:328)&#xD;
	at com.kms.katalon.core.main.TestCaseExecutor.processExecutionPhase(TestCaseExecutor.java:307)&#xD;
	at com.kms.katalon.core.main.TestCaseExecutor.accessMainPhase(TestCaseExecutor.java:299)&#xD;
	at com.kms.katalon.core.main.TestCaseExecutor.execute(TestCaseExecutor.java:233)&#xD;
	at com.kms.katalon.core.main.TestSuiteExecutor.accessTestCaseMainPhase(TestSuiteExecutor.java:169)&#xD;
	at com.kms.katalon.core.main.TestSuiteExecutor.accessTestSuiteMainPhase(TestSuiteExecutor.java:142)&#xD;
	at com.kms.katalon.core.main.TestSuiteExecutor.execute(TestSuiteExecutor.java:91)&#xD;
	at com.kms.katalon.core.main.TestCaseMain.startTestSuite(TestCaseMain.java:157)&#xD;
	at com.kms.katalon.core.main.TestCaseMain$startTestSuite$0.call(Unknown Source)&#xD;
	at TempTestSuite1568904021899.run(TempTestSuite1568904021899.groovy:35)&#xD;
Caused by: com.kms.katalon.core.webui.exception.WebElementNotFoundException: Web element with id: 'Object Repository/Regression BackOffice/CLINK-30888/StartAutorization' located by 'By.xpath: //td[5]/input' not found&#xD;
	at com.kms.katalon.core.webui.common.WebUiCommonHelper.findWebElement(WebUiCommonHelper.java:1097)&#xD;
	at com.kms.katalon.core.webui.keyword.internal.WebUIAbstractKeyword.findWebElement(WebUIAbstractKeyword.groovy:27)&#xD;
	at com.kms.katalon.core.webui.keyword.internal.WebUIAbstractKeyword.findWebElement(WebUIAbstractKeyword.groovy:26)&#xD;
	at com.kms.katalon.core.webui.keyword.builtin.ClickKeyword$_click_closure1.doCall(ClickKeyword.groovy:77)&#xD;
	at com.kms.katalon.core.webui.keyword.builtin.ClickKeyword$_click_closure1.call(ClickKeyword.groovy)&#xD;
	at com.kms.katalon.core.webui.keyword.internal.WebUIKeywordMain.runKeyword(WebUIKeywordMain.groovy:20)&#xD;
	at com.kms.katalon.core.webui.keyword.builtin.ClickKeyword.click(ClickKeyword.groovy:86)&#xD;
	at com.kms.katalon.core.webui.keyword.builtin.ClickKeyword.execute(ClickKeyword.groovy:67)&#xD;
	at com.kms.katalon.core.keyword.internal.KeywordExecutor.executeKeywordForPlatform(KeywordExecutor.groovy:56)&#xD;
	at com.kms.katalon.core.webui.keyword.WebUiBuiltInKeywords.click(WebUiBuiltInKeywords.groovy:616)&#xD;
	at com.kms.katalon.core.webui.keyword.WebUiBuiltInKeywords$click$4.call(Unknown Source)&#xD;
	at Script1567021926331.run(Script1567021926331.groovy:67)&#xD;
	... 13 more&#xD;
)&#xD;
&#xD;
2019-09-19 12:26:37 - [MESSAGE][INFO] - Unable to find the element located by 'By.xpath: //td[5]/input'. Please recheck the objects properties to make sure the desired element is located. &#xD;
&#xD;
2019-09-19 12:26:37 - [MESSAGE][WARNING] - Unable to click on object 'Object Repository/Regression BackOffice/CLINK-30888/StartAutorization' (Root cause: com.kms.katalon.core.exception.StepFailedException: Unable to click on object 'Object Repository/Regression BackOffice/CLINK-30888/StartAutorization'&#xD;
	at com.kms.katalon.core.webui.keyword.internal.WebUIKeywordMain.stepFailed(WebUIKeywordMain.groovy:64)&#xD;
	at com.kms.katalon.core.webui.keyword.internal.WebUIKeywordMain.runKeyword(WebUIKeywordMain.groovy:26)&#xD;
	at com.kms.katalon.core.webui.keyword.builtin.ClickKeyword.click(ClickKeyword.groovy:86)&#xD;
	at com.kms.katalon.core.webui.keyword.builtin.ClickKeyword.execute(ClickKeyword.groovy:67)&#xD;
	at com.kms.katalon.core.keyword.internal.KeywordExecutor.executeKeywordForPlatform(KeywordExecutor.groovy:56)&#xD;
	at com.kms.katalon.core.webui.keyword.WebUiBuiltInKeywords.click(WebUiBuiltInKeywords.groovy:616)&#xD;
	at com.kms.katalon.core.webui.keyword.WebUiBuiltInKeywords$click$4.call(Unknown Source)&#xD;
	at CLNK-30888 - BO - Re-run Compliance Authorization.run(CLNK-30888 - BO - Re-run Compliance Authorization:67)&#xD;
	at com.kms.katalon.core.main.ScriptEngine.run(ScriptEngine.java:194)&#xD;
	at com.kms.katalon.core.main.ScriptEngine.runScriptAsRawText(ScriptEngine.java:119)&#xD;
	at com.kms.katalon.core.main.TestCaseExecutor.runScript(TestCaseExecutor.java:337)&#xD;
	at com.kms.katalon.core.main.TestCaseExecutor.doExecute(TestCaseExecutor.java:328)&#xD;
	at com.kms.katalon.core.main.TestCaseExecutor.processExecutionPhase(TestCaseExecutor.java:307)&#xD;
	at com.kms.katalon.core.main.TestCaseExecutor.accessMainPhase(TestCaseExecutor.java:299)&#xD;
	at com.kms.katalon.core.main.TestCaseExecutor.execute(TestCaseExecutor.java:233)&#xD;
	at com.kms.katalon.core.main.TestSuiteExecutor.accessTestCaseMainPhase(TestSuiteExecutor.java:169)&#xD;
	at com.kms.katalon.core.main.TestSuiteExecutor.accessTestSuiteMainPhase(TestSuiteExecutor.java:142)&#xD;
	at com.kms.katalon.core.main.TestSuiteExecutor.execute(TestSuiteExecutor.java:91)&#xD;
	at com.kms.katalon.core.main.TestCaseMain.startTestSuite(TestCaseMain.java:157)&#xD;
	at com.kms.katalon.core.main.TestCaseMain$startTestSuite$0.call(Unknown Source)&#xD;
	at TempTestSuite1568904021899.run(TempTestSuite1568904021899.groovy:35)&#xD;
Caused by: com.kms.katalon.core.webui.exception.WebElementNotFoundException: Web element with id: 'Object Repository/Regression BackOffice/CLINK-30888/StartAutorization' located by 'By.xpath: //td[5]/input' not found&#xD;
	at com.kms.katalon.core.webui.common.WebUiCommonHelper.findWebElement(WebUiCommonHelper.java:1097)&#xD;
	at com.kms.katalon.core.webui.keyword.internal.WebUIAbstractKeyword.findWebElement(WebUIAbstractKeyword.groovy:27)&#xD;
	at com.kms.katalon.core.webui.keyword.internal.WebUIAbstractKeyword.findWebElement(WebUIAbstractKeyword.groovy:26)&#xD;
	at com.kms.katalon.core.webui.keyword.builtin.ClickKeyword$_click_closure1.doCall(ClickKeyword.groovy:77)&#xD;
	at com.kms.katalon.core.webui.keyword.builtin.ClickKeyword$_click_closure1.call(ClickKeyword.groovy)&#xD;
	at com.kms.katalon.core.webui.keyword.internal.WebUIKeywordMain.runKeyword(WebUIKeywordMain.groovy:20)&#xD;
	at com.kms.katalon.core.webui.keyword.builtin.ClickKeyword.click(ClickKeyword.groovy:86)&#xD;
	at com.kms.katalon.core.webui.keyword.builtin.ClickKeyword.execute(ClickKeyword.groovy:67)&#xD;
	at com.kms.katalon.core.keyword.internal.KeywordExecutor.executeKeywordForPlatform(KeywordExecutor.groovy:56)&#xD;
	at com.kms.katalon.core.webui.keyword.WebUiBuiltInKeywords.click(WebUiBuiltInKeywords.groovy:616)&#xD;
	at com.kms.katalon.core.webui.keyword.WebUiBuiltInKeywords$click$4.call(Unknown Source)&#xD;
	at Script1567021926331.run(Script1567021926331.groovy:67)&#xD;
	... 13 more&#xD;
)&#xD;
[[ATTACHMENT|C:\\Users\\isaac\\Desktop\\Clientes\\ProcuraCanada\\Katalon Studio\\Continulink\\Reports\\20190919_113944\\Regression BackOffice\\Regression BackOffice\\20190919_114021\\1568906797106.png]]&#xD;
&#xD;
2019-09-19 12:26:37 - [TEST_STEP][PASSED] - delay(2): Delayed 2 second(s)&#xD;
&#xD;
2019-09-19 12:26:39 - [MESSAGE][PASSED] - Delayed 2 second(s)&#xD;
&#xD;
2019-09-19 12:26:39 - [TEST_STEP][PASSED] - waitForElementPresent(findTestObject("Regression BackOffice/CLINK-30888/span_Select all"), 50): Object 'Object Repository/Regression BackOffice/CLINK-30888/span_Select all' is present&#xD;
&#xD;
2019-09-19 12:26:39 - [MESSAGE][PASSED] - Object 'Object Repository/Regression BackOffice/CLINK-30888/span_Select all' is present&#xD;
&#xD;
2019-09-19 12:26:39 - [TEST_STEP][PASSED] - click(findTestObject("Regression BackOffice/CLINK-30888/span_Select all")): Unable to click on object 'Object Repository/Regression BackOffice/CLINK-30888/span_Select all' (Root cause: com.kms.katalon.core.exception.StepFailedException: Unable to click on object 'Object Repository/Regression BackOffice/CLINK-30888/span_Select all'&#xD;
	at com.kms.katalon.core.webui.keyword.internal.WebUIKeywordMain.stepFailed(WebUIKeywordMain.groovy:64)&#xD;
	at com.kms.katalon.core.webui.keyword.internal.WebUIKeywordMain.runKeyword(WebUIKeywordMain.groovy:26)&#xD;
	at com.kms.katalon.core.webui.keyword.builtin.ClickKeyword.click(ClickKeyword.groovy:86)&#xD;
	at com.kms.katalon.core.webui.keyword.builtin.ClickKeyword.execute(ClickKeyword.groovy:67)&#xD;
	at com.kms.katalon.core.keyword.internal.KeywordExecutor.executeKeywordForPlatform(KeywordExecutor.groovy:56)&#xD;
	at com.kms.katalon.core.webui.keyword.WebUiBuiltInKeywords.click(WebUiBuiltInKeywords.groovy:616)&#xD;
	at com.kms.katalon.core.webui.keyword.WebUiBuiltInKeywords$click$4.call(Unknown Source)&#xD;
	at CLNK-30888 - BO - Re-run Compliance Authorization.run(CLNK-30888 - BO - Re-run Compliance Authorization:73)&#xD;
	at com.kms.katalon.core.main.ScriptEngine.run(ScriptEngine.java:194)&#xD;
	at com.kms.katalon.core.main.ScriptEngine.runScriptAsRawText(ScriptEngine.java:119)&#xD;
	at com.kms.katalon.core.main.TestCaseExecutor.runScript(TestCaseExecutor.java:337)&#xD;
	at com.kms.katalon.core.main.TestCaseExecutor.doExecute(TestCaseExecutor.java:328)&#xD;
	at com.kms.katalon.core.main.TestCaseExecutor.processExecutionPhase(TestCaseExecutor.java:307)&#xD;
	at com.kms.katalon.core.main.TestCaseExecutor.accessMainPhase(TestCaseExecutor.java:299)&#xD;
	at com.kms.katalon.core.main.TestCaseExecutor.execute(TestCaseExecutor.java:233)&#xD;
	at com.kms.katalon.core.main.TestSuiteExecutor.accessTestCaseMainPhase(TestSuiteExecutor.java:169)&#xD;
	at com.kms.katalon.core.main.TestSuiteExecutor.accessTestSuiteMainPhase(TestSuiteExecutor.java:142)&#xD;
	at com.kms.katalon.core.main.TestSuiteExecutor.execute(TestSuiteExecutor.java:91)&#xD;
	at com.kms.katalon.core.main.TestCaseMain.startTestSuite(TestCaseMain.java:157)&#xD;
	at com.kms.katalon.core.main.TestCaseMain$startTestSuite$0.call(Unknown Source)&#xD;
	at TempTestSuite1568904021899.run(TempTestSuite1568904021899.groovy:35)&#xD;
Caused by: org.openqa.selenium.ElementNotInteractableException: element not interactable
  (Session info: chrome=76.0.3809.132)
Build info: version: '3.141.59', revision: 'e82be7d358', time: '2018-11-14T08:25:53'
System info: host: 'DESKTOP-BPONDF2', ip: '192.168.0.121', os.name: 'Windows 10', os.arch: 'amd64', os.version: '10.0', java.version: '1.8.0_181'
Driver info: com.kms.katalon.selenium.driver.CChromeDriver
Capabilities {acceptInsecureCerts: false, browserName: chrome, browserVersion: 76.0.3809.132, chrome: {chromedriverVersion: 76.0.3809.126 (d80a294506b4..., userDataDir: C:\Users\isaac\AppData\Loca...}, goog:chromeOptions: {debuggerAddress: localhost:52633}, javascriptEnabled: true, networkConnectionEnabled: false, pageLoadStrategy: normal, platform: XP, platformName: XP, proxy: Proxy(), setWindowRect: true, strictFileInteractability: false, timeouts: {implicit: 0, pageLoad: 300000, script: 30000}, unhandledPromptBehavior: dismiss and notify}
Session ID: 02267d3710844884b90d19d915831b41&#xD;
	at org.openqa.selenium.remote.http.W3CHttpResponseCodec.createException(W3CHttpResponseCodec.java:187)&#xD;
	at org.openqa.selenium.remote.http.W3CHttpResponseCodec.decode(W3CHttpResponseCodec.java:122)&#xD;
	at org.openqa.selenium.remote.http.W3CHttpResponseCodec.decode(W3CHttpResponseCodec.java:49)&#xD;
	at org.openqa.selenium.remote.HttpCommandExecutor.execute(HttpCommandExecutor.java:158)&#xD;
	at org.openqa.selenium.remote.service.DriverCommandExecutor.execute(DriverCommandExecutor.java:83)&#xD;
	at org.openqa.selenium.remote.RemoteWebDriver.execute(RemoteWebDriver.java:552)&#xD;
	at com.kms.katalon.selenium.driver.CChromeDriver.execute(CChromeDriver.java:20)&#xD;
	at org.openqa.selenium.remote.RemoteWebElement.execute(RemoteWebElement.java:285)&#xD;
	at org.openqa.selenium.remote.RemoteWebElement.click(RemoteWebElement.java:84)&#xD;
	at com.kms.katalon.core.webui.keyword.builtin.ClickKeyword$_click_closure1.doCall(ClickKeyword.groovy:79)&#xD;
	at com.kms.katalon.core.webui.keyword.builtin.ClickKeyword$_click_closure1.call(ClickKeyword.groovy)&#xD;
	at com.kms.katalon.core.webui.keyword.internal.WebUIKeywordMain.runKeyword(WebUIKeywordMain.groovy:20)&#xD;
	at com.kms.katalon.core.webui.keyword.builtin.ClickKeyword.click(ClickKeyword.groovy:86)&#xD;
	at com.kms.katalon.core.webui.keyword.builtin.ClickKeyword.execute(ClickKeyword.groovy:67)&#xD;
	at com.kms.katalon.core.keyword.internal.KeywordExecutor.executeKeywordForPlatform(KeywordExecutor.groovy:56)&#xD;
	at com.kms.katalon.core.webui.keyword.WebUiBuiltInKeywords.click(WebUiBuiltInKeywords.groovy:616)&#xD;
	at com.kms.katalon.core.webui.keyword.WebUiBuiltInKeywords$click$4.call(Unknown Source)&#xD;
	at Script1567021926331.run(Script1567021926331.groovy:73)&#xD;
	... 13 more&#xD;
)&#xD;
&#xD;
2019-09-19 12:26:40 - [MESSAGE][WARNING] - Unable to click on object 'Object Repository/Regression BackOffice/CLINK-30888/span_Select all' (Root cause: com.kms.katalon.core.exception.StepFailedException: Unable to click on object 'Object Repository/Regression BackOffice/CLINK-30888/span_Select all'&#xD;
	at com.kms.katalon.core.webui.keyword.internal.WebUIKeywordMain.stepFailed(WebUIKeywordMain.groovy:64)&#xD;
	at com.kms.katalon.core.webui.keyword.internal.WebUIKeywordMain.runKeyword(WebUIKeywordMain.groovy:26)&#xD;
	at com.kms.katalon.core.webui.keyword.builtin.ClickKeyword.click(ClickKeyword.groovy:86)&#xD;
	at com.kms.katalon.core.webui.keyword.builtin.ClickKeyword.execute(ClickKeyword.groovy:67)&#xD;
	at com.kms.katalon.core.keyword.internal.KeywordExecutor.executeKeywordForPlatform(KeywordExecutor.groovy:56)&#xD;
	at com.kms.katalon.core.webui.keyword.WebUiBuiltInKeywords.click(WebUiBuiltInKeywords.groovy:616)&#xD;
	at com.kms.katalon.core.webui.keyword.WebUiBuiltInKeywords$click$4.call(Unknown Source)&#xD;
	at CLNK-30888 - BO - Re-run Compliance Authorization.run(CLNK-30888 - BO - Re-run Compliance Authorization:73)&#xD;
	at com.kms.katalon.core.main.ScriptEngine.run(ScriptEngine.java:194)&#xD;
	at com.kms.katalon.core.main.ScriptEngine.runScriptAsRawText(ScriptEngine.java:119)&#xD;
	at com.kms.katalon.core.main.TestCaseExecutor.runScript(TestCaseExecutor.java:337)&#xD;
	at com.kms.katalon.core.main.TestCaseExecutor.doExecute(TestCaseExecutor.java:328)&#xD;
	at com.kms.katalon.core.main.TestCaseExecutor.processExecutionPhase(TestCaseExecutor.java:307)&#xD;
	at com.kms.katalon.core.main.TestCaseExecutor.accessMainPhase(TestCaseExecutor.java:299)&#xD;
	at com.kms.katalon.core.main.TestCaseExecutor.execute(TestCaseExecutor.java:233)&#xD;
	at com.kms.katalon.core.main.TestSuiteExecutor.accessTestCaseMainPhase(TestSuiteExecutor.java:169)&#xD;
	at com.kms.katalon.core.main.TestSuiteExecutor.accessTestSuiteMainPhase(TestSuiteExecutor.java:142)&#xD;
	at com.kms.katalon.core.main.TestSuiteExecutor.execute(TestSuiteExecutor.java:91)&#xD;
	at com.kms.katalon.core.main.TestCaseMain.startTestSuite(TestCaseMain.java:157)&#xD;
	at com.kms.katalon.core.main.TestCaseMain$startTestSuite$0.call(Unknown Source)&#xD;
	at TempTestSuite1568904021899.run(TempTestSuite1568904021899.groovy:35)&#xD;
Caused by: org.openqa.selenium.ElementNotInteractableException: element not interactable
  (Session info: chrome=76.0.3809.132)
Build info: version: '3.141.59', revision: 'e82be7d358', time: '2018-11-14T08:25:53'
System info: host: 'DESKTOP-BPONDF2', ip: '192.168.0.121', os.name: 'Windows 10', os.arch: 'amd64', os.version: '10.0', java.version: '1.8.0_181'
Driver info: com.kms.katalon.selenium.driver.CChromeDriver
Capabilities {acceptInsecureCerts: false, browserName: chrome, browserVersion: 76.0.3809.132, chrome: {chromedriverVersion: 76.0.3809.126 (d80a294506b4..., userDataDir: C:\Users\isaac\AppData\Loca...}, goog:chromeOptions: {debuggerAddress: localhost:52633}, javascriptEnabled: true, networkConnectionEnabled: false, pageLoadStrategy: normal, platform: XP, platformName: XP, proxy: Proxy(), setWindowRect: true, strictFileInteractability: false, timeouts: {implicit: 0, pageLoad: 300000, script: 30000}, unhandledPromptBehavior: dismiss and notify}
Session ID: 02267d3710844884b90d19d915831b41&#xD;
	at org.openqa.selenium.remote.http.W3CHttpResponseCodec.createException(W3CHttpResponseCodec.java:187)&#xD;
	at org.openqa.selenium.remote.http.W3CHttpResponseCodec.decode(W3CHttpResponseCodec.java:122)&#xD;
	at org.openqa.selenium.remote.http.W3CHttpResponseCodec.decode(W3CHttpResponseCodec.java:49)&#xD;
	at org.openqa.selenium.remote.HttpCommandExecutor.execute(HttpCommandExecutor.java:158)&#xD;
	at org.openqa.selenium.remote.service.DriverCommandExecutor.execute(DriverCommandExecutor.java:83)&#xD;
	at org.openqa.selenium.remote.RemoteWebDriver.execute(RemoteWebDriver.java:552)&#xD;
	at com.kms.katalon.selenium.driver.CChromeDriver.execute(CChromeDriver.java:20)&#xD;
	at org.openqa.selenium.remote.RemoteWebElement.execute(RemoteWebElement.java:285)&#xD;
	at org.openqa.selenium.remote.RemoteWebElement.click(RemoteWebElement.java:84)&#xD;
	at com.kms.katalon.core.webui.keyword.builtin.ClickKeyword$_click_closure1.doCall(ClickKeyword.groovy:79)&#xD;
	at com.kms.katalon.core.webui.keyword.builtin.ClickKeyword$_click_closure1.call(ClickKeyword.groovy)&#xD;
	at com.kms.katalon.core.webui.keyword.internal.WebUIKeywordMain.runKeyword(WebUIKeywordMain.groovy:20)&#xD;
	at com.kms.katalon.core.webui.keyword.builtin.ClickKeyword.click(ClickKeyword.groovy:86)&#xD;
	at com.kms.katalon.core.webui.keyword.builtin.ClickKeyword.execute(ClickKeyword.groovy:67)&#xD;
	at com.kms.katalon.core.keyword.internal.KeywordExecutor.executeKeywordForPlatform(KeywordExecutor.groovy:56)&#xD;
	at com.kms.katalon.core.webui.keyword.WebUiBuiltInKeywords.click(WebUiBuiltInKeywords.groovy:616)&#xD;
	at com.kms.katalon.core.webui.keyword.WebUiBuiltInKeywords$click$4.call(Unknown Source)&#xD;
	at Script1567021926331.run(Script1567021926331.groovy:73)&#xD;
	... 13 more&#xD;
)&#xD;
[[ATTACHMENT|C:\\Users\\isaac\\Desktop\\Clientes\\ProcuraCanada\\Katalon Studio\\Continulink\\Reports\\20190919_113944\\Regression BackOffice\\Regression BackOffice\\20190919_114021\\1568906799788.png]]&#xD;
&#xD;
2019-09-19 12:26:40 - [TEST_STEP][PASSED] - delay(2): Delayed 2 second(s)&#xD;
&#xD;
2019-09-19 12:26:42 - [MESSAGE][PASSED] - Delayed 2 second(s)&#xD;
&#xD;
2019-09-19 12:26:42 - [TEST_STEP][PASSED] - scrollToElement(findTestObject("Regression BackOffice/CLINK-30888/StartButton"), 50): Scroll to object 'Object Repository/Regression BackOffice/CLINK-30888/StartButton' successfully&#xD;
&#xD;
2019-09-19 12:26:42 - [MESSAGE][PASSED] - Scroll to object 'Object Repository/Regression BackOffice/CLINK-30888/StartButton' successfully&#xD;
&#xD;
2019-09-19 12:26:42 - [TEST_STEP][PASSED] - click(findTestObject("Regression BackOffice/CLINK-30888/StartButton")): Unable to click on object 'Object Repository/Regression BackOffice/CLINK-30888/StartButton' (Root cause: com.kms.katalon.core.exception.StepFailedException: Unable to click on object 'Object Repository/Regression BackOffice/CLINK-30888/StartButton'&#xD;
	at com.kms.katalon.core.webui.keyword.internal.WebUIKeywordMain.stepFailed(WebUIKeywordMain.groovy:64)&#xD;
	at com.kms.katalon.core.webui.keyword.internal.WebUIKeywordMain.runKeyword(WebUIKeywordMain.groovy:26)&#xD;
	at com.kms.katalon.core.webui.keyword.builtin.ClickKeyword.click(ClickKeyword.groovy:86)&#xD;
	at com.kms.katalon.core.webui.keyword.builtin.ClickKeyword.execute(ClickKeyword.groovy:67)&#xD;
	at com.kms.katalon.core.keyword.internal.KeywordExecutor.executeKeywordForPlatform(KeywordExecutor.groovy:56)&#xD;
	at com.kms.katalon.core.webui.keyword.WebUiBuiltInKeywords.click(WebUiBuiltInKeywords.groovy:616)&#xD;
	at com.kms.katalon.core.webui.keyword.WebUiBuiltInKeywords$click$4.call(Unknown Source)&#xD;
	at CLNK-30888 - BO - Re-run Compliance Authorization.run(CLNK-30888 - BO - Re-run Compliance Authorization:79)&#xD;
	at com.kms.katalon.core.main.ScriptEngine.run(ScriptEngine.java:194)&#xD;
	at com.kms.katalon.core.main.ScriptEngine.runScriptAsRawText(ScriptEngine.java:119)&#xD;
	at com.kms.katalon.core.main.TestCaseExecutor.runScript(TestCaseExecutor.java:337)&#xD;
	at com.kms.katalon.core.main.TestCaseExecutor.doExecute(TestCaseExecutor.java:328)&#xD;
	at com.kms.katalon.core.main.TestCaseExecutor.processExecutionPhase(TestCaseExecutor.java:307)&#xD;
	at com.kms.katalon.core.main.TestCaseExecutor.accessMainPhase(TestCaseExecutor.java:299)&#xD;
	at com.kms.katalon.core.main.TestCaseExecutor.execute(TestCaseExecutor.java:233)&#xD;
	at com.kms.katalon.core.main.TestSuiteExecutor.accessTestCaseMainPhase(TestSuiteExecutor.java:169)&#xD;
	at com.kms.katalon.core.main.TestSuiteExecutor.accessTestSuiteMainPhase(TestSuiteExecutor.java:142)&#xD;
	at com.kms.katalon.core.main.TestSuiteExecutor.execute(TestSuiteExecutor.java:91)&#xD;
	at com.kms.katalon.core.main.TestCaseMain.startTestSuite(TestCaseMain.java:157)&#xD;
	at com.kms.katalon.core.main.TestCaseMain$startTestSuite$0.call(Unknown Source)&#xD;
	at TempTestSuite1568904021899.run(TempTestSuite1568904021899.groovy:35)&#xD;
Caused by: org.openqa.selenium.ElementNotInteractableException: element not interactable
  (Session info: chrome=76.0.3809.132)
Build info: version: '3.141.59', revision: 'e82be7d358', time: '2018-11-14T08:25:53'
System info: host: 'DESKTOP-BPONDF2', ip: '192.168.0.121', os.name: 'Windows 10', os.arch: 'amd64', os.version: '10.0', java.version: '1.8.0_181'
Driver info: com.kms.katalon.selenium.driver.CChromeDriver
Capabilities {acceptInsecureCerts: false, browserName: chrome, browserVersion: 76.0.3809.132, chrome: {chromedriverVersion: 76.0.3809.126 (d80a294506b4..., userDataDir: C:\Users\isaac\AppData\Loca...}, goog:chromeOptions: {debuggerAddress: localhost:52633}, javascriptEnabled: true, networkConnectionEnabled: false, pageLoadStrategy: normal, platform: XP, platformName: XP, proxy: Proxy(), setWindowRect: true, strictFileInteractability: false, timeouts: {implicit: 0, pageLoad: 300000, script: 30000}, unhandledPromptBehavior: dismiss and notify}
Session ID: 02267d3710844884b90d19d915831b41&#xD;
	at org.openqa.selenium.remote.http.W3CHttpResponseCodec.createException(W3CHttpResponseCodec.java:187)&#xD;
	at org.openqa.selenium.remote.http.W3CHttpResponseCodec.decode(W3CHttpResponseCodec.java:122)&#xD;
	at org.openqa.selenium.remote.http.W3CHttpResponseCodec.decode(W3CHttpResponseCodec.java:49)&#xD;
	at org.openqa.selenium.remote.HttpCommandExecutor.execute(HttpCommandExecutor.java:158)&#xD;
	at org.openqa.selenium.remote.service.DriverCommandExecutor.execute(DriverCommandExecutor.java:83)&#xD;
	at org.openqa.selenium.remote.RemoteWebDriver.execute(RemoteWebDriver.java:552)&#xD;
	at com.kms.katalon.selenium.driver.CChromeDriver.execute(CChromeDriver.java:20)&#xD;
	at org.openqa.selenium.remote.RemoteWebElement.execute(RemoteWebElement.java:285)&#xD;
	at org.openqa.selenium.remote.RemoteWebElement.click(RemoteWebElement.java:84)&#xD;
	at com.kms.katalon.core.webui.keyword.builtin.ClickKeyword$_click_closure1.doCall(ClickKeyword.groovy:79)&#xD;
	at com.kms.katalon.core.webui.keyword.builtin.ClickKeyword$_click_closure1.call(ClickKeyword.groovy)&#xD;
	at com.kms.katalon.core.webui.keyword.internal.WebUIKeywordMain.runKeyword(WebUIKeywordMain.groovy:20)&#xD;
	at com.kms.katalon.core.webui.keyword.builtin.ClickKeyword.click(ClickKeyword.groovy:86)&#xD;
	at com.kms.katalon.core.webui.keyword.builtin.ClickKeyword.execute(ClickKeyword.groovy:67)&#xD;
	at com.kms.katalon.core.keyword.internal.KeywordExecutor.executeKeywordForPlatform(KeywordExecutor.groovy:56)&#xD;
	at com.kms.katalon.core.webui.keyword.WebUiBuiltInKeywords.click(WebUiBuiltInKeywords.groovy:616)&#xD;
	at com.kms.katalon.core.webui.keyword.WebUiBuiltInKeywords$click$4.call(Unknown Source)&#xD;
	at Script1567021926331.run(Script1567021926331.groovy:79)&#xD;
	... 13 more&#xD;
)&#xD;
&#xD;
2019-09-19 12:26:42 - [MESSAGE][WARNING] - Unable to click on object 'Object Repository/Regression BackOffice/CLINK-30888/StartButton' (Root cause: com.kms.katalon.core.exception.StepFailedException: Unable to click on object 'Object Repository/Regression BackOffice/CLINK-30888/StartButton'&#xD;
	at com.kms.katalon.core.webui.keyword.internal.WebUIKeywordMain.stepFailed(WebUIKeywordMain.groovy:64)&#xD;
	at com.kms.katalon.core.webui.keyword.internal.WebUIKeywordMain.runKeyword(WebUIKeywordMain.groovy:26)&#xD;
	at com.kms.katalon.core.webui.keyword.builtin.ClickKeyword.click(ClickKeyword.groovy:86)&#xD;
	at com.kms.katalon.core.webui.keyword.builtin.ClickKeyword.execute(ClickKeyword.groovy:67)&#xD;
	at com.kms.katalon.core.keyword.internal.KeywordExecutor.executeKeywordForPlatform(KeywordExecutor.groovy:56)&#xD;
	at com.kms.katalon.core.webui.keyword.WebUiBuiltInKeywords.click(WebUiBuiltInKeywords.groovy:616)&#xD;
	at com.kms.katalon.core.webui.keyword.WebUiBuiltInKeywords$click$4.call(Unknown Source)&#xD;
	at CLNK-30888 - BO - Re-run Compliance Authorization.run(CLNK-30888 - BO - Re-run Compliance Authorization:79)&#xD;
	at com.kms.katalon.core.main.ScriptEngine.run(ScriptEngine.java:194)&#xD;
	at com.kms.katalon.core.main.ScriptEngine.runScriptAsRawText(ScriptEngine.java:119)&#xD;
	at com.kms.katalon.core.main.TestCaseExecutor.runScript(TestCaseExecutor.java:337)&#xD;
	at com.kms.katalon.core.main.TestCaseExecutor.doExecute(TestCaseExecutor.java:328)&#xD;
	at com.kms.katalon.core.main.TestCaseExecutor.processExecutionPhase(TestCaseExecutor.java:307)&#xD;
	at com.kms.katalon.core.main.TestCaseExecutor.accessMainPhase(TestCaseExecutor.java:299)&#xD;
	at com.kms.katalon.core.main.TestCaseExecutor.execute(TestCaseExecutor.java:233)&#xD;
	at com.kms.katalon.core.main.TestSuiteExecutor.accessTestCaseMainPhase(TestSuiteExecutor.java:169)&#xD;
	at com.kms.katalon.core.main.TestSuiteExecutor.accessTestSuiteMainPhase(TestSuiteExecutor.java:142)&#xD;
	at com.kms.katalon.core.main.TestSuiteExecutor.execute(TestSuiteExecutor.java:91)&#xD;
	at com.kms.katalon.core.main.TestCaseMain.startTestSuite(TestCaseMain.java:157)&#xD;
	at com.kms.katalon.core.main.TestCaseMain$startTestSuite$0.call(Unknown Source)&#xD;
	at TempTestSuite1568904021899.run(TempTestSuite1568904021899.groovy:35)&#xD;
Caused by: org.openqa.selenium.ElementNotInteractableException: element not interactable
  (Session info: chrome=76.0.3809.132)
Build info: version: '3.141.59', revision: 'e82be7d358', time: '2018-11-14T08:25:53'
System info: host: 'DESKTOP-BPONDF2', ip: '192.168.0.121', os.name: 'Windows 10', os.arch: 'amd64', os.version: '10.0', java.version: '1.8.0_181'
Driver info: com.kms.katalon.selenium.driver.CChromeDriver
Capabilities {acceptInsecureCerts: false, browserName: chrome, browserVersion: 76.0.3809.132, chrome: {chromedriverVersion: 76.0.3809.126 (d80a294506b4..., userDataDir: C:\Users\isaac\AppData\Loca...}, goog:chromeOptions: {debuggerAddress: localhost:52633}, javascriptEnabled: true, networkConnectionEnabled: false, pageLoadStrategy: normal, platform: XP, platformName: XP, proxy: Proxy(), setWindowRect: true, strictFileInteractability: false, timeouts: {implicit: 0, pageLoad: 300000, script: 30000}, unhandledPromptBehavior: dismiss and notify}
Session ID: 02267d3710844884b90d19d915831b41&#xD;
	at org.openqa.selenium.remote.http.W3CHttpResponseCodec.createException(W3CHttpResponseCodec.java:187)&#xD;
	at org.openqa.selenium.remote.http.W3CHttpResponseCodec.decode(W3CHttpResponseCodec.java:122)&#xD;
	at org.openqa.selenium.remote.http.W3CHttpResponseCodec.decode(W3CHttpResponseCodec.java:49)&#xD;
	at org.openqa.selenium.remote.HttpCommandExecutor.execute(HttpCommandExecutor.java:158)&#xD;
	at org.openqa.selenium.remote.service.DriverCommandExecutor.execute(DriverCommandExecutor.java:83)&#xD;
	at org.openqa.selenium.remote.RemoteWebDriver.execute(RemoteWebDriver.java:552)&#xD;
	at com.kms.katalon.selenium.driver.CChromeDriver.execute(CChromeDriver.java:20)&#xD;
	at org.openqa.selenium.remote.RemoteWebElement.execute(RemoteWebElement.java:285)&#xD;
	at org.openqa.selenium.remote.RemoteWebElement.click(RemoteWebElement.java:84)&#xD;
	at com.kms.katalon.core.webui.keyword.builtin.ClickKeyword$_click_closure1.doCall(ClickKeyword.groovy:79)&#xD;
	at com.kms.katalon.core.webui.keyword.builtin.ClickKeyword$_click_closure1.call(ClickKeyword.groovy)&#xD;
	at com.kms.katalon.core.webui.keyword.internal.WebUIKeywordMain.runKeyword(WebUIKeywordMain.groovy:20)&#xD;
	at com.kms.katalon.core.webui.keyword.builtin.ClickKeyword.click(ClickKeyword.groovy:86)&#xD;
	at com.kms.katalon.core.webui.keyword.builtin.ClickKeyword.execute(ClickKeyword.groovy:67)&#xD;
	at com.kms.katalon.core.keyword.internal.KeywordExecutor.executeKeywordForPlatform(KeywordExecutor.groovy:56)&#xD;
	at com.kms.katalon.core.webui.keyword.WebUiBuiltInKeywords.click(WebUiBuiltInKeywords.groovy:616)&#xD;
	at com.kms.katalon.core.webui.keyword.WebUiBuiltInKeywords$click$4.call(Unknown Source)&#xD;
	at Script1567021926331.run(Script1567021926331.groovy:79)&#xD;
	... 13 more&#xD;
)&#xD;
[[ATTACHMENT|C:\\Users\\isaac\\Desktop\\Clientes\\ProcuraCanada\\Katalon Studio\\Continulink\\Reports\\20190919_113944\\Regression BackOffice\\Regression BackOffice\\20190919_114021\\1568906802491.png]]&#xD;
&#xD;
2019-09-19 12:26:42 - [TEST_STEP][PASSED] - delay(600): Delayed 600 second(s)&#xD;
&#xD;
2019-09-19 12:36:42 - [MESSAGE][PASSED] - Delayed 600 second(s)&#xD;
&#xD;
2019-09-19 12:36:42 - [TEST_STEP][PASSED] - closeBrowser(): Browser is closed&#xD;
&#xD;
2019-09-19 12:36:43 - [MESSAGE][PASSED] - Browser is closed</system-out>
            <system-err></system-err>
        </testcase>
        <system-out>2019-09-19 11:40:28 - [TEST_SUITE][INCOMPLETE] - Regression BackOffice: null</system-out>
        <system-err>2019-09-19 11:40:28 - [TEST_SUITE][INCOMPLETE] - Regression BackOffice: null</system-err>
    </testsuite>
</testsuites>
