<?xml version="1.0" encoding="UTF-8"?>
<testsuites name="Regression BackOffice" time="1086" tests="13" failures="4" errors="0">
   <testsuite name="Regression BackOffice" tests="13" failures="4" errors="0" time="1086" timestamp="2019-03-21 17:51:34" hostname="isaac - DESKTOP-RO0FF5F" id="Test Suites/Regression BackOffice/Regression BackOffice">
      <properties>
         <property name="deviceName" value=""/>
         <property name="devicePlatform" value=""/>
         <property name="logFolder" value="C:\\Users\\isaac\\Katalon Studio\\Continulink\\Reports\\Regression BackOffice\\Regression BackOffice\\20190321_175127"/>
         <property name="logFiles" value="C:\\Users\\isaac\\Katalon Studio\\Continulink\\Reports\\Regression BackOffice\\Regression BackOffice\\20190321_175127\\execution0.log"/>
         <property name="attachments" value="C:\\Users\\isaac\\Katalon Studio\\Continulink\\Reports\\Regression BackOffice\\Regression BackOffice\\20190321_175127\\1553202576836.png, C:\\Users\\isaac\\Katalon Studio\\Continulink\\Reports\\Regression BackOffice\\Regression BackOffice\\20190321_175127\\1553202577478.png"/>
         <property name="hostName" value="isaac - DESKTOP-RO0FF5F"/>
         <property name="os" value="Windows 10 64bit"/>
         <property name="katalonVersion" value="6.0.5.4"/>
         <property name="browser" value="Chrome 72.0.3626.121"/>
         <property name="hostAddress" value="192.168.0.103"/>
         <property name="sessionId" value="134bb024278d24cbb60c9a0278fb3d5c"/>
         <property name="seleniumVersion" value="3.7.1"/>
         <property name="proxyInformation" value="ProxyInformation{proxyOption=NO_PROXY, proxyServerType=HTTP, password=, proxyServerAddress=, proxyServerPort=0}"/>
         <property name="platform" value="Windows 10"/>
      </properties>
      <testcase name="Test Cases/Regression BackOffice (All Browsers)/CLNK-17788 - (Task A) New Clinical Manager Caregiver Property" classname="Test Cases/Regression BackOffice (All Browsers)/CLNK-17788 - (Task A) New Clinical Manager Caregiver Property" status="PASSED">
         <system-out><![CDATA[2019-03-21 17:51:35 - [TEST_CASE][PASSED] - Test Cases/Regression BackOffice (All Browsers)/CLNK-17788 - (Task A) New Clinical Manager Caregiver Property: Test Cases/Regression BackOffice (All Browsers)/CLNK-17788 - (Task A) New Clinical Manager Caregiver Property

2019-03-21 17:51:37 - [TEST_STEP][PASSED] - callTestCase(findTestCase("Regression BackOffice (All Browsers)/CLNK-23439 - Clink - Back office Client"), [:], STOP_ON_FAILURE): Call Test Case 'Test Cases/Regression BackOffice (All Browsers)/CLNK-23439 - Clink - Back office Client' successfully

2019-03-21 17:51:37 - [TEST_CASE][PASSED] - Test Cases/Regression BackOffice (All Browsers)/CLNK-23439 - Clink - Back office Client: Test Cases/Regression BackOffice (All Browsers)/CLNK-23439 - Clink - Back office Client

2019-03-21 17:51:38 - [TEST_STEP][PASSED] - openBrowser(G_SiteBackOffice): Browser is opened with url: 'http://qanewpoc.continulink.com:81/backoffice/Login.aspx'

2019-03-21 17:51:40 - [MESSAGE][INFO] - Starting 'Chrome' driver

2019-03-21 17:51:40 - [MESSAGE][INFO] - Action delay is set to 0 seconds

2019-03-21 17:51:54 - [MESSAGE][PASSED] - Browser is opened with url: 'http://qanewpoc.continulink.com:81/backoffice/Login.aspx'

2019-03-21 17:51:54 - [TEST_STEP][PASSED] - waitForPageLoad(60): Wait for page load successfully

2019-03-21 17:51:54 - [MESSAGE][PASSED] - Wait for page load successfully

2019-03-21 17:51:54 - [TEST_STEP][PASSED] - maximizeWindow(): Current window maximized

2019-03-21 17:51:55 - [MESSAGE][PASSED] - Current window maximized

2019-03-21 17:51:55 - [TEST_STEP][PASSED] - setText(findTestObject("Regression BackOffice/Login/UserBackOffice"), G_UserBackOffice): Text 'demo' is set on object 'Object Repository/Regression BackOffice/Login/UserBackOffice'

2019-03-21 17:51:56 - [MESSAGE][PASSED] - Text 'demo' is set on object 'Object Repository/Regression BackOffice/Login/UserBackOffice'

2019-03-21 17:51:56 - [TEST_STEP][PASSED] - setText(findTestObject("Regression BackOffice/Login/PasswordBackOffice"), G_PasswordBackOffice): Text 'qwerty' is set on object 'Object Repository/Regression BackOffice/Login/PasswordBackOffice'

2019-03-21 17:51:56 - [MESSAGE][PASSED] - Text 'qwerty' is set on object 'Object Repository/Regression BackOffice/Login/PasswordBackOffice'

2019-03-21 17:51:56 - [TEST_STEP][PASSED] - click(findTestObject("Regression BackOffice/Login/LoginBackOffice")): Object: 'Object Repository/Regression BackOffice/Login/LoginBackOffice' is clicked on

2019-03-21 17:52:04 - [MESSAGE][PASSED] - Object: 'Object Repository/Regression BackOffice/Login/LoginBackOffice' is clicked on

2019-03-21 17:52:04 - [TEST_STEP][PASSED] - waitForPageLoad(60): Wait for page load successfully

2019-03-21 17:52:04 - [MESSAGE][PASSED] - Wait for page load successfully

2019-03-21 17:52:04 - [TEST_STEP][PASSED] - delay(3): Delayed 3 second(s)

2019-03-21 17:52:07 - [MESSAGE][PASSED] - Delayed 3 second(s)

2019-03-21 17:52:07 - [TEST_STEP][PASSED] - switchToFrame(findTestObject("Regression BackOffice/CLNK-23449/FrameLeft"), 5): null

2019-03-21 17:52:07 - [TEST_STEP][PASSED] - waitForElementPresent(findTestObject("Regression BackOffice/CLNK-23449/ClienIntakeICon"), 60): Object 'Object Repository/Regression BackOffice/CLNK-23449/ClienIntakeICon' is present

2019-03-21 17:52:07 - [MESSAGE][PASSED] - Object 'Object Repository/Regression BackOffice/CLNK-23449/ClienIntakeICon' is present

2019-03-21 17:52:07 - [TEST_STEP][PASSED] - verifyElementPresent(findTestObject("Regression BackOffice/CLNK-23449/ClienIntakeICon"), 100): Object 'Object Repository/Regression BackOffice/CLNK-23449/ClienIntakeICon' is present

2019-03-21 17:52:07 - [MESSAGE][PASSED] - Object 'Object Repository/Regression BackOffice/CLNK-23449/ClienIntakeICon' is present

2019-03-21 17:52:07 - [TEST_STEP][PASSED] - switchToDefaultContent(): null

2019-03-21 17:52:08 - [MESSAGE][PASSED] - Call Test Case 'Test Cases/Regression BackOffice (All Browsers)/CLNK-23439 - Clink - Back office Client' successfully

2019-03-21 17:52:08 - [TEST_STEP][PASSED] - waitForPageLoad(60): Wait for page load successfully

2019-03-21 17:52:08 - [MESSAGE][PASSED] - Wait for page load successfully

2019-03-21 17:52:08 - [TEST_STEP][PASSED] - delay(3): Delayed 3 second(s)

2019-03-21 17:52:11 - [MESSAGE][PASSED] - Delayed 3 second(s)

2019-03-21 17:52:11 - [TEST_STEP][PASSED] - switchToFrame(findTestObject("Regression BackOffice/CLNK-23449/FrameLeft"), 30): null

2019-03-21 17:52:11 - [TEST_STEP][PASSED] - waitForElementPresent(findTestObject("Regression BackOffice/CLINK-17788/CaregiverHRLink"), 100): Object 'Object Repository/Regression BackOffice/CLINK-17788/CaregiverHRLink' is present

2019-03-21 17:52:11 - [MESSAGE][PASSED] - Object 'Object Repository/Regression BackOffice/CLINK-17788/CaregiverHRLink' is present

2019-03-21 17:52:11 - [TEST_STEP][PASSED] - click(findTestObject("Regression BackOffice/CLINK-17788/CaregiverHRLink")): Object: 'Object Repository/Regression BackOffice/CLINK-17788/CaregiverHRLink' is clicked on

2019-03-21 17:52:11 - [MESSAGE][PASSED] - Object: 'Object Repository/Regression BackOffice/CLINK-17788/CaregiverHRLink' is clicked on

2019-03-21 17:52:11 - [TEST_STEP][PASSED] - delay(2): Delayed 2 second(s)

2019-03-21 17:52:13 - [MESSAGE][PASSED] - Delayed 2 second(s)

2019-03-21 17:52:13 - [TEST_STEP][PASSED] - waitForPageLoad(50): Wait for page load successfully

2019-03-21 17:52:13 - [MESSAGE][PASSED] - Wait for page load successfully

2019-03-21 17:52:13 - [TEST_STEP][PASSED] - waitForElementPresent(findTestObject("Regression BackOffice/CLINK-17788/CaregiverDemographics"), 50): Object 'Object Repository/Regression BackOffice/CLINK-17788/CaregiverDemographics' is present

2019-03-21 17:52:14 - [MESSAGE][PASSED] - Object 'Object Repository/Regression BackOffice/CLINK-17788/CaregiverDemographics' is present

2019-03-21 17:52:14 - [TEST_STEP][PASSED] - click(findTestObject("Regression BackOffice/CLINK-17788/CaregiverDemographics")): Object: 'Object Repository/Regression BackOffice/CLINK-17788/CaregiverDemographics' is clicked on

2019-03-21 17:52:15 - [MESSAGE][PASSED] - Object: 'Object Repository/Regression BackOffice/CLINK-17788/CaregiverDemographics' is clicked on

2019-03-21 17:52:15 - [TEST_STEP][PASSED] - delay(2): Delayed 2 second(s)

2019-03-21 17:52:17 - [MESSAGE][PASSED] - Delayed 2 second(s)

2019-03-21 17:52:17 - [TEST_STEP][PASSED] - switchToDefaultContent(): null

2019-03-21 17:52:17 - [TEST_STEP][PASSED] - switchToFrame(findTestObject("Regression BackOffice/CLNK-23449/FrameMain"), 30): null

2019-03-21 17:52:18 - [TEST_STEP][PASSED] - waitForElementPresent(findTestObject("Regression BackOffice/CLINK-17788/LastNameSearch"), 50): Object 'Object Repository/Regression BackOffice/CLINK-17788/LastNameSearch' is present

2019-03-21 17:52:18 - [MESSAGE][PASSED] - Object 'Object Repository/Regression BackOffice/CLINK-17788/LastNameSearch' is present

2019-03-21 17:52:18 - [TEST_STEP][PASSED] - setText(findTestObject("Regression BackOffice/CLINK-17788/LastNameSearch"), G_LastNameSearch): Text 'Abbott' is set on object 'Object Repository/Regression BackOffice/CLINK-17788/LastNameSearch'

2019-03-21 17:52:18 - [MESSAGE][PASSED] - Text 'Abbott' is set on object 'Object Repository/Regression BackOffice/CLINK-17788/LastNameSearch'

2019-03-21 17:52:18 - [TEST_STEP][PASSED] - delay(2): Delayed 2 second(s)

2019-03-21 17:52:20 - [MESSAGE][PASSED] - Delayed 2 second(s)

2019-03-21 17:52:20 - [TEST_STEP][PASSED] - waitForElementPresent(findTestObject("Regression BackOffice/CLINK-17788/SearchButton"), 50): Object 'Object Repository/Regression BackOffice/CLINK-17788/SearchButton' is present

2019-03-21 17:52:20 - [MESSAGE][PASSED] - Object 'Object Repository/Regression BackOffice/CLINK-17788/SearchButton' is present

2019-03-21 17:52:20 - [TEST_STEP][PASSED] - click(findTestObject("Regression BackOffice/CLINK-17788/SearchButton"), STOP_ON_FAILURE): Object: 'Object Repository/Regression BackOffice/CLINK-17788/SearchButton' is clicked on

2019-03-21 17:52:21 - [MESSAGE][PASSED] - Object: 'Object Repository/Regression BackOffice/CLINK-17788/SearchButton' is clicked on

2019-03-21 17:52:21 - [TEST_STEP][PASSED] - delay(2): Delayed 2 second(s)

2019-03-21 17:52:23 - [MESSAGE][PASSED] - Delayed 2 second(s)

2019-03-21 17:52:23 - [TEST_STEP][PASSED] - waitForElementPresent(findTestObject("Regression BackOffice/CLINK-17788/UserLink"), 50): Object 'Object Repository/Regression BackOffice/CLINK-17788/UserLink' is present

2019-03-21 17:52:23 - [MESSAGE][PASSED] - Object 'Object Repository/Regression BackOffice/CLINK-17788/UserLink' is present

2019-03-21 17:52:23 - [TEST_STEP][PASSED] - click(findTestObject("Regression BackOffice/CLINK-17788/UserLink"), STOP_ON_FAILURE): Object: 'Object Repository/Regression BackOffice/CLINK-17788/UserLink' is clicked on

2019-03-21 17:52:27 - [MESSAGE][PASSED] - Object: 'Object Repository/Regression BackOffice/CLINK-17788/UserLink' is clicked on

2019-03-21 17:52:27 - [TEST_STEP][PASSED] - delay(2): Delayed 2 second(s)

2019-03-21 17:52:29 - [MESSAGE][PASSED] - Delayed 2 second(s)

2019-03-21 17:52:29 - [TEST_STEP][PASSED] - scrollToElement(findTestObject("Regression BackOffice/CLINK-17788/OtherInformationSection"), 20): Scroll to object 'Object Repository/Regression BackOffice/CLINK-17788/OtherInformationSection' successfully

2019-03-21 17:52:29 - [MESSAGE][PASSED] - Scroll to object 'Object Repository/Regression BackOffice/CLINK-17788/OtherInformationSection' successfully

2019-03-21 17:52:29 - [TEST_STEP][PASSED] - waitForElementPresent(findTestObject("Regression BackOffice/CLINK-17788/YesCareManager"), 50): Object 'Object Repository/Regression BackOffice/CLINK-17788/YesCareManager' is present

2019-03-21 17:52:29 - [MESSAGE][PASSED] - Object 'Object Repository/Regression BackOffice/CLINK-17788/YesCareManager' is present

2019-03-21 17:52:29 - [TEST_STEP][PASSED] - click(findTestObject("Regression BackOffice/CLINK-17788/YesCareManager"), STOP_ON_FAILURE): Object: 'Object Repository/Regression BackOffice/CLINK-17788/YesCareManager' is clicked on

2019-03-21 17:52:29 - [MESSAGE][PASSED] - Object: 'Object Repository/Regression BackOffice/CLINK-17788/YesCareManager' is clicked on

2019-03-21 17:52:29 - [TEST_STEP][PASSED] - delay(2): Delayed 2 second(s)

2019-03-21 17:52:31 - [MESSAGE][PASSED] - Delayed 2 second(s)

2019-03-21 17:52:31 - [TEST_STEP][PASSED] - waitForElementPresent(findTestObject("Regression BackOffice/CLINK-17788/NoClinicalManager"), 50): Object 'Object Repository/Regression BackOffice/CLINK-17788/NoClinicalManager' is present

2019-03-21 17:52:31 - [MESSAGE][PASSED] - Object 'Object Repository/Regression BackOffice/CLINK-17788/NoClinicalManager' is present

2019-03-21 17:52:31 - [TEST_STEP][PASSED] - click(findTestObject("Regression BackOffice/CLINK-17788/NoClinicalManager"), STOP_ON_FAILURE): Object: 'Object Repository/Regression BackOffice/CLINK-17788/NoClinicalManager' is clicked on

2019-03-21 17:52:32 - [MESSAGE][PASSED] - Object: 'Object Repository/Regression BackOffice/CLINK-17788/NoClinicalManager' is clicked on

2019-03-21 17:52:32 - [TEST_STEP][PASSED] - switchToDefaultContent(): null

2019-03-21 17:52:32 - [TEST_STEP][PASSED] - delay(2): Delayed 2 second(s)

2019-03-21 17:52:34 - [MESSAGE][PASSED] - Delayed 2 second(s)

2019-03-21 17:52:34 - [TEST_STEP][PASSED] - switchToFrame(findTestObject("Regression BackOffice/CLINK-17788/BannerFrame"), 30): null

2019-03-21 17:52:34 - [TEST_STEP][PASSED] - waitForElementPresent(findTestObject("Regression BackOffice/CLINK-17788/SaveButton"), 50): Object 'Object Repository/Regression BackOffice/CLINK-17788/SaveButton' is present

2019-03-21 17:52:34 - [MESSAGE][WARNING] - Test object with id 'Object Repository/CLINK-17788/Page_InterLink/frame_Capture object_BannerFra' does not exist

2019-03-21 17:52:34 - [MESSAGE][PASSED] - Object 'Object Repository/Regression BackOffice/CLINK-17788/SaveButton' is present

2019-03-21 17:52:34 - [TEST_STEP][PASSED] - click(findTestObject("Regression BackOffice/CLINK-17788/SaveButton"), STOP_ON_FAILURE): Object: 'Object Repository/Regression BackOffice/CLINK-17788/SaveButton' is clicked on

2019-03-21 17:52:34 - [MESSAGE][WARNING] - Test object with id 'Object Repository/CLINK-17788/Page_InterLink/frame_Capture object_BannerFra' does not exist

2019-03-21 17:52:42 - [MESSAGE][PASSED] - Object: 'Object Repository/Regression BackOffice/CLINK-17788/SaveButton' is clicked on

2019-03-21 17:52:42 - [TEST_STEP][PASSED] - delay(2): Delayed 2 second(s)

2019-03-21 17:52:44 - [MESSAGE][PASSED] - Delayed 2 second(s)]]></system-out>
         <system-err><![CDATA[]]></system-err>
      </testcase>
      <testcase name="Test Cases/Regression BackOffice (All Browsers)/CLNK-27906 - (Task B) Update Care Manager Control in Admission Details" classname="Test Cases/Regression BackOffice (All Browsers)/CLNK-27906 - (Task B) Update Care Manager Control in Admission Details" status="PASSED">
         <system-out><![CDATA[2019-03-21 17:52:47 - [TEST_CASE][PASSED] - Test Cases/Regression BackOffice (All Browsers)/CLNK-27906 - (Task B) Update Care Manager Control in Admission Details: Test Cases/Regression BackOffice (All Browsers)/CLNK-27906 - (Task B) Update Care Manager Control in Admission Details

2019-03-21 17:52:47 - [TEST_STEP][PASSED] - callTestCase(findTestCase("Regression BackOffice (All Browsers)/CLNK-23439 - Clink - Back office Client"), [:], STOP_ON_FAILURE): Call Test Case 'Test Cases/Regression BackOffice (All Browsers)/CLNK-23439 - Clink - Back office Client' successfully

2019-03-21 17:52:47 - [TEST_CASE][PASSED] - Test Cases/Regression BackOffice (All Browsers)/CLNK-23439 - Clink - Back office Client: Test Cases/Regression BackOffice (All Browsers)/CLNK-23439 - Clink - Back office Client

2019-03-21 17:52:47 - [TEST_STEP][PASSED] - openBrowser(G_SiteBackOffice): Browser is opened with url: 'http://qanewpoc.continulink.com:81/backoffice/Login.aspx'

2019-03-21 17:52:47 - [MESSAGE][WARNING] - A browser is already opened. Closing browser and opening a new one

2019-03-21 17:52:48 - [MESSAGE][INFO] - Starting 'Chrome' driver

2019-03-21 17:52:55 - [MESSAGE][PASSED] - Browser is opened with url: 'http://qanewpoc.continulink.com:81/backoffice/Login.aspx'

2019-03-21 17:52:55 - [TEST_STEP][PASSED] - waitForPageLoad(60): Wait for page load successfully

2019-03-21 17:52:55 - [MESSAGE][PASSED] - Wait for page load successfully

2019-03-21 17:52:55 - [TEST_STEP][PASSED] - maximizeWindow(): Current window maximized

2019-03-21 17:52:57 - [MESSAGE][PASSED] - Current window maximized

2019-03-21 17:52:57 - [TEST_STEP][PASSED] - setText(findTestObject("Regression BackOffice/Login/UserBackOffice"), G_UserBackOffice): Text 'demo' is set on object 'Object Repository/Regression BackOffice/Login/UserBackOffice'

2019-03-21 17:52:57 - [MESSAGE][PASSED] - Text 'demo' is set on object 'Object Repository/Regression BackOffice/Login/UserBackOffice'

2019-03-21 17:52:57 - [TEST_STEP][PASSED] - setText(findTestObject("Regression BackOffice/Login/PasswordBackOffice"), G_PasswordBackOffice): Text 'qwerty' is set on object 'Object Repository/Regression BackOffice/Login/PasswordBackOffice'

2019-03-21 17:52:57 - [MESSAGE][PASSED] - Text 'qwerty' is set on object 'Object Repository/Regression BackOffice/Login/PasswordBackOffice'

2019-03-21 17:52:57 - [TEST_STEP][PASSED] - click(findTestObject("Regression BackOffice/Login/LoginBackOffice")): Object: 'Object Repository/Regression BackOffice/Login/LoginBackOffice' is clicked on

2019-03-21 17:53:03 - [MESSAGE][PASSED] - Object: 'Object Repository/Regression BackOffice/Login/LoginBackOffice' is clicked on

2019-03-21 17:53:04 - [TEST_STEP][PASSED] - waitForPageLoad(60): Wait for page load successfully

2019-03-21 17:53:04 - [MESSAGE][PASSED] - Wait for page load successfully

2019-03-21 17:53:04 - [TEST_STEP][PASSED] - delay(3): Delayed 3 second(s)

2019-03-21 17:53:07 - [MESSAGE][PASSED] - Delayed 3 second(s)

2019-03-21 17:53:07 - [TEST_STEP][PASSED] - switchToFrame(findTestObject("Regression BackOffice/CLNK-23449/FrameLeft"), 5): null

2019-03-21 17:53:07 - [TEST_STEP][PASSED] - waitForElementPresent(findTestObject("Regression BackOffice/CLNK-23449/ClienIntakeICon"), 60): Object 'Object Repository/Regression BackOffice/CLNK-23449/ClienIntakeICon' is present

2019-03-21 17:53:07 - [MESSAGE][PASSED] - Object 'Object Repository/Regression BackOffice/CLNK-23449/ClienIntakeICon' is present

2019-03-21 17:53:07 - [TEST_STEP][PASSED] - verifyElementPresent(findTestObject("Regression BackOffice/CLNK-23449/ClienIntakeICon"), 100): Object 'Object Repository/Regression BackOffice/CLNK-23449/ClienIntakeICon' is present

2019-03-21 17:53:07 - [MESSAGE][PASSED] - Object 'Object Repository/Regression BackOffice/CLNK-23449/ClienIntakeICon' is present

2019-03-21 17:53:07 - [TEST_STEP][PASSED] - switchToDefaultContent(): null

2019-03-21 17:53:07 - [MESSAGE][PASSED] - Call Test Case 'Test Cases/Regression BackOffice (All Browsers)/CLNK-23439 - Clink - Back office Client' successfully

2019-03-21 17:53:07 - [TEST_STEP][PASSED] - waitForPageLoad(60): Wait for page load successfully

2019-03-21 17:53:07 - [MESSAGE][PASSED] - Wait for page load successfully

2019-03-21 17:53:07 - [TEST_STEP][PASSED] - delay(3): Delayed 3 second(s)

2019-03-21 17:53:10 - [MESSAGE][PASSED] - Delayed 3 second(s)

2019-03-21 17:53:10 - [TEST_STEP][PASSED] - switchToFrame(findTestObject("Regression BackOffice/CLNK-23449/FrameLeft"), 30): null

2019-03-21 17:53:10 - [TEST_STEP][PASSED] - waitForElementPresent(findTestObject("Regression BackOffice/CLNK-23449/ClienIntakeICon"), 100): Object 'Object Repository/Regression BackOffice/CLNK-23449/ClienIntakeICon' is present

2019-03-21 17:53:10 - [MESSAGE][PASSED] - Object 'Object Repository/Regression BackOffice/CLNK-23449/ClienIntakeICon' is present

2019-03-21 17:53:10 - [TEST_STEP][PASSED] - click(findTestObject("Regression BackOffice/CLNK-23449/ClienIntakeICon")): Object: 'Object Repository/Regression BackOffice/CLNK-23449/ClienIntakeICon' is clicked on

2019-03-21 17:53:10 - [MESSAGE][PASSED] - Object: 'Object Repository/Regression BackOffice/CLNK-23449/ClienIntakeICon' is clicked on

2019-03-21 17:53:10 - [TEST_STEP][PASSED] - delay(2): Delayed 2 second(s)

2019-03-21 17:53:12 - [MESSAGE][PASSED] - Delayed 2 second(s)

2019-03-21 17:53:12 - [TEST_STEP][PASSED] - waitForPageLoad(50): Wait for page load successfully

2019-03-21 17:53:12 - [MESSAGE][PASSED] - Wait for page load successfully

2019-03-21 17:53:12 - [TEST_STEP][PASSED] - waitForElementPresent(findTestObject("Regression BackOffice/CLINK - 27906/AdmissionDetails"), 50): Object 'Object Repository/Regression BackOffice/CLINK - 27906/AdmissionDetails' is present

2019-03-21 17:53:12 - [MESSAGE][PASSED] - Object 'Object Repository/Regression BackOffice/CLINK - 27906/AdmissionDetails' is present

2019-03-21 17:53:12 - [TEST_STEP][PASSED] - click(findTestObject("Regression BackOffice/CLINK - 27906/AdmissionDetails")): Object: 'Object Repository/Regression BackOffice/CLINK - 27906/AdmissionDetails' is clicked on

2019-03-21 17:53:29 - [MESSAGE][PASSED] - Object: 'Object Repository/Regression BackOffice/CLINK - 27906/AdmissionDetails' is clicked on

2019-03-21 17:53:29 - [TEST_STEP][PASSED] - delay(2): Delayed 2 second(s)

2019-03-21 17:53:31 - [MESSAGE][PASSED] - Delayed 2 second(s)

2019-03-21 17:53:31 - [TEST_STEP][PASSED] - switchToDefaultContent(): null

2019-03-21 17:53:31 - [TEST_STEP][PASSED] - switchToFrame(findTestObject("Regression BackOffice/CLNK-23449/FrameMain"), 30): null

2019-03-21 17:53:31 - [TEST_STEP][PASSED] - waitForElementPresent(findTestObject("Regression BackOffice/CLINK - 27906/Last NameAdmission"), 50): Object 'Object Repository/Regression BackOffice/CLINK - 27906/Last NameAdmission' is present

2019-03-21 17:53:31 - [MESSAGE][PASSED] - Object 'Object Repository/Regression BackOffice/CLINK - 27906/Last NameAdmission' is present

2019-03-21 17:53:31 - [TEST_STEP][PASSED] - setText(findTestObject("Regression BackOffice/CLINK - 27906/Last NameAdmission"), G_LastNameAdd): Text 'Rollback' is set on object 'Object Repository/Regression BackOffice/CLINK - 27906/Last NameAdmission'

2019-03-21 17:53:32 - [MESSAGE][PASSED] - Text 'Rollback' is set on object 'Object Repository/Regression BackOffice/CLINK - 27906/Last NameAdmission'

2019-03-21 17:53:32 - [TEST_STEP][PASSED] - delay(2): Delayed 2 second(s)

2019-03-21 17:53:34 - [MESSAGE][PASSED] - Delayed 2 second(s)

2019-03-21 17:53:34 - [TEST_STEP][PASSED] - waitForElementPresent(findTestObject("Regression BackOffice/CLINK - 27906/SearchButton"), 50): Object 'Object Repository/Regression BackOffice/CLINK - 27906/SearchButton' is present

2019-03-21 17:53:34 - [MESSAGE][PASSED] - Object 'Object Repository/Regression BackOffice/CLINK - 27906/SearchButton' is present

2019-03-21 17:53:34 - [TEST_STEP][PASSED] - click(findTestObject("Regression BackOffice/CLINK - 27906/SearchButton"), STOP_ON_FAILURE): Object: 'Object Repository/Regression BackOffice/CLINK - 27906/SearchButton' is clicked on

2019-03-21 17:53:35 - [MESSAGE][PASSED] - Object: 'Object Repository/Regression BackOffice/CLINK - 27906/SearchButton' is clicked on

2019-03-21 17:53:35 - [TEST_STEP][PASSED] - delay(2): Delayed 2 second(s)

2019-03-21 17:53:37 - [MESSAGE][PASSED] - Delayed 2 second(s)

2019-03-21 17:53:37 - [TEST_STEP][PASSED] - waitForElementPresent(findTestObject("Regression BackOffice/CLINK - 27906/ClientRollbackLink"), 50): Object 'Object Repository/Regression BackOffice/CLINK - 27906/ClientRollbackLink' is present

2019-03-21 17:53:37 - [MESSAGE][PASSED] - Object 'Object Repository/Regression BackOffice/CLINK - 27906/ClientRollbackLink' is present

2019-03-21 17:53:37 - [TEST_STEP][PASSED] - click(findTestObject("Regression BackOffice/CLINK - 27906/ClientRollbackLink"), STOP_ON_FAILURE): Object: 'Object Repository/Regression BackOffice/CLINK - 27906/ClientRollbackLink' is clicked on

2019-03-21 17:53:47 - [MESSAGE][PASSED] - Object: 'Object Repository/Regression BackOffice/CLINK - 27906/ClientRollbackLink' is clicked on

2019-03-21 17:53:47 - [TEST_STEP][PASSED] - delay(2): Delayed 2 second(s)

2019-03-21 17:53:49 - [MESSAGE][PASSED] - Delayed 2 second(s)

2019-03-21 17:53:49 - [TEST_STEP][PASSED] - switchToFrame(findTestObject("Regression BackOffice/CLNK-23449/FrameMain"), 30): null

2019-03-21 17:53:49 - [TEST_STEP][PASSED] - waitForElementPresent(findTestObject("Regression BackOffice/CLINK - 27906/ClinicalManagersLink"), 50): Object 'Object Repository/Regression BackOffice/CLINK - 27906/ClinicalManagersLink' is present

2019-03-21 17:53:49 - [MESSAGE][PASSED] - Object 'Object Repository/Regression BackOffice/CLINK - 27906/ClinicalManagersLink' is present

2019-03-21 17:53:49 - [TEST_STEP][PASSED] - click(findTestObject("Regression BackOffice/CLINK - 27906/ClinicalManagersLink"), STOP_ON_FAILURE): Object: 'Object Repository/Regression BackOffice/CLINK - 27906/ClinicalManagersLink' is clicked on

2019-03-21 17:53:49 - [MESSAGE][PASSED] - Object: 'Object Repository/Regression BackOffice/CLINK - 27906/ClinicalManagersLink' is clicked on

2019-03-21 17:53:49 - [TEST_STEP][PASSED] - delay(2): Delayed 2 second(s)

2019-03-21 17:53:51 - [MESSAGE][PASSED] - Delayed 2 second(s)

2019-03-21 17:53:51 - [TEST_STEP][PASSED] - verifyElementPresent(findTestObject("Regression BackOffice/CLINK - 27906/AddNewClinicalManagerLink"), 60): Object 'Object Repository/Regression BackOffice/CLINK - 27906/AddNewClinicalManagerLink' is present

2019-03-21 17:53:51 - [MESSAGE][PASSED] - Object 'Object Repository/Regression BackOffice/CLINK - 27906/AddNewClinicalManagerLink' is present

2019-03-21 17:53:51 - [TEST_STEP][PASSED] - waitForElementPresent(findTestObject("Regression BackOffice/CLINK - 27906/SameCareManagerChk"), 50): Object 'Object Repository/Regression BackOffice/CLINK - 27906/SameCareManagerChk' is present

2019-03-21 17:53:51 - [MESSAGE][PASSED] - Object 'Object Repository/Regression BackOffice/CLINK - 27906/SameCareManagerChk' is present

2019-03-21 17:53:51 - [TEST_STEP][PASSED] - click(findTestObject("Regression BackOffice/CLINK - 27906/SameCareManagerChk"), STOP_ON_FAILURE): Object: 'Object Repository/Regression BackOffice/CLINK - 27906/SameCareManagerChk' is clicked on

2019-03-21 17:53:52 - [MESSAGE][PASSED] - Object: 'Object Repository/Regression BackOffice/CLINK - 27906/SameCareManagerChk' is clicked on

2019-03-21 17:53:52 - [TEST_STEP][PASSED] - delay(2): Delayed 2 second(s)

2019-03-21 17:53:54 - [MESSAGE][PASSED] - Delayed 2 second(s)

2019-03-21 17:53:54 - [TEST_STEP][PASSED] - waitForElementPresent(findTestObject("Regression BackOffice/CLINK - 27906/SameCareManagerChk"), 50): Object 'Object Repository/Regression BackOffice/CLINK - 27906/SameCareManagerChk' is present

2019-03-21 17:53:54 - [MESSAGE][PASSED] - Object 'Object Repository/Regression BackOffice/CLINK - 27906/SameCareManagerChk' is present

2019-03-21 17:53:54 - [TEST_STEP][PASSED] - click(findTestObject("Regression BackOffice/CLINK - 27906/SameCareManagerChk"), STOP_ON_FAILURE): Object: 'Object Repository/Regression BackOffice/CLINK - 27906/SameCareManagerChk' is clicked on

2019-03-21 17:53:54 - [MESSAGE][PASSED] - Object: 'Object Repository/Regression BackOffice/CLINK - 27906/SameCareManagerChk' is clicked on

2019-03-21 17:53:54 - [TEST_STEP][PASSED] - delay(2): Delayed 2 second(s)

2019-03-21 17:53:56 - [MESSAGE][PASSED] - Delayed 2 second(s)

2019-03-21 17:53:56 - [TEST_STEP][PASSED] - waitForElementPresent(findTestObject("Regression BackOffice/CLINK - 27906/AddNewClinicalManagerLink"), 50): Object 'Object Repository/Regression BackOffice/CLINK - 27906/AddNewClinicalManagerLink' is present

2019-03-21 17:53:56 - [MESSAGE][PASSED] - Object 'Object Repository/Regression BackOffice/CLINK - 27906/AddNewClinicalManagerLink' is present

2019-03-21 17:53:56 - [TEST_STEP][PASSED] - click(findTestObject("Regression BackOffice/CLINK - 27906/AddNewClinicalManagerLink"), STOP_ON_FAILURE): Object: 'Object Repository/Regression BackOffice/CLINK - 27906/AddNewClinicalManagerLink' is clicked on

2019-03-21 17:53:56 - [MESSAGE][PASSED] - Object: 'Object Repository/Regression BackOffice/CLINK - 27906/AddNewClinicalManagerLink' is clicked on

2019-03-21 17:53:56 - [TEST_STEP][PASSED] - delay(2): Delayed 2 second(s)

2019-03-21 17:53:58 - [MESSAGE][PASSED] - Delayed 2 second(s)

2019-03-21 17:53:58 - [TEST_STEP][PASSED] - verifyElementPresent(findTestObject("Regression BackOffice/CLINK - 27906/Id"), 60): Object 'Object Repository/Regression BackOffice/CLINK - 27906/Id' is present

2019-03-21 17:53:58 - [MESSAGE][PASSED] - Object 'Object Repository/Regression BackOffice/CLINK - 27906/Id' is present

2019-03-21 17:53:58 - [TEST_STEP][PASSED] - verifyElementPresent(findTestObject("Regression BackOffice/CLINK - 27906/CareManagerName"), 60): Object 'Object Repository/Regression BackOffice/CLINK - 27906/CareManagerName' is present

2019-03-21 17:53:58 - [MESSAGE][PASSED] - Object 'Object Repository/Regression BackOffice/CLINK - 27906/CareManagerName' is present

2019-03-21 17:53:58 - [TEST_STEP][PASSED] - verifyElementPresent(findTestObject("Regression BackOffice/CLINK - 27906/Discipline"), 60): Object 'Object Repository/Regression BackOffice/CLINK - 27906/Discipline' is present

2019-03-21 17:53:58 - [MESSAGE][PASSED] - Object 'Object Repository/Regression BackOffice/CLINK - 27906/Discipline' is present

2019-03-21 17:53:58 - [TEST_STEP][PASSED] - verifyElementPresent(findTestObject("Regression BackOffice/CLINK - 27906/Delete"), 60): Object 'Object Repository/Regression BackOffice/CLINK - 27906/Delete' is present

2019-03-21 17:53:59 - [MESSAGE][PASSED] - Object 'Object Repository/Regression BackOffice/CLINK - 27906/Delete' is present

2019-03-21 17:53:59 - [TEST_STEP][PASSED] - waitForElementPresent(findTestObject("Regression BackOffice/CLINK - 27906/ClinicalManagerNameText"), 50): Object 'Object Repository/Regression BackOffice/CLINK - 27906/ClinicalManagerNameText' is present

2019-03-21 17:53:59 - [MESSAGE][PASSED] - Object 'Object Repository/Regression BackOffice/CLINK - 27906/ClinicalManagerNameText' is present

2019-03-21 17:53:59 - [TEST_STEP][PASSED] - setText(findTestObject("Regression BackOffice/CLINK - 27906/ClinicalManagerNameText"), G_ClinicalManager): Text 'Sarvari' is set on object 'Object Repository/Regression BackOffice/CLINK - 27906/ClinicalManagerNameText'

2019-03-21 17:53:59 - [MESSAGE][PASSED] - Text 'Sarvari' is set on object 'Object Repository/Regression BackOffice/CLINK - 27906/ClinicalManagerNameText'

2019-03-21 17:53:59 - [TEST_STEP][PASSED] - delay(2): Delayed 2 second(s)

2019-03-21 17:54:01 - [MESSAGE][PASSED] - Delayed 2 second(s)

2019-03-21 17:54:01 - [TEST_STEP][PASSED] - waitForElementPresent(findTestObject("Regression BackOffice/CLINK - 27906/li_Admin"), 50): Object 'Object Repository/Regression BackOffice/CLINK - 27906/li_Admin' is present

2019-03-21 17:54:01 - [MESSAGE][PASSED] - Object 'Object Repository/Regression BackOffice/CLINK - 27906/li_Admin' is present

2019-03-21 17:54:01 - [TEST_STEP][PASSED] - click(findTestObject("Regression BackOffice/CLINK - 27906/li_Admin"), STOP_ON_FAILURE): Object: 'Object Repository/Regression BackOffice/CLINK - 27906/li_Admin' is clicked on

2019-03-21 17:54:02 - [MESSAGE][PASSED] - Object: 'Object Repository/Regression BackOffice/CLINK - 27906/li_Admin' is clicked on

2019-03-21 17:54:02 - [TEST_STEP][PASSED] - delay(2): Delayed 2 second(s)

2019-03-21 17:54:04 - [MESSAGE][PASSED] - Delayed 2 second(s)

2019-03-21 17:54:04 - [TEST_STEP][PASSED] - waitForElementPresent(findTestObject("Regression BackOffice/CLINK - 27906/AddToListLink"), 50): Object 'Object Repository/Regression BackOffice/CLINK - 27906/AddToListLink' is present

2019-03-21 17:54:04 - [MESSAGE][PASSED] - Object 'Object Repository/Regression BackOffice/CLINK - 27906/AddToListLink' is present

2019-03-21 17:54:04 - [TEST_STEP][PASSED] - click(findTestObject("Regression BackOffice/CLINK - 27906/AddToListLink"), STOP_ON_FAILURE): Object: 'Object Repository/Regression BackOffice/CLINK - 27906/AddToListLink' is clicked on

2019-03-21 17:54:04 - [MESSAGE][PASSED] - Object: 'Object Repository/Regression BackOffice/CLINK - 27906/AddToListLink' is clicked on

2019-03-21 17:54:04 - [TEST_STEP][PASSED] - delay(2): Delayed 2 second(s)

2019-03-21 17:54:06 - [MESSAGE][PASSED] - Delayed 2 second(s)

2019-03-21 17:54:06 - [TEST_STEP][PASSED] - waitForElementPresent(findTestObject("Regression BackOffice/CLINK - 27906/DeleteIcon"), 50): Object 'Object Repository/Regression BackOffice/CLINK - 27906/DeleteIcon' is present

2019-03-21 17:54:06 - [MESSAGE][PASSED] - Object 'Object Repository/Regression BackOffice/CLINK - 27906/DeleteIcon' is present

2019-03-21 17:54:06 - [TEST_STEP][PASSED] - click(findTestObject("Regression BackOffice/CLINK - 27906/DeleteIcon"), STOP_ON_FAILURE): Object: 'Object Repository/Regression BackOffice/CLINK - 27906/DeleteIcon' is clicked on

2019-03-21 17:54:06 - [MESSAGE][PASSED] - Object: 'Object Repository/Regression BackOffice/CLINK - 27906/DeleteIcon' is clicked on

2019-03-21 17:54:06 - [TEST_STEP][PASSED] - delay(2): Delayed 2 second(s)

2019-03-21 17:54:08 - [MESSAGE][PASSED] - Delayed 2 second(s)

2019-03-21 17:54:08 - [TEST_STEP][PASSED] - acceptAlert(STOP_ON_FAILURE): Alert accepted

2019-03-21 17:54:08 - [MESSAGE][PASSED] - Alert accepted]]></system-out>
         <system-err><![CDATA[]]></system-err>
      </testcase>
      <testcase name="Test Cases/Regression BackOffice (All Browsers)/CLNK-23449 - Quick Intake Wizard" classname="Test Cases/Regression BackOffice (All Browsers)/CLNK-23449 - Quick Intake Wizard" status="PASSED">
         <system-out><![CDATA[2019-03-21 17:54:11 - [TEST_CASE][PASSED] - Test Cases/Regression BackOffice (All Browsers)/CLNK-23449 - Quick Intake Wizard: Test Cases/Regression BackOffice (All Browsers)/CLNK-23449 - Quick Intake Wizard

2019-03-21 17:54:11 - [TEST_STEP][PASSED] - callTestCase(findTestCase("Regression BackOffice (All Browsers)/CLNK-23439 - Clink - Back office Client"), [:], STOP_ON_FAILURE): Call Test Case 'Test Cases/Regression BackOffice (All Browsers)/CLNK-23439 - Clink - Back office Client' successfully

2019-03-21 17:54:11 - [TEST_CASE][PASSED] - Test Cases/Regression BackOffice (All Browsers)/CLNK-23439 - Clink - Back office Client: Test Cases/Regression BackOffice (All Browsers)/CLNK-23439 - Clink - Back office Client

2019-03-21 17:54:11 - [TEST_STEP][PASSED] - openBrowser(G_SiteBackOffice): Browser is opened with url: 'http://qanewpoc.continulink.com:81/backoffice/Login.aspx'

2019-03-21 17:54:11 - [MESSAGE][WARNING] - A browser is already opened. Closing browser and opening a new one

2019-03-21 17:54:12 - [MESSAGE][INFO] - Starting 'Chrome' driver

2019-03-21 17:54:20 - [MESSAGE][PASSED] - Browser is opened with url: 'http://qanewpoc.continulink.com:81/backoffice/Login.aspx'

2019-03-21 17:54:20 - [TEST_STEP][PASSED] - waitForPageLoad(60): Wait for page load successfully

2019-03-21 17:54:20 - [MESSAGE][PASSED] - Wait for page load successfully

2019-03-21 17:54:20 - [TEST_STEP][PASSED] - maximizeWindow(): Current window maximized

2019-03-21 17:54:21 - [MESSAGE][PASSED] - Current window maximized

2019-03-21 17:54:21 - [TEST_STEP][PASSED] - setText(findTestObject("Regression BackOffice/Login/UserBackOffice"), G_UserBackOffice): Text 'demo' is set on object 'Object Repository/Regression BackOffice/Login/UserBackOffice'

2019-03-21 17:54:21 - [MESSAGE][PASSED] - Text 'demo' is set on object 'Object Repository/Regression BackOffice/Login/UserBackOffice'

2019-03-21 17:54:21 - [TEST_STEP][PASSED] - setText(findTestObject("Regression BackOffice/Login/PasswordBackOffice"), G_PasswordBackOffice): Text 'qwerty' is set on object 'Object Repository/Regression BackOffice/Login/PasswordBackOffice'

2019-03-21 17:54:21 - [MESSAGE][PASSED] - Text 'qwerty' is set on object 'Object Repository/Regression BackOffice/Login/PasswordBackOffice'

2019-03-21 17:54:21 - [TEST_STEP][PASSED] - click(findTestObject("Regression BackOffice/Login/LoginBackOffice")): Object: 'Object Repository/Regression BackOffice/Login/LoginBackOffice' is clicked on

2019-03-21 17:54:28 - [MESSAGE][PASSED] - Object: 'Object Repository/Regression BackOffice/Login/LoginBackOffice' is clicked on

2019-03-21 17:54:28 - [TEST_STEP][PASSED] - waitForPageLoad(60): Wait for page load successfully

2019-03-21 17:54:28 - [MESSAGE][PASSED] - Wait for page load successfully

2019-03-21 17:54:28 - [TEST_STEP][PASSED] - delay(3): Delayed 3 second(s)

2019-03-21 17:54:31 - [MESSAGE][PASSED] - Delayed 3 second(s)

2019-03-21 17:54:31 - [TEST_STEP][PASSED] - switchToFrame(findTestObject("Regression BackOffice/CLNK-23449/FrameLeft"), 5): null

2019-03-21 17:54:31 - [TEST_STEP][PASSED] - waitForElementPresent(findTestObject("Regression BackOffice/CLNK-23449/ClienIntakeICon"), 60): Object 'Object Repository/Regression BackOffice/CLNK-23449/ClienIntakeICon' is present

2019-03-21 17:54:31 - [MESSAGE][PASSED] - Object 'Object Repository/Regression BackOffice/CLNK-23449/ClienIntakeICon' is present

2019-03-21 17:54:31 - [TEST_STEP][PASSED] - verifyElementPresent(findTestObject("Regression BackOffice/CLNK-23449/ClienIntakeICon"), 100): Object 'Object Repository/Regression BackOffice/CLNK-23449/ClienIntakeICon' is present

2019-03-21 17:54:31 - [MESSAGE][PASSED] - Object 'Object Repository/Regression BackOffice/CLNK-23449/ClienIntakeICon' is present

2019-03-21 17:54:31 - [TEST_STEP][PASSED] - switchToDefaultContent(): null

2019-03-21 17:54:31 - [MESSAGE][PASSED] - Call Test Case 'Test Cases/Regression BackOffice (All Browsers)/CLNK-23439 - Clink - Back office Client' successfully

2019-03-21 17:54:31 - [TEST_STEP][PASSED] - waitForPageLoad(60): Wait for page load successfully

2019-03-21 17:54:31 - [MESSAGE][PASSED] - Wait for page load successfully

2019-03-21 17:54:31 - [TEST_STEP][PASSED] - delay(3): Delayed 3 second(s)

2019-03-21 17:54:34 - [MESSAGE][PASSED] - Delayed 3 second(s)

2019-03-21 17:54:34 - [TEST_STEP][PASSED] - switchToFrame(findTestObject("Regression BackOffice/CLNK-23449/FrameLeft"), 30): null

2019-03-21 17:54:34 - [TEST_STEP][PASSED] - waitForElementPresent(findTestObject("Regression BackOffice/CLNK-23449/ClienIntakeICon"), 100): Object 'Object Repository/Regression BackOffice/CLNK-23449/ClienIntakeICon' is present

2019-03-21 17:54:34 - [MESSAGE][PASSED] - Object 'Object Repository/Regression BackOffice/CLNK-23449/ClienIntakeICon' is present

2019-03-21 17:54:34 - [TEST_STEP][PASSED] - click(findTestObject("Regression BackOffice/CLNK-23449/ClienIntakeICon")): Object: 'Object Repository/Regression BackOffice/CLNK-23449/ClienIntakeICon' is clicked on

2019-03-21 17:54:34 - [MESSAGE][PASSED] - Object: 'Object Repository/Regression BackOffice/CLNK-23449/ClienIntakeICon' is clicked on

2019-03-21 17:54:34 - [TEST_STEP][PASSED] - delay(2): Delayed 2 second(s)

2019-03-21 17:54:36 - [MESSAGE][PASSED] - Delayed 2 second(s)

2019-03-21 17:54:36 - [TEST_STEP][PASSED] - waitForPageLoad(50): Wait for page load successfully

2019-03-21 17:54:36 - [MESSAGE][PASSED] - Wait for page load successfully

2019-03-21 17:54:36 - [TEST_STEP][PASSED] - waitForElementPresent(findTestObject("Regression BackOffice/CLNK-23449/Quick Intake Wizard Link"), 50): Object 'Object Repository/Regression BackOffice/CLNK-23449/Quick Intake Wizard Link' is present

2019-03-21 17:54:36 - [MESSAGE][PASSED] - Object 'Object Repository/Regression BackOffice/CLNK-23449/Quick Intake Wizard Link' is present

2019-03-21 17:54:36 - [TEST_STEP][PASSED] - click(findTestObject("Regression BackOffice/CLNK-23449/Quick Intake Wizard Link")): Object: 'Object Repository/Regression BackOffice/CLNK-23449/Quick Intake Wizard Link' is clicked on

2019-03-21 17:54:44 - [MESSAGE][PASSED] - Object: 'Object Repository/Regression BackOffice/CLNK-23449/Quick Intake Wizard Link' is clicked on

2019-03-21 17:54:44 - [TEST_STEP][PASSED] - delay(2): Delayed 2 second(s)

2019-03-21 17:54:46 - [MESSAGE][PASSED] - Delayed 2 second(s)

2019-03-21 17:54:46 - [TEST_STEP][PASSED] - switchToDefaultContent(): null

2019-03-21 17:54:46 - [TEST_STEP][PASSED] - switchToFrame(findTestObject("Regression BackOffice/CLNK-23449/FrameMain"), 30): null

2019-03-21 17:54:46 - [TEST_STEP][PASSED] - waitForElementPresent(findTestObject("Regression BackOffice/CLNK-23449/New Referral Button"), 50): Object 'Object Repository/Regression BackOffice/CLNK-23449/New Referral Button' is present

2019-03-21 17:54:46 - [MESSAGE][PASSED] - Object 'Object Repository/Regression BackOffice/CLNK-23449/New Referral Button' is present

2019-03-21 17:54:46 - [TEST_STEP][PASSED] - click(findTestObject("Regression BackOffice/CLNK-23449/New Referral Button")): Object: 'Object Repository/Regression BackOffice/CLNK-23449/New Referral Button' is clicked on

2019-03-21 17:54:47 - [MESSAGE][PASSED] - Object: 'Object Repository/Regression BackOffice/CLNK-23449/New Referral Button' is clicked on

2019-03-21 17:54:47 - [TEST_STEP][PASSED] - waitForPageLoad(50): Wait for page load successfully

2019-03-21 17:54:47 - [MESSAGE][PASSED] - Wait for page load successfully

2019-03-21 17:54:47 - [TEST_STEP][PASSED] - delay(2): Delayed 2 second(s)

2019-03-21 17:54:49 - [MESSAGE][PASSED] - Delayed 2 second(s)

2019-03-21 17:54:49 - [TEST_STEP][PASSED] - waitForElementPresent(findTestObject("Regression BackOffice/CLNK-23449/ReferralType"), 50): Object 'Object Repository/Regression BackOffice/CLNK-23449/ReferralType' is present

2019-03-21 17:54:49 - [MESSAGE][PASSED] - Object 'Object Repository/Regression BackOffice/CLNK-23449/ReferralType' is present

2019-03-21 17:54:49 - [TEST_STEP][PASSED] - focus(findTestObject("Regression BackOffice/CLNK-23449/ReferralType")): Object: 'Object Repository/Regression BackOffice/CLNK-23449/ReferralType' is focused

2019-03-21 17:54:49 - [MESSAGE][PASSED] - Object: 'Object Repository/Regression BackOffice/CLNK-23449/ReferralType' is focused

2019-03-21 17:54:49 - [TEST_STEP][PASSED] - click(findTestObject("Regression BackOffice/CLNK-23449/ReferralType")): Object: 'Object Repository/Regression BackOffice/CLNK-23449/ReferralType' is clicked on

2019-03-21 17:54:49 - [MESSAGE][PASSED] - Object: 'Object Repository/Regression BackOffice/CLNK-23449/ReferralType' is clicked on

2019-03-21 17:54:49 - [TEST_STEP][PASSED] - delay(2): Delayed 2 second(s)

2019-03-21 17:54:51 - [MESSAGE][PASSED] - Delayed 2 second(s)

2019-03-21 17:54:51 - [TEST_STEP][PASSED] - sendKeys(findTestObject("Regression BackOffice/CLNK-23449/ReferralType"), Keys.chord(ARROW_DOWN, ENTER)): Keys 'DOWN + ENTER + ' sent to object: 'Object Repository/Regression BackOffice/CLNK-23449/ReferralType'

2019-03-21 17:54:51 - [MESSAGE][PASSED] - Keys 'DOWN + ENTER + ' sent to object: 'Object Repository/Regression BackOffice/CLNK-23449/ReferralType'

2019-03-21 17:54:51 - [TEST_STEP][PASSED] - delay(3): Delayed 3 second(s)

2019-03-21 17:54:54 - [MESSAGE][PASSED] - Delayed 3 second(s)

2019-03-21 17:54:54 - [TEST_STEP][PASSED] - waitForElementPresent(findTestObject("Regression BackOffice/CLNK-23449/ReferralSourcePerson"), 50): Object 'Object Repository/Regression BackOffice/CLNK-23449/ReferralSourcePerson' is present

2019-03-21 17:54:54 - [MESSAGE][PASSED] - Object 'Object Repository/Regression BackOffice/CLNK-23449/ReferralSourcePerson' is present

2019-03-21 17:54:54 - [TEST_STEP][PASSED] - setText(findTestObject("Regression BackOffice/CLNK-23449/ReferralSourcePerson"), G_ReferralSourcePerson): Text 'Lyudmila Kaskov' is set on object 'Object Repository/Regression BackOffice/CLNK-23449/ReferralSourcePerson'

2019-03-21 17:54:56 - [MESSAGE][PASSED] - Text 'Lyudmila Kaskov' is set on object 'Object Repository/Regression BackOffice/CLNK-23449/ReferralSourcePerson'

2019-03-21 17:54:56 - [TEST_STEP][PASSED] - delay(2): Delayed 2 second(s)

2019-03-21 17:54:58 - [MESSAGE][PASSED] - Delayed 2 second(s)

2019-03-21 17:54:58 - [TEST_STEP][PASSED] - waitForElementPresent(findTestObject("Regression BackOffice/CLNK-23449/ClientFirstName"), 50): Object 'Object Repository/Regression BackOffice/CLNK-23449/ClientFirstName' is present

2019-03-21 17:54:58 - [MESSAGE][PASSED] - Object 'Object Repository/Regression BackOffice/CLNK-23449/ClientFirstName' is present

2019-03-21 17:54:58 - [TEST_STEP][PASSED] - setText(findTestObject("Regression BackOffice/CLNK-23449/ClientFirstName"), G_ClientFirstName): Text 'Miroslav' is set on object 'Object Repository/Regression BackOffice/CLNK-23449/ClientFirstName'

2019-03-21 17:54:58 - [MESSAGE][PASSED] - Text 'Miroslav' is set on object 'Object Repository/Regression BackOffice/CLNK-23449/ClientFirstName'

2019-03-21 17:54:58 - [TEST_STEP][PASSED] - delay(2): Delayed 2 second(s)

2019-03-21 17:55:00 - [MESSAGE][PASSED] - Delayed 2 second(s)

2019-03-21 17:55:00 - [TEST_STEP][PASSED] - waitForElementPresent(findTestObject("Regression BackOffice/CLNK-23449/ClientMiddle"), 50): Object 'Object Repository/Regression BackOffice/CLNK-23449/ClientMiddle' is present

2019-03-21 17:55:00 - [MESSAGE][PASSED] - Object 'Object Repository/Regression BackOffice/CLNK-23449/ClientMiddle' is present

2019-03-21 17:55:00 - [TEST_STEP][PASSED] - setText(findTestObject("Regression BackOffice/CLNK-23449/ClientMiddle"), G_ClientMiddleName): Text 'M' is set on object 'Object Repository/Regression BackOffice/CLNK-23449/ClientMiddle'

2019-03-21 17:55:01 - [MESSAGE][PASSED] - Text 'M' is set on object 'Object Repository/Regression BackOffice/CLNK-23449/ClientMiddle'

2019-03-21 17:55:01 - [TEST_STEP][PASSED] - delay(2): Delayed 2 second(s)

2019-03-21 17:55:03 - [MESSAGE][PASSED] - Delayed 2 second(s)

2019-03-21 17:55:03 - [TEST_STEP][PASSED] - waitForElementPresent(findTestObject("Regression BackOffice/CLNK-23449/ClientLastName"), 50): Object 'Object Repository/Regression BackOffice/CLNK-23449/ClientLastName' is present

2019-03-21 17:55:03 - [MESSAGE][PASSED] - Object 'Object Repository/Regression BackOffice/CLNK-23449/ClientLastName' is present

2019-03-21 17:55:03 - [TEST_STEP][PASSED] - setText(findTestObject("Regression BackOffice/CLNK-23449/ClientLastName"), G_ClientLastName): Text 'Klose' is set on object 'Object Repository/Regression BackOffice/CLNK-23449/ClientLastName'

2019-03-21 17:55:03 - [MESSAGE][PASSED] - Text 'Klose' is set on object 'Object Repository/Regression BackOffice/CLNK-23449/ClientLastName'

2019-03-21 17:55:03 - [TEST_STEP][PASSED] - delay(2): Delayed 2 second(s)

2019-03-21 17:55:05 - [MESSAGE][PASSED] - Delayed 2 second(s)

2019-03-21 17:55:05 - [TEST_STEP][PASSED] - waitForElementPresent(findTestObject("Regression BackOffice/CLNK-23449/FollowUpCallBack"), 50): Object 'Object Repository/Regression BackOffice/CLNK-23449/FollowUpCallBack' is present

2019-03-21 17:55:05 - [MESSAGE][PASSED] - Object 'Object Repository/Regression BackOffice/CLNK-23449/FollowUpCallBack' is present

2019-03-21 17:55:05 - [TEST_STEP][PASSED] - setText(findTestObject("Regression BackOffice/CLNK-23449/FollowUpCallBack"), "3"): Text '3' is set on object 'Object Repository/Regression BackOffice/CLNK-23449/FollowUpCallBack'

2019-03-21 17:55:06 - [MESSAGE][PASSED] - Text '3' is set on object 'Object Repository/Regression BackOffice/CLNK-23449/FollowUpCallBack'

2019-03-21 17:55:06 - [TEST_STEP][PASSED] - delay(2): Delayed 2 second(s)

2019-03-21 17:55:08 - [MESSAGE][PASSED] - Delayed 2 second(s)

2019-03-21 17:55:08 - [TEST_STEP][PASSED] - waitForElementPresent(findTestObject("Regression BackOffice/CLNK-23449/PhysicianName"), 50): Object 'Object Repository/Regression BackOffice/CLNK-23449/PhysicianName' is present

2019-03-21 17:55:08 - [MESSAGE][PASSED] - Object 'Object Repository/Regression BackOffice/CLNK-23449/PhysicianName' is present

2019-03-21 17:55:08 - [TEST_STEP][PASSED] - click(findTestObject("Regression BackOffice/CLNK-23449/PhysicianName")): Object: 'Object Repository/Regression BackOffice/CLNK-23449/PhysicianName' is clicked on

2019-03-21 17:55:08 - [MESSAGE][PASSED] - Object: 'Object Repository/Regression BackOffice/CLNK-23449/PhysicianName' is clicked on

2019-03-21 17:55:08 - [TEST_STEP][PASSED] - delay(2): Delayed 2 second(s)

2019-03-21 17:55:10 - [MESSAGE][PASSED] - Delayed 2 second(s)

2019-03-21 17:55:10 - [TEST_STEP][PASSED] - setText(findTestObject("Regression BackOffice/CLNK-23449/PhysicianName"), G_PhisicanName): Text 'Black' is set on object 'Object Repository/Regression BackOffice/CLNK-23449/PhysicianName'

2019-03-21 17:55:10 - [MESSAGE][PASSED] - Text 'Black' is set on object 'Object Repository/Regression BackOffice/CLNK-23449/PhysicianName'

2019-03-21 17:55:10 - [TEST_STEP][PASSED] - delay(3): Delayed 3 second(s)

2019-03-21 17:55:13 - [MESSAGE][PASSED] - Delayed 3 second(s)

2019-03-21 17:55:13 - [TEST_STEP][PASSED] - waitForElementPresent(findTestObject("Regression BackOffice/CLNK-23449/li_Black Larry"), 50): Object 'Object Repository/Regression BackOffice/CLNK-23449/li_Black Larry' is present

2019-03-21 17:55:13 - [MESSAGE][PASSED] - Object 'Object Repository/Regression BackOffice/CLNK-23449/li_Black Larry' is present

2019-03-21 17:55:13 - [TEST_STEP][PASSED] - click(findTestObject("Regression BackOffice/CLNK-23449/li_Black Larry")): Object: 'Object Repository/Regression BackOffice/CLNK-23449/li_Black Larry' is clicked on

2019-03-21 17:55:14 - [MESSAGE][PASSED] - Object: 'Object Repository/Regression BackOffice/CLNK-23449/li_Black Larry' is clicked on

2019-03-21 17:55:14 - [TEST_STEP][PASSED] - delay(2): Delayed 2 second(s)

2019-03-21 17:55:16 - [MESSAGE][PASSED] - Delayed 2 second(s)

2019-03-21 17:55:16 - [TEST_STEP][PASSED] - waitForElementPresent(findTestObject("Regression BackOffice/CLNK-23449/SaveButton"), 50): Object 'Object Repository/Regression BackOffice/CLNK-23449/SaveButton' is present

2019-03-21 17:55:16 - [MESSAGE][PASSED] - Object 'Object Repository/Regression BackOffice/CLNK-23449/SaveButton' is present

2019-03-21 17:55:16 - [TEST_STEP][PASSED] - click(findTestObject("Regression BackOffice/CLNK-23449/SaveButton"), STOP_ON_FAILURE): Object: 'Object Repository/Regression BackOffice/CLNK-23449/SaveButton' is clicked on

2019-03-21 17:55:16 - [MESSAGE][PASSED] - Object: 'Object Repository/Regression BackOffice/CLNK-23449/SaveButton' is clicked on

2019-03-21 17:55:16 - [TEST_STEP][PASSED] - delay(2): Delayed 2 second(s)

2019-03-21 17:55:18 - [MESSAGE][PASSED] - Delayed 2 second(s)

2019-03-21 17:55:18 - [TEST_STEP][PASSED] - waitForElementPresent(findTestObject("Regression BackOffice/CLNK-23449/CloseButton"), 50): Object 'Object Repository/Regression BackOffice/CLNK-23449/CloseButton' is present

2019-03-21 17:55:18 - [MESSAGE][PASSED] - Object 'Object Repository/Regression BackOffice/CLNK-23449/CloseButton' is present

2019-03-21 17:55:18 - [TEST_STEP][PASSED] - click(findTestObject("Regression BackOffice/CLNK-23449/CloseButton"), STOP_ON_FAILURE): Object: 'Object Repository/Regression BackOffice/CLNK-23449/CloseButton' is clicked on

2019-03-21 17:55:20 - [MESSAGE][PASSED] - Object: 'Object Repository/Regression BackOffice/CLNK-23449/CloseButton' is clicked on

2019-03-21 17:55:20 - [TEST_STEP][PASSED] - delay(2): Delayed 2 second(s)

2019-03-21 17:55:22 - [MESSAGE][PASSED] - Delayed 2 second(s)

2019-03-21 17:55:22 - [TEST_STEP][PASSED] - switchToDefaultContent(): null]]></system-out>
         <system-err><![CDATA[]]></system-err>
      </testcase>
      <testcase name="Test Cases/Regression BackOffice (All Browsers)/CLNK-27759 - Security Roles - SOX Audit" classname="Test Cases/Regression BackOffice (All Browsers)/CLNK-27759 - Security Roles - SOX Audit" status="PASSED">
         <system-out><![CDATA[2019-03-21 17:55:24 - [TEST_CASE][PASSED] - Test Cases/Regression BackOffice (All Browsers)/CLNK-27759 - Security Roles - SOX Audit: Test Cases/Regression BackOffice (All Browsers)/CLNK-27759 - Security Roles - SOX Audit

2019-03-21 17:55:25 - [TEST_STEP][PASSED] - callTestCase(findTestCase("Regression BackOffice (All Browsers)/CLNK-23439 - Clink - Back office Client"), [:], STOP_ON_FAILURE): Call Test Case 'Test Cases/Regression BackOffice (All Browsers)/CLNK-23439 - Clink - Back office Client' successfully

2019-03-21 17:55:25 - [TEST_CASE][PASSED] - Test Cases/Regression BackOffice (All Browsers)/CLNK-23439 - Clink - Back office Client: Test Cases/Regression BackOffice (All Browsers)/CLNK-23439 - Clink - Back office Client

2019-03-21 17:55:25 - [TEST_STEP][PASSED] - openBrowser(G_SiteBackOffice): Browser is opened with url: 'http://qanewpoc.continulink.com:81/backoffice/Login.aspx'

2019-03-21 17:55:25 - [MESSAGE][WARNING] - A browser is already opened. Closing browser and opening a new one

2019-03-21 17:55:26 - [MESSAGE][INFO] - Starting 'Chrome' driver

2019-03-21 17:55:32 - [MESSAGE][PASSED] - Browser is opened with url: 'http://qanewpoc.continulink.com:81/backoffice/Login.aspx'

2019-03-21 17:55:32 - [TEST_STEP][PASSED] - waitForPageLoad(60): Wait for page load successfully

2019-03-21 17:55:32 - [MESSAGE][PASSED] - Wait for page load successfully

2019-03-21 17:55:32 - [TEST_STEP][PASSED] - maximizeWindow(): Current window maximized

2019-03-21 17:55:33 - [MESSAGE][PASSED] - Current window maximized

2019-03-21 17:55:33 - [TEST_STEP][PASSED] - setText(findTestObject("Regression BackOffice/Login/UserBackOffice"), G_UserBackOffice): Text 'demo' is set on object 'Object Repository/Regression BackOffice/Login/UserBackOffice'

2019-03-21 17:55:33 - [MESSAGE][PASSED] - Text 'demo' is set on object 'Object Repository/Regression BackOffice/Login/UserBackOffice'

2019-03-21 17:55:33 - [TEST_STEP][PASSED] - setText(findTestObject("Regression BackOffice/Login/PasswordBackOffice"), G_PasswordBackOffice): Text 'qwerty' is set on object 'Object Repository/Regression BackOffice/Login/PasswordBackOffice'

2019-03-21 17:55:34 - [MESSAGE][PASSED] - Text 'qwerty' is set on object 'Object Repository/Regression BackOffice/Login/PasswordBackOffice'

2019-03-21 17:55:34 - [TEST_STEP][PASSED] - click(findTestObject("Regression BackOffice/Login/LoginBackOffice")): Object: 'Object Repository/Regression BackOffice/Login/LoginBackOffice' is clicked on

2019-03-21 17:55:41 - [MESSAGE][PASSED] - Object: 'Object Repository/Regression BackOffice/Login/LoginBackOffice' is clicked on

2019-03-21 17:55:41 - [TEST_STEP][PASSED] - waitForPageLoad(60): Wait for page load successfully

2019-03-21 17:55:41 - [MESSAGE][PASSED] - Wait for page load successfully

2019-03-21 17:55:41 - [TEST_STEP][PASSED] - delay(3): Delayed 3 second(s)

2019-03-21 17:55:44 - [MESSAGE][PASSED] - Delayed 3 second(s)

2019-03-21 17:55:44 - [TEST_STEP][PASSED] - switchToFrame(findTestObject("Regression BackOffice/CLNK-23449/FrameLeft"), 5): null

2019-03-21 17:55:44 - [TEST_STEP][PASSED] - waitForElementPresent(findTestObject("Regression BackOffice/CLNK-23449/ClienIntakeICon"), 60): Object 'Object Repository/Regression BackOffice/CLNK-23449/ClienIntakeICon' is present

2019-03-21 17:55:44 - [MESSAGE][PASSED] - Object 'Object Repository/Regression BackOffice/CLNK-23449/ClienIntakeICon' is present

2019-03-21 17:55:44 - [TEST_STEP][PASSED] - verifyElementPresent(findTestObject("Regression BackOffice/CLNK-23449/ClienIntakeICon"), 100): Object 'Object Repository/Regression BackOffice/CLNK-23449/ClienIntakeICon' is present

2019-03-21 17:55:44 - [MESSAGE][PASSED] - Object 'Object Repository/Regression BackOffice/CLNK-23449/ClienIntakeICon' is present

2019-03-21 17:55:44 - [TEST_STEP][PASSED] - switchToDefaultContent(): null

2019-03-21 17:55:44 - [MESSAGE][PASSED] - Call Test Case 'Test Cases/Regression BackOffice (All Browsers)/CLNK-23439 - Clink - Back office Client' successfully

2019-03-21 17:55:44 - [TEST_STEP][PASSED] - waitForPageLoad(60): Wait for page load successfully

2019-03-21 17:55:45 - [MESSAGE][PASSED] - Wait for page load successfully

2019-03-21 17:55:45 - [TEST_STEP][PASSED] - delay(3): Delayed 3 second(s)

2019-03-21 17:55:48 - [MESSAGE][PASSED] - Delayed 3 second(s)

2019-03-21 17:55:48 - [TEST_STEP][PASSED] - switchToFrame(findTestObject("Regression BackOffice/CLNK-23449/FrameLeft"), 30): null

2019-03-21 17:55:48 - [TEST_STEP][PASSED] - waitForElementPresent(findTestObject("Regression BackOffice/CLINK-27759/AdministratorsTab"), 100): Object 'Object Repository/Regression BackOffice/CLINK-27759/AdministratorsTab' is present

2019-03-21 17:55:48 - [MESSAGE][PASSED] - Object 'Object Repository/Regression BackOffice/CLINK-27759/AdministratorsTab' is present

2019-03-21 17:55:48 - [TEST_STEP][PASSED] - click(findTestObject("Regression BackOffice/CLINK-27759/AdministratorsTab")): Object: 'Object Repository/Regression BackOffice/CLINK-27759/AdministratorsTab' is clicked on

2019-03-21 17:55:48 - [MESSAGE][PASSED] - Object: 'Object Repository/Regression BackOffice/CLINK-27759/AdministratorsTab' is clicked on

2019-03-21 17:55:48 - [TEST_STEP][PASSED] - delay(2): Delayed 2 second(s)

2019-03-21 17:55:50 - [MESSAGE][PASSED] - Delayed 2 second(s)

2019-03-21 17:55:50 - [TEST_STEP][PASSED] - waitForPageLoad(50): Wait for page load successfully

2019-03-21 17:55:50 - [MESSAGE][PASSED] - Wait for page load successfully

2019-03-21 17:55:50 - [TEST_STEP][PASSED] - waitForElementPresent(findTestObject("Regression BackOffice/CLINK-27759/AdminSystemSettingsLink"), 50): Object 'Object Repository/Regression BackOffice/CLINK-27759/AdminSystemSettingsLink' is present

2019-03-21 17:55:50 - [MESSAGE][PASSED] - Object 'Object Repository/Regression BackOffice/CLINK-27759/AdminSystemSettingsLink' is present

2019-03-21 17:55:50 - [TEST_STEP][PASSED] - click(findTestObject("Regression BackOffice/CLINK-27759/AdminSystemSettingsLink")): Object: 'Object Repository/Regression BackOffice/CLINK-27759/AdminSystemSettingsLink' is clicked on

2019-03-21 17:55:50 - [MESSAGE][PASSED] - Object: 'Object Repository/Regression BackOffice/CLINK-27759/AdminSystemSettingsLink' is clicked on

2019-03-21 17:55:50 - [TEST_STEP][PASSED] - delay(2): Delayed 2 second(s)

2019-03-21 17:55:52 - [MESSAGE][PASSED] - Delayed 2 second(s)

2019-03-21 17:55:52 - [TEST_STEP][PASSED] - scrollToElement(findTestObject("Regression BackOffice/CLINK-27759/AdministratorReportsLink"), 50): Scroll to object 'Object Repository/Regression BackOffice/CLINK-27759/AdministratorReportsLink' successfully

2019-03-21 17:55:52 - [MESSAGE][PASSED] - Scroll to object 'Object Repository/Regression BackOffice/CLINK-27759/AdministratorReportsLink' successfully

2019-03-21 17:55:52 - [TEST_STEP][PASSED] - waitForElementPresent(findTestObject("Regression BackOffice/CLINK-27759/AdministratorReportsLink"), 50): Object 'Object Repository/Regression BackOffice/CLINK-27759/AdministratorReportsLink' is present

2019-03-21 17:55:52 - [MESSAGE][PASSED] - Object 'Object Repository/Regression BackOffice/CLINK-27759/AdministratorReportsLink' is present

2019-03-21 17:55:52 - [TEST_STEP][PASSED] - click(findTestObject("Regression BackOffice/CLINK-27759/AdministratorReportsLink")): Object: 'Object Repository/Regression BackOffice/CLINK-27759/AdministratorReportsLink' is clicked on

2019-03-21 17:55:59 - [MESSAGE][PASSED] - Object: 'Object Repository/Regression BackOffice/CLINK-27759/AdministratorReportsLink' is clicked on

2019-03-21 17:55:59 - [TEST_STEP][PASSED] - delay(2): Delayed 2 second(s)

2019-03-21 17:56:01 - [MESSAGE][PASSED] - Delayed 2 second(s)

2019-03-21 17:56:01 - [TEST_STEP][PASSED] - switchToDefaultContent(): null

2019-03-21 17:56:01 - [TEST_STEP][PASSED] - switchToFrame(findTestObject("Regression BackOffice/CLNK-23449/FrameMain"), 30): null

2019-03-21 17:56:01 - [TEST_STEP][PASSED] - waitForPageLoad(50): Wait for page load successfully

2019-03-21 17:56:01 - [MESSAGE][PASSED] - Wait for page load successfully

2019-03-21 17:56:01 - [TEST_STEP][PASSED] - waitForElementPresent(findTestObject("Regression BackOffice/CLINK-27759/RoleAccessSecurityReportLink"), 50): Object 'Object Repository/Regression BackOffice/CLINK-27759/RoleAccessSecurityReportLink' is present

2019-03-21 17:56:01 - [MESSAGE][PASSED] - Object 'Object Repository/Regression BackOffice/CLINK-27759/RoleAccessSecurityReportLink' is present

2019-03-21 17:56:01 - [TEST_STEP][PASSED] - click(findTestObject("Regression BackOffice/CLINK-27759/RoleAccessSecurityReportLink")): Object: 'Object Repository/Regression BackOffice/CLINK-27759/RoleAccessSecurityReportLink' is clicked on

2019-03-21 17:56:04 - [MESSAGE][PASSED] - Object: 'Object Repository/Regression BackOffice/CLINK-27759/RoleAccessSecurityReportLink' is clicked on

2019-03-21 17:56:04 - [TEST_STEP][PASSED] - delay(2): Delayed 2 second(s)

2019-03-21 17:56:06 - [MESSAGE][PASSED] - Delayed 2 second(s)

2019-03-21 17:56:06 - [TEST_STEP][PASSED] - waitForPageLoad(50): Wait for page load successfully

2019-03-21 17:56:06 - [MESSAGE][PASSED] - Wait for page load successfully

2019-03-21 17:56:06 - [TEST_STEP][PASSED] - waitForElementPresent(findTestObject("Regression BackOffice/CLINK-27759/DemoDemoChk"), 50): Object 'Object Repository/Regression BackOffice/CLINK-27759/DemoDemoChk' is present

2019-03-21 17:56:06 - [MESSAGE][PASSED] - Object 'Object Repository/Regression BackOffice/CLINK-27759/DemoDemoChk' is present

2019-03-21 17:56:06 - [TEST_STEP][PASSED] - click(findTestObject("Regression BackOffice/CLINK-27759/DemoDemoChk")): Object: 'Object Repository/Regression BackOffice/CLINK-27759/DemoDemoChk' is clicked on

2019-03-21 17:56:06 - [MESSAGE][PASSED] - Object: 'Object Repository/Regression BackOffice/CLINK-27759/DemoDemoChk' is clicked on

2019-03-21 17:56:06 - [TEST_STEP][PASSED] - delay(2): Delayed 2 second(s)

2019-03-21 17:56:08 - [MESSAGE][PASSED] - Delayed 2 second(s)

2019-03-21 17:56:08 - [TEST_STEP][PASSED] - waitForElementPresent(findTestObject("Regression BackOffice/CLINK-27759/SpecificUser"), 50): Object 'Object Repository/Regression BackOffice/CLINK-27759/SpecificUser' is present

2019-03-21 17:56:09 - [MESSAGE][PASSED] - Object 'Object Repository/Regression BackOffice/CLINK-27759/SpecificUser' is present

2019-03-21 17:56:09 - [TEST_STEP][PASSED] - focus(findTestObject("Regression BackOffice/CLINK-27759/SpecificUser")): Object: 'Object Repository/Regression BackOffice/CLINK-27759/SpecificUser' is focused

2019-03-21 17:56:09 - [MESSAGE][PASSED] - Object: 'Object Repository/Regression BackOffice/CLINK-27759/SpecificUser' is focused

2019-03-21 17:56:09 - [TEST_STEP][PASSED] - click(findTestObject("Regression BackOffice/CLINK-27759/SpecificUser")): Object: 'Object Repository/Regression BackOffice/CLINK-27759/SpecificUser' is clicked on

2019-03-21 17:56:09 - [MESSAGE][PASSED] - Object: 'Object Repository/Regression BackOffice/CLINK-27759/SpecificUser' is clicked on

2019-03-21 17:56:09 - [TEST_STEP][PASSED] - setText(findTestObject("Regression BackOffice/CLINK-27759/SpecificUser"), G_SpecificUser): Text 'Mobin' is set on object 'Object Repository/Regression BackOffice/CLINK-27759/SpecificUser'

2019-03-21 17:56:09 - [MESSAGE][PASSED] - Text 'Mobin' is set on object 'Object Repository/Regression BackOffice/CLINK-27759/SpecificUser'

2019-03-21 17:56:09 - [TEST_STEP][PASSED] - delay(2): Delayed 2 second(s)

2019-03-21 17:56:11 - [MESSAGE][PASSED] - Delayed 2 second(s)

2019-03-21 17:56:11 - [TEST_STEP][PASSED] - sendKeys(findTestObject("Regression BackOffice/CLINK-27759/SpecificUser"), Keys.chord(ARROW_DOWN, ENTER)): Keys 'DOWN + ENTER + ' sent to object: 'Object Repository/Regression BackOffice/CLINK-27759/SpecificUser'

2019-03-21 17:56:11 - [MESSAGE][PASSED] - Keys 'DOWN + ENTER + ' sent to object: 'Object Repository/Regression BackOffice/CLINK-27759/SpecificUser'

2019-03-21 17:56:11 - [TEST_STEP][PASSED] - delay(2): Delayed 2 second(s)

2019-03-21 17:56:13 - [MESSAGE][PASSED] - Delayed 2 second(s)

2019-03-21 17:56:13 - [TEST_STEP][PASSED] - waitForElementPresent(findTestObject("Regression BackOffice/CLINK-27759/ShowReportLink"), 50): Object 'Object Repository/Regression BackOffice/CLINK-27759/ShowReportLink' is present

2019-03-21 17:56:13 - [MESSAGE][PASSED] - Object 'Object Repository/Regression BackOffice/CLINK-27759/ShowReportLink' is present

2019-03-21 17:56:13 - [TEST_STEP][PASSED] - click(findTestObject("Regression BackOffice/CLINK-27759/ShowReportLink")): Object: 'Object Repository/Regression BackOffice/CLINK-27759/ShowReportLink' is clicked on

2019-03-21 17:56:16 - [MESSAGE][PASSED] - Object: 'Object Repository/Regression BackOffice/CLINK-27759/ShowReportLink' is clicked on

2019-03-21 17:56:16 - [TEST_STEP][PASSED] - delay(2): Delayed 2 second(s)

2019-03-21 17:56:18 - [MESSAGE][PASSED] - Delayed 2 second(s)

2019-03-21 17:56:18 - [TEST_STEP][PASSED] - delay(2): Delayed 2 second(s)

2019-03-21 17:56:20 - [MESSAGE][PASSED] - Delayed 2 second(s)

2019-03-21 17:56:20 - [TEST_STEP][PASSED] - waitForElementPresent(findTestObject("Regression BackOffice/CLINK-27759/ExportToLink"), 50): Object 'Object Repository/Regression BackOffice/CLINK-27759/ExportToLink' is present

2019-03-21 17:56:20 - [MESSAGE][PASSED] - Object 'Object Repository/Regression BackOffice/CLINK-27759/ExportToLink' is present

2019-03-21 17:56:20 - [TEST_STEP][PASSED] - focus(findTestObject("Regression BackOffice/CLINK-27759/ExportToLink")): Object: 'Object Repository/Regression BackOffice/CLINK-27759/ExportToLink' is focused

2019-03-21 17:56:20 - [MESSAGE][PASSED] - Object: 'Object Repository/Regression BackOffice/CLINK-27759/ExportToLink' is focused

2019-03-21 17:56:20 - [TEST_STEP][PASSED] - click(findTestObject("Regression BackOffice/CLINK-27759/ExportToLink")): Object: 'Object Repository/Regression BackOffice/CLINK-27759/ExportToLink' is clicked on

2019-03-21 17:56:20 - [MESSAGE][PASSED] - Object: 'Object Repository/Regression BackOffice/CLINK-27759/ExportToLink' is clicked on

2019-03-21 17:56:20 - [TEST_STEP][PASSED] - delay(2): Delayed 2 second(s)

2019-03-21 17:56:22 - [MESSAGE][PASSED] - Delayed 2 second(s)

2019-03-21 17:56:22 - [TEST_STEP][PASSED] - sendKeys(findTestObject("Regression BackOffice/CLINK-27759/ExportToLink"), Keys.chord(ARROW_DOWN, ENTER)): Keys 'DOWN + ENTER + ' sent to object: 'Object Repository/Regression BackOffice/CLINK-27759/ExportToLink'

2019-03-21 17:56:22 - [MESSAGE][PASSED] - Keys 'DOWN + ENTER + ' sent to object: 'Object Repository/Regression BackOffice/CLINK-27759/ExportToLink'

2019-03-21 17:56:22 - [TEST_STEP][PASSED] - delay(2): Delayed 2 second(s)

2019-03-21 17:56:24 - [MESSAGE][PASSED] - Delayed 2 second(s)

2019-03-21 17:56:24 - [TEST_STEP][PASSED] - waitForElementPresent(findTestObject("Regression BackOffice/CLINK-27759/ExportToFile"), 50): Object 'Object Repository/Regression BackOffice/CLINK-27759/ExportToFile' is present

2019-03-21 17:56:24 - [MESSAGE][PASSED] - Object 'Object Repository/Regression BackOffice/CLINK-27759/ExportToFile' is present

2019-03-21 17:56:24 - [TEST_STEP][PASSED] - click(findTestObject("Regression BackOffice/CLINK-27759/ExportToFile")): Object: 'Object Repository/Regression BackOffice/CLINK-27759/ExportToFile' is clicked on

2019-03-21 17:56:26 - [MESSAGE][PASSED] - Object: 'Object Repository/Regression BackOffice/CLINK-27759/ExportToFile' is clicked on

2019-03-21 17:56:26 - [TEST_STEP][PASSED] - delay(2): Delayed 2 second(s)

2019-03-21 17:56:28 - [MESSAGE][PASSED] - Delayed 2 second(s)

2019-03-21 17:56:28 - [TEST_STEP][PASSED] - waitForElementPresent(findTestObject("Regression BackOffice/CLINK-27759/Demo_DemoObject"), 50): Object 'Object Repository/Regression BackOffice/CLINK-27759/Demo_DemoObject' is present

2019-03-21 17:56:28 - [MESSAGE][PASSED] - Object 'Object Repository/Regression BackOffice/CLINK-27759/Demo_DemoObject' is present

2019-03-21 17:56:28 - [TEST_STEP][PASSED] - verifyElementPresent(findTestObject("Regression BackOffice/CLINK-27759/Demo_DemoObject"), 0): Object 'Object Repository/Regression BackOffice/CLINK-27759/Demo_DemoObject' is present

2019-03-21 17:56:28 - [MESSAGE][WARNING] - Timeout '0' is invalid. Using default page load timeout: '30'

2019-03-21 17:56:28 - [MESSAGE][PASSED] - Object 'Object Repository/Regression BackOffice/CLINK-27759/Demo_DemoObject' is present

2019-03-21 17:56:28 - [TEST_STEP][PASSED] - delay(2): Delayed 2 second(s)

2019-03-21 17:56:30 - [MESSAGE][PASSED] - Delayed 2 second(s)

2019-03-21 17:56:30 - [TEST_STEP][PASSED] - waitForElementPresent(findTestObject("Regression BackOffice/CLINK-27759/ResetLink"), 50): Object 'Object Repository/Regression BackOffice/CLINK-27759/ResetLink' is present

2019-03-21 17:56:30 - [MESSAGE][PASSED] - Object 'Object Repository/Regression BackOffice/CLINK-27759/ResetLink' is present

2019-03-21 17:56:30 - [TEST_STEP][PASSED] - click(findTestObject("Regression BackOffice/CLINK-27759/ResetLink")): Object: 'Object Repository/Regression BackOffice/CLINK-27759/ResetLink' is clicked on

2019-03-21 17:56:31 - [MESSAGE][PASSED] - Object: 'Object Repository/Regression BackOffice/CLINK-27759/ResetLink' is clicked on

2019-03-21 17:56:31 - [TEST_STEP][PASSED] - delay(2): Delayed 2 second(s)

2019-03-21 17:56:33 - [MESSAGE][PASSED] - Delayed 2 second(s)

2019-03-21 17:56:33 - [TEST_STEP][PASSED] - waitForElementPresent(findTestObject("Regression BackOffice/CLINK-27759/DemoDemoChk"), 50): Object 'Object Repository/Regression BackOffice/CLINK-27759/DemoDemoChk' is present

2019-03-21 17:56:33 - [MESSAGE][PASSED] - Object 'Object Repository/Regression BackOffice/CLINK-27759/DemoDemoChk' is present

2019-03-21 17:56:33 - [TEST_STEP][PASSED] - click(findTestObject("Regression BackOffice/CLINK-27759/DemoDemoChk")): Object: 'Object Repository/Regression BackOffice/CLINK-27759/DemoDemoChk' is clicked on

2019-03-21 17:56:33 - [MESSAGE][PASSED] - Object: 'Object Repository/Regression BackOffice/CLINK-27759/DemoDemoChk' is clicked on

2019-03-21 17:56:33 - [TEST_STEP][PASSED] - delay(2): Delayed 2 second(s)

2019-03-21 17:56:35 - [MESSAGE][PASSED] - Delayed 2 second(s)

2019-03-21 17:56:35 - [TEST_STEP][PASSED] - waitForElementPresent(findTestObject("Regression BackOffice/CLINK-27759/SpecificUser"), 50): Object 'Object Repository/Regression BackOffice/CLINK-27759/SpecificUser' is present

2019-03-21 17:56:35 - [MESSAGE][PASSED] - Object 'Object Repository/Regression BackOffice/CLINK-27759/SpecificUser' is present

2019-03-21 17:56:35 - [TEST_STEP][PASSED] - focus(findTestObject("Regression BackOffice/CLINK-27759/SpecificUser")): Object: 'Object Repository/Regression BackOffice/CLINK-27759/SpecificUser' is focused

2019-03-21 17:56:35 - [MESSAGE][PASSED] - Object: 'Object Repository/Regression BackOffice/CLINK-27759/SpecificUser' is focused

2019-03-21 17:56:35 - [TEST_STEP][PASSED] - click(findTestObject("Regression BackOffice/CLINK-27759/SpecificUser")): Object: 'Object Repository/Regression BackOffice/CLINK-27759/SpecificUser' is clicked on

2019-03-21 17:56:35 - [MESSAGE][PASSED] - Object: 'Object Repository/Regression BackOffice/CLINK-27759/SpecificUser' is clicked on

2019-03-21 17:56:35 - [TEST_STEP][PASSED] - setText(findTestObject("Regression BackOffice/CLINK-27759/SpecificUser"), "Test"): Text 'Test' is set on object 'Object Repository/Regression BackOffice/CLINK-27759/SpecificUser'

2019-03-21 17:56:35 - [MESSAGE][PASSED] - Text 'Test' is set on object 'Object Repository/Regression BackOffice/CLINK-27759/SpecificUser'

2019-03-21 17:56:35 - [TEST_STEP][PASSED] - delay(2): Delayed 2 second(s)

2019-03-21 17:56:37 - [MESSAGE][PASSED] - Delayed 2 second(s)

2019-03-21 17:56:37 - [TEST_STEP][PASSED] - sendKeys(findTestObject("Regression BackOffice/CLINK-27759/SpecificUser"), Keys.chord(ARROW_DOWN, ARROW_DOWN, ARROW_DOWN, ARROW_DOWN, ARROW_DOWN, ARROW_DOWN, ARROW_DOWN, ENTER)): Keys 'DOWN + DOWN + DOWN + DOWN + DOWN + DOWN + DOWN + ENTER + ' sent to object: 'Object Repository/Regression BackOffice/CLINK-27759/SpecificUser'

2019-03-21 17:56:38 - [MESSAGE][PASSED] - Keys 'DOWN + DOWN + DOWN + DOWN + DOWN + DOWN + DOWN + ENTER + ' sent to object: 'Object Repository/Regression BackOffice/CLINK-27759/SpecificUser'

2019-03-21 17:56:38 - [TEST_STEP][PASSED] - delay(2): Delayed 2 second(s)

2019-03-21 17:56:40 - [MESSAGE][PASSED] - Delayed 2 second(s)

2019-03-21 17:56:40 - [TEST_STEP][PASSED] - waitForElementPresent(findTestObject("Regression BackOffice/CLINK-27759/ShowReportLink"), 50): Object 'Object Repository/Regression BackOffice/CLINK-27759/ShowReportLink' is present

2019-03-21 17:56:40 - [MESSAGE][PASSED] - Object 'Object Repository/Regression BackOffice/CLINK-27759/ShowReportLink' is present

2019-03-21 17:56:40 - [TEST_STEP][PASSED] - click(findTestObject("Regression BackOffice/CLINK-27759/ShowReportLink")): Object: 'Object Repository/Regression BackOffice/CLINK-27759/ShowReportLink' is clicked on

2019-03-21 17:56:42 - [MESSAGE][PASSED] - Object: 'Object Repository/Regression BackOffice/CLINK-27759/ShowReportLink' is clicked on

2019-03-21 17:56:42 - [TEST_STEP][PASSED] - delay(2): Delayed 2 second(s)

2019-03-21 17:56:44 - [MESSAGE][PASSED] - Delayed 2 second(s)

2019-03-21 17:56:44 - [TEST_STEP][PASSED] - waitForElementPresent(findTestObject("Regression BackOffice/CLINK-27759/ExportToLink"), 50): Object 'Object Repository/Regression BackOffice/CLINK-27759/ExportToLink' is present

2019-03-21 17:56:44 - [MESSAGE][PASSED] - Object 'Object Repository/Regression BackOffice/CLINK-27759/ExportToLink' is present

2019-03-21 17:56:44 - [TEST_STEP][PASSED] - focus(findTestObject("Regression BackOffice/CLINK-27759/ExportToLink")): Object: 'Object Repository/Regression BackOffice/CLINK-27759/ExportToLink' is focused

2019-03-21 17:56:44 - [MESSAGE][PASSED] - Object: 'Object Repository/Regression BackOffice/CLINK-27759/ExportToLink' is focused

2019-03-21 17:56:44 - [TEST_STEP][PASSED] - click(findTestObject("Regression BackOffice/CLINK-27759/ExportToLink")): Object: 'Object Repository/Regression BackOffice/CLINK-27759/ExportToLink' is clicked on

2019-03-21 17:56:44 - [MESSAGE][PASSED] - Object: 'Object Repository/Regression BackOffice/CLINK-27759/ExportToLink' is clicked on

2019-03-21 17:56:44 - [TEST_STEP][PASSED] - delay(2): Delayed 2 second(s)

2019-03-21 17:56:46 - [MESSAGE][PASSED] - Delayed 2 second(s)

2019-03-21 17:56:46 - [TEST_STEP][PASSED] - sendKeys(findTestObject("Regression BackOffice/CLINK-27759/ExportToLink"), Keys.chord(ARROW_DOWN, ENTER)): Keys 'DOWN + ENTER + ' sent to object: 'Object Repository/Regression BackOffice/CLINK-27759/ExportToLink'

2019-03-21 17:56:47 - [MESSAGE][PASSED] - Keys 'DOWN + ENTER + ' sent to object: 'Object Repository/Regression BackOffice/CLINK-27759/ExportToLink'

2019-03-21 17:56:47 - [TEST_STEP][PASSED] - delay(2): Delayed 2 second(s)

2019-03-21 17:56:49 - [MESSAGE][PASSED] - Delayed 2 second(s)

2019-03-21 17:56:49 - [TEST_STEP][PASSED] - waitForElementPresent(findTestObject("Regression BackOffice/CLINK-27759/ExportToFile"), 50): Object 'Object Repository/Regression BackOffice/CLINK-27759/ExportToFile' is present

2019-03-21 17:56:49 - [MESSAGE][PASSED] - Object 'Object Repository/Regression BackOffice/CLINK-27759/ExportToFile' is present

2019-03-21 17:56:49 - [TEST_STEP][PASSED] - click(findTestObject("Regression BackOffice/CLINK-27759/ExportToFile")): Object: 'Object Repository/Regression BackOffice/CLINK-27759/ExportToFile' is clicked on

2019-03-21 17:56:50 - [MESSAGE][PASSED] - Object: 'Object Repository/Regression BackOffice/CLINK-27759/ExportToFile' is clicked on

2019-03-21 17:56:50 - [TEST_STEP][PASSED] - delay(2): Delayed 2 second(s)

2019-03-21 17:56:52 - [MESSAGE][PASSED] - Delayed 2 second(s)]]></system-out>
         <system-err><![CDATA[]]></system-err>
      </testcase>
      <testcase name="Test Cases/Regression BackOffice (All Browsers)/CLNK-10235 - Enter a Need from Schedule Block" classname="Test Cases/Regression BackOffice (All Browsers)/CLNK-10235 - Enter a Need from Schedule Block" status="PASSED">
         <system-out><![CDATA[2019-03-21 17:56:54 - [TEST_CASE][PASSED] - Test Cases/Regression BackOffice (All Browsers)/CLNK-10235 - Enter a Need from Schedule Block: Test Cases/Regression BackOffice (All Browsers)/CLNK-10235 - Enter a Need from Schedule Block

2019-03-21 17:56:55 - [TEST_STEP][PASSED] - callTestCase(findTestCase("Regression BackOffice (All Browsers)/CLNK-23439 - Clink - Back office Client"), [:], STOP_ON_FAILURE): Call Test Case 'Test Cases/Regression BackOffice (All Browsers)/CLNK-23439 - Clink - Back office Client' successfully

2019-03-21 17:56:55 - [TEST_CASE][PASSED] - Test Cases/Regression BackOffice (All Browsers)/CLNK-23439 - Clink - Back office Client: Test Cases/Regression BackOffice (All Browsers)/CLNK-23439 - Clink - Back office Client

2019-03-21 17:56:55 - [TEST_STEP][PASSED] - openBrowser(G_SiteBackOffice): Browser is opened with url: 'http://qanewpoc.continulink.com:81/backoffice/Login.aspx'

2019-03-21 17:56:55 - [MESSAGE][WARNING] - A browser is already opened. Closing browser and opening a new one

2019-03-21 17:56:56 - [MESSAGE][INFO] - Starting 'Chrome' driver

2019-03-21 17:57:02 - [MESSAGE][PASSED] - Browser is opened with url: 'http://qanewpoc.continulink.com:81/backoffice/Login.aspx'

2019-03-21 17:57:02 - [TEST_STEP][PASSED] - waitForPageLoad(60): Wait for page load successfully

2019-03-21 17:57:02 - [MESSAGE][PASSED] - Wait for page load successfully

2019-03-21 17:57:02 - [TEST_STEP][PASSED] - maximizeWindow(): Current window maximized

2019-03-21 17:57:03 - [MESSAGE][PASSED] - Current window maximized

2019-03-21 17:57:03 - [TEST_STEP][PASSED] - setText(findTestObject("Regression BackOffice/Login/UserBackOffice"), G_UserBackOffice): Text 'demo' is set on object 'Object Repository/Regression BackOffice/Login/UserBackOffice'

2019-03-21 17:57:04 - [MESSAGE][PASSED] - Text 'demo' is set on object 'Object Repository/Regression BackOffice/Login/UserBackOffice'

2019-03-21 17:57:04 - [TEST_STEP][PASSED] - setText(findTestObject("Regression BackOffice/Login/PasswordBackOffice"), G_PasswordBackOffice): Text 'qwerty' is set on object 'Object Repository/Regression BackOffice/Login/PasswordBackOffice'

2019-03-21 17:57:04 - [MESSAGE][PASSED] - Text 'qwerty' is set on object 'Object Repository/Regression BackOffice/Login/PasswordBackOffice'

2019-03-21 17:57:04 - [TEST_STEP][PASSED] - click(findTestObject("Regression BackOffice/Login/LoginBackOffice")): Object: 'Object Repository/Regression BackOffice/Login/LoginBackOffice' is clicked on

2019-03-21 17:57:11 - [MESSAGE][PASSED] - Object: 'Object Repository/Regression BackOffice/Login/LoginBackOffice' is clicked on

2019-03-21 17:57:11 - [TEST_STEP][PASSED] - waitForPageLoad(60): Wait for page load successfully

2019-03-21 17:57:11 - [MESSAGE][PASSED] - Wait for page load successfully

2019-03-21 17:57:11 - [TEST_STEP][PASSED] - delay(3): Delayed 3 second(s)

2019-03-21 17:57:14 - [MESSAGE][PASSED] - Delayed 3 second(s)

2019-03-21 17:57:14 - [TEST_STEP][PASSED] - switchToFrame(findTestObject("Regression BackOffice/CLNK-23449/FrameLeft"), 5): null

2019-03-21 17:57:14 - [TEST_STEP][PASSED] - waitForElementPresent(findTestObject("Regression BackOffice/CLNK-23449/ClienIntakeICon"), 60): Object 'Object Repository/Regression BackOffice/CLNK-23449/ClienIntakeICon' is present

2019-03-21 17:57:14 - [MESSAGE][PASSED] - Object 'Object Repository/Regression BackOffice/CLNK-23449/ClienIntakeICon' is present

2019-03-21 17:57:14 - [TEST_STEP][PASSED] - verifyElementPresent(findTestObject("Regression BackOffice/CLNK-23449/ClienIntakeICon"), 100): Object 'Object Repository/Regression BackOffice/CLNK-23449/ClienIntakeICon' is present

2019-03-21 17:57:14 - [MESSAGE][PASSED] - Object 'Object Repository/Regression BackOffice/CLNK-23449/ClienIntakeICon' is present

2019-03-21 17:57:14 - [TEST_STEP][PASSED] - switchToDefaultContent(): null

2019-03-21 17:57:14 - [MESSAGE][PASSED] - Call Test Case 'Test Cases/Regression BackOffice (All Browsers)/CLNK-23439 - Clink - Back office Client' successfully

2019-03-21 17:57:14 - [TEST_STEP][PASSED] - waitForPageLoad(60): Wait for page load successfully

2019-03-21 17:57:14 - [MESSAGE][PASSED] - Wait for page load successfully

2019-03-21 17:57:14 - [TEST_STEP][PASSED] - delay(3): Delayed 3 second(s)

2019-03-21 17:57:17 - [MESSAGE][PASSED] - Delayed 3 second(s)

2019-03-21 17:57:17 - [TEST_STEP][PASSED] - switchToFrame(findTestObject("Regression BackOffice/CLNK-23449/FrameLeft"), 30): null

2019-03-21 17:57:17 - [TEST_STEP][PASSED] - waitForElementPresent(findTestObject("Regression BackOffice/CLNK-23449/ClienIntakeICon"), 100): Object 'Object Repository/Regression BackOffice/CLNK-23449/ClienIntakeICon' is present

2019-03-21 17:57:18 - [MESSAGE][PASSED] - Object 'Object Repository/Regression BackOffice/CLNK-23449/ClienIntakeICon' is present

2019-03-21 17:57:18 - [TEST_STEP][PASSED] - click(findTestObject("Regression BackOffice/CLNK-23449/ClienIntakeICon")): Object: 'Object Repository/Regression BackOffice/CLNK-23449/ClienIntakeICon' is clicked on

2019-03-21 17:57:18 - [MESSAGE][PASSED] - Object: 'Object Repository/Regression BackOffice/CLNK-23449/ClienIntakeICon' is clicked on

2019-03-21 17:57:18 - [TEST_STEP][PASSED] - delay(2): Delayed 2 second(s)

2019-03-21 17:57:20 - [MESSAGE][PASSED] - Delayed 2 second(s)

2019-03-21 17:57:20 - [TEST_STEP][PASSED] - waitForPageLoad(50): Wait for page load successfully

2019-03-21 17:57:20 - [MESSAGE][PASSED] - Wait for page load successfully

2019-03-21 17:57:20 - [TEST_STEP][PASSED] - waitForElementPresent(findTestObject("Regression BackOffice/CLNK-10235/SearchforaClient"), 50): Object 'Object Repository/Regression BackOffice/CLNK-10235/SearchforaClient' is present

2019-03-21 17:57:20 - [MESSAGE][PASSED] - Object 'Object Repository/Regression BackOffice/CLNK-10235/SearchforaClient' is present

2019-03-21 17:57:20 - [TEST_STEP][PASSED] - click(findTestObject("Regression BackOffice/CLNK-10235/SearchforaClient")): Object: 'Object Repository/Regression BackOffice/CLNK-10235/SearchforaClient' is clicked on

2019-03-21 17:57:21 - [MESSAGE][PASSED] - Object: 'Object Repository/Regression BackOffice/CLNK-10235/SearchforaClient' is clicked on

2019-03-21 17:57:21 - [TEST_STEP][PASSED] - delay(2): Delayed 2 second(s)

2019-03-21 17:57:23 - [MESSAGE][PASSED] - Delayed 2 second(s)

2019-03-21 17:57:23 - [TEST_STEP][PASSED] - switchToDefaultContent(): null

2019-03-21 17:57:23 - [TEST_STEP][PASSED] - switchToFrame(findTestObject("Regression BackOffice/CLNK-23449/FrameMain"), 30): null

2019-03-21 17:57:24 - [TEST_STEP][PASSED] - waitForElementPresent(findTestObject("Regression BackOffice/CLNK-10235/FirstNameSearch"), 50): Object 'Object Repository/Regression BackOffice/CLNK-10235/FirstNameSearch' is present

2019-03-21 17:57:24 - [MESSAGE][PASSED] - Object 'Object Repository/Regression BackOffice/CLNK-10235/FirstNameSearch' is present

2019-03-21 17:57:24 - [TEST_STEP][PASSED] - setText(findTestObject("Regression BackOffice/CLNK-10235/FirstNameSearch"), "Jacen"): Text 'Jacen' is set on object 'Object Repository/Regression BackOffice/CLNK-10235/FirstNameSearch'

2019-03-21 17:57:24 - [MESSAGE][PASSED] - Text 'Jacen' is set on object 'Object Repository/Regression BackOffice/CLNK-10235/FirstNameSearch'

2019-03-21 17:57:24 - [TEST_STEP][PASSED] - delay(2): Delayed 2 second(s)

2019-03-21 17:57:26 - [MESSAGE][PASSED] - Delayed 2 second(s)

2019-03-21 17:57:26 - [TEST_STEP][PASSED] - waitForElementPresent(findTestObject("Regression BackOffice/CLNK-10235/LastNameSearch"), 50): Object 'Object Repository/Regression BackOffice/CLNK-10235/LastNameSearch' is present

2019-03-21 17:57:26 - [MESSAGE][PASSED] - Object 'Object Repository/Regression BackOffice/CLNK-10235/LastNameSearch' is present

2019-03-21 17:57:26 - [TEST_STEP][PASSED] - setText(findTestObject("Regression BackOffice/CLNK-10235/LastNameSearch"), "Morris"): Text 'Morris' is set on object 'Object Repository/Regression BackOffice/CLNK-10235/LastNameSearch'

2019-03-21 17:57:26 - [MESSAGE][PASSED] - Text 'Morris' is set on object 'Object Repository/Regression BackOffice/CLNK-10235/LastNameSearch'

2019-03-21 17:57:26 - [TEST_STEP][PASSED] - delay(2): Delayed 2 second(s)

2019-03-21 17:57:28 - [MESSAGE][PASSED] - Delayed 2 second(s)

2019-03-21 17:57:28 - [TEST_STEP][PASSED] - waitForElementPresent(findTestObject("Regression BackOffice/CLINK - 27906/SearchButton"), 50): Object 'Object Repository/Regression BackOffice/CLINK - 27906/SearchButton' is present

2019-03-21 17:57:28 - [MESSAGE][PASSED] - Object 'Object Repository/Regression BackOffice/CLINK - 27906/SearchButton' is present

2019-03-21 17:57:28 - [TEST_STEP][PASSED] - click(findTestObject("Regression BackOffice/CLINK - 27906/SearchButton"), STOP_ON_FAILURE): Object: 'Object Repository/Regression BackOffice/CLINK - 27906/SearchButton' is clicked on

2019-03-21 17:57:30 - [MESSAGE][PASSED] - Object: 'Object Repository/Regression BackOffice/CLINK - 27906/SearchButton' is clicked on

2019-03-21 17:57:30 - [TEST_STEP][PASSED] - delay(2): Delayed 2 second(s)

2019-03-21 17:57:32 - [MESSAGE][PASSED] - Delayed 2 second(s)

2019-03-21 17:57:32 - [TEST_STEP][PASSED] - waitForElementPresent(findTestObject("Regression BackOffice/CLINK - 27906/ClientRollbackLink"), 50): Object 'Object Repository/Regression BackOffice/CLINK - 27906/ClientRollbackLink' is present

2019-03-21 17:57:32 - [MESSAGE][PASSED] - Object 'Object Repository/Regression BackOffice/CLINK - 27906/ClientRollbackLink' is present

2019-03-21 17:57:32 - [TEST_STEP][PASSED] - click(findTestObject("Regression BackOffice/CLINK - 27906/ClientRollbackLink"), STOP_ON_FAILURE): Object: 'Object Repository/Regression BackOffice/CLINK - 27906/ClientRollbackLink' is clicked on

2019-03-21 17:57:35 - [MESSAGE][PASSED] - Object: 'Object Repository/Regression BackOffice/CLINK - 27906/ClientRollbackLink' is clicked on

2019-03-21 17:57:35 - [TEST_STEP][PASSED] - delay(2): Delayed 2 second(s)

2019-03-21 17:57:37 - [MESSAGE][PASSED] - Delayed 2 second(s)

2019-03-21 17:57:37 - [TEST_STEP][PASSED] - switchToDefaultContent(): null

2019-03-21 17:57:37 - [TEST_STEP][PASSED] - switchToFrame(findTestObject("Regression BackOffice/CLNK-23449/FrameLeft"), 30): null

2019-03-21 17:57:37 - [TEST_STEP][PASSED] - waitForElementPresent(findTestObject("Regression BackOffice/CLNK-10235/Puntitos"), 50): Object 'Object Repository/Regression BackOffice/CLNK-10235/Puntitos' is present

2019-03-21 17:57:37 - [MESSAGE][PASSED] - Object 'Object Repository/Regression BackOffice/CLNK-10235/Puntitos' is present

2019-03-21 17:57:37 - [TEST_STEP][PASSED] - click(findTestObject("Regression BackOffice/CLNK-10235/Puntitos"), STOP_ON_FAILURE): Object: 'Object Repository/Regression BackOffice/CLNK-10235/Puntitos' is clicked on

2019-03-21 17:57:38 - [MESSAGE][PASSED] - Object: 'Object Repository/Regression BackOffice/CLNK-10235/Puntitos' is clicked on

2019-03-21 17:57:38 - [TEST_STEP][PASSED] - delay(2): Delayed 2 second(s)

2019-03-21 17:57:40 - [MESSAGE][PASSED] - Delayed 2 second(s)

2019-03-21 17:57:40 - [TEST_STEP][PASSED] - waitForPageLoad(50): Wait for page load successfully

2019-03-21 17:57:40 - [MESSAGE][PASSED] - Wait for page load successfully

2019-03-21 17:57:40 - [TEST_STEP][PASSED] - waitForElementPresent(findTestObject("Regression BackOffice/CLNK-10235/ClientIntakeClose"), 100): Object 'Object Repository/Regression BackOffice/CLNK-10235/ClientIntakeClose' is present

2019-03-21 17:57:40 - [MESSAGE][PASSED] - Object 'Object Repository/Regression BackOffice/CLNK-10235/ClientIntakeClose' is present

2019-03-21 17:57:40 - [TEST_STEP][PASSED] - click(findTestObject("Regression BackOffice/CLNK-10235/ClientIntakeClose")): Object: 'Object Repository/Regression BackOffice/CLNK-10235/ClientIntakeClose' is clicked on

2019-03-21 17:57:40 - [MESSAGE][PASSED] - Object: 'Object Repository/Regression BackOffice/CLNK-10235/ClientIntakeClose' is clicked on

2019-03-21 17:57:40 - [TEST_STEP][PASSED] - delay(2): Delayed 2 second(s)

2019-03-21 17:57:42 - [MESSAGE][PASSED] - Delayed 2 second(s)

2019-03-21 17:57:42 - [TEST_STEP][PASSED] - waitForElementPresent(findTestObject("Regression BackOffice/CLNK-10235/ScheduleIcon"), 100): Object 'Object Repository/Regression BackOffice/CLNK-10235/ScheduleIcon' is present

2019-03-21 17:57:42 - [MESSAGE][PASSED] - Object 'Object Repository/Regression BackOffice/CLNK-10235/ScheduleIcon' is present

2019-03-21 17:57:42 - [TEST_STEP][PASSED] - click(findTestObject("Regression BackOffice/CLNK-10235/ScheduleIcon")): Object: 'Object Repository/Regression BackOffice/CLNK-10235/ScheduleIcon' is clicked on

2019-03-21 17:57:42 - [MESSAGE][PASSED] - Object: 'Object Repository/Regression BackOffice/CLNK-10235/ScheduleIcon' is clicked on

2019-03-21 17:57:42 - [TEST_STEP][PASSED] - delay(2): Delayed 2 second(s)

2019-03-21 17:57:44 - [MESSAGE][PASSED] - Delayed 2 second(s)

2019-03-21 17:57:44 - [TEST_STEP][PASSED] - waitForElementPresent(findTestObject("Regression BackOffice/CLNK-10235/EnterNeeds"), 100): Object 'Object Repository/Regression BackOffice/CLNK-10235/EnterNeeds' is present

2019-03-21 17:57:44 - [MESSAGE][PASSED] - Object 'Object Repository/Regression BackOffice/CLNK-10235/EnterNeeds' is present

2019-03-21 17:57:44 - [TEST_STEP][PASSED] - click(findTestObject("Regression BackOffice/CLNK-10235/EnterNeeds")): Object: 'Object Repository/Regression BackOffice/CLNK-10235/EnterNeeds' is clicked on

2019-03-21 17:57:47 - [MESSAGE][PASSED] - Object: 'Object Repository/Regression BackOffice/CLNK-10235/EnterNeeds' is clicked on

2019-03-21 17:57:47 - [TEST_STEP][PASSED] - delay(2): Delayed 2 second(s)

2019-03-21 17:57:49 - [MESSAGE][PASSED] - Delayed 2 second(s)

2019-03-21 17:57:49 - [TEST_STEP][PASSED] - switchToDefaultContent(): null

2019-03-21 17:57:49 - [TEST_STEP][PASSED] - switchToFrame(findTestObject("Regression BackOffice/CLNK-23449/FrameMain"), 30): null

2019-03-21 17:57:49 - [TEST_STEP][PASSED] - delay(3): Delayed 3 second(s)

2019-03-21 17:57:52 - [MESSAGE][PASSED] - Delayed 3 second(s)

2019-03-21 17:57:52 - [TEST_STEP][PASSED] - waitForElementPresent(findTestObject("Regression BackOffice/CLNK-10235/Client NameSearchNeeds"), 100): Object 'Object Repository/Regression BackOffice/CLNK-10235/Client NameSearchNeeds' is present

2019-03-21 17:57:52 - [MESSAGE][PASSED] - Object 'Object Repository/Regression BackOffice/CLNK-10235/Client NameSearchNeeds' is present

2019-03-21 17:57:52 - [TEST_STEP][PASSED] - setText(findTestObject("Regression BackOffice/CLNK-10235/Client NameSearchNeeds"), "Morris"): Text 'Morris' is set on object 'Object Repository/Regression BackOffice/CLNK-10235/Client NameSearchNeeds'

2019-03-21 17:57:52 - [MESSAGE][PASSED] - Text 'Morris' is set on object 'Object Repository/Regression BackOffice/CLNK-10235/Client NameSearchNeeds'

2019-03-21 17:57:52 - [TEST_STEP][PASSED] - delay(2): Delayed 2 second(s)

2019-03-21 17:57:54 - [MESSAGE][PASSED] - Delayed 2 second(s)

2019-03-21 17:57:54 - [TEST_STEP][PASSED] - click(findTestObject("Regression BackOffice/CLNK-10235/Client NameSearchNeeds")): Object: 'Object Repository/Regression BackOffice/CLNK-10235/Client NameSearchNeeds' is clicked on

2019-03-21 17:57:55 - [MESSAGE][PASSED] - Object: 'Object Repository/Regression BackOffice/CLNK-10235/Client NameSearchNeeds' is clicked on

2019-03-21 17:57:55 - [TEST_STEP][PASSED] - sendKeys(findTestObject("Regression BackOffice/CLNK-10235/Client NameSearchNeeds"), Keys.chord(ARROW_DOWN, ENTER)): Keys 'DOWN + ENTER + ' sent to object: 'Object Repository/Regression BackOffice/CLNK-10235/Client NameSearchNeeds'

2019-03-21 17:57:55 - [MESSAGE][PASSED] - Keys 'DOWN + ENTER + ' sent to object: 'Object Repository/Regression BackOffice/CLNK-10235/Client NameSearchNeeds'

2019-03-21 17:57:55 - [TEST_STEP][PASSED] - waitForElementPresent(findTestObject("Regression BackOffice/CLNK-10235/ScheduleAssessmentCode"), 100): Object 'Object Repository/Regression BackOffice/CLNK-10235/ScheduleAssessmentCode' is present

2019-03-21 17:57:55 - [MESSAGE][PASSED] - Object 'Object Repository/Regression BackOffice/CLNK-10235/ScheduleAssessmentCode' is present

2019-03-21 17:57:55 - [TEST_STEP][PASSED] - click(findTestObject("Regression BackOffice/CLNK-10235/ScheduleAssessmentCode")): Object: 'Object Repository/Regression BackOffice/CLNK-10235/ScheduleAssessmentCode' is clicked on

2019-03-21 17:57:55 - [MESSAGE][PASSED] - Object: 'Object Repository/Regression BackOffice/CLNK-10235/ScheduleAssessmentCode' is clicked on

2019-03-21 17:57:55 - [TEST_STEP][PASSED] - delay(2): Delayed 2 second(s)

2019-03-21 17:57:57 - [MESSAGE][PASSED] - Delayed 2 second(s)

2019-03-21 17:57:57 - [TEST_STEP][PASSED] - waitForElementPresent(findTestObject("Regression BackOffice/CLNK-10235/ServiceTypeList"), 100): Object 'Object Repository/Regression BackOffice/CLNK-10235/ServiceTypeList' is present

2019-03-21 17:57:57 - [MESSAGE][PASSED] - Object 'Object Repository/Regression BackOffice/CLNK-10235/ServiceTypeList' is present

2019-03-21 17:57:57 - [TEST_STEP][PASSED] - click(findTestObject("Regression BackOffice/CLNK-10235/ServiceTypeList")): Object: 'Object Repository/Regression BackOffice/CLNK-10235/ServiceTypeList' is clicked on

2019-03-21 17:57:58 - [MESSAGE][PASSED] - Object: 'Object Repository/Regression BackOffice/CLNK-10235/ServiceTypeList' is clicked on

2019-03-21 17:57:58 - [TEST_STEP][PASSED] - sendKeys(findTestObject("Regression BackOffice/CLNK-10235/ServiceTypeList"), Keys.chord(ARROW_DOWN, ENTER)): Keys 'DOWN + ENTER + ' sent to object: 'Object Repository/Regression BackOffice/CLNK-10235/ServiceTypeList'

2019-03-21 17:57:58 - [MESSAGE][PASSED] - Keys 'DOWN + ENTER + ' sent to object: 'Object Repository/Regression BackOffice/CLNK-10235/ServiceTypeList'

2019-03-21 17:57:58 - [TEST_STEP][PASSED] - delay(2): Delayed 2 second(s)

2019-03-21 17:58:00 - [MESSAGE][PASSED] - Delayed 2 second(s)

2019-03-21 17:58:00 - [TEST_STEP][PASSED] - scrollToElement(findTestObject("Regression BackOffice/CLNK-10235/StartTime"), 10): Scroll to object 'Object Repository/Regression BackOffice/CLNK-10235/StartTime' successfully

2019-03-21 17:58:00 - [MESSAGE][PASSED] - Scroll to object 'Object Repository/Regression BackOffice/CLNK-10235/StartTime' successfully

2019-03-21 17:58:00 - [TEST_STEP][PASSED] - waitForElementPresent(findTestObject("Regression BackOffice/CLNK-10235/StartTime"), 100): Object 'Object Repository/Regression BackOffice/CLNK-10235/StartTime' is present

2019-03-21 17:58:00 - [MESSAGE][PASSED] - Object 'Object Repository/Regression BackOffice/CLNK-10235/StartTime' is present

2019-03-21 17:58:00 - [TEST_STEP][PASSED] - click(findTestObject("Regression BackOffice/CLNK-10235/StartTime")): Object: 'Object Repository/Regression BackOffice/CLNK-10235/StartTime' is clicked on

2019-03-21 17:58:00 - [MESSAGE][PASSED] - Object: 'Object Repository/Regression BackOffice/CLNK-10235/StartTime' is clicked on

2019-03-21 17:58:00 - [TEST_STEP][PASSED] - sendKeys(findTestObject("Regression BackOffice/CLNK-10235/StartTime"), "1126"): Keys '1126' sent to object: 'Object Repository/Regression BackOffice/CLNK-10235/StartTime'

2019-03-21 17:58:01 - [MESSAGE][PASSED] - Keys '1126' sent to object: 'Object Repository/Regression BackOffice/CLNK-10235/StartTime'

2019-03-21 17:58:01 - [TEST_STEP][PASSED] - delay(2): Delayed 2 second(s)

2019-03-21 17:58:03 - [MESSAGE][PASSED] - Delayed 2 second(s)

2019-03-21 17:58:03 - [TEST_STEP][PASSED] - waitForElementPresent(findTestObject("Regression BackOffice/CLNK-10235/EndTime"), 100): Object 'Object Repository/Regression BackOffice/CLNK-10235/EndTime' is present

2019-03-21 17:58:03 - [MESSAGE][PASSED] - Object 'Object Repository/Regression BackOffice/CLNK-10235/EndTime' is present

2019-03-21 17:58:03 - [TEST_STEP][PASSED] - click(findTestObject("Regression BackOffice/CLNK-10235/EndTime")): Object: 'Object Repository/Regression BackOffice/CLNK-10235/EndTime' is clicked on

2019-03-21 17:58:03 - [MESSAGE][PASSED] - Object: 'Object Repository/Regression BackOffice/CLNK-10235/EndTime' is clicked on

2019-03-21 17:58:03 - [TEST_STEP][PASSED] - sendKeys(findTestObject("Regression BackOffice/CLNK-10235/EndTime"), "1136"): Keys '1136' sent to object: 'Object Repository/Regression BackOffice/CLNK-10235/EndTime'

2019-03-21 17:58:03 - [MESSAGE][PASSED] - Keys '1136' sent to object: 'Object Repository/Regression BackOffice/CLNK-10235/EndTime'

2019-03-21 17:58:03 - [TEST_STEP][PASSED] - delay(2): Delayed 2 second(s)

2019-03-21 17:58:05 - [MESSAGE][PASSED] - Delayed 2 second(s)

2019-03-21 17:58:05 - [TEST_STEP][PASSED] - scrollToElement(findTestObject("Regression BackOffice/CLNK-10235/CaregiverName"), 10): Scroll to object 'Object Repository/Regression BackOffice/CLNK-10235/CaregiverName' successfully

2019-03-21 17:58:05 - [MESSAGE][PASSED] - Scroll to object 'Object Repository/Regression BackOffice/CLNK-10235/CaregiverName' successfully

2019-03-21 17:58:05 - [TEST_STEP][PASSED] - waitForElementPresent(findTestObject("Regression BackOffice/CLNK-10235/CaregiverName"), 100): Object 'Object Repository/Regression BackOffice/CLNK-10235/CaregiverName' is present

2019-03-21 17:58:05 - [MESSAGE][PASSED] - Object 'Object Repository/Regression BackOffice/CLNK-10235/CaregiverName' is present

2019-03-21 17:58:05 - [TEST_STEP][PASSED] - setText(findTestObject("Regression BackOffice/CLNK-10235/CaregiverName"), "Dimitra, Natasha"): Text 'Dimitra, Natasha' is set on object 'Object Repository/Regression BackOffice/CLNK-10235/CaregiverName'

2019-03-21 17:58:06 - [MESSAGE][PASSED] - Text 'Dimitra, Natasha' is set on object 'Object Repository/Regression BackOffice/CLNK-10235/CaregiverName'

2019-03-21 17:58:06 - [TEST_STEP][PASSED] - delay(2): Delayed 2 second(s)

2019-03-21 17:58:08 - [MESSAGE][PASSED] - Delayed 2 second(s)

2019-03-21 17:58:08 - [TEST_STEP][PASSED] - click(findTestObject("Regression BackOffice/CLNK-10235/CaregiverName")): Object: 'Object Repository/Regression BackOffice/CLNK-10235/CaregiverName' is clicked on

2019-03-21 17:58:08 - [MESSAGE][PASSED] - Object: 'Object Repository/Regression BackOffice/CLNK-10235/CaregiverName' is clicked on

2019-03-21 17:58:08 - [TEST_STEP][PASSED] - sendKeys(findTestObject("Regression BackOffice/CLNK-10235/CaregiverName"), Keys.chord(ARROW_DOWN, ENTER)): Keys 'DOWN + ENTER + ' sent to object: 'Object Repository/Regression BackOffice/CLNK-10235/CaregiverName'

2019-03-21 17:58:08 - [MESSAGE][PASSED] - Keys 'DOWN + ENTER + ' sent to object: 'Object Repository/Regression BackOffice/CLNK-10235/CaregiverName'

2019-03-21 17:58:08 - [TEST_STEP][PASSED] - switchToDefaultContent(): null

2019-03-21 17:58:08 - [TEST_STEP][PASSED] - switchToFrame(findTestObject("Regression BackOffice/CLINK-17788/BannerFrame"), 30): null

2019-03-21 17:58:09 - [TEST_STEP][PASSED] - waitForElementPresent(findTestObject("Regression BackOffice/CLNK-10235/SaveButton"), 50): Object 'Object Repository/Regression BackOffice/CLNK-10235/SaveButton' is present

2019-03-21 17:58:09 - [MESSAGE][PASSED] - Object 'Object Repository/Regression BackOffice/CLNK-10235/SaveButton' is present

2019-03-21 17:58:09 - [TEST_STEP][PASSED] - click(findTestObject("Regression BackOffice/CLNK-10235/SaveButton"), STOP_ON_FAILURE): Object: 'Object Repository/Regression BackOffice/CLNK-10235/SaveButton' is clicked on

2019-03-21 17:58:09 - [MESSAGE][PASSED] - Object: 'Object Repository/Regression BackOffice/CLNK-10235/SaveButton' is clicked on

2019-03-21 17:58:09 - [TEST_STEP][PASSED] - delay(2): Delayed 2 second(s)

2019-03-21 17:58:11 - [MESSAGE][PASSED] - Delayed 2 second(s)]]></system-out>
         <system-err><![CDATA[]]></system-err>
      </testcase>
      <testcase name="Test Cases/Regression BackOffice (All Browsers)/CLNK-23439 - Clink - Back office Client" classname="Test Cases/Regression BackOffice (All Browsers)/CLNK-23439 - Clink - Back office Client" status="PASSED">
         <system-out><![CDATA[2019-03-21 17:58:13 - [TEST_CASE][PASSED] - Test Cases/Regression BackOffice (All Browsers)/CLNK-23439 - Clink - Back office Client: Test Cases/Regression BackOffice (All Browsers)/CLNK-23439 - Clink - Back office Client

2019-03-21 17:58:13 - [TEST_STEP][PASSED] - openBrowser(G_SiteBackOffice): Browser is opened with url: 'http://qanewpoc.continulink.com:81/backoffice/Login.aspx'

2019-03-21 17:58:13 - [MESSAGE][WARNING] - A browser is already opened. Closing browser and opening a new one

2019-03-21 17:58:14 - [MESSAGE][INFO] - Starting 'Chrome' driver

2019-03-21 17:58:22 - [MESSAGE][PASSED] - Browser is opened with url: 'http://qanewpoc.continulink.com:81/backoffice/Login.aspx'

2019-03-21 17:58:22 - [TEST_STEP][PASSED] - waitForPageLoad(60): Wait for page load successfully

2019-03-21 17:58:22 - [MESSAGE][PASSED] - Wait for page load successfully

2019-03-21 17:58:22 - [TEST_STEP][PASSED] - maximizeWindow(): Current window maximized

2019-03-21 17:58:23 - [MESSAGE][PASSED] - Current window maximized

2019-03-21 17:58:23 - [TEST_STEP][PASSED] - setText(findTestObject("Regression BackOffice/Login/UserBackOffice"), G_UserBackOffice): Text 'demo' is set on object 'Object Repository/Regression BackOffice/Login/UserBackOffice'

2019-03-21 17:58:23 - [MESSAGE][PASSED] - Text 'demo' is set on object 'Object Repository/Regression BackOffice/Login/UserBackOffice'

2019-03-21 17:58:23 - [TEST_STEP][PASSED] - setText(findTestObject("Regression BackOffice/Login/PasswordBackOffice"), G_PasswordBackOffice): Text 'qwerty' is set on object 'Object Repository/Regression BackOffice/Login/PasswordBackOffice'

2019-03-21 17:58:24 - [MESSAGE][PASSED] - Text 'qwerty' is set on object 'Object Repository/Regression BackOffice/Login/PasswordBackOffice'

2019-03-21 17:58:24 - [TEST_STEP][PASSED] - click(findTestObject("Regression BackOffice/Login/LoginBackOffice")): Object: 'Object Repository/Regression BackOffice/Login/LoginBackOffice' is clicked on

2019-03-21 17:58:30 - [MESSAGE][PASSED] - Object: 'Object Repository/Regression BackOffice/Login/LoginBackOffice' is clicked on

2019-03-21 17:58:30 - [TEST_STEP][PASSED] - waitForPageLoad(60): Wait for page load successfully

2019-03-21 17:58:31 - [MESSAGE][PASSED] - Wait for page load successfully

2019-03-21 17:58:31 - [TEST_STEP][PASSED] - delay(3): Delayed 3 second(s)

2019-03-21 17:58:34 - [MESSAGE][PASSED] - Delayed 3 second(s)

2019-03-21 17:58:34 - [TEST_STEP][PASSED] - switchToFrame(findTestObject("Regression BackOffice/CLNK-23449/FrameLeft"), 5): null

2019-03-21 17:58:34 - [TEST_STEP][PASSED] - waitForElementPresent(findTestObject("Regression BackOffice/CLNK-23449/ClienIntakeICon"), 60): Object 'Object Repository/Regression BackOffice/CLNK-23449/ClienIntakeICon' is present

2019-03-21 17:58:34 - [MESSAGE][PASSED] - Object 'Object Repository/Regression BackOffice/CLNK-23449/ClienIntakeICon' is present

2019-03-21 17:58:34 - [TEST_STEP][PASSED] - verifyElementPresent(findTestObject("Regression BackOffice/CLNK-23449/ClienIntakeICon"), 100): Object 'Object Repository/Regression BackOffice/CLNK-23449/ClienIntakeICon' is present

2019-03-21 17:58:34 - [MESSAGE][PASSED] - Object 'Object Repository/Regression BackOffice/CLNK-23449/ClienIntakeICon' is present

2019-03-21 17:58:34 - [TEST_STEP][PASSED] - switchToDefaultContent(): null]]></system-out>
         <system-err><![CDATA[]]></system-err>
      </testcase>
      <testcase name="Test Cases/Regression BackOffice (All Browsers)/CLNK-17180 - Admission Authorization Changes Report" classname="Test Cases/Regression BackOffice (All Browsers)/CLNK-17180 - Admission Authorization Changes Report" status="PASSED">
         <system-out><![CDATA[2019-03-21 17:58:36 - [TEST_CASE][PASSED] - Test Cases/Regression BackOffice (All Browsers)/CLNK-17180 - Admission Authorization Changes Report: Test Cases/Regression BackOffice (All Browsers)/CLNK-17180 - Admission Authorization Changes Report

2019-03-21 17:58:36 - [TEST_STEP][PASSED] - callTestCase(findTestCase("Regression BackOffice (All Browsers)/CLNK-23439 - Clink - Back office Client"), [:], STOP_ON_FAILURE): Call Test Case 'Test Cases/Regression BackOffice (All Browsers)/CLNK-23439 - Clink - Back office Client' successfully

2019-03-21 17:58:36 - [TEST_CASE][PASSED] - Test Cases/Regression BackOffice (All Browsers)/CLNK-23439 - Clink - Back office Client: Test Cases/Regression BackOffice (All Browsers)/CLNK-23439 - Clink - Back office Client

2019-03-21 17:58:37 - [TEST_STEP][PASSED] - openBrowser(G_SiteBackOffice): Browser is opened with url: 'http://qanewpoc.continulink.com:81/backoffice/Login.aspx'

2019-03-21 17:58:37 - [MESSAGE][WARNING] - A browser is already opened. Closing browser and opening a new one

2019-03-21 17:58:37 - [MESSAGE][INFO] - Starting 'Chrome' driver

2019-03-21 17:58:44 - [MESSAGE][PASSED] - Browser is opened with url: 'http://qanewpoc.continulink.com:81/backoffice/Login.aspx'

2019-03-21 17:58:44 - [TEST_STEP][PASSED] - waitForPageLoad(60): Wait for page load successfully

2019-03-21 17:58:44 - [MESSAGE][PASSED] - Wait for page load successfully

2019-03-21 17:58:44 - [TEST_STEP][PASSED] - maximizeWindow(): Current window maximized

2019-03-21 17:58:45 - [MESSAGE][PASSED] - Current window maximized

2019-03-21 17:58:45 - [TEST_STEP][PASSED] - setText(findTestObject("Regression BackOffice/Login/UserBackOffice"), G_UserBackOffice): Text 'demo' is set on object 'Object Repository/Regression BackOffice/Login/UserBackOffice'

2019-03-21 17:58:45 - [MESSAGE][PASSED] - Text 'demo' is set on object 'Object Repository/Regression BackOffice/Login/UserBackOffice'

2019-03-21 17:58:45 - [TEST_STEP][PASSED] - setText(findTestObject("Regression BackOffice/Login/PasswordBackOffice"), G_PasswordBackOffice): Text 'qwerty' is set on object 'Object Repository/Regression BackOffice/Login/PasswordBackOffice'

2019-03-21 17:58:46 - [MESSAGE][PASSED] - Text 'qwerty' is set on object 'Object Repository/Regression BackOffice/Login/PasswordBackOffice'

2019-03-21 17:58:46 - [TEST_STEP][PASSED] - click(findTestObject("Regression BackOffice/Login/LoginBackOffice")): Object: 'Object Repository/Regression BackOffice/Login/LoginBackOffice' is clicked on

2019-03-21 17:58:53 - [MESSAGE][PASSED] - Object: 'Object Repository/Regression BackOffice/Login/LoginBackOffice' is clicked on

2019-03-21 17:58:53 - [TEST_STEP][PASSED] - waitForPageLoad(60): Wait for page load successfully

2019-03-21 17:58:53 - [MESSAGE][PASSED] - Wait for page load successfully

2019-03-21 17:58:53 - [TEST_STEP][PASSED] - delay(3): Delayed 3 second(s)

2019-03-21 17:58:56 - [MESSAGE][PASSED] - Delayed 3 second(s)

2019-03-21 17:58:56 - [TEST_STEP][PASSED] - switchToFrame(findTestObject("Regression BackOffice/CLNK-23449/FrameLeft"), 5): null

2019-03-21 17:58:56 - [TEST_STEP][PASSED] - waitForElementPresent(findTestObject("Regression BackOffice/CLNK-23449/ClienIntakeICon"), 60): Object 'Object Repository/Regression BackOffice/CLNK-23449/ClienIntakeICon' is present

2019-03-21 17:58:56 - [MESSAGE][PASSED] - Object 'Object Repository/Regression BackOffice/CLNK-23449/ClienIntakeICon' is present

2019-03-21 17:58:56 - [TEST_STEP][PASSED] - verifyElementPresent(findTestObject("Regression BackOffice/CLNK-23449/ClienIntakeICon"), 100): Object 'Object Repository/Regression BackOffice/CLNK-23449/ClienIntakeICon' is present

2019-03-21 17:58:56 - [MESSAGE][PASSED] - Object 'Object Repository/Regression BackOffice/CLNK-23449/ClienIntakeICon' is present

2019-03-21 17:58:56 - [TEST_STEP][PASSED] - switchToDefaultContent(): null

2019-03-21 17:58:56 - [MESSAGE][PASSED] - Call Test Case 'Test Cases/Regression BackOffice (All Browsers)/CLNK-23439 - Clink - Back office Client' successfully

2019-03-21 17:58:56 - [TEST_STEP][PASSED] - waitForPageLoad(60): Wait for page load successfully

2019-03-21 17:58:56 - [MESSAGE][PASSED] - Wait for page load successfully

2019-03-21 17:58:56 - [TEST_STEP][PASSED] - delay(3): Delayed 3 second(s)

2019-03-21 17:58:59 - [MESSAGE][PASSED] - Delayed 3 second(s)

2019-03-21 17:58:59 - [TEST_STEP][PASSED] - switchToFrame(findTestObject("Regression BackOffice/CLNK-23449/FrameLeft"), 30): null

2019-03-21 17:58:59 - [TEST_STEP][PASSED] - waitForElementPresent(findTestObject("Regression BackOffice/CLNK-23449/ClienIntakeICon"), 100): Object 'Object Repository/Regression BackOffice/CLNK-23449/ClienIntakeICon' is present

2019-03-21 17:58:59 - [MESSAGE][PASSED] - Object 'Object Repository/Regression BackOffice/CLNK-23449/ClienIntakeICon' is present

2019-03-21 17:58:59 - [TEST_STEP][PASSED] - click(findTestObject("Regression BackOffice/CLNK-23449/ClienIntakeICon")): Object: 'Object Repository/Regression BackOffice/CLNK-23449/ClienIntakeICon' is clicked on

2019-03-21 17:58:59 - [MESSAGE][PASSED] - Object: 'Object Repository/Regression BackOffice/CLNK-23449/ClienIntakeICon' is clicked on

2019-03-21 17:58:59 - [TEST_STEP][PASSED] - delay(2): Delayed 2 second(s)

2019-03-21 17:59:01 - [MESSAGE][PASSED] - Delayed 2 second(s)

2019-03-21 17:59:01 - [TEST_STEP][PASSED] - waitForPageLoad(50): Wait for page load successfully

2019-03-21 17:59:02 - [MESSAGE][PASSED] - Wait for page load successfully

2019-03-21 17:59:02 - [TEST_STEP][PASSED] - scrollToElement(findTestObject("Regression BackOffice/CLINK-17180/Client  Intake Reports Link"), 50): Scroll to object 'Object Repository/Regression BackOffice/CLINK-17180/Client  Intake Reports Link' successfully

2019-03-21 17:59:02 - [MESSAGE][PASSED] - Scroll to object 'Object Repository/Regression BackOffice/CLINK-17180/Client  Intake Reports Link' successfully

2019-03-21 17:59:02 - [TEST_STEP][PASSED] - click(findTestObject("Regression BackOffice/CLINK-17180/Client  Intake Reports Link")): Object: 'Object Repository/Regression BackOffice/CLINK-17180/Client  Intake Reports Link' is clicked on

2019-03-21 17:59:04 - [MESSAGE][PASSED] - Object: 'Object Repository/Regression BackOffice/CLINK-17180/Client  Intake Reports Link' is clicked on

2019-03-21 17:59:04 - [TEST_STEP][PASSED] - delay(2): Delayed 2 second(s)

2019-03-21 17:59:06 - [MESSAGE][PASSED] - Delayed 2 second(s)

2019-03-21 17:59:06 - [TEST_STEP][PASSED] - switchToDefaultContent(): null

2019-03-21 17:59:06 - [TEST_STEP][PASSED] - switchToFrame(findTestObject("Regression BackOffice/CLNK-23449/FrameMain"), 30): null

2019-03-21 17:59:06 - [TEST_STEP][PASSED] - waitForElementPresent(findTestObject("Regression BackOffice/CLINK-17180/Admission Authorization Changes Report Link"), 50): Object 'Object Repository/Regression BackOffice/CLINK-17180/Admission Authorization Changes Report Link' is present

2019-03-21 17:59:06 - [MESSAGE][PASSED] - Object 'Object Repository/Regression BackOffice/CLINK-17180/Admission Authorization Changes Report Link' is present

2019-03-21 17:59:06 - [TEST_STEP][PASSED] - click(findTestObject("Regression BackOffice/CLINK-17180/Admission Authorization Changes Report Link")): Object: 'Object Repository/Regression BackOffice/CLINK-17180/Admission Authorization Changes Report Link' is clicked on

2019-03-21 17:59:13 - [MESSAGE][PASSED] - Object: 'Object Repository/Regression BackOffice/CLINK-17180/Admission Authorization Changes Report Link' is clicked on

2019-03-21 17:59:13 - [TEST_STEP][PASSED] - delay(2): Delayed 2 second(s)

2019-03-21 17:59:15 - [MESSAGE][PASSED] - Delayed 2 second(s)

2019-03-21 17:59:15 - [TEST_STEP][PASSED] - waitForPageLoad(60): Wait for page load successfully

2019-03-21 17:59:15 - [MESSAGE][PASSED] - Wait for page load successfully

2019-03-21 17:59:15 - [TEST_STEP][PASSED] - waitForElementPresent(findTestObject("Regression BackOffice/CLINK-17180/Search Client Link"), 50): Object 'Object Repository/Regression BackOffice/CLINK-17180/Search Client Link' is present

2019-03-21 17:59:15 - [MESSAGE][PASSED] - Object 'Object Repository/Regression BackOffice/CLINK-17180/Search Client Link' is present

2019-03-21 17:59:15 - [TEST_STEP][PASSED] - click(findTestObject("Regression BackOffice/CLINK-17180/Search Client Link")): Object: 'Object Repository/Regression BackOffice/CLINK-17180/Search Client Link' is clicked on

2019-03-21 17:59:16 - [MESSAGE][PASSED] - Object: 'Object Repository/Regression BackOffice/CLINK-17180/Search Client Link' is clicked on

2019-03-21 17:59:16 - [TEST_STEP][PASSED] - delay(2): Delayed 2 second(s)

2019-03-21 17:59:18 - [MESSAGE][PASSED] - Delayed 2 second(s)

2019-03-21 17:59:18 - [TEST_STEP][PASSED] - switchToDefaultContent(): null

2019-03-21 17:59:18 - [TEST_STEP][PASSED] - switchToWindowUrl("http://qanewpoc.continulink.com:81/backoffice/Client/ClientSearch.aspx?search=true"): Switched to window with url: 'http://qanewpoc.continulink.com:81/backoffice/Client/ClientSearch.aspx?search=true'

2019-03-21 17:59:19 - [MESSAGE][PASSED] - Switched to window with url: 'http://qanewpoc.continulink.com:81/backoffice/Client/ClientSearch.aspx?search=true'

2019-03-21 17:59:19 - [TEST_STEP][PASSED] - waitForPageLoad(60): Wait for page load successfully

2019-03-21 17:59:19 - [MESSAGE][PASSED] - Wait for page load successfully

2019-03-21 17:59:19 - [TEST_STEP][PASSED] - maximizeWindow(): Current window maximized

2019-03-21 17:59:19 - [MESSAGE][PASSED] - Current window maximized

2019-03-21 17:59:19 - [TEST_STEP][PASSED] - waitForElementPresent(findTestObject("Regression BackOffice/CLINK-17180/Last Name"), 50): Object 'Object Repository/Regression BackOffice/CLINK-17180/Last Name' is present

2019-03-21 17:59:19 - [MESSAGE][PASSED] - Object 'Object Repository/Regression BackOffice/CLINK-17180/Last Name' is present

2019-03-21 17:59:19 - [TEST_STEP][PASSED] - sendKeys(findTestObject("Regression BackOffice/CLINK-17180/Last Name"), "Rollback"): Keys 'Rollback' sent to object: 'Object Repository/Regression BackOffice/CLINK-17180/Last Name'

2019-03-21 17:59:19 - [MESSAGE][PASSED] - Keys 'Rollback' sent to object: 'Object Repository/Regression BackOffice/CLINK-17180/Last Name'

2019-03-21 17:59:19 - [TEST_STEP][PASSED] - delay(2): Delayed 2 second(s)

2019-03-21 17:59:21 - [MESSAGE][PASSED] - Delayed 2 second(s)

2019-03-21 17:59:21 - [TEST_STEP][PASSED] - waitForElementPresent(findTestObject("Regression BackOffice/CLINK - 27906/SearchButton"), 50): Object 'Object Repository/Regression BackOffice/CLINK - 27906/SearchButton' is present

2019-03-21 17:59:21 - [MESSAGE][PASSED] - Object 'Object Repository/Regression BackOffice/CLINK - 27906/SearchButton' is present

2019-03-21 17:59:21 - [TEST_STEP][PASSED] - click(findTestObject("Regression BackOffice/CLINK - 27906/SearchButton"), STOP_ON_FAILURE): Object: 'Object Repository/Regression BackOffice/CLINK - 27906/SearchButton' is clicked on

2019-03-21 17:59:22 - [MESSAGE][PASSED] - Object: 'Object Repository/Regression BackOffice/CLINK - 27906/SearchButton' is clicked on

2019-03-21 17:59:22 - [TEST_STEP][PASSED] - delay(2): Delayed 2 second(s)

2019-03-21 17:59:24 - [MESSAGE][PASSED] - Delayed 2 second(s)

2019-03-21 17:59:25 - [TEST_STEP][PASSED] - waitForElementPresent(findTestObject("Regression BackOffice/CLINK - 27906/ClientRollbackLink"), 50): Object 'Object Repository/Regression BackOffice/CLINK - 27906/ClientRollbackLink' is present

2019-03-21 17:59:25 - [MESSAGE][PASSED] - Object 'Object Repository/Regression BackOffice/CLINK - 27906/ClientRollbackLink' is present

2019-03-21 17:59:25 - [TEST_STEP][PASSED] - click(findTestObject("Regression BackOffice/CLINK - 27906/ClientRollbackLink")): Object: 'Object Repository/Regression BackOffice/CLINK - 27906/ClientRollbackLink' is clicked on

2019-03-21 17:59:25 - [MESSAGE][PASSED] - Object: 'Object Repository/Regression BackOffice/CLINK - 27906/ClientRollbackLink' is clicked on

2019-03-21 17:59:25 - [TEST_STEP][PASSED] - switchToDefaultContent(): null

2019-03-21 17:59:26 - [TEST_STEP][PASSED] - switchToFrame(findTestObject("Regression BackOffice/CLNK-23449/FrameMain"), 30): null

2019-03-21 17:59:26 - [TEST_STEP][PASSED] - waitForPageLoad(60): Wait for page load successfully

2019-03-21 17:59:26 - [MESSAGE][PASSED] - Wait for page load successfully

2019-03-21 17:59:26 - [TEST_STEP][PASSED] - delay(2): Delayed 2 second(s)

2019-03-21 17:59:28 - [MESSAGE][PASSED] - Delayed 2 second(s)

2019-03-21 17:59:28 - [TEST_STEP][PASSED] - waitForElementPresent(findTestObject("Regression BackOffice/CLINK-17180/EpisodeAdmisionDetails"), 50): Object 'Object Repository/Regression BackOffice/CLINK-17180/EpisodeAdmisionDetails' is present

2019-03-21 17:59:28 - [MESSAGE][PASSED] - Object 'Object Repository/Regression BackOffice/CLINK-17180/EpisodeAdmisionDetails' is present

2019-03-21 17:59:28 - [TEST_STEP][PASSED] - click(findTestObject("Regression BackOffice/CLINK-17180/EpisodeAdmisionDetails"), STOP_ON_FAILURE): Object: 'Object Repository/Regression BackOffice/CLINK-17180/EpisodeAdmisionDetails' is clicked on

2019-03-21 17:59:28 - [MESSAGE][PASSED] - Object: 'Object Repository/Regression BackOffice/CLINK-17180/EpisodeAdmisionDetails' is clicked on

2019-03-21 17:59:28 - [TEST_STEP][PASSED] - sendKeys(findTestObject("Regression BackOffice/CLINK-17180/EpisodeAdmisionDetails"), Keys.chord(ARROW_DOWN, ENTER)): Keys 'DOWN + ENTER + ' sent to object: 'Object Repository/Regression BackOffice/CLINK-17180/EpisodeAdmisionDetails'

2019-03-21 17:59:29 - [MESSAGE][PASSED] - Keys 'DOWN + ENTER + ' sent to object: 'Object Repository/Regression BackOffice/CLINK-17180/EpisodeAdmisionDetails'

2019-03-21 17:59:29 - [TEST_STEP][PASSED] - delay(3): Delayed 3 second(s)

2019-03-21 17:59:32 - [MESSAGE][PASSED] - Delayed 3 second(s)

2019-03-21 17:59:32 - [TEST_STEP][PASSED] - waitForElementPresent(findTestObject("Regression BackOffice/CLINK-17180/ServiceTypeHHA"), 50): Object 'Object Repository/Regression BackOffice/CLINK-17180/ServiceTypeHHA' is present

2019-03-21 17:59:32 - [MESSAGE][PASSED] - Object 'Object Repository/Regression BackOffice/CLINK-17180/ServiceTypeHHA' is present

2019-03-21 17:59:32 - [TEST_STEP][PASSED] - click(findTestObject("Regression BackOffice/CLINK-17180/ServiceTypeHHA"), STOP_ON_FAILURE): Object: 'Object Repository/Regression BackOffice/CLINK-17180/ServiceTypeHHA' is clicked on

2019-03-21 17:59:32 - [MESSAGE][PASSED] - Object: 'Object Repository/Regression BackOffice/CLINK-17180/ServiceTypeHHA' is clicked on

2019-03-21 17:59:32 - [TEST_STEP][PASSED] - sendKeys(findTestObject("Regression BackOffice/CLINK-17180/ServiceTypeHHA"), Keys.chord(ARROW_DOWN, ARROW_DOWN, ENTER)): Keys 'DOWN + DOWN + ENTER + ' sent to object: 'Object Repository/Regression BackOffice/CLINK-17180/ServiceTypeHHA'

2019-03-21 17:59:32 - [MESSAGE][PASSED] - Keys 'DOWN + DOWN + ENTER + ' sent to object: 'Object Repository/Regression BackOffice/CLINK-17180/ServiceTypeHHA'

2019-03-21 17:59:32 - [TEST_STEP][PASSED] - delay(2): Delayed 2 second(s)

2019-03-21 17:59:34 - [MESSAGE][PASSED] - Delayed 2 second(s)

2019-03-21 17:59:34 - [TEST_STEP][PASSED] - waitForElementPresent(findTestObject("Regression BackOffice/CLINK-17180/GroupSelfPayName"), 50): Object 'Object Repository/Regression BackOffice/CLINK-17180/GroupSelfPayName' is present

2019-03-21 17:59:34 - [MESSAGE][PASSED] - Object 'Object Repository/Regression BackOffice/CLINK-17180/GroupSelfPayName' is present

2019-03-21 17:59:34 - [TEST_STEP][PASSED] - click(findTestObject("Regression BackOffice/CLINK-17180/GroupSelfPayName"), STOP_ON_FAILURE): Object: 'Object Repository/Regression BackOffice/CLINK-17180/GroupSelfPayName' is clicked on

2019-03-21 17:59:35 - [MESSAGE][PASSED] - Object: 'Object Repository/Regression BackOffice/CLINK-17180/GroupSelfPayName' is clicked on

2019-03-21 17:59:35 - [TEST_STEP][PASSED] - sendKeys(findTestObject("Regression BackOffice/CLINK-17180/GroupSelfPayName"), Keys.chord(ARROW_DOWN, ARROW_DOWN, ARROW_DOWN, ENTER)): Keys 'DOWN + DOWN + DOWN + ENTER + ' sent to object: 'Object Repository/Regression BackOffice/CLINK-17180/GroupSelfPayName'

2019-03-21 17:59:35 - [MESSAGE][PASSED] - Keys 'DOWN + DOWN + DOWN + ENTER + ' sent to object: 'Object Repository/Regression BackOffice/CLINK-17180/GroupSelfPayName'

2019-03-21 17:59:35 - [TEST_STEP][PASSED] - waitForElementPresent(findTestObject("Regression BackOffice/CLINK-17180/FromDate"), 50): Object 'Object Repository/Regression BackOffice/CLINK-17180/FromDate' is present

2019-03-21 17:59:35 - [MESSAGE][PASSED] - Object 'Object Repository/Regression BackOffice/CLINK-17180/FromDate' is present

2019-03-21 17:59:35 - [TEST_STEP][PASSED] - setText(findTestObject("Regression BackOffice/CLINK-17180/FromDate"), "01/01/2017"): Text '01/01/2017' is set on object 'Object Repository/Regression BackOffice/CLINK-17180/FromDate'

2019-03-21 17:59:35 - [MESSAGE][PASSED] - Text '01/01/2017' is set on object 'Object Repository/Regression BackOffice/CLINK-17180/FromDate'

2019-03-21 17:59:35 - [TEST_STEP][PASSED] - delay(2): Delayed 2 second(s)

2019-03-21 17:59:37 - [MESSAGE][PASSED] - Delayed 2 second(s)

2019-03-21 17:59:37 - [TEST_STEP][PASSED] - waitForElementPresent(findTestObject("Regression BackOffice/CLINK-17180/ToDate"), 50): Object 'Object Repository/Regression BackOffice/CLINK-17180/ToDate' is present

2019-03-21 17:59:37 - [MESSAGE][PASSED] - Object 'Object Repository/Regression BackOffice/CLINK-17180/ToDate' is present

2019-03-21 17:59:37 - [TEST_STEP][PASSED] - setText(findTestObject("Regression BackOffice/CLINK-17180/ToDate"), getDate.DateUtilities.getDateMonthDayYearNumberwithSlash()): Text '03/21/2019' is set on object 'Object Repository/Regression BackOffice/CLINK-17180/ToDate'

2019-03-21 17:59:37 - [MESSAGE][PASSED] - getDate.DateUtilities.getDateMonthDayYearNumberwithSlash is PASSED

2019-03-21 17:59:38 - [MESSAGE][PASSED] - Text '03/21/2019' is set on object 'Object Repository/Regression BackOffice/CLINK-17180/ToDate'

2019-03-21 17:59:38 - [TEST_STEP][PASSED] - delay(2): Delayed 2 second(s)

2019-03-21 17:59:40 - [MESSAGE][PASSED] - Delayed 2 second(s)

2019-03-21 17:59:40 - [TEST_STEP][PASSED] - waitForElementPresent(findTestObject("Regression BackOffice/CLINK-17180/a_Show Report"), 50): Object 'Object Repository/Regression BackOffice/CLINK-17180/a_Show Report' is present

2019-03-21 17:59:40 - [MESSAGE][PASSED] - Object 'Object Repository/Regression BackOffice/CLINK-17180/a_Show Report' is present

2019-03-21 17:59:40 - [TEST_STEP][PASSED] - click(findTestObject("Regression BackOffice/CLINK-17180/a_Show Report"), STOP_ON_FAILURE): Object: 'Object Repository/Regression BackOffice/CLINK-17180/a_Show Report' is clicked on

2019-03-21 17:59:42 - [MESSAGE][PASSED] - Object: 'Object Repository/Regression BackOffice/CLINK-17180/a_Show Report' is clicked on

2019-03-21 17:59:42 - [TEST_STEP][PASSED] - delay(2): Delayed 2 second(s)

2019-03-21 17:59:44 - [MESSAGE][PASSED] - Delayed 2 second(s)

2019-03-21 17:59:44 - [TEST_STEP][PASSED] - waitForPageLoad(60): Wait for page load successfully

2019-03-21 17:59:44 - [MESSAGE][PASSED] - Wait for page load successfully

2019-03-21 17:59:44 - [TEST_STEP][PASSED] - delay(4): Delayed 4 second(s)

2019-03-21 17:59:48 - [MESSAGE][PASSED] - Delayed 4 second(s)]]></system-out>
         <system-err><![CDATA[]]></system-err>
      </testcase>
      <testcase name="Test Cases/Regression BackOffice (All Browsers)/CLNK-10620 - BackOffice Medication Profile - Patient Information" classname="Test Cases/Regression BackOffice (All Browsers)/CLNK-10620 - BackOffice Medication Profile - Patient Information" status="PASSED">
         <system-out><![CDATA[2019-03-21 17:59:50 - [TEST_CASE][PASSED] - Test Cases/Regression BackOffice (All Browsers)/CLNK-10620 - BackOffice Medication Profile - Patient Information: Test Cases/Regression BackOffice (All Browsers)/CLNK-10620 - BackOffice Medication Profile - Patient Information

2019-03-21 17:59:51 - [TEST_STEP][PASSED] - callTestCase(findTestCase("Regression BackOffice (All Browsers)/CLNK-23439 - Clink - Back office Client"), [:], STOP_ON_FAILURE): Call Test Case 'Test Cases/Regression BackOffice (All Browsers)/CLNK-23439 - Clink - Back office Client' successfully

2019-03-21 17:59:51 - [TEST_CASE][PASSED] - Test Cases/Regression BackOffice (All Browsers)/CLNK-23439 - Clink - Back office Client: Test Cases/Regression BackOffice (All Browsers)/CLNK-23439 - Clink - Back office Client

2019-03-21 17:59:51 - [TEST_STEP][PASSED] - openBrowser(G_SiteBackOffice): Browser is opened with url: 'http://qanewpoc.continulink.com:81/backoffice/Login.aspx'

2019-03-21 17:59:51 - [MESSAGE][WARNING] - A browser is already opened. Closing browser and opening a new one

2019-03-21 17:59:52 - [MESSAGE][INFO] - Starting 'Chrome' driver

2019-03-21 17:59:59 - [MESSAGE][PASSED] - Browser is opened with url: 'http://qanewpoc.continulink.com:81/backoffice/Login.aspx'

2019-03-21 17:59:59 - [TEST_STEP][PASSED] - waitForPageLoad(60): Wait for page load successfully

2019-03-21 17:59:59 - [MESSAGE][PASSED] - Wait for page load successfully

2019-03-21 17:59:59 - [TEST_STEP][PASSED] - maximizeWindow(): Current window maximized

2019-03-21 18:00:00 - [MESSAGE][PASSED] - Current window maximized

2019-03-21 18:00:00 - [TEST_STEP][PASSED] - setText(findTestObject("Regression BackOffice/Login/UserBackOffice"), G_UserBackOffice): Text 'demo' is set on object 'Object Repository/Regression BackOffice/Login/UserBackOffice'

2019-03-21 18:00:00 - [MESSAGE][PASSED] - Text 'demo' is set on object 'Object Repository/Regression BackOffice/Login/UserBackOffice'

2019-03-21 18:00:00 - [TEST_STEP][PASSED] - setText(findTestObject("Regression BackOffice/Login/PasswordBackOffice"), G_PasswordBackOffice): Text 'qwerty' is set on object 'Object Repository/Regression BackOffice/Login/PasswordBackOffice'

2019-03-21 18:00:01 - [MESSAGE][PASSED] - Text 'qwerty' is set on object 'Object Repository/Regression BackOffice/Login/PasswordBackOffice'

2019-03-21 18:00:01 - [TEST_STEP][PASSED] - click(findTestObject("Regression BackOffice/Login/LoginBackOffice")): Object: 'Object Repository/Regression BackOffice/Login/LoginBackOffice' is clicked on

2019-03-21 18:00:07 - [MESSAGE][PASSED] - Object: 'Object Repository/Regression BackOffice/Login/LoginBackOffice' is clicked on

2019-03-21 18:00:07 - [TEST_STEP][PASSED] - waitForPageLoad(60): Wait for page load successfully

2019-03-21 18:00:07 - [MESSAGE][PASSED] - Wait for page load successfully

2019-03-21 18:00:07 - [TEST_STEP][PASSED] - delay(3): Delayed 3 second(s)

2019-03-21 18:00:10 - [MESSAGE][PASSED] - Delayed 3 second(s)

2019-03-21 18:00:10 - [TEST_STEP][PASSED] - switchToFrame(findTestObject("Regression BackOffice/CLNK-23449/FrameLeft"), 5): null

2019-03-21 18:00:10 - [TEST_STEP][PASSED] - waitForElementPresent(findTestObject("Regression BackOffice/CLNK-23449/ClienIntakeICon"), 60): Object 'Object Repository/Regression BackOffice/CLNK-23449/ClienIntakeICon' is present

2019-03-21 18:00:10 - [MESSAGE][PASSED] - Object 'Object Repository/Regression BackOffice/CLNK-23449/ClienIntakeICon' is present

2019-03-21 18:00:10 - [TEST_STEP][PASSED] - verifyElementPresent(findTestObject("Regression BackOffice/CLNK-23449/ClienIntakeICon"), 100): Object 'Object Repository/Regression BackOffice/CLNK-23449/ClienIntakeICon' is present

2019-03-21 18:00:10 - [MESSAGE][PASSED] - Object 'Object Repository/Regression BackOffice/CLNK-23449/ClienIntakeICon' is present

2019-03-21 18:00:10 - [TEST_STEP][PASSED] - switchToDefaultContent(): null

2019-03-21 18:00:10 - [MESSAGE][PASSED] - Call Test Case 'Test Cases/Regression BackOffice (All Browsers)/CLNK-23439 - Clink - Back office Client' successfully

2019-03-21 18:00:10 - [TEST_STEP][PASSED] - waitForPageLoad(60): Wait for page load successfully

2019-03-21 18:00:10 - [MESSAGE][PASSED] - Wait for page load successfully

2019-03-21 18:00:10 - [TEST_STEP][PASSED] - delay(3): Delayed 3 second(s)

2019-03-21 18:00:13 - [MESSAGE][PASSED] - Delayed 3 second(s)

2019-03-21 18:00:13 - [TEST_STEP][PASSED] - switchToFrame(findTestObject("Regression BackOffice/CLNK-23449/FrameLeft"), 30): null

2019-03-21 18:00:13 - [TEST_STEP][PASSED] - waitForElementPresent(findTestObject("Regression BackOffice/CLNK-23449/ClienIntakeICon"), 100): Object 'Object Repository/Regression BackOffice/CLNK-23449/ClienIntakeICon' is present

2019-03-21 18:00:13 - [MESSAGE][PASSED] - Object 'Object Repository/Regression BackOffice/CLNK-23449/ClienIntakeICon' is present

2019-03-21 18:00:13 - [TEST_STEP][PASSED] - click(findTestObject("Regression BackOffice/CLNK-23449/ClienIntakeICon")): Object: 'Object Repository/Regression BackOffice/CLNK-23449/ClienIntakeICon' is clicked on

2019-03-21 18:00:14 - [MESSAGE][PASSED] - Object: 'Object Repository/Regression BackOffice/CLNK-23449/ClienIntakeICon' is clicked on

2019-03-21 18:00:14 - [TEST_STEP][PASSED] - delay(2): Delayed 2 second(s)

2019-03-21 18:00:16 - [MESSAGE][PASSED] - Delayed 2 second(s)

2019-03-21 18:00:16 - [TEST_STEP][PASSED] - waitForPageLoad(50): Wait for page load successfully

2019-03-21 18:00:16 - [MESSAGE][PASSED] - Wait for page load successfully

2019-03-21 18:00:16 - [TEST_STEP][PASSED] - waitForElementPresent(findTestObject("Regression BackOffice/CLNK-10235/SearchforaClient"), 50): Object 'Object Repository/Regression BackOffice/CLNK-10235/SearchforaClient' is present

2019-03-21 18:00:16 - [MESSAGE][PASSED] - Object 'Object Repository/Regression BackOffice/CLNK-10235/SearchforaClient' is present

2019-03-21 18:00:16 - [TEST_STEP][PASSED] - click(findTestObject("Regression BackOffice/CLNK-10235/SearchforaClient")): Object: 'Object Repository/Regression BackOffice/CLNK-10235/SearchforaClient' is clicked on

2019-03-21 18:00:17 - [MESSAGE][PASSED] - Object: 'Object Repository/Regression BackOffice/CLNK-10235/SearchforaClient' is clicked on

2019-03-21 18:00:17 - [TEST_STEP][PASSED] - delay(2): Delayed 2 second(s)

2019-03-21 18:00:19 - [MESSAGE][PASSED] - Delayed 2 second(s)

2019-03-21 18:00:19 - [TEST_STEP][PASSED] - switchToDefaultContent(): null

2019-03-21 18:00:19 - [TEST_STEP][PASSED] - switchToFrame(findTestObject("Regression BackOffice/CLNK-23449/FrameMain"), 30): null

2019-03-21 18:00:19 - [TEST_STEP][PASSED] - waitForElementPresent(findTestObject("Regression BackOffice/CLNK-10235/FirstNameSearch"), 50): Object 'Object Repository/Regression BackOffice/CLNK-10235/FirstNameSearch' is present

2019-03-21 18:00:19 - [MESSAGE][PASSED] - Object 'Object Repository/Regression BackOffice/CLNK-10235/FirstNameSearch' is present

2019-03-21 18:00:19 - [TEST_STEP][PASSED] - setText(findTestObject("Regression BackOffice/CLNK-10235/FirstNameSearch"), "Adam"): Text 'Adam' is set on object 'Object Repository/Regression BackOffice/CLNK-10235/FirstNameSearch'

2019-03-21 18:00:20 - [MESSAGE][PASSED] - Text 'Adam' is set on object 'Object Repository/Regression BackOffice/CLNK-10235/FirstNameSearch'

2019-03-21 18:00:20 - [TEST_STEP][PASSED] - delay(2): Delayed 2 second(s)

2019-03-21 18:00:22 - [MESSAGE][PASSED] - Delayed 2 second(s)

2019-03-21 18:00:22 - [TEST_STEP][PASSED] - waitForElementPresent(findTestObject("Regression BackOffice/CLNK-10235/LastNameSearch"), 50): Object 'Object Repository/Regression BackOffice/CLNK-10235/LastNameSearch' is present

2019-03-21 18:00:22 - [MESSAGE][PASSED] - Object 'Object Repository/Regression BackOffice/CLNK-10235/LastNameSearch' is present

2019-03-21 18:00:22 - [TEST_STEP][PASSED] - setText(findTestObject("Regression BackOffice/CLNK-10235/LastNameSearch"), "Cook"): Text 'Cook' is set on object 'Object Repository/Regression BackOffice/CLNK-10235/LastNameSearch'

2019-03-21 18:00:22 - [MESSAGE][PASSED] - Text 'Cook' is set on object 'Object Repository/Regression BackOffice/CLNK-10235/LastNameSearch'

2019-03-21 18:00:22 - [TEST_STEP][PASSED] - delay(2): Delayed 2 second(s)

2019-03-21 18:00:24 - [MESSAGE][PASSED] - Delayed 2 second(s)

2019-03-21 18:00:24 - [TEST_STEP][PASSED] - waitForElementPresent(findTestObject("Regression BackOffice/CLINK - 27906/SearchButton"), 50): Object 'Object Repository/Regression BackOffice/CLINK - 27906/SearchButton' is present

2019-03-21 18:00:24 - [MESSAGE][PASSED] - Object 'Object Repository/Regression BackOffice/CLINK - 27906/SearchButton' is present

2019-03-21 18:00:24 - [TEST_STEP][PASSED] - click(findTestObject("Regression BackOffice/CLINK - 27906/SearchButton"), STOP_ON_FAILURE): Object: 'Object Repository/Regression BackOffice/CLINK - 27906/SearchButton' is clicked on

2019-03-21 18:00:25 - [MESSAGE][PASSED] - Object: 'Object Repository/Regression BackOffice/CLINK - 27906/SearchButton' is clicked on

2019-03-21 18:00:25 - [TEST_STEP][PASSED] - delay(2): Delayed 2 second(s)

2019-03-21 18:00:27 - [MESSAGE][PASSED] - Delayed 2 second(s)

2019-03-21 18:00:27 - [TEST_STEP][PASSED] - waitForElementPresent(findTestObject("Regression BackOffice/CLINK - 27906/ClientRollbackLink"), 50): Object 'Object Repository/Regression BackOffice/CLINK - 27906/ClientRollbackLink' is present

2019-03-21 18:00:27 - [MESSAGE][PASSED] - Object 'Object Repository/Regression BackOffice/CLINK - 27906/ClientRollbackLink' is present

2019-03-21 18:00:27 - [TEST_STEP][PASSED] - click(findTestObject("Regression BackOffice/CLINK - 27906/ClientRollbackLink"), STOP_ON_FAILURE): Object: 'Object Repository/Regression BackOffice/CLINK - 27906/ClientRollbackLink' is clicked on

2019-03-21 18:00:31 - [MESSAGE][PASSED] - Object: 'Object Repository/Regression BackOffice/CLINK - 27906/ClientRollbackLink' is clicked on

2019-03-21 18:00:31 - [TEST_STEP][PASSED] - delay(2): Delayed 2 second(s)

2019-03-21 18:00:33 - [MESSAGE][PASSED] - Delayed 2 second(s)

2019-03-21 18:00:33 - [TEST_STEP][PASSED] - switchToDefaultContent(): null

2019-03-21 18:00:33 - [TEST_STEP][PASSED] - switchToFrame(findTestObject("Regression BackOffice/CLNK-23449/FrameLeft"), 30): null

2019-03-21 18:00:33 - [TEST_STEP][PASSED] - waitForElementPresent(findTestObject("Regression BackOffice/CLNK-10235/Puntitos"), 50): Object 'Object Repository/Regression BackOffice/CLNK-10235/Puntitos' is present

2019-03-21 18:00:33 - [MESSAGE][PASSED] - Object 'Object Repository/Regression BackOffice/CLNK-10235/Puntitos' is present

2019-03-21 18:00:33 - [TEST_STEP][PASSED] - click(findTestObject("Regression BackOffice/CLNK-10235/Puntitos"), STOP_ON_FAILURE): Object: 'Object Repository/Regression BackOffice/CLNK-10235/Puntitos' is clicked on

2019-03-21 18:00:33 - [MESSAGE][PASSED] - Object: 'Object Repository/Regression BackOffice/CLNK-10235/Puntitos' is clicked on

2019-03-21 18:00:33 - [TEST_STEP][PASSED] - delay(2): Delayed 2 second(s)

2019-03-21 18:00:35 - [MESSAGE][PASSED] - Delayed 2 second(s)

2019-03-21 18:00:35 - [TEST_STEP][PASSED] - waitForPageLoad(50): Wait for page load successfully

2019-03-21 18:00:35 - [MESSAGE][PASSED] - Wait for page load successfully

2019-03-21 18:00:35 - [TEST_STEP][PASSED] - waitForElementPresent(findTestObject("Regression BackOffice/CLNK-10235/ClientIntakeClose"), 100): Object 'Object Repository/Regression BackOffice/CLNK-10235/ClientIntakeClose' is present

2019-03-21 18:00:35 - [MESSAGE][PASSED] - Object 'Object Repository/Regression BackOffice/CLNK-10235/ClientIntakeClose' is present

2019-03-21 18:00:35 - [TEST_STEP][PASSED] - click(findTestObject("Regression BackOffice/CLNK-10235/ClientIntakeClose")): Object: 'Object Repository/Regression BackOffice/CLNK-10235/ClientIntakeClose' is clicked on

2019-03-21 18:00:35 - [MESSAGE][PASSED] - Object: 'Object Repository/Regression BackOffice/CLNK-10235/ClientIntakeClose' is clicked on

2019-03-21 18:00:35 - [TEST_STEP][PASSED] - delay(2): Delayed 2 second(s)

2019-03-21 18:00:37 - [MESSAGE][PASSED] - Delayed 2 second(s)

2019-03-21 18:00:37 - [TEST_STEP][PASSED] - waitForElementPresent(findTestObject("Regression BackOffice/CLINK-10620/ClinicalLink"), 100): Object 'Object Repository/Regression BackOffice/CLINK-10620/ClinicalLink' is present

2019-03-21 18:00:38 - [MESSAGE][PASSED] - Object 'Object Repository/Regression BackOffice/CLINK-10620/ClinicalLink' is present

2019-03-21 18:00:38 - [TEST_STEP][PASSED] - click(findTestObject("Regression BackOffice/CLINK-10620/ClinicalLink")): Object: 'Object Repository/Regression BackOffice/CLINK-10620/ClinicalLink' is clicked on

2019-03-21 18:00:38 - [MESSAGE][PASSED] - Object: 'Object Repository/Regression BackOffice/CLINK-10620/ClinicalLink' is clicked on

2019-03-21 18:00:38 - [TEST_STEP][PASSED] - delay(2): Delayed 2 second(s)

2019-03-21 18:00:40 - [MESSAGE][PASSED] - Delayed 2 second(s)

2019-03-21 18:00:40 - [TEST_STEP][PASSED] - scrollToElement(findTestObject("Regression BackOffice/CLINK-10620/Medication ProfileLink"), 50): Scroll to object 'Object Repository/Regression BackOffice/CLINK-10620/Medication ProfileLink' successfully

2019-03-21 18:00:40 - [MESSAGE][PASSED] - Scroll to object 'Object Repository/Regression BackOffice/CLINK-10620/Medication ProfileLink' successfully

2019-03-21 18:00:40 - [TEST_STEP][PASSED] - click(findTestObject("Regression BackOffice/CLINK-10620/Medication ProfileLink")): Object: 'Object Repository/Regression BackOffice/CLINK-10620/Medication ProfileLink' is clicked on

2019-03-21 18:00:44 - [MESSAGE][PASSED] - Object: 'Object Repository/Regression BackOffice/CLINK-10620/Medication ProfileLink' is clicked on

2019-03-21 18:00:44 - [TEST_STEP][PASSED] - delay(3): Delayed 3 second(s)

2019-03-21 18:00:47 - [MESSAGE][PASSED] - Delayed 3 second(s)

2019-03-21 18:00:47 - [TEST_STEP][PASSED] - switchToDefaultContent(): null

2019-03-21 18:00:47 - [TEST_STEP][PASSED] - switchToFrame(findTestObject("Regression BackOffice/CLNK-23449/FrameMain"), 30): null

2019-03-21 18:00:47 - [TEST_STEP][PASSED] - delay(3): Delayed 3 second(s)

2019-03-21 18:00:50 - [MESSAGE][PASSED] - Delayed 3 second(s)

2019-03-21 18:00:50 - [TEST_STEP][PASSED] - waitForElementPresent(findTestObject("Regression BackOffice/CLINK-10620/MedboxChk"), 100): Object 'Object Repository/Regression BackOffice/CLINK-10620/MedboxChk' is present

2019-03-21 18:00:50 - [MESSAGE][WARNING] - Test object with id 'Object Repository/Regression BackOffice/CLINK-10620/Page_InterLink/frame_Capture object_FrameMain' does not exist

2019-03-21 18:00:50 - [MESSAGE][PASSED] - Object 'Object Repository/Regression BackOffice/CLINK-10620/MedboxChk' is present

2019-03-21 18:00:50 - [TEST_STEP][PASSED] - click(findTestObject("Regression BackOffice/CLINK-10620/MedboxChk")): Object: 'Object Repository/Regression BackOffice/CLINK-10620/MedboxChk' is clicked on

2019-03-21 18:00:50 - [MESSAGE][WARNING] - Test object with id 'Object Repository/Regression BackOffice/CLINK-10620/Page_InterLink/frame_Capture object_FrameMain' does not exist

2019-03-21 18:00:50 - [MESSAGE][PASSED] - Object: 'Object Repository/Regression BackOffice/CLINK-10620/MedboxChk' is clicked on

2019-03-21 18:00:50 - [TEST_STEP][PASSED] - delay(2): Delayed 2 second(s)

2019-03-21 18:00:52 - [MESSAGE][PASSED] - Delayed 2 second(s)

2019-03-21 18:00:52 - [TEST_STEP][PASSED] - waitForElementPresent(findTestObject("Regression BackOffice/CLINK-10620/AddAPharmacy."), 50): Object 'Object Repository/Regression BackOffice/CLINK-10620/AddAPharmacy.' is present

2019-03-21 18:00:52 - [MESSAGE][PASSED] - Object 'Object Repository/Regression BackOffice/CLINK-10620/AddAPharmacy.' is present

2019-03-21 18:00:52 - [TEST_STEP][PASSED] - click(findTestObject("Regression BackOffice/CLINK-10620/AddAPharmacy.")): Object: 'Object Repository/Regression BackOffice/CLINK-10620/AddAPharmacy.' is clicked on

2019-03-21 18:00:53 - [MESSAGE][PASSED] - Object: 'Object Repository/Regression BackOffice/CLINK-10620/AddAPharmacy.' is clicked on

2019-03-21 18:00:53 - [TEST_STEP][PASSED] - delay(2): Delayed 2 second(s)

2019-03-21 18:00:55 - [MESSAGE][PASSED] - Delayed 2 second(s)

2019-03-21 18:00:55 - [TEST_STEP][PASSED] - waitForElementVisible(findTestObject("Regression BackOffice/CLINK-10620/PharmacyName"), 50): Object 'Object Repository/Regression BackOffice/CLINK-10620/PharmacyName' is visible

2019-03-21 18:00:55 - [MESSAGE][WARNING] - Test object with id 'Object Repository/Regression BackOffice/CLINK-10620/Page_InterLink/frame_Capture object_FrameMain' does not exist

2019-03-21 18:00:55 - [MESSAGE][PASSED] - Object 'Object Repository/Regression BackOffice/CLINK-10620/PharmacyName' is visible

2019-03-21 18:00:55 - [TEST_STEP][PASSED] - setText(findTestObject("Regression BackOffice/CLINK-10620/PharmacyName"), "New Pharmacy "): Text 'New Pharmacy ' is set on object 'Object Repository/Regression BackOffice/CLINK-10620/PharmacyName'

2019-03-21 18:00:55 - [MESSAGE][WARNING] - Test object with id 'Object Repository/Regression BackOffice/CLINK-10620/Page_InterLink/frame_Capture object_FrameMain' does not exist

2019-03-21 18:00:56 - [MESSAGE][PASSED] - Text 'New Pharmacy ' is set on object 'Object Repository/Regression BackOffice/CLINK-10620/PharmacyName'

2019-03-21 18:00:56 - [TEST_STEP][PASSED] - delay(2): Delayed 2 second(s)

2019-03-21 18:00:58 - [MESSAGE][PASSED] - Delayed 2 second(s)

2019-03-21 18:00:58 - [TEST_STEP][PASSED] - waitForElementVisible(findTestObject("Regression BackOffice/CLINK-10620/PharmacyPhone"), 50): Object 'Object Repository/Regression BackOffice/CLINK-10620/PharmacyPhone' is visible

2019-03-21 18:00:58 - [MESSAGE][WARNING] - Test object with id 'Object Repository/Regression BackOffice/CLINK-10620/Page_InterLink/frame_Capture object_FrameMain' does not exist

2019-03-21 18:00:58 - [MESSAGE][PASSED] - Object 'Object Repository/Regression BackOffice/CLINK-10620/PharmacyPhone' is visible

2019-03-21 18:00:58 - [TEST_STEP][PASSED] - setText(findTestObject("Regression BackOffice/CLINK-10620/PharmacyPhone"), "1234567890"): Text '1234567890' is set on object 'Object Repository/Regression BackOffice/CLINK-10620/PharmacyPhone'

2019-03-21 18:00:58 - [MESSAGE][WARNING] - Test object with id 'Object Repository/Regression BackOffice/CLINK-10620/Page_InterLink/frame_Capture object_FrameMain' does not exist

2019-03-21 18:00:59 - [MESSAGE][PASSED] - Text '1234567890' is set on object 'Object Repository/Regression BackOffice/CLINK-10620/PharmacyPhone'

2019-03-21 18:00:59 - [TEST_STEP][PASSED] - delay(2): Delayed 2 second(s)

2019-03-21 18:01:01 - [MESSAGE][PASSED] - Delayed 2 second(s)

2019-03-21 18:01:01 - [TEST_STEP][PASSED] - waitForElementPresent(findTestObject("Regression BackOffice/CLINK-10620/SaveButton"), 50): Object 'Object Repository/Regression BackOffice/CLINK-10620/SaveButton' is present

2019-03-21 18:01:01 - [MESSAGE][WARNING] - Test object with id 'Object Repository/Regression BackOffice/CLINK-10620/Page_InterLink/frame_Capture object_FrameMain' does not exist

2019-03-21 18:01:01 - [MESSAGE][PASSED] - Object 'Object Repository/Regression BackOffice/CLINK-10620/SaveButton' is present

2019-03-21 18:01:01 - [TEST_STEP][PASSED] - click(findTestObject("Regression BackOffice/CLINK-10620/SaveButton")): Object: 'Object Repository/Regression BackOffice/CLINK-10620/SaveButton' is clicked on

2019-03-21 18:01:01 - [MESSAGE][WARNING] - Test object with id 'Object Repository/Regression BackOffice/CLINK-10620/Page_InterLink/frame_Capture object_FrameMain' does not exist

2019-03-21 18:01:01 - [MESSAGE][PASSED] - Object: 'Object Repository/Regression BackOffice/CLINK-10620/SaveButton' is clicked on

2019-03-21 18:01:01 - [TEST_STEP][PASSED] - delay(2): Delayed 2 second(s)

2019-03-21 18:01:03 - [MESSAGE][PASSED] - Delayed 2 second(s)]]></system-out>
         <system-err><![CDATA[]]></system-err>
      </testcase>
      <testcase name="Test Cases/Regression BackOffice (All Browsers)/CLNK-23441 - Back office Caregiver - Search criteria" classname="Test Cases/Regression BackOffice (All Browsers)/CLNK-23441 - Back office Caregiver - Search criteria" status="PASSED">
         <system-out><![CDATA[2019-03-21 18:01:06 - [TEST_CASE][PASSED] - Test Cases/Regression BackOffice (All Browsers)/CLNK-23441 - Back office Caregiver - Search criteria: Test Cases/Regression BackOffice (All Browsers)/CLNK-23441 - Back office Caregiver - Search criteria

2019-03-21 18:01:06 - [TEST_STEP][PASSED] - callTestCase(findTestCase("Regression BackOffice (All Browsers)/CLNK-23439 - Clink - Back office Client"), [:], STOP_ON_FAILURE): Call Test Case 'Test Cases/Regression BackOffice (All Browsers)/CLNK-23439 - Clink - Back office Client' successfully

2019-03-21 18:01:06 - [TEST_CASE][PASSED] - Test Cases/Regression BackOffice (All Browsers)/CLNK-23439 - Clink - Back office Client: Test Cases/Regression BackOffice (All Browsers)/CLNK-23439 - Clink - Back office Client

2019-03-21 18:01:06 - [TEST_STEP][PASSED] - openBrowser(G_SiteBackOffice): Browser is opened with url: 'http://qanewpoc.continulink.com:81/backoffice/Login.aspx'

2019-03-21 18:01:06 - [MESSAGE][WARNING] - A browser is already opened. Closing browser and opening a new one

2019-03-21 18:01:07 - [MESSAGE][INFO] - Starting 'Chrome' driver

2019-03-21 18:01:14 - [MESSAGE][PASSED] - Browser is opened with url: 'http://qanewpoc.continulink.com:81/backoffice/Login.aspx'

2019-03-21 18:01:14 - [TEST_STEP][PASSED] - waitForPageLoad(60): Wait for page load successfully

2019-03-21 18:01:14 - [MESSAGE][PASSED] - Wait for page load successfully

2019-03-21 18:01:14 - [TEST_STEP][PASSED] - maximizeWindow(): Current window maximized

2019-03-21 18:01:15 - [MESSAGE][PASSED] - Current window maximized

2019-03-21 18:01:15 - [TEST_STEP][PASSED] - setText(findTestObject("Regression BackOffice/Login/UserBackOffice"), G_UserBackOffice): Text 'demo' is set on object 'Object Repository/Regression BackOffice/Login/UserBackOffice'

2019-03-21 18:01:16 - [MESSAGE][PASSED] - Text 'demo' is set on object 'Object Repository/Regression BackOffice/Login/UserBackOffice'

2019-03-21 18:01:16 - [TEST_STEP][PASSED] - setText(findTestObject("Regression BackOffice/Login/PasswordBackOffice"), G_PasswordBackOffice): Text 'qwerty' is set on object 'Object Repository/Regression BackOffice/Login/PasswordBackOffice'

2019-03-21 18:01:16 - [MESSAGE][PASSED] - Text 'qwerty' is set on object 'Object Repository/Regression BackOffice/Login/PasswordBackOffice'

2019-03-21 18:01:16 - [TEST_STEP][PASSED] - click(findTestObject("Regression BackOffice/Login/LoginBackOffice")): Object: 'Object Repository/Regression BackOffice/Login/LoginBackOffice' is clicked on

2019-03-21 18:01:23 - [MESSAGE][PASSED] - Object: 'Object Repository/Regression BackOffice/Login/LoginBackOffice' is clicked on

2019-03-21 18:01:23 - [TEST_STEP][PASSED] - waitForPageLoad(60): Wait for page load successfully

2019-03-21 18:01:23 - [MESSAGE][PASSED] - Wait for page load successfully

2019-03-21 18:01:23 - [TEST_STEP][PASSED] - delay(3): Delayed 3 second(s)

2019-03-21 18:01:26 - [MESSAGE][PASSED] - Delayed 3 second(s)

2019-03-21 18:01:26 - [TEST_STEP][PASSED] - switchToFrame(findTestObject("Regression BackOffice/CLNK-23449/FrameLeft"), 5): null

2019-03-21 18:01:26 - [TEST_STEP][PASSED] - waitForElementPresent(findTestObject("Regression BackOffice/CLNK-23449/ClienIntakeICon"), 60): Object 'Object Repository/Regression BackOffice/CLNK-23449/ClienIntakeICon' is present

2019-03-21 18:01:26 - [MESSAGE][PASSED] - Object 'Object Repository/Regression BackOffice/CLNK-23449/ClienIntakeICon' is present

2019-03-21 18:01:26 - [TEST_STEP][PASSED] - verifyElementPresent(findTestObject("Regression BackOffice/CLNK-23449/ClienIntakeICon"), 100): Object 'Object Repository/Regression BackOffice/CLNK-23449/ClienIntakeICon' is present

2019-03-21 18:01:26 - [MESSAGE][PASSED] - Object 'Object Repository/Regression BackOffice/CLNK-23449/ClienIntakeICon' is present

2019-03-21 18:01:26 - [TEST_STEP][PASSED] - switchToDefaultContent(): null

2019-03-21 18:01:26 - [MESSAGE][PASSED] - Call Test Case 'Test Cases/Regression BackOffice (All Browsers)/CLNK-23439 - Clink - Back office Client' successfully

2019-03-21 18:01:26 - [TEST_STEP][PASSED] - waitForPageLoad(60): Wait for page load successfully

2019-03-21 18:01:26 - [MESSAGE][PASSED] - Wait for page load successfully

2019-03-21 18:01:26 - [TEST_STEP][PASSED] - delay(3): Delayed 3 second(s)

2019-03-21 18:01:29 - [MESSAGE][PASSED] - Delayed 3 second(s)

2019-03-21 18:01:29 - [TEST_STEP][PASSED] - switchToFrame(findTestObject("Regression BackOffice/CLNK-23449/FrameLeft"), 30): null

2019-03-21 18:01:29 - [TEST_STEP][PASSED] - waitForElementPresent(findTestObject("Regression BackOffice/CLNK-23441/Caregiver  HRLink"), 100): Object 'Object Repository/Regression BackOffice/CLNK-23441/Caregiver  HRLink' is present

2019-03-21 18:01:29 - [MESSAGE][PASSED] - Object 'Object Repository/Regression BackOffice/CLNK-23441/Caregiver  HRLink' is present

2019-03-21 18:01:29 - [TEST_STEP][PASSED] - click(findTestObject("Regression BackOffice/CLNK-23441/Caregiver  HRLink")): Object: 'Object Repository/Regression BackOffice/CLNK-23441/Caregiver  HRLink' is clicked on

2019-03-21 18:01:30 - [MESSAGE][PASSED] - Object: 'Object Repository/Regression BackOffice/CLNK-23441/Caregiver  HRLink' is clicked on

2019-03-21 18:01:30 - [TEST_STEP][PASSED] - delay(2): Delayed 2 second(s)

2019-03-21 18:01:32 - [MESSAGE][PASSED] - Delayed 2 second(s)

2019-03-21 18:01:32 - [TEST_STEP][PASSED] - waitForPageLoad(50): Wait for page load successfully

2019-03-21 18:01:32 - [MESSAGE][PASSED] - Wait for page load successfully

2019-03-21 18:01:32 - [TEST_STEP][PASSED] - waitForElementPresent(findTestObject("Regression BackOffice/CLNK-23441/Caregiver Search"), 50): Object 'Object Repository/Regression BackOffice/CLNK-23441/Caregiver Search' is present

2019-03-21 18:01:32 - [MESSAGE][PASSED] - Object 'Object Repository/Regression BackOffice/CLNK-23441/Caregiver Search' is present

2019-03-21 18:01:32 - [TEST_STEP][PASSED] - click(findTestObject("Regression BackOffice/CLNK-23441/Caregiver Search")): Object: 'Object Repository/Regression BackOffice/CLNK-23441/Caregiver Search' is clicked on

2019-03-21 18:01:33 - [MESSAGE][PASSED] - Object: 'Object Repository/Regression BackOffice/CLNK-23441/Caregiver Search' is clicked on

2019-03-21 18:01:33 - [TEST_STEP][PASSED] - delay(2): Delayed 2 second(s)

2019-03-21 18:01:35 - [MESSAGE][PASSED] - Delayed 2 second(s)

2019-03-21 18:01:35 - [TEST_STEP][PASSED] - switchToDefaultContent(): null

2019-03-21 18:01:35 - [TEST_STEP][PASSED] - switchToFrame(findTestObject("Regression BackOffice/CLNK-23449/FrameMain"), 30): null

2019-03-21 18:01:36 - [TEST_STEP][PASSED] - waitForElementPresent(findTestObject("Regression BackOffice/CLNK-10235/FirstNameSearch"), 50): Object 'Object Repository/Regression BackOffice/CLNK-10235/FirstNameSearch' is present

2019-03-21 18:01:36 - [MESSAGE][PASSED] - Object 'Object Repository/Regression BackOffice/CLNK-10235/FirstNameSearch' is present

2019-03-21 18:01:36 - [TEST_STEP][PASSED] - setText(findTestObject("Regression BackOffice/CLNK-10235/FirstNameSearch"), "James"): Text 'James' is set on object 'Object Repository/Regression BackOffice/CLNK-10235/FirstNameSearch'

2019-03-21 18:01:36 - [MESSAGE][PASSED] - Text 'James' is set on object 'Object Repository/Regression BackOffice/CLNK-10235/FirstNameSearch'

2019-03-21 18:01:36 - [TEST_STEP][PASSED] - delay(2): Delayed 2 second(s)

2019-03-21 18:01:38 - [MESSAGE][PASSED] - Delayed 2 second(s)

2019-03-21 18:01:38 - [TEST_STEP][PASSED] - waitForElementPresent(findTestObject("Regression BackOffice/CLNK-23441/Last NameHR"), 50): Object 'Object Repository/Regression BackOffice/CLNK-23441/Last NameHR' is present

2019-03-21 18:01:38 - [MESSAGE][PASSED] - Object 'Object Repository/Regression BackOffice/CLNK-23441/Last NameHR' is present

2019-03-21 18:01:38 - [TEST_STEP][PASSED] - setText(findTestObject("Regression BackOffice/CLNK-23441/Last NameHR"), "Test"): Text 'Test' is set on object 'Object Repository/Regression BackOffice/CLNK-23441/Last NameHR'

2019-03-21 18:01:38 - [MESSAGE][PASSED] - Text 'Test' is set on object 'Object Repository/Regression BackOffice/CLNK-23441/Last NameHR'

2019-03-21 18:01:38 - [TEST_STEP][PASSED] - delay(2): Delayed 2 second(s)

2019-03-21 18:01:40 - [MESSAGE][PASSED] - Delayed 2 second(s)

2019-03-21 18:01:40 - [TEST_STEP][PASSED] - waitForElementPresent(findTestObject("Regression BackOffice/CLNK-23441/CaregiverSearchButton"), 50): Object 'Object Repository/Regression BackOffice/CLNK-23441/CaregiverSearchButton' is present

2019-03-21 18:01:40 - [MESSAGE][PASSED] - Object 'Object Repository/Regression BackOffice/CLNK-23441/CaregiverSearchButton' is present

2019-03-21 18:01:40 - [TEST_STEP][PASSED] - click(findTestObject("Regression BackOffice/CLNK-23441/CaregiverSearchButton"), STOP_ON_FAILURE): Object: 'Object Repository/Regression BackOffice/CLNK-23441/CaregiverSearchButton' is clicked on

2019-03-21 18:01:41 - [MESSAGE][PASSED] - Object: 'Object Repository/Regression BackOffice/CLNK-23441/CaregiverSearchButton' is clicked on

2019-03-21 18:01:41 - [TEST_STEP][PASSED] - delay(2): Delayed 2 second(s)

2019-03-21 18:01:43 - [MESSAGE][PASSED] - Delayed 2 second(s)]]></system-out>
         <system-err><![CDATA[]]></system-err>
      </testcase>
      <testcase name="Test Cases/Regression BackOffice (All Browsers)/CLNK-23442 - Back office Caregiver Demographics" classname="Test Cases/Regression BackOffice (All Browsers)/CLNK-23442 - Back office Caregiver Demographics" status="FAILED">
         <failure type="FAILED" message="Test Cases/Regression BackOffice (All Browsers)/CLNK-23442 - Back office Caregiver Demographics FAILED.
Reason:
com.kms.katalon.core.exception.StepFailedException: Unable to scroll to object 'Object Repository/Regression BackOffice/CLINK-23442/Group'
	at com.kms.katalon.core.keyword.internal.KeywordMain.stepFailed(KeywordMain.groovy:48)
	at com.kms.katalon.core.webui.keyword.internal.WebUIKeywordMain.stepFailed(WebUIKeywordMain.groovy:65)
	at com.kms.katalon.core.webui.keyword.internal.WebUIKeywordMain.runKeyword(WebUIKeywordMain.groovy:27)
	at com.kms.katalon.core.webui.keyword.builtin.ScrollToElementKeyword.scrollToElement(ScrollToElementKeyword.groovy:88)
	at com.kms.katalon.core.webui.keyword.builtin.ScrollToElementKeyword.execute(ScrollToElementKeyword.groovy:68)
	at com.kms.katalon.core.keyword.internal.KeywordExecutor.executeKeywordForPlatform(KeywordExecutor.groovy:56)
	at com.kms.katalon.core.webui.keyword.WebUiBuiltInKeywords.scrollToElement(WebUiBuiltInKeywords.groovy:2975)
	at com.kms.katalon.core.webui.keyword.WebUiBuiltInKeywords$scrollToElement$9.call(Unknown Source)
	at CLNK-23442 - Back office Caregiver Demographics.run(CLNK-23442 - Back office Caregiver Demographics:102)
	at com.kms.katalon.core.main.ScriptEngine.run(ScriptEngine.java:194)
	at com.kms.katalon.core.main.ScriptEngine.runScriptAsRawText(ScriptEngine.java:119)
	at com.kms.katalon.core.main.TestCaseExecutor.runScript(TestCaseExecutor.java:331)
	at com.kms.katalon.core.main.TestCaseExecutor.doExecute(TestCaseExecutor.java:322)
	at com.kms.katalon.core.main.TestCaseExecutor.processExecutionPhase(TestCaseExecutor.java:301)
	at com.kms.katalon.core.main.TestCaseExecutor.accessMainPhase(TestCaseExecutor.java:293)
	at com.kms.katalon.core.main.TestCaseExecutor.execute(TestCaseExecutor.java:227)
	at com.kms.katalon.core.main.TestSuiteExecutor.accessTestCaseMainPhase(TestSuiteExecutor.java:129)
	at com.kms.katalon.core.main.TestSuiteExecutor.accessTestSuiteMainPhase(TestSuiteExecutor.java:112)
	at com.kms.katalon.core.main.TestSuiteExecutor.execute(TestSuiteExecutor.java:81)
	at com.kms.katalon.core.main.TestCaseMain.startTestSuite(TestCaseMain.java:157)
	at com.kms.katalon.core.main.TestCaseMain$startTestSuite$0.call(Unknown Source)
	at TempTestSuite1553201487437.run(TempTestSuite1553201487437.groovy:35)
"/>
         <system-out><![CDATA[2019-03-21 18:01:46 - [TEST_CASE][FAILED] - Test Cases/Regression BackOffice (All Browsers)/CLNK-23442 - Back office Caregiver Demographics: Test Cases/Regression BackOffice (All Browsers)/CLNK-23442 - Back office Caregiver Demographics FAILED.
Reason:
com.kms.katalon.core.exception.StepFailedException: Unable to scroll to object 'Object Repository/Regression BackOffice/CLINK-23442/Group'
	at com.kms.katalon.core.keyword.internal.KeywordMain.stepFailed(KeywordMain.groovy:48)
	at com.kms.katalon.core.webui.keyword.internal.WebUIKeywordMain.stepFailed(WebUIKeywordMain.groovy:65)
	at com.kms.katalon.core.webui.keyword.internal.WebUIKeywordMain.runKeyword(WebUIKeywordMain.groovy:27)
	at com.kms.katalon.core.webui.keyword.builtin.ScrollToElementKeyword.scrollToElement(ScrollToElementKeyword.groovy:88)
	at com.kms.katalon.core.webui.keyword.builtin.ScrollToElementKeyword.execute(ScrollToElementKeyword.groovy:68)
	at com.kms.katalon.core.keyword.internal.KeywordExecutor.executeKeywordForPlatform(KeywordExecutor.groovy:56)
	at com.kms.katalon.core.webui.keyword.WebUiBuiltInKeywords.scrollToElement(WebUiBuiltInKeywords.groovy:2975)
	at com.kms.katalon.core.webui.keyword.WebUiBuiltInKeywords$scrollToElement$9.call(Unknown Source)
	at CLNK-23442 - Back office Caregiver Demographics.run(CLNK-23442 - Back office Caregiver Demographics:102)
	at com.kms.katalon.core.main.ScriptEngine.run(ScriptEngine.java:194)
	at com.kms.katalon.core.main.ScriptEngine.runScriptAsRawText(ScriptEngine.java:119)
	at com.kms.katalon.core.main.TestCaseExecutor.runScript(TestCaseExecutor.java:331)
	at com.kms.katalon.core.main.TestCaseExecutor.doExecute(TestCaseExecutor.java:322)
	at com.kms.katalon.core.main.TestCaseExecutor.processExecutionPhase(TestCaseExecutor.java:301)
	at com.kms.katalon.core.main.TestCaseExecutor.accessMainPhase(TestCaseExecutor.java:293)
	at com.kms.katalon.core.main.TestCaseExecutor.execute(TestCaseExecutor.java:227)
	at com.kms.katalon.core.main.TestSuiteExecutor.accessTestCaseMainPhase(TestSuiteExecutor.java:129)
	at com.kms.katalon.core.main.TestSuiteExecutor.accessTestSuiteMainPhase(TestSuiteExecutor.java:112)
	at com.kms.katalon.core.main.TestSuiteExecutor.execute(TestSuiteExecutor.java:81)
	at com.kms.katalon.core.main.TestCaseMain.startTestSuite(TestCaseMain.java:157)
	at com.kms.katalon.core.main.TestCaseMain$startTestSuite$0.call(Unknown Source)
	at TempTestSuite1553201487437.run(TempTestSuite1553201487437.groovy:35)


2019-03-21 18:01:46 - [TEST_STEP][PASSED] - callTestCase(findTestCase("Regression BackOffice (All Browsers)/CLNK-23439 - Clink - Back office Client"), [:], STOP_ON_FAILURE): Call Test Case 'Test Cases/Regression BackOffice (All Browsers)/CLNK-23439 - Clink - Back office Client' successfully

2019-03-21 18:01:46 - [TEST_CASE][PASSED] - Test Cases/Regression BackOffice (All Browsers)/CLNK-23439 - Clink - Back office Client: Test Cases/Regression BackOffice (All Browsers)/CLNK-23439 - Clink - Back office Client

2019-03-21 18:01:46 - [TEST_STEP][PASSED] - openBrowser(G_SiteBackOffice): Browser is opened with url: 'http://qanewpoc.continulink.com:81/backoffice/Login.aspx'

2019-03-21 18:01:46 - [MESSAGE][WARNING] - A browser is already opened. Closing browser and opening a new one

2019-03-21 18:01:47 - [MESSAGE][INFO] - Starting 'Chrome' driver

2019-03-21 18:01:54 - [MESSAGE][PASSED] - Browser is opened with url: 'http://qanewpoc.continulink.com:81/backoffice/Login.aspx'

2019-03-21 18:01:54 - [TEST_STEP][PASSED] - waitForPageLoad(60): Wait for page load successfully

2019-03-21 18:01:54 - [MESSAGE][PASSED] - Wait for page load successfully

2019-03-21 18:01:54 - [TEST_STEP][PASSED] - maximizeWindow(): Current window maximized

2019-03-21 18:01:55 - [MESSAGE][PASSED] - Current window maximized

2019-03-21 18:01:55 - [TEST_STEP][PASSED] - setText(findTestObject("Regression BackOffice/Login/UserBackOffice"), G_UserBackOffice): Text 'demo' is set on object 'Object Repository/Regression BackOffice/Login/UserBackOffice'

2019-03-21 18:01:56 - [MESSAGE][PASSED] - Text 'demo' is set on object 'Object Repository/Regression BackOffice/Login/UserBackOffice'

2019-03-21 18:01:56 - [TEST_STEP][PASSED] - setText(findTestObject("Regression BackOffice/Login/PasswordBackOffice"), G_PasswordBackOffice): Text 'qwerty' is set on object 'Object Repository/Regression BackOffice/Login/PasswordBackOffice'

2019-03-21 18:01:56 - [MESSAGE][PASSED] - Text 'qwerty' is set on object 'Object Repository/Regression BackOffice/Login/PasswordBackOffice'

2019-03-21 18:01:56 - [TEST_STEP][PASSED] - click(findTestObject("Regression BackOffice/Login/LoginBackOffice")): Object: 'Object Repository/Regression BackOffice/Login/LoginBackOffice' is clicked on

2019-03-21 18:02:02 - [MESSAGE][PASSED] - Object: 'Object Repository/Regression BackOffice/Login/LoginBackOffice' is clicked on

2019-03-21 18:02:02 - [TEST_STEP][PASSED] - waitForPageLoad(60): Wait for page load successfully

2019-03-21 18:02:02 - [MESSAGE][PASSED] - Wait for page load successfully

2019-03-21 18:02:02 - [TEST_STEP][PASSED] - delay(3): Delayed 3 second(s)

2019-03-21 18:02:05 - [MESSAGE][PASSED] - Delayed 3 second(s)

2019-03-21 18:02:05 - [TEST_STEP][PASSED] - switchToFrame(findTestObject("Regression BackOffice/CLNK-23449/FrameLeft"), 5): null

2019-03-21 18:02:05 - [TEST_STEP][PASSED] - waitForElementPresent(findTestObject("Regression BackOffice/CLNK-23449/ClienIntakeICon"), 60): Object 'Object Repository/Regression BackOffice/CLNK-23449/ClienIntakeICon' is present

2019-03-21 18:02:06 - [MESSAGE][PASSED] - Object 'Object Repository/Regression BackOffice/CLNK-23449/ClienIntakeICon' is present

2019-03-21 18:02:06 - [TEST_STEP][PASSED] - verifyElementPresent(findTestObject("Regression BackOffice/CLNK-23449/ClienIntakeICon"), 100): Object 'Object Repository/Regression BackOffice/CLNK-23449/ClienIntakeICon' is present

2019-03-21 18:02:06 - [MESSAGE][PASSED] - Object 'Object Repository/Regression BackOffice/CLNK-23449/ClienIntakeICon' is present

2019-03-21 18:02:06 - [TEST_STEP][PASSED] - switchToDefaultContent(): null

2019-03-21 18:02:06 - [MESSAGE][PASSED] - Call Test Case 'Test Cases/Regression BackOffice (All Browsers)/CLNK-23439 - Clink - Back office Client' successfully

2019-03-21 18:02:06 - [TEST_STEP][PASSED] - waitForPageLoad(60): Wait for page load successfully

2019-03-21 18:02:06 - [MESSAGE][PASSED] - Wait for page load successfully

2019-03-21 18:02:06 - [TEST_STEP][PASSED] - delay(3): Delayed 3 second(s)

2019-03-21 18:02:09 - [MESSAGE][PASSED] - Delayed 3 second(s)

2019-03-21 18:02:09 - [TEST_STEP][PASSED] - switchToFrame(findTestObject("Regression BackOffice/CLNK-23449/FrameLeft"), 30): null

2019-03-21 18:02:09 - [TEST_STEP][PASSED] - waitForElementPresent(findTestObject("Regression BackOffice/CLNK-23441/Caregiver  HRLink"), 100): Object 'Object Repository/Regression BackOffice/CLNK-23441/Caregiver  HRLink' is present

2019-03-21 18:02:09 - [MESSAGE][PASSED] - Object 'Object Repository/Regression BackOffice/CLNK-23441/Caregiver  HRLink' is present

2019-03-21 18:02:09 - [TEST_STEP][PASSED] - click(findTestObject("Regression BackOffice/CLNK-23441/Caregiver  HRLink")): Object: 'Object Repository/Regression BackOffice/CLNK-23441/Caregiver  HRLink' is clicked on

2019-03-21 18:02:09 - [MESSAGE][PASSED] - Object: 'Object Repository/Regression BackOffice/CLNK-23441/Caregiver  HRLink' is clicked on

2019-03-21 18:02:09 - [TEST_STEP][PASSED] - delay(2): Delayed 2 second(s)

2019-03-21 18:02:11 - [MESSAGE][PASSED] - Delayed 2 second(s)

2019-03-21 18:02:11 - [TEST_STEP][PASSED] - waitForPageLoad(50): Wait for page load successfully

2019-03-21 18:02:11 - [MESSAGE][PASSED] - Wait for page load successfully

2019-03-21 18:02:11 - [TEST_STEP][PASSED] - waitForElementPresent(findTestObject("Regression BackOffice/CLINK-23442/CaregiverDemographics"), 50): Object 'Object Repository/Regression BackOffice/CLINK-23442/CaregiverDemographics' is present

2019-03-21 18:02:11 - [MESSAGE][PASSED] - Object 'Object Repository/Regression BackOffice/CLINK-23442/CaregiverDemographics' is present

2019-03-21 18:02:11 - [TEST_STEP][PASSED] - click(findTestObject("Regression BackOffice/CLINK-23442/CaregiverDemographics")): Object: 'Object Repository/Regression BackOffice/CLINK-23442/CaregiverDemographics' is clicked on

2019-03-21 18:02:13 - [MESSAGE][PASSED] - Object: 'Object Repository/Regression BackOffice/CLINK-23442/CaregiverDemographics' is clicked on

2019-03-21 18:02:13 - [TEST_STEP][PASSED] - delay(2): Delayed 2 second(s)

2019-03-21 18:02:15 - [MESSAGE][PASSED] - Delayed 2 second(s)

2019-03-21 18:02:15 - [TEST_STEP][PASSED] - switchToDefaultContent(): null

2019-03-21 18:02:15 - [TEST_STEP][PASSED] - switchToFrame(findTestObject("Regression BackOffice/CLNK-23449/FrameMain"), 30): null

2019-03-21 18:02:15 - [TEST_STEP][PASSED] - waitForElementPresent(findTestObject("Regression BackOffice/CLNK-10235/FirstNameSearch"), 50): Object 'Object Repository/Regression BackOffice/CLNK-10235/FirstNameSearch' is present

2019-03-21 18:02:15 - [MESSAGE][PASSED] - Object 'Object Repository/Regression BackOffice/CLNK-10235/FirstNameSearch' is present

2019-03-21 18:02:15 - [TEST_STEP][PASSED] - setText(findTestObject("Regression BackOffice/CLNK-10235/FirstNameSearch"), "James"): Text 'James' is set on object 'Object Repository/Regression BackOffice/CLNK-10235/FirstNameSearch'

2019-03-21 18:02:16 - [MESSAGE][PASSED] - Text 'James' is set on object 'Object Repository/Regression BackOffice/CLNK-10235/FirstNameSearch'

2019-03-21 18:02:16 - [TEST_STEP][PASSED] - delay(2): Delayed 2 second(s)

2019-03-21 18:02:18 - [MESSAGE][PASSED] - Delayed 2 second(s)

2019-03-21 18:02:18 - [TEST_STEP][PASSED] - waitForElementPresent(findTestObject("Regression BackOffice/CLNK-23441/Last NameHR"), 50): Object 'Object Repository/Regression BackOffice/CLNK-23441/Last NameHR' is present

2019-03-21 18:02:18 - [MESSAGE][PASSED] - Object 'Object Repository/Regression BackOffice/CLNK-23441/Last NameHR' is present

2019-03-21 18:02:18 - [TEST_STEP][PASSED] - setText(findTestObject("Regression BackOffice/CLNK-23441/Last NameHR"), "Test"): Text 'Test' is set on object 'Object Repository/Regression BackOffice/CLNK-23441/Last NameHR'

2019-03-21 18:02:18 - [MESSAGE][PASSED] - Text 'Test' is set on object 'Object Repository/Regression BackOffice/CLNK-23441/Last NameHR'

2019-03-21 18:02:18 - [TEST_STEP][PASSED] - delay(2): Delayed 2 second(s)

2019-03-21 18:02:20 - [MESSAGE][PASSED] - Delayed 2 second(s)

2019-03-21 18:02:20 - [TEST_STEP][PASSED] - waitForElementPresent(findTestObject("Regression BackOffice/CLNK-23441/CaregiverSearchButton"), 50): Object 'Object Repository/Regression BackOffice/CLNK-23441/CaregiverSearchButton' is present

2019-03-21 18:02:20 - [MESSAGE][PASSED] - Object 'Object Repository/Regression BackOffice/CLNK-23441/CaregiverSearchButton' is present

2019-03-21 18:02:20 - [TEST_STEP][PASSED] - click(findTestObject("Regression BackOffice/CLNK-23441/CaregiverSearchButton"), STOP_ON_FAILURE): Object: 'Object Repository/Regression BackOffice/CLNK-23441/CaregiverSearchButton' is clicked on

2019-03-21 18:02:21 - [MESSAGE][PASSED] - Object: 'Object Repository/Regression BackOffice/CLNK-23441/CaregiverSearchButton' is clicked on

2019-03-21 18:02:21 - [TEST_STEP][PASSED] - delay(2): Delayed 2 second(s)

2019-03-21 18:02:23 - [MESSAGE][PASSED] - Delayed 2 second(s)

2019-03-21 18:02:23 - [TEST_STEP][PASSED] - waitForElementPresent(findTestObject("Regression BackOffice/CLINK-23442/ClientLink"), 50): Object 'Object Repository/Regression BackOffice/CLINK-23442/ClientLink' is present

2019-03-21 18:02:23 - [MESSAGE][PASSED] - Object 'Object Repository/Regression BackOffice/CLINK-23442/ClientLink' is present

2019-03-21 18:02:23 - [TEST_STEP][PASSED] - click(findTestObject("Regression BackOffice/CLINK-23442/ClientLink"), STOP_ON_FAILURE): Object: 'Object Repository/Regression BackOffice/CLINK-23442/ClientLink' is clicked on

2019-03-21 18:02:26 - [MESSAGE][PASSED] - Object: 'Object Repository/Regression BackOffice/CLINK-23442/ClientLink' is clicked on

2019-03-21 18:02:26 - [TEST_STEP][PASSED] - delay(2): Delayed 2 second(s)

2019-03-21 18:02:28 - [MESSAGE][PASSED] - Delayed 2 second(s)

2019-03-21 18:02:28 - [TEST_STEP][PASSED] - waitForElementPresent(findTestObject("Regression BackOffice/CLINK-23442/NickName"), 50): Object 'Object Repository/Regression BackOffice/CLINK-23442/NickName' is present

2019-03-21 18:02:28 - [MESSAGE][PASSED] - Object 'Object Repository/Regression BackOffice/CLINK-23442/NickName' is present

2019-03-21 18:02:28 - [TEST_STEP][PASSED] - setText(findTestObject("Regression BackOffice/CLINK-23442/NickName"), "Pache"): Text 'Pache' is set on object 'Object Repository/Regression BackOffice/CLINK-23442/NickName'

2019-03-21 18:02:29 - [MESSAGE][PASSED] - Text 'Pache' is set on object 'Object Repository/Regression BackOffice/CLINK-23442/NickName'

2019-03-21 18:02:29 - [TEST_STEP][PASSED] - delay(2): Delayed 2 second(s)

2019-03-21 18:02:31 - [MESSAGE][PASSED] - Delayed 2 second(s)

2019-03-21 18:02:31 - [TEST_STEP][PASSED] - scrollToElement(findTestObject("Regression BackOffice/CLINK-23442/NewPhoneLink"), 50): Scroll to object 'Object Repository/Regression BackOffice/CLINK-23442/NewPhoneLink' successfully

2019-03-21 18:02:31 - [MESSAGE][PASSED] - Scroll to object 'Object Repository/Regression BackOffice/CLINK-23442/NewPhoneLink' successfully

2019-03-21 18:02:31 - [TEST_STEP][PASSED] - delay(1): Delayed 1 second(s)

2019-03-21 18:02:32 - [MESSAGE][PASSED] - Delayed 1 second(s)

2019-03-21 18:02:32 - [TEST_STEP][PASSED] - click(findTestObject("Regression BackOffice/CLINK-23442/NewPhoneLink"), STOP_ON_FAILURE): Object: 'Object Repository/Regression BackOffice/CLINK-23442/NewPhoneLink' is clicked on

2019-03-21 18:02:32 - [MESSAGE][PASSED] - Object: 'Object Repository/Regression BackOffice/CLINK-23442/NewPhoneLink' is clicked on

2019-03-21 18:02:32 - [TEST_STEP][PASSED] - delay(2): Delayed 2 second(s)

2019-03-21 18:02:34 - [MESSAGE][PASSED] - Delayed 2 second(s)

2019-03-21 18:02:34 - [TEST_STEP][PASSED] - waitForElementPresent(findTestObject("Regression BackOffice/CLINK-23442/PhoneTypeList"), 50): Object 'Object Repository/Regression BackOffice/CLINK-23442/PhoneTypeList' is present

2019-03-21 18:02:34 - [MESSAGE][PASSED] - Object 'Object Repository/Regression BackOffice/CLINK-23442/PhoneTypeList' is present

2019-03-21 18:02:34 - [TEST_STEP][PASSED] - click(findTestObject("Regression BackOffice/CLINK-23442/PhoneTypeList"), STOP_ON_FAILURE): Object: 'Object Repository/Regression BackOffice/CLINK-23442/PhoneTypeList' is clicked on

2019-03-21 18:02:35 - [MESSAGE][PASSED] - Object: 'Object Repository/Regression BackOffice/CLINK-23442/PhoneTypeList' is clicked on

2019-03-21 18:02:35 - [TEST_STEP][PASSED] - sendKeys(findTestObject("Regression BackOffice/CLINK-23442/PhoneTypeList"), Keys.chord(ARROW_DOWN, ARROW_DOWN, ARROW_DOWN, ENTER)): Keys 'DOWN + DOWN + DOWN + ENTER + ' sent to object: 'Object Repository/Regression BackOffice/CLINK-23442/PhoneTypeList'

2019-03-21 18:02:35 - [MESSAGE][PASSED] - Keys 'DOWN + DOWN + DOWN + ENTER + ' sent to object: 'Object Repository/Regression BackOffice/CLINK-23442/PhoneTypeList'

2019-03-21 18:02:35 - [TEST_STEP][PASSED] - delay(2): Delayed 2 second(s)

2019-03-21 18:02:37 - [MESSAGE][PASSED] - Delayed 2 second(s)

2019-03-21 18:02:37 - [TEST_STEP][PASSED] - waitForElementPresent(findTestObject("Regression BackOffice/CLINK-23442/PhoneNumber"), 50): Object 'Object Repository/Regression BackOffice/CLINK-23442/PhoneNumber' is present

2019-03-21 18:02:37 - [MESSAGE][PASSED] - Object 'Object Repository/Regression BackOffice/CLINK-23442/PhoneNumber' is present

2019-03-21 18:02:37 - [TEST_STEP][PASSED] - setText(findTestObject("Regression BackOffice/CLINK-23442/PhoneNumber"), "1233214857"): Text '1233214857' is set on object 'Object Repository/Regression BackOffice/CLINK-23442/PhoneNumber'

2019-03-21 18:02:38 - [MESSAGE][PASSED] - Text '1233214857' is set on object 'Object Repository/Regression BackOffice/CLINK-23442/PhoneNumber'

2019-03-21 18:02:38 - [TEST_STEP][PASSED] - delay(2): Delayed 2 second(s)

2019-03-21 18:02:40 - [MESSAGE][PASSED] - Delayed 2 second(s)

2019-03-21 18:02:40 - [TEST_STEP][PASSED] - waitForElementPresent(findTestObject("Regression BackOffice/CLINK-23442/Add to List Button"), 50): Object 'Object Repository/Regression BackOffice/CLINK-23442/Add to List Button' is present

2019-03-21 18:02:40 - [MESSAGE][PASSED] - Object 'Object Repository/Regression BackOffice/CLINK-23442/Add to List Button' is present

2019-03-21 18:02:40 - [TEST_STEP][PASSED] - click(findTestObject("Regression BackOffice/CLINK-23442/Add to List Button"), STOP_ON_FAILURE): Object: 'Object Repository/Regression BackOffice/CLINK-23442/Add to List Button' is clicked on

2019-03-21 18:02:40 - [MESSAGE][PASSED] - Object: 'Object Repository/Regression BackOffice/CLINK-23442/Add to List Button' is clicked on

2019-03-21 18:02:40 - [TEST_STEP][PASSED] - delay(2): Delayed 2 second(s)

2019-03-21 18:02:42 - [MESSAGE][PASSED] - Delayed 2 second(s)

2019-03-21 18:02:42 - [TEST_STEP][FAILED] - scrollToElement(findTestObject("Regression BackOffice/CLINK-23442/Group"), 50): scrollToElement(findTestObject("Regression BackOffice/CLINK-23442/Group"), 50) FAILED.
Reason:
com.kms.katalon.core.exception.StepFailedException: Unable to scroll to object 'Object Repository/Regression BackOffice/CLINK-23442/Group'
	at com.kms.katalon.core.keyword.internal.KeywordMain.stepFailed(KeywordMain.groovy:48)
	at com.kms.katalon.core.webui.keyword.internal.WebUIKeywordMain.stepFailed(WebUIKeywordMain.groovy:65)
	at com.kms.katalon.core.webui.keyword.internal.WebUIKeywordMain.runKeyword(WebUIKeywordMain.groovy:27)
	at com.kms.katalon.core.webui.keyword.builtin.ScrollToElementKeyword.scrollToElement(ScrollToElementKeyword.groovy:88)
	at com.kms.katalon.core.webui.keyword.builtin.ScrollToElementKeyword.execute(ScrollToElementKeyword.groovy:68)
	at com.kms.katalon.core.keyword.internal.KeywordExecutor.executeKeywordForPlatform(KeywordExecutor.groovy:56)
	at com.kms.katalon.core.webui.keyword.WebUiBuiltInKeywords.scrollToElement(WebUiBuiltInKeywords.groovy:2975)
	at com.kms.katalon.core.webui.keyword.WebUiBuiltInKeywords$scrollToElement$9.call(Unknown Source)
	at CLNK-23442 - Back office Caregiver Demographics.run(CLNK-23442 - Back office Caregiver Demographics:102)
	at com.kms.katalon.core.main.ScriptEngine.run(ScriptEngine.java:194)
	at com.kms.katalon.core.main.ScriptEngine.runScriptAsRawText(ScriptEngine.java:119)
	at com.kms.katalon.core.main.TestCaseExecutor.runScript(TestCaseExecutor.java:331)
	at com.kms.katalon.core.main.TestCaseExecutor.doExecute(TestCaseExecutor.java:322)
	at com.kms.katalon.core.main.TestCaseExecutor.processExecutionPhase(TestCaseExecutor.java:301)
	at com.kms.katalon.core.main.TestCaseExecutor.accessMainPhase(TestCaseExecutor.java:293)
	at com.kms.katalon.core.main.TestCaseExecutor.execute(TestCaseExecutor.java:227)
	at com.kms.katalon.core.main.TestSuiteExecutor.accessTestCaseMainPhase(TestSuiteExecutor.java:129)
	at com.kms.katalon.core.main.TestSuiteExecutor.accessTestSuiteMainPhase(TestSuiteExecutor.java:112)
	at com.kms.katalon.core.main.TestSuiteExecutor.execute(TestSuiteExecutor.java:81)
	at com.kms.katalon.core.main.TestCaseMain.startTestSuite(TestCaseMain.java:157)
	at com.kms.katalon.core.main.TestCaseMain$startTestSuite$0.call(Unknown Source)
	at TempTestSuite1553201487437.run(TempTestSuite1553201487437.groovy:35)


2019-03-21 18:02:42 - [MESSAGE][WARNING] - Cannot take screenshot

2019-03-21 18:02:42 - [MESSAGE][FAILED] - Unable to scroll to object 'Object Repository/Regression BackOffice/CLINK-23442/Group'

2019-03-21 18:02:42 - [MESSAGE][FAILED] - scrollToElement(findTestObject("Regression BackOffice/CLINK-23442/Group"), 50) FAILED.
Reason:
com.kms.katalon.core.exception.StepFailedException: Unable to scroll to object 'Object Repository/Regression BackOffice/CLINK-23442/Group'
	at com.kms.katalon.core.keyword.internal.KeywordMain.stepFailed(KeywordMain.groovy:48)
	at com.kms.katalon.core.webui.keyword.internal.WebUIKeywordMain.stepFailed(WebUIKeywordMain.groovy:65)
	at com.kms.katalon.core.webui.keyword.internal.WebUIKeywordMain.runKeyword(WebUIKeywordMain.groovy:27)
	at com.kms.katalon.core.webui.keyword.builtin.ScrollToElementKeyword.scrollToElement(ScrollToElementKeyword.groovy:88)
	at com.kms.katalon.core.webui.keyword.builtin.ScrollToElementKeyword.execute(ScrollToElementKeyword.groovy:68)
	at com.kms.katalon.core.keyword.internal.KeywordExecutor.executeKeywordForPlatform(KeywordExecutor.groovy:56)
	at com.kms.katalon.core.webui.keyword.WebUiBuiltInKeywords.scrollToElement(WebUiBuiltInKeywords.groovy:2975)
	at com.kms.katalon.core.webui.keyword.WebUiBuiltInKeywords$scrollToElement$9.call(Unknown Source)
	at CLNK-23442 - Back office Caregiver Demographics.run(CLNK-23442 - Back office Caregiver Demographics:102)
	at com.kms.katalon.core.main.ScriptEngine.run(ScriptEngine.java:194)
	at com.kms.katalon.core.main.ScriptEngine.runScriptAsRawText(ScriptEngine.java:119)
	at com.kms.katalon.core.main.TestCaseExecutor.runScript(TestCaseExecutor.java:331)
	at com.kms.katalon.core.main.TestCaseExecutor.doExecute(TestCaseExecutor.java:322)
	at com.kms.katalon.core.main.TestCaseExecutor.processExecutionPhase(TestCaseExecutor.java:301)
	at com.kms.katalon.core.main.TestCaseExecutor.accessMainPhase(TestCaseExecutor.java:293)
	at com.kms.katalon.core.main.TestCaseExecutor.execute(TestCaseExecutor.java:227)
	at com.kms.katalon.core.main.TestSuiteExecutor.accessTestCaseMainPhase(TestSuiteExecutor.java:129)
	at com.kms.katalon.core.main.TestSuiteExecutor.accessTestSuiteMainPhase(TestSuiteExecutor.java:112)
	at com.kms.katalon.core.main.TestSuiteExecutor.execute(TestSuiteExecutor.java:81)
	at com.kms.katalon.core.main.TestCaseMain.startTestSuite(TestCaseMain.java:157)
	at com.kms.katalon.core.main.TestCaseMain$startTestSuite$0.call(Unknown Source)
	at TempTestSuite1553201487437.run(TempTestSuite1553201487437.groovy:35)]]></system-out>
         <system-err><![CDATA[2019-03-21 18:01:46 - [TEST_CASE][FAILED] - Test Cases/Regression BackOffice (All Browsers)/CLNK-23442 - Back office Caregiver Demographics: Test Cases/Regression BackOffice (All Browsers)/CLNK-23442 - Back office Caregiver Demographics FAILED.
Reason:
com.kms.katalon.core.exception.StepFailedException: Unable to scroll to object 'Object Repository/Regression BackOffice/CLINK-23442/Group'
	at com.kms.katalon.core.keyword.internal.KeywordMain.stepFailed(KeywordMain.groovy:48)
	at com.kms.katalon.core.webui.keyword.internal.WebUIKeywordMain.stepFailed(WebUIKeywordMain.groovy:65)
	at com.kms.katalon.core.webui.keyword.internal.WebUIKeywordMain.runKeyword(WebUIKeywordMain.groovy:27)
	at com.kms.katalon.core.webui.keyword.builtin.ScrollToElementKeyword.scrollToElement(ScrollToElementKeyword.groovy:88)
	at com.kms.katalon.core.webui.keyword.builtin.ScrollToElementKeyword.execute(ScrollToElementKeyword.groovy:68)
	at com.kms.katalon.core.keyword.internal.KeywordExecutor.executeKeywordForPlatform(KeywordExecutor.groovy:56)
	at com.kms.katalon.core.webui.keyword.WebUiBuiltInKeywords.scrollToElement(WebUiBuiltInKeywords.groovy:2975)
	at com.kms.katalon.core.webui.keyword.WebUiBuiltInKeywords$scrollToElement$9.call(Unknown Source)
	at CLNK-23442 - Back office Caregiver Demographics.run(CLNK-23442 - Back office Caregiver Demographics:102)
	at com.kms.katalon.core.main.ScriptEngine.run(ScriptEngine.java:194)
	at com.kms.katalon.core.main.ScriptEngine.runScriptAsRawText(ScriptEngine.java:119)
	at com.kms.katalon.core.main.TestCaseExecutor.runScript(TestCaseExecutor.java:331)
	at com.kms.katalon.core.main.TestCaseExecutor.doExecute(TestCaseExecutor.java:322)
	at com.kms.katalon.core.main.TestCaseExecutor.processExecutionPhase(TestCaseExecutor.java:301)
	at com.kms.katalon.core.main.TestCaseExecutor.accessMainPhase(TestCaseExecutor.java:293)
	at com.kms.katalon.core.main.TestCaseExecutor.execute(TestCaseExecutor.java:227)
	at com.kms.katalon.core.main.TestSuiteExecutor.accessTestCaseMainPhase(TestSuiteExecutor.java:129)
	at com.kms.katalon.core.main.TestSuiteExecutor.accessTestSuiteMainPhase(TestSuiteExecutor.java:112)
	at com.kms.katalon.core.main.TestSuiteExecutor.execute(TestSuiteExecutor.java:81)
	at com.kms.katalon.core.main.TestCaseMain.startTestSuite(TestCaseMain.java:157)
	at com.kms.katalon.core.main.TestCaseMain$startTestSuite$0.call(Unknown Source)
	at TempTestSuite1553201487437.run(TempTestSuite1553201487437.groovy:35)]]></system-err>
      </testcase>
      <testcase name="Test Cases/Regression BackOffice (All Browsers)/CLNK-23444 - Back office Caregiver Attributes" classname="Test Cases/Regression BackOffice (All Browsers)/CLNK-23444 - Back office Caregiver Attributes" status="PASSED">
         <system-out><![CDATA[2019-03-21 18:02:44 - [TEST_CASE][PASSED] - Test Cases/Regression BackOffice (All Browsers)/CLNK-23444 - Back office Caregiver Attributes: Test Cases/Regression BackOffice (All Browsers)/CLNK-23444 - Back office Caregiver Attributes

2019-03-21 18:02:45 - [TEST_STEP][PASSED] - callTestCase(findTestCase("Regression BackOffice (All Browsers)/CLNK-23439 - Clink - Back office Client"), [:], STOP_ON_FAILURE): Call Test Case 'Test Cases/Regression BackOffice (All Browsers)/CLNK-23439 - Clink - Back office Client' successfully

2019-03-21 18:02:45 - [TEST_CASE][PASSED] - Test Cases/Regression BackOffice (All Browsers)/CLNK-23439 - Clink - Back office Client: Test Cases/Regression BackOffice (All Browsers)/CLNK-23439 - Clink - Back office Client

2019-03-21 18:02:45 - [TEST_STEP][PASSED] - openBrowser(G_SiteBackOffice): Browser is opened with url: 'http://qanewpoc.continulink.com:81/backoffice/Login.aspx'

2019-03-21 18:02:45 - [MESSAGE][WARNING] - A browser is already opened. Closing browser and opening a new one

2019-03-21 18:02:46 - [MESSAGE][INFO] - Starting 'Chrome' driver

2019-03-21 18:02:53 - [MESSAGE][PASSED] - Browser is opened with url: 'http://qanewpoc.continulink.com:81/backoffice/Login.aspx'

2019-03-21 18:02:53 - [TEST_STEP][PASSED] - waitForPageLoad(60): Wait for page load successfully

2019-03-21 18:02:53 - [MESSAGE][PASSED] - Wait for page load successfully

2019-03-21 18:02:53 - [TEST_STEP][PASSED] - maximizeWindow(): Current window maximized

2019-03-21 18:02:54 - [MESSAGE][PASSED] - Current window maximized

2019-03-21 18:02:54 - [TEST_STEP][PASSED] - setText(findTestObject("Regression BackOffice/Login/UserBackOffice"), G_UserBackOffice): Text 'demo' is set on object 'Object Repository/Regression BackOffice/Login/UserBackOffice'

2019-03-21 18:02:54 - [MESSAGE][PASSED] - Text 'demo' is set on object 'Object Repository/Regression BackOffice/Login/UserBackOffice'

2019-03-21 18:02:54 - [TEST_STEP][PASSED] - setText(findTestObject("Regression BackOffice/Login/PasswordBackOffice"), G_PasswordBackOffice): Text 'qwerty' is set on object 'Object Repository/Regression BackOffice/Login/PasswordBackOffice'

2019-03-21 18:02:55 - [MESSAGE][PASSED] - Text 'qwerty' is set on object 'Object Repository/Regression BackOffice/Login/PasswordBackOffice'

2019-03-21 18:02:55 - [TEST_STEP][PASSED] - click(findTestObject("Regression BackOffice/Login/LoginBackOffice")): Object: 'Object Repository/Regression BackOffice/Login/LoginBackOffice' is clicked on

2019-03-21 18:03:01 - [MESSAGE][PASSED] - Object: 'Object Repository/Regression BackOffice/Login/LoginBackOffice' is clicked on

2019-03-21 18:03:01 - [TEST_STEP][PASSED] - waitForPageLoad(60): Wait for page load successfully

2019-03-21 18:03:01 - [MESSAGE][PASSED] - Wait for page load successfully

2019-03-21 18:03:01 - [TEST_STEP][PASSED] - delay(3): Delayed 3 second(s)

2019-03-21 18:03:04 - [MESSAGE][PASSED] - Delayed 3 second(s)

2019-03-21 18:03:04 - [TEST_STEP][PASSED] - switchToFrame(findTestObject("Regression BackOffice/CLNK-23449/FrameLeft"), 5): null

2019-03-21 18:03:04 - [TEST_STEP][PASSED] - waitForElementPresent(findTestObject("Regression BackOffice/CLNK-23449/ClienIntakeICon"), 60): Object 'Object Repository/Regression BackOffice/CLNK-23449/ClienIntakeICon' is present

2019-03-21 18:03:04 - [MESSAGE][PASSED] - Object 'Object Repository/Regression BackOffice/CLNK-23449/ClienIntakeICon' is present

2019-03-21 18:03:04 - [TEST_STEP][PASSED] - verifyElementPresent(findTestObject("Regression BackOffice/CLNK-23449/ClienIntakeICon"), 100): Object 'Object Repository/Regression BackOffice/CLNK-23449/ClienIntakeICon' is present

2019-03-21 18:03:04 - [MESSAGE][PASSED] - Object 'Object Repository/Regression BackOffice/CLNK-23449/ClienIntakeICon' is present

2019-03-21 18:03:04 - [TEST_STEP][PASSED] - switchToDefaultContent(): null

2019-03-21 18:03:04 - [MESSAGE][PASSED] - Call Test Case 'Test Cases/Regression BackOffice (All Browsers)/CLNK-23439 - Clink - Back office Client' successfully

2019-03-21 18:03:04 - [TEST_STEP][PASSED] - waitForPageLoad(60): Wait for page load successfully

2019-03-21 18:03:04 - [MESSAGE][PASSED] - Wait for page load successfully

2019-03-21 18:03:04 - [TEST_STEP][PASSED] - delay(3): Delayed 3 second(s)

2019-03-21 18:03:07 - [MESSAGE][PASSED] - Delayed 3 second(s)

2019-03-21 18:03:07 - [TEST_STEP][PASSED] - switchToFrame(findTestObject("Regression BackOffice/CLNK-23449/FrameLeft"), 30): null

2019-03-21 18:03:07 - [TEST_STEP][PASSED] - waitForElementPresent(findTestObject("Regression BackOffice/CLNK-23441/Caregiver  HRLink"), 100): Object 'Object Repository/Regression BackOffice/CLNK-23441/Caregiver  HRLink' is present

2019-03-21 18:03:07 - [MESSAGE][PASSED] - Object 'Object Repository/Regression BackOffice/CLNK-23441/Caregiver  HRLink' is present

2019-03-21 18:03:07 - [TEST_STEP][PASSED] - click(findTestObject("Regression BackOffice/CLNK-23441/Caregiver  HRLink")): Object: 'Object Repository/Regression BackOffice/CLNK-23441/Caregiver  HRLink' is clicked on

2019-03-21 18:03:08 - [MESSAGE][PASSED] - Object: 'Object Repository/Regression BackOffice/CLNK-23441/Caregiver  HRLink' is clicked on

2019-03-21 18:03:08 - [TEST_STEP][PASSED] - delay(2): Delayed 2 second(s)

2019-03-21 18:03:10 - [MESSAGE][PASSED] - Delayed 2 second(s)

2019-03-21 18:03:10 - [TEST_STEP][PASSED] - waitForPageLoad(50): Wait for page load successfully

2019-03-21 18:03:10 - [MESSAGE][PASSED] - Wait for page load successfully

2019-03-21 18:03:10 - [TEST_STEP][PASSED] - waitForElementPresent(findTestObject("Regression BackOffice/CLINK-23444/Caregiver Attributes"), 50): Object 'Object Repository/Regression BackOffice/CLINK-23444/Caregiver Attributes' is present

2019-03-21 18:03:10 - [MESSAGE][PASSED] - Object 'Object Repository/Regression BackOffice/CLINK-23444/Caregiver Attributes' is present

2019-03-21 18:03:10 - [TEST_STEP][PASSED] - click(findTestObject("Regression BackOffice/CLINK-23444/Caregiver Attributes")): Object: 'Object Repository/Regression BackOffice/CLINK-23444/Caregiver Attributes' is clicked on

2019-03-21 18:03:11 - [MESSAGE][PASSED] - Object: 'Object Repository/Regression BackOffice/CLINK-23444/Caregiver Attributes' is clicked on

2019-03-21 18:03:11 - [TEST_STEP][PASSED] - delay(2): Delayed 2 second(s)

2019-03-21 18:03:13 - [MESSAGE][PASSED] - Delayed 2 second(s)

2019-03-21 18:03:13 - [TEST_STEP][PASSED] - switchToDefaultContent(): null

2019-03-21 18:03:13 - [TEST_STEP][PASSED] - switchToFrame(findTestObject("Regression BackOffice/CLNK-23449/FrameMain"), 30): null

2019-03-21 18:03:14 - [TEST_STEP][PASSED] - waitForElementPresent(findTestObject("Regression BackOffice/CLNK-10235/FirstNameSearch"), 50): Object 'Object Repository/Regression BackOffice/CLNK-10235/FirstNameSearch' is present

2019-03-21 18:03:14 - [MESSAGE][PASSED] - Object 'Object Repository/Regression BackOffice/CLNK-10235/FirstNameSearch' is present

2019-03-21 18:03:14 - [TEST_STEP][PASSED] - setText(findTestObject("Regression BackOffice/CLNK-10235/FirstNameSearch"), G_23444_CaregiverName): Text 'My' is set on object 'Object Repository/Regression BackOffice/CLNK-10235/FirstNameSearch'

2019-03-21 18:03:14 - [MESSAGE][PASSED] - Text 'My' is set on object 'Object Repository/Regression BackOffice/CLNK-10235/FirstNameSearch'

2019-03-21 18:03:14 - [TEST_STEP][PASSED] - delay(2): Delayed 2 second(s)

2019-03-21 18:03:16 - [MESSAGE][PASSED] - Delayed 2 second(s)

2019-03-21 18:03:16 - [TEST_STEP][PASSED] - waitForElementPresent(findTestObject("Regression BackOffice/CLNK-23441/Last NameHR"), 50): Object 'Object Repository/Regression BackOffice/CLNK-23441/Last NameHR' is present

2019-03-21 18:03:16 - [MESSAGE][PASSED] - Object 'Object Repository/Regression BackOffice/CLNK-23441/Last NameHR' is present

2019-03-21 18:03:16 - [TEST_STEP][PASSED] - setText(findTestObject("Regression BackOffice/CLNK-23441/Last NameHR"), G_23444_CaregiverLast): Text 'Test' is set on object 'Object Repository/Regression BackOffice/CLNK-23441/Last NameHR'

2019-03-21 18:03:16 - [MESSAGE][PASSED] - Text 'Test' is set on object 'Object Repository/Regression BackOffice/CLNK-23441/Last NameHR'

2019-03-21 18:03:16 - [TEST_STEP][PASSED] - delay(2): Delayed 2 second(s)

2019-03-21 18:03:18 - [MESSAGE][PASSED] - Delayed 2 second(s)

2019-03-21 18:03:18 - [TEST_STEP][PASSED] - waitForElementPresent(findTestObject("Regression BackOffice/CLNK-23441/CaregiverSearchButton"), 50): Object 'Object Repository/Regression BackOffice/CLNK-23441/CaregiverSearchButton' is present

2019-03-21 18:03:18 - [MESSAGE][PASSED] - Object 'Object Repository/Regression BackOffice/CLNK-23441/CaregiverSearchButton' is present

2019-03-21 18:03:18 - [TEST_STEP][PASSED] - click(findTestObject("Regression BackOffice/CLNK-23441/CaregiverSearchButton"), STOP_ON_FAILURE): Object: 'Object Repository/Regression BackOffice/CLNK-23441/CaregiverSearchButton' is clicked on

2019-03-21 18:03:19 - [MESSAGE][PASSED] - Object: 'Object Repository/Regression BackOffice/CLNK-23441/CaregiverSearchButton' is clicked on

2019-03-21 18:03:19 - [TEST_STEP][PASSED] - delay(2): Delayed 2 second(s)

2019-03-21 18:03:21 - [MESSAGE][PASSED] - Delayed 2 second(s)

2019-03-21 18:03:21 - [TEST_STEP][PASSED] - waitForElementPresent(findTestObject("Regression BackOffice/CLINK-23442/ClientLink"), 50): Object 'Object Repository/Regression BackOffice/CLINK-23442/ClientLink' is present

2019-03-21 18:03:21 - [MESSAGE][PASSED] - Object 'Object Repository/Regression BackOffice/CLINK-23442/ClientLink' is present

2019-03-21 18:03:21 - [TEST_STEP][PASSED] - click(findTestObject("Regression BackOffice/CLINK-23442/ClientLink"), STOP_ON_FAILURE): Object: 'Object Repository/Regression BackOffice/CLINK-23442/ClientLink' is clicked on

2019-03-21 18:03:24 - [MESSAGE][PASSED] - Object: 'Object Repository/Regression BackOffice/CLINK-23442/ClientLink' is clicked on

2019-03-21 18:03:24 - [TEST_STEP][PASSED] - delay(2): Delayed 2 second(s)

2019-03-21 18:03:26 - [MESSAGE][PASSED] - Delayed 2 second(s)

2019-03-21 18:03:26 - [TEST_STEP][PASSED] - waitForElementPresent(findTestObject("Regression BackOffice/CLINK-23444/New Attribute"), 50): Object 'Object Repository/Regression BackOffice/CLINK-23444/New Attribute' is present

2019-03-21 18:03:26 - [MESSAGE][PASSED] - Object 'Object Repository/Regression BackOffice/CLINK-23444/New Attribute' is present

2019-03-21 18:03:26 - [TEST_STEP][PASSED] - click(findTestObject("Regression BackOffice/CLINK-23444/New Attribute"), STOP_ON_FAILURE): Object: 'Object Repository/Regression BackOffice/CLINK-23444/New Attribute' is clicked on

2019-03-21 18:03:26 - [MESSAGE][PASSED] - Object: 'Object Repository/Regression BackOffice/CLINK-23444/New Attribute' is clicked on

2019-03-21 18:03:26 - [TEST_STEP][PASSED] - delay(2): Delayed 2 second(s)

2019-03-21 18:03:28 - [MESSAGE][PASSED] - Delayed 2 second(s)

2019-03-21 18:03:28 - [TEST_STEP][PASSED] - waitForElementPresent(findTestObject("Regression BackOffice/CLINK-23444/CheckedBy"), 50): Object 'Object Repository/Regression BackOffice/CLINK-23444/CheckedBy' is present

2019-03-21 18:03:28 - [MESSAGE][PASSED] - Object 'Object Repository/Regression BackOffice/CLINK-23444/CheckedBy' is present

2019-03-21 18:03:28 - [TEST_STEP][PASSED] - setText(findTestObject("Regression BackOffice/CLINK-23444/CheckedBy"), "Isaac"): Text 'Isaac' is set on object 'Object Repository/Regression BackOffice/CLINK-23444/CheckedBy'

2019-03-21 18:03:29 - [MESSAGE][PASSED] - Text 'Isaac' is set on object 'Object Repository/Regression BackOffice/CLINK-23444/CheckedBy'

2019-03-21 18:03:29 - [TEST_STEP][PASSED] - delay(2): Delayed 2 second(s)

2019-03-21 18:03:31 - [MESSAGE][PASSED] - Delayed 2 second(s)

2019-03-21 18:03:31 - [TEST_STEP][PASSED] - waitForElementPresent(findTestObject("Regression BackOffice/CLINK-23444/Checked Date"), 50): Object 'Object Repository/Regression BackOffice/CLINK-23444/Checked Date' is present

2019-03-21 18:03:31 - [MESSAGE][PASSED] - Object 'Object Repository/Regression BackOffice/CLINK-23444/Checked Date' is present

2019-03-21 18:03:31 - [TEST_STEP][PASSED] - setText(findTestObject("Regression BackOffice/CLINK-23444/Checked Date"), getDate.DateUtilities.getDateMonthDayYearNumberwithSlash()): Text '03/21/2019' is set on object 'Object Repository/Regression BackOffice/CLINK-23444/Checked Date'

2019-03-21 18:03:31 - [MESSAGE][PASSED] - getDate.DateUtilities.getDateMonthDayYearNumberwithSlash is PASSED

2019-03-21 18:03:31 - [MESSAGE][PASSED] - Text '03/21/2019' is set on object 'Object Repository/Regression BackOffice/CLINK-23444/Checked Date'

2019-03-21 18:03:31 - [TEST_STEP][PASSED] - delay(4): Delayed 4 second(s)

2019-03-21 18:03:35 - [MESSAGE][PASSED] - Delayed 4 second(s)

2019-03-21 18:03:35 - [TEST_STEP][PASSED] - waitForElementPresent(findTestObject("Regression BackOffice/CLINK-23444/a_Add To List"), 50): Object 'Object Repository/Regression BackOffice/CLINK-23444/a_Add To List' is present

2019-03-21 18:03:35 - [MESSAGE][PASSED] - Object 'Object Repository/Regression BackOffice/CLINK-23444/a_Add To List' is present

2019-03-21 18:03:35 - [TEST_STEP][PASSED] - click(findTestObject("Regression BackOffice/CLINK-23444/a_Add To List"), STOP_ON_FAILURE): Object: 'Object Repository/Regression BackOffice/CLINK-23444/a_Add To List' is clicked on

2019-03-21 18:03:36 - [MESSAGE][PASSED] - Object: 'Object Repository/Regression BackOffice/CLINK-23444/a_Add To List' is clicked on

2019-03-21 18:03:36 - [TEST_STEP][PASSED] - delay(3): Delayed 3 second(s)

2019-03-21 18:03:39 - [MESSAGE][PASSED] - Delayed 3 second(s)

2019-03-21 18:03:39 - [TEST_STEP][PASSED] - switchToDefaultContent(): null

2019-03-21 18:03:39 - [TEST_STEP][PASSED] - switchToFrame(findTestObject("Regression BackOffice/CLINK-23444/BannerFrameAtt"), 30): null

2019-03-21 18:03:39 - [TEST_STEP][PASSED] - waitForElementPresent(findTestObject("Regression BackOffice/CLINK-23444/Save"), 50): Object 'Object Repository/Regression BackOffice/CLINK-23444/Save' is present

2019-03-21 18:03:39 - [MESSAGE][PASSED] - Object 'Object Repository/Regression BackOffice/CLINK-23444/Save' is present

2019-03-21 18:03:39 - [TEST_STEP][PASSED] - click(findTestObject("Regression BackOffice/CLINK-23444/Save")): Object: 'Object Repository/Regression BackOffice/CLINK-23444/Save' is clicked on

2019-03-21 18:03:45 - [MESSAGE][PASSED] - Object: 'Object Repository/Regression BackOffice/CLINK-23444/Save' is clicked on

2019-03-21 18:03:45 - [TEST_STEP][PASSED] - delay(2): Delayed 2 second(s)

2019-03-21 18:03:47 - [MESSAGE][PASSED] - Delayed 2 second(s)]]></system-out>
         <system-err><![CDATA[]]></system-err>
      </testcase>
      <testcase name="Test Cases/Regression BackOffice (All Browsers)/CLNK-23445 - Back office Caregiver HR Details" classname="Test Cases/Regression BackOffice (All Browsers)/CLNK-23445 - Back office Caregiver HR Details" status="PASSED">
         <system-out><![CDATA[2019-03-21 18:03:49 - [TEST_CASE][PASSED] - Test Cases/Regression BackOffice (All Browsers)/CLNK-23445 - Back office Caregiver HR Details: Test Cases/Regression BackOffice (All Browsers)/CLNK-23445 - Back office Caregiver HR Details

2019-03-21 18:03:50 - [TEST_STEP][PASSED] - callTestCase(findTestCase("Regression BackOffice (All Browsers)/CLNK-23439 - Clink - Back office Client"), [:], STOP_ON_FAILURE): Call Test Case 'Test Cases/Regression BackOffice (All Browsers)/CLNK-23439 - Clink - Back office Client' successfully

2019-03-21 18:03:50 - [TEST_CASE][PASSED] - Test Cases/Regression BackOffice (All Browsers)/CLNK-23439 - Clink - Back office Client: Test Cases/Regression BackOffice (All Browsers)/CLNK-23439 - Clink - Back office Client

2019-03-21 18:03:50 - [TEST_STEP][PASSED] - openBrowser(G_SiteBackOffice): Browser is opened with url: 'http://qanewpoc.continulink.com:81/backoffice/Login.aspx'

2019-03-21 18:03:50 - [MESSAGE][WARNING] - A browser is already opened. Closing browser and opening a new one

2019-03-21 18:03:51 - [MESSAGE][INFO] - Starting 'Chrome' driver

2019-03-21 18:03:58 - [MESSAGE][PASSED] - Browser is opened with url: 'http://qanewpoc.continulink.com:81/backoffice/Login.aspx'

2019-03-21 18:03:58 - [TEST_STEP][PASSED] - waitForPageLoad(60): Wait for page load successfully

2019-03-21 18:03:58 - [MESSAGE][PASSED] - Wait for page load successfully

2019-03-21 18:03:58 - [TEST_STEP][PASSED] - maximizeWindow(): Current window maximized

2019-03-21 18:03:59 - [MESSAGE][PASSED] - Current window maximized

2019-03-21 18:03:59 - [TEST_STEP][PASSED] - setText(findTestObject("Regression BackOffice/Login/UserBackOffice"), G_UserBackOffice): Text 'demo' is set on object 'Object Repository/Regression BackOffice/Login/UserBackOffice'

2019-03-21 18:03:59 - [MESSAGE][PASSED] - Text 'demo' is set on object 'Object Repository/Regression BackOffice/Login/UserBackOffice'

2019-03-21 18:03:59 - [TEST_STEP][PASSED] - setText(findTestObject("Regression BackOffice/Login/PasswordBackOffice"), G_PasswordBackOffice): Text 'qwerty' is set on object 'Object Repository/Regression BackOffice/Login/PasswordBackOffice'

2019-03-21 18:03:59 - [MESSAGE][PASSED] - Text 'qwerty' is set on object 'Object Repository/Regression BackOffice/Login/PasswordBackOffice'

2019-03-21 18:03:59 - [TEST_STEP][PASSED] - click(findTestObject("Regression BackOffice/Login/LoginBackOffice")): Object: 'Object Repository/Regression BackOffice/Login/LoginBackOffice' is clicked on

2019-03-21 18:04:06 - [MESSAGE][PASSED] - Object: 'Object Repository/Regression BackOffice/Login/LoginBackOffice' is clicked on

2019-03-21 18:04:06 - [TEST_STEP][PASSED] - waitForPageLoad(60): Wait for page load successfully

2019-03-21 18:04:06 - [MESSAGE][PASSED] - Wait for page load successfully

2019-03-21 18:04:06 - [TEST_STEP][PASSED] - delay(3): Delayed 3 second(s)

2019-03-21 18:04:09 - [MESSAGE][PASSED] - Delayed 3 second(s)

2019-03-21 18:04:09 - [TEST_STEP][PASSED] - switchToFrame(findTestObject("Regression BackOffice/CLNK-23449/FrameLeft"), 5): null

2019-03-21 18:04:09 - [TEST_STEP][PASSED] - waitForElementPresent(findTestObject("Regression BackOffice/CLNK-23449/ClienIntakeICon"), 60): Object 'Object Repository/Regression BackOffice/CLNK-23449/ClienIntakeICon' is present

2019-03-21 18:04:09 - [MESSAGE][PASSED] - Object 'Object Repository/Regression BackOffice/CLNK-23449/ClienIntakeICon' is present

2019-03-21 18:04:09 - [TEST_STEP][PASSED] - verifyElementPresent(findTestObject("Regression BackOffice/CLNK-23449/ClienIntakeICon"), 100): Object 'Object Repository/Regression BackOffice/CLNK-23449/ClienIntakeICon' is present

2019-03-21 18:04:09 - [MESSAGE][PASSED] - Object 'Object Repository/Regression BackOffice/CLNK-23449/ClienIntakeICon' is present

2019-03-21 18:04:09 - [TEST_STEP][PASSED] - switchToDefaultContent(): null

2019-03-21 18:04:09 - [MESSAGE][PASSED] - Call Test Case 'Test Cases/Regression BackOffice (All Browsers)/CLNK-23439 - Clink - Back office Client' successfully

2019-03-21 18:04:09 - [TEST_STEP][PASSED] - waitForPageLoad(60): Wait for page load successfully

2019-03-21 18:04:09 - [MESSAGE][PASSED] - Wait for page load successfully

2019-03-21 18:04:09 - [TEST_STEP][PASSED] - delay(3): Delayed 3 second(s)

2019-03-21 18:04:12 - [MESSAGE][PASSED] - Delayed 3 second(s)

2019-03-21 18:04:12 - [TEST_STEP][PASSED] - switchToFrame(findTestObject("Regression BackOffice/CLNK-23449/FrameLeft"), 30): null

2019-03-21 18:04:12 - [TEST_STEP][PASSED] - waitForElementPresent(findTestObject("Regression BackOffice/CLNK-23441/Caregiver  HRLink"), 100): Object 'Object Repository/Regression BackOffice/CLNK-23441/Caregiver  HRLink' is present

2019-03-21 18:04:12 - [MESSAGE][PASSED] - Object 'Object Repository/Regression BackOffice/CLNK-23441/Caregiver  HRLink' is present

2019-03-21 18:04:12 - [TEST_STEP][PASSED] - click(findTestObject("Regression BackOffice/CLNK-23441/Caregiver  HRLink")): Object: 'Object Repository/Regression BackOffice/CLNK-23441/Caregiver  HRLink' is clicked on

2019-03-21 18:04:13 - [MESSAGE][PASSED] - Object: 'Object Repository/Regression BackOffice/CLNK-23441/Caregiver  HRLink' is clicked on

2019-03-21 18:04:13 - [TEST_STEP][PASSED] - delay(2): Delayed 2 second(s)

2019-03-21 18:04:15 - [MESSAGE][PASSED] - Delayed 2 second(s)

2019-03-21 18:04:15 - [TEST_STEP][PASSED] - waitForPageLoad(50): Wait for page load successfully

2019-03-21 18:04:15 - [MESSAGE][PASSED] - Wait for page load successfully

2019-03-21 18:04:15 - [TEST_STEP][PASSED] - waitForElementPresent(findTestObject("Regression BackOffice/CLINK-23445/CaregiverHRDetails"), 50): Object 'Object Repository/Regression BackOffice/CLINK-23445/CaregiverHRDetails' is present

2019-03-21 18:04:15 - [MESSAGE][PASSED] - Object 'Object Repository/Regression BackOffice/CLINK-23445/CaregiverHRDetails' is present

2019-03-21 18:04:15 - [TEST_STEP][PASSED] - click(findTestObject("Regression BackOffice/CLINK-23445/CaregiverHRDetails")): Object: 'Object Repository/Regression BackOffice/CLINK-23445/CaregiverHRDetails' is clicked on

2019-03-21 18:04:17 - [MESSAGE][PASSED] - Object: 'Object Repository/Regression BackOffice/CLINK-23445/CaregiverHRDetails' is clicked on

2019-03-21 18:04:17 - [TEST_STEP][PASSED] - delay(2): Delayed 2 second(s)

2019-03-21 18:04:19 - [MESSAGE][PASSED] - Delayed 2 second(s)

2019-03-21 18:04:19 - [TEST_STEP][PASSED] - switchToDefaultContent(): null

2019-03-21 18:04:19 - [TEST_STEP][PASSED] - switchToFrame(findTestObject("Regression BackOffice/CLNK-23449/FrameMain"), 30): null

2019-03-21 18:04:19 - [TEST_STEP][PASSED] - waitForElementPresent(findTestObject("Regression BackOffice/CLNK-10235/FirstNameSearch"), 50): Object 'Object Repository/Regression BackOffice/CLNK-10235/FirstNameSearch' is present

2019-03-21 18:04:19 - [MESSAGE][PASSED] - Object 'Object Repository/Regression BackOffice/CLNK-10235/FirstNameSearch' is present

2019-03-21 18:04:19 - [TEST_STEP][PASSED] - setText(findTestObject("Regression BackOffice/CLNK-10235/FirstNameSearch"), G_23444_CaregiverName): Text 'My' is set on object 'Object Repository/Regression BackOffice/CLNK-10235/FirstNameSearch'

2019-03-21 18:04:19 - [MESSAGE][PASSED] - Text 'My' is set on object 'Object Repository/Regression BackOffice/CLNK-10235/FirstNameSearch'

2019-03-21 18:04:19 - [TEST_STEP][PASSED] - delay(2): Delayed 2 second(s)

2019-03-21 18:04:21 - [MESSAGE][PASSED] - Delayed 2 second(s)

2019-03-21 18:04:21 - [TEST_STEP][PASSED] - waitForElementPresent(findTestObject("Regression BackOffice/CLNK-23441/Last NameHR"), 50): Object 'Object Repository/Regression BackOffice/CLNK-23441/Last NameHR' is present

2019-03-21 18:04:21 - [MESSAGE][PASSED] - Object 'Object Repository/Regression BackOffice/CLNK-23441/Last NameHR' is present

2019-03-21 18:04:21 - [TEST_STEP][PASSED] - setText(findTestObject("Regression BackOffice/CLNK-23441/Last NameHR"), G_23444_CaregiverLast): Text 'Test' is set on object 'Object Repository/Regression BackOffice/CLNK-23441/Last NameHR'

2019-03-21 18:04:22 - [MESSAGE][PASSED] - Text 'Test' is set on object 'Object Repository/Regression BackOffice/CLNK-23441/Last NameHR'

2019-03-21 18:04:22 - [TEST_STEP][PASSED] - delay(2): Delayed 2 second(s)

2019-03-21 18:04:24 - [MESSAGE][PASSED] - Delayed 2 second(s)

2019-03-21 18:04:24 - [TEST_STEP][PASSED] - waitForElementPresent(findTestObject("Regression BackOffice/CLNK-23441/CaregiverSearchButton"), 50): Object 'Object Repository/Regression BackOffice/CLNK-23441/CaregiverSearchButton' is present

2019-03-21 18:04:24 - [MESSAGE][PASSED] - Object 'Object Repository/Regression BackOffice/CLNK-23441/CaregiverSearchButton' is present

2019-03-21 18:04:24 - [TEST_STEP][PASSED] - click(findTestObject("Regression BackOffice/CLNK-23441/CaregiverSearchButton"), STOP_ON_FAILURE): Object: 'Object Repository/Regression BackOffice/CLNK-23441/CaregiverSearchButton' is clicked on

2019-03-21 18:04:25 - [MESSAGE][PASSED] - Object: 'Object Repository/Regression BackOffice/CLNK-23441/CaregiverSearchButton' is clicked on

2019-03-21 18:04:25 - [TEST_STEP][PASSED] - delay(2): Delayed 2 second(s)

2019-03-21 18:04:27 - [MESSAGE][PASSED] - Delayed 2 second(s)

2019-03-21 18:04:27 - [TEST_STEP][PASSED] - waitForElementPresent(findTestObject("Regression BackOffice/CLINK-23442/ClientLink"), 50): Object 'Object Repository/Regression BackOffice/CLINK-23442/ClientLink' is present

2019-03-21 18:04:27 - [MESSAGE][PASSED] - Object 'Object Repository/Regression BackOffice/CLINK-23442/ClientLink' is present

2019-03-21 18:04:27 - [TEST_STEP][PASSED] - click(findTestObject("Regression BackOffice/CLINK-23442/ClientLink"), STOP_ON_FAILURE): Object: 'Object Repository/Regression BackOffice/CLINK-23442/ClientLink' is clicked on

2019-03-21 18:04:31 - [MESSAGE][PASSED] - Object: 'Object Repository/Regression BackOffice/CLINK-23442/ClientLink' is clicked on

2019-03-21 18:04:31 - [TEST_STEP][PASSED] - delay(2): Delayed 2 second(s)

2019-03-21 18:04:33 - [MESSAGE][PASSED] - Delayed 2 second(s)

2019-03-21 18:04:33 - [TEST_STEP][PASSED] - waitForElementPresent(findTestObject("Regression BackOffice/CLINK-23445/Middle Initial"), 50): Object 'Object Repository/Regression BackOffice/CLINK-23445/Middle Initial' is present

2019-03-21 18:04:33 - [MESSAGE][PASSED] - Object 'Object Repository/Regression BackOffice/CLINK-23445/Middle Initial' is present

2019-03-21 18:04:33 - [TEST_STEP][PASSED] - setText(findTestObject("Regression BackOffice/CLINK-23445/Middle Initial"), "M"): Text 'M' is set on object 'Object Repository/Regression BackOffice/CLINK-23445/Middle Initial'

2019-03-21 18:04:34 - [MESSAGE][PASSED] - Text 'M' is set on object 'Object Repository/Regression BackOffice/CLINK-23445/Middle Initial'

2019-03-21 18:04:34 - [TEST_STEP][PASSED] - delay(2): Delayed 2 second(s)

2019-03-21 18:04:36 - [MESSAGE][PASSED] - Delayed 2 second(s)

2019-03-21 18:04:36 - [TEST_STEP][PASSED] - waitForElementPresent(findTestObject("Regression BackOffice/CLINK-23445/Mail Address"), 50): Object 'Object Repository/Regression BackOffice/CLINK-23445/Mail Address' is present

2019-03-21 18:04:36 - [MESSAGE][PASSED] - Object 'Object Repository/Regression BackOffice/CLINK-23445/Mail Address' is present

2019-03-21 18:04:36 - [TEST_STEP][PASSED] - setText(findTestObject("Regression BackOffice/CLINK-23445/Mail Address"), "isaac@gmail.com"): Text 'isaac@gmail.com' is set on object 'Object Repository/Regression BackOffice/CLINK-23445/Mail Address'

2019-03-21 18:04:36 - [MESSAGE][PASSED] - Text 'isaac@gmail.com' is set on object 'Object Repository/Regression BackOffice/CLINK-23445/Mail Address'

2019-03-21 18:04:36 - [TEST_STEP][PASSED] - delay(2): Delayed 2 second(s)

2019-03-21 18:04:38 - [MESSAGE][PASSED] - Delayed 2 second(s)

2019-03-21 18:04:38 - [TEST_STEP][PASSED] - waitForElementPresent(findTestObject("Regression BackOffice/CLINK-23445/SameasAddress"), 50): Object 'Object Repository/Regression BackOffice/CLINK-23445/SameasAddress' is present

2019-03-21 18:04:38 - [MESSAGE][PASSED] - Object 'Object Repository/Regression BackOffice/CLINK-23445/SameasAddress' is present

2019-03-21 18:04:38 - [TEST_STEP][PASSED] - click(findTestObject("Regression BackOffice/CLINK-23445/SameasAddress"), STOP_ON_FAILURE): Object: 'Object Repository/Regression BackOffice/CLINK-23445/SameasAddress' is clicked on

2019-03-21 18:04:39 - [MESSAGE][PASSED] - Object: 'Object Repository/Regression BackOffice/CLINK-23445/SameasAddress' is clicked on

2019-03-21 18:04:39 - [TEST_STEP][PASSED] - delay(2): Delayed 2 second(s)

2019-03-21 18:04:41 - [MESSAGE][PASSED] - Delayed 2 second(s)

2019-03-21 18:04:41 - [TEST_STEP][PASSED] - scrollToElement(findTestObject("Regression BackOffice/CLINK-23445/Race"), 50): Scroll to object 'Object Repository/Regression BackOffice/CLINK-23445/Race' successfully

2019-03-21 18:04:41 - [MESSAGE][PASSED] - Scroll to object 'Object Repository/Regression BackOffice/CLINK-23445/Race' successfully

2019-03-21 18:04:41 - [TEST_STEP][PASSED] - click(findTestObject("Regression BackOffice/CLINK-23445/Race"), STOP_ON_FAILURE): Object: 'Object Repository/Regression BackOffice/CLINK-23445/Race' is clicked on

2019-03-21 18:04:41 - [MESSAGE][PASSED] - Object: 'Object Repository/Regression BackOffice/CLINK-23445/Race' is clicked on

2019-03-21 18:04:41 - [TEST_STEP][PASSED] - sendKeys(findTestObject("Regression BackOffice/CLINK-23445/Race"), Keys.chord(ARROW_UP, ARROW_UP, ENTER)): Keys 'UP + UP + ENTER + ' sent to object: 'Object Repository/Regression BackOffice/CLINK-23445/Race'

2019-03-21 18:04:41 - [MESSAGE][PASSED] - Keys 'UP + UP + ENTER + ' sent to object: 'Object Repository/Regression BackOffice/CLINK-23445/Race'

2019-03-21 18:04:41 - [TEST_STEP][PASSED] - delay(2): Delayed 2 second(s)

2019-03-21 18:04:43 - [MESSAGE][PASSED] - Delayed 2 second(s)

2019-03-21 18:04:43 - [TEST_STEP][PASSED] - waitForElementPresent(findTestObject("Regression BackOffice/CLINK-23445/Sex"), 50): Object 'Object Repository/Regression BackOffice/CLINK-23445/Sex' is present

2019-03-21 18:04:43 - [MESSAGE][PASSED] - Object 'Object Repository/Regression BackOffice/CLINK-23445/Sex' is present

2019-03-21 18:04:43 - [TEST_STEP][PASSED] - click(findTestObject("Regression BackOffice/CLINK-23445/Sex"), STOP_ON_FAILURE): Object: 'Object Repository/Regression BackOffice/CLINK-23445/Sex' is clicked on

2019-03-21 18:04:44 - [MESSAGE][PASSED] - Object: 'Object Repository/Regression BackOffice/CLINK-23445/Sex' is clicked on

2019-03-21 18:04:44 - [TEST_STEP][PASSED] - delay(3): Delayed 3 second(s)

2019-03-21 18:04:47 - [MESSAGE][PASSED] - Delayed 3 second(s)

2019-03-21 18:04:47 - [TEST_STEP][PASSED] - waitForElementPresent(findTestObject("Regression BackOffice/CLINK-23445/Date Of Hire"), 50): Object 'Object Repository/Regression BackOffice/CLINK-23445/Date Of Hire' is present

2019-03-21 18:04:47 - [MESSAGE][PASSED] - Object 'Object Repository/Regression BackOffice/CLINK-23445/Date Of Hire' is present

2019-03-21 18:04:47 - [TEST_STEP][PASSED] - setText(findTestObject("Regression BackOffice/CLINK-23445/Date Of Hire"), getDate.DateUtilities.getDateMonthDayYearNumberwithSlash()): Text '03/21/2019' is set on object 'Object Repository/Regression BackOffice/CLINK-23445/Date Of Hire'

2019-03-21 18:04:47 - [MESSAGE][PASSED] - getDate.DateUtilities.getDateMonthDayYearNumberwithSlash is PASSED

2019-03-21 18:04:47 - [MESSAGE][PASSED] - Text '03/21/2019' is set on object 'Object Repository/Regression BackOffice/CLINK-23445/Date Of Hire'

2019-03-21 18:04:47 - [TEST_STEP][PASSED] - delay(4): Delayed 4 second(s)

2019-03-21 18:04:51 - [MESSAGE][PASSED] - Delayed 4 second(s)

2019-03-21 18:04:51 - [TEST_STEP][PASSED] - switchToDefaultContent(): null

2019-03-21 18:04:51 - [TEST_STEP][PASSED] - switchToFrame(findTestObject("Regression BackOffice/CLINK-23444/BannerFrameAtt"), 30): null

2019-03-21 18:04:51 - [TEST_STEP][PASSED] - waitForElementPresent(findTestObject("Regression BackOffice/CLINK-23445/Save"), 50): Object 'Object Repository/Regression BackOffice/CLINK-23445/Save' is present

2019-03-21 18:04:51 - [MESSAGE][PASSED] - Object 'Object Repository/Regression BackOffice/CLINK-23445/Save' is present

2019-03-21 18:04:51 - [TEST_STEP][PASSED] - click(findTestObject("Regression BackOffice/CLINK-23445/Save")): Object: 'Object Repository/Regression BackOffice/CLINK-23445/Save' is clicked on

2019-03-21 18:04:52 - [MESSAGE][PASSED] - Object: 'Object Repository/Regression BackOffice/CLINK-23445/Save' is clicked on

2019-03-21 18:04:52 - [TEST_STEP][PASSED] - delay(2): Delayed 2 second(s)

2019-03-21 18:04:54 - [MESSAGE][PASSED] - Delayed 2 second(s)]]></system-out>
         <system-err><![CDATA[]]></system-err>
      </testcase>
      <testcase name="Test Cases/Regression BackOffice (All Browsers)/CLNK-23446 - Back office Caregiver Locations" classname="Test Cases/Regression BackOffice (All Browsers)/CLNK-23446 - Back office Caregiver Locations" status="FAILED">
         <failure type="FAILED" message="Test Cases/Regression BackOffice (All Browsers)/CLNK-23446 - Back office Caregiver Locations FAILED.
Reason:
com.kms.katalon.core.exception.StepFailedException: Unable to wait for page load
	at com.kms.katalon.core.keyword.internal.KeywordMain.stepFailed(KeywordMain.groovy:48)
	at com.kms.katalon.core.webui.keyword.internal.WebUIKeywordMain.stepFailed(WebUIKeywordMain.groovy:65)
	at com.kms.katalon.core.webui.keyword.internal.WebUIKeywordMain.runKeyword(WebUIKeywordMain.groovy:27)
	at com.kms.katalon.core.webui.keyword.builtin.WaitForPageLoadKeyword.waitForPageLoad(WaitForPageLoadKeyword.groovy:72)
	at com.kms.katalon.core.webui.keyword.builtin.WaitForPageLoadKeyword.execute(WaitForPageLoadKeyword.groovy:67)
	at com.kms.katalon.core.keyword.internal.KeywordExecutor.executeKeywordForPlatform(KeywordExecutor.groovy:56)
	at com.kms.katalon.core.webui.keyword.WebUiBuiltInKeywords.waitForPageLoad(WebUiBuiltInKeywords.groovy:2427)
	at com.kms.katalon.core.webui.keyword.WebUiBuiltInKeywords$waitForPageLoad$0.call(Unknown Source)
	at CLNK-23446 - Back office Caregiver Locations.run(CLNK-23446 - Back office Caregiver Locations:92)
	at com.kms.katalon.core.main.ScriptEngine.run(ScriptEngine.java:194)
	at com.kms.katalon.core.main.ScriptEngine.runScriptAsRawText(ScriptEngine.java:119)
	at com.kms.katalon.core.main.TestCaseExecutor.runScript(TestCaseExecutor.java:331)
	at com.kms.katalon.core.main.TestCaseExecutor.doExecute(TestCaseExecutor.java:322)
	at com.kms.katalon.core.main.TestCaseExecutor.processExecutionPhase(TestCaseExecutor.java:301)
	at com.kms.katalon.core.main.TestCaseExecutor.accessMainPhase(TestCaseExecutor.java:293)
	at com.kms.katalon.core.main.TestCaseExecutor.execute(TestCaseExecutor.java:227)
	at com.kms.katalon.core.main.TestSuiteExecutor.accessTestCaseMainPhase(TestSuiteExecutor.java:129)
	at com.kms.katalon.core.main.TestSuiteExecutor.accessTestSuiteMainPhase(TestSuiteExecutor.java:112)
	at com.kms.katalon.core.main.TestSuiteExecutor.execute(TestSuiteExecutor.java:81)
	at com.kms.katalon.core.main.TestCaseMain.startTestSuite(TestCaseMain.java:157)
	at com.kms.katalon.core.main.TestCaseMain$startTestSuite$0.call(Unknown Source)
	at TempTestSuite1553201487437.run(TempTestSuite1553201487437.groovy:35)
"/>
         <system-out><![CDATA[2019-03-21 18:04:56 - [TEST_CASE][FAILED] - Test Cases/Regression BackOffice (All Browsers)/CLNK-23446 - Back office Caregiver Locations: Test Cases/Regression BackOffice (All Browsers)/CLNK-23446 - Back office Caregiver Locations FAILED.
Reason:
com.kms.katalon.core.exception.StepFailedException: Unable to wait for page load
	at com.kms.katalon.core.keyword.internal.KeywordMain.stepFailed(KeywordMain.groovy:48)
	at com.kms.katalon.core.webui.keyword.internal.WebUIKeywordMain.stepFailed(WebUIKeywordMain.groovy:65)
	at com.kms.katalon.core.webui.keyword.internal.WebUIKeywordMain.runKeyword(WebUIKeywordMain.groovy:27)
	at com.kms.katalon.core.webui.keyword.builtin.WaitForPageLoadKeyword.waitForPageLoad(WaitForPageLoadKeyword.groovy:72)
	at com.kms.katalon.core.webui.keyword.builtin.WaitForPageLoadKeyword.execute(WaitForPageLoadKeyword.groovy:67)
	at com.kms.katalon.core.keyword.internal.KeywordExecutor.executeKeywordForPlatform(KeywordExecutor.groovy:56)
	at com.kms.katalon.core.webui.keyword.WebUiBuiltInKeywords.waitForPageLoad(WebUiBuiltInKeywords.groovy:2427)
	at com.kms.katalon.core.webui.keyword.WebUiBuiltInKeywords$waitForPageLoad$0.call(Unknown Source)
	at CLNK-23446 - Back office Caregiver Locations.run(CLNK-23446 - Back office Caregiver Locations:92)
	at com.kms.katalon.core.main.ScriptEngine.run(ScriptEngine.java:194)
	at com.kms.katalon.core.main.ScriptEngine.runScriptAsRawText(ScriptEngine.java:119)
	at com.kms.katalon.core.main.TestCaseExecutor.runScript(TestCaseExecutor.java:331)
	at com.kms.katalon.core.main.TestCaseExecutor.doExecute(TestCaseExecutor.java:322)
	at com.kms.katalon.core.main.TestCaseExecutor.processExecutionPhase(TestCaseExecutor.java:301)
	at com.kms.katalon.core.main.TestCaseExecutor.accessMainPhase(TestCaseExecutor.java:293)
	at com.kms.katalon.core.main.TestCaseExecutor.execute(TestCaseExecutor.java:227)
	at com.kms.katalon.core.main.TestSuiteExecutor.accessTestCaseMainPhase(TestSuiteExecutor.java:129)
	at com.kms.katalon.core.main.TestSuiteExecutor.accessTestSuiteMainPhase(TestSuiteExecutor.java:112)
	at com.kms.katalon.core.main.TestSuiteExecutor.execute(TestSuiteExecutor.java:81)
	at com.kms.katalon.core.main.TestCaseMain.startTestSuite(TestCaseMain.java:157)
	at com.kms.katalon.core.main.TestCaseMain$startTestSuite$0.call(Unknown Source)
	at TempTestSuite1553201487437.run(TempTestSuite1553201487437.groovy:35)


2019-03-21 18:04:56 - [TEST_STEP][PASSED] - callTestCase(findTestCase("Regression BackOffice (All Browsers)/CLNK-23439 - Clink - Back office Client"), [:], STOP_ON_FAILURE): Call Test Case 'Test Cases/Regression BackOffice (All Browsers)/CLNK-23439 - Clink - Back office Client' successfully

2019-03-21 18:04:56 - [TEST_CASE][PASSED] - Test Cases/Regression BackOffice (All Browsers)/CLNK-23439 - Clink - Back office Client: Test Cases/Regression BackOffice (All Browsers)/CLNK-23439 - Clink - Back office Client

2019-03-21 18:04:56 - [TEST_STEP][PASSED] - openBrowser(G_SiteBackOffice): Browser is opened with url: 'http://qanewpoc.continulink.com:81/backoffice/Login.aspx'

2019-03-21 18:04:56 - [MESSAGE][WARNING] - A browser is already opened. Closing browser and opening a new one

2019-03-21 18:04:57 - [MESSAGE][INFO] - Starting 'Chrome' driver

2019-03-21 18:05:03 - [MESSAGE][PASSED] - Browser is opened with url: 'http://qanewpoc.continulink.com:81/backoffice/Login.aspx'

2019-03-21 18:05:03 - [TEST_STEP][PASSED] - waitForPageLoad(60): Wait for page load successfully

2019-03-21 18:05:03 - [MESSAGE][PASSED] - Wait for page load successfully

2019-03-21 18:05:03 - [TEST_STEP][PASSED] - maximizeWindow(): Current window maximized

2019-03-21 18:05:04 - [MESSAGE][PASSED] - Current window maximized

2019-03-21 18:05:04 - [TEST_STEP][PASSED] - setText(findTestObject("Regression BackOffice/Login/UserBackOffice"), G_UserBackOffice): Text 'demo' is set on object 'Object Repository/Regression BackOffice/Login/UserBackOffice'

2019-03-21 18:05:05 - [MESSAGE][PASSED] - Text 'demo' is set on object 'Object Repository/Regression BackOffice/Login/UserBackOffice'

2019-03-21 18:05:05 - [TEST_STEP][PASSED] - setText(findTestObject("Regression BackOffice/Login/PasswordBackOffice"), G_PasswordBackOffice): Text 'qwerty' is set on object 'Object Repository/Regression BackOffice/Login/PasswordBackOffice'

2019-03-21 18:05:05 - [MESSAGE][PASSED] - Text 'qwerty' is set on object 'Object Repository/Regression BackOffice/Login/PasswordBackOffice'

2019-03-21 18:05:05 - [TEST_STEP][PASSED] - click(findTestObject("Regression BackOffice/Login/LoginBackOffice")): Object: 'Object Repository/Regression BackOffice/Login/LoginBackOffice' is clicked on

2019-03-21 18:05:12 - [MESSAGE][PASSED] - Object: 'Object Repository/Regression BackOffice/Login/LoginBackOffice' is clicked on

2019-03-21 18:05:12 - [TEST_STEP][PASSED] - waitForPageLoad(60): Wait for page load successfully

2019-03-21 18:05:12 - [MESSAGE][PASSED] - Wait for page load successfully

2019-03-21 18:05:12 - [TEST_STEP][PASSED] - delay(3): Delayed 3 second(s)

2019-03-21 18:05:15 - [MESSAGE][PASSED] - Delayed 3 second(s)

2019-03-21 18:05:15 - [TEST_STEP][PASSED] - switchToFrame(findTestObject("Regression BackOffice/CLNK-23449/FrameLeft"), 5): null

2019-03-21 18:05:15 - [TEST_STEP][PASSED] - waitForElementPresent(findTestObject("Regression BackOffice/CLNK-23449/ClienIntakeICon"), 60): Object 'Object Repository/Regression BackOffice/CLNK-23449/ClienIntakeICon' is present

2019-03-21 18:05:15 - [MESSAGE][PASSED] - Object 'Object Repository/Regression BackOffice/CLNK-23449/ClienIntakeICon' is present

2019-03-21 18:05:15 - [TEST_STEP][PASSED] - verifyElementPresent(findTestObject("Regression BackOffice/CLNK-23449/ClienIntakeICon"), 100): Object 'Object Repository/Regression BackOffice/CLNK-23449/ClienIntakeICon' is present

2019-03-21 18:05:15 - [MESSAGE][PASSED] - Object 'Object Repository/Regression BackOffice/CLNK-23449/ClienIntakeICon' is present

2019-03-21 18:05:15 - [TEST_STEP][PASSED] - switchToDefaultContent(): null

2019-03-21 18:05:15 - [MESSAGE][PASSED] - Call Test Case 'Test Cases/Regression BackOffice (All Browsers)/CLNK-23439 - Clink - Back office Client' successfully

2019-03-21 18:05:15 - [TEST_STEP][PASSED] - waitForPageLoad(60): Wait for page load successfully

2019-03-21 18:05:15 - [MESSAGE][PASSED] - Wait for page load successfully

2019-03-21 18:05:15 - [TEST_STEP][PASSED] - delay(3): Delayed 3 second(s)

2019-03-21 18:05:18 - [MESSAGE][PASSED] - Delayed 3 second(s)

2019-03-21 18:05:18 - [TEST_STEP][PASSED] - switchToFrame(findTestObject("Regression BackOffice/CLNK-23449/FrameLeft"), 30): null

2019-03-21 18:05:18 - [TEST_STEP][PASSED] - waitForElementPresent(findTestObject("Regression BackOffice/CLNK-23441/Caregiver  HRLink"), 100): Object 'Object Repository/Regression BackOffice/CLNK-23441/Caregiver  HRLink' is present

2019-03-21 18:05:18 - [MESSAGE][PASSED] - Object 'Object Repository/Regression BackOffice/CLNK-23441/Caregiver  HRLink' is present

2019-03-21 18:05:18 - [TEST_STEP][PASSED] - click(findTestObject("Regression BackOffice/CLNK-23441/Caregiver  HRLink")): Object: 'Object Repository/Regression BackOffice/CLNK-23441/Caregiver  HRLink' is clicked on

2019-03-21 18:05:18 - [MESSAGE][PASSED] - Object: 'Object Repository/Regression BackOffice/CLNK-23441/Caregiver  HRLink' is clicked on

2019-03-21 18:05:18 - [TEST_STEP][PASSED] - delay(2): Delayed 2 second(s)

2019-03-21 18:05:20 - [MESSAGE][PASSED] - Delayed 2 second(s)

2019-03-21 18:05:20 - [TEST_STEP][PASSED] - waitForPageLoad(50): Wait for page load successfully

2019-03-21 18:05:20 - [MESSAGE][PASSED] - Wait for page load successfully

2019-03-21 18:05:20 - [TEST_STEP][PASSED] - waitForElementPresent(findTestObject("Regression BackOffice/CLINK-23446/Caregiver Locations"), 50): Object 'Object Repository/Regression BackOffice/CLINK-23446/Caregiver Locations' is present

2019-03-21 18:05:21 - [MESSAGE][PASSED] - Object 'Object Repository/Regression BackOffice/CLINK-23446/Caregiver Locations' is present

2019-03-21 18:05:21 - [TEST_STEP][PASSED] - click(findTestObject("Regression BackOffice/CLINK-23446/Caregiver Locations")): Object: 'Object Repository/Regression BackOffice/CLINK-23446/Caregiver Locations' is clicked on

2019-03-21 18:05:22 - [MESSAGE][PASSED] - Object: 'Object Repository/Regression BackOffice/CLINK-23446/Caregiver Locations' is clicked on

2019-03-21 18:05:22 - [TEST_STEP][PASSED] - delay(2): Delayed 2 second(s)

2019-03-21 18:05:24 - [MESSAGE][PASSED] - Delayed 2 second(s)

2019-03-21 18:05:24 - [TEST_STEP][PASSED] - switchToDefaultContent(): null

2019-03-21 18:05:24 - [TEST_STEP][PASSED] - switchToFrame(findTestObject("Regression BackOffice/CLNK-23449/FrameMain"), 30): null

2019-03-21 18:05:24 - [TEST_STEP][PASSED] - waitForElementPresent(findTestObject("Regression BackOffice/CLNK-10235/FirstNameSearch"), 50): Object 'Object Repository/Regression BackOffice/CLNK-10235/FirstNameSearch' is present

2019-03-21 18:05:24 - [MESSAGE][PASSED] - Object 'Object Repository/Regression BackOffice/CLNK-10235/FirstNameSearch' is present

2019-03-21 18:05:24 - [TEST_STEP][PASSED] - setText(findTestObject("Regression BackOffice/CLNK-10235/FirstNameSearch"), G_23444_CaregiverName): Text 'My' is set on object 'Object Repository/Regression BackOffice/CLNK-10235/FirstNameSearch'

2019-03-21 18:05:25 - [MESSAGE][PASSED] - Text 'My' is set on object 'Object Repository/Regression BackOffice/CLNK-10235/FirstNameSearch'

2019-03-21 18:05:25 - [TEST_STEP][PASSED] - delay(2): Delayed 2 second(s)

2019-03-21 18:05:27 - [MESSAGE][PASSED] - Delayed 2 second(s)

2019-03-21 18:05:27 - [TEST_STEP][PASSED] - waitForElementPresent(findTestObject("Regression BackOffice/CLNK-23441/Last NameHR"), 50): Object 'Object Repository/Regression BackOffice/CLNK-23441/Last NameHR' is present

2019-03-21 18:05:27 - [MESSAGE][PASSED] - Object 'Object Repository/Regression BackOffice/CLNK-23441/Last NameHR' is present

2019-03-21 18:05:27 - [TEST_STEP][PASSED] - setText(findTestObject("Regression BackOffice/CLNK-23441/Last NameHR"), G_23444_CaregiverLast): Text 'Test' is set on object 'Object Repository/Regression BackOffice/CLNK-23441/Last NameHR'

2019-03-21 18:05:27 - [MESSAGE][PASSED] - Text 'Test' is set on object 'Object Repository/Regression BackOffice/CLNK-23441/Last NameHR'

2019-03-21 18:05:27 - [TEST_STEP][PASSED] - delay(2): Delayed 2 second(s)

2019-03-21 18:05:29 - [MESSAGE][PASSED] - Delayed 2 second(s)

2019-03-21 18:05:29 - [TEST_STEP][PASSED] - waitForElementPresent(findTestObject("Regression BackOffice/CLNK-23441/CaregiverSearchButton"), 50): Object 'Object Repository/Regression BackOffice/CLNK-23441/CaregiverSearchButton' is present

2019-03-21 18:05:29 - [MESSAGE][PASSED] - Object 'Object Repository/Regression BackOffice/CLNK-23441/CaregiverSearchButton' is present

2019-03-21 18:05:29 - [TEST_STEP][PASSED] - click(findTestObject("Regression BackOffice/CLNK-23441/CaregiverSearchButton"), STOP_ON_FAILURE): Object: 'Object Repository/Regression BackOffice/CLNK-23441/CaregiverSearchButton' is clicked on

2019-03-21 18:05:31 - [MESSAGE][PASSED] - Object: 'Object Repository/Regression BackOffice/CLNK-23441/CaregiverSearchButton' is clicked on

2019-03-21 18:05:31 - [TEST_STEP][PASSED] - delay(2): Delayed 2 second(s)

2019-03-21 18:05:33 - [MESSAGE][PASSED] - Delayed 2 second(s)

2019-03-21 18:05:33 - [TEST_STEP][PASSED] - waitForElementPresent(findTestObject("Regression BackOffice/CLINK-23442/ClientLink"), 50): Object 'Object Repository/Regression BackOffice/CLINK-23442/ClientLink' is present

2019-03-21 18:05:33 - [MESSAGE][PASSED] - Object 'Object Repository/Regression BackOffice/CLINK-23442/ClientLink' is present

2019-03-21 18:05:33 - [TEST_STEP][PASSED] - click(findTestObject("Regression BackOffice/CLINK-23442/ClientLink"), STOP_ON_FAILURE): Object: 'Object Repository/Regression BackOffice/CLINK-23442/ClientLink' is clicked on

2019-03-21 18:05:35 - [MESSAGE][PASSED] - Object: 'Object Repository/Regression BackOffice/CLINK-23442/ClientLink' is clicked on

2019-03-21 18:05:35 - [TEST_STEP][PASSED] - delay(2): Delayed 2 second(s)

2019-03-21 18:05:37 - [MESSAGE][PASSED] - Delayed 2 second(s)

2019-03-21 18:05:37 - [TEST_STEP][PASSED] - waitForElementPresent(findTestObject("Regression BackOffice/CLINK-23446/NewCaregiverLocation"), 50): Object 'Object Repository/Regression BackOffice/CLINK-23446/NewCaregiverLocation' is present

2019-03-21 18:05:37 - [MESSAGE][PASSED] - Object 'Object Repository/Regression BackOffice/CLINK-23446/NewCaregiverLocation' is present

2019-03-21 18:05:37 - [TEST_STEP][PASSED] - click(findTestObject("Regression BackOffice/CLINK-23446/NewCaregiverLocation"), STOP_ON_FAILURE): Object: 'Object Repository/Regression BackOffice/CLINK-23446/NewCaregiverLocation' is clicked on

2019-03-21 18:05:38 - [MESSAGE][PASSED] - Object: 'Object Repository/Regression BackOffice/CLINK-23446/NewCaregiverLocation' is clicked on

2019-03-21 18:05:38 - [TEST_STEP][PASSED] - delay(2): Delayed 2 second(s)

2019-03-21 18:05:40 - [MESSAGE][PASSED] - Delayed 2 second(s)

2019-03-21 18:05:40 - [TEST_STEP][PASSED] - waitForElementPresent(findTestObject("Regression BackOffice/CLINK-23446/ZoneName"), 50): Object 'Object Repository/Regression BackOffice/CLINK-23446/ZoneName' is present

2019-03-21 18:05:40 - [MESSAGE][PASSED] - Object 'Object Repository/Regression BackOffice/CLINK-23446/ZoneName' is present

2019-03-21 18:05:40 - [TEST_STEP][PASSED] - click(findTestObject("Regression BackOffice/CLINK-23446/ZoneName"), STOP_ON_FAILURE): Object: 'Object Repository/Regression BackOffice/CLINK-23446/ZoneName' is clicked on

2019-03-21 18:05:40 - [MESSAGE][PASSED] - Object: 'Object Repository/Regression BackOffice/CLINK-23446/ZoneName' is clicked on

2019-03-21 18:05:40 - [TEST_STEP][PASSED] - sendKeys(findTestObject("Regression BackOffice/CLINK-23446/ZoneName"), Keys.chord(ARROW_DOWN, ARROW_DOWN, ARROW_DOWN, ENTER)): Keys 'DOWN + DOWN + DOWN + ENTER + ' sent to object: 'Object Repository/Regression BackOffice/CLINK-23446/ZoneName'

2019-03-21 18:05:40 - [MESSAGE][PASSED] - Keys 'DOWN + DOWN + DOWN + ENTER + ' sent to object: 'Object Repository/Regression BackOffice/CLINK-23446/ZoneName'

2019-03-21 18:05:40 - [TEST_STEP][PASSED] - delay(2): Delayed 2 second(s)

2019-03-21 18:05:42 - [MESSAGE][PASSED] - Delayed 2 second(s)

2019-03-21 18:05:42 - [TEST_STEP][PASSED] - waitForElementPresent(findTestObject("Regression BackOffice/CLINK-23446/li_Location"), 50): Object 'Object Repository/Regression BackOffice/CLINK-23446/li_Location' is present

2019-03-21 18:05:42 - [MESSAGE][PASSED] - Object 'Object Repository/Regression BackOffice/CLINK-23446/li_Location' is present

2019-03-21 18:05:42 - [TEST_STEP][PASSED] - doubleClick(findTestObject("Regression BackOffice/CLINK-23446/li_Location")): Object: 'Object Repository/Regression BackOffice/CLINK-23446/li_Location' is double clicked on

2019-03-21 18:05:42 - [MESSAGE][PASSED] - Object: 'Object Repository/Regression BackOffice/CLINK-23446/li_Location' is double clicked on

2019-03-21 18:05:42 - [TEST_STEP][PASSED] - delay(2): Delayed 2 second(s)

2019-03-21 18:05:44 - [MESSAGE][PASSED] - Delayed 2 second(s)

2019-03-21 18:05:44 - [TEST_STEP][PASSED] - waitForElementPresent(findTestObject("Regression BackOffice/CLINK-23446/a_Add To List"), 50): Object 'Object Repository/Regression BackOffice/CLINK-23446/a_Add To List' is present

2019-03-21 18:05:45 - [MESSAGE][PASSED] - Object 'Object Repository/Regression BackOffice/CLINK-23446/a_Add To List' is present

2019-03-21 18:05:45 - [TEST_STEP][PASSED] - click(findTestObject("Regression BackOffice/CLINK-23446/a_Add To List"), STOP_ON_FAILURE): Object: 'Object Repository/Regression BackOffice/CLINK-23446/a_Add To List' is clicked on

2019-03-21 18:05:45 - [MESSAGE][PASSED] - Object: 'Object Repository/Regression BackOffice/CLINK-23446/a_Add To List' is clicked on

2019-03-21 18:05:45 - [TEST_STEP][FAILED] - waitForPageLoad(50): waitForPageLoad(50) FAILED.
Reason:
com.kms.katalon.core.exception.StepFailedException: Unable to wait for page load
	at com.kms.katalon.core.keyword.internal.KeywordMain.stepFailed(KeywordMain.groovy:48)
	at com.kms.katalon.core.webui.keyword.internal.WebUIKeywordMain.stepFailed(WebUIKeywordMain.groovy:65)
	at com.kms.katalon.core.webui.keyword.internal.WebUIKeywordMain.runKeyword(WebUIKeywordMain.groovy:27)
	at com.kms.katalon.core.webui.keyword.builtin.WaitForPageLoadKeyword.waitForPageLoad(WaitForPageLoadKeyword.groovy:72)
	at com.kms.katalon.core.webui.keyword.builtin.WaitForPageLoadKeyword.execute(WaitForPageLoadKeyword.groovy:67)
	at com.kms.katalon.core.keyword.internal.KeywordExecutor.executeKeywordForPlatform(KeywordExecutor.groovy:56)
	at com.kms.katalon.core.webui.keyword.WebUiBuiltInKeywords.waitForPageLoad(WebUiBuiltInKeywords.groovy:2427)
	at com.kms.katalon.core.webui.keyword.WebUiBuiltInKeywords$waitForPageLoad$0.call(Unknown Source)
	at CLNK-23446 - Back office Caregiver Locations.run(CLNK-23446 - Back office Caregiver Locations:92)
	at com.kms.katalon.core.main.ScriptEngine.run(ScriptEngine.java:194)
	at com.kms.katalon.core.main.ScriptEngine.runScriptAsRawText(ScriptEngine.java:119)
	at com.kms.katalon.core.main.TestCaseExecutor.runScript(TestCaseExecutor.java:331)
	at com.kms.katalon.core.main.TestCaseExecutor.doExecute(TestCaseExecutor.java:322)
	at com.kms.katalon.core.main.TestCaseExecutor.processExecutionPhase(TestCaseExecutor.java:301)
	at com.kms.katalon.core.main.TestCaseExecutor.accessMainPhase(TestCaseExecutor.java:293)
	at com.kms.katalon.core.main.TestCaseExecutor.execute(TestCaseExecutor.java:227)
	at com.kms.katalon.core.main.TestSuiteExecutor.accessTestCaseMainPhase(TestSuiteExecutor.java:129)
	at com.kms.katalon.core.main.TestSuiteExecutor.accessTestSuiteMainPhase(TestSuiteExecutor.java:112)
	at com.kms.katalon.core.main.TestSuiteExecutor.execute(TestSuiteExecutor.java:81)
	at com.kms.katalon.core.main.TestCaseMain.startTestSuite(TestCaseMain.java:157)
	at com.kms.katalon.core.main.TestCaseMain$startTestSuite$0.call(Unknown Source)
	at TempTestSuite1553201487437.run(TempTestSuite1553201487437.groovy:35)


2019-03-21 18:05:45 - [MESSAGE][WARNING] - Cannot take screenshot

2019-03-21 18:05:45 - [MESSAGE][FAILED] - Unable to wait for page load

2019-03-21 18:05:45 - [MESSAGE][FAILED] - waitForPageLoad(50) FAILED.
Reason:
com.kms.katalon.core.exception.StepFailedException: Unable to wait for page load
	at com.kms.katalon.core.keyword.internal.KeywordMain.stepFailed(KeywordMain.groovy:48)
	at com.kms.katalon.core.webui.keyword.internal.WebUIKeywordMain.stepFailed(WebUIKeywordMain.groovy:65)
	at com.kms.katalon.core.webui.keyword.internal.WebUIKeywordMain.runKeyword(WebUIKeywordMain.groovy:27)
	at com.kms.katalon.core.webui.keyword.builtin.WaitForPageLoadKeyword.waitForPageLoad(WaitForPageLoadKeyword.groovy:72)
	at com.kms.katalon.core.webui.keyword.builtin.WaitForPageLoadKeyword.execute(WaitForPageLoadKeyword.groovy:67)
	at com.kms.katalon.core.keyword.internal.KeywordExecutor.executeKeywordForPlatform(KeywordExecutor.groovy:56)
	at com.kms.katalon.core.webui.keyword.WebUiBuiltInKeywords.waitForPageLoad(WebUiBuiltInKeywords.groovy:2427)
	at com.kms.katalon.core.webui.keyword.WebUiBuiltInKeywords$waitForPageLoad$0.call(Unknown Source)
	at CLNK-23446 - Back office Caregiver Locations.run(CLNK-23446 - Back office Caregiver Locations:92)
	at com.kms.katalon.core.main.ScriptEngine.run(ScriptEngine.java:194)
	at com.kms.katalon.core.main.ScriptEngine.runScriptAsRawText(ScriptEngine.java:119)
	at com.kms.katalon.core.main.TestCaseExecutor.runScript(TestCaseExecutor.java:331)
	at com.kms.katalon.core.main.TestCaseExecutor.doExecute(TestCaseExecutor.java:322)
	at com.kms.katalon.core.main.TestCaseExecutor.processExecutionPhase(TestCaseExecutor.java:301)
	at com.kms.katalon.core.main.TestCaseExecutor.accessMainPhase(TestCaseExecutor.java:293)
	at com.kms.katalon.core.main.TestCaseExecutor.execute(TestCaseExecutor.java:227)
	at com.kms.katalon.core.main.TestSuiteExecutor.accessTestCaseMainPhase(TestSuiteExecutor.java:129)
	at com.kms.katalon.core.main.TestSuiteExecutor.accessTestSuiteMainPhase(TestSuiteExecutor.java:112)
	at com.kms.katalon.core.main.TestSuiteExecutor.execute(TestSuiteExecutor.java:81)
	at com.kms.katalon.core.main.TestCaseMain.startTestSuite(TestCaseMain.java:157)
	at com.kms.katalon.core.main.TestCaseMain$startTestSuite$0.call(Unknown Source)
	at TempTestSuite1553201487437.run(TempTestSuite1553201487437.groovy:35)]]></system-out>
         <system-err><![CDATA[2019-03-21 18:04:56 - [TEST_CASE][FAILED] - Test Cases/Regression BackOffice (All Browsers)/CLNK-23446 - Back office Caregiver Locations: Test Cases/Regression BackOffice (All Browsers)/CLNK-23446 - Back office Caregiver Locations FAILED.
Reason:
com.kms.katalon.core.exception.StepFailedException: Unable to wait for page load
	at com.kms.katalon.core.keyword.internal.KeywordMain.stepFailed(KeywordMain.groovy:48)
	at com.kms.katalon.core.webui.keyword.internal.WebUIKeywordMain.stepFailed(WebUIKeywordMain.groovy:65)
	at com.kms.katalon.core.webui.keyword.internal.WebUIKeywordMain.runKeyword(WebUIKeywordMain.groovy:27)
	at com.kms.katalon.core.webui.keyword.builtin.WaitForPageLoadKeyword.waitForPageLoad(WaitForPageLoadKeyword.groovy:72)
	at com.kms.katalon.core.webui.keyword.builtin.WaitForPageLoadKeyword.execute(WaitForPageLoadKeyword.groovy:67)
	at com.kms.katalon.core.keyword.internal.KeywordExecutor.executeKeywordForPlatform(KeywordExecutor.groovy:56)
	at com.kms.katalon.core.webui.keyword.WebUiBuiltInKeywords.waitForPageLoad(WebUiBuiltInKeywords.groovy:2427)
	at com.kms.katalon.core.webui.keyword.WebUiBuiltInKeywords$waitForPageLoad$0.call(Unknown Source)
	at CLNK-23446 - Back office Caregiver Locations.run(CLNK-23446 - Back office Caregiver Locations:92)
	at com.kms.katalon.core.main.ScriptEngine.run(ScriptEngine.java:194)
	at com.kms.katalon.core.main.ScriptEngine.runScriptAsRawText(ScriptEngine.java:119)
	at com.kms.katalon.core.main.TestCaseExecutor.runScript(TestCaseExecutor.java:331)
	at com.kms.katalon.core.main.TestCaseExecutor.doExecute(TestCaseExecutor.java:322)
	at com.kms.katalon.core.main.TestCaseExecutor.processExecutionPhase(TestCaseExecutor.java:301)
	at com.kms.katalon.core.main.TestCaseExecutor.accessMainPhase(TestCaseExecutor.java:293)
	at com.kms.katalon.core.main.TestCaseExecutor.execute(TestCaseExecutor.java:227)
	at com.kms.katalon.core.main.TestSuiteExecutor.accessTestCaseMainPhase(TestSuiteExecutor.java:129)
	at com.kms.katalon.core.main.TestSuiteExecutor.accessTestSuiteMainPhase(TestSuiteExecutor.java:112)
	at com.kms.katalon.core.main.TestSuiteExecutor.execute(TestSuiteExecutor.java:81)
	at com.kms.katalon.core.main.TestCaseMain.startTestSuite(TestCaseMain.java:157)
	at com.kms.katalon.core.main.TestCaseMain$startTestSuite$0.call(Unknown Source)
	at TempTestSuite1553201487437.run(TempTestSuite1553201487437.groovy:35)]]></system-err>
      </testcase>
      <testcase name="Test Cases/Regression BackOffice (All Browsers)/CLNK-23447 - Back office Caregiver Demographics" classname="Test Cases/Regression BackOffice (All Browsers)/CLNK-23447 - Back office Caregiver Demographics" status="PASSED">
         <system-out><![CDATA[2019-03-21 18:05:47 - [TEST_CASE][PASSED] - Test Cases/Regression BackOffice (All Browsers)/CLNK-23447 - Back office Caregiver Demographics: Test Cases/Regression BackOffice (All Browsers)/CLNK-23447 - Back office Caregiver Demographics

2019-03-21 18:05:47 - [TEST_STEP][PASSED] - callTestCase(findTestCase("Regression BackOffice (All Browsers)/CLNK-23439 - Clink - Back office Client"), [:], STOP_ON_FAILURE): Call Test Case 'Test Cases/Regression BackOffice (All Browsers)/CLNK-23439 - Clink - Back office Client' successfully

2019-03-21 18:05:48 - [TEST_CASE][PASSED] - Test Cases/Regression BackOffice (All Browsers)/CLNK-23439 - Clink - Back office Client: Test Cases/Regression BackOffice (All Browsers)/CLNK-23439 - Clink - Back office Client

2019-03-21 18:05:48 - [TEST_STEP][PASSED] - openBrowser(G_SiteBackOffice): Browser is opened with url: 'http://qanewpoc.continulink.com:81/backoffice/Login.aspx'

2019-03-21 18:05:48 - [MESSAGE][WARNING] - A browser is already opened. Closing browser and opening a new one

2019-03-21 18:05:49 - [MESSAGE][INFO] - Starting 'Chrome' driver

2019-03-21 18:05:55 - [MESSAGE][PASSED] - Browser is opened with url: 'http://qanewpoc.continulink.com:81/backoffice/Login.aspx'

2019-03-21 18:05:55 - [TEST_STEP][PASSED] - waitForPageLoad(60): Wait for page load successfully

2019-03-21 18:05:55 - [MESSAGE][PASSED] - Wait for page load successfully

2019-03-21 18:05:55 - [TEST_STEP][PASSED] - maximizeWindow(): Current window maximized

2019-03-21 18:05:56 - [MESSAGE][PASSED] - Current window maximized

2019-03-21 18:05:56 - [TEST_STEP][PASSED] - setText(findTestObject("Regression BackOffice/Login/UserBackOffice"), G_UserBackOffice): Text 'demo' is set on object 'Object Repository/Regression BackOffice/Login/UserBackOffice'

2019-03-21 18:05:56 - [MESSAGE][PASSED] - Text 'demo' is set on object 'Object Repository/Regression BackOffice/Login/UserBackOffice'

2019-03-21 18:05:56 - [TEST_STEP][PASSED] - setText(findTestObject("Regression BackOffice/Login/PasswordBackOffice"), G_PasswordBackOffice): Text 'qwerty' is set on object 'Object Repository/Regression BackOffice/Login/PasswordBackOffice'

2019-03-21 18:05:57 - [MESSAGE][PASSED] - Text 'qwerty' is set on object 'Object Repository/Regression BackOffice/Login/PasswordBackOffice'

2019-03-21 18:05:57 - [TEST_STEP][PASSED] - click(findTestObject("Regression BackOffice/Login/LoginBackOffice")): Object: 'Object Repository/Regression BackOffice/Login/LoginBackOffice' is clicked on

2019-03-21 18:06:04 - [MESSAGE][PASSED] - Object: 'Object Repository/Regression BackOffice/Login/LoginBackOffice' is clicked on

2019-03-21 18:06:04 - [TEST_STEP][PASSED] - waitForPageLoad(60): Wait for page load successfully

2019-03-21 18:06:04 - [MESSAGE][PASSED] - Wait for page load successfully

2019-03-21 18:06:04 - [TEST_STEP][PASSED] - delay(3): Delayed 3 second(s)

2019-03-21 18:06:07 - [MESSAGE][PASSED] - Delayed 3 second(s)

2019-03-21 18:06:07 - [TEST_STEP][PASSED] - switchToFrame(findTestObject("Regression BackOffice/CLNK-23449/FrameLeft"), 5): null

2019-03-21 18:06:07 - [TEST_STEP][PASSED] - waitForElementPresent(findTestObject("Regression BackOffice/CLNK-23449/ClienIntakeICon"), 60): Object 'Object Repository/Regression BackOffice/CLNK-23449/ClienIntakeICon' is present

2019-03-21 18:06:07 - [MESSAGE][PASSED] - Object 'Object Repository/Regression BackOffice/CLNK-23449/ClienIntakeICon' is present

2019-03-21 18:06:07 - [TEST_STEP][PASSED] - verifyElementPresent(findTestObject("Regression BackOffice/CLNK-23449/ClienIntakeICon"), 100): Object 'Object Repository/Regression BackOffice/CLNK-23449/ClienIntakeICon' is present

2019-03-21 18:06:07 - [MESSAGE][PASSED] - Object 'Object Repository/Regression BackOffice/CLNK-23449/ClienIntakeICon' is present

2019-03-21 18:06:07 - [TEST_STEP][PASSED] - switchToDefaultContent(): null

2019-03-21 18:06:07 - [MESSAGE][PASSED] - Call Test Case 'Test Cases/Regression BackOffice (All Browsers)/CLNK-23439 - Clink - Back office Client' successfully

2019-03-21 18:06:07 - [TEST_STEP][PASSED] - waitForPageLoad(60): Wait for page load successfully

2019-03-21 18:06:07 - [MESSAGE][PASSED] - Wait for page load successfully

2019-03-21 18:06:07 - [TEST_STEP][PASSED] - delay(3): Delayed 3 second(s)

2019-03-21 18:06:10 - [MESSAGE][PASSED] - Delayed 3 second(s)

2019-03-21 18:06:10 - [TEST_STEP][PASSED] - switchToFrame(findTestObject("Regression BackOffice/CLNK-23449/FrameLeft"), 30): null

2019-03-21 18:06:10 - [TEST_STEP][PASSED] - waitForElementPresent(findTestObject("Regression BackOffice/CLNK-23441/Caregiver  HRLink"), 100): Object 'Object Repository/Regression BackOffice/CLNK-23441/Caregiver  HRLink' is present

2019-03-21 18:06:10 - [MESSAGE][PASSED] - Object 'Object Repository/Regression BackOffice/CLNK-23441/Caregiver  HRLink' is present

2019-03-21 18:06:10 - [TEST_STEP][PASSED] - click(findTestObject("Regression BackOffice/CLNK-23441/Caregiver  HRLink")): Object: 'Object Repository/Regression BackOffice/CLNK-23441/Caregiver  HRLink' is clicked on

2019-03-21 18:06:11 - [MESSAGE][PASSED] - Object: 'Object Repository/Regression BackOffice/CLNK-23441/Caregiver  HRLink' is clicked on

2019-03-21 18:06:11 - [TEST_STEP][PASSED] - delay(2): Delayed 2 second(s)

2019-03-21 18:06:13 - [MESSAGE][PASSED] - Delayed 2 second(s)

2019-03-21 18:06:13 - [TEST_STEP][PASSED] - waitForPageLoad(50): Wait for page load successfully

2019-03-21 18:06:13 - [MESSAGE][PASSED] - Wait for page load successfully

2019-03-21 18:06:13 - [TEST_STEP][PASSED] - waitForElementPresent(findTestObject("Regression BackOffice/CLINK-23447/Caregiver Demographics"), 50): Object 'Object Repository/Regression BackOffice/CLINK-23447/Caregiver Demographics' is present

2019-03-21 18:06:13 - [MESSAGE][PASSED] - Object 'Object Repository/Regression BackOffice/CLINK-23447/Caregiver Demographics' is present

2019-03-21 18:06:13 - [TEST_STEP][PASSED] - click(findTestObject("Regression BackOffice/CLINK-23447/Caregiver Demographics")): Object: 'Object Repository/Regression BackOffice/CLINK-23447/Caregiver Demographics' is clicked on

2019-03-21 18:06:14 - [MESSAGE][PASSED] - Object: 'Object Repository/Regression BackOffice/CLINK-23447/Caregiver Demographics' is clicked on

2019-03-21 18:06:14 - [TEST_STEP][PASSED] - delay(2): Delayed 2 second(s)

2019-03-21 18:06:16 - [MESSAGE][PASSED] - Delayed 2 second(s)

2019-03-21 18:06:16 - [TEST_STEP][PASSED] - switchToDefaultContent(): null

2019-03-21 18:06:16 - [TEST_STEP][PASSED] - switchToFrame(findTestObject("Regression BackOffice/CLNK-23449/FrameMain"), 30): null

2019-03-21 18:06:16 - [TEST_STEP][PASSED] - waitForElementPresent(findTestObject("Regression BackOffice/CLNK-10235/FirstNameSearch"), 50): Object 'Object Repository/Regression BackOffice/CLNK-10235/FirstNameSearch' is present

2019-03-21 18:06:16 - [MESSAGE][PASSED] - Object 'Object Repository/Regression BackOffice/CLNK-10235/FirstNameSearch' is present

2019-03-21 18:06:16 - [TEST_STEP][PASSED] - setText(findTestObject("Regression BackOffice/CLNK-10235/FirstNameSearch"), G_23444_CaregiverName): Text 'My' is set on object 'Object Repository/Regression BackOffice/CLNK-10235/FirstNameSearch'

2019-03-21 18:06:17 - [MESSAGE][PASSED] - Text 'My' is set on object 'Object Repository/Regression BackOffice/CLNK-10235/FirstNameSearch'

2019-03-21 18:06:17 - [TEST_STEP][PASSED] - delay(2): Delayed 2 second(s)

2019-03-21 18:06:19 - [MESSAGE][PASSED] - Delayed 2 second(s)

2019-03-21 18:06:19 - [TEST_STEP][PASSED] - waitForElementPresent(findTestObject("Regression BackOffice/CLNK-23441/Last NameHR"), 50): Object 'Object Repository/Regression BackOffice/CLNK-23441/Last NameHR' is present

2019-03-21 18:06:19 - [MESSAGE][PASSED] - Object 'Object Repository/Regression BackOffice/CLNK-23441/Last NameHR' is present

2019-03-21 18:06:19 - [TEST_STEP][PASSED] - setText(findTestObject("Regression BackOffice/CLNK-23441/Last NameHR"), G_23444_CaregiverLast): Text 'Test' is set on object 'Object Repository/Regression BackOffice/CLNK-23441/Last NameHR'

2019-03-21 18:06:19 - [MESSAGE][PASSED] - Text 'Test' is set on object 'Object Repository/Regression BackOffice/CLNK-23441/Last NameHR'

2019-03-21 18:06:19 - [TEST_STEP][PASSED] - delay(2): Delayed 2 second(s)

2019-03-21 18:06:21 - [MESSAGE][PASSED] - Delayed 2 second(s)

2019-03-21 18:06:21 - [TEST_STEP][PASSED] - waitForElementPresent(findTestObject("Regression BackOffice/CLNK-23441/CaregiverSearchButton"), 50): Object 'Object Repository/Regression BackOffice/CLNK-23441/CaregiverSearchButton' is present

2019-03-21 18:06:21 - [MESSAGE][PASSED] - Object 'Object Repository/Regression BackOffice/CLNK-23441/CaregiverSearchButton' is present

2019-03-21 18:06:21 - [TEST_STEP][PASSED] - click(findTestObject("Regression BackOffice/CLNK-23441/CaregiverSearchButton"), STOP_ON_FAILURE): Object: 'Object Repository/Regression BackOffice/CLNK-23441/CaregiverSearchButton' is clicked on

2019-03-21 18:06:22 - [MESSAGE][PASSED] - Object: 'Object Repository/Regression BackOffice/CLNK-23441/CaregiverSearchButton' is clicked on

2019-03-21 18:06:22 - [TEST_STEP][PASSED] - delay(2): Delayed 2 second(s)

2019-03-21 18:06:24 - [MESSAGE][PASSED] - Delayed 2 second(s)

2019-03-21 18:06:24 - [TEST_STEP][PASSED] - waitForElementPresent(findTestObject("Regression BackOffice/CLINK-23442/ClientLink"), 50): Object 'Object Repository/Regression BackOffice/CLINK-23442/ClientLink' is present

2019-03-21 18:06:24 - [MESSAGE][PASSED] - Object 'Object Repository/Regression BackOffice/CLINK-23442/ClientLink' is present

2019-03-21 18:06:24 - [TEST_STEP][PASSED] - click(findTestObject("Regression BackOffice/CLINK-23442/ClientLink"), STOP_ON_FAILURE): Object: 'Object Repository/Regression BackOffice/CLINK-23442/ClientLink' is clicked on

2019-03-21 18:06:27 - [MESSAGE][PASSED] - Object: 'Object Repository/Regression BackOffice/CLINK-23442/ClientLink' is clicked on

2019-03-21 18:06:27 - [TEST_STEP][PASSED] - delay(2): Delayed 2 second(s)

2019-03-21 18:06:29 - [MESSAGE][PASSED] - Delayed 2 second(s)

2019-03-21 18:06:29 - [TEST_STEP][PASSED] - waitForPageLoad(0): Wait for page load successfully

2019-03-21 18:06:29 - [MESSAGE][WARNING] - Timeout '0' is invalid. Using default page load timeout: '30'

2019-03-21 18:06:29 - [MESSAGE][PASSED] - Wait for page load successfully

2019-03-21 18:06:29 - [TEST_STEP][PASSED] - waitForElementPresent(findTestObject("Regression BackOffice/CLINK-23447/DateSent"), 50): Object 'Object Repository/Regression BackOffice/CLINK-23447/DateSent' is present

2019-03-21 18:06:29 - [MESSAGE][PASSED] - Object 'Object Repository/Regression BackOffice/CLINK-23447/DateSent' is present

2019-03-21 18:06:29 - [TEST_STEP][PASSED] - setText(findTestObject("Regression BackOffice/CLINK-23447/DateSent"), getDate.DateUtilities.getDateMonthDayYearNumberwithSlash()): Text '03/21/2019' is set on object 'Object Repository/Regression BackOffice/CLINK-23447/DateSent'

2019-03-21 18:06:29 - [MESSAGE][PASSED] - getDate.DateUtilities.getDateMonthDayYearNumberwithSlash is PASSED

2019-03-21 18:06:30 - [MESSAGE][PASSED] - Text '03/21/2019' is set on object 'Object Repository/Regression BackOffice/CLINK-23447/DateSent'

2019-03-21 18:06:30 - [TEST_STEP][PASSED] - delay(4): Delayed 4 second(s)

2019-03-21 18:06:34 - [MESSAGE][PASSED] - Delayed 4 second(s)

2019-03-21 18:06:34 - [TEST_STEP][PASSED] - waitForElementPresent(findTestObject("Regression BackOffice/CLINK-23447/DateReceived"), 50): Object 'Object Repository/Regression BackOffice/CLINK-23447/DateReceived' is present

2019-03-21 18:06:34 - [MESSAGE][PASSED] - Object 'Object Repository/Regression BackOffice/CLINK-23447/DateReceived' is present

2019-03-21 18:06:34 - [TEST_STEP][PASSED] - setText(findTestObject("Regression BackOffice/CLINK-23447/DateReceived"), getDate.DateUtilities.getDateMonthDayYearNumberwithSlash()): Text '03/21/2019' is set on object 'Object Repository/Regression BackOffice/CLINK-23447/DateReceived'

2019-03-21 18:06:34 - [MESSAGE][PASSED] - getDate.DateUtilities.getDateMonthDayYearNumberwithSlash is PASSED

2019-03-21 18:06:35 - [MESSAGE][PASSED] - Text '03/21/2019' is set on object 'Object Repository/Regression BackOffice/CLINK-23447/DateReceived'

2019-03-21 18:06:35 - [TEST_STEP][PASSED] - delay(4): Delayed 4 second(s)

2019-03-21 18:06:39 - [MESSAGE][PASSED] - Delayed 4 second(s)

2019-03-21 18:06:39 - [TEST_STEP][PASSED] - waitForElementPresent(findTestObject("Regression BackOffice/CLINK-23447/CheckCompletedDate"), 50): Object 'Object Repository/Regression BackOffice/CLINK-23447/CheckCompletedDate' is present

2019-03-21 18:06:39 - [MESSAGE][PASSED] - Object 'Object Repository/Regression BackOffice/CLINK-23447/CheckCompletedDate' is present

2019-03-21 18:06:39 - [TEST_STEP][PASSED] - setText(findTestObject("Regression BackOffice/CLINK-23447/CheckCompletedDate"), getDate.DateUtilities.getDateMonthDayYearNumberwithSlash()): Text '03/21/2019' is set on object 'Object Repository/Regression BackOffice/CLINK-23447/CheckCompletedDate'

2019-03-21 18:06:39 - [MESSAGE][PASSED] - getDate.DateUtilities.getDateMonthDayYearNumberwithSlash is PASSED

2019-03-21 18:06:40 - [MESSAGE][PASSED] - Text '03/21/2019' is set on object 'Object Repository/Regression BackOffice/CLINK-23447/CheckCompletedDate'

2019-03-21 18:06:40 - [TEST_STEP][PASSED] - delay(4): Delayed 4 second(s)

2019-03-21 18:06:44 - [MESSAGE][PASSED] - Delayed 4 second(s)

2019-03-21 18:06:44 - [TEST_STEP][PASSED] - switchToDefaultContent(): null

2019-03-21 18:06:44 - [TEST_STEP][PASSED] - switchToFrame(findTestObject("Regression BackOffice/CLINK-23444/BannerFrameAtt"), 30): null

2019-03-21 18:06:44 - [TEST_STEP][PASSED] - waitForElementPresent(findTestObject("Regression BackOffice/CLINK-23446/SaveButton"), 50): Object 'Object Repository/Regression BackOffice/CLINK-23446/SaveButton' is present

2019-03-21 18:06:44 - [MESSAGE][PASSED] - Object 'Object Repository/Regression BackOffice/CLINK-23446/SaveButton' is present

2019-03-21 18:06:44 - [TEST_STEP][PASSED] - click(findTestObject("Regression BackOffice/CLINK-23446/SaveButton")): Object: 'Object Repository/Regression BackOffice/CLINK-23446/SaveButton' is clicked on

2019-03-21 18:06:49 - [MESSAGE][PASSED] - Object: 'Object Repository/Regression BackOffice/CLINK-23446/SaveButton' is clicked on

2019-03-21 18:06:49 - [TEST_STEP][PASSED] - delay(2): Delayed 2 second(s)

2019-03-21 18:06:51 - [MESSAGE][PASSED] - Delayed 2 second(s)]]></system-out>
         <system-err><![CDATA[]]></system-err>
      </testcase>
      <testcase name="Test Cases/Regression BackOffice (All Browsers)/CLNK-23448 - Back office Setup Caregiver Remote Login" classname="Test Cases/Regression BackOffice (All Browsers)/CLNK-23448 - Back office Setup Caregiver Remote Login" status="FAILED">
         <failure type="FAILED" message="Test Cases/Regression BackOffice (All Browsers)/CLNK-23448 - Back office Setup Caregiver Remote Login FAILED.
Reason:
com.kms.katalon.core.exception.StepFailedException: Unable to wait for object 'Object Repository/Regression BackOffice/CLINK-23448/New Password' to be present
	at com.kms.katalon.core.keyword.internal.KeywordMain.stepFailed(KeywordMain.groovy:48)
	at com.kms.katalon.core.webui.keyword.internal.WebUIKeywordMain.stepFailed(WebUIKeywordMain.groovy:65)
	at com.kms.katalon.core.webui.keyword.internal.WebUIKeywordMain.runKeyword(WebUIKeywordMain.groovy:27)
	at com.kms.katalon.core.webui.keyword.builtin.WaitForElementPresentKeyword.waitForElementPresent(WaitForElementPresentKeyword.groovy:95)
	at com.kms.katalon.core.webui.keyword.builtin.WaitForElementPresentKeyword.execute(WaitForElementPresentKeyword.groovy:68)
	at com.kms.katalon.core.keyword.internal.KeywordExecutor.executeKeywordForPlatform(KeywordExecutor.groovy:56)
	at com.kms.katalon.core.webui.keyword.WebUiBuiltInKeywords.waitForElementPresent(WebUiBuiltInKeywords.groovy:343)
	at com.kms.katalon.core.webui.keyword.WebUiBuiltInKeywords$waitForElementPresent$5.call(Unknown Source)
	at CLNK-23448 - Back office Setup Caregiver Remote Login.run(CLNK-23448 - Back office Setup Caregiver Remote Login:53)
	at com.kms.katalon.core.main.ScriptEngine.run(ScriptEngine.java:194)
	at com.kms.katalon.core.main.ScriptEngine.runScriptAsRawText(ScriptEngine.java:119)
	at com.kms.katalon.core.main.TestCaseExecutor.runScript(TestCaseExecutor.java:331)
	at com.kms.katalon.core.main.TestCaseExecutor.doExecute(TestCaseExecutor.java:322)
	at com.kms.katalon.core.main.TestCaseExecutor.processExecutionPhase(TestCaseExecutor.java:301)
	at com.kms.katalon.core.main.TestCaseExecutor.accessMainPhase(TestCaseExecutor.java:293)
	at com.kms.katalon.core.main.TestCaseExecutor.execute(TestCaseExecutor.java:227)
	at com.kms.katalon.core.main.TestSuiteExecutor.accessTestCaseMainPhase(TestSuiteExecutor.java:129)
	at com.kms.katalon.core.main.TestSuiteExecutor.accessTestSuiteMainPhase(TestSuiteExecutor.java:112)
	at com.kms.katalon.core.main.TestSuiteExecutor.execute(TestSuiteExecutor.java:81)
	at com.kms.katalon.core.main.TestCaseMain.startTestSuite(TestCaseMain.java:157)
	at com.kms.katalon.core.main.TestCaseMain$startTestSuite$0.call(Unknown Source)
	at TempTestSuite1553201487437.run(TempTestSuite1553201487437.groovy:35)
"/>
         <system-out><![CDATA[2019-03-21 18:06:53 - [TEST_CASE][FAILED] - Test Cases/Regression BackOffice (All Browsers)/CLNK-23448 - Back office Setup Caregiver Remote Login: Test Cases/Regression BackOffice (All Browsers)/CLNK-23448 - Back office Setup Caregiver Remote Login FAILED.
Reason:
com.kms.katalon.core.exception.StepFailedException: Unable to wait for object 'Object Repository/Regression BackOffice/CLINK-23448/New Password' to be present
	at com.kms.katalon.core.keyword.internal.KeywordMain.stepFailed(KeywordMain.groovy:48)
	at com.kms.katalon.core.webui.keyword.internal.WebUIKeywordMain.stepFailed(WebUIKeywordMain.groovy:65)
	at com.kms.katalon.core.webui.keyword.internal.WebUIKeywordMain.runKeyword(WebUIKeywordMain.groovy:27)
	at com.kms.katalon.core.webui.keyword.builtin.WaitForElementPresentKeyword.waitForElementPresent(WaitForElementPresentKeyword.groovy:95)
	at com.kms.katalon.core.webui.keyword.builtin.WaitForElementPresentKeyword.execute(WaitForElementPresentKeyword.groovy:68)
	at com.kms.katalon.core.keyword.internal.KeywordExecutor.executeKeywordForPlatform(KeywordExecutor.groovy:56)
	at com.kms.katalon.core.webui.keyword.WebUiBuiltInKeywords.waitForElementPresent(WebUiBuiltInKeywords.groovy:343)
	at com.kms.katalon.core.webui.keyword.WebUiBuiltInKeywords$waitForElementPresent$5.call(Unknown Source)
	at CLNK-23448 - Back office Setup Caregiver Remote Login.run(CLNK-23448 - Back office Setup Caregiver Remote Login:53)
	at com.kms.katalon.core.main.ScriptEngine.run(ScriptEngine.java:194)
	at com.kms.katalon.core.main.ScriptEngine.runScriptAsRawText(ScriptEngine.java:119)
	at com.kms.katalon.core.main.TestCaseExecutor.runScript(TestCaseExecutor.java:331)
	at com.kms.katalon.core.main.TestCaseExecutor.doExecute(TestCaseExecutor.java:322)
	at com.kms.katalon.core.main.TestCaseExecutor.processExecutionPhase(TestCaseExecutor.java:301)
	at com.kms.katalon.core.main.TestCaseExecutor.accessMainPhase(TestCaseExecutor.java:293)
	at com.kms.katalon.core.main.TestCaseExecutor.execute(TestCaseExecutor.java:227)
	at com.kms.katalon.core.main.TestSuiteExecutor.accessTestCaseMainPhase(TestSuiteExecutor.java:129)
	at com.kms.katalon.core.main.TestSuiteExecutor.accessTestSuiteMainPhase(TestSuiteExecutor.java:112)
	at com.kms.katalon.core.main.TestSuiteExecutor.execute(TestSuiteExecutor.java:81)
	at com.kms.katalon.core.main.TestCaseMain.startTestSuite(TestCaseMain.java:157)
	at com.kms.katalon.core.main.TestCaseMain$startTestSuite$0.call(Unknown Source)
	at TempTestSuite1553201487437.run(TempTestSuite1553201487437.groovy:35)


2019-03-21 18:06:53 - [TEST_STEP][PASSED] - callTestCase(findTestCase("Regression BackOffice (All Browsers)/CLNK-23439 - Clink - Back office Client"), [:], STOP_ON_FAILURE): Call Test Case 'Test Cases/Regression BackOffice (All Browsers)/CLNK-23439 - Clink - Back office Client' successfully

2019-03-21 18:06:53 - [TEST_CASE][PASSED] - Test Cases/Regression BackOffice (All Browsers)/CLNK-23439 - Clink - Back office Client: Test Cases/Regression BackOffice (All Browsers)/CLNK-23439 - Clink - Back office Client

2019-03-21 18:06:53 - [TEST_STEP][PASSED] - openBrowser(G_SiteBackOffice): Browser is opened with url: 'http://qanewpoc.continulink.com:81/backoffice/Login.aspx'

2019-03-21 18:06:53 - [MESSAGE][WARNING] - A browser is already opened. Closing browser and opening a new one

2019-03-21 18:06:54 - [MESSAGE][INFO] - Starting 'Chrome' driver

2019-03-21 18:07:00 - [MESSAGE][PASSED] - Browser is opened with url: 'http://qanewpoc.continulink.com:81/backoffice/Login.aspx'

2019-03-21 18:07:00 - [TEST_STEP][PASSED] - waitForPageLoad(60): Wait for page load successfully

2019-03-21 18:07:00 - [MESSAGE][PASSED] - Wait for page load successfully

2019-03-21 18:07:00 - [TEST_STEP][PASSED] - maximizeWindow(): Current window maximized

2019-03-21 18:07:01 - [MESSAGE][PASSED] - Current window maximized

2019-03-21 18:07:01 - [TEST_STEP][PASSED] - setText(findTestObject("Regression BackOffice/Login/UserBackOffice"), G_UserBackOffice): Text 'demo' is set on object 'Object Repository/Regression BackOffice/Login/UserBackOffice'

2019-03-21 18:07:01 - [MESSAGE][PASSED] - Text 'demo' is set on object 'Object Repository/Regression BackOffice/Login/UserBackOffice'

2019-03-21 18:07:01 - [TEST_STEP][PASSED] - setText(findTestObject("Regression BackOffice/Login/PasswordBackOffice"), G_PasswordBackOffice): Text 'qwerty' is set on object 'Object Repository/Regression BackOffice/Login/PasswordBackOffice'

2019-03-21 18:07:02 - [MESSAGE][PASSED] - Text 'qwerty' is set on object 'Object Repository/Regression BackOffice/Login/PasswordBackOffice'

2019-03-21 18:07:02 - [TEST_STEP][PASSED] - click(findTestObject("Regression BackOffice/Login/LoginBackOffice")): Object: 'Object Repository/Regression BackOffice/Login/LoginBackOffice' is clicked on

2019-03-21 18:07:08 - [MESSAGE][PASSED] - Object: 'Object Repository/Regression BackOffice/Login/LoginBackOffice' is clicked on

2019-03-21 18:07:08 - [TEST_STEP][PASSED] - waitForPageLoad(60): Wait for page load successfully

2019-03-21 18:07:08 - [MESSAGE][PASSED] - Wait for page load successfully

2019-03-21 18:07:08 - [TEST_STEP][PASSED] - delay(3): Delayed 3 second(s)

2019-03-21 18:07:11 - [MESSAGE][PASSED] - Delayed 3 second(s)

2019-03-21 18:07:11 - [TEST_STEP][PASSED] - switchToFrame(findTestObject("Regression BackOffice/CLNK-23449/FrameLeft"), 5): null

2019-03-21 18:07:11 - [TEST_STEP][PASSED] - waitForElementPresent(findTestObject("Regression BackOffice/CLNK-23449/ClienIntakeICon"), 60): Object 'Object Repository/Regression BackOffice/CLNK-23449/ClienIntakeICon' is present

2019-03-21 18:07:11 - [MESSAGE][PASSED] - Object 'Object Repository/Regression BackOffice/CLNK-23449/ClienIntakeICon' is present

2019-03-21 18:07:11 - [TEST_STEP][PASSED] - verifyElementPresent(findTestObject("Regression BackOffice/CLNK-23449/ClienIntakeICon"), 100): Object 'Object Repository/Regression BackOffice/CLNK-23449/ClienIntakeICon' is present

2019-03-21 18:07:12 - [MESSAGE][PASSED] - Object 'Object Repository/Regression BackOffice/CLNK-23449/ClienIntakeICon' is present

2019-03-21 18:07:12 - [TEST_STEP][PASSED] - switchToDefaultContent(): null

2019-03-21 18:07:12 - [MESSAGE][PASSED] - Call Test Case 'Test Cases/Regression BackOffice (All Browsers)/CLNK-23439 - Clink - Back office Client' successfully

2019-03-21 18:07:12 - [TEST_STEP][PASSED] - waitForPageLoad(60): Wait for page load successfully

2019-03-21 18:07:12 - [MESSAGE][PASSED] - Wait for page load successfully

2019-03-21 18:07:12 - [TEST_STEP][PASSED] - delay(3): Delayed 3 second(s)

2019-03-21 18:07:15 - [MESSAGE][PASSED] - Delayed 3 second(s)

2019-03-21 18:07:15 - [TEST_STEP][PASSED] - switchToFrame(findTestObject("Regression BackOffice/CLNK-23449/FrameLeft"), 30): null

2019-03-21 18:07:15 - [TEST_STEP][PASSED] - waitForElementPresent(findTestObject("Regression BackOffice/CLNK-23441/Caregiver  HRLink"), 100): Object 'Object Repository/Regression BackOffice/CLNK-23441/Caregiver  HRLink' is present

2019-03-21 18:07:15 - [MESSAGE][PASSED] - Object 'Object Repository/Regression BackOffice/CLNK-23441/Caregiver  HRLink' is present

2019-03-21 18:07:15 - [TEST_STEP][PASSED] - click(findTestObject("Regression BackOffice/CLNK-23441/Caregiver  HRLink")): Object: 'Object Repository/Regression BackOffice/CLNK-23441/Caregiver  HRLink' is clicked on

2019-03-21 18:07:15 - [MESSAGE][PASSED] - Object: 'Object Repository/Regression BackOffice/CLNK-23441/Caregiver  HRLink' is clicked on

2019-03-21 18:07:15 - [TEST_STEP][PASSED] - delay(2): Delayed 2 second(s)

2019-03-21 18:07:17 - [MESSAGE][PASSED] - Delayed 2 second(s)

2019-03-21 18:07:17 - [TEST_STEP][PASSED] - waitForPageLoad(50): Wait for page load successfully

2019-03-21 18:07:17 - [MESSAGE][PASSED] - Wait for page load successfully

2019-03-21 18:07:17 - [TEST_STEP][PASSED] - waitForElementPresent(findTestObject("Regression BackOffice/CLINK-23448/Setup Caregiver Remote Login"), 50): Object 'Object Repository/Regression BackOffice/CLINK-23448/Setup Caregiver Remote Login' is present

2019-03-21 18:07:17 - [MESSAGE][PASSED] - Object 'Object Repository/Regression BackOffice/CLINK-23448/Setup Caregiver Remote Login' is present

2019-03-21 18:07:17 - [TEST_STEP][PASSED] - click(findTestObject("Regression BackOffice/CLINK-23448/Setup Caregiver Remote Login")): Object: 'Object Repository/Regression BackOffice/CLINK-23448/Setup Caregiver Remote Login' is clicked on

2019-03-21 18:07:19 - [MESSAGE][PASSED] - Object: 'Object Repository/Regression BackOffice/CLINK-23448/Setup Caregiver Remote Login' is clicked on

2019-03-21 18:07:19 - [TEST_STEP][PASSED] - waitForPageLoad(60): Wait for page load successfully

2019-03-21 18:07:19 - [MESSAGE][PASSED] - Wait for page load successfully

2019-03-21 18:07:19 - [TEST_STEP][PASSED] - switchToDefaultContent(): null

2019-03-21 18:07:19 - [TEST_STEP][PASSED] - switchToFrame(findTestObject("Regression BackOffice/CLNK-23449/FrameMain"), 30): null

2019-03-21 18:07:19 - [TEST_STEP][PASSED] - waitForElementPresent(findTestObject("Regression BackOffice/CLINK-23448/Caregiver Name II"), 50): Object 'Object Repository/Regression BackOffice/CLINK-23448/Caregiver Name II' is present

2019-03-21 18:07:19 - [MESSAGE][PASSED] - Object 'Object Repository/Regression BackOffice/CLINK-23448/Caregiver Name II' is present

2019-03-21 18:07:19 - [TEST_STEP][PASSED] - setText(findTestObject("Regression BackOffice/CLINK-23448/Caregiver Name II"), G_23448_Name): Text 'Active' is set on object 'Object Repository/Regression BackOffice/CLINK-23448/Caregiver Name II'

2019-03-21 18:07:20 - [MESSAGE][PASSED] - Text 'Active' is set on object 'Object Repository/Regression BackOffice/CLINK-23448/Caregiver Name II'

2019-03-21 18:07:20 - [TEST_STEP][PASSED] - delay(2): Delayed 2 second(s)

2019-03-21 18:07:22 - [MESSAGE][PASSED] - Delayed 2 second(s)

2019-03-21 18:07:22 - [TEST_STEP][PASSED] - sendKeys(findTestObject("Regression BackOffice/CLINK-23448/Caregiver Name II"), Keys.chord(ARROW_DOWN, ENTER)): Keys 'DOWN + ENTER + ' sent to object: 'Object Repository/Regression BackOffice/CLINK-23448/Caregiver Name II'

2019-03-21 18:07:22 - [MESSAGE][PASSED] - Keys 'DOWN + ENTER + ' sent to object: 'Object Repository/Regression BackOffice/CLINK-23448/Caregiver Name II'

2019-03-21 18:07:22 - [TEST_STEP][PASSED] - delay(2): Delayed 2 second(s)

2019-03-21 18:07:24 - [MESSAGE][PASSED] - Delayed 2 second(s)

2019-03-21 18:07:24 - [TEST_STEP][FAILED] - waitForElementPresent(findTestObject("Regression BackOffice/CLINK-23448/New Password"), 50): waitForElementPresent(findTestObject("Regression BackOffice/CLINK-23448/New Password"), 50) FAILED.
Reason:
com.kms.katalon.core.exception.StepFailedException: Unable to wait for object 'Object Repository/Regression BackOffice/CLINK-23448/New Password' to be present
	at com.kms.katalon.core.keyword.internal.KeywordMain.stepFailed(KeywordMain.groovy:48)
	at com.kms.katalon.core.webui.keyword.internal.WebUIKeywordMain.stepFailed(WebUIKeywordMain.groovy:65)
	at com.kms.katalon.core.webui.keyword.internal.WebUIKeywordMain.runKeyword(WebUIKeywordMain.groovy:27)
	at com.kms.katalon.core.webui.keyword.builtin.WaitForElementPresentKeyword.waitForElementPresent(WaitForElementPresentKeyword.groovy:95)
	at com.kms.katalon.core.webui.keyword.builtin.WaitForElementPresentKeyword.execute(WaitForElementPresentKeyword.groovy:68)
	at com.kms.katalon.core.keyword.internal.KeywordExecutor.executeKeywordForPlatform(KeywordExecutor.groovy:56)
	at com.kms.katalon.core.webui.keyword.WebUiBuiltInKeywords.waitForElementPresent(WebUiBuiltInKeywords.groovy:343)
	at com.kms.katalon.core.webui.keyword.WebUiBuiltInKeywords$waitForElementPresent$5.call(Unknown Source)
	at CLNK-23448 - Back office Setup Caregiver Remote Login.run(CLNK-23448 - Back office Setup Caregiver Remote Login:53)
	at com.kms.katalon.core.main.ScriptEngine.run(ScriptEngine.java:194)
	at com.kms.katalon.core.main.ScriptEngine.runScriptAsRawText(ScriptEngine.java:119)
	at com.kms.katalon.core.main.TestCaseExecutor.runScript(TestCaseExecutor.java:331)
	at com.kms.katalon.core.main.TestCaseExecutor.doExecute(TestCaseExecutor.java:322)
	at com.kms.katalon.core.main.TestCaseExecutor.processExecutionPhase(TestCaseExecutor.java:301)
	at com.kms.katalon.core.main.TestCaseExecutor.accessMainPhase(TestCaseExecutor.java:293)
	at com.kms.katalon.core.main.TestCaseExecutor.execute(TestCaseExecutor.java:227)
	at com.kms.katalon.core.main.TestSuiteExecutor.accessTestCaseMainPhase(TestSuiteExecutor.java:129)
	at com.kms.katalon.core.main.TestSuiteExecutor.accessTestSuiteMainPhase(TestSuiteExecutor.java:112)
	at com.kms.katalon.core.main.TestSuiteExecutor.execute(TestSuiteExecutor.java:81)
	at com.kms.katalon.core.main.TestCaseMain.startTestSuite(TestCaseMain.java:157)
	at com.kms.katalon.core.main.TestCaseMain$startTestSuite$0.call(Unknown Source)
	at TempTestSuite1553201487437.run(TempTestSuite1553201487437.groovy:35)


2019-03-21 18:07:24 - [MESSAGE][WARNING] - Cannot take screenshot

2019-03-21 18:07:24 - [MESSAGE][FAILED] - Unable to wait for object 'Object Repository/Regression BackOffice/CLINK-23448/New Password' to be present

2019-03-21 18:07:24 - [MESSAGE][FAILED] - waitForElementPresent(findTestObject("Regression BackOffice/CLINK-23448/New Password"), 50) FAILED.
Reason:
com.kms.katalon.core.exception.StepFailedException: Unable to wait for object 'Object Repository/Regression BackOffice/CLINK-23448/New Password' to be present
	at com.kms.katalon.core.keyword.internal.KeywordMain.stepFailed(KeywordMain.groovy:48)
	at com.kms.katalon.core.webui.keyword.internal.WebUIKeywordMain.stepFailed(WebUIKeywordMain.groovy:65)
	at com.kms.katalon.core.webui.keyword.internal.WebUIKeywordMain.runKeyword(WebUIKeywordMain.groovy:27)
	at com.kms.katalon.core.webui.keyword.builtin.WaitForElementPresentKeyword.waitForElementPresent(WaitForElementPresentKeyword.groovy:95)
	at com.kms.katalon.core.webui.keyword.builtin.WaitForElementPresentKeyword.execute(WaitForElementPresentKeyword.groovy:68)
	at com.kms.katalon.core.keyword.internal.KeywordExecutor.executeKeywordForPlatform(KeywordExecutor.groovy:56)
	at com.kms.katalon.core.webui.keyword.WebUiBuiltInKeywords.waitForElementPresent(WebUiBuiltInKeywords.groovy:343)
	at com.kms.katalon.core.webui.keyword.WebUiBuiltInKeywords$waitForElementPresent$5.call(Unknown Source)
	at CLNK-23448 - Back office Setup Caregiver Remote Login.run(CLNK-23448 - Back office Setup Caregiver Remote Login:53)
	at com.kms.katalon.core.main.ScriptEngine.run(ScriptEngine.java:194)
	at com.kms.katalon.core.main.ScriptEngine.runScriptAsRawText(ScriptEngine.java:119)
	at com.kms.katalon.core.main.TestCaseExecutor.runScript(TestCaseExecutor.java:331)
	at com.kms.katalon.core.main.TestCaseExecutor.doExecute(TestCaseExecutor.java:322)
	at com.kms.katalon.core.main.TestCaseExecutor.processExecutionPhase(TestCaseExecutor.java:301)
	at com.kms.katalon.core.main.TestCaseExecutor.accessMainPhase(TestCaseExecutor.java:293)
	at com.kms.katalon.core.main.TestCaseExecutor.execute(TestCaseExecutor.java:227)
	at com.kms.katalon.core.main.TestSuiteExecutor.accessTestCaseMainPhase(TestSuiteExecutor.java:129)
	at com.kms.katalon.core.main.TestSuiteExecutor.accessTestSuiteMainPhase(TestSuiteExecutor.java:112)
	at com.kms.katalon.core.main.TestSuiteExecutor.execute(TestSuiteExecutor.java:81)
	at com.kms.katalon.core.main.TestCaseMain.startTestSuite(TestCaseMain.java:157)
	at com.kms.katalon.core.main.TestCaseMain$startTestSuite$0.call(Unknown Source)
	at TempTestSuite1553201487437.run(TempTestSuite1553201487437.groovy:35)]]></system-out>
         <system-err><![CDATA[2019-03-21 18:06:53 - [TEST_CASE][FAILED] - Test Cases/Regression BackOffice (All Browsers)/CLNK-23448 - Back office Setup Caregiver Remote Login: Test Cases/Regression BackOffice (All Browsers)/CLNK-23448 - Back office Setup Caregiver Remote Login FAILED.
Reason:
com.kms.katalon.core.exception.StepFailedException: Unable to wait for object 'Object Repository/Regression BackOffice/CLINK-23448/New Password' to be present
	at com.kms.katalon.core.keyword.internal.KeywordMain.stepFailed(KeywordMain.groovy:48)
	at com.kms.katalon.core.webui.keyword.internal.WebUIKeywordMain.stepFailed(WebUIKeywordMain.groovy:65)
	at com.kms.katalon.core.webui.keyword.internal.WebUIKeywordMain.runKeyword(WebUIKeywordMain.groovy:27)
	at com.kms.katalon.core.webui.keyword.builtin.WaitForElementPresentKeyword.waitForElementPresent(WaitForElementPresentKeyword.groovy:95)
	at com.kms.katalon.core.webui.keyword.builtin.WaitForElementPresentKeyword.execute(WaitForElementPresentKeyword.groovy:68)
	at com.kms.katalon.core.keyword.internal.KeywordExecutor.executeKeywordForPlatform(KeywordExecutor.groovy:56)
	at com.kms.katalon.core.webui.keyword.WebUiBuiltInKeywords.waitForElementPresent(WebUiBuiltInKeywords.groovy:343)
	at com.kms.katalon.core.webui.keyword.WebUiBuiltInKeywords$waitForElementPresent$5.call(Unknown Source)
	at CLNK-23448 - Back office Setup Caregiver Remote Login.run(CLNK-23448 - Back office Setup Caregiver Remote Login:53)
	at com.kms.katalon.core.main.ScriptEngine.run(ScriptEngine.java:194)
	at com.kms.katalon.core.main.ScriptEngine.runScriptAsRawText(ScriptEngine.java:119)
	at com.kms.katalon.core.main.TestCaseExecutor.runScript(TestCaseExecutor.java:331)
	at com.kms.katalon.core.main.TestCaseExecutor.doExecute(TestCaseExecutor.java:322)
	at com.kms.katalon.core.main.TestCaseExecutor.processExecutionPhase(TestCaseExecutor.java:301)
	at com.kms.katalon.core.main.TestCaseExecutor.accessMainPhase(TestCaseExecutor.java:293)
	at com.kms.katalon.core.main.TestCaseExecutor.execute(TestCaseExecutor.java:227)
	at com.kms.katalon.core.main.TestSuiteExecutor.accessTestCaseMainPhase(TestSuiteExecutor.java:129)
	at com.kms.katalon.core.main.TestSuiteExecutor.accessTestSuiteMainPhase(TestSuiteExecutor.java:112)
	at com.kms.katalon.core.main.TestSuiteExecutor.execute(TestSuiteExecutor.java:81)
	at com.kms.katalon.core.main.TestCaseMain.startTestSuite(TestCaseMain.java:157)
	at com.kms.katalon.core.main.TestCaseMain$startTestSuite$0.call(Unknown Source)
	at TempTestSuite1553201487437.run(TempTestSuite1553201487437.groovy:35)]]></system-err>
      </testcase>
      <testcase name="Test Cases/Regression BackOffice (All Browsers)/CLNK-23449 - Quick Intake Wizard" classname="Test Cases/Regression BackOffice (All Browsers)/CLNK-23449 - Quick Intake Wizard" status="PASSED">
         <system-out><![CDATA[2019-03-21 18:07:26 - [TEST_CASE][PASSED] - Test Cases/Regression BackOffice (All Browsers)/CLNK-23449 - Quick Intake Wizard: Test Cases/Regression BackOffice (All Browsers)/CLNK-23449 - Quick Intake Wizard

2019-03-21 18:07:26 - [TEST_STEP][PASSED] - callTestCase(findTestCase("Regression BackOffice (All Browsers)/CLNK-23439 - Clink - Back office Client"), [:], STOP_ON_FAILURE): Call Test Case 'Test Cases/Regression BackOffice (All Browsers)/CLNK-23439 - Clink - Back office Client' successfully

2019-03-21 18:07:26 - [TEST_CASE][PASSED] - Test Cases/Regression BackOffice (All Browsers)/CLNK-23439 - Clink - Back office Client: Test Cases/Regression BackOffice (All Browsers)/CLNK-23439 - Clink - Back office Client

2019-03-21 18:07:26 - [TEST_STEP][PASSED] - openBrowser(G_SiteBackOffice): Browser is opened with url: 'http://qanewpoc.continulink.com:81/backoffice/Login.aspx'

2019-03-21 18:07:26 - [MESSAGE][WARNING] - A browser is already opened. Closing browser and opening a new one

2019-03-21 18:07:27 - [MESSAGE][INFO] - Starting 'Chrome' driver

2019-03-21 18:07:33 - [MESSAGE][PASSED] - Browser is opened with url: 'http://qanewpoc.continulink.com:81/backoffice/Login.aspx'

2019-03-21 18:07:33 - [TEST_STEP][PASSED] - waitForPageLoad(60): Wait for page load successfully

2019-03-21 18:07:33 - [MESSAGE][PASSED] - Wait for page load successfully

2019-03-21 18:07:33 - [TEST_STEP][PASSED] - maximizeWindow(): Current window maximized

2019-03-21 18:07:34 - [MESSAGE][PASSED] - Current window maximized

2019-03-21 18:07:34 - [TEST_STEP][PASSED] - setText(findTestObject("Regression BackOffice/Login/UserBackOffice"), G_UserBackOffice): Text 'demo' is set on object 'Object Repository/Regression BackOffice/Login/UserBackOffice'

2019-03-21 18:07:34 - [MESSAGE][PASSED] - Text 'demo' is set on object 'Object Repository/Regression BackOffice/Login/UserBackOffice'

2019-03-21 18:07:34 - [TEST_STEP][PASSED] - setText(findTestObject("Regression BackOffice/Login/PasswordBackOffice"), G_PasswordBackOffice): Text 'qwerty' is set on object 'Object Repository/Regression BackOffice/Login/PasswordBackOffice'

2019-03-21 18:07:34 - [MESSAGE][PASSED] - Text 'qwerty' is set on object 'Object Repository/Regression BackOffice/Login/PasswordBackOffice'

2019-03-21 18:07:34 - [TEST_STEP][PASSED] - click(findTestObject("Regression BackOffice/Login/LoginBackOffice")): Object: 'Object Repository/Regression BackOffice/Login/LoginBackOffice' is clicked on

2019-03-21 18:07:41 - [MESSAGE][PASSED] - Object: 'Object Repository/Regression BackOffice/Login/LoginBackOffice' is clicked on

2019-03-21 18:07:41 - [TEST_STEP][PASSED] - waitForPageLoad(60): Wait for page load successfully

2019-03-21 18:07:41 - [MESSAGE][PASSED] - Wait for page load successfully

2019-03-21 18:07:41 - [TEST_STEP][PASSED] - delay(3): Delayed 3 second(s)

2019-03-21 18:07:44 - [MESSAGE][PASSED] - Delayed 3 second(s)

2019-03-21 18:07:44 - [TEST_STEP][PASSED] - switchToFrame(findTestObject("Regression BackOffice/CLNK-23449/FrameLeft"), 5): null

2019-03-21 18:07:44 - [TEST_STEP][PASSED] - waitForElementPresent(findTestObject("Regression BackOffice/CLNK-23449/ClienIntakeICon"), 60): Object 'Object Repository/Regression BackOffice/CLNK-23449/ClienIntakeICon' is present

2019-03-21 18:07:44 - [MESSAGE][PASSED] - Object 'Object Repository/Regression BackOffice/CLNK-23449/ClienIntakeICon' is present

2019-03-21 18:07:44 - [TEST_STEP][PASSED] - verifyElementPresent(findTestObject("Regression BackOffice/CLNK-23449/ClienIntakeICon"), 100): Object 'Object Repository/Regression BackOffice/CLNK-23449/ClienIntakeICon' is present

2019-03-21 18:07:44 - [MESSAGE][PASSED] - Object 'Object Repository/Regression BackOffice/CLNK-23449/ClienIntakeICon' is present

2019-03-21 18:07:44 - [TEST_STEP][PASSED] - switchToDefaultContent(): null

2019-03-21 18:07:44 - [MESSAGE][PASSED] - Call Test Case 'Test Cases/Regression BackOffice (All Browsers)/CLNK-23439 - Clink - Back office Client' successfully

2019-03-21 18:07:44 - [TEST_STEP][PASSED] - waitForPageLoad(60): Wait for page load successfully

2019-03-21 18:07:44 - [MESSAGE][PASSED] - Wait for page load successfully

2019-03-21 18:07:44 - [TEST_STEP][PASSED] - delay(3): Delayed 3 second(s)

2019-03-21 18:07:47 - [MESSAGE][PASSED] - Delayed 3 second(s)

2019-03-21 18:07:47 - [TEST_STEP][PASSED] - switchToFrame(findTestObject("Regression BackOffice/CLNK-23449/FrameLeft"), 30): null

2019-03-21 18:07:47 - [TEST_STEP][PASSED] - waitForElementPresent(findTestObject("Regression BackOffice/CLNK-23449/ClienIntakeICon"), 100): Object 'Object Repository/Regression BackOffice/CLNK-23449/ClienIntakeICon' is present

2019-03-21 18:07:47 - [MESSAGE][PASSED] - Object 'Object Repository/Regression BackOffice/CLNK-23449/ClienIntakeICon' is present

2019-03-21 18:07:47 - [TEST_STEP][PASSED] - click(findTestObject("Regression BackOffice/CLNK-23449/ClienIntakeICon")): Object: 'Object Repository/Regression BackOffice/CLNK-23449/ClienIntakeICon' is clicked on

2019-03-21 18:07:48 - [MESSAGE][PASSED] - Object: 'Object Repository/Regression BackOffice/CLNK-23449/ClienIntakeICon' is clicked on

2019-03-21 18:07:48 - [TEST_STEP][PASSED] - delay(2): Delayed 2 second(s)

2019-03-21 18:07:50 - [MESSAGE][PASSED] - Delayed 2 second(s)

2019-03-21 18:07:50 - [TEST_STEP][PASSED] - waitForPageLoad(50): Wait for page load successfully

2019-03-21 18:07:50 - [MESSAGE][PASSED] - Wait for page load successfully

2019-03-21 18:07:50 - [TEST_STEP][PASSED] - waitForElementPresent(findTestObject("Regression BackOffice/CLNK-23449/Quick Intake Wizard Link"), 50): Object 'Object Repository/Regression BackOffice/CLNK-23449/Quick Intake Wizard Link' is present

2019-03-21 18:07:50 - [MESSAGE][PASSED] - Object 'Object Repository/Regression BackOffice/CLNK-23449/Quick Intake Wizard Link' is present

2019-03-21 18:07:50 - [TEST_STEP][PASSED] - click(findTestObject("Regression BackOffice/CLNK-23449/Quick Intake Wizard Link")): Object: 'Object Repository/Regression BackOffice/CLNK-23449/Quick Intake Wizard Link' is clicked on

2019-03-21 18:07:53 - [MESSAGE][PASSED] - Object: 'Object Repository/Regression BackOffice/CLNK-23449/Quick Intake Wizard Link' is clicked on

2019-03-21 18:07:53 - [TEST_STEP][PASSED] - delay(2): Delayed 2 second(s)

2019-03-21 18:07:55 - [MESSAGE][PASSED] - Delayed 2 second(s)

2019-03-21 18:07:55 - [TEST_STEP][PASSED] - switchToDefaultContent(): null

2019-03-21 18:07:55 - [TEST_STEP][PASSED] - switchToFrame(findTestObject("Regression BackOffice/CLNK-23449/FrameMain"), 30): null

2019-03-21 18:07:55 - [TEST_STEP][PASSED] - waitForElementPresent(findTestObject("Regression BackOffice/CLNK-23449/New Referral Button"), 50): Object 'Object Repository/Regression BackOffice/CLNK-23449/New Referral Button' is present

2019-03-21 18:07:55 - [MESSAGE][PASSED] - Object 'Object Repository/Regression BackOffice/CLNK-23449/New Referral Button' is present

2019-03-21 18:07:55 - [TEST_STEP][PASSED] - click(findTestObject("Regression BackOffice/CLNK-23449/New Referral Button")): Object: 'Object Repository/Regression BackOffice/CLNK-23449/New Referral Button' is clicked on

2019-03-21 18:07:55 - [MESSAGE][PASSED] - Object: 'Object Repository/Regression BackOffice/CLNK-23449/New Referral Button' is clicked on

2019-03-21 18:07:55 - [TEST_STEP][PASSED] - waitForPageLoad(50): Wait for page load successfully

2019-03-21 18:07:55 - [MESSAGE][PASSED] - Wait for page load successfully

2019-03-21 18:07:55 - [TEST_STEP][PASSED] - delay(2): Delayed 2 second(s)

2019-03-21 18:07:57 - [MESSAGE][PASSED] - Delayed 2 second(s)

2019-03-21 18:07:57 - [TEST_STEP][PASSED] - waitForElementPresent(findTestObject("Regression BackOffice/CLNK-23449/ReferralType"), 50): Object 'Object Repository/Regression BackOffice/CLNK-23449/ReferralType' is present

2019-03-21 18:07:57 - [MESSAGE][PASSED] - Object 'Object Repository/Regression BackOffice/CLNK-23449/ReferralType' is present

2019-03-21 18:07:57 - [TEST_STEP][PASSED] - focus(findTestObject("Regression BackOffice/CLNK-23449/ReferralType")): Object: 'Object Repository/Regression BackOffice/CLNK-23449/ReferralType' is focused

2019-03-21 18:07:57 - [MESSAGE][PASSED] - Object: 'Object Repository/Regression BackOffice/CLNK-23449/ReferralType' is focused

2019-03-21 18:07:57 - [TEST_STEP][PASSED] - click(findTestObject("Regression BackOffice/CLNK-23449/ReferralType")): Object: 'Object Repository/Regression BackOffice/CLNK-23449/ReferralType' is clicked on

2019-03-21 18:07:58 - [MESSAGE][PASSED] - Object: 'Object Repository/Regression BackOffice/CLNK-23449/ReferralType' is clicked on

2019-03-21 18:07:58 - [TEST_STEP][PASSED] - delay(2): Delayed 2 second(s)

2019-03-21 18:08:00 - [MESSAGE][PASSED] - Delayed 2 second(s)

2019-03-21 18:08:00 - [TEST_STEP][PASSED] - sendKeys(findTestObject("Regression BackOffice/CLNK-23449/ReferralType"), Keys.chord(ARROW_DOWN, ENTER)): Keys 'DOWN + ENTER + ' sent to object: 'Object Repository/Regression BackOffice/CLNK-23449/ReferralType'

2019-03-21 18:08:00 - [MESSAGE][PASSED] - Keys 'DOWN + ENTER + ' sent to object: 'Object Repository/Regression BackOffice/CLNK-23449/ReferralType'

2019-03-21 18:08:00 - [TEST_STEP][PASSED] - delay(3): Delayed 3 second(s)

2019-03-21 18:08:03 - [MESSAGE][PASSED] - Delayed 3 second(s)

2019-03-21 18:08:03 - [TEST_STEP][PASSED] - waitForElementPresent(findTestObject("Regression BackOffice/CLNK-23449/ReferralSourcePerson"), 50): Object 'Object Repository/Regression BackOffice/CLNK-23449/ReferralSourcePerson' is present

2019-03-21 18:08:03 - [MESSAGE][PASSED] - Object 'Object Repository/Regression BackOffice/CLNK-23449/ReferralSourcePerson' is present

2019-03-21 18:08:03 - [TEST_STEP][PASSED] - setText(findTestObject("Regression BackOffice/CLNK-23449/ReferralSourcePerson"), G_ReferralSourcePerson): Text 'Lyudmila Kaskov' is set on object 'Object Repository/Regression BackOffice/CLNK-23449/ReferralSourcePerson'

2019-03-21 18:08:04 - [MESSAGE][PASSED] - Text 'Lyudmila Kaskov' is set on object 'Object Repository/Regression BackOffice/CLNK-23449/ReferralSourcePerson'

2019-03-21 18:08:04 - [TEST_STEP][PASSED] - delay(2): Delayed 2 second(s)

2019-03-21 18:08:06 - [MESSAGE][PASSED] - Delayed 2 second(s)

2019-03-21 18:08:06 - [TEST_STEP][PASSED] - waitForElementPresent(findTestObject("Regression BackOffice/CLNK-23449/ClientFirstName"), 50): Object 'Object Repository/Regression BackOffice/CLNK-23449/ClientFirstName' is present

2019-03-21 18:08:06 - [MESSAGE][PASSED] - Object 'Object Repository/Regression BackOffice/CLNK-23449/ClientFirstName' is present

2019-03-21 18:08:06 - [TEST_STEP][PASSED] - setText(findTestObject("Regression BackOffice/CLNK-23449/ClientFirstName"), G_ClientFirstName): Text 'Miroslav' is set on object 'Object Repository/Regression BackOffice/CLNK-23449/ClientFirstName'

2019-03-21 18:08:07 - [MESSAGE][PASSED] - Text 'Miroslav' is set on object 'Object Repository/Regression BackOffice/CLNK-23449/ClientFirstName'

2019-03-21 18:08:07 - [TEST_STEP][PASSED] - delay(2): Delayed 2 second(s)

2019-03-21 18:08:09 - [MESSAGE][PASSED] - Delayed 2 second(s)

2019-03-21 18:08:09 - [TEST_STEP][PASSED] - waitForElementPresent(findTestObject("Regression BackOffice/CLNK-23449/ClientMiddle"), 50): Object 'Object Repository/Regression BackOffice/CLNK-23449/ClientMiddle' is present

2019-03-21 18:08:09 - [MESSAGE][PASSED] - Object 'Object Repository/Regression BackOffice/CLNK-23449/ClientMiddle' is present

2019-03-21 18:08:09 - [TEST_STEP][PASSED] - setText(findTestObject("Regression BackOffice/CLNK-23449/ClientMiddle"), G_ClientMiddleName): Text 'M' is set on object 'Object Repository/Regression BackOffice/CLNK-23449/ClientMiddle'

2019-03-21 18:08:09 - [MESSAGE][PASSED] - Text 'M' is set on object 'Object Repository/Regression BackOffice/CLNK-23449/ClientMiddle'

2019-03-21 18:08:09 - [TEST_STEP][PASSED] - delay(2): Delayed 2 second(s)

2019-03-21 18:08:11 - [MESSAGE][PASSED] - Delayed 2 second(s)

2019-03-21 18:08:11 - [TEST_STEP][PASSED] - waitForElementPresent(findTestObject("Regression BackOffice/CLNK-23449/ClientLastName"), 50): Object 'Object Repository/Regression BackOffice/CLNK-23449/ClientLastName' is present

2019-03-21 18:08:11 - [MESSAGE][PASSED] - Object 'Object Repository/Regression BackOffice/CLNK-23449/ClientLastName' is present

2019-03-21 18:08:11 - [TEST_STEP][PASSED] - setText(findTestObject("Regression BackOffice/CLNK-23449/ClientLastName"), G_ClientLastName): Text 'Klose' is set on object 'Object Repository/Regression BackOffice/CLNK-23449/ClientLastName'

2019-03-21 18:08:12 - [MESSAGE][PASSED] - Text 'Klose' is set on object 'Object Repository/Regression BackOffice/CLNK-23449/ClientLastName'

2019-03-21 18:08:12 - [TEST_STEP][PASSED] - delay(2): Delayed 2 second(s)

2019-03-21 18:08:14 - [MESSAGE][PASSED] - Delayed 2 second(s)

2019-03-21 18:08:14 - [TEST_STEP][PASSED] - waitForElementPresent(findTestObject("Regression BackOffice/CLNK-23449/FollowUpCallBack"), 50): Object 'Object Repository/Regression BackOffice/CLNK-23449/FollowUpCallBack' is present

2019-03-21 18:08:14 - [MESSAGE][PASSED] - Object 'Object Repository/Regression BackOffice/CLNK-23449/FollowUpCallBack' is present

2019-03-21 18:08:14 - [TEST_STEP][PASSED] - setText(findTestObject("Regression BackOffice/CLNK-23449/FollowUpCallBack"), "3"): Text '3' is set on object 'Object Repository/Regression BackOffice/CLNK-23449/FollowUpCallBack'

2019-03-21 18:08:14 - [MESSAGE][PASSED] - Text '3' is set on object 'Object Repository/Regression BackOffice/CLNK-23449/FollowUpCallBack'

2019-03-21 18:08:14 - [TEST_STEP][PASSED] - delay(2): Delayed 2 second(s)

2019-03-21 18:08:16 - [MESSAGE][PASSED] - Delayed 2 second(s)

2019-03-21 18:08:16 - [TEST_STEP][PASSED] - waitForElementPresent(findTestObject("Regression BackOffice/CLNK-23449/PhysicianName"), 50): Object 'Object Repository/Regression BackOffice/CLNK-23449/PhysicianName' is present

2019-03-21 18:08:17 - [MESSAGE][PASSED] - Object 'Object Repository/Regression BackOffice/CLNK-23449/PhysicianName' is present

2019-03-21 18:08:17 - [TEST_STEP][PASSED] - click(findTestObject("Regression BackOffice/CLNK-23449/PhysicianName")): Object: 'Object Repository/Regression BackOffice/CLNK-23449/PhysicianName' is clicked on

2019-03-21 18:08:17 - [MESSAGE][PASSED] - Object: 'Object Repository/Regression BackOffice/CLNK-23449/PhysicianName' is clicked on

2019-03-21 18:08:17 - [TEST_STEP][PASSED] - delay(2): Delayed 2 second(s)

2019-03-21 18:08:19 - [MESSAGE][PASSED] - Delayed 2 second(s)

2019-03-21 18:08:19 - [TEST_STEP][PASSED] - setText(findTestObject("Regression BackOffice/CLNK-23449/PhysicianName"), G_PhisicanName): Text 'Black' is set on object 'Object Repository/Regression BackOffice/CLNK-23449/PhysicianName'

2019-03-21 18:08:19 - [MESSAGE][PASSED] - Text 'Black' is set on object 'Object Repository/Regression BackOffice/CLNK-23449/PhysicianName'

2019-03-21 18:08:19 - [TEST_STEP][PASSED] - delay(3): Delayed 3 second(s)

2019-03-21 18:08:22 - [MESSAGE][PASSED] - Delayed 3 second(s)

2019-03-21 18:08:22 - [TEST_STEP][PASSED] - waitForElementPresent(findTestObject("Regression BackOffice/CLNK-23449/li_Black Larry"), 50): Object 'Object Repository/Regression BackOffice/CLNK-23449/li_Black Larry' is present

2019-03-21 18:08:22 - [MESSAGE][PASSED] - Object 'Object Repository/Regression BackOffice/CLNK-23449/li_Black Larry' is present

2019-03-21 18:08:22 - [TEST_STEP][PASSED] - click(findTestObject("Regression BackOffice/CLNK-23449/li_Black Larry")): Object: 'Object Repository/Regression BackOffice/CLNK-23449/li_Black Larry' is clicked on

2019-03-21 18:08:23 - [MESSAGE][PASSED] - Object: 'Object Repository/Regression BackOffice/CLNK-23449/li_Black Larry' is clicked on

2019-03-21 18:08:23 - [TEST_STEP][PASSED] - delay(2): Delayed 2 second(s)

2019-03-21 18:08:25 - [MESSAGE][PASSED] - Delayed 2 second(s)

2019-03-21 18:08:25 - [TEST_STEP][PASSED] - waitForElementPresent(findTestObject("Regression BackOffice/CLNK-23449/SaveButton"), 50): Object 'Object Repository/Regression BackOffice/CLNK-23449/SaveButton' is present

2019-03-21 18:08:25 - [MESSAGE][PASSED] - Object 'Object Repository/Regression BackOffice/CLNK-23449/SaveButton' is present

2019-03-21 18:08:25 - [TEST_STEP][PASSED] - click(findTestObject("Regression BackOffice/CLNK-23449/SaveButton"), STOP_ON_FAILURE): Object: 'Object Repository/Regression BackOffice/CLNK-23449/SaveButton' is clicked on

2019-03-21 18:08:25 - [MESSAGE][PASSED] - Object: 'Object Repository/Regression BackOffice/CLNK-23449/SaveButton' is clicked on

2019-03-21 18:08:25 - [TEST_STEP][PASSED] - delay(2): Delayed 2 second(s)

2019-03-21 18:08:27 - [MESSAGE][PASSED] - Delayed 2 second(s)

2019-03-21 18:08:27 - [TEST_STEP][PASSED] - waitForElementPresent(findTestObject("Regression BackOffice/CLNK-23449/CloseButton"), 50): Object 'Object Repository/Regression BackOffice/CLNK-23449/CloseButton' is present

2019-03-21 18:08:27 - [MESSAGE][PASSED] - Object 'Object Repository/Regression BackOffice/CLNK-23449/CloseButton' is present

2019-03-21 18:08:27 - [TEST_STEP][PASSED] - click(findTestObject("Regression BackOffice/CLNK-23449/CloseButton"), STOP_ON_FAILURE): Object: 'Object Repository/Regression BackOffice/CLNK-23449/CloseButton' is clicked on

2019-03-21 18:08:29 - [MESSAGE][PASSED] - Object: 'Object Repository/Regression BackOffice/CLNK-23449/CloseButton' is clicked on

2019-03-21 18:08:29 - [TEST_STEP][PASSED] - delay(2): Delayed 2 second(s)

2019-03-21 18:08:31 - [MESSAGE][PASSED] - Delayed 2 second(s)

2019-03-21 18:08:31 - [TEST_STEP][PASSED] - switchToDefaultContent(): null]]></system-out>
         <system-err><![CDATA[]]></system-err>
      </testcase>
      <testcase name="Test Cases/Regression BackOffice (All Browsers)/CLNK-23450 - Back office Quick Intake Wizard Demographics" classname="Test Cases/Regression BackOffice (All Browsers)/CLNK-23450 - Back office Quick Intake Wizard Demographics" status="FAILED">
         <failure type="FAILED" message="Test Cases/Regression BackOffice (All Browsers)/CLNK-23450 - Back office Quick Intake Wizard Demographics FAILED.
Reason:
com.kms.katalon.core.exception.StepFailedException: Unable to accept alert
	at com.kms.katalon.core.keyword.internal.KeywordMain.stepFailed(KeywordMain.groovy:48)
	at com.kms.katalon.core.webui.keyword.internal.WebUIKeywordMain.stepFailed(WebUIKeywordMain.groovy:65)
	at com.kms.katalon.core.webui.keyword.internal.WebUIKeywordMain.runKeyword(WebUIKeywordMain.groovy:27)
	at com.kms.katalon.core.webui.keyword.builtin.AcceptAlertKeyword.acceptAlert(AcceptAlertKeyword.groovy:71)
	at com.kms.katalon.core.webui.keyword.builtin.AcceptAlertKeyword.execute(AcceptAlertKeyword.groovy:66)
	at com.kms.katalon.core.keyword.internal.KeywordExecutor.executeKeywordForPlatform(KeywordExecutor.groovy:56)
	at com.kms.katalon.core.webui.keyword.WebUiBuiltInKeywords.acceptAlert(WebUiBuiltInKeywords.groovy:1492)
	at com.kms.katalon.core.webui.keyword.WebUiBuiltInKeywords$acceptAlert$16.call(Unknown Source)
	at CLNK-23450 - Back office Quick Intake Wizard Demographics.run(CLNK-23450 - Back office Quick Intake Wizard Demographics:100)
	at com.kms.katalon.core.main.ScriptEngine.run(ScriptEngine.java:194)
	at com.kms.katalon.core.main.ScriptEngine.runScriptAsRawText(ScriptEngine.java:119)
	at com.kms.katalon.core.main.TestCaseExecutor.runScript(TestCaseExecutor.java:331)
	at com.kms.katalon.core.main.TestCaseExecutor.doExecute(TestCaseExecutor.java:322)
	at com.kms.katalon.core.main.TestCaseExecutor.processExecutionPhase(TestCaseExecutor.java:301)
	at com.kms.katalon.core.main.TestCaseExecutor.accessMainPhase(TestCaseExecutor.java:293)
	at com.kms.katalon.core.main.TestCaseExecutor.execute(TestCaseExecutor.java:227)
	at com.kms.katalon.core.main.TestSuiteExecutor.accessTestCaseMainPhase(TestSuiteExecutor.java:129)
	at com.kms.katalon.core.main.TestSuiteExecutor.accessTestSuiteMainPhase(TestSuiteExecutor.java:112)
	at com.kms.katalon.core.main.TestSuiteExecutor.execute(TestSuiteExecutor.java:81)
	at com.kms.katalon.core.main.TestCaseMain.startTestSuite(TestCaseMain.java:157)
	at com.kms.katalon.core.main.TestCaseMain$startTestSuite$0.call(Unknown Source)
	at TempTestSuite1553201487437.run(TempTestSuite1553201487437.groovy:35)
"/>
         <system-out><![CDATA[2019-03-21 18:08:33 - [TEST_CASE][FAILED] - Test Cases/Regression BackOffice (All Browsers)/CLNK-23450 - Back office Quick Intake Wizard Demographics: Test Cases/Regression BackOffice (All Browsers)/CLNK-23450 - Back office Quick Intake Wizard Demographics FAILED.
Reason:
com.kms.katalon.core.exception.StepFailedException: Unable to accept alert
	at com.kms.katalon.core.keyword.internal.KeywordMain.stepFailed(KeywordMain.groovy:48)
	at com.kms.katalon.core.webui.keyword.internal.WebUIKeywordMain.stepFailed(WebUIKeywordMain.groovy:65)
	at com.kms.katalon.core.webui.keyword.internal.WebUIKeywordMain.runKeyword(WebUIKeywordMain.groovy:27)
	at com.kms.katalon.core.webui.keyword.builtin.AcceptAlertKeyword.acceptAlert(AcceptAlertKeyword.groovy:71)
	at com.kms.katalon.core.webui.keyword.builtin.AcceptAlertKeyword.execute(AcceptAlertKeyword.groovy:66)
	at com.kms.katalon.core.keyword.internal.KeywordExecutor.executeKeywordForPlatform(KeywordExecutor.groovy:56)
	at com.kms.katalon.core.webui.keyword.WebUiBuiltInKeywords.acceptAlert(WebUiBuiltInKeywords.groovy:1492)
	at com.kms.katalon.core.webui.keyword.WebUiBuiltInKeywords$acceptAlert$16.call(Unknown Source)
	at CLNK-23450 - Back office Quick Intake Wizard Demographics.run(CLNK-23450 - Back office Quick Intake Wizard Demographics:100)
	at com.kms.katalon.core.main.ScriptEngine.run(ScriptEngine.java:194)
	at com.kms.katalon.core.main.ScriptEngine.runScriptAsRawText(ScriptEngine.java:119)
	at com.kms.katalon.core.main.TestCaseExecutor.runScript(TestCaseExecutor.java:331)
	at com.kms.katalon.core.main.TestCaseExecutor.doExecute(TestCaseExecutor.java:322)
	at com.kms.katalon.core.main.TestCaseExecutor.processExecutionPhase(TestCaseExecutor.java:301)
	at com.kms.katalon.core.main.TestCaseExecutor.accessMainPhase(TestCaseExecutor.java:293)
	at com.kms.katalon.core.main.TestCaseExecutor.execute(TestCaseExecutor.java:227)
	at com.kms.katalon.core.main.TestSuiteExecutor.accessTestCaseMainPhase(TestSuiteExecutor.java:129)
	at com.kms.katalon.core.main.TestSuiteExecutor.accessTestSuiteMainPhase(TestSuiteExecutor.java:112)
	at com.kms.katalon.core.main.TestSuiteExecutor.execute(TestSuiteExecutor.java:81)
	at com.kms.katalon.core.main.TestCaseMain.startTestSuite(TestCaseMain.java:157)
	at com.kms.katalon.core.main.TestCaseMain$startTestSuite$0.call(Unknown Source)
	at TempTestSuite1553201487437.run(TempTestSuite1553201487437.groovy:35)


2019-03-21 18:08:33 - [TEST_STEP][PASSED] - callTestCase(findTestCase("Regression BackOffice (All Browsers)/CLNK-23439 - Clink - Back office Client"), [:], STOP_ON_FAILURE): Call Test Case 'Test Cases/Regression BackOffice (All Browsers)/CLNK-23439 - Clink - Back office Client' successfully

2019-03-21 18:08:33 - [TEST_CASE][PASSED] - Test Cases/Regression BackOffice (All Browsers)/CLNK-23439 - Clink - Back office Client: Test Cases/Regression BackOffice (All Browsers)/CLNK-23439 - Clink - Back office Client

2019-03-21 18:08:33 - [TEST_STEP][PASSED] - openBrowser(G_SiteBackOffice): Browser is opened with url: 'http://qanewpoc.continulink.com:81/backoffice/Login.aspx'

2019-03-21 18:08:33 - [MESSAGE][WARNING] - A browser is already opened. Closing browser and opening a new one

2019-03-21 18:08:34 - [MESSAGE][INFO] - Starting 'Chrome' driver

2019-03-21 18:08:40 - [MESSAGE][PASSED] - Browser is opened with url: 'http://qanewpoc.continulink.com:81/backoffice/Login.aspx'

2019-03-21 18:08:40 - [TEST_STEP][PASSED] - waitForPageLoad(60): Wait for page load successfully

2019-03-21 18:08:40 - [MESSAGE][PASSED] - Wait for page load successfully

2019-03-21 18:08:40 - [TEST_STEP][PASSED] - maximizeWindow(): Current window maximized

2019-03-21 18:08:41 - [MESSAGE][PASSED] - Current window maximized

2019-03-21 18:08:41 - [TEST_STEP][PASSED] - setText(findTestObject("Regression BackOffice/Login/UserBackOffice"), G_UserBackOffice): Text 'demo' is set on object 'Object Repository/Regression BackOffice/Login/UserBackOffice'

2019-03-21 18:08:41 - [MESSAGE][PASSED] - Text 'demo' is set on object 'Object Repository/Regression BackOffice/Login/UserBackOffice'

2019-03-21 18:08:41 - [TEST_STEP][PASSED] - setText(findTestObject("Regression BackOffice/Login/PasswordBackOffice"), G_PasswordBackOffice): Text 'qwerty' is set on object 'Object Repository/Regression BackOffice/Login/PasswordBackOffice'

2019-03-21 18:08:42 - [MESSAGE][PASSED] - Text 'qwerty' is set on object 'Object Repository/Regression BackOffice/Login/PasswordBackOffice'

2019-03-21 18:08:42 - [TEST_STEP][PASSED] - click(findTestObject("Regression BackOffice/Login/LoginBackOffice")): Object: 'Object Repository/Regression BackOffice/Login/LoginBackOffice' is clicked on

2019-03-21 18:08:48 - [MESSAGE][PASSED] - Object: 'Object Repository/Regression BackOffice/Login/LoginBackOffice' is clicked on

2019-03-21 18:08:48 - [TEST_STEP][PASSED] - waitForPageLoad(60): Wait for page load successfully

2019-03-21 18:08:48 - [MESSAGE][PASSED] - Wait for page load successfully

2019-03-21 18:08:48 - [TEST_STEP][PASSED] - delay(3): Delayed 3 second(s)

2019-03-21 18:08:51 - [MESSAGE][PASSED] - Delayed 3 second(s)

2019-03-21 18:08:51 - [TEST_STEP][PASSED] - switchToFrame(findTestObject("Regression BackOffice/CLNK-23449/FrameLeft"), 5): null

2019-03-21 18:08:51 - [TEST_STEP][PASSED] - waitForElementPresent(findTestObject("Regression BackOffice/CLNK-23449/ClienIntakeICon"), 60): Object 'Object Repository/Regression BackOffice/CLNK-23449/ClienIntakeICon' is present

2019-03-21 18:08:51 - [MESSAGE][PASSED] - Object 'Object Repository/Regression BackOffice/CLNK-23449/ClienIntakeICon' is present

2019-03-21 18:08:51 - [TEST_STEP][PASSED] - verifyElementPresent(findTestObject("Regression BackOffice/CLNK-23449/ClienIntakeICon"), 100): Object 'Object Repository/Regression BackOffice/CLNK-23449/ClienIntakeICon' is present

2019-03-21 18:08:51 - [MESSAGE][PASSED] - Object 'Object Repository/Regression BackOffice/CLNK-23449/ClienIntakeICon' is present

2019-03-21 18:08:51 - [TEST_STEP][PASSED] - switchToDefaultContent(): null

2019-03-21 18:08:51 - [MESSAGE][PASSED] - Call Test Case 'Test Cases/Regression BackOffice (All Browsers)/CLNK-23439 - Clink - Back office Client' successfully

2019-03-21 18:08:51 - [TEST_STEP][PASSED] - waitForPageLoad(60): Wait for page load successfully

2019-03-21 18:08:51 - [MESSAGE][PASSED] - Wait for page load successfully

2019-03-21 18:08:51 - [TEST_STEP][PASSED] - delay(3): Delayed 3 second(s)

2019-03-21 18:08:54 - [MESSAGE][PASSED] - Delayed 3 second(s)

2019-03-21 18:08:54 - [TEST_STEP][PASSED] - switchToFrame(findTestObject("Regression BackOffice/CLNK-23449/FrameLeft"), 30): null

2019-03-21 18:08:54 - [TEST_STEP][PASSED] - waitForElementPresent(findTestObject("Regression BackOffice/CLINK-23450/ClientIntakeLink"), 100): Object 'Object Repository/Regression BackOffice/CLINK-23450/ClientIntakeLink' is present

2019-03-21 18:08:55 - [MESSAGE][PASSED] - Object 'Object Repository/Regression BackOffice/CLINK-23450/ClientIntakeLink' is present

2019-03-21 18:08:55 - [TEST_STEP][PASSED] - click(findTestObject("Regression BackOffice/CLINK-23450/ClientIntakeLink")): Object: 'Object Repository/Regression BackOffice/CLINK-23450/ClientIntakeLink' is clicked on

2019-03-21 18:08:55 - [MESSAGE][PASSED] - Object: 'Object Repository/Regression BackOffice/CLINK-23450/ClientIntakeLink' is clicked on

2019-03-21 18:08:55 - [TEST_STEP][PASSED] - delay(2): Delayed 2 second(s)

2019-03-21 18:08:57 - [MESSAGE][PASSED] - Delayed 2 second(s)

2019-03-21 18:08:57 - [TEST_STEP][PASSED] - waitForPageLoad(50): Wait for page load successfully

2019-03-21 18:08:57 - [MESSAGE][PASSED] - Wait for page load successfully

2019-03-21 18:08:57 - [TEST_STEP][PASSED] - waitForElementPresent(findTestObject("Regression BackOffice/CLINK-23450/Client Demographics"), 50): Object 'Object Repository/Regression BackOffice/CLINK-23450/Client Demographics' is present

2019-03-21 18:08:57 - [MESSAGE][PASSED] - Object 'Object Repository/Regression BackOffice/CLINK-23450/Client Demographics' is present

2019-03-21 18:08:57 - [TEST_STEP][PASSED] - click(findTestObject("Regression BackOffice/CLINK-23450/Client Demographics")): Object: 'Object Repository/Regression BackOffice/CLINK-23450/Client Demographics' is clicked on

2019-03-21 18:08:58 - [MESSAGE][PASSED] - Object: 'Object Repository/Regression BackOffice/CLINK-23450/Client Demographics' is clicked on

2019-03-21 18:08:58 - [TEST_STEP][PASSED] - delay(2): Delayed 2 second(s)

2019-03-21 18:09:00 - [MESSAGE][PASSED] - Delayed 2 second(s)

2019-03-21 18:09:00 - [TEST_STEP][PASSED] - switchToDefaultContent(): null

2019-03-21 18:09:00 - [TEST_STEP][PASSED] - switchToFrame(findTestObject("Regression BackOffice/CLNK-23449/FrameMain"), 30): null

2019-03-21 18:09:00 - [TEST_STEP][PASSED] - waitForElementPresent(findTestObject("Regression BackOffice/CLNK-10235/FirstNameSearch"), 50): Object 'Object Repository/Regression BackOffice/CLNK-10235/FirstNameSearch' is present

2019-03-21 18:09:01 - [MESSAGE][PASSED] - Object 'Object Repository/Regression BackOffice/CLNK-10235/FirstNameSearch' is present

2019-03-21 18:09:01 - [TEST_STEP][PASSED] - setText(findTestObject("Regression BackOffice/CLNK-10235/FirstNameSearch"), G_23450Name): Text 'Auth' is set on object 'Object Repository/Regression BackOffice/CLNK-10235/FirstNameSearch'

2019-03-21 18:09:01 - [MESSAGE][PASSED] - Text 'Auth' is set on object 'Object Repository/Regression BackOffice/CLNK-10235/FirstNameSearch'

2019-03-21 18:09:01 - [TEST_STEP][PASSED] - delay(2): Delayed 2 second(s)

2019-03-21 18:09:03 - [MESSAGE][PASSED] - Delayed 2 second(s)

2019-03-21 18:09:03 - [TEST_STEP][PASSED] - waitForElementPresent(findTestObject("Regression BackOffice/CLINK-23450/LastNameDemo"), 50): Object 'Object Repository/Regression BackOffice/CLINK-23450/LastNameDemo' is present

2019-03-21 18:09:03 - [MESSAGE][PASSED] - Object 'Object Repository/Regression BackOffice/CLINK-23450/LastNameDemo' is present

2019-03-21 18:09:03 - [TEST_STEP][PASSED] - setText(findTestObject("Regression BackOffice/CLINK-23450/LastNameDemo"), G_23450Last): Text 'Test' is set on object 'Object Repository/Regression BackOffice/CLINK-23450/LastNameDemo'

2019-03-21 18:09:03 - [MESSAGE][PASSED] - Text 'Test' is set on object 'Object Repository/Regression BackOffice/CLINK-23450/LastNameDemo'

2019-03-21 18:09:03 - [TEST_STEP][PASSED] - delay(2): Delayed 2 second(s)

2019-03-21 18:09:05 - [MESSAGE][PASSED] - Delayed 2 second(s)

2019-03-21 18:09:05 - [TEST_STEP][PASSED] - waitForElementPresent(findTestObject("Regression BackOffice/CLINK-23450/btnSearch"), 50): Object 'Object Repository/Regression BackOffice/CLINK-23450/btnSearch' is present

2019-03-21 18:09:05 - [MESSAGE][PASSED] - Object 'Object Repository/Regression BackOffice/CLINK-23450/btnSearch' is present

2019-03-21 18:09:05 - [TEST_STEP][PASSED] - click(findTestObject("Regression BackOffice/CLINK-23450/btnSearch"), STOP_ON_FAILURE): Object: 'Object Repository/Regression BackOffice/CLINK-23450/btnSearch' is clicked on

2019-03-21 18:09:06 - [MESSAGE][PASSED] - Object: 'Object Repository/Regression BackOffice/CLINK-23450/btnSearch' is clicked on

2019-03-21 18:09:06 - [TEST_STEP][PASSED] - delay(2): Delayed 2 second(s)

2019-03-21 18:09:08 - [MESSAGE][PASSED] - Delayed 2 second(s)

2019-03-21 18:09:08 - [TEST_STEP][PASSED] - waitForElementPresent(findTestObject("Regression BackOffice/CLINK-23450/ClientLinkDemo"), 50): Object 'Object Repository/Regression BackOffice/CLINK-23450/ClientLinkDemo' is present

2019-03-21 18:09:09 - [MESSAGE][PASSED] - Object 'Object Repository/Regression BackOffice/CLINK-23450/ClientLinkDemo' is present

2019-03-21 18:09:09 - [TEST_STEP][PASSED] - click(findTestObject("Regression BackOffice/CLINK-23450/ClientLinkDemo"), STOP_ON_FAILURE): Object: 'Object Repository/Regression BackOffice/CLINK-23450/ClientLinkDemo' is clicked on

2019-03-21 18:09:12 - [MESSAGE][PASSED] - Object: 'Object Repository/Regression BackOffice/CLINK-23450/ClientLinkDemo' is clicked on

2019-03-21 18:09:12 - [TEST_STEP][PASSED] - delay(2): Delayed 2 second(s)

2019-03-21 18:09:14 - [MESSAGE][PASSED] - Delayed 2 second(s)

2019-03-21 18:09:14 - [TEST_STEP][PASSED] - waitForElementPresent(findTestObject("Regression BackOffice/CLINK-23450/ClientNotes"), 50): Object 'Object Repository/Regression BackOffice/CLINK-23450/ClientNotes' is present

2019-03-21 18:09:14 - [MESSAGE][PASSED] - Object 'Object Repository/Regression BackOffice/CLINK-23450/ClientNotes' is present

2019-03-21 18:09:14 - [TEST_STEP][PASSED] - setText(findTestObject("Regression BackOffice/CLINK-23450/ClientNotes"), "Client Notes"): Text 'Client Notes' is set on object 'Object Repository/Regression BackOffice/CLINK-23450/ClientNotes'

2019-03-21 18:09:14 - [MESSAGE][PASSED] - Text 'Client Notes' is set on object 'Object Repository/Regression BackOffice/CLINK-23450/ClientNotes'

2019-03-21 18:09:14 - [TEST_STEP][PASSED] - delay(2): Delayed 2 second(s)

2019-03-21 18:09:16 - [MESSAGE][PASSED] - Delayed 2 second(s)

2019-03-21 18:09:16 - [TEST_STEP][PASSED] - waitForElementPresent(findTestObject("Regression BackOffice/CLINK-23450/Email"), 50): Object 'Object Repository/Regression BackOffice/CLINK-23450/Email' is present

2019-03-21 18:09:16 - [MESSAGE][PASSED] - Object 'Object Repository/Regression BackOffice/CLINK-23450/Email' is present

2019-03-21 18:09:16 - [TEST_STEP][PASSED] - setText(findTestObject("Regression BackOffice/CLINK-23450/Email"), "isaac.malamud@gmail.com"): Text 'isaac.malamud@gmail.com' is set on object 'Object Repository/Regression BackOffice/CLINK-23450/Email'

2019-03-21 18:09:17 - [MESSAGE][PASSED] - Text 'isaac.malamud@gmail.com' is set on object 'Object Repository/Regression BackOffice/CLINK-23450/Email'

2019-03-21 18:09:17 - [TEST_STEP][PASSED] - delay(2): Delayed 2 second(s)

2019-03-21 18:09:19 - [MESSAGE][PASSED] - Delayed 2 second(s)

2019-03-21 18:09:19 - [TEST_STEP][PASSED] - waitForElementPresent(findTestObject("Regression BackOffice/CLINK-23450/MiddleName"), 50): Object 'Object Repository/Regression BackOffice/CLINK-23450/MiddleName' is present

2019-03-21 18:09:19 - [MESSAGE][WARNING] - Test object with id 'Object Repository/Regression BackOffice/CLINK-23450/Page_InterLink/frame_Capture object_FrameMain' does not exist

2019-03-21 18:09:19 - [MESSAGE][PASSED] - Object 'Object Repository/Regression BackOffice/CLINK-23450/MiddleName' is present

2019-03-21 18:09:19 - [TEST_STEP][PASSED] - setText(findTestObject("Regression BackOffice/CLINK-23450/MiddleName"), "M"): Text 'M' is set on object 'Object Repository/Regression BackOffice/CLINK-23450/MiddleName'

2019-03-21 18:09:19 - [MESSAGE][WARNING] - Test object with id 'Object Repository/Regression BackOffice/CLINK-23450/Page_InterLink/frame_Capture object_FrameMain' does not exist

2019-03-21 18:09:20 - [MESSAGE][PASSED] - Text 'M' is set on object 'Object Repository/Regression BackOffice/CLINK-23450/MiddleName'

2019-03-21 18:09:20 - [TEST_STEP][PASSED] - delay(2): Delayed 2 second(s)

2019-03-21 18:09:22 - [MESSAGE][PASSED] - Delayed 2 second(s)

2019-03-21 18:09:22 - [TEST_STEP][PASSED] - waitForElementPresent(findTestObject("Regression BackOffice/CLINK-23450/Suffix"), 50): Object 'Object Repository/Regression BackOffice/CLINK-23450/Suffix' is present

2019-03-21 18:09:22 - [MESSAGE][WARNING] - Test object with id 'Object Repository/Regression BackOffice/CLINK-23450/Page_InterLink/frame_Capture object_FrameMain' does not exist

2019-03-21 18:09:22 - [MESSAGE][PASSED] - Object 'Object Repository/Regression BackOffice/CLINK-23450/Suffix' is present

2019-03-21 18:09:22 - [TEST_STEP][PASSED] - setText(findTestObject("Regression BackOffice/CLINK-23450/Suffix"), "Sr"): Text 'Sr' is set on object 'Object Repository/Regression BackOffice/CLINK-23450/Suffix'

2019-03-21 18:09:22 - [MESSAGE][WARNING] - Test object with id 'Object Repository/Regression BackOffice/CLINK-23450/Page_InterLink/frame_Capture object_FrameMain' does not exist

2019-03-21 18:09:22 - [MESSAGE][PASSED] - Text 'Sr' is set on object 'Object Repository/Regression BackOffice/CLINK-23450/Suffix'

2019-03-21 18:09:22 - [TEST_STEP][PASSED] - delay(2): Delayed 2 second(s)

2019-03-21 18:09:24 - [MESSAGE][PASSED] - Delayed 2 second(s)

2019-03-21 18:09:24 - [TEST_STEP][PASSED] - switchToDefaultContent(): null

2019-03-21 18:09:24 - [TEST_STEP][PASSED] - switchToFrame(findTestObject("Regression BackOffice/CLINK-23444/BannerFrameAtt"), 30): null

2019-03-21 18:09:24 - [TEST_STEP][PASSED] - waitForElementPresent(findTestObject("Regression BackOffice/CLINK-23450/btnSaveDemo"), 50): Object 'Object Repository/Regression BackOffice/CLINK-23450/btnSaveDemo' is present

2019-03-21 18:09:24 - [MESSAGE][PASSED] - Object 'Object Repository/Regression BackOffice/CLINK-23450/btnSaveDemo' is present

2019-03-21 18:09:24 - [TEST_STEP][PASSED] - click(findTestObject("Regression BackOffice/CLINK-23450/btnSaveDemo")): Object: 'Object Repository/Regression BackOffice/CLINK-23450/btnSaveDemo' is clicked on

2019-03-21 18:09:34 - [MESSAGE][PASSED] - Object: 'Object Repository/Regression BackOffice/CLINK-23450/btnSaveDemo' is clicked on

2019-03-21 18:09:34 - [TEST_STEP][PASSED] - delay(2): Delayed 2 second(s)

2019-03-21 18:09:36 - [MESSAGE][PASSED] - Delayed 2 second(s)

2019-03-21 18:09:36 - [TEST_STEP][FAILED] - acceptAlert(): acceptAlert() FAILED.
Reason:
com.kms.katalon.core.exception.StepFailedException: Unable to accept alert
	at com.kms.katalon.core.keyword.internal.KeywordMain.stepFailed(KeywordMain.groovy:48)
	at com.kms.katalon.core.webui.keyword.internal.WebUIKeywordMain.stepFailed(WebUIKeywordMain.groovy:65)
	at com.kms.katalon.core.webui.keyword.internal.WebUIKeywordMain.runKeyword(WebUIKeywordMain.groovy:27)
	at com.kms.katalon.core.webui.keyword.builtin.AcceptAlertKeyword.acceptAlert(AcceptAlertKeyword.groovy:71)
	at com.kms.katalon.core.webui.keyword.builtin.AcceptAlertKeyword.execute(AcceptAlertKeyword.groovy:66)
	at com.kms.katalon.core.keyword.internal.KeywordExecutor.executeKeywordForPlatform(KeywordExecutor.groovy:56)
	at com.kms.katalon.core.webui.keyword.WebUiBuiltInKeywords.acceptAlert(WebUiBuiltInKeywords.groovy:1492)
	at com.kms.katalon.core.webui.keyword.WebUiBuiltInKeywords$acceptAlert$16.call(Unknown Source)
	at CLNK-23450 - Back office Quick Intake Wizard Demographics.run(CLNK-23450 - Back office Quick Intake Wizard Demographics:100)
	at com.kms.katalon.core.main.ScriptEngine.run(ScriptEngine.java:194)
	at com.kms.katalon.core.main.ScriptEngine.runScriptAsRawText(ScriptEngine.java:119)
	at com.kms.katalon.core.main.TestCaseExecutor.runScript(TestCaseExecutor.java:331)
	at com.kms.katalon.core.main.TestCaseExecutor.doExecute(TestCaseExecutor.java:322)
	at com.kms.katalon.core.main.TestCaseExecutor.processExecutionPhase(TestCaseExecutor.java:301)
	at com.kms.katalon.core.main.TestCaseExecutor.accessMainPhase(TestCaseExecutor.java:293)
	at com.kms.katalon.core.main.TestCaseExecutor.execute(TestCaseExecutor.java:227)
	at com.kms.katalon.core.main.TestSuiteExecutor.accessTestCaseMainPhase(TestSuiteExecutor.java:129)
	at com.kms.katalon.core.main.TestSuiteExecutor.accessTestSuiteMainPhase(TestSuiteExecutor.java:112)
	at com.kms.katalon.core.main.TestSuiteExecutor.execute(TestSuiteExecutor.java:81)
	at com.kms.katalon.core.main.TestCaseMain.startTestSuite(TestCaseMain.java:157)
	at com.kms.katalon.core.main.TestCaseMain$startTestSuite$0.call(Unknown Source)
	at TempTestSuite1553201487437.run(TempTestSuite1553201487437.groovy:35)


2019-03-21 18:09:37 - [MESSAGE][FAILED] - No alert found
[[ATTACHMENT|C:\\Users\\isaac\\Katalon Studio\\Continulink\\Reports\\Regression BackOffice\\Regression BackOffice\\20190321_175127\\1553202576836.png]]

2019-03-21 18:09:37 - [MESSAGE][FAILED] - Unable to accept alert
[[ATTACHMENT|C:\\Users\\isaac\\Katalon Studio\\Continulink\\Reports\\Regression BackOffice\\Regression BackOffice\\20190321_175127\\1553202577478.png]]

2019-03-21 18:09:37 - [MESSAGE][FAILED] - acceptAlert() FAILED.
Reason:
com.kms.katalon.core.exception.StepFailedException: Unable to accept alert
	at com.kms.katalon.core.keyword.internal.KeywordMain.stepFailed(KeywordMain.groovy:48)
	at com.kms.katalon.core.webui.keyword.internal.WebUIKeywordMain.stepFailed(WebUIKeywordMain.groovy:65)
	at com.kms.katalon.core.webui.keyword.internal.WebUIKeywordMain.runKeyword(WebUIKeywordMain.groovy:27)
	at com.kms.katalon.core.webui.keyword.builtin.AcceptAlertKeyword.acceptAlert(AcceptAlertKeyword.groovy:71)
	at com.kms.katalon.core.webui.keyword.builtin.AcceptAlertKeyword.execute(AcceptAlertKeyword.groovy:66)
	at com.kms.katalon.core.keyword.internal.KeywordExecutor.executeKeywordForPlatform(KeywordExecutor.groovy:56)
	at com.kms.katalon.core.webui.keyword.WebUiBuiltInKeywords.acceptAlert(WebUiBuiltInKeywords.groovy:1492)
	at com.kms.katalon.core.webui.keyword.WebUiBuiltInKeywords$acceptAlert$16.call(Unknown Source)
	at CLNK-23450 - Back office Quick Intake Wizard Demographics.run(CLNK-23450 - Back office Quick Intake Wizard Demographics:100)
	at com.kms.katalon.core.main.ScriptEngine.run(ScriptEngine.java:194)
	at com.kms.katalon.core.main.ScriptEngine.runScriptAsRawText(ScriptEngine.java:119)
	at com.kms.katalon.core.main.TestCaseExecutor.runScript(TestCaseExecutor.java:331)
	at com.kms.katalon.core.main.TestCaseExecutor.doExecute(TestCaseExecutor.java:322)
	at com.kms.katalon.core.main.TestCaseExecutor.processExecutionPhase(TestCaseExecutor.java:301)
	at com.kms.katalon.core.main.TestCaseExecutor.accessMainPhase(TestCaseExecutor.java:293)
	at com.kms.katalon.core.main.TestCaseExecutor.execute(TestCaseExecutor.java:227)
	at com.kms.katalon.core.main.TestSuiteExecutor.accessTestCaseMainPhase(TestSuiteExecutor.java:129)
	at com.kms.katalon.core.main.TestSuiteExecutor.accessTestSuiteMainPhase(TestSuiteExecutor.java:112)
	at com.kms.katalon.core.main.TestSuiteExecutor.execute(TestSuiteExecutor.java:81)
	at com.kms.katalon.core.main.TestCaseMain.startTestSuite(TestCaseMain.java:157)
	at com.kms.katalon.core.main.TestCaseMain$startTestSuite$0.call(Unknown Source)
	at TempTestSuite1553201487437.run(TempTestSuite1553201487437.groovy:35)]]></system-out>
         <system-err><![CDATA[2019-03-21 18:08:33 - [TEST_CASE][FAILED] - Test Cases/Regression BackOffice (All Browsers)/CLNK-23450 - Back office Quick Intake Wizard Demographics: Test Cases/Regression BackOffice (All Browsers)/CLNK-23450 - Back office Quick Intake Wizard Demographics FAILED.
Reason:
com.kms.katalon.core.exception.StepFailedException: Unable to accept alert
	at com.kms.katalon.core.keyword.internal.KeywordMain.stepFailed(KeywordMain.groovy:48)
	at com.kms.katalon.core.webui.keyword.internal.WebUIKeywordMain.stepFailed(WebUIKeywordMain.groovy:65)
	at com.kms.katalon.core.webui.keyword.internal.WebUIKeywordMain.runKeyword(WebUIKeywordMain.groovy:27)
	at com.kms.katalon.core.webui.keyword.builtin.AcceptAlertKeyword.acceptAlert(AcceptAlertKeyword.groovy:71)
	at com.kms.katalon.core.webui.keyword.builtin.AcceptAlertKeyword.execute(AcceptAlertKeyword.groovy:66)
	at com.kms.katalon.core.keyword.internal.KeywordExecutor.executeKeywordForPlatform(KeywordExecutor.groovy:56)
	at com.kms.katalon.core.webui.keyword.WebUiBuiltInKeywords.acceptAlert(WebUiBuiltInKeywords.groovy:1492)
	at com.kms.katalon.core.webui.keyword.WebUiBuiltInKeywords$acceptAlert$16.call(Unknown Source)
	at CLNK-23450 - Back office Quick Intake Wizard Demographics.run(CLNK-23450 - Back office Quick Intake Wizard Demographics:100)
	at com.kms.katalon.core.main.ScriptEngine.run(ScriptEngine.java:194)
	at com.kms.katalon.core.main.ScriptEngine.runScriptAsRawText(ScriptEngine.java:119)
	at com.kms.katalon.core.main.TestCaseExecutor.runScript(TestCaseExecutor.java:331)
	at com.kms.katalon.core.main.TestCaseExecutor.doExecute(TestCaseExecutor.java:322)
	at com.kms.katalon.core.main.TestCaseExecutor.processExecutionPhase(TestCaseExecutor.java:301)
	at com.kms.katalon.core.main.TestCaseExecutor.accessMainPhase(TestCaseExecutor.java:293)
	at com.kms.katalon.core.main.TestCaseExecutor.execute(TestCaseExecutor.java:227)
	at com.kms.katalon.core.main.TestSuiteExecutor.accessTestCaseMainPhase(TestSuiteExecutor.java:129)
	at com.kms.katalon.core.main.TestSuiteExecutor.accessTestSuiteMainPhase(TestSuiteExecutor.java:112)
	at com.kms.katalon.core.main.TestSuiteExecutor.execute(TestSuiteExecutor.java:81)
	at com.kms.katalon.core.main.TestCaseMain.startTestSuite(TestCaseMain.java:157)
	at com.kms.katalon.core.main.TestCaseMain$startTestSuite$0.call(Unknown Source)
	at TempTestSuite1553201487437.run(TempTestSuite1553201487437.groovy:35)]]></system-err>
      </testcase>
      <system-out><![CDATA[2019-03-21 17:51:34 - [TEST_SUITE][FAILED] - Regression BackOffice: Test Cases/Regression BackOffice (All Browsers)/CLNK-23442 - Back office Caregiver Demographics FAILED.
Reason:
com.kms.katalon.core.exception.StepFailedException: Unable to scroll to object 'Object Repository/Regression BackOffice/CLINK-23442/Group'
	at com.kms.katalon.core.keyword.internal.KeywordMain.stepFailed(KeywordMain.groovy:48)
	at com.kms.katalon.core.webui.keyword.internal.WebUIKeywordMain.stepFailed(WebUIKeywordMain.groovy:65)
	at com.kms.katalon.core.webui.keyword.internal.WebUIKeywordMain.runKeyword(WebUIKeywordMain.groovy:27)
	at com.kms.katalon.core.webui.keyword.builtin.ScrollToElementKeyword.scrollToElement(ScrollToElementKeyword.groovy:88)
	at com.kms.katalon.core.webui.keyword.builtin.ScrollToElementKeyword.execute(ScrollToElementKeyword.groovy:68)
	at com.kms.katalon.core.keyword.internal.KeywordExecutor.executeKeywordForPlatform(KeywordExecutor.groovy:56)
	at com.kms.katalon.core.webui.keyword.WebUiBuiltInKeywords.scrollToElement(WebUiBuiltInKeywords.groovy:2975)
	at com.kms.katalon.core.webui.keyword.WebUiBuiltInKeywords$scrollToElement$9.call(Unknown Source)
	at CLNK-23442 - Back office Caregiver Demographics.run(CLNK-23442 - Back office Caregiver Demographics:102)
	at com.kms.katalon.core.main.ScriptEngine.run(ScriptEngine.java:194)
	at com.kms.katalon.core.main.ScriptEngine.runScriptAsRawText(ScriptEngine.java:119)
	at com.kms.katalon.core.main.TestCaseExecutor.runScript(TestCaseExecutor.java:331)
	at com.kms.katalon.core.main.TestCaseExecutor.doExecute(TestCaseExecutor.java:322)
	at com.kms.katalon.core.main.TestCaseExecutor.processExecutionPhase(TestCaseExecutor.java:301)
	at com.kms.katalon.core.main.TestCaseExecutor.accessMainPhase(TestCaseExecutor.java:293)
	at com.kms.katalon.core.main.TestCaseExecutor.execute(TestCaseExecutor.java:227)
	at com.kms.katalon.core.main.TestSuiteExecutor.accessTestCaseMainPhase(TestSuiteExecutor.java:129)
	at com.kms.katalon.core.main.TestSuiteExecutor.accessTestSuiteMainPhase(TestSuiteExecutor.java:112)
	at com.kms.katalon.core.main.TestSuiteExecutor.execute(TestSuiteExecutor.java:81)
	at com.kms.katalon.core.main.TestCaseMain.startTestSuite(TestCaseMain.java:157)
	at com.kms.katalon.core.main.TestCaseMain$startTestSuite$0.call(Unknown Source)
	at TempTestSuite1553201487437.run(TempTestSuite1553201487437.groovy:35)]]></system-out>
      <system-err><![CDATA[2019-03-21 17:51:34 - [TEST_SUITE][FAILED] - Regression BackOffice: Test Cases/Regression BackOffice (All Browsers)/CLNK-23442 - Back office Caregiver Demographics FAILED.
Reason:
com.kms.katalon.core.exception.StepFailedException: Unable to scroll to object 'Object Repository/Regression BackOffice/CLINK-23442/Group'
	at com.kms.katalon.core.keyword.internal.KeywordMain.stepFailed(KeywordMain.groovy:48)
	at com.kms.katalon.core.webui.keyword.internal.WebUIKeywordMain.stepFailed(WebUIKeywordMain.groovy:65)
	at com.kms.katalon.core.webui.keyword.internal.WebUIKeywordMain.runKeyword(WebUIKeywordMain.groovy:27)
	at com.kms.katalon.core.webui.keyword.builtin.ScrollToElementKeyword.scrollToElement(ScrollToElementKeyword.groovy:88)
	at com.kms.katalon.core.webui.keyword.builtin.ScrollToElementKeyword.execute(ScrollToElementKeyword.groovy:68)
	at com.kms.katalon.core.keyword.internal.KeywordExecutor.executeKeywordForPlatform(KeywordExecutor.groovy:56)
	at com.kms.katalon.core.webui.keyword.WebUiBuiltInKeywords.scrollToElement(WebUiBuiltInKeywords.groovy:2975)
	at com.kms.katalon.core.webui.keyword.WebUiBuiltInKeywords$scrollToElement$9.call(Unknown Source)
	at CLNK-23442 - Back office Caregiver Demographics.run(CLNK-23442 - Back office Caregiver Demographics:102)
	at com.kms.katalon.core.main.ScriptEngine.run(ScriptEngine.java:194)
	at com.kms.katalon.core.main.ScriptEngine.runScriptAsRawText(ScriptEngine.java:119)
	at com.kms.katalon.core.main.TestCaseExecutor.runScript(TestCaseExecutor.java:331)
	at com.kms.katalon.core.main.TestCaseExecutor.doExecute(TestCaseExecutor.java:322)
	at com.kms.katalon.core.main.TestCaseExecutor.processExecutionPhase(TestCaseExecutor.java:301)
	at com.kms.katalon.core.main.TestCaseExecutor.accessMainPhase(TestCaseExecutor.java:293)
	at com.kms.katalon.core.main.TestCaseExecutor.execute(TestCaseExecutor.java:227)
	at com.kms.katalon.core.main.TestSuiteExecutor.accessTestCaseMainPhase(TestSuiteExecutor.java:129)
	at com.kms.katalon.core.main.TestSuiteExecutor.accessTestSuiteMainPhase(TestSuiteExecutor.java:112)
	at com.kms.katalon.core.main.TestSuiteExecutor.execute(TestSuiteExecutor.java:81)
	at com.kms.katalon.core.main.TestCaseMain.startTestSuite(TestCaseMain.java:157)
	at com.kms.katalon.core.main.TestCaseMain$startTestSuite$0.call(Unknown Source)
	at TempTestSuite1553201487437.run(TempTestSuite1553201487437.groovy:35)]]></system-err>
   </testsuite>
</testsuites>
