<?xml version="1.0" encoding="UTF-8"?>
<testsuites name="Regression FrontEnd" time="57" tests="1" failures="0" errors="0">
   <testsuite name="Regression FrontEnd" tests="1" failures="0" errors="0" time="57" timestamp="2019-03-27 11:08:13" hostname="isaac - DESKTOP-RO0FF5F" id="Test Suites/Regression Clinical Edge/Regression FrontEnd">
      <properties>
         <property name="deviceName" value=""/>
         <property name="devicePlatform" value=""/>
         <property name="logFolder" value="C:\\Users\\isaac\\Katalon Studio\\Continulink\\Reports\\Regression Clinical Edge\\Regression FrontEnd\\20190327_110808"/>
         <property name="logFiles" value="C:\\Users\\isaac\\Katalon Studio\\Continulink\\Reports\\Regression Clinical Edge\\Regression FrontEnd\\20190327_110808\\execution0.log"/>
         <property name="attachments" value=""/>
         <property name="hostName" value="isaac - DESKTOP-RO0FF5F"/>
         <property name="os" value="Windows 10 64bit"/>
         <property name="katalonVersion" value="6.0.5.4"/>
         <property name="browser" value="Chrome 73.0.3683.86"/>
         <property name="hostAddress" value="192.168.0.108"/>
         <property name="sessionId" value="6009d91940d48bd6b1b6d54a8332c514"/>
         <property name="seleniumVersion" value="3.7.1"/>
         <property name="proxyInformation" value="ProxyInformation{proxyOption=NO_PROXY, proxyServerType=HTTP, password=, proxyServerAddress=, proxyServerPort=0}"/>
         <property name="platform" value="Windows 10"/>
      </properties>
      <testcase name="Test Cases/Regression Clinical Edge (All Browsers)/CLNK-23497 - CLINICAL EDGE - Start Of Care" classname="Test Cases/Regression Clinical Edge (All Browsers)/CLNK-23497 - CLINICAL EDGE - Start Of Care" status="PASSED">
         <system-out><![CDATA[2019-03-27 11:08:13 - [TEST_CASE][PASSED] - Test Cases/Regression Clinical Edge (All Browsers)/CLNK-23497 - CLINICAL EDGE - Start Of Care: Test Cases/Regression Clinical Edge (All Browsers)/CLNK-23497 - CLINICAL EDGE - Start Of Care

2019-03-27 11:08:15 - [TEST_STEP][PASSED] - callTestCase(findTestCase("Regression Clinical Edge (All Browsers)/CLNK-23349 - ContinuLink - Login"), [:], STOP_ON_FAILURE): Call Test Case 'Test Cases/Regression Clinical Edge (All Browsers)/CLNK-23349 - ContinuLink - Login' successfully

2019-03-27 11:08:15 - [TEST_CASE][PASSED] - Test Cases/Regression Clinical Edge (All Browsers)/CLNK-23349 - ContinuLink - Login: Test Cases/Regression Clinical Edge (All Browsers)/CLNK-23349 - ContinuLink - Login

2019-03-27 11:08:15 - [TEST_STEP][PASSED] - openBrowser(G_SiteURL): Browser is opened with url: 'https://qanewpoc.continulink.com/Account/Login.aspx?ReturnUrl=%2fdefault.aspx'

2019-03-27 11:08:18 - [MESSAGE][INFO] - Starting 'Chrome' driver

2019-03-27 11:08:18 - [MESSAGE][INFO] - Action delay is set to 0 seconds

2019-03-27 11:08:29 - [MESSAGE][PASSED] - Browser is opened with url: 'https://qanewpoc.continulink.com/Account/Login.aspx?ReturnUrl=%2fdefault.aspx'

2019-03-27 11:08:29 - [TEST_STEP][PASSED] - waitForPageLoad(60): Wait for page load successfully

2019-03-27 11:08:29 - [MESSAGE][PASSED] - Wait for page load successfully

2019-03-27 11:08:29 - [TEST_STEP][PASSED] - maximizeWindow(): Current window maximized

2019-03-27 11:08:30 - [MESSAGE][PASSED] - Current window maximized

2019-03-27 11:08:30 - [TEST_STEP][PASSED] - setText(findTestObject("Regression Clinical Edge/CLNK-23349/User"), G_User): Text 'Mobinnur' is set on object 'Object Repository/Regression Clinical Edge/CLNK-23349/User'

2019-03-27 11:08:31 - [MESSAGE][PASSED] - Text 'Mobinnur' is set on object 'Object Repository/Regression Clinical Edge/CLNK-23349/User'

2019-03-27 11:08:31 - [TEST_STEP][PASSED] - setText(findTestObject("Regression Clinical Edge/CLNK-23349/Password"), G_Password): Text 'qwerty' is set on object 'Object Repository/Regression Clinical Edge/CLNK-23349/Password'

2019-03-27 11:08:32 - [MESSAGE][PASSED] - Text 'qwerty' is set on object 'Object Repository/Regression Clinical Edge/CLNK-23349/Password'

2019-03-27 11:08:32 - [TEST_STEP][PASSED] - click(findTestObject("Regression Clinical Edge/CLNK-23349/Button_LogIn")): Object: 'Object Repository/Regression Clinical Edge/CLNK-23349/Button_LogIn' is clicked on

2019-03-27 11:08:35 - [MESSAGE][PASSED] - Object: 'Object Repository/Regression Clinical Edge/CLNK-23349/Button_LogIn' is clicked on

2019-03-27 11:08:35 - [TEST_STEP][PASSED] - waitForPageLoad(60): Wait for page load successfully

2019-03-27 11:08:35 - [MESSAGE][PASSED] - Wait for page load successfully

2019-03-27 11:08:35 - [TEST_STEP][PASSED] - waitForElementPresent(findTestObject("Regression Clinical Edge/ClientPage/button_Add Schedule"), 60): Object 'Object Repository/Regression Clinical Edge/ClientPage/button_Add Schedule' is present

2019-03-27 11:08:35 - [MESSAGE][PASSED] - Object 'Object Repository/Regression Clinical Edge/ClientPage/button_Add Schedule' is present

2019-03-27 11:08:35 - [TEST_STEP][PASSED] - verifyElementPresent(findTestObject("Regression Clinical Edge/ClientPage/button_Add Schedule"), 100): Object 'Object Repository/Regression Clinical Edge/ClientPage/button_Add Schedule' is present

2019-03-27 11:08:36 - [MESSAGE][PASSED] - Object 'Object Repository/Regression Clinical Edge/ClientPage/button_Add Schedule' is present

2019-03-27 11:08:36 - [MESSAGE][PASSED] - Call Test Case 'Test Cases/Regression Clinical Edge (All Browsers)/CLNK-23349 - ContinuLink - Login' successfully

2019-03-27 11:08:36 - [TEST_STEP][PASSED] - waitForPageLoad(60): Wait for page load successfully

2019-03-27 11:08:36 - [MESSAGE][PASSED] - Wait for page load successfully

2019-03-27 11:08:36 - [TEST_STEP][PASSED] - maximizeWindow(): Current window maximized

2019-03-27 11:08:36 - [MESSAGE][PASSED] - Current window maximized

2019-03-27 11:08:36 - [TEST_STEP][PASSED] - waitForPageLoad(60): Wait for page load successfully

2019-03-27 11:08:36 - [MESSAGE][PASSED] - Wait for page load successfully

2019-03-27 11:08:36 - [TEST_STEP][PASSED] - delay(8): Delayed 8 second(s)

2019-03-27 11:08:44 - [MESSAGE][PASSED] - Delayed 8 second(s)

2019-03-27 11:08:44 - [TEST_STEP][PASSED] - waitForElementPresent(findTestObject("Regression Clinical Edge/CLNK-23497/button_Close"), 100): Object 'Object Repository/Regression Clinical Edge/CLNK-23497/button_Close' is present

2019-03-27 11:08:44 - [MESSAGE][PASSED] - Object 'Object Repository/Regression Clinical Edge/CLNK-23497/button_Close' is present

2019-03-27 11:08:44 - [TEST_STEP][PASSED] - click(findTestObject("Regression Clinical Edge/CLNK-23497/button_Close")): Object: 'Object Repository/Regression Clinical Edge/CLNK-23497/button_Close' is clicked on

2019-03-27 11:08:45 - [MESSAGE][PASSED] - Object: 'Object Repository/Regression Clinical Edge/CLNK-23497/button_Close' is clicked on

2019-03-27 11:08:45 - [TEST_STEP][PASSED] - delay(2): Delayed 2 second(s)

2019-03-27 11:08:47 - [MESSAGE][PASSED] - Delayed 2 second(s)

2019-03-27 11:08:47 - [TEST_STEP][PASSED] - waitForElementPresent(findTestObject("Regression Clinical Edge/HomePage/ClientLink"), 100): Object 'Object Repository/Regression Clinical Edge/HomePage/ClientLink' is present

2019-03-27 11:08:47 - [MESSAGE][PASSED] - Object 'Object Repository/Regression Clinical Edge/HomePage/ClientLink' is present

2019-03-27 11:08:47 - [TEST_STEP][PASSED] - click(findTestObject("Regression Clinical Edge/HomePage/ClientLink")): Object: 'Object Repository/Regression Clinical Edge/HomePage/ClientLink' is clicked on

2019-03-27 11:08:49 - [MESSAGE][PASSED] - Object: 'Object Repository/Regression Clinical Edge/HomePage/ClientLink' is clicked on

2019-03-27 11:08:49 - [TEST_STEP][PASSED] - delay(2): Delayed 2 second(s)

2019-03-27 11:08:51 - [MESSAGE][PASSED] - Delayed 2 second(s)

2019-03-27 11:08:51 - [TEST_STEP][PASSED] - waitForPageLoad(50): Wait for page load successfully

2019-03-27 11:08:51 - [MESSAGE][PASSED] - Wait for page load successfully

2019-03-27 11:08:51 - [TEST_STEP][PASSED] - waitForElementPresent(findTestObject("Regression Clinical Edge/CLNK-23497/Client Search"), 50): Object 'Object Repository/Regression Clinical Edge/CLNK-23497/Client Search' is present

2019-03-27 11:08:51 - [MESSAGE][PASSED] - Object 'Object Repository/Regression Clinical Edge/CLNK-23497/Client Search' is present

2019-03-27 11:08:51 - [TEST_STEP][PASSED] - click(findTestObject("Regression Clinical Edge/CLNK-23497/Client Search")): Object: 'Object Repository/Regression Clinical Edge/CLNK-23497/Client Search' is clicked on

2019-03-27 11:08:51 - [MESSAGE][PASSED] - Object: 'Object Repository/Regression Clinical Edge/CLNK-23497/Client Search' is clicked on

2019-03-27 11:08:51 - [TEST_STEP][PASSED] - setText(findTestObject("Regression Clinical Edge/CLNK-23497/Client Search"), G_Client): Text 'Khur' is set on object 'Object Repository/Regression Clinical Edge/CLNK-23497/Client Search'

2019-03-27 11:08:52 - [MESSAGE][PASSED] - Text 'Khur' is set on object 'Object Repository/Regression Clinical Edge/CLNK-23497/Client Search'

2019-03-27 11:08:52 - [TEST_STEP][PASSED] - delay(2): Delayed 2 second(s)

2019-03-27 11:08:54 - [MESSAGE][PASSED] - Delayed 2 second(s)

2019-03-27 11:08:54 - [TEST_STEP][PASSED] - sendKeys(findTestObject("Regression Clinical Edge/CLNK-23497/Client Search"), Keys.chord(ARROW_RIGHT, ARROW_DOWN, ENTER)): Keys 'RIGHT + DOWN + ENTER + ' sent to object: 'Object Repository/Regression Clinical Edge/CLNK-23497/Client Search'

2019-03-27 11:08:56 - [MESSAGE][PASSED] - Keys 'RIGHT + DOWN + ENTER + ' sent to object: 'Object Repository/Regression Clinical Edge/CLNK-23497/Client Search'

2019-03-27 11:08:56 - [TEST_STEP][PASSED] - delay(3): Delayed 3 second(s)

2019-03-27 11:08:59 - [MESSAGE][PASSED] - Delayed 3 second(s)

2019-03-27 11:08:59 - [TEST_STEP][PASSED] - scrollToElement(findTestObject("Regression Clinical Edge/CLNK-23497/AddAssessments"), 50): Scroll to object 'Object Repository/Regression Clinical Edge/CLNK-23497/AddAssessments' successfully

2019-03-27 11:08:59 - [MESSAGE][PASSED] - Scroll to object 'Object Repository/Regression Clinical Edge/CLNK-23497/AddAssessments' successfully

2019-03-27 11:08:59 - [TEST_STEP][PASSED] - waitForElementPresent(findTestObject("Regression Clinical Edge/CLNK-23497/AddAssessments"), 50): Object 'Object Repository/Regression Clinical Edge/CLNK-23497/AddAssessments' is present

2019-03-27 11:08:59 - [MESSAGE][PASSED] - Object 'Object Repository/Regression Clinical Edge/CLNK-23497/AddAssessments' is present

2019-03-27 11:08:59 - [TEST_STEP][PASSED] - click(findTestObject("Regression Clinical Edge/CLNK-23497/AddAssessments")): Object: 'Object Repository/Regression Clinical Edge/CLNK-23497/AddAssessments' is clicked on

2019-03-27 11:08:59 - [MESSAGE][PASSED] - Object: 'Object Repository/Regression Clinical Edge/CLNK-23497/AddAssessments' is clicked on

2019-03-27 11:08:59 - [TEST_STEP][PASSED] - waitForElementPresent(findTestObject("Regression Clinical Edge/CLNK-23497/AssessmentList"), 50): Object 'Object Repository/Regression Clinical Edge/CLNK-23497/AssessmentList' is present

2019-03-27 11:08:59 - [MESSAGE][PASSED] - Object 'Object Repository/Regression Clinical Edge/CLNK-23497/AssessmentList' is present

2019-03-27 11:08:59 - [TEST_STEP][PASSED] - click(findTestObject("Regression Clinical Edge/CLNK-23497/AssessmentList")): Object: 'Object Repository/Regression Clinical Edge/CLNK-23497/AssessmentList' is clicked on

2019-03-27 11:09:00 - [MESSAGE][PASSED] - Object: 'Object Repository/Regression Clinical Edge/CLNK-23497/AssessmentList' is clicked on

2019-03-27 11:09:00 - [TEST_STEP][PASSED] - selectOptionByLabel(findTestObject("Regression Clinical Edge/CLNK-23497/AssessmentList"), "Start of care - further visits planned (C2)", false): All options with label 'Start of care - further visits planned (C2)' are selected in object 'Object Repository/Regression Clinical Edge/CLNK-23497/AssessmentList' 

2019-03-27 11:09:00 - [MESSAGE][PASSED] - All options with label 'Start of care - further visits planned (C2)' are selected in object 'Object Repository/Regression Clinical Edge/CLNK-23497/AssessmentList' 

2019-03-27 11:09:00 - [TEST_STEP][PASSED] - waitForElementPresent(findTestObject("Regression Clinical Edge/CLNK-23497/DateAssessment"), 50): Object 'Object Repository/Regression Clinical Edge/CLNK-23497/DateAssessment' is present

2019-03-27 11:09:00 - [MESSAGE][PASSED] - Object 'Object Repository/Regression Clinical Edge/CLNK-23497/DateAssessment' is present

2019-03-27 11:09:00 - [TEST_STEP][PASSED] - setText(findTestObject("Regression Clinical Edge/CLNK-23497/DateAssessment"), getDate.DateUtilities.getDateMonthDayYearNumberwithSlash()): Text '03/27/2019' is set on object 'Object Repository/Regression Clinical Edge/CLNK-23497/DateAssessment'

2019-03-27 11:09:00 - [MESSAGE][PASSED] - getDate.DateUtilities.getDateMonthDayYearNumberwithSlash is PASSED

2019-03-27 11:09:01 - [MESSAGE][PASSED] - Text '03/27/2019' is set on object 'Object Repository/Regression Clinical Edge/CLNK-23497/DateAssessment'

2019-03-27 11:09:01 - [TEST_STEP][PASSED] - delay(2): Delayed 2 second(s)

2019-03-27 11:09:03 - [MESSAGE][PASSED] - Delayed 2 second(s)

2019-03-27 11:09:03 - [TEST_STEP][PASSED] - waitForElementPresent(findTestObject("Regression Clinical Edge/CLNK-23497/SaveAssessment"), 50): Object 'Object Repository/Regression Clinical Edge/CLNK-23497/SaveAssessment' is present

2019-03-27 11:09:03 - [MESSAGE][PASSED] - Object 'Object Repository/Regression Clinical Edge/CLNK-23497/SaveAssessment' is present

2019-03-27 11:09:03 - [TEST_STEP][PASSED] - click(findTestObject("Regression Clinical Edge/CLNK-23497/SaveAssessment")): Object: 'Object Repository/Regression Clinical Edge/CLNK-23497/SaveAssessment' is clicked on

2019-03-27 11:09:04 - [MESSAGE][PASSED] - Object: 'Object Repository/Regression Clinical Edge/CLNK-23497/SaveAssessment' is clicked on

2019-03-27 11:09:04 - [TEST_STEP][PASSED] - delay(3): Delayed 3 second(s)

2019-03-27 11:09:07 - [MESSAGE][PASSED] - Delayed 3 second(s)]]></system-out>
         <system-err><![CDATA[]]></system-err>
      </testcase>
      <system-out><![CDATA[2019-03-27 11:08:13 - [TEST_SUITE][PASSED] - Regression FrontEnd: Test Cases/Regression Clinical Edge (All Browsers)/CLNK-23497 - CLINICAL EDGE - Start Of Care]]></system-out>
      <system-err><![CDATA[]]></system-err>
   </testsuite>
</testsuites>
