<?xml version="1.0" encoding="UTF-8"?>
<testsuites name="Regression FrontEnd" time="140" tests="3" failures="0" errors="0">
   <testsuite name="Regression FrontEnd" tests="3" failures="0" errors="0" time="140" timestamp="2019-03-27 11:27:06" hostname="isaac - DESKTOP-RO0FF5F" id="Test Suites/Regression Clinical Edge/Regression FrontEnd">
      <properties>
         <property name="deviceName" value=""/>
         <property name="devicePlatform" value=""/>
         <property name="logFolder" value="C:\\Users\\isaac\\Katalon Studio\\Continulink\\Reports\\Regression Clinical Edge\\Regression FrontEnd\\20190327_112701"/>
         <property name="logFiles" value="C:\\Users\\isaac\\Katalon Studio\\Continulink\\Reports\\Regression Clinical Edge\\Regression FrontEnd\\20190327_112701\\execution0.log"/>
         <property name="attachments" value=""/>
         <property name="hostName" value="isaac - DESKTOP-RO0FF5F"/>
         <property name="os" value="Windows 10 64bit"/>
         <property name="katalonVersion" value="6.0.5.4"/>
         <property name="browser" value="Chrome 73.0.3683.86"/>
         <property name="hostAddress" value="192.168.0.108"/>
         <property name="sessionId" value="9075f9eccb69acdd4b9251d9f1385845"/>
         <property name="seleniumVersion" value="3.7.1"/>
         <property name="proxyInformation" value="ProxyInformation{proxyOption=NO_PROXY, proxyServerType=HTTP, password=, proxyServerAddress=, proxyServerPort=0}"/>
         <property name="platform" value="Windows 10"/>
      </properties>
      <testcase name="Test Cases/Regression Clinical Edge (All Browsers)/CLNK-23349 - ContinuLink - Login" classname="Test Cases/Regression Clinical Edge (All Browsers)/CLNK-23349 - ContinuLink - Login" status="PASSED">
         <system-out><![CDATA[2019-03-27 11:27:07 - [TEST_CASE][PASSED] - Test Cases/Regression Clinical Edge (All Browsers)/CLNK-23349 - ContinuLink - Login: Test Cases/Regression Clinical Edge (All Browsers)/CLNK-23349 - ContinuLink - Login

2019-03-27 11:27:09 - [TEST_STEP][PASSED] - openBrowser(G_SiteURL): Browser is opened with url: 'https://qanewpoc.continulink.com/Account/Login.aspx?ReturnUrl=%2fdefault.aspx'

2019-03-27 11:27:11 - [MESSAGE][INFO] - Starting 'Chrome' driver

2019-03-27 11:27:11 - [MESSAGE][INFO] - Action delay is set to 0 seconds

2019-03-27 11:27:22 - [MESSAGE][PASSED] - Browser is opened with url: 'https://qanewpoc.continulink.com/Account/Login.aspx?ReturnUrl=%2fdefault.aspx'

2019-03-27 11:27:22 - [TEST_STEP][PASSED] - waitForPageLoad(60): Wait for page load successfully

2019-03-27 11:27:22 - [MESSAGE][PASSED] - Wait for page load successfully

2019-03-27 11:27:22 - [TEST_STEP][PASSED] - maximizeWindow(): Current window maximized

2019-03-27 11:27:23 - [MESSAGE][PASSED] - Current window maximized

2019-03-27 11:27:23 - [TEST_STEP][PASSED] - setText(findTestObject("Regression Clinical Edge/CLNK-23349/User"), G_User): Text 'Mobinnur' is set on object 'Object Repository/Regression Clinical Edge/CLNK-23349/User'

2019-03-27 11:27:24 - [MESSAGE][PASSED] - Text 'Mobinnur' is set on object 'Object Repository/Regression Clinical Edge/CLNK-23349/User'

2019-03-27 11:27:24 - [TEST_STEP][PASSED] - setText(findTestObject("Regression Clinical Edge/CLNK-23349/Password"), G_Password): Text 'qwerty' is set on object 'Object Repository/Regression Clinical Edge/CLNK-23349/Password'

2019-03-27 11:27:25 - [MESSAGE][PASSED] - Text 'qwerty' is set on object 'Object Repository/Regression Clinical Edge/CLNK-23349/Password'

2019-03-27 11:27:25 - [TEST_STEP][PASSED] - click(findTestObject("Regression Clinical Edge/CLNK-23349/Button_LogIn")): Object: 'Object Repository/Regression Clinical Edge/CLNK-23349/Button_LogIn' is clicked on

2019-03-27 11:27:28 - [MESSAGE][PASSED] - Object: 'Object Repository/Regression Clinical Edge/CLNK-23349/Button_LogIn' is clicked on

2019-03-27 11:27:28 - [TEST_STEP][PASSED] - waitForPageLoad(60): Wait for page load successfully

2019-03-27 11:27:28 - [MESSAGE][PASSED] - Wait for page load successfully

2019-03-27 11:27:28 - [TEST_STEP][PASSED] - waitForElementPresent(findTestObject("Regression Clinical Edge/ClientPage/button_Add Schedule"), 60): Object 'Object Repository/Regression Clinical Edge/ClientPage/button_Add Schedule' is present

2019-03-27 11:27:28 - [MESSAGE][PASSED] - Object 'Object Repository/Regression Clinical Edge/ClientPage/button_Add Schedule' is present

2019-03-27 11:27:28 - [TEST_STEP][PASSED] - verifyElementPresent(findTestObject("Regression Clinical Edge/ClientPage/button_Add Schedule"), 100): Object 'Object Repository/Regression Clinical Edge/ClientPage/button_Add Schedule' is present

2019-03-27 11:27:29 - [MESSAGE][PASSED] - Object 'Object Repository/Regression Clinical Edge/ClientPage/button_Add Schedule' is present]]></system-out>
         <system-err><![CDATA[]]></system-err>
      </testcase>
      <testcase name="Test Cases/Regression Clinical Edge (All Browsers)/CLNK-23497 - CLINICAL EDGE - Start Of Care" classname="Test Cases/Regression Clinical Edge (All Browsers)/CLNK-23497 - CLINICAL EDGE - Start Of Care" status="PASSED">
         <system-out><![CDATA[2019-03-27 11:27:31 - [TEST_CASE][PASSED] - Test Cases/Regression Clinical Edge (All Browsers)/CLNK-23497 - CLINICAL EDGE - Start Of Care: Test Cases/Regression Clinical Edge (All Browsers)/CLNK-23497 - CLINICAL EDGE - Start Of Care

2019-03-27 11:27:32 - [TEST_STEP][PASSED] - callTestCase(findTestCase("Regression Clinical Edge (All Browsers)/CLNK-23349 - ContinuLink - Login"), [:], STOP_ON_FAILURE): Call Test Case 'Test Cases/Regression Clinical Edge (All Browsers)/CLNK-23349 - ContinuLink - Login' successfully

2019-03-27 11:27:32 - [TEST_CASE][PASSED] - Test Cases/Regression Clinical Edge (All Browsers)/CLNK-23349 - ContinuLink - Login: Test Cases/Regression Clinical Edge (All Browsers)/CLNK-23349 - ContinuLink - Login

2019-03-27 11:27:32 - [TEST_STEP][PASSED] - openBrowser(G_SiteURL): Browser is opened with url: 'https://qanewpoc.continulink.com/Account/Login.aspx?ReturnUrl=%2fdefault.aspx'

2019-03-27 11:27:32 - [MESSAGE][WARNING] - A browser is already opened. Closing browser and opening a new one

2019-03-27 11:27:33 - [MESSAGE][INFO] - Starting 'Chrome' driver

2019-03-27 11:27:40 - [MESSAGE][PASSED] - Browser is opened with url: 'https://qanewpoc.continulink.com/Account/Login.aspx?ReturnUrl=%2fdefault.aspx'

2019-03-27 11:27:40 - [TEST_STEP][PASSED] - waitForPageLoad(60): Wait for page load successfully

2019-03-27 11:27:40 - [MESSAGE][PASSED] - Wait for page load successfully

2019-03-27 11:27:40 - [TEST_STEP][PASSED] - maximizeWindow(): Current window maximized

2019-03-27 11:27:41 - [MESSAGE][PASSED] - Current window maximized

2019-03-27 11:27:41 - [TEST_STEP][PASSED] - setText(findTestObject("Regression Clinical Edge/CLNK-23349/User"), G_User): Text 'Mobinnur' is set on object 'Object Repository/Regression Clinical Edge/CLNK-23349/User'

2019-03-27 11:27:42 - [MESSAGE][PASSED] - Text 'Mobinnur' is set on object 'Object Repository/Regression Clinical Edge/CLNK-23349/User'

2019-03-27 11:27:42 - [TEST_STEP][PASSED] - setText(findTestObject("Regression Clinical Edge/CLNK-23349/Password"), G_Password): Text 'qwerty' is set on object 'Object Repository/Regression Clinical Edge/CLNK-23349/Password'

2019-03-27 11:27:42 - [MESSAGE][PASSED] - Text 'qwerty' is set on object 'Object Repository/Regression Clinical Edge/CLNK-23349/Password'

2019-03-27 11:27:42 - [TEST_STEP][PASSED] - click(findTestObject("Regression Clinical Edge/CLNK-23349/Button_LogIn")): Object: 'Object Repository/Regression Clinical Edge/CLNK-23349/Button_LogIn' is clicked on

2019-03-27 11:27:45 - [MESSAGE][PASSED] - Object: 'Object Repository/Regression Clinical Edge/CLNK-23349/Button_LogIn' is clicked on

2019-03-27 11:27:45 - [TEST_STEP][PASSED] - waitForPageLoad(60): Wait for page load successfully

2019-03-27 11:27:45 - [MESSAGE][PASSED] - Wait for page load successfully

2019-03-27 11:27:45 - [TEST_STEP][PASSED] - waitForElementPresent(findTestObject("Regression Clinical Edge/ClientPage/button_Add Schedule"), 60): Object 'Object Repository/Regression Clinical Edge/ClientPage/button_Add Schedule' is present

2019-03-27 11:27:45 - [MESSAGE][PASSED] - Object 'Object Repository/Regression Clinical Edge/ClientPage/button_Add Schedule' is present

2019-03-27 11:27:45 - [TEST_STEP][PASSED] - verifyElementPresent(findTestObject("Regression Clinical Edge/ClientPage/button_Add Schedule"), 100): Object 'Object Repository/Regression Clinical Edge/ClientPage/button_Add Schedule' is present

2019-03-27 11:27:45 - [MESSAGE][PASSED] - Object 'Object Repository/Regression Clinical Edge/ClientPage/button_Add Schedule' is present

2019-03-27 11:27:45 - [MESSAGE][PASSED] - Call Test Case 'Test Cases/Regression Clinical Edge (All Browsers)/CLNK-23349 - ContinuLink - Login' successfully

2019-03-27 11:27:45 - [TEST_STEP][PASSED] - waitForPageLoad(60): Wait for page load successfully

2019-03-27 11:27:45 - [MESSAGE][PASSED] - Wait for page load successfully

2019-03-27 11:27:45 - [TEST_STEP][PASSED] - maximizeWindow(): Current window maximized

2019-03-27 11:27:45 - [MESSAGE][PASSED] - Current window maximized

2019-03-27 11:27:45 - [TEST_STEP][PASSED] - waitForPageLoad(60): Wait for page load successfully

2019-03-27 11:27:45 - [MESSAGE][PASSED] - Wait for page load successfully

2019-03-27 11:27:45 - [TEST_STEP][PASSED] - delay(8): Delayed 8 second(s)

2019-03-27 11:27:53 - [MESSAGE][PASSED] - Delayed 8 second(s)

2019-03-27 11:27:53 - [TEST_STEP][PASSED] - waitForElementPresent(findTestObject("Regression Clinical Edge/CLNK-23497/button_Close"), 100): Object 'Object Repository/Regression Clinical Edge/CLNK-23497/button_Close' is present

2019-03-27 11:27:53 - [MESSAGE][PASSED] - Object 'Object Repository/Regression Clinical Edge/CLNK-23497/button_Close' is present

2019-03-27 11:27:53 - [TEST_STEP][PASSED] - click(findTestObject("Regression Clinical Edge/CLNK-23497/button_Close")): Object: 'Object Repository/Regression Clinical Edge/CLNK-23497/button_Close' is clicked on

2019-03-27 11:27:54 - [MESSAGE][PASSED] - Object: 'Object Repository/Regression Clinical Edge/CLNK-23497/button_Close' is clicked on

2019-03-27 11:27:54 - [TEST_STEP][PASSED] - delay(2): Delayed 2 second(s)

2019-03-27 11:27:56 - [MESSAGE][PASSED] - Delayed 2 second(s)

2019-03-27 11:27:56 - [TEST_STEP][PASSED] - waitForElementPresent(findTestObject("Regression Clinical Edge/HomePage/ClientLink"), 100): Object 'Object Repository/Regression Clinical Edge/HomePage/ClientLink' is present

2019-03-27 11:27:56 - [MESSAGE][PASSED] - Object 'Object Repository/Regression Clinical Edge/HomePage/ClientLink' is present

2019-03-27 11:27:56 - [TEST_STEP][PASSED] - click(findTestObject("Regression Clinical Edge/HomePage/ClientLink")): Object: 'Object Repository/Regression Clinical Edge/HomePage/ClientLink' is clicked on

2019-03-27 11:27:57 - [MESSAGE][PASSED] - Object: 'Object Repository/Regression Clinical Edge/HomePage/ClientLink' is clicked on

2019-03-27 11:27:57 - [TEST_STEP][PASSED] - delay(2): Delayed 2 second(s)

2019-03-27 11:27:59 - [MESSAGE][PASSED] - Delayed 2 second(s)

2019-03-27 11:27:59 - [TEST_STEP][PASSED] - waitForPageLoad(50): Wait for page load successfully

2019-03-27 11:27:59 - [MESSAGE][PASSED] - Wait for page load successfully

2019-03-27 11:27:59 - [TEST_STEP][PASSED] - waitForElementPresent(findTestObject("Regression Clinical Edge/CLNK-23497/Client Search"), 50): Object 'Object Repository/Regression Clinical Edge/CLNK-23497/Client Search' is present

2019-03-27 11:27:59 - [MESSAGE][PASSED] - Object 'Object Repository/Regression Clinical Edge/CLNK-23497/Client Search' is present

2019-03-27 11:27:59 - [TEST_STEP][PASSED] - click(findTestObject("Regression Clinical Edge/CLNK-23497/Client Search")): Object: 'Object Repository/Regression Clinical Edge/CLNK-23497/Client Search' is clicked on

2019-03-27 11:27:59 - [MESSAGE][PASSED] - Object: 'Object Repository/Regression Clinical Edge/CLNK-23497/Client Search' is clicked on

2019-03-27 11:27:59 - [TEST_STEP][PASSED] - setText(findTestObject("Regression Clinical Edge/CLNK-23497/Client Search"), G_Client): Text 'Khur' is set on object 'Object Repository/Regression Clinical Edge/CLNK-23497/Client Search'

2019-03-27 11:28:00 - [MESSAGE][PASSED] - Text 'Khur' is set on object 'Object Repository/Regression Clinical Edge/CLNK-23497/Client Search'

2019-03-27 11:28:00 - [TEST_STEP][PASSED] - delay(2): Delayed 2 second(s)

2019-03-27 11:28:02 - [MESSAGE][PASSED] - Delayed 2 second(s)

2019-03-27 11:28:02 - [TEST_STEP][PASSED] - sendKeys(findTestObject("Regression Clinical Edge/CLNK-23497/Client Search"), Keys.chord(ARROW_RIGHT, ARROW_DOWN, ENTER)): Keys 'RIGHT + DOWN + ENTER + ' sent to object: 'Object Repository/Regression Clinical Edge/CLNK-23497/Client Search'

2019-03-27 11:28:04 - [MESSAGE][PASSED] - Keys 'RIGHT + DOWN + ENTER + ' sent to object: 'Object Repository/Regression Clinical Edge/CLNK-23497/Client Search'

2019-03-27 11:28:04 - [TEST_STEP][PASSED] - delay(3): Delayed 3 second(s)

2019-03-27 11:28:07 - [MESSAGE][PASSED] - Delayed 3 second(s)

2019-03-27 11:28:07 - [TEST_STEP][PASSED] - scrollToElement(findTestObject("Regression Clinical Edge/CLNK-23497/AddAssessments"), 50): Scroll to object 'Object Repository/Regression Clinical Edge/CLNK-23497/AddAssessments' successfully

2019-03-27 11:28:07 - [MESSAGE][PASSED] - Scroll to object 'Object Repository/Regression Clinical Edge/CLNK-23497/AddAssessments' successfully

2019-03-27 11:28:07 - [TEST_STEP][PASSED] - waitForElementPresent(findTestObject("Regression Clinical Edge/CLNK-23497/AddAssessments"), 50): Object 'Object Repository/Regression Clinical Edge/CLNK-23497/AddAssessments' is present

2019-03-27 11:28:08 - [MESSAGE][PASSED] - Object 'Object Repository/Regression Clinical Edge/CLNK-23497/AddAssessments' is present

2019-03-27 11:28:08 - [TEST_STEP][PASSED] - click(findTestObject("Regression Clinical Edge/CLNK-23497/AddAssessments")): Object: 'Object Repository/Regression Clinical Edge/CLNK-23497/AddAssessments' is clicked on

2019-03-27 11:28:08 - [MESSAGE][PASSED] - Object: 'Object Repository/Regression Clinical Edge/CLNK-23497/AddAssessments' is clicked on

2019-03-27 11:28:08 - [TEST_STEP][PASSED] - waitForElementPresent(findTestObject("Regression Clinical Edge/CLNK-23497/AssessmentList"), 50): Object 'Object Repository/Regression Clinical Edge/CLNK-23497/AssessmentList' is present

2019-03-27 11:28:08 - [MESSAGE][PASSED] - Object 'Object Repository/Regression Clinical Edge/CLNK-23497/AssessmentList' is present

2019-03-27 11:28:08 - [TEST_STEP][PASSED] - click(findTestObject("Regression Clinical Edge/CLNK-23497/AssessmentList")): Object: 'Object Repository/Regression Clinical Edge/CLNK-23497/AssessmentList' is clicked on

2019-03-27 11:28:08 - [MESSAGE][PASSED] - Object: 'Object Repository/Regression Clinical Edge/CLNK-23497/AssessmentList' is clicked on

2019-03-27 11:28:08 - [TEST_STEP][PASSED] - selectOptionByLabel(findTestObject("Regression Clinical Edge/CLNK-23497/AssessmentList"), "Start of care - further visits planned (C2)", false): All options with label 'Start of care - further visits planned (C2)' are selected in object 'Object Repository/Regression Clinical Edge/CLNK-23497/AssessmentList' 

2019-03-27 11:28:09 - [MESSAGE][PASSED] - All options with label 'Start of care - further visits planned (C2)' are selected in object 'Object Repository/Regression Clinical Edge/CLNK-23497/AssessmentList' 

2019-03-27 11:28:09 - [TEST_STEP][PASSED] - waitForElementPresent(findTestObject("Regression Clinical Edge/CLNK-23497/DateAssessment"), 50): Object 'Object Repository/Regression Clinical Edge/CLNK-23497/DateAssessment' is present

2019-03-27 11:28:09 - [MESSAGE][PASSED] - Object 'Object Repository/Regression Clinical Edge/CLNK-23497/DateAssessment' is present

2019-03-27 11:28:09 - [TEST_STEP][PASSED] - setText(findTestObject("Regression Clinical Edge/CLNK-23497/DateAssessment"), getDate.DateUtilities.getDateMonthDayYearNumberwithSlash()): Text '03/27/2019' is set on object 'Object Repository/Regression Clinical Edge/CLNK-23497/DateAssessment'

2019-03-27 11:28:09 - [MESSAGE][PASSED] - getDate.DateUtilities.getDateMonthDayYearNumberwithSlash is PASSED

2019-03-27 11:28:09 - [MESSAGE][PASSED] - Text '03/27/2019' is set on object 'Object Repository/Regression Clinical Edge/CLNK-23497/DateAssessment'

2019-03-27 11:28:09 - [TEST_STEP][PASSED] - delay(2): Delayed 2 second(s)

2019-03-27 11:28:11 - [MESSAGE][PASSED] - Delayed 2 second(s)

2019-03-27 11:28:11 - [TEST_STEP][PASSED] - waitForElementPresent(findTestObject("Regression Clinical Edge/CLNK-23497/SaveAssessment"), 50): Object 'Object Repository/Regression Clinical Edge/CLNK-23497/SaveAssessment' is present

2019-03-27 11:28:11 - [MESSAGE][PASSED] - Object 'Object Repository/Regression Clinical Edge/CLNK-23497/SaveAssessment' is present

2019-03-27 11:28:11 - [TEST_STEP][PASSED] - click(findTestObject("Regression Clinical Edge/CLNK-23497/SaveAssessment")): Object: 'Object Repository/Regression Clinical Edge/CLNK-23497/SaveAssessment' is clicked on

2019-03-27 11:28:11 - [MESSAGE][PASSED] - Object: 'Object Repository/Regression Clinical Edge/CLNK-23497/SaveAssessment' is clicked on

2019-03-27 11:28:11 - [TEST_STEP][PASSED] - delay(3): Delayed 3 second(s)

2019-03-27 11:28:14 - [MESSAGE][PASSED] - Delayed 3 second(s)]]></system-out>
         <system-err><![CDATA[]]></system-err>
      </testcase>
      <testcase name="Test Cases/Regression Clinical Edge (All Browsers)/CLNK-23314 - Clinical Edge - Add Schedule" classname="Test Cases/Regression Clinical Edge (All Browsers)/CLNK-23314 - Clinical Edge - Add Schedule" status="PASSED">
         <system-out><![CDATA[2019-03-27 11:28:17 - [TEST_CASE][PASSED] - Test Cases/Regression Clinical Edge (All Browsers)/CLNK-23314 - Clinical Edge - Add Schedule: Test Cases/Regression Clinical Edge (All Browsers)/CLNK-23314 - Clinical Edge - Add Schedule

2019-03-27 11:28:17 - [TEST_STEP][PASSED] - callTestCase(findTestCase("Regression Clinical Edge (All Browsers)/CLNK-23349 - ContinuLink - Login"), [:], STOP_ON_FAILURE): Call Test Case 'Test Cases/Regression Clinical Edge (All Browsers)/CLNK-23349 - ContinuLink - Login' successfully

2019-03-27 11:28:17 - [TEST_CASE][PASSED] - Test Cases/Regression Clinical Edge (All Browsers)/CLNK-23349 - ContinuLink - Login: Test Cases/Regression Clinical Edge (All Browsers)/CLNK-23349 - ContinuLink - Login

2019-03-27 11:28:17 - [TEST_STEP][PASSED] - openBrowser(G_SiteURL): Browser is opened with url: 'https://qanewpoc.continulink.com/Account/Login.aspx?ReturnUrl=%2fdefault.aspx'

2019-03-27 11:28:17 - [MESSAGE][WARNING] - A browser is already opened. Closing browser and opening a new one

2019-03-27 11:28:18 - [MESSAGE][INFO] - Starting 'Chrome' driver

2019-03-27 11:28:25 - [MESSAGE][PASSED] - Browser is opened with url: 'https://qanewpoc.continulink.com/Account/Login.aspx?ReturnUrl=%2fdefault.aspx'

2019-03-27 11:28:25 - [TEST_STEP][PASSED] - waitForPageLoad(60): Wait for page load successfully

2019-03-27 11:28:25 - [MESSAGE][PASSED] - Wait for page load successfully

2019-03-27 11:28:25 - [TEST_STEP][PASSED] - maximizeWindow(): Current window maximized

2019-03-27 11:28:27 - [MESSAGE][PASSED] - Current window maximized

2019-03-27 11:28:27 - [TEST_STEP][PASSED] - setText(findTestObject("Regression Clinical Edge/CLNK-23349/User"), G_User): Text 'Mobinnur' is set on object 'Object Repository/Regression Clinical Edge/CLNK-23349/User'

2019-03-27 11:28:27 - [MESSAGE][PASSED] - Text 'Mobinnur' is set on object 'Object Repository/Regression Clinical Edge/CLNK-23349/User'

2019-03-27 11:28:27 - [TEST_STEP][PASSED] - setText(findTestObject("Regression Clinical Edge/CLNK-23349/Password"), G_Password): Text 'qwerty' is set on object 'Object Repository/Regression Clinical Edge/CLNK-23349/Password'

2019-03-27 11:28:28 - [MESSAGE][PASSED] - Text 'qwerty' is set on object 'Object Repository/Regression Clinical Edge/CLNK-23349/Password'

2019-03-27 11:28:28 - [TEST_STEP][PASSED] - click(findTestObject("Regression Clinical Edge/CLNK-23349/Button_LogIn")): Object: 'Object Repository/Regression Clinical Edge/CLNK-23349/Button_LogIn' is clicked on

2019-03-27 11:28:30 - [MESSAGE][PASSED] - Object: 'Object Repository/Regression Clinical Edge/CLNK-23349/Button_LogIn' is clicked on

2019-03-27 11:28:30 - [TEST_STEP][PASSED] - waitForPageLoad(60): Wait for page load successfully

2019-03-27 11:28:30 - [MESSAGE][PASSED] - Wait for page load successfully

2019-03-27 11:28:30 - [TEST_STEP][PASSED] - waitForElementPresent(findTestObject("Regression Clinical Edge/ClientPage/button_Add Schedule"), 60): Object 'Object Repository/Regression Clinical Edge/ClientPage/button_Add Schedule' is present

2019-03-27 11:28:30 - [MESSAGE][PASSED] - Object 'Object Repository/Regression Clinical Edge/ClientPage/button_Add Schedule' is present

2019-03-27 11:28:30 - [TEST_STEP][PASSED] - verifyElementPresent(findTestObject("Regression Clinical Edge/ClientPage/button_Add Schedule"), 100): Object 'Object Repository/Regression Clinical Edge/ClientPage/button_Add Schedule' is present

2019-03-27 11:28:30 - [MESSAGE][PASSED] - Object 'Object Repository/Regression Clinical Edge/ClientPage/button_Add Schedule' is present

2019-03-27 11:28:30 - [MESSAGE][PASSED] - Call Test Case 'Test Cases/Regression Clinical Edge (All Browsers)/CLNK-23349 - ContinuLink - Login' successfully

2019-03-27 11:28:30 - [TEST_STEP][PASSED] - waitForPageLoad(60): Wait for page load successfully

2019-03-27 11:28:30 - [MESSAGE][PASSED] - Wait for page load successfully

2019-03-27 11:28:30 - [TEST_STEP][PASSED] - maximizeWindow(): Current window maximized

2019-03-27 11:28:31 - [MESSAGE][PASSED] - Current window maximized

2019-03-27 11:28:31 - [TEST_STEP][PASSED] - waitForPageLoad(60): Wait for page load successfully

2019-03-27 11:28:31 - [MESSAGE][PASSED] - Wait for page load successfully

2019-03-27 11:28:31 - [TEST_STEP][PASSED] - delay(8): Delayed 8 second(s)

2019-03-27 11:28:39 - [MESSAGE][PASSED] - Delayed 8 second(s)

2019-03-27 11:28:39 - [TEST_STEP][PASSED] - waitForElementPresent(findTestObject("Regression Clinical Edge/CLNK-23497/button_Close"), 100): Object 'Object Repository/Regression Clinical Edge/CLNK-23497/button_Close' is present

2019-03-27 11:28:39 - [MESSAGE][PASSED] - Object 'Object Repository/Regression Clinical Edge/CLNK-23497/button_Close' is present

2019-03-27 11:28:39 - [TEST_STEP][PASSED] - click(findTestObject("Regression Clinical Edge/CLNK-23497/button_Close")): Object: 'Object Repository/Regression Clinical Edge/CLNK-23497/button_Close' is clicked on

2019-03-27 11:28:39 - [MESSAGE][PASSED] - Object: 'Object Repository/Regression Clinical Edge/CLNK-23497/button_Close' is clicked on

2019-03-27 11:28:39 - [TEST_STEP][PASSED] - delay(2): Delayed 2 second(s)

2019-03-27 11:28:41 - [MESSAGE][PASSED] - Delayed 2 second(s)

2019-03-27 11:28:41 - [TEST_STEP][PASSED] - waitForElementPresent(findTestObject("Regression Clinical Edge/ClientPage/HomeLink"), 100): Object 'Object Repository/Regression Clinical Edge/ClientPage/HomeLink' is present

2019-03-27 11:28:41 - [MESSAGE][PASSED] - Object 'Object Repository/Regression Clinical Edge/ClientPage/HomeLink' is present

2019-03-27 11:28:41 - [TEST_STEP][PASSED] - click(findTestObject("Regression Clinical Edge/ClientPage/HomeLink")): Object: 'Object Repository/Regression Clinical Edge/ClientPage/HomeLink' is clicked on

2019-03-27 11:28:42 - [MESSAGE][PASSED] - Object: 'Object Repository/Regression Clinical Edge/ClientPage/HomeLink' is clicked on

2019-03-27 11:28:42 - [TEST_STEP][PASSED] - delay(2): Delayed 2 second(s)

2019-03-27 11:28:44 - [MESSAGE][PASSED] - Delayed 2 second(s)

2019-03-27 11:28:44 - [TEST_STEP][PASSED] - waitForPageLoad(50): Wait for page load successfully

2019-03-27 11:28:44 - [MESSAGE][PASSED] - Wait for page load successfully

2019-03-27 11:28:44 - [TEST_STEP][PASSED] - waitForElementPresent(findTestObject("Regression Clinical Edge/HomePage/RequestTab"), 50): Object 'Object Repository/Regression Clinical Edge/HomePage/RequestTab' is present

2019-03-27 11:28:45 - [MESSAGE][PASSED] - Object 'Object Repository/Regression Clinical Edge/HomePage/RequestTab' is present

2019-03-27 11:28:45 - [TEST_STEP][PASSED] - click(findTestObject("Regression Clinical Edge/HomePage/RequestTab")): Object: 'Object Repository/Regression Clinical Edge/HomePage/RequestTab' is clicked on

2019-03-27 11:28:45 - [MESSAGE][PASSED] - Object: 'Object Repository/Regression Clinical Edge/HomePage/RequestTab' is clicked on

2019-03-27 11:28:45 - [TEST_STEP][PASSED] - delay(2): Delayed 2 second(s)

2019-03-27 11:28:47 - [MESSAGE][PASSED] - Delayed 2 second(s)

2019-03-27 11:28:47 - [TEST_STEP][PASSED] - waitForElementPresent(findTestObject("Regression Clinical Edge/HomePage/SearchText"), 50): Object 'Object Repository/Regression Clinical Edge/HomePage/SearchText' is present

2019-03-27 11:28:49 - [MESSAGE][PASSED] - Object 'Object Repository/Regression Clinical Edge/HomePage/SearchText' is present

2019-03-27 11:28:49 - [TEST_STEP][PASSED] - setText(findTestObject("Regression Clinical Edge/HomePage/SearchText"), G_Patient): Text 'Heather Khur' is set on object 'Object Repository/Regression Clinical Edge/HomePage/SearchText'

2019-03-27 11:28:50 - [MESSAGE][PASSED] - Text 'Heather Khur' is set on object 'Object Repository/Regression Clinical Edge/HomePage/SearchText'

2019-03-27 11:28:50 - [TEST_STEP][PASSED] - delay(3): Delayed 3 second(s)

2019-03-27 11:28:53 - [MESSAGE][PASSED] - Delayed 3 second(s)

2019-03-27 11:28:53 - [TEST_STEP][PASSED] - scrollToElement(findTestObject("Regression Clinical Edge/CLINK-23314/a_Khur Heather (535592)"), 60): Scroll to object 'Object Repository/Regression Clinical Edge/CLINK-23314/a_Khur Heather (535592)' successfully

2019-03-27 11:28:53 - [MESSAGE][PASSED] - Scroll to object 'Object Repository/Regression Clinical Edge/CLINK-23314/a_Khur Heather (535592)' successfully

2019-03-27 11:28:53 - [TEST_STEP][PASSED] - waitForElementPresent(findTestObject("Regression Clinical Edge/CLINK-23314/a_Khur Heather (535592)"), 60): Object 'Object Repository/Regression Clinical Edge/CLINK-23314/a_Khur Heather (535592)' is present

2019-03-27 11:28:53 - [MESSAGE][PASSED] - Object 'Object Repository/Regression Clinical Edge/CLINK-23314/a_Khur Heather (535592)' is present

2019-03-27 11:28:53 - [TEST_STEP][PASSED] - click(findTestObject("Regression Clinical Edge/CLINK-23314/a_Khur Heather (535592)")): Object: 'Object Repository/Regression Clinical Edge/CLINK-23314/a_Khur Heather (535592)' is clicked on

2019-03-27 11:28:56 - [MESSAGE][PASSED] - Object: 'Object Repository/Regression Clinical Edge/CLINK-23314/a_Khur Heather (535592)' is clicked on

2019-03-27 11:28:56 - [TEST_STEP][PASSED] - delay(5): Delayed 5 second(s)

2019-03-27 11:29:01 - [MESSAGE][PASSED] - Delayed 5 second(s)

2019-03-27 11:29:01 - [TEST_STEP][PASSED] - waitForPageLoad(50): Wait for page load successfully

2019-03-27 11:29:01 - [MESSAGE][PASSED] - Wait for page load successfully

2019-03-27 11:29:01 - [TEST_STEP][PASSED] - waitForElementPresent(findTestObject("Regression Clinical Edge/CLINK-23314/button_Add Schedule"), 50): Object 'Object Repository/Regression Clinical Edge/CLINK-23314/button_Add Schedule' is present

2019-03-27 11:29:01 - [MESSAGE][PASSED] - Object 'Object Repository/Regression Clinical Edge/CLINK-23314/button_Add Schedule' is present

2019-03-27 11:29:01 - [TEST_STEP][PASSED] - click(findTestObject("Regression Clinical Edge/CLINK-23314/button_Add Schedule")): Object: 'Object Repository/Regression Clinical Edge/CLINK-23314/button_Add Schedule' is clicked on

2019-03-27 11:29:02 - [MESSAGE][PASSED] - Object: 'Object Repository/Regression Clinical Edge/CLINK-23314/button_Add Schedule' is clicked on

2019-03-27 11:29:02 - [TEST_STEP][PASSED] - waitForElementPresent(findTestObject("Regression Clinical Edge/CLINK-23314/FilterBySubServices"), 50): Object 'Object Repository/Regression Clinical Edge/CLINK-23314/FilterBySubServices' is present

2019-03-27 11:29:02 - [MESSAGE][PASSED] - Object 'Object Repository/Regression Clinical Edge/CLINK-23314/FilterBySubServices' is present

2019-03-27 11:29:02 - [TEST_STEP][PASSED] - click(findTestObject("Regression Clinical Edge/CLINK-23314/FilterBySubServices")): Object: 'Object Repository/Regression Clinical Edge/CLINK-23314/FilterBySubServices' is clicked on

2019-03-27 11:29:02 - [MESSAGE][PASSED] - Object: 'Object Repository/Regression Clinical Edge/CLINK-23314/FilterBySubServices' is clicked on

2019-03-27 11:29:02 - [TEST_STEP][PASSED] - delay(2): Delayed 2 second(s)

2019-03-27 11:29:04 - [MESSAGE][PASSED] - Delayed 2 second(s)

2019-03-27 11:29:04 - [TEST_STEP][PASSED] - waitForElementPresent(findTestObject("Regression Clinical Edge/CLINK-23314/ServiceTypeList"), 50): Object 'Object Repository/Regression Clinical Edge/CLINK-23314/ServiceTypeList' is present

2019-03-27 11:29:04 - [MESSAGE][PASSED] - Object 'Object Repository/Regression Clinical Edge/CLINK-23314/ServiceTypeList' is present

2019-03-27 11:29:04 - [TEST_STEP][PASSED] - click(findTestObject("Regression Clinical Edge/CLINK-23314/ServiceTypeList")): Object: 'Object Repository/Regression Clinical Edge/CLINK-23314/ServiceTypeList' is clicked on

2019-03-27 11:29:04 - [MESSAGE][PASSED] - Object: 'Object Repository/Regression Clinical Edge/CLINK-23314/ServiceTypeList' is clicked on

2019-03-27 11:29:04 - [TEST_STEP][PASSED] - delay(2): Delayed 2 second(s)

2019-03-27 11:29:06 - [MESSAGE][PASSED] - Delayed 2 second(s)

2019-03-27 11:29:06 - [TEST_STEP][PASSED] - focus(findTestObject("Regression Clinical Edge/CLINK-23314/ServiceTypeList"), STOP_ON_FAILURE): Object: 'Object Repository/Regression Clinical Edge/CLINK-23314/ServiceTypeList' is focused

2019-03-27 11:29:07 - [MESSAGE][PASSED] - Object: 'Object Repository/Regression Clinical Edge/CLINK-23314/ServiceTypeList' is focused

2019-03-27 11:29:07 - [TEST_STEP][PASSED] - sendKeys(findTestObject("Regression Clinical Edge/CLINK-23314/ServiceTypeList"), Keys.chord(ARROW_RIGHT, ARROW_DOWN, ARROW_DOWN, ARROW_DOWN, ARROW_DOWN, ARROW_DOWN, ENTER)): Keys 'RIGHT + DOWN + DOWN + DOWN + DOWN + DOWN + ENTER + ' sent to object: 'Object Repository/Regression Clinical Edge/CLINK-23314/ServiceTypeList'

2019-03-27 11:29:07 - [MESSAGE][PASSED] - Keys 'RIGHT + DOWN + DOWN + DOWN + DOWN + DOWN + ENTER + ' sent to object: 'Object Repository/Regression Clinical Edge/CLINK-23314/ServiceTypeList'

2019-03-27 11:29:07 - [TEST_STEP][PASSED] - waitForElementPresent(findTestObject("Regression Clinical Edge/CLINK-23314/StartTime"), 60): Object 'Object Repository/Regression Clinical Edge/CLINK-23314/StartTime' is present

2019-03-27 11:29:07 - [MESSAGE][PASSED] - Object 'Object Repository/Regression Clinical Edge/CLINK-23314/StartTime' is present

2019-03-27 11:29:07 - [TEST_STEP][PASSED] - clearText(findTestObject("Regression Clinical Edge/CLINK-23314/StartTime")): Text of object 'Object Repository/Regression Clinical Edge/CLINK-23314/StartTime' is cleared

2019-03-27 11:29:07 - [MESSAGE][PASSED] - Text of object 'Object Repository/Regression Clinical Edge/CLINK-23314/StartTime' is cleared

2019-03-27 11:29:07 - [TEST_STEP][PASSED] - delay(3): Delayed 3 second(s)

2019-03-27 11:29:10 - [MESSAGE][PASSED] - Delayed 3 second(s)

2019-03-27 11:29:10 - [TEST_STEP][PASSED] - click(findTestObject("Regression Clinical Edge/CLINK-23314/StartTime")): Object: 'Object Repository/Regression Clinical Edge/CLINK-23314/StartTime' is clicked on

2019-03-27 11:29:10 - [MESSAGE][PASSED] - Object: 'Object Repository/Regression Clinical Edge/CLINK-23314/StartTime' is clicked on

2019-03-27 11:29:10 - [TEST_STEP][PASSED] - delay(2): Delayed 2 second(s)

2019-03-27 11:29:12 - [MESSAGE][PASSED] - Delayed 2 second(s)

2019-03-27 11:29:12 - [TEST_STEP][PASSED] - sendKeys(findTestObject("Regression Clinical Edge/CLINK-23314/StartTime"), G_StartTime): Keys '0100' sent to object: 'Object Repository/Regression Clinical Edge/CLINK-23314/StartTime'

2019-03-27 11:29:12 - [MESSAGE][PASSED] - Keys '0100' sent to object: 'Object Repository/Regression Clinical Edge/CLINK-23314/StartTime'

2019-03-27 11:29:12 - [TEST_STEP][PASSED] - delay(3): Delayed 3 second(s)

2019-03-27 11:29:15 - [MESSAGE][PASSED] - Delayed 3 second(s)

2019-03-27 11:29:15 - [TEST_STEP][PASSED] - waitForElementPresent(findTestObject("Regression Clinical Edge/CLINK-23314/EndTime"), 60): Object 'Object Repository/Regression Clinical Edge/CLINK-23314/EndTime' is present

2019-03-27 11:29:15 - [MESSAGE][PASSED] - Object 'Object Repository/Regression Clinical Edge/CLINK-23314/EndTime' is present

2019-03-27 11:29:15 - [TEST_STEP][PASSED] - clearText(findTestObject("Regression Clinical Edge/CLINK-23314/EndTime")): Text of object 'Object Repository/Regression Clinical Edge/CLINK-23314/EndTime' is cleared

2019-03-27 11:29:16 - [MESSAGE][PASSED] - Text of object 'Object Repository/Regression Clinical Edge/CLINK-23314/EndTime' is cleared

2019-03-27 11:29:16 - [TEST_STEP][PASSED] - delay(2): Delayed 2 second(s)

2019-03-27 11:29:18 - [MESSAGE][PASSED] - Delayed 2 second(s)

2019-03-27 11:29:18 - [TEST_STEP][PASSED] - click(findTestObject("Regression Clinical Edge/CLINK-23314/EndTime")): Object: 'Object Repository/Regression Clinical Edge/CLINK-23314/EndTime' is clicked on

2019-03-27 11:29:18 - [MESSAGE][PASSED] - Object: 'Object Repository/Regression Clinical Edge/CLINK-23314/EndTime' is clicked on

2019-03-27 11:29:18 - [TEST_STEP][PASSED] - delay(2): Delayed 2 second(s)

2019-03-27 11:29:20 - [MESSAGE][PASSED] - Delayed 2 second(s)

2019-03-27 11:29:20 - [TEST_STEP][PASSED] - sendKeys(findTestObject("Regression Clinical Edge/CLINK-23314/EndTime"), G_EndTime): Keys '0130' sent to object: 'Object Repository/Regression Clinical Edge/CLINK-23314/EndTime'

2019-03-27 11:29:20 - [MESSAGE][PASSED] - Keys '0130' sent to object: 'Object Repository/Regression Clinical Edge/CLINK-23314/EndTime'

2019-03-27 11:29:20 - [TEST_STEP][PASSED] - waitForElementPresent(findTestObject("Regression Clinical Edge/CLINK-23314/SaveButton"), 100): Object 'Object Repository/Regression Clinical Edge/CLINK-23314/SaveButton' is present

2019-03-27 11:29:20 - [MESSAGE][PASSED] - Object 'Object Repository/Regression Clinical Edge/CLINK-23314/SaveButton' is present

2019-03-27 11:29:20 - [TEST_STEP][PASSED] - click(findTestObject("Regression Clinical Edge/CLINK-23314/SaveButton")): Object: 'Object Repository/Regression Clinical Edge/CLINK-23314/SaveButton' is clicked on

2019-03-27 11:29:20 - [MESSAGE][PASSED] - Object: 'Object Repository/Regression Clinical Edge/CLINK-23314/SaveButton' is clicked on

2019-03-27 11:29:20 - [TEST_STEP][PASSED] - waitForPageLoad(100): Wait for page load successfully

2019-03-27 11:29:20 - [MESSAGE][PASSED] - Wait for page load successfully

2019-03-27 11:29:20 - [TEST_STEP][PASSED] - delay(4): Delayed 4 second(s)

2019-03-27 11:29:24 - [MESSAGE][PASSED] - Delayed 4 second(s)]]></system-out>
         <system-err><![CDATA[]]></system-err>
      </testcase>
      <system-out><![CDATA[2019-03-27 11:27:06 - [TEST_SUITE][PASSED] - Regression FrontEnd: Test Cases/Regression Clinical Edge (All Browsers)/CLNK-23314 - Clinical Edge - Add Schedule]]></system-out>
      <system-err><![CDATA[]]></system-err>
   </testsuite>
</testsuites>
