<?xml version="1.0" encoding="UTF-8"?>
<testsuites name="Regression BackOffice" time="70" tests="1" failures="0" errors="0">
   <testsuite name="Regression BackOffice" tests="1" failures="0" errors="0" time="70" timestamp="2019-03-14 15:38:38" hostname="isaac - DESKTOP-RO0FF5F" id="Test Suites/Regression BackOffice/Regression BackOffice">
      <properties>
         <property name="deviceName" value=""/>
         <property name="devicePlatform" value=""/>
         <property name="logFolder" value="C:\\Users\\isaac\\Katalon Studio\\Continulink\\Reports\\Regression BackOffice\\Regression BackOffice\\20190314_153829"/>
         <property name="logFiles" value="C:\\Users\\isaac\\Katalon Studio\\Continulink\\Reports\\Regression BackOffice\\Regression BackOffice\\20190314_153829\\execution0.log"/>
         <property name="attachments" value=""/>
         <property name="hostName" value="isaac - DESKTOP-RO0FF5F"/>
         <property name="os" value="Windows 10 64bit"/>
         <property name="katalonVersion" value="6.0.5.4"/>
         <property name="browser" value="Chrome 72.0.3626.121"/>
         <property name="hostAddress" value="192.168.0.101"/>
         <property name="sessionId" value="29730a900b4aed71845f20f96efa0c56"/>
         <property name="seleniumVersion" value="3.7.1"/>
         <property name="proxyInformation" value="ProxyInformation{proxyOption=NO_PROXY, proxyServerType=HTTP, password=, proxyServerAddress=, proxyServerPort=0}"/>
         <property name="platform" value="Windows 10"/>
      </properties>
      <testcase name="Test Cases/Regression BackOffice (All Browsers)/CLNK-23444 - Back office Caregiver Attributes" classname="Test Cases/Regression BackOffice (All Browsers)/CLNK-23444 - Back office Caregiver Attributes" status="PASSED">
         <system-out><![CDATA[2019-03-14 15:38:39 - [TEST_CASE][PASSED] - Test Cases/Regression BackOffice (All Browsers)/CLNK-23444 - Back office Caregiver Attributes: Test Cases/Regression BackOffice (All Browsers)/CLNK-23444 - Back office Caregiver Attributes

2019-03-14 15:38:41 - [TEST_STEP][PASSED] - callTestCase(findTestCase("Regression BackOffice (All Browsers)/CLNK-23439 - Clink - Back office Client"), [:], STOP_ON_FAILURE): Call Test Case 'Test Cases/Regression BackOffice (All Browsers)/CLNK-23439 - Clink - Back office Client' successfully

2019-03-14 15:38:41 - [TEST_CASE][PASSED] - Test Cases/Regression BackOffice (All Browsers)/CLNK-23439 - Clink - Back office Client: Test Cases/Regression BackOffice (All Browsers)/CLNK-23439 - Clink - Back office Client

2019-03-14 15:38:42 - [TEST_STEP][PASSED] - openBrowser(G_SiteBackOffice): Browser is opened with url: 'http://qanewpoc.continulink.com:81/backoffice/Login.aspx'

2019-03-14 15:38:44 - [MESSAGE][INFO] - Starting 'Chrome' driver

2019-03-14 15:38:44 - [MESSAGE][INFO] - Action delay is set to 0 seconds

2019-03-14 15:38:53 - [MESSAGE][PASSED] - Browser is opened with url: 'http://qanewpoc.continulink.com:81/backoffice/Login.aspx'

2019-03-14 15:38:53 - [TEST_STEP][PASSED] - waitForPageLoad(60): Wait for page load successfully

2019-03-14 15:38:53 - [MESSAGE][PASSED] - Wait for page load successfully

2019-03-14 15:38:53 - [TEST_STEP][PASSED] - maximizeWindow(): Current window maximized

2019-03-14 15:38:54 - [MESSAGE][PASSED] - Current window maximized

2019-03-14 15:38:54 - [TEST_STEP][PASSED] - setText(findTestObject("Regression BackOffice/Login/UserBackOffice"), G_UserBackOffice): Text 'demo' is set on object 'Object Repository/Regression BackOffice/Login/UserBackOffice'

2019-03-14 15:38:55 - [MESSAGE][PASSED] - Text 'demo' is set on object 'Object Repository/Regression BackOffice/Login/UserBackOffice'

2019-03-14 15:38:55 - [TEST_STEP][PASSED] - setText(findTestObject("Regression BackOffice/Login/PasswordBackOffice"), G_PasswordBackOffice): Text 'qwerty' is set on object 'Object Repository/Regression BackOffice/Login/PasswordBackOffice'

2019-03-14 15:38:55 - [MESSAGE][PASSED] - Text 'qwerty' is set on object 'Object Repository/Regression BackOffice/Login/PasswordBackOffice'

2019-03-14 15:38:55 - [TEST_STEP][PASSED] - click(findTestObject("Regression BackOffice/Login/LoginBackOffice")): Object: 'Object Repository/Regression BackOffice/Login/LoginBackOffice' is clicked on

2019-03-14 15:39:01 - [MESSAGE][PASSED] - Object: 'Object Repository/Regression BackOffice/Login/LoginBackOffice' is clicked on

2019-03-14 15:39:01 - [TEST_STEP][PASSED] - waitForPageLoad(60): Wait for page load successfully

2019-03-14 15:39:01 - [MESSAGE][PASSED] - Wait for page load successfully

2019-03-14 15:39:01 - [TEST_STEP][PASSED] - delay(3): Delayed 3 second(s)

2019-03-14 15:39:04 - [MESSAGE][PASSED] - Delayed 3 second(s)

2019-03-14 15:39:04 - [TEST_STEP][PASSED] - switchToFrame(findTestObject("Regression BackOffice/CLNK-23449/FrameLeft"), 5): null

2019-03-14 15:39:04 - [TEST_STEP][PASSED] - waitForElementPresent(findTestObject("Regression BackOffice/CLNK-23449/ClienIntakeICon"), 60): Object 'Object Repository/Regression BackOffice/CLNK-23449/ClienIntakeICon' is present

2019-03-14 15:39:04 - [MESSAGE][PASSED] - Object 'Object Repository/Regression BackOffice/CLNK-23449/ClienIntakeICon' is present

2019-03-14 15:39:04 - [TEST_STEP][PASSED] - verifyElementPresent(findTestObject("Regression BackOffice/CLNK-23449/ClienIntakeICon"), 100): Object 'Object Repository/Regression BackOffice/CLNK-23449/ClienIntakeICon' is present

2019-03-14 15:39:04 - [MESSAGE][PASSED] - Object 'Object Repository/Regression BackOffice/CLNK-23449/ClienIntakeICon' is present

2019-03-14 15:39:04 - [TEST_STEP][PASSED] - switchToDefaultContent(): null

2019-03-14 15:39:04 - [MESSAGE][PASSED] - Call Test Case 'Test Cases/Regression BackOffice (All Browsers)/CLNK-23439 - Clink - Back office Client' successfully

2019-03-14 15:39:04 - [TEST_STEP][PASSED] - waitForPageLoad(60): Wait for page load successfully

2019-03-14 15:39:04 - [MESSAGE][PASSED] - Wait for page load successfully

2019-03-14 15:39:04 - [TEST_STEP][PASSED] - delay(3): Delayed 3 second(s)

2019-03-14 15:39:08 - [MESSAGE][PASSED] - Delayed 3 second(s)

2019-03-14 15:39:08 - [TEST_STEP][PASSED] - switchToFrame(findTestObject("Regression BackOffice/CLNK-23449/FrameLeft"), 30): null

2019-03-14 15:39:08 - [TEST_STEP][PASSED] - waitForElementPresent(findTestObject("Regression BackOffice/CLNK-23441/Caregiver  HRLink"), 100): Object 'Object Repository/Regression BackOffice/CLNK-23441/Caregiver  HRLink' is present

2019-03-14 15:39:08 - [MESSAGE][PASSED] - Object 'Object Repository/Regression BackOffice/CLNK-23441/Caregiver  HRLink' is present

2019-03-14 15:39:08 - [TEST_STEP][PASSED] - click(findTestObject("Regression BackOffice/CLNK-23441/Caregiver  HRLink")): Object: 'Object Repository/Regression BackOffice/CLNK-23441/Caregiver  HRLink' is clicked on

2019-03-14 15:39:08 - [MESSAGE][PASSED] - Object: 'Object Repository/Regression BackOffice/CLNK-23441/Caregiver  HRLink' is clicked on

2019-03-14 15:39:08 - [TEST_STEP][PASSED] - delay(2): Delayed 2 second(s)

2019-03-14 15:39:10 - [MESSAGE][PASSED] - Delayed 2 second(s)

2019-03-14 15:39:10 - [TEST_STEP][PASSED] - waitForPageLoad(50): Wait for page load successfully

2019-03-14 15:39:10 - [MESSAGE][PASSED] - Wait for page load successfully

2019-03-14 15:39:10 - [TEST_STEP][PASSED] - waitForElementPresent(findTestObject("Regression BackOffice/CLINK-23444/Caregiver Attributes"), 50): Object 'Object Repository/Regression BackOffice/CLINK-23444/Caregiver Attributes' is present

2019-03-14 15:39:10 - [MESSAGE][PASSED] - Object 'Object Repository/Regression BackOffice/CLINK-23444/Caregiver Attributes' is present

2019-03-14 15:39:10 - [TEST_STEP][PASSED] - click(findTestObject("Regression BackOffice/CLINK-23444/Caregiver Attributes")): Object: 'Object Repository/Regression BackOffice/CLINK-23444/Caregiver Attributes' is clicked on

2019-03-14 15:39:12 - [MESSAGE][PASSED] - Object: 'Object Repository/Regression BackOffice/CLINK-23444/Caregiver Attributes' is clicked on

2019-03-14 15:39:12 - [TEST_STEP][PASSED] - delay(2): Delayed 2 second(s)

2019-03-14 15:39:14 - [MESSAGE][PASSED] - Delayed 2 second(s)

2019-03-14 15:39:14 - [TEST_STEP][PASSED] - switchToDefaultContent(): null

2019-03-14 15:39:14 - [TEST_STEP][PASSED] - switchToFrame(findTestObject("Regression BackOffice/CLNK-23449/FrameMain"), 30): null

2019-03-14 15:39:14 - [TEST_STEP][PASSED] - waitForElementPresent(findTestObject("Regression BackOffice/CLNK-10235/FirstNameSearch"), 50): Object 'Object Repository/Regression BackOffice/CLNK-10235/FirstNameSearch' is present

2019-03-14 15:39:14 - [MESSAGE][PASSED] - Object 'Object Repository/Regression BackOffice/CLNK-10235/FirstNameSearch' is present

2019-03-14 15:39:14 - [TEST_STEP][PASSED] - setText(findTestObject("Regression BackOffice/CLNK-10235/FirstNameSearch"), "Josh"): Text 'Josh' is set on object 'Object Repository/Regression BackOffice/CLNK-10235/FirstNameSearch'

2019-03-14 15:39:14 - [MESSAGE][PASSED] - Text 'Josh' is set on object 'Object Repository/Regression BackOffice/CLNK-10235/FirstNameSearch'

2019-03-14 15:39:14 - [TEST_STEP][PASSED] - delay(2): Delayed 2 second(s)

2019-03-14 15:39:16 - [MESSAGE][PASSED] - Delayed 2 second(s)

2019-03-14 15:39:16 - [TEST_STEP][PASSED] - waitForElementPresent(findTestObject("Regression BackOffice/CLNK-23441/Last NameHR"), 50): Object 'Object Repository/Regression BackOffice/CLNK-23441/Last NameHR' is present

2019-03-14 15:39:16 - [MESSAGE][PASSED] - Object 'Object Repository/Regression BackOffice/CLNK-23441/Last NameHR' is present

2019-03-14 15:39:16 - [TEST_STEP][PASSED] - setText(findTestObject("Regression BackOffice/CLNK-23441/Last NameHR"), "Test"): Text 'Test' is set on object 'Object Repository/Regression BackOffice/CLNK-23441/Last NameHR'

2019-03-14 15:39:17 - [MESSAGE][PASSED] - Text 'Test' is set on object 'Object Repository/Regression BackOffice/CLNK-23441/Last NameHR'

2019-03-14 15:39:17 - [TEST_STEP][PASSED] - delay(2): Delayed 2 second(s)

2019-03-14 15:39:19 - [MESSAGE][PASSED] - Delayed 2 second(s)

2019-03-14 15:39:19 - [TEST_STEP][PASSED] - waitForElementPresent(findTestObject("Regression BackOffice/CLNK-23441/CaregiverSearchButton"), 50): Object 'Object Repository/Regression BackOffice/CLNK-23441/CaregiverSearchButton' is present

2019-03-14 15:39:19 - [MESSAGE][PASSED] - Object 'Object Repository/Regression BackOffice/CLNK-23441/CaregiverSearchButton' is present

2019-03-14 15:39:19 - [TEST_STEP][PASSED] - click(findTestObject("Regression BackOffice/CLNK-23441/CaregiverSearchButton"), STOP_ON_FAILURE): Object: 'Object Repository/Regression BackOffice/CLNK-23441/CaregiverSearchButton' is clicked on

2019-03-14 15:39:20 - [MESSAGE][PASSED] - Object: 'Object Repository/Regression BackOffice/CLNK-23441/CaregiverSearchButton' is clicked on

2019-03-14 15:39:20 - [TEST_STEP][PASSED] - delay(2): Delayed 2 second(s)

2019-03-14 15:39:22 - [MESSAGE][PASSED] - Delayed 2 second(s)

2019-03-14 15:39:22 - [TEST_STEP][PASSED] - waitForElementPresent(findTestObject("Regression BackOffice/CLINK-23442/ClientLink"), 50): Object 'Object Repository/Regression BackOffice/CLINK-23442/ClientLink' is present

2019-03-14 15:39:22 - [MESSAGE][PASSED] - Object 'Object Repository/Regression BackOffice/CLINK-23442/ClientLink' is present

2019-03-14 15:39:22 - [TEST_STEP][PASSED] - click(findTestObject("Regression BackOffice/CLINK-23442/ClientLink"), STOP_ON_FAILURE): Object: 'Object Repository/Regression BackOffice/CLINK-23442/ClientLink' is clicked on

2019-03-14 15:39:24 - [MESSAGE][PASSED] - Object: 'Object Repository/Regression BackOffice/CLINK-23442/ClientLink' is clicked on

2019-03-14 15:39:24 - [TEST_STEP][PASSED] - delay(2): Delayed 2 second(s)

2019-03-14 15:39:26 - [MESSAGE][PASSED] - Delayed 2 second(s)

2019-03-14 15:39:26 - [TEST_STEP][PASSED] - waitForElementPresent(findTestObject("Regression BackOffice/CLINK-23444/New Attribute"), 50): Object 'Object Repository/Regression BackOffice/CLINK-23444/New Attribute' is present

2019-03-14 15:39:26 - [MESSAGE][PASSED] - Object 'Object Repository/Regression BackOffice/CLINK-23444/New Attribute' is present

2019-03-14 15:39:26 - [TEST_STEP][PASSED] - click(findTestObject("Regression BackOffice/CLINK-23444/New Attribute"), STOP_ON_FAILURE): Object: 'Object Repository/Regression BackOffice/CLINK-23444/New Attribute' is clicked on

2019-03-14 15:39:26 - [MESSAGE][PASSED] - Object: 'Object Repository/Regression BackOffice/CLINK-23444/New Attribute' is clicked on

2019-03-14 15:39:26 - [TEST_STEP][PASSED] - delay(2): Delayed 2 second(s)

2019-03-14 15:39:28 - [MESSAGE][PASSED] - Delayed 2 second(s)

2019-03-14 15:39:28 - [TEST_STEP][PASSED] - waitForElementPresent(findTestObject("Regression BackOffice/CLINK-23444/CheckedBy"), 50): Object 'Object Repository/Regression BackOffice/CLINK-23444/CheckedBy' is present

2019-03-14 15:39:29 - [MESSAGE][PASSED] - Object 'Object Repository/Regression BackOffice/CLINK-23444/CheckedBy' is present

2019-03-14 15:39:29 - [TEST_STEP][PASSED] - setText(findTestObject("Regression BackOffice/CLINK-23444/CheckedBy"), "Isaac"): Text 'Isaac' is set on object 'Object Repository/Regression BackOffice/CLINK-23444/CheckedBy'

2019-03-14 15:39:29 - [MESSAGE][PASSED] - Text 'Isaac' is set on object 'Object Repository/Regression BackOffice/CLINK-23444/CheckedBy'

2019-03-14 15:39:29 - [TEST_STEP][PASSED] - delay(2): Delayed 2 second(s)

2019-03-14 15:39:31 - [MESSAGE][PASSED] - Delayed 2 second(s)

2019-03-14 15:39:31 - [TEST_STEP][PASSED] - waitForElementPresent(findTestObject("Regression BackOffice/CLINK-23444/Checked Date"), 50): Object 'Object Repository/Regression BackOffice/CLINK-23444/Checked Date' is present

2019-03-14 15:39:31 - [MESSAGE][PASSED] - Object 'Object Repository/Regression BackOffice/CLINK-23444/Checked Date' is present

2019-03-14 15:39:31 - [TEST_STEP][PASSED] - setText(findTestObject("Regression BackOffice/CLINK-23444/Checked Date"), getDate.DateUtilities.getDateMonthDayYearNumberwithSlash()): Text '03/14/2019' is set on object 'Object Repository/Regression BackOffice/CLINK-23444/Checked Date'

2019-03-14 15:39:31 - [MESSAGE][PASSED] - getDate.DateUtilities.getDateMonthDayYearNumberwithSlash is PASSED

2019-03-14 15:39:31 - [MESSAGE][PASSED] - Text '03/14/2019' is set on object 'Object Repository/Regression BackOffice/CLINK-23444/Checked Date'

2019-03-14 15:39:31 - [TEST_STEP][PASSED] - delay(4): Delayed 4 second(s)

2019-03-14 15:39:35 - [MESSAGE][PASSED] - Delayed 4 second(s)

2019-03-14 15:39:35 - [TEST_STEP][PASSED] - waitForElementPresent(findTestObject("Regression BackOffice/CLINK-23444/a_Add To List"), 50): Object 'Object Repository/Regression BackOffice/CLINK-23444/a_Add To List' is present

2019-03-14 15:39:35 - [MESSAGE][PASSED] - Object 'Object Repository/Regression BackOffice/CLINK-23444/a_Add To List' is present

2019-03-14 15:39:35 - [TEST_STEP][PASSED] - click(findTestObject("Regression BackOffice/CLINK-23444/a_Add To List"), STOP_ON_FAILURE): Object: 'Object Repository/Regression BackOffice/CLINK-23444/a_Add To List' is clicked on

2019-03-14 15:39:36 - [MESSAGE][PASSED] - Object: 'Object Repository/Regression BackOffice/CLINK-23444/a_Add To List' is clicked on

2019-03-14 15:39:36 - [TEST_STEP][PASSED] - delay(3): Delayed 3 second(s)

2019-03-14 15:39:39 - [MESSAGE][PASSED] - Delayed 3 second(s)

2019-03-14 15:39:39 - [TEST_STEP][PASSED] - switchToDefaultContent(): null

2019-03-14 15:39:39 - [TEST_STEP][PASSED] - switchToFrame(findTestObject("Regression BackOffice/CLINK-23444/BannerFrameAtt"), 30): null

2019-03-14 15:39:39 - [TEST_STEP][PASSED] - waitForElementPresent(findTestObject("Regression BackOffice/CLINK-23444/Save"), 50): Object 'Object Repository/Regression BackOffice/CLINK-23444/Save' is present

2019-03-14 15:39:39 - [MESSAGE][PASSED] - Object 'Object Repository/Regression BackOffice/CLINK-23444/Save' is present

2019-03-14 15:39:39 - [TEST_STEP][PASSED] - click(findTestObject("Regression BackOffice/CLINK-23444/Save")): Object: 'Object Repository/Regression BackOffice/CLINK-23444/Save' is clicked on

2019-03-14 15:39:42 - [MESSAGE][PASSED] - Object: 'Object Repository/Regression BackOffice/CLINK-23444/Save' is clicked on

2019-03-14 15:39:42 - [TEST_STEP][PASSED] - delay(2): Delayed 2 second(s)

2019-03-14 15:39:44 - [MESSAGE][PASSED] - Delayed 2 second(s)]]></system-out>
         <system-err><![CDATA[]]></system-err>
      </testcase>
      <system-out><![CDATA[2019-03-14 15:38:38 - [TEST_SUITE][PASSED] - Regression BackOffice: Test Cases/Regression BackOffice (All Browsers)/CLNK-23444 - Back office Caregiver Attributes]]></system-out>
      <system-err><![CDATA[]]></system-err>
   </testsuite>
</testsuites>
