<?xml version="1.0" encoding="UTF-8"?>
<testsuites name="Regression BackOffice" time="86" tests="1" failures="0" errors="0">
   <testsuite name="Regression BackOffice" tests="1" failures="0" errors="0" time="86" timestamp="2019-02-28 14:09:18" hostname="isaac - DESKTOP-RO0FF5F" id="Test Suites/Regression BackOffice (All Browsers)/Regression BackOffice">
      <properties>
         <property name="deviceName" value=""/>
         <property name="devicePlatform" value=""/>
         <property name="logFolder" value="C:\\Users\\isaac\\Katalon Studio\\Continulink\\Reports\\Regression BackOffice (All Browsers)\\Regression BackOffice\\20190228_140905"/>
         <property name="logFiles" value="C:\\Users\\isaac\\Katalon Studio\\Continulink\\Reports\\Regression BackOffice (All Browsers)\\Regression BackOffice\\20190228_140905\\execution0.log, C:\\Users\\isaac\\Katalon Studio\\Continulink\\Reports\\Regression BackOffice (All Browsers)\\Regression BackOffice\\20190228_140905\\IEDriverServer.log"/>
         <property name="attachments" value=""/>
         <property name="hostName" value="isaac - DESKTOP-RO0FF5F"/>
         <property name="os" value="Windows 10 64bit"/>
         <property name="katalonVersion" value="5.10.1.1"/>
         <property name="browser" value="IE 11"/>
         <property name="hostAddress" value="192.168.0.118"/>
         <property name="sessionId" value="ccfde19e-718f-4657-b549-f076dd2276bf"/>
         <property name="seleniumVersion" value="3.7.1"/>
         <property name="proxyInformation" value="ProxyInformation{proxyOption=NO_PROXY, proxyServerType=HTTP, password=, proxyServerAddress=, proxyServerPort=0}"/>
         <property name="platform" value="Windows 10"/>
      </properties>
      <testcase name="Test Cases/Regression BackOffice (All Browsers)/CLNK-17788 - (Task A) New Clinical Manager Caregiver Property" classname="Test Cases/Regression BackOffice (All Browsers)/CLNK-17788 - (Task A) New Clinical Manager Caregiver Property" status="PASSED">
         <system-out><![CDATA[2019-02-28 14:09:19 - [TEST_CASE][PASSED] - Test Cases/Regression BackOffice (All Browsers)/CLNK-17788 - (Task A) New Clinical Manager Caregiver Property: Test Cases/Regression BackOffice (All Browsers)/CLNK-17788 - (Task A) New Clinical Manager Caregiver Property

2019-02-28 14:09:20 - [TEST_STEP][PASSED] - callTestCase(findTestCase("Regression BackOffice (All Browsers)/Login/Verify Successful Login Backoffice"), [:], STOP_ON_FAILURE): Call Test Case 'Test Cases/Regression BackOffice (All Browsers)/Login/Verify Successful Login Backoffice' successfully

2019-02-28 14:09:21 - [TEST_CASE][PASSED] - Test Cases/Regression BackOffice (All Browsers)/Login/Verify Successful Login Backoffice: Test Cases/Regression BackOffice (All Browsers)/Login/Verify Successful Login Backoffice

2019-02-28 14:09:22 - [TEST_STEP][PASSED] - openBrowser(G_SiteBackOffice): Browser is opened with url: 'http://qanewpoc.continulink.com:81/backoffice/Login.aspx'

2019-02-28 14:09:23 - [MESSAGE][INFO] - Starting 'IE' driver

2019-02-28 14:09:23 - [MESSAGE][INFO] - Action delay is set to 0 seconds

2019-02-28 14:09:44 - [MESSAGE][PASSED] - Browser is opened with url: 'http://qanewpoc.continulink.com:81/backoffice/Login.aspx'

2019-02-28 14:09:44 - [TEST_STEP][PASSED] - waitForPageLoad(60): Wait for page load successfully

2019-02-28 14:09:44 - [MESSAGE][PASSED] - Wait for page load successfully

2019-02-28 14:09:44 - [TEST_STEP][PASSED] - maximizeWindow(): Current window maximized

2019-02-28 14:09:45 - [MESSAGE][PASSED] - Current window maximized

2019-02-28 14:09:45 - [TEST_STEP][PASSED] - setText(findTestObject("Regression BackOffice (IE)/Login/UserBackOffice"), G_UserBackOffice): Text 'demo' is set on object 'Object Repository/Regression BackOffice (IE)/Login/UserBackOffice'

2019-02-28 14:09:48 - [MESSAGE][PASSED] - Text 'demo' is set on object 'Object Repository/Regression BackOffice (IE)/Login/UserBackOffice'

2019-02-28 14:09:48 - [TEST_STEP][PASSED] - setText(findTestObject("Regression BackOffice (IE)/Login/PasswordBackOffice"), G_PasswordBackOffice): Text 'qwerty' is set on object 'Object Repository/Regression BackOffice (IE)/Login/PasswordBackOffice'

2019-02-28 14:09:49 - [MESSAGE][PASSED] - Text 'qwerty' is set on object 'Object Repository/Regression BackOffice (IE)/Login/PasswordBackOffice'

2019-02-28 14:09:49 - [TEST_STEP][PASSED] - click(findTestObject("Regression BackOffice (IE)/Login/LoginBackOffice")): Object: 'Object Repository/Regression BackOffice (IE)/Login/LoginBackOffice' is clicked on

2019-02-28 14:09:57 - [MESSAGE][PASSED] - Object: 'Object Repository/Regression BackOffice (IE)/Login/LoginBackOffice' is clicked on

2019-02-28 14:09:57 - [TEST_STEP][PASSED] - waitForPageLoad(60): Wait for page load successfully

2019-02-28 14:09:58 - [MESSAGE][PASSED] - Wait for page load successfully

2019-02-28 14:09:58 - [TEST_STEP][PASSED] - delay(3): Delayed 3 second(s)

2019-02-28 14:10:01 - [MESSAGE][PASSED] - Delayed 3 second(s)

2019-02-28 14:10:01 - [TEST_STEP][PASSED] - switchToFrame(findTestObject("Regression BackOffice (IE)/New Referral/FrameLeft"), 5): null

2019-02-28 14:10:01 - [TEST_STEP][PASSED] - waitForElementPresent(findTestObject("Regression BackOffice (IE)/New Referral/ClienIntakeICon"), 60): Object 'Object Repository/Regression BackOffice (IE)/New Referral/ClienIntakeICon' is present

2019-02-28 14:10:01 - [MESSAGE][PASSED] - Object 'Object Repository/Regression BackOffice (IE)/New Referral/ClienIntakeICon' is present

2019-02-28 14:10:01 - [TEST_STEP][PASSED] - verifyElementPresent(findTestObject("Regression BackOffice (IE)/New Referral/ClienIntakeICon"), 100): Object 'Object Repository/Regression BackOffice (IE)/New Referral/ClienIntakeICon' is present

2019-02-28 14:10:01 - [MESSAGE][PASSED] - Object 'Object Repository/Regression BackOffice (IE)/New Referral/ClienIntakeICon' is present

2019-02-28 14:10:01 - [TEST_STEP][PASSED] - switchToDefaultContent(): null

2019-02-28 14:10:02 - [MESSAGE][PASSED] - Call Test Case 'Test Cases/Regression BackOffice (All Browsers)/Login/Verify Successful Login Backoffice' successfully

2019-02-28 14:10:02 - [TEST_STEP][PASSED] - waitForPageLoad(60): Wait for page load successfully

2019-02-28 14:10:02 - [MESSAGE][PASSED] - Wait for page load successfully

2019-02-28 14:10:02 - [TEST_STEP][PASSED] - delay(3): Delayed 3 second(s)

2019-02-28 14:10:05 - [MESSAGE][PASSED] - Delayed 3 second(s)

2019-02-28 14:10:05 - [TEST_STEP][PASSED] - switchToFrame(findTestObject("Regression BackOffice (IE)/New Referral/FrameLeft"), 30): null

2019-02-28 14:10:05 - [TEST_STEP][PASSED] - waitForElementPresent(findTestObject("Regression BackOffice (IE)/CLINK-17788/CaregiverHRLink"), 100): Object 'Object Repository/Regression BackOffice (IE)/CLINK-17788/CaregiverHRLink' is present

2019-02-28 14:10:05 - [MESSAGE][PASSED] - Object 'Object Repository/Regression BackOffice (IE)/CLINK-17788/CaregiverHRLink' is present

2019-02-28 14:10:05 - [TEST_STEP][PASSED] - click(findTestObject("Regression BackOffice (IE)/CLINK-17788/CaregiverHRLink")): Object: 'Object Repository/Regression BackOffice (IE)/CLINK-17788/CaregiverHRLink' is clicked on

2019-02-28 14:10:07 - [MESSAGE][PASSED] - Object: 'Object Repository/Regression BackOffice (IE)/CLINK-17788/CaregiverHRLink' is clicked on

2019-02-28 14:10:07 - [TEST_STEP][PASSED] - delay(2): Delayed 2 second(s)

2019-02-28 14:10:09 - [MESSAGE][PASSED] - Delayed 2 second(s)

2019-02-28 14:10:09 - [TEST_STEP][PASSED] - waitForPageLoad(50): Wait for page load successfully

2019-02-28 14:10:09 - [MESSAGE][PASSED] - Wait for page load successfully

2019-02-28 14:10:09 - [TEST_STEP][PASSED] - waitForElementPresent(findTestObject("Regression BackOffice (IE)/CLINK-17788/CaregiverDemographics"), 50): Object 'Object Repository/Regression BackOffice (IE)/CLINK-17788/CaregiverDemographics' is present

2019-02-28 14:10:09 - [MESSAGE][PASSED] - Object 'Object Repository/Regression BackOffice (IE)/CLINK-17788/CaregiverDemographics' is present

2019-02-28 14:10:09 - [TEST_STEP][PASSED] - click(findTestObject("Regression BackOffice (IE)/CLINK-17788/CaregiverDemographics")): Object: 'Object Repository/Regression BackOffice (IE)/CLINK-17788/CaregiverDemographics' is clicked on

2019-02-28 14:10:11 - [MESSAGE][PASSED] - Object: 'Object Repository/Regression BackOffice (IE)/CLINK-17788/CaregiverDemographics' is clicked on

2019-02-28 14:10:11 - [TEST_STEP][PASSED] - delay(2): Delayed 2 second(s)

2019-02-28 14:10:13 - [MESSAGE][PASSED] - Delayed 2 second(s)

2019-02-28 14:10:13 - [TEST_STEP][PASSED] - switchToDefaultContent(): null

2019-02-28 14:10:14 - [TEST_STEP][PASSED] - switchToFrame(findTestObject("Regression BackOffice (IE)/New Referral/FrameMain"), 30): null

2019-02-28 14:10:14 - [TEST_STEP][PASSED] - waitForElementPresent(findTestObject("Regression BackOffice (IE)/CLINK-17788/LastNameSearch"), 50): Object 'Object Repository/Regression BackOffice (IE)/CLINK-17788/LastNameSearch' is present

2019-02-28 14:10:14 - [MESSAGE][PASSED] - Object 'Object Repository/Regression BackOffice (IE)/CLINK-17788/LastNameSearch' is present

2019-02-28 14:10:14 - [TEST_STEP][PASSED] - setText(findTestObject("Regression BackOffice (IE)/CLINK-17788/LastNameSearch"), G_LastNameSearch): Text 'Abbott' is set on object 'Object Repository/Regression BackOffice (IE)/CLINK-17788/LastNameSearch'

2019-02-28 14:10:15 - [MESSAGE][PASSED] - Text 'Abbott' is set on object 'Object Repository/Regression BackOffice (IE)/CLINK-17788/LastNameSearch'

2019-02-28 14:10:15 - [TEST_STEP][PASSED] - delay(2): Delayed 2 second(s)

2019-02-28 14:10:17 - [MESSAGE][PASSED] - Delayed 2 second(s)

2019-02-28 14:10:17 - [TEST_STEP][PASSED] - waitForElementPresent(findTestObject("Regression BackOffice (IE)/CLINK-17788/SearchButton"), 50): Object 'Object Repository/Regression BackOffice (IE)/CLINK-17788/SearchButton' is present

2019-02-28 14:10:17 - [MESSAGE][PASSED] - Object 'Object Repository/Regression BackOffice (IE)/CLINK-17788/SearchButton' is present

2019-02-28 14:10:17 - [TEST_STEP][PASSED] - click(findTestObject("Regression BackOffice (IE)/CLINK-17788/SearchButton"), STOP_ON_FAILURE): Object: 'Object Repository/Regression BackOffice (IE)/CLINK-17788/SearchButton' is clicked on

2019-02-28 14:10:20 - [MESSAGE][PASSED] - Object: 'Object Repository/Regression BackOffice (IE)/CLINK-17788/SearchButton' is clicked on

2019-02-28 14:10:20 - [TEST_STEP][PASSED] - delay(2): Delayed 2 second(s)

2019-02-28 14:10:22 - [MESSAGE][PASSED] - Delayed 2 second(s)

2019-02-28 14:10:22 - [TEST_STEP][PASSED] - waitForElementPresent(findTestObject("Regression BackOffice (IE)/CLINK-17788/UserLink"), 50): Object 'Object Repository/Regression BackOffice (IE)/CLINK-17788/UserLink' is present

2019-02-28 14:10:22 - [MESSAGE][PASSED] - Object 'Object Repository/Regression BackOffice (IE)/CLINK-17788/UserLink' is present

2019-02-28 14:10:22 - [TEST_STEP][PASSED] - click(findTestObject("Regression BackOffice (IE)/CLINK-17788/UserLink"), STOP_ON_FAILURE): Object: 'Object Repository/Regression BackOffice (IE)/CLINK-17788/UserLink' is clicked on

2019-02-28 14:10:27 - [MESSAGE][PASSED] - Object: 'Object Repository/Regression BackOffice (IE)/CLINK-17788/UserLink' is clicked on

2019-02-28 14:10:27 - [TEST_STEP][PASSED] - delay(2): Delayed 2 second(s)

2019-02-28 14:10:29 - [MESSAGE][PASSED] - Delayed 2 second(s)

2019-02-28 14:10:29 - [TEST_STEP][PASSED] - scrollToElement(findTestObject("Regression BackOffice (IE)/CLINK-17788/OtherInformationSection"), 20): Scroll to object 'Object Repository/Regression BackOffice (IE)/CLINK-17788/OtherInformationSection' successfully

2019-02-28 14:10:29 - [MESSAGE][PASSED] - Scroll to object 'Object Repository/Regression BackOffice (IE)/CLINK-17788/OtherInformationSection' successfully

2019-02-28 14:10:29 - [TEST_STEP][PASSED] - waitForElementPresent(findTestObject("Regression BackOffice (IE)/CLINK-17788/NoCareManager"), 50): Object 'Object Repository/Regression BackOffice (IE)/CLINK-17788/NoCareManager' is present

2019-02-28 14:10:29 - [MESSAGE][PASSED] - Object 'Object Repository/Regression BackOffice (IE)/CLINK-17788/NoCareManager' is present

2019-02-28 14:10:29 - [TEST_STEP][PASSED] - click(findTestObject("Regression BackOffice (IE)/CLINK-17788/NoCareManager"), STOP_ON_FAILURE): Object: 'Object Repository/Regression BackOffice (IE)/CLINK-17788/NoCareManager' is clicked on

2019-02-28 14:10:31 - [MESSAGE][PASSED] - Object: 'Object Repository/Regression BackOffice (IE)/CLINK-17788/NoCareManager' is clicked on

2019-02-28 14:10:31 - [TEST_STEP][PASSED] - delay(2): Delayed 2 second(s)

2019-02-28 14:10:33 - [MESSAGE][PASSED] - Delayed 2 second(s)

2019-02-28 14:10:33 - [TEST_STEP][PASSED] - switchToDefaultContent(): null

2019-02-28 14:10:33 - [TEST_STEP][PASSED] - switchToFrame(findTestObject("Regression BackOffice (IE)/CLINK-17788/BannerFrame"), 30): null

2019-02-28 14:10:33 - [TEST_STEP][PASSED] - waitForElementPresent(findTestObject("Regression BackOffice (IE)/CLINK-17788/SaveButton"), 50): Object 'Object Repository/Regression BackOffice (IE)/CLINK-17788/SaveButton' is present

2019-02-28 14:10:33 - [MESSAGE][WARNING] - Test object with id 'Object Repository/CLINK-17788/Page_InterLink/frame_Capture object_BannerFra' does not exist

2019-02-28 14:10:33 - [MESSAGE][PASSED] - Object 'Object Repository/Regression BackOffice (IE)/CLINK-17788/SaveButton' is present

2019-02-28 14:10:33 - [TEST_STEP][PASSED] - click(findTestObject("Regression BackOffice (IE)/CLINK-17788/SaveButton"), STOP_ON_FAILURE): Object: 'Object Repository/Regression BackOffice (IE)/CLINK-17788/SaveButton' is clicked on

2019-02-28 14:10:33 - [MESSAGE][WARNING] - Test object with id 'Object Repository/CLINK-17788/Page_InterLink/frame_Capture object_BannerFra' does not exist

2019-02-28 14:10:42 - [MESSAGE][PASSED] - Object: 'Object Repository/Regression BackOffice (IE)/CLINK-17788/SaveButton' is clicked on

2019-02-28 14:10:42 - [TEST_STEP][PASSED] - delay(2): Delayed 2 second(s)

2019-02-28 14:10:44 - [MESSAGE][PASSED] - Delayed 2 second(s)]]></system-out>
         <system-err><![CDATA[]]></system-err>
      </testcase>
      <system-out><![CDATA[2019-02-28 14:09:18 - [TEST_SUITE][PASSED] - Regression BackOffice: Test Cases/Regression BackOffice (All Browsers)/CLNK-17788 - (Task A) New Clinical Manager Caregiver Property]]></system-out>
      <system-err><![CDATA[]]></system-err>
   </testsuite>
</testsuites>
