<?xml version="1.0" encoding="UTF-8"?>
<testsuites name="Regression BackOffice" time="80" tests="1" failures="0" errors="0">
   <testsuite name="Regression BackOffice" tests="1" failures="0" errors="0" time="80" timestamp="2019-03-08 15:21:36" hostname="isaac - DESKTOP-RO0FF5F" id="Test Suites/Regression BackOffice/Regression BackOffice">
      <properties>
         <property name="deviceName" value=""/>
         <property name="devicePlatform" value=""/>
         <property name="logFolder" value="C:\\Users\\isaac\\Katalon Studio\\Continulink\\Reports\\Regression BackOffice\\Regression BackOffice\\20190308_152129"/>
         <property name="logFiles" value="C:\\Users\\isaac\\Katalon Studio\\Continulink\\Reports\\Regression BackOffice\\Regression BackOffice\\20190308_152129\\execution0.log"/>
         <property name="attachments" value=""/>
         <property name="hostName" value="isaac - DESKTOP-RO0FF5F"/>
         <property name="os" value="Windows 10 64bit"/>
         <property name="katalonVersion" value="6.0.5.4"/>
         <property name="browser" value="Chrome 72.0.3626.119"/>
         <property name="hostAddress" value="192.168.0.117"/>
         <property name="sessionId" value="d04dbd4fd8549e638fb534918802a94d"/>
         <property name="seleniumVersion" value="3.7.1"/>
         <property name="proxyInformation" value="ProxyInformation{proxyOption=NO_PROXY, proxyServerType=HTTP, password=, proxyServerAddress=, proxyServerPort=0}"/>
         <property name="platform" value="Windows 10"/>
      </properties>
      <testcase name="Test Cases/Regression BackOffice (All Browsers)/CLNK-17180 - Admission Authorization Changes Report" classname="Test Cases/Regression BackOffice (All Browsers)/CLNK-17180 - Admission Authorization Changes Report" status="PASSED">
         <system-out><![CDATA[2019-03-08 15:21:37 - [TEST_CASE][PASSED] - Test Cases/Regression BackOffice (All Browsers)/CLNK-17180 - Admission Authorization Changes Report: Test Cases/Regression BackOffice (All Browsers)/CLNK-17180 - Admission Authorization Changes Report

2019-03-08 15:21:39 - [TEST_STEP][PASSED] - callTestCase(findTestCase("Regression BackOffice (All Browsers)/CLNK-23439 - Clink - Back office Client"), [:], STOP_ON_FAILURE): Call Test Case 'Test Cases/Regression BackOffice (All Browsers)/CLNK-23439 - Clink - Back office Client' successfully

2019-03-08 15:21:39 - [TEST_CASE][PASSED] - Test Cases/Regression BackOffice (All Browsers)/CLNK-23439 - Clink - Back office Client: Test Cases/Regression BackOffice (All Browsers)/CLNK-23439 - Clink - Back office Client

2019-03-08 15:21:40 - [TEST_STEP][PASSED] - openBrowser(G_SiteBackOffice): Browser is opened with url: 'http://qanewpoc.continulink.com:81/backoffice/Login.aspx'

2019-03-08 15:21:43 - [MESSAGE][INFO] - Starting 'Chrome' driver

2019-03-08 15:21:43 - [MESSAGE][INFO] - Action delay is set to 0 seconds

2019-03-08 15:21:53 - [MESSAGE][PASSED] - Browser is opened with url: 'http://qanewpoc.continulink.com:81/backoffice/Login.aspx'

2019-03-08 15:21:53 - [TEST_STEP][PASSED] - waitForPageLoad(60): Wait for page load successfully

2019-03-08 15:21:53 - [MESSAGE][PASSED] - Wait for page load successfully

2019-03-08 15:21:53 - [TEST_STEP][PASSED] - maximizeWindow(): Current window maximized

2019-03-08 15:21:54 - [MESSAGE][PASSED] - Current window maximized

2019-03-08 15:21:54 - [TEST_STEP][PASSED] - setText(findTestObject("Regression BackOffice/Login/UserBackOffice"), G_UserBackOffice): Text 'demo' is set on object 'Object Repository/Regression BackOffice/Login/UserBackOffice'

2019-03-08 15:21:55 - [MESSAGE][PASSED] - Text 'demo' is set on object 'Object Repository/Regression BackOffice/Login/UserBackOffice'

2019-03-08 15:21:55 - [TEST_STEP][PASSED] - setText(findTestObject("Regression BackOffice/Login/PasswordBackOffice"), G_PasswordBackOffice): Text 'qwerty' is set on object 'Object Repository/Regression BackOffice/Login/PasswordBackOffice'

2019-03-08 15:21:55 - [MESSAGE][PASSED] - Text 'qwerty' is set on object 'Object Repository/Regression BackOffice/Login/PasswordBackOffice'

2019-03-08 15:21:55 - [TEST_STEP][PASSED] - click(findTestObject("Regression BackOffice/Login/LoginBackOffice")): Object: 'Object Repository/Regression BackOffice/Login/LoginBackOffice' is clicked on

2019-03-08 15:22:01 - [MESSAGE][PASSED] - Object: 'Object Repository/Regression BackOffice/Login/LoginBackOffice' is clicked on

2019-03-08 15:22:01 - [TEST_STEP][PASSED] - waitForPageLoad(60): Wait for page load successfully

2019-03-08 15:22:02 - [MESSAGE][PASSED] - Wait for page load successfully

2019-03-08 15:22:02 - [TEST_STEP][PASSED] - delay(3): Delayed 3 second(s)

2019-03-08 15:22:05 - [MESSAGE][PASSED] - Delayed 3 second(s)

2019-03-08 15:22:05 - [TEST_STEP][PASSED] - switchToFrame(findTestObject("Regression BackOffice/CLNK-23449/FrameLeft"), 5): null

2019-03-08 15:22:05 - [TEST_STEP][PASSED] - waitForElementPresent(findTestObject("Regression BackOffice/CLNK-23449/ClienIntakeICon"), 60): Object 'Object Repository/Regression BackOffice/CLNK-23449/ClienIntakeICon' is present

2019-03-08 15:22:06 - [MESSAGE][PASSED] - Object 'Object Repository/Regression BackOffice/CLNK-23449/ClienIntakeICon' is present

2019-03-08 15:22:06 - [TEST_STEP][PASSED] - verifyElementPresent(findTestObject("Regression BackOffice/CLNK-23449/ClienIntakeICon"), 100): Object 'Object Repository/Regression BackOffice/CLNK-23449/ClienIntakeICon' is present

2019-03-08 15:22:06 - [MESSAGE][PASSED] - Object 'Object Repository/Regression BackOffice/CLNK-23449/ClienIntakeICon' is present

2019-03-08 15:22:06 - [TEST_STEP][PASSED] - switchToDefaultContent(): null

2019-03-08 15:22:06 - [MESSAGE][PASSED] - Call Test Case 'Test Cases/Regression BackOffice (All Browsers)/CLNK-23439 - Clink - Back office Client' successfully

2019-03-08 15:22:06 - [TEST_STEP][PASSED] - waitForPageLoad(60): Wait for page load successfully

2019-03-08 15:22:06 - [MESSAGE][PASSED] - Wait for page load successfully

2019-03-08 15:22:06 - [TEST_STEP][PASSED] - delay(3): Delayed 3 second(s)

2019-03-08 15:22:09 - [MESSAGE][PASSED] - Delayed 3 second(s)

2019-03-08 15:22:09 - [TEST_STEP][PASSED] - switchToFrame(findTestObject("Regression BackOffice/CLNK-23449/FrameLeft"), 30): null

2019-03-08 15:22:09 - [TEST_STEP][PASSED] - waitForElementPresent(findTestObject("Regression BackOffice/CLNK-23449/ClienIntakeICon"), 100): Object 'Object Repository/Regression BackOffice/CLNK-23449/ClienIntakeICon' is present

2019-03-08 15:22:09 - [MESSAGE][PASSED] - Object 'Object Repository/Regression BackOffice/CLNK-23449/ClienIntakeICon' is present

2019-03-08 15:22:09 - [TEST_STEP][PASSED] - click(findTestObject("Regression BackOffice/CLNK-23449/ClienIntakeICon")): Object: 'Object Repository/Regression BackOffice/CLNK-23449/ClienIntakeICon' is clicked on

2019-03-08 15:22:09 - [MESSAGE][PASSED] - Object: 'Object Repository/Regression BackOffice/CLNK-23449/ClienIntakeICon' is clicked on

2019-03-08 15:22:09 - [TEST_STEP][PASSED] - delay(2): Delayed 2 second(s)

2019-03-08 15:22:11 - [MESSAGE][PASSED] - Delayed 2 second(s)

2019-03-08 15:22:11 - [TEST_STEP][PASSED] - waitForPageLoad(50): Wait for page load successfully

2019-03-08 15:22:11 - [MESSAGE][PASSED] - Wait for page load successfully

2019-03-08 15:22:11 - [TEST_STEP][PASSED] - scrollToElement(findTestObject("Regression BackOffice/CLINK-17180/Client  Intake Reports Link"), 50): Scroll to object 'Object Repository/Regression BackOffice/CLINK-17180/Client  Intake Reports Link' successfully

2019-03-08 15:22:12 - [MESSAGE][PASSED] - Scroll to object 'Object Repository/Regression BackOffice/CLINK-17180/Client  Intake Reports Link' successfully

2019-03-08 15:22:12 - [TEST_STEP][PASSED] - click(findTestObject("Regression BackOffice/CLINK-17180/Client  Intake Reports Link")): Object: 'Object Repository/Regression BackOffice/CLINK-17180/Client  Intake Reports Link' is clicked on

2019-03-08 15:22:14 - [MESSAGE][PASSED] - Object: 'Object Repository/Regression BackOffice/CLINK-17180/Client  Intake Reports Link' is clicked on

2019-03-08 15:22:14 - [TEST_STEP][PASSED] - delay(2): Delayed 2 second(s)

2019-03-08 15:22:16 - [MESSAGE][PASSED] - Delayed 2 second(s)

2019-03-08 15:22:16 - [TEST_STEP][PASSED] - switchToDefaultContent(): null

2019-03-08 15:22:16 - [TEST_STEP][PASSED] - switchToFrame(findTestObject("Regression BackOffice/CLNK-23449/FrameMain"), 30): null

2019-03-08 15:22:16 - [TEST_STEP][PASSED] - waitForElementPresent(findTestObject("Regression BackOffice/CLINK-17180/Admission Authorization Changes Report Link"), 50): Object 'Object Repository/Regression BackOffice/CLINK-17180/Admission Authorization Changes Report Link' is present

2019-03-08 15:22:16 - [MESSAGE][PASSED] - Object 'Object Repository/Regression BackOffice/CLINK-17180/Admission Authorization Changes Report Link' is present

2019-03-08 15:22:16 - [TEST_STEP][PASSED] - click(findTestObject("Regression BackOffice/CLINK-17180/Admission Authorization Changes Report Link")): Object: 'Object Repository/Regression BackOffice/CLINK-17180/Admission Authorization Changes Report Link' is clicked on

2019-03-08 15:22:18 - [MESSAGE][PASSED] - Object: 'Object Repository/Regression BackOffice/CLINK-17180/Admission Authorization Changes Report Link' is clicked on

2019-03-08 15:22:18 - [TEST_STEP][PASSED] - delay(2): Delayed 2 second(s)

2019-03-08 15:22:20 - [MESSAGE][PASSED] - Delayed 2 second(s)

2019-03-08 15:22:20 - [TEST_STEP][PASSED] - waitForPageLoad(60): Wait for page load successfully

2019-03-08 15:22:20 - [MESSAGE][PASSED] - Wait for page load successfully

2019-03-08 15:22:20 - [TEST_STEP][PASSED] - waitForElementPresent(findTestObject("Regression BackOffice/CLINK-17180/Search Client Link"), 50): Object 'Object Repository/Regression BackOffice/CLINK-17180/Search Client Link' is present

2019-03-08 15:22:20 - [MESSAGE][PASSED] - Object 'Object Repository/Regression BackOffice/CLINK-17180/Search Client Link' is present

2019-03-08 15:22:20 - [TEST_STEP][PASSED] - click(findTestObject("Regression BackOffice/CLINK-17180/Search Client Link")): Object: 'Object Repository/Regression BackOffice/CLINK-17180/Search Client Link' is clicked on

2019-03-08 15:22:21 - [MESSAGE][PASSED] - Object: 'Object Repository/Regression BackOffice/CLINK-17180/Search Client Link' is clicked on

2019-03-08 15:22:21 - [TEST_STEP][PASSED] - delay(2): Delayed 2 second(s)

2019-03-08 15:22:23 - [MESSAGE][PASSED] - Delayed 2 second(s)

2019-03-08 15:22:23 - [TEST_STEP][PASSED] - switchToDefaultContent(): null

2019-03-08 15:22:23 - [TEST_STEP][PASSED] - switchToWindowUrl("http://qanewpoc.continulink.com:81/backoffice/Client/ClientSearch.aspx?search=true"): Switched to window with url: 'http://qanewpoc.continulink.com:81/backoffice/Client/ClientSearch.aspx?search=true'

2019-03-08 15:22:24 - [MESSAGE][PASSED] - Switched to window with url: 'http://qanewpoc.continulink.com:81/backoffice/Client/ClientSearch.aspx?search=true'

2019-03-08 15:22:24 - [TEST_STEP][PASSED] - waitForPageLoad(60): Wait for page load successfully

2019-03-08 15:22:24 - [MESSAGE][PASSED] - Wait for page load successfully

2019-03-08 15:22:24 - [TEST_STEP][PASSED] - maximizeWindow(): Current window maximized

2019-03-08 15:22:24 - [MESSAGE][PASSED] - Current window maximized

2019-03-08 15:22:24 - [TEST_STEP][PASSED] - waitForElementPresent(findTestObject("Regression BackOffice/CLINK-17180/Last Name"), 50): Object 'Object Repository/Regression BackOffice/CLINK-17180/Last Name' is present

2019-03-08 15:22:24 - [MESSAGE][PASSED] - Object 'Object Repository/Regression BackOffice/CLINK-17180/Last Name' is present

2019-03-08 15:22:24 - [TEST_STEP][PASSED] - sendKeys(findTestObject("Regression BackOffice/CLINK-17180/Last Name"), "Rollback"): Keys 'Rollback' sent to object: 'Object Repository/Regression BackOffice/CLINK-17180/Last Name'

2019-03-08 15:22:24 - [MESSAGE][PASSED] - Keys 'Rollback' sent to object: 'Object Repository/Regression BackOffice/CLINK-17180/Last Name'

2019-03-08 15:22:24 - [TEST_STEP][PASSED] - delay(2): Delayed 2 second(s)

2019-03-08 15:22:26 - [MESSAGE][PASSED] - Delayed 2 second(s)

2019-03-08 15:22:26 - [TEST_STEP][PASSED] - waitForElementPresent(findTestObject("Regression BackOffice/CLINK - 27906/SearchButton"), 50): Object 'Object Repository/Regression BackOffice/CLINK - 27906/SearchButton' is present

2019-03-08 15:22:26 - [MESSAGE][PASSED] - Object 'Object Repository/Regression BackOffice/CLINK - 27906/SearchButton' is present

2019-03-08 15:22:26 - [TEST_STEP][PASSED] - click(findTestObject("Regression BackOffice/CLINK - 27906/SearchButton"), STOP_ON_FAILURE): Object: 'Object Repository/Regression BackOffice/CLINK - 27906/SearchButton' is clicked on

2019-03-08 15:22:27 - [MESSAGE][PASSED] - Object: 'Object Repository/Regression BackOffice/CLINK - 27906/SearchButton' is clicked on

2019-03-08 15:22:28 - [TEST_STEP][PASSED] - delay(2): Delayed 2 second(s)

2019-03-08 15:22:30 - [MESSAGE][PASSED] - Delayed 2 second(s)

2019-03-08 15:22:30 - [TEST_STEP][PASSED] - waitForElementPresent(findTestObject("Regression BackOffice/CLINK - 27906/ClientRollbackLink"), 50): Object 'Object Repository/Regression BackOffice/CLINK - 27906/ClientRollbackLink' is present

2019-03-08 15:22:30 - [MESSAGE][PASSED] - Object 'Object Repository/Regression BackOffice/CLINK - 27906/ClientRollbackLink' is present

2019-03-08 15:22:30 - [TEST_STEP][PASSED] - click(findTestObject("Regression BackOffice/CLINK - 27906/ClientRollbackLink")): Object: 'Object Repository/Regression BackOffice/CLINK - 27906/ClientRollbackLink' is clicked on

2019-03-08 15:22:30 - [MESSAGE][PASSED] - Object: 'Object Repository/Regression BackOffice/CLINK - 27906/ClientRollbackLink' is clicked on

2019-03-08 15:22:30 - [TEST_STEP][PASSED] - switchToDefaultContent(): null

2019-03-08 15:22:31 - [TEST_STEP][PASSED] - switchToFrame(findTestObject("Regression BackOffice/CLNK-23449/FrameMain"), 30): null

2019-03-08 15:22:31 - [TEST_STEP][PASSED] - waitForPageLoad(60): Wait for page load successfully

2019-03-08 15:22:31 - [MESSAGE][PASSED] - Wait for page load successfully

2019-03-08 15:22:31 - [TEST_STEP][PASSED] - delay(2): Delayed 2 second(s)

2019-03-08 15:22:33 - [MESSAGE][PASSED] - Delayed 2 second(s)

2019-03-08 15:22:33 - [TEST_STEP][PASSED] - waitForElementPresent(findTestObject("Regression BackOffice/CLINK-17180/EpisodeAdmisionDetails"), 50): Object 'Object Repository/Regression BackOffice/CLINK-17180/EpisodeAdmisionDetails' is present

2019-03-08 15:22:33 - [MESSAGE][PASSED] - Object 'Object Repository/Regression BackOffice/CLINK-17180/EpisodeAdmisionDetails' is present

2019-03-08 15:22:33 - [TEST_STEP][PASSED] - click(findTestObject("Regression BackOffice/CLINK-17180/EpisodeAdmisionDetails"), STOP_ON_FAILURE): Object: 'Object Repository/Regression BackOffice/CLINK-17180/EpisodeAdmisionDetails' is clicked on

2019-03-08 15:22:34 - [MESSAGE][PASSED] - Object: 'Object Repository/Regression BackOffice/CLINK-17180/EpisodeAdmisionDetails' is clicked on

2019-03-08 15:22:34 - [TEST_STEP][PASSED] - sendKeys(findTestObject("Regression BackOffice/CLINK-17180/EpisodeAdmisionDetails"), Keys.chord(ARROW_DOWN, ENTER)): Keys 'DOWN + ENTER + ' sent to object: 'Object Repository/Regression BackOffice/CLINK-17180/EpisodeAdmisionDetails'

2019-03-08 15:22:34 - [MESSAGE][PASSED] - Keys 'DOWN + ENTER + ' sent to object: 'Object Repository/Regression BackOffice/CLINK-17180/EpisodeAdmisionDetails'

2019-03-08 15:22:34 - [TEST_STEP][PASSED] - delay(3): Delayed 3 second(s)

2019-03-08 15:22:37 - [MESSAGE][PASSED] - Delayed 3 second(s)

2019-03-08 15:22:37 - [TEST_STEP][PASSED] - waitForElementPresent(findTestObject("Regression BackOffice/CLINK-17180/ServiceTypeHHA"), 50): Object 'Object Repository/Regression BackOffice/CLINK-17180/ServiceTypeHHA' is present

2019-03-08 15:22:37 - [MESSAGE][PASSED] - Object 'Object Repository/Regression BackOffice/CLINK-17180/ServiceTypeHHA' is present

2019-03-08 15:22:37 - [TEST_STEP][PASSED] - click(findTestObject("Regression BackOffice/CLINK-17180/ServiceTypeHHA"), STOP_ON_FAILURE): Object: 'Object Repository/Regression BackOffice/CLINK-17180/ServiceTypeHHA' is clicked on

2019-03-08 15:22:38 - [MESSAGE][PASSED] - Object: 'Object Repository/Regression BackOffice/CLINK-17180/ServiceTypeHHA' is clicked on

2019-03-08 15:22:38 - [TEST_STEP][PASSED] - sendKeys(findTestObject("Regression BackOffice/CLINK-17180/ServiceTypeHHA"), Keys.chord(ARROW_DOWN, ARROW_DOWN, ENTER)): Keys 'DOWN + DOWN + ENTER + ' sent to object: 'Object Repository/Regression BackOffice/CLINK-17180/ServiceTypeHHA'

2019-03-08 15:22:38 - [MESSAGE][PASSED] - Keys 'DOWN + DOWN + ENTER + ' sent to object: 'Object Repository/Regression BackOffice/CLINK-17180/ServiceTypeHHA'

2019-03-08 15:22:38 - [TEST_STEP][PASSED] - delay(2): Delayed 2 second(s)

2019-03-08 15:22:40 - [MESSAGE][PASSED] - Delayed 2 second(s)

2019-03-08 15:22:40 - [TEST_STEP][PASSED] - waitForElementPresent(findTestObject("Regression BackOffice/CLINK-17180/GroupSelfPayName"), 50): Object 'Object Repository/Regression BackOffice/CLINK-17180/GroupSelfPayName' is present

2019-03-08 15:22:40 - [MESSAGE][PASSED] - Object 'Object Repository/Regression BackOffice/CLINK-17180/GroupSelfPayName' is present

2019-03-08 15:22:40 - [TEST_STEP][PASSED] - click(findTestObject("Regression BackOffice/CLINK-17180/GroupSelfPayName"), STOP_ON_FAILURE): Object: 'Object Repository/Regression BackOffice/CLINK-17180/GroupSelfPayName' is clicked on

2019-03-08 15:22:40 - [MESSAGE][PASSED] - Object: 'Object Repository/Regression BackOffice/CLINK-17180/GroupSelfPayName' is clicked on

2019-03-08 15:22:40 - [TEST_STEP][PASSED] - sendKeys(findTestObject("Regression BackOffice/CLINK-17180/GroupSelfPayName"), Keys.chord(ARROW_DOWN, ARROW_DOWN, ARROW_DOWN, ENTER)): Keys 'DOWN + DOWN + DOWN + ENTER + ' sent to object: 'Object Repository/Regression BackOffice/CLINK-17180/GroupSelfPayName'

2019-03-08 15:22:40 - [MESSAGE][PASSED] - Keys 'DOWN + DOWN + DOWN + ENTER + ' sent to object: 'Object Repository/Regression BackOffice/CLINK-17180/GroupSelfPayName'

2019-03-08 15:22:40 - [TEST_STEP][PASSED] - waitForElementPresent(findTestObject("Regression BackOffice/CLINK-17180/FromDate"), 50): Object 'Object Repository/Regression BackOffice/CLINK-17180/FromDate' is present

2019-03-08 15:22:40 - [MESSAGE][PASSED] - Object 'Object Repository/Regression BackOffice/CLINK-17180/FromDate' is present

2019-03-08 15:22:40 - [TEST_STEP][PASSED] - setText(findTestObject("Regression BackOffice/CLINK-17180/FromDate"), "01/01/2017"): Text '01/01/2017' is set on object 'Object Repository/Regression BackOffice/CLINK-17180/FromDate'

2019-03-08 15:22:41 - [MESSAGE][PASSED] - Text '01/01/2017' is set on object 'Object Repository/Regression BackOffice/CLINK-17180/FromDate'

2019-03-08 15:22:41 - [TEST_STEP][PASSED] - delay(2): Delayed 2 second(s)

2019-03-08 15:22:43 - [MESSAGE][PASSED] - Delayed 2 second(s)

2019-03-08 15:22:43 - [TEST_STEP][PASSED] - waitForElementPresent(findTestObject("Regression BackOffice/CLINK-17180/ToDate"), 50): Object 'Object Repository/Regression BackOffice/CLINK-17180/ToDate' is present

2019-03-08 15:22:43 - [MESSAGE][PASSED] - Object 'Object Repository/Regression BackOffice/CLINK-17180/ToDate' is present

2019-03-08 15:22:43 - [TEST_STEP][PASSED] - setText(findTestObject("Regression BackOffice/CLINK-17180/ToDate"), getDate.DateUtilities.getDateMonthDayYearNumberwithSlash()): Text '03/08/2019' is set on object 'Object Repository/Regression BackOffice/CLINK-17180/ToDate'

2019-03-08 15:22:43 - [MESSAGE][PASSED] - getDate.DateUtilities.getDateMonthDayYearNumberwithSlash is PASSED

2019-03-08 15:22:44 - [MESSAGE][PASSED] - Text '03/08/2019' is set on object 'Object Repository/Regression BackOffice/CLINK-17180/ToDate'

2019-03-08 15:22:44 - [TEST_STEP][PASSED] - delay(2): Delayed 2 second(s)

2019-03-08 15:22:46 - [MESSAGE][PASSED] - Delayed 2 second(s)

2019-03-08 15:22:46 - [TEST_STEP][PASSED] - waitForElementPresent(findTestObject("Regression BackOffice/CLINK-17180/a_Show Report"), 50): Object 'Object Repository/Regression BackOffice/CLINK-17180/a_Show Report' is present

2019-03-08 15:22:46 - [MESSAGE][PASSED] - Object 'Object Repository/Regression BackOffice/CLINK-17180/a_Show Report' is present

2019-03-08 15:22:46 - [TEST_STEP][PASSED] - click(findTestObject("Regression BackOffice/CLINK-17180/a_Show Report"), STOP_ON_FAILURE): Object: 'Object Repository/Regression BackOffice/CLINK-17180/a_Show Report' is clicked on

2019-03-08 15:22:47 - [MESSAGE][PASSED] - Object: 'Object Repository/Regression BackOffice/CLINK-17180/a_Show Report' is clicked on

2019-03-08 15:22:47 - [TEST_STEP][PASSED] - delay(2): Delayed 2 second(s)

2019-03-08 15:22:49 - [MESSAGE][PASSED] - Delayed 2 second(s)

2019-03-08 15:22:49 - [TEST_STEP][PASSED] - waitForPageLoad(60): Wait for page load successfully

2019-03-08 15:22:49 - [MESSAGE][PASSED] - Wait for page load successfully

2019-03-08 15:22:49 - [TEST_STEP][PASSED] - delay(4): Delayed 4 second(s)

2019-03-08 15:22:53 - [MESSAGE][PASSED] - Delayed 4 second(s)]]></system-out>
         <system-err><![CDATA[]]></system-err>
      </testcase>
      <system-out><![CDATA[2019-03-08 15:21:36 - [TEST_SUITE][PASSED] - Regression BackOffice: Test Cases/Regression BackOffice (All Browsers)/CLNK-17180 - Admission Authorization Changes Report]]></system-out>
      <system-err><![CDATA[]]></system-err>
   </testsuite>
</testsuites>
