<?xml version="1.0" encoding="UTF-8"?>
<testsuites name="POC" time="681" tests="5" failures="0" errors="0">
   <testsuite name="POC" tests="5" failures="0" errors="0" time="681" timestamp="2019-05-03 10:33:00" hostname="isaac - DESKTOP-RO0FF5F" id="Test Suites/End to End/POC">
      <properties>
         <property name="deviceName" value=""/>
         <property name="devicePlatform" value=""/>
         <property name="logFolder" value="C:\\Users\\isaac\\Katalon Studio\\Continulink\\Reports\\End to End\\POC\\20190503_103251"/>
         <property name="logFiles" value="C:\\Users\\isaac\\Katalon Studio\\Continulink\\Reports\\End to End\\POC\\20190503_103251\\execution0.log"/>
         <property name="attachments" value=""/>
         <property name="hostName" value="isaac - DESKTOP-RO0FF5F"/>
         <property name="os" value="Windows 10 64bit"/>
         <property name="katalonVersion" value="6.0.5.4"/>
         <property name="browser" value="Chrome 73.0.3683.103"/>
         <property name="hostAddress" value="192.168.0.107"/>
         <property name="sessionId" value="3535750811986d94cb18805166b6b8b0"/>
         <property name="seleniumVersion" value="3.7.1"/>
         <property name="proxyInformation" value="ProxyInformation{proxyOption=NO_PROXY, proxyServerType=HTTP, password=, proxyServerAddress=, proxyServerPort=0}"/>
         <property name="platform" value="Windows 10"/>
      </properties>
      <testcase name="Test Cases/Regression BackOffice (All Browsers)/CLNK-23449 - Quick Intake Wizard" classname="Test Cases/Regression BackOffice (All Browsers)/CLNK-23449 - Quick Intake Wizard" status="PASSED">
         <system-out><![CDATA[2019-05-03 10:33:01 - [TEST_CASE][PASSED] - Test Cases/Regression BackOffice (All Browsers)/CLNK-23449 - Quick Intake Wizard: Test Cases/Regression BackOffice (All Browsers)/CLNK-23449 - Quick Intake Wizard

2019-05-03 10:33:04 - [TEST_STEP][PASSED] - callTestCase(findTestCase("Regression BackOffice (All Browsers)/CLNK-23439 - Clink - Back office Client"), [:], STOP_ON_FAILURE): Call Test Case 'Test Cases/Regression BackOffice (All Browsers)/CLNK-23439 - Clink - Back office Client' successfully

2019-05-03 10:33:05 - [TEST_CASE][PASSED] - Test Cases/Regression BackOffice (All Browsers)/CLNK-23439 - Clink - Back office Client: Test Cases/Regression BackOffice (All Browsers)/CLNK-23439 - Clink - Back office Client

2019-05-03 10:33:06 - [TEST_STEP][PASSED] - openBrowser(G_SiteBackOffice): Browser is opened with url: 'http://qanewpoc.continulink.com:81/backoffice/Login.aspx'

2019-05-03 10:33:10 - [MESSAGE][INFO] - Starting 'Chrome' driver

2019-05-03 10:33:10 - [MESSAGE][INFO] - Action delay is set to 0 seconds

2019-05-03 10:33:30 - [MESSAGE][PASSED] - Browser is opened with url: 'http://qanewpoc.continulink.com:81/backoffice/Login.aspx'

2019-05-03 10:33:30 - [TEST_STEP][PASSED] - waitForPageLoad(60): Wait for page load successfully

2019-05-03 10:33:30 - [MESSAGE][PASSED] - Wait for page load successfully

2019-05-03 10:33:30 - [TEST_STEP][PASSED] - maximizeWindow(): Current window maximized

2019-05-03 10:33:31 - [MESSAGE][PASSED] - Current window maximized

2019-05-03 10:33:31 - [TEST_STEP][PASSED] - setText(findTestObject("Regression BackOffice/Login/UserBackOffice"), G_UserBackOffice): Text 'demo' is set on object 'Object Repository/Regression BackOffice/Login/UserBackOffice'

2019-05-03 10:33:32 - [MESSAGE][PASSED] - Text 'demo' is set on object 'Object Repository/Regression BackOffice/Login/UserBackOffice'

2019-05-03 10:33:32 - [TEST_STEP][PASSED] - setText(findTestObject("Regression BackOffice/Login/PasswordBackOffice"), G_PasswordBackOffice): Text 'qwerty' is set on object 'Object Repository/Regression BackOffice/Login/PasswordBackOffice'

2019-05-03 10:33:32 - [MESSAGE][PASSED] - Text 'qwerty' is set on object 'Object Repository/Regression BackOffice/Login/PasswordBackOffice'

2019-05-03 10:33:32 - [TEST_STEP][PASSED] - click(findTestObject("Regression BackOffice/Login/LoginBackOffice")): Object: 'Object Repository/Regression BackOffice/Login/LoginBackOffice' is clicked on

2019-05-03 10:33:41 - [MESSAGE][PASSED] - Object: 'Object Repository/Regression BackOffice/Login/LoginBackOffice' is clicked on

2019-05-03 10:33:41 - [TEST_STEP][PASSED] - waitForPageLoad(60): Wait for page load successfully

2019-05-03 10:33:41 - [MESSAGE][PASSED] - Wait for page load successfully

2019-05-03 10:33:41 - [TEST_STEP][PASSED] - delay(3): Delayed 3 second(s)

2019-05-03 10:33:44 - [MESSAGE][PASSED] - Delayed 3 second(s)

2019-05-03 10:33:44 - [TEST_STEP][PASSED] - switchToFrame(findTestObject("Regression BackOffice/CLNK-23449/FrameLeft"), 5): null

2019-05-03 10:33:44 - [TEST_STEP][PASSED] - waitForElementPresent(findTestObject("Regression BackOffice/CLNK-23449/ClienIntakeICon"), 60): Object 'Object Repository/Regression BackOffice/CLNK-23449/ClienIntakeICon' is present

2019-05-03 10:33:44 - [MESSAGE][PASSED] - Object 'Object Repository/Regression BackOffice/CLNK-23449/ClienIntakeICon' is present

2019-05-03 10:33:44 - [TEST_STEP][PASSED] - verifyElementPresent(findTestObject("Regression BackOffice/CLNK-23449/ClienIntakeICon"), 100): Object 'Object Repository/Regression BackOffice/CLNK-23449/ClienIntakeICon' is present

2019-05-03 10:33:45 - [MESSAGE][PASSED] - Object 'Object Repository/Regression BackOffice/CLNK-23449/ClienIntakeICon' is present

2019-05-03 10:33:45 - [TEST_STEP][PASSED] - switchToDefaultContent(): null

2019-05-03 10:33:45 - [MESSAGE][PASSED] - Call Test Case 'Test Cases/Regression BackOffice (All Browsers)/CLNK-23439 - Clink - Back office Client' successfully

2019-05-03 10:33:45 - [TEST_STEP][PASSED] - waitForPageLoad(60): Wait for page load successfully

2019-05-03 10:33:45 - [MESSAGE][PASSED] - Wait for page load successfully

2019-05-03 10:33:45 - [TEST_STEP][PASSED] - delay(3): Delayed 3 second(s)

2019-05-03 10:33:48 - [MESSAGE][PASSED] - Delayed 3 second(s)

2019-05-03 10:33:48 - [TEST_STEP][PASSED] - switchToFrame(findTestObject("Regression BackOffice/CLNK-23449/FrameLeft"), 30): null

2019-05-03 10:33:48 - [TEST_STEP][PASSED] - waitForElementPresent(findTestObject("Regression BackOffice/CLNK-23449/ClienIntakeICon"), 100): Object 'Object Repository/Regression BackOffice/CLNK-23449/ClienIntakeICon' is present

2019-05-03 10:33:48 - [MESSAGE][PASSED] - Object 'Object Repository/Regression BackOffice/CLNK-23449/ClienIntakeICon' is present

2019-05-03 10:33:48 - [TEST_STEP][PASSED] - click(findTestObject("Regression BackOffice/CLNK-23449/ClienIntakeICon")): Object: 'Object Repository/Regression BackOffice/CLNK-23449/ClienIntakeICon' is clicked on

2019-05-03 10:33:48 - [MESSAGE][PASSED] - Object: 'Object Repository/Regression BackOffice/CLNK-23449/ClienIntakeICon' is clicked on

2019-05-03 10:33:48 - [TEST_STEP][PASSED] - delay(2): Delayed 2 second(s)

2019-05-03 10:33:50 - [MESSAGE][PASSED] - Delayed 2 second(s)

2019-05-03 10:33:50 - [TEST_STEP][PASSED] - waitForPageLoad(50): Wait for page load successfully

2019-05-03 10:33:50 - [MESSAGE][PASSED] - Wait for page load successfully

2019-05-03 10:33:50 - [TEST_STEP][PASSED] - waitForElementPresent(findTestObject("Regression BackOffice/CLNK-23449/Quick Intake Wizard Link"), 50): Object 'Object Repository/Regression BackOffice/CLNK-23449/Quick Intake Wizard Link' is present

2019-05-03 10:33:50 - [MESSAGE][PASSED] - Object 'Object Repository/Regression BackOffice/CLNK-23449/Quick Intake Wizard Link' is present

2019-05-03 10:33:50 - [TEST_STEP][PASSED] - click(findTestObject("Regression BackOffice/CLNK-23449/Quick Intake Wizard Link")): Object: 'Object Repository/Regression BackOffice/CLNK-23449/Quick Intake Wizard Link' is clicked on

2019-05-03 10:33:54 - [MESSAGE][PASSED] - Object: 'Object Repository/Regression BackOffice/CLNK-23449/Quick Intake Wizard Link' is clicked on

2019-05-03 10:33:54 - [TEST_STEP][PASSED] - delay(2): Delayed 2 second(s)

2019-05-03 10:33:56 - [MESSAGE][PASSED] - Delayed 2 second(s)

2019-05-03 10:33:56 - [TEST_STEP][PASSED] - switchToDefaultContent(): null

2019-05-03 10:33:56 - [TEST_STEP][PASSED] - switchToFrame(findTestObject("Regression BackOffice/CLNK-23449/FrameMain"), 30): null

2019-05-03 10:33:56 - [TEST_STEP][PASSED] - waitForElementPresent(findTestObject("Regression BackOffice/CLNK-23449/New Referral Button"), 50): Object 'Object Repository/Regression BackOffice/CLNK-23449/New Referral Button' is present

2019-05-03 10:33:56 - [MESSAGE][PASSED] - Object 'Object Repository/Regression BackOffice/CLNK-23449/New Referral Button' is present

2019-05-03 10:33:56 - [TEST_STEP][PASSED] - click(findTestObject("Regression BackOffice/CLNK-23449/New Referral Button")): Object: 'Object Repository/Regression BackOffice/CLNK-23449/New Referral Button' is clicked on

2019-05-03 10:33:57 - [MESSAGE][PASSED] - Object: 'Object Repository/Regression BackOffice/CLNK-23449/New Referral Button' is clicked on

2019-05-03 10:33:57 - [TEST_STEP][PASSED] - waitForPageLoad(50): Wait for page load successfully

2019-05-03 10:33:57 - [MESSAGE][PASSED] - Wait for page load successfully

2019-05-03 10:33:57 - [TEST_STEP][PASSED] - delay(2): Delayed 2 second(s)

2019-05-03 10:33:59 - [MESSAGE][PASSED] - Delayed 2 second(s)

2019-05-03 10:33:59 - [TEST_STEP][PASSED] - waitForElementPresent(findTestObject("Regression BackOffice/CLNK-23449/ReferralType"), 50): Object 'Object Repository/Regression BackOffice/CLNK-23449/ReferralType' is present

2019-05-03 10:33:59 - [MESSAGE][PASSED] - Object 'Object Repository/Regression BackOffice/CLNK-23449/ReferralType' is present

2019-05-03 10:33:59 - [TEST_STEP][PASSED] - focus(findTestObject("Regression BackOffice/CLNK-23449/ReferralType")): Object: 'Object Repository/Regression BackOffice/CLNK-23449/ReferralType' is focused

2019-05-03 10:33:59 - [MESSAGE][PASSED] - Object: 'Object Repository/Regression BackOffice/CLNK-23449/ReferralType' is focused

2019-05-03 10:33:59 - [TEST_STEP][PASSED] - click(findTestObject("Regression BackOffice/CLNK-23449/ReferralType")): Object: 'Object Repository/Regression BackOffice/CLNK-23449/ReferralType' is clicked on

2019-05-03 10:34:00 - [MESSAGE][PASSED] - Object: 'Object Repository/Regression BackOffice/CLNK-23449/ReferralType' is clicked on

2019-05-03 10:34:00 - [TEST_STEP][PASSED] - delay(2): Delayed 2 second(s)

2019-05-03 10:34:02 - [MESSAGE][PASSED] - Delayed 2 second(s)

2019-05-03 10:34:02 - [TEST_STEP][PASSED] - sendKeys(findTestObject("Regression BackOffice/CLNK-23449/ReferralType"), Keys.chord(ARROW_DOWN, ENTER)): Keys 'DOWN + ENTER + ' sent to object: 'Object Repository/Regression BackOffice/CLNK-23449/ReferralType'

2019-05-03 10:34:02 - [MESSAGE][PASSED] - Keys 'DOWN + ENTER + ' sent to object: 'Object Repository/Regression BackOffice/CLNK-23449/ReferralType'

2019-05-03 10:34:02 - [TEST_STEP][PASSED] - delay(3): Delayed 3 second(s)

2019-05-03 10:34:05 - [MESSAGE][PASSED] - Delayed 3 second(s)

2019-05-03 10:34:05 - [TEST_STEP][PASSED] - waitForElementPresent(findTestObject("Regression BackOffice/CLNK-23449/ReferralSourcePerson"), 50): Object 'Object Repository/Regression BackOffice/CLNK-23449/ReferralSourcePerson' is present

2019-05-03 10:34:05 - [MESSAGE][PASSED] - Object 'Object Repository/Regression BackOffice/CLNK-23449/ReferralSourcePerson' is present

2019-05-03 10:34:05 - [TEST_STEP][PASSED] - setText(findTestObject("Regression BackOffice/CLNK-23449/ReferralSourcePerson"), G_ReferralSourcePerson): Text 'Lyudmila Kaskov' is set on object 'Object Repository/Regression BackOffice/CLNK-23449/ReferralSourcePerson'

2019-05-03 10:34:07 - [MESSAGE][PASSED] - Text 'Lyudmila Kaskov' is set on object 'Object Repository/Regression BackOffice/CLNK-23449/ReferralSourcePerson'

2019-05-03 10:34:07 - [TEST_STEP][PASSED] - delay(2): Delayed 2 second(s)

2019-05-03 10:34:09 - [MESSAGE][PASSED] - Delayed 2 second(s)

2019-05-03 10:34:09 - [TEST_STEP][PASSED] - waitForElementPresent(findTestObject("Regression BackOffice/CLNK-23449/ClientFirstName"), 50): Object 'Object Repository/Regression BackOffice/CLNK-23449/ClientFirstName' is present

2019-05-03 10:34:09 - [MESSAGE][PASSED] - Object 'Object Repository/Regression BackOffice/CLNK-23449/ClientFirstName' is present

2019-05-03 10:34:09 - [TEST_STEP][PASSED] - setText(findTestObject("Regression BackOffice/CLNK-23449/ClientFirstName"), G_ClientFirstName): Text 'Waldemar' is set on object 'Object Repository/Regression BackOffice/CLNK-23449/ClientFirstName'

2019-05-03 10:34:10 - [MESSAGE][PASSED] - Text 'Waldemar' is set on object 'Object Repository/Regression BackOffice/CLNK-23449/ClientFirstName'

2019-05-03 10:34:10 - [TEST_STEP][PASSED] - delay(2): Delayed 2 second(s)

2019-05-03 10:34:12 - [MESSAGE][PASSED] - Delayed 2 second(s)

2019-05-03 10:34:12 - [TEST_STEP][PASSED] - waitForElementPresent(findTestObject("Regression BackOffice/CLNK-23449/ClientMiddle"), 50): Object 'Object Repository/Regression BackOffice/CLNK-23449/ClientMiddle' is present

2019-05-03 10:34:13 - [MESSAGE][PASSED] - Object 'Object Repository/Regression BackOffice/CLNK-23449/ClientMiddle' is present

2019-05-03 10:34:13 - [TEST_STEP][PASSED] - setText(findTestObject("Regression BackOffice/CLNK-23449/ClientMiddle"), G_ClientMiddleName): Text 'M' is set on object 'Object Repository/Regression BackOffice/CLNK-23449/ClientMiddle'

2019-05-03 10:34:13 - [MESSAGE][PASSED] - Text 'M' is set on object 'Object Repository/Regression BackOffice/CLNK-23449/ClientMiddle'

2019-05-03 10:34:13 - [TEST_STEP][PASSED] - delay(2): Delayed 2 second(s)

2019-05-03 10:34:15 - [MESSAGE][PASSED] - Delayed 2 second(s)

2019-05-03 10:34:15 - [TEST_STEP][PASSED] - waitForElementPresent(findTestObject("Regression BackOffice/CLNK-23449/ClientLastName"), 50): Object 'Object Repository/Regression BackOffice/CLNK-23449/ClientLastName' is present

2019-05-03 10:34:15 - [MESSAGE][PASSED] - Object 'Object Repository/Regression BackOffice/CLNK-23449/ClientLastName' is present

2019-05-03 10:34:15 - [TEST_STEP][PASSED] - setText(findTestObject("Regression BackOffice/CLNK-23449/ClientLastName"), G_ClientLastName): Text 'Victorino' is set on object 'Object Repository/Regression BackOffice/CLNK-23449/ClientLastName'

2019-05-03 10:34:16 - [MESSAGE][PASSED] - Text 'Victorino' is set on object 'Object Repository/Regression BackOffice/CLNK-23449/ClientLastName'

2019-05-03 10:34:16 - [TEST_STEP][PASSED] - delay(2): Delayed 2 second(s)

2019-05-03 10:34:18 - [MESSAGE][PASSED] - Delayed 2 second(s)

2019-05-03 10:34:18 - [TEST_STEP][PASSED] - waitForElementPresent(findTestObject("Regression BackOffice/CLNK-23449/FollowUpCallBack"), 50): Object 'Object Repository/Regression BackOffice/CLNK-23449/FollowUpCallBack' is present

2019-05-03 10:34:18 - [MESSAGE][PASSED] - Object 'Object Repository/Regression BackOffice/CLNK-23449/FollowUpCallBack' is present

2019-05-03 10:34:18 - [TEST_STEP][PASSED] - setText(findTestObject("Regression BackOffice/CLNK-23449/FollowUpCallBack"), "3"): Text '3' is set on object 'Object Repository/Regression BackOffice/CLNK-23449/FollowUpCallBack'

2019-05-03 10:34:19 - [MESSAGE][PASSED] - Text '3' is set on object 'Object Repository/Regression BackOffice/CLNK-23449/FollowUpCallBack'

2019-05-03 10:34:19 - [TEST_STEP][PASSED] - delay(2): Delayed 2 second(s)

2019-05-03 10:34:21 - [MESSAGE][PASSED] - Delayed 2 second(s)

2019-05-03 10:34:21 - [TEST_STEP][PASSED] - waitForElementPresent(findTestObject("Regression BackOffice/CLNK-23449/PhysicianName"), 50): Object 'Object Repository/Regression BackOffice/CLNK-23449/PhysicianName' is present

2019-05-03 10:34:21 - [MESSAGE][PASSED] - Object 'Object Repository/Regression BackOffice/CLNK-23449/PhysicianName' is present

2019-05-03 10:34:21 - [TEST_STEP][PASSED] - click(findTestObject("Regression BackOffice/CLNK-23449/PhysicianName")): Object: 'Object Repository/Regression BackOffice/CLNK-23449/PhysicianName' is clicked on

2019-05-03 10:34:21 - [MESSAGE][PASSED] - Object: 'Object Repository/Regression BackOffice/CLNK-23449/PhysicianName' is clicked on

2019-05-03 10:34:21 - [TEST_STEP][PASSED] - delay(2): Delayed 2 second(s)

2019-05-03 10:34:23 - [MESSAGE][PASSED] - Delayed 2 second(s)

2019-05-03 10:34:23 - [TEST_STEP][PASSED] - setText(findTestObject("Regression BackOffice/CLNK-23449/PhysicianName"), G_PhisicanName): Text 'Abbott' is set on object 'Object Repository/Regression BackOffice/CLNK-23449/PhysicianName'

2019-05-03 10:34:24 - [MESSAGE][PASSED] - Text 'Abbott' is set on object 'Object Repository/Regression BackOffice/CLNK-23449/PhysicianName'

2019-05-03 10:34:24 - [TEST_STEP][PASSED] - delay(3): Delayed 3 second(s)

2019-05-03 10:34:27 - [MESSAGE][PASSED] - Delayed 3 second(s)

2019-05-03 10:34:27 - [TEST_STEP][PASSED] - waitForElementPresent(findTestObject("Regression BackOffice/CLNK-23449/li_Black Larry"), 50): Object 'Object Repository/Regression BackOffice/CLNK-23449/li_Black Larry' is present

2019-05-03 10:34:27 - [MESSAGE][PASSED] - Object 'Object Repository/Regression BackOffice/CLNK-23449/li_Black Larry' is present

2019-05-03 10:34:27 - [TEST_STEP][PASSED] - click(findTestObject("Regression BackOffice/CLNK-23449/li_Black Larry")): Object: 'Object Repository/Regression BackOffice/CLNK-23449/li_Black Larry' is clicked on

2019-05-03 10:34:27 - [MESSAGE][PASSED] - Object: 'Object Repository/Regression BackOffice/CLNK-23449/li_Black Larry' is clicked on

2019-05-03 10:34:27 - [TEST_STEP][PASSED] - delay(2): Delayed 2 second(s)

2019-05-03 10:34:29 - [MESSAGE][PASSED] - Delayed 2 second(s)

2019-05-03 10:34:29 - [TEST_STEP][PASSED] - waitForElementPresent(findTestObject("Regression BackOffice/CLNK-23449/SaveButton"), 50): Object 'Object Repository/Regression BackOffice/CLNK-23449/SaveButton' is present

2019-05-03 10:34:29 - [MESSAGE][PASSED] - Object 'Object Repository/Regression BackOffice/CLNK-23449/SaveButton' is present

2019-05-03 10:34:29 - [TEST_STEP][PASSED] - click(findTestObject("Regression BackOffice/CLNK-23449/SaveButton"), STOP_ON_FAILURE): Object: 'Object Repository/Regression BackOffice/CLNK-23449/SaveButton' is clicked on

2019-05-03 10:34:30 - [MESSAGE][PASSED] - Object: 'Object Repository/Regression BackOffice/CLNK-23449/SaveButton' is clicked on

2019-05-03 10:34:30 - [TEST_STEP][PASSED] - delay(2): Delayed 2 second(s)

2019-05-03 10:34:32 - [MESSAGE][PASSED] - Delayed 2 second(s)

2019-05-03 10:34:32 - [TEST_STEP][PASSED] - waitForElementPresent(findTestObject("Regression BackOffice/CLNK-23449/btnNext"), 50): Object 'Object Repository/Regression BackOffice/CLNK-23449/btnNext' is present

2019-05-03 10:34:32 - [MESSAGE][PASSED] - Object 'Object Repository/Regression BackOffice/CLNK-23449/btnNext' is present

2019-05-03 10:34:32 - [TEST_STEP][PASSED] - click(findTestObject("Regression BackOffice/CLNK-23449/btnNext"), STOP_ON_FAILURE): Object: 'Object Repository/Regression BackOffice/CLNK-23449/btnNext' is clicked on

2019-05-03 10:34:32 - [MESSAGE][PASSED] - Object: 'Object Repository/Regression BackOffice/CLNK-23449/btnNext' is clicked on

2019-05-03 10:34:32 - [TEST_STEP][PASSED] - delay(2): Delayed 2 second(s)

2019-05-03 10:34:34 - [MESSAGE][PASSED] - Delayed 2 second(s)

2019-05-03 10:34:34 - [TEST_STEP][PASSED] - setText(findTestObject("Regression BackOffice/CLNK-23449/Demographics/DOB"), "05/23/1970"): Text '05/23/1970' is set on object 'Object Repository/Regression BackOffice/CLNK-23449/Demographics/DOB'

2019-05-03 10:34:37 - [MESSAGE][PASSED] - Text '05/23/1970' is set on object 'Object Repository/Regression BackOffice/CLNK-23449/Demographics/DOB'

2019-05-03 10:34:37 - [TEST_STEP][PASSED] - delay(3): Delayed 3 second(s)

2019-05-03 10:34:40 - [MESSAGE][PASSED] - Delayed 3 second(s)

2019-05-03 10:34:40 - [TEST_STEP][PASSED] - setText(findTestObject("Regression BackOffice/CLNK-23449/Demographics/SSN1"), "436120560"): Text '436120560' is set on object 'Object Repository/Regression BackOffice/CLNK-23449/Demographics/SSN1'

2019-05-03 10:34:43 - [MESSAGE][PASSED] - Text '436120560' is set on object 'Object Repository/Regression BackOffice/CLNK-23449/Demographics/SSN1'

2019-05-03 10:34:43 - [TEST_STEP][PASSED] - delay(3): Delayed 3 second(s)

2019-05-03 10:34:46 - [MESSAGE][PASSED] - Delayed 3 second(s)

2019-05-03 10:34:46 - [TEST_STEP][PASSED] - setText(findTestObject("Regression BackOffice/CLNK-23449/Demographics/Medicare ID"), "123456789a"): Text '123456789a' is set on object 'Object Repository/Regression BackOffice/CLNK-23449/Demographics/Medicare ID'

2019-05-03 10:34:47 - [MESSAGE][PASSED] - Text '123456789a' is set on object 'Object Repository/Regression BackOffice/CLNK-23449/Demographics/Medicare ID'

2019-05-03 10:34:47 - [TEST_STEP][PASSED] - delay(3): Delayed 3 second(s)

2019-05-03 10:34:50 - [MESSAGE][PASSED] - Delayed 3 second(s)

2019-05-03 10:34:50 - [TEST_STEP][PASSED] - setText(findTestObject("Regression BackOffice/CLNK-23449/Demographics/Address"), "320 Interlocken Parkway"): Text '320 Interlocken Parkway' is set on object 'Object Repository/Regression BackOffice/CLNK-23449/Demographics/Address'

2019-05-03 10:34:53 - [MESSAGE][PASSED] - Text '320 Interlocken Parkway' is set on object 'Object Repository/Regression BackOffice/CLNK-23449/Demographics/Address'

2019-05-03 10:34:53 - [TEST_STEP][PASSED] - delay(3): Delayed 3 second(s)

2019-05-03 10:34:56 - [MESSAGE][PASSED] - Delayed 3 second(s)

2019-05-03 10:34:56 - [TEST_STEP][PASSED] - setText(findTestObject("Regression BackOffice/CLNK-23449/Demographics/City"), "Broomfield"): Text 'Broomfield' is set on object 'Object Repository/Regression BackOffice/CLNK-23449/Demographics/City'

2019-05-03 10:34:57 - [MESSAGE][PASSED] - Text 'Broomfield' is set on object 'Object Repository/Regression BackOffice/CLNK-23449/Demographics/City'

2019-05-03 10:34:57 - [TEST_STEP][PASSED] - delay(3): Delayed 3 second(s)

2019-05-03 10:35:00 - [MESSAGE][PASSED] - Delayed 3 second(s)

2019-05-03 10:35:00 - [TEST_STEP][PASSED] - setText(findTestObject("Regression BackOffice/CLNK-23449/Demographics/County"), "United States"): Text 'United States' is set on object 'Object Repository/Regression BackOffice/CLNK-23449/Demographics/County'

2019-05-03 10:35:03 - [MESSAGE][PASSED] - Text 'United States' is set on object 'Object Repository/Regression BackOffice/CLNK-23449/Demographics/County'

2019-05-03 10:35:03 - [TEST_STEP][PASSED] - delay(3): Delayed 3 second(s)

2019-05-03 10:35:06 - [MESSAGE][PASSED] - Delayed 3 second(s)

2019-05-03 10:35:06 - [TEST_STEP][PASSED] - click(findTestObject("Regression BackOffice/CLNK-23449/Demographics/State"), CONTINUE_ON_FAILURE): Object: 'Object Repository/Regression BackOffice/CLNK-23449/Demographics/State' is clicked on

2019-05-03 10:35:08 - [MESSAGE][PASSED] - Object: 'Object Repository/Regression BackOffice/CLNK-23449/Demographics/State' is clicked on

2019-05-03 10:35:08 - [TEST_STEP][PASSED] - sendKeys(findTestObject("Regression BackOffice/CLNK-23449/Demographics/State"), Keys.chord(ARROW_DOWN, ARROW_DOWN, ARROW_DOWN, ARROW_DOWN, ARROW_DOWN, ARROW_DOWN, ENTER)): Keys 'DOWN + DOWN + DOWN + DOWN + DOWN + DOWN + ENTER + ' sent to object: 'Object Repository/Regression BackOffice/CLNK-23449/Demographics/State'

2019-05-03 10:35:09 - [MESSAGE][PASSED] - Keys 'DOWN + DOWN + DOWN + DOWN + DOWN + DOWN + ENTER + ' sent to object: 'Object Repository/Regression BackOffice/CLNK-23449/Demographics/State'

2019-05-03 10:35:09 - [TEST_STEP][PASSED] - delay(3): Delayed 3 second(s)

2019-05-03 10:35:12 - [MESSAGE][PASSED] - Delayed 3 second(s)

2019-05-03 10:35:12 - [TEST_STEP][PASSED] - click(findTestObject("Regression BackOffice/CLNK-23449/Demographics/btnVerify"), CONTINUE_ON_FAILURE): Object: 'Object Repository/Regression BackOffice/CLNK-23449/Demographics/btnVerify' is clicked on

2019-05-03 10:35:12 - [MESSAGE][PASSED] - Object: 'Object Repository/Regression BackOffice/CLNK-23449/Demographics/btnVerify' is clicked on

2019-05-03 10:35:12 - [TEST_STEP][PASSED] - delay(3): Delayed 3 second(s)

2019-05-03 10:35:15 - [MESSAGE][PASSED] - Delayed 3 second(s)

2019-05-03 10:35:15 - [TEST_STEP][PASSED] - click(findTestObject("Regression BackOffice/CLNK-23449/Demographics/btnVerify"), CONTINUE_ON_FAILURE): Object: 'Object Repository/Regression BackOffice/CLNK-23449/Demographics/btnVerify' is clicked on

2019-05-03 10:35:15 - [MESSAGE][PASSED] - Object: 'Object Repository/Regression BackOffice/CLNK-23449/Demographics/btnVerify' is clicked on

2019-05-03 10:35:15 - [TEST_STEP][PASSED] - delay(3): Delayed 3 second(s)

2019-05-03 10:35:18 - [MESSAGE][PASSED] - Delayed 3 second(s)

2019-05-03 10:35:18 - [TEST_STEP][PASSED] - click(findTestObject("Regression BackOffice/CLNK-23449/Demographics/UseVerifyAddress"), CONTINUE_ON_FAILURE): Object: 'Object Repository/Regression BackOffice/CLNK-23449/Demographics/UseVerifyAddress' is clicked on

2019-05-03 10:35:19 - [MESSAGE][PASSED] - Object: 'Object Repository/Regression BackOffice/CLNK-23449/Demographics/UseVerifyAddress' is clicked on

2019-05-03 10:35:19 - [TEST_STEP][PASSED] - delay(3): Delayed 3 second(s)

2019-05-03 10:35:22 - [MESSAGE][PASSED] - Delayed 3 second(s)

2019-05-03 10:35:22 - [TEST_STEP][PASSED] - click(findTestObject("Regression BackOffice/CLNK-23449/Demographics/PhoneType"), CONTINUE_ON_FAILURE): Object: 'Object Repository/Regression BackOffice/CLNK-23449/Demographics/PhoneType' is clicked on

2019-05-03 10:35:22 - [MESSAGE][PASSED] - Object: 'Object Repository/Regression BackOffice/CLNK-23449/Demographics/PhoneType' is clicked on

2019-05-03 10:35:22 - [TEST_STEP][PASSED] - sendKeys(findTestObject("Regression BackOffice/CLNK-23449/Demographics/PhoneType"), Keys.chord(ARROW_DOWN, ENTER)): Keys 'DOWN + ENTER + ' sent to object: 'Object Repository/Regression BackOffice/CLNK-23449/Demographics/PhoneType'

2019-05-03 10:35:22 - [MESSAGE][PASSED] - Keys 'DOWN + ENTER + ' sent to object: 'Object Repository/Regression BackOffice/CLNK-23449/Demographics/PhoneType'

2019-05-03 10:35:22 - [TEST_STEP][PASSED] - delay(3): Delayed 3 second(s)

2019-05-03 10:35:25 - [MESSAGE][PASSED] - Delayed 3 second(s)

2019-05-03 10:35:25 - [TEST_STEP][PASSED] - setText(findTestObject("Regression BackOffice/CLNK-23449/Demographics/PhoneNumber"), "2345698789"): Text '2345698789' is set on object 'Object Repository/Regression BackOffice/CLNK-23449/Demographics/PhoneNumber'

2019-05-03 10:35:26 - [MESSAGE][PASSED] - Text '2345698789' is set on object 'Object Repository/Regression BackOffice/CLNK-23449/Demographics/PhoneNumber'

2019-05-03 10:35:26 - [TEST_STEP][PASSED] - delay(3): Delayed 3 second(s)

2019-05-03 10:35:29 - [MESSAGE][PASSED] - Delayed 3 second(s)

2019-05-03 10:35:29 - [TEST_STEP][PASSED] - click(findTestObject("Regression BackOffice/CLNK-23449/Demographics/Zone"), CONTINUE_ON_FAILURE): Object: 'Object Repository/Regression BackOffice/CLNK-23449/Demographics/Zone' is clicked on

2019-05-03 10:35:30 - [MESSAGE][PASSED] - Object: 'Object Repository/Regression BackOffice/CLNK-23449/Demographics/Zone' is clicked on

2019-05-03 10:35:30 - [TEST_STEP][PASSED] - sendKeys(findTestObject("Regression BackOffice/CLNK-23449/Demographics/Zone"), Keys.chord(ARROW_DOWN, ARROW_DOWN, ARROW_DOWN, ENTER)): Keys 'DOWN + DOWN + DOWN + ENTER + ' sent to object: 'Object Repository/Regression BackOffice/CLNK-23449/Demographics/Zone'

2019-05-03 10:35:30 - [MESSAGE][PASSED] - Keys 'DOWN + DOWN + DOWN + ENTER + ' sent to object: 'Object Repository/Regression BackOffice/CLNK-23449/Demographics/Zone'

2019-05-03 10:35:30 - [TEST_STEP][PASSED] - delay(3): Delayed 3 second(s)

2019-05-03 10:35:33 - [MESSAGE][PASSED] - Delayed 3 second(s)

2019-05-03 10:35:33 - [TEST_STEP][PASSED] - waitForElementPresent(findTestObject("Regression BackOffice/CLNK-23449/Demographics/ContactFName"), 50): Object 'Object Repository/Regression BackOffice/CLNK-23449/Demographics/ContactFName' is present

2019-05-03 10:35:34 - [MESSAGE][PASSED] - Object 'Object Repository/Regression BackOffice/CLNK-23449/Demographics/ContactFName' is present

2019-05-03 10:35:34 - [TEST_STEP][PASSED] - setText(findTestObject("Regression BackOffice/CLNK-23449/Demographics/ContactFName"), "Scott"): Text 'Scott' is set on object 'Object Repository/Regression BackOffice/CLNK-23449/Demographics/ContactFName'

2019-05-03 10:35:34 - [MESSAGE][PASSED] - Text 'Scott' is set on object 'Object Repository/Regression BackOffice/CLNK-23449/Demographics/ContactFName'

2019-05-03 10:35:34 - [TEST_STEP][PASSED] - delay(2): Delayed 2 second(s)

2019-05-03 10:35:36 - [MESSAGE][PASSED] - Delayed 2 second(s)

2019-05-03 10:35:36 - [TEST_STEP][PASSED] - waitForElementPresent(findTestObject("Regression BackOffice/CLNK-23449/Demographics/ContactLName"), 50): Object 'Object Repository/Regression BackOffice/CLNK-23449/Demographics/ContactLName' is present

2019-05-03 10:35:36 - [MESSAGE][PASSED] - Object 'Object Repository/Regression BackOffice/CLNK-23449/Demographics/ContactLName' is present

2019-05-03 10:35:36 - [TEST_STEP][PASSED] - setText(findTestObject("Regression BackOffice/CLNK-23449/Demographics/ContactLName"), "Ward"): Text 'Ward' is set on object 'Object Repository/Regression BackOffice/CLNK-23449/Demographics/ContactLName'

2019-05-03 10:35:37 - [MESSAGE][PASSED] - Text 'Ward' is set on object 'Object Repository/Regression BackOffice/CLNK-23449/Demographics/ContactLName'

2019-05-03 10:35:37 - [TEST_STEP][PASSED] - delay(2): Delayed 2 second(s)

2019-05-03 10:35:39 - [MESSAGE][PASSED] - Delayed 2 second(s)

2019-05-03 10:35:39 - [TEST_STEP][PASSED] - click(findTestObject("Regression BackOffice/CLNK-23449/Demographics/ContactType"), CONTINUE_ON_FAILURE): Object: 'Object Repository/Regression BackOffice/CLNK-23449/Demographics/ContactType' is clicked on

2019-05-03 10:35:39 - [MESSAGE][PASSED] - Object: 'Object Repository/Regression BackOffice/CLNK-23449/Demographics/ContactType' is clicked on

2019-05-03 10:35:39 - [TEST_STEP][PASSED] - sendKeys(findTestObject("Regression BackOffice/CLNK-23449/Demographics/ContactType"), Keys.chord(ARROW_DOWN, ARROW_DOWN, ARROW_DOWN, ARROW_DOWN, ARROW_DOWN, ARROW_DOWN, ENTER)): Keys 'DOWN + DOWN + DOWN + DOWN + DOWN + DOWN + ENTER + ' sent to object: 'Object Repository/Regression BackOffice/CLNK-23449/Demographics/ContactType'

2019-05-03 10:35:39 - [MESSAGE][PASSED] - Keys 'DOWN + DOWN + DOWN + DOWN + DOWN + DOWN + ENTER + ' sent to object: 'Object Repository/Regression BackOffice/CLNK-23449/Demographics/ContactType'

2019-05-03 10:35:39 - [TEST_STEP][PASSED] - delay(3): Delayed 3 second(s)

2019-05-03 10:35:42 - [MESSAGE][PASSED] - Delayed 3 second(s)

2019-05-03 10:35:42 - [TEST_STEP][PASSED] - click(findTestObject("Regression BackOffice/CLNK-23449/Demographics/Relationship"), CONTINUE_ON_FAILURE): Object: 'Object Repository/Regression BackOffice/CLNK-23449/Demographics/Relationship' is clicked on

2019-05-03 10:35:43 - [MESSAGE][PASSED] - Object: 'Object Repository/Regression BackOffice/CLNK-23449/Demographics/Relationship' is clicked on

2019-05-03 10:35:43 - [TEST_STEP][PASSED] - sendKeys(findTestObject("Regression BackOffice/CLNK-23449/Demographics/Relationship"), Keys.chord(ARROW_DOWN, ARROW_DOWN, ARROW_DOWN, ARROW_DOWN, ARROW_DOWN, ARROW_DOWN, ENTER)): Keys 'DOWN + DOWN + DOWN + DOWN + DOWN + DOWN + ENTER + ' sent to object: 'Object Repository/Regression BackOffice/CLNK-23449/Demographics/Relationship'

2019-05-03 10:35:43 - [MESSAGE][PASSED] - Keys 'DOWN + DOWN + DOWN + DOWN + DOWN + DOWN + ENTER + ' sent to object: 'Object Repository/Regression BackOffice/CLNK-23449/Demographics/Relationship'

2019-05-03 10:35:43 - [TEST_STEP][PASSED] - delay(3): Delayed 3 second(s)

2019-05-03 10:35:46 - [MESSAGE][PASSED] - Delayed 3 second(s)

2019-05-03 10:35:46 - [TEST_STEP][PASSED] - click(findTestObject("Regression BackOffice/CLNK-23449/Demographics/PhoneTypeContact"), CONTINUE_ON_FAILURE): Object: 'Object Repository/Regression BackOffice/CLNK-23449/Demographics/PhoneTypeContact' is clicked on

2019-05-03 10:35:47 - [MESSAGE][PASSED] - Object: 'Object Repository/Regression BackOffice/CLNK-23449/Demographics/PhoneTypeContact' is clicked on

2019-05-03 10:35:47 - [TEST_STEP][PASSED] - sendKeys(findTestObject("Regression BackOffice/CLNK-23449/Demographics/PhoneTypeContact"), Keys.chord(ARROW_DOWN, ENTER)): Keys 'DOWN + ENTER + ' sent to object: 'Object Repository/Regression BackOffice/CLNK-23449/Demographics/PhoneTypeContact'

2019-05-03 10:35:47 - [MESSAGE][PASSED] - Keys 'DOWN + ENTER + ' sent to object: 'Object Repository/Regression BackOffice/CLNK-23449/Demographics/PhoneTypeContact'

2019-05-03 10:35:47 - [TEST_STEP][PASSED] - delay(3): Delayed 3 second(s)

2019-05-03 10:35:50 - [MESSAGE][PASSED] - Delayed 3 second(s)

2019-05-03 10:35:50 - [TEST_STEP][PASSED] - setText(findTestObject("Regression BackOffice/CLNK-23449/Demographics/ContactPhone"), "2345698789"): Text '2345698789' is set on object 'Object Repository/Regression BackOffice/CLNK-23449/Demographics/ContactPhone'

2019-05-03 10:35:51 - [MESSAGE][PASSED] - Text '2345698789' is set on object 'Object Repository/Regression BackOffice/CLNK-23449/Demographics/ContactPhone'

2019-05-03 10:35:51 - [TEST_STEP][PASSED] - delay(3): Delayed 3 second(s)

2019-05-03 10:35:54 - [MESSAGE][PASSED] - Delayed 3 second(s)

2019-05-03 10:35:54 - [TEST_STEP][PASSED] - click(findTestObject("Regression BackOffice/CLNK-23449/Demographics/EpisodeType"), CONTINUE_ON_FAILURE): Object: 'Object Repository/Regression BackOffice/CLNK-23449/Demographics/EpisodeType' is clicked on

2019-05-03 10:35:54 - [MESSAGE][PASSED] - Object: 'Object Repository/Regression BackOffice/CLNK-23449/Demographics/EpisodeType' is clicked on

2019-05-03 10:35:54 - [TEST_STEP][PASSED] - sendKeys(findTestObject("Regression BackOffice/CLNK-23449/Demographics/EpisodeType"), Keys.chord(ARROW_DOWN, ARROW_DOWN, ARROW_DOWN, ARROW_DOWN, ARROW_DOWN, ARROW_DOWN, ENTER)): Keys 'DOWN + DOWN + DOWN + DOWN + DOWN + DOWN + ENTER + ' sent to object: 'Object Repository/Regression BackOffice/CLNK-23449/Demographics/EpisodeType'

2019-05-03 10:35:54 - [MESSAGE][PASSED] - Keys 'DOWN + DOWN + DOWN + DOWN + DOWN + DOWN + ENTER + ' sent to object: 'Object Repository/Regression BackOffice/CLNK-23449/Demographics/EpisodeType'

2019-05-03 10:35:54 - [TEST_STEP][PASSED] - delay(3): Delayed 3 second(s)

2019-05-03 10:35:57 - [MESSAGE][PASSED] - Delayed 3 second(s)

2019-05-03 10:35:57 - [TEST_STEP][PASSED] - click(findTestObject("Regression BackOffice/CLNK-23449/Demographics/PlaceOfServices"), CONTINUE_ON_FAILURE): Object: 'Object Repository/Regression BackOffice/CLNK-23449/Demographics/PlaceOfServices' is clicked on

2019-05-03 10:35:57 - [MESSAGE][PASSED] - Object: 'Object Repository/Regression BackOffice/CLNK-23449/Demographics/PlaceOfServices' is clicked on

2019-05-03 10:35:57 - [TEST_STEP][PASSED] - sendKeys(findTestObject("Regression BackOffice/CLNK-23449/Demographics/PlaceOfServices"), Keys.chord(ARROW_DOWN, ARROW_DOWN, ARROW_DOWN, ARROW_DOWN, ARROW_DOWN, ARROW_DOWN, ENTER)): Keys 'DOWN + DOWN + DOWN + DOWN + DOWN + DOWN + ENTER + ' sent to object: 'Object Repository/Regression BackOffice/CLNK-23449/Demographics/PlaceOfServices'

2019-05-03 10:35:58 - [MESSAGE][PASSED] - Keys 'DOWN + DOWN + DOWN + DOWN + DOWN + DOWN + ENTER + ' sent to object: 'Object Repository/Regression BackOffice/CLNK-23449/Demographics/PlaceOfServices'

2019-05-03 10:35:58 - [TEST_STEP][PASSED] - delay(3): Delayed 3 second(s)

2019-05-03 10:36:01 - [MESSAGE][PASSED] - Delayed 3 second(s)

2019-05-03 10:36:01 - [TEST_STEP][PASSED] - click(findTestObject("Regression BackOffice/CLNK-23449/Demographics/ClientStatus"), CONTINUE_ON_FAILURE): Object: 'Object Repository/Regression BackOffice/CLNK-23449/Demographics/ClientStatus' is clicked on

2019-05-03 10:36:01 - [MESSAGE][PASSED] - Object: 'Object Repository/Regression BackOffice/CLNK-23449/Demographics/ClientStatus' is clicked on

2019-05-03 10:36:01 - [TEST_STEP][PASSED] - sendKeys(findTestObject("Regression BackOffice/CLNK-23449/Demographics/ClientStatus"), Keys.chord(ARROW_DOWN, ENTER)): Keys 'DOWN + ENTER + ' sent to object: 'Object Repository/Regression BackOffice/CLNK-23449/Demographics/ClientStatus'

2019-05-03 10:36:01 - [MESSAGE][PASSED] - Keys 'DOWN + ENTER + ' sent to object: 'Object Repository/Regression BackOffice/CLNK-23449/Demographics/ClientStatus'

2019-05-03 10:36:01 - [TEST_STEP][PASSED] - delay(3): Delayed 3 second(s)

2019-05-03 10:36:04 - [MESSAGE][PASSED] - Delayed 3 second(s)

2019-05-03 10:36:04 - [TEST_STEP][PASSED] - waitForElementPresent(findTestObject("Regression BackOffice/CLNK-23449/Demographics/btnSaveDemo"), 50): Object 'Object Repository/Regression BackOffice/CLNK-23449/Demographics/btnSaveDemo' is present

2019-05-03 10:36:04 - [MESSAGE][PASSED] - Object 'Object Repository/Regression BackOffice/CLNK-23449/Demographics/btnSaveDemo' is present

2019-05-03 10:36:04 - [TEST_STEP][PASSED] - click(findTestObject("Regression BackOffice/CLNK-23449/Demographics/btnSaveDemo"), STOP_ON_FAILURE): Object: 'Object Repository/Regression BackOffice/CLNK-23449/Demographics/btnSaveDemo' is clicked on

2019-05-03 10:36:05 - [MESSAGE][PASSED] - Object: 'Object Repository/Regression BackOffice/CLNK-23449/Demographics/btnSaveDemo' is clicked on

2019-05-03 10:36:05 - [TEST_STEP][PASSED] - delay(2): Delayed 2 second(s)

2019-05-03 10:36:07 - [MESSAGE][PASSED] - Delayed 2 second(s)

2019-05-03 10:36:07 - [TEST_STEP][PASSED] - waitForElementPresent(findTestObject("Regression BackOffice/CLNK-23449/Demographics/btnNextDemo"), 50): Object 'Object Repository/Regression BackOffice/CLNK-23449/Demographics/btnNextDemo' is present

2019-05-03 10:36:07 - [MESSAGE][PASSED] - Object 'Object Repository/Regression BackOffice/CLNK-23449/Demographics/btnNextDemo' is present

2019-05-03 10:36:07 - [TEST_STEP][PASSED] - click(findTestObject("Regression BackOffice/CLNK-23449/Demographics/btnNextDemo"), STOP_ON_FAILURE): Object: 'Object Repository/Regression BackOffice/CLNK-23449/Demographics/btnNextDemo' is clicked on

2019-05-03 10:36:07 - [MESSAGE][PASSED] - Object: 'Object Repository/Regression BackOffice/CLNK-23449/Demographics/btnNextDemo' is clicked on

2019-05-03 10:36:07 - [TEST_STEP][PASSED] - delay(2): Delayed 2 second(s)

2019-05-03 10:36:09 - [MESSAGE][PASSED] - Delayed 2 second(s)

2019-05-03 10:36:09 - [TEST_STEP][PASSED] - waitForElementPresent(findTestObject("Regression BackOffice/CLINK-23451/PayerList"), 50): Object 'Object Repository/Regression BackOffice/CLINK-23451/PayerList' is present

2019-05-03 10:36:09 - [MESSAGE][PASSED] - Object 'Object Repository/Regression BackOffice/CLINK-23451/PayerList' is present

2019-05-03 10:36:09 - [TEST_STEP][PASSED] - click(findTestObject("Regression BackOffice/CLINK-23451/PayerList"), STOP_ON_FAILURE): Object: 'Object Repository/Regression BackOffice/CLINK-23451/PayerList' is clicked on

2019-05-03 10:36:10 - [MESSAGE][PASSED] - Object: 'Object Repository/Regression BackOffice/CLINK-23451/PayerList' is clicked on

2019-05-03 10:36:10 - [TEST_STEP][PASSED] - sendKeys(findTestObject("Regression BackOffice/CLINK-23451/PayerList"), Keys.chord(ARROW_DOWN, ENTER)): Keys 'DOWN + ENTER + ' sent to object: 'Object Repository/Regression BackOffice/CLINK-23451/PayerList'

2019-05-03 10:36:10 - [MESSAGE][PASSED] - Keys 'DOWN + ENTER + ' sent to object: 'Object Repository/Regression BackOffice/CLINK-23451/PayerList'

2019-05-03 10:36:10 - [TEST_STEP][PASSED] - delay(2): Delayed 2 second(s)

2019-05-03 10:36:12 - [MESSAGE][PASSED] - Delayed 2 second(s)

2019-05-03 10:36:12 - [TEST_STEP][PASSED] - waitForElementPresent(findTestObject("Regression BackOffice/CLINK-23451/PlanList"), 50): Object 'Object Repository/Regression BackOffice/CLINK-23451/PlanList' is present

2019-05-03 10:36:12 - [MESSAGE][PASSED] - Object 'Object Repository/Regression BackOffice/CLINK-23451/PlanList' is present

2019-05-03 10:36:12 - [TEST_STEP][PASSED] - click(findTestObject("Regression BackOffice/CLINK-23451/PlanList"), STOP_ON_FAILURE): Object: 'Object Repository/Regression BackOffice/CLINK-23451/PlanList' is clicked on

2019-05-03 10:36:12 - [MESSAGE][PASSED] - Object: 'Object Repository/Regression BackOffice/CLINK-23451/PlanList' is clicked on

2019-05-03 10:36:12 - [TEST_STEP][PASSED] - sendKeys(findTestObject("Regression BackOffice/CLINK-23451/PlanList"), Keys.chord(ARROW_DOWN, ENTER)): Keys 'DOWN + ENTER + ' sent to object: 'Object Repository/Regression BackOffice/CLINK-23451/PlanList'

2019-05-03 10:36:12 - [MESSAGE][PASSED] - Keys 'DOWN + ENTER + ' sent to object: 'Object Repository/Regression BackOffice/CLINK-23451/PlanList'

2019-05-03 10:36:12 - [TEST_STEP][PASSED] - delay(2): Delayed 2 second(s)

2019-05-03 10:36:14 - [MESSAGE][PASSED] - Delayed 2 second(s)

2019-05-03 10:36:14 - [TEST_STEP][PASSED] - waitForElementPresent(findTestObject("Regression BackOffice/CLINK-23451/GroupList"), 50): Object 'Object Repository/Regression BackOffice/CLINK-23451/GroupList' is present

2019-05-03 10:36:14 - [MESSAGE][PASSED] - Object 'Object Repository/Regression BackOffice/CLINK-23451/GroupList' is present

2019-05-03 10:36:14 - [TEST_STEP][PASSED] - click(findTestObject("Regression BackOffice/CLINK-23451/GroupList"), STOP_ON_FAILURE): Object: 'Object Repository/Regression BackOffice/CLINK-23451/GroupList' is clicked on

2019-05-03 10:36:15 - [MESSAGE][PASSED] - Object: 'Object Repository/Regression BackOffice/CLINK-23451/GroupList' is clicked on

2019-05-03 10:36:15 - [TEST_STEP][PASSED] - sendKeys(findTestObject("Regression BackOffice/CLINK-23451/GroupList"), Keys.chord(ARROW_DOWN, ENTER)): Keys 'DOWN + ENTER + ' sent to object: 'Object Repository/Regression BackOffice/CLINK-23451/GroupList'

2019-05-03 10:36:15 - [MESSAGE][PASSED] - Keys 'DOWN + ENTER + ' sent to object: 'Object Repository/Regression BackOffice/CLINK-23451/GroupList'

2019-05-03 10:36:15 - [TEST_STEP][PASSED] - delay(2): Delayed 2 second(s)

2019-05-03 10:36:17 - [MESSAGE][PASSED] - Delayed 2 second(s)

2019-05-03 10:36:17 - [TEST_STEP][PASSED] - waitForElementPresent(findTestObject("Regression BackOffice/CLINK-23451/MedicareAdminList"), 50): Object 'Object Repository/Regression BackOffice/CLINK-23451/MedicareAdminList' is present

2019-05-03 10:36:17 - [MESSAGE][PASSED] - Object 'Object Repository/Regression BackOffice/CLINK-23451/MedicareAdminList' is present

2019-05-03 10:36:17 - [TEST_STEP][PASSED] - click(findTestObject("Regression BackOffice/CLINK-23451/MedicareAdminList"), STOP_ON_FAILURE): Object: 'Object Repository/Regression BackOffice/CLINK-23451/MedicareAdminList' is clicked on

2019-05-03 10:36:17 - [MESSAGE][PASSED] - Object: 'Object Repository/Regression BackOffice/CLINK-23451/MedicareAdminList' is clicked on

2019-05-03 10:36:17 - [TEST_STEP][PASSED] - sendKeys(findTestObject("Regression BackOffice/CLINK-23451/MedicareAdminList"), Keys.chord(ARROW_DOWN, ARROW_DOWN, ARROW_DOWN, ENTER)): Keys 'DOWN + DOWN + DOWN + ENTER + ' sent to object: 'Object Repository/Regression BackOffice/CLINK-23451/MedicareAdminList'

2019-05-03 10:36:17 - [MESSAGE][PASSED] - Keys 'DOWN + DOWN + DOWN + ENTER + ' sent to object: 'Object Repository/Regression BackOffice/CLINK-23451/MedicareAdminList'

2019-05-03 10:36:17 - [TEST_STEP][PASSED] - delay(2): Delayed 2 second(s)

2019-05-03 10:36:19 - [MESSAGE][PASSED] - Delayed 2 second(s)

2019-05-03 10:36:19 - [TEST_STEP][PASSED] - waitForElementPresent(findTestObject("Regression BackOffice/CLINK-23451/btnSavePayer"), 50): Object 'Object Repository/Regression BackOffice/CLINK-23451/btnSavePayer' is present

2019-05-03 10:36:20 - [MESSAGE][PASSED] - Object 'Object Repository/Regression BackOffice/CLINK-23451/btnSavePayer' is present

2019-05-03 10:36:20 - [TEST_STEP][PASSED] - click(findTestObject("Regression BackOffice/CLINK-23451/btnSavePayer"), STOP_ON_FAILURE): Object: 'Object Repository/Regression BackOffice/CLINK-23451/btnSavePayer' is clicked on

2019-05-03 10:36:20 - [MESSAGE][PASSED] - Object: 'Object Repository/Regression BackOffice/CLINK-23451/btnSavePayer' is clicked on

2019-05-03 10:36:20 - [TEST_STEP][PASSED] - delay(2): Delayed 2 second(s)

2019-05-03 10:36:22 - [MESSAGE][PASSED] - Delayed 2 second(s)

2019-05-03 10:36:22 - [TEST_STEP][PASSED] - waitForElementPresent(findTestObject("Regression BackOffice/CLNK-23449/btnNextPayer"), 50): Object 'Object Repository/Regression BackOffice/CLNK-23449/btnNextPayer' is present

2019-05-03 10:36:22 - [MESSAGE][PASSED] - Object 'Object Repository/Regression BackOffice/CLNK-23449/btnNextPayer' is present

2019-05-03 10:36:22 - [TEST_STEP][PASSED] - click(findTestObject("Regression BackOffice/CLNK-23449/btnNextPayer"), STOP_ON_FAILURE): Object: 'Object Repository/Regression BackOffice/CLNK-23449/btnNextPayer' is clicked on

2019-05-03 10:36:22 - [MESSAGE][PASSED] - Object: 'Object Repository/Regression BackOffice/CLNK-23449/btnNextPayer' is clicked on

2019-05-03 10:36:22 - [TEST_STEP][PASSED] - delay(2): Delayed 2 second(s)

2019-05-03 10:36:24 - [MESSAGE][PASSED] - Delayed 2 second(s)

2019-05-03 10:36:24 - [TEST_STEP][PASSED] - waitForElementPresent(findTestObject("Regression BackOffice/CLNK-23449/Reporting Groups"), 50): Object 'Object Repository/Regression BackOffice/CLNK-23449/Reporting Groups' is present

2019-05-03 10:36:24 - [MESSAGE][PASSED] - Object 'Object Repository/Regression BackOffice/CLNK-23449/Reporting Groups' is present

2019-05-03 10:36:24 - [TEST_STEP][PASSED] - click(findTestObject("Regression BackOffice/CLNK-23449/Reporting Groups"), STOP_ON_FAILURE): Object: 'Object Repository/Regression BackOffice/CLNK-23449/Reporting Groups' is clicked on

2019-05-03 10:36:25 - [MESSAGE][PASSED] - Object: 'Object Repository/Regression BackOffice/CLNK-23449/Reporting Groups' is clicked on

2019-05-03 10:36:25 - [TEST_STEP][PASSED] - delay(2): Delayed 2 second(s)

2019-05-03 10:36:27 - [MESSAGE][PASSED] - Delayed 2 second(s)

2019-05-03 10:36:27 - [TEST_STEP][PASSED] - waitForElementPresent(findTestObject("Regression BackOffice/CLNK-23449/btnSaveServices"), 50): Object 'Object Repository/Regression BackOffice/CLNK-23449/btnSaveServices' is present

2019-05-03 10:36:27 - [MESSAGE][PASSED] - Object 'Object Repository/Regression BackOffice/CLNK-23449/btnSaveServices' is present

2019-05-03 10:36:27 - [TEST_STEP][PASSED] - click(findTestObject("Regression BackOffice/CLNK-23449/btnSaveServices"), STOP_ON_FAILURE): Object: 'Object Repository/Regression BackOffice/CLNK-23449/btnSaveServices' is clicked on

2019-05-03 10:36:27 - [MESSAGE][PASSED] - Object: 'Object Repository/Regression BackOffice/CLNK-23449/btnSaveServices' is clicked on

2019-05-03 10:36:27 - [TEST_STEP][PASSED] - delay(2): Delayed 2 second(s)

2019-05-03 10:36:29 - [MESSAGE][PASSED] - Delayed 2 second(s)

2019-05-03 10:36:29 - [TEST_STEP][PASSED] - waitForElementPresent(findTestObject("Regression BackOffice/CLNK-23449/btnNextServices"), 50): Object 'Object Repository/Regression BackOffice/CLNK-23449/btnNextServices' is present

2019-05-03 10:36:29 - [MESSAGE][PASSED] - Object 'Object Repository/Regression BackOffice/CLNK-23449/btnNextServices' is present

2019-05-03 10:36:29 - [TEST_STEP][PASSED] - click(findTestObject("Regression BackOffice/CLNK-23449/btnNextServices"), STOP_ON_FAILURE): Object: 'Object Repository/Regression BackOffice/CLNK-23449/btnNextServices' is clicked on

2019-05-03 10:36:30 - [MESSAGE][PASSED] - Object: 'Object Repository/Regression BackOffice/CLNK-23449/btnNextServices' is clicked on

2019-05-03 10:36:30 - [TEST_STEP][PASSED] - delay(2): Delayed 2 second(s)

2019-05-03 10:36:32 - [MESSAGE][PASSED] - Delayed 2 second(s)

2019-05-03 10:36:32 - [TEST_STEP][PASSED] - setText(findTestObject("Regression BackOffice/CLNK-23449/Admit/SOCDate"), getDate.DateUtilities.getDateMonthDayYearNumberwithSlash()): Text '05/03/2019' is set on object 'Object Repository/Regression BackOffice/CLNK-23449/Admit/SOCDate'

2019-05-03 10:36:32 - [MESSAGE][PASSED] - getDate.DateUtilities.getDateMonthDayYearNumberwithSlash is PASSED

2019-05-03 10:36:35 - [MESSAGE][PASSED] - Text '05/03/2019' is set on object 'Object Repository/Regression BackOffice/CLNK-23449/Admit/SOCDate'

2019-05-03 10:36:35 - [TEST_STEP][PASSED] - delay(4): Delayed 4 second(s)

2019-05-03 10:36:39 - [MESSAGE][PASSED] - Delayed 4 second(s)

2019-05-03 10:36:39 - [TEST_STEP][PASSED] - waitForElementPresent(findTestObject("Regression BackOffice/CLNK-23449/Admit/DisasterCode"), 50): Object 'Object Repository/Regression BackOffice/CLNK-23449/Admit/DisasterCode' is present

2019-05-03 10:36:39 - [MESSAGE][PASSED] - Object 'Object Repository/Regression BackOffice/CLNK-23449/Admit/DisasterCode' is present

2019-05-03 10:36:39 - [TEST_STEP][PASSED] - click(findTestObject("Regression BackOffice/CLNK-23449/Admit/DisasterCode"), STOP_ON_FAILURE): Object: 'Object Repository/Regression BackOffice/CLNK-23449/Admit/DisasterCode' is clicked on

2019-05-03 10:36:40 - [MESSAGE][PASSED] - Object: 'Object Repository/Regression BackOffice/CLNK-23449/Admit/DisasterCode' is clicked on

2019-05-03 10:36:40 - [TEST_STEP][PASSED] - sendKeys(findTestObject("Regression BackOffice/CLNK-23449/Admit/DisasterCode"), Keys.chord(ARROW_DOWN, ENTER)): Keys 'DOWN + ENTER + ' sent to object: 'Object Repository/Regression BackOffice/CLNK-23449/Admit/DisasterCode'

2019-05-03 10:36:40 - [MESSAGE][PASSED] - Keys 'DOWN + ENTER + ' sent to object: 'Object Repository/Regression BackOffice/CLNK-23449/Admit/DisasterCode'

2019-05-03 10:36:40 - [TEST_STEP][PASSED] - delay(2): Delayed 2 second(s)

2019-05-03 10:36:42 - [MESSAGE][PASSED] - Delayed 2 second(s)

2019-05-03 10:36:42 - [TEST_STEP][PASSED] - waitForElementPresent(findTestObject("Regression BackOffice/CLNK-23449/Admit/ClasificationLevel"), 50): Object 'Object Repository/Regression BackOffice/CLNK-23449/Admit/ClasificationLevel' is present

2019-05-03 10:36:42 - [MESSAGE][PASSED] - Object 'Object Repository/Regression BackOffice/CLNK-23449/Admit/ClasificationLevel' is present

2019-05-03 10:36:42 - [TEST_STEP][PASSED] - click(findTestObject("Regression BackOffice/CLNK-23449/Admit/ClasificationLevel"), STOP_ON_FAILURE): Object: 'Object Repository/Regression BackOffice/CLNK-23449/Admit/ClasificationLevel' is clicked on

2019-05-03 10:36:42 - [MESSAGE][PASSED] - Object: 'Object Repository/Regression BackOffice/CLNK-23449/Admit/ClasificationLevel' is clicked on

2019-05-03 10:36:42 - [TEST_STEP][PASSED] - sendKeys(findTestObject("Regression BackOffice/CLNK-23449/Admit/ClasificationLevel"), Keys.chord(ARROW_DOWN, ENTER)): Keys 'DOWN + ENTER + ' sent to object: 'Object Repository/Regression BackOffice/CLNK-23449/Admit/ClasificationLevel'

2019-05-03 10:36:43 - [MESSAGE][PASSED] - Keys 'DOWN + ENTER + ' sent to object: 'Object Repository/Regression BackOffice/CLNK-23449/Admit/ClasificationLevel'

2019-05-03 10:36:43 - [TEST_STEP][PASSED] - delay(2): Delayed 2 second(s)

2019-05-03 10:36:45 - [MESSAGE][PASSED] - Delayed 2 second(s)

2019-05-03 10:36:45 - [TEST_STEP][PASSED] - waitForElementPresent(findTestObject("Regression BackOffice/CLNK-23449/Admit/HIPAA"), 50): Object 'Object Repository/Regression BackOffice/CLNK-23449/Admit/HIPAA' is present

2019-05-03 10:36:45 - [MESSAGE][PASSED] - Object 'Object Repository/Regression BackOffice/CLNK-23449/Admit/HIPAA' is present

2019-05-03 10:36:45 - [TEST_STEP][PASSED] - click(findTestObject("Regression BackOffice/CLNK-23449/Admit/HIPAA"), STOP_ON_FAILURE): Object: 'Object Repository/Regression BackOffice/CLNK-23449/Admit/HIPAA' is clicked on

2019-05-03 10:36:45 - [MESSAGE][PASSED] - Object: 'Object Repository/Regression BackOffice/CLNK-23449/Admit/HIPAA' is clicked on

2019-05-03 10:36:45 - [TEST_STEP][PASSED] - sendKeys(findTestObject("Regression BackOffice/CLNK-23449/Admit/HIPAA"), Keys.chord(ARROW_DOWN, ENTER)): Keys 'DOWN + ENTER + ' sent to object: 'Object Repository/Regression BackOffice/CLNK-23449/Admit/HIPAA'

2019-05-03 10:36:45 - [MESSAGE][PASSED] - Keys 'DOWN + ENTER + ' sent to object: 'Object Repository/Regression BackOffice/CLNK-23449/Admit/HIPAA'

2019-05-03 10:36:45 - [TEST_STEP][PASSED] - delay(2): Delayed 2 second(s)

2019-05-03 10:36:47 - [MESSAGE][PASSED] - Delayed 2 second(s)

2019-05-03 10:36:47 - [TEST_STEP][PASSED] - waitForElementPresent(findTestObject("Regression BackOffice/CLNK-23449/Admit/QCode"), 50): Object 'Object Repository/Regression BackOffice/CLNK-23449/Admit/QCode' is present

2019-05-03 10:36:48 - [MESSAGE][PASSED] - Object 'Object Repository/Regression BackOffice/CLNK-23449/Admit/QCode' is present

2019-05-03 10:36:48 - [TEST_STEP][PASSED] - click(findTestObject("Regression BackOffice/CLNK-23449/Admit/QCode"), STOP_ON_FAILURE): Object: 'Object Repository/Regression BackOffice/CLNK-23449/Admit/QCode' is clicked on

2019-05-03 10:36:48 - [MESSAGE][PASSED] - Object: 'Object Repository/Regression BackOffice/CLNK-23449/Admit/QCode' is clicked on

2019-05-03 10:36:48 - [TEST_STEP][PASSED] - sendKeys(findTestObject("Regression BackOffice/CLNK-23449/Admit/QCode"), Keys.chord(ARROW_DOWN, ENTER)): Keys 'DOWN + ENTER + ' sent to object: 'Object Repository/Regression BackOffice/CLNK-23449/Admit/QCode'

2019-05-03 10:36:48 - [MESSAGE][PASSED] - Keys 'DOWN + ENTER + ' sent to object: 'Object Repository/Regression BackOffice/CLNK-23449/Admit/QCode'

2019-05-03 10:36:48 - [TEST_STEP][PASSED] - delay(2): Delayed 2 second(s)

2019-05-03 10:36:50 - [MESSAGE][PASSED] - Delayed 2 second(s)

2019-05-03 10:36:50 - [TEST_STEP][PASSED] - setText(findTestObject("Regression BackOffice/CLNK-23449/Admit/Effective Begin Date"), getDate.DateUtilities.getDateMonthDayYearNumberwithSlash()): Text '05/03/2019' is set on object 'Object Repository/Regression BackOffice/CLNK-23449/Admit/Effective Begin Date'

2019-05-03 10:36:50 - [MESSAGE][PASSED] - getDate.DateUtilities.getDateMonthDayYearNumberwithSlash is PASSED

2019-05-03 10:36:51 - [MESSAGE][PASSED] - Text '05/03/2019' is set on object 'Object Repository/Regression BackOffice/CLNK-23449/Admit/Effective Begin Date'

2019-05-03 10:36:51 - [TEST_STEP][PASSED] - delay(4): Delayed 4 second(s)

2019-05-03 10:36:55 - [MESSAGE][PASSED] - Delayed 4 second(s)

2019-05-03 10:36:55 - [TEST_STEP][PASSED] - waitForElementPresent(findTestObject("Regression BackOffice/CLNK-23449/Admit/btnSaveAdmit"), 50): Object 'Object Repository/Regression BackOffice/CLNK-23449/Admit/btnSaveAdmit' is present

2019-05-03 10:36:56 - [MESSAGE][PASSED] - Object 'Object Repository/Regression BackOffice/CLNK-23449/Admit/btnSaveAdmit' is present

2019-05-03 10:36:56 - [TEST_STEP][PASSED] - click(findTestObject("Regression BackOffice/CLNK-23449/Admit/btnSaveAdmit"), STOP_ON_FAILURE): Object: 'Object Repository/Regression BackOffice/CLNK-23449/Admit/btnSaveAdmit' is clicked on

2019-05-03 10:36:56 - [MESSAGE][PASSED] - Object: 'Object Repository/Regression BackOffice/CLNK-23449/Admit/btnSaveAdmit' is clicked on

2019-05-03 10:36:56 - [TEST_STEP][PASSED] - delay(2): Delayed 2 second(s)

2019-05-03 10:36:58 - [MESSAGE][PASSED] - Delayed 2 second(s)

2019-05-03 10:36:58 - [TEST_STEP][PASSED] - waitForElementPresent(findTestObject("Regression BackOffice/CLNK-23449/Admit/btnAdmit"), 50): Object 'Object Repository/Regression BackOffice/CLNK-23449/Admit/btnAdmit' is present

2019-05-03 10:36:58 - [MESSAGE][PASSED] - Object 'Object Repository/Regression BackOffice/CLNK-23449/Admit/btnAdmit' is present

2019-05-03 10:36:58 - [TEST_STEP][PASSED] - click(findTestObject("Regression BackOffice/CLNK-23449/Admit/btnAdmit"), STOP_ON_FAILURE): Object: 'Object Repository/Regression BackOffice/CLNK-23449/Admit/btnAdmit' is clicked on

2019-05-03 10:36:58 - [MESSAGE][PASSED] - Object: 'Object Repository/Regression BackOffice/CLNK-23449/Admit/btnAdmit' is clicked on

2019-05-03 10:36:58 - [TEST_STEP][PASSED] - delay(2): Delayed 2 second(s)

2019-05-03 10:37:00 - [MESSAGE][PASSED] - Delayed 2 second(s)

2019-05-03 10:37:00 - [TEST_STEP][PASSED] - switchToDefaultContent(): null

2019-05-03 10:37:00 - [TEST_STEP][PASSED] - closeBrowser(): Browser is closed

2019-05-03 10:37:02 - [MESSAGE][PASSED] - Browser is closed]]></system-out>
         <system-err><![CDATA[]]></system-err>
      </testcase>
      <testcase name="Test Cases/Regression Clinical Edge (All Browsers)/CLNK-28946 - CE - Add diagnosis" classname="Test Cases/Regression Clinical Edge (All Browsers)/CLNK-28946 - CE - Add diagnosis" status="PASSED">
         <system-out><![CDATA[2019-05-03 10:37:04 - [TEST_CASE][PASSED] - Test Cases/Regression Clinical Edge (All Browsers)/CLNK-28946 - CE - Add diagnosis: Test Cases/Regression Clinical Edge (All Browsers)/CLNK-28946 - CE - Add diagnosis

2019-05-03 10:37:05 - [TEST_STEP][PASSED] - callTestCase(findTestCase("Regression Clinical Edge (All Browsers)/CLNK-23349 - ContinuLink - Login"), [:], STOP_ON_FAILURE): Call Test Case 'Test Cases/Regression Clinical Edge (All Browsers)/CLNK-23349 - ContinuLink - Login' successfully

2019-05-03 10:37:06 - [TEST_CASE][PASSED] - Test Cases/Regression Clinical Edge (All Browsers)/CLNK-23349 - ContinuLink - Login: Test Cases/Regression Clinical Edge (All Browsers)/CLNK-23349 - ContinuLink - Login

2019-05-03 10:37:06 - [TEST_STEP][PASSED] - openBrowser(G_SiteURL): Browser is opened with url: 'https://qanewpoc.continulink.com/Account/Login.aspx?ReturnUrl=%2fdefault.aspx'

2019-05-03 10:37:06 - [MESSAGE][INFO] - Starting 'Chrome' driver

2019-05-03 10:37:18 - [MESSAGE][PASSED] - Browser is opened with url: 'https://qanewpoc.continulink.com/Account/Login.aspx?ReturnUrl=%2fdefault.aspx'

2019-05-03 10:37:18 - [TEST_STEP][PASSED] - waitForPageLoad(60): Wait for page load successfully

2019-05-03 10:37:18 - [MESSAGE][PASSED] - Wait for page load successfully

2019-05-03 10:37:18 - [TEST_STEP][PASSED] - maximizeWindow(): Current window maximized

2019-05-03 10:37:20 - [MESSAGE][PASSED] - Current window maximized

2019-05-03 10:37:20 - [TEST_STEP][PASSED] - setText(findTestObject("Regression Clinical Edge/CLNK-23349/User"), G_User): Text 'Mobinnur' is set on object 'Object Repository/Regression Clinical Edge/CLNK-23349/User'

2019-05-03 10:37:20 - [MESSAGE][PASSED] - Text 'Mobinnur' is set on object 'Object Repository/Regression Clinical Edge/CLNK-23349/User'

2019-05-03 10:37:20 - [TEST_STEP][PASSED] - setText(findTestObject("Regression Clinical Edge/CLNK-23349/Password"), G_Password): Text 'qwerty' is set on object 'Object Repository/Regression Clinical Edge/CLNK-23349/Password'

2019-05-03 10:37:21 - [MESSAGE][PASSED] - Text 'qwerty' is set on object 'Object Repository/Regression Clinical Edge/CLNK-23349/Password'

2019-05-03 10:37:21 - [TEST_STEP][PASSED] - click(findTestObject("Regression Clinical Edge/CLNK-23349/Button_LogIn")): Object: 'Object Repository/Regression Clinical Edge/CLNK-23349/Button_LogIn' is clicked on

2019-05-03 10:37:25 - [MESSAGE][PASSED] - Object: 'Object Repository/Regression Clinical Edge/CLNK-23349/Button_LogIn' is clicked on

2019-05-03 10:37:25 - [TEST_STEP][PASSED] - waitForPageLoad(60): Wait for page load successfully

2019-05-03 10:37:26 - [MESSAGE][PASSED] - Wait for page load successfully

2019-05-03 10:37:26 - [TEST_STEP][PASSED] - delay(2): Delayed 2 second(s)

2019-05-03 10:37:28 - [MESSAGE][PASSED] - Delayed 2 second(s)

2019-05-03 10:37:28 - [TEST_STEP][PASSED] - waitForElementPresent(findTestObject("Regression Clinical Edge/CLINK-23509/button_Close"), 100): Object 'Object Repository/Regression Clinical Edge/CLINK-23509/button_Close' is present

2019-05-03 10:37:28 - [MESSAGE][PASSED] - Object 'Object Repository/Regression Clinical Edge/CLINK-23509/button_Close' is present

2019-05-03 10:37:28 - [TEST_STEP][PASSED] - click(findTestObject("Regression Clinical Edge/CLINK-23509/button_Close")): Object: 'Object Repository/Regression Clinical Edge/CLINK-23509/button_Close' is clicked on

2019-05-03 10:37:28 - [MESSAGE][PASSED] - Object: 'Object Repository/Regression Clinical Edge/CLINK-23509/button_Close' is clicked on

2019-05-03 10:37:28 - [TEST_STEP][PASSED] - delay(2): Delayed 2 second(s)

2019-05-03 10:37:30 - [MESSAGE][PASSED] - Delayed 2 second(s)

2019-05-03 10:37:30 - [MESSAGE][PASSED] - Call Test Case 'Test Cases/Regression Clinical Edge (All Browsers)/CLNK-23349 - ContinuLink - Login' successfully

2019-05-03 10:37:30 - [TEST_STEP][PASSED] - waitForPageLoad(60): Wait for page load successfully

2019-05-03 10:37:30 - [MESSAGE][PASSED] - Wait for page load successfully

2019-05-03 10:37:30 - [TEST_STEP][PASSED] - maximizeWindow(): Current window maximized

2019-05-03 10:37:30 - [MESSAGE][PASSED] - Current window maximized

2019-05-03 10:37:30 - [TEST_STEP][PASSED] - waitForPageLoad(60): Wait for page load successfully

2019-05-03 10:37:30 - [MESSAGE][PASSED] - Wait for page load successfully

2019-05-03 10:37:30 - [TEST_STEP][NOT_RUN] - delay(8): NOT_RUN: delay(8)

2019-05-03 10:37:30 - [MESSAGE][NOT_RUN] - NOT_RUN: delay(8)

2019-05-03 10:37:30 - [TEST_STEP][NOT_RUN] - waitForElementPresent(findTestObject("Regression Clinical Edge/CLNK-23497/button_Close"), 100): NOT_RUN: waitForElementPresent(findTestObject("Regression Clinical Edge/CLNK-23497/button_Close"), 100)

2019-05-03 10:37:30 - [MESSAGE][NOT_RUN] - NOT_RUN: waitForElementPresent(findTestObject("Regression Clinical Edge/CLNK-23497/button_Close"), 100)

2019-05-03 10:37:30 - [TEST_STEP][NOT_RUN] - click(findTestObject("Regression Clinical Edge/CLNK-23497/button_Close")): NOT_RUN: click(findTestObject("Regression Clinical Edge/CLNK-23497/button_Close"))

2019-05-03 10:37:30 - [MESSAGE][NOT_RUN] - NOT_RUN: click(findTestObject("Regression Clinical Edge/CLNK-23497/button_Close"))

2019-05-03 10:37:30 - [TEST_STEP][PASSED] - delay(2): Delayed 2 second(s)

2019-05-03 10:37:32 - [MESSAGE][PASSED] - Delayed 2 second(s)

2019-05-03 10:37:32 - [TEST_STEP][PASSED] - waitForElementPresent(findTestObject("Regression Clinical Edge/ClientPage/HomeLink"), 100): Object 'Object Repository/Regression Clinical Edge/ClientPage/HomeLink' is present

2019-05-03 10:37:32 - [MESSAGE][PASSED] - Object 'Object Repository/Regression Clinical Edge/ClientPage/HomeLink' is present

2019-05-03 10:37:32 - [TEST_STEP][PASSED] - click(findTestObject("Regression Clinical Edge/ClientPage/HomeLink")): Object: 'Object Repository/Regression Clinical Edge/ClientPage/HomeLink' is clicked on

2019-05-03 10:37:35 - [MESSAGE][PASSED] - Object: 'Object Repository/Regression Clinical Edge/ClientPage/HomeLink' is clicked on

2019-05-03 10:37:35 - [TEST_STEP][PASSED] - delay(2): Delayed 2 second(s)

2019-05-03 10:37:37 - [MESSAGE][PASSED] - Delayed 2 second(s)

2019-05-03 10:37:37 - [TEST_STEP][PASSED] - waitForPageLoad(50): Wait for page load successfully

2019-05-03 10:37:37 - [MESSAGE][PASSED] - Wait for page load successfully

2019-05-03 10:37:37 - [TEST_STEP][PASSED] - waitForElementPresent(findTestObject("Regression Clinical Edge/HomePage/RequestTab"), 50): Object 'Object Repository/Regression Clinical Edge/HomePage/RequestTab' is present

2019-05-03 10:37:37 - [MESSAGE][PASSED] - Object 'Object Repository/Regression Clinical Edge/HomePage/RequestTab' is present

2019-05-03 10:37:37 - [TEST_STEP][PASSED] - click(findTestObject("Regression Clinical Edge/HomePage/RequestTab")): Object: 'Object Repository/Regression Clinical Edge/HomePage/RequestTab' is clicked on

2019-05-03 10:37:38 - [MESSAGE][PASSED] - Object: 'Object Repository/Regression Clinical Edge/HomePage/RequestTab' is clicked on

2019-05-03 10:37:38 - [TEST_STEP][PASSED] - delay(2): Delayed 2 second(s)

2019-05-03 10:37:40 - [MESSAGE][PASSED] - Delayed 2 second(s)

2019-05-03 10:37:40 - [TEST_STEP][PASSED] - waitForElementPresent(findTestObject("Regression Clinical Edge/HomePage/SearchText"), 50): Object 'Object Repository/Regression Clinical Edge/HomePage/SearchText' is present

2019-05-03 10:37:40 - [MESSAGE][PASSED] - Object 'Object Repository/Regression Clinical Edge/HomePage/SearchText' is present

2019-05-03 10:37:40 - [TEST_STEP][PASSED] - setText(findTestObject("Regression Clinical Edge/HomePage/SearchText"), G_ClientLastName): Text 'Victorino' is set on object 'Object Repository/Regression Clinical Edge/HomePage/SearchText'

2019-05-03 10:37:41 - [MESSAGE][PASSED] - Text 'Victorino' is set on object 'Object Repository/Regression Clinical Edge/HomePage/SearchText'

2019-05-03 10:37:41 - [TEST_STEP][PASSED] - delay(3): Delayed 3 second(s)

2019-05-03 10:37:44 - [MESSAGE][PASSED] - Delayed 3 second(s)

2019-05-03 10:37:44 - [TEST_STEP][PASSED] - scrollToElement(findTestObject("Regression Clinical Edge/CLINK-23314/a_Khur Heather (535592)"), 60): Scroll to object 'Object Repository/Regression Clinical Edge/CLINK-23314/a_Khur Heather (535592)' successfully

2019-05-03 10:37:44 - [MESSAGE][PASSED] - Scroll to object 'Object Repository/Regression Clinical Edge/CLINK-23314/a_Khur Heather (535592)' successfully

2019-05-03 10:37:44 - [TEST_STEP][PASSED] - waitForElementPresent(findTestObject("Regression Clinical Edge/CLINK-23314/a_Khur Heather (535592)"), 60): Object 'Object Repository/Regression Clinical Edge/CLINK-23314/a_Khur Heather (535592)' is present

2019-05-03 10:37:44 - [MESSAGE][PASSED] - Object 'Object Repository/Regression Clinical Edge/CLINK-23314/a_Khur Heather (535592)' is present

2019-05-03 10:37:44 - [TEST_STEP][PASSED] - click(findTestObject("Regression Clinical Edge/CLINK-23314/a_Khur Heather (535592)")): Object: 'Object Repository/Regression Clinical Edge/CLINK-23314/a_Khur Heather (535592)' is clicked on

2019-05-03 10:37:47 - [MESSAGE][PASSED] - Object: 'Object Repository/Regression Clinical Edge/CLINK-23314/a_Khur Heather (535592)' is clicked on

2019-05-03 10:37:47 - [TEST_STEP][PASSED] - delay(5): Delayed 5 second(s)

2019-05-03 10:37:52 - [MESSAGE][PASSED] - Delayed 5 second(s)

2019-05-03 10:37:52 - [TEST_STEP][PASSED] - waitForPageLoad(50): Wait for page load successfully

2019-05-03 10:37:52 - [MESSAGE][PASSED] - Wait for page load successfully

2019-05-03 10:37:52 - [TEST_STEP][PASSED] - waitForElementPresent(findTestObject("Regression Clinical Edge/HomePage/ClientLink"), 100): Object 'Object Repository/Regression Clinical Edge/HomePage/ClientLink' is present

2019-05-03 10:37:52 - [MESSAGE][PASSED] - Object 'Object Repository/Regression Clinical Edge/HomePage/ClientLink' is present

2019-05-03 10:37:52 - [TEST_STEP][PASSED] - click(findTestObject("Regression Clinical Edge/HomePage/ClientLink")): Object: 'Object Repository/Regression Clinical Edge/HomePage/ClientLink' is clicked on

2019-05-03 10:37:56 - [MESSAGE][PASSED] - Object: 'Object Repository/Regression Clinical Edge/HomePage/ClientLink' is clicked on

2019-05-03 10:37:56 - [TEST_STEP][PASSED] - delay(2): Delayed 2 second(s)

2019-05-03 10:37:58 - [MESSAGE][PASSED] - Delayed 2 second(s)

2019-05-03 10:37:58 - [TEST_STEP][PASSED] - waitForPageLoad(50): Wait for page load successfully

2019-05-03 10:37:58 - [MESSAGE][PASSED] - Wait for page load successfully

2019-05-03 10:37:58 - [TEST_STEP][PASSED] - waitForElementPresent(findTestObject("Regression Clinical Edge/CLINK-23509/Diagnosis/AddDiagnosis"), 50): Object 'Object Repository/Regression Clinical Edge/CLINK-23509/Diagnosis/AddDiagnosis' is present

2019-05-03 10:37:58 - [MESSAGE][PASSED] - Object 'Object Repository/Regression Clinical Edge/CLINK-23509/Diagnosis/AddDiagnosis' is present

2019-05-03 10:37:58 - [TEST_STEP][PASSED] - click(findTestObject("Regression Clinical Edge/CLINK-23509/Diagnosis/AddDiagnosis")): Object: 'Object Repository/Regression Clinical Edge/CLINK-23509/Diagnosis/AddDiagnosis' is clicked on

2019-05-03 10:37:59 - [MESSAGE][PASSED] - Object: 'Object Repository/Regression Clinical Edge/CLINK-23509/Diagnosis/AddDiagnosis' is clicked on

2019-05-03 10:37:59 - [TEST_STEP][PASSED] - delay(2): Delayed 2 second(s)

2019-05-03 10:38:01 - [MESSAGE][PASSED] - Delayed 2 second(s)

2019-05-03 10:38:01 - [TEST_STEP][PASSED] - waitForElementPresent(findTestObject("Regression Clinical Edge/CLINK-23509/Diagnosis/a_Diagnosis"), 50): Object 'Object Repository/Regression Clinical Edge/CLINK-23509/Diagnosis/a_Diagnosis' is present

2019-05-03 10:38:01 - [MESSAGE][PASSED] - Object 'Object Repository/Regression Clinical Edge/CLINK-23509/Diagnosis/a_Diagnosis' is present

2019-05-03 10:38:01 - [TEST_STEP][PASSED] - click(findTestObject("Regression Clinical Edge/CLINK-23509/Diagnosis/a_Diagnosis")): Object: 'Object Repository/Regression Clinical Edge/CLINK-23509/Diagnosis/a_Diagnosis' is clicked on

2019-05-03 10:38:01 - [MESSAGE][PASSED] - Object: 'Object Repository/Regression Clinical Edge/CLINK-23509/Diagnosis/a_Diagnosis' is clicked on

2019-05-03 10:38:01 - [TEST_STEP][PASSED] - delay(2): Delayed 2 second(s)

2019-05-03 10:38:03 - [MESSAGE][PASSED] - Delayed 2 second(s)

2019-05-03 10:38:03 - [TEST_STEP][PASSED] - waitForElementPresent(findTestObject("Regression Clinical Edge/CLINK-23509/Diagnosis/DiagnosisSearch"), 50): Object 'Object Repository/Regression Clinical Edge/CLINK-23509/Diagnosis/DiagnosisSearch' is present

2019-05-03 10:38:03 - [MESSAGE][PASSED] - Object 'Object Repository/Regression Clinical Edge/CLINK-23509/Diagnosis/DiagnosisSearch' is present

2019-05-03 10:38:03 - [TEST_STEP][PASSED] - click(findTestObject("Regression Clinical Edge/CLINK-23509/Diagnosis/DiagnosisSearch")): Object: 'Object Repository/Regression Clinical Edge/CLINK-23509/Diagnosis/DiagnosisSearch' is clicked on

2019-05-03 10:38:04 - [MESSAGE][PASSED] - Object: 'Object Repository/Regression Clinical Edge/CLINK-23509/Diagnosis/DiagnosisSearch' is clicked on

2019-05-03 10:38:04 - [TEST_STEP][PASSED] - delay(2): Delayed 2 second(s)

2019-05-03 10:38:06 - [MESSAGE][PASSED] - Delayed 2 second(s)

2019-05-03 10:38:06 - [TEST_STEP][PASSED] - waitForElementPresent(findTestObject("Regression Clinical Edge/CLINK-23509/Diagnosis/Codifier_Level_1"), 50): Object 'Object Repository/Regression Clinical Edge/CLINK-23509/Diagnosis/Codifier_Level_1' is present

2019-05-03 10:38:06 - [MESSAGE][PASSED] - Object 'Object Repository/Regression Clinical Edge/CLINK-23509/Diagnosis/Codifier_Level_1' is present

2019-05-03 10:38:06 - [TEST_STEP][PASSED] - setText(findTestObject("Regression Clinical Edge/CLINK-23509/Diagnosis/Codifier_Level_1"), "A"): Text 'A' is set on object 'Object Repository/Regression Clinical Edge/CLINK-23509/Diagnosis/Codifier_Level_1'

2019-05-03 10:38:06 - [MESSAGE][PASSED] - Text 'A' is set on object 'Object Repository/Regression Clinical Edge/CLINK-23509/Diagnosis/Codifier_Level_1'

2019-05-03 10:38:06 - [TEST_STEP][PASSED] - delay(2): Delayed 2 second(s)

2019-05-03 10:38:08 - [MESSAGE][PASSED] - Delayed 2 second(s)

2019-05-03 10:38:08 - [TEST_STEP][PASSED] - waitForElementPresent(findTestObject("Regression Clinical Edge/CLINK-23509/Diagnosis/Codifier_Level_2"), 50): Object 'Object Repository/Regression Clinical Edge/CLINK-23509/Diagnosis/Codifier_Level_2' is present

2019-05-03 10:38:08 - [MESSAGE][PASSED] - Object 'Object Repository/Regression Clinical Edge/CLINK-23509/Diagnosis/Codifier_Level_2' is present

2019-05-03 10:38:08 - [TEST_STEP][PASSED] - setText(findTestObject("Regression Clinical Edge/CLINK-23509/Diagnosis/Codifier_Level_2"), "0"): Text '0' is set on object 'Object Repository/Regression Clinical Edge/CLINK-23509/Diagnosis/Codifier_Level_2'

2019-05-03 10:38:08 - [MESSAGE][PASSED] - Text '0' is set on object 'Object Repository/Regression Clinical Edge/CLINK-23509/Diagnosis/Codifier_Level_2'

2019-05-03 10:38:08 - [TEST_STEP][PASSED] - delay(2): Delayed 2 second(s)

2019-05-03 10:38:10 - [MESSAGE][PASSED] - Delayed 2 second(s)

2019-05-03 10:38:10 - [TEST_STEP][PASSED] - waitForElementPresent(findTestObject("Regression Clinical Edge/CLINK-23509/Diagnosis/Codifier_Level_3"), 50): Object 'Object Repository/Regression Clinical Edge/CLINK-23509/Diagnosis/Codifier_Level_3' is present

2019-05-03 10:38:10 - [MESSAGE][PASSED] - Object 'Object Repository/Regression Clinical Edge/CLINK-23509/Diagnosis/Codifier_Level_3' is present

2019-05-03 10:38:10 - [TEST_STEP][PASSED] - setText(findTestObject("Regression Clinical Edge/CLINK-23509/Diagnosis/Codifier_Level_3"), "0"): Text '0' is set on object 'Object Repository/Regression Clinical Edge/CLINK-23509/Diagnosis/Codifier_Level_3'

2019-05-03 10:38:10 - [MESSAGE][PASSED] - Text '0' is set on object 'Object Repository/Regression Clinical Edge/CLINK-23509/Diagnosis/Codifier_Level_3'

2019-05-03 10:38:10 - [TEST_STEP][PASSED] - delay(2): Delayed 2 second(s)

2019-05-03 10:38:12 - [MESSAGE][PASSED] - Delayed 2 second(s)

2019-05-03 10:38:12 - [TEST_STEP][PASSED] - waitForElementPresent(findTestObject("Regression Clinical Edge/CLINK-23509/Diagnosis/Codifier_Level_4"), 50): Object 'Object Repository/Regression Clinical Edge/CLINK-23509/Diagnosis/Codifier_Level_4' is present

2019-05-03 10:38:13 - [MESSAGE][PASSED] - Object 'Object Repository/Regression Clinical Edge/CLINK-23509/Diagnosis/Codifier_Level_4' is present

2019-05-03 10:38:13 - [TEST_STEP][PASSED] - setText(findTestObject("Regression Clinical Edge/CLINK-23509/Diagnosis/Codifier_Level_4"), "0"): Text '0' is set on object 'Object Repository/Regression Clinical Edge/CLINK-23509/Diagnosis/Codifier_Level_4'

2019-05-03 10:38:13 - [MESSAGE][PASSED] - Text '0' is set on object 'Object Repository/Regression Clinical Edge/CLINK-23509/Diagnosis/Codifier_Level_4'

2019-05-03 10:38:13 - [TEST_STEP][PASSED] - delay(2): Delayed 2 second(s)

2019-05-03 10:38:15 - [MESSAGE][PASSED] - Delayed 2 second(s)

2019-05-03 10:38:15 - [TEST_STEP][PASSED] - waitForElementPresent(findTestObject("Regression Clinical Edge/CLINK-23509/Diagnosis/ApplyButton"), 50): Object 'Object Repository/Regression Clinical Edge/CLINK-23509/Diagnosis/ApplyButton' is present

2019-05-03 10:38:15 - [MESSAGE][PASSED] - Object 'Object Repository/Regression Clinical Edge/CLINK-23509/Diagnosis/ApplyButton' is present

2019-05-03 10:38:15 - [TEST_STEP][PASSED] - click(findTestObject("Regression Clinical Edge/CLINK-23509/Diagnosis/ApplyButton")): Object: 'Object Repository/Regression Clinical Edge/CLINK-23509/Diagnosis/ApplyButton' is clicked on

2019-05-03 10:38:15 - [MESSAGE][PASSED] - Object: 'Object Repository/Regression Clinical Edge/CLINK-23509/Diagnosis/ApplyButton' is clicked on

2019-05-03 10:38:15 - [TEST_STEP][PASSED] - delay(2): Delayed 2 second(s)

2019-05-03 10:38:17 - [MESSAGE][PASSED] - Delayed 2 second(s)

2019-05-03 10:38:17 - [TEST_STEP][PASSED] - waitForPageLoad(50): Wait for page load successfully

2019-05-03 10:38:17 - [MESSAGE][PASSED] - Wait for page load successfully

2019-05-03 10:38:17 - [TEST_STEP][PASSED] - waitForElementPresent(findTestObject("Regression Clinical Edge/CLINK-23509/Diagnosis/input_OE Date_txtOEDate"), 50): Object 'Object Repository/Regression Clinical Edge/CLINK-23509/Diagnosis/input_OE Date_txtOEDate' is present

2019-05-03 10:38:17 - [MESSAGE][PASSED] - Object 'Object Repository/Regression Clinical Edge/CLINK-23509/Diagnosis/input_OE Date_txtOEDate' is present

2019-05-03 10:38:17 - [TEST_STEP][PASSED] - click(findTestObject("Regression Clinical Edge/CLINK-23509/Diagnosis/input_OE Date_txtOEDate")): Object: 'Object Repository/Regression Clinical Edge/CLINK-23509/Diagnosis/input_OE Date_txtOEDate' is clicked on

2019-05-03 10:38:17 - [MESSAGE][PASSED] - Object: 'Object Repository/Regression Clinical Edge/CLINK-23509/Diagnosis/input_OE Date_txtOEDate' is clicked on

2019-05-03 10:38:17 - [TEST_STEP][PASSED] - sendKeys(findTestObject("Regression Clinical Edge/CLINK-23509/Diagnosis/input_OE Date_txtOEDate"), getDate.DateUtilities.getDateMonthDayYearNumber()): Keys '05032019' sent to object: 'Object Repository/Regression Clinical Edge/CLINK-23509/Diagnosis/input_OE Date_txtOEDate'

2019-05-03 10:38:17 - [MESSAGE][PASSED] - getDate.DateUtilities.getDateMonthDayYearNumber is PASSED

2019-05-03 10:38:18 - [MESSAGE][PASSED] - Keys '05032019' sent to object: 'Object Repository/Regression Clinical Edge/CLINK-23509/Diagnosis/input_OE Date_txtOEDate'

2019-05-03 10:38:18 - [TEST_STEP][PASSED] - delay(4): Delayed 4 second(s)

2019-05-03 10:38:22 - [MESSAGE][PASSED] - Delayed 4 second(s)

2019-05-03 10:38:22 - [TEST_STEP][PASSED] - waitForElementPresent(findTestObject("Regression Clinical Edge/CLINK-23509/Diagnosis/input_Effective Begin Date_txtBeginDate"), 50): Object 'Object Repository/Regression Clinical Edge/CLINK-23509/Diagnosis/input_Effective Begin Date_txtBeginDate' is present

2019-05-03 10:38:22 - [MESSAGE][PASSED] - Object 'Object Repository/Regression Clinical Edge/CLINK-23509/Diagnosis/input_Effective Begin Date_txtBeginDate' is present

2019-05-03 10:38:22 - [TEST_STEP][PASSED] - click(findTestObject("Regression Clinical Edge/CLINK-23509/Diagnosis/input_Effective Begin Date_txtBeginDate")): Object: 'Object Repository/Regression Clinical Edge/CLINK-23509/Diagnosis/input_Effective Begin Date_txtBeginDate' is clicked on

2019-05-03 10:38:22 - [MESSAGE][PASSED] - Object: 'Object Repository/Regression Clinical Edge/CLINK-23509/Diagnosis/input_Effective Begin Date_txtBeginDate' is clicked on

2019-05-03 10:38:22 - [TEST_STEP][PASSED] - sendKeys(findTestObject("Regression Clinical Edge/CLINK-23509/Diagnosis/input_Effective Begin Date_txtBeginDate"), getDate.DateUtilities.getDateMonthDayYearNumber()): Keys '05032019' sent to object: 'Object Repository/Regression Clinical Edge/CLINK-23509/Diagnosis/input_Effective Begin Date_txtBeginDate'

2019-05-03 10:38:22 - [MESSAGE][PASSED] - getDate.DateUtilities.getDateMonthDayYearNumber is PASSED

2019-05-03 10:38:22 - [MESSAGE][PASSED] - Keys '05032019' sent to object: 'Object Repository/Regression Clinical Edge/CLINK-23509/Diagnosis/input_Effective Begin Date_txtBeginDate'

2019-05-03 10:38:22 - [TEST_STEP][PASSED] - delay(4): Delayed 4 second(s)

2019-05-03 10:38:26 - [MESSAGE][PASSED] - Delayed 4 second(s)

2019-05-03 10:38:26 - [TEST_STEP][PASSED] - waitForElementPresent(findTestObject("Regression Clinical Edge/CLINK-23509/Diagnosis/button_OkDiagnosis"), 50): Object 'Object Repository/Regression Clinical Edge/CLINK-23509/Diagnosis/button_OkDiagnosis' is present

2019-05-03 10:38:26 - [MESSAGE][PASSED] - Object 'Object Repository/Regression Clinical Edge/CLINK-23509/Diagnosis/button_OkDiagnosis' is present

2019-05-03 10:38:26 - [TEST_STEP][PASSED] - click(findTestObject("Regression Clinical Edge/CLINK-23509/Diagnosis/button_OkDiagnosis")): Object: 'Object Repository/Regression Clinical Edge/CLINK-23509/Diagnosis/button_OkDiagnosis' is clicked on

2019-05-03 10:38:27 - [MESSAGE][PASSED] - Object: 'Object Repository/Regression Clinical Edge/CLINK-23509/Diagnosis/button_OkDiagnosis' is clicked on

2019-05-03 10:38:27 - [TEST_STEP][PASSED] - delay(5): Delayed 5 second(s)

2019-05-03 10:38:32 - [MESSAGE][PASSED] - Delayed 5 second(s)

2019-05-03 10:38:32 - [TEST_STEP][PASSED] - closeBrowser(): Browser is closed

2019-05-03 10:38:33 - [MESSAGE][PASSED] - Browser is closed]]></system-out>
         <system-err><![CDATA[]]></system-err>
      </testcase>
      <testcase name="Test Cases/Regression Clinical Edge (All Browsers)/CLNK-23505 - Clinical Edge - POC - Plan of Care" classname="Test Cases/Regression Clinical Edge (All Browsers)/CLNK-23505 - Clinical Edge - POC - Plan of Care" status="PASSED">
         <system-out><![CDATA[2019-05-03 10:38:35 - [TEST_CASE][PASSED] - Test Cases/Regression Clinical Edge (All Browsers)/CLNK-23505 - Clinical Edge - POC - Plan of Care: Test Cases/Regression Clinical Edge (All Browsers)/CLNK-23505 - Clinical Edge - POC - Plan of Care

2019-05-03 10:38:36 - [TEST_STEP][PASSED] - callTestCase(findTestCase("Regression Clinical Edge (All Browsers)/CLNK-23349 - ContinuLink - Login"), [:], STOP_ON_FAILURE): Call Test Case 'Test Cases/Regression Clinical Edge (All Browsers)/CLNK-23349 - ContinuLink - Login' successfully

2019-05-03 10:38:36 - [TEST_CASE][PASSED] - Test Cases/Regression Clinical Edge (All Browsers)/CLNK-23349 - ContinuLink - Login: Test Cases/Regression Clinical Edge (All Browsers)/CLNK-23349 - ContinuLink - Login

2019-05-03 10:38:36 - [TEST_STEP][PASSED] - openBrowser(G_SiteURL): Browser is opened with url: 'https://qanewpoc.continulink.com/Account/Login.aspx?ReturnUrl=%2fdefault.aspx'

2019-05-03 10:38:36 - [MESSAGE][INFO] - Starting 'Chrome' driver

2019-05-03 10:38:48 - [MESSAGE][PASSED] - Browser is opened with url: 'https://qanewpoc.continulink.com/Account/Login.aspx?ReturnUrl=%2fdefault.aspx'

2019-05-03 10:38:48 - [TEST_STEP][PASSED] - waitForPageLoad(60): Wait for page load successfully

2019-05-03 10:38:49 - [MESSAGE][PASSED] - Wait for page load successfully

2019-05-03 10:38:49 - [TEST_STEP][PASSED] - maximizeWindow(): Current window maximized

2019-05-03 10:38:51 - [MESSAGE][PASSED] - Current window maximized

2019-05-03 10:38:51 - [TEST_STEP][PASSED] - setText(findTestObject("Regression Clinical Edge/CLNK-23349/User"), G_User): Text 'Mobinnur' is set on object 'Object Repository/Regression Clinical Edge/CLNK-23349/User'

2019-05-03 10:38:52 - [MESSAGE][PASSED] - Text 'Mobinnur' is set on object 'Object Repository/Regression Clinical Edge/CLNK-23349/User'

2019-05-03 10:38:52 - [TEST_STEP][PASSED] - setText(findTestObject("Regression Clinical Edge/CLNK-23349/Password"), G_Password): Text 'qwerty' is set on object 'Object Repository/Regression Clinical Edge/CLNK-23349/Password'

2019-05-03 10:38:53 - [MESSAGE][PASSED] - Text 'qwerty' is set on object 'Object Repository/Regression Clinical Edge/CLNK-23349/Password'

2019-05-03 10:38:53 - [TEST_STEP][PASSED] - click(findTestObject("Regression Clinical Edge/CLNK-23349/Button_LogIn")): Object: 'Object Repository/Regression Clinical Edge/CLNK-23349/Button_LogIn' is clicked on

2019-05-03 10:38:58 - [MESSAGE][PASSED] - Object: 'Object Repository/Regression Clinical Edge/CLNK-23349/Button_LogIn' is clicked on

2019-05-03 10:38:58 - [TEST_STEP][PASSED] - waitForPageLoad(60): Wait for page load successfully

2019-05-03 10:38:58 - [MESSAGE][PASSED] - Wait for page load successfully

2019-05-03 10:38:58 - [TEST_STEP][PASSED] - delay(2): Delayed 2 second(s)

2019-05-03 10:39:00 - [MESSAGE][PASSED] - Delayed 2 second(s)

2019-05-03 10:39:00 - [TEST_STEP][PASSED] - waitForElementPresent(findTestObject("Regression Clinical Edge/CLINK-23509/button_Close"), 100): Object 'Object Repository/Regression Clinical Edge/CLINK-23509/button_Close' is present

2019-05-03 10:39:00 - [MESSAGE][PASSED] - Object 'Object Repository/Regression Clinical Edge/CLINK-23509/button_Close' is present

2019-05-03 10:39:00 - [TEST_STEP][PASSED] - click(findTestObject("Regression Clinical Edge/CLINK-23509/button_Close")): Object: 'Object Repository/Regression Clinical Edge/CLINK-23509/button_Close' is clicked on

2019-05-03 10:39:00 - [MESSAGE][PASSED] - Object: 'Object Repository/Regression Clinical Edge/CLINK-23509/button_Close' is clicked on

2019-05-03 10:39:00 - [TEST_STEP][PASSED] - delay(2): Delayed 2 second(s)

2019-05-03 10:39:03 - [MESSAGE][PASSED] - Delayed 2 second(s)

2019-05-03 10:39:03 - [MESSAGE][PASSED] - Call Test Case 'Test Cases/Regression Clinical Edge (All Browsers)/CLNK-23349 - ContinuLink - Login' successfully

2019-05-03 10:39:03 - [TEST_STEP][PASSED] - waitForPageLoad(60): Wait for page load successfully

2019-05-03 10:39:03 - [MESSAGE][PASSED] - Wait for page load successfully

2019-05-03 10:39:03 - [TEST_STEP][PASSED] - maximizeWindow(): Current window maximized

2019-05-03 10:39:03 - [MESSAGE][PASSED] - Current window maximized

2019-05-03 10:39:03 - [TEST_STEP][PASSED] - waitForPageLoad(60): Wait for page load successfully

2019-05-03 10:39:03 - [MESSAGE][PASSED] - Wait for page load successfully

2019-05-03 10:39:03 - [TEST_STEP][PASSED] - delay(8): Delayed 8 second(s)

2019-05-03 10:39:11 - [MESSAGE][PASSED] - Delayed 8 second(s)

2019-05-03 10:39:11 - [TEST_STEP][NOT_RUN] - waitForElementPresent(findTestObject("Regression Clinical Edge/CLNK-23497/button_Close"), 100): NOT_RUN: waitForElementPresent(findTestObject("Regression Clinical Edge/CLNK-23497/button_Close"), 100)

2019-05-03 10:39:11 - [MESSAGE][NOT_RUN] - NOT_RUN: waitForElementPresent(findTestObject("Regression Clinical Edge/CLNK-23497/button_Close"), 100)

2019-05-03 10:39:11 - [TEST_STEP][NOT_RUN] - click(findTestObject("Regression Clinical Edge/CLNK-23497/button_Close")): NOT_RUN: click(findTestObject("Regression Clinical Edge/CLNK-23497/button_Close"))

2019-05-03 10:39:11 - [MESSAGE][NOT_RUN] - NOT_RUN: click(findTestObject("Regression Clinical Edge/CLNK-23497/button_Close"))

2019-05-03 10:39:11 - [TEST_STEP][NOT_RUN] - delay(2): NOT_RUN: delay(2)

2019-05-03 10:39:11 - [MESSAGE][NOT_RUN] - NOT_RUN: delay(2)

2019-05-03 10:39:11 - [TEST_STEP][PASSED] - waitForElementPresent(findTestObject("Regression Clinical Edge/ClientPage/HomeLink"), 100): Object 'Object Repository/Regression Clinical Edge/ClientPage/HomeLink' is present

2019-05-03 10:39:11 - [MESSAGE][PASSED] - Object 'Object Repository/Regression Clinical Edge/ClientPage/HomeLink' is present

2019-05-03 10:39:11 - [TEST_STEP][PASSED] - click(findTestObject("Regression Clinical Edge/ClientPage/HomeLink")): Object: 'Object Repository/Regression Clinical Edge/ClientPage/HomeLink' is clicked on

2019-05-03 10:39:12 - [MESSAGE][PASSED] - Object: 'Object Repository/Regression Clinical Edge/ClientPage/HomeLink' is clicked on

2019-05-03 10:39:12 - [TEST_STEP][PASSED] - delay(2): Delayed 2 second(s)

2019-05-03 10:39:14 - [MESSAGE][PASSED] - Delayed 2 second(s)

2019-05-03 10:39:14 - [TEST_STEP][PASSED] - waitForPageLoad(50): Wait for page load successfully

2019-05-03 10:39:14 - [MESSAGE][PASSED] - Wait for page load successfully

2019-05-03 10:39:14 - [TEST_STEP][PASSED] - waitForElementPresent(findTestObject("Regression Clinical Edge/HomePage/RequestTab"), 50): Object 'Object Repository/Regression Clinical Edge/HomePage/RequestTab' is present

2019-05-03 10:39:14 - [MESSAGE][PASSED] - Object 'Object Repository/Regression Clinical Edge/HomePage/RequestTab' is present

2019-05-03 10:39:14 - [TEST_STEP][PASSED] - click(findTestObject("Regression Clinical Edge/HomePage/RequestTab")): Object: 'Object Repository/Regression Clinical Edge/HomePage/RequestTab' is clicked on

2019-05-03 10:39:15 - [MESSAGE][PASSED] - Object: 'Object Repository/Regression Clinical Edge/HomePage/RequestTab' is clicked on

2019-05-03 10:39:15 - [TEST_STEP][PASSED] - delay(2): Delayed 2 second(s)

2019-05-03 10:39:17 - [MESSAGE][PASSED] - Delayed 2 second(s)

2019-05-03 10:39:17 - [TEST_STEP][PASSED] - waitForElementPresent(findTestObject("Regression Clinical Edge/HomePage/SearchText"), 50): Object 'Object Repository/Regression Clinical Edge/HomePage/SearchText' is present

2019-05-03 10:39:17 - [MESSAGE][PASSED] - Object 'Object Repository/Regression Clinical Edge/HomePage/SearchText' is present

2019-05-03 10:39:17 - [TEST_STEP][PASSED] - setText(findTestObject("Regression Clinical Edge/HomePage/SearchText"), G_ClientLastName): Text 'Victorino' is set on object 'Object Repository/Regression Clinical Edge/HomePage/SearchText'

2019-05-03 10:39:19 - [MESSAGE][PASSED] - Text 'Victorino' is set on object 'Object Repository/Regression Clinical Edge/HomePage/SearchText'

2019-05-03 10:39:19 - [TEST_STEP][PASSED] - delay(3): Delayed 3 second(s)

2019-05-03 10:39:22 - [MESSAGE][PASSED] - Delayed 3 second(s)

2019-05-03 10:39:22 - [TEST_STEP][PASSED] - scrollToElement(findTestObject("Regression Clinical Edge/CLINK-23314/a_Khur Heather (535592)"), 60): Scroll to object 'Object Repository/Regression Clinical Edge/CLINK-23314/a_Khur Heather (535592)' successfully

2019-05-03 10:39:22 - [MESSAGE][PASSED] - Scroll to object 'Object Repository/Regression Clinical Edge/CLINK-23314/a_Khur Heather (535592)' successfully

2019-05-03 10:39:22 - [TEST_STEP][PASSED] - waitForElementPresent(findTestObject("Regression Clinical Edge/CLINK-23314/a_Khur Heather (535592)"), 60): Object 'Object Repository/Regression Clinical Edge/CLINK-23314/a_Khur Heather (535592)' is present

2019-05-03 10:39:22 - [MESSAGE][PASSED] - Object 'Object Repository/Regression Clinical Edge/CLINK-23314/a_Khur Heather (535592)' is present

2019-05-03 10:39:22 - [TEST_STEP][PASSED] - click(findTestObject("Regression Clinical Edge/CLINK-23314/a_Khur Heather (535592)")): Object: 'Object Repository/Regression Clinical Edge/CLINK-23314/a_Khur Heather (535592)' is clicked on

2019-05-03 10:39:25 - [MESSAGE][PASSED] - Object: 'Object Repository/Regression Clinical Edge/CLINK-23314/a_Khur Heather (535592)' is clicked on

2019-05-03 10:39:25 - [TEST_STEP][PASSED] - delay(5): Delayed 5 second(s)

2019-05-03 10:39:30 - [MESSAGE][PASSED] - Delayed 5 second(s)

2019-05-03 10:39:30 - [TEST_STEP][PASSED] - waitForPageLoad(50): Wait for page load successfully

2019-05-03 10:39:31 - [MESSAGE][PASSED] - Wait for page load successfully

2019-05-03 10:39:31 - [TEST_STEP][PASSED] - waitForElementPresent(findTestObject("Regression Clinical Edge/HomePage/ClientLink"), 100): Object 'Object Repository/Regression Clinical Edge/HomePage/ClientLink' is present

2019-05-03 10:39:31 - [MESSAGE][PASSED] - Object 'Object Repository/Regression Clinical Edge/HomePage/ClientLink' is present

2019-05-03 10:39:31 - [TEST_STEP][PASSED] - click(findTestObject("Regression Clinical Edge/HomePage/ClientLink")): Object: 'Object Repository/Regression Clinical Edge/HomePage/ClientLink' is clicked on

2019-05-03 10:39:33 - [MESSAGE][PASSED] - Object: 'Object Repository/Regression Clinical Edge/HomePage/ClientLink' is clicked on

2019-05-03 10:39:33 - [TEST_STEP][PASSED] - delay(2): Delayed 2 second(s)

2019-05-03 10:39:35 - [MESSAGE][PASSED] - Delayed 2 second(s)

2019-05-03 10:39:35 - [TEST_STEP][PASSED] - waitForPageLoad(50): Wait for page load successfully

2019-05-03 10:39:36 - [MESSAGE][PASSED] - Wait for page load successfully

2019-05-03 10:39:36 - [TEST_STEP][PASSED] - scrollToElement(findTestObject("Regression Clinical Edge/CLINK - 23504/Plan of Care Section"), 50): Scroll to object 'Object Repository/Regression Clinical Edge/CLINK - 23504/Plan of Care Section' successfully

2019-05-03 10:39:36 - [MESSAGE][PASSED] - Scroll to object 'Object Repository/Regression Clinical Edge/CLINK - 23504/Plan of Care Section' successfully

2019-05-03 10:39:36 - [TEST_STEP][PASSED] - waitForElementPresent(findTestObject("Regression Clinical Edge/CLINK-23505/AddPlanCare"), 50): Object 'Object Repository/Regression Clinical Edge/CLINK-23505/AddPlanCare' is present

2019-05-03 10:39:36 - [MESSAGE][PASSED] - Object 'Object Repository/Regression Clinical Edge/CLINK-23505/AddPlanCare' is present

2019-05-03 10:39:36 - [TEST_STEP][PASSED] - click(findTestObject("Regression Clinical Edge/CLINK-23505/AddPlanCare")): Object: 'Object Repository/Regression Clinical Edge/CLINK-23505/AddPlanCare' is clicked on

2019-05-03 10:39:36 - [MESSAGE][PASSED] - Object: 'Object Repository/Regression Clinical Edge/CLINK-23505/AddPlanCare' is clicked on

2019-05-03 10:39:36 - [TEST_STEP][PASSED] - delay(2): Delayed 2 second(s)

2019-05-03 10:39:38 - [MESSAGE][PASSED] - Delayed 2 second(s)

2019-05-03 10:39:38 - [TEST_STEP][PASSED] - waitForElementPresent(findTestObject("Regression Clinical Edge/CLINK-23505/POC"), 50): Object 'Object Repository/Regression Clinical Edge/CLINK-23505/POC' is present

2019-05-03 10:39:38 - [MESSAGE][PASSED] - Object 'Object Repository/Regression Clinical Edge/CLINK-23505/POC' is present

2019-05-03 10:39:38 - [TEST_STEP][PASSED] - click(findTestObject("Regression Clinical Edge/CLINK-23505/POC")): Object: 'Object Repository/Regression Clinical Edge/CLINK-23505/POC' is clicked on

2019-05-03 10:39:38 - [MESSAGE][PASSED] - Object: 'Object Repository/Regression Clinical Edge/CLINK-23505/POC' is clicked on

2019-05-03 10:39:38 - [TEST_STEP][PASSED] - delay(3): Delayed 3 second(s)

2019-05-03 10:39:41 - [MESSAGE][PASSED] - Delayed 3 second(s)

2019-05-03 10:39:41 - [TEST_STEP][PASSED] - waitForElementPresent(findTestObject("Regression Clinical Edge/CLINK-23505/SavePOC"), 50): Object 'Object Repository/Regression Clinical Edge/CLINK-23505/SavePOC' is present

2019-05-03 10:39:42 - [MESSAGE][PASSED] - Object 'Object Repository/Regression Clinical Edge/CLINK-23505/SavePOC' is present

2019-05-03 10:39:42 - [TEST_STEP][PASSED] - click(findTestObject("Regression Clinical Edge/CLINK-23505/SavePOC")): Object: 'Object Repository/Regression Clinical Edge/CLINK-23505/SavePOC' is clicked on

2019-05-03 10:39:43 - [MESSAGE][PASSED] - Object: 'Object Repository/Regression Clinical Edge/CLINK-23505/SavePOC' is clicked on

2019-05-03 10:39:43 - [TEST_STEP][PASSED] - delay(3): Delayed 3 second(s)

2019-05-03 10:39:46 - [MESSAGE][PASSED] - Delayed 3 second(s)

2019-05-03 10:39:46 - [TEST_STEP][PASSED] - closeBrowser(): Browser is closed

2019-05-03 10:39:47 - [MESSAGE][PASSED] - Browser is closed]]></system-out>
         <system-err><![CDATA[]]></system-err>
      </testcase>
      <testcase name="Test Cases/Regression Clinical Edge (All Browsers)/CLNK-23509 - Clinical Edge - POC - Sign and Submit" classname="Test Cases/Regression Clinical Edge (All Browsers)/CLNK-23509 - Clinical Edge - POC - Sign and Submit" status="PASSED">
         <system-out><![CDATA[2019-05-03 10:39:50 - [TEST_CASE][PASSED] - Test Cases/Regression Clinical Edge (All Browsers)/CLNK-23509 - Clinical Edge - POC - Sign and Submit: Test Cases/Regression Clinical Edge (All Browsers)/CLNK-23509 - Clinical Edge - POC - Sign and Submit

2019-05-03 10:39:51 - [TEST_STEP][PASSED] - callTestCase(findTestCase("Regression Clinical Edge (All Browsers)/CLNK-23349 - ContinuLink - Login"), [:], STOP_ON_FAILURE): Call Test Case 'Test Cases/Regression Clinical Edge (All Browsers)/CLNK-23349 - ContinuLink - Login' successfully

2019-05-03 10:39:51 - [TEST_CASE][PASSED] - Test Cases/Regression Clinical Edge (All Browsers)/CLNK-23349 - ContinuLink - Login: Test Cases/Regression Clinical Edge (All Browsers)/CLNK-23349 - ContinuLink - Login

2019-05-03 10:39:51 - [TEST_STEP][PASSED] - openBrowser(G_SiteURL): Browser is opened with url: 'https://qanewpoc.continulink.com/Account/Login.aspx?ReturnUrl=%2fdefault.aspx'

2019-05-03 10:39:51 - [MESSAGE][INFO] - Starting 'Chrome' driver

2019-05-03 10:40:10 - [MESSAGE][PASSED] - Browser is opened with url: 'https://qanewpoc.continulink.com/Account/Login.aspx?ReturnUrl=%2fdefault.aspx'

2019-05-03 10:40:10 - [TEST_STEP][PASSED] - waitForPageLoad(60): Wait for page load successfully

2019-05-03 10:40:10 - [MESSAGE][PASSED] - Wait for page load successfully

2019-05-03 10:40:10 - [TEST_STEP][PASSED] - maximizeWindow(): Current window maximized

2019-05-03 10:40:11 - [MESSAGE][PASSED] - Current window maximized

2019-05-03 10:40:11 - [TEST_STEP][PASSED] - setText(findTestObject("Regression Clinical Edge/CLNK-23349/User"), G_User): Text 'Mobinnur' is set on object 'Object Repository/Regression Clinical Edge/CLNK-23349/User'

2019-05-03 10:40:12 - [MESSAGE][PASSED] - Text 'Mobinnur' is set on object 'Object Repository/Regression Clinical Edge/CLNK-23349/User'

2019-05-03 10:40:12 - [TEST_STEP][PASSED] - setText(findTestObject("Regression Clinical Edge/CLNK-23349/Password"), G_Password): Text 'qwerty' is set on object 'Object Repository/Regression Clinical Edge/CLNK-23349/Password'

2019-05-03 10:40:12 - [MESSAGE][PASSED] - Text 'qwerty' is set on object 'Object Repository/Regression Clinical Edge/CLNK-23349/Password'

2019-05-03 10:40:12 - [TEST_STEP][PASSED] - click(findTestObject("Regression Clinical Edge/CLNK-23349/Button_LogIn")): Object: 'Object Repository/Regression Clinical Edge/CLNK-23349/Button_LogIn' is clicked on

2019-05-03 10:40:17 - [MESSAGE][PASSED] - Object: 'Object Repository/Regression Clinical Edge/CLNK-23349/Button_LogIn' is clicked on

2019-05-03 10:40:17 - [TEST_STEP][PASSED] - waitForPageLoad(60): Wait for page load successfully

2019-05-03 10:40:17 - [MESSAGE][PASSED] - Wait for page load successfully

2019-05-03 10:40:17 - [TEST_STEP][PASSED] - delay(2): Delayed 2 second(s)

2019-05-03 10:40:19 - [MESSAGE][PASSED] - Delayed 2 second(s)

2019-05-03 10:40:19 - [TEST_STEP][PASSED] - waitForElementPresent(findTestObject("Regression Clinical Edge/CLINK-23509/button_Close"), 100): Object 'Object Repository/Regression Clinical Edge/CLINK-23509/button_Close' is present

2019-05-03 10:40:20 - [MESSAGE][PASSED] - Object 'Object Repository/Regression Clinical Edge/CLINK-23509/button_Close' is present

2019-05-03 10:40:20 - [TEST_STEP][PASSED] - click(findTestObject("Regression Clinical Edge/CLINK-23509/button_Close")): Object: 'Object Repository/Regression Clinical Edge/CLINK-23509/button_Close' is clicked on

2019-05-03 10:40:21 - [MESSAGE][PASSED] - Object: 'Object Repository/Regression Clinical Edge/CLINK-23509/button_Close' is clicked on

2019-05-03 10:40:21 - [TEST_STEP][PASSED] - delay(2): Delayed 2 second(s)

2019-05-03 10:40:23 - [MESSAGE][PASSED] - Delayed 2 second(s)

2019-05-03 10:40:23 - [MESSAGE][PASSED] - Call Test Case 'Test Cases/Regression Clinical Edge (All Browsers)/CLNK-23349 - ContinuLink - Login' successfully

2019-05-03 10:40:23 - [TEST_STEP][PASSED] - waitForPageLoad(60): Wait for page load successfully

2019-05-03 10:40:23 - [MESSAGE][PASSED] - Wait for page load successfully

2019-05-03 10:40:23 - [TEST_STEP][PASSED] - maximizeWindow(): Current window maximized

2019-05-03 10:40:23 - [MESSAGE][PASSED] - Current window maximized

2019-05-03 10:40:23 - [TEST_STEP][PASSED] - waitForPageLoad(60): Wait for page load successfully

2019-05-03 10:40:23 - [MESSAGE][PASSED] - Wait for page load successfully

2019-05-03 10:40:23 - [TEST_STEP][PASSED] - delay(8): Delayed 8 second(s)

2019-05-03 10:40:31 - [MESSAGE][PASSED] - Delayed 8 second(s)

2019-05-03 10:40:31 - [TEST_STEP][NOT_RUN] - waitForElementPresent(findTestObject("Regression Clinical Edge/CLNK-23497/button_Close"), 100): NOT_RUN: waitForElementPresent(findTestObject("Regression Clinical Edge/CLNK-23497/button_Close"), 100)

2019-05-03 10:40:31 - [MESSAGE][NOT_RUN] - NOT_RUN: waitForElementPresent(findTestObject("Regression Clinical Edge/CLNK-23497/button_Close"), 100)

2019-05-03 10:40:31 - [TEST_STEP][NOT_RUN] - click(findTestObject("Regression Clinical Edge/CLNK-23497/button_Close")): NOT_RUN: click(findTestObject("Regression Clinical Edge/CLNK-23497/button_Close"))

2019-05-03 10:40:31 - [MESSAGE][NOT_RUN] - NOT_RUN: click(findTestObject("Regression Clinical Edge/CLNK-23497/button_Close"))

2019-05-03 10:40:31 - [TEST_STEP][NOT_RUN] - delay(2): NOT_RUN: delay(2)

2019-05-03 10:40:31 - [MESSAGE][NOT_RUN] - NOT_RUN: delay(2)

2019-05-03 10:40:31 - [TEST_STEP][PASSED] - waitForElementPresent(findTestObject("Regression Clinical Edge/ClientPage/HomeLink"), 100): Object 'Object Repository/Regression Clinical Edge/ClientPage/HomeLink' is present

2019-05-03 10:40:31 - [MESSAGE][PASSED] - Object 'Object Repository/Regression Clinical Edge/ClientPage/HomeLink' is present

2019-05-03 10:40:31 - [TEST_STEP][PASSED] - click(findTestObject("Regression Clinical Edge/ClientPage/HomeLink")): Object: 'Object Repository/Regression Clinical Edge/ClientPage/HomeLink' is clicked on

2019-05-03 10:40:34 - [MESSAGE][PASSED] - Object: 'Object Repository/Regression Clinical Edge/ClientPage/HomeLink' is clicked on

2019-05-03 10:40:34 - [TEST_STEP][PASSED] - delay(2): Delayed 2 second(s)

2019-05-03 10:40:36 - [MESSAGE][PASSED] - Delayed 2 second(s)

2019-05-03 10:40:36 - [TEST_STEP][PASSED] - waitForPageLoad(50): Wait for page load successfully

2019-05-03 10:40:36 - [MESSAGE][PASSED] - Wait for page load successfully

2019-05-03 10:40:36 - [TEST_STEP][PASSED] - waitForElementPresent(findTestObject("Regression Clinical Edge/HomePage/RequestTab"), 50): Object 'Object Repository/Regression Clinical Edge/HomePage/RequestTab' is present

2019-05-03 10:40:36 - [MESSAGE][PASSED] - Object 'Object Repository/Regression Clinical Edge/HomePage/RequestTab' is present

2019-05-03 10:40:36 - [TEST_STEP][PASSED] - click(findTestObject("Regression Clinical Edge/HomePage/RequestTab")): Object: 'Object Repository/Regression Clinical Edge/HomePage/RequestTab' is clicked on

2019-05-03 10:40:36 - [MESSAGE][PASSED] - Object: 'Object Repository/Regression Clinical Edge/HomePage/RequestTab' is clicked on

2019-05-03 10:40:36 - [TEST_STEP][PASSED] - delay(2): Delayed 2 second(s)

2019-05-03 10:40:38 - [MESSAGE][PASSED] - Delayed 2 second(s)

2019-05-03 10:40:38 - [TEST_STEP][PASSED] - waitForElementPresent(findTestObject("Regression Clinical Edge/HomePage/SearchText"), 50): Object 'Object Repository/Regression Clinical Edge/HomePage/SearchText' is present

2019-05-03 10:40:38 - [MESSAGE][PASSED] - Object 'Object Repository/Regression Clinical Edge/HomePage/SearchText' is present

2019-05-03 10:40:38 - [TEST_STEP][PASSED] - setText(findTestObject("Regression Clinical Edge/HomePage/SearchText"), G_ClientLastName): Text 'Victorino' is set on object 'Object Repository/Regression Clinical Edge/HomePage/SearchText'

2019-05-03 10:40:39 - [MESSAGE][PASSED] - Text 'Victorino' is set on object 'Object Repository/Regression Clinical Edge/HomePage/SearchText'

2019-05-03 10:40:39 - [TEST_STEP][PASSED] - delay(3): Delayed 3 second(s)

2019-05-03 10:40:42 - [MESSAGE][PASSED] - Delayed 3 second(s)

2019-05-03 10:40:42 - [TEST_STEP][PASSED] - scrollToElement(findTestObject("Regression Clinical Edge/CLINK-23314/a_Khur Heather (535592)"), 60): Scroll to object 'Object Repository/Regression Clinical Edge/CLINK-23314/a_Khur Heather (535592)' successfully

2019-05-03 10:40:42 - [MESSAGE][PASSED] - Scroll to object 'Object Repository/Regression Clinical Edge/CLINK-23314/a_Khur Heather (535592)' successfully

2019-05-03 10:40:42 - [TEST_STEP][PASSED] - waitForElementPresent(findTestObject("Regression Clinical Edge/CLINK-23314/a_Khur Heather (535592)"), 60): Object 'Object Repository/Regression Clinical Edge/CLINK-23314/a_Khur Heather (535592)' is present

2019-05-03 10:40:42 - [MESSAGE][PASSED] - Object 'Object Repository/Regression Clinical Edge/CLINK-23314/a_Khur Heather (535592)' is present

2019-05-03 10:40:42 - [TEST_STEP][PASSED] - click(findTestObject("Regression Clinical Edge/CLINK-23314/a_Khur Heather (535592)")): Object: 'Object Repository/Regression Clinical Edge/CLINK-23314/a_Khur Heather (535592)' is clicked on

2019-05-03 10:40:46 - [MESSAGE][PASSED] - Object: 'Object Repository/Regression Clinical Edge/CLINK-23314/a_Khur Heather (535592)' is clicked on

2019-05-03 10:40:46 - [TEST_STEP][PASSED] - delay(5): Delayed 5 second(s)

2019-05-03 10:40:51 - [MESSAGE][PASSED] - Delayed 5 second(s)

2019-05-03 10:40:51 - [TEST_STEP][PASSED] - waitForPageLoad(50): Wait for page load successfully

2019-05-03 10:40:51 - [MESSAGE][PASSED] - Wait for page load successfully

2019-05-03 10:40:51 - [TEST_STEP][PASSED] - waitForElementPresent(findTestObject("Regression Clinical Edge/HomePage/ClientLink"), 100): Object 'Object Repository/Regression Clinical Edge/HomePage/ClientLink' is present

2019-05-03 10:40:51 - [MESSAGE][PASSED] - Object 'Object Repository/Regression Clinical Edge/HomePage/ClientLink' is present

2019-05-03 10:40:51 - [TEST_STEP][PASSED] - click(findTestObject("Regression Clinical Edge/HomePage/ClientLink")): Object: 'Object Repository/Regression Clinical Edge/HomePage/ClientLink' is clicked on

2019-05-03 10:40:54 - [MESSAGE][PASSED] - Object: 'Object Repository/Regression Clinical Edge/HomePage/ClientLink' is clicked on

2019-05-03 10:40:54 - [TEST_STEP][PASSED] - delay(2): Delayed 2 second(s)

2019-05-03 10:40:56 - [MESSAGE][PASSED] - Delayed 2 second(s)

2019-05-03 10:40:56 - [TEST_STEP][PASSED] - waitForPageLoad(50): Wait for page load successfully

2019-05-03 10:40:56 - [MESSAGE][PASSED] - Wait for page load successfully

2019-05-03 10:40:56 - [TEST_STEP][PASSED] - scrollToElement(findTestObject("Regression Clinical Edge/CLINK - 23504/Plan of Care Section"), 50): Scroll to object 'Object Repository/Regression Clinical Edge/CLINK - 23504/Plan of Care Section' successfully

2019-05-03 10:40:56 - [MESSAGE][PASSED] - Scroll to object 'Object Repository/Regression Clinical Edge/CLINK - 23504/Plan of Care Section' successfully

2019-05-03 10:40:56 - [TEST_STEP][PASSED] - click(findTestObject("Regression Clinical Edge/CLINK-23509/Plan of Care Client")): Object: 'Object Repository/Regression Clinical Edge/CLINK-23509/Plan of Care Client' is clicked on

2019-05-03 10:41:02 - [MESSAGE][PASSED] - Object: 'Object Repository/Regression Clinical Edge/CLINK-23509/Plan of Care Client' is clicked on

2019-05-03 10:41:02 - [TEST_STEP][PASSED] - waitForPageLoad(50): Wait for page load successfully

2019-05-03 10:41:02 - [MESSAGE][PASSED] - Wait for page load successfully

2019-05-03 10:41:02 - [TEST_STEP][PASSED] - waitForElementPresent(findTestObject("Regression Clinical Edge/CLINK-23509/GoNext"), 50): Object 'Object Repository/Regression Clinical Edge/CLINK-23509/GoNext' is present

2019-05-03 10:41:03 - [MESSAGE][PASSED] - Object 'Object Repository/Regression Clinical Edge/CLINK-23509/GoNext' is present

2019-05-03 10:41:03 - [TEST_STEP][PASSED] - click(findTestObject("Regression Clinical Edge/CLINK-23509/GoNext")): Object: 'Object Repository/Regression Clinical Edge/CLINK-23509/GoNext' is clicked on

2019-05-03 10:41:03 - [MESSAGE][PASSED] - Object: 'Object Repository/Regression Clinical Edge/CLINK-23509/GoNext' is clicked on

2019-05-03 10:41:03 - [TEST_STEP][PASSED] - waitForPageLoad(50): Wait for page load successfully

2019-05-03 10:41:03 - [MESSAGE][PASSED] - Wait for page load successfully

2019-05-03 10:41:03 - [TEST_STEP][PASSED] - delay(2): Delayed 2 second(s)

2019-05-03 10:41:05 - [MESSAGE][PASSED] - Delayed 2 second(s)

2019-05-03 10:41:05 - [TEST_STEP][PASSED] - waitForElementPresent(findTestObject("Regression Clinical Edge/CLINK-23509/GoNext"), 50): Object 'Object Repository/Regression Clinical Edge/CLINK-23509/GoNext' is present

2019-05-03 10:41:06 - [MESSAGE][PASSED] - Object 'Object Repository/Regression Clinical Edge/CLINK-23509/GoNext' is present

2019-05-03 10:41:06 - [TEST_STEP][PASSED] - delay(2): Delayed 2 second(s)

2019-05-03 10:41:08 - [MESSAGE][PASSED] - Delayed 2 second(s)

2019-05-03 10:41:08 - [TEST_STEP][PASSED] - click(findTestObject("Regression Clinical Edge/CLINK-23509/GoNext")): Object: 'Object Repository/Regression Clinical Edge/CLINK-23509/GoNext' is clicked on

2019-05-03 10:41:12 - [MESSAGE][PASSED] - Object: 'Object Repository/Regression Clinical Edge/CLINK-23509/GoNext' is clicked on

2019-05-03 10:41:12 - [TEST_STEP][PASSED] - waitForPageLoad(50): Wait for page load successfully

2019-05-03 10:41:12 - [MESSAGE][PASSED] - Wait for page load successfully

2019-05-03 10:41:12 - [TEST_STEP][PASSED] - delay(2): Delayed 2 second(s)

2019-05-03 10:41:14 - [MESSAGE][PASSED] - Delayed 2 second(s)

2019-05-03 10:41:14 - [TEST_STEP][PASSED] - waitForElementPresent(findTestObject("Regression Clinical Edge/CLINK-23509/GoNext"), 50): Object 'Object Repository/Regression Clinical Edge/CLINK-23509/GoNext' is present

2019-05-03 10:41:14 - [MESSAGE][PASSED] - Object 'Object Repository/Regression Clinical Edge/CLINK-23509/GoNext' is present

2019-05-03 10:41:14 - [TEST_STEP][PASSED] - click(findTestObject("Regression Clinical Edge/CLINK-23509/GoNext")): Object: 'Object Repository/Regression Clinical Edge/CLINK-23509/GoNext' is clicked on

2019-05-03 10:41:16 - [MESSAGE][PASSED] - Object: 'Object Repository/Regression Clinical Edge/CLINK-23509/GoNext' is clicked on

2019-05-03 10:41:16 - [TEST_STEP][PASSED] - waitForPageLoad(50): Wait for page load successfully

2019-05-03 10:41:16 - [MESSAGE][PASSED] - Wait for page load successfully

2019-05-03 10:41:16 - [TEST_STEP][PASSED] - delay(2): Delayed 2 second(s)

2019-05-03 10:41:18 - [MESSAGE][PASSED] - Delayed 2 second(s)

2019-05-03 10:41:18 - [TEST_STEP][NOT_RUN] - waitForElementPresent(findTestObject("Regression Clinical Edge/CLINK-23509/EditBtn"), 50): NOT_RUN: waitForElementPresent(findTestObject("Regression Clinical Edge/CLINK-23509/EditBtn"), 50)

2019-05-03 10:41:18 - [MESSAGE][NOT_RUN] - NOT_RUN: waitForElementPresent(findTestObject("Regression Clinical Edge/CLINK-23509/EditBtn"), 50)

2019-05-03 10:41:18 - [TEST_STEP][NOT_RUN] - click(findTestObject("Regression Clinical Edge/CLINK-23509/EditBtn")): NOT_RUN: click(findTestObject("Regression Clinical Edge/CLINK-23509/EditBtn"))

2019-05-03 10:41:18 - [MESSAGE][NOT_RUN] - NOT_RUN: click(findTestObject("Regression Clinical Edge/CLINK-23509/EditBtn"))

2019-05-03 10:41:18 - [TEST_STEP][NOT_RUN] - waitForPageLoad(50): NOT_RUN: waitForPageLoad(50)

2019-05-03 10:41:18 - [MESSAGE][NOT_RUN] - NOT_RUN: waitForPageLoad(50)

2019-05-03 10:41:18 - [TEST_STEP][NOT_RUN] - delay(3): NOT_RUN: delay(3)

2019-05-03 10:41:18 - [MESSAGE][NOT_RUN] - NOT_RUN: delay(3)

2019-05-03 10:41:18 - [TEST_STEP][PASSED] - waitForElementPresent(findTestObject("Regression Clinical Edge/CLINK-23509/CaneMedical Equipment"), 50): Object 'Object Repository/Regression Clinical Edge/CLINK-23509/CaneMedical Equipment' is present

2019-05-03 10:41:19 - [MESSAGE][PASSED] - Object 'Object Repository/Regression Clinical Edge/CLINK-23509/CaneMedical Equipment' is present

2019-05-03 10:41:19 - [TEST_STEP][PASSED] - click(findTestObject("Regression Clinical Edge/CLINK-23509/CaneMedical Equipment")): Object: 'Object Repository/Regression Clinical Edge/CLINK-23509/CaneMedical Equipment' is clicked on

2019-05-03 10:41:19 - [MESSAGE][PASSED] - Object: 'Object Repository/Regression Clinical Edge/CLINK-23509/CaneMedical Equipment' is clicked on

2019-05-03 10:41:19 - [TEST_STEP][PASSED] - delay(2): Delayed 2 second(s)

2019-05-03 10:41:21 - [MESSAGE][PASSED] - Delayed 2 second(s)

2019-05-03 10:41:21 - [TEST_STEP][PASSED] - waitForElementPresent(findTestObject("Regression Clinical Edge/CLINK-23509/SaveBtn"), 50): Object 'Object Repository/Regression Clinical Edge/CLINK-23509/SaveBtn' is present

2019-05-03 10:41:22 - [MESSAGE][PASSED] - Object 'Object Repository/Regression Clinical Edge/CLINK-23509/SaveBtn' is present

2019-05-03 10:41:22 - [TEST_STEP][PASSED] - click(findTestObject("Regression Clinical Edge/CLINK-23509/SaveBtn")): Object: 'Object Repository/Regression Clinical Edge/CLINK-23509/SaveBtn' is clicked on

2019-05-03 10:41:22 - [MESSAGE][PASSED] - Object: 'Object Repository/Regression Clinical Edge/CLINK-23509/SaveBtn' is clicked on

2019-05-03 10:41:22 - [TEST_STEP][PASSED] - waitForPageLoad(50): Wait for page load successfully

2019-05-03 10:41:22 - [MESSAGE][PASSED] - Wait for page load successfully

2019-05-03 10:41:22 - [TEST_STEP][PASSED] - delay(10): Delayed 10 second(s)

2019-05-03 10:41:32 - [MESSAGE][PASSED] - Delayed 10 second(s)

2019-05-03 10:41:32 - [TEST_STEP][PASSED] - waitForElementPresent(findTestObject("Regression Clinical Edge/CLINK-23509/div_SignSubmit"), 50): Object 'Object Repository/Regression Clinical Edge/CLINK-23509/div_SignSubmit' is present

2019-05-03 10:41:33 - [MESSAGE][PASSED] - Object 'Object Repository/Regression Clinical Edge/CLINK-23509/div_SignSubmit' is present

2019-05-03 10:41:33 - [TEST_STEP][PASSED] - click(findTestObject("Regression Clinical Edge/CLINK-23509/div_SignSubmit")): Object: 'Object Repository/Regression Clinical Edge/CLINK-23509/div_SignSubmit' is clicked on

2019-05-03 10:41:33 - [MESSAGE][PASSED] - Object: 'Object Repository/Regression Clinical Edge/CLINK-23509/div_SignSubmit' is clicked on

2019-05-03 10:41:33 - [TEST_STEP][PASSED] - waitForPageLoad(50): Wait for page load successfully

2019-05-03 10:41:33 - [MESSAGE][PASSED] - Wait for page load successfully

2019-05-03 10:41:33 - [TEST_STEP][PASSED] - delay(3): Delayed 3 second(s)

2019-05-03 10:41:36 - [MESSAGE][PASSED] - Delayed 3 second(s)

2019-05-03 10:41:36 - [TEST_STEP][PASSED] - waitForElementPresent(findTestObject("Regression Clinical Edge/CLINK-23509/Frequency/b_Treatment Orders"), 50): Object 'Object Repository/Regression Clinical Edge/CLINK-23509/Frequency/b_Treatment Orders' is present

2019-05-03 10:41:36 - [MESSAGE][PASSED] - Object 'Object Repository/Regression Clinical Edge/CLINK-23509/Frequency/b_Treatment Orders' is present

2019-05-03 10:41:36 - [TEST_STEP][PASSED] - click(findTestObject("Regression Clinical Edge/CLINK-23509/Frequency/b_Treatment Orders")): Object: 'Object Repository/Regression Clinical Edge/CLINK-23509/Frequency/b_Treatment Orders' is clicked on

2019-05-03 10:41:41 - [MESSAGE][PASSED] - Object: 'Object Repository/Regression Clinical Edge/CLINK-23509/Frequency/b_Treatment Orders' is clicked on

2019-05-03 10:41:41 - [TEST_STEP][PASSED] - delay(5): Delayed 5 second(s)

2019-05-03 10:41:46 - [MESSAGE][PASSED] - Delayed 5 second(s)

2019-05-03 10:41:46 - [TEST_STEP][PASSED] - waitForElementPresent(findTestObject("Regression Clinical Edge/CLINK-23509/Frequency/AddTreatment Orders"), 50): Object 'Object Repository/Regression Clinical Edge/CLINK-23509/Frequency/AddTreatment Orders' is present

2019-05-03 10:41:46 - [MESSAGE][PASSED] - Object 'Object Repository/Regression Clinical Edge/CLINK-23509/Frequency/AddTreatment Orders' is present

2019-05-03 10:41:46 - [TEST_STEP][PASSED] - click(findTestObject("Regression Clinical Edge/CLINK-23509/Frequency/AddTreatment Orders")): Object: 'Object Repository/Regression Clinical Edge/CLINK-23509/Frequency/AddTreatment Orders' is clicked on

2019-05-03 10:41:46 - [MESSAGE][PASSED] - Object: 'Object Repository/Regression Clinical Edge/CLINK-23509/Frequency/AddTreatment Orders' is clicked on

2019-05-03 10:41:46 - [TEST_STEP][PASSED] - delay(2): Delayed 2 second(s)

2019-05-03 10:41:48 - [MESSAGE][PASSED] - Delayed 2 second(s)

2019-05-03 10:41:48 - [TEST_STEP][PASSED] - waitForElementPresent(findTestObject("Regression Clinical Edge/CLINK-23509/Frequency/ServiceType"), 50): Object 'Object Repository/Regression Clinical Edge/CLINK-23509/Frequency/ServiceType' is present

2019-05-03 10:41:48 - [MESSAGE][PASSED] - Object 'Object Repository/Regression Clinical Edge/CLINK-23509/Frequency/ServiceType' is present

2019-05-03 10:41:48 - [TEST_STEP][PASSED] - click(findTestObject("Regression Clinical Edge/CLINK-23509/Frequency/ServiceType")): Object: 'Object Repository/Regression Clinical Edge/CLINK-23509/Frequency/ServiceType' is clicked on

2019-05-03 10:41:49 - [MESSAGE][PASSED] - Object: 'Object Repository/Regression Clinical Edge/CLINK-23509/Frequency/ServiceType' is clicked on

2019-05-03 10:41:49 - [TEST_STEP][PASSED] - sendKeys(findTestObject("Regression Clinical Edge/CLINK-23509/Frequency/ServiceType"), Keys.chord(ARROW_DOWN, ENTER)): Keys 'DOWN + ENTER + ' sent to object: 'Object Repository/Regression Clinical Edge/CLINK-23509/Frequency/ServiceType'

2019-05-03 10:41:49 - [MESSAGE][PASSED] - Keys 'DOWN + ENTER + ' sent to object: 'Object Repository/Regression Clinical Edge/CLINK-23509/Frequency/ServiceType'

2019-05-03 10:41:49 - [TEST_STEP][PASSED] - delay(2): Delayed 2 second(s)

2019-05-03 10:41:51 - [MESSAGE][PASSED] - Delayed 2 second(s)

2019-05-03 10:41:51 - [TEST_STEP][PASSED] - waitForElementPresent(findTestObject("Regression Clinical Edge/CLINK-23509/Frequency/Number of Visits"), 50): Object 'Object Repository/Regression Clinical Edge/CLINK-23509/Frequency/Number of Visits' is present

2019-05-03 10:41:51 - [MESSAGE][PASSED] - Object 'Object Repository/Regression Clinical Edge/CLINK-23509/Frequency/Number of Visits' is present

2019-05-03 10:41:51 - [TEST_STEP][PASSED] - setText(findTestObject("Regression Clinical Edge/CLINK-23509/Frequency/Number of Visits"), "2"): Text '2' is set on object 'Object Repository/Regression Clinical Edge/CLINK-23509/Frequency/Number of Visits'

2019-05-03 10:41:51 - [MESSAGE][PASSED] - Text '2' is set on object 'Object Repository/Regression Clinical Edge/CLINK-23509/Frequency/Number of Visits'

2019-05-03 10:41:51 - [TEST_STEP][PASSED] - waitForElementPresent(findTestObject("Regression Clinical Edge/CLINK-23509/Frequency/Frequency"), 50): Object 'Object Repository/Regression Clinical Edge/CLINK-23509/Frequency/Frequency' is present

2019-05-03 10:41:51 - [MESSAGE][PASSED] - Object 'Object Repository/Regression Clinical Edge/CLINK-23509/Frequency/Frequency' is present

2019-05-03 10:41:51 - [TEST_STEP][PASSED] - click(findTestObject("Regression Clinical Edge/CLINK-23509/Frequency/Frequency")): Object: 'Object Repository/Regression Clinical Edge/CLINK-23509/Frequency/Frequency' is clicked on

2019-05-03 10:41:52 - [MESSAGE][PASSED] - Object: 'Object Repository/Regression Clinical Edge/CLINK-23509/Frequency/Frequency' is clicked on

2019-05-03 10:41:52 - [TEST_STEP][PASSED] - sendKeys(findTestObject("Regression Clinical Edge/CLINK-23509/Frequency/Frequency"), Keys.chord(ARROW_DOWN, ENTER)): Keys 'DOWN + ENTER + ' sent to object: 'Object Repository/Regression Clinical Edge/CLINK-23509/Frequency/Frequency'

2019-05-03 10:41:52 - [MESSAGE][PASSED] - Keys 'DOWN + ENTER + ' sent to object: 'Object Repository/Regression Clinical Edge/CLINK-23509/Frequency/Frequency'

2019-05-03 10:41:52 - [TEST_STEP][PASSED] - delay(2): Delayed 2 second(s)

2019-05-03 10:41:54 - [MESSAGE][PASSED] - Delayed 2 second(s)

2019-05-03 10:41:54 - [TEST_STEP][PASSED] - waitForElementPresent(findTestObject("Regression Clinical Edge/CLINK-23509/Frequency/Order Duration"), 50): Object 'Object Repository/Regression Clinical Edge/CLINK-23509/Frequency/Order Duration' is present

2019-05-03 10:41:54 - [MESSAGE][PASSED] - Object 'Object Repository/Regression Clinical Edge/CLINK-23509/Frequency/Order Duration' is present

2019-05-03 10:41:54 - [TEST_STEP][PASSED] - setText(findTestObject("Regression Clinical Edge/CLINK-23509/Frequency/Order Duration"), "2"): Text '2' is set on object 'Object Repository/Regression Clinical Edge/CLINK-23509/Frequency/Order Duration'

2019-05-03 10:41:54 - [MESSAGE][PASSED] - Text '2' is set on object 'Object Repository/Regression Clinical Edge/CLINK-23509/Frequency/Order Duration'

2019-05-03 10:41:54 - [TEST_STEP][PASSED] - waitForElementPresent(findTestObject("Regression Clinical Edge/CLINK-23509/Frequency/Duration"), 50): Object 'Object Repository/Regression Clinical Edge/CLINK-23509/Frequency/Duration' is present

2019-05-03 10:41:54 - [MESSAGE][PASSED] - Object 'Object Repository/Regression Clinical Edge/CLINK-23509/Frequency/Duration' is present

2019-05-03 10:41:54 - [TEST_STEP][PASSED] - click(findTestObject("Regression Clinical Edge/CLINK-23509/Frequency/Duration")): Object: 'Object Repository/Regression Clinical Edge/CLINK-23509/Frequency/Duration' is clicked on

2019-05-03 10:41:55 - [MESSAGE][PASSED] - Object: 'Object Repository/Regression Clinical Edge/CLINK-23509/Frequency/Duration' is clicked on

2019-05-03 10:41:55 - [TEST_STEP][PASSED] - sendKeys(findTestObject("Regression Clinical Edge/CLINK-23509/Frequency/Duration"), Keys.chord(ARROW_DOWN, ENTER)): Keys 'DOWN + ENTER + ' sent to object: 'Object Repository/Regression Clinical Edge/CLINK-23509/Frequency/Duration'

2019-05-03 10:41:55 - [MESSAGE][PASSED] - Keys 'DOWN + ENTER + ' sent to object: 'Object Repository/Regression Clinical Edge/CLINK-23509/Frequency/Duration'

2019-05-03 10:41:55 - [TEST_STEP][PASSED] - delay(2): Delayed 2 second(s)

2019-05-03 10:41:57 - [MESSAGE][PASSED] - Delayed 2 second(s)

2019-05-03 10:41:57 - [TEST_STEP][PASSED] - waitForElementPresent(findTestObject("Regression Clinical Edge/CLINK-23509/Frequency/WeeklyLimit"), 50): Object 'Object Repository/Regression Clinical Edge/CLINK-23509/Frequency/WeeklyLimit' is present

2019-05-03 10:41:57 - [MESSAGE][PASSED] - Object 'Object Repository/Regression Clinical Edge/CLINK-23509/Frequency/WeeklyLimit' is present

2019-05-03 10:41:57 - [TEST_STEP][PASSED] - setText(findTestObject("Regression Clinical Edge/CLINK-23509/Frequency/WeeklyLimit"), "2"): Text '2' is set on object 'Object Repository/Regression Clinical Edge/CLINK-23509/Frequency/WeeklyLimit'

2019-05-03 10:41:57 - [MESSAGE][PASSED] - Text '2' is set on object 'Object Repository/Regression Clinical Edge/CLINK-23509/Frequency/WeeklyLimit'

2019-05-03 10:41:57 - [TEST_STEP][PASSED] - waitForElementPresent(findTestObject("Regression Clinical Edge/CLINK-23509/Frequency/button_OK"), 50): Object 'Object Repository/Regression Clinical Edge/CLINK-23509/Frequency/button_OK' is present

2019-05-03 10:41:57 - [MESSAGE][PASSED] - Object 'Object Repository/Regression Clinical Edge/CLINK-23509/Frequency/button_OK' is present

2019-05-03 10:41:57 - [TEST_STEP][PASSED] - click(findTestObject("Regression Clinical Edge/CLINK-23509/Frequency/button_OK")): Object: 'Object Repository/Regression Clinical Edge/CLINK-23509/Frequency/button_OK' is clicked on

2019-05-03 10:41:58 - [MESSAGE][PASSED] - Object: 'Object Repository/Regression Clinical Edge/CLINK-23509/Frequency/button_OK' is clicked on

2019-05-03 10:41:58 - [TEST_STEP][PASSED] - waitForPageLoad(50): Wait for page load successfully

2019-05-03 10:41:58 - [MESSAGE][PASSED] - Wait for page load successfully

2019-05-03 10:41:58 - [TEST_STEP][PASSED] - delay(2): Delayed 2 second(s)

2019-05-03 10:42:00 - [MESSAGE][PASSED] - Delayed 2 second(s)

2019-05-03 10:42:00 - [TEST_STEP][PASSED] - waitForPageLoad(50, CONTINUE_ON_FAILURE): Wait for page load successfully

2019-05-03 10:42:00 - [MESSAGE][PASSED] - Wait for page load successfully

2019-05-03 10:42:00 - [TEST_STEP][PASSED] - waitForElementPresent(findTestObject("Regression Clinical Edge/CLINK-23509/SaveBtn"), 50): Object 'Object Repository/Regression Clinical Edge/CLINK-23509/SaveBtn' is present

2019-05-03 10:42:00 - [MESSAGE][PASSED] - Object 'Object Repository/Regression Clinical Edge/CLINK-23509/SaveBtn' is present

2019-05-03 10:42:00 - [TEST_STEP][PASSED] - click(findTestObject("Regression Clinical Edge/CLINK-23509/SaveBtn")): Object: 'Object Repository/Regression Clinical Edge/CLINK-23509/SaveBtn' is clicked on

2019-05-03 10:42:00 - [MESSAGE][PASSED] - Object: 'Object Repository/Regression Clinical Edge/CLINK-23509/SaveBtn' is clicked on

2019-05-03 10:42:00 - [TEST_STEP][PASSED] - waitForPageLoad(50): Wait for page load successfully

2019-05-03 10:42:00 - [MESSAGE][PASSED] - Wait for page load successfully

2019-05-03 10:42:00 - [TEST_STEP][PASSED] - delay(10): Delayed 10 second(s)

2019-05-03 10:42:10 - [MESSAGE][PASSED] - Delayed 10 second(s)

2019-05-03 10:42:10 - [TEST_STEP][PASSED] - waitForElementPresent(findTestObject("Regression Clinical Edge/CLINK-23509/div_SignSubmit"), 50): Object 'Object Repository/Regression Clinical Edge/CLINK-23509/div_SignSubmit' is present

2019-05-03 10:42:10 - [MESSAGE][PASSED] - Object 'Object Repository/Regression Clinical Edge/CLINK-23509/div_SignSubmit' is present

2019-05-03 10:42:10 - [TEST_STEP][PASSED] - click(findTestObject("Regression Clinical Edge/CLINK-23509/div_SignSubmit")): Object: 'Object Repository/Regression Clinical Edge/CLINK-23509/div_SignSubmit' is clicked on

2019-05-03 10:42:10 - [MESSAGE][PASSED] - Object: 'Object Repository/Regression Clinical Edge/CLINK-23509/div_SignSubmit' is clicked on

2019-05-03 10:42:10 - [TEST_STEP][PASSED] - waitForPageLoad(50): Wait for page load successfully

2019-05-03 10:42:10 - [MESSAGE][PASSED] - Wait for page load successfully

2019-05-03 10:42:10 - [TEST_STEP][PASSED] - delay(15): Delayed 15 second(s)

2019-05-03 10:42:25 - [MESSAGE][PASSED] - Delayed 15 second(s)

2019-05-03 10:42:25 - [TEST_STEP][PASSED] - waitForElementPresent(findTestObject("Regression Clinical Edge/CLINK-23509/Question 22. Rehab Potential"), 50): Object 'Object Repository/Regression Clinical Edge/CLINK-23509/Question 22. Rehab Potential' is present

2019-05-03 10:42:25 - [MESSAGE][PASSED] - Object 'Object Repository/Regression Clinical Edge/CLINK-23509/Question 22. Rehab Potential' is present

2019-05-03 10:42:25 - [TEST_STEP][PASSED] - click(findTestObject("Regression Clinical Edge/CLINK-23509/Question 22. Rehab Potential")): Object: 'Object Repository/Regression Clinical Edge/CLINK-23509/Question 22. Rehab Potential' is clicked on

2019-05-03 10:42:31 - [MESSAGE][PASSED] - Object: 'Object Repository/Regression Clinical Edge/CLINK-23509/Question 22. Rehab Potential' is clicked on

2019-05-03 10:42:31 - [TEST_STEP][PASSED] - delay(10): Delayed 10 second(s)

2019-05-03 10:42:41 - [MESSAGE][PASSED] - Delayed 10 second(s)

2019-05-03 10:42:41 - [TEST_STEP][PASSED] - waitForElementPresent(findTestObject("Regression Clinical Edge/CLINK-23509/Rehabilitation Potential"), 50): Object 'Object Repository/Regression Clinical Edge/CLINK-23509/Rehabilitation Potential' is present

2019-05-03 10:42:41 - [MESSAGE][PASSED] - Object 'Object Repository/Regression Clinical Edge/CLINK-23509/Rehabilitation Potential' is present

2019-05-03 10:42:41 - [TEST_STEP][PASSED] - setText(findTestObject("Regression Clinical Edge/CLINK-23509/Rehabilitation Potential"), "Rehabilitation Potential"): Text 'Rehabilitation Potential' is set on object 'Object Repository/Regression Clinical Edge/CLINK-23509/Rehabilitation Potential'

2019-05-03 10:42:42 - [MESSAGE][PASSED] - Text 'Rehabilitation Potential' is set on object 'Object Repository/Regression Clinical Edge/CLINK-23509/Rehabilitation Potential'

2019-05-03 10:42:42 - [TEST_STEP][PASSED] - delay(5): Delayed 5 second(s)

2019-05-03 10:42:47 - [MESSAGE][PASSED] - Delayed 5 second(s)

2019-05-03 10:42:47 - [TEST_STEP][PASSED] - waitForElementPresent(findTestObject("Regression Clinical Edge/CLINK-23509/SaveBtn"), 50): Object 'Object Repository/Regression Clinical Edge/CLINK-23509/SaveBtn' is present

2019-05-03 10:42:47 - [MESSAGE][PASSED] - Object 'Object Repository/Regression Clinical Edge/CLINK-23509/SaveBtn' is present

2019-05-03 10:42:47 - [TEST_STEP][PASSED] - click(findTestObject("Regression Clinical Edge/CLINK-23509/SaveBtn")): Object: 'Object Repository/Regression Clinical Edge/CLINK-23509/SaveBtn' is clicked on

2019-05-03 10:42:47 - [MESSAGE][PASSED] - Object: 'Object Repository/Regression Clinical Edge/CLINK-23509/SaveBtn' is clicked on

2019-05-03 10:42:47 - [TEST_STEP][PASSED] - waitForPageLoad(50): Wait for page load successfully

2019-05-03 10:42:47 - [MESSAGE][PASSED] - Wait for page load successfully

2019-05-03 10:42:47 - [TEST_STEP][PASSED] - delay(10): Delayed 10 second(s)

2019-05-03 10:42:57 - [MESSAGE][PASSED] - Delayed 10 second(s)

2019-05-03 10:42:57 - [TEST_STEP][PASSED] - waitForElementPresent(findTestObject("Regression Clinical Edge/CLINK-23509/div_SignSubmit"), 50): Object 'Object Repository/Regression Clinical Edge/CLINK-23509/div_SignSubmit' is present

2019-05-03 10:42:57 - [MESSAGE][PASSED] - Object 'Object Repository/Regression Clinical Edge/CLINK-23509/div_SignSubmit' is present

2019-05-03 10:42:57 - [TEST_STEP][PASSED] - click(findTestObject("Regression Clinical Edge/CLINK-23509/div_SignSubmit")): Object: 'Object Repository/Regression Clinical Edge/CLINK-23509/div_SignSubmit' is clicked on

2019-05-03 10:42:57 - [MESSAGE][PASSED] - Object: 'Object Repository/Regression Clinical Edge/CLINK-23509/div_SignSubmit' is clicked on

2019-05-03 10:42:57 - [TEST_STEP][PASSED] - waitForPageLoad(50): Wait for page load successfully

2019-05-03 10:42:57 - [MESSAGE][PASSED] - Wait for page load successfully

2019-05-03 10:42:57 - [TEST_STEP][PASSED] - delay(3): Delayed 3 second(s)

2019-05-03 10:43:00 - [MESSAGE][PASSED] - Delayed 3 second(s)

2019-05-03 10:43:00 - [TEST_STEP][PASSED] - waitForElementPresent(findTestObject("Regression Clinical Edge/CLINK-23509/Signature"), 50): Object 'Object Repository/Regression Clinical Edge/CLINK-23509/Signature' is present

2019-05-03 10:43:00 - [MESSAGE][PASSED] - Object 'Object Repository/Regression Clinical Edge/CLINK-23509/Signature' is present

2019-05-03 10:43:00 - [TEST_STEP][PASSED] - setText(findTestObject("Regression Clinical Edge/CLINK-23509/Signature"), G_Password): Text 'qwerty' is set on object 'Object Repository/Regression Clinical Edge/CLINK-23509/Signature'

2019-05-03 10:43:01 - [MESSAGE][PASSED] - Text 'qwerty' is set on object 'Object Repository/Regression Clinical Edge/CLINK-23509/Signature'

2019-05-03 10:43:01 - [TEST_STEP][PASSED] - delay(2): Delayed 2 second(s)

2019-05-03 10:43:03 - [MESSAGE][PASSED] - Delayed 2 second(s)

2019-05-03 10:43:03 - [TEST_STEP][PASSED] - waitForElementPresent(findTestObject("Regression Clinical Edge/CLINK-23509/OkSignature"), 50): Object 'Object Repository/Regression Clinical Edge/CLINK-23509/OkSignature' is present

2019-05-03 10:43:03 - [MESSAGE][PASSED] - Object 'Object Repository/Regression Clinical Edge/CLINK-23509/OkSignature' is present

2019-05-03 10:43:03 - [TEST_STEP][PASSED] - click(findTestObject("Regression Clinical Edge/CLINK-23509/OkSignature"), CONTINUE_ON_FAILURE): Object: 'Object Repository/Regression Clinical Edge/CLINK-23509/OkSignature' is clicked on

2019-05-03 10:43:03 - [MESSAGE][PASSED] - Object: 'Object Repository/Regression Clinical Edge/CLINK-23509/OkSignature' is clicked on

2019-05-03 10:43:03 - [TEST_STEP][PASSED] - delay(2): Delayed 2 second(s)

2019-05-03 10:43:05 - [MESSAGE][PASSED] - Delayed 2 second(s)]]></system-out>
         <system-err><![CDATA[]]></system-err>
      </testcase>
      <testcase name="Test Cases/Regression BackOffice (All Browsers)/CLNK-28578 - BO - Happy Path - Approving PoC" classname="Test Cases/Regression BackOffice (All Browsers)/CLNK-28578 - BO - Happy Path - Approving PoC" status="PASSED">
         <system-out><![CDATA[2019-05-03 10:43:08 - [TEST_CASE][PASSED] - Test Cases/Regression BackOffice (All Browsers)/CLNK-28578 - BO - Happy Path - Approving PoC: Test Cases/Regression BackOffice (All Browsers)/CLNK-28578 - BO - Happy Path - Approving PoC

2019-05-03 10:43:09 - [TEST_STEP][PASSED] - callTestCase(findTestCase("Regression BackOffice (All Browsers)/CLNK-23439 - Clink - Back office Client"), [:], STOP_ON_FAILURE): Call Test Case 'Test Cases/Regression BackOffice (All Browsers)/CLNK-23439 - Clink - Back office Client' successfully

2019-05-03 10:43:09 - [TEST_CASE][PASSED] - Test Cases/Regression BackOffice (All Browsers)/CLNK-23439 - Clink - Back office Client: Test Cases/Regression BackOffice (All Browsers)/CLNK-23439 - Clink - Back office Client

2019-05-03 10:43:10 - [TEST_STEP][PASSED] - openBrowser(G_SiteBackOffice): Browser is opened with url: 'http://qanewpoc.continulink.com:81/backoffice/Login.aspx'

2019-05-03 10:43:10 - [MESSAGE][WARNING] - A browser is already opened. Closing browser and opening a new one

2019-05-03 10:43:11 - [MESSAGE][INFO] - Starting 'Chrome' driver

2019-05-03 10:43:20 - [MESSAGE][PASSED] - Browser is opened with url: 'http://qanewpoc.continulink.com:81/backoffice/Login.aspx'

2019-05-03 10:43:20 - [TEST_STEP][PASSED] - waitForPageLoad(60): Wait for page load successfully

2019-05-03 10:43:20 - [MESSAGE][PASSED] - Wait for page load successfully

2019-05-03 10:43:20 - [TEST_STEP][PASSED] - maximizeWindow(): Current window maximized

2019-05-03 10:43:22 - [MESSAGE][PASSED] - Current window maximized

2019-05-03 10:43:22 - [TEST_STEP][PASSED] - setText(findTestObject("Regression BackOffice/Login/UserBackOffice"), G_UserBackOffice): Text 'demo' is set on object 'Object Repository/Regression BackOffice/Login/UserBackOffice'

2019-05-03 10:43:22 - [MESSAGE][PASSED] - Text 'demo' is set on object 'Object Repository/Regression BackOffice/Login/UserBackOffice'

2019-05-03 10:43:22 - [TEST_STEP][PASSED] - setText(findTestObject("Regression BackOffice/Login/PasswordBackOffice"), G_PasswordBackOffice): Text 'qwerty' is set on object 'Object Repository/Regression BackOffice/Login/PasswordBackOffice'

2019-05-03 10:43:23 - [MESSAGE][PASSED] - Text 'qwerty' is set on object 'Object Repository/Regression BackOffice/Login/PasswordBackOffice'

2019-05-03 10:43:23 - [TEST_STEP][PASSED] - click(findTestObject("Regression BackOffice/Login/LoginBackOffice")): Object: 'Object Repository/Regression BackOffice/Login/LoginBackOffice' is clicked on

2019-05-03 10:43:30 - [MESSAGE][PASSED] - Object: 'Object Repository/Regression BackOffice/Login/LoginBackOffice' is clicked on

2019-05-03 10:43:30 - [TEST_STEP][PASSED] - waitForPageLoad(60): Wait for page load successfully

2019-05-03 10:43:30 - [MESSAGE][PASSED] - Wait for page load successfully

2019-05-03 10:43:30 - [TEST_STEP][PASSED] - delay(3): Delayed 3 second(s)

2019-05-03 10:43:33 - [MESSAGE][PASSED] - Delayed 3 second(s)

2019-05-03 10:43:33 - [TEST_STEP][PASSED] - switchToFrame(findTestObject("Regression BackOffice/CLNK-23449/FrameLeft"), 5): null

2019-05-03 10:43:33 - [TEST_STEP][PASSED] - waitForElementPresent(findTestObject("Regression BackOffice/CLNK-23449/ClienIntakeICon"), 60): Object 'Object Repository/Regression BackOffice/CLNK-23449/ClienIntakeICon' is present

2019-05-03 10:43:33 - [MESSAGE][PASSED] - Object 'Object Repository/Regression BackOffice/CLNK-23449/ClienIntakeICon' is present

2019-05-03 10:43:33 - [TEST_STEP][PASSED] - verifyElementPresent(findTestObject("Regression BackOffice/CLNK-23449/ClienIntakeICon"), 100): Object 'Object Repository/Regression BackOffice/CLNK-23449/ClienIntakeICon' is present

2019-05-03 10:43:33 - [MESSAGE][PASSED] - Object 'Object Repository/Regression BackOffice/CLNK-23449/ClienIntakeICon' is present

2019-05-03 10:43:33 - [TEST_STEP][PASSED] - switchToDefaultContent(): null

2019-05-03 10:43:34 - [MESSAGE][PASSED] - Call Test Case 'Test Cases/Regression BackOffice (All Browsers)/CLNK-23439 - Clink - Back office Client' successfully

2019-05-03 10:43:34 - [TEST_STEP][PASSED] - waitForPageLoad(60): Wait for page load successfully

2019-05-03 10:43:34 - [MESSAGE][PASSED] - Wait for page load successfully

2019-05-03 10:43:34 - [TEST_STEP][PASSED] - delay(3): Delayed 3 second(s)

2019-05-03 10:43:37 - [MESSAGE][PASSED] - Delayed 3 second(s)

2019-05-03 10:43:37 - [TEST_STEP][PASSED] - switchToFrame(findTestObject("Regression BackOffice/CLNK-23449/FrameLeft"), 30): null

2019-05-03 10:43:37 - [TEST_STEP][PASSED] - waitForElementPresent(findTestObject("Regression BackOffice/CLINK-28578/ClinicalLink"), 100): Object 'Object Repository/Regression BackOffice/CLINK-28578/ClinicalLink' is present

2019-05-03 10:43:37 - [MESSAGE][PASSED] - Object 'Object Repository/Regression BackOffice/CLINK-28578/ClinicalLink' is present

2019-05-03 10:43:37 - [TEST_STEP][PASSED] - click(findTestObject("Regression BackOffice/CLINK-28578/ClinicalLink")): Object: 'Object Repository/Regression BackOffice/CLINK-28578/ClinicalLink' is clicked on

2019-05-03 10:43:37 - [MESSAGE][PASSED] - Object: 'Object Repository/Regression BackOffice/CLINK-28578/ClinicalLink' is clicked on

2019-05-03 10:43:37 - [TEST_STEP][PASSED] - delay(2): Delayed 2 second(s)

2019-05-03 10:43:39 - [MESSAGE][PASSED] - Delayed 2 second(s)

2019-05-03 10:43:39 - [TEST_STEP][PASSED] - waitForElementPresent(findTestObject("Regression BackOffice/CLINK-28578/Notes QA"), 50): Object 'Object Repository/Regression BackOffice/CLINK-28578/Notes QA' is present

2019-05-03 10:43:39 - [MESSAGE][PASSED] - Object 'Object Repository/Regression BackOffice/CLINK-28578/Notes QA' is present

2019-05-03 10:43:39 - [TEST_STEP][PASSED] - click(findTestObject("Regression BackOffice/CLINK-28578/Notes QA")): Object: 'Object Repository/Regression BackOffice/CLINK-28578/Notes QA' is clicked on

2019-05-03 10:43:43 - [MESSAGE][PASSED] - Object: 'Object Repository/Regression BackOffice/CLINK-28578/Notes QA' is clicked on

2019-05-03 10:43:43 - [TEST_STEP][PASSED] - delay(2): Delayed 2 second(s)

2019-05-03 10:43:45 - [MESSAGE][PASSED] - Delayed 2 second(s)

2019-05-03 10:43:45 - [TEST_STEP][PASSED] - switchToDefaultContent(): null

2019-05-03 10:43:45 - [TEST_STEP][PASSED] - switchToFrame(findTestObject("Regression BackOffice/CLNK-23449/FrameMain"), 30): null

2019-05-03 10:43:45 - [TEST_STEP][PASSED] - waitForElementPresent(findTestObject("Regression BackOffice/CLINK-28578/input_Client_txtClient"), 50): Object 'Object Repository/Regression BackOffice/CLINK-28578/input_Client_txtClient' is present

2019-05-03 10:43:45 - [MESSAGE][PASSED] - Object 'Object Repository/Regression BackOffice/CLINK-28578/input_Client_txtClient' is present

2019-05-03 10:43:45 - [TEST_STEP][PASSED] - setText(findTestObject("Regression BackOffice/CLINK-28578/input_Client_txtClient"), G_ClientLastName): Text 'Victorino' is set on object 'Object Repository/Regression BackOffice/CLINK-28578/input_Client_txtClient'

2019-05-03 10:43:46 - [MESSAGE][PASSED] - Text 'Victorino' is set on object 'Object Repository/Regression BackOffice/CLINK-28578/input_Client_txtClient'

2019-05-03 10:43:46 - [TEST_STEP][PASSED] - focus(findTestObject("Regression BackOffice/CLINK-28578/input_Client_txtClient")): Object: 'Object Repository/Regression BackOffice/CLINK-28578/input_Client_txtClient' is focused

2019-05-03 10:43:46 - [MESSAGE][PASSED] - Object: 'Object Repository/Regression BackOffice/CLINK-28578/input_Client_txtClient' is focused

2019-05-03 10:43:46 - [TEST_STEP][PASSED] - delay(2): Delayed 2 second(s)

2019-05-03 10:43:48 - [MESSAGE][PASSED] - Delayed 2 second(s)

2019-05-03 10:43:48 - [TEST_STEP][PASSED] - sendKeys(findTestObject("Regression BackOffice/CLINK-28578/input_Client_txtClient"), Keys.chord(ARROW_DOWN, ENTER)): Keys 'DOWN + ENTER + ' sent to object: 'Object Repository/Regression BackOffice/CLINK-28578/input_Client_txtClient'

2019-05-03 10:43:48 - [MESSAGE][PASSED] - Keys 'DOWN + ENTER + ' sent to object: 'Object Repository/Regression BackOffice/CLINK-28578/input_Client_txtClient'

2019-05-03 10:43:48 - [TEST_STEP][PASSED] - delay(5): Delayed 5 second(s)

2019-05-03 10:43:53 - [MESSAGE][PASSED] - Delayed 5 second(s)

2019-05-03 10:43:53 - [TEST_STEP][PASSED] - waitForElementPresent(findTestObject("Regression BackOffice/CLINK-28578/btnSearch"), 50): Object 'Object Repository/Regression BackOffice/CLINK-28578/btnSearch' is present

2019-05-03 10:43:53 - [MESSAGE][PASSED] - Object 'Object Repository/Regression BackOffice/CLINK-28578/btnSearch' is present

2019-05-03 10:43:53 - [TEST_STEP][PASSED] - click(findTestObject("Regression BackOffice/CLINK-28578/btnSearch"), STOP_ON_FAILURE): Object: 'Object Repository/Regression BackOffice/CLINK-28578/btnSearch' is clicked on

2019-05-03 10:43:54 - [MESSAGE][PASSED] - Object: 'Object Repository/Regression BackOffice/CLINK-28578/btnSearch' is clicked on

2019-05-03 10:43:54 - [TEST_STEP][PASSED] - delay(2): Delayed 2 second(s)

2019-05-03 10:43:56 - [MESSAGE][PASSED] - Delayed 2 second(s)

2019-05-03 10:43:56 - [TEST_STEP][PASSED] - waitForElementPresent(findTestObject("Regression BackOffice/CLINK-28578/DocumentLink"), 50): Object 'Object Repository/Regression BackOffice/CLINK-28578/DocumentLink' is present

2019-05-03 10:43:56 - [MESSAGE][PASSED] - Object 'Object Repository/Regression BackOffice/CLINK-28578/DocumentLink' is present

2019-05-03 10:43:56 - [TEST_STEP][PASSED] - click(findTestObject("Regression BackOffice/CLINK-28578/DocumentLink"), STOP_ON_FAILURE): Object: 'Object Repository/Regression BackOffice/CLINK-28578/DocumentLink' is clicked on

2019-05-03 10:43:56 - [MESSAGE][PASSED] - Object: 'Object Repository/Regression BackOffice/CLINK-28578/DocumentLink' is clicked on

2019-05-03 10:43:56 - [TEST_STEP][PASSED] - waitForPageLoad(50): Wait for page load successfully

2019-05-03 10:43:56 - [MESSAGE][PASSED] - Wait for page load successfully

2019-05-03 10:43:56 - [TEST_STEP][PASSED] - delay(5): Delayed 5 second(s)

2019-05-03 10:44:01 - [MESSAGE][PASSED] - Delayed 5 second(s)

2019-05-03 10:44:01 - [TEST_STEP][NOT_RUN] - switchToDefaultContent(): NOT_RUN: switchToDefaultContent()

2019-05-03 10:44:01 - [MESSAGE][NOT_RUN] - NOT_RUN: switchToDefaultContent()

2019-05-03 10:44:01 - [TEST_STEP][PASSED] - switchToFrame(findTestObject("Regression BackOffice/CLINK-28578/iframe"), 30): null

2019-05-03 10:44:02 - [TEST_STEP][PASSED] - delay(5): Delayed 5 second(s)

2019-05-03 10:44:07 - [MESSAGE][PASSED] - Delayed 5 second(s)

2019-05-03 10:44:07 - [TEST_STEP][PASSED] - waitForElementPresent(findTestObject("Regression BackOffice/CLINK-28578/ApproveLink"), 50): Object 'Object Repository/Regression BackOffice/CLINK-28578/ApproveLink' is present

2019-05-03 10:44:07 - [MESSAGE][PASSED] - Object 'Object Repository/Regression BackOffice/CLINK-28578/ApproveLink' is present

2019-05-03 10:44:07 - [TEST_STEP][PASSED] - click(findTestObject("Regression BackOffice/CLINK-28578/ApproveLink"), STOP_ON_FAILURE): Object: 'Object Repository/Regression BackOffice/CLINK-28578/ApproveLink' is clicked on

2019-05-03 10:44:08 - [MESSAGE][PASSED] - Object: 'Object Repository/Regression BackOffice/CLINK-28578/ApproveLink' is clicked on

2019-05-03 10:44:08 - [TEST_STEP][PASSED] - delay(5): Delayed 5 second(s)

2019-05-03 10:44:13 - [MESSAGE][PASSED] - Delayed 5 second(s)

2019-05-03 10:44:13 - [TEST_STEP][PASSED] - waitForElementPresent(findTestObject("Regression BackOffice/CLINK-28578/input_Confirm Password"), 50): Object 'Object Repository/Regression BackOffice/CLINK-28578/input_Confirm Password' is present

2019-05-03 10:44:13 - [MESSAGE][PASSED] - Object 'Object Repository/Regression BackOffice/CLINK-28578/input_Confirm Password' is present

2019-05-03 10:44:13 - [TEST_STEP][PASSED] - setText(findTestObject("Regression BackOffice/CLINK-28578/input_Confirm Password"), G_Password): Text 'qwerty' is set on object 'Object Repository/Regression BackOffice/CLINK-28578/input_Confirm Password'

2019-05-03 10:44:13 - [MESSAGE][PASSED] - Text 'qwerty' is set on object 'Object Repository/Regression BackOffice/CLINK-28578/input_Confirm Password'

2019-05-03 10:44:13 - [TEST_STEP][PASSED] - delay(2): Delayed 2 second(s)

2019-05-03 10:44:15 - [MESSAGE][PASSED] - Delayed 2 second(s)

2019-05-03 10:44:15 - [TEST_STEP][PASSED] - waitForElementPresent(findTestObject("Regression BackOffice/CLINK-28578/OkPOC"), 50): Object 'Object Repository/Regression BackOffice/CLINK-28578/OkPOC' is present

2019-05-03 10:44:16 - [MESSAGE][PASSED] - Object 'Object Repository/Regression BackOffice/CLINK-28578/OkPOC' is present

2019-05-03 10:44:16 - [TEST_STEP][PASSED] - click(findTestObject("Regression BackOffice/CLINK-28578/OkPOC"), CONTINUE_ON_FAILURE): Object: 'Object Repository/Regression BackOffice/CLINK-28578/OkPOC' is clicked on

2019-05-03 10:44:16 - [MESSAGE][PASSED] - Object: 'Object Repository/Regression BackOffice/CLINK-28578/OkPOC' is clicked on

2019-05-03 10:44:16 - [TEST_STEP][PASSED] - delay(2): Delayed 2 second(s)

2019-05-03 10:44:18 - [MESSAGE][PASSED] - Delayed 2 second(s)]]></system-out>
         <system-err><![CDATA[]]></system-err>
      </testcase>
      <system-out><![CDATA[2019-05-03 10:33:00 - [TEST_SUITE][PASSED] - POC: Test Cases/Regression BackOffice (All Browsers)/CLNK-28578 - BO - Happy Path - Approving PoC]]></system-out>
      <system-err><![CDATA[]]></system-err>
   </testsuite>
</testsuites>
