<?xml version="1.0" encoding="UTF-8"?>
<testsuites name="Regression BackOffice" time="611" tests="8" failures="0" errors="0">
   <testsuite name="Regression BackOffice" tests="8" failures="0" errors="0" time="611" timestamp="2019-08-01 15:39:17" hostname="isaac - DESKTOP-BPONDF2" id="Test Suites/Regression BackOffice/Regression BackOffice">
      <properties>
         <property name="deviceName" value=""/>
         <property name="devicePlatform" value=""/>
         <property name="logFolder" value="C:\\Users\\isaac\\Desktop\\Clientes\\ProcuraCanada\\Katalon Studio\\Continulink\\Reports\\Regression BackOffice\\Regression BackOffice\\20190801_153915"/>
         <property name="logFiles" value="C:\\Users\\isaac\\Desktop\\Clientes\\ProcuraCanada\\Katalon Studio\\Continulink\\Reports\\Regression BackOffice\\Regression BackOffice\\20190801_153915\\execution0.log"/>
         <property name="attachments" value=""/>
         <property name="hostName" value="isaac - DESKTOP-BPONDF2"/>
         <property name="os" value="Windows 10 64bit"/>
         <property name="katalonVersion" value="6.0.5.4"/>
         <property name="browser" value="Chrome 75.0.3770.142"/>
         <property name="hostAddress" value="192.168.0.116"/>
         <property name="sessionId" value="599a4403a9b82519e589ba8e1ae2e57d"/>
         <property name="seleniumVersion" value="3.7.1"/>
         <property name="proxyInformation" value="ProxyInformation{proxyOption=NO_PROXY, proxyServerType=HTTP, password=, proxyServerAddress=, proxyServerPort=0}"/>
         <property name="platform" value="Windows 10"/>
      </properties>
      <testcase name="Test Cases/Regression BackOffice (All Browsers)/CLNK-23451 - Back office Quick Intake Wizard Payer" classname="Test Cases/Regression BackOffice (All Browsers)/CLNK-23451 - Back office Quick Intake Wizard Payer" status="PASSED">
         <system-out><![CDATA[2019-08-01 15:39:18 - [TEST_CASE][PASSED] - Test Cases/Regression BackOffice (All Browsers)/CLNK-23451 - Back office Quick Intake Wizard Payer: Test Cases/Regression BackOffice (All Browsers)/CLNK-23451 - Back office Quick Intake Wizard Payer

2019-08-01 15:39:18 - [TEST_STEP][PASSED] - callTestCase(findTestCase("Regression BackOffice (All Browsers)/CLNK-23439 - Clink - Back office Client"), [:], STOP_ON_FAILURE): Call Test Case 'Test Cases/Regression BackOffice (All Browsers)/CLNK-23439 - Clink - Back office Client' successfully

2019-08-01 15:39:19 - [TEST_CASE][PASSED] - Test Cases/Regression BackOffice (All Browsers)/CLNK-23439 - Clink - Back office Client: Test Cases/Regression BackOffice (All Browsers)/CLNK-23439 - Clink - Back office Client

2019-08-01 15:39:19 - [TEST_STEP][PASSED] - openBrowser(G_SiteBackOffice): Browser is opened with url: 'http://qanewpoc.continulink.com:81/backoffice/Login.aspx'

2019-08-01 15:39:20 - [MESSAGE][INFO] - Starting 'Chrome' driver

2019-08-01 15:39:20 - [MESSAGE][INFO] - Action delay is set to 0 seconds

2019-08-01 15:39:29 - [MESSAGE][PASSED] - Browser is opened with url: 'http://qanewpoc.continulink.com:81/backoffice/Login.aspx'

2019-08-01 15:39:29 - [TEST_STEP][PASSED] - waitForPageLoad(60): Wait for page load successfully

2019-08-01 15:39:29 - [MESSAGE][PASSED] - Wait for page load successfully

2019-08-01 15:39:29 - [TEST_STEP][PASSED] - maximizeWindow(): Current window maximized

2019-08-01 15:39:33 - [MESSAGE][PASSED] - Current window maximized

2019-08-01 15:39:33 - [TEST_STEP][PASSED] - setText(findTestObject("Regression BackOffice/Login/UserBackOffice"), G_UserBackOffice): Text 'automation_admin' is set on object 'Object Repository/Regression BackOffice/Login/UserBackOffice'

2019-08-01 15:39:33 - [MESSAGE][PASSED] - Text 'automation_admin' is set on object 'Object Repository/Regression BackOffice/Login/UserBackOffice'

2019-08-01 15:39:33 - [TEST_STEP][PASSED] - setText(findTestObject("Regression BackOffice/Login/PasswordBackOffice"), G_PasswordBackOffice): Text 'qwerty' is set on object 'Object Repository/Regression BackOffice/Login/PasswordBackOffice'

2019-08-01 15:39:33 - [MESSAGE][PASSED] - Text 'qwerty' is set on object 'Object Repository/Regression BackOffice/Login/PasswordBackOffice'

2019-08-01 15:39:33 - [TEST_STEP][PASSED] - click(findTestObject("Regression BackOffice/Login/LoginBackOffice")): Object: 'Object Repository/Regression BackOffice/Login/LoginBackOffice' is clicked on

2019-08-01 15:39:38 - [MESSAGE][PASSED] - Object: 'Object Repository/Regression BackOffice/Login/LoginBackOffice' is clicked on

2019-08-01 15:39:38 - [TEST_STEP][PASSED] - waitForPageLoad(60): Wait for page load successfully

2019-08-01 15:39:38 - [MESSAGE][PASSED] - Wait for page load successfully

2019-08-01 15:39:38 - [TEST_STEP][PASSED] - delay(3): Delayed 3 second(s)

2019-08-01 15:39:41 - [MESSAGE][PASSED] - Delayed 3 second(s)

2019-08-01 15:39:41 - [TEST_STEP][PASSED] - switchToFrame(findTestObject("Regression BackOffice/CLNK-23449/FrameLeft"), 5): null

2019-08-01 15:39:41 - [TEST_STEP][PASSED] - waitForElementPresent(findTestObject("Regression BackOffice/CLNK-23449/ClienIntakeICon"), 60): Object 'Object Repository/Regression BackOffice/CLNK-23449/ClienIntakeICon' is present

2019-08-01 15:39:41 - [MESSAGE][PASSED] - Object 'Object Repository/Regression BackOffice/CLNK-23449/ClienIntakeICon' is present

2019-08-01 15:39:41 - [TEST_STEP][PASSED] - verifyElementPresent(findTestObject("Regression BackOffice/CLNK-23449/ClienIntakeICon"), 100): Object 'Object Repository/Regression BackOffice/CLNK-23449/ClienIntakeICon' is present

2019-08-01 15:39:41 - [MESSAGE][PASSED] - Object 'Object Repository/Regression BackOffice/CLNK-23449/ClienIntakeICon' is present

2019-08-01 15:39:41 - [TEST_STEP][PASSED] - switchToDefaultContent(): null

2019-08-01 15:39:41 - [MESSAGE][PASSED] - Call Test Case 'Test Cases/Regression BackOffice (All Browsers)/CLNK-23439 - Clink - Back office Client' successfully

2019-08-01 15:39:41 - [TEST_STEP][PASSED] - waitForPageLoad(60): Wait for page load successfully

2019-08-01 15:39:41 - [MESSAGE][PASSED] - Wait for page load successfully

2019-08-01 15:39:41 - [TEST_STEP][PASSED] - delay(3): Delayed 3 second(s)

2019-08-01 15:39:44 - [MESSAGE][PASSED] - Delayed 3 second(s)

2019-08-01 15:39:44 - [TEST_STEP][PASSED] - switchToFrame(findTestObject("Regression BackOffice/CLNK-23449/FrameLeft"), 30): null

2019-08-01 15:39:44 - [TEST_STEP][PASSED] - waitForElementPresent(findTestObject("Regression BackOffice/CLNK-23449/ClienIntakeICon"), 100): Object 'Object Repository/Regression BackOffice/CLNK-23449/ClienIntakeICon' is present

2019-08-01 15:39:44 - [MESSAGE][PASSED] - Object 'Object Repository/Regression BackOffice/CLNK-23449/ClienIntakeICon' is present

2019-08-01 15:39:44 - [TEST_STEP][PASSED] - click(findTestObject("Regression BackOffice/CLNK-23449/ClienIntakeICon")): Object: 'Object Repository/Regression BackOffice/CLNK-23449/ClienIntakeICon' is clicked on

2019-08-01 15:39:44 - [MESSAGE][PASSED] - Object: 'Object Repository/Regression BackOffice/CLNK-23449/ClienIntakeICon' is clicked on

2019-08-01 15:39:44 - [TEST_STEP][PASSED] - delay(2): Delayed 2 second(s)

2019-08-01 15:39:46 - [MESSAGE][PASSED] - Delayed 2 second(s)

2019-08-01 15:39:46 - [TEST_STEP][PASSED] - waitForPageLoad(50): Wait for page load successfully

2019-08-01 15:39:46 - [MESSAGE][PASSED] - Wait for page load successfully

2019-08-01 15:39:46 - [TEST_STEP][PASSED] - waitForElementPresent(findTestObject("Regression BackOffice/CLNK-23449/Quick Intake Wizard Link"), 50): Object 'Object Repository/Regression BackOffice/CLNK-23449/Quick Intake Wizard Link' is present

2019-08-01 15:39:46 - [MESSAGE][PASSED] - Object 'Object Repository/Regression BackOffice/CLNK-23449/Quick Intake Wizard Link' is present

2019-08-01 15:39:46 - [TEST_STEP][PASSED] - click(findTestObject("Regression BackOffice/CLNK-23449/Quick Intake Wizard Link")): Object: 'Object Repository/Regression BackOffice/CLNK-23449/Quick Intake Wizard Link' is clicked on

2019-08-01 15:39:48 - [MESSAGE][PASSED] - Object: 'Object Repository/Regression BackOffice/CLNK-23449/Quick Intake Wizard Link' is clicked on

2019-08-01 15:39:48 - [TEST_STEP][PASSED] - delay(2): Delayed 2 second(s)

2019-08-01 15:39:50 - [MESSAGE][PASSED] - Delayed 2 second(s)

2019-08-01 15:39:50 - [TEST_STEP][PASSED] - switchToDefaultContent(): null

2019-08-01 15:39:50 - [TEST_STEP][PASSED] - switchToFrame(findTestObject("Regression BackOffice/CLNK-23449/FrameMain"), 30): null

2019-08-01 15:39:51 - [TEST_STEP][PASSED] - waitForElementPresent(findTestObject("Regression BackOffice/CLNK-23449/New Referral Button"), 50): Object 'Object Repository/Regression BackOffice/CLNK-23449/New Referral Button' is present

2019-08-01 15:39:51 - [MESSAGE][PASSED] - Object 'Object Repository/Regression BackOffice/CLNK-23449/New Referral Button' is present

2019-08-01 15:39:51 - [TEST_STEP][PASSED] - click(findTestObject("Regression BackOffice/CLNK-23449/New Referral Button")): Object: 'Object Repository/Regression BackOffice/CLNK-23449/New Referral Button' is clicked on

2019-08-01 15:39:51 - [MESSAGE][PASSED] - Object: 'Object Repository/Regression BackOffice/CLNK-23449/New Referral Button' is clicked on

2019-08-01 15:39:51 - [TEST_STEP][PASSED] - waitForPageLoad(50): Wait for page load successfully

2019-08-01 15:39:51 - [MESSAGE][PASSED] - Wait for page load successfully

2019-08-01 15:39:51 - [TEST_STEP][PASSED] - delay(2): Delayed 2 second(s)

2019-08-01 15:39:53 - [MESSAGE][PASSED] - Delayed 2 second(s)

2019-08-01 15:39:53 - [TEST_STEP][PASSED] - waitForElementPresent(findTestObject("Regression BackOffice/CLNK-23449/ReferralType"), 50): Object 'Object Repository/Regression BackOffice/CLNK-23449/ReferralType' is present

2019-08-01 15:39:53 - [MESSAGE][PASSED] - Object 'Object Repository/Regression BackOffice/CLNK-23449/ReferralType' is present

2019-08-01 15:39:53 - [TEST_STEP][PASSED] - focus(findTestObject("Regression BackOffice/CLNK-23449/ReferralType")): Object: 'Object Repository/Regression BackOffice/CLNK-23449/ReferralType' is focused

2019-08-01 15:39:53 - [MESSAGE][PASSED] - Object: 'Object Repository/Regression BackOffice/CLNK-23449/ReferralType' is focused

2019-08-01 15:39:53 - [TEST_STEP][PASSED] - click(findTestObject("Regression BackOffice/CLNK-23449/ReferralType")): Object: 'Object Repository/Regression BackOffice/CLNK-23449/ReferralType' is clicked on

2019-08-01 15:39:53 - [MESSAGE][PASSED] - Object: 'Object Repository/Regression BackOffice/CLNK-23449/ReferralType' is clicked on

2019-08-01 15:39:53 - [TEST_STEP][PASSED] - delay(2): Delayed 2 second(s)

2019-08-01 15:39:55 - [MESSAGE][PASSED] - Delayed 2 second(s)

2019-08-01 15:39:55 - [TEST_STEP][PASSED] - sendKeys(findTestObject("Regression BackOffice/CLNK-23449/ReferralType"), Keys.chord(ARROW_DOWN, ENTER)): Keys 'DOWN + ENTER + ' sent to object: 'Object Repository/Regression BackOffice/CLNK-23449/ReferralType'

2019-08-01 15:39:55 - [MESSAGE][PASSED] - Keys 'DOWN + ENTER + ' sent to object: 'Object Repository/Regression BackOffice/CLNK-23449/ReferralType'

2019-08-01 15:39:55 - [TEST_STEP][PASSED] - delay(3): Delayed 3 second(s)

2019-08-01 15:39:58 - [MESSAGE][PASSED] - Delayed 3 second(s)

2019-08-01 15:39:58 - [TEST_STEP][PASSED] - waitForElementPresent(findTestObject("Regression BackOffice/CLNK-23449/ReferralSourcePerson"), 50): Object 'Object Repository/Regression BackOffice/CLNK-23449/ReferralSourcePerson' is present

2019-08-01 15:39:58 - [MESSAGE][PASSED] - Object 'Object Repository/Regression BackOffice/CLNK-23449/ReferralSourcePerson' is present

2019-08-01 15:39:58 - [TEST_STEP][PASSED] - setText(findTestObject("Regression BackOffice/CLNK-23449/ReferralSourcePerson"), G_ReferralSourcePerson): Text 'Lyudmila Kaskov' is set on object 'Object Repository/Regression BackOffice/CLNK-23449/ReferralSourcePerson'

2019-08-01 15:39:59 - [MESSAGE][PASSED] - Text 'Lyudmila Kaskov' is set on object 'Object Repository/Regression BackOffice/CLNK-23449/ReferralSourcePerson'

2019-08-01 15:39:59 - [TEST_STEP][PASSED] - delay(2): Delayed 2 second(s)

2019-08-01 15:40:01 - [MESSAGE][PASSED] - Delayed 2 second(s)

2019-08-01 15:40:01 - [TEST_STEP][PASSED] - waitForElementPresent(findTestObject("Regression BackOffice/CLNK-23449/ClientFirstName"), 50): Object 'Object Repository/Regression BackOffice/CLNK-23449/ClientFirstName' is present

2019-08-01 15:40:01 - [MESSAGE][PASSED] - Object 'Object Repository/Regression BackOffice/CLNK-23449/ClientFirstName' is present

2019-08-01 15:40:01 - [TEST_STEP][PASSED] - setText(findTestObject("Regression BackOffice/CLNK-23449/ClientFirstName"), G_ClientFirstName): Text 'Gerardo' is set on object 'Object Repository/Regression BackOffice/CLNK-23449/ClientFirstName'

2019-08-01 15:40:01 - [MESSAGE][PASSED] - Text 'Gerardo' is set on object 'Object Repository/Regression BackOffice/CLNK-23449/ClientFirstName'

2019-08-01 15:40:01 - [TEST_STEP][PASSED] - delay(2): Delayed 2 second(s)

2019-08-01 15:40:03 - [MESSAGE][PASSED] - Delayed 2 second(s)

2019-08-01 15:40:03 - [TEST_STEP][PASSED] - waitForElementPresent(findTestObject("Regression BackOffice/CLNK-23449/ClientMiddle"), 50): Object 'Object Repository/Regression BackOffice/CLNK-23449/ClientMiddle' is present

2019-08-01 15:40:03 - [MESSAGE][PASSED] - Object 'Object Repository/Regression BackOffice/CLNK-23449/ClientMiddle' is present

2019-08-01 15:40:03 - [TEST_STEP][PASSED] - setText(findTestObject("Regression BackOffice/CLNK-23449/ClientMiddle"), G_ClientMiddleName): Text 'M' is set on object 'Object Repository/Regression BackOffice/CLNK-23449/ClientMiddle'

2019-08-01 15:40:03 - [MESSAGE][PASSED] - Text 'M' is set on object 'Object Repository/Regression BackOffice/CLNK-23449/ClientMiddle'

2019-08-01 15:40:03 - [TEST_STEP][PASSED] - delay(2): Delayed 2 second(s)

2019-08-01 15:40:05 - [MESSAGE][PASSED] - Delayed 2 second(s)

2019-08-01 15:40:05 - [TEST_STEP][PASSED] - waitForElementPresent(findTestObject("Regression BackOffice/CLNK-23449/ClientLastName"), 50): Object 'Object Repository/Regression BackOffice/CLNK-23449/ClientLastName' is present

2019-08-01 15:40:05 - [MESSAGE][PASSED] - Object 'Object Repository/Regression BackOffice/CLNK-23449/ClientLastName' is present

2019-08-01 15:40:05 - [TEST_STEP][PASSED] - setText(findTestObject("Regression BackOffice/CLNK-23449/ClientLastName"), G_ClientLastName): Text 'Gege' is set on object 'Object Repository/Regression BackOffice/CLNK-23449/ClientLastName'

2019-08-01 15:40:05 - [MESSAGE][PASSED] - Text 'Gege' is set on object 'Object Repository/Regression BackOffice/CLNK-23449/ClientLastName'

2019-08-01 15:40:05 - [TEST_STEP][PASSED] - delay(2): Delayed 2 second(s)

2019-08-01 15:40:07 - [MESSAGE][PASSED] - Delayed 2 second(s)

2019-08-01 15:40:07 - [TEST_STEP][PASSED] - waitForElementPresent(findTestObject("Regression BackOffice/CLNK-23449/FollowUpCallBack"), 50): Object 'Object Repository/Regression BackOffice/CLNK-23449/FollowUpCallBack' is present

2019-08-01 15:40:08 - [MESSAGE][PASSED] - Object 'Object Repository/Regression BackOffice/CLNK-23449/FollowUpCallBack' is present

2019-08-01 15:40:08 - [TEST_STEP][PASSED] - setText(findTestObject("Regression BackOffice/CLNK-23449/FollowUpCallBack"), "3"): Text '3' is set on object 'Object Repository/Regression BackOffice/CLNK-23449/FollowUpCallBack'

2019-08-01 15:40:08 - [MESSAGE][PASSED] - Text '3' is set on object 'Object Repository/Regression BackOffice/CLNK-23449/FollowUpCallBack'

2019-08-01 15:40:08 - [TEST_STEP][PASSED] - delay(2): Delayed 2 second(s)

2019-08-01 15:40:10 - [MESSAGE][PASSED] - Delayed 2 second(s)

2019-08-01 15:40:10 - [TEST_STEP][PASSED] - waitForElementPresent(findTestObject("Regression BackOffice/CLNK-23449/PhysicianName"), 50): Object 'Object Repository/Regression BackOffice/CLNK-23449/PhysicianName' is present

2019-08-01 15:40:10 - [MESSAGE][PASSED] - Object 'Object Repository/Regression BackOffice/CLNK-23449/PhysicianName' is present

2019-08-01 15:40:10 - [TEST_STEP][PASSED] - click(findTestObject("Regression BackOffice/CLNK-23449/PhysicianName")): Object: 'Object Repository/Regression BackOffice/CLNK-23449/PhysicianName' is clicked on

2019-08-01 15:40:10 - [MESSAGE][PASSED] - Object: 'Object Repository/Regression BackOffice/CLNK-23449/PhysicianName' is clicked on

2019-08-01 15:40:10 - [TEST_STEP][PASSED] - delay(2): Delayed 2 second(s)

2019-08-01 15:40:12 - [MESSAGE][PASSED] - Delayed 2 second(s)

2019-08-01 15:40:12 - [TEST_STEP][PASSED] - setText(findTestObject("Regression BackOffice/CLNK-23449/PhysicianName"), G_PhisicanName): Text 'Abbott' is set on object 'Object Repository/Regression BackOffice/CLNK-23449/PhysicianName'

2019-08-01 15:40:12 - [MESSAGE][PASSED] - Text 'Abbott' is set on object 'Object Repository/Regression BackOffice/CLNK-23449/PhysicianName'

2019-08-01 15:40:12 - [TEST_STEP][PASSED] - delay(3): Delayed 3 second(s)

2019-08-01 15:40:15 - [MESSAGE][PASSED] - Delayed 3 second(s)

2019-08-01 15:40:15 - [TEST_STEP][PASSED] - waitForElementPresent(findTestObject("Regression BackOffice/CLNK-23449/li_Black Larry"), 50): Object 'Object Repository/Regression BackOffice/CLNK-23449/li_Black Larry' is present

2019-08-01 15:40:15 - [MESSAGE][PASSED] - Object 'Object Repository/Regression BackOffice/CLNK-23449/li_Black Larry' is present

2019-08-01 15:40:15 - [TEST_STEP][PASSED] - click(findTestObject("Regression BackOffice/CLNK-23449/li_Black Larry")): Object: 'Object Repository/Regression BackOffice/CLNK-23449/li_Black Larry' is clicked on

2019-08-01 15:40:15 - [MESSAGE][PASSED] - Object: 'Object Repository/Regression BackOffice/CLNK-23449/li_Black Larry' is clicked on

2019-08-01 15:40:15 - [TEST_STEP][PASSED] - delay(2): Delayed 2 second(s)

2019-08-01 15:40:17 - [MESSAGE][PASSED] - Delayed 2 second(s)

2019-08-01 15:40:17 - [TEST_STEP][PASSED] - waitForElementPresent(findTestObject("Regression BackOffice/CLNK-23449/SaveButton"), 50): Object 'Object Repository/Regression BackOffice/CLNK-23449/SaveButton' is present

2019-08-01 15:40:17 - [MESSAGE][PASSED] - Object 'Object Repository/Regression BackOffice/CLNK-23449/SaveButton' is present

2019-08-01 15:40:17 - [TEST_STEP][PASSED] - click(findTestObject("Regression BackOffice/CLNK-23449/SaveButton"), STOP_ON_FAILURE): Object: 'Object Repository/Regression BackOffice/CLNK-23449/SaveButton' is clicked on

2019-08-01 15:40:17 - [MESSAGE][PASSED] - Object: 'Object Repository/Regression BackOffice/CLNK-23449/SaveButton' is clicked on

2019-08-01 15:40:17 - [TEST_STEP][PASSED] - delay(2): Delayed 2 second(s)

2019-08-01 15:40:19 - [MESSAGE][PASSED] - Delayed 2 second(s)

2019-08-01 15:40:19 - [TEST_STEP][PASSED] - waitForElementPresent(findTestObject("Regression BackOffice/CLNK-23449/btnNext"), 50): Object 'Object Repository/Regression BackOffice/CLNK-23449/btnNext' is present

2019-08-01 15:40:19 - [MESSAGE][PASSED] - Object 'Object Repository/Regression BackOffice/CLNK-23449/btnNext' is present

2019-08-01 15:40:19 - [TEST_STEP][PASSED] - click(findTestObject("Regression BackOffice/CLNK-23449/btnNext"), STOP_ON_FAILURE): Object: 'Object Repository/Regression BackOffice/CLNK-23449/btnNext' is clicked on

2019-08-01 15:40:20 - [MESSAGE][PASSED] - Object: 'Object Repository/Regression BackOffice/CLNK-23449/btnNext' is clicked on

2019-08-01 15:40:20 - [TEST_STEP][PASSED] - delay(2): Delayed 2 second(s)

2019-08-01 15:40:22 - [MESSAGE][PASSED] - Delayed 2 second(s)

2019-08-01 15:40:22 - [TEST_STEP][PASSED] - setText(findTestObject("Regression BackOffice/CLNK-23449/Demographics/DOB"), "05/23/1970"): Text '05/23/1970' is set on object 'Object Repository/Regression BackOffice/CLNK-23449/Demographics/DOB'

2019-08-01 15:40:22 - [MESSAGE][PASSED] - Text '05/23/1970' is set on object 'Object Repository/Regression BackOffice/CLNK-23449/Demographics/DOB'

2019-08-01 15:40:22 - [TEST_STEP][PASSED] - delay(3): Delayed 3 second(s)

2019-08-01 15:40:25 - [MESSAGE][PASSED] - Delayed 3 second(s)

2019-08-01 15:40:25 - [TEST_STEP][PASSED] - setText(findTestObject("Regression BackOffice/CLNK-23449/Demographics/SSN1"), "436120560"): Text '436120560' is set on object 'Object Repository/Regression BackOffice/CLNK-23449/Demographics/SSN1'

2019-08-01 15:40:25 - [MESSAGE][PASSED] - Text '436120560' is set on object 'Object Repository/Regression BackOffice/CLNK-23449/Demographics/SSN1'

2019-08-01 15:40:25 - [TEST_STEP][PASSED] - delay(3): Delayed 3 second(s)

2019-08-01 15:40:28 - [MESSAGE][PASSED] - Delayed 3 second(s)

2019-08-01 15:40:28 - [TEST_STEP][PASSED] - setText(findTestObject("Regression BackOffice/CLNK-23449/Demographics/Medicare ID"), "123456789a"): Text '123456789a' is set on object 'Object Repository/Regression BackOffice/CLNK-23449/Demographics/Medicare ID'

2019-08-01 15:40:29 - [MESSAGE][PASSED] - Text '123456789a' is set on object 'Object Repository/Regression BackOffice/CLNK-23449/Demographics/Medicare ID'

2019-08-01 15:40:29 - [TEST_STEP][PASSED] - delay(3): Delayed 3 second(s)

2019-08-01 15:40:32 - [MESSAGE][PASSED] - Delayed 3 second(s)

2019-08-01 15:40:32 - [TEST_STEP][PASSED] - setText(findTestObject("Regression BackOffice/CLNK-23449/Demographics/Address"), "320 Interlocken Parkway"): Text '320 Interlocken Parkway' is set on object 'Object Repository/Regression BackOffice/CLNK-23449/Demographics/Address'

2019-08-01 15:40:32 - [MESSAGE][PASSED] - Text '320 Interlocken Parkway' is set on object 'Object Repository/Regression BackOffice/CLNK-23449/Demographics/Address'

2019-08-01 15:40:32 - [TEST_STEP][PASSED] - delay(3): Delayed 3 second(s)

2019-08-01 15:40:35 - [MESSAGE][PASSED] - Delayed 3 second(s)

2019-08-01 15:40:35 - [TEST_STEP][PASSED] - setText(findTestObject("Regression BackOffice/CLNK-23449/Demographics/City"), "Broomfield"): Text 'Broomfield' is set on object 'Object Repository/Regression BackOffice/CLNK-23449/Demographics/City'

2019-08-01 15:40:36 - [MESSAGE][PASSED] - Text 'Broomfield' is set on object 'Object Repository/Regression BackOffice/CLNK-23449/Demographics/City'

2019-08-01 15:40:36 - [TEST_STEP][PASSED] - delay(3): Delayed 3 second(s)

2019-08-01 15:40:39 - [MESSAGE][PASSED] - Delayed 3 second(s)

2019-08-01 15:40:39 - [TEST_STEP][PASSED] - setText(findTestObject("Regression BackOffice/CLNK-23449/Demographics/County"), "United States"): Text 'United States' is set on object 'Object Repository/Regression BackOffice/CLNK-23449/Demographics/County'

2019-08-01 15:40:39 - [MESSAGE][PASSED] - Text 'United States' is set on object 'Object Repository/Regression BackOffice/CLNK-23449/Demographics/County'

2019-08-01 15:40:39 - [TEST_STEP][PASSED] - delay(3): Delayed 3 second(s)

2019-08-01 15:40:42 - [MESSAGE][PASSED] - Delayed 3 second(s)

2019-08-01 15:40:42 - [TEST_STEP][PASSED] - click(findTestObject("Regression BackOffice/CLNK-23449/Demographics/State"), CONTINUE_ON_FAILURE): Object: 'Object Repository/Regression BackOffice/CLNK-23449/Demographics/State' is clicked on

2019-08-01 15:40:42 - [MESSAGE][PASSED] - Object: 'Object Repository/Regression BackOffice/CLNK-23449/Demographics/State' is clicked on

2019-08-01 15:40:42 - [TEST_STEP][PASSED] - sendKeys(findTestObject("Regression BackOffice/CLNK-23449/Demographics/State"), Keys.chord(ARROW_DOWN, ARROW_DOWN, ARROW_DOWN, ARROW_DOWN, ARROW_DOWN, ARROW_DOWN, ENTER)): Keys 'DOWN + DOWN + DOWN + DOWN + DOWN + DOWN + ENTER + ' sent to object: 'Object Repository/Regression BackOffice/CLNK-23449/Demographics/State'

2019-08-01 15:40:42 - [MESSAGE][PASSED] - Keys 'DOWN + DOWN + DOWN + DOWN + DOWN + DOWN + ENTER + ' sent to object: 'Object Repository/Regression BackOffice/CLNK-23449/Demographics/State'

2019-08-01 15:40:42 - [TEST_STEP][PASSED] - delay(3): Delayed 3 second(s)

2019-08-01 15:40:45 - [MESSAGE][PASSED] - Delayed 3 second(s)

2019-08-01 15:40:45 - [TEST_STEP][PASSED] - click(findTestObject("Regression BackOffice/CLNK-23449/Demographics/btnVerify"), CONTINUE_ON_FAILURE): Object: 'Object Repository/Regression BackOffice/CLNK-23449/Demographics/btnVerify' is clicked on

2019-08-01 15:40:45 - [MESSAGE][PASSED] - Object: 'Object Repository/Regression BackOffice/CLNK-23449/Demographics/btnVerify' is clicked on

2019-08-01 15:40:45 - [TEST_STEP][PASSED] - delay(3): Delayed 3 second(s)

2019-08-01 15:40:48 - [MESSAGE][PASSED] - Delayed 3 second(s)

2019-08-01 15:40:48 - [TEST_STEP][PASSED] - click(findTestObject("Regression BackOffice/CLNK-23449/Demographics/btnVerify"), CONTINUE_ON_FAILURE): Object: 'Object Repository/Regression BackOffice/CLNK-23449/Demographics/btnVerify' is clicked on

2019-08-01 15:40:48 - [MESSAGE][PASSED] - Object: 'Object Repository/Regression BackOffice/CLNK-23449/Demographics/btnVerify' is clicked on

2019-08-01 15:40:48 - [TEST_STEP][PASSED] - delay(3): Delayed 3 second(s)

2019-08-01 15:40:51 - [MESSAGE][PASSED] - Delayed 3 second(s)

2019-08-01 15:40:51 - [TEST_STEP][PASSED] - click(findTestObject("Regression BackOffice/CLNK-23449/Demographics/UseVerifyAddress"), CONTINUE_ON_FAILURE): Object: 'Object Repository/Regression BackOffice/CLNK-23449/Demographics/UseVerifyAddress' is clicked on

2019-08-01 15:40:51 - [MESSAGE][PASSED] - Object: 'Object Repository/Regression BackOffice/CLNK-23449/Demographics/UseVerifyAddress' is clicked on

2019-08-01 15:40:51 - [TEST_STEP][PASSED] - delay(3): Delayed 3 second(s)

2019-08-01 15:40:55 - [MESSAGE][PASSED] - Delayed 3 second(s)

2019-08-01 15:40:55 - [TEST_STEP][PASSED] - click(findTestObject("Regression BackOffice/CLNK-23449/Demographics/PhoneType"), CONTINUE_ON_FAILURE): Object: 'Object Repository/Regression BackOffice/CLNK-23449/Demographics/PhoneType' is clicked on

2019-08-01 15:40:55 - [MESSAGE][PASSED] - Object: 'Object Repository/Regression BackOffice/CLNK-23449/Demographics/PhoneType' is clicked on

2019-08-01 15:40:55 - [TEST_STEP][PASSED] - sendKeys(findTestObject("Regression BackOffice/CLNK-23449/Demographics/PhoneType"), Keys.chord(ARROW_DOWN, ENTER)): Keys 'DOWN + ENTER + ' sent to object: 'Object Repository/Regression BackOffice/CLNK-23449/Demographics/PhoneType'

2019-08-01 15:40:55 - [MESSAGE][PASSED] - Keys 'DOWN + ENTER + ' sent to object: 'Object Repository/Regression BackOffice/CLNK-23449/Demographics/PhoneType'

2019-08-01 15:40:55 - [TEST_STEP][PASSED] - delay(3): Delayed 3 second(s)

2019-08-01 15:40:58 - [MESSAGE][PASSED] - Delayed 3 second(s)

2019-08-01 15:40:58 - [TEST_STEP][PASSED] - setText(findTestObject("Regression BackOffice/CLNK-23449/Demographics/PhoneNumber"), "2345698789"): Text '2345698789' is set on object 'Object Repository/Regression BackOffice/CLNK-23449/Demographics/PhoneNumber'

2019-08-01 15:40:58 - [MESSAGE][PASSED] - Text '2345698789' is set on object 'Object Repository/Regression BackOffice/CLNK-23449/Demographics/PhoneNumber'

2019-08-01 15:40:58 - [TEST_STEP][PASSED] - delay(3): Delayed 3 second(s)

2019-08-01 15:41:01 - [MESSAGE][PASSED] - Delayed 3 second(s)

2019-08-01 15:41:01 - [TEST_STEP][PASSED] - click(findTestObject("Regression BackOffice/CLNK-23449/Demographics/Zone"), CONTINUE_ON_FAILURE): Object: 'Object Repository/Regression BackOffice/CLNK-23449/Demographics/Zone' is clicked on

2019-08-01 15:41:01 - [MESSAGE][PASSED] - Object: 'Object Repository/Regression BackOffice/CLNK-23449/Demographics/Zone' is clicked on

2019-08-01 15:41:01 - [TEST_STEP][PASSED] - sendKeys(findTestObject("Regression BackOffice/CLNK-23449/Demographics/Zone"), Keys.chord(ARROW_DOWN, ARROW_DOWN, ARROW_DOWN, ENTER)): Keys 'DOWN + DOWN + DOWN + ENTER + ' sent to object: 'Object Repository/Regression BackOffice/CLNK-23449/Demographics/Zone'

2019-08-01 15:41:01 - [MESSAGE][PASSED] - Keys 'DOWN + DOWN + DOWN + ENTER + ' sent to object: 'Object Repository/Regression BackOffice/CLNK-23449/Demographics/Zone'

2019-08-01 15:41:01 - [TEST_STEP][PASSED] - delay(3): Delayed 3 second(s)

2019-08-01 15:41:04 - [MESSAGE][PASSED] - Delayed 3 second(s)

2019-08-01 15:41:04 - [TEST_STEP][PASSED] - waitForElementPresent(findTestObject("Regression BackOffice/CLNK-23449/Demographics/ContactFName"), 50): Object 'Object Repository/Regression BackOffice/CLNK-23449/Demographics/ContactFName' is present

2019-08-01 15:41:04 - [MESSAGE][PASSED] - Object 'Object Repository/Regression BackOffice/CLNK-23449/Demographics/ContactFName' is present

2019-08-01 15:41:04 - [TEST_STEP][PASSED] - setText(findTestObject("Regression BackOffice/CLNK-23449/Demographics/ContactFName"), "Scott"): Text 'Scott' is set on object 'Object Repository/Regression BackOffice/CLNK-23449/Demographics/ContactFName'

2019-08-01 15:41:05 - [MESSAGE][PASSED] - Text 'Scott' is set on object 'Object Repository/Regression BackOffice/CLNK-23449/Demographics/ContactFName'

2019-08-01 15:41:05 - [TEST_STEP][PASSED] - delay(2): Delayed 2 second(s)

2019-08-01 15:41:07 - [MESSAGE][PASSED] - Delayed 2 second(s)

2019-08-01 15:41:07 - [TEST_STEP][PASSED] - waitForElementPresent(findTestObject("Regression BackOffice/CLNK-23449/Demographics/ContactLName"), 50): Object 'Object Repository/Regression BackOffice/CLNK-23449/Demographics/ContactLName' is present

2019-08-01 15:41:07 - [MESSAGE][PASSED] - Object 'Object Repository/Regression BackOffice/CLNK-23449/Demographics/ContactLName' is present

2019-08-01 15:41:07 - [TEST_STEP][PASSED] - setText(findTestObject("Regression BackOffice/CLNK-23449/Demographics/ContactLName"), "Ward"): Text 'Ward' is set on object 'Object Repository/Regression BackOffice/CLNK-23449/Demographics/ContactLName'

2019-08-01 15:41:07 - [MESSAGE][PASSED] - Text 'Ward' is set on object 'Object Repository/Regression BackOffice/CLNK-23449/Demographics/ContactLName'

2019-08-01 15:41:07 - [TEST_STEP][PASSED] - delay(2): Delayed 2 second(s)

2019-08-01 15:41:09 - [MESSAGE][PASSED] - Delayed 2 second(s)

2019-08-01 15:41:09 - [TEST_STEP][PASSED] - click(findTestObject("Regression BackOffice/CLNK-23449/Demographics/ContactType"), CONTINUE_ON_FAILURE): Object: 'Object Repository/Regression BackOffice/CLNK-23449/Demographics/ContactType' is clicked on

2019-08-01 15:41:09 - [MESSAGE][PASSED] - Object: 'Object Repository/Regression BackOffice/CLNK-23449/Demographics/ContactType' is clicked on

2019-08-01 15:41:09 - [TEST_STEP][PASSED] - sendKeys(findTestObject("Regression BackOffice/CLNK-23449/Demographics/ContactType"), Keys.chord(ARROW_DOWN, ARROW_DOWN, ARROW_DOWN, ARROW_DOWN, ARROW_DOWN, ARROW_DOWN, ENTER)): Keys 'DOWN + DOWN + DOWN + DOWN + DOWN + DOWN + ENTER + ' sent to object: 'Object Repository/Regression BackOffice/CLNK-23449/Demographics/ContactType'

2019-08-01 15:41:09 - [MESSAGE][PASSED] - Keys 'DOWN + DOWN + DOWN + DOWN + DOWN + DOWN + ENTER + ' sent to object: 'Object Repository/Regression BackOffice/CLNK-23449/Demographics/ContactType'

2019-08-01 15:41:09 - [TEST_STEP][PASSED] - delay(3): Delayed 3 second(s)

2019-08-01 15:41:12 - [MESSAGE][PASSED] - Delayed 3 second(s)

2019-08-01 15:41:12 - [TEST_STEP][PASSED] - click(findTestObject("Regression BackOffice/CLNK-23449/Demographics/Relationship"), CONTINUE_ON_FAILURE): Object: 'Object Repository/Regression BackOffice/CLNK-23449/Demographics/Relationship' is clicked on

2019-08-01 15:41:12 - [MESSAGE][PASSED] - Object: 'Object Repository/Regression BackOffice/CLNK-23449/Demographics/Relationship' is clicked on

2019-08-01 15:41:12 - [TEST_STEP][PASSED] - sendKeys(findTestObject("Regression BackOffice/CLNK-23449/Demographics/Relationship"), Keys.chord(ARROW_DOWN, ARROW_DOWN, ARROW_DOWN, ARROW_DOWN, ARROW_DOWN, ARROW_DOWN, ENTER)): Keys 'DOWN + DOWN + DOWN + DOWN + DOWN + DOWN + ENTER + ' sent to object: 'Object Repository/Regression BackOffice/CLNK-23449/Demographics/Relationship'

2019-08-01 15:41:12 - [MESSAGE][PASSED] - Keys 'DOWN + DOWN + DOWN + DOWN + DOWN + DOWN + ENTER + ' sent to object: 'Object Repository/Regression BackOffice/CLNK-23449/Demographics/Relationship'

2019-08-01 15:41:12 - [TEST_STEP][PASSED] - delay(3): Delayed 3 second(s)

2019-08-01 15:41:15 - [MESSAGE][PASSED] - Delayed 3 second(s)

2019-08-01 15:41:15 - [TEST_STEP][PASSED] - click(findTestObject("Regression BackOffice/CLNK-23449/Demographics/PhoneTypeContact"), CONTINUE_ON_FAILURE): Object: 'Object Repository/Regression BackOffice/CLNK-23449/Demographics/PhoneTypeContact' is clicked on

2019-08-01 15:41:15 - [MESSAGE][PASSED] - Object: 'Object Repository/Regression BackOffice/CLNK-23449/Demographics/PhoneTypeContact' is clicked on

2019-08-01 15:41:15 - [TEST_STEP][PASSED] - sendKeys(findTestObject("Regression BackOffice/CLNK-23449/Demographics/PhoneTypeContact"), Keys.chord(ARROW_DOWN, ENTER)): Keys 'DOWN + ENTER + ' sent to object: 'Object Repository/Regression BackOffice/CLNK-23449/Demographics/PhoneTypeContact'

2019-08-01 15:41:15 - [MESSAGE][PASSED] - Keys 'DOWN + ENTER + ' sent to object: 'Object Repository/Regression BackOffice/CLNK-23449/Demographics/PhoneTypeContact'

2019-08-01 15:41:15 - [TEST_STEP][PASSED] - delay(3): Delayed 3 second(s)

2019-08-01 15:41:18 - [MESSAGE][PASSED] - Delayed 3 second(s)

2019-08-01 15:41:18 - [TEST_STEP][PASSED] - setText(findTestObject("Regression BackOffice/CLNK-23449/Demographics/ContactPhone"), "2345698789"): Text '2345698789' is set on object 'Object Repository/Regression BackOffice/CLNK-23449/Demographics/ContactPhone'

2019-08-01 15:41:19 - [MESSAGE][PASSED] - Text '2345698789' is set on object 'Object Repository/Regression BackOffice/CLNK-23449/Demographics/ContactPhone'

2019-08-01 15:41:19 - [TEST_STEP][PASSED] - delay(3): Delayed 3 second(s)

2019-08-01 15:41:22 - [MESSAGE][PASSED] - Delayed 3 second(s)

2019-08-01 15:41:22 - [TEST_STEP][PASSED] - click(findTestObject("Regression BackOffice/CLNK-23449/Demographics/EpisodeType"), CONTINUE_ON_FAILURE): Object: 'Object Repository/Regression BackOffice/CLNK-23449/Demographics/EpisodeType' is clicked on

2019-08-01 15:41:22 - [MESSAGE][PASSED] - Object: 'Object Repository/Regression BackOffice/CLNK-23449/Demographics/EpisodeType' is clicked on

2019-08-01 15:41:22 - [TEST_STEP][PASSED] - sendKeys(findTestObject("Regression BackOffice/CLNK-23449/Demographics/EpisodeType"), Keys.chord(ARROW_DOWN, ARROW_DOWN, ARROW_DOWN, ARROW_DOWN, ARROW_DOWN, ARROW_DOWN, ENTER)): Keys 'DOWN + DOWN + DOWN + DOWN + DOWN + DOWN + ENTER + ' sent to object: 'Object Repository/Regression BackOffice/CLNK-23449/Demographics/EpisodeType'

2019-08-01 15:41:22 - [MESSAGE][PASSED] - Keys 'DOWN + DOWN + DOWN + DOWN + DOWN + DOWN + ENTER + ' sent to object: 'Object Repository/Regression BackOffice/CLNK-23449/Demographics/EpisodeType'

2019-08-01 15:41:22 - [TEST_STEP][PASSED] - delay(3): Delayed 3 second(s)

2019-08-01 15:41:25 - [MESSAGE][PASSED] - Delayed 3 second(s)

2019-08-01 15:41:25 - [TEST_STEP][PASSED] - click(findTestObject("Regression BackOffice/CLNK-23449/Demographics/PlaceOfServices"), CONTINUE_ON_FAILURE): Object: 'Object Repository/Regression BackOffice/CLNK-23449/Demographics/PlaceOfServices' is clicked on

2019-08-01 15:41:25 - [MESSAGE][PASSED] - Object: 'Object Repository/Regression BackOffice/CLNK-23449/Demographics/PlaceOfServices' is clicked on

2019-08-01 15:41:25 - [TEST_STEP][PASSED] - sendKeys(findTestObject("Regression BackOffice/CLNK-23449/Demographics/PlaceOfServices"), Keys.chord(ARROW_DOWN, ARROW_DOWN, ARROW_DOWN, ARROW_DOWN, ARROW_DOWN, ARROW_DOWN, ENTER)): Keys 'DOWN + DOWN + DOWN + DOWN + DOWN + DOWN + ENTER + ' sent to object: 'Object Repository/Regression BackOffice/CLNK-23449/Demographics/PlaceOfServices'

2019-08-01 15:41:25 - [MESSAGE][PASSED] - Keys 'DOWN + DOWN + DOWN + DOWN + DOWN + DOWN + ENTER + ' sent to object: 'Object Repository/Regression BackOffice/CLNK-23449/Demographics/PlaceOfServices'

2019-08-01 15:41:25 - [TEST_STEP][PASSED] - delay(3): Delayed 3 second(s)

2019-08-01 15:41:28 - [MESSAGE][PASSED] - Delayed 3 second(s)

2019-08-01 15:41:28 - [TEST_STEP][PASSED] - click(findTestObject("Regression BackOffice/CLNK-23449/Demographics/ClientStatus"), CONTINUE_ON_FAILURE): Object: 'Object Repository/Regression BackOffice/CLNK-23449/Demographics/ClientStatus' is clicked on

2019-08-01 15:41:28 - [MESSAGE][PASSED] - Object: 'Object Repository/Regression BackOffice/CLNK-23449/Demographics/ClientStatus' is clicked on

2019-08-01 15:41:28 - [TEST_STEP][PASSED] - sendKeys(findTestObject("Regression BackOffice/CLNK-23449/Demographics/ClientStatus"), Keys.chord(ARROW_DOWN, ENTER)): Keys 'DOWN + ENTER + ' sent to object: 'Object Repository/Regression BackOffice/CLNK-23449/Demographics/ClientStatus'

2019-08-01 15:41:28 - [MESSAGE][PASSED] - Keys 'DOWN + ENTER + ' sent to object: 'Object Repository/Regression BackOffice/CLNK-23449/Demographics/ClientStatus'

2019-08-01 15:41:28 - [TEST_STEP][PASSED] - delay(3): Delayed 3 second(s)

2019-08-01 15:41:31 - [MESSAGE][PASSED] - Delayed 3 second(s)

2019-08-01 15:41:31 - [TEST_STEP][PASSED] - waitForElementPresent(findTestObject("Regression BackOffice/CLNK-23449/Demographics/btnSaveDemo"), 50): Object 'Object Repository/Regression BackOffice/CLNK-23449/Demographics/btnSaveDemo' is present

2019-08-01 15:41:32 - [MESSAGE][PASSED] - Object 'Object Repository/Regression BackOffice/CLNK-23449/Demographics/btnSaveDemo' is present

2019-08-01 15:41:32 - [TEST_STEP][PASSED] - click(findTestObject("Regression BackOffice/CLNK-23449/Demographics/btnSaveDemo"), STOP_ON_FAILURE): Object: 'Object Repository/Regression BackOffice/CLNK-23449/Demographics/btnSaveDemo' is clicked on

2019-08-01 15:41:32 - [MESSAGE][PASSED] - Object: 'Object Repository/Regression BackOffice/CLNK-23449/Demographics/btnSaveDemo' is clicked on

2019-08-01 15:41:32 - [TEST_STEP][PASSED] - delay(2): Delayed 2 second(s)

2019-08-01 15:41:34 - [MESSAGE][PASSED] - Delayed 2 second(s)

2019-08-01 15:41:34 - [TEST_STEP][PASSED] - waitForElementPresent(findTestObject("Regression BackOffice/CLNK-23449/Demographics/btnNextDemo"), 50): Object 'Object Repository/Regression BackOffice/CLNK-23449/Demographics/btnNextDemo' is present

2019-08-01 15:41:34 - [MESSAGE][PASSED] - Object 'Object Repository/Regression BackOffice/CLNK-23449/Demographics/btnNextDemo' is present

2019-08-01 15:41:34 - [TEST_STEP][PASSED] - click(findTestObject("Regression BackOffice/CLNK-23449/Demographics/btnNextDemo"), STOP_ON_FAILURE): Object: 'Object Repository/Regression BackOffice/CLNK-23449/Demographics/btnNextDemo' is clicked on

2019-08-01 15:41:34 - [MESSAGE][PASSED] - Object: 'Object Repository/Regression BackOffice/CLNK-23449/Demographics/btnNextDemo' is clicked on

2019-08-01 15:41:34 - [TEST_STEP][PASSED] - delay(2): Delayed 2 second(s)

2019-08-01 15:41:36 - [MESSAGE][PASSED] - Delayed 2 second(s)

2019-08-01 15:41:36 - [TEST_STEP][PASSED] - waitForElementPresent(findTestObject("Regression BackOffice/CLINK-23451/PayerList"), 50): Object 'Object Repository/Regression BackOffice/CLINK-23451/PayerList' is present

2019-08-01 15:41:36 - [MESSAGE][PASSED] - Object 'Object Repository/Regression BackOffice/CLINK-23451/PayerList' is present

2019-08-01 15:41:36 - [TEST_STEP][PASSED] - click(findTestObject("Regression BackOffice/CLINK-23451/PayerList"), STOP_ON_FAILURE): Object: 'Object Repository/Regression BackOffice/CLINK-23451/PayerList' is clicked on

2019-08-01 15:41:36 - [MESSAGE][PASSED] - Object: 'Object Repository/Regression BackOffice/CLINK-23451/PayerList' is clicked on

2019-08-01 15:41:36 - [TEST_STEP][PASSED] - sendKeys(findTestObject("Regression BackOffice/CLINK-23451/PayerList"), Keys.chord(ARROW_DOWN, ENTER)): Keys 'DOWN + ENTER + ' sent to object: 'Object Repository/Regression BackOffice/CLINK-23451/PayerList'

2019-08-01 15:41:36 - [MESSAGE][PASSED] - Keys 'DOWN + ENTER + ' sent to object: 'Object Repository/Regression BackOffice/CLINK-23451/PayerList'

2019-08-01 15:41:36 - [TEST_STEP][PASSED] - delay(2): Delayed 2 second(s)

2019-08-01 15:41:38 - [MESSAGE][PASSED] - Delayed 2 second(s)

2019-08-01 15:41:38 - [TEST_STEP][PASSED] - waitForElementPresent(findTestObject("Regression BackOffice/CLINK-23451/PlanList"), 50): Object 'Object Repository/Regression BackOffice/CLINK-23451/PlanList' is present

2019-08-01 15:41:38 - [MESSAGE][PASSED] - Object 'Object Repository/Regression BackOffice/CLINK-23451/PlanList' is present

2019-08-01 15:41:38 - [TEST_STEP][PASSED] - click(findTestObject("Regression BackOffice/CLINK-23451/PlanList"), STOP_ON_FAILURE): Object: 'Object Repository/Regression BackOffice/CLINK-23451/PlanList' is clicked on

2019-08-01 15:41:38 - [MESSAGE][PASSED] - Object: 'Object Repository/Regression BackOffice/CLINK-23451/PlanList' is clicked on

2019-08-01 15:41:38 - [TEST_STEP][PASSED] - sendKeys(findTestObject("Regression BackOffice/CLINK-23451/PlanList"), Keys.chord(ARROW_DOWN, ENTER)): Keys 'DOWN + ENTER + ' sent to object: 'Object Repository/Regression BackOffice/CLINK-23451/PlanList'

2019-08-01 15:41:38 - [MESSAGE][PASSED] - Keys 'DOWN + ENTER + ' sent to object: 'Object Repository/Regression BackOffice/CLINK-23451/PlanList'

2019-08-01 15:41:38 - [TEST_STEP][PASSED] - delay(2): Delayed 2 second(s)

2019-08-01 15:41:40 - [MESSAGE][PASSED] - Delayed 2 second(s)

2019-08-01 15:41:40 - [TEST_STEP][PASSED] - waitForElementPresent(findTestObject("Regression BackOffice/CLINK-23451/GroupList"), 50): Object 'Object Repository/Regression BackOffice/CLINK-23451/GroupList' is present

2019-08-01 15:41:40 - [MESSAGE][PASSED] - Object 'Object Repository/Regression BackOffice/CLINK-23451/GroupList' is present

2019-08-01 15:41:40 - [TEST_STEP][PASSED] - click(findTestObject("Regression BackOffice/CLINK-23451/GroupList"), STOP_ON_FAILURE): Object: 'Object Repository/Regression BackOffice/CLINK-23451/GroupList' is clicked on

2019-08-01 15:41:40 - [MESSAGE][PASSED] - Object: 'Object Repository/Regression BackOffice/CLINK-23451/GroupList' is clicked on

2019-08-01 15:41:40 - [TEST_STEP][PASSED] - sendKeys(findTestObject("Regression BackOffice/CLINK-23451/GroupList"), Keys.chord(ARROW_DOWN, ENTER)): Keys 'DOWN + ENTER + ' sent to object: 'Object Repository/Regression BackOffice/CLINK-23451/GroupList'

2019-08-01 15:41:41 - [MESSAGE][PASSED] - Keys 'DOWN + ENTER + ' sent to object: 'Object Repository/Regression BackOffice/CLINK-23451/GroupList'

2019-08-01 15:41:41 - [TEST_STEP][PASSED] - delay(2): Delayed 2 second(s)

2019-08-01 15:41:43 - [MESSAGE][PASSED] - Delayed 2 second(s)

2019-08-01 15:41:43 - [TEST_STEP][PASSED] - waitForElementPresent(findTestObject("Regression BackOffice/CLINK-23451/MedicareAdminList"), 50): Object 'Object Repository/Regression BackOffice/CLINK-23451/MedicareAdminList' is present

2019-08-01 15:41:43 - [MESSAGE][PASSED] - Object 'Object Repository/Regression BackOffice/CLINK-23451/MedicareAdminList' is present

2019-08-01 15:41:43 - [TEST_STEP][PASSED] - click(findTestObject("Regression BackOffice/CLINK-23451/MedicareAdminList"), STOP_ON_FAILURE): Object: 'Object Repository/Regression BackOffice/CLINK-23451/MedicareAdminList' is clicked on

2019-08-01 15:41:43 - [MESSAGE][PASSED] - Object: 'Object Repository/Regression BackOffice/CLINK-23451/MedicareAdminList' is clicked on

2019-08-01 15:41:43 - [TEST_STEP][PASSED] - sendKeys(findTestObject("Regression BackOffice/CLINK-23451/MedicareAdminList"), Keys.chord(ARROW_DOWN, ARROW_DOWN, ARROW_DOWN, ENTER)): Keys 'DOWN + DOWN + DOWN + ENTER + ' sent to object: 'Object Repository/Regression BackOffice/CLINK-23451/MedicareAdminList'

2019-08-01 15:41:43 - [MESSAGE][PASSED] - Keys 'DOWN + DOWN + DOWN + ENTER + ' sent to object: 'Object Repository/Regression BackOffice/CLINK-23451/MedicareAdminList'

2019-08-01 15:41:43 - [TEST_STEP][PASSED] - delay(2): Delayed 2 second(s)

2019-08-01 15:41:45 - [MESSAGE][PASSED] - Delayed 2 second(s)

2019-08-01 15:41:45 - [TEST_STEP][PASSED] - waitForElementPresent(findTestObject("Regression BackOffice/CLINK-23451/btnSavePayer"), 50): Object 'Object Repository/Regression BackOffice/CLINK-23451/btnSavePayer' is present

2019-08-01 15:41:45 - [MESSAGE][PASSED] - Object 'Object Repository/Regression BackOffice/CLINK-23451/btnSavePayer' is present

2019-08-01 15:41:45 - [TEST_STEP][PASSED] - click(findTestObject("Regression BackOffice/CLINK-23451/btnSavePayer"), STOP_ON_FAILURE): Object: 'Object Repository/Regression BackOffice/CLINK-23451/btnSavePayer' is clicked on

2019-08-01 15:41:45 - [MESSAGE][PASSED] - Object: 'Object Repository/Regression BackOffice/CLINK-23451/btnSavePayer' is clicked on

2019-08-01 15:41:45 - [TEST_STEP][PASSED] - delay(2): Delayed 2 second(s)

2019-08-01 15:41:47 - [MESSAGE][PASSED] - Delayed 2 second(s)

2019-08-01 15:41:47 - [TEST_STEP][PASSED] - waitForElementPresent(findTestObject("Regression BackOffice/CLNK-23449/btnNextPayer"), 50): Object 'Object Repository/Regression BackOffice/CLNK-23449/btnNextPayer' is present

2019-08-01 15:41:47 - [MESSAGE][PASSED] - Object 'Object Repository/Regression BackOffice/CLNK-23449/btnNextPayer' is present

2019-08-01 15:41:47 - [TEST_STEP][PASSED] - click(findTestObject("Regression BackOffice/CLNK-23449/btnNextPayer"), STOP_ON_FAILURE): Object: 'Object Repository/Regression BackOffice/CLNK-23449/btnNextPayer' is clicked on

2019-08-01 15:41:47 - [MESSAGE][PASSED] - Object: 'Object Repository/Regression BackOffice/CLNK-23449/btnNextPayer' is clicked on

2019-08-01 15:41:47 - [TEST_STEP][PASSED] - delay(2): Delayed 2 second(s)

2019-08-01 15:41:49 - [MESSAGE][PASSED] - Delayed 2 second(s)

2019-08-01 15:41:49 - [TEST_STEP][PASSED] - closeBrowser(): Browser is closed

2019-08-01 15:41:50 - [MESSAGE][PASSED] - Browser is closed]]></system-out>
         <system-err><![CDATA[]]></system-err>
      </testcase>
      <testcase name="Test Cases/Regression BackOffice (All Browsers)/CLNK-23450 - Back office Quick Intake Wizard Demographics" classname="Test Cases/Regression BackOffice (All Browsers)/CLNK-23450 - Back office Quick Intake Wizard Demographics" status="PASSED">
         <system-out><![CDATA[2019-08-01 15:41:52 - [TEST_CASE][PASSED] - Test Cases/Regression BackOffice (All Browsers)/CLNK-23450 - Back office Quick Intake Wizard Demographics: Test Cases/Regression BackOffice (All Browsers)/CLNK-23450 - Back office Quick Intake Wizard Demographics

2019-08-01 15:41:52 - [TEST_STEP][PASSED] - callTestCase(findTestCase("Regression BackOffice (All Browsers)/CLNK-23439 - Clink - Back office Client"), [:], STOP_ON_FAILURE): Call Test Case 'Test Cases/Regression BackOffice (All Browsers)/CLNK-23439 - Clink - Back office Client' successfully

2019-08-01 15:41:52 - [TEST_CASE][PASSED] - Test Cases/Regression BackOffice (All Browsers)/CLNK-23439 - Clink - Back office Client: Test Cases/Regression BackOffice (All Browsers)/CLNK-23439 - Clink - Back office Client

2019-08-01 15:41:52 - [TEST_STEP][PASSED] - openBrowser(G_SiteBackOffice): Browser is opened with url: 'http://qanewpoc.continulink.com:81/backoffice/Login.aspx'

2019-08-01 15:41:52 - [MESSAGE][INFO] - Starting 'Chrome' driver

2019-08-01 15:42:00 - [MESSAGE][PASSED] - Browser is opened with url: 'http://qanewpoc.continulink.com:81/backoffice/Login.aspx'

2019-08-01 15:42:00 - [TEST_STEP][PASSED] - waitForPageLoad(60): Wait for page load successfully

2019-08-01 15:42:00 - [MESSAGE][PASSED] - Wait for page load successfully

2019-08-01 15:42:00 - [TEST_STEP][PASSED] - maximizeWindow(): Current window maximized

2019-08-01 15:42:04 - [MESSAGE][PASSED] - Current window maximized

2019-08-01 15:42:04 - [TEST_STEP][PASSED] - setText(findTestObject("Regression BackOffice/Login/UserBackOffice"), G_UserBackOffice): Text 'automation_admin' is set on object 'Object Repository/Regression BackOffice/Login/UserBackOffice'

2019-08-01 15:42:04 - [MESSAGE][PASSED] - Text 'automation_admin' is set on object 'Object Repository/Regression BackOffice/Login/UserBackOffice'

2019-08-01 15:42:04 - [TEST_STEP][PASSED] - setText(findTestObject("Regression BackOffice/Login/PasswordBackOffice"), G_PasswordBackOffice): Text 'qwerty' is set on object 'Object Repository/Regression BackOffice/Login/PasswordBackOffice'

2019-08-01 15:42:04 - [MESSAGE][PASSED] - Text 'qwerty' is set on object 'Object Repository/Regression BackOffice/Login/PasswordBackOffice'

2019-08-01 15:42:04 - [TEST_STEP][PASSED] - click(findTestObject("Regression BackOffice/Login/LoginBackOffice")): Object: 'Object Repository/Regression BackOffice/Login/LoginBackOffice' is clicked on

2019-08-01 15:42:09 - [MESSAGE][PASSED] - Object: 'Object Repository/Regression BackOffice/Login/LoginBackOffice' is clicked on

2019-08-01 15:42:09 - [TEST_STEP][PASSED] - waitForPageLoad(60): Wait for page load successfully

2019-08-01 15:42:09 - [MESSAGE][PASSED] - Wait for page load successfully

2019-08-01 15:42:09 - [TEST_STEP][PASSED] - delay(3): Delayed 3 second(s)

2019-08-01 15:42:12 - [MESSAGE][PASSED] - Delayed 3 second(s)

2019-08-01 15:42:12 - [TEST_STEP][PASSED] - switchToFrame(findTestObject("Regression BackOffice/CLNK-23449/FrameLeft"), 5): null

2019-08-01 15:42:12 - [TEST_STEP][PASSED] - waitForElementPresent(findTestObject("Regression BackOffice/CLNK-23449/ClienIntakeICon"), 60): Object 'Object Repository/Regression BackOffice/CLNK-23449/ClienIntakeICon' is present

2019-08-01 15:42:12 - [MESSAGE][PASSED] - Object 'Object Repository/Regression BackOffice/CLNK-23449/ClienIntakeICon' is present

2019-08-01 15:42:12 - [TEST_STEP][PASSED] - verifyElementPresent(findTestObject("Regression BackOffice/CLNK-23449/ClienIntakeICon"), 100): Object 'Object Repository/Regression BackOffice/CLNK-23449/ClienIntakeICon' is present

2019-08-01 15:42:12 - [MESSAGE][PASSED] - Object 'Object Repository/Regression BackOffice/CLNK-23449/ClienIntakeICon' is present

2019-08-01 15:42:12 - [TEST_STEP][PASSED] - switchToDefaultContent(): null

2019-08-01 15:42:12 - [MESSAGE][PASSED] - Call Test Case 'Test Cases/Regression BackOffice (All Browsers)/CLNK-23439 - Clink - Back office Client' successfully

2019-08-01 15:42:12 - [TEST_STEP][PASSED] - waitForPageLoad(60): Wait for page load successfully

2019-08-01 15:42:12 - [MESSAGE][PASSED] - Wait for page load successfully

2019-08-01 15:42:12 - [TEST_STEP][PASSED] - delay(3): Delayed 3 second(s)

2019-08-01 15:42:15 - [MESSAGE][PASSED] - Delayed 3 second(s)

2019-08-01 15:42:15 - [TEST_STEP][PASSED] - switchToFrame(findTestObject("Regression BackOffice/CLNK-23449/FrameLeft"), 30): null

2019-08-01 15:42:15 - [TEST_STEP][PASSED] - waitForElementPresent(findTestObject("Regression BackOffice/CLINK-23450/ClientIntakeLink"), 100): Object 'Object Repository/Regression BackOffice/CLINK-23450/ClientIntakeLink' is present

2019-08-01 15:42:15 - [MESSAGE][PASSED] - Object 'Object Repository/Regression BackOffice/CLINK-23450/ClientIntakeLink' is present

2019-08-01 15:42:15 - [TEST_STEP][PASSED] - click(findTestObject("Regression BackOffice/CLINK-23450/ClientIntakeLink")): Object: 'Object Repository/Regression BackOffice/CLINK-23450/ClientIntakeLink' is clicked on

2019-08-01 15:42:16 - [MESSAGE][PASSED] - Object: 'Object Repository/Regression BackOffice/CLINK-23450/ClientIntakeLink' is clicked on

2019-08-01 15:42:16 - [TEST_STEP][PASSED] - delay(2): Delayed 2 second(s)

2019-08-01 15:42:18 - [MESSAGE][PASSED] - Delayed 2 second(s)

2019-08-01 15:42:18 - [TEST_STEP][PASSED] - waitForPageLoad(50): Wait for page load successfully

2019-08-01 15:42:18 - [MESSAGE][PASSED] - Wait for page load successfully

2019-08-01 15:42:18 - [TEST_STEP][PASSED] - waitForElementPresent(findTestObject("Regression BackOffice/CLINK-23450/Client Demographics"), 50): Object 'Object Repository/Regression BackOffice/CLINK-23450/Client Demographics' is present

2019-08-01 15:42:18 - [MESSAGE][PASSED] - Object 'Object Repository/Regression BackOffice/CLINK-23450/Client Demographics' is present

2019-08-01 15:42:18 - [TEST_STEP][PASSED] - click(findTestObject("Regression BackOffice/CLINK-23450/Client Demographics")): Object: 'Object Repository/Regression BackOffice/CLINK-23450/Client Demographics' is clicked on

2019-08-01 15:42:19 - [MESSAGE][PASSED] - Object: 'Object Repository/Regression BackOffice/CLINK-23450/Client Demographics' is clicked on

2019-08-01 15:42:19 - [TEST_STEP][PASSED] - delay(2): Delayed 2 second(s)

2019-08-01 15:42:21 - [MESSAGE][PASSED] - Delayed 2 second(s)

2019-08-01 15:42:21 - [TEST_STEP][PASSED] - switchToDefaultContent(): null

2019-08-01 15:42:21 - [TEST_STEP][PASSED] - switchToFrame(findTestObject("Regression BackOffice/CLNK-23449/FrameMain"), 30): null

2019-08-01 15:42:21 - [TEST_STEP][PASSED] - waitForElementPresent(findTestObject("Regression BackOffice/CLNK-10235/FirstNameSearch"), 50): Object 'Object Repository/Regression BackOffice/CLNK-10235/FirstNameSearch' is present

2019-08-01 15:42:21 - [MESSAGE][PASSED] - Object 'Object Repository/Regression BackOffice/CLNK-10235/FirstNameSearch' is present

2019-08-01 15:42:21 - [TEST_STEP][PASSED] - setText(findTestObject("Regression BackOffice/CLNK-10235/FirstNameSearch"), G_ClientFirstName): Text 'Gerardo' is set on object 'Object Repository/Regression BackOffice/CLNK-10235/FirstNameSearch'

2019-08-01 15:42:21 - [MESSAGE][PASSED] - Text 'Gerardo' is set on object 'Object Repository/Regression BackOffice/CLNK-10235/FirstNameSearch'

2019-08-01 15:42:21 - [TEST_STEP][PASSED] - delay(2): Delayed 2 second(s)

2019-08-01 15:42:23 - [MESSAGE][PASSED] - Delayed 2 second(s)

2019-08-01 15:42:23 - [TEST_STEP][PASSED] - waitForElementPresent(findTestObject("Regression BackOffice/CLINK-23450/LastNameDemo"), 50): Object 'Object Repository/Regression BackOffice/CLINK-23450/LastNameDemo' is present

2019-08-01 15:42:23 - [MESSAGE][PASSED] - Object 'Object Repository/Regression BackOffice/CLINK-23450/LastNameDemo' is present

2019-08-01 15:42:23 - [TEST_STEP][PASSED] - setText(findTestObject("Regression BackOffice/CLINK-23450/LastNameDemo"), G_ClientLastName): Text 'Gege' is set on object 'Object Repository/Regression BackOffice/CLINK-23450/LastNameDemo'

2019-08-01 15:42:23 - [MESSAGE][PASSED] - Text 'Gege' is set on object 'Object Repository/Regression BackOffice/CLINK-23450/LastNameDemo'

2019-08-01 15:42:23 - [TEST_STEP][PASSED] - delay(2): Delayed 2 second(s)

2019-08-01 15:42:25 - [MESSAGE][PASSED] - Delayed 2 second(s)

2019-08-01 15:42:25 - [TEST_STEP][PASSED] - waitForElementPresent(findTestObject("Regression BackOffice/CLINK-23450/btnSearch"), 50): Object 'Object Repository/Regression BackOffice/CLINK-23450/btnSearch' is present

2019-08-01 15:42:25 - [MESSAGE][PASSED] - Object 'Object Repository/Regression BackOffice/CLINK-23450/btnSearch' is present

2019-08-01 15:42:25 - [TEST_STEP][PASSED] - click(findTestObject("Regression BackOffice/CLINK-23450/btnSearch"), STOP_ON_FAILURE): Object: 'Object Repository/Regression BackOffice/CLINK-23450/btnSearch' is clicked on

2019-08-01 15:42:26 - [MESSAGE][PASSED] - Object: 'Object Repository/Regression BackOffice/CLINK-23450/btnSearch' is clicked on

2019-08-01 15:42:26 - [TEST_STEP][PASSED] - delay(2): Delayed 2 second(s)

2019-08-01 15:42:28 - [MESSAGE][PASSED] - Delayed 2 second(s)

2019-08-01 15:42:28 - [TEST_STEP][PASSED] - waitForElementPresent(findTestObject("Regression BackOffice/CLINK-23450/ClientLinkDemo"), 50): Object 'Object Repository/Regression BackOffice/CLINK-23450/ClientLinkDemo' is present

2019-08-01 15:42:28 - [MESSAGE][PASSED] - Object 'Object Repository/Regression BackOffice/CLINK-23450/ClientLinkDemo' is present

2019-08-01 15:42:28 - [TEST_STEP][PASSED] - click(findTestObject("Regression BackOffice/CLINK-23450/ClientLinkDemo"), STOP_ON_FAILURE): Object: 'Object Repository/Regression BackOffice/CLINK-23450/ClientLinkDemo' is clicked on

2019-08-01 15:42:30 - [MESSAGE][PASSED] - Object: 'Object Repository/Regression BackOffice/CLINK-23450/ClientLinkDemo' is clicked on

2019-08-01 15:42:30 - [TEST_STEP][PASSED] - delay(2): Delayed 2 second(s)

2019-08-01 15:42:32 - [MESSAGE][PASSED] - Delayed 2 second(s)

2019-08-01 15:42:32 - [TEST_STEP][PASSED] - waitForElementPresent(findTestObject("Regression BackOffice/CLINK-23450/ClientNotes"), 50): Object 'Object Repository/Regression BackOffice/CLINK-23450/ClientNotes' is present

2019-08-01 15:42:32 - [MESSAGE][PASSED] - Object 'Object Repository/Regression BackOffice/CLINK-23450/ClientNotes' is present

2019-08-01 15:42:32 - [TEST_STEP][PASSED] - setText(findTestObject("Regression BackOffice/CLINK-23450/ClientNotes"), "Client Notes"): Text 'Client Notes' is set on object 'Object Repository/Regression BackOffice/CLINK-23450/ClientNotes'

2019-08-01 15:42:32 - [MESSAGE][PASSED] - Text 'Client Notes' is set on object 'Object Repository/Regression BackOffice/CLINK-23450/ClientNotes'

2019-08-01 15:42:32 - [TEST_STEP][PASSED] - delay(2): Delayed 2 second(s)

2019-08-01 15:42:34 - [MESSAGE][PASSED] - Delayed 2 second(s)

2019-08-01 15:42:34 - [TEST_STEP][PASSED] - waitForElementPresent(findTestObject("Regression BackOffice/CLINK-23450/Email"), 50): Object 'Object Repository/Regression BackOffice/CLINK-23450/Email' is present

2019-08-01 15:42:34 - [MESSAGE][PASSED] - Object 'Object Repository/Regression BackOffice/CLINK-23450/Email' is present

2019-08-01 15:42:34 - [TEST_STEP][PASSED] - setText(findTestObject("Regression BackOffice/CLINK-23450/Email"), "isaac.malamud@gmail.com"): Text 'isaac.malamud@gmail.com' is set on object 'Object Repository/Regression BackOffice/CLINK-23450/Email'

2019-08-01 15:42:35 - [MESSAGE][PASSED] - Text 'isaac.malamud@gmail.com' is set on object 'Object Repository/Regression BackOffice/CLINK-23450/Email'

2019-08-01 15:42:35 - [TEST_STEP][PASSED] - delay(2): Delayed 2 second(s)

2019-08-01 15:42:37 - [MESSAGE][PASSED] - Delayed 2 second(s)

2019-08-01 15:42:37 - [TEST_STEP][PASSED] - waitForElementPresent(findTestObject("Regression BackOffice/CLINK-23450/MiddleName"), 50): Object 'Object Repository/Regression BackOffice/CLINK-23450/MiddleName' is present

2019-08-01 15:42:37 - [MESSAGE][PASSED] - Object 'Object Repository/Regression BackOffice/CLINK-23450/MiddleName' is present

2019-08-01 15:42:37 - [TEST_STEP][PASSED] - setText(findTestObject("Regression BackOffice/CLINK-23450/MiddleName"), "M"): Text 'M' is set on object 'Object Repository/Regression BackOffice/CLINK-23450/MiddleName'

2019-08-01 15:42:37 - [MESSAGE][PASSED] - Text 'M' is set on object 'Object Repository/Regression BackOffice/CLINK-23450/MiddleName'

2019-08-01 15:42:37 - [TEST_STEP][PASSED] - delay(2): Delayed 2 second(s)

2019-08-01 15:42:39 - [MESSAGE][PASSED] - Delayed 2 second(s)

2019-08-01 15:42:39 - [TEST_STEP][PASSED] - waitForElementPresent(findTestObject("Regression BackOffice/CLINK-23450/Suffix"), 50): Object 'Object Repository/Regression BackOffice/CLINK-23450/Suffix' is present

2019-08-01 15:42:39 - [MESSAGE][PASSED] - Object 'Object Repository/Regression BackOffice/CLINK-23450/Suffix' is present

2019-08-01 15:42:39 - [TEST_STEP][PASSED] - setText(findTestObject("Regression BackOffice/CLINK-23450/Suffix"), "Sr"): Text 'Sr' is set on object 'Object Repository/Regression BackOffice/CLINK-23450/Suffix'

2019-08-01 15:42:39 - [MESSAGE][PASSED] - Text 'Sr' is set on object 'Object Repository/Regression BackOffice/CLINK-23450/Suffix'

2019-08-01 15:42:39 - [TEST_STEP][PASSED] - delay(2): Delayed 2 second(s)

2019-08-01 15:42:41 - [MESSAGE][PASSED] - Delayed 2 second(s)

2019-08-01 15:42:41 - [TEST_STEP][PASSED] - switchToDefaultContent(): null

2019-08-01 15:42:41 - [TEST_STEP][PASSED] - switchToFrame(findTestObject("Regression BackOffice/CLINK-23444/BannerFrameAtt"), 30): null

2019-08-01 15:42:41 - [TEST_STEP][PASSED] - waitForElementPresent(findTestObject("Regression BackOffice/CLINK-23450/btnSaveDemo"), 50): Object 'Object Repository/Regression BackOffice/CLINK-23450/btnSaveDemo' is present

2019-08-01 15:42:41 - [MESSAGE][PASSED] - Object 'Object Repository/Regression BackOffice/CLINK-23450/btnSaveDemo' is present

2019-08-01 15:42:41 - [TEST_STEP][PASSED] - click(findTestObject("Regression BackOffice/CLINK-23450/btnSaveDemo")): Object: 'Object Repository/Regression BackOffice/CLINK-23450/btnSaveDemo' is clicked on

2019-08-01 15:42:41 - [MESSAGE][PASSED] - Object: 'Object Repository/Regression BackOffice/CLINK-23450/btnSaveDemo' is clicked on

2019-08-01 15:42:41 - [TEST_STEP][PASSED] - delay(2): Delayed 2 second(s)

2019-08-01 15:42:43 - [MESSAGE][PASSED] - Delayed 2 second(s)

2019-08-01 15:42:43 - [TEST_STEP][PASSED] - closeBrowser(): Browser is closed

2019-08-01 15:42:44 - [MESSAGE][PASSED] - Browser is closed]]></system-out>
         <system-err><![CDATA[]]></system-err>
      </testcase>
      <testcase name="Test Cases/Regression BackOffice (All Browsers)/CLNK-23455 - Back office Enter Needs" classname="Test Cases/Regression BackOffice (All Browsers)/CLNK-23455 - Back office Enter Needs" status="PASSED">
         <system-out><![CDATA[2019-08-01 15:42:46 - [TEST_CASE][PASSED] - Test Cases/Regression BackOffice (All Browsers)/CLNK-23455 - Back office Enter Needs: Test Cases/Regression BackOffice (All Browsers)/CLNK-23455 - Back office Enter Needs

2019-08-01 15:42:46 - [TEST_STEP][PASSED] - callTestCase(findTestCase("Regression BackOffice (All Browsers)/CLNK-23439 - Clink - Back office Client"), [:], STOP_ON_FAILURE): Call Test Case 'Test Cases/Regression BackOffice (All Browsers)/CLNK-23439 - Clink - Back office Client' successfully

2019-08-01 15:42:46 - [TEST_CASE][PASSED] - Test Cases/Regression BackOffice (All Browsers)/CLNK-23439 - Clink - Back office Client: Test Cases/Regression BackOffice (All Browsers)/CLNK-23439 - Clink - Back office Client

2019-08-01 15:42:46 - [TEST_STEP][PASSED] - openBrowser(G_SiteBackOffice): Browser is opened with url: 'http://qanewpoc.continulink.com:81/backoffice/Login.aspx'

2019-08-01 15:42:46 - [MESSAGE][INFO] - Starting 'Chrome' driver

2019-08-01 15:42:53 - [MESSAGE][PASSED] - Browser is opened with url: 'http://qanewpoc.continulink.com:81/backoffice/Login.aspx'

2019-08-01 15:42:53 - [TEST_STEP][PASSED] - waitForPageLoad(60): Wait for page load successfully

2019-08-01 15:42:53 - [MESSAGE][PASSED] - Wait for page load successfully

2019-08-01 15:42:53 - [TEST_STEP][PASSED] - maximizeWindow(): Current window maximized

2019-08-01 15:42:58 - [MESSAGE][PASSED] - Current window maximized

2019-08-01 15:42:58 - [TEST_STEP][PASSED] - setText(findTestObject("Regression BackOffice/Login/UserBackOffice"), G_UserBackOffice): Text 'automation_admin' is set on object 'Object Repository/Regression BackOffice/Login/UserBackOffice'

2019-08-01 15:42:58 - [MESSAGE][PASSED] - Text 'automation_admin' is set on object 'Object Repository/Regression BackOffice/Login/UserBackOffice'

2019-08-01 15:42:58 - [TEST_STEP][PASSED] - setText(findTestObject("Regression BackOffice/Login/PasswordBackOffice"), G_PasswordBackOffice): Text 'qwerty' is set on object 'Object Repository/Regression BackOffice/Login/PasswordBackOffice'

2019-08-01 15:42:58 - [MESSAGE][PASSED] - Text 'qwerty' is set on object 'Object Repository/Regression BackOffice/Login/PasswordBackOffice'

2019-08-01 15:42:58 - [TEST_STEP][PASSED] - click(findTestObject("Regression BackOffice/Login/LoginBackOffice")): Object: 'Object Repository/Regression BackOffice/Login/LoginBackOffice' is clicked on

2019-08-01 15:43:02 - [MESSAGE][PASSED] - Object: 'Object Repository/Regression BackOffice/Login/LoginBackOffice' is clicked on

2019-08-01 15:43:02 - [TEST_STEP][PASSED] - waitForPageLoad(60): Wait for page load successfully

2019-08-01 15:43:03 - [MESSAGE][PASSED] - Wait for page load successfully

2019-08-01 15:43:03 - [TEST_STEP][PASSED] - delay(3): Delayed 3 second(s)

2019-08-01 15:43:06 - [MESSAGE][PASSED] - Delayed 3 second(s)

2019-08-01 15:43:06 - [TEST_STEP][PASSED] - switchToFrame(findTestObject("Regression BackOffice/CLNK-23449/FrameLeft"), 5): null

2019-08-01 15:43:06 - [TEST_STEP][PASSED] - waitForElementPresent(findTestObject("Regression BackOffice/CLNK-23449/ClienIntakeICon"), 60): Object 'Object Repository/Regression BackOffice/CLNK-23449/ClienIntakeICon' is present

2019-08-01 15:43:06 - [MESSAGE][PASSED] - Object 'Object Repository/Regression BackOffice/CLNK-23449/ClienIntakeICon' is present

2019-08-01 15:43:06 - [TEST_STEP][PASSED] - verifyElementPresent(findTestObject("Regression BackOffice/CLNK-23449/ClienIntakeICon"), 100): Object 'Object Repository/Regression BackOffice/CLNK-23449/ClienIntakeICon' is present

2019-08-01 15:43:06 - [MESSAGE][PASSED] - Object 'Object Repository/Regression BackOffice/CLNK-23449/ClienIntakeICon' is present

2019-08-01 15:43:06 - [TEST_STEP][PASSED] - switchToDefaultContent(): null

2019-08-01 15:43:06 - [MESSAGE][PASSED] - Call Test Case 'Test Cases/Regression BackOffice (All Browsers)/CLNK-23439 - Clink - Back office Client' successfully

2019-08-01 15:43:06 - [TEST_STEP][PASSED] - waitForPageLoad(60): Wait for page load successfully

2019-08-01 15:43:06 - [MESSAGE][PASSED] - Wait for page load successfully

2019-08-01 15:43:06 - [TEST_STEP][PASSED] - delay(3): Delayed 3 second(s)

2019-08-01 15:43:09 - [MESSAGE][PASSED] - Delayed 3 second(s)

2019-08-01 15:43:09 - [TEST_STEP][PASSED] - switchToFrame(findTestObject("Regression BackOffice/CLNK-23449/FrameLeft"), 30): null

2019-08-01 15:43:09 - [TEST_STEP][PASSED] - waitForElementPresent(findTestObject("Regression BackOffice/CLNK-10235/ScheduleIcon"), 100): Object 'Object Repository/Regression BackOffice/CLNK-10235/ScheduleIcon' is present

2019-08-01 15:43:09 - [MESSAGE][PASSED] - Object 'Object Repository/Regression BackOffice/CLNK-10235/ScheduleIcon' is present

2019-08-01 15:43:09 - [TEST_STEP][PASSED] - click(findTestObject("Regression BackOffice/CLNK-10235/ScheduleIcon")): Object: 'Object Repository/Regression BackOffice/CLNK-10235/ScheduleIcon' is clicked on

2019-08-01 15:43:09 - [MESSAGE][PASSED] - Object: 'Object Repository/Regression BackOffice/CLNK-10235/ScheduleIcon' is clicked on

2019-08-01 15:43:09 - [TEST_STEP][PASSED] - delay(2): Delayed 2 second(s)

2019-08-01 15:43:11 - [MESSAGE][PASSED] - Delayed 2 second(s)

2019-08-01 15:43:11 - [TEST_STEP][PASSED] - waitForElementPresent(findTestObject("Regression BackOffice/CLNK-10235/EnterNeeds"), 100): Object 'Object Repository/Regression BackOffice/CLNK-10235/EnterNeeds' is present

2019-08-01 15:43:11 - [MESSAGE][PASSED] - Object 'Object Repository/Regression BackOffice/CLNK-10235/EnterNeeds' is present

2019-08-01 15:43:11 - [TEST_STEP][PASSED] - click(findTestObject("Regression BackOffice/CLNK-10235/EnterNeeds")): Object: 'Object Repository/Regression BackOffice/CLNK-10235/EnterNeeds' is clicked on

2019-08-01 15:43:13 - [MESSAGE][PASSED] - Object: 'Object Repository/Regression BackOffice/CLNK-10235/EnterNeeds' is clicked on

2019-08-01 15:43:13 - [TEST_STEP][PASSED] - delay(2): Delayed 2 second(s)

2019-08-01 15:43:15 - [MESSAGE][PASSED] - Delayed 2 second(s)

2019-08-01 15:43:15 - [TEST_STEP][PASSED] - switchToDefaultContent(): null

2019-08-01 15:43:15 - [TEST_STEP][PASSED] - switchToFrame(findTestObject("Regression BackOffice/CLNK-23449/FrameMain"), 30): null

2019-08-01 15:43:15 - [TEST_STEP][PASSED] - delay(3): Delayed 3 second(s)

2019-08-01 15:43:18 - [MESSAGE][PASSED] - Delayed 3 second(s)

2019-08-01 15:43:18 - [TEST_STEP][PASSED] - waitForElementPresent(findTestObject("Regression BackOffice/CLNK-10235/Client NameSearchNeeds"), 100): Object 'Object Repository/Regression BackOffice/CLNK-10235/Client NameSearchNeeds' is present

2019-08-01 15:43:18 - [MESSAGE][PASSED] - Object 'Object Repository/Regression BackOffice/CLNK-10235/Client NameSearchNeeds' is present

2019-08-01 15:43:18 - [TEST_STEP][PASSED] - setText(findTestObject("Regression BackOffice/CLNK-10235/Client NameSearchNeeds"), G_ClientLastName): Text 'Gege' is set on object 'Object Repository/Regression BackOffice/CLNK-10235/Client NameSearchNeeds'

2019-08-01 15:43:19 - [MESSAGE][PASSED] - Text 'Gege' is set on object 'Object Repository/Regression BackOffice/CLNK-10235/Client NameSearchNeeds'

2019-08-01 15:43:19 - [TEST_STEP][PASSED] - delay(2): Delayed 2 second(s)

2019-08-01 15:43:21 - [MESSAGE][PASSED] - Delayed 2 second(s)

2019-08-01 15:43:21 - [TEST_STEP][PASSED] - sendKeys(findTestObject("Regression BackOffice/CLNK-10235/Client NameSearchNeeds"), Keys.chord(ARROW_RIGHT, ARROW_DOWN, ENTER)): Keys 'RIGHT + DOWN + ENTER + ' sent to object: 'Object Repository/Regression BackOffice/CLNK-10235/Client NameSearchNeeds'

2019-08-01 15:43:21 - [MESSAGE][PASSED] - Keys 'RIGHT + DOWN + ENTER + ' sent to object: 'Object Repository/Regression BackOffice/CLNK-10235/Client NameSearchNeeds'

2019-08-01 15:43:21 - [TEST_STEP][PASSED] - delay(2): Delayed 2 second(s)

2019-08-01 15:43:23 - [MESSAGE][PASSED] - Delayed 2 second(s)

2019-08-01 15:43:23 - [TEST_STEP][PASSED] - waitForElementPresent(findTestObject("Regression BackOffice/CLNK-10235/ScheduleAssessmentCode"), 100): Object 'Object Repository/Regression BackOffice/CLNK-10235/ScheduleAssessmentCode' is present

2019-08-01 15:43:23 - [MESSAGE][PASSED] - Object 'Object Repository/Regression BackOffice/CLNK-10235/ScheduleAssessmentCode' is present

2019-08-01 15:43:23 - [TEST_STEP][PASSED] - click(findTestObject("Regression BackOffice/CLNK-10235/ScheduleAssessmentCode")): Object: 'Object Repository/Regression BackOffice/CLNK-10235/ScheduleAssessmentCode' is clicked on

2019-08-01 15:43:23 - [MESSAGE][PASSED] - Object: 'Object Repository/Regression BackOffice/CLNK-10235/ScheduleAssessmentCode' is clicked on

2019-08-01 15:43:23 - [TEST_STEP][PASSED] - delay(2): Delayed 2 second(s)

2019-08-01 15:43:25 - [MESSAGE][PASSED] - Delayed 2 second(s)

2019-08-01 15:43:25 - [TEST_STEP][PASSED] - waitForElementPresent(findTestObject("Regression BackOffice/CLNK-10235/ServiceTypeList"), 100): Object 'Object Repository/Regression BackOffice/CLNK-10235/ServiceTypeList' is present

2019-08-01 15:43:25 - [MESSAGE][PASSED] - Object 'Object Repository/Regression BackOffice/CLNK-10235/ServiceTypeList' is present

2019-08-01 15:43:25 - [TEST_STEP][PASSED] - click(findTestObject("Regression BackOffice/CLNK-10235/ServiceTypeList")): Object: 'Object Repository/Regression BackOffice/CLNK-10235/ServiceTypeList' is clicked on

2019-08-01 15:43:25 - [MESSAGE][PASSED] - Object: 'Object Repository/Regression BackOffice/CLNK-10235/ServiceTypeList' is clicked on

2019-08-01 15:43:25 - [TEST_STEP][PASSED] - sendKeys(findTestObject("Regression BackOffice/CLNK-10235/ServiceTypeList"), Keys.chord(ARROW_DOWN, ENTER)): Keys 'DOWN + ENTER + ' sent to object: 'Object Repository/Regression BackOffice/CLNK-10235/ServiceTypeList'

2019-08-01 15:43:25 - [MESSAGE][PASSED] - Keys 'DOWN + ENTER + ' sent to object: 'Object Repository/Regression BackOffice/CLNK-10235/ServiceTypeList'

2019-08-01 15:43:25 - [TEST_STEP][PASSED] - delay(2): Delayed 2 second(s)

2019-08-01 15:43:27 - [MESSAGE][PASSED] - Delayed 2 second(s)

2019-08-01 15:43:27 - [TEST_STEP][PASSED] - scrollToElement(findTestObject("Regression BackOffice/CLNK-10235/StartTime"), 10): Scroll to object 'Object Repository/Regression BackOffice/CLNK-10235/StartTime' successfully

2019-08-01 15:43:27 - [MESSAGE][PASSED] - Scroll to object 'Object Repository/Regression BackOffice/CLNK-10235/StartTime' successfully

2019-08-01 15:43:27 - [TEST_STEP][PASSED] - waitForElementPresent(findTestObject("Regression BackOffice/CLNK-10235/StartTime"), 100): Object 'Object Repository/Regression BackOffice/CLNK-10235/StartTime' is present

2019-08-01 15:43:27 - [MESSAGE][PASSED] - Object 'Object Repository/Regression BackOffice/CLNK-10235/StartTime' is present

2019-08-01 15:43:27 - [TEST_STEP][PASSED] - click(findTestObject("Regression BackOffice/CLNK-10235/StartTime")): Object: 'Object Repository/Regression BackOffice/CLNK-10235/StartTime' is clicked on

2019-08-01 15:43:27 - [MESSAGE][PASSED] - Object: 'Object Repository/Regression BackOffice/CLNK-10235/StartTime' is clicked on

2019-08-01 15:43:27 - [TEST_STEP][PASSED] - sendKeys(findTestObject("Regression BackOffice/CLNK-10235/StartTime"), "1126"): Keys '1126' sent to object: 'Object Repository/Regression BackOffice/CLNK-10235/StartTime'

2019-08-01 15:43:27 - [MESSAGE][PASSED] - Keys '1126' sent to object: 'Object Repository/Regression BackOffice/CLNK-10235/StartTime'

2019-08-01 15:43:27 - [TEST_STEP][PASSED] - delay(2): Delayed 2 second(s)

2019-08-01 15:43:29 - [MESSAGE][PASSED] - Delayed 2 second(s)

2019-08-01 15:43:29 - [TEST_STEP][PASSED] - waitForElementPresent(findTestObject("Regression BackOffice/CLNK-10235/EndTime"), 100): Object 'Object Repository/Regression BackOffice/CLNK-10235/EndTime' is present

2019-08-01 15:43:29 - [MESSAGE][PASSED] - Object 'Object Repository/Regression BackOffice/CLNK-10235/EndTime' is present

2019-08-01 15:43:29 - [TEST_STEP][PASSED] - click(findTestObject("Regression BackOffice/CLNK-10235/EndTime")): Object: 'Object Repository/Regression BackOffice/CLNK-10235/EndTime' is clicked on

2019-08-01 15:43:30 - [MESSAGE][PASSED] - Object: 'Object Repository/Regression BackOffice/CLNK-10235/EndTime' is clicked on

2019-08-01 15:43:30 - [TEST_STEP][PASSED] - sendKeys(findTestObject("Regression BackOffice/CLNK-10235/EndTime"), "1136"): Keys '1136' sent to object: 'Object Repository/Regression BackOffice/CLNK-10235/EndTime'

2019-08-01 15:43:30 - [MESSAGE][PASSED] - Keys '1136' sent to object: 'Object Repository/Regression BackOffice/CLNK-10235/EndTime'

2019-08-01 15:43:30 - [TEST_STEP][PASSED] - delay(2): Delayed 2 second(s)

2019-08-01 15:43:32 - [MESSAGE][PASSED] - Delayed 2 second(s)

2019-08-01 15:43:32 - [TEST_STEP][PASSED] - scrollToElement(findTestObject("Regression BackOffice/CLNK-10235/CaregiverName"), 10): Scroll to object 'Object Repository/Regression BackOffice/CLNK-10235/CaregiverName' successfully

2019-08-01 15:43:32 - [MESSAGE][PASSED] - Scroll to object 'Object Repository/Regression BackOffice/CLNK-10235/CaregiverName' successfully

2019-08-01 15:43:32 - [TEST_STEP][PASSED] - waitForElementPresent(findTestObject("Regression BackOffice/CLNK-10235/CaregiverName"), 100): Object 'Object Repository/Regression BackOffice/CLNK-10235/CaregiverName' is present

2019-08-01 15:43:32 - [MESSAGE][PASSED] - Object 'Object Repository/Regression BackOffice/CLNK-10235/CaregiverName' is present

2019-08-01 15:43:32 - [TEST_STEP][PASSED] - setText(findTestObject("Regression BackOffice/CLNK-10235/CaregiverName"), G_CareGiverLastName): Text 'Ferrante' is set on object 'Object Repository/Regression BackOffice/CLNK-10235/CaregiverName'

2019-08-01 15:43:32 - [MESSAGE][PASSED] - Text 'Ferrante' is set on object 'Object Repository/Regression BackOffice/CLNK-10235/CaregiverName'

2019-08-01 15:43:32 - [TEST_STEP][PASSED] - delay(2): Delayed 2 second(s)

2019-08-01 15:43:34 - [MESSAGE][PASSED] - Delayed 2 second(s)

2019-08-01 15:43:34 - [TEST_STEP][PASSED] - click(findTestObject("Regression BackOffice/CLNK-10235/CaregiverName")): Object: 'Object Repository/Regression BackOffice/CLNK-10235/CaregiverName' is clicked on

2019-08-01 15:43:34 - [MESSAGE][PASSED] - Object: 'Object Repository/Regression BackOffice/CLNK-10235/CaregiverName' is clicked on

2019-08-01 15:43:34 - [TEST_STEP][PASSED] - sendKeys(findTestObject("Regression BackOffice/CLNK-10235/CaregiverName"), Keys.chord(ARROW_DOWN, ENTER)): Keys 'DOWN + ENTER + ' sent to object: 'Object Repository/Regression BackOffice/CLNK-10235/CaregiverName'

2019-08-01 15:43:34 - [MESSAGE][PASSED] - Keys 'DOWN + ENTER + ' sent to object: 'Object Repository/Regression BackOffice/CLNK-10235/CaregiverName'

2019-08-01 15:43:34 - [TEST_STEP][PASSED] - switchToDefaultContent(): null

2019-08-01 15:43:34 - [TEST_STEP][PASSED] - switchToFrame(findTestObject("Regression BackOffice/CLINK-17788/BannerFrame"), 30): null

2019-08-01 15:43:34 - [TEST_STEP][PASSED] - waitForElementPresent(findTestObject("Regression BackOffice/CLNK-10235/SaveButton"), 50): Object 'Object Repository/Regression BackOffice/CLNK-10235/SaveButton' is present

2019-08-01 15:43:34 - [MESSAGE][PASSED] - Object 'Object Repository/Regression BackOffice/CLNK-10235/SaveButton' is present

2019-08-01 15:43:34 - [TEST_STEP][PASSED] - click(findTestObject("Regression BackOffice/CLNK-10235/SaveButton"), STOP_ON_FAILURE): Object: 'Object Repository/Regression BackOffice/CLNK-10235/SaveButton' is clicked on

2019-08-01 15:43:34 - [MESSAGE][PASSED] - Object: 'Object Repository/Regression BackOffice/CLNK-10235/SaveButton' is clicked on

2019-08-01 15:43:34 - [TEST_STEP][PASSED] - delay(2): Delayed 2 second(s)

2019-08-01 15:43:36 - [MESSAGE][PASSED] - Delayed 2 second(s)

2019-08-01 15:43:36 - [TEST_STEP][PASSED] - closeBrowser(): Browser is closed

2019-08-01 15:43:37 - [MESSAGE][PASSED] - Browser is closed]]></system-out>
         <system-err><![CDATA[]]></system-err>
      </testcase>
      <testcase name="Test Cases/Regression BackOffice (All Browsers)/CLNK-10235 - Enter a Need from Schedule Block" classname="Test Cases/Regression BackOffice (All Browsers)/CLNK-10235 - Enter a Need from Schedule Block" status="PASSED">
         <system-out><![CDATA[2019-08-01 15:43:39 - [TEST_CASE][PASSED] - Test Cases/Regression BackOffice (All Browsers)/CLNK-10235 - Enter a Need from Schedule Block: Test Cases/Regression BackOffice (All Browsers)/CLNK-10235 - Enter a Need from Schedule Block

2019-08-01 15:43:39 - [TEST_STEP][PASSED] - callTestCase(findTestCase("Regression BackOffice (All Browsers)/CLNK-23439 - Clink - Back office Client"), [:], STOP_ON_FAILURE): Call Test Case 'Test Cases/Regression BackOffice (All Browsers)/CLNK-23439 - Clink - Back office Client' successfully

2019-08-01 15:43:39 - [TEST_CASE][PASSED] - Test Cases/Regression BackOffice (All Browsers)/CLNK-23439 - Clink - Back office Client: Test Cases/Regression BackOffice (All Browsers)/CLNK-23439 - Clink - Back office Client

2019-08-01 15:43:39 - [TEST_STEP][PASSED] - openBrowser(G_SiteBackOffice): Browser is opened with url: 'http://qanewpoc.continulink.com:81/backoffice/Login.aspx'

2019-08-01 15:43:39 - [MESSAGE][INFO] - Starting 'Chrome' driver

2019-08-01 15:43:47 - [MESSAGE][PASSED] - Browser is opened with url: 'http://qanewpoc.continulink.com:81/backoffice/Login.aspx'

2019-08-01 15:43:47 - [TEST_STEP][PASSED] - waitForPageLoad(60): Wait for page load successfully

2019-08-01 15:43:47 - [MESSAGE][PASSED] - Wait for page load successfully

2019-08-01 15:43:47 - [TEST_STEP][PASSED] - maximizeWindow(): Current window maximized

2019-08-01 15:43:51 - [MESSAGE][PASSED] - Current window maximized

2019-08-01 15:43:51 - [TEST_STEP][PASSED] - setText(findTestObject("Regression BackOffice/Login/UserBackOffice"), G_UserBackOffice): Text 'automation_admin' is set on object 'Object Repository/Regression BackOffice/Login/UserBackOffice'

2019-08-01 15:43:51 - [MESSAGE][PASSED] - Text 'automation_admin' is set on object 'Object Repository/Regression BackOffice/Login/UserBackOffice'

2019-08-01 15:43:51 - [TEST_STEP][PASSED] - setText(findTestObject("Regression BackOffice/Login/PasswordBackOffice"), G_PasswordBackOffice): Text 'qwerty' is set on object 'Object Repository/Regression BackOffice/Login/PasswordBackOffice'

2019-08-01 15:43:51 - [MESSAGE][PASSED] - Text 'qwerty' is set on object 'Object Repository/Regression BackOffice/Login/PasswordBackOffice'

2019-08-01 15:43:51 - [TEST_STEP][PASSED] - click(findTestObject("Regression BackOffice/Login/LoginBackOffice")): Object: 'Object Repository/Regression BackOffice/Login/LoginBackOffice' is clicked on

2019-08-01 15:43:56 - [MESSAGE][PASSED] - Object: 'Object Repository/Regression BackOffice/Login/LoginBackOffice' is clicked on

2019-08-01 15:43:56 - [TEST_STEP][PASSED] - waitForPageLoad(60): Wait for page load successfully

2019-08-01 15:43:56 - [MESSAGE][PASSED] - Wait for page load successfully

2019-08-01 15:43:56 - [TEST_STEP][PASSED] - delay(3): Delayed 3 second(s)

2019-08-01 15:43:59 - [MESSAGE][PASSED] - Delayed 3 second(s)

2019-08-01 15:43:59 - [TEST_STEP][PASSED] - switchToFrame(findTestObject("Regression BackOffice/CLNK-23449/FrameLeft"), 5): null

2019-08-01 15:43:59 - [TEST_STEP][PASSED] - waitForElementPresent(findTestObject("Regression BackOffice/CLNK-23449/ClienIntakeICon"), 60): Object 'Object Repository/Regression BackOffice/CLNK-23449/ClienIntakeICon' is present

2019-08-01 15:43:59 - [MESSAGE][PASSED] - Object 'Object Repository/Regression BackOffice/CLNK-23449/ClienIntakeICon' is present

2019-08-01 15:43:59 - [TEST_STEP][PASSED] - verifyElementPresent(findTestObject("Regression BackOffice/CLNK-23449/ClienIntakeICon"), 100): Object 'Object Repository/Regression BackOffice/CLNK-23449/ClienIntakeICon' is present

2019-08-01 15:43:59 - [MESSAGE][PASSED] - Object 'Object Repository/Regression BackOffice/CLNK-23449/ClienIntakeICon' is present

2019-08-01 15:43:59 - [TEST_STEP][PASSED] - switchToDefaultContent(): null

2019-08-01 15:43:59 - [MESSAGE][PASSED] - Call Test Case 'Test Cases/Regression BackOffice (All Browsers)/CLNK-23439 - Clink - Back office Client' successfully

2019-08-01 15:43:59 - [TEST_STEP][PASSED] - waitForPageLoad(60): Wait for page load successfully

2019-08-01 15:43:59 - [MESSAGE][PASSED] - Wait for page load successfully

2019-08-01 15:43:59 - [TEST_STEP][PASSED] - delay(3): Delayed 3 second(s)

2019-08-01 15:44:02 - [MESSAGE][PASSED] - Delayed 3 second(s)

2019-08-01 15:44:02 - [TEST_STEP][PASSED] - switchToFrame(findTestObject("Regression BackOffice/CLNK-23449/FrameLeft"), 30): null

2019-08-01 15:44:02 - [TEST_STEP][PASSED] - waitForElementPresent(findTestObject("Regression BackOffice/CLNK-23449/ClienIntakeICon"), 100): Object 'Object Repository/Regression BackOffice/CLNK-23449/ClienIntakeICon' is present

2019-08-01 15:44:02 - [MESSAGE][PASSED] - Object 'Object Repository/Regression BackOffice/CLNK-23449/ClienIntakeICon' is present

2019-08-01 15:44:02 - [TEST_STEP][PASSED] - click(findTestObject("Regression BackOffice/CLNK-23449/ClienIntakeICon")): Object: 'Object Repository/Regression BackOffice/CLNK-23449/ClienIntakeICon' is clicked on

2019-08-01 15:44:02 - [MESSAGE][PASSED] - Object: 'Object Repository/Regression BackOffice/CLNK-23449/ClienIntakeICon' is clicked on

2019-08-01 15:44:02 - [TEST_STEP][PASSED] - delay(2): Delayed 2 second(s)

2019-08-01 15:44:04 - [MESSAGE][PASSED] - Delayed 2 second(s)

2019-08-01 15:44:04 - [TEST_STEP][PASSED] - waitForPageLoad(50): Wait for page load successfully

2019-08-01 15:44:04 - [MESSAGE][PASSED] - Wait for page load successfully

2019-08-01 15:44:04 - [TEST_STEP][PASSED] - waitForElementPresent(findTestObject("Regression BackOffice/CLNK-10235/SearchforaClient"), 50): Object 'Object Repository/Regression BackOffice/CLNK-10235/SearchforaClient' is present

2019-08-01 15:44:04 - [MESSAGE][PASSED] - Object 'Object Repository/Regression BackOffice/CLNK-10235/SearchforaClient' is present

2019-08-01 15:44:04 - [TEST_STEP][PASSED] - click(findTestObject("Regression BackOffice/CLNK-10235/SearchforaClient")): Object: 'Object Repository/Regression BackOffice/CLNK-10235/SearchforaClient' is clicked on

2019-08-01 15:44:05 - [MESSAGE][PASSED] - Object: 'Object Repository/Regression BackOffice/CLNK-10235/SearchforaClient' is clicked on

2019-08-01 15:44:05 - [TEST_STEP][PASSED] - delay(2): Delayed 2 second(s)

2019-08-01 15:44:07 - [MESSAGE][PASSED] - Delayed 2 second(s)

2019-08-01 15:44:07 - [TEST_STEP][PASSED] - switchToDefaultContent(): null

2019-08-01 15:44:07 - [TEST_STEP][PASSED] - switchToFrame(findTestObject("Regression BackOffice/CLNK-23449/FrameMain"), 30): null

2019-08-01 15:44:07 - [TEST_STEP][PASSED] - waitForElementPresent(findTestObject("Regression BackOffice/CLNK-10235/FirstNameSearch"), 50): Object 'Object Repository/Regression BackOffice/CLNK-10235/FirstNameSearch' is present

2019-08-01 15:44:07 - [MESSAGE][PASSED] - Object 'Object Repository/Regression BackOffice/CLNK-10235/FirstNameSearch' is present

2019-08-01 15:44:07 - [TEST_STEP][PASSED] - setText(findTestObject("Regression BackOffice/CLNK-10235/FirstNameSearch"), G_ClientFirstName): Text 'Gerardo' is set on object 'Object Repository/Regression BackOffice/CLNK-10235/FirstNameSearch'

2019-08-01 15:44:07 - [MESSAGE][PASSED] - Text 'Gerardo' is set on object 'Object Repository/Regression BackOffice/CLNK-10235/FirstNameSearch'

2019-08-01 15:44:07 - [TEST_STEP][PASSED] - delay(2): Delayed 2 second(s)

2019-08-01 15:44:09 - [MESSAGE][PASSED] - Delayed 2 second(s)

2019-08-01 15:44:09 - [TEST_STEP][PASSED] - waitForElementPresent(findTestObject("Regression BackOffice/CLNK-10235/LastNameSearch"), 50): Object 'Object Repository/Regression BackOffice/CLNK-10235/LastNameSearch' is present

2019-08-01 15:44:10 - [MESSAGE][PASSED] - Object 'Object Repository/Regression BackOffice/CLNK-10235/LastNameSearch' is present

2019-08-01 15:44:10 - [TEST_STEP][PASSED] - setText(findTestObject("Regression BackOffice/CLNK-10235/LastNameSearch"), G_ClientLastName): Text 'Gege' is set on object 'Object Repository/Regression BackOffice/CLNK-10235/LastNameSearch'

2019-08-01 15:44:10 - [MESSAGE][PASSED] - Text 'Gege' is set on object 'Object Repository/Regression BackOffice/CLNK-10235/LastNameSearch'

2019-08-01 15:44:10 - [TEST_STEP][PASSED] - delay(2): Delayed 2 second(s)

2019-08-01 15:44:12 - [MESSAGE][PASSED] - Delayed 2 second(s)

2019-08-01 15:44:12 - [TEST_STEP][PASSED] - waitForElementPresent(findTestObject("Regression BackOffice/CLINK - 27906/SearchButton"), 50): Object 'Object Repository/Regression BackOffice/CLINK - 27906/SearchButton' is present

2019-08-01 15:44:12 - [MESSAGE][PASSED] - Object 'Object Repository/Regression BackOffice/CLINK - 27906/SearchButton' is present

2019-08-01 15:44:12 - [TEST_STEP][PASSED] - click(findTestObject("Regression BackOffice/CLINK - 27906/SearchButton"), STOP_ON_FAILURE): Object: 'Object Repository/Regression BackOffice/CLINK - 27906/SearchButton' is clicked on

2019-08-01 15:44:12 - [MESSAGE][PASSED] - Object: 'Object Repository/Regression BackOffice/CLINK - 27906/SearchButton' is clicked on

2019-08-01 15:44:12 - [TEST_STEP][PASSED] - delay(2): Delayed 2 second(s)

2019-08-01 15:44:14 - [MESSAGE][PASSED] - Delayed 2 second(s)

2019-08-01 15:44:14 - [TEST_STEP][PASSED] - waitForElementPresent(findTestObject("Regression BackOffice/CLINK - 27906/ClientRollbackLink"), 50): Object 'Object Repository/Regression BackOffice/CLINK - 27906/ClientRollbackLink' is present

2019-08-01 15:44:14 - [MESSAGE][PASSED] - Object 'Object Repository/Regression BackOffice/CLINK - 27906/ClientRollbackLink' is present

2019-08-01 15:44:14 - [TEST_STEP][PASSED] - click(findTestObject("Regression BackOffice/CLINK - 27906/ClientRollbackLink"), STOP_ON_FAILURE): Object: 'Object Repository/Regression BackOffice/CLINK - 27906/ClientRollbackLink' is clicked on

2019-08-01 15:44:16 - [MESSAGE][PASSED] - Object: 'Object Repository/Regression BackOffice/CLINK - 27906/ClientRollbackLink' is clicked on

2019-08-01 15:44:16 - [TEST_STEP][PASSED] - delay(2): Delayed 2 second(s)

2019-08-01 15:44:18 - [MESSAGE][PASSED] - Delayed 2 second(s)

2019-08-01 15:44:18 - [TEST_STEP][PASSED] - switchToDefaultContent(): null

2019-08-01 15:44:19 - [TEST_STEP][PASSED] - switchToFrame(findTestObject("Regression BackOffice/CLNK-23449/FrameLeft"), 30): null

2019-08-01 15:44:19 - [TEST_STEP][PASSED] - waitForElementPresent(findTestObject("Regression BackOffice/CLNK-10235/Puntitos"), 50): Object 'Object Repository/Regression BackOffice/CLNK-10235/Puntitos' is present

2019-08-01 15:44:19 - [MESSAGE][PASSED] - Object 'Object Repository/Regression BackOffice/CLNK-10235/Puntitos' is present

2019-08-01 15:44:19 - [TEST_STEP][PASSED] - click(findTestObject("Regression BackOffice/CLNK-10235/Puntitos"), STOP_ON_FAILURE): Object: 'Object Repository/Regression BackOffice/CLNK-10235/Puntitos' is clicked on

2019-08-01 15:44:19 - [MESSAGE][PASSED] - Object: 'Object Repository/Regression BackOffice/CLNK-10235/Puntitos' is clicked on

2019-08-01 15:44:19 - [TEST_STEP][PASSED] - delay(2): Delayed 2 second(s)

2019-08-01 15:44:21 - [MESSAGE][PASSED] - Delayed 2 second(s)

2019-08-01 15:44:21 - [TEST_STEP][PASSED] - waitForPageLoad(50): Wait for page load successfully

2019-08-01 15:44:21 - [MESSAGE][PASSED] - Wait for page load successfully

2019-08-01 15:44:21 - [TEST_STEP][PASSED] - waitForElementPresent(findTestObject("Regression BackOffice/CLNK-10235/ClientIntakeClose"), 100): Object 'Object Repository/Regression BackOffice/CLNK-10235/ClientIntakeClose' is present

2019-08-01 15:44:21 - [MESSAGE][PASSED] - Object 'Object Repository/Regression BackOffice/CLNK-10235/ClientIntakeClose' is present

2019-08-01 15:44:21 - [TEST_STEP][PASSED] - click(findTestObject("Regression BackOffice/CLNK-10235/ClientIntakeClose")): Object: 'Object Repository/Regression BackOffice/CLNK-10235/ClientIntakeClose' is clicked on

2019-08-01 15:44:21 - [MESSAGE][PASSED] - Object: 'Object Repository/Regression BackOffice/CLNK-10235/ClientIntakeClose' is clicked on

2019-08-01 15:44:21 - [TEST_STEP][PASSED] - delay(2): Delayed 2 second(s)

2019-08-01 15:44:23 - [MESSAGE][PASSED] - Delayed 2 second(s)

2019-08-01 15:44:23 - [TEST_STEP][PASSED] - waitForElementPresent(findTestObject("Regression BackOffice/CLNK-10235/ScheduleIcon"), 100): Object 'Object Repository/Regression BackOffice/CLNK-10235/ScheduleIcon' is present

2019-08-01 15:44:23 - [MESSAGE][PASSED] - Object 'Object Repository/Regression BackOffice/CLNK-10235/ScheduleIcon' is present

2019-08-01 15:44:23 - [TEST_STEP][PASSED] - click(findTestObject("Regression BackOffice/CLNK-10235/ScheduleIcon")): Object: 'Object Repository/Regression BackOffice/CLNK-10235/ScheduleIcon' is clicked on

2019-08-01 15:44:23 - [MESSAGE][PASSED] - Object: 'Object Repository/Regression BackOffice/CLNK-10235/ScheduleIcon' is clicked on

2019-08-01 15:44:23 - [TEST_STEP][PASSED] - delay(2): Delayed 2 second(s)

2019-08-01 15:44:25 - [MESSAGE][PASSED] - Delayed 2 second(s)

2019-08-01 15:44:25 - [TEST_STEP][PASSED] - waitForElementPresent(findTestObject("Regression BackOffice/CLNK-10235/EnterNeeds"), 100): Object 'Object Repository/Regression BackOffice/CLNK-10235/EnterNeeds' is present

2019-08-01 15:44:25 - [MESSAGE][PASSED] - Object 'Object Repository/Regression BackOffice/CLNK-10235/EnterNeeds' is present

2019-08-01 15:44:25 - [TEST_STEP][PASSED] - click(findTestObject("Regression BackOffice/CLNK-10235/EnterNeeds")): Object: 'Object Repository/Regression BackOffice/CLNK-10235/EnterNeeds' is clicked on

2019-08-01 15:44:26 - [MESSAGE][PASSED] - Object: 'Object Repository/Regression BackOffice/CLNK-10235/EnterNeeds' is clicked on

2019-08-01 15:44:26 - [TEST_STEP][PASSED] - delay(2): Delayed 2 second(s)

2019-08-01 15:44:28 - [MESSAGE][PASSED] - Delayed 2 second(s)

2019-08-01 15:44:28 - [TEST_STEP][PASSED] - switchToDefaultContent(): null

2019-08-01 15:44:28 - [TEST_STEP][PASSED] - switchToFrame(findTestObject("Regression BackOffice/CLNK-23449/FrameMain"), 30): null

2019-08-01 15:44:29 - [TEST_STEP][PASSED] - delay(3): Delayed 3 second(s)

2019-08-01 15:44:32 - [MESSAGE][PASSED] - Delayed 3 second(s)

2019-08-01 15:44:32 - [TEST_STEP][PASSED] - waitForElementPresent(findTestObject("Regression BackOffice/CLNK-10235/Client NameSearchNeeds"), 100): Object 'Object Repository/Regression BackOffice/CLNK-10235/Client NameSearchNeeds' is present

2019-08-01 15:44:32 - [MESSAGE][PASSED] - Object 'Object Repository/Regression BackOffice/CLNK-10235/Client NameSearchNeeds' is present

2019-08-01 15:44:32 - [TEST_STEP][PASSED] - setText(findTestObject("Regression BackOffice/CLNK-10235/Client NameSearchNeeds"), G_ClientLastName): Text 'Gege' is set on object 'Object Repository/Regression BackOffice/CLNK-10235/Client NameSearchNeeds'

2019-08-01 15:44:32 - [MESSAGE][PASSED] - Text 'Gege' is set on object 'Object Repository/Regression BackOffice/CLNK-10235/Client NameSearchNeeds'

2019-08-01 15:44:32 - [TEST_STEP][PASSED] - delay(2): Delayed 2 second(s)

2019-08-01 15:44:34 - [MESSAGE][PASSED] - Delayed 2 second(s)

2019-08-01 15:44:34 - [TEST_STEP][PASSED] - sendKeys(findTestObject("Regression BackOffice/CLNK-10235/Client NameSearchNeeds"), Keys.chord(ARROW_RIGHT, ARROW_DOWN, ENTER)): Keys 'RIGHT + DOWN + ENTER + ' sent to object: 'Object Repository/Regression BackOffice/CLNK-10235/Client NameSearchNeeds'

2019-08-01 15:44:34 - [MESSAGE][PASSED] - Keys 'RIGHT + DOWN + ENTER + ' sent to object: 'Object Repository/Regression BackOffice/CLNK-10235/Client NameSearchNeeds'

2019-08-01 15:44:34 - [TEST_STEP][PASSED] - delay(2): Delayed 2 second(s)

2019-08-01 15:44:36 - [MESSAGE][PASSED] - Delayed 2 second(s)

2019-08-01 15:44:36 - [TEST_STEP][PASSED] - waitForElementPresent(findTestObject("Regression BackOffice/CLNK-10235/ScheduleAssessmentCode"), 100): Object 'Object Repository/Regression BackOffice/CLNK-10235/ScheduleAssessmentCode' is present

2019-08-01 15:44:36 - [MESSAGE][PASSED] - Object 'Object Repository/Regression BackOffice/CLNK-10235/ScheduleAssessmentCode' is present

2019-08-01 15:44:36 - [TEST_STEP][PASSED] - click(findTestObject("Regression BackOffice/CLNK-10235/ScheduleAssessmentCode")): Object: 'Object Repository/Regression BackOffice/CLNK-10235/ScheduleAssessmentCode' is clicked on

2019-08-01 15:44:36 - [MESSAGE][PASSED] - Object: 'Object Repository/Regression BackOffice/CLNK-10235/ScheduleAssessmentCode' is clicked on

2019-08-01 15:44:36 - [TEST_STEP][PASSED] - delay(2): Delayed 2 second(s)

2019-08-01 15:44:38 - [MESSAGE][PASSED] - Delayed 2 second(s)

2019-08-01 15:44:38 - [TEST_STEP][PASSED] - waitForElementPresent(findTestObject("Regression BackOffice/CLNK-10235/ServiceTypeList"), 100): Object 'Object Repository/Regression BackOffice/CLNK-10235/ServiceTypeList' is present

2019-08-01 15:44:38 - [MESSAGE][PASSED] - Object 'Object Repository/Regression BackOffice/CLNK-10235/ServiceTypeList' is present

2019-08-01 15:44:38 - [TEST_STEP][PASSED] - click(findTestObject("Regression BackOffice/CLNK-10235/ServiceTypeList")): Object: 'Object Repository/Regression BackOffice/CLNK-10235/ServiceTypeList' is clicked on

2019-08-01 15:44:38 - [MESSAGE][PASSED] - Object: 'Object Repository/Regression BackOffice/CLNK-10235/ServiceTypeList' is clicked on

2019-08-01 15:44:38 - [TEST_STEP][PASSED] - sendKeys(findTestObject("Regression BackOffice/CLNK-10235/ServiceTypeList"), Keys.chord(ARROW_DOWN, ENTER)): Keys 'DOWN + ENTER + ' sent to object: 'Object Repository/Regression BackOffice/CLNK-10235/ServiceTypeList'

2019-08-01 15:44:38 - [MESSAGE][PASSED] - Keys 'DOWN + ENTER + ' sent to object: 'Object Repository/Regression BackOffice/CLNK-10235/ServiceTypeList'

2019-08-01 15:44:38 - [TEST_STEP][PASSED] - delay(2): Delayed 2 second(s)

2019-08-01 15:44:40 - [MESSAGE][PASSED] - Delayed 2 second(s)

2019-08-01 15:44:40 - [TEST_STEP][PASSED] - scrollToElement(findTestObject("Regression BackOffice/CLNK-10235/StartTime"), 10): Scroll to object 'Object Repository/Regression BackOffice/CLNK-10235/StartTime' successfully

2019-08-01 15:44:40 - [MESSAGE][PASSED] - Scroll to object 'Object Repository/Regression BackOffice/CLNK-10235/StartTime' successfully

2019-08-01 15:44:40 - [TEST_STEP][PASSED] - waitForElementPresent(findTestObject("Regression BackOffice/CLNK-10235/StartTime"), 100): Object 'Object Repository/Regression BackOffice/CLNK-10235/StartTime' is present

2019-08-01 15:44:40 - [MESSAGE][PASSED] - Object 'Object Repository/Regression BackOffice/CLNK-10235/StartTime' is present

2019-08-01 15:44:40 - [TEST_STEP][PASSED] - click(findTestObject("Regression BackOffice/CLNK-10235/StartTime")): Object: 'Object Repository/Regression BackOffice/CLNK-10235/StartTime' is clicked on

2019-08-01 15:44:40 - [MESSAGE][PASSED] - Object: 'Object Repository/Regression BackOffice/CLNK-10235/StartTime' is clicked on

2019-08-01 15:44:40 - [TEST_STEP][PASSED] - sendKeys(findTestObject("Regression BackOffice/CLNK-10235/StartTime"), "1100"): Keys '1100' sent to object: 'Object Repository/Regression BackOffice/CLNK-10235/StartTime'

2019-08-01 15:44:40 - [MESSAGE][PASSED] - Keys '1100' sent to object: 'Object Repository/Regression BackOffice/CLNK-10235/StartTime'

2019-08-01 15:44:40 - [TEST_STEP][PASSED] - delay(2): Delayed 2 second(s)

2019-08-01 15:44:42 - [MESSAGE][PASSED] - Delayed 2 second(s)

2019-08-01 15:44:42 - [TEST_STEP][PASSED] - waitForElementPresent(findTestObject("Regression BackOffice/CLNK-10235/EndTime"), 100): Object 'Object Repository/Regression BackOffice/CLNK-10235/EndTime' is present

2019-08-01 15:44:42 - [MESSAGE][PASSED] - Object 'Object Repository/Regression BackOffice/CLNK-10235/EndTime' is present

2019-08-01 15:44:42 - [TEST_STEP][PASSED] - click(findTestObject("Regression BackOffice/CLNK-10235/EndTime")): Object: 'Object Repository/Regression BackOffice/CLNK-10235/EndTime' is clicked on

2019-08-01 15:44:43 - [MESSAGE][PASSED] - Object: 'Object Repository/Regression BackOffice/CLNK-10235/EndTime' is clicked on

2019-08-01 15:44:43 - [TEST_STEP][PASSED] - sendKeys(findTestObject("Regression BackOffice/CLNK-10235/EndTime"), "1600"): Keys '1600' sent to object: 'Object Repository/Regression BackOffice/CLNK-10235/EndTime'

2019-08-01 15:44:43 - [MESSAGE][PASSED] - Keys '1600' sent to object: 'Object Repository/Regression BackOffice/CLNK-10235/EndTime'

2019-08-01 15:44:43 - [TEST_STEP][PASSED] - delay(2): Delayed 2 second(s)

2019-08-01 15:44:45 - [MESSAGE][PASSED] - Delayed 2 second(s)

2019-08-01 15:44:45 - [TEST_STEP][PASSED] - scrollToElement(findTestObject("Regression BackOffice/CLNK-10235/CaregiverName"), 10): Scroll to object 'Object Repository/Regression BackOffice/CLNK-10235/CaregiverName' successfully

2019-08-01 15:44:45 - [MESSAGE][PASSED] - Scroll to object 'Object Repository/Regression BackOffice/CLNK-10235/CaregiverName' successfully

2019-08-01 15:44:45 - [TEST_STEP][PASSED] - waitForElementPresent(findTestObject("Regression BackOffice/CLNK-10235/CaregiverName"), 100): Object 'Object Repository/Regression BackOffice/CLNK-10235/CaregiverName' is present

2019-08-01 15:44:45 - [MESSAGE][PASSED] - Object 'Object Repository/Regression BackOffice/CLNK-10235/CaregiverName' is present

2019-08-01 15:44:45 - [TEST_STEP][PASSED] - setText(findTestObject("Regression BackOffice/CLNK-10235/CaregiverName"), G_CareGiverLastName): Text 'Ferrante' is set on object 'Object Repository/Regression BackOffice/CLNK-10235/CaregiverName'

2019-08-01 15:44:45 - [MESSAGE][PASSED] - Text 'Ferrante' is set on object 'Object Repository/Regression BackOffice/CLNK-10235/CaregiverName'

2019-08-01 15:44:45 - [TEST_STEP][PASSED] - delay(2): Delayed 2 second(s)

2019-08-01 15:44:47 - [MESSAGE][PASSED] - Delayed 2 second(s)

2019-08-01 15:44:47 - [TEST_STEP][PASSED] - click(findTestObject("Regression BackOffice/CLNK-10235/CaregiverName")): Object: 'Object Repository/Regression BackOffice/CLNK-10235/CaregiverName' is clicked on

2019-08-01 15:44:47 - [MESSAGE][PASSED] - Object: 'Object Repository/Regression BackOffice/CLNK-10235/CaregiverName' is clicked on

2019-08-01 15:44:47 - [TEST_STEP][PASSED] - sendKeys(findTestObject("Regression BackOffice/CLNK-10235/CaregiverName"), Keys.chord(ARROW_DOWN, ENTER)): Keys 'DOWN + ENTER + ' sent to object: 'Object Repository/Regression BackOffice/CLNK-10235/CaregiverName'

2019-08-01 15:44:47 - [MESSAGE][PASSED] - Keys 'DOWN + ENTER + ' sent to object: 'Object Repository/Regression BackOffice/CLNK-10235/CaregiverName'

2019-08-01 15:44:47 - [TEST_STEP][PASSED] - switchToDefaultContent(): null

2019-08-01 15:44:47 - [TEST_STEP][PASSED] - switchToFrame(findTestObject("Regression BackOffice/CLINK-17788/BannerFrame"), 30): null

2019-08-01 15:44:47 - [TEST_STEP][PASSED] - waitForElementPresent(findTestObject("Regression BackOffice/CLNK-10235/SaveButton"), 50): Object 'Object Repository/Regression BackOffice/CLNK-10235/SaveButton' is present

2019-08-01 15:44:47 - [MESSAGE][PASSED] - Object 'Object Repository/Regression BackOffice/CLNK-10235/SaveButton' is present

2019-08-01 15:44:47 - [TEST_STEP][PASSED] - click(findTestObject("Regression BackOffice/CLNK-10235/SaveButton"), STOP_ON_FAILURE): Object: 'Object Repository/Regression BackOffice/CLNK-10235/SaveButton' is clicked on

2019-08-01 15:44:47 - [MESSAGE][PASSED] - Object: 'Object Repository/Regression BackOffice/CLNK-10235/SaveButton' is clicked on

2019-08-01 15:44:47 - [TEST_STEP][PASSED] - waitForPageLoad(50): Wait for page load successfully

2019-08-01 15:44:47 - [MESSAGE][PASSED] - Wait for page load successfully

2019-08-01 15:44:47 - [TEST_STEP][PASSED] - delay(5): Delayed 5 second(s)

2019-08-01 15:44:52 - [MESSAGE][PASSED] - Delayed 5 second(s)

2019-08-01 15:44:52 - [TEST_STEP][PASSED] - closeBrowser(): Browser is closed

2019-08-01 15:44:53 - [MESSAGE][PASSED] - Browser is closed]]></system-out>
         <system-err><![CDATA[]]></system-err>
      </testcase>
      <testcase name="Test Cases/Regression BackOffice (All Browsers)/CLNK-17180 - Admission Authorization Changes Report" classname="Test Cases/Regression BackOffice (All Browsers)/CLNK-17180 - Admission Authorization Changes Report" status="PASSED">
         <system-out><![CDATA[2019-08-01 15:44:55 - [TEST_CASE][PASSED] - Test Cases/Regression BackOffice (All Browsers)/CLNK-17180 - Admission Authorization Changes Report: Test Cases/Regression BackOffice (All Browsers)/CLNK-17180 - Admission Authorization Changes Report

2019-08-01 15:44:55 - [TEST_STEP][PASSED] - callTestCase(findTestCase("Regression BackOffice (All Browsers)/CLNK-23439 - Clink - Back office Client"), [:], STOP_ON_FAILURE): Call Test Case 'Test Cases/Regression BackOffice (All Browsers)/CLNK-23439 - Clink - Back office Client' successfully

2019-08-01 15:44:55 - [TEST_CASE][PASSED] - Test Cases/Regression BackOffice (All Browsers)/CLNK-23439 - Clink - Back office Client: Test Cases/Regression BackOffice (All Browsers)/CLNK-23439 - Clink - Back office Client

2019-08-01 15:44:55 - [TEST_STEP][PASSED] - openBrowser(G_SiteBackOffice): Browser is opened with url: 'http://qanewpoc.continulink.com:81/backoffice/Login.aspx'

2019-08-01 15:44:55 - [MESSAGE][INFO] - Starting 'Chrome' driver

2019-08-01 15:45:02 - [MESSAGE][PASSED] - Browser is opened with url: 'http://qanewpoc.continulink.com:81/backoffice/Login.aspx'

2019-08-01 15:45:02 - [TEST_STEP][PASSED] - waitForPageLoad(60): Wait for page load successfully

2019-08-01 15:45:03 - [MESSAGE][PASSED] - Wait for page load successfully

2019-08-01 15:45:03 - [TEST_STEP][PASSED] - maximizeWindow(): Current window maximized

2019-08-01 15:45:07 - [MESSAGE][PASSED] - Current window maximized

2019-08-01 15:45:07 - [TEST_STEP][PASSED] - setText(findTestObject("Regression BackOffice/Login/UserBackOffice"), G_UserBackOffice): Text 'automation_admin' is set on object 'Object Repository/Regression BackOffice/Login/UserBackOffice'

2019-08-01 15:45:07 - [MESSAGE][PASSED] - Text 'automation_admin' is set on object 'Object Repository/Regression BackOffice/Login/UserBackOffice'

2019-08-01 15:45:07 - [TEST_STEP][PASSED] - setText(findTestObject("Regression BackOffice/Login/PasswordBackOffice"), G_PasswordBackOffice): Text 'qwerty' is set on object 'Object Repository/Regression BackOffice/Login/PasswordBackOffice'

2019-08-01 15:45:07 - [MESSAGE][PASSED] - Text 'qwerty' is set on object 'Object Repository/Regression BackOffice/Login/PasswordBackOffice'

2019-08-01 15:45:07 - [TEST_STEP][PASSED] - click(findTestObject("Regression BackOffice/Login/LoginBackOffice")): Object: 'Object Repository/Regression BackOffice/Login/LoginBackOffice' is clicked on

2019-08-01 15:45:12 - [MESSAGE][PASSED] - Object: 'Object Repository/Regression BackOffice/Login/LoginBackOffice' is clicked on

2019-08-01 15:45:12 - [TEST_STEP][PASSED] - waitForPageLoad(60): Wait for page load successfully

2019-08-01 15:45:12 - [MESSAGE][PASSED] - Wait for page load successfully

2019-08-01 15:45:12 - [TEST_STEP][PASSED] - delay(3): Delayed 3 second(s)

2019-08-01 15:45:15 - [MESSAGE][PASSED] - Delayed 3 second(s)

2019-08-01 15:45:15 - [TEST_STEP][PASSED] - switchToFrame(findTestObject("Regression BackOffice/CLNK-23449/FrameLeft"), 5): null

2019-08-01 15:45:15 - [TEST_STEP][PASSED] - waitForElementPresent(findTestObject("Regression BackOffice/CLNK-23449/ClienIntakeICon"), 60): Object 'Object Repository/Regression BackOffice/CLNK-23449/ClienIntakeICon' is present

2019-08-01 15:45:15 - [MESSAGE][PASSED] - Object 'Object Repository/Regression BackOffice/CLNK-23449/ClienIntakeICon' is present

2019-08-01 15:45:15 - [TEST_STEP][PASSED] - verifyElementPresent(findTestObject("Regression BackOffice/CLNK-23449/ClienIntakeICon"), 100): Object 'Object Repository/Regression BackOffice/CLNK-23449/ClienIntakeICon' is present

2019-08-01 15:45:15 - [MESSAGE][PASSED] - Object 'Object Repository/Regression BackOffice/CLNK-23449/ClienIntakeICon' is present

2019-08-01 15:45:15 - [TEST_STEP][PASSED] - switchToDefaultContent(): null

2019-08-01 15:45:15 - [MESSAGE][PASSED] - Call Test Case 'Test Cases/Regression BackOffice (All Browsers)/CLNK-23439 - Clink - Back office Client' successfully

2019-08-01 15:45:15 - [TEST_STEP][PASSED] - waitForPageLoad(60): Wait for page load successfully

2019-08-01 15:45:15 - [MESSAGE][PASSED] - Wait for page load successfully

2019-08-01 15:45:15 - [TEST_STEP][PASSED] - delay(3): Delayed 3 second(s)

2019-08-01 15:45:18 - [MESSAGE][PASSED] - Delayed 3 second(s)

2019-08-01 15:45:18 - [TEST_STEP][PASSED] - switchToFrame(findTestObject("Regression BackOffice/CLNK-23449/FrameLeft"), 30): null

2019-08-01 15:45:18 - [TEST_STEP][PASSED] - waitForElementPresent(findTestObject("Regression BackOffice/CLNK-23449/ClienIntakeICon"), 100): Object 'Object Repository/Regression BackOffice/CLNK-23449/ClienIntakeICon' is present

2019-08-01 15:45:18 - [MESSAGE][PASSED] - Object 'Object Repository/Regression BackOffice/CLNK-23449/ClienIntakeICon' is present

2019-08-01 15:45:18 - [TEST_STEP][PASSED] - click(findTestObject("Regression BackOffice/CLNK-23449/ClienIntakeICon")): Object: 'Object Repository/Regression BackOffice/CLNK-23449/ClienIntakeICon' is clicked on

2019-08-01 15:45:18 - [MESSAGE][PASSED] - Object: 'Object Repository/Regression BackOffice/CLNK-23449/ClienIntakeICon' is clicked on

2019-08-01 15:45:18 - [TEST_STEP][PASSED] - delay(2): Delayed 2 second(s)

2019-08-01 15:45:20 - [MESSAGE][PASSED] - Delayed 2 second(s)

2019-08-01 15:45:20 - [TEST_STEP][PASSED] - waitForPageLoad(50): Wait for page load successfully

2019-08-01 15:45:20 - [MESSAGE][PASSED] - Wait for page load successfully

2019-08-01 15:45:20 - [TEST_STEP][PASSED] - scrollToElement(findTestObject("Regression BackOffice/CLINK-17180/Client  Intake Reports Link"), 50): Scroll to object 'Object Repository/Regression BackOffice/CLINK-17180/Client  Intake Reports Link' successfully

2019-08-01 15:45:20 - [MESSAGE][PASSED] - Scroll to object 'Object Repository/Regression BackOffice/CLINK-17180/Client  Intake Reports Link' successfully

2019-08-01 15:45:20 - [TEST_STEP][PASSED] - click(findTestObject("Regression BackOffice/CLINK-17180/Client  Intake Reports Link")): Object: 'Object Repository/Regression BackOffice/CLINK-17180/Client  Intake Reports Link' is clicked on

2019-08-01 15:45:26 - [MESSAGE][PASSED] - Object: 'Object Repository/Regression BackOffice/CLINK-17180/Client  Intake Reports Link' is clicked on

2019-08-01 15:45:26 - [TEST_STEP][PASSED] - delay(2): Delayed 2 second(s)

2019-08-01 15:45:28 - [MESSAGE][PASSED] - Delayed 2 second(s)

2019-08-01 15:45:28 - [TEST_STEP][PASSED] - switchToDefaultContent(): null

2019-08-01 15:45:28 - [TEST_STEP][PASSED] - switchToFrame(findTestObject("Regression BackOffice/CLNK-23449/FrameMain"), 30): null

2019-08-01 15:45:28 - [TEST_STEP][PASSED] - waitForElementPresent(findTestObject("Regression BackOffice/CLINK-17180/Admission Authorization Changes Report Link"), 50): Object 'Object Repository/Regression BackOffice/CLINK-17180/Admission Authorization Changes Report Link' is present

2019-08-01 15:45:28 - [MESSAGE][PASSED] - Object 'Object Repository/Regression BackOffice/CLINK-17180/Admission Authorization Changes Report Link' is present

2019-08-01 15:45:28 - [TEST_STEP][PASSED] - click(findTestObject("Regression BackOffice/CLINK-17180/Admission Authorization Changes Report Link")): Object: 'Object Repository/Regression BackOffice/CLINK-17180/Admission Authorization Changes Report Link' is clicked on

2019-08-01 15:45:31 - [MESSAGE][PASSED] - Object: 'Object Repository/Regression BackOffice/CLINK-17180/Admission Authorization Changes Report Link' is clicked on

2019-08-01 15:45:31 - [TEST_STEP][PASSED] - delay(2): Delayed 2 second(s)

2019-08-01 15:45:33 - [MESSAGE][PASSED] - Delayed 2 second(s)

2019-08-01 15:45:33 - [TEST_STEP][PASSED] - waitForPageLoad(60): Wait for page load successfully

2019-08-01 15:45:33 - [MESSAGE][PASSED] - Wait for page load successfully

2019-08-01 15:45:33 - [TEST_STEP][PASSED] - waitForElementPresent(findTestObject("Regression BackOffice/CLINK-17180/Search Client Link"), 50): Object 'Object Repository/Regression BackOffice/CLINK-17180/Search Client Link' is present

2019-08-01 15:45:33 - [MESSAGE][PASSED] - Object 'Object Repository/Regression BackOffice/CLINK-17180/Search Client Link' is present

2019-08-01 15:45:33 - [TEST_STEP][PASSED] - click(findTestObject("Regression BackOffice/CLINK-17180/Search Client Link")): Object: 'Object Repository/Regression BackOffice/CLINK-17180/Search Client Link' is clicked on

2019-08-01 15:45:34 - [MESSAGE][PASSED] - Object: 'Object Repository/Regression BackOffice/CLINK-17180/Search Client Link' is clicked on

2019-08-01 15:45:34 - [TEST_STEP][PASSED] - delay(2): Delayed 2 second(s)

2019-08-01 15:45:36 - [MESSAGE][PASSED] - Delayed 2 second(s)

2019-08-01 15:45:36 - [TEST_STEP][PASSED] - switchToDefaultContent(): null

2019-08-01 15:45:36 - [TEST_STEP][PASSED] - switchToWindowUrl(G_BackWindow): Switched to window with url: 'http://qanewpoc.continulink.com:81/backoffice/Client/ClientSearch.aspx?search=true'

2019-08-01 15:45:40 - [MESSAGE][PASSED] - Switched to window with url: 'http://qanewpoc.continulink.com:81/backoffice/Client/ClientSearch.aspx?search=true'

2019-08-01 15:45:40 - [TEST_STEP][PASSED] - waitForPageLoad(60): Wait for page load successfully

2019-08-01 15:45:40 - [MESSAGE][PASSED] - Wait for page load successfully

2019-08-01 15:45:40 - [TEST_STEP][PASSED] - maximizeWindow(): Current window maximized

2019-08-01 15:45:40 - [MESSAGE][PASSED] - Current window maximized

2019-08-01 15:45:40 - [TEST_STEP][PASSED] - waitForElementPresent(findTestObject("Regression BackOffice/CLINK-17180/Last Name"), 50): Object 'Object Repository/Regression BackOffice/CLINK-17180/Last Name' is present

2019-08-01 15:45:40 - [MESSAGE][PASSED] - Object 'Object Repository/Regression BackOffice/CLINK-17180/Last Name' is present

2019-08-01 15:45:40 - [TEST_STEP][PASSED] - sendKeys(findTestObject("Regression BackOffice/CLINK-17180/Last Name"), G_ClientLastName): Keys 'Gege' sent to object: 'Object Repository/Regression BackOffice/CLINK-17180/Last Name'

2019-08-01 15:45:40 - [MESSAGE][PASSED] - Keys 'Gege' sent to object: 'Object Repository/Regression BackOffice/CLINK-17180/Last Name'

2019-08-01 15:45:40 - [TEST_STEP][PASSED] - delay(2): Delayed 2 second(s)

2019-08-01 15:45:42 - [MESSAGE][PASSED] - Delayed 2 second(s)

2019-08-01 15:45:42 - [TEST_STEP][PASSED] - waitForElementPresent(findTestObject("Regression BackOffice/CLINK - 27906/SearchButton"), 50): Object 'Object Repository/Regression BackOffice/CLINK - 27906/SearchButton' is present

2019-08-01 15:45:42 - [MESSAGE][PASSED] - Object 'Object Repository/Regression BackOffice/CLINK - 27906/SearchButton' is present

2019-08-01 15:45:42 - [TEST_STEP][PASSED] - click(findTestObject("Regression BackOffice/CLINK - 27906/SearchButton"), STOP_ON_FAILURE): Object: 'Object Repository/Regression BackOffice/CLINK - 27906/SearchButton' is clicked on

2019-08-01 15:45:43 - [MESSAGE][PASSED] - Object: 'Object Repository/Regression BackOffice/CLINK - 27906/SearchButton' is clicked on

2019-08-01 15:45:43 - [TEST_STEP][PASSED] - delay(2): Delayed 2 second(s)

2019-08-01 15:45:45 - [MESSAGE][PASSED] - Delayed 2 second(s)

2019-08-01 15:45:45 - [TEST_STEP][PASSED] - waitForElementPresent(findTestObject("Regression BackOffice/CLINK - 27906/ClientRollbackLink"), 50): Object 'Object Repository/Regression BackOffice/CLINK - 27906/ClientRollbackLink' is present

2019-08-01 15:45:45 - [MESSAGE][PASSED] - Object 'Object Repository/Regression BackOffice/CLINK - 27906/ClientRollbackLink' is present

2019-08-01 15:45:45 - [TEST_STEP][PASSED] - click(findTestObject("Regression BackOffice/CLINK - 27906/ClientRollbackLink")): Object: 'Object Repository/Regression BackOffice/CLINK - 27906/ClientRollbackLink' is clicked on

2019-08-01 15:45:45 - [MESSAGE][PASSED] - Object: 'Object Repository/Regression BackOffice/CLINK - 27906/ClientRollbackLink' is clicked on

2019-08-01 15:45:45 - [TEST_STEP][PASSED] - switchToDefaultContent(): null

2019-08-01 15:45:49 - [TEST_STEP][PASSED] - switchToFrame(findTestObject("Regression BackOffice/CLNK-23449/FrameMain"), 30): null

2019-08-01 15:45:49 - [TEST_STEP][PASSED] - waitForPageLoad(60): Wait for page load successfully

2019-08-01 15:45:49 - [MESSAGE][PASSED] - Wait for page load successfully

2019-08-01 15:45:49 - [TEST_STEP][PASSED] - delay(2): Delayed 2 second(s)

2019-08-01 15:45:51 - [MESSAGE][PASSED] - Delayed 2 second(s)

2019-08-01 15:45:51 - [TEST_STEP][PASSED] - waitForElementPresent(findTestObject("Regression BackOffice/CLINK-17180/EpisodeAdmisionDetails"), 50): Object 'Object Repository/Regression BackOffice/CLINK-17180/EpisodeAdmisionDetails' is present

2019-08-01 15:45:51 - [MESSAGE][PASSED] - Object 'Object Repository/Regression BackOffice/CLINK-17180/EpisodeAdmisionDetails' is present

2019-08-01 15:45:51 - [TEST_STEP][PASSED] - click(findTestObject("Regression BackOffice/CLINK-17180/EpisodeAdmisionDetails"), STOP_ON_FAILURE): Object: 'Object Repository/Regression BackOffice/CLINK-17180/EpisodeAdmisionDetails' is clicked on

2019-08-01 15:45:51 - [MESSAGE][PASSED] - Object: 'Object Repository/Regression BackOffice/CLINK-17180/EpisodeAdmisionDetails' is clicked on

2019-08-01 15:45:51 - [TEST_STEP][PASSED] - sendKeys(findTestObject("Regression BackOffice/CLINK-17180/EpisodeAdmisionDetails"), Keys.chord(ARROW_DOWN, ENTER)): Keys 'DOWN + ENTER + ' sent to object: 'Object Repository/Regression BackOffice/CLINK-17180/EpisodeAdmisionDetails'

2019-08-01 15:45:51 - [MESSAGE][PASSED] - Keys 'DOWN + ENTER + ' sent to object: 'Object Repository/Regression BackOffice/CLINK-17180/EpisodeAdmisionDetails'

2019-08-01 15:45:51 - [TEST_STEP][PASSED] - delay(3): Delayed 3 second(s)

2019-08-01 15:45:54 - [MESSAGE][PASSED] - Delayed 3 second(s)

2019-08-01 15:45:54 - [TEST_STEP][PASSED] - waitForElementPresent(findTestObject("Regression BackOffice/CLINK-17180/ServiceTypeHHA"), 50): Object 'Object Repository/Regression BackOffice/CLINK-17180/ServiceTypeHHA' is present

2019-08-01 15:45:54 - [MESSAGE][PASSED] - Object 'Object Repository/Regression BackOffice/CLINK-17180/ServiceTypeHHA' is present

2019-08-01 15:45:54 - [TEST_STEP][PASSED] - click(findTestObject("Regression BackOffice/CLINK-17180/ServiceTypeHHA"), STOP_ON_FAILURE): Object: 'Object Repository/Regression BackOffice/CLINK-17180/ServiceTypeHHA' is clicked on

2019-08-01 15:45:54 - [MESSAGE][PASSED] - Object: 'Object Repository/Regression BackOffice/CLINK-17180/ServiceTypeHHA' is clicked on

2019-08-01 15:45:54 - [TEST_STEP][PASSED] - sendKeys(findTestObject("Regression BackOffice/CLINK-17180/ServiceTypeHHA"), Keys.chord(ARROW_DOWN, ARROW_DOWN, ENTER)): Keys 'DOWN + DOWN + ENTER + ' sent to object: 'Object Repository/Regression BackOffice/CLINK-17180/ServiceTypeHHA'

2019-08-01 15:45:54 - [MESSAGE][PASSED] - Keys 'DOWN + DOWN + ENTER + ' sent to object: 'Object Repository/Regression BackOffice/CLINK-17180/ServiceTypeHHA'

2019-08-01 15:45:54 - [TEST_STEP][PASSED] - delay(2): Delayed 2 second(s)

2019-08-01 15:45:56 - [MESSAGE][PASSED] - Delayed 2 second(s)

2019-08-01 15:45:56 - [TEST_STEP][PASSED] - waitForElementPresent(findTestObject("Regression BackOffice/CLINK-17180/GroupSelfPayName"), 50): Object 'Object Repository/Regression BackOffice/CLINK-17180/GroupSelfPayName' is present

2019-08-01 15:45:56 - [MESSAGE][PASSED] - Object 'Object Repository/Regression BackOffice/CLINK-17180/GroupSelfPayName' is present

2019-08-01 15:45:56 - [TEST_STEP][PASSED] - click(findTestObject("Regression BackOffice/CLINK-17180/GroupSelfPayName"), STOP_ON_FAILURE): Object: 'Object Repository/Regression BackOffice/CLINK-17180/GroupSelfPayName' is clicked on

2019-08-01 15:45:56 - [MESSAGE][PASSED] - Object: 'Object Repository/Regression BackOffice/CLINK-17180/GroupSelfPayName' is clicked on

2019-08-01 15:45:56 - [TEST_STEP][PASSED] - sendKeys(findTestObject("Regression BackOffice/CLINK-17180/GroupSelfPayName"), Keys.chord(ARROW_DOWN, ARROW_DOWN, ARROW_DOWN, ENTER)): Keys 'DOWN + DOWN + DOWN + ENTER + ' sent to object: 'Object Repository/Regression BackOffice/CLINK-17180/GroupSelfPayName'

2019-08-01 15:45:56 - [MESSAGE][PASSED] - Keys 'DOWN + DOWN + DOWN + ENTER + ' sent to object: 'Object Repository/Regression BackOffice/CLINK-17180/GroupSelfPayName'

2019-08-01 15:45:56 - [TEST_STEP][PASSED] - waitForElementPresent(findTestObject("Regression BackOffice/CLINK-17180/FromDate"), 50): Object 'Object Repository/Regression BackOffice/CLINK-17180/FromDate' is present

2019-08-01 15:45:56 - [MESSAGE][PASSED] - Object 'Object Repository/Regression BackOffice/CLINK-17180/FromDate' is present

2019-08-01 15:45:56 - [TEST_STEP][PASSED] - setText(findTestObject("Regression BackOffice/CLINK-17180/FromDate"), "01/01/2017"): Text '01/01/2017' is set on object 'Object Repository/Regression BackOffice/CLINK-17180/FromDate'

2019-08-01 15:45:57 - [MESSAGE][PASSED] - Text '01/01/2017' is set on object 'Object Repository/Regression BackOffice/CLINK-17180/FromDate'

2019-08-01 15:45:57 - [TEST_STEP][PASSED] - delay(2): Delayed 2 second(s)

2019-08-01 15:45:59 - [MESSAGE][PASSED] - Delayed 2 second(s)

2019-08-01 15:45:59 - [TEST_STEP][PASSED] - waitForElementPresent(findTestObject("Regression BackOffice/CLINK-17180/ToDate"), 50): Object 'Object Repository/Regression BackOffice/CLINK-17180/ToDate' is present

2019-08-01 15:45:59 - [MESSAGE][PASSED] - Object 'Object Repository/Regression BackOffice/CLINK-17180/ToDate' is present

2019-08-01 15:45:59 - [TEST_STEP][PASSED] - setText(findTestObject("Regression BackOffice/CLINK-17180/ToDate"), getDate.DateUtilities.getDateMonthDayYearNumberwithSlash()): Text '08/01/2019' is set on object 'Object Repository/Regression BackOffice/CLINK-17180/ToDate'

2019-08-01 15:45:59 - [MESSAGE][PASSED] - getDate.DateUtilities.getDateMonthDayYearNumberwithSlash is PASSED

2019-08-01 15:45:59 - [MESSAGE][PASSED] - Text '08/01/2019' is set on object 'Object Repository/Regression BackOffice/CLINK-17180/ToDate'

2019-08-01 15:45:59 - [TEST_STEP][PASSED] - delay(2): Delayed 2 second(s)

2019-08-01 15:46:01 - [MESSAGE][PASSED] - Delayed 2 second(s)

2019-08-01 15:46:01 - [TEST_STEP][PASSED] - waitForElementPresent(findTestObject("Regression BackOffice/CLINK-17180/a_Show Report"), 50): Object 'Object Repository/Regression BackOffice/CLINK-17180/a_Show Report' is present

2019-08-01 15:46:01 - [MESSAGE][PASSED] - Object 'Object Repository/Regression BackOffice/CLINK-17180/a_Show Report' is present

2019-08-01 15:46:01 - [TEST_STEP][PASSED] - click(findTestObject("Regression BackOffice/CLINK-17180/a_Show Report"), STOP_ON_FAILURE): Object: 'Object Repository/Regression BackOffice/CLINK-17180/a_Show Report' is clicked on

2019-08-01 15:46:02 - [MESSAGE][PASSED] - Object: 'Object Repository/Regression BackOffice/CLINK-17180/a_Show Report' is clicked on

2019-08-01 15:46:02 - [TEST_STEP][PASSED] - delay(2): Delayed 2 second(s)

2019-08-01 15:46:04 - [MESSAGE][PASSED] - Delayed 2 second(s)

2019-08-01 15:46:04 - [TEST_STEP][PASSED] - waitForPageLoad(60): Wait for page load successfully

2019-08-01 15:46:04 - [MESSAGE][PASSED] - Wait for page load successfully

2019-08-01 15:46:04 - [TEST_STEP][PASSED] - delay(4): Delayed 4 second(s)

2019-08-01 15:46:08 - [MESSAGE][PASSED] - Delayed 4 second(s)

2019-08-01 15:46:08 - [TEST_STEP][PASSED] - closeBrowser(): Browser is closed

2019-08-01 15:46:08 - [MESSAGE][PASSED] - Browser is closed]]></system-out>
         <system-err><![CDATA[]]></system-err>
      </testcase>
      <testcase name="Test Cases/Regression BackOffice (All Browsers)/CLNK-10620 - BackOffice Medication Profile - Patient Information" classname="Test Cases/Regression BackOffice (All Browsers)/CLNK-10620 - BackOffice Medication Profile - Patient Information" status="PASSED">
         <system-out><![CDATA[2019-08-01 15:46:10 - [TEST_CASE][PASSED] - Test Cases/Regression BackOffice (All Browsers)/CLNK-10620 - BackOffice Medication Profile - Patient Information: Test Cases/Regression BackOffice (All Browsers)/CLNK-10620 - BackOffice Medication Profile - Patient Information

2019-08-01 15:46:11 - [TEST_STEP][PASSED] - callTestCase(findTestCase("Regression BackOffice (All Browsers)/CLNK-23439 - Clink - Back office Client"), [:], STOP_ON_FAILURE): Call Test Case 'Test Cases/Regression BackOffice (All Browsers)/CLNK-23439 - Clink - Back office Client' successfully

2019-08-01 15:46:11 - [TEST_CASE][PASSED] - Test Cases/Regression BackOffice (All Browsers)/CLNK-23439 - Clink - Back office Client: Test Cases/Regression BackOffice (All Browsers)/CLNK-23439 - Clink - Back office Client

2019-08-01 15:46:11 - [TEST_STEP][PASSED] - openBrowser(G_SiteBackOffice): Browser is opened with url: 'http://qanewpoc.continulink.com:81/backoffice/Login.aspx'

2019-08-01 15:46:11 - [MESSAGE][INFO] - Starting 'Chrome' driver

2019-08-01 15:46:18 - [MESSAGE][PASSED] - Browser is opened with url: 'http://qanewpoc.continulink.com:81/backoffice/Login.aspx'

2019-08-01 15:46:18 - [TEST_STEP][PASSED] - waitForPageLoad(60): Wait for page load successfully

2019-08-01 15:46:18 - [MESSAGE][PASSED] - Wait for page load successfully

2019-08-01 15:46:18 - [TEST_STEP][PASSED] - maximizeWindow(): Current window maximized

2019-08-01 15:46:22 - [MESSAGE][PASSED] - Current window maximized

2019-08-01 15:46:22 - [TEST_STEP][PASSED] - setText(findTestObject("Regression BackOffice/Login/UserBackOffice"), G_UserBackOffice): Text 'automation_admin' is set on object 'Object Repository/Regression BackOffice/Login/UserBackOffice'

2019-08-01 15:46:22 - [MESSAGE][PASSED] - Text 'automation_admin' is set on object 'Object Repository/Regression BackOffice/Login/UserBackOffice'

2019-08-01 15:46:22 - [TEST_STEP][PASSED] - setText(findTestObject("Regression BackOffice/Login/PasswordBackOffice"), G_PasswordBackOffice): Text 'qwerty' is set on object 'Object Repository/Regression BackOffice/Login/PasswordBackOffice'

2019-08-01 15:46:22 - [MESSAGE][PASSED] - Text 'qwerty' is set on object 'Object Repository/Regression BackOffice/Login/PasswordBackOffice'

2019-08-01 15:46:22 - [TEST_STEP][PASSED] - click(findTestObject("Regression BackOffice/Login/LoginBackOffice")): Object: 'Object Repository/Regression BackOffice/Login/LoginBackOffice' is clicked on

2019-08-01 15:46:27 - [MESSAGE][PASSED] - Object: 'Object Repository/Regression BackOffice/Login/LoginBackOffice' is clicked on

2019-08-01 15:46:27 - [TEST_STEP][PASSED] - waitForPageLoad(60): Wait for page load successfully

2019-08-01 15:46:27 - [MESSAGE][PASSED] - Wait for page load successfully

2019-08-01 15:46:27 - [TEST_STEP][PASSED] - delay(3): Delayed 3 second(s)

2019-08-01 15:46:30 - [MESSAGE][PASSED] - Delayed 3 second(s)

2019-08-01 15:46:30 - [TEST_STEP][PASSED] - switchToFrame(findTestObject("Regression BackOffice/CLNK-23449/FrameLeft"), 5): null

2019-08-01 15:46:30 - [TEST_STEP][PASSED] - waitForElementPresent(findTestObject("Regression BackOffice/CLNK-23449/ClienIntakeICon"), 60): Object 'Object Repository/Regression BackOffice/CLNK-23449/ClienIntakeICon' is present

2019-08-01 15:46:30 - [MESSAGE][PASSED] - Object 'Object Repository/Regression BackOffice/CLNK-23449/ClienIntakeICon' is present

2019-08-01 15:46:30 - [TEST_STEP][PASSED] - verifyElementPresent(findTestObject("Regression BackOffice/CLNK-23449/ClienIntakeICon"), 100): Object 'Object Repository/Regression BackOffice/CLNK-23449/ClienIntakeICon' is present

2019-08-01 15:46:30 - [MESSAGE][PASSED] - Object 'Object Repository/Regression BackOffice/CLNK-23449/ClienIntakeICon' is present

2019-08-01 15:46:30 - [TEST_STEP][PASSED] - switchToDefaultContent(): null

2019-08-01 15:46:30 - [MESSAGE][PASSED] - Call Test Case 'Test Cases/Regression BackOffice (All Browsers)/CLNK-23439 - Clink - Back office Client' successfully

2019-08-01 15:46:30 - [TEST_STEP][PASSED] - waitForPageLoad(60): Wait for page load successfully

2019-08-01 15:46:30 - [MESSAGE][PASSED] - Wait for page load successfully

2019-08-01 15:46:30 - [TEST_STEP][PASSED] - delay(3): Delayed 3 second(s)

2019-08-01 15:46:33 - [MESSAGE][PASSED] - Delayed 3 second(s)

2019-08-01 15:46:33 - [TEST_STEP][PASSED] - switchToFrame(findTestObject("Regression BackOffice/CLNK-23449/FrameLeft"), 30): null

2019-08-01 15:46:33 - [TEST_STEP][PASSED] - waitForElementPresent(findTestObject("Regression BackOffice/CLNK-23449/ClienIntakeICon"), 100): Object 'Object Repository/Regression BackOffice/CLNK-23449/ClienIntakeICon' is present

2019-08-01 15:46:33 - [MESSAGE][PASSED] - Object 'Object Repository/Regression BackOffice/CLNK-23449/ClienIntakeICon' is present

2019-08-01 15:46:33 - [TEST_STEP][PASSED] - click(findTestObject("Regression BackOffice/CLNK-23449/ClienIntakeICon")): Object: 'Object Repository/Regression BackOffice/CLNK-23449/ClienIntakeICon' is clicked on

2019-08-01 15:46:33 - [MESSAGE][PASSED] - Object: 'Object Repository/Regression BackOffice/CLNK-23449/ClienIntakeICon' is clicked on

2019-08-01 15:46:33 - [TEST_STEP][PASSED] - delay(2): Delayed 2 second(s)

2019-08-01 15:46:35 - [MESSAGE][PASSED] - Delayed 2 second(s)

2019-08-01 15:46:35 - [TEST_STEP][PASSED] - waitForPageLoad(50): Wait for page load successfully

2019-08-01 15:46:35 - [MESSAGE][PASSED] - Wait for page load successfully

2019-08-01 15:46:35 - [TEST_STEP][PASSED] - waitForElementPresent(findTestObject("Regression BackOffice/CLNK-10235/SearchforaClient"), 50): Object 'Object Repository/Regression BackOffice/CLNK-10235/SearchforaClient' is present

2019-08-01 15:46:35 - [MESSAGE][PASSED] - Object 'Object Repository/Regression BackOffice/CLNK-10235/SearchforaClient' is present

2019-08-01 15:46:35 - [TEST_STEP][PASSED] - click(findTestObject("Regression BackOffice/CLNK-10235/SearchforaClient")): Object: 'Object Repository/Regression BackOffice/CLNK-10235/SearchforaClient' is clicked on

2019-08-01 15:46:36 - [MESSAGE][PASSED] - Object: 'Object Repository/Regression BackOffice/CLNK-10235/SearchforaClient' is clicked on

2019-08-01 15:46:36 - [TEST_STEP][PASSED] - delay(2): Delayed 2 second(s)

2019-08-01 15:46:38 - [MESSAGE][PASSED] - Delayed 2 second(s)

2019-08-01 15:46:38 - [TEST_STEP][PASSED] - switchToDefaultContent(): null

2019-08-01 15:46:38 - [TEST_STEP][PASSED] - switchToFrame(findTestObject("Regression BackOffice/CLNK-23449/FrameMain"), 30): null

2019-08-01 15:46:38 - [TEST_STEP][PASSED] - waitForElementPresent(findTestObject("Regression BackOffice/CLNK-10235/FirstNameSearch"), 50): Object 'Object Repository/Regression BackOffice/CLNK-10235/FirstNameSearch' is present

2019-08-01 15:46:38 - [MESSAGE][PASSED] - Object 'Object Repository/Regression BackOffice/CLNK-10235/FirstNameSearch' is present

2019-08-01 15:46:38 - [TEST_STEP][PASSED] - setText(findTestObject("Regression BackOffice/CLNK-10235/FirstNameSearch"), G_ClientFirstName): Text 'Gerardo' is set on object 'Object Repository/Regression BackOffice/CLNK-10235/FirstNameSearch'

2019-08-01 15:46:39 - [MESSAGE][PASSED] - Text 'Gerardo' is set on object 'Object Repository/Regression BackOffice/CLNK-10235/FirstNameSearch'

2019-08-01 15:46:39 - [TEST_STEP][PASSED] - delay(2): Delayed 2 second(s)

2019-08-01 15:46:41 - [MESSAGE][PASSED] - Delayed 2 second(s)

2019-08-01 15:46:41 - [TEST_STEP][PASSED] - waitForElementPresent(findTestObject("Regression BackOffice/CLNK-10235/LastNameSearch"), 50): Object 'Object Repository/Regression BackOffice/CLNK-10235/LastNameSearch' is present

2019-08-01 15:46:41 - [MESSAGE][PASSED] - Object 'Object Repository/Regression BackOffice/CLNK-10235/LastNameSearch' is present

2019-08-01 15:46:41 - [TEST_STEP][PASSED] - setText(findTestObject("Regression BackOffice/CLNK-10235/LastNameSearch"), G_ClientLastName): Text 'Gege' is set on object 'Object Repository/Regression BackOffice/CLNK-10235/LastNameSearch'

2019-08-01 15:46:41 - [MESSAGE][PASSED] - Text 'Gege' is set on object 'Object Repository/Regression BackOffice/CLNK-10235/LastNameSearch'

2019-08-01 15:46:41 - [TEST_STEP][PASSED] - delay(2): Delayed 2 second(s)

2019-08-01 15:46:43 - [MESSAGE][PASSED] - Delayed 2 second(s)

2019-08-01 15:46:43 - [TEST_STEP][PASSED] - waitForElementPresent(findTestObject("Regression BackOffice/CLINK - 27906/SearchButton"), 50): Object 'Object Repository/Regression BackOffice/CLINK - 27906/SearchButton' is present

2019-08-01 15:46:43 - [MESSAGE][PASSED] - Object 'Object Repository/Regression BackOffice/CLINK - 27906/SearchButton' is present

2019-08-01 15:46:43 - [TEST_STEP][PASSED] - click(findTestObject("Regression BackOffice/CLINK - 27906/SearchButton"), STOP_ON_FAILURE): Object: 'Object Repository/Regression BackOffice/CLINK - 27906/SearchButton' is clicked on

2019-08-01 15:46:43 - [MESSAGE][PASSED] - Object: 'Object Repository/Regression BackOffice/CLINK - 27906/SearchButton' is clicked on

2019-08-01 15:46:43 - [TEST_STEP][PASSED] - delay(2): Delayed 2 second(s)

2019-08-01 15:46:45 - [MESSAGE][PASSED] - Delayed 2 second(s)

2019-08-01 15:46:46 - [TEST_STEP][PASSED] - waitForElementPresent(findTestObject("Regression BackOffice/CLINK - 27906/ClientRollbackLink"), 50): Object 'Object Repository/Regression BackOffice/CLINK - 27906/ClientRollbackLink' is present

2019-08-01 15:46:46 - [MESSAGE][PASSED] - Object 'Object Repository/Regression BackOffice/CLINK - 27906/ClientRollbackLink' is present

2019-08-01 15:46:46 - [TEST_STEP][PASSED] - click(findTestObject("Regression BackOffice/CLINK - 27906/ClientRollbackLink"), STOP_ON_FAILURE): Object: 'Object Repository/Regression BackOffice/CLINK - 27906/ClientRollbackLink' is clicked on

2019-08-01 15:46:48 - [MESSAGE][PASSED] - Object: 'Object Repository/Regression BackOffice/CLINK - 27906/ClientRollbackLink' is clicked on

2019-08-01 15:46:48 - [TEST_STEP][PASSED] - delay(2): Delayed 2 second(s)

2019-08-01 15:46:50 - [MESSAGE][PASSED] - Delayed 2 second(s)

2019-08-01 15:46:50 - [TEST_STEP][PASSED] - switchToDefaultContent(): null

2019-08-01 15:46:50 - [TEST_STEP][PASSED] - switchToFrame(findTestObject("Regression BackOffice/CLNK-23449/FrameLeft"), 30): null

2019-08-01 15:46:50 - [TEST_STEP][PASSED] - waitForElementPresent(findTestObject("Regression BackOffice/CLNK-10235/Puntitos"), 50): Object 'Object Repository/Regression BackOffice/CLNK-10235/Puntitos' is present

2019-08-01 15:46:50 - [MESSAGE][PASSED] - Object 'Object Repository/Regression BackOffice/CLNK-10235/Puntitos' is present

2019-08-01 15:46:50 - [TEST_STEP][PASSED] - click(findTestObject("Regression BackOffice/CLNK-10235/Puntitos"), STOP_ON_FAILURE): Object: 'Object Repository/Regression BackOffice/CLNK-10235/Puntitos' is clicked on

2019-08-01 15:46:50 - [MESSAGE][PASSED] - Object: 'Object Repository/Regression BackOffice/CLNK-10235/Puntitos' is clicked on

2019-08-01 15:46:50 - [TEST_STEP][PASSED] - delay(2): Delayed 2 second(s)

2019-08-01 15:46:52 - [MESSAGE][PASSED] - Delayed 2 second(s)

2019-08-01 15:46:52 - [TEST_STEP][PASSED] - waitForPageLoad(50): Wait for page load successfully

2019-08-01 15:46:52 - [MESSAGE][PASSED] - Wait for page load successfully

2019-08-01 15:46:52 - [TEST_STEP][PASSED] - waitForElementPresent(findTestObject("Regression BackOffice/CLNK-10235/ClientIntakeClose"), 100): Object 'Object Repository/Regression BackOffice/CLNK-10235/ClientIntakeClose' is present

2019-08-01 15:46:52 - [MESSAGE][PASSED] - Object 'Object Repository/Regression BackOffice/CLNK-10235/ClientIntakeClose' is present

2019-08-01 15:46:52 - [TEST_STEP][PASSED] - click(findTestObject("Regression BackOffice/CLNK-10235/ClientIntakeClose")): Object: 'Object Repository/Regression BackOffice/CLNK-10235/ClientIntakeClose' is clicked on

2019-08-01 15:46:52 - [MESSAGE][PASSED] - Object: 'Object Repository/Regression BackOffice/CLNK-10235/ClientIntakeClose' is clicked on

2019-08-01 15:46:52 - [TEST_STEP][PASSED] - delay(2): Delayed 2 second(s)

2019-08-01 15:46:54 - [MESSAGE][PASSED] - Delayed 2 second(s)

2019-08-01 15:46:54 - [TEST_STEP][PASSED] - waitForElementPresent(findTestObject("Regression BackOffice/CLINK-10620/ClinicalLink"), 100): Object 'Object Repository/Regression BackOffice/CLINK-10620/ClinicalLink' is present

2019-08-01 15:46:54 - [MESSAGE][PASSED] - Object 'Object Repository/Regression BackOffice/CLINK-10620/ClinicalLink' is present

2019-08-01 15:46:54 - [TEST_STEP][PASSED] - click(findTestObject("Regression BackOffice/CLINK-10620/ClinicalLink")): Object: 'Object Repository/Regression BackOffice/CLINK-10620/ClinicalLink' is clicked on

2019-08-01 15:46:54 - [MESSAGE][PASSED] - Object: 'Object Repository/Regression BackOffice/CLINK-10620/ClinicalLink' is clicked on

2019-08-01 15:46:54 - [TEST_STEP][PASSED] - delay(2): Delayed 2 second(s)

2019-08-01 15:46:56 - [MESSAGE][PASSED] - Delayed 2 second(s)

2019-08-01 15:46:56 - [TEST_STEP][PASSED] - scrollToElement(findTestObject("Regression BackOffice/CLINK-10620/Medication ProfileLink"), 50): Scroll to object 'Object Repository/Regression BackOffice/CLINK-10620/Medication ProfileLink' successfully

2019-08-01 15:46:56 - [MESSAGE][PASSED] - Scroll to object 'Object Repository/Regression BackOffice/CLINK-10620/Medication ProfileLink' successfully

2019-08-01 15:46:56 - [TEST_STEP][PASSED] - click(findTestObject("Regression BackOffice/CLINK-10620/Medication ProfileLink")): Object: 'Object Repository/Regression BackOffice/CLINK-10620/Medication ProfileLink' is clicked on

2019-08-01 15:46:59 - [MESSAGE][PASSED] - Object: 'Object Repository/Regression BackOffice/CLINK-10620/Medication ProfileLink' is clicked on

2019-08-01 15:46:59 - [TEST_STEP][PASSED] - delay(3): Delayed 3 second(s)

2019-08-01 15:47:02 - [MESSAGE][PASSED] - Delayed 3 second(s)

2019-08-01 15:47:02 - [TEST_STEP][PASSED] - switchToDefaultContent(): null

2019-08-01 15:47:02 - [TEST_STEP][PASSED] - switchToFrame(findTestObject("Regression BackOffice/CLNK-23449/FrameMain"), 30): null

2019-08-01 15:47:02 - [TEST_STEP][PASSED] - waitForPageLoad(50): Wait for page load successfully

2019-08-01 15:47:02 - [MESSAGE][PASSED] - Wait for page load successfully

2019-08-01 15:47:02 - [TEST_STEP][PASSED] - delay(3): Delayed 3 second(s)

2019-08-01 15:47:05 - [MESSAGE][PASSED] - Delayed 3 second(s)

2019-08-01 15:47:05 - [TEST_STEP][PASSED] - waitForElementPresent(findTestObject("Regression BackOffice/CLINK-10620/MedboxChk"), 100): Object 'Object Repository/Regression BackOffice/CLINK-10620/MedboxChk' is present

2019-08-01 15:47:05 - [MESSAGE][PASSED] - Object 'Object Repository/Regression BackOffice/CLINK-10620/MedboxChk' is present

2019-08-01 15:47:05 - [TEST_STEP][PASSED] - click(findTestObject("Regression BackOffice/CLINK-10620/MedboxChk")): Object: 'Object Repository/Regression BackOffice/CLINK-10620/MedboxChk' is clicked on

2019-08-01 15:47:05 - [MESSAGE][PASSED] - Object: 'Object Repository/Regression BackOffice/CLINK-10620/MedboxChk' is clicked on

2019-08-01 15:47:05 - [TEST_STEP][PASSED] - delay(2): Delayed 2 second(s)

2019-08-01 15:47:07 - [MESSAGE][PASSED] - Delayed 2 second(s)

2019-08-01 15:47:07 - [TEST_STEP][PASSED] - waitForElementPresent(findTestObject("Regression BackOffice/CLINK-10620/AddAPharmacy."), 50): Object 'Object Repository/Regression BackOffice/CLINK-10620/AddAPharmacy.' is present

2019-08-01 15:47:07 - [MESSAGE][PASSED] - Object 'Object Repository/Regression BackOffice/CLINK-10620/AddAPharmacy.' is present

2019-08-01 15:47:07 - [TEST_STEP][PASSED] - click(findTestObject("Regression BackOffice/CLINK-10620/AddAPharmacy.")): Object: 'Object Repository/Regression BackOffice/CLINK-10620/AddAPharmacy.' is clicked on

2019-08-01 15:47:07 - [MESSAGE][PASSED] - Object: 'Object Repository/Regression BackOffice/CLINK-10620/AddAPharmacy.' is clicked on

2019-08-01 15:47:07 - [TEST_STEP][PASSED] - delay(2): Delayed 2 second(s)

2019-08-01 15:47:09 - [MESSAGE][PASSED] - Delayed 2 second(s)

2019-08-01 15:47:09 - [TEST_STEP][PASSED] - waitForElementVisible(findTestObject("Regression BackOffice/CLINK-10620/PharmacyName"), 50): Object 'Object Repository/Regression BackOffice/CLINK-10620/PharmacyName' is visible

2019-08-01 15:47:09 - [MESSAGE][PASSED] - Object 'Object Repository/Regression BackOffice/CLINK-10620/PharmacyName' is visible

2019-08-01 15:47:09 - [TEST_STEP][PASSED] - setText(findTestObject("Regression BackOffice/CLINK-10620/PharmacyName"), "Lo encontre"): Text 'Lo encontre' is set on object 'Object Repository/Regression BackOffice/CLINK-10620/PharmacyName'

2019-08-01 15:47:10 - [MESSAGE][PASSED] - Text 'Lo encontre' is set on object 'Object Repository/Regression BackOffice/CLINK-10620/PharmacyName'

2019-08-01 15:47:10 - [TEST_STEP][PASSED] - delay(2): Delayed 2 second(s)

2019-08-01 15:47:12 - [MESSAGE][PASSED] - Delayed 2 second(s)

2019-08-01 15:47:12 - [TEST_STEP][PASSED] - waitForElementVisible(findTestObject("Regression BackOffice/CLINK-10620/PharmacyPhone"), 50): Object 'Object Repository/Regression BackOffice/CLINK-10620/PharmacyPhone' is visible

2019-08-01 15:47:12 - [MESSAGE][PASSED] - Object 'Object Repository/Regression BackOffice/CLINK-10620/PharmacyPhone' is visible

2019-08-01 15:47:12 - [TEST_STEP][PASSED] - setText(findTestObject("Regression BackOffice/CLINK-10620/PharmacyPhone"), "4586957555"): Text '4586957555' is set on object 'Object Repository/Regression BackOffice/CLINK-10620/PharmacyPhone'

2019-08-01 15:47:12 - [MESSAGE][PASSED] - Text '4586957555' is set on object 'Object Repository/Regression BackOffice/CLINK-10620/PharmacyPhone'

2019-08-01 15:47:12 - [TEST_STEP][PASSED] - delay(4): Delayed 4 second(s)

2019-08-01 15:47:16 - [MESSAGE][PASSED] - Delayed 4 second(s)

2019-08-01 15:47:16 - [TEST_STEP][PASSED] - waitForElementPresent(findTestObject("Regression BackOffice/CLINK-10620/SaveButton"), 50): Object 'Object Repository/Regression BackOffice/CLINK-10620/SaveButton' is present

2019-08-01 15:47:16 - [MESSAGE][PASSED] - Object 'Object Repository/Regression BackOffice/CLINK-10620/SaveButton' is present

2019-08-01 15:47:16 - [TEST_STEP][PASSED] - click(findTestObject("Regression BackOffice/CLINK-10620/SaveButton")): Object: 'Object Repository/Regression BackOffice/CLINK-10620/SaveButton' is clicked on

2019-08-01 15:47:16 - [MESSAGE][PASSED] - Object: 'Object Repository/Regression BackOffice/CLINK-10620/SaveButton' is clicked on

2019-08-01 15:47:16 - [TEST_STEP][PASSED] - delay(2): Delayed 2 second(s)

2019-08-01 15:47:18 - [MESSAGE][PASSED] - Delayed 2 second(s)

2019-08-01 15:47:18 - [TEST_STEP][PASSED] - closeBrowser(): Browser is closed

2019-08-01 15:47:19 - [MESSAGE][PASSED] - Browser is closed]]></system-out>
         <system-err><![CDATA[]]></system-err>
      </testcase>
      <testcase name="Test Cases/Regression BackOffice (All Browsers)/CLNK-27759 - Security Roles - SOX Audit" classname="Test Cases/Regression BackOffice (All Browsers)/CLNK-27759 - Security Roles - SOX Audit" status="PASSED">
         <system-out><![CDATA[2019-08-01 15:47:21 - [TEST_CASE][PASSED] - Test Cases/Regression BackOffice (All Browsers)/CLNK-27759 - Security Roles - SOX Audit: Test Cases/Regression BackOffice (All Browsers)/CLNK-27759 - Security Roles - SOX Audit

2019-08-01 15:47:22 - [TEST_STEP][PASSED] - callTestCase(findTestCase("Regression BackOffice (All Browsers)/CLNK-23439 - Clink - Back office Client"), [:], STOP_ON_FAILURE): Call Test Case 'Test Cases/Regression BackOffice (All Browsers)/CLNK-23439 - Clink - Back office Client' successfully

2019-08-01 15:47:22 - [TEST_CASE][PASSED] - Test Cases/Regression BackOffice (All Browsers)/CLNK-23439 - Clink - Back office Client: Test Cases/Regression BackOffice (All Browsers)/CLNK-23439 - Clink - Back office Client

2019-08-01 15:47:22 - [TEST_STEP][PASSED] - openBrowser(G_SiteBackOffice): Browser is opened with url: 'http://qanewpoc.continulink.com:81/backoffice/Login.aspx'

2019-08-01 15:47:22 - [MESSAGE][INFO] - Starting 'Chrome' driver

2019-08-01 15:47:29 - [MESSAGE][PASSED] - Browser is opened with url: 'http://qanewpoc.continulink.com:81/backoffice/Login.aspx'

2019-08-01 15:47:29 - [TEST_STEP][PASSED] - waitForPageLoad(60): Wait for page load successfully

2019-08-01 15:47:29 - [MESSAGE][PASSED] - Wait for page load successfully

2019-08-01 15:47:29 - [TEST_STEP][PASSED] - maximizeWindow(): Current window maximized

2019-08-01 15:47:33 - [MESSAGE][PASSED] - Current window maximized

2019-08-01 15:47:33 - [TEST_STEP][PASSED] - setText(findTestObject("Regression BackOffice/Login/UserBackOffice"), G_UserBackOffice): Text 'automation_admin' is set on object 'Object Repository/Regression BackOffice/Login/UserBackOffice'

2019-08-01 15:47:33 - [MESSAGE][PASSED] - Text 'automation_admin' is set on object 'Object Repository/Regression BackOffice/Login/UserBackOffice'

2019-08-01 15:47:33 - [TEST_STEP][PASSED] - setText(findTestObject("Regression BackOffice/Login/PasswordBackOffice"), G_PasswordBackOffice): Text 'qwerty' is set on object 'Object Repository/Regression BackOffice/Login/PasswordBackOffice'

2019-08-01 15:47:33 - [MESSAGE][PASSED] - Text 'qwerty' is set on object 'Object Repository/Regression BackOffice/Login/PasswordBackOffice'

2019-08-01 15:47:33 - [TEST_STEP][PASSED] - click(findTestObject("Regression BackOffice/Login/LoginBackOffice")): Object: 'Object Repository/Regression BackOffice/Login/LoginBackOffice' is clicked on

2019-08-01 15:47:38 - [MESSAGE][PASSED] - Object: 'Object Repository/Regression BackOffice/Login/LoginBackOffice' is clicked on

2019-08-01 15:47:38 - [TEST_STEP][PASSED] - waitForPageLoad(60): Wait for page load successfully

2019-08-01 15:47:38 - [MESSAGE][PASSED] - Wait for page load successfully

2019-08-01 15:47:38 - [TEST_STEP][PASSED] - delay(3): Delayed 3 second(s)

2019-08-01 15:47:41 - [MESSAGE][PASSED] - Delayed 3 second(s)

2019-08-01 15:47:41 - [TEST_STEP][PASSED] - switchToFrame(findTestObject("Regression BackOffice/CLNK-23449/FrameLeft"), 5): null

2019-08-01 15:47:41 - [TEST_STEP][PASSED] - waitForElementPresent(findTestObject("Regression BackOffice/CLNK-23449/ClienIntakeICon"), 60): Object 'Object Repository/Regression BackOffice/CLNK-23449/ClienIntakeICon' is present

2019-08-01 15:47:41 - [MESSAGE][PASSED] - Object 'Object Repository/Regression BackOffice/CLNK-23449/ClienIntakeICon' is present

2019-08-01 15:47:41 - [TEST_STEP][PASSED] - verifyElementPresent(findTestObject("Regression BackOffice/CLNK-23449/ClienIntakeICon"), 100): Object 'Object Repository/Regression BackOffice/CLNK-23449/ClienIntakeICon' is present

2019-08-01 15:47:41 - [MESSAGE][PASSED] - Object 'Object Repository/Regression BackOffice/CLNK-23449/ClienIntakeICon' is present

2019-08-01 15:47:41 - [TEST_STEP][PASSED] - switchToDefaultContent(): null

2019-08-01 15:47:41 - [MESSAGE][PASSED] - Call Test Case 'Test Cases/Regression BackOffice (All Browsers)/CLNK-23439 - Clink - Back office Client' successfully

2019-08-01 15:47:41 - [TEST_STEP][PASSED] - waitForPageLoad(60): Wait for page load successfully

2019-08-01 15:47:41 - [MESSAGE][PASSED] - Wait for page load successfully

2019-08-01 15:47:41 - [TEST_STEP][PASSED] - delay(3): Delayed 3 second(s)

2019-08-01 15:47:44 - [MESSAGE][PASSED] - Delayed 3 second(s)

2019-08-01 15:47:44 - [TEST_STEP][PASSED] - switchToFrame(findTestObject("Regression BackOffice/CLNK-23449/FrameLeft"), 30): null

2019-08-01 15:47:44 - [TEST_STEP][PASSED] - waitForElementPresent(findTestObject("Regression BackOffice/CLINK-27759/AdministratorsTab"), 100): Object 'Object Repository/Regression BackOffice/CLINK-27759/AdministratorsTab' is present

2019-08-01 15:47:45 - [MESSAGE][PASSED] - Object 'Object Repository/Regression BackOffice/CLINK-27759/AdministratorsTab' is present

2019-08-01 15:47:45 - [TEST_STEP][PASSED] - click(findTestObject("Regression BackOffice/CLINK-27759/AdministratorsTab")): Object: 'Object Repository/Regression BackOffice/CLINK-27759/AdministratorsTab' is clicked on

2019-08-01 15:47:45 - [MESSAGE][PASSED] - Object: 'Object Repository/Regression BackOffice/CLINK-27759/AdministratorsTab' is clicked on

2019-08-01 15:47:45 - [TEST_STEP][PASSED] - delay(2): Delayed 2 second(s)

2019-08-01 15:47:47 - [MESSAGE][PASSED] - Delayed 2 second(s)

2019-08-01 15:47:47 - [TEST_STEP][PASSED] - waitForPageLoad(50): Wait for page load successfully

2019-08-01 15:47:47 - [MESSAGE][PASSED] - Wait for page load successfully

2019-08-01 15:47:47 - [TEST_STEP][PASSED] - waitForElementPresent(findTestObject("Regression BackOffice/CLINK-27759/AdminSystemSettingsLink"), 50): Object 'Object Repository/Regression BackOffice/CLINK-27759/AdminSystemSettingsLink' is present

2019-08-01 15:47:47 - [MESSAGE][PASSED] - Object 'Object Repository/Regression BackOffice/CLINK-27759/AdminSystemSettingsLink' is present

2019-08-01 15:47:47 - [TEST_STEP][PASSED] - click(findTestObject("Regression BackOffice/CLINK-27759/AdminSystemSettingsLink")): Object: 'Object Repository/Regression BackOffice/CLINK-27759/AdminSystemSettingsLink' is clicked on

2019-08-01 15:47:47 - [MESSAGE][PASSED] - Object: 'Object Repository/Regression BackOffice/CLINK-27759/AdminSystemSettingsLink' is clicked on

2019-08-01 15:47:47 - [TEST_STEP][PASSED] - delay(2): Delayed 2 second(s)

2019-08-01 15:47:49 - [MESSAGE][PASSED] - Delayed 2 second(s)

2019-08-01 15:47:49 - [TEST_STEP][PASSED] - scrollToElement(findTestObject("Regression BackOffice/CLINK-27759/AdministratorReportsLink"), 50): Scroll to object 'Object Repository/Regression BackOffice/CLINK-27759/AdministratorReportsLink' successfully

2019-08-01 15:47:49 - [MESSAGE][PASSED] - Scroll to object 'Object Repository/Regression BackOffice/CLINK-27759/AdministratorReportsLink' successfully

2019-08-01 15:47:49 - [TEST_STEP][PASSED] - waitForElementPresent(findTestObject("Regression BackOffice/CLINK-27759/AdministratorReportsLink"), 50): Object 'Object Repository/Regression BackOffice/CLINK-27759/AdministratorReportsLink' is present

2019-08-01 15:47:49 - [MESSAGE][PASSED] - Object 'Object Repository/Regression BackOffice/CLINK-27759/AdministratorReportsLink' is present

2019-08-01 15:47:49 - [TEST_STEP][PASSED] - click(findTestObject("Regression BackOffice/CLINK-27759/AdministratorReportsLink")): Object: 'Object Repository/Regression BackOffice/CLINK-27759/AdministratorReportsLink' is clicked on

2019-08-01 15:47:50 - [MESSAGE][PASSED] - Object: 'Object Repository/Regression BackOffice/CLINK-27759/AdministratorReportsLink' is clicked on

2019-08-01 15:47:50 - [TEST_STEP][PASSED] - delay(2): Delayed 2 second(s)

2019-08-01 15:47:52 - [MESSAGE][PASSED] - Delayed 2 second(s)

2019-08-01 15:47:52 - [TEST_STEP][PASSED] - switchToDefaultContent(): null

2019-08-01 15:47:52 - [TEST_STEP][PASSED] - switchToFrame(findTestObject("Regression BackOffice/CLNK-23449/FrameMain"), 30): null

2019-08-01 15:47:52 - [TEST_STEP][PASSED] - waitForPageLoad(50): Wait for page load successfully

2019-08-01 15:47:52 - [MESSAGE][PASSED] - Wait for page load successfully

2019-08-01 15:47:52 - [TEST_STEP][PASSED] - waitForElementPresent(findTestObject("Regression BackOffice/CLINK-27759/RoleAccessSecurityReportLink"), 50): Object 'Object Repository/Regression BackOffice/CLINK-27759/RoleAccessSecurityReportLink' is present

2019-08-01 15:47:53 - [MESSAGE][PASSED] - Object 'Object Repository/Regression BackOffice/CLINK-27759/RoleAccessSecurityReportLink' is present

2019-08-01 15:47:53 - [TEST_STEP][PASSED] - click(findTestObject("Regression BackOffice/CLINK-27759/RoleAccessSecurityReportLink")): Object: 'Object Repository/Regression BackOffice/CLINK-27759/RoleAccessSecurityReportLink' is clicked on

2019-08-01 15:47:58 - [MESSAGE][PASSED] - Object: 'Object Repository/Regression BackOffice/CLINK-27759/RoleAccessSecurityReportLink' is clicked on

2019-08-01 15:47:58 - [TEST_STEP][PASSED] - delay(2): Delayed 2 second(s)

2019-08-01 15:48:00 - [MESSAGE][PASSED] - Delayed 2 second(s)

2019-08-01 15:48:00 - [TEST_STEP][PASSED] - waitForPageLoad(50): Wait for page load successfully

2019-08-01 15:48:00 - [MESSAGE][PASSED] - Wait for page load successfully

2019-08-01 15:48:00 - [TEST_STEP][PASSED] - waitForElementPresent(findTestObject("Regression BackOffice/CLINK-27759/AutoBUCheck"), 50): Object 'Object Repository/Regression BackOffice/CLINK-27759/AutoBUCheck' is present

2019-08-01 15:48:00 - [MESSAGE][PASSED] - Object 'Object Repository/Regression BackOffice/CLINK-27759/AutoBUCheck' is present

2019-08-01 15:48:00 - [TEST_STEP][PASSED] - click(findTestObject("Regression BackOffice/CLINK-27759/AutoBUCheck")): Object: 'Object Repository/Regression BackOffice/CLINK-27759/AutoBUCheck' is clicked on

2019-08-01 15:48:00 - [MESSAGE][PASSED] - Object: 'Object Repository/Regression BackOffice/CLINK-27759/AutoBUCheck' is clicked on

2019-08-01 15:48:00 - [TEST_STEP][PASSED] - delay(2): Delayed 2 second(s)

2019-08-01 15:48:02 - [MESSAGE][PASSED] - Delayed 2 second(s)

2019-08-01 15:48:02 - [TEST_STEP][PASSED] - waitForElementPresent(findTestObject("Regression BackOffice/CLINK-27759/SpecificUser"), 50): Object 'Object Repository/Regression BackOffice/CLINK-27759/SpecificUser' is present

2019-08-01 15:48:02 - [MESSAGE][PASSED] - Object 'Object Repository/Regression BackOffice/CLINK-27759/SpecificUser' is present

2019-08-01 15:48:02 - [TEST_STEP][PASSED] - focus(findTestObject("Regression BackOffice/CLINK-27759/SpecificUser")): Object: 'Object Repository/Regression BackOffice/CLINK-27759/SpecificUser' is focused

2019-08-01 15:48:02 - [MESSAGE][PASSED] - Object: 'Object Repository/Regression BackOffice/CLINK-27759/SpecificUser' is focused

2019-08-01 15:48:02 - [TEST_STEP][PASSED] - click(findTestObject("Regression BackOffice/CLINK-27759/SpecificUser")): Object: 'Object Repository/Regression BackOffice/CLINK-27759/SpecificUser' is clicked on

2019-08-01 15:48:02 - [MESSAGE][PASSED] - Object: 'Object Repository/Regression BackOffice/CLINK-27759/SpecificUser' is clicked on

2019-08-01 15:48:02 - [TEST_STEP][PASSED] - setText(findTestObject("Regression BackOffice/CLINK-27759/SpecificUser"), G_CareGiverLastName): Text 'Ferrante' is set on object 'Object Repository/Regression BackOffice/CLINK-27759/SpecificUser'

2019-08-01 15:48:02 - [MESSAGE][PASSED] - Text 'Ferrante' is set on object 'Object Repository/Regression BackOffice/CLINK-27759/SpecificUser'

2019-08-01 15:48:02 - [TEST_STEP][PASSED] - delay(2): Delayed 2 second(s)

2019-08-01 15:48:04 - [MESSAGE][PASSED] - Delayed 2 second(s)

2019-08-01 15:48:04 - [TEST_STEP][PASSED] - sendKeys(findTestObject("Regression BackOffice/CLINK-27759/SpecificUser"), Keys.chord(ARROW_DOWN, ENTER)): Keys 'DOWN + ENTER + ' sent to object: 'Object Repository/Regression BackOffice/CLINK-27759/SpecificUser'

2019-08-01 15:48:04 - [MESSAGE][PASSED] - Keys 'DOWN + ENTER + ' sent to object: 'Object Repository/Regression BackOffice/CLINK-27759/SpecificUser'

2019-08-01 15:48:04 - [TEST_STEP][PASSED] - delay(2): Delayed 2 second(s)

2019-08-01 15:48:06 - [MESSAGE][PASSED] - Delayed 2 second(s)

2019-08-01 15:48:06 - [TEST_STEP][PASSED] - waitForElementPresent(findTestObject("Regression BackOffice/CLINK-27759/ShowReportLink"), 50): Object 'Object Repository/Regression BackOffice/CLINK-27759/ShowReportLink' is present

2019-08-01 15:48:06 - [MESSAGE][PASSED] - Object 'Object Repository/Regression BackOffice/CLINK-27759/ShowReportLink' is present

2019-08-01 15:48:06 - [TEST_STEP][PASSED] - click(findTestObject("Regression BackOffice/CLINK-27759/ShowReportLink")): Object: 'Object Repository/Regression BackOffice/CLINK-27759/ShowReportLink' is clicked on

2019-08-01 15:48:07 - [MESSAGE][PASSED] - Object: 'Object Repository/Regression BackOffice/CLINK-27759/ShowReportLink' is clicked on

2019-08-01 15:48:07 - [TEST_STEP][PASSED] - delay(2): Delayed 2 second(s)

2019-08-01 15:48:09 - [MESSAGE][PASSED] - Delayed 2 second(s)

2019-08-01 15:48:09 - [TEST_STEP][PASSED] - delay(2): Delayed 2 second(s)

2019-08-01 15:48:11 - [MESSAGE][PASSED] - Delayed 2 second(s)

2019-08-01 15:48:11 - [TEST_STEP][PASSED] - waitForElementPresent(findTestObject("Regression BackOffice/CLINK-27759/ExportToLink"), 50): Object 'Object Repository/Regression BackOffice/CLINK-27759/ExportToLink' is present

2019-08-01 15:48:11 - [MESSAGE][PASSED] - Object 'Object Repository/Regression BackOffice/CLINK-27759/ExportToLink' is present

2019-08-01 15:48:11 - [TEST_STEP][PASSED] - focus(findTestObject("Regression BackOffice/CLINK-27759/ExportToLink")): Object: 'Object Repository/Regression BackOffice/CLINK-27759/ExportToLink' is focused

2019-08-01 15:48:12 - [MESSAGE][PASSED] - Object: 'Object Repository/Regression BackOffice/CLINK-27759/ExportToLink' is focused

2019-08-01 15:48:12 - [TEST_STEP][PASSED] - click(findTestObject("Regression BackOffice/CLINK-27759/ExportToLink")): Object: 'Object Repository/Regression BackOffice/CLINK-27759/ExportToLink' is clicked on

2019-08-01 15:48:12 - [MESSAGE][PASSED] - Object: 'Object Repository/Regression BackOffice/CLINK-27759/ExportToLink' is clicked on

2019-08-01 15:48:12 - [TEST_STEP][PASSED] - delay(2): Delayed 2 second(s)

2019-08-01 15:48:14 - [MESSAGE][PASSED] - Delayed 2 second(s)

2019-08-01 15:48:14 - [TEST_STEP][PASSED] - sendKeys(findTestObject("Regression BackOffice/CLINK-27759/ExportToLink"), Keys.chord(ARROW_DOWN, ENTER)): Keys 'DOWN + ENTER + ' sent to object: 'Object Repository/Regression BackOffice/CLINK-27759/ExportToLink'

2019-08-01 15:48:14 - [MESSAGE][PASSED] - Keys 'DOWN + ENTER + ' sent to object: 'Object Repository/Regression BackOffice/CLINK-27759/ExportToLink'

2019-08-01 15:48:14 - [TEST_STEP][PASSED] - delay(2): Delayed 2 second(s)

2019-08-01 15:48:16 - [MESSAGE][PASSED] - Delayed 2 second(s)

2019-08-01 15:48:16 - [TEST_STEP][PASSED] - waitForElementPresent(findTestObject("Regression BackOffice/CLINK-27759/ExportToFile"), 50): Object 'Object Repository/Regression BackOffice/CLINK-27759/ExportToFile' is present

2019-08-01 15:48:16 - [MESSAGE][PASSED] - Object 'Object Repository/Regression BackOffice/CLINK-27759/ExportToFile' is present

2019-08-01 15:48:16 - [TEST_STEP][PASSED] - click(findTestObject("Regression BackOffice/CLINK-27759/ExportToFile")): Object: 'Object Repository/Regression BackOffice/CLINK-27759/ExportToFile' is clicked on

2019-08-01 15:48:17 - [MESSAGE][PASSED] - Object: 'Object Repository/Regression BackOffice/CLINK-27759/ExportToFile' is clicked on

2019-08-01 15:48:17 - [TEST_STEP][PASSED] - delay(2): Delayed 2 second(s)

2019-08-01 15:48:19 - [MESSAGE][PASSED] - Delayed 2 second(s)

2019-08-01 15:48:19 - [TEST_STEP][PASSED] - waitForElementPresent(findTestObject("Regression BackOffice/CLINK-27759/ResetLink"), 50): Object 'Object Repository/Regression BackOffice/CLINK-27759/ResetLink' is present

2019-08-01 15:48:19 - [MESSAGE][PASSED] - Object 'Object Repository/Regression BackOffice/CLINK-27759/ResetLink' is present

2019-08-01 15:48:19 - [TEST_STEP][PASSED] - click(findTestObject("Regression BackOffice/CLINK-27759/ResetLink")): Object: 'Object Repository/Regression BackOffice/CLINK-27759/ResetLink' is clicked on

2019-08-01 15:48:19 - [MESSAGE][PASSED] - Object: 'Object Repository/Regression BackOffice/CLINK-27759/ResetLink' is clicked on

2019-08-01 15:48:19 - [TEST_STEP][PASSED] - delay(2): Delayed 2 second(s)

2019-08-01 15:48:21 - [MESSAGE][PASSED] - Delayed 2 second(s)

2019-08-01 15:48:21 - [TEST_STEP][NOT_RUN] - waitForElementPresent(findTestObject("Regression BackOffice/CLINK-27759/AutoBUCheck"), 50): NOT_RUN: waitForElementPresent(findTestObject("Regression BackOffice/CLINK-27759/AutoBUCheck"), 50)

2019-08-01 15:48:21 - [MESSAGE][NOT_RUN] - NOT_RUN: waitForElementPresent(findTestObject("Regression BackOffice/CLINK-27759/AutoBUCheck"), 50)

2019-08-01 15:48:21 - [TEST_STEP][NOT_RUN] - click(findTestObject("Regression BackOffice/CLINK-27759/AutoBUCheck")): NOT_RUN: click(findTestObject("Regression BackOffice/CLINK-27759/AutoBUCheck"))

2019-08-01 15:48:21 - [MESSAGE][NOT_RUN] - NOT_RUN: click(findTestObject("Regression BackOffice/CLINK-27759/AutoBUCheck"))

2019-08-01 15:48:21 - [TEST_STEP][NOT_RUN] - delay(2): NOT_RUN: delay(2)

2019-08-01 15:48:21 - [MESSAGE][NOT_RUN] - NOT_RUN: delay(2)

2019-08-01 15:48:21 - [TEST_STEP][NOT_RUN] - waitForElementPresent(findTestObject("Regression BackOffice/CLINK-27759/SpecificUser"), 50): NOT_RUN: waitForElementPresent(findTestObject("Regression BackOffice/CLINK-27759/SpecificUser"), 50)

2019-08-01 15:48:21 - [MESSAGE][NOT_RUN] - NOT_RUN: waitForElementPresent(findTestObject("Regression BackOffice/CLINK-27759/SpecificUser"), 50)

2019-08-01 15:48:21 - [TEST_STEP][NOT_RUN] - focus(findTestObject("Regression BackOffice/CLINK-27759/SpecificUser")): NOT_RUN: focus(findTestObject("Regression BackOffice/CLINK-27759/SpecificUser"))

2019-08-01 15:48:21 - [MESSAGE][NOT_RUN] - NOT_RUN: focus(findTestObject("Regression BackOffice/CLINK-27759/SpecificUser"))

2019-08-01 15:48:21 - [TEST_STEP][NOT_RUN] - click(findTestObject("Regression BackOffice/CLINK-27759/SpecificUser")): NOT_RUN: click(findTestObject("Regression BackOffice/CLINK-27759/SpecificUser"))

2019-08-01 15:48:21 - [MESSAGE][NOT_RUN] - NOT_RUN: click(findTestObject("Regression BackOffice/CLINK-27759/SpecificUser"))

2019-08-01 15:48:21 - [TEST_STEP][NOT_RUN] - setText(findTestObject("Regression BackOffice/CLINK-27759/SpecificUser"), "Test"): NOT_RUN: setText(findTestObject("Regression BackOffice/CLINK-27759/SpecificUser"), "Test")

2019-08-01 15:48:21 - [MESSAGE][NOT_RUN] - NOT_RUN: setText(findTestObject("Regression BackOffice/CLINK-27759/SpecificUser"), "Test")

2019-08-01 15:48:21 - [TEST_STEP][NOT_RUN] - delay(2): NOT_RUN: delay(2)

2019-08-01 15:48:21 - [MESSAGE][NOT_RUN] - NOT_RUN: delay(2)

2019-08-01 15:48:21 - [TEST_STEP][NOT_RUN] - sendKeys(findTestObject("Regression BackOffice/CLINK-27759/SpecificUser"), Keys.chord(ARROW_DOWN, ARROW_DOWN, ARROW_DOWN, ARROW_DOWN, ARROW_DOWN, ARROW_DOWN, ARROW_DOWN, ENTER)): NOT_RUN: sendKeys(findTestObject("Regression BackOffice/CLINK-27759/SpecificUser"), Keys.chord(ARROW_DOWN, ARROW_DOWN, ARROW_DOWN, ARROW_DOWN, ARROW_DOWN, ARROW_DOWN, ARROW_DOWN, ENTER))

2019-08-01 15:48:21 - [MESSAGE][NOT_RUN] - NOT_RUN: sendKeys(findTestObject("Regression BackOffice/CLINK-27759/SpecificUser"), Keys.chord(ARROW_DOWN, ARROW_DOWN, ARROW_DOWN, ARROW_DOWN, ARROW_DOWN, ARROW_DOWN, ARROW_DOWN, ENTER))

2019-08-01 15:48:21 - [TEST_STEP][NOT_RUN] - delay(2): NOT_RUN: delay(2)

2019-08-01 15:48:21 - [MESSAGE][NOT_RUN] - NOT_RUN: delay(2)

2019-08-01 15:48:21 - [TEST_STEP][NOT_RUN] - waitForElementPresent(findTestObject("Regression BackOffice/CLINK-27759/ShowReportLink"), 50): NOT_RUN: waitForElementPresent(findTestObject("Regression BackOffice/CLINK-27759/ShowReportLink"), 50)

2019-08-01 15:48:21 - [MESSAGE][NOT_RUN] - NOT_RUN: waitForElementPresent(findTestObject("Regression BackOffice/CLINK-27759/ShowReportLink"), 50)

2019-08-01 15:48:21 - [TEST_STEP][NOT_RUN] - click(findTestObject("Regression BackOffice/CLINK-27759/ShowReportLink")): NOT_RUN: click(findTestObject("Regression BackOffice/CLINK-27759/ShowReportLink"))

2019-08-01 15:48:21 - [MESSAGE][NOT_RUN] - NOT_RUN: click(findTestObject("Regression BackOffice/CLINK-27759/ShowReportLink"))

2019-08-01 15:48:21 - [TEST_STEP][NOT_RUN] - delay(2): NOT_RUN: delay(2)

2019-08-01 15:48:21 - [MESSAGE][NOT_RUN] - NOT_RUN: delay(2)

2019-08-01 15:48:21 - [TEST_STEP][NOT_RUN] - waitForElementPresent(findTestObject("Regression BackOffice/CLINK-27759/ExportToLink"), 50): NOT_RUN: waitForElementPresent(findTestObject("Regression BackOffice/CLINK-27759/ExportToLink"), 50)

2019-08-01 15:48:21 - [MESSAGE][NOT_RUN] - NOT_RUN: waitForElementPresent(findTestObject("Regression BackOffice/CLINK-27759/ExportToLink"), 50)

2019-08-01 15:48:21 - [TEST_STEP][NOT_RUN] - focus(findTestObject("Regression BackOffice/CLINK-27759/ExportToLink")): NOT_RUN: focus(findTestObject("Regression BackOffice/CLINK-27759/ExportToLink"))

2019-08-01 15:48:21 - [MESSAGE][NOT_RUN] - NOT_RUN: focus(findTestObject("Regression BackOffice/CLINK-27759/ExportToLink"))

2019-08-01 15:48:21 - [TEST_STEP][NOT_RUN] - click(findTestObject("Regression BackOffice/CLINK-27759/ExportToLink")): NOT_RUN: click(findTestObject("Regression BackOffice/CLINK-27759/ExportToLink"))

2019-08-01 15:48:21 - [MESSAGE][NOT_RUN] - NOT_RUN: click(findTestObject("Regression BackOffice/CLINK-27759/ExportToLink"))

2019-08-01 15:48:21 - [TEST_STEP][NOT_RUN] - delay(2): NOT_RUN: delay(2)

2019-08-01 15:48:21 - [MESSAGE][NOT_RUN] - NOT_RUN: delay(2)

2019-08-01 15:48:21 - [TEST_STEP][NOT_RUN] - sendKeys(findTestObject("Regression BackOffice/CLINK-27759/ExportToLink"), Keys.chord(ARROW_DOWN, ENTER)): NOT_RUN: sendKeys(findTestObject("Regression BackOffice/CLINK-27759/ExportToLink"), Keys.chord(ARROW_DOWN, ENTER))

2019-08-01 15:48:21 - [MESSAGE][NOT_RUN] - NOT_RUN: sendKeys(findTestObject("Regression BackOffice/CLINK-27759/ExportToLink"), Keys.chord(ARROW_DOWN, ENTER))

2019-08-01 15:48:21 - [TEST_STEP][NOT_RUN] - delay(2): NOT_RUN: delay(2)

2019-08-01 15:48:21 - [MESSAGE][NOT_RUN] - NOT_RUN: delay(2)

2019-08-01 15:48:21 - [TEST_STEP][NOT_RUN] - waitForElementPresent(findTestObject("Regression BackOffice/CLINK-27759/ExportToFile"), 50): NOT_RUN: waitForElementPresent(findTestObject("Regression BackOffice/CLINK-27759/ExportToFile"), 50)

2019-08-01 15:48:21 - [MESSAGE][NOT_RUN] - NOT_RUN: waitForElementPresent(findTestObject("Regression BackOffice/CLINK-27759/ExportToFile"), 50)

2019-08-01 15:48:21 - [TEST_STEP][NOT_RUN] - click(findTestObject("Regression BackOffice/CLINK-27759/ExportToFile")): NOT_RUN: click(findTestObject("Regression BackOffice/CLINK-27759/ExportToFile"))

2019-08-01 15:48:21 - [MESSAGE][NOT_RUN] - NOT_RUN: click(findTestObject("Regression BackOffice/CLINK-27759/ExportToFile"))

2019-08-01 15:48:21 - [TEST_STEP][PASSED] - closeBrowser(): Browser is closed

2019-08-01 15:48:22 - [MESSAGE][PASSED] - Browser is closed]]></system-out>
         <system-err><![CDATA[]]></system-err>
      </testcase>
      <testcase name="Test Cases/Regression BackOffice (All Browsers)/CLNK-27906 - (Task B) Update Care Manager Control in Admission Details" classname="Test Cases/Regression BackOffice (All Browsers)/CLNK-27906 - (Task B) Update Care Manager Control in Admission Details" status="PASSED">
         <system-out><![CDATA[2019-08-01 15:48:24 - [TEST_CASE][PASSED] - Test Cases/Regression BackOffice (All Browsers)/CLNK-27906 - (Task B) Update Care Manager Control in Admission Details: Test Cases/Regression BackOffice (All Browsers)/CLNK-27906 - (Task B) Update Care Manager Control in Admission Details

2019-08-01 15:48:24 - [TEST_STEP][PASSED] - callTestCase(findTestCase("Regression BackOffice (All Browsers)/CLNK-23439 - Clink - Back office Client"), [:], STOP_ON_FAILURE): Call Test Case 'Test Cases/Regression BackOffice (All Browsers)/CLNK-23439 - Clink - Back office Client' successfully

2019-08-01 15:48:24 - [TEST_CASE][PASSED] - Test Cases/Regression BackOffice (All Browsers)/CLNK-23439 - Clink - Back office Client: Test Cases/Regression BackOffice (All Browsers)/CLNK-23439 - Clink - Back office Client

2019-08-01 15:48:24 - [TEST_STEP][PASSED] - openBrowser(G_SiteBackOffice): Browser is opened with url: 'http://qanewpoc.continulink.com:81/backoffice/Login.aspx'

2019-08-01 15:48:24 - [MESSAGE][INFO] - Starting 'Chrome' driver

2019-08-01 15:48:31 - [MESSAGE][PASSED] - Browser is opened with url: 'http://qanewpoc.continulink.com:81/backoffice/Login.aspx'

2019-08-01 15:48:31 - [TEST_STEP][PASSED] - waitForPageLoad(60): Wait for page load successfully

2019-08-01 15:48:31 - [MESSAGE][PASSED] - Wait for page load successfully

2019-08-01 15:48:31 - [TEST_STEP][PASSED] - maximizeWindow(): Current window maximized

2019-08-01 15:48:35 - [MESSAGE][PASSED] - Current window maximized

2019-08-01 15:48:35 - [TEST_STEP][PASSED] - setText(findTestObject("Regression BackOffice/Login/UserBackOffice"), G_UserBackOffice): Text 'automation_admin' is set on object 'Object Repository/Regression BackOffice/Login/UserBackOffice'

2019-08-01 15:48:36 - [MESSAGE][PASSED] - Text 'automation_admin' is set on object 'Object Repository/Regression BackOffice/Login/UserBackOffice'

2019-08-01 15:48:36 - [TEST_STEP][PASSED] - setText(findTestObject("Regression BackOffice/Login/PasswordBackOffice"), G_PasswordBackOffice): Text 'qwerty' is set on object 'Object Repository/Regression BackOffice/Login/PasswordBackOffice'

2019-08-01 15:48:36 - [MESSAGE][PASSED] - Text 'qwerty' is set on object 'Object Repository/Regression BackOffice/Login/PasswordBackOffice'

2019-08-01 15:48:36 - [TEST_STEP][PASSED] - click(findTestObject("Regression BackOffice/Login/LoginBackOffice")): Object: 'Object Repository/Regression BackOffice/Login/LoginBackOffice' is clicked on

2019-08-01 15:48:40 - [MESSAGE][PASSED] - Object: 'Object Repository/Regression BackOffice/Login/LoginBackOffice' is clicked on

2019-08-01 15:48:40 - [TEST_STEP][PASSED] - waitForPageLoad(60): Wait for page load successfully

2019-08-01 15:48:40 - [MESSAGE][PASSED] - Wait for page load successfully

2019-08-01 15:48:40 - [TEST_STEP][PASSED] - delay(3): Delayed 3 second(s)

2019-08-01 15:48:43 - [MESSAGE][PASSED] - Delayed 3 second(s)

2019-08-01 15:48:43 - [TEST_STEP][PASSED] - switchToFrame(findTestObject("Regression BackOffice/CLNK-23449/FrameLeft"), 5): null

2019-08-01 15:48:43 - [TEST_STEP][PASSED] - waitForElementPresent(findTestObject("Regression BackOffice/CLNK-23449/ClienIntakeICon"), 60): Object 'Object Repository/Regression BackOffice/CLNK-23449/ClienIntakeICon' is present

2019-08-01 15:48:43 - [MESSAGE][PASSED] - Object 'Object Repository/Regression BackOffice/CLNK-23449/ClienIntakeICon' is present

2019-08-01 15:48:43 - [TEST_STEP][PASSED] - verifyElementPresent(findTestObject("Regression BackOffice/CLNK-23449/ClienIntakeICon"), 100): Object 'Object Repository/Regression BackOffice/CLNK-23449/ClienIntakeICon' is present

2019-08-01 15:48:43 - [MESSAGE][PASSED] - Object 'Object Repository/Regression BackOffice/CLNK-23449/ClienIntakeICon' is present

2019-08-01 15:48:43 - [TEST_STEP][PASSED] - switchToDefaultContent(): null

2019-08-01 15:48:43 - [MESSAGE][PASSED] - Call Test Case 'Test Cases/Regression BackOffice (All Browsers)/CLNK-23439 - Clink - Back office Client' successfully

2019-08-01 15:48:43 - [TEST_STEP][PASSED] - waitForPageLoad(60): Wait for page load successfully

2019-08-01 15:48:43 - [MESSAGE][PASSED] - Wait for page load successfully

2019-08-01 15:48:43 - [TEST_STEP][PASSED] - delay(3): Delayed 3 second(s)

2019-08-01 15:48:46 - [MESSAGE][PASSED] - Delayed 3 second(s)

2019-08-01 15:48:46 - [TEST_STEP][PASSED] - switchToFrame(findTestObject("Regression BackOffice/CLNK-23449/FrameLeft"), 30): null

2019-08-01 15:48:47 - [TEST_STEP][PASSED] - waitForElementPresent(findTestObject("Regression BackOffice/CLNK-23449/ClienIntakeICon"), 100): Object 'Object Repository/Regression BackOffice/CLNK-23449/ClienIntakeICon' is present

2019-08-01 15:48:47 - [MESSAGE][PASSED] - Object 'Object Repository/Regression BackOffice/CLNK-23449/ClienIntakeICon' is present

2019-08-01 15:48:47 - [TEST_STEP][PASSED] - click(findTestObject("Regression BackOffice/CLNK-23449/ClienIntakeICon")): Object: 'Object Repository/Regression BackOffice/CLNK-23449/ClienIntakeICon' is clicked on

2019-08-01 15:48:47 - [MESSAGE][PASSED] - Object: 'Object Repository/Regression BackOffice/CLNK-23449/ClienIntakeICon' is clicked on

2019-08-01 15:48:47 - [TEST_STEP][PASSED] - delay(2): Delayed 2 second(s)

2019-08-01 15:48:49 - [MESSAGE][PASSED] - Delayed 2 second(s)

2019-08-01 15:48:49 - [TEST_STEP][PASSED] - waitForPageLoad(50): Wait for page load successfully

2019-08-01 15:48:49 - [MESSAGE][PASSED] - Wait for page load successfully

2019-08-01 15:48:49 - [TEST_STEP][PASSED] - waitForElementPresent(findTestObject("Regression BackOffice/CLINK - 27906/AdmissionDetails"), 50): Object 'Object Repository/Regression BackOffice/CLINK - 27906/AdmissionDetails' is present

2019-08-01 15:48:49 - [MESSAGE][PASSED] - Object 'Object Repository/Regression BackOffice/CLINK - 27906/AdmissionDetails' is present

2019-08-01 15:48:49 - [TEST_STEP][PASSED] - click(findTestObject("Regression BackOffice/CLINK - 27906/AdmissionDetails")): Object: 'Object Repository/Regression BackOffice/CLINK - 27906/AdmissionDetails' is clicked on

2019-08-01 15:48:50 - [MESSAGE][PASSED] - Object: 'Object Repository/Regression BackOffice/CLINK - 27906/AdmissionDetails' is clicked on

2019-08-01 15:48:50 - [TEST_STEP][PASSED] - delay(2): Delayed 2 second(s)

2019-08-01 15:48:52 - [MESSAGE][PASSED] - Delayed 2 second(s)

2019-08-01 15:48:52 - [TEST_STEP][PASSED] - switchToDefaultContent(): null

2019-08-01 15:48:52 - [TEST_STEP][PASSED] - switchToFrame(findTestObject("Regression BackOffice/CLNK-23449/FrameMain"), 30): null

2019-08-01 15:48:52 - [TEST_STEP][PASSED] - waitForElementPresent(findTestObject("Regression BackOffice/CLINK - 27906/Last NameAdmission"), 50): Object 'Object Repository/Regression BackOffice/CLINK - 27906/Last NameAdmission' is present

2019-08-01 15:48:52 - [MESSAGE][PASSED] - Object 'Object Repository/Regression BackOffice/CLINK - 27906/Last NameAdmission' is present

2019-08-01 15:48:52 - [TEST_STEP][PASSED] - setText(findTestObject("Regression BackOffice/CLINK - 27906/Last NameAdmission"), G_ClientLastName): Text 'Gege' is set on object 'Object Repository/Regression BackOffice/CLINK - 27906/Last NameAdmission'

2019-08-01 15:48:52 - [MESSAGE][PASSED] - Text 'Gege' is set on object 'Object Repository/Regression BackOffice/CLINK - 27906/Last NameAdmission'

2019-08-01 15:48:52 - [TEST_STEP][PASSED] - delay(2): Delayed 2 second(s)

2019-08-01 15:48:54 - [MESSAGE][PASSED] - Delayed 2 second(s)

2019-08-01 15:48:54 - [TEST_STEP][PASSED] - waitForElementPresent(findTestObject("Regression BackOffice/CLINK - 27906/SearchButton"), 50): Object 'Object Repository/Regression BackOffice/CLINK - 27906/SearchButton' is present

2019-08-01 15:48:54 - [MESSAGE][PASSED] - Object 'Object Repository/Regression BackOffice/CLINK - 27906/SearchButton' is present

2019-08-01 15:48:54 - [TEST_STEP][PASSED] - click(findTestObject("Regression BackOffice/CLINK - 27906/SearchButton"), STOP_ON_FAILURE): Object: 'Object Repository/Regression BackOffice/CLINK - 27906/SearchButton' is clicked on

2019-08-01 15:48:55 - [MESSAGE][PASSED] - Object: 'Object Repository/Regression BackOffice/CLINK - 27906/SearchButton' is clicked on

2019-08-01 15:48:55 - [TEST_STEP][PASSED] - delay(2): Delayed 2 second(s)

2019-08-01 15:48:57 - [MESSAGE][PASSED] - Delayed 2 second(s)

2019-08-01 15:48:57 - [TEST_STEP][PASSED] - waitForElementPresent(findTestObject("Regression BackOffice/CLINK - 27906/ClientRollbackLink"), 50): Object 'Object Repository/Regression BackOffice/CLINK - 27906/ClientRollbackLink' is present

2019-08-01 15:48:57 - [MESSAGE][PASSED] - Object 'Object Repository/Regression BackOffice/CLINK - 27906/ClientRollbackLink' is present

2019-08-01 15:48:57 - [TEST_STEP][PASSED] - click(findTestObject("Regression BackOffice/CLINK - 27906/ClientRollbackLink"), STOP_ON_FAILURE): Object: 'Object Repository/Regression BackOffice/CLINK - 27906/ClientRollbackLink' is clicked on

2019-08-01 15:49:03 - [MESSAGE][PASSED] - Object: 'Object Repository/Regression BackOffice/CLINK - 27906/ClientRollbackLink' is clicked on

2019-08-01 15:49:03 - [TEST_STEP][PASSED] - delay(2): Delayed 2 second(s)

2019-08-01 15:49:05 - [MESSAGE][PASSED] - Delayed 2 second(s)

2019-08-01 15:49:05 - [TEST_STEP][PASSED] - switchToFrame(findTestObject("Regression BackOffice/CLNK-23449/FrameMain"), 30): null

2019-08-01 15:49:05 - [TEST_STEP][PASSED] - waitForElementPresent(findTestObject("Regression BackOffice/CLINK - 27906/ClinicalManagersLink"), 50): Object 'Object Repository/Regression BackOffice/CLINK - 27906/ClinicalManagersLink' is present

2019-08-01 15:49:06 - [MESSAGE][PASSED] - Object 'Object Repository/Regression BackOffice/CLINK - 27906/ClinicalManagersLink' is present

2019-08-01 15:49:06 - [TEST_STEP][PASSED] - click(findTestObject("Regression BackOffice/CLINK - 27906/ClinicalManagersLink"), STOP_ON_FAILURE): Object: 'Object Repository/Regression BackOffice/CLINK - 27906/ClinicalManagersLink' is clicked on

2019-08-01 15:49:06 - [MESSAGE][PASSED] - Object: 'Object Repository/Regression BackOffice/CLINK - 27906/ClinicalManagersLink' is clicked on

2019-08-01 15:49:06 - [TEST_STEP][PASSED] - delay(2): Delayed 2 second(s)

2019-08-01 15:49:08 - [MESSAGE][PASSED] - Delayed 2 second(s)

2019-08-01 15:49:08 - [TEST_STEP][PASSED] - verifyElementPresent(findTestObject("Regression BackOffice/CLINK - 27906/AddNewClinicalManagerLink"), 60): Object 'Object Repository/Regression BackOffice/CLINK - 27906/AddNewClinicalManagerLink' is present

2019-08-01 15:49:08 - [MESSAGE][PASSED] - Object 'Object Repository/Regression BackOffice/CLINK - 27906/AddNewClinicalManagerLink' is present

2019-08-01 15:49:08 - [TEST_STEP][PASSED] - waitForElementPresent(findTestObject("Regression BackOffice/CLINK - 27906/SameCareManagerChk"), 50): Object 'Object Repository/Regression BackOffice/CLINK - 27906/SameCareManagerChk' is present

2019-08-01 15:49:08 - [MESSAGE][PASSED] - Object 'Object Repository/Regression BackOffice/CLINK - 27906/SameCareManagerChk' is present

2019-08-01 15:49:08 - [TEST_STEP][PASSED] - click(findTestObject("Regression BackOffice/CLINK - 27906/SameCareManagerChk"), STOP_ON_FAILURE): Object: 'Object Repository/Regression BackOffice/CLINK - 27906/SameCareManagerChk' is clicked on

2019-08-01 15:49:08 - [MESSAGE][PASSED] - Object: 'Object Repository/Regression BackOffice/CLINK - 27906/SameCareManagerChk' is clicked on

2019-08-01 15:49:08 - [TEST_STEP][PASSED] - delay(2): Delayed 2 second(s)

2019-08-01 15:49:10 - [MESSAGE][PASSED] - Delayed 2 second(s)

2019-08-01 15:49:10 - [TEST_STEP][PASSED] - waitForElementPresent(findTestObject("Regression BackOffice/CLINK - 27906/SameCareManagerChk"), 50): Object 'Object Repository/Regression BackOffice/CLINK - 27906/SameCareManagerChk' is present

2019-08-01 15:49:10 - [MESSAGE][PASSED] - Object 'Object Repository/Regression BackOffice/CLINK - 27906/SameCareManagerChk' is present

2019-08-01 15:49:10 - [TEST_STEP][PASSED] - click(findTestObject("Regression BackOffice/CLINK - 27906/SameCareManagerChk"), STOP_ON_FAILURE): Object: 'Object Repository/Regression BackOffice/CLINK - 27906/SameCareManagerChk' is clicked on

2019-08-01 15:49:10 - [MESSAGE][PASSED] - Object: 'Object Repository/Regression BackOffice/CLINK - 27906/SameCareManagerChk' is clicked on

2019-08-01 15:49:10 - [TEST_STEP][PASSED] - delay(2): Delayed 2 second(s)

2019-08-01 15:49:12 - [MESSAGE][PASSED] - Delayed 2 second(s)

2019-08-01 15:49:12 - [TEST_STEP][PASSED] - waitForElementPresent(findTestObject("Regression BackOffice/CLINK - 27906/AddNewClinicalManagerLink"), 50): Object 'Object Repository/Regression BackOffice/CLINK - 27906/AddNewClinicalManagerLink' is present

2019-08-01 15:49:12 - [MESSAGE][PASSED] - Object 'Object Repository/Regression BackOffice/CLINK - 27906/AddNewClinicalManagerLink' is present

2019-08-01 15:49:12 - [TEST_STEP][PASSED] - click(findTestObject("Regression BackOffice/CLINK - 27906/AddNewClinicalManagerLink"), STOP_ON_FAILURE): Object: 'Object Repository/Regression BackOffice/CLINK - 27906/AddNewClinicalManagerLink' is clicked on

2019-08-01 15:49:12 - [MESSAGE][PASSED] - Object: 'Object Repository/Regression BackOffice/CLINK - 27906/AddNewClinicalManagerLink' is clicked on

2019-08-01 15:49:12 - [TEST_STEP][PASSED] - delay(2): Delayed 2 second(s)

2019-08-01 15:49:14 - [MESSAGE][PASSED] - Delayed 2 second(s)

2019-08-01 15:49:14 - [TEST_STEP][PASSED] - verifyElementPresent(findTestObject("Regression BackOffice/CLINK - 27906/Id"), 60): Object 'Object Repository/Regression BackOffice/CLINK - 27906/Id' is present

2019-08-01 15:49:14 - [MESSAGE][PASSED] - Object 'Object Repository/Regression BackOffice/CLINK - 27906/Id' is present

2019-08-01 15:49:14 - [TEST_STEP][PASSED] - verifyElementPresent(findTestObject("Regression BackOffice/CLINK - 27906/CareManagerName"), 60): Object 'Object Repository/Regression BackOffice/CLINK - 27906/CareManagerName' is present

2019-08-01 15:49:14 - [MESSAGE][PASSED] - Object 'Object Repository/Regression BackOffice/CLINK - 27906/CareManagerName' is present

2019-08-01 15:49:14 - [TEST_STEP][PASSED] - verifyElementPresent(findTestObject("Regression BackOffice/CLINK - 27906/Discipline"), 60): Object 'Object Repository/Regression BackOffice/CLINK - 27906/Discipline' is present

2019-08-01 15:49:14 - [MESSAGE][PASSED] - Object 'Object Repository/Regression BackOffice/CLINK - 27906/Discipline' is present

2019-08-01 15:49:14 - [TEST_STEP][PASSED] - verifyElementPresent(findTestObject("Regression BackOffice/CLINK - 27906/Delete"), 60): Object 'Object Repository/Regression BackOffice/CLINK - 27906/Delete' is present

2019-08-01 15:49:14 - [MESSAGE][PASSED] - Object 'Object Repository/Regression BackOffice/CLINK - 27906/Delete' is present

2019-08-01 15:49:14 - [TEST_STEP][PASSED] - waitForElementPresent(findTestObject("Regression BackOffice/CLINK - 27906/ClinicalManagerNameText"), 50): Object 'Object Repository/Regression BackOffice/CLINK - 27906/ClinicalManagerNameText' is present

2019-08-01 15:49:14 - [MESSAGE][PASSED] - Object 'Object Repository/Regression BackOffice/CLINK - 27906/ClinicalManagerNameText' is present

2019-08-01 15:49:14 - [TEST_STEP][PASSED] - setText(findTestObject("Regression BackOffice/CLINK - 27906/ClinicalManagerNameText"), G_ClinicalManager): Text 'Charlie' is set on object 'Object Repository/Regression BackOffice/CLINK - 27906/ClinicalManagerNameText'

2019-08-01 15:49:15 - [MESSAGE][PASSED] - Text 'Charlie' is set on object 'Object Repository/Regression BackOffice/CLINK - 27906/ClinicalManagerNameText'

2019-08-01 15:49:15 - [TEST_STEP][PASSED] - delay(2): Delayed 2 second(s)

2019-08-01 15:49:17 - [MESSAGE][PASSED] - Delayed 2 second(s)

2019-08-01 15:49:17 - [TEST_STEP][PASSED] - waitForElementPresent(findTestObject("Regression BackOffice/CLINK - 27906/li_Admin"), 50): Object 'Object Repository/Regression BackOffice/CLINK - 27906/li_Admin' is present

2019-08-01 15:49:17 - [MESSAGE][PASSED] - Object 'Object Repository/Regression BackOffice/CLINK - 27906/li_Admin' is present

2019-08-01 15:49:17 - [TEST_STEP][PASSED] - click(findTestObject("Regression BackOffice/CLINK - 27906/li_Admin"), STOP_ON_FAILURE): Object: 'Object Repository/Regression BackOffice/CLINK - 27906/li_Admin' is clicked on

2019-08-01 15:49:17 - [MESSAGE][PASSED] - Object: 'Object Repository/Regression BackOffice/CLINK - 27906/li_Admin' is clicked on

2019-08-01 15:49:17 - [TEST_STEP][PASSED] - delay(2): Delayed 2 second(s)

2019-08-01 15:49:19 - [MESSAGE][PASSED] - Delayed 2 second(s)

2019-08-01 15:49:19 - [TEST_STEP][PASSED] - waitForElementPresent(findTestObject("Regression BackOffice/CLINK - 27906/AddToListLink"), 50): Object 'Object Repository/Regression BackOffice/CLINK - 27906/AddToListLink' is present

2019-08-01 15:49:19 - [MESSAGE][PASSED] - Object 'Object Repository/Regression BackOffice/CLINK - 27906/AddToListLink' is present

2019-08-01 15:49:19 - [TEST_STEP][PASSED] - click(findTestObject("Regression BackOffice/CLINK - 27906/AddToListLink"), STOP_ON_FAILURE): Object: 'Object Repository/Regression BackOffice/CLINK - 27906/AddToListLink' is clicked on

2019-08-01 15:49:19 - [MESSAGE][PASSED] - Object: 'Object Repository/Regression BackOffice/CLINK - 27906/AddToListLink' is clicked on

2019-08-01 15:49:19 - [TEST_STEP][PASSED] - delay(2): Delayed 2 second(s)

2019-08-01 15:49:21 - [MESSAGE][PASSED] - Delayed 2 second(s)

2019-08-01 15:49:21 - [TEST_STEP][PASSED] - waitForElementPresent(findTestObject("Regression BackOffice/CLINK - 27906/DeleteIcon"), 50): Object 'Object Repository/Regression BackOffice/CLINK - 27906/DeleteIcon' is present

2019-08-01 15:49:21 - [MESSAGE][PASSED] - Object 'Object Repository/Regression BackOffice/CLINK - 27906/DeleteIcon' is present

2019-08-01 15:49:21 - [TEST_STEP][PASSED] - click(findTestObject("Regression BackOffice/CLINK - 27906/DeleteIcon"), STOP_ON_FAILURE): Object: 'Object Repository/Regression BackOffice/CLINK - 27906/DeleteIcon' is clicked on

2019-08-01 15:49:21 - [MESSAGE][PASSED] - Object: 'Object Repository/Regression BackOffice/CLINK - 27906/DeleteIcon' is clicked on

2019-08-01 15:49:21 - [TEST_STEP][PASSED] - delay(2): Delayed 2 second(s)

2019-08-01 15:49:23 - [MESSAGE][PASSED] - Delayed 2 second(s)

2019-08-01 15:49:23 - [TEST_STEP][PASSED] - acceptAlert(STOP_ON_FAILURE): Alert accepted

2019-08-01 15:49:23 - [MESSAGE][PASSED] - Alert accepted

2019-08-01 15:49:23 - [TEST_STEP][PASSED] - delay(3): Delayed 3 second(s)

2019-08-01 15:49:26 - [MESSAGE][PASSED] - Delayed 3 second(s)

2019-08-01 15:49:26 - [TEST_STEP][PASSED] - closeBrowser(): Browser is closed

2019-08-01 15:49:27 - [MESSAGE][PASSED] - Browser is closed]]></system-out>
         <system-err><![CDATA[]]></system-err>
      </testcase>
      <system-out><![CDATA[2019-08-01 15:39:17 - [TEST_SUITE][PASSED] - Regression BackOffice: Test Cases/Regression BackOffice (All Browsers)/CLNK-27906 - (Task B) Update Care Manager Control in Admission Details]]></system-out>
      <system-err><![CDATA[]]></system-err>
   </testsuite>
</testsuites>
