<?xml version="1.0" encoding="UTF-8" standalone="yes"?>
<testsuites name="POC" time="545" tests="6" failures="0" errors="0">
    <testsuite name="POC" tests="6" failures="0" errors="0" time="545" timestamp="2019-09-20 10:04:02" hostname="isaac - DESKTOP-BPONDF2" id="Test Suites/End to End/POC">
        <properties>
            <property name="deviceName" value=""/>
            <property name="devicePlatform" value=""/>
            <property name="logFolder" value="C:\\Users\\isaac\\Desktop\\Clientes\\ProcuraCanada\\Katalon Studio\\Continulink\\Reports\\20190920_100252\\End to End\\POC\\20190920_100356"/>
            <property name="logFiles" value="C:\\Users\\isaac\\Desktop\\Clientes\\ProcuraCanada\\Katalon Studio\\Continulink\\Reports\\20190920_100252\\End to End\\POC\\20190920_100356\\execution0.log"/>
            <property name="attachments" value="C:\\Users\\isaac\\Desktop\\Clientes\\ProcuraCanada\\Katalon Studio\\Continulink\\Reports\\20190920_100252\\End to End\\POC\\20190920_100356\\1568985001106.png, C:\\Users\\isaac\\Desktop\\Clientes\\ProcuraCanada\\Katalon Studio\\Continulink\\Reports\\20190920_100252\\End to End\\POC\\20190920_100356\\1568985086717.png"/>
            <property name="hostName" value="isaac - DESKTOP-BPONDF2"/>
            <property name="os" value="Windows 10 64bit"/>
            <property name="katalonVersion" value="6.3.2.1"/>
            <property name="browser" value="Chrome 76.0.3809.132"/>
            <property name="hostAddress" value="192.168.0.121"/>
            <property name="sessionId" value="cc82a4e4bc07d5c9ae3e42d207390d97"/>
            <property name="seleniumVersion" value="3.141.59"/>
            <property name="proxyInformation" value="ProxyInformation{proxyOption=NO_PROXY, proxyServerType=HTTP, password=, proxyServerAddress=, proxyServerPort=0}"/>
            <property name="platform" value="Windows 10"/>
        </properties>
        <testcase name="Test Cases/Regression Clinical Edge (All Browsers)/CLNK-28946 - CE - Add diagnosis" classname="Test Cases/Regression Clinical Edge (All Browsers)/CLNK-28946 - CE - Add diagnosis" status="PASSED">
            <system-out>2019-09-20 10:04:02 - [TEST_CASE][PASSED] - Test Cases/Regression Clinical Edge (All Browsers)/CLNK-28946 - CE - Add diagnosis: Test Cases/Regression Clinical Edge (All Browsers)/CLNK-28946 - CE - Add diagnosis&#xD;
&#xD;
2019-09-20 10:04:03 - [TEST_STEP][PASSED] - callTestCase(findTestCase("Regression Clinical Edge (All Browsers)/CLNK-23349 - ContinuLink - Login"), [:], STOP_ON_FAILURE): Call Test Case 'Test Cases/Regression Clinical Edge (All Browsers)/CLNK-23349 - ContinuLink - Login' successfully&#xD;
&#xD;
2019-09-20 10:04:03 - [TEST_CASE][PASSED] - Test Cases/Regression Clinical Edge (All Browsers)/CLNK-23349 - ContinuLink - Login: Test Cases/Regression Clinical Edge (All Browsers)/CLNK-23349 - ContinuLink - Login&#xD;
&#xD;
2019-09-20 10:04:04 - [TEST_STEP][PASSED] - deleteAllCookies(): Delete all cookies successfully&#xD;
&#xD;
2019-09-20 10:04:04 - [MESSAGE][WARNING] - Cannot delete cookies because browser is closed&#xD;
&#xD;
2019-09-20 10:04:04 - [MESSAGE][PASSED] - Delete all cookies successfully&#xD;
&#xD;
2019-09-20 10:04:04 - [TEST_STEP][PASSED] - openBrowser(G_SiteURL): Browser is opened with url: 'https://qanewpoc.continulink.com/Account/Login.aspx?ReturnUrl=%2fdefault.aspx'&#xD;
&#xD;
2019-09-20 10:04:05 - [MESSAGE][INFO] - Starting 'Chrome' driver&#xD;
&#xD;
2019-09-20 10:04:05 - [MESSAGE][INFO] - Action delay is set to 0 seconds&#xD;
&#xD;
2019-09-20 10:04:18 - [MESSAGE][PASSED] - Browser is opened with url: 'https://qanewpoc.continulink.com/Account/Login.aspx?ReturnUrl=%2fdefault.aspx'&#xD;
&#xD;
2019-09-20 10:04:18 - [TEST_STEP][PASSED] - waitForPageLoad(60): Wait for page load successfully&#xD;
&#xD;
2019-09-20 10:04:18 - [MESSAGE][PASSED] - Wait for page load successfully&#xD;
&#xD;
2019-09-20 10:04:18 - [TEST_STEP][PASSED] - maximizeWindow(): Current window maximized&#xD;
&#xD;
2019-09-20 10:04:22 - [MESSAGE][PASSED] - Current window maximized&#xD;
&#xD;
2019-09-20 10:04:22 - [TEST_STEP][PASSED] - setText(findTestObject("Regression Clinical Edge/CLNK-23349/User"), G_CaregiverUserName): Text 'setenta' is set on object 'Object Repository/Regression Clinical Edge/CLNK-23349/User'&#xD;
&#xD;
2019-09-20 10:04:23 - [MESSAGE][PASSED] - Text 'setenta' is set on object 'Object Repository/Regression Clinical Edge/CLNK-23349/User'&#xD;
&#xD;
2019-09-20 10:04:23 - [TEST_STEP][PASSED] - setText(findTestObject("Regression Clinical Edge/CLNK-23349/Password"), G_Password): Text 'qwerty' is set on object 'Object Repository/Regression Clinical Edge/CLNK-23349/Password'&#xD;
&#xD;
2019-09-20 10:04:23 - [MESSAGE][PASSED] - Text 'qwerty' is set on object 'Object Repository/Regression Clinical Edge/CLNK-23349/Password'&#xD;
&#xD;
2019-09-20 10:04:23 - [TEST_STEP][PASSED] - click(findTestObject("Regression Clinical Edge/CLNK-23349/Button_LogIn")): Object: 'Object Repository/Regression Clinical Edge/CLNK-23349/Button_LogIn' is clicked on&#xD;
&#xD;
2019-09-20 10:04:33 - [MESSAGE][PASSED] - Object: 'Object Repository/Regression Clinical Edge/CLNK-23349/Button_LogIn' is clicked on&#xD;
&#xD;
2019-09-20 10:04:33 - [TEST_STEP][PASSED] - waitForPageLoad(60): Wait for page load successfully&#xD;
&#xD;
2019-09-20 10:04:33 - [MESSAGE][PASSED] - Wait for page load successfully&#xD;
&#xD;
2019-09-20 10:04:33 - [TEST_STEP][PASSED] - delay(2): Delayed 2 second(s)&#xD;
&#xD;
2019-09-20 10:04:35 - [MESSAGE][PASSED] - Delayed 2 second(s)&#xD;
&#xD;
2019-09-20 10:04:35 - [TEST_STEP][NOT_RUN] - waitForElementPresent(findTestObject("Regression Clinical Edge/CLINK-23509/button_Close"), 100): NOT_RUN: waitForElementPresent(findTestObject("Regression Clinical Edge/CLINK-23509/button_Close"), 100)&#xD;
&#xD;
2019-09-20 10:04:35 - [MESSAGE][NOT_RUN] - NOT_RUN: waitForElementPresent(findTestObject("Regression Clinical Edge/CLINK-23509/button_Close"), 100)&#xD;
&#xD;
2019-09-20 10:04:35 - [TEST_STEP][NOT_RUN] - click(findTestObject("Regression Clinical Edge/CLINK-23509/button_Close")): NOT_RUN: click(findTestObject("Regression Clinical Edge/CLINK-23509/button_Close"))&#xD;
&#xD;
2019-09-20 10:04:35 - [MESSAGE][NOT_RUN] - NOT_RUN: click(findTestObject("Regression Clinical Edge/CLINK-23509/button_Close"))&#xD;
&#xD;
2019-09-20 10:04:35 - [TEST_STEP][NOT_RUN] - delay(2): NOT_RUN: delay(2)&#xD;
&#xD;
2019-09-20 10:04:35 - [MESSAGE][NOT_RUN] - NOT_RUN: delay(2)&#xD;
&#xD;
2019-09-20 10:04:35 - [MESSAGE][PASSED] - Call Test Case 'Test Cases/Regression Clinical Edge (All Browsers)/CLNK-23349 - ContinuLink - Login' successfully&#xD;
&#xD;
2019-09-20 10:04:35 - [TEST_STEP][PASSED] - waitForPageLoad(60): Wait for page load successfully&#xD;
&#xD;
2019-09-20 10:04:35 - [MESSAGE][PASSED] - Wait for page load successfully&#xD;
&#xD;
2019-09-20 10:04:35 - [TEST_STEP][PASSED] - maximizeWindow(): Current window maximized&#xD;
&#xD;
2019-09-20 10:04:35 - [MESSAGE][PASSED] - Current window maximized&#xD;
&#xD;
2019-09-20 10:04:35 - [TEST_STEP][PASSED] - waitForPageLoad(60): Wait for page load successfully&#xD;
&#xD;
2019-09-20 10:04:35 - [MESSAGE][PASSED] - Wait for page load successfully&#xD;
&#xD;
2019-09-20 10:04:35 - [TEST_STEP][PASSED] - delay(8): Delayed 8 second(s)&#xD;
&#xD;
2019-09-20 10:04:43 - [MESSAGE][PASSED] - Delayed 8 second(s)&#xD;
&#xD;
2019-09-20 10:04:43 - [TEST_STEP][PASSED] - waitForElementPresent(findTestObject("Regression Clinical Edge/ClientPage/HomeLink"), 100): Object 'Object Repository/Regression Clinical Edge/ClientPage/HomeLink' is present&#xD;
&#xD;
2019-09-20 10:04:43 - [MESSAGE][PASSED] - Object 'Object Repository/Regression Clinical Edge/ClientPage/HomeLink' is present&#xD;
&#xD;
2019-09-20 10:04:43 - [TEST_STEP][PASSED] - click(findTestObject("Regression Clinical Edge/ClientPage/HomeLink")): Object: 'Object Repository/Regression Clinical Edge/ClientPage/HomeLink' is clicked on&#xD;
&#xD;
2019-09-20 10:04:45 - [MESSAGE][PASSED] - Object: 'Object Repository/Regression Clinical Edge/ClientPage/HomeLink' is clicked on&#xD;
&#xD;
2019-09-20 10:04:45 - [TEST_STEP][PASSED] - delay(2): Delayed 2 second(s)&#xD;
&#xD;
2019-09-20 10:04:47 - [MESSAGE][PASSED] - Delayed 2 second(s)&#xD;
&#xD;
2019-09-20 10:04:47 - [TEST_STEP][PASSED] - waitForPageLoad(50): Wait for page load successfully&#xD;
&#xD;
2019-09-20 10:04:47 - [MESSAGE][PASSED] - Wait for page load successfully&#xD;
&#xD;
2019-09-20 10:04:47 - [TEST_STEP][PASSED] - verifyElementPresent(findTestObject("Regression Clinical Edge/CLINK-23467/a_CurrentClient"), 10): Object 'Object Repository/Regression Clinical Edge/CLINK-23467/a_CurrentClient' is present&#xD;
&#xD;
2019-09-20 10:04:47 - [MESSAGE][PASSED] - Object 'Object Repository/Regression Clinical Edge/CLINK-23467/a_CurrentClient' is present&#xD;
&#xD;
2019-09-20 10:04:47 - [TEST_STEP][PASSED] - if (verifyElementPresent(findTestObject("Regression Clinical Edge/CLINK-23467/a_CurrentClient"), 10)): Object: 'Object Repository/Regression Clinical Edge/CLINK-23467/a_CurrentClient' is clicked on&#xD;
&#xD;
2019-09-20 10:04:47 - [MESSAGE][PASSED] - Object 'Object Repository/Regression Clinical Edge/CLINK-23467/a_CurrentClient' is present&#xD;
&#xD;
2019-09-20 10:04:47 - [TEST_STEP][PASSED] - click(findTestObject("Regression Clinical Edge/CLINK-23467/a_CurrentClient")): Object: 'Object Repository/Regression Clinical Edge/CLINK-23467/a_CurrentClient' is clicked on&#xD;
&#xD;
2019-09-20 10:04:50 - [MESSAGE][PASSED] - Object: 'Object Repository/Regression Clinical Edge/CLINK-23467/a_CurrentClient' is clicked on&#xD;
&#xD;
2019-09-20 10:04:50 - [TEST_STEP][PASSED] - delay(5): Delayed 5 second(s)&#xD;
&#xD;
2019-09-20 10:04:55 - [MESSAGE][PASSED] - Delayed 5 second(s)&#xD;
&#xD;
2019-09-20 10:04:55 - [TEST_STEP][PASSED] - waitForPageLoad(50): Wait for page load successfully&#xD;
&#xD;
2019-09-20 10:04:55 - [MESSAGE][PASSED] - Wait for page load successfully&#xD;
&#xD;
2019-09-20 10:04:55 - [TEST_STEP][PASSED] - waitForElementPresent(findTestObject("Regression Clinical Edge/HomePage/ClientLink"), 100): Object 'Object Repository/Regression Clinical Edge/HomePage/ClientLink' is present&#xD;
&#xD;
2019-09-20 10:04:55 - [MESSAGE][PASSED] - Object 'Object Repository/Regression Clinical Edge/HomePage/ClientLink' is present&#xD;
&#xD;
2019-09-20 10:04:55 - [TEST_STEP][PASSED] - click(findTestObject("Regression Clinical Edge/HomePage/ClientLink")): Object: 'Object Repository/Regression Clinical Edge/HomePage/ClientLink' is clicked on&#xD;
&#xD;
2019-09-20 10:04:56 - [MESSAGE][PASSED] - Object: 'Object Repository/Regression Clinical Edge/HomePage/ClientLink' is clicked on&#xD;
&#xD;
2019-09-20 10:04:56 - [TEST_STEP][PASSED] - delay(2): Delayed 2 second(s)&#xD;
&#xD;
2019-09-20 10:04:58 - [MESSAGE][PASSED] - Delayed 2 second(s)&#xD;
&#xD;
2019-09-20 10:04:58 - [TEST_STEP][PASSED] - waitForPageLoad(50): Wait for page load successfully&#xD;
&#xD;
2019-09-20 10:04:58 - [MESSAGE][PASSED] - Wait for page load successfully&#xD;
&#xD;
2019-09-20 10:04:58 - [TEST_STEP][PASSED] - waitForElementPresent(findTestObject("Regression Clinical Edge/CLINK-23509/Diagnosis/AddDiagnosis"), 50): Object 'Object Repository/Regression Clinical Edge/CLINK-23509/Diagnosis/AddDiagnosis' is present&#xD;
&#xD;
2019-09-20 10:04:58 - [MESSAGE][PASSED] - Object 'Object Repository/Regression Clinical Edge/CLINK-23509/Diagnosis/AddDiagnosis' is present&#xD;
&#xD;
2019-09-20 10:04:58 - [TEST_STEP][PASSED] - click(findTestObject("Regression Clinical Edge/CLINK-23509/Diagnosis/AddDiagnosis")): Object: 'Object Repository/Regression Clinical Edge/CLINK-23509/Diagnosis/AddDiagnosis' is clicked on&#xD;
&#xD;
2019-09-20 10:04:58 - [MESSAGE][PASSED] - Object: 'Object Repository/Regression Clinical Edge/CLINK-23509/Diagnosis/AddDiagnosis' is clicked on&#xD;
&#xD;
2019-09-20 10:04:58 - [TEST_STEP][PASSED] - delay(2): Delayed 2 second(s)&#xD;
&#xD;
2019-09-20 10:05:00 - [MESSAGE][PASSED] - Delayed 2 second(s)&#xD;
&#xD;
2019-09-20 10:05:00 - [TEST_STEP][PASSED] - waitForElementPresent(findTestObject("Regression Clinical Edge/CLINK-23509/Diagnosis/a_Diagnosis"), 50): Object 'Object Repository/Regression Clinical Edge/CLINK-23509/Diagnosis/a_Diagnosis' is present&#xD;
&#xD;
2019-09-20 10:05:00 - [MESSAGE][PASSED] - Object 'Object Repository/Regression Clinical Edge/CLINK-23509/Diagnosis/a_Diagnosis' is present&#xD;
&#xD;
2019-09-20 10:05:00 - [TEST_STEP][PASSED] - click(findTestObject("Regression Clinical Edge/CLINK-23509/Diagnosis/a_Diagnosis")): Object: 'Object Repository/Regression Clinical Edge/CLINK-23509/Diagnosis/a_Diagnosis' is clicked on&#xD;
&#xD;
2019-09-20 10:05:00 - [MESSAGE][PASSED] - Object: 'Object Repository/Regression Clinical Edge/CLINK-23509/Diagnosis/a_Diagnosis' is clicked on&#xD;
&#xD;
2019-09-20 10:05:00 - [TEST_STEP][PASSED] - delay(2): Delayed 2 second(s)&#xD;
&#xD;
2019-09-20 10:05:02 - [MESSAGE][PASSED] - Delayed 2 second(s)&#xD;
&#xD;
2019-09-20 10:05:02 - [TEST_STEP][PASSED] - waitForElementPresent(findTestObject("Regression Clinical Edge/CLINK-23509/Diagnosis/DiagnosisSearch"), 50): Object 'Object Repository/Regression Clinical Edge/CLINK-23509/Diagnosis/DiagnosisSearch' is present&#xD;
&#xD;
2019-09-20 10:05:02 - [MESSAGE][PASSED] - Object 'Object Repository/Regression Clinical Edge/CLINK-23509/Diagnosis/DiagnosisSearch' is present&#xD;
&#xD;
2019-09-20 10:05:02 - [TEST_STEP][PASSED] - click(findTestObject("Regression Clinical Edge/CLINK-23509/Diagnosis/DiagnosisSearch")): Object: 'Object Repository/Regression Clinical Edge/CLINK-23509/Diagnosis/DiagnosisSearch' is clicked on&#xD;
&#xD;
2019-09-20 10:05:03 - [MESSAGE][PASSED] - Object: 'Object Repository/Regression Clinical Edge/CLINK-23509/Diagnosis/DiagnosisSearch' is clicked on&#xD;
&#xD;
2019-09-20 10:05:03 - [TEST_STEP][PASSED] - delay(2): Delayed 2 second(s)&#xD;
&#xD;
2019-09-20 10:05:05 - [MESSAGE][PASSED] - Delayed 2 second(s)&#xD;
&#xD;
2019-09-20 10:05:05 - [TEST_STEP][PASSED] - waitForElementPresent(findTestObject("Regression Clinical Edge/CLINK-23509/Diagnosis/Codifier_Level_1"), 50): Object 'Object Repository/Regression Clinical Edge/CLINK-23509/Diagnosis/Codifier_Level_1' is present&#xD;
&#xD;
2019-09-20 10:05:05 - [MESSAGE][PASSED] - Object 'Object Repository/Regression Clinical Edge/CLINK-23509/Diagnosis/Codifier_Level_1' is present&#xD;
&#xD;
2019-09-20 10:05:05 - [TEST_STEP][PASSED] - setText(findTestObject("Regression Clinical Edge/CLINK-23509/Diagnosis/Codifier_Level_1"), "A"): Text 'A' is set on object 'Object Repository/Regression Clinical Edge/CLINK-23509/Diagnosis/Codifier_Level_1'&#xD;
&#xD;
2019-09-20 10:05:05 - [MESSAGE][PASSED] - Text 'A' is set on object 'Object Repository/Regression Clinical Edge/CLINK-23509/Diagnosis/Codifier_Level_1'&#xD;
&#xD;
2019-09-20 10:05:05 - [TEST_STEP][PASSED] - delay(2): Delayed 2 second(s)&#xD;
&#xD;
2019-09-20 10:05:07 - [MESSAGE][PASSED] - Delayed 2 second(s)&#xD;
&#xD;
2019-09-20 10:05:07 - [TEST_STEP][PASSED] - waitForElementPresent(findTestObject("Regression Clinical Edge/CLINK-23509/Diagnosis/Codifier_Level_2"), 50): Object 'Object Repository/Regression Clinical Edge/CLINK-23509/Diagnosis/Codifier_Level_2' is present&#xD;
&#xD;
2019-09-20 10:05:07 - [MESSAGE][PASSED] - Object 'Object Repository/Regression Clinical Edge/CLINK-23509/Diagnosis/Codifier_Level_2' is present&#xD;
&#xD;
2019-09-20 10:05:07 - [TEST_STEP][PASSED] - setText(findTestObject("Regression Clinical Edge/CLINK-23509/Diagnosis/Codifier_Level_2"), "0"): Text '0' is set on object 'Object Repository/Regression Clinical Edge/CLINK-23509/Diagnosis/Codifier_Level_2'&#xD;
&#xD;
2019-09-20 10:05:07 - [MESSAGE][PASSED] - Text '0' is set on object 'Object Repository/Regression Clinical Edge/CLINK-23509/Diagnosis/Codifier_Level_2'&#xD;
&#xD;
2019-09-20 10:05:07 - [TEST_STEP][PASSED] - delay(2): Delayed 2 second(s)&#xD;
&#xD;
2019-09-20 10:05:09 - [MESSAGE][PASSED] - Delayed 2 second(s)&#xD;
&#xD;
2019-09-20 10:05:09 - [TEST_STEP][PASSED] - waitForElementPresent(findTestObject("Regression Clinical Edge/CLINK-23509/Diagnosis/Codifier_Level_3"), 50): Object 'Object Repository/Regression Clinical Edge/CLINK-23509/Diagnosis/Codifier_Level_3' is present&#xD;
&#xD;
2019-09-20 10:05:09 - [MESSAGE][PASSED] - Object 'Object Repository/Regression Clinical Edge/CLINK-23509/Diagnosis/Codifier_Level_3' is present&#xD;
&#xD;
2019-09-20 10:05:09 - [TEST_STEP][PASSED] - setText(findTestObject("Regression Clinical Edge/CLINK-23509/Diagnosis/Codifier_Level_3"), "0"): Text '0' is set on object 'Object Repository/Regression Clinical Edge/CLINK-23509/Diagnosis/Codifier_Level_3'&#xD;
&#xD;
2019-09-20 10:05:10 - [MESSAGE][PASSED] - Text '0' is set on object 'Object Repository/Regression Clinical Edge/CLINK-23509/Diagnosis/Codifier_Level_3'&#xD;
&#xD;
2019-09-20 10:05:10 - [TEST_STEP][PASSED] - delay(2): Delayed 2 second(s)&#xD;
&#xD;
2019-09-20 10:05:12 - [MESSAGE][PASSED] - Delayed 2 second(s)&#xD;
&#xD;
2019-09-20 10:05:12 - [TEST_STEP][PASSED] - waitForElementPresent(findTestObject("Regression Clinical Edge/CLINK-23509/Diagnosis/Codifier_Level_4"), 50): Object 'Object Repository/Regression Clinical Edge/CLINK-23509/Diagnosis/Codifier_Level_4' is present&#xD;
&#xD;
2019-09-20 10:05:12 - [MESSAGE][PASSED] - Object 'Object Repository/Regression Clinical Edge/CLINK-23509/Diagnosis/Codifier_Level_4' is present&#xD;
&#xD;
2019-09-20 10:05:12 - [TEST_STEP][PASSED] - setText(findTestObject("Regression Clinical Edge/CLINK-23509/Diagnosis/Codifier_Level_4"), "0"): Text '0' is set on object 'Object Repository/Regression Clinical Edge/CLINK-23509/Diagnosis/Codifier_Level_4'&#xD;
&#xD;
2019-09-20 10:05:12 - [MESSAGE][PASSED] - Text '0' is set on object 'Object Repository/Regression Clinical Edge/CLINK-23509/Diagnosis/Codifier_Level_4'&#xD;
&#xD;
2019-09-20 10:05:12 - [TEST_STEP][PASSED] - delay(2): Delayed 2 second(s)&#xD;
&#xD;
2019-09-20 10:05:14 - [MESSAGE][PASSED] - Delayed 2 second(s)&#xD;
&#xD;
2019-09-20 10:05:14 - [TEST_STEP][PASSED] - waitForElementPresent(findTestObject("Regression Clinical Edge/CLINK-23509/Diagnosis/ApplyButton"), 50): Object 'Object Repository/Regression Clinical Edge/CLINK-23509/Diagnosis/ApplyButton' is present&#xD;
&#xD;
2019-09-20 10:05:14 - [MESSAGE][PASSED] - Object 'Object Repository/Regression Clinical Edge/CLINK-23509/Diagnosis/ApplyButton' is present&#xD;
&#xD;
2019-09-20 10:05:14 - [TEST_STEP][PASSED] - click(findTestObject("Regression Clinical Edge/CLINK-23509/Diagnosis/ApplyButton")): Object: 'Object Repository/Regression Clinical Edge/CLINK-23509/Diagnosis/ApplyButton' is clicked on&#xD;
&#xD;
2019-09-20 10:05:14 - [MESSAGE][PASSED] - Object: 'Object Repository/Regression Clinical Edge/CLINK-23509/Diagnosis/ApplyButton' is clicked on&#xD;
&#xD;
2019-09-20 10:05:14 - [TEST_STEP][PASSED] - delay(2): Delayed 2 second(s)&#xD;
&#xD;
2019-09-20 10:05:16 - [MESSAGE][PASSED] - Delayed 2 second(s)&#xD;
&#xD;
2019-09-20 10:05:16 - [TEST_STEP][PASSED] - waitForPageLoad(50): Wait for page load successfully&#xD;
&#xD;
2019-09-20 10:05:16 - [MESSAGE][PASSED] - Wait for page load successfully&#xD;
&#xD;
2019-09-20 10:05:16 - [TEST_STEP][PASSED] - waitForElementPresent(findTestObject("Regression Clinical Edge/CLINK-23509/Diagnosis/input_OE Date_txtOEDate"), 50): Object 'Object Repository/Regression Clinical Edge/CLINK-23509/Diagnosis/input_OE Date_txtOEDate' is present&#xD;
&#xD;
2019-09-20 10:05:16 - [MESSAGE][PASSED] - Object 'Object Repository/Regression Clinical Edge/CLINK-23509/Diagnosis/input_OE Date_txtOEDate' is present&#xD;
&#xD;
2019-09-20 10:05:16 - [TEST_STEP][PASSED] - click(findTestObject("Regression Clinical Edge/CLINK-23509/Diagnosis/input_OE Date_txtOEDate")): Object: 'Object Repository/Regression Clinical Edge/CLINK-23509/Diagnosis/input_OE Date_txtOEDate' is clicked on&#xD;
&#xD;
2019-09-20 10:05:16 - [MESSAGE][PASSED] - Object: 'Object Repository/Regression Clinical Edge/CLINK-23509/Diagnosis/input_OE Date_txtOEDate' is clicked on&#xD;
&#xD;
2019-09-20 10:05:16 - [TEST_STEP][PASSED] - sendKeys(findTestObject("Regression Clinical Edge/CLINK-23509/Diagnosis/input_OE Date_txtOEDate"), getDate.DateUtilities.getDateMonthDayYearNumber()): Keys '09202019' sent to object: 'Object Repository/Regression Clinical Edge/CLINK-23509/Diagnosis/input_OE Date_txtOEDate'&#xD;
&#xD;
2019-09-20 10:05:16 - [MESSAGE][PASSED] - getDate.DateUtilities.getDateMonthDayYearNumber is PASSED&#xD;
&#xD;
2019-09-20 10:05:17 - [MESSAGE][PASSED] - Keys '09202019' sent to object: 'Object Repository/Regression Clinical Edge/CLINK-23509/Diagnosis/input_OE Date_txtOEDate'&#xD;
&#xD;
2019-09-20 10:05:17 - [TEST_STEP][PASSED] - delay(4): Delayed 4 second(s)&#xD;
&#xD;
2019-09-20 10:05:21 - [MESSAGE][PASSED] - Delayed 4 second(s)&#xD;
&#xD;
2019-09-20 10:05:21 - [TEST_STEP][PASSED] - waitForElementPresent(findTestObject("Regression Clinical Edge/CLINK-23509/Diagnosis/input_Effective Begin Date_txtBeginDate"), 50): Object 'Object Repository/Regression Clinical Edge/CLINK-23509/Diagnosis/input_Effective Begin Date_txtBeginDate' is present&#xD;
&#xD;
2019-09-20 10:05:21 - [MESSAGE][PASSED] - Object 'Object Repository/Regression Clinical Edge/CLINK-23509/Diagnosis/input_Effective Begin Date_txtBeginDate' is present&#xD;
&#xD;
2019-09-20 10:05:21 - [TEST_STEP][PASSED] - click(findTestObject("Regression Clinical Edge/CLINK-23509/Diagnosis/input_Effective Begin Date_txtBeginDate")): Object: 'Object Repository/Regression Clinical Edge/CLINK-23509/Diagnosis/input_Effective Begin Date_txtBeginDate' is clicked on&#xD;
&#xD;
2019-09-20 10:05:21 - [MESSAGE][PASSED] - Object: 'Object Repository/Regression Clinical Edge/CLINK-23509/Diagnosis/input_Effective Begin Date_txtBeginDate' is clicked on&#xD;
&#xD;
2019-09-20 10:05:21 - [TEST_STEP][PASSED] - sendKeys(findTestObject("Regression Clinical Edge/CLINK-23509/Diagnosis/input_Effective Begin Date_txtBeginDate"), getDate.DateUtilities.getDateMonthDayYearNumber()): Keys '09202019' sent to object: 'Object Repository/Regression Clinical Edge/CLINK-23509/Diagnosis/input_Effective Begin Date_txtBeginDate'&#xD;
&#xD;
2019-09-20 10:05:21 - [MESSAGE][PASSED] - getDate.DateUtilities.getDateMonthDayYearNumber is PASSED&#xD;
&#xD;
2019-09-20 10:05:21 - [MESSAGE][PASSED] - Keys '09202019' sent to object: 'Object Repository/Regression Clinical Edge/CLINK-23509/Diagnosis/input_Effective Begin Date_txtBeginDate'&#xD;
&#xD;
2019-09-20 10:05:21 - [TEST_STEP][PASSED] - delay(4): Delayed 4 second(s)&#xD;
&#xD;
2019-09-20 10:05:25 - [MESSAGE][PASSED] - Delayed 4 second(s)&#xD;
&#xD;
2019-09-20 10:05:25 - [TEST_STEP][PASSED] - waitForElementPresent(findTestObject("Regression Clinical Edge/CLINK-23509/Diagnosis/button_OkDiagnosis"), 50): Object 'Object Repository/Regression Clinical Edge/CLINK-23509/Diagnosis/button_OkDiagnosis' is present&#xD;
&#xD;
2019-09-20 10:05:25 - [MESSAGE][PASSED] - Object 'Object Repository/Regression Clinical Edge/CLINK-23509/Diagnosis/button_OkDiagnosis' is present&#xD;
&#xD;
2019-09-20 10:05:25 - [TEST_STEP][PASSED] - click(findTestObject("Regression Clinical Edge/CLINK-23509/Diagnosis/button_OkDiagnosis")): Object: 'Object Repository/Regression Clinical Edge/CLINK-23509/Diagnosis/button_OkDiagnosis' is clicked on&#xD;
&#xD;
2019-09-20 10:05:25 - [MESSAGE][PASSED] - Object: 'Object Repository/Regression Clinical Edge/CLINK-23509/Diagnosis/button_OkDiagnosis' is clicked on&#xD;
&#xD;
2019-09-20 10:05:25 - [TEST_STEP][PASSED] - delay(5): Delayed 5 second(s)&#xD;
&#xD;
2019-09-20 10:05:30 - [MESSAGE][PASSED] - Delayed 5 second(s)&#xD;
&#xD;
2019-09-20 10:05:30 - [TEST_STEP][PASSED] - closeBrowser(): Browser is closed&#xD;
&#xD;
2019-09-20 10:05:31 - [MESSAGE][PASSED] - Browser is closed</system-out>
            <system-err></system-err>
        </testcase>
        <testcase name="Test Cases/Regression Clinical Edge (All Browsers)/CLNK-23506 - Clinical Edge - POC - 60 Day Summary" classname="Test Cases/Regression Clinical Edge (All Browsers)/CLNK-23506 - Clinical Edge - POC - 60 Day Summary" status="PASSED">
            <system-out>2019-09-20 10:05:33 - [TEST_CASE][PASSED] - Test Cases/Regression Clinical Edge (All Browsers)/CLNK-23506 - Clinical Edge - POC - 60 Day Summary: Test Cases/Regression Clinical Edge (All Browsers)/CLNK-23506 - Clinical Edge - POC - 60 Day Summary&#xD;
&#xD;
2019-09-20 10:05:33 - [TEST_STEP][PASSED] - callTestCase(findTestCase("Regression Clinical Edge (All Browsers)/CLNK-23349 - ContinuLink - Login"), [:], STOP_ON_FAILURE): Call Test Case 'Test Cases/Regression Clinical Edge (All Browsers)/CLNK-23349 - ContinuLink - Login' successfully&#xD;
&#xD;
2019-09-20 10:05:33 - [TEST_CASE][PASSED] - Test Cases/Regression Clinical Edge (All Browsers)/CLNK-23349 - ContinuLink - Login: Test Cases/Regression Clinical Edge (All Browsers)/CLNK-23349 - ContinuLink - Login&#xD;
&#xD;
2019-09-20 10:05:33 - [TEST_STEP][PASSED] - deleteAllCookies(): Delete all cookies successfully&#xD;
&#xD;
2019-09-20 10:05:33 - [MESSAGE][WARNING] - Cannot delete cookies because browser is closed&#xD;
&#xD;
2019-09-20 10:05:33 - [MESSAGE][PASSED] - Delete all cookies successfully&#xD;
&#xD;
2019-09-20 10:05:33 - [TEST_STEP][PASSED] - openBrowser(G_SiteURL): Browser is opened with url: 'https://qanewpoc.continulink.com/Account/Login.aspx?ReturnUrl=%2fdefault.aspx'&#xD;
&#xD;
2019-09-20 10:05:33 - [MESSAGE][INFO] - Starting 'Chrome' driver&#xD;
&#xD;
2019-09-20 10:05:42 - [MESSAGE][PASSED] - Browser is opened with url: 'https://qanewpoc.continulink.com/Account/Login.aspx?ReturnUrl=%2fdefault.aspx'&#xD;
&#xD;
2019-09-20 10:05:42 - [TEST_STEP][PASSED] - waitForPageLoad(60): Wait for page load successfully&#xD;
&#xD;
2019-09-20 10:05:42 - [MESSAGE][PASSED] - Wait for page load successfully&#xD;
&#xD;
2019-09-20 10:05:42 - [TEST_STEP][PASSED] - maximizeWindow(): Current window maximized&#xD;
&#xD;
2019-09-20 10:05:46 - [MESSAGE][PASSED] - Current window maximized&#xD;
&#xD;
2019-09-20 10:05:46 - [TEST_STEP][PASSED] - setText(findTestObject("Regression Clinical Edge/CLNK-23349/User"), G_CaregiverUserName): Text 'setenta' is set on object 'Object Repository/Regression Clinical Edge/CLNK-23349/User'&#xD;
&#xD;
2019-09-20 10:05:46 - [MESSAGE][PASSED] - Text 'setenta' is set on object 'Object Repository/Regression Clinical Edge/CLNK-23349/User'&#xD;
&#xD;
2019-09-20 10:05:46 - [TEST_STEP][PASSED] - setText(findTestObject("Regression Clinical Edge/CLNK-23349/Password"), G_Password): Text 'qwerty' is set on object 'Object Repository/Regression Clinical Edge/CLNK-23349/Password'&#xD;
&#xD;
2019-09-20 10:05:47 - [MESSAGE][PASSED] - Text 'qwerty' is set on object 'Object Repository/Regression Clinical Edge/CLNK-23349/Password'&#xD;
&#xD;
2019-09-20 10:05:47 - [TEST_STEP][PASSED] - click(findTestObject("Regression Clinical Edge/CLNK-23349/Button_LogIn")): Object: 'Object Repository/Regression Clinical Edge/CLNK-23349/Button_LogIn' is clicked on&#xD;
&#xD;
2019-09-20 10:05:48 - [MESSAGE][PASSED] - Object: 'Object Repository/Regression Clinical Edge/CLNK-23349/Button_LogIn' is clicked on&#xD;
&#xD;
2019-09-20 10:05:48 - [TEST_STEP][PASSED] - waitForPageLoad(60): Wait for page load successfully&#xD;
&#xD;
2019-09-20 10:05:48 - [MESSAGE][PASSED] - Wait for page load successfully&#xD;
&#xD;
2019-09-20 10:05:48 - [TEST_STEP][PASSED] - delay(2): Delayed 2 second(s)&#xD;
&#xD;
2019-09-20 10:05:50 - [MESSAGE][PASSED] - Delayed 2 second(s)&#xD;
&#xD;
2019-09-20 10:05:50 - [TEST_STEP][NOT_RUN] - waitForElementPresent(findTestObject("Regression Clinical Edge/CLINK-23509/button_Close"), 100): NOT_RUN: waitForElementPresent(findTestObject("Regression Clinical Edge/CLINK-23509/button_Close"), 100)&#xD;
&#xD;
2019-09-20 10:05:50 - [MESSAGE][NOT_RUN] - NOT_RUN: waitForElementPresent(findTestObject("Regression Clinical Edge/CLINK-23509/button_Close"), 100)&#xD;
&#xD;
2019-09-20 10:05:50 - [TEST_STEP][NOT_RUN] - click(findTestObject("Regression Clinical Edge/CLINK-23509/button_Close")): NOT_RUN: click(findTestObject("Regression Clinical Edge/CLINK-23509/button_Close"))&#xD;
&#xD;
2019-09-20 10:05:50 - [MESSAGE][NOT_RUN] - NOT_RUN: click(findTestObject("Regression Clinical Edge/CLINK-23509/button_Close"))&#xD;
&#xD;
2019-09-20 10:05:50 - [TEST_STEP][NOT_RUN] - delay(2): NOT_RUN: delay(2)&#xD;
&#xD;
2019-09-20 10:05:50 - [MESSAGE][NOT_RUN] - NOT_RUN: delay(2)&#xD;
&#xD;
2019-09-20 10:05:50 - [MESSAGE][PASSED] - Call Test Case 'Test Cases/Regression Clinical Edge (All Browsers)/CLNK-23349 - ContinuLink - Login' successfully&#xD;
&#xD;
2019-09-20 10:05:50 - [TEST_STEP][PASSED] - waitForPageLoad(60): Wait for page load successfully&#xD;
&#xD;
2019-09-20 10:05:50 - [MESSAGE][PASSED] - Wait for page load successfully&#xD;
&#xD;
2019-09-20 10:05:50 - [TEST_STEP][PASSED] - maximizeWindow(): Current window maximized&#xD;
&#xD;
2019-09-20 10:05:50 - [MESSAGE][PASSED] - Current window maximized&#xD;
&#xD;
2019-09-20 10:05:50 - [TEST_STEP][PASSED] - waitForPageLoad(60): Wait for page load successfully&#xD;
&#xD;
2019-09-20 10:05:50 - [MESSAGE][PASSED] - Wait for page load successfully&#xD;
&#xD;
2019-09-20 10:05:50 - [TEST_STEP][PASSED] - delay(8): Delayed 8 second(s)&#xD;
&#xD;
2019-09-20 10:05:58 - [MESSAGE][PASSED] - Delayed 8 second(s)&#xD;
&#xD;
2019-09-20 10:05:58 - [TEST_STEP][PASSED] - waitForElementPresent(findTestObject("Regression Clinical Edge/ClientPage/HomeLink"), 100): Object 'Object Repository/Regression Clinical Edge/ClientPage/HomeLink' is present&#xD;
&#xD;
2019-09-20 10:05:58 - [MESSAGE][PASSED] - Object 'Object Repository/Regression Clinical Edge/ClientPage/HomeLink' is present&#xD;
&#xD;
2019-09-20 10:05:58 - [TEST_STEP][PASSED] - click(findTestObject("Regression Clinical Edge/ClientPage/HomeLink")): Object: 'Object Repository/Regression Clinical Edge/ClientPage/HomeLink' is clicked on&#xD;
&#xD;
2019-09-20 10:05:59 - [MESSAGE][PASSED] - Object: 'Object Repository/Regression Clinical Edge/ClientPage/HomeLink' is clicked on&#xD;
&#xD;
2019-09-20 10:05:59 - [TEST_STEP][PASSED] - delay(2): Delayed 2 second(s)&#xD;
&#xD;
2019-09-20 10:06:01 - [MESSAGE][PASSED] - Delayed 2 second(s)&#xD;
&#xD;
2019-09-20 10:06:01 - [TEST_STEP][PASSED] - waitForPageLoad(50): Wait for page load successfully&#xD;
&#xD;
2019-09-20 10:06:01 - [MESSAGE][PASSED] - Wait for page load successfully&#xD;
&#xD;
2019-09-20 10:06:01 - [TEST_STEP][PASSED] - verifyElementPresent(findTestObject("Regression Clinical Edge/CLINK-23467/a_CurrentClient"), 10): Object 'Object Repository/Regression Clinical Edge/CLINK-23467/a_CurrentClient' is present&#xD;
&#xD;
2019-09-20 10:06:01 - [MESSAGE][PASSED] - Object 'Object Repository/Regression Clinical Edge/CLINK-23467/a_CurrentClient' is present&#xD;
&#xD;
2019-09-20 10:06:01 - [TEST_STEP][PASSED] - if (verifyElementPresent(findTestObject("Regression Clinical Edge/CLINK-23467/a_CurrentClient"), 10)): Object: 'Object Repository/Regression Clinical Edge/CLINK-23467/a_CurrentClient' is clicked on&#xD;
&#xD;
2019-09-20 10:06:01 - [MESSAGE][PASSED] - Object 'Object Repository/Regression Clinical Edge/CLINK-23467/a_CurrentClient' is present&#xD;
&#xD;
2019-09-20 10:06:01 - [TEST_STEP][PASSED] - click(findTestObject("Regression Clinical Edge/CLINK-23467/a_CurrentClient")): Object: 'Object Repository/Regression Clinical Edge/CLINK-23467/a_CurrentClient' is clicked on&#xD;
&#xD;
2019-09-20 10:06:03 - [MESSAGE][PASSED] - Object: 'Object Repository/Regression Clinical Edge/CLINK-23467/a_CurrentClient' is clicked on&#xD;
&#xD;
2019-09-20 10:06:03 - [TEST_STEP][PASSED] - delay(5): Delayed 5 second(s)&#xD;
&#xD;
2019-09-20 10:06:08 - [MESSAGE][PASSED] - Delayed 5 second(s)&#xD;
&#xD;
2019-09-20 10:06:08 - [TEST_STEP][PASSED] - waitForPageLoad(50): Wait for page load successfully&#xD;
&#xD;
2019-09-20 10:06:08 - [MESSAGE][PASSED] - Wait for page load successfully&#xD;
&#xD;
2019-09-20 10:06:08 - [TEST_STEP][PASSED] - waitForElementPresent(findTestObject("Regression Clinical Edge/HomePage/ClientLink"), 100): Object 'Object Repository/Regression Clinical Edge/HomePage/ClientLink' is present&#xD;
&#xD;
2019-09-20 10:06:08 - [MESSAGE][PASSED] - Object 'Object Repository/Regression Clinical Edge/HomePage/ClientLink' is present&#xD;
&#xD;
2019-09-20 10:06:08 - [TEST_STEP][PASSED] - click(findTestObject("Regression Clinical Edge/HomePage/ClientLink")): Object: 'Object Repository/Regression Clinical Edge/HomePage/ClientLink' is clicked on&#xD;
&#xD;
2019-09-20 10:06:09 - [MESSAGE][PASSED] - Object: 'Object Repository/Regression Clinical Edge/HomePage/ClientLink' is clicked on&#xD;
&#xD;
2019-09-20 10:06:09 - [TEST_STEP][PASSED] - delay(2): Delayed 2 second(s)&#xD;
&#xD;
2019-09-20 10:06:11 - [MESSAGE][PASSED] - Delayed 2 second(s)&#xD;
&#xD;
2019-09-20 10:06:11 - [TEST_STEP][PASSED] - waitForPageLoad(50): Wait for page load successfully&#xD;
&#xD;
2019-09-20 10:06:11 - [MESSAGE][PASSED] - Wait for page load successfully&#xD;
&#xD;
2019-09-20 10:06:11 - [TEST_STEP][PASSED] - scrollToElement(findTestObject("Regression Clinical Edge/CLINK - 23504/Plan of Care Section"), 50): Scroll to object 'Object Repository/Regression Clinical Edge/CLINK - 23504/Plan of Care Section' successfully&#xD;
&#xD;
2019-09-20 10:06:11 - [MESSAGE][PASSED] - Scroll to object 'Object Repository/Regression Clinical Edge/CLINK - 23504/Plan of Care Section' successfully&#xD;
&#xD;
2019-09-20 10:06:11 - [TEST_STEP][PASSED] - waitForElementPresent(findTestObject("Regression Clinical Edge/CLINK-23505/AddPlanCare"), 50): Object 'Object Repository/Regression Clinical Edge/CLINK-23505/AddPlanCare' is present&#xD;
&#xD;
2019-09-20 10:06:12 - [MESSAGE][PASSED] - Object 'Object Repository/Regression Clinical Edge/CLINK-23505/AddPlanCare' is present&#xD;
&#xD;
2019-09-20 10:06:12 - [TEST_STEP][PASSED] - click(findTestObject("Regression Clinical Edge/CLINK-23505/AddPlanCare")): Object: 'Object Repository/Regression Clinical Edge/CLINK-23505/AddPlanCare' is clicked on&#xD;
&#xD;
2019-09-20 10:06:12 - [MESSAGE][PASSED] - Object: 'Object Repository/Regression Clinical Edge/CLINK-23505/AddPlanCare' is clicked on&#xD;
&#xD;
2019-09-20 10:06:12 - [TEST_STEP][PASSED] - delay(2): Delayed 2 second(s)&#xD;
&#xD;
2019-09-20 10:06:14 - [MESSAGE][PASSED] - Delayed 2 second(s)&#xD;
&#xD;
2019-09-20 10:06:14 - [TEST_STEP][PASSED] - waitForElementPresent(findTestObject("Regression Clinical Edge/CLINK-23505/POC"), 50): Object 'Object Repository/Regression Clinical Edge/CLINK-23505/POC' is present&#xD;
&#xD;
2019-09-20 10:06:14 - [MESSAGE][PASSED] - Object 'Object Repository/Regression Clinical Edge/CLINK-23505/POC' is present&#xD;
&#xD;
2019-09-20 10:06:14 - [TEST_STEP][PASSED] - click(findTestObject("Regression Clinical Edge/CLINK-23505/POC")): Object: 'Object Repository/Regression Clinical Edge/CLINK-23505/POC' is clicked on&#xD;
&#xD;
2019-09-20 10:06:14 - [MESSAGE][PASSED] - Object: 'Object Repository/Regression Clinical Edge/CLINK-23505/POC' is clicked on&#xD;
&#xD;
2019-09-20 10:06:14 - [TEST_STEP][PASSED] - delay(3): Delayed 3 second(s)&#xD;
&#xD;
2019-09-20 10:06:17 - [MESSAGE][PASSED] - Delayed 3 second(s)&#xD;
&#xD;
2019-09-20 10:06:17 - [TEST_STEP][PASSED] - waitForElementPresent(findTestObject("Regression Clinical Edge/CLNK-23506/ErrorMessageIcon"), 50): Object 'Object Repository/Regression Clinical Edge/CLNK-23506/ErrorMessageIcon' is present&#xD;
&#xD;
2019-09-20 10:06:17 - [MESSAGE][PASSED] - Object 'Object Repository/Regression Clinical Edge/CLNK-23506/ErrorMessageIcon' is present&#xD;
&#xD;
2019-09-20 10:06:17 - [TEST_STEP][PASSED] - verifyElementPresent(findTestObject("Regression Clinical Edge/CLNK-23506/ErrorMessageIcon"), 50): Object 'Object Repository/Regression Clinical Edge/CLNK-23506/ErrorMessageIcon' is present&#xD;
&#xD;
2019-09-20 10:06:17 - [MESSAGE][PASSED] - Object 'Object Repository/Regression Clinical Edge/CLNK-23506/ErrorMessageIcon' is present&#xD;
&#xD;
2019-09-20 10:06:17 - [TEST_STEP][PASSED] - delay(3): Delayed 3 second(s)&#xD;
&#xD;
2019-09-20 10:06:20 - [MESSAGE][PASSED] - Delayed 3 second(s)&#xD;
&#xD;
2019-09-20 10:06:20 - [TEST_STEP][PASSED] - closeBrowser(): Browser is closed&#xD;
&#xD;
2019-09-20 10:06:21 - [MESSAGE][PASSED] - Browser is closed</system-out>
            <system-err></system-err>
        </testcase>
        <testcase name="Test Cases/Regression Clinical Edge (All Browsers)/CLNK-23505 - Clinical Edge - POC - Plan of Care" classname="Test Cases/Regression Clinical Edge (All Browsers)/CLNK-23505 - Clinical Edge - POC - Plan of Care" status="PASSED">
            <system-out>2019-09-20 10:06:23 - [TEST_CASE][PASSED] - Test Cases/Regression Clinical Edge (All Browsers)/CLNK-23505 - Clinical Edge - POC - Plan of Care: Test Cases/Regression Clinical Edge (All Browsers)/CLNK-23505 - Clinical Edge - POC - Plan of Care&#xD;
&#xD;
2019-09-20 10:06:23 - [TEST_STEP][PASSED] - callTestCase(findTestCase("Regression Clinical Edge (All Browsers)/CLNK-23349 - ContinuLink - Login"), [:], STOP_ON_FAILURE): Call Test Case 'Test Cases/Regression Clinical Edge (All Browsers)/CLNK-23349 - ContinuLink - Login' successfully&#xD;
&#xD;
2019-09-20 10:06:23 - [TEST_CASE][PASSED] - Test Cases/Regression Clinical Edge (All Browsers)/CLNK-23349 - ContinuLink - Login: Test Cases/Regression Clinical Edge (All Browsers)/CLNK-23349 - ContinuLink - Login&#xD;
&#xD;
2019-09-20 10:06:23 - [TEST_STEP][PASSED] - deleteAllCookies(): Delete all cookies successfully&#xD;
&#xD;
2019-09-20 10:06:23 - [MESSAGE][WARNING] - Cannot delete cookies because browser is closed&#xD;
&#xD;
2019-09-20 10:06:23 - [MESSAGE][PASSED] - Delete all cookies successfully&#xD;
&#xD;
2019-09-20 10:06:23 - [TEST_STEP][PASSED] - openBrowser(G_SiteURL): Browser is opened with url: 'https://qanewpoc.continulink.com/Account/Login.aspx?ReturnUrl=%2fdefault.aspx'&#xD;
&#xD;
2019-09-20 10:06:23 - [MESSAGE][INFO] - Starting 'Chrome' driver&#xD;
&#xD;
2019-09-20 10:06:32 - [MESSAGE][PASSED] - Browser is opened with url: 'https://qanewpoc.continulink.com/Account/Login.aspx?ReturnUrl=%2fdefault.aspx'&#xD;
&#xD;
2019-09-20 10:06:32 - [TEST_STEP][PASSED] - waitForPageLoad(60): Wait for page load successfully&#xD;
&#xD;
2019-09-20 10:06:32 - [MESSAGE][PASSED] - Wait for page load successfully&#xD;
&#xD;
2019-09-20 10:06:32 - [TEST_STEP][PASSED] - maximizeWindow(): Current window maximized&#xD;
&#xD;
2019-09-20 10:06:36 - [MESSAGE][PASSED] - Current window maximized&#xD;
&#xD;
2019-09-20 10:06:36 - [TEST_STEP][PASSED] - setText(findTestObject("Regression Clinical Edge/CLNK-23349/User"), G_CaregiverUserName): Text 'setenta' is set on object 'Object Repository/Regression Clinical Edge/CLNK-23349/User'&#xD;
&#xD;
2019-09-20 10:06:37 - [MESSAGE][PASSED] - Text 'setenta' is set on object 'Object Repository/Regression Clinical Edge/CLNK-23349/User'&#xD;
&#xD;
2019-09-20 10:06:37 - [TEST_STEP][PASSED] - setText(findTestObject("Regression Clinical Edge/CLNK-23349/Password"), G_Password): Text 'qwerty' is set on object 'Object Repository/Regression Clinical Edge/CLNK-23349/Password'&#xD;
&#xD;
2019-09-20 10:06:37 - [MESSAGE][PASSED] - Text 'qwerty' is set on object 'Object Repository/Regression Clinical Edge/CLNK-23349/Password'&#xD;
&#xD;
2019-09-20 10:06:37 - [TEST_STEP][PASSED] - click(findTestObject("Regression Clinical Edge/CLNK-23349/Button_LogIn")): Object: 'Object Repository/Regression Clinical Edge/CLNK-23349/Button_LogIn' is clicked on&#xD;
&#xD;
2019-09-20 10:06:39 - [MESSAGE][PASSED] - Object: 'Object Repository/Regression Clinical Edge/CLNK-23349/Button_LogIn' is clicked on&#xD;
&#xD;
2019-09-20 10:06:39 - [TEST_STEP][PASSED] - waitForPageLoad(60): Wait for page load successfully&#xD;
&#xD;
2019-09-20 10:06:39 - [MESSAGE][PASSED] - Wait for page load successfully&#xD;
&#xD;
2019-09-20 10:06:39 - [TEST_STEP][PASSED] - delay(2): Delayed 2 second(s)&#xD;
&#xD;
2019-09-20 10:06:41 - [MESSAGE][PASSED] - Delayed 2 second(s)&#xD;
&#xD;
2019-09-20 10:06:41 - [TEST_STEP][NOT_RUN] - waitForElementPresent(findTestObject("Regression Clinical Edge/CLINK-23509/button_Close"), 100): NOT_RUN: waitForElementPresent(findTestObject("Regression Clinical Edge/CLINK-23509/button_Close"), 100)&#xD;
&#xD;
2019-09-20 10:06:41 - [MESSAGE][NOT_RUN] - NOT_RUN: waitForElementPresent(findTestObject("Regression Clinical Edge/CLINK-23509/button_Close"), 100)&#xD;
&#xD;
2019-09-20 10:06:41 - [TEST_STEP][NOT_RUN] - click(findTestObject("Regression Clinical Edge/CLINK-23509/button_Close")): NOT_RUN: click(findTestObject("Regression Clinical Edge/CLINK-23509/button_Close"))&#xD;
&#xD;
2019-09-20 10:06:41 - [MESSAGE][NOT_RUN] - NOT_RUN: click(findTestObject("Regression Clinical Edge/CLINK-23509/button_Close"))&#xD;
&#xD;
2019-09-20 10:06:41 - [TEST_STEP][NOT_RUN] - delay(2): NOT_RUN: delay(2)&#xD;
&#xD;
2019-09-20 10:06:41 - [MESSAGE][NOT_RUN] - NOT_RUN: delay(2)&#xD;
&#xD;
2019-09-20 10:06:41 - [MESSAGE][PASSED] - Call Test Case 'Test Cases/Regression Clinical Edge (All Browsers)/CLNK-23349 - ContinuLink - Login' successfully&#xD;
&#xD;
2019-09-20 10:06:41 - [TEST_STEP][PASSED] - waitForPageLoad(60): Wait for page load successfully&#xD;
&#xD;
2019-09-20 10:06:41 - [MESSAGE][PASSED] - Wait for page load successfully&#xD;
&#xD;
2019-09-20 10:06:41 - [TEST_STEP][PASSED] - maximizeWindow(): Current window maximized&#xD;
&#xD;
2019-09-20 10:06:41 - [MESSAGE][PASSED] - Current window maximized&#xD;
&#xD;
2019-09-20 10:06:41 - [TEST_STEP][PASSED] - waitForPageLoad(60): Wait for page load successfully&#xD;
&#xD;
2019-09-20 10:06:41 - [MESSAGE][PASSED] - Wait for page load successfully&#xD;
&#xD;
2019-09-20 10:06:41 - [TEST_STEP][PASSED] - delay(8): Delayed 8 second(s)&#xD;
&#xD;
2019-09-20 10:06:49 - [MESSAGE][PASSED] - Delayed 8 second(s)&#xD;
&#xD;
2019-09-20 10:06:49 - [TEST_STEP][PASSED] - waitForElementPresent(findTestObject("Regression Clinical Edge/ClientPage/HomeLink"), 100): Object 'Object Repository/Regression Clinical Edge/ClientPage/HomeLink' is present&#xD;
&#xD;
2019-09-20 10:06:49 - [MESSAGE][PASSED] - Object 'Object Repository/Regression Clinical Edge/ClientPage/HomeLink' is present&#xD;
&#xD;
2019-09-20 10:06:49 - [TEST_STEP][PASSED] - click(findTestObject("Regression Clinical Edge/ClientPage/HomeLink")): Object: 'Object Repository/Regression Clinical Edge/ClientPage/HomeLink' is clicked on&#xD;
&#xD;
2019-09-20 10:06:49 - [MESSAGE][PASSED] - Object: 'Object Repository/Regression Clinical Edge/ClientPage/HomeLink' is clicked on&#xD;
&#xD;
2019-09-20 10:06:49 - [TEST_STEP][PASSED] - delay(2): Delayed 2 second(s)&#xD;
&#xD;
2019-09-20 10:06:51 - [MESSAGE][PASSED] - Delayed 2 second(s)&#xD;
&#xD;
2019-09-20 10:06:51 - [TEST_STEP][PASSED] - waitForPageLoad(50): Wait for page load successfully&#xD;
&#xD;
2019-09-20 10:06:51 - [MESSAGE][PASSED] - Wait for page load successfully&#xD;
&#xD;
2019-09-20 10:06:51 - [TEST_STEP][PASSED] - verifyElementPresent(findTestObject("Regression Clinical Edge/CLINK-23467/a_CurrentClient"), 10): Object 'Object Repository/Regression Clinical Edge/CLINK-23467/a_CurrentClient' is present&#xD;
&#xD;
2019-09-20 10:06:51 - [MESSAGE][PASSED] - Object 'Object Repository/Regression Clinical Edge/CLINK-23467/a_CurrentClient' is present&#xD;
&#xD;
2019-09-20 10:06:51 - [TEST_STEP][PASSED] - if (verifyElementPresent(findTestObject("Regression Clinical Edge/CLINK-23467/a_CurrentClient"), 10)): Object: 'Object Repository/Regression Clinical Edge/CLINK-23467/a_CurrentClient' is clicked on&#xD;
&#xD;
2019-09-20 10:06:51 - [MESSAGE][PASSED] - Object 'Object Repository/Regression Clinical Edge/CLINK-23467/a_CurrentClient' is present&#xD;
&#xD;
2019-09-20 10:06:51 - [TEST_STEP][PASSED] - click(findTestObject("Regression Clinical Edge/CLINK-23467/a_CurrentClient")): Object: 'Object Repository/Regression Clinical Edge/CLINK-23467/a_CurrentClient' is clicked on&#xD;
&#xD;
2019-09-20 10:06:53 - [MESSAGE][PASSED] - Object: 'Object Repository/Regression Clinical Edge/CLINK-23467/a_CurrentClient' is clicked on&#xD;
&#xD;
2019-09-20 10:06:53 - [TEST_STEP][PASSED] - delay(5): Delayed 5 second(s)&#xD;
&#xD;
2019-09-20 10:06:58 - [MESSAGE][PASSED] - Delayed 5 second(s)&#xD;
&#xD;
2019-09-20 10:06:58 - [TEST_STEP][PASSED] - waitForPageLoad(50): Wait for page load successfully&#xD;
&#xD;
2019-09-20 10:06:58 - [MESSAGE][PASSED] - Wait for page load successfully&#xD;
&#xD;
2019-09-20 10:06:58 - [TEST_STEP][PASSED] - waitForElementPresent(findTestObject("Regression Clinical Edge/HomePage/ClientLink"), 100): Object 'Object Repository/Regression Clinical Edge/HomePage/ClientLink' is present&#xD;
&#xD;
2019-09-20 10:06:58 - [MESSAGE][PASSED] - Object 'Object Repository/Regression Clinical Edge/HomePage/ClientLink' is present&#xD;
&#xD;
2019-09-20 10:06:58 - [TEST_STEP][PASSED] - click(findTestObject("Regression Clinical Edge/HomePage/ClientLink")): Object: 'Object Repository/Regression Clinical Edge/HomePage/ClientLink' is clicked on&#xD;
&#xD;
2019-09-20 10:06:59 - [MESSAGE][PASSED] - Object: 'Object Repository/Regression Clinical Edge/HomePage/ClientLink' is clicked on&#xD;
&#xD;
2019-09-20 10:06:59 - [TEST_STEP][PASSED] - delay(2): Delayed 2 second(s)&#xD;
&#xD;
2019-09-20 10:07:01 - [MESSAGE][PASSED] - Delayed 2 second(s)&#xD;
&#xD;
2019-09-20 10:07:01 - [TEST_STEP][PASSED] - waitForPageLoad(50): Wait for page load successfully&#xD;
&#xD;
2019-09-20 10:07:01 - [MESSAGE][PASSED] - Wait for page load successfully&#xD;
&#xD;
2019-09-20 10:07:01 - [TEST_STEP][PASSED] - scrollToElement(findTestObject("Regression Clinical Edge/CLINK - 23504/Plan of Care Section"), 50): Scroll to object 'Object Repository/Regression Clinical Edge/CLINK - 23504/Plan of Care Section' successfully&#xD;
&#xD;
2019-09-20 10:07:01 - [MESSAGE][PASSED] - Scroll to object 'Object Repository/Regression Clinical Edge/CLINK - 23504/Plan of Care Section' successfully&#xD;
&#xD;
2019-09-20 10:07:01 - [TEST_STEP][PASSED] - waitForElementPresent(findTestObject("Regression Clinical Edge/CLINK-23505/AddPlanCare"), 50): Object 'Object Repository/Regression Clinical Edge/CLINK-23505/AddPlanCare' is present&#xD;
&#xD;
2019-09-20 10:07:01 - [MESSAGE][PASSED] - Object 'Object Repository/Regression Clinical Edge/CLINK-23505/AddPlanCare' is present&#xD;
&#xD;
2019-09-20 10:07:01 - [TEST_STEP][PASSED] - click(findTestObject("Regression Clinical Edge/CLINK-23505/AddPlanCare")): Object: 'Object Repository/Regression Clinical Edge/CLINK-23505/AddPlanCare' is clicked on&#xD;
&#xD;
2019-09-20 10:07:02 - [MESSAGE][PASSED] - Object: 'Object Repository/Regression Clinical Edge/CLINK-23505/AddPlanCare' is clicked on&#xD;
&#xD;
2019-09-20 10:07:02 - [TEST_STEP][PASSED] - delay(2): Delayed 2 second(s)&#xD;
&#xD;
2019-09-20 10:07:04 - [MESSAGE][PASSED] - Delayed 2 second(s)&#xD;
&#xD;
2019-09-20 10:07:04 - [TEST_STEP][PASSED] - waitForElementPresent(findTestObject("Regression Clinical Edge/CLINK-23505/POC"), 50): Object 'Object Repository/Regression Clinical Edge/CLINK-23505/POC' is present&#xD;
&#xD;
2019-09-20 10:07:04 - [MESSAGE][PASSED] - Object 'Object Repository/Regression Clinical Edge/CLINK-23505/POC' is present&#xD;
&#xD;
2019-09-20 10:07:04 - [TEST_STEP][PASSED] - click(findTestObject("Regression Clinical Edge/CLINK-23505/POC")): Object: 'Object Repository/Regression Clinical Edge/CLINK-23505/POC' is clicked on&#xD;
&#xD;
2019-09-20 10:07:04 - [MESSAGE][PASSED] - Object: 'Object Repository/Regression Clinical Edge/CLINK-23505/POC' is clicked on&#xD;
&#xD;
2019-09-20 10:07:04 - [TEST_STEP][PASSED] - delay(3): Delayed 3 second(s)&#xD;
&#xD;
2019-09-20 10:07:07 - [MESSAGE][PASSED] - Delayed 3 second(s)&#xD;
&#xD;
2019-09-20 10:07:07 - [TEST_STEP][PASSED] - waitForElementPresent(findTestObject("Regression Clinical Edge/CLINK-23505/SavePOC"), 50): Object 'Object Repository/Regression Clinical Edge/CLINK-23505/SavePOC' is present&#xD;
&#xD;
2019-09-20 10:07:07 - [MESSAGE][PASSED] - Object 'Object Repository/Regression Clinical Edge/CLINK-23505/SavePOC' is present&#xD;
&#xD;
2019-09-20 10:07:07 - [TEST_STEP][PASSED] - click(findTestObject("Regression Clinical Edge/CLINK-23505/SavePOC")): Object: 'Object Repository/Regression Clinical Edge/CLINK-23505/SavePOC' is clicked on&#xD;
&#xD;
2019-09-20 10:07:07 - [MESSAGE][PASSED] - Object: 'Object Repository/Regression Clinical Edge/CLINK-23505/SavePOC' is clicked on&#xD;
&#xD;
2019-09-20 10:07:07 - [TEST_STEP][PASSED] - delay(3): Delayed 3 second(s)&#xD;
&#xD;
2019-09-20 10:07:10 - [MESSAGE][PASSED] - Delayed 3 second(s)&#xD;
&#xD;
2019-09-20 10:07:10 - [TEST_STEP][PASSED] - closeBrowser(): Browser is closed&#xD;
&#xD;
2019-09-20 10:07:11 - [MESSAGE][PASSED] - Browser is closed</system-out>
            <system-err></system-err>
        </testcase>
        <testcase name="Test Cases/Regression Clinical Edge (All Browsers)/CLNK-23509 - Clinical Edge - POC - Sign and Submit" classname="Test Cases/Regression Clinical Edge (All Browsers)/CLNK-23509 - Clinical Edge - POC - Sign and Submit" status="PASSED">
            <system-out>2019-09-20 10:07:13 - [TEST_CASE][PASSED] - Test Cases/Regression Clinical Edge (All Browsers)/CLNK-23509 - Clinical Edge - POC - Sign and Submit: Test Cases/Regression Clinical Edge (All Browsers)/CLNK-23509 - Clinical Edge - POC - Sign and Submit&#xD;
&#xD;
2019-09-20 10:07:13 - [TEST_STEP][PASSED] - callTestCase(findTestCase("Regression Clinical Edge (All Browsers)/CLNK-23349 - ContinuLink - Login"), [:], STOP_ON_FAILURE): Call Test Case 'Test Cases/Regression Clinical Edge (All Browsers)/CLNK-23349 - ContinuLink - Login' successfully&#xD;
&#xD;
2019-09-20 10:07:13 - [TEST_CASE][PASSED] - Test Cases/Regression Clinical Edge (All Browsers)/CLNK-23349 - ContinuLink - Login: Test Cases/Regression Clinical Edge (All Browsers)/CLNK-23349 - ContinuLink - Login&#xD;
&#xD;
2019-09-20 10:07:13 - [TEST_STEP][PASSED] - deleteAllCookies(): Delete all cookies successfully&#xD;
&#xD;
2019-09-20 10:07:13 - [MESSAGE][WARNING] - Cannot delete cookies because browser is closed&#xD;
&#xD;
2019-09-20 10:07:13 - [MESSAGE][PASSED] - Delete all cookies successfully&#xD;
&#xD;
2019-09-20 10:07:13 - [TEST_STEP][PASSED] - openBrowser(G_SiteURL): Browser is opened with url: 'https://qanewpoc.continulink.com/Account/Login.aspx?ReturnUrl=%2fdefault.aspx'&#xD;
&#xD;
2019-09-20 10:07:13 - [MESSAGE][INFO] - Starting 'Chrome' driver&#xD;
&#xD;
2019-09-20 10:07:22 - [MESSAGE][PASSED] - Browser is opened with url: 'https://qanewpoc.continulink.com/Account/Login.aspx?ReturnUrl=%2fdefault.aspx'&#xD;
&#xD;
2019-09-20 10:07:22 - [TEST_STEP][PASSED] - waitForPageLoad(60): Wait for page load successfully&#xD;
&#xD;
2019-09-20 10:07:22 - [MESSAGE][PASSED] - Wait for page load successfully&#xD;
&#xD;
2019-09-20 10:07:22 - [TEST_STEP][PASSED] - maximizeWindow(): Current window maximized&#xD;
&#xD;
2019-09-20 10:07:26 - [MESSAGE][PASSED] - Current window maximized&#xD;
&#xD;
2019-09-20 10:07:26 - [TEST_STEP][PASSED] - setText(findTestObject("Regression Clinical Edge/CLNK-23349/User"), G_CaregiverUserName): Text 'setenta' is set on object 'Object Repository/Regression Clinical Edge/CLNK-23349/User'&#xD;
&#xD;
2019-09-20 10:07:27 - [MESSAGE][PASSED] - Text 'setenta' is set on object 'Object Repository/Regression Clinical Edge/CLNK-23349/User'&#xD;
&#xD;
2019-09-20 10:07:27 - [TEST_STEP][PASSED] - setText(findTestObject("Regression Clinical Edge/CLNK-23349/Password"), G_Password): Text 'qwerty' is set on object 'Object Repository/Regression Clinical Edge/CLNK-23349/Password'&#xD;
&#xD;
2019-09-20 10:07:27 - [MESSAGE][PASSED] - Text 'qwerty' is set on object 'Object Repository/Regression Clinical Edge/CLNK-23349/Password'&#xD;
&#xD;
2019-09-20 10:07:27 - [TEST_STEP][PASSED] - click(findTestObject("Regression Clinical Edge/CLNK-23349/Button_LogIn")): Object: 'Object Repository/Regression Clinical Edge/CLNK-23349/Button_LogIn' is clicked on&#xD;
&#xD;
2019-09-20 10:07:29 - [MESSAGE][PASSED] - Object: 'Object Repository/Regression Clinical Edge/CLNK-23349/Button_LogIn' is clicked on&#xD;
&#xD;
2019-09-20 10:07:29 - [TEST_STEP][PASSED] - waitForPageLoad(60): Wait for page load successfully&#xD;
&#xD;
2019-09-20 10:07:29 - [MESSAGE][PASSED] - Wait for page load successfully&#xD;
&#xD;
2019-09-20 10:07:29 - [TEST_STEP][PASSED] - delay(2): Delayed 2 second(s)&#xD;
&#xD;
2019-09-20 10:07:31 - [MESSAGE][PASSED] - Delayed 2 second(s)&#xD;
&#xD;
2019-09-20 10:07:31 - [TEST_STEP][NOT_RUN] - waitForElementPresent(findTestObject("Regression Clinical Edge/CLINK-23509/button_Close"), 100): NOT_RUN: waitForElementPresent(findTestObject("Regression Clinical Edge/CLINK-23509/button_Close"), 100)&#xD;
&#xD;
2019-09-20 10:07:31 - [MESSAGE][NOT_RUN] - NOT_RUN: waitForElementPresent(findTestObject("Regression Clinical Edge/CLINK-23509/button_Close"), 100)&#xD;
&#xD;
2019-09-20 10:07:31 - [TEST_STEP][NOT_RUN] - click(findTestObject("Regression Clinical Edge/CLINK-23509/button_Close")): NOT_RUN: click(findTestObject("Regression Clinical Edge/CLINK-23509/button_Close"))&#xD;
&#xD;
2019-09-20 10:07:31 - [MESSAGE][NOT_RUN] - NOT_RUN: click(findTestObject("Regression Clinical Edge/CLINK-23509/button_Close"))&#xD;
&#xD;
2019-09-20 10:07:31 - [TEST_STEP][NOT_RUN] - delay(2): NOT_RUN: delay(2)&#xD;
&#xD;
2019-09-20 10:07:31 - [MESSAGE][NOT_RUN] - NOT_RUN: delay(2)&#xD;
&#xD;
2019-09-20 10:07:31 - [MESSAGE][PASSED] - Call Test Case 'Test Cases/Regression Clinical Edge (All Browsers)/CLNK-23349 - ContinuLink - Login' successfully&#xD;
&#xD;
2019-09-20 10:07:31 - [TEST_STEP][PASSED] - waitForPageLoad(60): Wait for page load successfully&#xD;
&#xD;
2019-09-20 10:07:31 - [MESSAGE][PASSED] - Wait for page load successfully&#xD;
&#xD;
2019-09-20 10:07:31 - [TEST_STEP][PASSED] - maximizeWindow(): Current window maximized&#xD;
&#xD;
2019-09-20 10:07:31 - [MESSAGE][PASSED] - Current window maximized&#xD;
&#xD;
2019-09-20 10:07:31 - [TEST_STEP][PASSED] - waitForPageLoad(60): Wait for page load successfully&#xD;
&#xD;
2019-09-20 10:07:31 - [MESSAGE][PASSED] - Wait for page load successfully&#xD;
&#xD;
2019-09-20 10:07:31 - [TEST_STEP][PASSED] - delay(8): Delayed 8 second(s)&#xD;
&#xD;
2019-09-20 10:07:39 - [MESSAGE][PASSED] - Delayed 8 second(s)&#xD;
&#xD;
2019-09-20 10:07:39 - [TEST_STEP][PASSED] - waitForElementPresent(findTestObject("Regression Clinical Edge/ClientPage/HomeLink"), 100): Object 'Object Repository/Regression Clinical Edge/ClientPage/HomeLink' is present&#xD;
&#xD;
2019-09-20 10:07:39 - [MESSAGE][PASSED] - Object 'Object Repository/Regression Clinical Edge/ClientPage/HomeLink' is present&#xD;
&#xD;
2019-09-20 10:07:39 - [TEST_STEP][PASSED] - click(findTestObject("Regression Clinical Edge/ClientPage/HomeLink")): Object: 'Object Repository/Regression Clinical Edge/ClientPage/HomeLink' is clicked on&#xD;
&#xD;
2019-09-20 10:07:39 - [MESSAGE][PASSED] - Object: 'Object Repository/Regression Clinical Edge/ClientPage/HomeLink' is clicked on&#xD;
&#xD;
2019-09-20 10:07:39 - [TEST_STEP][PASSED] - delay(2): Delayed 2 second(s)&#xD;
&#xD;
2019-09-20 10:07:41 - [MESSAGE][PASSED] - Delayed 2 second(s)&#xD;
&#xD;
2019-09-20 10:07:41 - [TEST_STEP][PASSED] - waitForPageLoad(50): Wait for page load successfully&#xD;
&#xD;
2019-09-20 10:07:41 - [MESSAGE][PASSED] - Wait for page load successfully&#xD;
&#xD;
2019-09-20 10:07:41 - [TEST_STEP][PASSED] - verifyElementPresent(findTestObject("Regression Clinical Edge/CLINK-23467/a_CurrentClient"), 10): Object 'Object Repository/Regression Clinical Edge/CLINK-23467/a_CurrentClient' is present&#xD;
&#xD;
2019-09-20 10:07:42 - [MESSAGE][PASSED] - Object 'Object Repository/Regression Clinical Edge/CLINK-23467/a_CurrentClient' is present&#xD;
&#xD;
2019-09-20 10:07:42 - [TEST_STEP][PASSED] - if (verifyElementPresent(findTestObject("Regression Clinical Edge/CLINK-23467/a_CurrentClient"), 10)): Object: 'Object Repository/Regression Clinical Edge/CLINK-23467/a_CurrentClient' is clicked on&#xD;
&#xD;
2019-09-20 10:07:42 - [MESSAGE][PASSED] - Object 'Object Repository/Regression Clinical Edge/CLINK-23467/a_CurrentClient' is present&#xD;
&#xD;
2019-09-20 10:07:42 - [TEST_STEP][PASSED] - click(findTestObject("Regression Clinical Edge/CLINK-23467/a_CurrentClient")): Object: 'Object Repository/Regression Clinical Edge/CLINK-23467/a_CurrentClient' is clicked on&#xD;
&#xD;
2019-09-20 10:07:43 - [MESSAGE][PASSED] - Object: 'Object Repository/Regression Clinical Edge/CLINK-23467/a_CurrentClient' is clicked on&#xD;
&#xD;
2019-09-20 10:07:43 - [TEST_STEP][PASSED] - delay(5): Delayed 5 second(s)&#xD;
&#xD;
2019-09-20 10:07:48 - [MESSAGE][PASSED] - Delayed 5 second(s)&#xD;
&#xD;
2019-09-20 10:07:48 - [TEST_STEP][PASSED] - waitForPageLoad(50): Wait for page load successfully&#xD;
&#xD;
2019-09-20 10:07:48 - [MESSAGE][PASSED] - Wait for page load successfully&#xD;
&#xD;
2019-09-20 10:07:48 - [TEST_STEP][PASSED] - waitForElementPresent(findTestObject("Regression Clinical Edge/HomePage/ClientLink"), 100): Object 'Object Repository/Regression Clinical Edge/HomePage/ClientLink' is present&#xD;
&#xD;
2019-09-20 10:07:48 - [MESSAGE][PASSED] - Object 'Object Repository/Regression Clinical Edge/HomePage/ClientLink' is present&#xD;
&#xD;
2019-09-20 10:07:48 - [TEST_STEP][PASSED] - click(findTestObject("Regression Clinical Edge/HomePage/ClientLink")): Object: 'Object Repository/Regression Clinical Edge/HomePage/ClientLink' is clicked on&#xD;
&#xD;
2019-09-20 10:07:49 - [MESSAGE][PASSED] - Object: 'Object Repository/Regression Clinical Edge/HomePage/ClientLink' is clicked on&#xD;
&#xD;
2019-09-20 10:07:49 - [TEST_STEP][PASSED] - delay(2): Delayed 2 second(s)&#xD;
&#xD;
2019-09-20 10:07:51 - [MESSAGE][PASSED] - Delayed 2 second(s)&#xD;
&#xD;
2019-09-20 10:07:51 - [TEST_STEP][PASSED] - waitForPageLoad(50): Wait for page load successfully&#xD;
&#xD;
2019-09-20 10:07:51 - [MESSAGE][PASSED] - Wait for page load successfully&#xD;
&#xD;
2019-09-20 10:07:51 - [TEST_STEP][PASSED] - scrollToElement(findTestObject("Regression Clinical Edge/CLINK - 23504/Plan of Care Section"), 50): Scroll to object 'Object Repository/Regression Clinical Edge/CLINK - 23504/Plan of Care Section' successfully&#xD;
&#xD;
2019-09-20 10:07:52 - [MESSAGE][PASSED] - Scroll to object 'Object Repository/Regression Clinical Edge/CLINK - 23504/Plan of Care Section' successfully&#xD;
&#xD;
2019-09-20 10:07:52 - [TEST_STEP][PASSED] - click(findTestObject("Regression Clinical Edge/CLINK-23509/Plan of Care Client")): Object: 'Object Repository/Regression Clinical Edge/CLINK-23509/Plan of Care Client' is clicked on&#xD;
&#xD;
2019-09-20 10:07:57 - [MESSAGE][PASSED] - Object: 'Object Repository/Regression Clinical Edge/CLINK-23509/Plan of Care Client' is clicked on&#xD;
&#xD;
2019-09-20 10:07:57 - [TEST_STEP][PASSED] - waitForPageLoad(50): Wait for page load successfully&#xD;
&#xD;
2019-09-20 10:07:57 - [MESSAGE][PASSED] - Wait for page load successfully&#xD;
&#xD;
2019-09-20 10:07:57 - [TEST_STEP][PASSED] - waitForElementPresent(findTestObject("Regression Clinical Edge/CLINK-23509/GoNext"), 50): Object 'Object Repository/Regression Clinical Edge/CLINK-23509/GoNext' is present&#xD;
&#xD;
2019-09-20 10:07:58 - [MESSAGE][PASSED] - Object 'Object Repository/Regression Clinical Edge/CLINK-23509/GoNext' is present&#xD;
&#xD;
2019-09-20 10:07:58 - [TEST_STEP][PASSED] - click(findTestObject("Regression Clinical Edge/CLINK-23509/GoNext")): Object: 'Object Repository/Regression Clinical Edge/CLINK-23509/GoNext' is clicked on&#xD;
&#xD;
2019-09-20 10:07:58 - [MESSAGE][PASSED] - Object: 'Object Repository/Regression Clinical Edge/CLINK-23509/GoNext' is clicked on&#xD;
&#xD;
2019-09-20 10:07:58 - [TEST_STEP][PASSED] - waitForPageLoad(50): Wait for page load successfully&#xD;
&#xD;
2019-09-20 10:07:58 - [MESSAGE][PASSED] - Wait for page load successfully&#xD;
&#xD;
2019-09-20 10:07:58 - [TEST_STEP][PASSED] - delay(2): Delayed 2 second(s)&#xD;
&#xD;
2019-09-20 10:08:00 - [MESSAGE][PASSED] - Delayed 2 second(s)&#xD;
&#xD;
2019-09-20 10:08:00 - [TEST_STEP][PASSED] - waitForElementPresent(findTestObject("Regression Clinical Edge/CLINK-23509/GoNext"), 50): Object 'Object Repository/Regression Clinical Edge/CLINK-23509/GoNext' is present&#xD;
&#xD;
2019-09-20 10:08:00 - [MESSAGE][PASSED] - Object 'Object Repository/Regression Clinical Edge/CLINK-23509/GoNext' is present&#xD;
&#xD;
2019-09-20 10:08:00 - [TEST_STEP][PASSED] - delay(2): Delayed 2 second(s)&#xD;
&#xD;
2019-09-20 10:08:02 - [MESSAGE][PASSED] - Delayed 2 second(s)&#xD;
&#xD;
2019-09-20 10:08:02 - [TEST_STEP][PASSED] - click(findTestObject("Regression Clinical Edge/CLINK-23509/GoNext")): Object: 'Object Repository/Regression Clinical Edge/CLINK-23509/GoNext' is clicked on&#xD;
&#xD;
2019-09-20 10:08:05 - [MESSAGE][PASSED] - Object: 'Object Repository/Regression Clinical Edge/CLINK-23509/GoNext' is clicked on&#xD;
&#xD;
2019-09-20 10:08:05 - [TEST_STEP][PASSED] - waitForPageLoad(50): Wait for page load successfully&#xD;
&#xD;
2019-09-20 10:08:05 - [MESSAGE][PASSED] - Wait for page load successfully&#xD;
&#xD;
2019-09-20 10:08:05 - [TEST_STEP][PASSED] - delay(2): Delayed 2 second(s)&#xD;
&#xD;
2019-09-20 10:08:07 - [MESSAGE][PASSED] - Delayed 2 second(s)&#xD;
&#xD;
2019-09-20 10:08:07 - [TEST_STEP][PASSED] - waitForElementPresent(findTestObject("Regression Clinical Edge/CLINK-23509/GoNext"), 50): Object 'Object Repository/Regression Clinical Edge/CLINK-23509/GoNext' is present&#xD;
&#xD;
2019-09-20 10:08:07 - [MESSAGE][PASSED] - Object 'Object Repository/Regression Clinical Edge/CLINK-23509/GoNext' is present&#xD;
&#xD;
2019-09-20 10:08:07 - [TEST_STEP][PASSED] - click(findTestObject("Regression Clinical Edge/CLINK-23509/GoNext")): Object: 'Object Repository/Regression Clinical Edge/CLINK-23509/GoNext' is clicked on&#xD;
&#xD;
2019-09-20 10:08:08 - [MESSAGE][PASSED] - Object: 'Object Repository/Regression Clinical Edge/CLINK-23509/GoNext' is clicked on&#xD;
&#xD;
2019-09-20 10:08:08 - [TEST_STEP][PASSED] - waitForPageLoad(50): Wait for page load successfully&#xD;
&#xD;
2019-09-20 10:08:08 - [MESSAGE][PASSED] - Wait for page load successfully&#xD;
&#xD;
2019-09-20 10:08:08 - [TEST_STEP][PASSED] - delay(2): Delayed 2 second(s)&#xD;
&#xD;
2019-09-20 10:08:10 - [MESSAGE][PASSED] - Delayed 2 second(s)&#xD;
&#xD;
2019-09-20 10:08:10 - [TEST_STEP][NOT_RUN] - waitForElementPresent(findTestObject("Regression Clinical Edge/CLINK-23509/EditBtn"), 50): NOT_RUN: waitForElementPresent(findTestObject("Regression Clinical Edge/CLINK-23509/EditBtn"), 50)&#xD;
&#xD;
2019-09-20 10:08:10 - [MESSAGE][NOT_RUN] - NOT_RUN: waitForElementPresent(findTestObject("Regression Clinical Edge/CLINK-23509/EditBtn"), 50)&#xD;
&#xD;
2019-09-20 10:08:10 - [TEST_STEP][NOT_RUN] - click(findTestObject("Regression Clinical Edge/CLINK-23509/EditBtn")): NOT_RUN: click(findTestObject("Regression Clinical Edge/CLINK-23509/EditBtn"))&#xD;
&#xD;
2019-09-20 10:08:10 - [MESSAGE][NOT_RUN] - NOT_RUN: click(findTestObject("Regression Clinical Edge/CLINK-23509/EditBtn"))&#xD;
&#xD;
2019-09-20 10:08:10 - [TEST_STEP][NOT_RUN] - waitForPageLoad(50): NOT_RUN: waitForPageLoad(50)&#xD;
&#xD;
2019-09-20 10:08:10 - [MESSAGE][NOT_RUN] - NOT_RUN: waitForPageLoad(50)&#xD;
&#xD;
2019-09-20 10:08:10 - [TEST_STEP][NOT_RUN] - delay(3): NOT_RUN: delay(3)&#xD;
&#xD;
2019-09-20 10:08:10 - [MESSAGE][NOT_RUN] - NOT_RUN: delay(3)&#xD;
&#xD;
2019-09-20 10:08:10 - [TEST_STEP][PASSED] - waitForElementPresent(findTestObject("Regression Clinical Edge/CLINK-23509/CaneMedical Equipment"), 50): Object 'Object Repository/Regression Clinical Edge/CLINK-23509/CaneMedical Equipment' is present&#xD;
&#xD;
2019-09-20 10:08:10 - [MESSAGE][PASSED] - Object 'Object Repository/Regression Clinical Edge/CLINK-23509/CaneMedical Equipment' is present&#xD;
&#xD;
2019-09-20 10:08:10 - [TEST_STEP][PASSED] - click(findTestObject("Regression Clinical Edge/CLINK-23509/CaneMedical Equipment")): Object: 'Object Repository/Regression Clinical Edge/CLINK-23509/CaneMedical Equipment' is clicked on&#xD;
&#xD;
2019-09-20 10:08:10 - [MESSAGE][PASSED] - Object: 'Object Repository/Regression Clinical Edge/CLINK-23509/CaneMedical Equipment' is clicked on&#xD;
&#xD;
2019-09-20 10:08:10 - [TEST_STEP][PASSED] - delay(2): Delayed 2 second(s)&#xD;
&#xD;
2019-09-20 10:08:12 - [MESSAGE][PASSED] - Delayed 2 second(s)&#xD;
&#xD;
2019-09-20 10:08:12 - [TEST_STEP][PASSED] - waitForElementPresent(findTestObject("Regression Clinical Edge/CLINK-23509/SaveBtn"), 50): Object 'Object Repository/Regression Clinical Edge/CLINK-23509/SaveBtn' is present&#xD;
&#xD;
2019-09-20 10:08:13 - [MESSAGE][PASSED] - Object 'Object Repository/Regression Clinical Edge/CLINK-23509/SaveBtn' is present&#xD;
&#xD;
2019-09-20 10:08:13 - [TEST_STEP][PASSED] - click(findTestObject("Regression Clinical Edge/CLINK-23509/SaveBtn")): Object: 'Object Repository/Regression Clinical Edge/CLINK-23509/SaveBtn' is clicked on&#xD;
&#xD;
2019-09-20 10:08:13 - [MESSAGE][PASSED] - Object: 'Object Repository/Regression Clinical Edge/CLINK-23509/SaveBtn' is clicked on&#xD;
&#xD;
2019-09-20 10:08:13 - [TEST_STEP][PASSED] - waitForPageLoad(50): Wait for page load successfully&#xD;
&#xD;
2019-09-20 10:08:13 - [MESSAGE][PASSED] - Wait for page load successfully&#xD;
&#xD;
2019-09-20 10:08:13 - [TEST_STEP][PASSED] - delay(10): Delayed 10 second(s)&#xD;
&#xD;
2019-09-20 10:08:23 - [MESSAGE][PASSED] - Delayed 10 second(s)&#xD;
&#xD;
2019-09-20 10:08:23 - [TEST_STEP][PASSED] - waitForElementPresent(findTestObject("Regression Clinical Edge/CLINK-23509/div_SignSubmit"), 50): Object 'Object Repository/Regression Clinical Edge/CLINK-23509/div_SignSubmit' is present&#xD;
&#xD;
2019-09-20 10:08:23 - [MESSAGE][PASSED] - Object 'Object Repository/Regression Clinical Edge/CLINK-23509/div_SignSubmit' is present&#xD;
&#xD;
2019-09-20 10:08:23 - [TEST_STEP][PASSED] - click(findTestObject("Regression Clinical Edge/CLINK-23509/div_SignSubmit")): Object: 'Object Repository/Regression Clinical Edge/CLINK-23509/div_SignSubmit' is clicked on&#xD;
&#xD;
2019-09-20 10:08:23 - [MESSAGE][PASSED] - Object: 'Object Repository/Regression Clinical Edge/CLINK-23509/div_SignSubmit' is clicked on&#xD;
&#xD;
2019-09-20 10:08:23 - [TEST_STEP][PASSED] - waitForPageLoad(50): Wait for page load successfully&#xD;
&#xD;
2019-09-20 10:08:23 - [MESSAGE][PASSED] - Wait for page load successfully&#xD;
&#xD;
2019-09-20 10:08:23 - [TEST_STEP][PASSED] - delay(3): Delayed 3 second(s)&#xD;
&#xD;
2019-09-20 10:08:26 - [MESSAGE][PASSED] - Delayed 3 second(s)&#xD;
&#xD;
2019-09-20 10:08:26 - [TEST_STEP][PASSED] - waitForElementPresent(findTestObject("Regression Clinical Edge/CLINK-23509/Frequency/b_Treatment Orders"), 50): Object 'Object Repository/Regression Clinical Edge/CLINK-23509/Frequency/b_Treatment Orders' is present&#xD;
&#xD;
2019-09-20 10:08:26 - [MESSAGE][PASSED] - Object 'Object Repository/Regression Clinical Edge/CLINK-23509/Frequency/b_Treatment Orders' is present&#xD;
&#xD;
2019-09-20 10:08:26 - [TEST_STEP][PASSED] - click(findTestObject("Regression Clinical Edge/CLINK-23509/Frequency/b_Treatment Orders")): Object: 'Object Repository/Regression Clinical Edge/CLINK-23509/Frequency/b_Treatment Orders' is clicked on&#xD;
&#xD;
2019-09-20 10:08:29 - [MESSAGE][PASSED] - Object: 'Object Repository/Regression Clinical Edge/CLINK-23509/Frequency/b_Treatment Orders' is clicked on&#xD;
&#xD;
2019-09-20 10:08:29 - [TEST_STEP][PASSED] - delay(5): Delayed 5 second(s)&#xD;
&#xD;
2019-09-20 10:08:34 - [MESSAGE][PASSED] - Delayed 5 second(s)&#xD;
&#xD;
2019-09-20 10:08:34 - [TEST_STEP][PASSED] - waitForElementPresent(findTestObject("Regression Clinical Edge/CLINK-23509/Frequency/AddTreatment Orders"), 50): Object 'Object Repository/Regression Clinical Edge/CLINK-23509/Frequency/AddTreatment Orders' is present&#xD;
&#xD;
2019-09-20 10:08:34 - [MESSAGE][PASSED] - Object 'Object Repository/Regression Clinical Edge/CLINK-23509/Frequency/AddTreatment Orders' is present&#xD;
&#xD;
2019-09-20 10:08:34 - [TEST_STEP][PASSED] - click(findTestObject("Regression Clinical Edge/CLINK-23509/Frequency/AddTreatment Orders")): Object: 'Object Repository/Regression Clinical Edge/CLINK-23509/Frequency/AddTreatment Orders' is clicked on&#xD;
&#xD;
2019-09-20 10:08:35 - [MESSAGE][PASSED] - Object: 'Object Repository/Regression Clinical Edge/CLINK-23509/Frequency/AddTreatment Orders' is clicked on&#xD;
&#xD;
2019-09-20 10:08:35 - [TEST_STEP][PASSED] - delay(2): Delayed 2 second(s)&#xD;
&#xD;
2019-09-20 10:08:37 - [MESSAGE][PASSED] - Delayed 2 second(s)&#xD;
&#xD;
2019-09-20 10:08:37 - [TEST_STEP][PASSED] - waitForElementPresent(findTestObject("Regression Clinical Edge/CLINK-23509/Frequency/ServiceType"), 50): Object 'Object Repository/Regression Clinical Edge/CLINK-23509/Frequency/ServiceType' is present&#xD;
&#xD;
2019-09-20 10:08:37 - [MESSAGE][PASSED] - Object 'Object Repository/Regression Clinical Edge/CLINK-23509/Frequency/ServiceType' is present&#xD;
&#xD;
2019-09-20 10:08:37 - [TEST_STEP][PASSED] - click(findTestObject("Regression Clinical Edge/CLINK-23509/Frequency/ServiceType")): Object: 'Object Repository/Regression Clinical Edge/CLINK-23509/Frequency/ServiceType' is clicked on&#xD;
&#xD;
2019-09-20 10:08:37 - [MESSAGE][PASSED] - Object: 'Object Repository/Regression Clinical Edge/CLINK-23509/Frequency/ServiceType' is clicked on&#xD;
&#xD;
2019-09-20 10:08:37 - [TEST_STEP][PASSED] - sendKeys(findTestObject("Regression Clinical Edge/CLINK-23509/Frequency/ServiceType"), Keys.chord(ARROW_DOWN, ENTER)): Keys 'DOWN + ENTER + ' sent to object: 'Object Repository/Regression Clinical Edge/CLINK-23509/Frequency/ServiceType'&#xD;
&#xD;
2019-09-20 10:08:37 - [MESSAGE][PASSED] - Keys 'DOWN + ENTER + ' sent to object: 'Object Repository/Regression Clinical Edge/CLINK-23509/Frequency/ServiceType'&#xD;
&#xD;
2019-09-20 10:08:37 - [TEST_STEP][PASSED] - delay(2): Delayed 2 second(s)&#xD;
&#xD;
2019-09-20 10:08:39 - [MESSAGE][PASSED] - Delayed 2 second(s)&#xD;
&#xD;
2019-09-20 10:08:39 - [TEST_STEP][PASSED] - waitForElementPresent(findTestObject("Regression Clinical Edge/CLINK-23509/Frequency/Number of Visits"), 50): Object 'Object Repository/Regression Clinical Edge/CLINK-23509/Frequency/Number of Visits' is present&#xD;
&#xD;
2019-09-20 10:08:39 - [MESSAGE][PASSED] - Object 'Object Repository/Regression Clinical Edge/CLINK-23509/Frequency/Number of Visits' is present&#xD;
&#xD;
2019-09-20 10:08:39 - [TEST_STEP][PASSED] - setText(findTestObject("Regression Clinical Edge/CLINK-23509/Frequency/Number of Visits"), "2"): Text '2' is set on object 'Object Repository/Regression Clinical Edge/CLINK-23509/Frequency/Number of Visits'&#xD;
&#xD;
2019-09-20 10:08:39 - [MESSAGE][PASSED] - Text '2' is set on object 'Object Repository/Regression Clinical Edge/CLINK-23509/Frequency/Number of Visits'&#xD;
&#xD;
2019-09-20 10:08:39 - [TEST_STEP][PASSED] - waitForElementPresent(findTestObject("Regression Clinical Edge/CLINK-23509/Frequency/Frequency"), 50): Object 'Object Repository/Regression Clinical Edge/CLINK-23509/Frequency/Frequency' is present&#xD;
&#xD;
2019-09-20 10:08:40 - [MESSAGE][PASSED] - Object 'Object Repository/Regression Clinical Edge/CLINK-23509/Frequency/Frequency' is present&#xD;
&#xD;
2019-09-20 10:08:40 - [TEST_STEP][PASSED] - click(findTestObject("Regression Clinical Edge/CLINK-23509/Frequency/Frequency")): Object: 'Object Repository/Regression Clinical Edge/CLINK-23509/Frequency/Frequency' is clicked on&#xD;
&#xD;
2019-09-20 10:08:40 - [MESSAGE][PASSED] - Object: 'Object Repository/Regression Clinical Edge/CLINK-23509/Frequency/Frequency' is clicked on&#xD;
&#xD;
2019-09-20 10:08:40 - [TEST_STEP][PASSED] - sendKeys(findTestObject("Regression Clinical Edge/CLINK-23509/Frequency/Frequency"), Keys.chord(ARROW_DOWN, ENTER)): Keys 'DOWN + ENTER + ' sent to object: 'Object Repository/Regression Clinical Edge/CLINK-23509/Frequency/Frequency'&#xD;
&#xD;
2019-09-20 10:08:40 - [MESSAGE][PASSED] - Keys 'DOWN + ENTER + ' sent to object: 'Object Repository/Regression Clinical Edge/CLINK-23509/Frequency/Frequency'&#xD;
&#xD;
2019-09-20 10:08:40 - [TEST_STEP][PASSED] - delay(2): Delayed 2 second(s)&#xD;
&#xD;
2019-09-20 10:08:42 - [MESSAGE][PASSED] - Delayed 2 second(s)&#xD;
&#xD;
2019-09-20 10:08:42 - [TEST_STEP][PASSED] - waitForElementPresent(findTestObject("Regression Clinical Edge/CLINK-23509/Frequency/Order Duration"), 50): Object 'Object Repository/Regression Clinical Edge/CLINK-23509/Frequency/Order Duration' is present&#xD;
&#xD;
2019-09-20 10:08:42 - [MESSAGE][PASSED] - Object 'Object Repository/Regression Clinical Edge/CLINK-23509/Frequency/Order Duration' is present&#xD;
&#xD;
2019-09-20 10:08:42 - [TEST_STEP][PASSED] - setText(findTestObject("Regression Clinical Edge/CLINK-23509/Frequency/Order Duration"), "2"): Text '2' is set on object 'Object Repository/Regression Clinical Edge/CLINK-23509/Frequency/Order Duration'&#xD;
&#xD;
2019-09-20 10:08:42 - [MESSAGE][PASSED] - Text '2' is set on object 'Object Repository/Regression Clinical Edge/CLINK-23509/Frequency/Order Duration'&#xD;
&#xD;
2019-09-20 10:08:42 - [TEST_STEP][PASSED] - waitForElementPresent(findTestObject("Regression Clinical Edge/CLINK-23509/Frequency/Duration"), 50): Object 'Object Repository/Regression Clinical Edge/CLINK-23509/Frequency/Duration' is present&#xD;
&#xD;
2019-09-20 10:08:42 - [MESSAGE][PASSED] - Object 'Object Repository/Regression Clinical Edge/CLINK-23509/Frequency/Duration' is present&#xD;
&#xD;
2019-09-20 10:08:42 - [TEST_STEP][PASSED] - click(findTestObject("Regression Clinical Edge/CLINK-23509/Frequency/Duration")): Object: 'Object Repository/Regression Clinical Edge/CLINK-23509/Frequency/Duration' is clicked on&#xD;
&#xD;
2019-09-20 10:08:42 - [MESSAGE][PASSED] - Object: 'Object Repository/Regression Clinical Edge/CLINK-23509/Frequency/Duration' is clicked on&#xD;
&#xD;
2019-09-20 10:08:42 - [TEST_STEP][PASSED] - sendKeys(findTestObject("Regression Clinical Edge/CLINK-23509/Frequency/Duration"), Keys.chord(ARROW_DOWN, ENTER)): Keys 'DOWN + ENTER + ' sent to object: 'Object Repository/Regression Clinical Edge/CLINK-23509/Frequency/Duration'&#xD;
&#xD;
2019-09-20 10:08:43 - [MESSAGE][PASSED] - Keys 'DOWN + ENTER + ' sent to object: 'Object Repository/Regression Clinical Edge/CLINK-23509/Frequency/Duration'&#xD;
&#xD;
2019-09-20 10:08:43 - [TEST_STEP][PASSED] - delay(2): Delayed 2 second(s)&#xD;
&#xD;
2019-09-20 10:08:45 - [MESSAGE][PASSED] - Delayed 2 second(s)&#xD;
&#xD;
2019-09-20 10:08:45 - [TEST_STEP][PASSED] - waitForElementPresent(findTestObject("Regression Clinical Edge/CLINK-23509/Frequency/WeeklyLimit"), 50): Object 'Object Repository/Regression Clinical Edge/CLINK-23509/Frequency/WeeklyLimit' is present&#xD;
&#xD;
2019-09-20 10:08:45 - [MESSAGE][PASSED] - Object 'Object Repository/Regression Clinical Edge/CLINK-23509/Frequency/WeeklyLimit' is present&#xD;
&#xD;
2019-09-20 10:08:45 - [TEST_STEP][PASSED] - setText(findTestObject("Regression Clinical Edge/CLINK-23509/Frequency/WeeklyLimit"), "2"): Text '2' is set on object 'Object Repository/Regression Clinical Edge/CLINK-23509/Frequency/WeeklyLimit'&#xD;
&#xD;
2019-09-20 10:08:45 - [MESSAGE][PASSED] - Text '2' is set on object 'Object Repository/Regression Clinical Edge/CLINK-23509/Frequency/WeeklyLimit'&#xD;
&#xD;
2019-09-20 10:08:45 - [TEST_STEP][PASSED] - waitForElementPresent(findTestObject("Regression Clinical Edge/CLINK-23509/Frequency/button_OK"), 50): Object 'Object Repository/Regression Clinical Edge/CLINK-23509/Frequency/button_OK' is present&#xD;
&#xD;
2019-09-20 10:08:45 - [MESSAGE][PASSED] - Object 'Object Repository/Regression Clinical Edge/CLINK-23509/Frequency/button_OK' is present&#xD;
&#xD;
2019-09-20 10:08:45 - [TEST_STEP][PASSED] - click(findTestObject("Regression Clinical Edge/CLINK-23509/Frequency/button_OK")): Object: 'Object Repository/Regression Clinical Edge/CLINK-23509/Frequency/button_OK' is clicked on&#xD;
&#xD;
2019-09-20 10:08:45 - [MESSAGE][PASSED] - Object: 'Object Repository/Regression Clinical Edge/CLINK-23509/Frequency/button_OK' is clicked on&#xD;
&#xD;
2019-09-20 10:08:45 - [TEST_STEP][PASSED] - waitForPageLoad(50): Wait for page load successfully&#xD;
&#xD;
2019-09-20 10:08:45 - [MESSAGE][PASSED] - Wait for page load successfully&#xD;
&#xD;
2019-09-20 10:08:45 - [TEST_STEP][PASSED] - delay(2): Delayed 2 second(s)&#xD;
&#xD;
2019-09-20 10:08:47 - [MESSAGE][PASSED] - Delayed 2 second(s)&#xD;
&#xD;
2019-09-20 10:08:47 - [TEST_STEP][PASSED] - waitForPageLoad(50, CONTINUE_ON_FAILURE): Wait for page load successfully&#xD;
&#xD;
2019-09-20 10:08:47 - [MESSAGE][PASSED] - Wait for page load successfully&#xD;
&#xD;
2019-09-20 10:08:47 - [TEST_STEP][PASSED] - waitForElementPresent(findTestObject("Regression Clinical Edge/CLINK-23509/SaveBtn"), 50): Object 'Object Repository/Regression Clinical Edge/CLINK-23509/SaveBtn' is present&#xD;
&#xD;
2019-09-20 10:08:47 - [MESSAGE][PASSED] - Object 'Object Repository/Regression Clinical Edge/CLINK-23509/SaveBtn' is present&#xD;
&#xD;
2019-09-20 10:08:47 - [TEST_STEP][PASSED] - click(findTestObject("Regression Clinical Edge/CLINK-23509/SaveBtn")): Object: 'Object Repository/Regression Clinical Edge/CLINK-23509/SaveBtn' is clicked on&#xD;
&#xD;
2019-09-20 10:08:47 - [MESSAGE][PASSED] - Object: 'Object Repository/Regression Clinical Edge/CLINK-23509/SaveBtn' is clicked on&#xD;
&#xD;
2019-09-20 10:08:47 - [TEST_STEP][PASSED] - waitForPageLoad(50): Wait for page load successfully&#xD;
&#xD;
2019-09-20 10:08:47 - [MESSAGE][PASSED] - Wait for page load successfully&#xD;
&#xD;
2019-09-20 10:08:47 - [TEST_STEP][PASSED] - delay(20): Delayed 20 second(s)&#xD;
&#xD;
2019-09-20 10:09:07 - [MESSAGE][PASSED] - Delayed 20 second(s)&#xD;
&#xD;
2019-09-20 10:09:07 - [TEST_STEP][PASSED] - waitForElementPresent(findTestObject("Regression Clinical Edge/CLINK-23509/div_SignSubmit"), 50): Object 'Object Repository/Regression Clinical Edge/CLINK-23509/div_SignSubmit' is present&#xD;
&#xD;
2019-09-20 10:09:08 - [MESSAGE][PASSED] - Object 'Object Repository/Regression Clinical Edge/CLINK-23509/div_SignSubmit' is present&#xD;
&#xD;
2019-09-20 10:09:08 - [TEST_STEP][PASSED] - click(findTestObject("Regression Clinical Edge/CLINK-23509/div_SignSubmit")): Object: 'Object Repository/Regression Clinical Edge/CLINK-23509/div_SignSubmit' is clicked on&#xD;
&#xD;
2019-09-20 10:09:08 - [MESSAGE][PASSED] - Object: 'Object Repository/Regression Clinical Edge/CLINK-23509/div_SignSubmit' is clicked on&#xD;
&#xD;
2019-09-20 10:09:08 - [TEST_STEP][PASSED] - waitForPageLoad(50): Wait for page load successfully&#xD;
&#xD;
2019-09-20 10:09:08 - [MESSAGE][PASSED] - Wait for page load successfully&#xD;
&#xD;
2019-09-20 10:09:08 - [TEST_STEP][PASSED] - delay(20): Delayed 20 second(s)&#xD;
&#xD;
2019-09-20 10:09:28 - [MESSAGE][PASSED] - Delayed 20 second(s)&#xD;
&#xD;
2019-09-20 10:09:28 - [TEST_STEP][PASSED] - waitForElementPresent(findTestObject("Regression Clinical Edge/CLINK-23509/Question 22. Rehab Potential"), 50): Object 'Object Repository/Regression Clinical Edge/CLINK-23509/Question 22. Rehab Potential' is present&#xD;
&#xD;
2019-09-20 10:09:28 - [MESSAGE][PASSED] - Object 'Object Repository/Regression Clinical Edge/CLINK-23509/Question 22. Rehab Potential' is present&#xD;
&#xD;
2019-09-20 10:09:28 - [TEST_STEP][PASSED] - click(findTestObject("Regression Clinical Edge/CLINK-23509/Question 22. Rehab Potential")): Object: 'Object Repository/Regression Clinical Edge/CLINK-23509/Question 22. Rehab Potential' is clicked on&#xD;
&#xD;
2019-09-20 10:09:31 - [MESSAGE][PASSED] - Object: 'Object Repository/Regression Clinical Edge/CLINK-23509/Question 22. Rehab Potential' is clicked on&#xD;
&#xD;
2019-09-20 10:09:31 - [TEST_STEP][PASSED] - delay(10): Delayed 10 second(s)&#xD;
&#xD;
2019-09-20 10:09:41 - [MESSAGE][PASSED] - Delayed 10 second(s)&#xD;
&#xD;
2019-09-20 10:09:41 - [TEST_STEP][PASSED] - waitForElementPresent(findTestObject("Regression Clinical Edge/CLINK-23509/Rehabilitation Potential"), 50): Object 'Object Repository/Regression Clinical Edge/CLINK-23509/Rehabilitation Potential' is present&#xD;
&#xD;
2019-09-20 10:09:41 - [MESSAGE][PASSED] - Object 'Object Repository/Regression Clinical Edge/CLINK-23509/Rehabilitation Potential' is present&#xD;
&#xD;
2019-09-20 10:09:41 - [TEST_STEP][PASSED] - setText(findTestObject("Regression Clinical Edge/CLINK-23509/Rehabilitation Potential"), "Rehabilitation Potential"): Text 'Rehabilitation Potential' is set on object 'Object Repository/Regression Clinical Edge/CLINK-23509/Rehabilitation Potential'&#xD;
&#xD;
2019-09-20 10:09:42 - [MESSAGE][PASSED] - Text 'Rehabilitation Potential' is set on object 'Object Repository/Regression Clinical Edge/CLINK-23509/Rehabilitation Potential'&#xD;
&#xD;
2019-09-20 10:09:42 - [TEST_STEP][PASSED] - delay(5): Delayed 5 second(s)&#xD;
&#xD;
2019-09-20 10:09:47 - [MESSAGE][PASSED] - Delayed 5 second(s)&#xD;
&#xD;
2019-09-20 10:09:47 - [TEST_STEP][PASSED] - waitForElementPresent(findTestObject("Regression Clinical Edge/CLINK-23509/SaveBtn"), 50): Object 'Object Repository/Regression Clinical Edge/CLINK-23509/SaveBtn' is present&#xD;
&#xD;
2019-09-20 10:09:47 - [MESSAGE][PASSED] - Object 'Object Repository/Regression Clinical Edge/CLINK-23509/SaveBtn' is present&#xD;
&#xD;
2019-09-20 10:09:47 - [TEST_STEP][PASSED] - click(findTestObject("Regression Clinical Edge/CLINK-23509/SaveBtn")): Object: 'Object Repository/Regression Clinical Edge/CLINK-23509/SaveBtn' is clicked on&#xD;
&#xD;
2019-09-20 10:09:47 - [MESSAGE][PASSED] - Object: 'Object Repository/Regression Clinical Edge/CLINK-23509/SaveBtn' is clicked on&#xD;
&#xD;
2019-09-20 10:09:47 - [TEST_STEP][PASSED] - waitForPageLoad(50): Wait for page load successfully&#xD;
&#xD;
2019-09-20 10:09:47 - [MESSAGE][PASSED] - Wait for page load successfully&#xD;
&#xD;
2019-09-20 10:09:47 - [TEST_STEP][PASSED] - delay(10): Delayed 10 second(s)&#xD;
&#xD;
2019-09-20 10:09:57 - [MESSAGE][PASSED] - Delayed 10 second(s)&#xD;
&#xD;
2019-09-20 10:09:57 - [TEST_STEP][PASSED] - waitForElementPresent(findTestObject("Regression Clinical Edge/CLINK-23509/div_SignSubmit"), 50): Object 'Object Repository/Regression Clinical Edge/CLINK-23509/div_SignSubmit' is present&#xD;
&#xD;
2019-09-20 10:09:57 - [MESSAGE][PASSED] - Object 'Object Repository/Regression Clinical Edge/CLINK-23509/div_SignSubmit' is present&#xD;
&#xD;
2019-09-20 10:09:57 - [TEST_STEP][PASSED] - click(findTestObject("Regression Clinical Edge/CLINK-23509/div_SignSubmit")): Object: 'Object Repository/Regression Clinical Edge/CLINK-23509/div_SignSubmit' is clicked on&#xD;
&#xD;
2019-09-20 10:09:57 - [MESSAGE][PASSED] - Object: 'Object Repository/Regression Clinical Edge/CLINK-23509/div_SignSubmit' is clicked on&#xD;
&#xD;
2019-09-20 10:09:57 - [TEST_STEP][PASSED] - waitForPageLoad(50): Wait for page load successfully&#xD;
&#xD;
2019-09-20 10:09:57 - [MESSAGE][PASSED] - Wait for page load successfully&#xD;
&#xD;
2019-09-20 10:09:57 - [TEST_STEP][PASSED] - delay(3): Delayed 3 second(s)&#xD;
&#xD;
2019-09-20 10:10:00 - [MESSAGE][PASSED] - Delayed 3 second(s)&#xD;
&#xD;
2019-09-20 10:10:00 - [TEST_STEP][PASSED] - waitForElementPresent(findTestObject("Regression Clinical Edge/CLINK-23509/Signature"), 50): Object 'Object Repository/Regression Clinical Edge/CLINK-23509/Signature' is present&#xD;
&#xD;
2019-09-20 10:10:01 - [MESSAGE][PASSED] - Object 'Object Repository/Regression Clinical Edge/CLINK-23509/Signature' is present&#xD;
&#xD;
2019-09-20 10:10:01 - [TEST_STEP][PASSED] - setText(findTestObject("Regression Clinical Edge/CLINK-23509/Signature"), G_Password): Unable to set text 'qwerty' of object 'Object Repository/Regression Clinical Edge/CLINK-23509/Signature' (Root cause: com.kms.katalon.core.exception.StepFailedException: Unable to set text 'qwerty' of object 'Object Repository/Regression Clinical Edge/CLINK-23509/Signature'&#xD;
	at com.kms.katalon.core.webui.keyword.internal.WebUIKeywordMain.stepFailed(WebUIKeywordMain.groovy:64)&#xD;
	at com.kms.katalon.core.webui.keyword.internal.WebUIKeywordMain.runKeyword(WebUIKeywordMain.groovy:26)&#xD;
	at com.kms.katalon.core.webui.keyword.builtin.SetTextKeyword.setText(SetTextKeyword.groovy:66)&#xD;
	at com.kms.katalon.core.webui.keyword.builtin.SetTextKeyword.execute(SetTextKeyword.groovy:37)&#xD;
	at com.kms.katalon.core.keyword.internal.KeywordExecutor.executeKeywordForPlatform(KeywordExecutor.groovy:56)&#xD;
	at com.kms.katalon.core.webui.keyword.WebUiBuiltInKeywords.setText(WebUiBuiltInKeywords.groovy:950)&#xD;
	at com.kms.katalon.core.webui.keyword.WebUiBuiltInKeywords$setText$3.call(Unknown Source)&#xD;
	at CLNK-23509 - Clinical Edge - POC - Sign and Submit.run(CLNK-23509 - Clinical Edge - POC - Sign and Submit:238)&#xD;
	at com.kms.katalon.core.main.ScriptEngine.run(ScriptEngine.java:194)&#xD;
	at com.kms.katalon.core.main.ScriptEngine.runScriptAsRawText(ScriptEngine.java:119)&#xD;
	at com.kms.katalon.core.main.TestCaseExecutor.runScript(TestCaseExecutor.java:337)&#xD;
	at com.kms.katalon.core.main.TestCaseExecutor.doExecute(TestCaseExecutor.java:328)&#xD;
	at com.kms.katalon.core.main.TestCaseExecutor.processExecutionPhase(TestCaseExecutor.java:307)&#xD;
	at com.kms.katalon.core.main.TestCaseExecutor.accessMainPhase(TestCaseExecutor.java:299)&#xD;
	at com.kms.katalon.core.main.TestCaseExecutor.execute(TestCaseExecutor.java:233)&#xD;
	at com.kms.katalon.core.main.TestSuiteExecutor.accessTestCaseMainPhase(TestSuiteExecutor.java:169)&#xD;
	at com.kms.katalon.core.main.TestSuiteExecutor.accessTestSuiteMainPhase(TestSuiteExecutor.java:142)&#xD;
	at com.kms.katalon.core.main.TestSuiteExecutor.execute(TestSuiteExecutor.java:91)&#xD;
	at com.kms.katalon.core.main.TestCaseMain.startTestSuite(TestCaseMain.java:157)&#xD;
	at com.kms.katalon.core.main.TestCaseMain$startTestSuite$0.call(Unknown Source)&#xD;
	at TempTestSuite1568984636335.run(TempTestSuite1568984636335.groovy:35)&#xD;
Caused by: org.openqa.selenium.ElementNotInteractableException: element not interactable
  (Session info: chrome=76.0.3809.132)
Build info: version: '3.141.59', revision: 'e82be7d358', time: '2018-11-14T08:25:53'
System info: host: 'DESKTOP-BPONDF2', ip: '192.168.0.121', os.name: 'Windows 10', os.arch: 'amd64', os.version: '10.0', java.version: '1.8.0_181'
Driver info: com.kms.katalon.selenium.driver.CChromeDriver
Capabilities {acceptInsecureCerts: false, browserName: chrome, browserVersion: 76.0.3809.132, chrome: {chromedriverVersion: 76.0.3809.126 (d80a294506b4..., userDataDir: C:\Users\isaac\AppData\Loca...}, goog:chromeOptions: {debuggerAddress: localhost:62072}, javascriptEnabled: true, networkConnectionEnabled: false, pageLoadStrategy: normal, platform: XP, platformName: XP, proxy: Proxy(), setWindowRect: true, strictFileInteractability: false, timeouts: {implicit: 0, pageLoad: 300000, script: 30000}, unhandledPromptBehavior: dismiss and notify}
Session ID: a50749ee2ef3814178ca58dc5db0b7a3&#xD;
	at org.openqa.selenium.remote.http.W3CHttpResponseCodec.createException(W3CHttpResponseCodec.java:187)&#xD;
	at org.openqa.selenium.remote.http.W3CHttpResponseCodec.decode(W3CHttpResponseCodec.java:122)&#xD;
	at org.openqa.selenium.remote.http.W3CHttpResponseCodec.decode(W3CHttpResponseCodec.java:49)&#xD;
	at org.openqa.selenium.remote.HttpCommandExecutor.execute(HttpCommandExecutor.java:158)&#xD;
	at org.openqa.selenium.remote.service.DriverCommandExecutor.execute(DriverCommandExecutor.java:83)&#xD;
	at org.openqa.selenium.remote.RemoteWebDriver.execute(RemoteWebDriver.java:552)&#xD;
	at com.kms.katalon.selenium.driver.CChromeDriver.execute(CChromeDriver.java:20)&#xD;
	at org.openqa.selenium.remote.RemoteWebElement.execute(RemoteWebElement.java:285)&#xD;
	at org.openqa.selenium.remote.RemoteWebElement.clear(RemoteWebElement.java:124)&#xD;
	at com.kms.katalon.core.webui.keyword.builtin.SetTextKeyword$_setText_closure1.doCall(SetTextKeyword.groovy:53)&#xD;
	at com.kms.katalon.core.webui.keyword.builtin.SetTextKeyword$_setText_closure1.call(SetTextKeyword.groovy)&#xD;
	at com.kms.katalon.core.webui.keyword.internal.WebUIKeywordMain.runKeyword(WebUIKeywordMain.groovy:20)&#xD;
	at com.kms.katalon.core.webui.keyword.builtin.SetTextKeyword.setText(SetTextKeyword.groovy:66)&#xD;
	at com.kms.katalon.core.webui.keyword.builtin.SetTextKeyword.execute(SetTextKeyword.groovy:37)&#xD;
	at com.kms.katalon.core.keyword.internal.KeywordExecutor.executeKeywordForPlatform(KeywordExecutor.groovy:56)&#xD;
	at com.kms.katalon.core.webui.keyword.WebUiBuiltInKeywords.setText(WebUiBuiltInKeywords.groovy:950)&#xD;
	at com.kms.katalon.core.webui.keyword.WebUiBuiltInKeywords$setText$3.call(Unknown Source)&#xD;
	at Script1554215288381.run(Script1554215288381.groovy:238)&#xD;
	... 13 more&#xD;
)&#xD;
&#xD;
2019-09-20 10:10:01 - [MESSAGE][WARNING] - Unable to set text 'qwerty' of object 'Object Repository/Regression Clinical Edge/CLINK-23509/Signature' (Root cause: com.kms.katalon.core.exception.StepFailedException: Unable to set text 'qwerty' of object 'Object Repository/Regression Clinical Edge/CLINK-23509/Signature'&#xD;
	at com.kms.katalon.core.webui.keyword.internal.WebUIKeywordMain.stepFailed(WebUIKeywordMain.groovy:64)&#xD;
	at com.kms.katalon.core.webui.keyword.internal.WebUIKeywordMain.runKeyword(WebUIKeywordMain.groovy:26)&#xD;
	at com.kms.katalon.core.webui.keyword.builtin.SetTextKeyword.setText(SetTextKeyword.groovy:66)&#xD;
	at com.kms.katalon.core.webui.keyword.builtin.SetTextKeyword.execute(SetTextKeyword.groovy:37)&#xD;
	at com.kms.katalon.core.keyword.internal.KeywordExecutor.executeKeywordForPlatform(KeywordExecutor.groovy:56)&#xD;
	at com.kms.katalon.core.webui.keyword.WebUiBuiltInKeywords.setText(WebUiBuiltInKeywords.groovy:950)&#xD;
	at com.kms.katalon.core.webui.keyword.WebUiBuiltInKeywords$setText$3.call(Unknown Source)&#xD;
	at CLNK-23509 - Clinical Edge - POC - Sign and Submit.run(CLNK-23509 - Clinical Edge - POC - Sign and Submit:238)&#xD;
	at com.kms.katalon.core.main.ScriptEngine.run(ScriptEngine.java:194)&#xD;
	at com.kms.katalon.core.main.ScriptEngine.runScriptAsRawText(ScriptEngine.java:119)&#xD;
	at com.kms.katalon.core.main.TestCaseExecutor.runScript(TestCaseExecutor.java:337)&#xD;
	at com.kms.katalon.core.main.TestCaseExecutor.doExecute(TestCaseExecutor.java:328)&#xD;
	at com.kms.katalon.core.main.TestCaseExecutor.processExecutionPhase(TestCaseExecutor.java:307)&#xD;
	at com.kms.katalon.core.main.TestCaseExecutor.accessMainPhase(TestCaseExecutor.java:299)&#xD;
	at com.kms.katalon.core.main.TestCaseExecutor.execute(TestCaseExecutor.java:233)&#xD;
	at com.kms.katalon.core.main.TestSuiteExecutor.accessTestCaseMainPhase(TestSuiteExecutor.java:169)&#xD;
	at com.kms.katalon.core.main.TestSuiteExecutor.accessTestSuiteMainPhase(TestSuiteExecutor.java:142)&#xD;
	at com.kms.katalon.core.main.TestSuiteExecutor.execute(TestSuiteExecutor.java:91)&#xD;
	at com.kms.katalon.core.main.TestCaseMain.startTestSuite(TestCaseMain.java:157)&#xD;
	at com.kms.katalon.core.main.TestCaseMain$startTestSuite$0.call(Unknown Source)&#xD;
	at TempTestSuite1568984636335.run(TempTestSuite1568984636335.groovy:35)&#xD;
Caused by: org.openqa.selenium.ElementNotInteractableException: element not interactable
  (Session info: chrome=76.0.3809.132)
Build info: version: '3.141.59', revision: 'e82be7d358', time: '2018-11-14T08:25:53'
System info: host: 'DESKTOP-BPONDF2', ip: '192.168.0.121', os.name: 'Windows 10', os.arch: 'amd64', os.version: '10.0', java.version: '1.8.0_181'
Driver info: com.kms.katalon.selenium.driver.CChromeDriver
Capabilities {acceptInsecureCerts: false, browserName: chrome, browserVersion: 76.0.3809.132, chrome: {chromedriverVersion: 76.0.3809.126 (d80a294506b4..., userDataDir: C:\Users\isaac\AppData\Loca...}, goog:chromeOptions: {debuggerAddress: localhost:62072}, javascriptEnabled: true, networkConnectionEnabled: false, pageLoadStrategy: normal, platform: XP, platformName: XP, proxy: Proxy(), setWindowRect: true, strictFileInteractability: false, timeouts: {implicit: 0, pageLoad: 300000, script: 30000}, unhandledPromptBehavior: dismiss and notify}
Session ID: a50749ee2ef3814178ca58dc5db0b7a3&#xD;
	at org.openqa.selenium.remote.http.W3CHttpResponseCodec.createException(W3CHttpResponseCodec.java:187)&#xD;
	at org.openqa.selenium.remote.http.W3CHttpResponseCodec.decode(W3CHttpResponseCodec.java:122)&#xD;
	at org.openqa.selenium.remote.http.W3CHttpResponseCodec.decode(W3CHttpResponseCodec.java:49)&#xD;
	at org.openqa.selenium.remote.HttpCommandExecutor.execute(HttpCommandExecutor.java:158)&#xD;
	at org.openqa.selenium.remote.service.DriverCommandExecutor.execute(DriverCommandExecutor.java:83)&#xD;
	at org.openqa.selenium.remote.RemoteWebDriver.execute(RemoteWebDriver.java:552)&#xD;
	at com.kms.katalon.selenium.driver.CChromeDriver.execute(CChromeDriver.java:20)&#xD;
	at org.openqa.selenium.remote.RemoteWebElement.execute(RemoteWebElement.java:285)&#xD;
	at org.openqa.selenium.remote.RemoteWebElement.clear(RemoteWebElement.java:124)&#xD;
	at com.kms.katalon.core.webui.keyword.builtin.SetTextKeyword$_setText_closure1.doCall(SetTextKeyword.groovy:53)&#xD;
	at com.kms.katalon.core.webui.keyword.builtin.SetTextKeyword$_setText_closure1.call(SetTextKeyword.groovy)&#xD;
	at com.kms.katalon.core.webui.keyword.internal.WebUIKeywordMain.runKeyword(WebUIKeywordMain.groovy:20)&#xD;
	at com.kms.katalon.core.webui.keyword.builtin.SetTextKeyword.setText(SetTextKeyword.groovy:66)&#xD;
	at com.kms.katalon.core.webui.keyword.builtin.SetTextKeyword.execute(SetTextKeyword.groovy:37)&#xD;
	at com.kms.katalon.core.keyword.internal.KeywordExecutor.executeKeywordForPlatform(KeywordExecutor.groovy:56)&#xD;
	at com.kms.katalon.core.webui.keyword.WebUiBuiltInKeywords.setText(WebUiBuiltInKeywords.groovy:950)&#xD;
	at com.kms.katalon.core.webui.keyword.WebUiBuiltInKeywords$setText$3.call(Unknown Source)&#xD;
	at Script1554215288381.run(Script1554215288381.groovy:238)&#xD;
	... 13 more&#xD;
)&#xD;
[[ATTACHMENT|C:\\Users\\isaac\\Desktop\\Clientes\\ProcuraCanada\\Katalon Studio\\Continulink\\Reports\\20190920_100252\\End to End\\POC\\20190920_100356\\1568985001106.png]]&#xD;
&#xD;
2019-09-20 10:10:01 - [TEST_STEP][PASSED] - delay(2): Delayed 2 second(s)&#xD;
&#xD;
2019-09-20 10:10:03 - [MESSAGE][PASSED] - Delayed 2 second(s)&#xD;
&#xD;
2019-09-20 10:10:03 - [TEST_STEP][PASSED] - waitForElementPresent(findTestObject("Regression Clinical Edge/CLINK-23509/OkSignature"), 50): Object 'Object Repository/Regression Clinical Edge/CLINK-23509/OkSignature' is present&#xD;
&#xD;
2019-09-20 10:10:05 - [MESSAGE][PASSED] - Object 'Object Repository/Regression Clinical Edge/CLINK-23509/OkSignature' is present&#xD;
&#xD;
2019-09-20 10:10:05 - [TEST_STEP][PASSED] - click(findTestObject("Regression Clinical Edge/CLINK-23509/OkSignature"), CONTINUE_ON_FAILURE): Object: 'Object Repository/Regression Clinical Edge/CLINK-23509/OkSignature' is clicked on&#xD;
&#xD;
2019-09-20 10:10:05 - [MESSAGE][PASSED] - Object: 'Object Repository/Regression Clinical Edge/CLINK-23509/OkSignature' is clicked on&#xD;
&#xD;
2019-09-20 10:10:05 - [TEST_STEP][PASSED] - delay(2): Delayed 2 second(s)&#xD;
&#xD;
2019-09-20 10:10:07 - [MESSAGE][PASSED] - Delayed 2 second(s)&#xD;
&#xD;
2019-09-20 10:10:07 - [TEST_STEP][PASSED] - closeBrowser(): Browser is closed&#xD;
&#xD;
2019-09-20 10:10:08 - [MESSAGE][PASSED] - Browser is closed</system-out>
            <system-err></system-err>
        </testcase>
        <testcase name="Test Cases/Regression BackOffice (All Browsers)/CLNK-28578 - BO - Happy Path - Approving PoC" classname="Test Cases/Regression BackOffice (All Browsers)/CLNK-28578 - BO - Happy Path - Approving PoC" status="PASSED">
            <system-out>2019-09-20 10:10:10 - [TEST_CASE][PASSED] - Test Cases/Regression BackOffice (All Browsers)/CLNK-28578 - BO - Happy Path - Approving PoC: Test Cases/Regression BackOffice (All Browsers)/CLNK-28578 - BO - Happy Path - Approving PoC&#xD;
&#xD;
2019-09-20 10:10:10 - [TEST_STEP][PASSED] - callTestCase(findTestCase("Regression BackOffice (All Browsers)/CLNK-23439 - Clink - Back office Client"), [:], STOP_ON_FAILURE): Call Test Case 'Test Cases/Regression BackOffice (All Browsers)/CLNK-23439 - Clink - Back office Client' successfully&#xD;
&#xD;
2019-09-20 10:10:10 - [TEST_CASE][PASSED] - Test Cases/Regression BackOffice (All Browsers)/CLNK-23439 - Clink - Back office Client: Test Cases/Regression BackOffice (All Browsers)/CLNK-23439 - Clink - Back office Client&#xD;
&#xD;
2019-09-20 10:10:11 - [TEST_STEP][PASSED] - deleteAllCookies(): Delete all cookies successfully&#xD;
&#xD;
2019-09-20 10:10:11 - [MESSAGE][WARNING] - Cannot delete cookies because browser is closed&#xD;
&#xD;
2019-09-20 10:10:11 - [MESSAGE][PASSED] - Delete all cookies successfully&#xD;
&#xD;
2019-09-20 10:10:11 - [TEST_STEP][PASSED] - openBrowser(G_SiteBackOffice): Browser is opened with url: 'https://qanewpoc.continulink.com:8443/Backoffice/'&#xD;
&#xD;
2019-09-20 10:10:11 - [MESSAGE][INFO] - Starting 'Chrome' driver&#xD;
&#xD;
2019-09-20 10:10:18 - [MESSAGE][PASSED] - Browser is opened with url: 'https://qanewpoc.continulink.com:8443/Backoffice/'&#xD;
&#xD;
2019-09-20 10:10:18 - [TEST_STEP][PASSED] - waitForPageLoad(60): Wait for page load successfully&#xD;
&#xD;
2019-09-20 10:10:18 - [MESSAGE][PASSED] - Wait for page load successfully&#xD;
&#xD;
2019-09-20 10:10:18 - [TEST_STEP][PASSED] - maximizeWindow(): Current window maximized&#xD;
&#xD;
2019-09-20 10:10:22 - [MESSAGE][PASSED] - Current window maximized&#xD;
&#xD;
2019-09-20 10:10:22 - [TEST_STEP][PASSED] - setText(findTestObject("Regression BackOffice/Login/UserBackOffice"), G_UserBackOffice): Text 'automation_admin' is set on object 'Object Repository/Regression BackOffice/Login/UserBackOffice'&#xD;
&#xD;
2019-09-20 10:10:23 - [MESSAGE][PASSED] - Text 'automation_admin' is set on object 'Object Repository/Regression BackOffice/Login/UserBackOffice'&#xD;
&#xD;
2019-09-20 10:10:23 - [TEST_STEP][PASSED] - setText(findTestObject("Regression BackOffice/Login/PasswordBackOffice"), G_PasswordBackOffice): Text 'qwerty' is set on object 'Object Repository/Regression BackOffice/Login/PasswordBackOffice'&#xD;
&#xD;
2019-09-20 10:10:23 - [MESSAGE][PASSED] - Text 'qwerty' is set on object 'Object Repository/Regression BackOffice/Login/PasswordBackOffice'&#xD;
&#xD;
2019-09-20 10:10:23 - [TEST_STEP][PASSED] - click(findTestObject("Regression BackOffice/Login/LoginBackOffice")): Object: 'Object Repository/Regression BackOffice/Login/LoginBackOffice' is clicked on&#xD;
&#xD;
2019-09-20 10:10:35 - [MESSAGE][PASSED] - Object: 'Object Repository/Regression BackOffice/Login/LoginBackOffice' is clicked on&#xD;
&#xD;
2019-09-20 10:10:35 - [TEST_STEP][PASSED] - waitForPageLoad(60): Wait for page load successfully&#xD;
&#xD;
2019-09-20 10:10:35 - [MESSAGE][PASSED] - Wait for page load successfully&#xD;
&#xD;
2019-09-20 10:10:35 - [TEST_STEP][PASSED] - delay(2): Delayed 2 second(s)&#xD;
&#xD;
2019-09-20 10:10:37 - [MESSAGE][PASSED] - Delayed 2 second(s)&#xD;
&#xD;
2019-09-20 10:10:37 - [TEST_STEP][PASSED] - switchToFrame(findTestObject("Regression BackOffice/CLINK-Frames/FrameFrameLeft"), 5, STOP_ON_FAILURE): null&#xD;
&#xD;
2019-09-20 10:10:37 - [TEST_STEP][PASSED] - delay(2): Delayed 2 second(s)&#xD;
&#xD;
2019-09-20 10:10:39 - [MESSAGE][PASSED] - Delayed 2 second(s)&#xD;
&#xD;
2019-09-20 10:10:39 - [TEST_STEP][PASSED] - waitForElementPresent(findTestObject("Regression BackOffice/CLINK-Frames/ClientIntake"), 50): Object 'Object Repository/Regression BackOffice/CLINK-Frames/ClientIntake' is present&#xD;
&#xD;
2019-09-20 10:10:39 - [MESSAGE][PASSED] - Object 'Object Repository/Regression BackOffice/CLINK-Frames/ClientIntake' is present&#xD;
&#xD;
2019-09-20 10:10:39 - [TEST_STEP][PASSED] - verifyElementPresent(findTestObject("Regression BackOffice/CLINK-Frames/ClientIntake"), 100, STOP_ON_FAILURE): Object 'Object Repository/Regression BackOffice/CLINK-Frames/ClientIntake' is present&#xD;
&#xD;
2019-09-20 10:10:39 - [MESSAGE][PASSED] - Object 'Object Repository/Regression BackOffice/CLINK-Frames/ClientIntake' is present&#xD;
&#xD;
2019-09-20 10:10:39 - [TEST_STEP][PASSED] - switchToDefaultContent(): null&#xD;
&#xD;
2019-09-20 10:10:39 - [MESSAGE][PASSED] - Call Test Case 'Test Cases/Regression BackOffice (All Browsers)/CLNK-23439 - Clink - Back office Client' successfully&#xD;
&#xD;
2019-09-20 10:10:39 - [TEST_STEP][PASSED] - waitForPageLoad(60): Wait for page load successfully&#xD;
&#xD;
2019-09-20 10:10:39 - [MESSAGE][PASSED] - Wait for page load successfully&#xD;
&#xD;
2019-09-20 10:10:39 - [TEST_STEP][PASSED] - delay(3): Delayed 3 second(s)&#xD;
&#xD;
2019-09-20 10:10:42 - [MESSAGE][PASSED] - Delayed 3 second(s)&#xD;
&#xD;
2019-09-20 10:10:42 - [TEST_STEP][PASSED] - switchToFrame(findTestObject("Regression BackOffice/CLNK-23449/FrameLeft"), 30): null&#xD;
&#xD;
2019-09-20 10:10:42 - [TEST_STEP][PASSED] - waitForElementPresent(findTestObject("Regression BackOffice/CLINK-28578/ClinicalLink"), 100): Object 'Object Repository/Regression BackOffice/CLINK-28578/ClinicalLink' is present&#xD;
&#xD;
2019-09-20 10:10:42 - [MESSAGE][PASSED] - Object 'Object Repository/Regression BackOffice/CLINK-28578/ClinicalLink' is present&#xD;
&#xD;
2019-09-20 10:10:42 - [TEST_STEP][PASSED] - click(findTestObject("Regression BackOffice/CLINK-28578/ClinicalLink")): Object: 'Object Repository/Regression BackOffice/CLINK-28578/ClinicalLink' is clicked on&#xD;
&#xD;
2019-09-20 10:10:42 - [MESSAGE][PASSED] - Object: 'Object Repository/Regression BackOffice/CLINK-28578/ClinicalLink' is clicked on&#xD;
&#xD;
2019-09-20 10:10:42 - [TEST_STEP][PASSED] - delay(2): Delayed 2 second(s)&#xD;
&#xD;
2019-09-20 10:10:44 - [MESSAGE][PASSED] - Delayed 2 second(s)&#xD;
&#xD;
2019-09-20 10:10:44 - [TEST_STEP][PASSED] - waitForElementPresent(findTestObject("Regression BackOffice/CLINK-28578/Notes QA"), 50): Object 'Object Repository/Regression BackOffice/CLINK-28578/Notes QA' is present&#xD;
&#xD;
2019-09-20 10:10:44 - [MESSAGE][PASSED] - Object 'Object Repository/Regression BackOffice/CLINK-28578/Notes QA' is present&#xD;
&#xD;
2019-09-20 10:10:44 - [TEST_STEP][PASSED] - click(findTestObject("Regression BackOffice/CLINK-28578/Notes QA")): Object: 'Object Repository/Regression BackOffice/CLINK-28578/Notes QA' is clicked on&#xD;
&#xD;
2019-09-20 10:11:01 - [MESSAGE][PASSED] - Object: 'Object Repository/Regression BackOffice/CLINK-28578/Notes QA' is clicked on&#xD;
&#xD;
2019-09-20 10:11:01 - [TEST_STEP][PASSED] - delay(2): Delayed 2 second(s)&#xD;
&#xD;
2019-09-20 10:11:03 - [MESSAGE][PASSED] - Delayed 2 second(s)&#xD;
&#xD;
2019-09-20 10:11:03 - [TEST_STEP][PASSED] - switchToDefaultContent(): null&#xD;
&#xD;
2019-09-20 10:11:03 - [TEST_STEP][PASSED] - switchToFrame(findTestObject("Regression BackOffice/CLNK-23449/FrameMain"), 30): null&#xD;
&#xD;
2019-09-20 10:11:03 - [TEST_STEP][PASSED] - waitForElementPresent(findTestObject("Regression BackOffice/CLINK-28578/input_Client_txtClient"), 50): Object 'Object Repository/Regression BackOffice/CLINK-28578/input_Client_txtClient' is present&#xD;
&#xD;
2019-09-20 10:11:03 - [MESSAGE][PASSED] - Object 'Object Repository/Regression BackOffice/CLINK-28578/input_Client_txtClient' is present&#xD;
&#xD;
2019-09-20 10:11:03 - [TEST_STEP][PASSED] - setText(findTestObject("Regression BackOffice/CLINK-28578/input_Client_txtClient"), G_ClientLastName): Text 'Ernesky' is set on object 'Object Repository/Regression BackOffice/CLINK-28578/input_Client_txtClient'&#xD;
&#xD;
2019-09-20 10:11:03 - [MESSAGE][PASSED] - Text 'Ernesky' is set on object 'Object Repository/Regression BackOffice/CLINK-28578/input_Client_txtClient'&#xD;
&#xD;
2019-09-20 10:11:03 - [TEST_STEP][PASSED] - focus(findTestObject("Regression BackOffice/CLINK-28578/input_Client_txtClient")): Object: 'Object Repository/Regression BackOffice/CLINK-28578/input_Client_txtClient' is focused&#xD;
&#xD;
2019-09-20 10:11:04 - [MESSAGE][PASSED] - Object: 'Object Repository/Regression BackOffice/CLINK-28578/input_Client_txtClient' is focused&#xD;
&#xD;
2019-09-20 10:11:04 - [TEST_STEP][PASSED] - delay(2): Delayed 2 second(s)&#xD;
&#xD;
2019-09-20 10:11:06 - [MESSAGE][PASSED] - Delayed 2 second(s)&#xD;
&#xD;
2019-09-20 10:11:06 - [TEST_STEP][PASSED] - sendKeys(findTestObject("Regression BackOffice/CLINK-28578/input_Client_txtClient"), Keys.chord(ARROW_DOWN, ENTER)): Keys 'DOWN + ENTER + ' sent to object: 'Object Repository/Regression BackOffice/CLINK-28578/input_Client_txtClient'&#xD;
&#xD;
2019-09-20 10:11:06 - [MESSAGE][PASSED] - Keys 'DOWN + ENTER + ' sent to object: 'Object Repository/Regression BackOffice/CLINK-28578/input_Client_txtClient'&#xD;
&#xD;
2019-09-20 10:11:06 - [TEST_STEP][PASSED] - delay(5): Delayed 5 second(s)&#xD;
&#xD;
2019-09-20 10:11:11 - [MESSAGE][PASSED] - Delayed 5 second(s)&#xD;
&#xD;
2019-09-20 10:11:11 - [TEST_STEP][PASSED] - waitForElementPresent(findTestObject("Regression BackOffice/CLINK-28578/btnSearch"), 50): Object 'Object Repository/Regression BackOffice/CLINK-28578/btnSearch' is present&#xD;
&#xD;
2019-09-20 10:11:11 - [MESSAGE][PASSED] - Object 'Object Repository/Regression BackOffice/CLINK-28578/btnSearch' is present&#xD;
&#xD;
2019-09-20 10:11:11 - [TEST_STEP][PASSED] - click(findTestObject("Regression BackOffice/CLINK-28578/btnSearch"), STOP_ON_FAILURE): Object: 'Object Repository/Regression BackOffice/CLINK-28578/btnSearch' is clicked on&#xD;
&#xD;
2019-09-20 10:11:11 - [MESSAGE][PASSED] - Object: 'Object Repository/Regression BackOffice/CLINK-28578/btnSearch' is clicked on&#xD;
&#xD;
2019-09-20 10:11:11 - [TEST_STEP][PASSED] - delay(5): Delayed 5 second(s)&#xD;
&#xD;
2019-09-20 10:11:16 - [MESSAGE][PASSED] - Delayed 5 second(s)&#xD;
&#xD;
2019-09-20 10:11:16 - [TEST_STEP][PASSED] - if (verifyElementPresent(findTestObject("Regression BackOffice/CLINK-28578/DocumentLink"), 10)): com.kms.katalon.core.webui.exception.WebElementNotFoundException: Web element with id: 'Object Repository/Regression BackOffice/CLINK-28578/DocumentLink' located by 'By.xpath: //div[@id='notesQAResults']/div[2]/div/div[2]/div/div[2]/div/div/div[4]/div/div/div/span[2]' not found (Root cause: com.kms.katalon.core.exception.StepFailedException: com.kms.katalon.core.webui.exception.WebElementNotFoundException: Web element with id: 'Object Repository/Regression BackOffice/CLINK-28578/DocumentLink' located by 'By.xpath: //div[@id='notesQAResults']/div[2]/div/div[2]/div/div[2]/div/div/div[4]/div/div/div/span[2]' not found&#xD;
	at com.kms.katalon.core.webui.keyword.internal.WebUIKeywordMain.stepFailed(WebUIKeywordMain.groovy:64)&#xD;
	at com.kms.katalon.core.webui.keyword.builtin.VerifyElementPresentKeyword$_verifyElementPresent_closure1.doCall(VerifyElementPresentKeyword.groovy:85)&#xD;
	at com.kms.katalon.core.webui.keyword.builtin.VerifyElementPresentKeyword$_verifyElementPresent_closure1.call(VerifyElementPresentKeyword.groovy)&#xD;
	at com.kms.katalon.core.webui.keyword.internal.WebUIKeywordMain.runKeyword(WebUIKeywordMain.groovy:20)&#xD;
	at com.kms.katalon.core.webui.keyword.builtin.VerifyElementPresentKeyword.verifyElementPresent(VerifyElementPresentKeyword.groovy:92)&#xD;
	at com.kms.katalon.core.webui.keyword.builtin.VerifyElementPresentKeyword.execute(VerifyElementPresentKeyword.groovy:68)&#xD;
	at com.kms.katalon.core.keyword.internal.KeywordExecutor.executeKeywordForPlatform(KeywordExecutor.groovy:56)&#xD;
	at com.kms.katalon.core.webui.keyword.WebUiBuiltInKeywords.verifyElementPresent(WebUiBuiltInKeywords.groovy:1434)&#xD;
	at com.kms.katalon.core.webui.keyword.WebUiBuiltInKeywords$verifyElementPresent$6.call(Unknown Source)&#xD;
	at CLNK-28578 - BO - Happy Path - Approving PoC.run(CLNK-28578 - BO - Happy Path - Approving PoC:59)&#xD;
	at com.kms.katalon.core.main.ScriptEngine.run(ScriptEngine.java:194)&#xD;
	at com.kms.katalon.core.main.ScriptEngine.runScriptAsRawText(ScriptEngine.java:119)&#xD;
	at com.kms.katalon.core.main.TestCaseExecutor.runScript(TestCaseExecutor.java:337)&#xD;
	at com.kms.katalon.core.main.TestCaseExecutor.doExecute(TestCaseExecutor.java:328)&#xD;
	at com.kms.katalon.core.main.TestCaseExecutor.processExecutionPhase(TestCaseExecutor.java:307)&#xD;
	at com.kms.katalon.core.main.TestCaseExecutor.accessMainPhase(TestCaseExecutor.java:299)&#xD;
	at com.kms.katalon.core.main.TestCaseExecutor.execute(TestCaseExecutor.java:233)&#xD;
	at com.kms.katalon.core.main.TestSuiteExecutor.accessTestCaseMainPhase(TestSuiteExecutor.java:169)&#xD;
	at com.kms.katalon.core.main.TestSuiteExecutor.accessTestSuiteMainPhase(TestSuiteExecutor.java:142)&#xD;
	at com.kms.katalon.core.main.TestSuiteExecutor.execute(TestSuiteExecutor.java:91)&#xD;
	at com.kms.katalon.core.main.TestCaseMain.startTestSuite(TestCaseMain.java:157)&#xD;
	at com.kms.katalon.core.main.TestCaseMain$startTestSuite$0.call(Unknown Source)&#xD;
	at TempTestSuite1568984636335.run(TempTestSuite1568984636335.groovy:35)&#xD;
)&#xD;
&#xD;
2019-09-20 10:11:26 - [MESSAGE][INFO] - Unable to find the element located by 'By.xpath: //div[@id='notesQAResults']/div[2]/div/div[2]/div/div[2]/div/div/div[4]/div/div/div/span[2]'. Please recheck the objects properties to make sure the desired element is located. &#xD;
&#xD;
2019-09-20 10:11:27 - [MESSAGE][WARNING] - com.kms.katalon.core.webui.exception.WebElementNotFoundException: Web element with id: 'Object Repository/Regression BackOffice/CLINK-28578/DocumentLink' located by 'By.xpath: //div[@id='notesQAResults']/div[2]/div/div[2]/div/div[2]/div/div/div[4]/div/div/div/span[2]' not found (Root cause: com.kms.katalon.core.exception.StepFailedException: com.kms.katalon.core.webui.exception.WebElementNotFoundException: Web element with id: 'Object Repository/Regression BackOffice/CLINK-28578/DocumentLink' located by 'By.xpath: //div[@id='notesQAResults']/div[2]/div/div[2]/div/div[2]/div/div/div[4]/div/div/div/span[2]' not found&#xD;
	at com.kms.katalon.core.webui.keyword.internal.WebUIKeywordMain.stepFailed(WebUIKeywordMain.groovy:64)&#xD;
	at com.kms.katalon.core.webui.keyword.builtin.VerifyElementPresentKeyword$_verifyElementPresent_closure1.doCall(VerifyElementPresentKeyword.groovy:85)&#xD;
	at com.kms.katalon.core.webui.keyword.builtin.VerifyElementPresentKeyword$_verifyElementPresent_closure1.call(VerifyElementPresentKeyword.groovy)&#xD;
	at com.kms.katalon.core.webui.keyword.internal.WebUIKeywordMain.runKeyword(WebUIKeywordMain.groovy:20)&#xD;
	at com.kms.katalon.core.webui.keyword.builtin.VerifyElementPresentKeyword.verifyElementPresent(VerifyElementPresentKeyword.groovy:92)&#xD;
	at com.kms.katalon.core.webui.keyword.builtin.VerifyElementPresentKeyword.execute(VerifyElementPresentKeyword.groovy:68)&#xD;
	at com.kms.katalon.core.keyword.internal.KeywordExecutor.executeKeywordForPlatform(KeywordExecutor.groovy:56)&#xD;
	at com.kms.katalon.core.webui.keyword.WebUiBuiltInKeywords.verifyElementPresent(WebUiBuiltInKeywords.groovy:1434)&#xD;
	at com.kms.katalon.core.webui.keyword.WebUiBuiltInKeywords$verifyElementPresent$6.call(Unknown Source)&#xD;
	at CLNK-28578 - BO - Happy Path - Approving PoC.run(CLNK-28578 - BO - Happy Path - Approving PoC:59)&#xD;
	at com.kms.katalon.core.main.ScriptEngine.run(ScriptEngine.java:194)&#xD;
	at com.kms.katalon.core.main.ScriptEngine.runScriptAsRawText(ScriptEngine.java:119)&#xD;
	at com.kms.katalon.core.main.TestCaseExecutor.runScript(TestCaseExecutor.java:337)&#xD;
	at com.kms.katalon.core.main.TestCaseExecutor.doExecute(TestCaseExecutor.java:328)&#xD;
	at com.kms.katalon.core.main.TestCaseExecutor.processExecutionPhase(TestCaseExecutor.java:307)&#xD;
	at com.kms.katalon.core.main.TestCaseExecutor.accessMainPhase(TestCaseExecutor.java:299)&#xD;
	at com.kms.katalon.core.main.TestCaseExecutor.execute(TestCaseExecutor.java:233)&#xD;
	at com.kms.katalon.core.main.TestSuiteExecutor.accessTestCaseMainPhase(TestSuiteExecutor.java:169)&#xD;
	at com.kms.katalon.core.main.TestSuiteExecutor.accessTestSuiteMainPhase(TestSuiteExecutor.java:142)&#xD;
	at com.kms.katalon.core.main.TestSuiteExecutor.execute(TestSuiteExecutor.java:91)&#xD;
	at com.kms.katalon.core.main.TestCaseMain.startTestSuite(TestCaseMain.java:157)&#xD;
	at com.kms.katalon.core.main.TestCaseMain$startTestSuite$0.call(Unknown Source)&#xD;
	at TempTestSuite1568984636335.run(TempTestSuite1568984636335.groovy:35)&#xD;
)&#xD;
[[ATTACHMENT|C:\\Users\\isaac\\Desktop\\Clientes\\ProcuraCanada\\Katalon Studio\\Continulink\\Reports\\20190920_100252\\End to End\\POC\\20190920_100356\\1568985086717.png]]&#xD;
&#xD;
2019-09-20 10:11:27 - [TEST_STEP][PASSED] - closeBrowser(): Browser is closed&#xD;
&#xD;
2019-09-20 10:11:27 - [MESSAGE][PASSED] - Browser is closed</system-out>
            <system-err></system-err>
        </testcase>
        <testcase name="Test Cases/Regression BackOffice (All Browsers)/CLNK-17593 -7231 Main Application - Clinical Block - View POC and RPOC" classname="Test Cases/Regression BackOffice (All Browsers)/CLNK-17593 -7231 Main Application - Clinical Block - View POC and RPOC" status="PASSED">
            <system-out>2019-09-20 10:11:29 - [TEST_CASE][PASSED] - Test Cases/Regression BackOffice (All Browsers)/CLNK-17593 -7231 Main Application - Clinical Block - View POC and RPOC: Test Cases/Regression BackOffice (All Browsers)/CLNK-17593 -7231 Main Application - Clinical Block - View POC and RPOC&#xD;
&#xD;
2019-09-20 10:11:30 - [TEST_STEP][PASSED] - callTestCase(findTestCase("Regression BackOffice (All Browsers)/CLNK-23439 - Clink - Back office Client"), [:], STOP_ON_FAILURE): Call Test Case 'Test Cases/Regression BackOffice (All Browsers)/CLNK-23439 - Clink - Back office Client' successfully&#xD;
&#xD;
2019-09-20 10:11:30 - [TEST_CASE][PASSED] - Test Cases/Regression BackOffice (All Browsers)/CLNK-23439 - Clink - Back office Client: Test Cases/Regression BackOffice (All Browsers)/CLNK-23439 - Clink - Back office Client&#xD;
&#xD;
2019-09-20 10:11:30 - [TEST_STEP][PASSED] - deleteAllCookies(): Delete all cookies successfully&#xD;
&#xD;
2019-09-20 10:11:30 - [MESSAGE][WARNING] - Cannot delete cookies because browser is closed&#xD;
&#xD;
2019-09-20 10:11:30 - [MESSAGE][PASSED] - Delete all cookies successfully&#xD;
&#xD;
2019-09-20 10:11:30 - [TEST_STEP][PASSED] - openBrowser(G_SiteBackOffice): Browser is opened with url: 'https://qanewpoc.continulink.com:8443/Backoffice/'&#xD;
&#xD;
2019-09-20 10:11:30 - [MESSAGE][INFO] - Starting 'Chrome' driver&#xD;
&#xD;
2019-09-20 10:11:38 - [MESSAGE][PASSED] - Browser is opened with url: 'https://qanewpoc.continulink.com:8443/Backoffice/'&#xD;
&#xD;
2019-09-20 10:11:38 - [TEST_STEP][PASSED] - waitForPageLoad(60): Wait for page load successfully&#xD;
&#xD;
2019-09-20 10:11:38 - [MESSAGE][PASSED] - Wait for page load successfully&#xD;
&#xD;
2019-09-20 10:11:38 - [TEST_STEP][PASSED] - maximizeWindow(): Current window maximized&#xD;
&#xD;
2019-09-20 10:11:42 - [MESSAGE][PASSED] - Current window maximized&#xD;
&#xD;
2019-09-20 10:11:42 - [TEST_STEP][PASSED] - setText(findTestObject("Regression BackOffice/Login/UserBackOffice"), G_UserBackOffice): Text 'automation_admin' is set on object 'Object Repository/Regression BackOffice/Login/UserBackOffice'&#xD;
&#xD;
2019-09-20 10:11:42 - [MESSAGE][PASSED] - Text 'automation_admin' is set on object 'Object Repository/Regression BackOffice/Login/UserBackOffice'&#xD;
&#xD;
2019-09-20 10:11:42 - [TEST_STEP][PASSED] - setText(findTestObject("Regression BackOffice/Login/PasswordBackOffice"), G_PasswordBackOffice): Text 'qwerty' is set on object 'Object Repository/Regression BackOffice/Login/PasswordBackOffice'&#xD;
&#xD;
2019-09-20 10:11:42 - [MESSAGE][PASSED] - Text 'qwerty' is set on object 'Object Repository/Regression BackOffice/Login/PasswordBackOffice'&#xD;
&#xD;
2019-09-20 10:11:42 - [TEST_STEP][PASSED] - click(findTestObject("Regression BackOffice/Login/LoginBackOffice")): Object: 'Object Repository/Regression BackOffice/Login/LoginBackOffice' is clicked on&#xD;
&#xD;
2019-09-20 10:11:47 - [MESSAGE][PASSED] - Object: 'Object Repository/Regression BackOffice/Login/LoginBackOffice' is clicked on&#xD;
&#xD;
2019-09-20 10:11:47 - [TEST_STEP][PASSED] - waitForPageLoad(60): Wait for page load successfully&#xD;
&#xD;
2019-09-20 10:11:47 - [MESSAGE][PASSED] - Wait for page load successfully&#xD;
&#xD;
2019-09-20 10:11:47 - [TEST_STEP][PASSED] - delay(2): Delayed 2 second(s)&#xD;
&#xD;
2019-09-20 10:11:49 - [MESSAGE][PASSED] - Delayed 2 second(s)&#xD;
&#xD;
2019-09-20 10:11:49 - [TEST_STEP][PASSED] - switchToFrame(findTestObject("Regression BackOffice/CLINK-Frames/FrameFrameLeft"), 5, STOP_ON_FAILURE): null&#xD;
&#xD;
2019-09-20 10:11:49 - [TEST_STEP][PASSED] - delay(2): Delayed 2 second(s)&#xD;
&#xD;
2019-09-20 10:11:51 - [MESSAGE][PASSED] - Delayed 2 second(s)&#xD;
&#xD;
2019-09-20 10:11:51 - [TEST_STEP][PASSED] - waitForElementPresent(findTestObject("Regression BackOffice/CLINK-Frames/ClientIntake"), 50): Object 'Object Repository/Regression BackOffice/CLINK-Frames/ClientIntake' is present&#xD;
&#xD;
2019-09-20 10:11:51 - [MESSAGE][PASSED] - Object 'Object Repository/Regression BackOffice/CLINK-Frames/ClientIntake' is present&#xD;
&#xD;
2019-09-20 10:11:51 - [TEST_STEP][PASSED] - verifyElementPresent(findTestObject("Regression BackOffice/CLINK-Frames/ClientIntake"), 100, STOP_ON_FAILURE): Object 'Object Repository/Regression BackOffice/CLINK-Frames/ClientIntake' is present&#xD;
&#xD;
2019-09-20 10:11:51 - [MESSAGE][PASSED] - Object 'Object Repository/Regression BackOffice/CLINK-Frames/ClientIntake' is present&#xD;
&#xD;
2019-09-20 10:11:51 - [TEST_STEP][PASSED] - switchToDefaultContent(): null&#xD;
&#xD;
2019-09-20 10:11:51 - [MESSAGE][PASSED] - Call Test Case 'Test Cases/Regression BackOffice (All Browsers)/CLNK-23439 - Clink - Back office Client' successfully&#xD;
&#xD;
2019-09-20 10:11:51 - [TEST_STEP][PASSED] - waitForPageLoad(60): Wait for page load successfully&#xD;
&#xD;
2019-09-20 10:11:51 - [MESSAGE][PASSED] - Wait for page load successfully&#xD;
&#xD;
2019-09-20 10:11:51 - [TEST_STEP][PASSED] - delay(3): Delayed 3 second(s)&#xD;
&#xD;
2019-09-20 10:11:54 - [MESSAGE][PASSED] - Delayed 3 second(s)&#xD;
&#xD;
2019-09-20 10:11:54 - [TEST_STEP][PASSED] - switchToFrame(findTestObject("Regression BackOffice/CLNK-23449/FrameLeft"), 30): null&#xD;
&#xD;
2019-09-20 10:11:54 - [TEST_STEP][PASSED] - waitForElementPresent(findTestObject("Regression BackOffice/CLNK-23449/ClienIntakeICon"), 100): Object 'Object Repository/Regression BackOffice/CLNK-23449/ClienIntakeICon' is present&#xD;
&#xD;
2019-09-20 10:11:54 - [MESSAGE][PASSED] - Object 'Object Repository/Regression BackOffice/CLNK-23449/ClienIntakeICon' is present&#xD;
&#xD;
2019-09-20 10:11:54 - [TEST_STEP][PASSED] - click(findTestObject("Regression BackOffice/CLNK-23449/ClienIntakeICon")): Object: 'Object Repository/Regression BackOffice/CLNK-23449/ClienIntakeICon' is clicked on&#xD;
&#xD;
2019-09-20 10:11:55 - [MESSAGE][PASSED] - Object: 'Object Repository/Regression BackOffice/CLNK-23449/ClienIntakeICon' is clicked on&#xD;
&#xD;
2019-09-20 10:11:55 - [TEST_STEP][PASSED] - delay(2): Delayed 2 second(s)&#xD;
&#xD;
2019-09-20 10:11:57 - [MESSAGE][PASSED] - Delayed 2 second(s)&#xD;
&#xD;
2019-09-20 10:11:57 - [TEST_STEP][PASSED] - waitForPageLoad(50): Wait for page load successfully&#xD;
&#xD;
2019-09-20 10:11:57 - [MESSAGE][PASSED] - Wait for page load successfully&#xD;
&#xD;
2019-09-20 10:11:57 - [TEST_STEP][PASSED] - waitForElementPresent(findTestObject("Regression BackOffice/CLNK-10235/SearchforaClient"), 50): Object 'Object Repository/Regression BackOffice/CLNK-10235/SearchforaClient' is present&#xD;
&#xD;
2019-09-20 10:11:57 - [MESSAGE][PASSED] - Object 'Object Repository/Regression BackOffice/CLNK-10235/SearchforaClient' is present&#xD;
&#xD;
2019-09-20 10:11:57 - [TEST_STEP][PASSED] - click(findTestObject("Regression BackOffice/CLNK-10235/SearchforaClient")): Object: 'Object Repository/Regression BackOffice/CLNK-10235/SearchforaClient' is clicked on&#xD;
&#xD;
2019-09-20 10:12:06 - [MESSAGE][PASSED] - Object: 'Object Repository/Regression BackOffice/CLNK-10235/SearchforaClient' is clicked on&#xD;
&#xD;
2019-09-20 10:12:06 - [TEST_STEP][PASSED] - delay(2): Delayed 2 second(s)&#xD;
&#xD;
2019-09-20 10:12:08 - [MESSAGE][PASSED] - Delayed 2 second(s)&#xD;
&#xD;
2019-09-20 10:12:08 - [TEST_STEP][PASSED] - switchToDefaultContent(): null&#xD;
&#xD;
2019-09-20 10:12:08 - [TEST_STEP][PASSED] - switchToFrame(findTestObject("Regression BackOffice/CLNK-23449/FrameMain"), 30): null&#xD;
&#xD;
2019-09-20 10:12:08 - [TEST_STEP][PASSED] - waitForElementPresent(findTestObject("Regression BackOffice/CLNK-10235/FirstNameSearch"), 50): Object 'Object Repository/Regression BackOffice/CLNK-10235/FirstNameSearch' is present&#xD;
&#xD;
2019-09-20 10:12:08 - [MESSAGE][PASSED] - Object 'Object Repository/Regression BackOffice/CLNK-10235/FirstNameSearch' is present&#xD;
&#xD;
2019-09-20 10:12:08 - [TEST_STEP][PASSED] - setText(findTestObject("Regression BackOffice/CLNK-10235/FirstNameSearch"), G_ClientFirstName): Text 'Ernest' is set on object 'Object Repository/Regression BackOffice/CLNK-10235/FirstNameSearch'&#xD;
&#xD;
2019-09-20 10:12:09 - [MESSAGE][PASSED] - Text 'Ernest' is set on object 'Object Repository/Regression BackOffice/CLNK-10235/FirstNameSearch'&#xD;
&#xD;
2019-09-20 10:12:09 - [TEST_STEP][PASSED] - delay(2): Delayed 2 second(s)&#xD;
&#xD;
2019-09-20 10:12:11 - [MESSAGE][PASSED] - Delayed 2 second(s)&#xD;
&#xD;
2019-09-20 10:12:11 - [TEST_STEP][PASSED] - waitForElementPresent(findTestObject("Regression BackOffice/CLNK-10235/LastNameSearch"), 50): Object 'Object Repository/Regression BackOffice/CLNK-10235/LastNameSearch' is present&#xD;
&#xD;
2019-09-20 10:12:11 - [MESSAGE][PASSED] - Object 'Object Repository/Regression BackOffice/CLNK-10235/LastNameSearch' is present&#xD;
&#xD;
2019-09-20 10:12:11 - [TEST_STEP][PASSED] - setText(findTestObject("Regression BackOffice/CLNK-10235/LastNameSearch"), G_ClientLastName): Text 'Ernesky' is set on object 'Object Repository/Regression BackOffice/CLNK-10235/LastNameSearch'&#xD;
&#xD;
2019-09-20 10:12:11 - [MESSAGE][PASSED] - Text 'Ernesky' is set on object 'Object Repository/Regression BackOffice/CLNK-10235/LastNameSearch'&#xD;
&#xD;
2019-09-20 10:12:11 - [TEST_STEP][PASSED] - delay(2): Delayed 2 second(s)&#xD;
&#xD;
2019-09-20 10:12:13 - [MESSAGE][PASSED] - Delayed 2 second(s)&#xD;
&#xD;
2019-09-20 10:12:13 - [TEST_STEP][PASSED] - waitForElementPresent(findTestObject("Regression BackOffice/CLINK - 27906/SearchButton"), 50): Object 'Object Repository/Regression BackOffice/CLINK - 27906/SearchButton' is present&#xD;
&#xD;
2019-09-20 10:12:13 - [MESSAGE][PASSED] - Object 'Object Repository/Regression BackOffice/CLINK - 27906/SearchButton' is present&#xD;
&#xD;
2019-09-20 10:12:13 - [TEST_STEP][PASSED] - click(findTestObject("Regression BackOffice/CLINK - 27906/SearchButton"), STOP_ON_FAILURE): Object: 'Object Repository/Regression BackOffice/CLINK - 27906/SearchButton' is clicked on&#xD;
&#xD;
2019-09-20 10:12:14 - [MESSAGE][PASSED] - Object: 'Object Repository/Regression BackOffice/CLINK - 27906/SearchButton' is clicked on&#xD;
&#xD;
2019-09-20 10:12:14 - [TEST_STEP][PASSED] - delay(2): Delayed 2 second(s)&#xD;
&#xD;
2019-09-20 10:12:16 - [MESSAGE][PASSED] - Delayed 2 second(s)&#xD;
&#xD;
2019-09-20 10:12:16 - [TEST_STEP][PASSED] - waitForElementPresent(findTestObject("Regression BackOffice/CLINK - 27906/ClientRollbackLink"), 50): Object 'Object Repository/Regression BackOffice/CLINK - 27906/ClientRollbackLink' is present&#xD;
&#xD;
2019-09-20 10:12:16 - [MESSAGE][PASSED] - Object 'Object Repository/Regression BackOffice/CLINK - 27906/ClientRollbackLink' is present&#xD;
&#xD;
2019-09-20 10:12:16 - [TEST_STEP][PASSED] - rightClick(findTestObject("Regression BackOffice/CLINK - 27906/ClientRollbackLink"), CONTINUE_ON_FAILURE): Object: 'Object Repository/Regression BackOffice/CLINK - 27906/ClientRollbackLink' is right clicked on&#xD;
&#xD;
2019-09-20 10:12:16 - [MESSAGE][PASSED] - Object: 'Object Repository/Regression BackOffice/CLINK - 27906/ClientRollbackLink' is right clicked on&#xD;
&#xD;
2019-09-20 10:12:16 - [TEST_STEP][PASSED] - delay(2): Delayed 2 second(s)&#xD;
&#xD;
2019-09-20 10:12:18 - [MESSAGE][PASSED] - Delayed 2 second(s)&#xD;
&#xD;
2019-09-20 10:12:18 - [TEST_STEP][PASSED] - waitForElementPresent(findTestObject("Regression BackOffice/CLINK-17593/View POC  RPOC"), 100): Object 'Object Repository/Regression BackOffice/CLINK-17593/View POC  RPOC' is present&#xD;
&#xD;
2019-09-20 10:12:18 - [MESSAGE][PASSED] - Object 'Object Repository/Regression BackOffice/CLINK-17593/View POC  RPOC' is present&#xD;
&#xD;
2019-09-20 10:12:18 - [TEST_STEP][PASSED] - click(findTestObject("Regression BackOffice/CLINK-17593/View POC  RPOC")): Object: 'Object Repository/Regression BackOffice/CLINK-17593/View POC  RPOC' is clicked on&#xD;
&#xD;
2019-09-20 10:12:37 - [MESSAGE][PASSED] - Object: 'Object Repository/Regression BackOffice/CLINK-17593/View POC  RPOC' is clicked on&#xD;
&#xD;
2019-09-20 10:12:37 - [TEST_STEP][PASSED] - delay(10): Delayed 10 second(s)&#xD;
&#xD;
2019-09-20 10:12:47 - [MESSAGE][PASSED] - Delayed 10 second(s)&#xD;
&#xD;
2019-09-20 10:12:47 - [TEST_STEP][PASSED] - waitForPageLoad(50): Wait for page load successfully&#xD;
&#xD;
2019-09-20 10:12:47 - [MESSAGE][PASSED] - Wait for page load successfully&#xD;
&#xD;
2019-09-20 10:12:47 - [TEST_STEP][PASSED] - switchToFrame(findTestObject("Regression BackOffice/CLNK-23449/FrameMain"), 30): null&#xD;
&#xD;
2019-09-20 10:12:47 - [TEST_STEP][NOT_RUN] - waitForElementPresent(findTestObject("Regression BackOffice/CLINK-17593/StatusColumn"), 100): NOT_RUN: waitForElementPresent(findTestObject("Regression BackOffice/CLINK-17593/StatusColumn"), 100)&#xD;
&#xD;
2019-09-20 10:12:47 - [MESSAGE][NOT_RUN] - NOT_RUN: waitForElementPresent(findTestObject("Regression BackOffice/CLINK-17593/StatusColumn"), 100)&#xD;
&#xD;
2019-09-20 10:12:47 - [TEST_STEP][NOT_RUN] - verifyElementPresent(findTestObject("Regression BackOffice/CLINK-17593/StatusColumn"), 50): NOT_RUN: verifyElementPresent(findTestObject("Regression BackOffice/CLINK-17593/StatusColumn"), 50)&#xD;
&#xD;
2019-09-20 10:12:47 - [MESSAGE][NOT_RUN] - NOT_RUN: verifyElementPresent(findTestObject("Regression BackOffice/CLINK-17593/StatusColumn"), 50)&#xD;
&#xD;
2019-09-20 10:12:47 - [TEST_STEP][NOT_RUN] - delay(2): NOT_RUN: delay(2)&#xD;
&#xD;
2019-09-20 10:12:47 - [MESSAGE][NOT_RUN] - NOT_RUN: delay(2)&#xD;
&#xD;
2019-09-20 10:12:47 - [TEST_STEP][PASSED] - if (verifyElementPresent(findTestObject("Regression BackOffice/CLINK-17593/Status"), 10)): Delayed 2 second(s)&#xD;
&#xD;
2019-09-20 10:12:47 - [MESSAGE][PASSED] - Object 'Object Repository/Regression BackOffice/CLINK-17593/Status' is present&#xD;
&#xD;
2019-09-20 10:12:47 - [TEST_STEP][PASSED] - waitForElementPresent(findTestObject("Regression BackOffice/CLINK-17593/Status"), 100): Object 'Object Repository/Regression BackOffice/CLINK-17593/Status' is present&#xD;
&#xD;
2019-09-20 10:12:47 - [MESSAGE][PASSED] - Object 'Object Repository/Regression BackOffice/CLINK-17593/Status' is present&#xD;
&#xD;
2019-09-20 10:12:47 - [TEST_STEP][PASSED] - click(findTestObject("Regression BackOffice/CLINK-17593/Status"), CONTINUE_ON_FAILURE): Object: 'Object Repository/Regression BackOffice/CLINK-17593/Status' is clicked on&#xD;
&#xD;
2019-09-20 10:12:47 - [MESSAGE][PASSED] - Object: 'Object Repository/Regression BackOffice/CLINK-17593/Status' is clicked on&#xD;
&#xD;
2019-09-20 10:12:47 - [TEST_STEP][PASSED] - delay(2): Delayed 2 second(s)&#xD;
&#xD;
2019-09-20 10:12:49 - [MESSAGE][PASSED] - Delayed 2 second(s)&#xD;
&#xD;
2019-09-20 10:12:49 - [TEST_STEP][PASSED] - waitForElementPresent(findTestObject("Regression BackOffice/CLINK-17593/Distribution"), 100): Object 'Object Repository/Regression BackOffice/CLINK-17593/Distribution' is present&#xD;
&#xD;
2019-09-20 10:12:49 - [MESSAGE][PASSED] - Object 'Object Repository/Regression BackOffice/CLINK-17593/Distribution' is present&#xD;
&#xD;
2019-09-20 10:12:49 - [TEST_STEP][PASSED] - click(findTestObject("Regression BackOffice/CLINK-17593/Distribution"), CONTINUE_ON_FAILURE): Object: 'Object Repository/Regression BackOffice/CLINK-17593/Distribution' is clicked on&#xD;
&#xD;
2019-09-20 10:12:50 - [MESSAGE][PASSED] - Object: 'Object Repository/Regression BackOffice/CLINK-17593/Distribution' is clicked on&#xD;
&#xD;
2019-09-20 10:12:50 - [TEST_STEP][PASSED] - sendKeys(findTestObject("Regression BackOffice/CLINK-17593/Distribution"), Keys.chord(ARROW_DOWN, ARROW_DOWN, ENTER)): Keys 'DOWN + DOWN + ENTER + ' sent to object: 'Object Repository/Regression BackOffice/CLINK-17593/Distribution'&#xD;
&#xD;
2019-09-20 10:12:50 - [MESSAGE][PASSED] - Keys 'DOWN + DOWN + ENTER + ' sent to object: 'Object Repository/Regression BackOffice/CLINK-17593/Distribution'&#xD;
&#xD;
2019-09-20 10:12:50 - [TEST_STEP][PASSED] - delay(4): Delayed 4 second(s)&#xD;
&#xD;
2019-09-20 10:12:54 - [MESSAGE][PASSED] - Delayed 4 second(s)&#xD;
&#xD;
2019-09-20 10:12:54 - [TEST_STEP][PASSED] - waitForElementPresent(findTestObject("Regression BackOffice/CLINK-17593/DateOfDistribution"), 100): Object 'Object Repository/Regression BackOffice/CLINK-17593/DateOfDistribution' is present&#xD;
&#xD;
2019-09-20 10:12:54 - [MESSAGE][PASSED] - Object 'Object Repository/Regression BackOffice/CLINK-17593/DateOfDistribution' is present&#xD;
&#xD;
2019-09-20 10:12:54 - [TEST_STEP][PASSED] - click(findTestObject("Regression BackOffice/CLINK-17593/DateOfDistribution")): Object: 'Object Repository/Regression BackOffice/CLINK-17593/DateOfDistribution' is clicked on&#xD;
&#xD;
2019-09-20 10:12:54 - [MESSAGE][PASSED] - Object: 'Object Repository/Regression BackOffice/CLINK-17593/DateOfDistribution' is clicked on&#xD;
&#xD;
2019-09-20 10:12:54 - [TEST_STEP][PASSED] - delay(2): Delayed 2 second(s)&#xD;
&#xD;
2019-09-20 10:12:56 - [MESSAGE][PASSED] - Delayed 2 second(s)&#xD;
&#xD;
2019-09-20 10:12:56 - [TEST_STEP][PASSED] - sendKeys(findTestObject("Regression BackOffice/CLINK-17593/DateOfDistribution"), "05/20/2019"): Keys '05/20/2019' sent to object: 'Object Repository/Regression BackOffice/CLINK-17593/DateOfDistribution'&#xD;
&#xD;
2019-09-20 10:12:56 - [MESSAGE][PASSED] - Keys '05/20/2019' sent to object: 'Object Repository/Regression BackOffice/CLINK-17593/DateOfDistribution'&#xD;
&#xD;
2019-09-20 10:12:56 - [TEST_STEP][PASSED] - delay(2): Delayed 2 second(s)&#xD;
&#xD;
2019-09-20 10:12:58 - [MESSAGE][PASSED] - Delayed 2 second(s)&#xD;
&#xD;
2019-09-20 10:12:58 - [TEST_STEP][PASSED] - waitForElementPresent(findTestObject("Regression BackOffice/CLINK-17593/isVerified"), 100): Object 'Object Repository/Regression BackOffice/CLINK-17593/isVerified' is present&#xD;
&#xD;
2019-09-20 10:12:58 - [MESSAGE][PASSED] - Object 'Object Repository/Regression BackOffice/CLINK-17593/isVerified' is present&#xD;
&#xD;
2019-09-20 10:12:58 - [TEST_STEP][PASSED] - click(findTestObject("Regression BackOffice/CLINK-17593/isVerified"), CONTINUE_ON_FAILURE): Object: 'Object Repository/Regression BackOffice/CLINK-17593/isVerified' is clicked on&#xD;
&#xD;
2019-09-20 10:12:59 - [MESSAGE][PASSED] - Object: 'Object Repository/Regression BackOffice/CLINK-17593/isVerified' is clicked on&#xD;
&#xD;
2019-09-20 10:12:59 - [TEST_STEP][PASSED] - delay(2): Delayed 2 second(s)&#xD;
&#xD;
2019-09-20 10:13:01 - [MESSAGE][PASSED] - Delayed 2 second(s)&#xD;
&#xD;
2019-09-20 10:13:01 - [TEST_STEP][PASSED] - waitForElementPresent(findTestObject("Regression BackOffice/CLINK-17593/SaveDistribution"), 100): Object 'Object Repository/Regression BackOffice/CLINK-17593/SaveDistribution' is present&#xD;
&#xD;
2019-09-20 10:13:01 - [MESSAGE][PASSED] - Object 'Object Repository/Regression BackOffice/CLINK-17593/SaveDistribution' is present&#xD;
&#xD;
2019-09-20 10:13:01 - [TEST_STEP][PASSED] - click(findTestObject("Regression BackOffice/CLINK-17593/SaveDistribution"), CONTINUE_ON_FAILURE): Object: 'Object Repository/Regression BackOffice/CLINK-17593/SaveDistribution' is clicked on&#xD;
&#xD;
2019-09-20 10:13:01 - [MESSAGE][PASSED] - Object: 'Object Repository/Regression BackOffice/CLINK-17593/SaveDistribution' is clicked on&#xD;
&#xD;
2019-09-20 10:13:01 - [TEST_STEP][PASSED] - delay(2): Delayed 2 second(s)&#xD;
&#xD;
2019-09-20 10:13:03 - [MESSAGE][PASSED] - Delayed 2 second(s)&#xD;
&#xD;
2019-09-20 10:13:03 - [TEST_STEP][PASSED] - waitForElementPresent(findTestObject("Regression BackOffice/CLINK-17593/span_Close"), 100): Object 'Object Repository/Regression BackOffice/CLINK-17593/span_Close' is present&#xD;
&#xD;
2019-09-20 10:13:03 - [MESSAGE][PASSED] - Object 'Object Repository/Regression BackOffice/CLINK-17593/span_Close' is present&#xD;
&#xD;
2019-09-20 10:13:03 - [TEST_STEP][PASSED] - click(findTestObject("Regression BackOffice/CLINK-17593/span_Close"), CONTINUE_ON_FAILURE): Object: 'Object Repository/Regression BackOffice/CLINK-17593/span_Close' is clicked on&#xD;
&#xD;
2019-09-20 10:13:03 - [MESSAGE][PASSED] - Object: 'Object Repository/Regression BackOffice/CLINK-17593/span_Close' is clicked on&#xD;
&#xD;
2019-09-20 10:13:03 - [TEST_STEP][PASSED] - delay(2): Delayed 2 second(s)&#xD;
&#xD;
2019-09-20 10:13:05 - [MESSAGE][PASSED] - Delayed 2 second(s)&#xD;
&#xD;
2019-09-20 10:13:05 - [TEST_STEP][PASSED] - closeBrowser(): Browser is closed&#xD;
&#xD;
2019-09-20 10:13:06 - [MESSAGE][PASSED] - Browser is closed</system-out>
            <system-err></system-err>
        </testcase>
        <system-out>2019-09-20 10:04:02 - [TEST_SUITE][INCOMPLETE] - POC: null</system-out>
        <system-err>2019-09-20 10:04:02 - [TEST_SUITE][INCOMPLETE] - POC: null</system-err>
    </testsuite>
</testsuites>
