<?xml version="1.0" encoding="UTF-8"?>
<testsuites name="Regression BackOffice" time="42" tests="1" failures="0" errors="0">
   <testsuite name="Regression BackOffice" tests="1" failures="0" errors="0" time="42" timestamp="2019-08-03 17:19:10" hostname="isaac - DESKTOP-BPONDF2" id="Test Suites/Regression BackOffice/Regression BackOffice">
      <properties>
         <property name="deviceName" value=""/>
         <property name="devicePlatform" value=""/>
         <property name="logFolder" value="C:\\Users\\isaac\\Desktop\\Clientes\\ProcuraCanada\\Katalon Studio\\Continulink\\Reports\\Regression BackOffice\\Regression BackOffice\\20190803_171907"/>
         <property name="logFiles" value="C:\\Users\\isaac\\Desktop\\Clientes\\ProcuraCanada\\Katalon Studio\\Continulink\\Reports\\Regression BackOffice\\Regression BackOffice\\20190803_171907\\execution0.log"/>
         <property name="attachments" value=""/>
         <property name="hostName" value="isaac - DESKTOP-BPONDF2"/>
         <property name="os" value="Windows 10 64bit"/>
         <property name="katalonVersion" value="6.0.5.4"/>
         <property name="browser" value="Chrome 75.0.3770.142"/>
         <property name="hostAddress" value="192.168.0.115"/>
         <property name="sessionId" value="1f8b697c4a316c21c62bddfb737d2ce7"/>
         <property name="seleniumVersion" value="3.7.1"/>
         <property name="proxyInformation" value="ProxyInformation{proxyOption=NO_PROXY, proxyServerType=HTTP, password=, proxyServerAddress=, proxyServerPort=0}"/>
         <property name="platform" value="Windows 10"/>
      </properties>
      <testcase name="Test Cases/Regression BackOffice (All Browsers)/CLNK-23439 - Clink - Back office Client" classname="Test Cases/Regression BackOffice (All Browsers)/CLNK-23439 - Clink - Back office Client" status="PASSED">
         <system-out><![CDATA[2019-08-03 17:19:10 - [TEST_CASE][PASSED] - Test Cases/Regression BackOffice (All Browsers)/CLNK-23439 - Clink - Back office Client: Test Cases/Regression BackOffice (All Browsers)/CLNK-23439 - Clink - Back office Client

2019-08-03 17:19:11 - [TEST_STEP][PASSED] - openBrowser(G_SiteBackOffice): Browser is opened with url: 'http://qanewpoc.continulink.com:81/backoffice/Login.aspx'

2019-08-03 17:19:12 - [MESSAGE][INFO] - Starting 'Chrome' driver

2019-08-03 17:19:12 - [MESSAGE][INFO] - Action delay is set to 0 seconds

2019-08-03 17:19:23 - [MESSAGE][PASSED] - Browser is opened with url: 'http://qanewpoc.continulink.com:81/backoffice/Login.aspx'

2019-08-03 17:19:23 - [TEST_STEP][PASSED] - waitForPageLoad(60): Wait for page load successfully

2019-08-03 17:19:23 - [MESSAGE][PASSED] - Wait for page load successfully

2019-08-03 17:19:23 - [TEST_STEP][PASSED] - maximizeWindow(): Current window maximized

2019-08-03 17:19:27 - [MESSAGE][PASSED] - Current window maximized

2019-08-03 17:19:27 - [TEST_STEP][PASSED] - setText(findTestObject("Regression BackOffice/Login/UserBackOffice"), G_UserBackOffice): Text 'automation_admin' is set on object 'Object Repository/Regression BackOffice/Login/UserBackOffice'

2019-08-03 17:19:27 - [MESSAGE][PASSED] - Text 'automation_admin' is set on object 'Object Repository/Regression BackOffice/Login/UserBackOffice'

2019-08-03 17:19:27 - [TEST_STEP][PASSED] - setText(findTestObject("Regression BackOffice/Login/PasswordBackOffice"), G_PasswordBackOffice): Text 'qwerty' is set on object 'Object Repository/Regression BackOffice/Login/PasswordBackOffice'

2019-08-03 17:19:27 - [MESSAGE][PASSED] - Text 'qwerty' is set on object 'Object Repository/Regression BackOffice/Login/PasswordBackOffice'

2019-08-03 17:19:27 - [TEST_STEP][PASSED] - click(findTestObject("Regression BackOffice/Login/LoginBackOffice")): Object: 'Object Repository/Regression BackOffice/Login/LoginBackOffice' is clicked on

2019-08-03 17:19:46 - [MESSAGE][PASSED] - Object: 'Object Repository/Regression BackOffice/Login/LoginBackOffice' is clicked on

2019-08-03 17:19:46 - [TEST_STEP][PASSED] - waitForPageLoad(60): Wait for page load successfully

2019-08-03 17:19:46 - [MESSAGE][PASSED] - Wait for page load successfully

2019-08-03 17:19:46 - [TEST_STEP][PASSED] - delay(3): Delayed 3 second(s)

2019-08-03 17:19:49 - [MESSAGE][PASSED] - Delayed 3 second(s)

2019-08-03 17:19:49 - [TEST_STEP][PASSED] - switchToFrame(findTestObject("Regression BackOffice/CLNK-23449/FrameLeft"), 5): null

2019-08-03 17:19:49 - [TEST_STEP][PASSED] - waitForElementPresent(findTestObject("Regression BackOffice/CLNK-23449/ClienIntakeICon"), 60): Object 'Object Repository/Regression BackOffice/CLNK-23449/ClienIntakeICon' is present

2019-08-03 17:19:49 - [MESSAGE][PASSED] - Object 'Object Repository/Regression BackOffice/CLNK-23449/ClienIntakeICon' is present

2019-08-03 17:19:49 - [TEST_STEP][PASSED] - verifyElementPresent(findTestObject("Regression BackOffice/CLNK-23449/ClienIntakeICon"), 100): Object 'Object Repository/Regression BackOffice/CLNK-23449/ClienIntakeICon' is present

2019-08-03 17:19:49 - [MESSAGE][PASSED] - Object 'Object Repository/Regression BackOffice/CLNK-23449/ClienIntakeICon' is present

2019-08-03 17:19:49 - [TEST_STEP][PASSED] - switchToDefaultContent(): null]]></system-out>
         <system-err><![CDATA[]]></system-err>
      </testcase>
      <system-out><![CDATA[2019-08-03 17:19:10 - [TEST_SUITE][PASSED] - Regression BackOffice: Test Cases/Regression BackOffice (All Browsers)/CLNK-23439 - Clink - Back office Client]]></system-out>
      <system-err><![CDATA[]]></system-err>
   </testsuite>
</testsuites>
