<?xml version="1.0" encoding="UTF-8"?>
<testsuites name="Regression BackOffice" time="1243" tests="17" failures="0" errors="0">
   <testsuite name="Regression BackOffice" tests="17" failures="0" errors="0" time="1243" timestamp="2019-03-22 10:58:55" hostname="isaac - DESKTOP-RO0FF5F" id="Test Suites/Regression BackOffice/Regression BackOffice">
      <properties>
         <property name="deviceName" value=""/>
         <property name="devicePlatform" value=""/>
         <property name="logFolder" value="C:\\Users\\isaac\\Katalon Studio\\Continulink\\Reports\\Regression BackOffice\\Regression BackOffice\\20190322_105844"/>
         <property name="logFiles" value="C:\\Users\\isaac\\Katalon Studio\\Continulink\\Reports\\Regression BackOffice\\Regression BackOffice\\20190322_105844\\execution0.log"/>
         <property name="attachments" value=""/>
         <property name="hostName" value="isaac - DESKTOP-RO0FF5F"/>
         <property name="os" value="Windows 10 64bit"/>
         <property name="katalonVersion" value="6.0.5.4"/>
         <property name="browser" value="Chrome 72.0.3626.121"/>
         <property name="hostAddress" value="192.168.0.108"/>
         <property name="sessionId" value="d829d0a5c9f0029cab5c3ec7dffcbc6d"/>
         <property name="seleniumVersion" value="3.7.1"/>
         <property name="proxyInformation" value="ProxyInformation{proxyOption=NO_PROXY, proxyServerType=HTTP, password=, proxyServerAddress=, proxyServerPort=0}"/>
         <property name="platform" value="Windows 10"/>
      </properties>
      <testcase name="Test Cases/Regression BackOffice (All Browsers)/CLNK-17788 - (Task A) New Clinical Manager Caregiver Property" classname="Test Cases/Regression BackOffice (All Browsers)/CLNK-17788 - (Task A) New Clinical Manager Caregiver Property" status="PASSED">
         <system-out><![CDATA[2019-03-22 10:58:56 - [TEST_CASE][PASSED] - Test Cases/Regression BackOffice (All Browsers)/CLNK-17788 - (Task A) New Clinical Manager Caregiver Property: Test Cases/Regression BackOffice (All Browsers)/CLNK-17788 - (Task A) New Clinical Manager Caregiver Property

2019-03-22 10:58:59 - [TEST_STEP][PASSED] - callTestCase(findTestCase("Regression BackOffice (All Browsers)/CLNK-23439 - Clink - Back office Client"), [:], STOP_ON_FAILURE): Call Test Case 'Test Cases/Regression BackOffice (All Browsers)/CLNK-23439 - Clink - Back office Client' successfully

2019-03-22 10:59:00 - [TEST_CASE][PASSED] - Test Cases/Regression BackOffice (All Browsers)/CLNK-23439 - Clink - Back office Client: Test Cases/Regression BackOffice (All Browsers)/CLNK-23439 - Clink - Back office Client

2019-03-22 10:59:01 - [TEST_STEP][PASSED] - openBrowser(G_SiteBackOffice): Browser is opened with url: 'http://qanewpoc.continulink.com:81/backoffice/Login.aspx'

2019-03-22 10:59:03 - [MESSAGE][INFO] - Starting 'Chrome' driver

2019-03-22 10:59:03 - [MESSAGE][INFO] - Action delay is set to 0 seconds

2019-03-22 10:59:30 - [MESSAGE][PASSED] - Browser is opened with url: 'http://qanewpoc.continulink.com:81/backoffice/Login.aspx'

2019-03-22 10:59:30 - [TEST_STEP][PASSED] - waitForPageLoad(60): Wait for page load successfully

2019-03-22 10:59:30 - [MESSAGE][PASSED] - Wait for page load successfully

2019-03-22 10:59:30 - [TEST_STEP][PASSED] - maximizeWindow(): Current window maximized

2019-03-22 10:59:32 - [MESSAGE][PASSED] - Current window maximized

2019-03-22 10:59:32 - [TEST_STEP][PASSED] - setText(findTestObject("Regression BackOffice/Login/UserBackOffice"), G_UserBackOffice): Text 'demo' is set on object 'Object Repository/Regression BackOffice/Login/UserBackOffice'

2019-03-22 10:59:33 - [MESSAGE][PASSED] - Text 'demo' is set on object 'Object Repository/Regression BackOffice/Login/UserBackOffice'

2019-03-22 10:59:33 - [TEST_STEP][PASSED] - setText(findTestObject("Regression BackOffice/Login/PasswordBackOffice"), G_PasswordBackOffice): Text 'qwerty' is set on object 'Object Repository/Regression BackOffice/Login/PasswordBackOffice'

2019-03-22 10:59:33 - [MESSAGE][PASSED] - Text 'qwerty' is set on object 'Object Repository/Regression BackOffice/Login/PasswordBackOffice'

2019-03-22 10:59:33 - [TEST_STEP][PASSED] - click(findTestObject("Regression BackOffice/Login/LoginBackOffice")): Object: 'Object Repository/Regression BackOffice/Login/LoginBackOffice' is clicked on

2019-03-22 10:59:52 - [MESSAGE][PASSED] - Object: 'Object Repository/Regression BackOffice/Login/LoginBackOffice' is clicked on

2019-03-22 10:59:52 - [TEST_STEP][PASSED] - waitForPageLoad(60): Wait for page load successfully

2019-03-22 10:59:52 - [MESSAGE][PASSED] - Wait for page load successfully

2019-03-22 10:59:52 - [TEST_STEP][PASSED] - delay(3): Delayed 3 second(s)

2019-03-22 10:59:55 - [MESSAGE][PASSED] - Delayed 3 second(s)

2019-03-22 10:59:55 - [TEST_STEP][PASSED] - switchToFrame(findTestObject("Regression BackOffice/CLNK-23449/FrameLeft"), 5): null

2019-03-22 10:59:55 - [TEST_STEP][PASSED] - waitForElementPresent(findTestObject("Regression BackOffice/CLNK-23449/ClienIntakeICon"), 60): Object 'Object Repository/Regression BackOffice/CLNK-23449/ClienIntakeICon' is present

2019-03-22 10:59:55 - [MESSAGE][PASSED] - Object 'Object Repository/Regression BackOffice/CLNK-23449/ClienIntakeICon' is present

2019-03-22 10:59:55 - [TEST_STEP][PASSED] - verifyElementPresent(findTestObject("Regression BackOffice/CLNK-23449/ClienIntakeICon"), 100): Object 'Object Repository/Regression BackOffice/CLNK-23449/ClienIntakeICon' is present

2019-03-22 10:59:55 - [MESSAGE][PASSED] - Object 'Object Repository/Regression BackOffice/CLNK-23449/ClienIntakeICon' is present

2019-03-22 10:59:55 - [TEST_STEP][PASSED] - switchToDefaultContent(): null

2019-03-22 10:59:55 - [MESSAGE][PASSED] - Call Test Case 'Test Cases/Regression BackOffice (All Browsers)/CLNK-23439 - Clink - Back office Client' successfully

2019-03-22 10:59:55 - [TEST_STEP][PASSED] - waitForPageLoad(60): Wait for page load successfully

2019-03-22 10:59:55 - [MESSAGE][PASSED] - Wait for page load successfully

2019-03-22 10:59:55 - [TEST_STEP][PASSED] - delay(3): Delayed 3 second(s)

2019-03-22 10:59:58 - [MESSAGE][PASSED] - Delayed 3 second(s)

2019-03-22 10:59:58 - [TEST_STEP][PASSED] - switchToFrame(findTestObject("Regression BackOffice/CLNK-23449/FrameLeft"), 30): null

2019-03-22 10:59:59 - [TEST_STEP][PASSED] - waitForElementPresent(findTestObject("Regression BackOffice/CLINK-17788/CaregiverHRLink"), 100): Object 'Object Repository/Regression BackOffice/CLINK-17788/CaregiverHRLink' is present

2019-03-22 10:59:59 - [MESSAGE][PASSED] - Object 'Object Repository/Regression BackOffice/CLINK-17788/CaregiverHRLink' is present

2019-03-22 10:59:59 - [TEST_STEP][PASSED] - click(findTestObject("Regression BackOffice/CLINK-17788/CaregiverHRLink")): Object: 'Object Repository/Regression BackOffice/CLINK-17788/CaregiverHRLink' is clicked on

2019-03-22 10:59:59 - [MESSAGE][PASSED] - Object: 'Object Repository/Regression BackOffice/CLINK-17788/CaregiverHRLink' is clicked on

2019-03-22 10:59:59 - [TEST_STEP][PASSED] - delay(2): Delayed 2 second(s)

2019-03-22 11:00:01 - [MESSAGE][PASSED] - Delayed 2 second(s)

2019-03-22 11:00:01 - [TEST_STEP][PASSED] - waitForPageLoad(50): Wait for page load successfully

2019-03-22 11:00:01 - [MESSAGE][PASSED] - Wait for page load successfully

2019-03-22 11:00:01 - [TEST_STEP][PASSED] - waitForElementPresent(findTestObject("Regression BackOffice/CLINK-17788/CaregiverDemographics"), 50): Object 'Object Repository/Regression BackOffice/CLINK-17788/CaregiverDemographics' is present

2019-03-22 11:00:01 - [MESSAGE][PASSED] - Object 'Object Repository/Regression BackOffice/CLINK-17788/CaregiverDemographics' is present

2019-03-22 11:00:01 - [TEST_STEP][PASSED] - click(findTestObject("Regression BackOffice/CLINK-17788/CaregiverDemographics")): Object: 'Object Repository/Regression BackOffice/CLINK-17788/CaregiverDemographics' is clicked on

2019-03-22 11:00:03 - [MESSAGE][PASSED] - Object: 'Object Repository/Regression BackOffice/CLINK-17788/CaregiverDemographics' is clicked on

2019-03-22 11:00:03 - [TEST_STEP][PASSED] - delay(2): Delayed 2 second(s)

2019-03-22 11:00:05 - [MESSAGE][PASSED] - Delayed 2 second(s)

2019-03-22 11:00:05 - [TEST_STEP][PASSED] - switchToDefaultContent(): null

2019-03-22 11:00:05 - [TEST_STEP][PASSED] - switchToFrame(findTestObject("Regression BackOffice/CLNK-23449/FrameMain"), 30): null

2019-03-22 11:00:05 - [TEST_STEP][PASSED] - waitForElementPresent(findTestObject("Regression BackOffice/CLINK-17788/LastNameSearch"), 50): Object 'Object Repository/Regression BackOffice/CLINK-17788/LastNameSearch' is present

2019-03-22 11:00:05 - [MESSAGE][PASSED] - Object 'Object Repository/Regression BackOffice/CLINK-17788/LastNameSearch' is present

2019-03-22 11:00:05 - [TEST_STEP][PASSED] - setText(findTestObject("Regression BackOffice/CLINK-17788/LastNameSearch"), G_LastNameSearch): Text 'Abbott' is set on object 'Object Repository/Regression BackOffice/CLINK-17788/LastNameSearch'

2019-03-22 11:00:06 - [MESSAGE][PASSED] - Text 'Abbott' is set on object 'Object Repository/Regression BackOffice/CLINK-17788/LastNameSearch'

2019-03-22 11:00:06 - [TEST_STEP][PASSED] - delay(2): Delayed 2 second(s)

2019-03-22 11:00:08 - [MESSAGE][PASSED] - Delayed 2 second(s)

2019-03-22 11:00:08 - [TEST_STEP][PASSED] - waitForElementPresent(findTestObject("Regression BackOffice/CLINK-17788/SearchButton"), 50): Object 'Object Repository/Regression BackOffice/CLINK-17788/SearchButton' is present

2019-03-22 11:00:08 - [MESSAGE][PASSED] - Object 'Object Repository/Regression BackOffice/CLINK-17788/SearchButton' is present

2019-03-22 11:00:08 - [TEST_STEP][PASSED] - click(findTestObject("Regression BackOffice/CLINK-17788/SearchButton"), STOP_ON_FAILURE): Object: 'Object Repository/Regression BackOffice/CLINK-17788/SearchButton' is clicked on

2019-03-22 11:00:09 - [MESSAGE][PASSED] - Object: 'Object Repository/Regression BackOffice/CLINK-17788/SearchButton' is clicked on

2019-03-22 11:00:09 - [TEST_STEP][PASSED] - delay(2): Delayed 2 second(s)

2019-03-22 11:00:11 - [MESSAGE][PASSED] - Delayed 2 second(s)

2019-03-22 11:00:11 - [TEST_STEP][PASSED] - waitForElementPresent(findTestObject("Regression BackOffice/CLINK-17788/UserLink"), 50): Object 'Object Repository/Regression BackOffice/CLINK-17788/UserLink' is present

2019-03-22 11:00:11 - [MESSAGE][PASSED] - Object 'Object Repository/Regression BackOffice/CLINK-17788/UserLink' is present

2019-03-22 11:00:11 - [TEST_STEP][PASSED] - click(findTestObject("Regression BackOffice/CLINK-17788/UserLink"), STOP_ON_FAILURE): Object: 'Object Repository/Regression BackOffice/CLINK-17788/UserLink' is clicked on

2019-03-22 11:00:15 - [MESSAGE][PASSED] - Object: 'Object Repository/Regression BackOffice/CLINK-17788/UserLink' is clicked on

2019-03-22 11:00:15 - [TEST_STEP][PASSED] - delay(2): Delayed 2 second(s)

2019-03-22 11:00:17 - [MESSAGE][PASSED] - Delayed 2 second(s)

2019-03-22 11:00:17 - [TEST_STEP][PASSED] - scrollToElement(findTestObject("Regression BackOffice/CLINK-17788/OtherInformationSection"), 20): Scroll to object 'Object Repository/Regression BackOffice/CLINK-17788/OtherInformationSection' successfully

2019-03-22 11:00:17 - [MESSAGE][PASSED] - Scroll to object 'Object Repository/Regression BackOffice/CLINK-17788/OtherInformationSection' successfully

2019-03-22 11:00:17 - [TEST_STEP][PASSED] - waitForElementPresent(findTestObject("Regression BackOffice/CLINK-17788/YesCareManager"), 50): Object 'Object Repository/Regression BackOffice/CLINK-17788/YesCareManager' is present

2019-03-22 11:00:17 - [MESSAGE][PASSED] - Object 'Object Repository/Regression BackOffice/CLINK-17788/YesCareManager' is present

2019-03-22 11:00:17 - [TEST_STEP][PASSED] - click(findTestObject("Regression BackOffice/CLINK-17788/YesCareManager"), STOP_ON_FAILURE): Object: 'Object Repository/Regression BackOffice/CLINK-17788/YesCareManager' is clicked on

2019-03-22 11:00:18 - [MESSAGE][PASSED] - Object: 'Object Repository/Regression BackOffice/CLINK-17788/YesCareManager' is clicked on

2019-03-22 11:00:18 - [TEST_STEP][PASSED] - delay(2): Delayed 2 second(s)

2019-03-22 11:00:20 - [MESSAGE][PASSED] - Delayed 2 second(s)

2019-03-22 11:00:20 - [TEST_STEP][PASSED] - waitForElementPresent(findTestObject("Regression BackOffice/CLINK-17788/NoClinicalManager"), 50): Object 'Object Repository/Regression BackOffice/CLINK-17788/NoClinicalManager' is present

2019-03-22 11:00:20 - [MESSAGE][PASSED] - Object 'Object Repository/Regression BackOffice/CLINK-17788/NoClinicalManager' is present

2019-03-22 11:00:20 - [TEST_STEP][PASSED] - click(findTestObject("Regression BackOffice/CLINK-17788/NoClinicalManager"), STOP_ON_FAILURE): Object: 'Object Repository/Regression BackOffice/CLINK-17788/NoClinicalManager' is clicked on

2019-03-22 11:00:21 - [MESSAGE][PASSED] - Object: 'Object Repository/Regression BackOffice/CLINK-17788/NoClinicalManager' is clicked on

2019-03-22 11:00:21 - [TEST_STEP][PASSED] - switchToDefaultContent(): null

2019-03-22 11:00:21 - [TEST_STEP][PASSED] - delay(2): Delayed 2 second(s)

2019-03-22 11:00:23 - [MESSAGE][PASSED] - Delayed 2 second(s)

2019-03-22 11:00:23 - [TEST_STEP][PASSED] - switchToFrame(findTestObject("Regression BackOffice/CLINK-17788/BannerFrame"), 30): null

2019-03-22 11:00:23 - [TEST_STEP][PASSED] - waitForElementPresent(findTestObject("Regression BackOffice/CLINK-17788/SaveButton"), 50): Object 'Object Repository/Regression BackOffice/CLINK-17788/SaveButton' is present

2019-03-22 11:00:23 - [MESSAGE][WARNING] - Test object with id 'Object Repository/CLINK-17788/Page_InterLink/frame_Capture object_BannerFra' does not exist

2019-03-22 11:00:23 - [MESSAGE][PASSED] - Object 'Object Repository/Regression BackOffice/CLINK-17788/SaveButton' is present

2019-03-22 11:00:23 - [TEST_STEP][PASSED] - click(findTestObject("Regression BackOffice/CLINK-17788/SaveButton"), STOP_ON_FAILURE): Object: 'Object Repository/Regression BackOffice/CLINK-17788/SaveButton' is clicked on

2019-03-22 11:00:23 - [MESSAGE][WARNING] - Test object with id 'Object Repository/CLINK-17788/Page_InterLink/frame_Capture object_BannerFra' does not exist

2019-03-22 11:00:30 - [MESSAGE][PASSED] - Object: 'Object Repository/Regression BackOffice/CLINK-17788/SaveButton' is clicked on

2019-03-22 11:00:30 - [TEST_STEP][PASSED] - delay(2): Delayed 2 second(s)

2019-03-22 11:00:32 - [MESSAGE][PASSED] - Delayed 2 second(s)]]></system-out>
         <system-err><![CDATA[]]></system-err>
      </testcase>
      <testcase name="Test Cases/Regression BackOffice (All Browsers)/CLNK-27906 - (Task B) Update Care Manager Control in Admission Details" classname="Test Cases/Regression BackOffice (All Browsers)/CLNK-27906 - (Task B) Update Care Manager Control in Admission Details" status="PASSED">
         <system-out><![CDATA[2019-03-22 11:00:34 - [TEST_CASE][PASSED] - Test Cases/Regression BackOffice (All Browsers)/CLNK-27906 - (Task B) Update Care Manager Control in Admission Details: Test Cases/Regression BackOffice (All Browsers)/CLNK-27906 - (Task B) Update Care Manager Control in Admission Details

2019-03-22 11:00:35 - [TEST_STEP][PASSED] - callTestCase(findTestCase("Regression BackOffice (All Browsers)/CLNK-23439 - Clink - Back office Client"), [:], STOP_ON_FAILURE): Call Test Case 'Test Cases/Regression BackOffice (All Browsers)/CLNK-23439 - Clink - Back office Client' successfully

2019-03-22 11:00:35 - [TEST_CASE][PASSED] - Test Cases/Regression BackOffice (All Browsers)/CLNK-23439 - Clink - Back office Client: Test Cases/Regression BackOffice (All Browsers)/CLNK-23439 - Clink - Back office Client

2019-03-22 11:00:35 - [TEST_STEP][PASSED] - openBrowser(G_SiteBackOffice): Browser is opened with url: 'http://qanewpoc.continulink.com:81/backoffice/Login.aspx'

2019-03-22 11:00:35 - [MESSAGE][WARNING] - A browser is already opened. Closing browser and opening a new one

2019-03-22 11:00:36 - [MESSAGE][INFO] - Starting 'Chrome' driver

2019-03-22 11:00:43 - [MESSAGE][PASSED] - Browser is opened with url: 'http://qanewpoc.continulink.com:81/backoffice/Login.aspx'

2019-03-22 11:00:43 - [TEST_STEP][PASSED] - waitForPageLoad(60): Wait for page load successfully

2019-03-22 11:00:43 - [MESSAGE][PASSED] - Wait for page load successfully

2019-03-22 11:00:43 - [TEST_STEP][PASSED] - maximizeWindow(): Current window maximized

2019-03-22 11:00:44 - [MESSAGE][PASSED] - Current window maximized

2019-03-22 11:00:44 - [TEST_STEP][PASSED] - setText(findTestObject("Regression BackOffice/Login/UserBackOffice"), G_UserBackOffice): Text 'demo' is set on object 'Object Repository/Regression BackOffice/Login/UserBackOffice'

2019-03-22 11:00:45 - [MESSAGE][PASSED] - Text 'demo' is set on object 'Object Repository/Regression BackOffice/Login/UserBackOffice'

2019-03-22 11:00:45 - [TEST_STEP][PASSED] - setText(findTestObject("Regression BackOffice/Login/PasswordBackOffice"), G_PasswordBackOffice): Text 'qwerty' is set on object 'Object Repository/Regression BackOffice/Login/PasswordBackOffice'

2019-03-22 11:00:46 - [MESSAGE][PASSED] - Text 'qwerty' is set on object 'Object Repository/Regression BackOffice/Login/PasswordBackOffice'

2019-03-22 11:00:46 - [TEST_STEP][PASSED] - click(findTestObject("Regression BackOffice/Login/LoginBackOffice")): Object: 'Object Repository/Regression BackOffice/Login/LoginBackOffice' is clicked on

2019-03-22 11:00:53 - [MESSAGE][PASSED] - Object: 'Object Repository/Regression BackOffice/Login/LoginBackOffice' is clicked on

2019-03-22 11:00:53 - [TEST_STEP][PASSED] - waitForPageLoad(60): Wait for page load successfully

2019-03-22 11:00:53 - [MESSAGE][PASSED] - Wait for page load successfully

2019-03-22 11:00:53 - [TEST_STEP][PASSED] - delay(3): Delayed 3 second(s)

2019-03-22 11:00:56 - [MESSAGE][PASSED] - Delayed 3 second(s)

2019-03-22 11:00:56 - [TEST_STEP][PASSED] - switchToFrame(findTestObject("Regression BackOffice/CLNK-23449/FrameLeft"), 5): null

2019-03-22 11:00:56 - [TEST_STEP][PASSED] - waitForElementPresent(findTestObject("Regression BackOffice/CLNK-23449/ClienIntakeICon"), 60): Object 'Object Repository/Regression BackOffice/CLNK-23449/ClienIntakeICon' is present

2019-03-22 11:00:56 - [MESSAGE][PASSED] - Object 'Object Repository/Regression BackOffice/CLNK-23449/ClienIntakeICon' is present

2019-03-22 11:00:56 - [TEST_STEP][PASSED] - verifyElementPresent(findTestObject("Regression BackOffice/CLNK-23449/ClienIntakeICon"), 100): Object 'Object Repository/Regression BackOffice/CLNK-23449/ClienIntakeICon' is present

2019-03-22 11:00:56 - [MESSAGE][PASSED] - Object 'Object Repository/Regression BackOffice/CLNK-23449/ClienIntakeICon' is present

2019-03-22 11:00:56 - [TEST_STEP][PASSED] - switchToDefaultContent(): null

2019-03-22 11:00:57 - [MESSAGE][PASSED] - Call Test Case 'Test Cases/Regression BackOffice (All Browsers)/CLNK-23439 - Clink - Back office Client' successfully

2019-03-22 11:00:57 - [TEST_STEP][PASSED] - waitForPageLoad(60): Wait for page load successfully

2019-03-22 11:00:57 - [MESSAGE][PASSED] - Wait for page load successfully

2019-03-22 11:00:57 - [TEST_STEP][PASSED] - delay(3): Delayed 3 second(s)

2019-03-22 11:01:00 - [MESSAGE][PASSED] - Delayed 3 second(s)

2019-03-22 11:01:00 - [TEST_STEP][PASSED] - switchToFrame(findTestObject("Regression BackOffice/CLNK-23449/FrameLeft"), 30): null

2019-03-22 11:01:00 - [TEST_STEP][PASSED] - waitForElementPresent(findTestObject("Regression BackOffice/CLNK-23449/ClienIntakeICon"), 100): Object 'Object Repository/Regression BackOffice/CLNK-23449/ClienIntakeICon' is present

2019-03-22 11:01:00 - [MESSAGE][PASSED] - Object 'Object Repository/Regression BackOffice/CLNK-23449/ClienIntakeICon' is present

2019-03-22 11:01:00 - [TEST_STEP][PASSED] - click(findTestObject("Regression BackOffice/CLNK-23449/ClienIntakeICon")): Object: 'Object Repository/Regression BackOffice/CLNK-23449/ClienIntakeICon' is clicked on

2019-03-22 11:01:00 - [MESSAGE][PASSED] - Object: 'Object Repository/Regression BackOffice/CLNK-23449/ClienIntakeICon' is clicked on

2019-03-22 11:01:00 - [TEST_STEP][PASSED] - delay(2): Delayed 2 second(s)

2019-03-22 11:01:02 - [MESSAGE][PASSED] - Delayed 2 second(s)

2019-03-22 11:01:02 - [TEST_STEP][PASSED] - waitForPageLoad(50): Wait for page load successfully

2019-03-22 11:01:02 - [MESSAGE][PASSED] - Wait for page load successfully

2019-03-22 11:01:02 - [TEST_STEP][PASSED] - waitForElementPresent(findTestObject("Regression BackOffice/CLINK - 27906/AdmissionDetails"), 50): Object 'Object Repository/Regression BackOffice/CLINK - 27906/AdmissionDetails' is present

2019-03-22 11:01:02 - [MESSAGE][PASSED] - Object 'Object Repository/Regression BackOffice/CLINK - 27906/AdmissionDetails' is present

2019-03-22 11:01:02 - [TEST_STEP][PASSED] - click(findTestObject("Regression BackOffice/CLINK - 27906/AdmissionDetails")): Object: 'Object Repository/Regression BackOffice/CLINK - 27906/AdmissionDetails' is clicked on

2019-03-22 11:01:04 - [MESSAGE][PASSED] - Object: 'Object Repository/Regression BackOffice/CLINK - 27906/AdmissionDetails' is clicked on

2019-03-22 11:01:05 - [TEST_STEP][PASSED] - delay(2): Delayed 2 second(s)

2019-03-22 11:01:07 - [MESSAGE][PASSED] - Delayed 2 second(s)

2019-03-22 11:01:07 - [TEST_STEP][PASSED] - switchToDefaultContent(): null

2019-03-22 11:01:07 - [TEST_STEP][PASSED] - switchToFrame(findTestObject("Regression BackOffice/CLNK-23449/FrameMain"), 30): null

2019-03-22 11:01:07 - [TEST_STEP][PASSED] - waitForElementPresent(findTestObject("Regression BackOffice/CLINK - 27906/Last NameAdmission"), 50): Object 'Object Repository/Regression BackOffice/CLINK - 27906/Last NameAdmission' is present

2019-03-22 11:01:07 - [MESSAGE][PASSED] - Object 'Object Repository/Regression BackOffice/CLINK - 27906/Last NameAdmission' is present

2019-03-22 11:01:07 - [TEST_STEP][PASSED] - setText(findTestObject("Regression BackOffice/CLINK - 27906/Last NameAdmission"), G_LastNameAdd): Text 'Rollback' is set on object 'Object Repository/Regression BackOffice/CLINK - 27906/Last NameAdmission'

2019-03-22 11:01:07 - [MESSAGE][PASSED] - Text 'Rollback' is set on object 'Object Repository/Regression BackOffice/CLINK - 27906/Last NameAdmission'

2019-03-22 11:01:07 - [TEST_STEP][PASSED] - delay(2): Delayed 2 second(s)

2019-03-22 11:01:09 - [MESSAGE][PASSED] - Delayed 2 second(s)

2019-03-22 11:01:09 - [TEST_STEP][PASSED] - waitForElementPresent(findTestObject("Regression BackOffice/CLINK - 27906/SearchButton"), 50): Object 'Object Repository/Regression BackOffice/CLINK - 27906/SearchButton' is present

2019-03-22 11:01:09 - [MESSAGE][PASSED] - Object 'Object Repository/Regression BackOffice/CLINK - 27906/SearchButton' is present

2019-03-22 11:01:09 - [TEST_STEP][PASSED] - click(findTestObject("Regression BackOffice/CLINK - 27906/SearchButton"), STOP_ON_FAILURE): Object: 'Object Repository/Regression BackOffice/CLINK - 27906/SearchButton' is clicked on

2019-03-22 11:01:10 - [MESSAGE][PASSED] - Object: 'Object Repository/Regression BackOffice/CLINK - 27906/SearchButton' is clicked on

2019-03-22 11:01:10 - [TEST_STEP][PASSED] - delay(2): Delayed 2 second(s)

2019-03-22 11:01:12 - [MESSAGE][PASSED] - Delayed 2 second(s)

2019-03-22 11:01:12 - [TEST_STEP][PASSED] - waitForElementPresent(findTestObject("Regression BackOffice/CLINK - 27906/ClientRollbackLink"), 50): Object 'Object Repository/Regression BackOffice/CLINK - 27906/ClientRollbackLink' is present

2019-03-22 11:01:13 - [MESSAGE][PASSED] - Object 'Object Repository/Regression BackOffice/CLINK - 27906/ClientRollbackLink' is present

2019-03-22 11:01:13 - [TEST_STEP][PASSED] - click(findTestObject("Regression BackOffice/CLINK - 27906/ClientRollbackLink"), STOP_ON_FAILURE): Object: 'Object Repository/Regression BackOffice/CLINK - 27906/ClientRollbackLink' is clicked on

2019-03-22 11:01:24 - [MESSAGE][PASSED] - Object: 'Object Repository/Regression BackOffice/CLINK - 27906/ClientRollbackLink' is clicked on

2019-03-22 11:01:24 - [TEST_STEP][PASSED] - delay(2): Delayed 2 second(s)

2019-03-22 11:01:26 - [MESSAGE][PASSED] - Delayed 2 second(s)

2019-03-22 11:01:26 - [TEST_STEP][PASSED] - switchToFrame(findTestObject("Regression BackOffice/CLNK-23449/FrameMain"), 30): null

2019-03-22 11:01:27 - [TEST_STEP][PASSED] - waitForElementPresent(findTestObject("Regression BackOffice/CLINK - 27906/ClinicalManagersLink"), 50): Object 'Object Repository/Regression BackOffice/CLINK - 27906/ClinicalManagersLink' is present

2019-03-22 11:01:27 - [MESSAGE][PASSED] - Object 'Object Repository/Regression BackOffice/CLINK - 27906/ClinicalManagersLink' is present

2019-03-22 11:01:27 - [TEST_STEP][PASSED] - click(findTestObject("Regression BackOffice/CLINK - 27906/ClinicalManagersLink"), STOP_ON_FAILURE): Object: 'Object Repository/Regression BackOffice/CLINK - 27906/ClinicalManagersLink' is clicked on

2019-03-22 11:01:27 - [MESSAGE][PASSED] - Object: 'Object Repository/Regression BackOffice/CLINK - 27906/ClinicalManagersLink' is clicked on

2019-03-22 11:01:27 - [TEST_STEP][PASSED] - delay(2): Delayed 2 second(s)

2019-03-22 11:01:29 - [MESSAGE][PASSED] - Delayed 2 second(s)

2019-03-22 11:01:29 - [TEST_STEP][PASSED] - verifyElementPresent(findTestObject("Regression BackOffice/CLINK - 27906/AddNewClinicalManagerLink"), 60): Object 'Object Repository/Regression BackOffice/CLINK - 27906/AddNewClinicalManagerLink' is present

2019-03-22 11:01:29 - [MESSAGE][PASSED] - Object 'Object Repository/Regression BackOffice/CLINK - 27906/AddNewClinicalManagerLink' is present

2019-03-22 11:01:29 - [TEST_STEP][PASSED] - waitForElementPresent(findTestObject("Regression BackOffice/CLINK - 27906/SameCareManagerChk"), 50): Object 'Object Repository/Regression BackOffice/CLINK - 27906/SameCareManagerChk' is present

2019-03-22 11:01:29 - [MESSAGE][PASSED] - Object 'Object Repository/Regression BackOffice/CLINK - 27906/SameCareManagerChk' is present

2019-03-22 11:01:29 - [TEST_STEP][PASSED] - click(findTestObject("Regression BackOffice/CLINK - 27906/SameCareManagerChk"), STOP_ON_FAILURE): Object: 'Object Repository/Regression BackOffice/CLINK - 27906/SameCareManagerChk' is clicked on

2019-03-22 11:01:30 - [MESSAGE][PASSED] - Object: 'Object Repository/Regression BackOffice/CLINK - 27906/SameCareManagerChk' is clicked on

2019-03-22 11:01:30 - [TEST_STEP][PASSED] - delay(2): Delayed 2 second(s)

2019-03-22 11:01:32 - [MESSAGE][PASSED] - Delayed 2 second(s)

2019-03-22 11:01:32 - [TEST_STEP][PASSED] - waitForElementPresent(findTestObject("Regression BackOffice/CLINK - 27906/SameCareManagerChk"), 50): Object 'Object Repository/Regression BackOffice/CLINK - 27906/SameCareManagerChk' is present

2019-03-22 11:01:32 - [MESSAGE][PASSED] - Object 'Object Repository/Regression BackOffice/CLINK - 27906/SameCareManagerChk' is present

2019-03-22 11:01:32 - [TEST_STEP][PASSED] - click(findTestObject("Regression BackOffice/CLINK - 27906/SameCareManagerChk"), STOP_ON_FAILURE): Object: 'Object Repository/Regression BackOffice/CLINK - 27906/SameCareManagerChk' is clicked on

2019-03-22 11:01:32 - [MESSAGE][PASSED] - Object: 'Object Repository/Regression BackOffice/CLINK - 27906/SameCareManagerChk' is clicked on

2019-03-22 11:01:32 - [TEST_STEP][PASSED] - delay(2): Delayed 2 second(s)

2019-03-22 11:01:34 - [MESSAGE][PASSED] - Delayed 2 second(s)

2019-03-22 11:01:34 - [TEST_STEP][PASSED] - waitForElementPresent(findTestObject("Regression BackOffice/CLINK - 27906/AddNewClinicalManagerLink"), 50): Object 'Object Repository/Regression BackOffice/CLINK - 27906/AddNewClinicalManagerLink' is present

2019-03-22 11:01:34 - [MESSAGE][PASSED] - Object 'Object Repository/Regression BackOffice/CLINK - 27906/AddNewClinicalManagerLink' is present

2019-03-22 11:01:34 - [TEST_STEP][PASSED] - click(findTestObject("Regression BackOffice/CLINK - 27906/AddNewClinicalManagerLink"), STOP_ON_FAILURE): Object: 'Object Repository/Regression BackOffice/CLINK - 27906/AddNewClinicalManagerLink' is clicked on

2019-03-22 11:01:34 - [MESSAGE][PASSED] - Object: 'Object Repository/Regression BackOffice/CLINK - 27906/AddNewClinicalManagerLink' is clicked on

2019-03-22 11:01:34 - [TEST_STEP][PASSED] - delay(2): Delayed 2 second(s)

2019-03-22 11:01:36 - [MESSAGE][PASSED] - Delayed 2 second(s)

2019-03-22 11:01:36 - [TEST_STEP][PASSED] - verifyElementPresent(findTestObject("Regression BackOffice/CLINK - 27906/Id"), 60): Object 'Object Repository/Regression BackOffice/CLINK - 27906/Id' is present

2019-03-22 11:01:36 - [MESSAGE][PASSED] - Object 'Object Repository/Regression BackOffice/CLINK - 27906/Id' is present

2019-03-22 11:01:36 - [TEST_STEP][PASSED] - verifyElementPresent(findTestObject("Regression BackOffice/CLINK - 27906/CareManagerName"), 60): Object 'Object Repository/Regression BackOffice/CLINK - 27906/CareManagerName' is present

2019-03-22 11:01:37 - [MESSAGE][PASSED] - Object 'Object Repository/Regression BackOffice/CLINK - 27906/CareManagerName' is present

2019-03-22 11:01:37 - [TEST_STEP][PASSED] - verifyElementPresent(findTestObject("Regression BackOffice/CLINK - 27906/Discipline"), 60): Object 'Object Repository/Regression BackOffice/CLINK - 27906/Discipline' is present

2019-03-22 11:01:37 - [MESSAGE][PASSED] - Object 'Object Repository/Regression BackOffice/CLINK - 27906/Discipline' is present

2019-03-22 11:01:37 - [TEST_STEP][PASSED] - verifyElementPresent(findTestObject("Regression BackOffice/CLINK - 27906/Delete"), 60): Object 'Object Repository/Regression BackOffice/CLINK - 27906/Delete' is present

2019-03-22 11:01:37 - [MESSAGE][PASSED] - Object 'Object Repository/Regression BackOffice/CLINK - 27906/Delete' is present

2019-03-22 11:01:37 - [TEST_STEP][PASSED] - waitForElementPresent(findTestObject("Regression BackOffice/CLINK - 27906/ClinicalManagerNameText"), 50): Object 'Object Repository/Regression BackOffice/CLINK - 27906/ClinicalManagerNameText' is present

2019-03-22 11:01:37 - [MESSAGE][PASSED] - Object 'Object Repository/Regression BackOffice/CLINK - 27906/ClinicalManagerNameText' is present

2019-03-22 11:01:37 - [TEST_STEP][PASSED] - setText(findTestObject("Regression BackOffice/CLINK - 27906/ClinicalManagerNameText"), G_ClinicalManager): Text 'Sarvari' is set on object 'Object Repository/Regression BackOffice/CLINK - 27906/ClinicalManagerNameText'

2019-03-22 11:01:38 - [MESSAGE][PASSED] - Text 'Sarvari' is set on object 'Object Repository/Regression BackOffice/CLINK - 27906/ClinicalManagerNameText'

2019-03-22 11:01:38 - [TEST_STEP][PASSED] - delay(2): Delayed 2 second(s)

2019-03-22 11:01:40 - [MESSAGE][PASSED] - Delayed 2 second(s)

2019-03-22 11:01:40 - [TEST_STEP][PASSED] - waitForElementPresent(findTestObject("Regression BackOffice/CLINK - 27906/li_Admin"), 50): Object 'Object Repository/Regression BackOffice/CLINK - 27906/li_Admin' is present

2019-03-22 11:01:40 - [MESSAGE][PASSED] - Object 'Object Repository/Regression BackOffice/CLINK - 27906/li_Admin' is present

2019-03-22 11:01:40 - [TEST_STEP][PASSED] - click(findTestObject("Regression BackOffice/CLINK - 27906/li_Admin"), STOP_ON_FAILURE): Object: 'Object Repository/Regression BackOffice/CLINK - 27906/li_Admin' is clicked on

2019-03-22 11:01:40 - [MESSAGE][PASSED] - Object: 'Object Repository/Regression BackOffice/CLINK - 27906/li_Admin' is clicked on

2019-03-22 11:01:40 - [TEST_STEP][PASSED] - delay(2): Delayed 2 second(s)

2019-03-22 11:01:42 - [MESSAGE][PASSED] - Delayed 2 second(s)

2019-03-22 11:01:42 - [TEST_STEP][PASSED] - waitForElementPresent(findTestObject("Regression BackOffice/CLINK - 27906/AddToListLink"), 50): Object 'Object Repository/Regression BackOffice/CLINK - 27906/AddToListLink' is present

2019-03-22 11:01:42 - [MESSAGE][PASSED] - Object 'Object Repository/Regression BackOffice/CLINK - 27906/AddToListLink' is present

2019-03-22 11:01:42 - [TEST_STEP][PASSED] - click(findTestObject("Regression BackOffice/CLINK - 27906/AddToListLink"), STOP_ON_FAILURE): Object: 'Object Repository/Regression BackOffice/CLINK - 27906/AddToListLink' is clicked on

2019-03-22 11:01:42 - [MESSAGE][PASSED] - Object: 'Object Repository/Regression BackOffice/CLINK - 27906/AddToListLink' is clicked on

2019-03-22 11:01:42 - [TEST_STEP][PASSED] - delay(2): Delayed 2 second(s)

2019-03-22 11:01:44 - [MESSAGE][PASSED] - Delayed 2 second(s)

2019-03-22 11:01:44 - [TEST_STEP][PASSED] - waitForElementPresent(findTestObject("Regression BackOffice/CLINK - 27906/DeleteIcon"), 50): Object 'Object Repository/Regression BackOffice/CLINK - 27906/DeleteIcon' is present

2019-03-22 11:01:44 - [MESSAGE][PASSED] - Object 'Object Repository/Regression BackOffice/CLINK - 27906/DeleteIcon' is present

2019-03-22 11:01:44 - [TEST_STEP][PASSED] - click(findTestObject("Regression BackOffice/CLINK - 27906/DeleteIcon"), STOP_ON_FAILURE): Object: 'Object Repository/Regression BackOffice/CLINK - 27906/DeleteIcon' is clicked on

2019-03-22 11:01:45 - [MESSAGE][PASSED] - Object: 'Object Repository/Regression BackOffice/CLINK - 27906/DeleteIcon' is clicked on

2019-03-22 11:01:45 - [TEST_STEP][PASSED] - delay(2): Delayed 2 second(s)

2019-03-22 11:01:47 - [MESSAGE][PASSED] - Delayed 2 second(s)

2019-03-22 11:01:47 - [TEST_STEP][PASSED] - acceptAlert(STOP_ON_FAILURE): Alert accepted

2019-03-22 11:01:47 - [MESSAGE][PASSED] - Alert accepted]]></system-out>
         <system-err><![CDATA[]]></system-err>
      </testcase>
      <testcase name="Test Cases/Regression BackOffice (All Browsers)/CLNK-23449 - Quick Intake Wizard" classname="Test Cases/Regression BackOffice (All Browsers)/CLNK-23449 - Quick Intake Wizard" status="PASSED">
         <system-out><![CDATA[2019-03-22 11:01:49 - [TEST_CASE][PASSED] - Test Cases/Regression BackOffice (All Browsers)/CLNK-23449 - Quick Intake Wizard: Test Cases/Regression BackOffice (All Browsers)/CLNK-23449 - Quick Intake Wizard

2019-03-22 11:01:50 - [TEST_STEP][PASSED] - callTestCase(findTestCase("Regression BackOffice (All Browsers)/CLNK-23439 - Clink - Back office Client"), [:], STOP_ON_FAILURE): Call Test Case 'Test Cases/Regression BackOffice (All Browsers)/CLNK-23439 - Clink - Back office Client' successfully

2019-03-22 11:01:50 - [TEST_CASE][PASSED] - Test Cases/Regression BackOffice (All Browsers)/CLNK-23439 - Clink - Back office Client: Test Cases/Regression BackOffice (All Browsers)/CLNK-23439 - Clink - Back office Client

2019-03-22 11:01:50 - [TEST_STEP][PASSED] - openBrowser(G_SiteBackOffice): Browser is opened with url: 'http://qanewpoc.continulink.com:81/backoffice/Login.aspx'

2019-03-22 11:01:50 - [MESSAGE][WARNING] - A browser is already opened. Closing browser and opening a new one

2019-03-22 11:01:52 - [MESSAGE][INFO] - Starting 'Chrome' driver

2019-03-22 11:01:58 - [MESSAGE][PASSED] - Browser is opened with url: 'http://qanewpoc.continulink.com:81/backoffice/Login.aspx'

2019-03-22 11:01:58 - [TEST_STEP][PASSED] - waitForPageLoad(60): Wait for page load successfully

2019-03-22 11:01:58 - [MESSAGE][PASSED] - Wait for page load successfully

2019-03-22 11:01:58 - [TEST_STEP][PASSED] - maximizeWindow(): Current window maximized

2019-03-22 11:01:59 - [MESSAGE][PASSED] - Current window maximized

2019-03-22 11:01:59 - [TEST_STEP][PASSED] - setText(findTestObject("Regression BackOffice/Login/UserBackOffice"), G_UserBackOffice): Text 'demo' is set on object 'Object Repository/Regression BackOffice/Login/UserBackOffice'

2019-03-22 11:02:00 - [MESSAGE][PASSED] - Text 'demo' is set on object 'Object Repository/Regression BackOffice/Login/UserBackOffice'

2019-03-22 11:02:00 - [TEST_STEP][PASSED] - setText(findTestObject("Regression BackOffice/Login/PasswordBackOffice"), G_PasswordBackOffice): Text 'qwerty' is set on object 'Object Repository/Regression BackOffice/Login/PasswordBackOffice'

2019-03-22 11:02:00 - [MESSAGE][PASSED] - Text 'qwerty' is set on object 'Object Repository/Regression BackOffice/Login/PasswordBackOffice'

2019-03-22 11:02:00 - [TEST_STEP][PASSED] - click(findTestObject("Regression BackOffice/Login/LoginBackOffice")): Object: 'Object Repository/Regression BackOffice/Login/LoginBackOffice' is clicked on

2019-03-22 11:02:08 - [MESSAGE][PASSED] - Object: 'Object Repository/Regression BackOffice/Login/LoginBackOffice' is clicked on

2019-03-22 11:02:08 - [TEST_STEP][PASSED] - waitForPageLoad(60): Wait for page load successfully

2019-03-22 11:02:08 - [MESSAGE][PASSED] - Wait for page load successfully

2019-03-22 11:02:08 - [TEST_STEP][PASSED] - delay(3): Delayed 3 second(s)

2019-03-22 11:02:11 - [MESSAGE][PASSED] - Delayed 3 second(s)

2019-03-22 11:02:11 - [TEST_STEP][PASSED] - switchToFrame(findTestObject("Regression BackOffice/CLNK-23449/FrameLeft"), 5): null

2019-03-22 11:02:11 - [TEST_STEP][PASSED] - waitForElementPresent(findTestObject("Regression BackOffice/CLNK-23449/ClienIntakeICon"), 60): Object 'Object Repository/Regression BackOffice/CLNK-23449/ClienIntakeICon' is present

2019-03-22 11:02:11 - [MESSAGE][PASSED] - Object 'Object Repository/Regression BackOffice/CLNK-23449/ClienIntakeICon' is present

2019-03-22 11:02:11 - [TEST_STEP][PASSED] - verifyElementPresent(findTestObject("Regression BackOffice/CLNK-23449/ClienIntakeICon"), 100): Object 'Object Repository/Regression BackOffice/CLNK-23449/ClienIntakeICon' is present

2019-03-22 11:02:11 - [MESSAGE][PASSED] - Object 'Object Repository/Regression BackOffice/CLNK-23449/ClienIntakeICon' is present

2019-03-22 11:02:11 - [TEST_STEP][PASSED] - switchToDefaultContent(): null

2019-03-22 11:02:11 - [MESSAGE][PASSED] - Call Test Case 'Test Cases/Regression BackOffice (All Browsers)/CLNK-23439 - Clink - Back office Client' successfully

2019-03-22 11:02:11 - [TEST_STEP][PASSED] - waitForPageLoad(60): Wait for page load successfully

2019-03-22 11:02:11 - [MESSAGE][PASSED] - Wait for page load successfully

2019-03-22 11:02:11 - [TEST_STEP][PASSED] - delay(3): Delayed 3 second(s)

2019-03-22 11:02:14 - [MESSAGE][PASSED] - Delayed 3 second(s)

2019-03-22 11:02:14 - [TEST_STEP][PASSED] - switchToFrame(findTestObject("Regression BackOffice/CLNK-23449/FrameLeft"), 30): null

2019-03-22 11:02:15 - [TEST_STEP][PASSED] - waitForElementPresent(findTestObject("Regression BackOffice/CLNK-23449/ClienIntakeICon"), 100): Object 'Object Repository/Regression BackOffice/CLNK-23449/ClienIntakeICon' is present

2019-03-22 11:02:15 - [MESSAGE][PASSED] - Object 'Object Repository/Regression BackOffice/CLNK-23449/ClienIntakeICon' is present

2019-03-22 11:02:15 - [TEST_STEP][PASSED] - click(findTestObject("Regression BackOffice/CLNK-23449/ClienIntakeICon")): Object: 'Object Repository/Regression BackOffice/CLNK-23449/ClienIntakeICon' is clicked on

2019-03-22 11:02:15 - [MESSAGE][PASSED] - Object: 'Object Repository/Regression BackOffice/CLNK-23449/ClienIntakeICon' is clicked on

2019-03-22 11:02:15 - [TEST_STEP][PASSED] - delay(2): Delayed 2 second(s)

2019-03-22 11:02:17 - [MESSAGE][PASSED] - Delayed 2 second(s)

2019-03-22 11:02:17 - [TEST_STEP][PASSED] - waitForPageLoad(50): Wait for page load successfully

2019-03-22 11:02:17 - [MESSAGE][PASSED] - Wait for page load successfully

2019-03-22 11:02:17 - [TEST_STEP][PASSED] - waitForElementPresent(findTestObject("Regression BackOffice/CLNK-23449/Quick Intake Wizard Link"), 50): Object 'Object Repository/Regression BackOffice/CLNK-23449/Quick Intake Wizard Link' is present

2019-03-22 11:02:17 - [MESSAGE][PASSED] - Object 'Object Repository/Regression BackOffice/CLNK-23449/Quick Intake Wizard Link' is present

2019-03-22 11:02:17 - [TEST_STEP][PASSED] - click(findTestObject("Regression BackOffice/CLNK-23449/Quick Intake Wizard Link")): Object: 'Object Repository/Regression BackOffice/CLNK-23449/Quick Intake Wizard Link' is clicked on

2019-03-22 11:02:24 - [MESSAGE][PASSED] - Object: 'Object Repository/Regression BackOffice/CLNK-23449/Quick Intake Wizard Link' is clicked on

2019-03-22 11:02:24 - [TEST_STEP][PASSED] - delay(2): Delayed 2 second(s)

2019-03-22 11:02:26 - [MESSAGE][PASSED] - Delayed 2 second(s)

2019-03-22 11:02:26 - [TEST_STEP][PASSED] - switchToDefaultContent(): null

2019-03-22 11:02:26 - [TEST_STEP][PASSED] - switchToFrame(findTestObject("Regression BackOffice/CLNK-23449/FrameMain"), 30): null

2019-03-22 11:02:27 - [TEST_STEP][PASSED] - waitForElementPresent(findTestObject("Regression BackOffice/CLNK-23449/New Referral Button"), 50): Object 'Object Repository/Regression BackOffice/CLNK-23449/New Referral Button' is present

2019-03-22 11:02:27 - [MESSAGE][PASSED] - Object 'Object Repository/Regression BackOffice/CLNK-23449/New Referral Button' is present

2019-03-22 11:02:27 - [TEST_STEP][PASSED] - click(findTestObject("Regression BackOffice/CLNK-23449/New Referral Button")): Object: 'Object Repository/Regression BackOffice/CLNK-23449/New Referral Button' is clicked on

2019-03-22 11:02:27 - [MESSAGE][PASSED] - Object: 'Object Repository/Regression BackOffice/CLNK-23449/New Referral Button' is clicked on

2019-03-22 11:02:27 - [TEST_STEP][PASSED] - waitForPageLoad(50): Wait for page load successfully

2019-03-22 11:02:27 - [MESSAGE][PASSED] - Wait for page load successfully

2019-03-22 11:02:27 - [TEST_STEP][PASSED] - delay(2): Delayed 2 second(s)

2019-03-22 11:02:29 - [MESSAGE][PASSED] - Delayed 2 second(s)

2019-03-22 11:02:29 - [TEST_STEP][PASSED] - waitForElementPresent(findTestObject("Regression BackOffice/CLNK-23449/ReferralType"), 50): Object 'Object Repository/Regression BackOffice/CLNK-23449/ReferralType' is present

2019-03-22 11:02:29 - [MESSAGE][PASSED] - Object 'Object Repository/Regression BackOffice/CLNK-23449/ReferralType' is present

2019-03-22 11:02:29 - [TEST_STEP][PASSED] - focus(findTestObject("Regression BackOffice/CLNK-23449/ReferralType")): Object: 'Object Repository/Regression BackOffice/CLNK-23449/ReferralType' is focused

2019-03-22 11:02:29 - [MESSAGE][PASSED] - Object: 'Object Repository/Regression BackOffice/CLNK-23449/ReferralType' is focused

2019-03-22 11:02:29 - [TEST_STEP][PASSED] - click(findTestObject("Regression BackOffice/CLNK-23449/ReferralType")): Object: 'Object Repository/Regression BackOffice/CLNK-23449/ReferralType' is clicked on

2019-03-22 11:02:30 - [MESSAGE][PASSED] - Object: 'Object Repository/Regression BackOffice/CLNK-23449/ReferralType' is clicked on

2019-03-22 11:02:30 - [TEST_STEP][PASSED] - delay(2): Delayed 2 second(s)

2019-03-22 11:02:32 - [MESSAGE][PASSED] - Delayed 2 second(s)

2019-03-22 11:02:32 - [TEST_STEP][PASSED] - sendKeys(findTestObject("Regression BackOffice/CLNK-23449/ReferralType"), Keys.chord(ARROW_DOWN, ENTER)): Keys 'DOWN + ENTER + ' sent to object: 'Object Repository/Regression BackOffice/CLNK-23449/ReferralType'

2019-03-22 11:02:32 - [MESSAGE][PASSED] - Keys 'DOWN + ENTER + ' sent to object: 'Object Repository/Regression BackOffice/CLNK-23449/ReferralType'

2019-03-22 11:02:32 - [TEST_STEP][PASSED] - delay(3): Delayed 3 second(s)

2019-03-22 11:02:35 - [MESSAGE][PASSED] - Delayed 3 second(s)

2019-03-22 11:02:35 - [TEST_STEP][PASSED] - waitForElementPresent(findTestObject("Regression BackOffice/CLNK-23449/ReferralSourcePerson"), 50): Object 'Object Repository/Regression BackOffice/CLNK-23449/ReferralSourcePerson' is present

2019-03-22 11:02:35 - [MESSAGE][PASSED] - Object 'Object Repository/Regression BackOffice/CLNK-23449/ReferralSourcePerson' is present

2019-03-22 11:02:35 - [TEST_STEP][PASSED] - setText(findTestObject("Regression BackOffice/CLNK-23449/ReferralSourcePerson"), G_ReferralSourcePerson): Text 'Lyudmila Kaskov' is set on object 'Object Repository/Regression BackOffice/CLNK-23449/ReferralSourcePerson'

2019-03-22 11:02:36 - [MESSAGE][PASSED] - Text 'Lyudmila Kaskov' is set on object 'Object Repository/Regression BackOffice/CLNK-23449/ReferralSourcePerson'

2019-03-22 11:02:36 - [TEST_STEP][PASSED] - delay(2): Delayed 2 second(s)

2019-03-22 11:02:38 - [MESSAGE][PASSED] - Delayed 2 second(s)

2019-03-22 11:02:38 - [TEST_STEP][PASSED] - waitForElementPresent(findTestObject("Regression BackOffice/CLNK-23449/ClientFirstName"), 50): Object 'Object Repository/Regression BackOffice/CLNK-23449/ClientFirstName' is present

2019-03-22 11:02:39 - [MESSAGE][PASSED] - Object 'Object Repository/Regression BackOffice/CLNK-23449/ClientFirstName' is present

2019-03-22 11:02:39 - [TEST_STEP][PASSED] - setText(findTestObject("Regression BackOffice/CLNK-23449/ClientFirstName"), G_ClientFirstName): Text 'Miroslav' is set on object 'Object Repository/Regression BackOffice/CLNK-23449/ClientFirstName'

2019-03-22 11:02:40 - [MESSAGE][PASSED] - Text 'Miroslav' is set on object 'Object Repository/Regression BackOffice/CLNK-23449/ClientFirstName'

2019-03-22 11:02:40 - [TEST_STEP][PASSED] - delay(2): Delayed 2 second(s)

2019-03-22 11:02:42 - [MESSAGE][PASSED] - Delayed 2 second(s)

2019-03-22 11:02:42 - [TEST_STEP][PASSED] - waitForElementPresent(findTestObject("Regression BackOffice/CLNK-23449/ClientMiddle"), 50): Object 'Object Repository/Regression BackOffice/CLNK-23449/ClientMiddle' is present

2019-03-22 11:02:42 - [MESSAGE][PASSED] - Object 'Object Repository/Regression BackOffice/CLNK-23449/ClientMiddle' is present

2019-03-22 11:02:42 - [TEST_STEP][PASSED] - setText(findTestObject("Regression BackOffice/CLNK-23449/ClientMiddle"), G_ClientMiddleName): Text 'M' is set on object 'Object Repository/Regression BackOffice/CLNK-23449/ClientMiddle'

2019-03-22 11:02:42 - [MESSAGE][PASSED] - Text 'M' is set on object 'Object Repository/Regression BackOffice/CLNK-23449/ClientMiddle'

2019-03-22 11:02:42 - [TEST_STEP][PASSED] - delay(2): Delayed 2 second(s)

2019-03-22 11:02:44 - [MESSAGE][PASSED] - Delayed 2 second(s)

2019-03-22 11:02:44 - [TEST_STEP][PASSED] - waitForElementPresent(findTestObject("Regression BackOffice/CLNK-23449/ClientLastName"), 50): Object 'Object Repository/Regression BackOffice/CLNK-23449/ClientLastName' is present

2019-03-22 11:02:44 - [MESSAGE][PASSED] - Object 'Object Repository/Regression BackOffice/CLNK-23449/ClientLastName' is present

2019-03-22 11:02:44 - [TEST_STEP][PASSED] - setText(findTestObject("Regression BackOffice/CLNK-23449/ClientLastName"), G_ClientLastName): Text 'Klose' is set on object 'Object Repository/Regression BackOffice/CLNK-23449/ClientLastName'

2019-03-22 11:02:45 - [MESSAGE][PASSED] - Text 'Klose' is set on object 'Object Repository/Regression BackOffice/CLNK-23449/ClientLastName'

2019-03-22 11:02:45 - [TEST_STEP][PASSED] - delay(2): Delayed 2 second(s)

2019-03-22 11:02:47 - [MESSAGE][PASSED] - Delayed 2 second(s)

2019-03-22 11:02:47 - [TEST_STEP][PASSED] - waitForElementPresent(findTestObject("Regression BackOffice/CLNK-23449/FollowUpCallBack"), 50): Object 'Object Repository/Regression BackOffice/CLNK-23449/FollowUpCallBack' is present

2019-03-22 11:02:47 - [MESSAGE][PASSED] - Object 'Object Repository/Regression BackOffice/CLNK-23449/FollowUpCallBack' is present

2019-03-22 11:02:47 - [TEST_STEP][PASSED] - setText(findTestObject("Regression BackOffice/CLNK-23449/FollowUpCallBack"), "3"): Text '3' is set on object 'Object Repository/Regression BackOffice/CLNK-23449/FollowUpCallBack'

2019-03-22 11:02:48 - [MESSAGE][PASSED] - Text '3' is set on object 'Object Repository/Regression BackOffice/CLNK-23449/FollowUpCallBack'

2019-03-22 11:02:48 - [TEST_STEP][PASSED] - delay(2): Delayed 2 second(s)

2019-03-22 11:02:50 - [MESSAGE][PASSED] - Delayed 2 second(s)

2019-03-22 11:02:50 - [TEST_STEP][PASSED] - waitForElementPresent(findTestObject("Regression BackOffice/CLNK-23449/PhysicianName"), 50): Object 'Object Repository/Regression BackOffice/CLNK-23449/PhysicianName' is present

2019-03-22 11:02:50 - [MESSAGE][PASSED] - Object 'Object Repository/Regression BackOffice/CLNK-23449/PhysicianName' is present

2019-03-22 11:02:50 - [TEST_STEP][PASSED] - click(findTestObject("Regression BackOffice/CLNK-23449/PhysicianName")): Object: 'Object Repository/Regression BackOffice/CLNK-23449/PhysicianName' is clicked on

2019-03-22 11:02:50 - [MESSAGE][PASSED] - Object: 'Object Repository/Regression BackOffice/CLNK-23449/PhysicianName' is clicked on

2019-03-22 11:02:50 - [TEST_STEP][PASSED] - delay(2): Delayed 2 second(s)

2019-03-22 11:02:52 - [MESSAGE][PASSED] - Delayed 2 second(s)

2019-03-22 11:02:52 - [TEST_STEP][PASSED] - setText(findTestObject("Regression BackOffice/CLNK-23449/PhysicianName"), G_PhisicanName): Text 'Black' is set on object 'Object Repository/Regression BackOffice/CLNK-23449/PhysicianName'

2019-03-22 11:02:53 - [MESSAGE][PASSED] - Text 'Black' is set on object 'Object Repository/Regression BackOffice/CLNK-23449/PhysicianName'

2019-03-22 11:02:53 - [TEST_STEP][PASSED] - delay(3): Delayed 3 second(s)

2019-03-22 11:02:56 - [MESSAGE][PASSED] - Delayed 3 second(s)

2019-03-22 11:02:56 - [TEST_STEP][PASSED] - waitForElementPresent(findTestObject("Regression BackOffice/CLNK-23449/li_Black Larry"), 50): Object 'Object Repository/Regression BackOffice/CLNK-23449/li_Black Larry' is present

2019-03-22 11:02:56 - [MESSAGE][PASSED] - Object 'Object Repository/Regression BackOffice/CLNK-23449/li_Black Larry' is present

2019-03-22 11:02:56 - [TEST_STEP][PASSED] - click(findTestObject("Regression BackOffice/CLNK-23449/li_Black Larry")): Object: 'Object Repository/Regression BackOffice/CLNK-23449/li_Black Larry' is clicked on

2019-03-22 11:02:56 - [MESSAGE][PASSED] - Object: 'Object Repository/Regression BackOffice/CLNK-23449/li_Black Larry' is clicked on

2019-03-22 11:02:56 - [TEST_STEP][PASSED] - delay(2): Delayed 2 second(s)

2019-03-22 11:02:58 - [MESSAGE][PASSED] - Delayed 2 second(s)

2019-03-22 11:02:58 - [TEST_STEP][PASSED] - waitForElementPresent(findTestObject("Regression BackOffice/CLNK-23449/SaveButton"), 50): Object 'Object Repository/Regression BackOffice/CLNK-23449/SaveButton' is present

2019-03-22 11:02:58 - [MESSAGE][PASSED] - Object 'Object Repository/Regression BackOffice/CLNK-23449/SaveButton' is present

2019-03-22 11:02:58 - [TEST_STEP][PASSED] - click(findTestObject("Regression BackOffice/CLNK-23449/SaveButton"), STOP_ON_FAILURE): Object: 'Object Repository/Regression BackOffice/CLNK-23449/SaveButton' is clicked on

2019-03-22 11:02:58 - [MESSAGE][PASSED] - Object: 'Object Repository/Regression BackOffice/CLNK-23449/SaveButton' is clicked on

2019-03-22 11:02:58 - [TEST_STEP][PASSED] - delay(2): Delayed 2 second(s)

2019-03-22 11:03:00 - [MESSAGE][PASSED] - Delayed 2 second(s)

2019-03-22 11:03:00 - [TEST_STEP][PASSED] - waitForElementPresent(findTestObject("Regression BackOffice/CLNK-23449/CloseButton"), 50): Object 'Object Repository/Regression BackOffice/CLNK-23449/CloseButton' is present

2019-03-22 11:03:00 - [MESSAGE][PASSED] - Object 'Object Repository/Regression BackOffice/CLNK-23449/CloseButton' is present

2019-03-22 11:03:00 - [TEST_STEP][PASSED] - click(findTestObject("Regression BackOffice/CLNK-23449/CloseButton"), STOP_ON_FAILURE): Object: 'Object Repository/Regression BackOffice/CLNK-23449/CloseButton' is clicked on

2019-03-22 11:03:02 - [MESSAGE][PASSED] - Object: 'Object Repository/Regression BackOffice/CLNK-23449/CloseButton' is clicked on

2019-03-22 11:03:02 - [TEST_STEP][PASSED] - delay(2): Delayed 2 second(s)

2019-03-22 11:03:04 - [MESSAGE][PASSED] - Delayed 2 second(s)

2019-03-22 11:03:04 - [TEST_STEP][PASSED] - switchToDefaultContent(): null]]></system-out>
         <system-err><![CDATA[]]></system-err>
      </testcase>
      <testcase name="Test Cases/Regression BackOffice (All Browsers)/CLNK-27759 - Security Roles - SOX Audit" classname="Test Cases/Regression BackOffice (All Browsers)/CLNK-27759 - Security Roles - SOX Audit" status="PASSED">
         <system-out><![CDATA[2019-03-22 11:03:06 - [TEST_CASE][PASSED] - Test Cases/Regression BackOffice (All Browsers)/CLNK-27759 - Security Roles - SOX Audit: Test Cases/Regression BackOffice (All Browsers)/CLNK-27759 - Security Roles - SOX Audit

2019-03-22 11:03:07 - [TEST_STEP][PASSED] - callTestCase(findTestCase("Regression BackOffice (All Browsers)/CLNK-23439 - Clink - Back office Client"), [:], STOP_ON_FAILURE): Call Test Case 'Test Cases/Regression BackOffice (All Browsers)/CLNK-23439 - Clink - Back office Client' successfully

2019-03-22 11:03:07 - [TEST_CASE][PASSED] - Test Cases/Regression BackOffice (All Browsers)/CLNK-23439 - Clink - Back office Client: Test Cases/Regression BackOffice (All Browsers)/CLNK-23439 - Clink - Back office Client

2019-03-22 11:03:07 - [TEST_STEP][PASSED] - openBrowser(G_SiteBackOffice): Browser is opened with url: 'http://qanewpoc.continulink.com:81/backoffice/Login.aspx'

2019-03-22 11:03:07 - [MESSAGE][WARNING] - A browser is already opened. Closing browser and opening a new one

2019-03-22 11:03:08 - [MESSAGE][INFO] - Starting 'Chrome' driver

2019-03-22 11:03:21 - [MESSAGE][PASSED] - Browser is opened with url: 'http://qanewpoc.continulink.com:81/backoffice/Login.aspx'

2019-03-22 11:03:21 - [TEST_STEP][PASSED] - waitForPageLoad(60): Wait for page load successfully

2019-03-22 11:03:21 - [MESSAGE][PASSED] - Wait for page load successfully

2019-03-22 11:03:21 - [TEST_STEP][PASSED] - maximizeWindow(): Current window maximized

2019-03-22 11:03:23 - [MESSAGE][PASSED] - Current window maximized

2019-03-22 11:03:23 - [TEST_STEP][PASSED] - setText(findTestObject("Regression BackOffice/Login/UserBackOffice"), G_UserBackOffice): Text 'demo' is set on object 'Object Repository/Regression BackOffice/Login/UserBackOffice'

2019-03-22 11:03:23 - [MESSAGE][PASSED] - Text 'demo' is set on object 'Object Repository/Regression BackOffice/Login/UserBackOffice'

2019-03-22 11:03:23 - [TEST_STEP][PASSED] - setText(findTestObject("Regression BackOffice/Login/PasswordBackOffice"), G_PasswordBackOffice): Text 'qwerty' is set on object 'Object Repository/Regression BackOffice/Login/PasswordBackOffice'

2019-03-22 11:03:23 - [MESSAGE][PASSED] - Text 'qwerty' is set on object 'Object Repository/Regression BackOffice/Login/PasswordBackOffice'

2019-03-22 11:03:23 - [TEST_STEP][PASSED] - click(findTestObject("Regression BackOffice/Login/LoginBackOffice")): Object: 'Object Repository/Regression BackOffice/Login/LoginBackOffice' is clicked on

2019-03-22 11:03:30 - [MESSAGE][PASSED] - Object: 'Object Repository/Regression BackOffice/Login/LoginBackOffice' is clicked on

2019-03-22 11:03:30 - [TEST_STEP][PASSED] - waitForPageLoad(60): Wait for page load successfully

2019-03-22 11:03:30 - [MESSAGE][PASSED] - Wait for page load successfully

2019-03-22 11:03:30 - [TEST_STEP][PASSED] - delay(3): Delayed 3 second(s)

2019-03-22 11:03:33 - [MESSAGE][PASSED] - Delayed 3 second(s)

2019-03-22 11:03:33 - [TEST_STEP][PASSED] - switchToFrame(findTestObject("Regression BackOffice/CLNK-23449/FrameLeft"), 5): null

2019-03-22 11:03:33 - [TEST_STEP][PASSED] - waitForElementPresent(findTestObject("Regression BackOffice/CLNK-23449/ClienIntakeICon"), 60): Object 'Object Repository/Regression BackOffice/CLNK-23449/ClienIntakeICon' is present

2019-03-22 11:03:33 - [MESSAGE][PASSED] - Object 'Object Repository/Regression BackOffice/CLNK-23449/ClienIntakeICon' is present

2019-03-22 11:03:33 - [TEST_STEP][PASSED] - verifyElementPresent(findTestObject("Regression BackOffice/CLNK-23449/ClienIntakeICon"), 100): Object 'Object Repository/Regression BackOffice/CLNK-23449/ClienIntakeICon' is present

2019-03-22 11:03:33 - [MESSAGE][PASSED] - Object 'Object Repository/Regression BackOffice/CLNK-23449/ClienIntakeICon' is present

2019-03-22 11:03:33 - [TEST_STEP][PASSED] - switchToDefaultContent(): null

2019-03-22 11:03:33 - [MESSAGE][PASSED] - Call Test Case 'Test Cases/Regression BackOffice (All Browsers)/CLNK-23439 - Clink - Back office Client' successfully

2019-03-22 11:03:33 - [TEST_STEP][PASSED] - waitForPageLoad(60): Wait for page load successfully

2019-03-22 11:03:33 - [MESSAGE][PASSED] - Wait for page load successfully

2019-03-22 11:03:33 - [TEST_STEP][PASSED] - delay(3): Delayed 3 second(s)

2019-03-22 11:03:36 - [MESSAGE][PASSED] - Delayed 3 second(s)

2019-03-22 11:03:36 - [TEST_STEP][PASSED] - switchToFrame(findTestObject("Regression BackOffice/CLNK-23449/FrameLeft"), 30): null

2019-03-22 11:03:36 - [TEST_STEP][PASSED] - waitForElementPresent(findTestObject("Regression BackOffice/CLINK-27759/AdministratorsTab"), 100): Object 'Object Repository/Regression BackOffice/CLINK-27759/AdministratorsTab' is present

2019-03-22 11:03:36 - [MESSAGE][PASSED] - Object 'Object Repository/Regression BackOffice/CLINK-27759/AdministratorsTab' is present

2019-03-22 11:03:36 - [TEST_STEP][PASSED] - click(findTestObject("Regression BackOffice/CLINK-27759/AdministratorsTab")): Object: 'Object Repository/Regression BackOffice/CLINK-27759/AdministratorsTab' is clicked on

2019-03-22 11:03:37 - [MESSAGE][PASSED] - Object: 'Object Repository/Regression BackOffice/CLINK-27759/AdministratorsTab' is clicked on

2019-03-22 11:03:37 - [TEST_STEP][PASSED] - delay(2): Delayed 2 second(s)

2019-03-22 11:03:39 - [MESSAGE][PASSED] - Delayed 2 second(s)

2019-03-22 11:03:39 - [TEST_STEP][PASSED] - waitForPageLoad(50): Wait for page load successfully

2019-03-22 11:03:39 - [MESSAGE][PASSED] - Wait for page load successfully

2019-03-22 11:03:39 - [TEST_STEP][PASSED] - waitForElementPresent(findTestObject("Regression BackOffice/CLINK-27759/AdminSystemSettingsLink"), 50): Object 'Object Repository/Regression BackOffice/CLINK-27759/AdminSystemSettingsLink' is present

2019-03-22 11:03:39 - [MESSAGE][PASSED] - Object 'Object Repository/Regression BackOffice/CLINK-27759/AdminSystemSettingsLink' is present

2019-03-22 11:03:39 - [TEST_STEP][PASSED] - click(findTestObject("Regression BackOffice/CLINK-27759/AdminSystemSettingsLink")): Object: 'Object Repository/Regression BackOffice/CLINK-27759/AdminSystemSettingsLink' is clicked on

2019-03-22 11:03:39 - [MESSAGE][PASSED] - Object: 'Object Repository/Regression BackOffice/CLINK-27759/AdminSystemSettingsLink' is clicked on

2019-03-22 11:03:39 - [TEST_STEP][PASSED] - delay(2): Delayed 2 second(s)

2019-03-22 11:03:41 - [MESSAGE][PASSED] - Delayed 2 second(s)

2019-03-22 11:03:41 - [TEST_STEP][PASSED] - scrollToElement(findTestObject("Regression BackOffice/CLINK-27759/AdministratorReportsLink"), 50): Scroll to object 'Object Repository/Regression BackOffice/CLINK-27759/AdministratorReportsLink' successfully

2019-03-22 11:03:41 - [MESSAGE][PASSED] - Scroll to object 'Object Repository/Regression BackOffice/CLINK-27759/AdministratorReportsLink' successfully

2019-03-22 11:03:41 - [TEST_STEP][PASSED] - waitForElementPresent(findTestObject("Regression BackOffice/CLINK-27759/AdministratorReportsLink"), 50): Object 'Object Repository/Regression BackOffice/CLINK-27759/AdministratorReportsLink' is present

2019-03-22 11:03:42 - [MESSAGE][PASSED] - Object 'Object Repository/Regression BackOffice/CLINK-27759/AdministratorReportsLink' is present

2019-03-22 11:03:42 - [TEST_STEP][PASSED] - click(findTestObject("Regression BackOffice/CLINK-27759/AdministratorReportsLink")): Object: 'Object Repository/Regression BackOffice/CLINK-27759/AdministratorReportsLink' is clicked on

2019-03-22 11:03:44 - [MESSAGE][PASSED] - Object: 'Object Repository/Regression BackOffice/CLINK-27759/AdministratorReportsLink' is clicked on

2019-03-22 11:03:44 - [TEST_STEP][PASSED] - delay(2): Delayed 2 second(s)

2019-03-22 11:03:46 - [MESSAGE][PASSED] - Delayed 2 second(s)

2019-03-22 11:03:46 - [TEST_STEP][PASSED] - switchToDefaultContent(): null

2019-03-22 11:03:46 - [TEST_STEP][PASSED] - switchToFrame(findTestObject("Regression BackOffice/CLNK-23449/FrameMain"), 30): null

2019-03-22 11:03:46 - [TEST_STEP][PASSED] - waitForPageLoad(50): Wait for page load successfully

2019-03-22 11:03:46 - [MESSAGE][PASSED] - Wait for page load successfully

2019-03-22 11:03:46 - [TEST_STEP][PASSED] - waitForElementPresent(findTestObject("Regression BackOffice/CLINK-27759/RoleAccessSecurityReportLink"), 50): Object 'Object Repository/Regression BackOffice/CLINK-27759/RoleAccessSecurityReportLink' is present

2019-03-22 11:03:46 - [MESSAGE][PASSED] - Object 'Object Repository/Regression BackOffice/CLINK-27759/RoleAccessSecurityReportLink' is present

2019-03-22 11:03:46 - [TEST_STEP][PASSED] - click(findTestObject("Regression BackOffice/CLINK-27759/RoleAccessSecurityReportLink")): Object: 'Object Repository/Regression BackOffice/CLINK-27759/RoleAccessSecurityReportLink' is clicked on

2019-03-22 11:03:52 - [MESSAGE][PASSED] - Object: 'Object Repository/Regression BackOffice/CLINK-27759/RoleAccessSecurityReportLink' is clicked on

2019-03-22 11:03:52 - [TEST_STEP][PASSED] - delay(2): Delayed 2 second(s)

2019-03-22 11:03:54 - [MESSAGE][PASSED] - Delayed 2 second(s)

2019-03-22 11:03:54 - [TEST_STEP][PASSED] - waitForPageLoad(50): Wait for page load successfully

2019-03-22 11:03:54 - [MESSAGE][PASSED] - Wait for page load successfully

2019-03-22 11:03:54 - [TEST_STEP][PASSED] - waitForElementPresent(findTestObject("Regression BackOffice/CLINK-27759/DemoDemoChk"), 50): Object 'Object Repository/Regression BackOffice/CLINK-27759/DemoDemoChk' is present

2019-03-22 11:03:54 - [MESSAGE][PASSED] - Object 'Object Repository/Regression BackOffice/CLINK-27759/DemoDemoChk' is present

2019-03-22 11:03:54 - [TEST_STEP][PASSED] - click(findTestObject("Regression BackOffice/CLINK-27759/DemoDemoChk")): Object: 'Object Repository/Regression BackOffice/CLINK-27759/DemoDemoChk' is clicked on

2019-03-22 11:03:55 - [MESSAGE][PASSED] - Object: 'Object Repository/Regression BackOffice/CLINK-27759/DemoDemoChk' is clicked on

2019-03-22 11:03:55 - [TEST_STEP][PASSED] - delay(2): Delayed 2 second(s)

2019-03-22 11:03:57 - [MESSAGE][PASSED] - Delayed 2 second(s)

2019-03-22 11:03:57 - [TEST_STEP][PASSED] - waitForElementPresent(findTestObject("Regression BackOffice/CLINK-27759/SpecificUser"), 50): Object 'Object Repository/Regression BackOffice/CLINK-27759/SpecificUser' is present

2019-03-22 11:03:57 - [MESSAGE][PASSED] - Object 'Object Repository/Regression BackOffice/CLINK-27759/SpecificUser' is present

2019-03-22 11:03:57 - [TEST_STEP][PASSED] - focus(findTestObject("Regression BackOffice/CLINK-27759/SpecificUser")): Object: 'Object Repository/Regression BackOffice/CLINK-27759/SpecificUser' is focused

2019-03-22 11:03:57 - [MESSAGE][PASSED] - Object: 'Object Repository/Regression BackOffice/CLINK-27759/SpecificUser' is focused

2019-03-22 11:03:57 - [TEST_STEP][PASSED] - click(findTestObject("Regression BackOffice/CLINK-27759/SpecificUser")): Object: 'Object Repository/Regression BackOffice/CLINK-27759/SpecificUser' is clicked on

2019-03-22 11:03:57 - [MESSAGE][PASSED] - Object: 'Object Repository/Regression BackOffice/CLINK-27759/SpecificUser' is clicked on

2019-03-22 11:03:57 - [TEST_STEP][PASSED] - setText(findTestObject("Regression BackOffice/CLINK-27759/SpecificUser"), G_SpecificUser): Text 'Mobin' is set on object 'Object Repository/Regression BackOffice/CLINK-27759/SpecificUser'

2019-03-22 11:03:58 - [MESSAGE][PASSED] - Text 'Mobin' is set on object 'Object Repository/Regression BackOffice/CLINK-27759/SpecificUser'

2019-03-22 11:03:58 - [TEST_STEP][PASSED] - delay(2): Delayed 2 second(s)

2019-03-22 11:04:00 - [MESSAGE][PASSED] - Delayed 2 second(s)

2019-03-22 11:04:00 - [TEST_STEP][PASSED] - sendKeys(findTestObject("Regression BackOffice/CLINK-27759/SpecificUser"), Keys.chord(ARROW_DOWN, ENTER)): Keys 'DOWN + ENTER + ' sent to object: 'Object Repository/Regression BackOffice/CLINK-27759/SpecificUser'

2019-03-22 11:04:00 - [MESSAGE][PASSED] - Keys 'DOWN + ENTER + ' sent to object: 'Object Repository/Regression BackOffice/CLINK-27759/SpecificUser'

2019-03-22 11:04:00 - [TEST_STEP][PASSED] - delay(2): Delayed 2 second(s)

2019-03-22 11:04:02 - [MESSAGE][PASSED] - Delayed 2 second(s)

2019-03-22 11:04:02 - [TEST_STEP][PASSED] - waitForElementPresent(findTestObject("Regression BackOffice/CLINK-27759/ShowReportLink"), 50): Object 'Object Repository/Regression BackOffice/CLINK-27759/ShowReportLink' is present

2019-03-22 11:04:02 - [MESSAGE][PASSED] - Object 'Object Repository/Regression BackOffice/CLINK-27759/ShowReportLink' is present

2019-03-22 11:04:02 - [TEST_STEP][PASSED] - click(findTestObject("Regression BackOffice/CLINK-27759/ShowReportLink")): Object: 'Object Repository/Regression BackOffice/CLINK-27759/ShowReportLink' is clicked on

2019-03-22 11:04:05 - [MESSAGE][PASSED] - Object: 'Object Repository/Regression BackOffice/CLINK-27759/ShowReportLink' is clicked on

2019-03-22 11:04:05 - [TEST_STEP][PASSED] - delay(2): Delayed 2 second(s)

2019-03-22 11:04:07 - [MESSAGE][PASSED] - Delayed 2 second(s)

2019-03-22 11:04:07 - [TEST_STEP][PASSED] - delay(2): Delayed 2 second(s)

2019-03-22 11:04:09 - [MESSAGE][PASSED] - Delayed 2 second(s)

2019-03-22 11:04:09 - [TEST_STEP][PASSED] - waitForElementPresent(findTestObject("Regression BackOffice/CLINK-27759/ExportToLink"), 50): Object 'Object Repository/Regression BackOffice/CLINK-27759/ExportToLink' is present

2019-03-22 11:04:09 - [MESSAGE][PASSED] - Object 'Object Repository/Regression BackOffice/CLINK-27759/ExportToLink' is present

2019-03-22 11:04:09 - [TEST_STEP][PASSED] - focus(findTestObject("Regression BackOffice/CLINK-27759/ExportToLink")): Object: 'Object Repository/Regression BackOffice/CLINK-27759/ExportToLink' is focused

2019-03-22 11:04:10 - [MESSAGE][PASSED] - Object: 'Object Repository/Regression BackOffice/CLINK-27759/ExportToLink' is focused

2019-03-22 11:04:10 - [TEST_STEP][PASSED] - click(findTestObject("Regression BackOffice/CLINK-27759/ExportToLink")): Object: 'Object Repository/Regression BackOffice/CLINK-27759/ExportToLink' is clicked on

2019-03-22 11:04:10 - [MESSAGE][PASSED] - Object: 'Object Repository/Regression BackOffice/CLINK-27759/ExportToLink' is clicked on

2019-03-22 11:04:10 - [TEST_STEP][PASSED] - delay(2): Delayed 2 second(s)

2019-03-22 11:04:12 - [MESSAGE][PASSED] - Delayed 2 second(s)

2019-03-22 11:04:12 - [TEST_STEP][PASSED] - sendKeys(findTestObject("Regression BackOffice/CLINK-27759/ExportToLink"), Keys.chord(ARROW_DOWN, ENTER)): Keys 'DOWN + ENTER + ' sent to object: 'Object Repository/Regression BackOffice/CLINK-27759/ExportToLink'

2019-03-22 11:04:12 - [MESSAGE][PASSED] - Keys 'DOWN + ENTER + ' sent to object: 'Object Repository/Regression BackOffice/CLINK-27759/ExportToLink'

2019-03-22 11:04:12 - [TEST_STEP][PASSED] - delay(2): Delayed 2 second(s)

2019-03-22 11:04:14 - [MESSAGE][PASSED] - Delayed 2 second(s)

2019-03-22 11:04:14 - [TEST_STEP][PASSED] - waitForElementPresent(findTestObject("Regression BackOffice/CLINK-27759/ExportToFile"), 50): Object 'Object Repository/Regression BackOffice/CLINK-27759/ExportToFile' is present

2019-03-22 11:04:14 - [MESSAGE][PASSED] - Object 'Object Repository/Regression BackOffice/CLINK-27759/ExportToFile' is present

2019-03-22 11:04:14 - [TEST_STEP][PASSED] - click(findTestObject("Regression BackOffice/CLINK-27759/ExportToFile")): Object: 'Object Repository/Regression BackOffice/CLINK-27759/ExportToFile' is clicked on

2019-03-22 11:04:17 - [MESSAGE][PASSED] - Object: 'Object Repository/Regression BackOffice/CLINK-27759/ExportToFile' is clicked on

2019-03-22 11:04:17 - [TEST_STEP][PASSED] - delay(2): Delayed 2 second(s)

2019-03-22 11:04:19 - [MESSAGE][PASSED] - Delayed 2 second(s)

2019-03-22 11:04:19 - [TEST_STEP][PASSED] - waitForElementPresent(findTestObject("Regression BackOffice/CLINK-27759/Demo_DemoObject"), 50): Object 'Object Repository/Regression BackOffice/CLINK-27759/Demo_DemoObject' is present

2019-03-22 11:04:19 - [MESSAGE][PASSED] - Object 'Object Repository/Regression BackOffice/CLINK-27759/Demo_DemoObject' is present

2019-03-22 11:04:19 - [TEST_STEP][PASSED] - verifyElementPresent(findTestObject("Regression BackOffice/CLINK-27759/Demo_DemoObject"), 0): Object 'Object Repository/Regression BackOffice/CLINK-27759/Demo_DemoObject' is present

2019-03-22 11:04:19 - [MESSAGE][WARNING] - Timeout '0' is invalid. Using default page load timeout: '30'

2019-03-22 11:04:19 - [MESSAGE][PASSED] - Object 'Object Repository/Regression BackOffice/CLINK-27759/Demo_DemoObject' is present

2019-03-22 11:04:19 - [TEST_STEP][PASSED] - delay(2): Delayed 2 second(s)

2019-03-22 11:04:21 - [MESSAGE][PASSED] - Delayed 2 second(s)

2019-03-22 11:04:21 - [TEST_STEP][PASSED] - waitForElementPresent(findTestObject("Regression BackOffice/CLINK-27759/ResetLink"), 50): Object 'Object Repository/Regression BackOffice/CLINK-27759/ResetLink' is present

2019-03-22 11:04:21 - [MESSAGE][PASSED] - Object 'Object Repository/Regression BackOffice/CLINK-27759/ResetLink' is present

2019-03-22 11:04:21 - [TEST_STEP][PASSED] - click(findTestObject("Regression BackOffice/CLINK-27759/ResetLink")): Object: 'Object Repository/Regression BackOffice/CLINK-27759/ResetLink' is clicked on

2019-03-22 11:04:22 - [MESSAGE][PASSED] - Object: 'Object Repository/Regression BackOffice/CLINK-27759/ResetLink' is clicked on

2019-03-22 11:04:22 - [TEST_STEP][PASSED] - delay(2): Delayed 2 second(s)

2019-03-22 11:04:24 - [MESSAGE][PASSED] - Delayed 2 second(s)

2019-03-22 11:04:24 - [TEST_STEP][PASSED] - waitForElementPresent(findTestObject("Regression BackOffice/CLINK-27759/DemoDemoChk"), 50): Object 'Object Repository/Regression BackOffice/CLINK-27759/DemoDemoChk' is present

2019-03-22 11:04:24 - [MESSAGE][PASSED] - Object 'Object Repository/Regression BackOffice/CLINK-27759/DemoDemoChk' is present

2019-03-22 11:04:24 - [TEST_STEP][PASSED] - click(findTestObject("Regression BackOffice/CLINK-27759/DemoDemoChk")): Object: 'Object Repository/Regression BackOffice/CLINK-27759/DemoDemoChk' is clicked on

2019-03-22 11:04:24 - [MESSAGE][PASSED] - Object: 'Object Repository/Regression BackOffice/CLINK-27759/DemoDemoChk' is clicked on

2019-03-22 11:04:24 - [TEST_STEP][PASSED] - delay(2): Delayed 2 second(s)

2019-03-22 11:04:26 - [MESSAGE][PASSED] - Delayed 2 second(s)

2019-03-22 11:04:26 - [TEST_STEP][PASSED] - waitForElementPresent(findTestObject("Regression BackOffice/CLINK-27759/SpecificUser"), 50): Object 'Object Repository/Regression BackOffice/CLINK-27759/SpecificUser' is present

2019-03-22 11:04:26 - [MESSAGE][PASSED] - Object 'Object Repository/Regression BackOffice/CLINK-27759/SpecificUser' is present

2019-03-22 11:04:26 - [TEST_STEP][PASSED] - focus(findTestObject("Regression BackOffice/CLINK-27759/SpecificUser")): Object: 'Object Repository/Regression BackOffice/CLINK-27759/SpecificUser' is focused

2019-03-22 11:04:26 - [MESSAGE][PASSED] - Object: 'Object Repository/Regression BackOffice/CLINK-27759/SpecificUser' is focused

2019-03-22 11:04:26 - [TEST_STEP][PASSED] - click(findTestObject("Regression BackOffice/CLINK-27759/SpecificUser")): Object: 'Object Repository/Regression BackOffice/CLINK-27759/SpecificUser' is clicked on

2019-03-22 11:04:27 - [MESSAGE][PASSED] - Object: 'Object Repository/Regression BackOffice/CLINK-27759/SpecificUser' is clicked on

2019-03-22 11:04:27 - [TEST_STEP][PASSED] - setText(findTestObject("Regression BackOffice/CLINK-27759/SpecificUser"), "Test"): Text 'Test' is set on object 'Object Repository/Regression BackOffice/CLINK-27759/SpecificUser'

2019-03-22 11:04:27 - [MESSAGE][PASSED] - Text 'Test' is set on object 'Object Repository/Regression BackOffice/CLINK-27759/SpecificUser'

2019-03-22 11:04:27 - [TEST_STEP][PASSED] - delay(2): Delayed 2 second(s)

2019-03-22 11:04:29 - [MESSAGE][PASSED] - Delayed 2 second(s)

2019-03-22 11:04:29 - [TEST_STEP][PASSED] - sendKeys(findTestObject("Regression BackOffice/CLINK-27759/SpecificUser"), Keys.chord(ARROW_DOWN, ARROW_DOWN, ARROW_DOWN, ARROW_DOWN, ARROW_DOWN, ARROW_DOWN, ARROW_DOWN, ENTER)): Keys 'DOWN + DOWN + DOWN + DOWN + DOWN + DOWN + DOWN + ENTER + ' sent to object: 'Object Repository/Regression BackOffice/CLINK-27759/SpecificUser'

2019-03-22 11:04:29 - [MESSAGE][PASSED] - Keys 'DOWN + DOWN + DOWN + DOWN + DOWN + DOWN + DOWN + ENTER + ' sent to object: 'Object Repository/Regression BackOffice/CLINK-27759/SpecificUser'

2019-03-22 11:04:29 - [TEST_STEP][PASSED] - delay(2): Delayed 2 second(s)

2019-03-22 11:04:31 - [MESSAGE][PASSED] - Delayed 2 second(s)

2019-03-22 11:04:31 - [TEST_STEP][PASSED] - waitForElementPresent(findTestObject("Regression BackOffice/CLINK-27759/ShowReportLink"), 50): Object 'Object Repository/Regression BackOffice/CLINK-27759/ShowReportLink' is present

2019-03-22 11:04:31 - [MESSAGE][PASSED] - Object 'Object Repository/Regression BackOffice/CLINK-27759/ShowReportLink' is present

2019-03-22 11:04:31 - [TEST_STEP][PASSED] - click(findTestObject("Regression BackOffice/CLINK-27759/ShowReportLink")): Object: 'Object Repository/Regression BackOffice/CLINK-27759/ShowReportLink' is clicked on

2019-03-22 11:04:33 - [MESSAGE][PASSED] - Object: 'Object Repository/Regression BackOffice/CLINK-27759/ShowReportLink' is clicked on

2019-03-22 11:04:33 - [TEST_STEP][PASSED] - delay(2): Delayed 2 second(s)

2019-03-22 11:04:35 - [MESSAGE][PASSED] - Delayed 2 second(s)

2019-03-22 11:04:35 - [TEST_STEP][PASSED] - waitForElementPresent(findTestObject("Regression BackOffice/CLINK-27759/ExportToLink"), 50): Object 'Object Repository/Regression BackOffice/CLINK-27759/ExportToLink' is present

2019-03-22 11:04:36 - [MESSAGE][PASSED] - Object 'Object Repository/Regression BackOffice/CLINK-27759/ExportToLink' is present

2019-03-22 11:04:36 - [TEST_STEP][PASSED] - focus(findTestObject("Regression BackOffice/CLINK-27759/ExportToLink")): Object: 'Object Repository/Regression BackOffice/CLINK-27759/ExportToLink' is focused

2019-03-22 11:04:36 - [MESSAGE][PASSED] - Object: 'Object Repository/Regression BackOffice/CLINK-27759/ExportToLink' is focused

2019-03-22 11:04:36 - [TEST_STEP][PASSED] - click(findTestObject("Regression BackOffice/CLINK-27759/ExportToLink")): Object: 'Object Repository/Regression BackOffice/CLINK-27759/ExportToLink' is clicked on

2019-03-22 11:04:36 - [MESSAGE][PASSED] - Object: 'Object Repository/Regression BackOffice/CLINK-27759/ExportToLink' is clicked on

2019-03-22 11:04:36 - [TEST_STEP][PASSED] - delay(2): Delayed 2 second(s)

2019-03-22 11:04:38 - [MESSAGE][PASSED] - Delayed 2 second(s)

2019-03-22 11:04:38 - [TEST_STEP][PASSED] - sendKeys(findTestObject("Regression BackOffice/CLINK-27759/ExportToLink"), Keys.chord(ARROW_DOWN, ENTER)): Keys 'DOWN + ENTER + ' sent to object: 'Object Repository/Regression BackOffice/CLINK-27759/ExportToLink'

2019-03-22 11:04:38 - [MESSAGE][PASSED] - Keys 'DOWN + ENTER + ' sent to object: 'Object Repository/Regression BackOffice/CLINK-27759/ExportToLink'

2019-03-22 11:04:38 - [TEST_STEP][PASSED] - delay(2): Delayed 2 second(s)

2019-03-22 11:04:40 - [MESSAGE][PASSED] - Delayed 2 second(s)

2019-03-22 11:04:40 - [TEST_STEP][PASSED] - waitForElementPresent(findTestObject("Regression BackOffice/CLINK-27759/ExportToFile"), 50): Object 'Object Repository/Regression BackOffice/CLINK-27759/ExportToFile' is present

2019-03-22 11:04:41 - [MESSAGE][PASSED] - Object 'Object Repository/Regression BackOffice/CLINK-27759/ExportToFile' is present

2019-03-22 11:04:41 - [TEST_STEP][PASSED] - click(findTestObject("Regression BackOffice/CLINK-27759/ExportToFile")): Object: 'Object Repository/Regression BackOffice/CLINK-27759/ExportToFile' is clicked on

2019-03-22 11:04:42 - [MESSAGE][PASSED] - Object: 'Object Repository/Regression BackOffice/CLINK-27759/ExportToFile' is clicked on

2019-03-22 11:04:42 - [TEST_STEP][PASSED] - delay(2): Delayed 2 second(s)

2019-03-22 11:04:44 - [MESSAGE][PASSED] - Delayed 2 second(s)]]></system-out>
         <system-err><![CDATA[]]></system-err>
      </testcase>
      <testcase name="Test Cases/Regression BackOffice (All Browsers)/CLNK-10235 - Enter a Need from Schedule Block" classname="Test Cases/Regression BackOffice (All Browsers)/CLNK-10235 - Enter a Need from Schedule Block" status="PASSED">
         <system-out><![CDATA[2019-03-22 11:04:47 - [TEST_CASE][PASSED] - Test Cases/Regression BackOffice (All Browsers)/CLNK-10235 - Enter a Need from Schedule Block: Test Cases/Regression BackOffice (All Browsers)/CLNK-10235 - Enter a Need from Schedule Block

2019-03-22 11:04:47 - [TEST_STEP][PASSED] - callTestCase(findTestCase("Regression BackOffice (All Browsers)/CLNK-23439 - Clink - Back office Client"), [:], STOP_ON_FAILURE): Call Test Case 'Test Cases/Regression BackOffice (All Browsers)/CLNK-23439 - Clink - Back office Client' successfully

2019-03-22 11:04:47 - [TEST_CASE][PASSED] - Test Cases/Regression BackOffice (All Browsers)/CLNK-23439 - Clink - Back office Client: Test Cases/Regression BackOffice (All Browsers)/CLNK-23439 - Clink - Back office Client

2019-03-22 11:04:47 - [TEST_STEP][PASSED] - openBrowser(G_SiteBackOffice): Browser is opened with url: 'http://qanewpoc.continulink.com:81/backoffice/Login.aspx'

2019-03-22 11:04:48 - [MESSAGE][WARNING] - A browser is already opened. Closing browser and opening a new one

2019-03-22 11:04:49 - [MESSAGE][INFO] - Starting 'Chrome' driver

2019-03-22 11:04:57 - [MESSAGE][PASSED] - Browser is opened with url: 'http://qanewpoc.continulink.com:81/backoffice/Login.aspx'

2019-03-22 11:04:57 - [TEST_STEP][PASSED] - waitForPageLoad(60): Wait for page load successfully

2019-03-22 11:04:57 - [MESSAGE][PASSED] - Wait for page load successfully

2019-03-22 11:04:57 - [TEST_STEP][PASSED] - maximizeWindow(): Current window maximized

2019-03-22 11:04:58 - [MESSAGE][PASSED] - Current window maximized

2019-03-22 11:04:58 - [TEST_STEP][PASSED] - setText(findTestObject("Regression BackOffice/Login/UserBackOffice"), G_UserBackOffice): Text 'demo' is set on object 'Object Repository/Regression BackOffice/Login/UserBackOffice'

2019-03-22 11:04:59 - [MESSAGE][PASSED] - Text 'demo' is set on object 'Object Repository/Regression BackOffice/Login/UserBackOffice'

2019-03-22 11:04:59 - [TEST_STEP][PASSED] - setText(findTestObject("Regression BackOffice/Login/PasswordBackOffice"), G_PasswordBackOffice): Text 'qwerty' is set on object 'Object Repository/Regression BackOffice/Login/PasswordBackOffice'

2019-03-22 11:04:59 - [MESSAGE][PASSED] - Text 'qwerty' is set on object 'Object Repository/Regression BackOffice/Login/PasswordBackOffice'

2019-03-22 11:04:59 - [TEST_STEP][PASSED] - click(findTestObject("Regression BackOffice/Login/LoginBackOffice")): Object: 'Object Repository/Regression BackOffice/Login/LoginBackOffice' is clicked on

2019-03-22 11:05:06 - [MESSAGE][PASSED] - Object: 'Object Repository/Regression BackOffice/Login/LoginBackOffice' is clicked on

2019-03-22 11:05:06 - [TEST_STEP][PASSED] - waitForPageLoad(60): Wait for page load successfully

2019-03-22 11:05:06 - [MESSAGE][PASSED] - Wait for page load successfully

2019-03-22 11:05:06 - [TEST_STEP][PASSED] - delay(3): Delayed 3 second(s)

2019-03-22 11:05:09 - [MESSAGE][PASSED] - Delayed 3 second(s)

2019-03-22 11:05:09 - [TEST_STEP][PASSED] - switchToFrame(findTestObject("Regression BackOffice/CLNK-23449/FrameLeft"), 5): null

2019-03-22 11:05:09 - [TEST_STEP][PASSED] - waitForElementPresent(findTestObject("Regression BackOffice/CLNK-23449/ClienIntakeICon"), 60): Object 'Object Repository/Regression BackOffice/CLNK-23449/ClienIntakeICon' is present

2019-03-22 11:05:09 - [MESSAGE][PASSED] - Object 'Object Repository/Regression BackOffice/CLNK-23449/ClienIntakeICon' is present

2019-03-22 11:05:09 - [TEST_STEP][PASSED] - verifyElementPresent(findTestObject("Regression BackOffice/CLNK-23449/ClienIntakeICon"), 100): Object 'Object Repository/Regression BackOffice/CLNK-23449/ClienIntakeICon' is present

2019-03-22 11:05:09 - [MESSAGE][PASSED] - Object 'Object Repository/Regression BackOffice/CLNK-23449/ClienIntakeICon' is present

2019-03-22 11:05:09 - [TEST_STEP][PASSED] - switchToDefaultContent(): null

2019-03-22 11:05:09 - [MESSAGE][PASSED] - Call Test Case 'Test Cases/Regression BackOffice (All Browsers)/CLNK-23439 - Clink - Back office Client' successfully

2019-03-22 11:05:09 - [TEST_STEP][PASSED] - waitForPageLoad(60): Wait for page load successfully

2019-03-22 11:05:09 - [MESSAGE][PASSED] - Wait for page load successfully

2019-03-22 11:05:09 - [TEST_STEP][PASSED] - delay(3): Delayed 3 second(s)

2019-03-22 11:05:12 - [MESSAGE][PASSED] - Delayed 3 second(s)

2019-03-22 11:05:12 - [TEST_STEP][PASSED] - switchToFrame(findTestObject("Regression BackOffice/CLNK-23449/FrameLeft"), 30): null

2019-03-22 11:05:12 - [TEST_STEP][PASSED] - waitForElementPresent(findTestObject("Regression BackOffice/CLNK-23449/ClienIntakeICon"), 100): Object 'Object Repository/Regression BackOffice/CLNK-23449/ClienIntakeICon' is present

2019-03-22 11:05:12 - [MESSAGE][PASSED] - Object 'Object Repository/Regression BackOffice/CLNK-23449/ClienIntakeICon' is present

2019-03-22 11:05:12 - [TEST_STEP][PASSED] - click(findTestObject("Regression BackOffice/CLNK-23449/ClienIntakeICon")): Object: 'Object Repository/Regression BackOffice/CLNK-23449/ClienIntakeICon' is clicked on

2019-03-22 11:05:12 - [MESSAGE][PASSED] - Object: 'Object Repository/Regression BackOffice/CLNK-23449/ClienIntakeICon' is clicked on

2019-03-22 11:05:12 - [TEST_STEP][PASSED] - delay(2): Delayed 2 second(s)

2019-03-22 11:05:14 - [MESSAGE][PASSED] - Delayed 2 second(s)

2019-03-22 11:05:14 - [TEST_STEP][PASSED] - waitForPageLoad(50): Wait for page load successfully

2019-03-22 11:05:14 - [MESSAGE][PASSED] - Wait for page load successfully

2019-03-22 11:05:14 - [TEST_STEP][PASSED] - waitForElementPresent(findTestObject("Regression BackOffice/CLNK-10235/SearchforaClient"), 50): Object 'Object Repository/Regression BackOffice/CLNK-10235/SearchforaClient' is present

2019-03-22 11:05:14 - [MESSAGE][PASSED] - Object 'Object Repository/Regression BackOffice/CLNK-10235/SearchforaClient' is present

2019-03-22 11:05:14 - [TEST_STEP][PASSED] - click(findTestObject("Regression BackOffice/CLNK-10235/SearchforaClient")): Object: 'Object Repository/Regression BackOffice/CLNK-10235/SearchforaClient' is clicked on

2019-03-22 11:05:16 - [MESSAGE][PASSED] - Object: 'Object Repository/Regression BackOffice/CLNK-10235/SearchforaClient' is clicked on

2019-03-22 11:05:16 - [TEST_STEP][PASSED] - delay(2): Delayed 2 second(s)

2019-03-22 11:05:18 - [MESSAGE][PASSED] - Delayed 2 second(s)

2019-03-22 11:05:18 - [TEST_STEP][PASSED] - switchToDefaultContent(): null

2019-03-22 11:05:18 - [TEST_STEP][PASSED] - switchToFrame(findTestObject("Regression BackOffice/CLNK-23449/FrameMain"), 30): null

2019-03-22 11:05:18 - [TEST_STEP][PASSED] - waitForElementPresent(findTestObject("Regression BackOffice/CLNK-10235/FirstNameSearch"), 50): Object 'Object Repository/Regression BackOffice/CLNK-10235/FirstNameSearch' is present

2019-03-22 11:05:18 - [MESSAGE][PASSED] - Object 'Object Repository/Regression BackOffice/CLNK-10235/FirstNameSearch' is present

2019-03-22 11:05:18 - [TEST_STEP][PASSED] - setText(findTestObject("Regression BackOffice/CLNK-10235/FirstNameSearch"), "Jacen"): Text 'Jacen' is set on object 'Object Repository/Regression BackOffice/CLNK-10235/FirstNameSearch'

2019-03-22 11:05:19 - [MESSAGE][PASSED] - Text 'Jacen' is set on object 'Object Repository/Regression BackOffice/CLNK-10235/FirstNameSearch'

2019-03-22 11:05:19 - [TEST_STEP][PASSED] - delay(2): Delayed 2 second(s)

2019-03-22 11:05:21 - [MESSAGE][PASSED] - Delayed 2 second(s)

2019-03-22 11:05:21 - [TEST_STEP][PASSED] - waitForElementPresent(findTestObject("Regression BackOffice/CLNK-10235/LastNameSearch"), 50): Object 'Object Repository/Regression BackOffice/CLNK-10235/LastNameSearch' is present

2019-03-22 11:05:21 - [MESSAGE][PASSED] - Object 'Object Repository/Regression BackOffice/CLNK-10235/LastNameSearch' is present

2019-03-22 11:05:21 - [TEST_STEP][PASSED] - setText(findTestObject("Regression BackOffice/CLNK-10235/LastNameSearch"), "Morris"): Text 'Morris' is set on object 'Object Repository/Regression BackOffice/CLNK-10235/LastNameSearch'

2019-03-22 11:05:21 - [MESSAGE][PASSED] - Text 'Morris' is set on object 'Object Repository/Regression BackOffice/CLNK-10235/LastNameSearch'

2019-03-22 11:05:21 - [TEST_STEP][PASSED] - delay(2): Delayed 2 second(s)

2019-03-22 11:05:23 - [MESSAGE][PASSED] - Delayed 2 second(s)

2019-03-22 11:05:23 - [TEST_STEP][PASSED] - waitForElementPresent(findTestObject("Regression BackOffice/CLINK - 27906/SearchButton"), 50): Object 'Object Repository/Regression BackOffice/CLINK - 27906/SearchButton' is present

2019-03-22 11:05:23 - [MESSAGE][PASSED] - Object 'Object Repository/Regression BackOffice/CLINK - 27906/SearchButton' is present

2019-03-22 11:05:23 - [TEST_STEP][PASSED] - click(findTestObject("Regression BackOffice/CLINK - 27906/SearchButton"), STOP_ON_FAILURE): Object: 'Object Repository/Regression BackOffice/CLINK - 27906/SearchButton' is clicked on

2019-03-22 11:05:24 - [MESSAGE][PASSED] - Object: 'Object Repository/Regression BackOffice/CLINK - 27906/SearchButton' is clicked on

2019-03-22 11:05:24 - [TEST_STEP][PASSED] - delay(2): Delayed 2 second(s)

2019-03-22 11:05:26 - [MESSAGE][PASSED] - Delayed 2 second(s)

2019-03-22 11:05:26 - [TEST_STEP][PASSED] - waitForElementPresent(findTestObject("Regression BackOffice/CLINK - 27906/ClientRollbackLink"), 50): Object 'Object Repository/Regression BackOffice/CLINK - 27906/ClientRollbackLink' is present

2019-03-22 11:05:26 - [MESSAGE][PASSED] - Object 'Object Repository/Regression BackOffice/CLINK - 27906/ClientRollbackLink' is present

2019-03-22 11:05:26 - [TEST_STEP][PASSED] - click(findTestObject("Regression BackOffice/CLINK - 27906/ClientRollbackLink"), STOP_ON_FAILURE): Object: 'Object Repository/Regression BackOffice/CLINK - 27906/ClientRollbackLink' is clicked on

2019-03-22 11:05:31 - [MESSAGE][PASSED] - Object: 'Object Repository/Regression BackOffice/CLINK - 27906/ClientRollbackLink' is clicked on

2019-03-22 11:05:31 - [TEST_STEP][PASSED] - delay(2): Delayed 2 second(s)

2019-03-22 11:05:33 - [MESSAGE][PASSED] - Delayed 2 second(s)

2019-03-22 11:05:33 - [TEST_STEP][PASSED] - switchToDefaultContent(): null

2019-03-22 11:05:33 - [TEST_STEP][PASSED] - switchToFrame(findTestObject("Regression BackOffice/CLNK-23449/FrameLeft"), 30): null

2019-03-22 11:05:34 - [TEST_STEP][PASSED] - waitForElementPresent(findTestObject("Regression BackOffice/CLNK-10235/Puntitos"), 50): Object 'Object Repository/Regression BackOffice/CLNK-10235/Puntitos' is present

2019-03-22 11:05:34 - [MESSAGE][PASSED] - Object 'Object Repository/Regression BackOffice/CLNK-10235/Puntitos' is present

2019-03-22 11:05:34 - [TEST_STEP][PASSED] - click(findTestObject("Regression BackOffice/CLNK-10235/Puntitos"), STOP_ON_FAILURE): Object: 'Object Repository/Regression BackOffice/CLNK-10235/Puntitos' is clicked on

2019-03-22 11:05:34 - [MESSAGE][PASSED] - Object: 'Object Repository/Regression BackOffice/CLNK-10235/Puntitos' is clicked on

2019-03-22 11:05:34 - [TEST_STEP][PASSED] - delay(2): Delayed 2 second(s)

2019-03-22 11:05:36 - [MESSAGE][PASSED] - Delayed 2 second(s)

2019-03-22 11:05:36 - [TEST_STEP][PASSED] - waitForPageLoad(50): Wait for page load successfully

2019-03-22 11:05:36 - [MESSAGE][PASSED] - Wait for page load successfully

2019-03-22 11:05:36 - [TEST_STEP][PASSED] - waitForElementPresent(findTestObject("Regression BackOffice/CLNK-10235/ClientIntakeClose"), 100): Object 'Object Repository/Regression BackOffice/CLNK-10235/ClientIntakeClose' is present

2019-03-22 11:05:36 - [MESSAGE][PASSED] - Object 'Object Repository/Regression BackOffice/CLNK-10235/ClientIntakeClose' is present

2019-03-22 11:05:36 - [TEST_STEP][PASSED] - click(findTestObject("Regression BackOffice/CLNK-10235/ClientIntakeClose")): Object: 'Object Repository/Regression BackOffice/CLNK-10235/ClientIntakeClose' is clicked on

2019-03-22 11:05:37 - [MESSAGE][PASSED] - Object: 'Object Repository/Regression BackOffice/CLNK-10235/ClientIntakeClose' is clicked on

2019-03-22 11:05:37 - [TEST_STEP][PASSED] - delay(2): Delayed 2 second(s)

2019-03-22 11:05:39 - [MESSAGE][PASSED] - Delayed 2 second(s)

2019-03-22 11:05:39 - [TEST_STEP][PASSED] - waitForElementPresent(findTestObject("Regression BackOffice/CLNK-10235/ScheduleIcon"), 100): Object 'Object Repository/Regression BackOffice/CLNK-10235/ScheduleIcon' is present

2019-03-22 11:05:39 - [MESSAGE][PASSED] - Object 'Object Repository/Regression BackOffice/CLNK-10235/ScheduleIcon' is present

2019-03-22 11:05:39 - [TEST_STEP][PASSED] - click(findTestObject("Regression BackOffice/CLNK-10235/ScheduleIcon")): Object: 'Object Repository/Regression BackOffice/CLNK-10235/ScheduleIcon' is clicked on

2019-03-22 11:05:39 - [MESSAGE][PASSED] - Object: 'Object Repository/Regression BackOffice/CLNK-10235/ScheduleIcon' is clicked on

2019-03-22 11:05:39 - [TEST_STEP][PASSED] - delay(2): Delayed 2 second(s)

2019-03-22 11:05:41 - [MESSAGE][PASSED] - Delayed 2 second(s)

2019-03-22 11:05:41 - [TEST_STEP][PASSED] - waitForElementPresent(findTestObject("Regression BackOffice/CLNK-10235/EnterNeeds"), 100): Object 'Object Repository/Regression BackOffice/CLNK-10235/EnterNeeds' is present

2019-03-22 11:05:41 - [MESSAGE][PASSED] - Object 'Object Repository/Regression BackOffice/CLNK-10235/EnterNeeds' is present

2019-03-22 11:05:41 - [TEST_STEP][PASSED] - click(findTestObject("Regression BackOffice/CLNK-10235/EnterNeeds")): Object: 'Object Repository/Regression BackOffice/CLNK-10235/EnterNeeds' is clicked on

2019-03-22 11:05:44 - [MESSAGE][PASSED] - Object: 'Object Repository/Regression BackOffice/CLNK-10235/EnterNeeds' is clicked on

2019-03-22 11:05:44 - [TEST_STEP][PASSED] - delay(2): Delayed 2 second(s)

2019-03-22 11:05:46 - [MESSAGE][PASSED] - Delayed 2 second(s)

2019-03-22 11:05:46 - [TEST_STEP][PASSED] - switchToDefaultContent(): null

2019-03-22 11:05:46 - [TEST_STEP][PASSED] - switchToFrame(findTestObject("Regression BackOffice/CLNK-23449/FrameMain"), 30): null

2019-03-22 11:05:47 - [TEST_STEP][PASSED] - delay(3): Delayed 3 second(s)

2019-03-22 11:05:50 - [MESSAGE][PASSED] - Delayed 3 second(s)

2019-03-22 11:05:50 - [TEST_STEP][PASSED] - waitForElementPresent(findTestObject("Regression BackOffice/CLNK-10235/Client NameSearchNeeds"), 100): Object 'Object Repository/Regression BackOffice/CLNK-10235/Client NameSearchNeeds' is present

2019-03-22 11:05:50 - [MESSAGE][PASSED] - Object 'Object Repository/Regression BackOffice/CLNK-10235/Client NameSearchNeeds' is present

2019-03-22 11:05:50 - [TEST_STEP][PASSED] - setText(findTestObject("Regression BackOffice/CLNK-10235/Client NameSearchNeeds"), "Morris"): Text 'Morris' is set on object 'Object Repository/Regression BackOffice/CLNK-10235/Client NameSearchNeeds'

2019-03-22 11:05:50 - [MESSAGE][PASSED] - Text 'Morris' is set on object 'Object Repository/Regression BackOffice/CLNK-10235/Client NameSearchNeeds'

2019-03-22 11:05:50 - [TEST_STEP][PASSED] - delay(2): Delayed 2 second(s)

2019-03-22 11:05:52 - [MESSAGE][PASSED] - Delayed 2 second(s)

2019-03-22 11:05:52 - [TEST_STEP][PASSED] - click(findTestObject("Regression BackOffice/CLNK-10235/Client NameSearchNeeds")): Object: 'Object Repository/Regression BackOffice/CLNK-10235/Client NameSearchNeeds' is clicked on

2019-03-22 11:05:53 - [MESSAGE][PASSED] - Object: 'Object Repository/Regression BackOffice/CLNK-10235/Client NameSearchNeeds' is clicked on

2019-03-22 11:05:53 - [TEST_STEP][PASSED] - sendKeys(findTestObject("Regression BackOffice/CLNK-10235/Client NameSearchNeeds"), Keys.chord(ARROW_DOWN, ENTER)): Keys 'DOWN + ENTER + ' sent to object: 'Object Repository/Regression BackOffice/CLNK-10235/Client NameSearchNeeds'

2019-03-22 11:05:53 - [MESSAGE][PASSED] - Keys 'DOWN + ENTER + ' sent to object: 'Object Repository/Regression BackOffice/CLNK-10235/Client NameSearchNeeds'

2019-03-22 11:05:53 - [TEST_STEP][PASSED] - waitForElementPresent(findTestObject("Regression BackOffice/CLNK-10235/ScheduleAssessmentCode"), 100): Object 'Object Repository/Regression BackOffice/CLNK-10235/ScheduleAssessmentCode' is present

2019-03-22 11:05:54 - [MESSAGE][PASSED] - Object 'Object Repository/Regression BackOffice/CLNK-10235/ScheduleAssessmentCode' is present

2019-03-22 11:05:54 - [TEST_STEP][PASSED] - click(findTestObject("Regression BackOffice/CLNK-10235/ScheduleAssessmentCode")): Object: 'Object Repository/Regression BackOffice/CLNK-10235/ScheduleAssessmentCode' is clicked on

2019-03-22 11:05:55 - [MESSAGE][PASSED] - Object: 'Object Repository/Regression BackOffice/CLNK-10235/ScheduleAssessmentCode' is clicked on

2019-03-22 11:05:55 - [TEST_STEP][PASSED] - delay(2): Delayed 2 second(s)

2019-03-22 11:05:57 - [MESSAGE][PASSED] - Delayed 2 second(s)

2019-03-22 11:05:57 - [TEST_STEP][PASSED] - waitForElementPresent(findTestObject("Regression BackOffice/CLNK-10235/ServiceTypeList"), 100): Object 'Object Repository/Regression BackOffice/CLNK-10235/ServiceTypeList' is present

2019-03-22 11:05:57 - [MESSAGE][PASSED] - Object 'Object Repository/Regression BackOffice/CLNK-10235/ServiceTypeList' is present

2019-03-22 11:05:57 - [TEST_STEP][PASSED] - click(findTestObject("Regression BackOffice/CLNK-10235/ServiceTypeList")): Object: 'Object Repository/Regression BackOffice/CLNK-10235/ServiceTypeList' is clicked on

2019-03-22 11:05:57 - [MESSAGE][PASSED] - Object: 'Object Repository/Regression BackOffice/CLNK-10235/ServiceTypeList' is clicked on

2019-03-22 11:05:57 - [TEST_STEP][PASSED] - sendKeys(findTestObject("Regression BackOffice/CLNK-10235/ServiceTypeList"), Keys.chord(ARROW_DOWN, ENTER)): Keys 'DOWN + ENTER + ' sent to object: 'Object Repository/Regression BackOffice/CLNK-10235/ServiceTypeList'

2019-03-22 11:05:58 - [MESSAGE][PASSED] - Keys 'DOWN + ENTER + ' sent to object: 'Object Repository/Regression BackOffice/CLNK-10235/ServiceTypeList'

2019-03-22 11:05:58 - [TEST_STEP][PASSED] - delay(2): Delayed 2 second(s)

2019-03-22 11:06:00 - [MESSAGE][PASSED] - Delayed 2 second(s)

2019-03-22 11:06:00 - [TEST_STEP][PASSED] - scrollToElement(findTestObject("Regression BackOffice/CLNK-10235/StartTime"), 10): Scroll to object 'Object Repository/Regression BackOffice/CLNK-10235/StartTime' successfully

2019-03-22 11:06:00 - [MESSAGE][PASSED] - Scroll to object 'Object Repository/Regression BackOffice/CLNK-10235/StartTime' successfully

2019-03-22 11:06:00 - [TEST_STEP][PASSED] - waitForElementPresent(findTestObject("Regression BackOffice/CLNK-10235/StartTime"), 100): Object 'Object Repository/Regression BackOffice/CLNK-10235/StartTime' is present

2019-03-22 11:06:00 - [MESSAGE][PASSED] - Object 'Object Repository/Regression BackOffice/CLNK-10235/StartTime' is present

2019-03-22 11:06:00 - [TEST_STEP][PASSED] - click(findTestObject("Regression BackOffice/CLNK-10235/StartTime")): Object: 'Object Repository/Regression BackOffice/CLNK-10235/StartTime' is clicked on

2019-03-22 11:06:00 - [MESSAGE][PASSED] - Object: 'Object Repository/Regression BackOffice/CLNK-10235/StartTime' is clicked on

2019-03-22 11:06:00 - [TEST_STEP][PASSED] - sendKeys(findTestObject("Regression BackOffice/CLNK-10235/StartTime"), "1126"): Keys '1126' sent to object: 'Object Repository/Regression BackOffice/CLNK-10235/StartTime'

2019-03-22 11:06:00 - [MESSAGE][PASSED] - Keys '1126' sent to object: 'Object Repository/Regression BackOffice/CLNK-10235/StartTime'

2019-03-22 11:06:00 - [TEST_STEP][PASSED] - delay(2): Delayed 2 second(s)

2019-03-22 11:06:02 - [MESSAGE][PASSED] - Delayed 2 second(s)

2019-03-22 11:06:02 - [TEST_STEP][PASSED] - waitForElementPresent(findTestObject("Regression BackOffice/CLNK-10235/EndTime"), 100): Object 'Object Repository/Regression BackOffice/CLNK-10235/EndTime' is present

2019-03-22 11:06:03 - [MESSAGE][PASSED] - Object 'Object Repository/Regression BackOffice/CLNK-10235/EndTime' is present

2019-03-22 11:06:03 - [TEST_STEP][PASSED] - click(findTestObject("Regression BackOffice/CLNK-10235/EndTime")): Object: 'Object Repository/Regression BackOffice/CLNK-10235/EndTime' is clicked on

2019-03-22 11:06:03 - [MESSAGE][PASSED] - Object: 'Object Repository/Regression BackOffice/CLNK-10235/EndTime' is clicked on

2019-03-22 11:06:03 - [TEST_STEP][PASSED] - sendKeys(findTestObject("Regression BackOffice/CLNK-10235/EndTime"), "1136"): Keys '1136' sent to object: 'Object Repository/Regression BackOffice/CLNK-10235/EndTime'

2019-03-22 11:06:03 - [MESSAGE][PASSED] - Keys '1136' sent to object: 'Object Repository/Regression BackOffice/CLNK-10235/EndTime'

2019-03-22 11:06:03 - [TEST_STEP][PASSED] - delay(2): Delayed 2 second(s)

2019-03-22 11:06:05 - [MESSAGE][PASSED] - Delayed 2 second(s)

2019-03-22 11:06:05 - [TEST_STEP][PASSED] - scrollToElement(findTestObject("Regression BackOffice/CLNK-10235/CaregiverName"), 10): Scroll to object 'Object Repository/Regression BackOffice/CLNK-10235/CaregiverName' successfully

2019-03-22 11:06:05 - [MESSAGE][PASSED] - Scroll to object 'Object Repository/Regression BackOffice/CLNK-10235/CaregiverName' successfully

2019-03-22 11:06:05 - [TEST_STEP][PASSED] - waitForElementPresent(findTestObject("Regression BackOffice/CLNK-10235/CaregiverName"), 100): Object 'Object Repository/Regression BackOffice/CLNK-10235/CaregiverName' is present

2019-03-22 11:06:05 - [MESSAGE][PASSED] - Object 'Object Repository/Regression BackOffice/CLNK-10235/CaregiverName' is present

2019-03-22 11:06:05 - [TEST_STEP][PASSED] - setText(findTestObject("Regression BackOffice/CLNK-10235/CaregiverName"), "Dimitra, Natasha"): Text 'Dimitra, Natasha' is set on object 'Object Repository/Regression BackOffice/CLNK-10235/CaregiverName'

2019-03-22 11:06:06 - [MESSAGE][PASSED] - Text 'Dimitra, Natasha' is set on object 'Object Repository/Regression BackOffice/CLNK-10235/CaregiverName'

2019-03-22 11:06:06 - [TEST_STEP][PASSED] - delay(2): Delayed 2 second(s)

2019-03-22 11:06:08 - [MESSAGE][PASSED] - Delayed 2 second(s)

2019-03-22 11:06:08 - [TEST_STEP][PASSED] - click(findTestObject("Regression BackOffice/CLNK-10235/CaregiverName")): Object: 'Object Repository/Regression BackOffice/CLNK-10235/CaregiverName' is clicked on

2019-03-22 11:06:08 - [MESSAGE][PASSED] - Object: 'Object Repository/Regression BackOffice/CLNK-10235/CaregiverName' is clicked on

2019-03-22 11:06:08 - [TEST_STEP][PASSED] - sendKeys(findTestObject("Regression BackOffice/CLNK-10235/CaregiverName"), Keys.chord(ARROW_DOWN, ENTER)): Keys 'DOWN + ENTER + ' sent to object: 'Object Repository/Regression BackOffice/CLNK-10235/CaregiverName'

2019-03-22 11:06:09 - [MESSAGE][PASSED] - Keys 'DOWN + ENTER + ' sent to object: 'Object Repository/Regression BackOffice/CLNK-10235/CaregiverName'

2019-03-22 11:06:09 - [TEST_STEP][PASSED] - switchToDefaultContent(): null

2019-03-22 11:06:09 - [TEST_STEP][PASSED] - switchToFrame(findTestObject("Regression BackOffice/CLINK-17788/BannerFrame"), 30): null

2019-03-22 11:06:09 - [TEST_STEP][PASSED] - waitForElementPresent(findTestObject("Regression BackOffice/CLNK-10235/SaveButton"), 50): Object 'Object Repository/Regression BackOffice/CLNK-10235/SaveButton' is present

2019-03-22 11:06:09 - [MESSAGE][PASSED] - Object 'Object Repository/Regression BackOffice/CLNK-10235/SaveButton' is present

2019-03-22 11:06:09 - [TEST_STEP][PASSED] - click(findTestObject("Regression BackOffice/CLNK-10235/SaveButton"), STOP_ON_FAILURE): Object: 'Object Repository/Regression BackOffice/CLNK-10235/SaveButton' is clicked on

2019-03-22 11:06:09 - [MESSAGE][PASSED] - Object: 'Object Repository/Regression BackOffice/CLNK-10235/SaveButton' is clicked on

2019-03-22 11:06:09 - [TEST_STEP][PASSED] - delay(2): Delayed 2 second(s)

2019-03-22 11:06:11 - [MESSAGE][PASSED] - Delayed 2 second(s)]]></system-out>
         <system-err><![CDATA[]]></system-err>
      </testcase>
      <testcase name="Test Cases/Regression BackOffice (All Browsers)/CLNK-23439 - Clink - Back office Client" classname="Test Cases/Regression BackOffice (All Browsers)/CLNK-23439 - Clink - Back office Client" status="PASSED">
         <system-out><![CDATA[2019-03-22 11:06:14 - [TEST_CASE][PASSED] - Test Cases/Regression BackOffice (All Browsers)/CLNK-23439 - Clink - Back office Client: Test Cases/Regression BackOffice (All Browsers)/CLNK-23439 - Clink - Back office Client

2019-03-22 11:06:14 - [TEST_STEP][PASSED] - openBrowser(G_SiteBackOffice): Browser is opened with url: 'http://qanewpoc.continulink.com:81/backoffice/Login.aspx'

2019-03-22 11:06:14 - [MESSAGE][WARNING] - A browser is already opened. Closing browser and opening a new one

2019-03-22 11:06:15 - [MESSAGE][INFO] - Starting 'Chrome' driver

2019-03-22 11:06:22 - [MESSAGE][PASSED] - Browser is opened with url: 'http://qanewpoc.continulink.com:81/backoffice/Login.aspx'

2019-03-22 11:06:22 - [TEST_STEP][PASSED] - waitForPageLoad(60): Wait for page load successfully

2019-03-22 11:06:22 - [MESSAGE][PASSED] - Wait for page load successfully

2019-03-22 11:06:22 - [TEST_STEP][PASSED] - maximizeWindow(): Current window maximized

2019-03-22 11:06:23 - [MESSAGE][PASSED] - Current window maximized

2019-03-22 11:06:23 - [TEST_STEP][PASSED] - setText(findTestObject("Regression BackOffice/Login/UserBackOffice"), G_UserBackOffice): Text 'demo' is set on object 'Object Repository/Regression BackOffice/Login/UserBackOffice'

2019-03-22 11:06:23 - [MESSAGE][PASSED] - Text 'demo' is set on object 'Object Repository/Regression BackOffice/Login/UserBackOffice'

2019-03-22 11:06:23 - [TEST_STEP][PASSED] - setText(findTestObject("Regression BackOffice/Login/PasswordBackOffice"), G_PasswordBackOffice): Text 'qwerty' is set on object 'Object Repository/Regression BackOffice/Login/PasswordBackOffice'

2019-03-22 11:06:24 - [MESSAGE][PASSED] - Text 'qwerty' is set on object 'Object Repository/Regression BackOffice/Login/PasswordBackOffice'

2019-03-22 11:06:24 - [TEST_STEP][PASSED] - click(findTestObject("Regression BackOffice/Login/LoginBackOffice")): Object: 'Object Repository/Regression BackOffice/Login/LoginBackOffice' is clicked on

2019-03-22 11:06:30 - [MESSAGE][PASSED] - Object: 'Object Repository/Regression BackOffice/Login/LoginBackOffice' is clicked on

2019-03-22 11:06:30 - [TEST_STEP][PASSED] - waitForPageLoad(60): Wait for page load successfully

2019-03-22 11:06:30 - [MESSAGE][PASSED] - Wait for page load successfully

2019-03-22 11:06:30 - [TEST_STEP][PASSED] - delay(3): Delayed 3 second(s)

2019-03-22 11:06:33 - [MESSAGE][PASSED] - Delayed 3 second(s)

2019-03-22 11:06:33 - [TEST_STEP][PASSED] - switchToFrame(findTestObject("Regression BackOffice/CLNK-23449/FrameLeft"), 5): null

2019-03-22 11:06:34 - [TEST_STEP][PASSED] - waitForElementPresent(findTestObject("Regression BackOffice/CLNK-23449/ClienIntakeICon"), 60): Object 'Object Repository/Regression BackOffice/CLNK-23449/ClienIntakeICon' is present

2019-03-22 11:06:34 - [MESSAGE][PASSED] - Object 'Object Repository/Regression BackOffice/CLNK-23449/ClienIntakeICon' is present

2019-03-22 11:06:34 - [TEST_STEP][PASSED] - verifyElementPresent(findTestObject("Regression BackOffice/CLNK-23449/ClienIntakeICon"), 100): Object 'Object Repository/Regression BackOffice/CLNK-23449/ClienIntakeICon' is present

2019-03-22 11:06:34 - [MESSAGE][PASSED] - Object 'Object Repository/Regression BackOffice/CLNK-23449/ClienIntakeICon' is present

2019-03-22 11:06:34 - [TEST_STEP][PASSED] - switchToDefaultContent(): null]]></system-out>
         <system-err><![CDATA[]]></system-err>
      </testcase>
      <testcase name="Test Cases/Regression BackOffice (All Browsers)/CLNK-17180 - Admission Authorization Changes Report" classname="Test Cases/Regression BackOffice (All Browsers)/CLNK-17180 - Admission Authorization Changes Report" status="PASSED">
         <system-out><![CDATA[2019-03-22 11:06:36 - [TEST_CASE][PASSED] - Test Cases/Regression BackOffice (All Browsers)/CLNK-17180 - Admission Authorization Changes Report: Test Cases/Regression BackOffice (All Browsers)/CLNK-17180 - Admission Authorization Changes Report

2019-03-22 11:06:37 - [TEST_STEP][PASSED] - callTestCase(findTestCase("Regression BackOffice (All Browsers)/CLNK-23439 - Clink - Back office Client"), [:], STOP_ON_FAILURE): Call Test Case 'Test Cases/Regression BackOffice (All Browsers)/CLNK-23439 - Clink - Back office Client' successfully

2019-03-22 11:06:37 - [TEST_CASE][PASSED] - Test Cases/Regression BackOffice (All Browsers)/CLNK-23439 - Clink - Back office Client: Test Cases/Regression BackOffice (All Browsers)/CLNK-23439 - Clink - Back office Client

2019-03-22 11:06:37 - [TEST_STEP][PASSED] - openBrowser(G_SiteBackOffice): Browser is opened with url: 'http://qanewpoc.continulink.com:81/backoffice/Login.aspx'

2019-03-22 11:06:37 - [MESSAGE][WARNING] - A browser is already opened. Closing browser and opening a new one

2019-03-22 11:06:38 - [MESSAGE][INFO] - Starting 'Chrome' driver

2019-03-22 11:06:44 - [MESSAGE][PASSED] - Browser is opened with url: 'http://qanewpoc.continulink.com:81/backoffice/Login.aspx'

2019-03-22 11:06:44 - [TEST_STEP][PASSED] - waitForPageLoad(60): Wait for page load successfully

2019-03-22 11:06:44 - [MESSAGE][PASSED] - Wait for page load successfully

2019-03-22 11:06:44 - [TEST_STEP][PASSED] - maximizeWindow(): Current window maximized

2019-03-22 11:06:45 - [MESSAGE][PASSED] - Current window maximized

2019-03-22 11:06:45 - [TEST_STEP][PASSED] - setText(findTestObject("Regression BackOffice/Login/UserBackOffice"), G_UserBackOffice): Text 'demo' is set on object 'Object Repository/Regression BackOffice/Login/UserBackOffice'

2019-03-22 11:06:46 - [MESSAGE][PASSED] - Text 'demo' is set on object 'Object Repository/Regression BackOffice/Login/UserBackOffice'

2019-03-22 11:06:46 - [TEST_STEP][PASSED] - setText(findTestObject("Regression BackOffice/Login/PasswordBackOffice"), G_PasswordBackOffice): Text 'qwerty' is set on object 'Object Repository/Regression BackOffice/Login/PasswordBackOffice'

2019-03-22 11:06:46 - [MESSAGE][PASSED] - Text 'qwerty' is set on object 'Object Repository/Regression BackOffice/Login/PasswordBackOffice'

2019-03-22 11:06:46 - [TEST_STEP][PASSED] - click(findTestObject("Regression BackOffice/Login/LoginBackOffice")): Object: 'Object Repository/Regression BackOffice/Login/LoginBackOffice' is clicked on

2019-03-22 11:06:53 - [MESSAGE][PASSED] - Object: 'Object Repository/Regression BackOffice/Login/LoginBackOffice' is clicked on

2019-03-22 11:06:53 - [TEST_STEP][PASSED] - waitForPageLoad(60): Wait for page load successfully

2019-03-22 11:06:53 - [MESSAGE][PASSED] - Wait for page load successfully

2019-03-22 11:06:53 - [TEST_STEP][PASSED] - delay(3): Delayed 3 second(s)

2019-03-22 11:06:56 - [MESSAGE][PASSED] - Delayed 3 second(s)

2019-03-22 11:06:56 - [TEST_STEP][PASSED] - switchToFrame(findTestObject("Regression BackOffice/CLNK-23449/FrameLeft"), 5): null

2019-03-22 11:06:57 - [TEST_STEP][PASSED] - waitForElementPresent(findTestObject("Regression BackOffice/CLNK-23449/ClienIntakeICon"), 60): Object 'Object Repository/Regression BackOffice/CLNK-23449/ClienIntakeICon' is present

2019-03-22 11:06:57 - [MESSAGE][PASSED] - Object 'Object Repository/Regression BackOffice/CLNK-23449/ClienIntakeICon' is present

2019-03-22 11:06:57 - [TEST_STEP][PASSED] - verifyElementPresent(findTestObject("Regression BackOffice/CLNK-23449/ClienIntakeICon"), 100): Object 'Object Repository/Regression BackOffice/CLNK-23449/ClienIntakeICon' is present

2019-03-22 11:06:57 - [MESSAGE][PASSED] - Object 'Object Repository/Regression BackOffice/CLNK-23449/ClienIntakeICon' is present

2019-03-22 11:06:57 - [TEST_STEP][PASSED] - switchToDefaultContent(): null

2019-03-22 11:06:57 - [MESSAGE][PASSED] - Call Test Case 'Test Cases/Regression BackOffice (All Browsers)/CLNK-23439 - Clink - Back office Client' successfully

2019-03-22 11:06:57 - [TEST_STEP][PASSED] - waitForPageLoad(60): Wait for page load successfully

2019-03-22 11:06:57 - [MESSAGE][PASSED] - Wait for page load successfully

2019-03-22 11:06:57 - [TEST_STEP][PASSED] - delay(3): Delayed 3 second(s)

2019-03-22 11:07:00 - [MESSAGE][PASSED] - Delayed 3 second(s)

2019-03-22 11:07:00 - [TEST_STEP][PASSED] - switchToFrame(findTestObject("Regression BackOffice/CLNK-23449/FrameLeft"), 30): null

2019-03-22 11:07:00 - [TEST_STEP][PASSED] - waitForElementPresent(findTestObject("Regression BackOffice/CLNK-23449/ClienIntakeICon"), 100): Object 'Object Repository/Regression BackOffice/CLNK-23449/ClienIntakeICon' is present

2019-03-22 11:07:00 - [MESSAGE][PASSED] - Object 'Object Repository/Regression BackOffice/CLNK-23449/ClienIntakeICon' is present

2019-03-22 11:07:00 - [TEST_STEP][PASSED] - click(findTestObject("Regression BackOffice/CLNK-23449/ClienIntakeICon")): Object: 'Object Repository/Regression BackOffice/CLNK-23449/ClienIntakeICon' is clicked on

2019-03-22 11:07:01 - [MESSAGE][PASSED] - Object: 'Object Repository/Regression BackOffice/CLNK-23449/ClienIntakeICon' is clicked on

2019-03-22 11:07:01 - [TEST_STEP][PASSED] - delay(2): Delayed 2 second(s)

2019-03-22 11:07:03 - [MESSAGE][PASSED] - Delayed 2 second(s)

2019-03-22 11:07:03 - [TEST_STEP][PASSED] - waitForPageLoad(50): Wait for page load successfully

2019-03-22 11:07:03 - [MESSAGE][PASSED] - Wait for page load successfully

2019-03-22 11:07:03 - [TEST_STEP][PASSED] - scrollToElement(findTestObject("Regression BackOffice/CLINK-17180/Client  Intake Reports Link"), 50): Scroll to object 'Object Repository/Regression BackOffice/CLINK-17180/Client  Intake Reports Link' successfully

2019-03-22 11:07:03 - [MESSAGE][PASSED] - Scroll to object 'Object Repository/Regression BackOffice/CLINK-17180/Client  Intake Reports Link' successfully

2019-03-22 11:07:03 - [TEST_STEP][PASSED] - click(findTestObject("Regression BackOffice/CLINK-17180/Client  Intake Reports Link")): Object: 'Object Repository/Regression BackOffice/CLINK-17180/Client  Intake Reports Link' is clicked on

2019-03-22 11:07:05 - [MESSAGE][PASSED] - Object: 'Object Repository/Regression BackOffice/CLINK-17180/Client  Intake Reports Link' is clicked on

2019-03-22 11:07:05 - [TEST_STEP][PASSED] - delay(2): Delayed 2 second(s)

2019-03-22 11:07:07 - [MESSAGE][PASSED] - Delayed 2 second(s)

2019-03-22 11:07:07 - [TEST_STEP][PASSED] - switchToDefaultContent(): null

2019-03-22 11:07:07 - [TEST_STEP][PASSED] - switchToFrame(findTestObject("Regression BackOffice/CLNK-23449/FrameMain"), 30): null

2019-03-22 11:07:07 - [TEST_STEP][PASSED] - waitForElementPresent(findTestObject("Regression BackOffice/CLINK-17180/Admission Authorization Changes Report Link"), 50): Object 'Object Repository/Regression BackOffice/CLINK-17180/Admission Authorization Changes Report Link' is present

2019-03-22 11:07:08 - [MESSAGE][PASSED] - Object 'Object Repository/Regression BackOffice/CLINK-17180/Admission Authorization Changes Report Link' is present

2019-03-22 11:07:08 - [TEST_STEP][PASSED] - click(findTestObject("Regression BackOffice/CLINK-17180/Admission Authorization Changes Report Link")): Object: 'Object Repository/Regression BackOffice/CLINK-17180/Admission Authorization Changes Report Link' is clicked on

2019-03-22 11:07:15 - [MESSAGE][PASSED] - Object: 'Object Repository/Regression BackOffice/CLINK-17180/Admission Authorization Changes Report Link' is clicked on

2019-03-22 11:07:15 - [TEST_STEP][PASSED] - delay(2): Delayed 2 second(s)

2019-03-22 11:07:17 - [MESSAGE][PASSED] - Delayed 2 second(s)

2019-03-22 11:07:17 - [TEST_STEP][PASSED] - waitForPageLoad(60): Wait for page load successfully

2019-03-22 11:07:17 - [MESSAGE][PASSED] - Wait for page load successfully

2019-03-22 11:07:17 - [TEST_STEP][PASSED] - waitForElementPresent(findTestObject("Regression BackOffice/CLINK-17180/Search Client Link"), 50): Object 'Object Repository/Regression BackOffice/CLINK-17180/Search Client Link' is present

2019-03-22 11:07:17 - [MESSAGE][PASSED] - Object 'Object Repository/Regression BackOffice/CLINK-17180/Search Client Link' is present

2019-03-22 11:07:17 - [TEST_STEP][PASSED] - click(findTestObject("Regression BackOffice/CLINK-17180/Search Client Link")): Object: 'Object Repository/Regression BackOffice/CLINK-17180/Search Client Link' is clicked on

2019-03-22 11:07:17 - [MESSAGE][PASSED] - Object: 'Object Repository/Regression BackOffice/CLINK-17180/Search Client Link' is clicked on

2019-03-22 11:07:17 - [TEST_STEP][PASSED] - delay(2): Delayed 2 second(s)

2019-03-22 11:07:19 - [MESSAGE][PASSED] - Delayed 2 second(s)

2019-03-22 11:07:19 - [TEST_STEP][PASSED] - switchToDefaultContent(): null

2019-03-22 11:07:20 - [TEST_STEP][PASSED] - switchToWindowUrl("http://qanewpoc.continulink.com:81/backoffice/Client/ClientSearch.aspx?search=true"): Switched to window with url: 'http://qanewpoc.continulink.com:81/backoffice/Client/ClientSearch.aspx?search=true'

2019-03-22 11:07:21 - [MESSAGE][PASSED] - Switched to window with url: 'http://qanewpoc.continulink.com:81/backoffice/Client/ClientSearch.aspx?search=true'

2019-03-22 11:07:21 - [TEST_STEP][PASSED] - waitForPageLoad(60): Wait for page load successfully

2019-03-22 11:07:21 - [MESSAGE][PASSED] - Wait for page load successfully

2019-03-22 11:07:21 - [TEST_STEP][PASSED] - maximizeWindow(): Current window maximized

2019-03-22 11:07:21 - [MESSAGE][PASSED] - Current window maximized

2019-03-22 11:07:21 - [TEST_STEP][PASSED] - waitForElementPresent(findTestObject("Regression BackOffice/CLINK-17180/Last Name"), 50): Object 'Object Repository/Regression BackOffice/CLINK-17180/Last Name' is present

2019-03-22 11:07:21 - [MESSAGE][PASSED] - Object 'Object Repository/Regression BackOffice/CLINK-17180/Last Name' is present

2019-03-22 11:07:21 - [TEST_STEP][PASSED] - sendKeys(findTestObject("Regression BackOffice/CLINK-17180/Last Name"), "Rollback"): Keys 'Rollback' sent to object: 'Object Repository/Regression BackOffice/CLINK-17180/Last Name'

2019-03-22 11:07:22 - [MESSAGE][PASSED] - Keys 'Rollback' sent to object: 'Object Repository/Regression BackOffice/CLINK-17180/Last Name'

2019-03-22 11:07:22 - [TEST_STEP][PASSED] - delay(2): Delayed 2 second(s)

2019-03-22 11:07:24 - [MESSAGE][PASSED] - Delayed 2 second(s)

2019-03-22 11:07:24 - [TEST_STEP][PASSED] - waitForElementPresent(findTestObject("Regression BackOffice/CLINK - 27906/SearchButton"), 50): Object 'Object Repository/Regression BackOffice/CLINK - 27906/SearchButton' is present

2019-03-22 11:07:24 - [MESSAGE][PASSED] - Object 'Object Repository/Regression BackOffice/CLINK - 27906/SearchButton' is present

2019-03-22 11:07:24 - [TEST_STEP][PASSED] - click(findTestObject("Regression BackOffice/CLINK - 27906/SearchButton"), STOP_ON_FAILURE): Object: 'Object Repository/Regression BackOffice/CLINK - 27906/SearchButton' is clicked on

2019-03-22 11:07:25 - [MESSAGE][PASSED] - Object: 'Object Repository/Regression BackOffice/CLINK - 27906/SearchButton' is clicked on

2019-03-22 11:07:25 - [TEST_STEP][PASSED] - delay(2): Delayed 2 second(s)

2019-03-22 11:07:27 - [MESSAGE][PASSED] - Delayed 2 second(s)

2019-03-22 11:07:27 - [TEST_STEP][PASSED] - waitForElementPresent(findTestObject("Regression BackOffice/CLINK - 27906/ClientRollbackLink"), 50): Object 'Object Repository/Regression BackOffice/CLINK - 27906/ClientRollbackLink' is present

2019-03-22 11:07:27 - [MESSAGE][PASSED] - Object 'Object Repository/Regression BackOffice/CLINK - 27906/ClientRollbackLink' is present

2019-03-22 11:07:27 - [TEST_STEP][PASSED] - click(findTestObject("Regression BackOffice/CLINK - 27906/ClientRollbackLink")): Object: 'Object Repository/Regression BackOffice/CLINK - 27906/ClientRollbackLink' is clicked on

2019-03-22 11:07:28 - [MESSAGE][PASSED] - Object: 'Object Repository/Regression BackOffice/CLINK - 27906/ClientRollbackLink' is clicked on

2019-03-22 11:07:28 - [TEST_STEP][PASSED] - switchToDefaultContent(): null

2019-03-22 11:07:29 - [TEST_STEP][PASSED] - switchToFrame(findTestObject("Regression BackOffice/CLNK-23449/FrameMain"), 30): null

2019-03-22 11:07:29 - [TEST_STEP][PASSED] - waitForPageLoad(60): Wait for page load successfully

2019-03-22 11:07:29 - [MESSAGE][PASSED] - Wait for page load successfully

2019-03-22 11:07:29 - [TEST_STEP][PASSED] - delay(2): Delayed 2 second(s)

2019-03-22 11:07:31 - [MESSAGE][PASSED] - Delayed 2 second(s)

2019-03-22 11:07:31 - [TEST_STEP][PASSED] - waitForElementPresent(findTestObject("Regression BackOffice/CLINK-17180/EpisodeAdmisionDetails"), 50): Object 'Object Repository/Regression BackOffice/CLINK-17180/EpisodeAdmisionDetails' is present

2019-03-22 11:07:31 - [MESSAGE][PASSED] - Object 'Object Repository/Regression BackOffice/CLINK-17180/EpisodeAdmisionDetails' is present

2019-03-22 11:07:31 - [TEST_STEP][PASSED] - click(findTestObject("Regression BackOffice/CLINK-17180/EpisodeAdmisionDetails"), STOP_ON_FAILURE): Object: 'Object Repository/Regression BackOffice/CLINK-17180/EpisodeAdmisionDetails' is clicked on

2019-03-22 11:07:32 - [MESSAGE][PASSED] - Object: 'Object Repository/Regression BackOffice/CLINK-17180/EpisodeAdmisionDetails' is clicked on

2019-03-22 11:07:32 - [TEST_STEP][PASSED] - sendKeys(findTestObject("Regression BackOffice/CLINK-17180/EpisodeAdmisionDetails"), Keys.chord(ARROW_DOWN, ENTER)): Keys 'DOWN + ENTER + ' sent to object: 'Object Repository/Regression BackOffice/CLINK-17180/EpisodeAdmisionDetails'

2019-03-22 11:07:32 - [MESSAGE][PASSED] - Keys 'DOWN + ENTER + ' sent to object: 'Object Repository/Regression BackOffice/CLINK-17180/EpisodeAdmisionDetails'

2019-03-22 11:07:32 - [TEST_STEP][PASSED] - delay(3): Delayed 3 second(s)

2019-03-22 11:07:35 - [MESSAGE][PASSED] - Delayed 3 second(s)

2019-03-22 11:07:35 - [TEST_STEP][PASSED] - waitForElementPresent(findTestObject("Regression BackOffice/CLINK-17180/ServiceTypeHHA"), 50): Object 'Object Repository/Regression BackOffice/CLINK-17180/ServiceTypeHHA' is present

2019-03-22 11:07:35 - [MESSAGE][PASSED] - Object 'Object Repository/Regression BackOffice/CLINK-17180/ServiceTypeHHA' is present

2019-03-22 11:07:35 - [TEST_STEP][PASSED] - click(findTestObject("Regression BackOffice/CLINK-17180/ServiceTypeHHA"), STOP_ON_FAILURE): Object: 'Object Repository/Regression BackOffice/CLINK-17180/ServiceTypeHHA' is clicked on

2019-03-22 11:07:36 - [MESSAGE][PASSED] - Object: 'Object Repository/Regression BackOffice/CLINK-17180/ServiceTypeHHA' is clicked on

2019-03-22 11:07:36 - [TEST_STEP][PASSED] - sendKeys(findTestObject("Regression BackOffice/CLINK-17180/ServiceTypeHHA"), Keys.chord(ARROW_DOWN, ARROW_DOWN, ENTER)): Keys 'DOWN + DOWN + ENTER + ' sent to object: 'Object Repository/Regression BackOffice/CLINK-17180/ServiceTypeHHA'

2019-03-22 11:07:36 - [MESSAGE][PASSED] - Keys 'DOWN + DOWN + ENTER + ' sent to object: 'Object Repository/Regression BackOffice/CLINK-17180/ServiceTypeHHA'

2019-03-22 11:07:36 - [TEST_STEP][PASSED] - delay(2): Delayed 2 second(s)

2019-03-22 11:07:38 - [MESSAGE][PASSED] - Delayed 2 second(s)

2019-03-22 11:07:38 - [TEST_STEP][PASSED] - waitForElementPresent(findTestObject("Regression BackOffice/CLINK-17180/GroupSelfPayName"), 50): Object 'Object Repository/Regression BackOffice/CLINK-17180/GroupSelfPayName' is present

2019-03-22 11:07:38 - [MESSAGE][PASSED] - Object 'Object Repository/Regression BackOffice/CLINK-17180/GroupSelfPayName' is present

2019-03-22 11:07:38 - [TEST_STEP][PASSED] - click(findTestObject("Regression BackOffice/CLINK-17180/GroupSelfPayName"), STOP_ON_FAILURE): Object: 'Object Repository/Regression BackOffice/CLINK-17180/GroupSelfPayName' is clicked on

2019-03-22 11:07:39 - [MESSAGE][PASSED] - Object: 'Object Repository/Regression BackOffice/CLINK-17180/GroupSelfPayName' is clicked on

2019-03-22 11:07:39 - [TEST_STEP][PASSED] - sendKeys(findTestObject("Regression BackOffice/CLINK-17180/GroupSelfPayName"), Keys.chord(ARROW_DOWN, ARROW_DOWN, ARROW_DOWN, ENTER)): Keys 'DOWN + DOWN + DOWN + ENTER + ' sent to object: 'Object Repository/Regression BackOffice/CLINK-17180/GroupSelfPayName'

2019-03-22 11:07:40 - [MESSAGE][PASSED] - Keys 'DOWN + DOWN + DOWN + ENTER + ' sent to object: 'Object Repository/Regression BackOffice/CLINK-17180/GroupSelfPayName'

2019-03-22 11:07:40 - [TEST_STEP][PASSED] - waitForElementPresent(findTestObject("Regression BackOffice/CLINK-17180/FromDate"), 50): Object 'Object Repository/Regression BackOffice/CLINK-17180/FromDate' is present

2019-03-22 11:07:40 - [MESSAGE][PASSED] - Object 'Object Repository/Regression BackOffice/CLINK-17180/FromDate' is present

2019-03-22 11:07:40 - [TEST_STEP][PASSED] - setText(findTestObject("Regression BackOffice/CLINK-17180/FromDate"), "01/01/2017"): Text '01/01/2017' is set on object 'Object Repository/Regression BackOffice/CLINK-17180/FromDate'

2019-03-22 11:07:42 - [MESSAGE][PASSED] - Text '01/01/2017' is set on object 'Object Repository/Regression BackOffice/CLINK-17180/FromDate'

2019-03-22 11:07:42 - [TEST_STEP][PASSED] - delay(2): Delayed 2 second(s)

2019-03-22 11:07:44 - [MESSAGE][PASSED] - Delayed 2 second(s)

2019-03-22 11:07:44 - [TEST_STEP][PASSED] - waitForElementPresent(findTestObject("Regression BackOffice/CLINK-17180/ToDate"), 50): Object 'Object Repository/Regression BackOffice/CLINK-17180/ToDate' is present

2019-03-22 11:07:44 - [MESSAGE][PASSED] - Object 'Object Repository/Regression BackOffice/CLINK-17180/ToDate' is present

2019-03-22 11:07:44 - [TEST_STEP][PASSED] - setText(findTestObject("Regression BackOffice/CLINK-17180/ToDate"), getDate.DateUtilities.getDateMonthDayYearNumberwithSlash()): Text '03/22/2019' is set on object 'Object Repository/Regression BackOffice/CLINK-17180/ToDate'

2019-03-22 11:07:44 - [MESSAGE][PASSED] - getDate.DateUtilities.getDateMonthDayYearNumberwithSlash is PASSED

2019-03-22 11:07:45 - [MESSAGE][PASSED] - Text '03/22/2019' is set on object 'Object Repository/Regression BackOffice/CLINK-17180/ToDate'

2019-03-22 11:07:45 - [TEST_STEP][PASSED] - delay(2): Delayed 2 second(s)

2019-03-22 11:07:47 - [MESSAGE][PASSED] - Delayed 2 second(s)

2019-03-22 11:07:47 - [TEST_STEP][PASSED] - waitForElementPresent(findTestObject("Regression BackOffice/CLINK-17180/a_Show Report"), 50): Object 'Object Repository/Regression BackOffice/CLINK-17180/a_Show Report' is present

2019-03-22 11:07:47 - [MESSAGE][PASSED] - Object 'Object Repository/Regression BackOffice/CLINK-17180/a_Show Report' is present

2019-03-22 11:07:47 - [TEST_STEP][PASSED] - click(findTestObject("Regression BackOffice/CLINK-17180/a_Show Report"), STOP_ON_FAILURE): Object: 'Object Repository/Regression BackOffice/CLINK-17180/a_Show Report' is clicked on

2019-03-22 11:07:49 - [MESSAGE][PASSED] - Object: 'Object Repository/Regression BackOffice/CLINK-17180/a_Show Report' is clicked on

2019-03-22 11:07:49 - [TEST_STEP][PASSED] - delay(2): Delayed 2 second(s)

2019-03-22 11:07:51 - [MESSAGE][PASSED] - Delayed 2 second(s)

2019-03-22 11:07:51 - [TEST_STEP][PASSED] - waitForPageLoad(60): Wait for page load successfully

2019-03-22 11:07:51 - [MESSAGE][PASSED] - Wait for page load successfully

2019-03-22 11:07:51 - [TEST_STEP][PASSED] - delay(4): Delayed 4 second(s)

2019-03-22 11:07:55 - [MESSAGE][PASSED] - Delayed 4 second(s)]]></system-out>
         <system-err><![CDATA[]]></system-err>
      </testcase>
      <testcase name="Test Cases/Regression BackOffice (All Browsers)/CLNK-10620 - BackOffice Medication Profile - Patient Information" classname="Test Cases/Regression BackOffice (All Browsers)/CLNK-10620 - BackOffice Medication Profile - Patient Information" status="PASSED">
         <system-out><![CDATA[2019-03-22 11:07:57 - [TEST_CASE][PASSED] - Test Cases/Regression BackOffice (All Browsers)/CLNK-10620 - BackOffice Medication Profile - Patient Information: Test Cases/Regression BackOffice (All Browsers)/CLNK-10620 - BackOffice Medication Profile - Patient Information

2019-03-22 11:07:58 - [TEST_STEP][PASSED] - callTestCase(findTestCase("Regression BackOffice (All Browsers)/CLNK-23439 - Clink - Back office Client"), [:], STOP_ON_FAILURE): Call Test Case 'Test Cases/Regression BackOffice (All Browsers)/CLNK-23439 - Clink - Back office Client' successfully

2019-03-22 11:07:58 - [TEST_CASE][PASSED] - Test Cases/Regression BackOffice (All Browsers)/CLNK-23439 - Clink - Back office Client: Test Cases/Regression BackOffice (All Browsers)/CLNK-23439 - Clink - Back office Client

2019-03-22 11:07:58 - [TEST_STEP][PASSED] - openBrowser(G_SiteBackOffice): Browser is opened with url: 'http://qanewpoc.continulink.com:81/backoffice/Login.aspx'

2019-03-22 11:07:58 - [MESSAGE][WARNING] - A browser is already opened. Closing browser and opening a new one

2019-03-22 11:08:00 - [MESSAGE][INFO] - Starting 'Chrome' driver

2019-03-22 11:08:07 - [MESSAGE][PASSED] - Browser is opened with url: 'http://qanewpoc.continulink.com:81/backoffice/Login.aspx'

2019-03-22 11:08:07 - [TEST_STEP][PASSED] - waitForPageLoad(60): Wait for page load successfully

2019-03-22 11:08:07 - [MESSAGE][PASSED] - Wait for page load successfully

2019-03-22 11:08:07 - [TEST_STEP][PASSED] - maximizeWindow(): Current window maximized

2019-03-22 11:08:09 - [MESSAGE][PASSED] - Current window maximized

2019-03-22 11:08:09 - [TEST_STEP][PASSED] - setText(findTestObject("Regression BackOffice/Login/UserBackOffice"), G_UserBackOffice): Text 'demo' is set on object 'Object Repository/Regression BackOffice/Login/UserBackOffice'

2019-03-22 11:08:09 - [MESSAGE][PASSED] - Text 'demo' is set on object 'Object Repository/Regression BackOffice/Login/UserBackOffice'

2019-03-22 11:08:09 - [TEST_STEP][PASSED] - setText(findTestObject("Regression BackOffice/Login/PasswordBackOffice"), G_PasswordBackOffice): Text 'qwerty' is set on object 'Object Repository/Regression BackOffice/Login/PasswordBackOffice'

2019-03-22 11:08:09 - [MESSAGE][PASSED] - Text 'qwerty' is set on object 'Object Repository/Regression BackOffice/Login/PasswordBackOffice'

2019-03-22 11:08:09 - [TEST_STEP][PASSED] - click(findTestObject("Regression BackOffice/Login/LoginBackOffice")): Object: 'Object Repository/Regression BackOffice/Login/LoginBackOffice' is clicked on

2019-03-22 11:08:16 - [MESSAGE][PASSED] - Object: 'Object Repository/Regression BackOffice/Login/LoginBackOffice' is clicked on

2019-03-22 11:08:16 - [TEST_STEP][PASSED] - waitForPageLoad(60): Wait for page load successfully

2019-03-22 11:08:16 - [MESSAGE][PASSED] - Wait for page load successfully

2019-03-22 11:08:16 - [TEST_STEP][PASSED] - delay(3): Delayed 3 second(s)

2019-03-22 11:08:19 - [MESSAGE][PASSED] - Delayed 3 second(s)

2019-03-22 11:08:19 - [TEST_STEP][PASSED] - switchToFrame(findTestObject("Regression BackOffice/CLNK-23449/FrameLeft"), 5): null

2019-03-22 11:08:19 - [TEST_STEP][PASSED] - waitForElementPresent(findTestObject("Regression BackOffice/CLNK-23449/ClienIntakeICon"), 60): Object 'Object Repository/Regression BackOffice/CLNK-23449/ClienIntakeICon' is present

2019-03-22 11:08:19 - [MESSAGE][PASSED] - Object 'Object Repository/Regression BackOffice/CLNK-23449/ClienIntakeICon' is present

2019-03-22 11:08:19 - [TEST_STEP][PASSED] - verifyElementPresent(findTestObject("Regression BackOffice/CLNK-23449/ClienIntakeICon"), 100): Object 'Object Repository/Regression BackOffice/CLNK-23449/ClienIntakeICon' is present

2019-03-22 11:08:19 - [MESSAGE][PASSED] - Object 'Object Repository/Regression BackOffice/CLNK-23449/ClienIntakeICon' is present

2019-03-22 11:08:19 - [TEST_STEP][PASSED] - switchToDefaultContent(): null

2019-03-22 11:08:19 - [MESSAGE][PASSED] - Call Test Case 'Test Cases/Regression BackOffice (All Browsers)/CLNK-23439 - Clink - Back office Client' successfully

2019-03-22 11:08:19 - [TEST_STEP][PASSED] - waitForPageLoad(60): Wait for page load successfully

2019-03-22 11:08:19 - [MESSAGE][PASSED] - Wait for page load successfully

2019-03-22 11:08:19 - [TEST_STEP][PASSED] - delay(3): Delayed 3 second(s)

2019-03-22 11:08:22 - [MESSAGE][PASSED] - Delayed 3 second(s)

2019-03-22 11:08:22 - [TEST_STEP][PASSED] - switchToFrame(findTestObject("Regression BackOffice/CLNK-23449/FrameLeft"), 30): null

2019-03-22 11:08:23 - [TEST_STEP][PASSED] - waitForElementPresent(findTestObject("Regression BackOffice/CLNK-23449/ClienIntakeICon"), 100): Object 'Object Repository/Regression BackOffice/CLNK-23449/ClienIntakeICon' is present

2019-03-22 11:08:23 - [MESSAGE][PASSED] - Object 'Object Repository/Regression BackOffice/CLNK-23449/ClienIntakeICon' is present

2019-03-22 11:08:23 - [TEST_STEP][PASSED] - click(findTestObject("Regression BackOffice/CLNK-23449/ClienIntakeICon")): Object: 'Object Repository/Regression BackOffice/CLNK-23449/ClienIntakeICon' is clicked on

2019-03-22 11:08:23 - [MESSAGE][PASSED] - Object: 'Object Repository/Regression BackOffice/CLNK-23449/ClienIntakeICon' is clicked on

2019-03-22 11:08:23 - [TEST_STEP][PASSED] - delay(2): Delayed 2 second(s)

2019-03-22 11:08:25 - [MESSAGE][PASSED] - Delayed 2 second(s)

2019-03-22 11:08:25 - [TEST_STEP][PASSED] - waitForPageLoad(50): Wait for page load successfully

2019-03-22 11:08:25 - [MESSAGE][PASSED] - Wait for page load successfully

2019-03-22 11:08:25 - [TEST_STEP][PASSED] - waitForElementPresent(findTestObject("Regression BackOffice/CLNK-10235/SearchforaClient"), 50): Object 'Object Repository/Regression BackOffice/CLNK-10235/SearchforaClient' is present

2019-03-22 11:08:25 - [MESSAGE][PASSED] - Object 'Object Repository/Regression BackOffice/CLNK-10235/SearchforaClient' is present

2019-03-22 11:08:25 - [TEST_STEP][PASSED] - click(findTestObject("Regression BackOffice/CLNK-10235/SearchforaClient")): Object: 'Object Repository/Regression BackOffice/CLNK-10235/SearchforaClient' is clicked on

2019-03-22 11:08:27 - [MESSAGE][PASSED] - Object: 'Object Repository/Regression BackOffice/CLNK-10235/SearchforaClient' is clicked on

2019-03-22 11:08:27 - [TEST_STEP][PASSED] - delay(2): Delayed 2 second(s)

2019-03-22 11:08:29 - [MESSAGE][PASSED] - Delayed 2 second(s)

2019-03-22 11:08:29 - [TEST_STEP][PASSED] - switchToDefaultContent(): null

2019-03-22 11:08:29 - [TEST_STEP][PASSED] - switchToFrame(findTestObject("Regression BackOffice/CLNK-23449/FrameMain"), 30): null

2019-03-22 11:08:29 - [TEST_STEP][PASSED] - waitForElementPresent(findTestObject("Regression BackOffice/CLNK-10235/FirstNameSearch"), 50): Object 'Object Repository/Regression BackOffice/CLNK-10235/FirstNameSearch' is present

2019-03-22 11:08:29 - [MESSAGE][PASSED] - Object 'Object Repository/Regression BackOffice/CLNK-10235/FirstNameSearch' is present

2019-03-22 11:08:29 - [TEST_STEP][PASSED] - setText(findTestObject("Regression BackOffice/CLNK-10235/FirstNameSearch"), "Adam"): Text 'Adam' is set on object 'Object Repository/Regression BackOffice/CLNK-10235/FirstNameSearch'

2019-03-22 11:08:30 - [MESSAGE][PASSED] - Text 'Adam' is set on object 'Object Repository/Regression BackOffice/CLNK-10235/FirstNameSearch'

2019-03-22 11:08:30 - [TEST_STEP][PASSED] - delay(2): Delayed 2 second(s)

2019-03-22 11:08:32 - [MESSAGE][PASSED] - Delayed 2 second(s)

2019-03-22 11:08:32 - [TEST_STEP][PASSED] - waitForElementPresent(findTestObject("Regression BackOffice/CLNK-10235/LastNameSearch"), 50): Object 'Object Repository/Regression BackOffice/CLNK-10235/LastNameSearch' is present

2019-03-22 11:08:32 - [MESSAGE][PASSED] - Object 'Object Repository/Regression BackOffice/CLNK-10235/LastNameSearch' is present

2019-03-22 11:08:32 - [TEST_STEP][PASSED] - setText(findTestObject("Regression BackOffice/CLNK-10235/LastNameSearch"), "Cook"): Text 'Cook' is set on object 'Object Repository/Regression BackOffice/CLNK-10235/LastNameSearch'

2019-03-22 11:08:32 - [MESSAGE][PASSED] - Text 'Cook' is set on object 'Object Repository/Regression BackOffice/CLNK-10235/LastNameSearch'

2019-03-22 11:08:32 - [TEST_STEP][PASSED] - delay(2): Delayed 2 second(s)

2019-03-22 11:08:34 - [MESSAGE][PASSED] - Delayed 2 second(s)

2019-03-22 11:08:34 - [TEST_STEP][PASSED] - waitForElementPresent(findTestObject("Regression BackOffice/CLINK - 27906/SearchButton"), 50): Object 'Object Repository/Regression BackOffice/CLINK - 27906/SearchButton' is present

2019-03-22 11:08:34 - [MESSAGE][PASSED] - Object 'Object Repository/Regression BackOffice/CLINK - 27906/SearchButton' is present

2019-03-22 11:08:34 - [TEST_STEP][PASSED] - click(findTestObject("Regression BackOffice/CLINK - 27906/SearchButton"), STOP_ON_FAILURE): Object: 'Object Repository/Regression BackOffice/CLINK - 27906/SearchButton' is clicked on

2019-03-22 11:08:35 - [MESSAGE][PASSED] - Object: 'Object Repository/Regression BackOffice/CLINK - 27906/SearchButton' is clicked on

2019-03-22 11:08:35 - [TEST_STEP][PASSED] - delay(2): Delayed 2 second(s)

2019-03-22 11:08:37 - [MESSAGE][PASSED] - Delayed 2 second(s)

2019-03-22 11:08:37 - [TEST_STEP][PASSED] - waitForElementPresent(findTestObject("Regression BackOffice/CLINK - 27906/ClientRollbackLink"), 50): Object 'Object Repository/Regression BackOffice/CLINK - 27906/ClientRollbackLink' is present

2019-03-22 11:08:38 - [MESSAGE][PASSED] - Object 'Object Repository/Regression BackOffice/CLINK - 27906/ClientRollbackLink' is present

2019-03-22 11:08:38 - [TEST_STEP][PASSED] - click(findTestObject("Regression BackOffice/CLINK - 27906/ClientRollbackLink"), STOP_ON_FAILURE): Object: 'Object Repository/Regression BackOffice/CLINK - 27906/ClientRollbackLink' is clicked on

2019-03-22 11:08:41 - [MESSAGE][PASSED] - Object: 'Object Repository/Regression BackOffice/CLINK - 27906/ClientRollbackLink' is clicked on

2019-03-22 11:08:41 - [TEST_STEP][PASSED] - delay(2): Delayed 2 second(s)

2019-03-22 11:08:43 - [MESSAGE][PASSED] - Delayed 2 second(s)

2019-03-22 11:08:43 - [TEST_STEP][PASSED] - switchToDefaultContent(): null

2019-03-22 11:08:43 - [TEST_STEP][PASSED] - switchToFrame(findTestObject("Regression BackOffice/CLNK-23449/FrameLeft"), 30): null

2019-03-22 11:08:43 - [TEST_STEP][PASSED] - waitForElementPresent(findTestObject("Regression BackOffice/CLNK-10235/Puntitos"), 50): Object 'Object Repository/Regression BackOffice/CLNK-10235/Puntitos' is present

2019-03-22 11:08:43 - [MESSAGE][PASSED] - Object 'Object Repository/Regression BackOffice/CLNK-10235/Puntitos' is present

2019-03-22 11:08:43 - [TEST_STEP][PASSED] - click(findTestObject("Regression BackOffice/CLNK-10235/Puntitos"), STOP_ON_FAILURE): Object: 'Object Repository/Regression BackOffice/CLNK-10235/Puntitos' is clicked on

2019-03-22 11:08:43 - [MESSAGE][PASSED] - Object: 'Object Repository/Regression BackOffice/CLNK-10235/Puntitos' is clicked on

2019-03-22 11:08:43 - [TEST_STEP][PASSED] - delay(2): Delayed 2 second(s)

2019-03-22 11:08:45 - [MESSAGE][PASSED] - Delayed 2 second(s)

2019-03-22 11:08:45 - [TEST_STEP][PASSED] - waitForPageLoad(50): Wait for page load successfully

2019-03-22 11:08:45 - [MESSAGE][PASSED] - Wait for page load successfully

2019-03-22 11:08:45 - [TEST_STEP][PASSED] - waitForElementPresent(findTestObject("Regression BackOffice/CLNK-10235/ClientIntakeClose"), 100): Object 'Object Repository/Regression BackOffice/CLNK-10235/ClientIntakeClose' is present

2019-03-22 11:08:46 - [MESSAGE][PASSED] - Object 'Object Repository/Regression BackOffice/CLNK-10235/ClientIntakeClose' is present

2019-03-22 11:08:46 - [TEST_STEP][PASSED] - click(findTestObject("Regression BackOffice/CLNK-10235/ClientIntakeClose")): Object: 'Object Repository/Regression BackOffice/CLNK-10235/ClientIntakeClose' is clicked on

2019-03-22 11:08:46 - [MESSAGE][PASSED] - Object: 'Object Repository/Regression BackOffice/CLNK-10235/ClientIntakeClose' is clicked on

2019-03-22 11:08:46 - [TEST_STEP][PASSED] - delay(2): Delayed 2 second(s)

2019-03-22 11:08:48 - [MESSAGE][PASSED] - Delayed 2 second(s)

2019-03-22 11:08:48 - [TEST_STEP][PASSED] - waitForElementPresent(findTestObject("Regression BackOffice/CLINK-10620/ClinicalLink"), 100): Object 'Object Repository/Regression BackOffice/CLINK-10620/ClinicalLink' is present

2019-03-22 11:08:48 - [MESSAGE][PASSED] - Object 'Object Repository/Regression BackOffice/CLINK-10620/ClinicalLink' is present

2019-03-22 11:08:48 - [TEST_STEP][PASSED] - click(findTestObject("Regression BackOffice/CLINK-10620/ClinicalLink")): Object: 'Object Repository/Regression BackOffice/CLINK-10620/ClinicalLink' is clicked on

2019-03-22 11:08:48 - [MESSAGE][PASSED] - Object: 'Object Repository/Regression BackOffice/CLINK-10620/ClinicalLink' is clicked on

2019-03-22 11:08:48 - [TEST_STEP][PASSED] - delay(2): Delayed 2 second(s)

2019-03-22 11:08:50 - [MESSAGE][PASSED] - Delayed 2 second(s)

2019-03-22 11:08:50 - [TEST_STEP][PASSED] - scrollToElement(findTestObject("Regression BackOffice/CLINK-10620/Medication ProfileLink"), 50): Scroll to object 'Object Repository/Regression BackOffice/CLINK-10620/Medication ProfileLink' successfully

2019-03-22 11:08:50 - [MESSAGE][PASSED] - Scroll to object 'Object Repository/Regression BackOffice/CLINK-10620/Medication ProfileLink' successfully

2019-03-22 11:08:50 - [TEST_STEP][PASSED] - click(findTestObject("Regression BackOffice/CLINK-10620/Medication ProfileLink")): Object: 'Object Repository/Regression BackOffice/CLINK-10620/Medication ProfileLink' is clicked on

2019-03-22 11:08:55 - [MESSAGE][PASSED] - Object: 'Object Repository/Regression BackOffice/CLINK-10620/Medication ProfileLink' is clicked on

2019-03-22 11:08:55 - [TEST_STEP][PASSED] - delay(3): Delayed 3 second(s)

2019-03-22 11:08:58 - [MESSAGE][PASSED] - Delayed 3 second(s)

2019-03-22 11:08:58 - [TEST_STEP][PASSED] - switchToDefaultContent(): null

2019-03-22 11:08:58 - [TEST_STEP][PASSED] - switchToFrame(findTestObject("Regression BackOffice/CLNK-23449/FrameMain"), 30): null

2019-03-22 11:08:58 - [TEST_STEP][PASSED] - delay(3): Delayed 3 second(s)

2019-03-22 11:09:01 - [MESSAGE][PASSED] - Delayed 3 second(s)

2019-03-22 11:09:01 - [TEST_STEP][PASSED] - waitForElementPresent(findTestObject("Regression BackOffice/CLINK-10620/MedboxChk"), 100): Object 'Object Repository/Regression BackOffice/CLINK-10620/MedboxChk' is present

2019-03-22 11:09:01 - [MESSAGE][WARNING] - Test object with id 'Object Repository/Regression BackOffice/CLINK-10620/Page_InterLink/frame_Capture object_FrameMain' does not exist

2019-03-22 11:09:01 - [MESSAGE][PASSED] - Object 'Object Repository/Regression BackOffice/CLINK-10620/MedboxChk' is present

2019-03-22 11:09:01 - [TEST_STEP][PASSED] - click(findTestObject("Regression BackOffice/CLINK-10620/MedboxChk")): Object: 'Object Repository/Regression BackOffice/CLINK-10620/MedboxChk' is clicked on

2019-03-22 11:09:01 - [MESSAGE][WARNING] - Test object with id 'Object Repository/Regression BackOffice/CLINK-10620/Page_InterLink/frame_Capture object_FrameMain' does not exist

2019-03-22 11:09:02 - [MESSAGE][PASSED] - Object: 'Object Repository/Regression BackOffice/CLINK-10620/MedboxChk' is clicked on

2019-03-22 11:09:02 - [TEST_STEP][PASSED] - delay(2): Delayed 2 second(s)

2019-03-22 11:09:04 - [MESSAGE][PASSED] - Delayed 2 second(s)

2019-03-22 11:09:04 - [TEST_STEP][PASSED] - waitForElementPresent(findTestObject("Regression BackOffice/CLINK-10620/AddAPharmacy."), 50): Object 'Object Repository/Regression BackOffice/CLINK-10620/AddAPharmacy.' is present

2019-03-22 11:09:04 - [MESSAGE][PASSED] - Object 'Object Repository/Regression BackOffice/CLINK-10620/AddAPharmacy.' is present

2019-03-22 11:09:04 - [TEST_STEP][PASSED] - click(findTestObject("Regression BackOffice/CLINK-10620/AddAPharmacy.")): Object: 'Object Repository/Regression BackOffice/CLINK-10620/AddAPharmacy.' is clicked on

2019-03-22 11:09:04 - [MESSAGE][PASSED] - Object: 'Object Repository/Regression BackOffice/CLINK-10620/AddAPharmacy.' is clicked on

2019-03-22 11:09:04 - [TEST_STEP][PASSED] - delay(2): Delayed 2 second(s)

2019-03-22 11:09:06 - [MESSAGE][PASSED] - Delayed 2 second(s)

2019-03-22 11:09:06 - [TEST_STEP][PASSED] - waitForElementVisible(findTestObject("Regression BackOffice/CLINK-10620/PharmacyName"), 50): Object 'Object Repository/Regression BackOffice/CLINK-10620/PharmacyName' is visible

2019-03-22 11:09:06 - [MESSAGE][WARNING] - Test object with id 'Object Repository/Regression BackOffice/CLINK-10620/Page_InterLink/frame_Capture object_FrameMain' does not exist

2019-03-22 11:09:07 - [MESSAGE][PASSED] - Object 'Object Repository/Regression BackOffice/CLINK-10620/PharmacyName' is visible

2019-03-22 11:09:07 - [TEST_STEP][PASSED] - setText(findTestObject("Regression BackOffice/CLINK-10620/PharmacyName"), "New Pharmacy "): Text 'New Pharmacy ' is set on object 'Object Repository/Regression BackOffice/CLINK-10620/PharmacyName'

2019-03-22 11:09:07 - [MESSAGE][WARNING] - Test object with id 'Object Repository/Regression BackOffice/CLINK-10620/Page_InterLink/frame_Capture object_FrameMain' does not exist

2019-03-22 11:09:08 - [MESSAGE][PASSED] - Text 'New Pharmacy ' is set on object 'Object Repository/Regression BackOffice/CLINK-10620/PharmacyName'

2019-03-22 11:09:08 - [TEST_STEP][PASSED] - delay(2): Delayed 2 second(s)

2019-03-22 11:09:10 - [MESSAGE][PASSED] - Delayed 2 second(s)

2019-03-22 11:09:10 - [TEST_STEP][PASSED] - waitForElementVisible(findTestObject("Regression BackOffice/CLINK-10620/PharmacyPhone"), 50): Object 'Object Repository/Regression BackOffice/CLINK-10620/PharmacyPhone' is visible

2019-03-22 11:09:10 - [MESSAGE][WARNING] - Test object with id 'Object Repository/Regression BackOffice/CLINK-10620/Page_InterLink/frame_Capture object_FrameMain' does not exist

2019-03-22 11:09:10 - [MESSAGE][PASSED] - Object 'Object Repository/Regression BackOffice/CLINK-10620/PharmacyPhone' is visible

2019-03-22 11:09:10 - [TEST_STEP][PASSED] - setText(findTestObject("Regression BackOffice/CLINK-10620/PharmacyPhone"), "1234567890"): Text '1234567890' is set on object 'Object Repository/Regression BackOffice/CLINK-10620/PharmacyPhone'

2019-03-22 11:09:10 - [MESSAGE][WARNING] - Test object with id 'Object Repository/Regression BackOffice/CLINK-10620/Page_InterLink/frame_Capture object_FrameMain' does not exist

2019-03-22 11:09:12 - [MESSAGE][PASSED] - Text '1234567890' is set on object 'Object Repository/Regression BackOffice/CLINK-10620/PharmacyPhone'

2019-03-22 11:09:12 - [TEST_STEP][PASSED] - delay(2): Delayed 2 second(s)

2019-03-22 11:09:14 - [MESSAGE][PASSED] - Delayed 2 second(s)

2019-03-22 11:09:14 - [TEST_STEP][PASSED] - waitForElementPresent(findTestObject("Regression BackOffice/CLINK-10620/SaveButton"), 50): Object 'Object Repository/Regression BackOffice/CLINK-10620/SaveButton' is present

2019-03-22 11:09:14 - [MESSAGE][WARNING] - Test object with id 'Object Repository/Regression BackOffice/CLINK-10620/Page_InterLink/frame_Capture object_FrameMain' does not exist

2019-03-22 11:09:14 - [MESSAGE][PASSED] - Object 'Object Repository/Regression BackOffice/CLINK-10620/SaveButton' is present

2019-03-22 11:09:14 - [TEST_STEP][PASSED] - click(findTestObject("Regression BackOffice/CLINK-10620/SaveButton")): Object: 'Object Repository/Regression BackOffice/CLINK-10620/SaveButton' is clicked on

2019-03-22 11:09:14 - [MESSAGE][WARNING] - Test object with id 'Object Repository/Regression BackOffice/CLINK-10620/Page_InterLink/frame_Capture object_FrameMain' does not exist

2019-03-22 11:09:14 - [MESSAGE][PASSED] - Object: 'Object Repository/Regression BackOffice/CLINK-10620/SaveButton' is clicked on

2019-03-22 11:09:14 - [TEST_STEP][PASSED] - delay(2): Delayed 2 second(s)

2019-03-22 11:09:16 - [MESSAGE][PASSED] - Delayed 2 second(s)]]></system-out>
         <system-err><![CDATA[]]></system-err>
      </testcase>
      <testcase name="Test Cases/Regression BackOffice (All Browsers)/CLNK-23441 - Back office Caregiver - Search criteria" classname="Test Cases/Regression BackOffice (All Browsers)/CLNK-23441 - Back office Caregiver - Search criteria" status="PASSED">
         <system-out><![CDATA[2019-03-22 11:09:18 - [TEST_CASE][PASSED] - Test Cases/Regression BackOffice (All Browsers)/CLNK-23441 - Back office Caregiver - Search criteria: Test Cases/Regression BackOffice (All Browsers)/CLNK-23441 - Back office Caregiver - Search criteria

2019-03-22 11:09:19 - [TEST_STEP][PASSED] - callTestCase(findTestCase("Regression BackOffice (All Browsers)/CLNK-23439 - Clink - Back office Client"), [:], STOP_ON_FAILURE): Call Test Case 'Test Cases/Regression BackOffice (All Browsers)/CLNK-23439 - Clink - Back office Client' successfully

2019-03-22 11:09:19 - [TEST_CASE][PASSED] - Test Cases/Regression BackOffice (All Browsers)/CLNK-23439 - Clink - Back office Client: Test Cases/Regression BackOffice (All Browsers)/CLNK-23439 - Clink - Back office Client

2019-03-22 11:09:19 - [TEST_STEP][PASSED] - openBrowser(G_SiteBackOffice): Browser is opened with url: 'http://qanewpoc.continulink.com:81/backoffice/Login.aspx'

2019-03-22 11:09:19 - [MESSAGE][WARNING] - A browser is already opened. Closing browser and opening a new one

2019-03-22 11:09:21 - [MESSAGE][INFO] - Starting 'Chrome' driver

2019-03-22 11:09:30 - [MESSAGE][PASSED] - Browser is opened with url: 'http://qanewpoc.continulink.com:81/backoffice/Login.aspx'

2019-03-22 11:09:30 - [TEST_STEP][PASSED] - waitForPageLoad(60): Wait for page load successfully

2019-03-22 11:09:30 - [MESSAGE][PASSED] - Wait for page load successfully

2019-03-22 11:09:30 - [TEST_STEP][PASSED] - maximizeWindow(): Current window maximized

2019-03-22 11:09:32 - [MESSAGE][PASSED] - Current window maximized

2019-03-22 11:09:32 - [TEST_STEP][PASSED] - setText(findTestObject("Regression BackOffice/Login/UserBackOffice"), G_UserBackOffice): Text 'demo' is set on object 'Object Repository/Regression BackOffice/Login/UserBackOffice'

2019-03-22 11:09:32 - [MESSAGE][PASSED] - Text 'demo' is set on object 'Object Repository/Regression BackOffice/Login/UserBackOffice'

2019-03-22 11:09:32 - [TEST_STEP][PASSED] - setText(findTestObject("Regression BackOffice/Login/PasswordBackOffice"), G_PasswordBackOffice): Text 'qwerty' is set on object 'Object Repository/Regression BackOffice/Login/PasswordBackOffice'

2019-03-22 11:09:33 - [MESSAGE][PASSED] - Text 'qwerty' is set on object 'Object Repository/Regression BackOffice/Login/PasswordBackOffice'

2019-03-22 11:09:33 - [TEST_STEP][PASSED] - click(findTestObject("Regression BackOffice/Login/LoginBackOffice")): Object: 'Object Repository/Regression BackOffice/Login/LoginBackOffice' is clicked on

2019-03-22 11:09:42 - [MESSAGE][PASSED] - Object: 'Object Repository/Regression BackOffice/Login/LoginBackOffice' is clicked on

2019-03-22 11:09:42 - [TEST_STEP][PASSED] - waitForPageLoad(60): Wait for page load successfully

2019-03-22 11:09:42 - [MESSAGE][PASSED] - Wait for page load successfully

2019-03-22 11:09:42 - [TEST_STEP][PASSED] - delay(3): Delayed 3 second(s)

2019-03-22 11:09:45 - [MESSAGE][PASSED] - Delayed 3 second(s)

2019-03-22 11:09:45 - [TEST_STEP][PASSED] - switchToFrame(findTestObject("Regression BackOffice/CLNK-23449/FrameLeft"), 5): null

2019-03-22 11:09:45 - [TEST_STEP][PASSED] - waitForElementPresent(findTestObject("Regression BackOffice/CLNK-23449/ClienIntakeICon"), 60): Object 'Object Repository/Regression BackOffice/CLNK-23449/ClienIntakeICon' is present

2019-03-22 11:09:46 - [MESSAGE][PASSED] - Object 'Object Repository/Regression BackOffice/CLNK-23449/ClienIntakeICon' is present

2019-03-22 11:09:46 - [TEST_STEP][PASSED] - verifyElementPresent(findTestObject("Regression BackOffice/CLNK-23449/ClienIntakeICon"), 100): Object 'Object Repository/Regression BackOffice/CLNK-23449/ClienIntakeICon' is present

2019-03-22 11:09:46 - [MESSAGE][PASSED] - Object 'Object Repository/Regression BackOffice/CLNK-23449/ClienIntakeICon' is present

2019-03-22 11:09:46 - [TEST_STEP][PASSED] - switchToDefaultContent(): null

2019-03-22 11:09:46 - [MESSAGE][PASSED] - Call Test Case 'Test Cases/Regression BackOffice (All Browsers)/CLNK-23439 - Clink - Back office Client' successfully

2019-03-22 11:09:46 - [TEST_STEP][PASSED] - waitForPageLoad(60): Wait for page load successfully

2019-03-22 11:09:46 - [MESSAGE][PASSED] - Wait for page load successfully

2019-03-22 11:09:46 - [TEST_STEP][PASSED] - delay(3): Delayed 3 second(s)

2019-03-22 11:09:49 - [MESSAGE][PASSED] - Delayed 3 second(s)

2019-03-22 11:09:49 - [TEST_STEP][PASSED] - switchToFrame(findTestObject("Regression BackOffice/CLNK-23449/FrameLeft"), 30): null

2019-03-22 11:09:49 - [TEST_STEP][PASSED] - waitForElementPresent(findTestObject("Regression BackOffice/CLNK-23441/Caregiver  HRLink"), 100): Object 'Object Repository/Regression BackOffice/CLNK-23441/Caregiver  HRLink' is present

2019-03-22 11:09:49 - [MESSAGE][PASSED] - Object 'Object Repository/Regression BackOffice/CLNK-23441/Caregiver  HRLink' is present

2019-03-22 11:09:49 - [TEST_STEP][PASSED] - click(findTestObject("Regression BackOffice/CLNK-23441/Caregiver  HRLink")): Object: 'Object Repository/Regression BackOffice/CLNK-23441/Caregiver  HRLink' is clicked on

2019-03-22 11:09:50 - [MESSAGE][PASSED] - Object: 'Object Repository/Regression BackOffice/CLNK-23441/Caregiver  HRLink' is clicked on

2019-03-22 11:09:50 - [TEST_STEP][PASSED] - delay(2): Delayed 2 second(s)

2019-03-22 11:09:52 - [MESSAGE][PASSED] - Delayed 2 second(s)

2019-03-22 11:09:52 - [TEST_STEP][PASSED] - waitForPageLoad(50): Wait for page load successfully

2019-03-22 11:09:52 - [MESSAGE][PASSED] - Wait for page load successfully

2019-03-22 11:09:52 - [TEST_STEP][PASSED] - waitForElementPresent(findTestObject("Regression BackOffice/CLNK-23441/Caregiver Search"), 50): Object 'Object Repository/Regression BackOffice/CLNK-23441/Caregiver Search' is present

2019-03-22 11:09:52 - [MESSAGE][PASSED] - Object 'Object Repository/Regression BackOffice/CLNK-23441/Caregiver Search' is present

2019-03-22 11:09:52 - [TEST_STEP][PASSED] - click(findTestObject("Regression BackOffice/CLNK-23441/Caregiver Search")): Object: 'Object Repository/Regression BackOffice/CLNK-23441/Caregiver Search' is clicked on

2019-03-22 11:09:54 - [MESSAGE][PASSED] - Object: 'Object Repository/Regression BackOffice/CLNK-23441/Caregiver Search' is clicked on

2019-03-22 11:09:54 - [TEST_STEP][PASSED] - delay(2): Delayed 2 second(s)

2019-03-22 11:09:56 - [MESSAGE][PASSED] - Delayed 2 second(s)

2019-03-22 11:09:56 - [TEST_STEP][PASSED] - switchToDefaultContent(): null

2019-03-22 11:09:56 - [TEST_STEP][PASSED] - switchToFrame(findTestObject("Regression BackOffice/CLNK-23449/FrameMain"), 30): null

2019-03-22 11:09:56 - [TEST_STEP][PASSED] - waitForElementPresent(findTestObject("Regression BackOffice/CLNK-10235/FirstNameSearch"), 50): Object 'Object Repository/Regression BackOffice/CLNK-10235/FirstNameSearch' is present

2019-03-22 11:09:56 - [MESSAGE][PASSED] - Object 'Object Repository/Regression BackOffice/CLNK-10235/FirstNameSearch' is present

2019-03-22 11:09:56 - [TEST_STEP][PASSED] - setText(findTestObject("Regression BackOffice/CLNK-10235/FirstNameSearch"), "James"): Text 'James' is set on object 'Object Repository/Regression BackOffice/CLNK-10235/FirstNameSearch'

2019-03-22 11:09:57 - [MESSAGE][PASSED] - Text 'James' is set on object 'Object Repository/Regression BackOffice/CLNK-10235/FirstNameSearch'

2019-03-22 11:09:57 - [TEST_STEP][PASSED] - delay(2): Delayed 2 second(s)

2019-03-22 11:09:59 - [MESSAGE][PASSED] - Delayed 2 second(s)

2019-03-22 11:09:59 - [TEST_STEP][PASSED] - waitForElementPresent(findTestObject("Regression BackOffice/CLNK-23441/Last NameHR"), 50): Object 'Object Repository/Regression BackOffice/CLNK-23441/Last NameHR' is present

2019-03-22 11:09:59 - [MESSAGE][PASSED] - Object 'Object Repository/Regression BackOffice/CLNK-23441/Last NameHR' is present

2019-03-22 11:09:59 - [TEST_STEP][PASSED] - setText(findTestObject("Regression BackOffice/CLNK-23441/Last NameHR"), "Test"): Text 'Test' is set on object 'Object Repository/Regression BackOffice/CLNK-23441/Last NameHR'

2019-03-22 11:10:00 - [MESSAGE][PASSED] - Text 'Test' is set on object 'Object Repository/Regression BackOffice/CLNK-23441/Last NameHR'

2019-03-22 11:10:00 - [TEST_STEP][PASSED] - delay(2): Delayed 2 second(s)

2019-03-22 11:10:02 - [MESSAGE][PASSED] - Delayed 2 second(s)

2019-03-22 11:10:02 - [TEST_STEP][PASSED] - waitForElementPresent(findTestObject("Regression BackOffice/CLNK-23441/CaregiverSearchButton"), 50): Object 'Object Repository/Regression BackOffice/CLNK-23441/CaregiverSearchButton' is present

2019-03-22 11:10:02 - [MESSAGE][PASSED] - Object 'Object Repository/Regression BackOffice/CLNK-23441/CaregiverSearchButton' is present

2019-03-22 11:10:02 - [TEST_STEP][PASSED] - click(findTestObject("Regression BackOffice/CLNK-23441/CaregiverSearchButton"), STOP_ON_FAILURE): Object: 'Object Repository/Regression BackOffice/CLNK-23441/CaregiverSearchButton' is clicked on

2019-03-22 11:10:04 - [MESSAGE][PASSED] - Object: 'Object Repository/Regression BackOffice/CLNK-23441/CaregiverSearchButton' is clicked on

2019-03-22 11:10:04 - [TEST_STEP][PASSED] - delay(2): Delayed 2 second(s)

2019-03-22 11:10:06 - [MESSAGE][PASSED] - Delayed 2 second(s)]]></system-out>
         <system-err><![CDATA[]]></system-err>
      </testcase>
      <testcase name="Test Cases/Regression BackOffice (All Browsers)/CLNK-23442 - Back office Caregiver Demographics" classname="Test Cases/Regression BackOffice (All Browsers)/CLNK-23442 - Back office Caregiver Demographics" status="PASSED">
         <system-out><![CDATA[2019-03-22 11:10:09 - [TEST_CASE][PASSED] - Test Cases/Regression BackOffice (All Browsers)/CLNK-23442 - Back office Caregiver Demographics: Test Cases/Regression BackOffice (All Browsers)/CLNK-23442 - Back office Caregiver Demographics

2019-03-22 11:10:09 - [TEST_STEP][PASSED] - callTestCase(findTestCase("Regression BackOffice (All Browsers)/CLNK-23439 - Clink - Back office Client"), [:], STOP_ON_FAILURE): Call Test Case 'Test Cases/Regression BackOffice (All Browsers)/CLNK-23439 - Clink - Back office Client' successfully

2019-03-22 11:10:10 - [TEST_CASE][PASSED] - Test Cases/Regression BackOffice (All Browsers)/CLNK-23439 - Clink - Back office Client: Test Cases/Regression BackOffice (All Browsers)/CLNK-23439 - Clink - Back office Client

2019-03-22 11:10:10 - [TEST_STEP][PASSED] - openBrowser(G_SiteBackOffice): Browser is opened with url: 'http://qanewpoc.continulink.com:81/backoffice/Login.aspx'

2019-03-22 11:10:10 - [MESSAGE][WARNING] - A browser is already opened. Closing browser and opening a new one

2019-03-22 11:10:11 - [MESSAGE][INFO] - Starting 'Chrome' driver

2019-03-22 11:10:20 - [MESSAGE][PASSED] - Browser is opened with url: 'http://qanewpoc.continulink.com:81/backoffice/Login.aspx'

2019-03-22 11:10:20 - [TEST_STEP][PASSED] - waitForPageLoad(60): Wait for page load successfully

2019-03-22 11:10:20 - [MESSAGE][PASSED] - Wait for page load successfully

2019-03-22 11:10:20 - [TEST_STEP][PASSED] - maximizeWindow(): Current window maximized

2019-03-22 11:10:22 - [MESSAGE][PASSED] - Current window maximized

2019-03-22 11:10:22 - [TEST_STEP][PASSED] - setText(findTestObject("Regression BackOffice/Login/UserBackOffice"), G_UserBackOffice): Text 'demo' is set on object 'Object Repository/Regression BackOffice/Login/UserBackOffice'

2019-03-22 11:10:22 - [MESSAGE][PASSED] - Text 'demo' is set on object 'Object Repository/Regression BackOffice/Login/UserBackOffice'

2019-03-22 11:10:22 - [TEST_STEP][PASSED] - setText(findTestObject("Regression BackOffice/Login/PasswordBackOffice"), G_PasswordBackOffice): Text 'qwerty' is set on object 'Object Repository/Regression BackOffice/Login/PasswordBackOffice'

2019-03-22 11:10:23 - [MESSAGE][PASSED] - Text 'qwerty' is set on object 'Object Repository/Regression BackOffice/Login/PasswordBackOffice'

2019-03-22 11:10:23 - [TEST_STEP][PASSED] - click(findTestObject("Regression BackOffice/Login/LoginBackOffice")): Object: 'Object Repository/Regression BackOffice/Login/LoginBackOffice' is clicked on

2019-03-22 11:10:29 - [MESSAGE][PASSED] - Object: 'Object Repository/Regression BackOffice/Login/LoginBackOffice' is clicked on

2019-03-22 11:10:29 - [TEST_STEP][PASSED] - waitForPageLoad(60): Wait for page load successfully

2019-03-22 11:10:29 - [MESSAGE][PASSED] - Wait for page load successfully

2019-03-22 11:10:29 - [TEST_STEP][PASSED] - delay(3): Delayed 3 second(s)

2019-03-22 11:10:32 - [MESSAGE][PASSED] - Delayed 3 second(s)

2019-03-22 11:10:32 - [TEST_STEP][PASSED] - switchToFrame(findTestObject("Regression BackOffice/CLNK-23449/FrameLeft"), 5): null

2019-03-22 11:10:32 - [TEST_STEP][PASSED] - waitForElementPresent(findTestObject("Regression BackOffice/CLNK-23449/ClienIntakeICon"), 60): Object 'Object Repository/Regression BackOffice/CLNK-23449/ClienIntakeICon' is present

2019-03-22 11:10:32 - [MESSAGE][PASSED] - Object 'Object Repository/Regression BackOffice/CLNK-23449/ClienIntakeICon' is present

2019-03-22 11:10:32 - [TEST_STEP][PASSED] - verifyElementPresent(findTestObject("Regression BackOffice/CLNK-23449/ClienIntakeICon"), 100): Object 'Object Repository/Regression BackOffice/CLNK-23449/ClienIntakeICon' is present

2019-03-22 11:10:32 - [MESSAGE][PASSED] - Object 'Object Repository/Regression BackOffice/CLNK-23449/ClienIntakeICon' is present

2019-03-22 11:10:32 - [TEST_STEP][PASSED] - switchToDefaultContent(): null

2019-03-22 11:10:32 - [MESSAGE][PASSED] - Call Test Case 'Test Cases/Regression BackOffice (All Browsers)/CLNK-23439 - Clink - Back office Client' successfully

2019-03-22 11:10:32 - [TEST_STEP][PASSED] - waitForPageLoad(60): Wait for page load successfully

2019-03-22 11:10:32 - [MESSAGE][PASSED] - Wait for page load successfully

2019-03-22 11:10:32 - [TEST_STEP][PASSED] - delay(3): Delayed 3 second(s)

2019-03-22 11:10:35 - [MESSAGE][PASSED] - Delayed 3 second(s)

2019-03-22 11:10:35 - [TEST_STEP][PASSED] - switchToFrame(findTestObject("Regression BackOffice/CLNK-23449/FrameLeft"), 30): null

2019-03-22 11:10:36 - [TEST_STEP][PASSED] - waitForElementPresent(findTestObject("Regression BackOffice/CLNK-23441/Caregiver  HRLink"), 100): Object 'Object Repository/Regression BackOffice/CLNK-23441/Caregiver  HRLink' is present

2019-03-22 11:10:36 - [MESSAGE][PASSED] - Object 'Object Repository/Regression BackOffice/CLNK-23441/Caregiver  HRLink' is present

2019-03-22 11:10:36 - [TEST_STEP][PASSED] - click(findTestObject("Regression BackOffice/CLNK-23441/Caregiver  HRLink")): Object: 'Object Repository/Regression BackOffice/CLNK-23441/Caregiver  HRLink' is clicked on

2019-03-22 11:10:36 - [MESSAGE][PASSED] - Object: 'Object Repository/Regression BackOffice/CLNK-23441/Caregiver  HRLink' is clicked on

2019-03-22 11:10:36 - [TEST_STEP][PASSED] - delay(2): Delayed 2 second(s)

2019-03-22 11:10:38 - [MESSAGE][PASSED] - Delayed 2 second(s)

2019-03-22 11:10:38 - [TEST_STEP][PASSED] - waitForPageLoad(50): Wait for page load successfully

2019-03-22 11:10:38 - [MESSAGE][PASSED] - Wait for page load successfully

2019-03-22 11:10:38 - [TEST_STEP][PASSED] - waitForElementPresent(findTestObject("Regression BackOffice/CLINK-23442/CaregiverDemographics"), 50): Object 'Object Repository/Regression BackOffice/CLINK-23442/CaregiverDemographics' is present

2019-03-22 11:10:38 - [MESSAGE][PASSED] - Object 'Object Repository/Regression BackOffice/CLINK-23442/CaregiverDemographics' is present

2019-03-22 11:10:38 - [TEST_STEP][PASSED] - click(findTestObject("Regression BackOffice/CLINK-23442/CaregiverDemographics")): Object: 'Object Repository/Regression BackOffice/CLINK-23442/CaregiverDemographics' is clicked on

2019-03-22 11:10:41 - [MESSAGE][PASSED] - Object: 'Object Repository/Regression BackOffice/CLINK-23442/CaregiverDemographics' is clicked on

2019-03-22 11:10:41 - [TEST_STEP][PASSED] - delay(2): Delayed 2 second(s)

2019-03-22 11:10:43 - [MESSAGE][PASSED] - Delayed 2 second(s)

2019-03-22 11:10:43 - [TEST_STEP][PASSED] - switchToDefaultContent(): null

2019-03-22 11:10:43 - [TEST_STEP][PASSED] - switchToFrame(findTestObject("Regression BackOffice/CLNK-23449/FrameMain"), 30): null

2019-03-22 11:10:43 - [TEST_STEP][PASSED] - waitForElementPresent(findTestObject("Regression BackOffice/CLNK-10235/FirstNameSearch"), 50): Object 'Object Repository/Regression BackOffice/CLNK-10235/FirstNameSearch' is present

2019-03-22 11:10:43 - [MESSAGE][PASSED] - Object 'Object Repository/Regression BackOffice/CLNK-10235/FirstNameSearch' is present

2019-03-22 11:10:43 - [TEST_STEP][PASSED] - setText(findTestObject("Regression BackOffice/CLNK-10235/FirstNameSearch"), "James"): Text 'James' is set on object 'Object Repository/Regression BackOffice/CLNK-10235/FirstNameSearch'

2019-03-22 11:10:43 - [MESSAGE][PASSED] - Text 'James' is set on object 'Object Repository/Regression BackOffice/CLNK-10235/FirstNameSearch'

2019-03-22 11:10:43 - [TEST_STEP][PASSED] - delay(2): Delayed 2 second(s)

2019-03-22 11:10:45 - [MESSAGE][PASSED] - Delayed 2 second(s)

2019-03-22 11:10:45 - [TEST_STEP][PASSED] - waitForElementPresent(findTestObject("Regression BackOffice/CLNK-23441/Last NameHR"), 50): Object 'Object Repository/Regression BackOffice/CLNK-23441/Last NameHR' is present

2019-03-22 11:10:45 - [MESSAGE][PASSED] - Object 'Object Repository/Regression BackOffice/CLNK-23441/Last NameHR' is present

2019-03-22 11:10:45 - [TEST_STEP][PASSED] - setText(findTestObject("Regression BackOffice/CLNK-23441/Last NameHR"), "Test"): Text 'Test' is set on object 'Object Repository/Regression BackOffice/CLNK-23441/Last NameHR'

2019-03-22 11:10:46 - [MESSAGE][PASSED] - Text 'Test' is set on object 'Object Repository/Regression BackOffice/CLNK-23441/Last NameHR'

2019-03-22 11:10:46 - [TEST_STEP][PASSED] - delay(2): Delayed 2 second(s)

2019-03-22 11:10:48 - [MESSAGE][PASSED] - Delayed 2 second(s)

2019-03-22 11:10:48 - [TEST_STEP][PASSED] - waitForElementPresent(findTestObject("Regression BackOffice/CLNK-23441/CaregiverSearchButton"), 50): Object 'Object Repository/Regression BackOffice/CLNK-23441/CaregiverSearchButton' is present

2019-03-22 11:10:48 - [MESSAGE][PASSED] - Object 'Object Repository/Regression BackOffice/CLNK-23441/CaregiverSearchButton' is present

2019-03-22 11:10:48 - [TEST_STEP][PASSED] - click(findTestObject("Regression BackOffice/CLNK-23441/CaregiverSearchButton"), STOP_ON_FAILURE): Object: 'Object Repository/Regression BackOffice/CLNK-23441/CaregiverSearchButton' is clicked on

2019-03-22 11:10:49 - [MESSAGE][PASSED] - Object: 'Object Repository/Regression BackOffice/CLNK-23441/CaregiverSearchButton' is clicked on

2019-03-22 11:10:49 - [TEST_STEP][PASSED] - delay(2): Delayed 2 second(s)

2019-03-22 11:10:51 - [MESSAGE][PASSED] - Delayed 2 second(s)

2019-03-22 11:10:51 - [TEST_STEP][PASSED] - waitForElementPresent(findTestObject("Regression BackOffice/CLINK-23442/ClientLink"), 50): Object 'Object Repository/Regression BackOffice/CLINK-23442/ClientLink' is present

2019-03-22 11:10:51 - [MESSAGE][PASSED] - Object 'Object Repository/Regression BackOffice/CLINK-23442/ClientLink' is present

2019-03-22 11:10:51 - [TEST_STEP][PASSED] - click(findTestObject("Regression BackOffice/CLINK-23442/ClientLink"), STOP_ON_FAILURE): Object: 'Object Repository/Regression BackOffice/CLINK-23442/ClientLink' is clicked on

2019-03-22 11:10:55 - [MESSAGE][PASSED] - Object: 'Object Repository/Regression BackOffice/CLINK-23442/ClientLink' is clicked on

2019-03-22 11:10:55 - [TEST_STEP][PASSED] - delay(2): Delayed 2 second(s)

2019-03-22 11:10:57 - [MESSAGE][PASSED] - Delayed 2 second(s)

2019-03-22 11:10:57 - [TEST_STEP][PASSED] - waitForElementPresent(findTestObject("Regression BackOffice/CLINK-23442/NickName"), 50): Object 'Object Repository/Regression BackOffice/CLINK-23442/NickName' is present

2019-03-22 11:10:57 - [MESSAGE][PASSED] - Object 'Object Repository/Regression BackOffice/CLINK-23442/NickName' is present

2019-03-22 11:10:57 - [TEST_STEP][PASSED] - setText(findTestObject("Regression BackOffice/CLINK-23442/NickName"), "Pache"): Text 'Pache' is set on object 'Object Repository/Regression BackOffice/CLINK-23442/NickName'

2019-03-22 11:10:58 - [MESSAGE][PASSED] - Text 'Pache' is set on object 'Object Repository/Regression BackOffice/CLINK-23442/NickName'

2019-03-22 11:10:58 - [TEST_STEP][PASSED] - delay(2): Delayed 2 second(s)

2019-03-22 11:11:00 - [MESSAGE][PASSED] - Delayed 2 second(s)

2019-03-22 11:11:00 - [TEST_STEP][PASSED] - scrollToElement(findTestObject("Regression BackOffice/CLINK-23442/NewPhoneLink"), 50): Scroll to object 'Object Repository/Regression BackOffice/CLINK-23442/NewPhoneLink' successfully

2019-03-22 11:11:01 - [MESSAGE][PASSED] - Scroll to object 'Object Repository/Regression BackOffice/CLINK-23442/NewPhoneLink' successfully

2019-03-22 11:11:01 - [TEST_STEP][PASSED] - delay(1): Delayed 1 second(s)

2019-03-22 11:11:02 - [MESSAGE][PASSED] - Delayed 1 second(s)

2019-03-22 11:11:02 - [TEST_STEP][PASSED] - click(findTestObject("Regression BackOffice/CLINK-23442/NewPhoneLink"), STOP_ON_FAILURE): Object: 'Object Repository/Regression BackOffice/CLINK-23442/NewPhoneLink' is clicked on

2019-03-22 11:11:02 - [MESSAGE][PASSED] - Object: 'Object Repository/Regression BackOffice/CLINK-23442/NewPhoneLink' is clicked on

2019-03-22 11:11:02 - [TEST_STEP][PASSED] - delay(2): Delayed 2 second(s)

2019-03-22 11:11:04 - [MESSAGE][PASSED] - Delayed 2 second(s)

2019-03-22 11:11:04 - [TEST_STEP][PASSED] - waitForElementPresent(findTestObject("Regression BackOffice/CLINK-23442/PhoneTypeList"), 50): Object 'Object Repository/Regression BackOffice/CLINK-23442/PhoneTypeList' is present

2019-03-22 11:11:04 - [MESSAGE][PASSED] - Object 'Object Repository/Regression BackOffice/CLINK-23442/PhoneTypeList' is present

2019-03-22 11:11:04 - [TEST_STEP][PASSED] - click(findTestObject("Regression BackOffice/CLINK-23442/PhoneTypeList"), STOP_ON_FAILURE): Object: 'Object Repository/Regression BackOffice/CLINK-23442/PhoneTypeList' is clicked on

2019-03-22 11:11:05 - [MESSAGE][PASSED] - Object: 'Object Repository/Regression BackOffice/CLINK-23442/PhoneTypeList' is clicked on

2019-03-22 11:11:05 - [TEST_STEP][PASSED] - sendKeys(findTestObject("Regression BackOffice/CLINK-23442/PhoneTypeList"), Keys.chord(ARROW_DOWN, ARROW_DOWN, ARROW_DOWN, ENTER)): Keys 'DOWN + DOWN + DOWN + ENTER + ' sent to object: 'Object Repository/Regression BackOffice/CLINK-23442/PhoneTypeList'

2019-03-22 11:11:05 - [MESSAGE][PASSED] - Keys 'DOWN + DOWN + DOWN + ENTER + ' sent to object: 'Object Repository/Regression BackOffice/CLINK-23442/PhoneTypeList'

2019-03-22 11:11:05 - [TEST_STEP][PASSED] - delay(2): Delayed 2 second(s)

2019-03-22 11:11:07 - [MESSAGE][PASSED] - Delayed 2 second(s)

2019-03-22 11:11:07 - [TEST_STEP][PASSED] - waitForElementPresent(findTestObject("Regression BackOffice/CLINK-23442/PhoneNumber"), 50): Object 'Object Repository/Regression BackOffice/CLINK-23442/PhoneNumber' is present

2019-03-22 11:11:07 - [MESSAGE][PASSED] - Object 'Object Repository/Regression BackOffice/CLINK-23442/PhoneNumber' is present

2019-03-22 11:11:07 - [TEST_STEP][PASSED] - setText(findTestObject("Regression BackOffice/CLINK-23442/PhoneNumber"), G_23442Phone): Text '5445899862' is set on object 'Object Repository/Regression BackOffice/CLINK-23442/PhoneNumber'

2019-03-22 11:11:08 - [MESSAGE][PASSED] - Text '5445899862' is set on object 'Object Repository/Regression BackOffice/CLINK-23442/PhoneNumber'

2019-03-22 11:11:08 - [TEST_STEP][PASSED] - delay(2): Delayed 2 second(s)

2019-03-22 11:11:10 - [MESSAGE][PASSED] - Delayed 2 second(s)

2019-03-22 11:11:10 - [TEST_STEP][PASSED] - waitForElementPresent(findTestObject("Regression BackOffice/CLINK-23442/Add to List Button"), 50): Object 'Object Repository/Regression BackOffice/CLINK-23442/Add to List Button' is present

2019-03-22 11:11:10 - [MESSAGE][PASSED] - Object 'Object Repository/Regression BackOffice/CLINK-23442/Add to List Button' is present

2019-03-22 11:11:10 - [TEST_STEP][PASSED] - click(findTestObject("Regression BackOffice/CLINK-23442/Add to List Button"), STOP_ON_FAILURE): Object: 'Object Repository/Regression BackOffice/CLINK-23442/Add to List Button' is clicked on

2019-03-22 11:11:10 - [MESSAGE][PASSED] - Object: 'Object Repository/Regression BackOffice/CLINK-23442/Add to List Button' is clicked on

2019-03-22 11:11:10 - [TEST_STEP][PASSED] - delay(2): Delayed 2 second(s)

2019-03-22 11:11:12 - [MESSAGE][PASSED] - Delayed 2 second(s)

2019-03-22 11:11:12 - [TEST_STEP][PASSED] - waitForElementPresent(findTestObject("Regression BackOffice/CLINK-23442/Group"), 50): Object 'Object Repository/Regression BackOffice/CLINK-23442/Group' is present

2019-03-22 11:11:12 - [MESSAGE][PASSED] - Object 'Object Repository/Regression BackOffice/CLINK-23442/Group' is present

2019-03-22 11:11:12 - [TEST_STEP][PASSED] - click(findTestObject("Regression BackOffice/CLINK-23442/Group"), STOP_ON_FAILURE): Object: 'Object Repository/Regression BackOffice/CLINK-23442/Group' is clicked on

2019-03-22 11:11:13 - [MESSAGE][PASSED] - Object: 'Object Repository/Regression BackOffice/CLINK-23442/Group' is clicked on

2019-03-22 11:11:13 - [TEST_STEP][PASSED] - sendKeys(findTestObject("Regression BackOffice/CLINK-23442/Group"), Keys.chord(ARROW_DOWN, ENTER)): Keys 'DOWN + ENTER + ' sent to object: 'Object Repository/Regression BackOffice/CLINK-23442/Group'

2019-03-22 11:11:13 - [MESSAGE][PASSED] - Keys 'DOWN + ENTER + ' sent to object: 'Object Repository/Regression BackOffice/CLINK-23442/Group'

2019-03-22 11:11:13 - [TEST_STEP][PASSED] - delay(2): Delayed 2 second(s)

2019-03-22 11:11:15 - [MESSAGE][PASSED] - Delayed 2 second(s)

2019-03-22 11:11:15 - [TEST_STEP][PASSED] - waitForElementPresent(findTestObject("Regression BackOffice/CLINK-23442/SubGroup"), 50): Object 'Object Repository/Regression BackOffice/CLINK-23442/SubGroup' is present

2019-03-22 11:11:15 - [MESSAGE][PASSED] - Object 'Object Repository/Regression BackOffice/CLINK-23442/SubGroup' is present

2019-03-22 11:11:15 - [TEST_STEP][PASSED] - click(findTestObject("Regression BackOffice/CLINK-23442/SubGroup"), STOP_ON_FAILURE): Object: 'Object Repository/Regression BackOffice/CLINK-23442/SubGroup' is clicked on

2019-03-22 11:11:16 - [MESSAGE][PASSED] - Object: 'Object Repository/Regression BackOffice/CLINK-23442/SubGroup' is clicked on

2019-03-22 11:11:16 - [TEST_STEP][PASSED] - sendKeys(findTestObject("Regression BackOffice/CLINK-23442/SubGroup"), Keys.chord(ARROW_DOWN, ENTER)): Keys 'DOWN + ENTER + ' sent to object: 'Object Repository/Regression BackOffice/CLINK-23442/SubGroup'

2019-03-22 11:11:16 - [MESSAGE][PASSED] - Keys 'DOWN + ENTER + ' sent to object: 'Object Repository/Regression BackOffice/CLINK-23442/SubGroup'

2019-03-22 11:11:16 - [TEST_STEP][PASSED] - delay(2): Delayed 2 second(s)

2019-03-22 11:11:18 - [MESSAGE][PASSED] - Delayed 2 second(s)

2019-03-22 11:11:18 - [TEST_STEP][PASSED] - scrollToElement(findTestObject("Regression BackOffice/CLINK-23442/Add Discipline"), 50): Scroll to object 'Object Repository/Regression BackOffice/CLINK-23442/Add Discipline' successfully

2019-03-22 11:11:18 - [MESSAGE][PASSED] - Scroll to object 'Object Repository/Regression BackOffice/CLINK-23442/Add Discipline' successfully

2019-03-22 11:11:18 - [TEST_STEP][PASSED] - click(findTestObject("Regression BackOffice/CLINK-23442/Add Discipline"), STOP_ON_FAILURE): Object: 'Object Repository/Regression BackOffice/CLINK-23442/Add Discipline' is clicked on

2019-03-22 11:11:19 - [MESSAGE][PASSED] - Object: 'Object Repository/Regression BackOffice/CLINK-23442/Add Discipline' is clicked on

2019-03-22 11:11:19 - [TEST_STEP][PASSED] - delay(2): Delayed 2 second(s)

2019-03-22 11:11:21 - [MESSAGE][PASSED] - Delayed 2 second(s)

2019-03-22 11:11:21 - [TEST_STEP][PASSED] - waitForElementPresent(findTestObject("Regression BackOffice/CLINK-23442/DisciplineList"), 50): Object 'Object Repository/Regression BackOffice/CLINK-23442/DisciplineList' is present

2019-03-22 11:11:21 - [MESSAGE][PASSED] - Object 'Object Repository/Regression BackOffice/CLINK-23442/DisciplineList' is present

2019-03-22 11:11:21 - [TEST_STEP][PASSED] - click(findTestObject("Regression BackOffice/CLINK-23442/DisciplineList"), STOP_ON_FAILURE): Object: 'Object Repository/Regression BackOffice/CLINK-23442/DisciplineList' is clicked on

2019-03-22 11:11:21 - [MESSAGE][PASSED] - Object: 'Object Repository/Regression BackOffice/CLINK-23442/DisciplineList' is clicked on

2019-03-22 11:11:21 - [TEST_STEP][PASSED] - sendKeys(findTestObject("Regression BackOffice/CLINK-23442/DisciplineList"), Keys.chord(ARROW_DOWN, ARROW_DOWN, ARROW_DOWN, ARROW_DOWN, ARROW_DOWN, ARROW_DOWN, ARROW_DOWN, ARROW_DOWN, ARROW_DOWN, ARROW_DOWN, ARROW_DOWN, ARROW_DOWN, ENTER)): Keys 'DOWN + DOWN + DOWN + DOWN + DOWN + DOWN + DOWN + DOWN + DOWN + DOWN + DOWN + DOWN + ENTER + ' sent to object: 'Object Repository/Regression BackOffice/CLINK-23442/DisciplineList'

2019-03-22 11:11:21 - [MESSAGE][PASSED] - Keys 'DOWN + DOWN + DOWN + DOWN + DOWN + DOWN + DOWN + DOWN + DOWN + DOWN + DOWN + DOWN + ENTER + ' sent to object: 'Object Repository/Regression BackOffice/CLINK-23442/DisciplineList'

2019-03-22 11:11:21 - [TEST_STEP][PASSED] - delay(2): Delayed 2 second(s)

2019-03-22 11:11:23 - [MESSAGE][PASSED] - Delayed 2 second(s)

2019-03-22 11:11:23 - [TEST_STEP][PASSED] - waitForElementPresent(findTestObject("Regression BackOffice/CLINK-23442/Begin Date"), 50): Object 'Object Repository/Regression BackOffice/CLINK-23442/Begin Date' is present

2019-03-22 11:11:24 - [MESSAGE][PASSED] - Object 'Object Repository/Regression BackOffice/CLINK-23442/Begin Date' is present

2019-03-22 11:11:24 - [TEST_STEP][PASSED] - setText(findTestObject("Regression BackOffice/CLINK-23442/Begin Date"), getDate.DateUtilities.getDateMonthDayYearNumberwithSlash()): Text '03/22/2019' is set on object 'Object Repository/Regression BackOffice/CLINK-23442/Begin Date'

2019-03-22 11:11:24 - [MESSAGE][PASSED] - getDate.DateUtilities.getDateMonthDayYearNumberwithSlash is PASSED

2019-03-22 11:11:25 - [MESSAGE][PASSED] - Text '03/22/2019' is set on object 'Object Repository/Regression BackOffice/CLINK-23442/Begin Date'

2019-03-22 11:11:25 - [TEST_STEP][PASSED] - delay(2): Delayed 2 second(s)

2019-03-22 11:11:27 - [MESSAGE][PASSED] - Delayed 2 second(s)

2019-03-22 11:11:27 - [TEST_STEP][PASSED] - waitForElementPresent(findTestObject("Regression BackOffice/CLINK-23442/Add to List Discipline"), 50): Object 'Object Repository/Regression BackOffice/CLINK-23442/Add to List Discipline' is present

2019-03-22 11:11:27 - [MESSAGE][PASSED] - Object 'Object Repository/Regression BackOffice/CLINK-23442/Add to List Discipline' is present

2019-03-22 11:11:27 - [TEST_STEP][PASSED] - click(findTestObject("Regression BackOffice/CLINK-23442/Add to List Discipline"), STOP_ON_FAILURE): Object: 'Object Repository/Regression BackOffice/CLINK-23442/Add to List Discipline' is clicked on

2019-03-22 11:11:27 - [MESSAGE][PASSED] - Object: 'Object Repository/Regression BackOffice/CLINK-23442/Add to List Discipline' is clicked on

2019-03-22 11:11:27 - [TEST_STEP][PASSED] - switchToDefaultContent(): Switching to default content failed because an alert is presented on page. Please switch to default content after dealing with the alert.

2019-03-22 11:11:27 - [MESSAGE][WARNING] - Switching to default content failed because an alert is presented on page. Please switch to default content after dealing with the alert.

2019-03-22 11:11:27 - [TEST_STEP][PASSED] - acceptAlert(): Alert accepted

2019-03-22 11:11:27 - [MESSAGE][PASSED] - Alert accepted

2019-03-22 11:11:27 - [TEST_STEP][PASSED] - delay(5): Delayed 5 second(s)

2019-03-22 11:11:32 - [MESSAGE][PASSED] - Delayed 5 second(s)

2019-03-22 11:11:32 - [TEST_STEP][PASSED] - waitForPageLoad(50): Wait for page load successfully

2019-03-22 11:11:32 - [MESSAGE][PASSED] - Wait for page load successfully

2019-03-22 11:11:32 - [TEST_STEP][PASSED] - switchToDefaultContent(): null

2019-03-22 11:11:32 - [TEST_STEP][PASSED] - switchToFrame(findTestObject("Regression BackOffice/CLNK-23449/FrameMain"), 30): null

2019-03-22 11:11:33 - [TEST_STEP][PASSED] - waitForElementPresent(findTestObject("Regression BackOffice/CLINK-23442/RequestChart"), 50): Object 'Object Repository/Regression BackOffice/CLINK-23442/RequestChart' is present

2019-03-22 11:11:33 - [MESSAGE][PASSED] - Object 'Object Repository/Regression BackOffice/CLINK-23442/RequestChart' is present

2019-03-22 11:11:33 - [TEST_STEP][PASSED] - click(findTestObject("Regression BackOffice/CLINK-23442/RequestChart"), STOP_ON_FAILURE): Object: 'Object Repository/Regression BackOffice/CLINK-23442/RequestChart' is clicked on

2019-03-22 11:11:33 - [MESSAGE][PASSED] - Object: 'Object Repository/Regression BackOffice/CLINK-23442/RequestChart' is clicked on

2019-03-22 11:11:33 - [TEST_STEP][PASSED] - delay(2): Delayed 2 second(s)

2019-03-22 11:11:35 - [MESSAGE][PASSED] - Delayed 2 second(s)

2019-03-22 11:11:35 - [TEST_STEP][PASSED] - waitForElementPresent(findTestObject("Regression BackOffice/CLINK-23442/QAReviewForForms"), 50): Object 'Object Repository/Regression BackOffice/CLINK-23442/QAReviewForForms' is present

2019-03-22 11:11:36 - [MESSAGE][PASSED] - Object 'Object Repository/Regression BackOffice/CLINK-23442/QAReviewForForms' is present

2019-03-22 11:11:36 - [TEST_STEP][PASSED] - click(findTestObject("Regression BackOffice/CLINK-23442/QAReviewForForms"), STOP_ON_FAILURE): Object: 'Object Repository/Regression BackOffice/CLINK-23442/QAReviewForForms' is clicked on

2019-03-22 11:11:36 - [MESSAGE][PASSED] - Object: 'Object Repository/Regression BackOffice/CLINK-23442/QAReviewForForms' is clicked on

2019-03-22 11:11:36 - [TEST_STEP][PASSED] - delay(2): Delayed 2 second(s)

2019-03-22 11:11:38 - [MESSAGE][PASSED] - Delayed 2 second(s)

2019-03-22 11:11:38 - [TEST_STEP][PASSED] - switchToDefaultContent(): null

2019-03-22 11:11:38 - [TEST_STEP][PASSED] - switchToFrame(findTestObject("Regression BackOffice/CLINK-23442/BannerFrame"), 30): null

2019-03-22 11:11:38 - [TEST_STEP][PASSED] - waitForElementPresent(findTestObject("Regression BackOffice/CLINK-23442/SaveButton"), 50): Object 'Object Repository/Regression BackOffice/CLINK-23442/SaveButton' is present

2019-03-22 11:11:38 - [MESSAGE][PASSED] - Object 'Object Repository/Regression BackOffice/CLINK-23442/SaveButton' is present

2019-03-22 11:11:38 - [TEST_STEP][PASSED] - click(findTestObject("Regression BackOffice/CLINK-23442/SaveButton")): Object: 'Object Repository/Regression BackOffice/CLINK-23442/SaveButton' is clicked on

2019-03-22 11:11:39 - [MESSAGE][PASSED] - Object: 'Object Repository/Regression BackOffice/CLINK-23442/SaveButton' is clicked on

2019-03-22 11:11:39 - [TEST_STEP][PASSED] - delay(2): Delayed 2 second(s)

2019-03-22 11:11:41 - [MESSAGE][PASSED] - Delayed 2 second(s)]]></system-out>
         <system-err><![CDATA[]]></system-err>
      </testcase>
      <testcase name="Test Cases/Regression BackOffice (All Browsers)/CLNK-23444 - Back office Caregiver Attributes" classname="Test Cases/Regression BackOffice (All Browsers)/CLNK-23444 - Back office Caregiver Attributes" status="PASSED">
         <system-out><![CDATA[2019-03-22 11:11:44 - [TEST_CASE][PASSED] - Test Cases/Regression BackOffice (All Browsers)/CLNK-23444 - Back office Caregiver Attributes: Test Cases/Regression BackOffice (All Browsers)/CLNK-23444 - Back office Caregiver Attributes

2019-03-22 11:11:45 - [TEST_STEP][PASSED] - callTestCase(findTestCase("Regression BackOffice (All Browsers)/CLNK-23439 - Clink - Back office Client"), [:], STOP_ON_FAILURE): Call Test Case 'Test Cases/Regression BackOffice (All Browsers)/CLNK-23439 - Clink - Back office Client' successfully

2019-03-22 11:11:45 - [TEST_CASE][PASSED] - Test Cases/Regression BackOffice (All Browsers)/CLNK-23439 - Clink - Back office Client: Test Cases/Regression BackOffice (All Browsers)/CLNK-23439 - Clink - Back office Client

2019-03-22 11:11:45 - [TEST_STEP][PASSED] - openBrowser(G_SiteBackOffice): Browser is opened with url: 'http://qanewpoc.continulink.com:81/backoffice/Login.aspx'

2019-03-22 11:11:45 - [MESSAGE][WARNING] - A browser is already opened. Closing browser and opening a new one

2019-03-22 11:11:47 - [MESSAGE][INFO] - Starting 'Chrome' driver

2019-03-22 11:11:56 - [MESSAGE][PASSED] - Browser is opened with url: 'http://qanewpoc.continulink.com:81/backoffice/Login.aspx'

2019-03-22 11:11:56 - [TEST_STEP][PASSED] - waitForPageLoad(60): Wait for page load successfully

2019-03-22 11:11:57 - [MESSAGE][PASSED] - Wait for page load successfully

2019-03-22 11:11:57 - [TEST_STEP][PASSED] - maximizeWindow(): Current window maximized

2019-03-22 11:11:58 - [MESSAGE][PASSED] - Current window maximized

2019-03-22 11:11:58 - [TEST_STEP][PASSED] - setText(findTestObject("Regression BackOffice/Login/UserBackOffice"), G_UserBackOffice): Text 'demo' is set on object 'Object Repository/Regression BackOffice/Login/UserBackOffice'

2019-03-22 11:11:59 - [MESSAGE][PASSED] - Text 'demo' is set on object 'Object Repository/Regression BackOffice/Login/UserBackOffice'

2019-03-22 11:11:59 - [TEST_STEP][PASSED] - setText(findTestObject("Regression BackOffice/Login/PasswordBackOffice"), G_PasswordBackOffice): Text 'qwerty' is set on object 'Object Repository/Regression BackOffice/Login/PasswordBackOffice'

2019-03-22 11:12:00 - [MESSAGE][PASSED] - Text 'qwerty' is set on object 'Object Repository/Regression BackOffice/Login/PasswordBackOffice'

2019-03-22 11:12:00 - [TEST_STEP][PASSED] - click(findTestObject("Regression BackOffice/Login/LoginBackOffice")): Object: 'Object Repository/Regression BackOffice/Login/LoginBackOffice' is clicked on

2019-03-22 11:12:07 - [MESSAGE][PASSED] - Object: 'Object Repository/Regression BackOffice/Login/LoginBackOffice' is clicked on

2019-03-22 11:12:07 - [TEST_STEP][PASSED] - waitForPageLoad(60): Wait for page load successfully

2019-03-22 11:12:08 - [MESSAGE][PASSED] - Wait for page load successfully

2019-03-22 11:12:08 - [TEST_STEP][PASSED] - delay(3): Delayed 3 second(s)

2019-03-22 11:12:11 - [MESSAGE][PASSED] - Delayed 3 second(s)

2019-03-22 11:12:11 - [TEST_STEP][PASSED] - switchToFrame(findTestObject("Regression BackOffice/CLNK-23449/FrameLeft"), 5): null

2019-03-22 11:12:11 - [TEST_STEP][PASSED] - waitForElementPresent(findTestObject("Regression BackOffice/CLNK-23449/ClienIntakeICon"), 60): Object 'Object Repository/Regression BackOffice/CLNK-23449/ClienIntakeICon' is present

2019-03-22 11:12:11 - [MESSAGE][PASSED] - Object 'Object Repository/Regression BackOffice/CLNK-23449/ClienIntakeICon' is present

2019-03-22 11:12:11 - [TEST_STEP][PASSED] - verifyElementPresent(findTestObject("Regression BackOffice/CLNK-23449/ClienIntakeICon"), 100): Object 'Object Repository/Regression BackOffice/CLNK-23449/ClienIntakeICon' is present

2019-03-22 11:12:11 - [MESSAGE][PASSED] - Object 'Object Repository/Regression BackOffice/CLNK-23449/ClienIntakeICon' is present

2019-03-22 11:12:11 - [TEST_STEP][PASSED] - switchToDefaultContent(): null

2019-03-22 11:12:11 - [MESSAGE][PASSED] - Call Test Case 'Test Cases/Regression BackOffice (All Browsers)/CLNK-23439 - Clink - Back office Client' successfully

2019-03-22 11:12:11 - [TEST_STEP][PASSED] - waitForPageLoad(60): Wait for page load successfully

2019-03-22 11:12:11 - [MESSAGE][PASSED] - Wait for page load successfully

2019-03-22 11:12:11 - [TEST_STEP][PASSED] - delay(3): Delayed 3 second(s)

2019-03-22 11:12:14 - [MESSAGE][PASSED] - Delayed 3 second(s)

2019-03-22 11:12:14 - [TEST_STEP][PASSED] - switchToFrame(findTestObject("Regression BackOffice/CLNK-23449/FrameLeft"), 30): null

2019-03-22 11:12:14 - [TEST_STEP][PASSED] - waitForElementPresent(findTestObject("Regression BackOffice/CLNK-23441/Caregiver  HRLink"), 100): Object 'Object Repository/Regression BackOffice/CLNK-23441/Caregiver  HRLink' is present

2019-03-22 11:12:14 - [MESSAGE][PASSED] - Object 'Object Repository/Regression BackOffice/CLNK-23441/Caregiver  HRLink' is present

2019-03-22 11:12:14 - [TEST_STEP][PASSED] - click(findTestObject("Regression BackOffice/CLNK-23441/Caregiver  HRLink")): Object: 'Object Repository/Regression BackOffice/CLNK-23441/Caregiver  HRLink' is clicked on

2019-03-22 11:12:15 - [MESSAGE][PASSED] - Object: 'Object Repository/Regression BackOffice/CLNK-23441/Caregiver  HRLink' is clicked on

2019-03-22 11:12:15 - [TEST_STEP][PASSED] - delay(2): Delayed 2 second(s)

2019-03-22 11:12:17 - [MESSAGE][PASSED] - Delayed 2 second(s)

2019-03-22 11:12:17 - [TEST_STEP][PASSED] - waitForPageLoad(50): Wait for page load successfully

2019-03-22 11:12:17 - [MESSAGE][PASSED] - Wait for page load successfully

2019-03-22 11:12:17 - [TEST_STEP][PASSED] - waitForElementPresent(findTestObject("Regression BackOffice/CLINK-23444/Caregiver Attributes"), 50): Object 'Object Repository/Regression BackOffice/CLINK-23444/Caregiver Attributes' is present

2019-03-22 11:12:17 - [MESSAGE][PASSED] - Object 'Object Repository/Regression BackOffice/CLINK-23444/Caregiver Attributes' is present

2019-03-22 11:12:17 - [TEST_STEP][PASSED] - click(findTestObject("Regression BackOffice/CLINK-23444/Caregiver Attributes")): Object: 'Object Repository/Regression BackOffice/CLINK-23444/Caregiver Attributes' is clicked on

2019-03-22 11:12:20 - [MESSAGE][PASSED] - Object: 'Object Repository/Regression BackOffice/CLINK-23444/Caregiver Attributes' is clicked on

2019-03-22 11:12:20 - [TEST_STEP][PASSED] - delay(2): Delayed 2 second(s)

2019-03-22 11:12:22 - [MESSAGE][PASSED] - Delayed 2 second(s)

2019-03-22 11:12:22 - [TEST_STEP][PASSED] - switchToDefaultContent(): null

2019-03-22 11:12:22 - [TEST_STEP][PASSED] - switchToFrame(findTestObject("Regression BackOffice/CLNK-23449/FrameMain"), 30): null

2019-03-22 11:12:22 - [TEST_STEP][PASSED] - waitForElementPresent(findTestObject("Regression BackOffice/CLNK-10235/FirstNameSearch"), 50): Object 'Object Repository/Regression BackOffice/CLNK-10235/FirstNameSearch' is present

2019-03-22 11:12:22 - [MESSAGE][PASSED] - Object 'Object Repository/Regression BackOffice/CLNK-10235/FirstNameSearch' is present

2019-03-22 11:12:22 - [TEST_STEP][PASSED] - setText(findTestObject("Regression BackOffice/CLNK-10235/FirstNameSearch"), G_23444_CaregiverName): Text 'demo' is set on object 'Object Repository/Regression BackOffice/CLNK-10235/FirstNameSearch'

2019-03-22 11:12:22 - [MESSAGE][PASSED] - Text 'demo' is set on object 'Object Repository/Regression BackOffice/CLNK-10235/FirstNameSearch'

2019-03-22 11:12:22 - [TEST_STEP][PASSED] - delay(2): Delayed 2 second(s)

2019-03-22 11:12:24 - [MESSAGE][PASSED] - Delayed 2 second(s)

2019-03-22 11:12:24 - [TEST_STEP][PASSED] - waitForElementPresent(findTestObject("Regression BackOffice/CLNK-23441/Last NameHR"), 50): Object 'Object Repository/Regression BackOffice/CLNK-23441/Last NameHR' is present

2019-03-22 11:12:24 - [MESSAGE][PASSED] - Object 'Object Repository/Regression BackOffice/CLNK-23441/Last NameHR' is present

2019-03-22 11:12:24 - [TEST_STEP][PASSED] - setText(findTestObject("Regression BackOffice/CLNK-23441/Last NameHR"), G_23444_CaregiverLast): Text 'tester' is set on object 'Object Repository/Regression BackOffice/CLNK-23441/Last NameHR'

2019-03-22 11:12:25 - [MESSAGE][PASSED] - Text 'tester' is set on object 'Object Repository/Regression BackOffice/CLNK-23441/Last NameHR'

2019-03-22 11:12:25 - [TEST_STEP][PASSED] - delay(2): Delayed 2 second(s)

2019-03-22 11:12:27 - [MESSAGE][PASSED] - Delayed 2 second(s)

2019-03-22 11:12:27 - [TEST_STEP][PASSED] - waitForElementPresent(findTestObject("Regression BackOffice/CLNK-23441/CaregiverSearchButton"), 50): Object 'Object Repository/Regression BackOffice/CLNK-23441/CaregiverSearchButton' is present

2019-03-22 11:12:27 - [MESSAGE][PASSED] - Object 'Object Repository/Regression BackOffice/CLNK-23441/CaregiverSearchButton' is present

2019-03-22 11:12:27 - [TEST_STEP][PASSED] - click(findTestObject("Regression BackOffice/CLNK-23441/CaregiverSearchButton"), STOP_ON_FAILURE): Object: 'Object Repository/Regression BackOffice/CLNK-23441/CaregiverSearchButton' is clicked on

2019-03-22 11:12:30 - [MESSAGE][PASSED] - Object: 'Object Repository/Regression BackOffice/CLNK-23441/CaregiverSearchButton' is clicked on

2019-03-22 11:12:30 - [TEST_STEP][PASSED] - delay(2): Delayed 2 second(s)

2019-03-22 11:12:32 - [MESSAGE][PASSED] - Delayed 2 second(s)

2019-03-22 11:12:32 - [TEST_STEP][PASSED] - waitForElementPresent(findTestObject("Regression BackOffice/CLINK-23442/ClientLink"), 50): Object 'Object Repository/Regression BackOffice/CLINK-23442/ClientLink' is present

2019-03-22 11:12:32 - [MESSAGE][PASSED] - Object 'Object Repository/Regression BackOffice/CLINK-23442/ClientLink' is present

2019-03-22 11:12:32 - [TEST_STEP][PASSED] - click(findTestObject("Regression BackOffice/CLINK-23442/ClientLink"), STOP_ON_FAILURE): Object: 'Object Repository/Regression BackOffice/CLINK-23442/ClientLink' is clicked on

2019-03-22 11:12:34 - [MESSAGE][PASSED] - Object: 'Object Repository/Regression BackOffice/CLINK-23442/ClientLink' is clicked on

2019-03-22 11:12:34 - [TEST_STEP][PASSED] - delay(2): Delayed 2 second(s)

2019-03-22 11:12:36 - [MESSAGE][PASSED] - Delayed 2 second(s)

2019-03-22 11:12:36 - [TEST_STEP][PASSED] - waitForElementPresent(findTestObject("Regression BackOffice/CLINK-23444/New Attribute"), 50): Object 'Object Repository/Regression BackOffice/CLINK-23444/New Attribute' is present

2019-03-22 11:12:37 - [MESSAGE][PASSED] - Object 'Object Repository/Regression BackOffice/CLINK-23444/New Attribute' is present

2019-03-22 11:12:37 - [TEST_STEP][PASSED] - click(findTestObject("Regression BackOffice/CLINK-23444/New Attribute"), STOP_ON_FAILURE): Object: 'Object Repository/Regression BackOffice/CLINK-23444/New Attribute' is clicked on

2019-03-22 11:12:37 - [MESSAGE][PASSED] - Object: 'Object Repository/Regression BackOffice/CLINK-23444/New Attribute' is clicked on

2019-03-22 11:12:37 - [TEST_STEP][PASSED] - delay(2): Delayed 2 second(s)

2019-03-22 11:12:39 - [MESSAGE][PASSED] - Delayed 2 second(s)

2019-03-22 11:12:39 - [TEST_STEP][PASSED] - waitForElementPresent(findTestObject("Regression BackOffice/CLINK-23444/CheckedBy"), 50): Object 'Object Repository/Regression BackOffice/CLINK-23444/CheckedBy' is present

2019-03-22 11:12:39 - [MESSAGE][PASSED] - Object 'Object Repository/Regression BackOffice/CLINK-23444/CheckedBy' is present

2019-03-22 11:12:39 - [TEST_STEP][PASSED] - setText(findTestObject("Regression BackOffice/CLINK-23444/CheckedBy"), "Isaac"): Text 'Isaac' is set on object 'Object Repository/Regression BackOffice/CLINK-23444/CheckedBy'

2019-03-22 11:12:40 - [MESSAGE][PASSED] - Text 'Isaac' is set on object 'Object Repository/Regression BackOffice/CLINK-23444/CheckedBy'

2019-03-22 11:12:40 - [TEST_STEP][PASSED] - delay(2): Delayed 2 second(s)

2019-03-22 11:12:42 - [MESSAGE][PASSED] - Delayed 2 second(s)

2019-03-22 11:12:42 - [TEST_STEP][PASSED] - waitForElementPresent(findTestObject("Regression BackOffice/CLINK-23444/Checked Date"), 50): Object 'Object Repository/Regression BackOffice/CLINK-23444/Checked Date' is present

2019-03-22 11:12:42 - [MESSAGE][PASSED] - Object 'Object Repository/Regression BackOffice/CLINK-23444/Checked Date' is present

2019-03-22 11:12:42 - [TEST_STEP][PASSED] - setText(findTestObject("Regression BackOffice/CLINK-23444/Checked Date"), getDate.DateUtilities.getDateMonthDayYearNumberwithSlash()): Text '03/22/2019' is set on object 'Object Repository/Regression BackOffice/CLINK-23444/Checked Date'

2019-03-22 11:12:42 - [MESSAGE][PASSED] - getDate.DateUtilities.getDateMonthDayYearNumberwithSlash is PASSED

2019-03-22 11:12:42 - [MESSAGE][PASSED] - Text '03/22/2019' is set on object 'Object Repository/Regression BackOffice/CLINK-23444/Checked Date'

2019-03-22 11:12:42 - [TEST_STEP][PASSED] - delay(4): Delayed 4 second(s)

2019-03-22 11:12:46 - [MESSAGE][PASSED] - Delayed 4 second(s)

2019-03-22 11:12:46 - [TEST_STEP][PASSED] - waitForElementPresent(findTestObject("Regression BackOffice/CLINK-23444/a_Add To List"), 50): Object 'Object Repository/Regression BackOffice/CLINK-23444/a_Add To List' is present

2019-03-22 11:12:47 - [MESSAGE][PASSED] - Object 'Object Repository/Regression BackOffice/CLINK-23444/a_Add To List' is present

2019-03-22 11:12:47 - [TEST_STEP][PASSED] - click(findTestObject("Regression BackOffice/CLINK-23444/a_Add To List"), STOP_ON_FAILURE): Object: 'Object Repository/Regression BackOffice/CLINK-23444/a_Add To List' is clicked on

2019-03-22 11:12:47 - [MESSAGE][PASSED] - Object: 'Object Repository/Regression BackOffice/CLINK-23444/a_Add To List' is clicked on

2019-03-22 11:12:47 - [TEST_STEP][PASSED] - delay(3): Delayed 3 second(s)

2019-03-22 11:12:50 - [MESSAGE][PASSED] - Delayed 3 second(s)

2019-03-22 11:12:50 - [TEST_STEP][PASSED] - switchToDefaultContent(): null

2019-03-22 11:12:50 - [TEST_STEP][PASSED] - switchToFrame(findTestObject("Regression BackOffice/CLINK-23444/BannerFrameAtt"), 30): null

2019-03-22 11:12:50 - [TEST_STEP][PASSED] - waitForElementPresent(findTestObject("Regression BackOffice/CLINK-23444/Save"), 50): Object 'Object Repository/Regression BackOffice/CLINK-23444/Save' is present

2019-03-22 11:12:50 - [MESSAGE][PASSED] - Object 'Object Repository/Regression BackOffice/CLINK-23444/Save' is present

2019-03-22 11:12:50 - [TEST_STEP][PASSED] - click(findTestObject("Regression BackOffice/CLINK-23444/Save")): Object: 'Object Repository/Regression BackOffice/CLINK-23444/Save' is clicked on

2019-03-22 11:12:56 - [MESSAGE][PASSED] - Object: 'Object Repository/Regression BackOffice/CLINK-23444/Save' is clicked on

2019-03-22 11:12:56 - [TEST_STEP][PASSED] - delay(2): Delayed 2 second(s)

2019-03-22 11:12:58 - [MESSAGE][PASSED] - Delayed 2 second(s)]]></system-out>
         <system-err><![CDATA[]]></system-err>
      </testcase>
      <testcase name="Test Cases/Regression BackOffice (All Browsers)/CLNK-23445 - Back office Caregiver HR Details" classname="Test Cases/Regression BackOffice (All Browsers)/CLNK-23445 - Back office Caregiver HR Details" status="PASSED">
         <system-out><![CDATA[2019-03-22 11:13:00 - [TEST_CASE][PASSED] - Test Cases/Regression BackOffice (All Browsers)/CLNK-23445 - Back office Caregiver HR Details: Test Cases/Regression BackOffice (All Browsers)/CLNK-23445 - Back office Caregiver HR Details

2019-03-22 11:13:01 - [TEST_STEP][PASSED] - callTestCase(findTestCase("Regression BackOffice (All Browsers)/CLNK-23439 - Clink - Back office Client"), [:], STOP_ON_FAILURE): Call Test Case 'Test Cases/Regression BackOffice (All Browsers)/CLNK-23439 - Clink - Back office Client' successfully

2019-03-22 11:13:01 - [TEST_CASE][PASSED] - Test Cases/Regression BackOffice (All Browsers)/CLNK-23439 - Clink - Back office Client: Test Cases/Regression BackOffice (All Browsers)/CLNK-23439 - Clink - Back office Client

2019-03-22 11:13:01 - [TEST_STEP][PASSED] - openBrowser(G_SiteBackOffice): Browser is opened with url: 'http://qanewpoc.continulink.com:81/backoffice/Login.aspx'

2019-03-22 11:13:01 - [MESSAGE][WARNING] - A browser is already opened. Closing browser and opening a new one

2019-03-22 11:13:02 - [MESSAGE][INFO] - Starting 'Chrome' driver

2019-03-22 11:13:08 - [MESSAGE][PASSED] - Browser is opened with url: 'http://qanewpoc.continulink.com:81/backoffice/Login.aspx'

2019-03-22 11:13:08 - [TEST_STEP][PASSED] - waitForPageLoad(60): Wait for page load successfully

2019-03-22 11:13:08 - [MESSAGE][PASSED] - Wait for page load successfully

2019-03-22 11:13:08 - [TEST_STEP][PASSED] - maximizeWindow(): Current window maximized

2019-03-22 11:13:09 - [MESSAGE][PASSED] - Current window maximized

2019-03-22 11:13:09 - [TEST_STEP][PASSED] - setText(findTestObject("Regression BackOffice/Login/UserBackOffice"), G_UserBackOffice): Text 'demo' is set on object 'Object Repository/Regression BackOffice/Login/UserBackOffice'

2019-03-22 11:13:10 - [MESSAGE][PASSED] - Text 'demo' is set on object 'Object Repository/Regression BackOffice/Login/UserBackOffice'

2019-03-22 11:13:10 - [TEST_STEP][PASSED] - setText(findTestObject("Regression BackOffice/Login/PasswordBackOffice"), G_PasswordBackOffice): Text 'qwerty' is set on object 'Object Repository/Regression BackOffice/Login/PasswordBackOffice'

2019-03-22 11:13:11 - [MESSAGE][PASSED] - Text 'qwerty' is set on object 'Object Repository/Regression BackOffice/Login/PasswordBackOffice'

2019-03-22 11:13:11 - [TEST_STEP][PASSED] - click(findTestObject("Regression BackOffice/Login/LoginBackOffice")): Object: 'Object Repository/Regression BackOffice/Login/LoginBackOffice' is clicked on

2019-03-22 11:13:17 - [MESSAGE][PASSED] - Object: 'Object Repository/Regression BackOffice/Login/LoginBackOffice' is clicked on

2019-03-22 11:13:17 - [TEST_STEP][PASSED] - waitForPageLoad(60): Wait for page load successfully

2019-03-22 11:13:17 - [MESSAGE][PASSED] - Wait for page load successfully

2019-03-22 11:13:17 - [TEST_STEP][PASSED] - delay(3): Delayed 3 second(s)

2019-03-22 11:13:20 - [MESSAGE][PASSED] - Delayed 3 second(s)

2019-03-22 11:13:20 - [TEST_STEP][PASSED] - switchToFrame(findTestObject("Regression BackOffice/CLNK-23449/FrameLeft"), 5): null

2019-03-22 11:13:20 - [TEST_STEP][PASSED] - waitForElementPresent(findTestObject("Regression BackOffice/CLNK-23449/ClienIntakeICon"), 60): Object 'Object Repository/Regression BackOffice/CLNK-23449/ClienIntakeICon' is present

2019-03-22 11:13:20 - [MESSAGE][PASSED] - Object 'Object Repository/Regression BackOffice/CLNK-23449/ClienIntakeICon' is present

2019-03-22 11:13:20 - [TEST_STEP][PASSED] - verifyElementPresent(findTestObject("Regression BackOffice/CLNK-23449/ClienIntakeICon"), 100): Object 'Object Repository/Regression BackOffice/CLNK-23449/ClienIntakeICon' is present

2019-03-22 11:13:20 - [MESSAGE][PASSED] - Object 'Object Repository/Regression BackOffice/CLNK-23449/ClienIntakeICon' is present

2019-03-22 11:13:20 - [TEST_STEP][PASSED] - switchToDefaultContent(): null

2019-03-22 11:13:20 - [MESSAGE][PASSED] - Call Test Case 'Test Cases/Regression BackOffice (All Browsers)/CLNK-23439 - Clink - Back office Client' successfully

2019-03-22 11:13:20 - [TEST_STEP][PASSED] - waitForPageLoad(60): Wait for page load successfully

2019-03-22 11:13:20 - [MESSAGE][PASSED] - Wait for page load successfully

2019-03-22 11:13:20 - [TEST_STEP][PASSED] - delay(3): Delayed 3 second(s)

2019-03-22 11:13:23 - [MESSAGE][PASSED] - Delayed 3 second(s)

2019-03-22 11:13:23 - [TEST_STEP][PASSED] - switchToFrame(findTestObject("Regression BackOffice/CLNK-23449/FrameLeft"), 30): null

2019-03-22 11:13:23 - [TEST_STEP][PASSED] - waitForElementPresent(findTestObject("Regression BackOffice/CLNK-23441/Caregiver  HRLink"), 100): Object 'Object Repository/Regression BackOffice/CLNK-23441/Caregiver  HRLink' is present

2019-03-22 11:13:24 - [MESSAGE][PASSED] - Object 'Object Repository/Regression BackOffice/CLNK-23441/Caregiver  HRLink' is present

2019-03-22 11:13:24 - [TEST_STEP][PASSED] - click(findTestObject("Regression BackOffice/CLNK-23441/Caregiver  HRLink")): Object: 'Object Repository/Regression BackOffice/CLNK-23441/Caregiver  HRLink' is clicked on

2019-03-22 11:13:24 - [MESSAGE][PASSED] - Object: 'Object Repository/Regression BackOffice/CLNK-23441/Caregiver  HRLink' is clicked on

2019-03-22 11:13:24 - [TEST_STEP][PASSED] - delay(2): Delayed 2 second(s)

2019-03-22 11:13:26 - [MESSAGE][PASSED] - Delayed 2 second(s)

2019-03-22 11:13:26 - [TEST_STEP][PASSED] - waitForPageLoad(50): Wait for page load successfully

2019-03-22 11:13:26 - [MESSAGE][PASSED] - Wait for page load successfully

2019-03-22 11:13:26 - [TEST_STEP][PASSED] - waitForElementPresent(findTestObject("Regression BackOffice/CLINK-23445/CaregiverHRDetails"), 50): Object 'Object Repository/Regression BackOffice/CLINK-23445/CaregiverHRDetails' is present

2019-03-22 11:13:26 - [MESSAGE][PASSED] - Object 'Object Repository/Regression BackOffice/CLINK-23445/CaregiverHRDetails' is present

2019-03-22 11:13:26 - [TEST_STEP][PASSED] - click(findTestObject("Regression BackOffice/CLINK-23445/CaregiverHRDetails")): Object: 'Object Repository/Regression BackOffice/CLINK-23445/CaregiverHRDetails' is clicked on

2019-03-22 11:13:28 - [MESSAGE][PASSED] - Object: 'Object Repository/Regression BackOffice/CLINK-23445/CaregiverHRDetails' is clicked on

2019-03-22 11:13:28 - [TEST_STEP][PASSED] - delay(2): Delayed 2 second(s)

2019-03-22 11:13:30 - [MESSAGE][PASSED] - Delayed 2 second(s)

2019-03-22 11:13:30 - [TEST_STEP][PASSED] - switchToDefaultContent(): null

2019-03-22 11:13:30 - [TEST_STEP][PASSED] - switchToFrame(findTestObject("Regression BackOffice/CLNK-23449/FrameMain"), 30): null

2019-03-22 11:13:30 - [TEST_STEP][PASSED] - waitForElementPresent(findTestObject("Regression BackOffice/CLNK-10235/FirstNameSearch"), 50): Object 'Object Repository/Regression BackOffice/CLNK-10235/FirstNameSearch' is present

2019-03-22 11:13:30 - [MESSAGE][PASSED] - Object 'Object Repository/Regression BackOffice/CLNK-10235/FirstNameSearch' is present

2019-03-22 11:13:30 - [TEST_STEP][PASSED] - setText(findTestObject("Regression BackOffice/CLNK-10235/FirstNameSearch"), G_23444_CaregiverName): Text 'demo' is set on object 'Object Repository/Regression BackOffice/CLNK-10235/FirstNameSearch'

2019-03-22 11:13:30 - [MESSAGE][PASSED] - Text 'demo' is set on object 'Object Repository/Regression BackOffice/CLNK-10235/FirstNameSearch'

2019-03-22 11:13:30 - [TEST_STEP][PASSED] - delay(2): Delayed 2 second(s)

2019-03-22 11:13:32 - [MESSAGE][PASSED] - Delayed 2 second(s)

2019-03-22 11:13:32 - [TEST_STEP][PASSED] - waitForElementPresent(findTestObject("Regression BackOffice/CLNK-23441/Last NameHR"), 50): Object 'Object Repository/Regression BackOffice/CLNK-23441/Last NameHR' is present

2019-03-22 11:13:33 - [MESSAGE][PASSED] - Object 'Object Repository/Regression BackOffice/CLNK-23441/Last NameHR' is present

2019-03-22 11:13:33 - [TEST_STEP][PASSED] - setText(findTestObject("Regression BackOffice/CLNK-23441/Last NameHR"), G_23444_CaregiverLast): Text 'tester' is set on object 'Object Repository/Regression BackOffice/CLNK-23441/Last NameHR'

2019-03-22 11:13:33 - [MESSAGE][PASSED] - Text 'tester' is set on object 'Object Repository/Regression BackOffice/CLNK-23441/Last NameHR'

2019-03-22 11:13:33 - [TEST_STEP][PASSED] - delay(2): Delayed 2 second(s)

2019-03-22 11:13:35 - [MESSAGE][PASSED] - Delayed 2 second(s)

2019-03-22 11:13:35 - [TEST_STEP][PASSED] - waitForElementPresent(findTestObject("Regression BackOffice/CLNK-23441/CaregiverSearchButton"), 50): Object 'Object Repository/Regression BackOffice/CLNK-23441/CaregiverSearchButton' is present

2019-03-22 11:13:35 - [MESSAGE][PASSED] - Object 'Object Repository/Regression BackOffice/CLNK-23441/CaregiverSearchButton' is present

2019-03-22 11:13:35 - [TEST_STEP][PASSED] - click(findTestObject("Regression BackOffice/CLNK-23441/CaregiverSearchButton"), STOP_ON_FAILURE): Object: 'Object Repository/Regression BackOffice/CLNK-23441/CaregiverSearchButton' is clicked on

2019-03-22 11:13:36 - [MESSAGE][PASSED] - Object: 'Object Repository/Regression BackOffice/CLNK-23441/CaregiverSearchButton' is clicked on

2019-03-22 11:13:36 - [TEST_STEP][PASSED] - delay(2): Delayed 2 second(s)

2019-03-22 11:13:38 - [MESSAGE][PASSED] - Delayed 2 second(s)

2019-03-22 11:13:38 - [TEST_STEP][PASSED] - waitForElementPresent(findTestObject("Regression BackOffice/CLINK-23442/ClientLink"), 50): Object 'Object Repository/Regression BackOffice/CLINK-23442/ClientLink' is present

2019-03-22 11:13:39 - [MESSAGE][PASSED] - Object 'Object Repository/Regression BackOffice/CLINK-23442/ClientLink' is present

2019-03-22 11:13:39 - [TEST_STEP][PASSED] - click(findTestObject("Regression BackOffice/CLINK-23442/ClientLink"), STOP_ON_FAILURE): Object: 'Object Repository/Regression BackOffice/CLINK-23442/ClientLink' is clicked on

2019-03-22 11:13:42 - [MESSAGE][PASSED] - Object: 'Object Repository/Regression BackOffice/CLINK-23442/ClientLink' is clicked on

2019-03-22 11:13:42 - [TEST_STEP][PASSED] - delay(2): Delayed 2 second(s)

2019-03-22 11:13:44 - [MESSAGE][PASSED] - Delayed 2 second(s)

2019-03-22 11:13:44 - [TEST_STEP][PASSED] - waitForElementPresent(findTestObject("Regression BackOffice/CLINK-23445/Middle Initial"), 50): Object 'Object Repository/Regression BackOffice/CLINK-23445/Middle Initial' is present

2019-03-22 11:13:44 - [MESSAGE][PASSED] - Object 'Object Repository/Regression BackOffice/CLINK-23445/Middle Initial' is present

2019-03-22 11:13:44 - [TEST_STEP][PASSED] - setText(findTestObject("Regression BackOffice/CLINK-23445/Middle Initial"), "M"): Text 'M' is set on object 'Object Repository/Regression BackOffice/CLINK-23445/Middle Initial'

2019-03-22 11:13:44 - [MESSAGE][PASSED] - Text 'M' is set on object 'Object Repository/Regression BackOffice/CLINK-23445/Middle Initial'

2019-03-22 11:13:44 - [TEST_STEP][PASSED] - delay(2): Delayed 2 second(s)

2019-03-22 11:13:46 - [MESSAGE][PASSED] - Delayed 2 second(s)

2019-03-22 11:13:46 - [TEST_STEP][PASSED] - waitForElementPresent(findTestObject("Regression BackOffice/CLINK-23445/Mail Address"), 50): Object 'Object Repository/Regression BackOffice/CLINK-23445/Mail Address' is present

2019-03-22 11:13:47 - [MESSAGE][PASSED] - Object 'Object Repository/Regression BackOffice/CLINK-23445/Mail Address' is present

2019-03-22 11:13:47 - [TEST_STEP][PASSED] - setText(findTestObject("Regression BackOffice/CLINK-23445/Mail Address"), "isaac@gmail.com"): Text 'isaac@gmail.com' is set on object 'Object Repository/Regression BackOffice/CLINK-23445/Mail Address'

2019-03-22 11:13:47 - [MESSAGE][PASSED] - Text 'isaac@gmail.com' is set on object 'Object Repository/Regression BackOffice/CLINK-23445/Mail Address'

2019-03-22 11:13:47 - [TEST_STEP][PASSED] - delay(2): Delayed 2 second(s)

2019-03-22 11:13:49 - [MESSAGE][PASSED] - Delayed 2 second(s)

2019-03-22 11:13:49 - [TEST_STEP][PASSED] - waitForElementPresent(findTestObject("Regression BackOffice/CLINK-23445/SameasAddress"), 50): Object 'Object Repository/Regression BackOffice/CLINK-23445/SameasAddress' is present

2019-03-22 11:13:49 - [MESSAGE][PASSED] - Object 'Object Repository/Regression BackOffice/CLINK-23445/SameasAddress' is present

2019-03-22 11:13:49 - [TEST_STEP][PASSED] - click(findTestObject("Regression BackOffice/CLINK-23445/SameasAddress"), STOP_ON_FAILURE): Object: 'Object Repository/Regression BackOffice/CLINK-23445/SameasAddress' is clicked on

2019-03-22 11:13:50 - [MESSAGE][PASSED] - Object: 'Object Repository/Regression BackOffice/CLINK-23445/SameasAddress' is clicked on

2019-03-22 11:13:50 - [TEST_STEP][PASSED] - delay(2): Delayed 2 second(s)

2019-03-22 11:13:52 - [MESSAGE][PASSED] - Delayed 2 second(s)

2019-03-22 11:13:52 - [TEST_STEP][PASSED] - scrollToElement(findTestObject("Regression BackOffice/CLINK-23445/Race"), 50): Scroll to object 'Object Repository/Regression BackOffice/CLINK-23445/Race' successfully

2019-03-22 11:13:52 - [MESSAGE][PASSED] - Scroll to object 'Object Repository/Regression BackOffice/CLINK-23445/Race' successfully

2019-03-22 11:13:52 - [TEST_STEP][PASSED] - click(findTestObject("Regression BackOffice/CLINK-23445/Race"), STOP_ON_FAILURE): Object: 'Object Repository/Regression BackOffice/CLINK-23445/Race' is clicked on

2019-03-22 11:13:52 - [MESSAGE][PASSED] - Object: 'Object Repository/Regression BackOffice/CLINK-23445/Race' is clicked on

2019-03-22 11:13:52 - [TEST_STEP][PASSED] - sendKeys(findTestObject("Regression BackOffice/CLINK-23445/Race"), Keys.chord(ARROW_UP, ARROW_UP, ENTER)): Keys 'UP + UP + ENTER + ' sent to object: 'Object Repository/Regression BackOffice/CLINK-23445/Race'

2019-03-22 11:13:52 - [MESSAGE][PASSED] - Keys 'UP + UP + ENTER + ' sent to object: 'Object Repository/Regression BackOffice/CLINK-23445/Race'

2019-03-22 11:13:52 - [TEST_STEP][PASSED] - delay(2): Delayed 2 second(s)

2019-03-22 11:13:54 - [MESSAGE][PASSED] - Delayed 2 second(s)

2019-03-22 11:13:54 - [TEST_STEP][PASSED] - waitForElementPresent(findTestObject("Regression BackOffice/CLINK-23445/Sex"), 50): Object 'Object Repository/Regression BackOffice/CLINK-23445/Sex' is present

2019-03-22 11:13:54 - [MESSAGE][PASSED] - Object 'Object Repository/Regression BackOffice/CLINK-23445/Sex' is present

2019-03-22 11:13:54 - [TEST_STEP][PASSED] - click(findTestObject("Regression BackOffice/CLINK-23445/Sex"), STOP_ON_FAILURE): Object: 'Object Repository/Regression BackOffice/CLINK-23445/Sex' is clicked on

2019-03-22 11:13:55 - [MESSAGE][PASSED] - Object: 'Object Repository/Regression BackOffice/CLINK-23445/Sex' is clicked on

2019-03-22 11:13:55 - [TEST_STEP][PASSED] - delay(3): Delayed 3 second(s)

2019-03-22 11:13:58 - [MESSAGE][PASSED] - Delayed 3 second(s)

2019-03-22 11:13:58 - [TEST_STEP][PASSED] - waitForElementPresent(findTestObject("Regression BackOffice/CLINK-23445/Date Of Hire"), 50): Object 'Object Repository/Regression BackOffice/CLINK-23445/Date Of Hire' is present

2019-03-22 11:13:58 - [MESSAGE][PASSED] - Object 'Object Repository/Regression BackOffice/CLINK-23445/Date Of Hire' is present

2019-03-22 11:13:58 - [TEST_STEP][PASSED] - setText(findTestObject("Regression BackOffice/CLINK-23445/Date Of Hire"), getDate.DateUtilities.getDateMonthDayYearNumberwithSlash()): Text '03/22/2019' is set on object 'Object Repository/Regression BackOffice/CLINK-23445/Date Of Hire'

2019-03-22 11:13:58 - [MESSAGE][PASSED] - getDate.DateUtilities.getDateMonthDayYearNumberwithSlash is PASSED

2019-03-22 11:13:58 - [MESSAGE][PASSED] - Text '03/22/2019' is set on object 'Object Repository/Regression BackOffice/CLINK-23445/Date Of Hire'

2019-03-22 11:13:58 - [TEST_STEP][PASSED] - delay(4): Delayed 4 second(s)

2019-03-22 11:14:02 - [MESSAGE][PASSED] - Delayed 4 second(s)

2019-03-22 11:14:02 - [TEST_STEP][PASSED] - switchToDefaultContent(): null

2019-03-22 11:14:02 - [TEST_STEP][PASSED] - switchToFrame(findTestObject("Regression BackOffice/CLINK-23444/BannerFrameAtt"), 30): null

2019-03-22 11:14:02 - [TEST_STEP][PASSED] - waitForElementPresent(findTestObject("Regression BackOffice/CLINK-23445/Save"), 50): Object 'Object Repository/Regression BackOffice/CLINK-23445/Save' is present

2019-03-22 11:14:03 - [MESSAGE][PASSED] - Object 'Object Repository/Regression BackOffice/CLINK-23445/Save' is present

2019-03-22 11:14:03 - [TEST_STEP][PASSED] - click(findTestObject("Regression BackOffice/CLINK-23445/Save")): Object: 'Object Repository/Regression BackOffice/CLINK-23445/Save' is clicked on

2019-03-22 11:14:03 - [MESSAGE][PASSED] - Object: 'Object Repository/Regression BackOffice/CLINK-23445/Save' is clicked on

2019-03-22 11:14:03 - [TEST_STEP][PASSED] - delay(2): Delayed 2 second(s)

2019-03-22 11:14:05 - [MESSAGE][PASSED] - Delayed 2 second(s)]]></system-out>
         <system-err><![CDATA[]]></system-err>
      </testcase>
      <testcase name="Test Cases/Regression BackOffice (All Browsers)/CLNK-23446 - Back office Caregiver Locations" classname="Test Cases/Regression BackOffice (All Browsers)/CLNK-23446 - Back office Caregiver Locations" status="PASSED">
         <system-out><![CDATA[2019-03-22 11:14:07 - [TEST_CASE][PASSED] - Test Cases/Regression BackOffice (All Browsers)/CLNK-23446 - Back office Caregiver Locations: Test Cases/Regression BackOffice (All Browsers)/CLNK-23446 - Back office Caregiver Locations

2019-03-22 11:14:08 - [TEST_STEP][PASSED] - callTestCase(findTestCase("Regression BackOffice (All Browsers)/CLNK-23439 - Clink - Back office Client"), [:], STOP_ON_FAILURE): Call Test Case 'Test Cases/Regression BackOffice (All Browsers)/CLNK-23439 - Clink - Back office Client' successfully

2019-03-22 11:14:08 - [TEST_CASE][PASSED] - Test Cases/Regression BackOffice (All Browsers)/CLNK-23439 - Clink - Back office Client: Test Cases/Regression BackOffice (All Browsers)/CLNK-23439 - Clink - Back office Client

2019-03-22 11:14:08 - [TEST_STEP][PASSED] - openBrowser(G_SiteBackOffice): Browser is opened with url: 'http://qanewpoc.continulink.com:81/backoffice/Login.aspx'

2019-03-22 11:14:08 - [MESSAGE][WARNING] - A browser is already opened. Closing browser and opening a new one

2019-03-22 11:14:09 - [MESSAGE][INFO] - Starting 'Chrome' driver

2019-03-22 11:14:15 - [MESSAGE][PASSED] - Browser is opened with url: 'http://qanewpoc.continulink.com:81/backoffice/Login.aspx'

2019-03-22 11:14:15 - [TEST_STEP][PASSED] - waitForPageLoad(60): Wait for page load successfully

2019-03-22 11:14:15 - [MESSAGE][PASSED] - Wait for page load successfully

2019-03-22 11:14:15 - [TEST_STEP][PASSED] - maximizeWindow(): Current window maximized

2019-03-22 11:14:16 - [MESSAGE][PASSED] - Current window maximized

2019-03-22 11:14:16 - [TEST_STEP][PASSED] - setText(findTestObject("Regression BackOffice/Login/UserBackOffice"), G_UserBackOffice): Text 'demo' is set on object 'Object Repository/Regression BackOffice/Login/UserBackOffice'

2019-03-22 11:14:17 - [MESSAGE][PASSED] - Text 'demo' is set on object 'Object Repository/Regression BackOffice/Login/UserBackOffice'

2019-03-22 11:14:17 - [TEST_STEP][PASSED] - setText(findTestObject("Regression BackOffice/Login/PasswordBackOffice"), G_PasswordBackOffice): Text 'qwerty' is set on object 'Object Repository/Regression BackOffice/Login/PasswordBackOffice'

2019-03-22 11:14:17 - [MESSAGE][PASSED] - Text 'qwerty' is set on object 'Object Repository/Regression BackOffice/Login/PasswordBackOffice'

2019-03-22 11:14:17 - [TEST_STEP][PASSED] - click(findTestObject("Regression BackOffice/Login/LoginBackOffice")): Object: 'Object Repository/Regression BackOffice/Login/LoginBackOffice' is clicked on

2019-03-22 11:14:24 - [MESSAGE][PASSED] - Object: 'Object Repository/Regression BackOffice/Login/LoginBackOffice' is clicked on

2019-03-22 11:14:24 - [TEST_STEP][PASSED] - waitForPageLoad(60): Wait for page load successfully

2019-03-22 11:14:24 - [MESSAGE][PASSED] - Wait for page load successfully

2019-03-22 11:14:24 - [TEST_STEP][PASSED] - delay(3): Delayed 3 second(s)

2019-03-22 11:14:27 - [MESSAGE][PASSED] - Delayed 3 second(s)

2019-03-22 11:14:27 - [TEST_STEP][PASSED] - switchToFrame(findTestObject("Regression BackOffice/CLNK-23449/FrameLeft"), 5): null

2019-03-22 11:14:27 - [TEST_STEP][PASSED] - waitForElementPresent(findTestObject("Regression BackOffice/CLNK-23449/ClienIntakeICon"), 60): Object 'Object Repository/Regression BackOffice/CLNK-23449/ClienIntakeICon' is present

2019-03-22 11:14:27 - [MESSAGE][PASSED] - Object 'Object Repository/Regression BackOffice/CLNK-23449/ClienIntakeICon' is present

2019-03-22 11:14:27 - [TEST_STEP][PASSED] - verifyElementPresent(findTestObject("Regression BackOffice/CLNK-23449/ClienIntakeICon"), 100): Object 'Object Repository/Regression BackOffice/CLNK-23449/ClienIntakeICon' is present

2019-03-22 11:14:28 - [MESSAGE][PASSED] - Object 'Object Repository/Regression BackOffice/CLNK-23449/ClienIntakeICon' is present

2019-03-22 11:14:28 - [TEST_STEP][PASSED] - switchToDefaultContent(): null

2019-03-22 11:14:28 - [MESSAGE][PASSED] - Call Test Case 'Test Cases/Regression BackOffice (All Browsers)/CLNK-23439 - Clink - Back office Client' successfully

2019-03-22 11:14:28 - [TEST_STEP][PASSED] - waitForPageLoad(60): Wait for page load successfully

2019-03-22 11:14:28 - [MESSAGE][PASSED] - Wait for page load successfully

2019-03-22 11:14:28 - [TEST_STEP][PASSED] - delay(3): Delayed 3 second(s)

2019-03-22 11:14:31 - [MESSAGE][PASSED] - Delayed 3 second(s)

2019-03-22 11:14:31 - [TEST_STEP][PASSED] - switchToFrame(findTestObject("Regression BackOffice/CLNK-23449/FrameLeft"), 30): null

2019-03-22 11:14:31 - [TEST_STEP][PASSED] - waitForElementPresent(findTestObject("Regression BackOffice/CLNK-23441/Caregiver  HRLink"), 100): Object 'Object Repository/Regression BackOffice/CLNK-23441/Caregiver  HRLink' is present

2019-03-22 11:14:31 - [MESSAGE][PASSED] - Object 'Object Repository/Regression BackOffice/CLNK-23441/Caregiver  HRLink' is present

2019-03-22 11:14:31 - [TEST_STEP][PASSED] - click(findTestObject("Regression BackOffice/CLNK-23441/Caregiver  HRLink")): Object: 'Object Repository/Regression BackOffice/CLNK-23441/Caregiver  HRLink' is clicked on

2019-03-22 11:14:31 - [MESSAGE][PASSED] - Object: 'Object Repository/Regression BackOffice/CLNK-23441/Caregiver  HRLink' is clicked on

2019-03-22 11:14:31 - [TEST_STEP][PASSED] - delay(2): Delayed 2 second(s)

2019-03-22 11:14:33 - [MESSAGE][PASSED] - Delayed 2 second(s)

2019-03-22 11:14:33 - [TEST_STEP][PASSED] - waitForPageLoad(50): Wait for page load successfully

2019-03-22 11:14:33 - [MESSAGE][PASSED] - Wait for page load successfully

2019-03-22 11:14:33 - [TEST_STEP][PASSED] - waitForElementPresent(findTestObject("Regression BackOffice/CLINK-23446/Caregiver Locations"), 50): Object 'Object Repository/Regression BackOffice/CLINK-23446/Caregiver Locations' is present

2019-03-22 11:14:34 - [MESSAGE][PASSED] - Object 'Object Repository/Regression BackOffice/CLINK-23446/Caregiver Locations' is present

2019-03-22 11:14:34 - [TEST_STEP][PASSED] - click(findTestObject("Regression BackOffice/CLINK-23446/Caregiver Locations")): Object: 'Object Repository/Regression BackOffice/CLINK-23446/Caregiver Locations' is clicked on

2019-03-22 11:14:36 - [MESSAGE][PASSED] - Object: 'Object Repository/Regression BackOffice/CLINK-23446/Caregiver Locations' is clicked on

2019-03-22 11:14:36 - [TEST_STEP][PASSED] - delay(2): Delayed 2 second(s)

2019-03-22 11:14:38 - [MESSAGE][PASSED] - Delayed 2 second(s)

2019-03-22 11:14:38 - [TEST_STEP][PASSED] - switchToDefaultContent(): null

2019-03-22 11:14:38 - [TEST_STEP][PASSED] - switchToFrame(findTestObject("Regression BackOffice/CLNK-23449/FrameMain"), 30): null

2019-03-22 11:14:38 - [TEST_STEP][PASSED] - waitForElementPresent(findTestObject("Regression BackOffice/CLNK-10235/FirstNameSearch"), 50): Object 'Object Repository/Regression BackOffice/CLNK-10235/FirstNameSearch' is present

2019-03-22 11:14:38 - [MESSAGE][PASSED] - Object 'Object Repository/Regression BackOffice/CLNK-10235/FirstNameSearch' is present

2019-03-22 11:14:38 - [TEST_STEP][PASSED] - setText(findTestObject("Regression BackOffice/CLNK-10235/FirstNameSearch"), G_23444_CaregiverName): Text 'demo' is set on object 'Object Repository/Regression BackOffice/CLNK-10235/FirstNameSearch'

2019-03-22 11:14:39 - [MESSAGE][PASSED] - Text 'demo' is set on object 'Object Repository/Regression BackOffice/CLNK-10235/FirstNameSearch'

2019-03-22 11:14:39 - [TEST_STEP][PASSED] - delay(2): Delayed 2 second(s)

2019-03-22 11:14:41 - [MESSAGE][PASSED] - Delayed 2 second(s)

2019-03-22 11:14:41 - [TEST_STEP][PASSED] - waitForElementPresent(findTestObject("Regression BackOffice/CLNK-23441/Last NameHR"), 50): Object 'Object Repository/Regression BackOffice/CLNK-23441/Last NameHR' is present

2019-03-22 11:14:41 - [MESSAGE][PASSED] - Object 'Object Repository/Regression BackOffice/CLNK-23441/Last NameHR' is present

2019-03-22 11:14:41 - [TEST_STEP][PASSED] - setText(findTestObject("Regression BackOffice/CLNK-23441/Last NameHR"), G_23444_CaregiverLast): Text 'tester' is set on object 'Object Repository/Regression BackOffice/CLNK-23441/Last NameHR'

2019-03-22 11:14:41 - [MESSAGE][PASSED] - Text 'tester' is set on object 'Object Repository/Regression BackOffice/CLNK-23441/Last NameHR'

2019-03-22 11:14:41 - [TEST_STEP][PASSED] - delay(2): Delayed 2 second(s)

2019-03-22 11:14:43 - [MESSAGE][PASSED] - Delayed 2 second(s)

2019-03-22 11:14:43 - [TEST_STEP][PASSED] - waitForElementPresent(findTestObject("Regression BackOffice/CLNK-23441/CaregiverSearchButton"), 50): Object 'Object Repository/Regression BackOffice/CLNK-23441/CaregiverSearchButton' is present

2019-03-22 11:14:43 - [MESSAGE][PASSED] - Object 'Object Repository/Regression BackOffice/CLNK-23441/CaregiverSearchButton' is present

2019-03-22 11:14:43 - [TEST_STEP][PASSED] - click(findTestObject("Regression BackOffice/CLNK-23441/CaregiverSearchButton"), STOP_ON_FAILURE): Object: 'Object Repository/Regression BackOffice/CLNK-23441/CaregiverSearchButton' is clicked on

2019-03-22 11:14:44 - [MESSAGE][PASSED] - Object: 'Object Repository/Regression BackOffice/CLNK-23441/CaregiverSearchButton' is clicked on

2019-03-22 11:14:44 - [TEST_STEP][PASSED] - delay(2): Delayed 2 second(s)

2019-03-22 11:14:46 - [MESSAGE][PASSED] - Delayed 2 second(s)

2019-03-22 11:14:46 - [TEST_STEP][PASSED] - waitForElementPresent(findTestObject("Regression BackOffice/CLINK-23442/ClientLink"), 50): Object 'Object Repository/Regression BackOffice/CLINK-23442/ClientLink' is present

2019-03-22 11:14:46 - [MESSAGE][PASSED] - Object 'Object Repository/Regression BackOffice/CLINK-23442/ClientLink' is present

2019-03-22 11:14:46 - [TEST_STEP][PASSED] - click(findTestObject("Regression BackOffice/CLINK-23442/ClientLink"), STOP_ON_FAILURE): Object: 'Object Repository/Regression BackOffice/CLINK-23442/ClientLink' is clicked on

2019-03-22 11:14:49 - [MESSAGE][PASSED] - Object: 'Object Repository/Regression BackOffice/CLINK-23442/ClientLink' is clicked on

2019-03-22 11:14:49 - [TEST_STEP][PASSED] - delay(2): Delayed 2 second(s)

2019-03-22 11:14:51 - [MESSAGE][PASSED] - Delayed 2 second(s)

2019-03-22 11:14:51 - [TEST_STEP][PASSED] - waitForElementPresent(findTestObject("Regression BackOffice/CLINK-23446/NewCaregiverLocation"), 50): Object 'Object Repository/Regression BackOffice/CLINK-23446/NewCaregiverLocation' is present

2019-03-22 11:14:51 - [MESSAGE][PASSED] - Object 'Object Repository/Regression BackOffice/CLINK-23446/NewCaregiverLocation' is present

2019-03-22 11:14:51 - [TEST_STEP][PASSED] - click(findTestObject("Regression BackOffice/CLINK-23446/NewCaregiverLocation"), STOP_ON_FAILURE): Object: 'Object Repository/Regression BackOffice/CLINK-23446/NewCaregiverLocation' is clicked on

2019-03-22 11:14:52 - [MESSAGE][PASSED] - Object: 'Object Repository/Regression BackOffice/CLINK-23446/NewCaregiverLocation' is clicked on

2019-03-22 11:14:52 - [TEST_STEP][PASSED] - delay(2): Delayed 2 second(s)

2019-03-22 11:14:54 - [MESSAGE][PASSED] - Delayed 2 second(s)

2019-03-22 11:14:54 - [TEST_STEP][PASSED] - waitForElementPresent(findTestObject("Regression BackOffice/CLINK-23446/ZoneName"), 50): Object 'Object Repository/Regression BackOffice/CLINK-23446/ZoneName' is present

2019-03-22 11:14:54 - [MESSAGE][PASSED] - Object 'Object Repository/Regression BackOffice/CLINK-23446/ZoneName' is present

2019-03-22 11:14:54 - [TEST_STEP][PASSED] - click(findTestObject("Regression BackOffice/CLINK-23446/ZoneName"), STOP_ON_FAILURE): Object: 'Object Repository/Regression BackOffice/CLINK-23446/ZoneName' is clicked on

2019-03-22 11:14:54 - [MESSAGE][PASSED] - Object: 'Object Repository/Regression BackOffice/CLINK-23446/ZoneName' is clicked on

2019-03-22 11:14:54 - [TEST_STEP][PASSED] - sendKeys(findTestObject("Regression BackOffice/CLINK-23446/ZoneName"), Keys.chord(ARROW_DOWN, ARROW_DOWN, ARROW_DOWN, ENTER)): Keys 'DOWN + DOWN + DOWN + ENTER + ' sent to object: 'Object Repository/Regression BackOffice/CLINK-23446/ZoneName'

2019-03-22 11:14:54 - [MESSAGE][PASSED] - Keys 'DOWN + DOWN + DOWN + ENTER + ' sent to object: 'Object Repository/Regression BackOffice/CLINK-23446/ZoneName'

2019-03-22 11:14:54 - [TEST_STEP][PASSED] - delay(2): Delayed 2 second(s)

2019-03-22 11:14:56 - [MESSAGE][PASSED] - Delayed 2 second(s)

2019-03-22 11:14:56 - [TEST_STEP][PASSED] - waitForElementPresent(findTestObject("Regression BackOffice/CLINK-23446/li_Location"), 50): Object 'Object Repository/Regression BackOffice/CLINK-23446/li_Location' is present

2019-03-22 11:14:56 - [MESSAGE][PASSED] - Object 'Object Repository/Regression BackOffice/CLINK-23446/li_Location' is present

2019-03-22 11:14:56 - [TEST_STEP][PASSED] - doubleClick(findTestObject("Regression BackOffice/CLINK-23446/li_Location")): Object: 'Object Repository/Regression BackOffice/CLINK-23446/li_Location' is double clicked on

2019-03-22 11:14:57 - [MESSAGE][PASSED] - Object: 'Object Repository/Regression BackOffice/CLINK-23446/li_Location' is double clicked on

2019-03-22 11:14:57 - [TEST_STEP][PASSED] - delay(2): Delayed 2 second(s)

2019-03-22 11:14:59 - [MESSAGE][PASSED] - Delayed 2 second(s)

2019-03-22 11:14:59 - [TEST_STEP][PASSED] - waitForElementPresent(findTestObject("Regression BackOffice/CLINK-23446/a_Add To List"), 50): Object 'Object Repository/Regression BackOffice/CLINK-23446/a_Add To List' is present

2019-03-22 11:14:59 - [MESSAGE][PASSED] - Object 'Object Repository/Regression BackOffice/CLINK-23446/a_Add To List' is present

2019-03-22 11:14:59 - [TEST_STEP][PASSED] - click(findTestObject("Regression BackOffice/CLINK-23446/a_Add To List"), STOP_ON_FAILURE): Object: 'Object Repository/Regression BackOffice/CLINK-23446/a_Add To List' is clicked on

2019-03-22 11:15:00 - [MESSAGE][PASSED] - Object: 'Object Repository/Regression BackOffice/CLINK-23446/a_Add To List' is clicked on

2019-03-22 11:15:00 - [TEST_STEP][PASSED] - waitForPageLoad(50): Wait for page load successfully

2019-03-22 11:15:00 - [MESSAGE][PASSED] - Wait for page load successfully

2019-03-22 11:15:00 - [TEST_STEP][PASSED] - delay(3): Delayed 3 second(s)

2019-03-22 11:15:03 - [MESSAGE][PASSED] - Delayed 3 second(s)

2019-03-22 11:15:03 - [TEST_STEP][PASSED] - switchToDefaultContent(): null

2019-03-22 11:15:03 - [TEST_STEP][PASSED] - switchToFrame(findTestObject("Regression BackOffice/CLINK-23444/BannerFrameAtt"), 30): null

2019-03-22 11:15:03 - [TEST_STEP][PASSED] - waitForElementPresent(findTestObject("Regression BackOffice/CLINK-23446/SaveButton"), 50): Object 'Object Repository/Regression BackOffice/CLINK-23446/SaveButton' is present

2019-03-22 11:15:03 - [MESSAGE][PASSED] - Object 'Object Repository/Regression BackOffice/CLINK-23446/SaveButton' is present

2019-03-22 11:15:03 - [TEST_STEP][PASSED] - click(findTestObject("Regression BackOffice/CLINK-23446/SaveButton")): Object: 'Object Repository/Regression BackOffice/CLINK-23446/SaveButton' is clicked on

2019-03-22 11:15:07 - [MESSAGE][PASSED] - Object: 'Object Repository/Regression BackOffice/CLINK-23446/SaveButton' is clicked on

2019-03-22 11:15:07 - [TEST_STEP][PASSED] - delay(2): Delayed 2 second(s)

2019-03-22 11:15:09 - [MESSAGE][PASSED] - Delayed 2 second(s)

2019-03-22 11:15:09 - [TEST_STEP][PASSED] - closeBrowser(): Browser is closed

2019-03-22 11:15:10 - [MESSAGE][PASSED] - Browser is closed]]></system-out>
         <system-err><![CDATA[]]></system-err>
      </testcase>
      <testcase name="Test Cases/Regression BackOffice (All Browsers)/CLNK-23447 - Back office Caregiver Demographics" classname="Test Cases/Regression BackOffice (All Browsers)/CLNK-23447 - Back office Caregiver Demographics" status="PASSED">
         <system-out><![CDATA[2019-03-22 11:15:12 - [TEST_CASE][PASSED] - Test Cases/Regression BackOffice (All Browsers)/CLNK-23447 - Back office Caregiver Demographics: Test Cases/Regression BackOffice (All Browsers)/CLNK-23447 - Back office Caregiver Demographics

2019-03-22 11:15:13 - [TEST_STEP][PASSED] - callTestCase(findTestCase("Regression BackOffice (All Browsers)/CLNK-23439 - Clink - Back office Client"), [:], STOP_ON_FAILURE): Call Test Case 'Test Cases/Regression BackOffice (All Browsers)/CLNK-23439 - Clink - Back office Client' successfully

2019-03-22 11:15:13 - [TEST_CASE][PASSED] - Test Cases/Regression BackOffice (All Browsers)/CLNK-23439 - Clink - Back office Client: Test Cases/Regression BackOffice (All Browsers)/CLNK-23439 - Clink - Back office Client

2019-03-22 11:15:13 - [TEST_STEP][PASSED] - openBrowser(G_SiteBackOffice): Browser is opened with url: 'http://qanewpoc.continulink.com:81/backoffice/Login.aspx'

2019-03-22 11:15:13 - [MESSAGE][INFO] - Starting 'Chrome' driver

2019-03-22 11:15:19 - [MESSAGE][PASSED] - Browser is opened with url: 'http://qanewpoc.continulink.com:81/backoffice/Login.aspx'

2019-03-22 11:15:19 - [TEST_STEP][PASSED] - waitForPageLoad(60): Wait for page load successfully

2019-03-22 11:15:19 - [MESSAGE][PASSED] - Wait for page load successfully

2019-03-22 11:15:19 - [TEST_STEP][PASSED] - maximizeWindow(): Current window maximized

2019-03-22 11:15:20 - [MESSAGE][PASSED] - Current window maximized

2019-03-22 11:15:20 - [TEST_STEP][PASSED] - setText(findTestObject("Regression BackOffice/Login/UserBackOffice"), G_UserBackOffice): Text 'demo' is set on object 'Object Repository/Regression BackOffice/Login/UserBackOffice'

2019-03-22 11:15:21 - [MESSAGE][PASSED] - Text 'demo' is set on object 'Object Repository/Regression BackOffice/Login/UserBackOffice'

2019-03-22 11:15:21 - [TEST_STEP][PASSED] - setText(findTestObject("Regression BackOffice/Login/PasswordBackOffice"), G_PasswordBackOffice): Text 'qwerty' is set on object 'Object Repository/Regression BackOffice/Login/PasswordBackOffice'

2019-03-22 11:15:21 - [MESSAGE][PASSED] - Text 'qwerty' is set on object 'Object Repository/Regression BackOffice/Login/PasswordBackOffice'

2019-03-22 11:15:21 - [TEST_STEP][PASSED] - click(findTestObject("Regression BackOffice/Login/LoginBackOffice")): Object: 'Object Repository/Regression BackOffice/Login/LoginBackOffice' is clicked on

2019-03-22 11:15:30 - [MESSAGE][PASSED] - Object: 'Object Repository/Regression BackOffice/Login/LoginBackOffice' is clicked on

2019-03-22 11:15:30 - [TEST_STEP][PASSED] - waitForPageLoad(60): Wait for page load successfully

2019-03-22 11:15:30 - [MESSAGE][PASSED] - Wait for page load successfully

2019-03-22 11:15:30 - [TEST_STEP][PASSED] - delay(3): Delayed 3 second(s)

2019-03-22 11:15:33 - [MESSAGE][PASSED] - Delayed 3 second(s)

2019-03-22 11:15:33 - [TEST_STEP][PASSED] - switchToFrame(findTestObject("Regression BackOffice/CLNK-23449/FrameLeft"), 5): null

2019-03-22 11:15:33 - [TEST_STEP][PASSED] - waitForElementPresent(findTestObject("Regression BackOffice/CLNK-23449/ClienIntakeICon"), 60): Object 'Object Repository/Regression BackOffice/CLNK-23449/ClienIntakeICon' is present

2019-03-22 11:15:33 - [MESSAGE][PASSED] - Object 'Object Repository/Regression BackOffice/CLNK-23449/ClienIntakeICon' is present

2019-03-22 11:15:33 - [TEST_STEP][PASSED] - verifyElementPresent(findTestObject("Regression BackOffice/CLNK-23449/ClienIntakeICon"), 100): Object 'Object Repository/Regression BackOffice/CLNK-23449/ClienIntakeICon' is present

2019-03-22 11:15:33 - [MESSAGE][PASSED] - Object 'Object Repository/Regression BackOffice/CLNK-23449/ClienIntakeICon' is present

2019-03-22 11:15:33 - [TEST_STEP][PASSED] - switchToDefaultContent(): null

2019-03-22 11:15:33 - [MESSAGE][PASSED] - Call Test Case 'Test Cases/Regression BackOffice (All Browsers)/CLNK-23439 - Clink - Back office Client' successfully

2019-03-22 11:15:33 - [TEST_STEP][PASSED] - waitForPageLoad(60): Wait for page load successfully

2019-03-22 11:15:33 - [MESSAGE][PASSED] - Wait for page load successfully

2019-03-22 11:15:33 - [TEST_STEP][PASSED] - delay(3): Delayed 3 second(s)

2019-03-22 11:15:36 - [MESSAGE][PASSED] - Delayed 3 second(s)

2019-03-22 11:15:36 - [TEST_STEP][PASSED] - switchToFrame(findTestObject("Regression BackOffice/CLNK-23449/FrameLeft"), 30): null

2019-03-22 11:15:37 - [TEST_STEP][PASSED] - waitForElementPresent(findTestObject("Regression BackOffice/CLNK-23441/Caregiver  HRLink"), 100): Object 'Object Repository/Regression BackOffice/CLNK-23441/Caregiver  HRLink' is present

2019-03-22 11:15:37 - [MESSAGE][PASSED] - Object 'Object Repository/Regression BackOffice/CLNK-23441/Caregiver  HRLink' is present

2019-03-22 11:15:37 - [TEST_STEP][PASSED] - click(findTestObject("Regression BackOffice/CLNK-23441/Caregiver  HRLink")): Object: 'Object Repository/Regression BackOffice/CLNK-23441/Caregiver  HRLink' is clicked on

2019-03-22 11:15:37 - [MESSAGE][PASSED] - Object: 'Object Repository/Regression BackOffice/CLNK-23441/Caregiver  HRLink' is clicked on

2019-03-22 11:15:37 - [TEST_STEP][PASSED] - delay(2): Delayed 2 second(s)

2019-03-22 11:15:39 - [MESSAGE][PASSED] - Delayed 2 second(s)

2019-03-22 11:15:39 - [TEST_STEP][PASSED] - waitForPageLoad(50): Wait for page load successfully

2019-03-22 11:15:39 - [MESSAGE][PASSED] - Wait for page load successfully

2019-03-22 11:15:39 - [TEST_STEP][PASSED] - waitForElementPresent(findTestObject("Regression BackOffice/CLINK-23447/Caregiver Demographics"), 50): Object 'Object Repository/Regression BackOffice/CLINK-23447/Caregiver Demographics' is present

2019-03-22 11:15:39 - [MESSAGE][PASSED] - Object 'Object Repository/Regression BackOffice/CLINK-23447/Caregiver Demographics' is present

2019-03-22 11:15:39 - [TEST_STEP][PASSED] - click(findTestObject("Regression BackOffice/CLINK-23447/Caregiver Demographics")): Object: 'Object Repository/Regression BackOffice/CLINK-23447/Caregiver Demographics' is clicked on

2019-03-22 11:15:41 - [MESSAGE][PASSED] - Object: 'Object Repository/Regression BackOffice/CLINK-23447/Caregiver Demographics' is clicked on

2019-03-22 11:15:41 - [TEST_STEP][PASSED] - delay(2): Delayed 2 second(s)

2019-03-22 11:15:43 - [MESSAGE][PASSED] - Delayed 2 second(s)

2019-03-22 11:15:43 - [TEST_STEP][PASSED] - switchToDefaultContent(): null

2019-03-22 11:15:43 - [TEST_STEP][PASSED] - switchToFrame(findTestObject("Regression BackOffice/CLNK-23449/FrameMain"), 30): null

2019-03-22 11:15:43 - [TEST_STEP][PASSED] - waitForElementPresent(findTestObject("Regression BackOffice/CLNK-10235/FirstNameSearch"), 50): Object 'Object Repository/Regression BackOffice/CLNK-10235/FirstNameSearch' is present

2019-03-22 11:15:44 - [MESSAGE][PASSED] - Object 'Object Repository/Regression BackOffice/CLNK-10235/FirstNameSearch' is present

2019-03-22 11:15:44 - [TEST_STEP][PASSED] - setText(findTestObject("Regression BackOffice/CLNK-10235/FirstNameSearch"), G_23444_CaregiverName): Text 'demo' is set on object 'Object Repository/Regression BackOffice/CLNK-10235/FirstNameSearch'

2019-03-22 11:15:44 - [MESSAGE][PASSED] - Text 'demo' is set on object 'Object Repository/Regression BackOffice/CLNK-10235/FirstNameSearch'

2019-03-22 11:15:44 - [TEST_STEP][PASSED] - delay(2): Delayed 2 second(s)

2019-03-22 11:15:46 - [MESSAGE][PASSED] - Delayed 2 second(s)

2019-03-22 11:15:46 - [TEST_STEP][PASSED] - waitForElementPresent(findTestObject("Regression BackOffice/CLNK-23441/Last NameHR"), 50): Object 'Object Repository/Regression BackOffice/CLNK-23441/Last NameHR' is present

2019-03-22 11:15:46 - [MESSAGE][PASSED] - Object 'Object Repository/Regression BackOffice/CLNK-23441/Last NameHR' is present

2019-03-22 11:15:46 - [TEST_STEP][PASSED] - setText(findTestObject("Regression BackOffice/CLNK-23441/Last NameHR"), G_23444_CaregiverLast): Text 'tester' is set on object 'Object Repository/Regression BackOffice/CLNK-23441/Last NameHR'

2019-03-22 11:15:46 - [MESSAGE][PASSED] - Text 'tester' is set on object 'Object Repository/Regression BackOffice/CLNK-23441/Last NameHR'

2019-03-22 11:15:46 - [TEST_STEP][PASSED] - delay(2): Delayed 2 second(s)

2019-03-22 11:15:48 - [MESSAGE][PASSED] - Delayed 2 second(s)

2019-03-22 11:15:48 - [TEST_STEP][PASSED] - waitForElementPresent(findTestObject("Regression BackOffice/CLNK-23441/CaregiverSearchButton"), 50): Object 'Object Repository/Regression BackOffice/CLNK-23441/CaregiverSearchButton' is present

2019-03-22 11:15:49 - [MESSAGE][PASSED] - Object 'Object Repository/Regression BackOffice/CLNK-23441/CaregiverSearchButton' is present

2019-03-22 11:15:49 - [TEST_STEP][PASSED] - click(findTestObject("Regression BackOffice/CLNK-23441/CaregiverSearchButton"), STOP_ON_FAILURE): Object: 'Object Repository/Regression BackOffice/CLNK-23441/CaregiverSearchButton' is clicked on

2019-03-22 11:15:50 - [MESSAGE][PASSED] - Object: 'Object Repository/Regression BackOffice/CLNK-23441/CaregiverSearchButton' is clicked on

2019-03-22 11:15:50 - [TEST_STEP][PASSED] - delay(2): Delayed 2 second(s)

2019-03-22 11:15:52 - [MESSAGE][PASSED] - Delayed 2 second(s)

2019-03-22 11:15:52 - [TEST_STEP][PASSED] - waitForElementPresent(findTestObject("Regression BackOffice/CLINK-23442/ClientLink"), 50): Object 'Object Repository/Regression BackOffice/CLINK-23442/ClientLink' is present

2019-03-22 11:15:52 - [MESSAGE][PASSED] - Object 'Object Repository/Regression BackOffice/CLINK-23442/ClientLink' is present

2019-03-22 11:15:52 - [TEST_STEP][PASSED] - click(findTestObject("Regression BackOffice/CLINK-23442/ClientLink"), STOP_ON_FAILURE): Object: 'Object Repository/Regression BackOffice/CLINK-23442/ClientLink' is clicked on

2019-03-22 11:15:57 - [MESSAGE][PASSED] - Object: 'Object Repository/Regression BackOffice/CLINK-23442/ClientLink' is clicked on

2019-03-22 11:15:57 - [TEST_STEP][PASSED] - delay(2): Delayed 2 second(s)

2019-03-22 11:15:59 - [MESSAGE][PASSED] - Delayed 2 second(s)

2019-03-22 11:15:59 - [TEST_STEP][PASSED] - waitForPageLoad(0): Wait for page load successfully

2019-03-22 11:15:59 - [MESSAGE][WARNING] - Timeout '0' is invalid. Using default page load timeout: '30'

2019-03-22 11:15:59 - [MESSAGE][PASSED] - Wait for page load successfully

2019-03-22 11:15:59 - [TEST_STEP][PASSED] - waitForElementPresent(findTestObject("Regression BackOffice/CLINK-23447/DateSent"), 50): Object 'Object Repository/Regression BackOffice/CLINK-23447/DateSent' is present

2019-03-22 11:15:59 - [MESSAGE][PASSED] - Object 'Object Repository/Regression BackOffice/CLINK-23447/DateSent' is present

2019-03-22 11:15:59 - [TEST_STEP][PASSED] - setText(findTestObject("Regression BackOffice/CLINK-23447/DateSent"), getDate.DateUtilities.getDateMonthDayYearNumberwithSlash()): Text '03/22/2019' is set on object 'Object Repository/Regression BackOffice/CLINK-23447/DateSent'

2019-03-22 11:15:59 - [MESSAGE][PASSED] - getDate.DateUtilities.getDateMonthDayYearNumberwithSlash is PASSED

2019-03-22 11:16:00 - [MESSAGE][PASSED] - Text '03/22/2019' is set on object 'Object Repository/Regression BackOffice/CLINK-23447/DateSent'

2019-03-22 11:16:00 - [TEST_STEP][PASSED] - delay(4): Delayed 4 second(s)

2019-03-22 11:16:05 - [MESSAGE][PASSED] - Delayed 4 second(s)

2019-03-22 11:16:05 - [TEST_STEP][PASSED] - waitForElementPresent(findTestObject("Regression BackOffice/CLINK-23447/DateReceived"), 50): Object 'Object Repository/Regression BackOffice/CLINK-23447/DateReceived' is present

2019-03-22 11:16:05 - [MESSAGE][PASSED] - Object 'Object Repository/Regression BackOffice/CLINK-23447/DateReceived' is present

2019-03-22 11:16:05 - [TEST_STEP][PASSED] - setText(findTestObject("Regression BackOffice/CLINK-23447/DateReceived"), getDate.DateUtilities.getDateMonthDayYearNumberwithSlash()): Text '03/22/2019' is set on object 'Object Repository/Regression BackOffice/CLINK-23447/DateReceived'

2019-03-22 11:16:05 - [MESSAGE][PASSED] - getDate.DateUtilities.getDateMonthDayYearNumberwithSlash is PASSED

2019-03-22 11:16:06 - [MESSAGE][PASSED] - Text '03/22/2019' is set on object 'Object Repository/Regression BackOffice/CLINK-23447/DateReceived'

2019-03-22 11:16:06 - [TEST_STEP][PASSED] - delay(4): Delayed 4 second(s)

2019-03-22 11:16:10 - [MESSAGE][PASSED] - Delayed 4 second(s)

2019-03-22 11:16:10 - [TEST_STEP][PASSED] - waitForElementPresent(findTestObject("Regression BackOffice/CLINK-23447/CheckCompletedDate"), 50): Object 'Object Repository/Regression BackOffice/CLINK-23447/CheckCompletedDate' is present

2019-03-22 11:16:10 - [MESSAGE][PASSED] - Object 'Object Repository/Regression BackOffice/CLINK-23447/CheckCompletedDate' is present

2019-03-22 11:16:10 - [TEST_STEP][PASSED] - setText(findTestObject("Regression BackOffice/CLINK-23447/CheckCompletedDate"), getDate.DateUtilities.getDateMonthDayYearNumberwithSlash()): Text '03/22/2019' is set on object 'Object Repository/Regression BackOffice/CLINK-23447/CheckCompletedDate'

2019-03-22 11:16:10 - [MESSAGE][PASSED] - getDate.DateUtilities.getDateMonthDayYearNumberwithSlash is PASSED

2019-03-22 11:16:11 - [MESSAGE][PASSED] - Text '03/22/2019' is set on object 'Object Repository/Regression BackOffice/CLINK-23447/CheckCompletedDate'

2019-03-22 11:16:11 - [TEST_STEP][PASSED] - delay(4): Delayed 4 second(s)

2019-03-22 11:16:15 - [MESSAGE][PASSED] - Delayed 4 second(s)

2019-03-22 11:16:15 - [TEST_STEP][PASSED] - switchToDefaultContent(): null

2019-03-22 11:16:15 - [TEST_STEP][PASSED] - switchToFrame(findTestObject("Regression BackOffice/CLINK-23444/BannerFrameAtt"), 30): null

2019-03-22 11:16:15 - [TEST_STEP][PASSED] - waitForElementPresent(findTestObject("Regression BackOffice/CLINK-23446/SaveButton"), 50): Object 'Object Repository/Regression BackOffice/CLINK-23446/SaveButton' is present

2019-03-22 11:16:15 - [MESSAGE][PASSED] - Object 'Object Repository/Regression BackOffice/CLINK-23446/SaveButton' is present

2019-03-22 11:16:15 - [TEST_STEP][PASSED] - click(findTestObject("Regression BackOffice/CLINK-23446/SaveButton")): Object: 'Object Repository/Regression BackOffice/CLINK-23446/SaveButton' is clicked on

2019-03-22 11:16:16 - [MESSAGE][PASSED] - Object: 'Object Repository/Regression BackOffice/CLINK-23446/SaveButton' is clicked on

2019-03-22 11:16:16 - [TEST_STEP][PASSED] - delay(2): Delayed 2 second(s)

2019-03-22 11:16:18 - [MESSAGE][PASSED] - Delayed 2 second(s)]]></system-out>
         <system-err><![CDATA[]]></system-err>
      </testcase>
      <testcase name="Test Cases/Regression BackOffice (All Browsers)/CLNK-23448 - Back office Setup Caregiver Remote Login" classname="Test Cases/Regression BackOffice (All Browsers)/CLNK-23448 - Back office Setup Caregiver Remote Login" status="PASSED">
         <system-out><![CDATA[2019-03-22 11:16:20 - [TEST_CASE][PASSED] - Test Cases/Regression BackOffice (All Browsers)/CLNK-23448 - Back office Setup Caregiver Remote Login: Test Cases/Regression BackOffice (All Browsers)/CLNK-23448 - Back office Setup Caregiver Remote Login

2019-03-22 11:16:21 - [TEST_STEP][PASSED] - callTestCase(findTestCase("Regression BackOffice (All Browsers)/CLNK-23439 - Clink - Back office Client"), [:], STOP_ON_FAILURE): Call Test Case 'Test Cases/Regression BackOffice (All Browsers)/CLNK-23439 - Clink - Back office Client' successfully

2019-03-22 11:16:21 - [TEST_CASE][PASSED] - Test Cases/Regression BackOffice (All Browsers)/CLNK-23439 - Clink - Back office Client: Test Cases/Regression BackOffice (All Browsers)/CLNK-23439 - Clink - Back office Client

2019-03-22 11:16:21 - [TEST_STEP][PASSED] - openBrowser(G_SiteBackOffice): Browser is opened with url: 'http://qanewpoc.continulink.com:81/backoffice/Login.aspx'

2019-03-22 11:16:21 - [MESSAGE][WARNING] - A browser is already opened. Closing browser and opening a new one

2019-03-22 11:16:22 - [MESSAGE][INFO] - Starting 'Chrome' driver

2019-03-22 11:16:30 - [MESSAGE][PASSED] - Browser is opened with url: 'http://qanewpoc.continulink.com:81/backoffice/Login.aspx'

2019-03-22 11:16:30 - [TEST_STEP][PASSED] - waitForPageLoad(60): Wait for page load successfully

2019-03-22 11:16:30 - [MESSAGE][PASSED] - Wait for page load successfully

2019-03-22 11:16:30 - [TEST_STEP][PASSED] - maximizeWindow(): Current window maximized

2019-03-22 11:16:31 - [MESSAGE][PASSED] - Current window maximized

2019-03-22 11:16:31 - [TEST_STEP][PASSED] - setText(findTestObject("Regression BackOffice/Login/UserBackOffice"), G_UserBackOffice): Text 'demo' is set on object 'Object Repository/Regression BackOffice/Login/UserBackOffice'

2019-03-22 11:16:32 - [MESSAGE][PASSED] - Text 'demo' is set on object 'Object Repository/Regression BackOffice/Login/UserBackOffice'

2019-03-22 11:16:32 - [TEST_STEP][PASSED] - setText(findTestObject("Regression BackOffice/Login/PasswordBackOffice"), G_PasswordBackOffice): Text 'qwerty' is set on object 'Object Repository/Regression BackOffice/Login/PasswordBackOffice'

2019-03-22 11:16:32 - [MESSAGE][PASSED] - Text 'qwerty' is set on object 'Object Repository/Regression BackOffice/Login/PasswordBackOffice'

2019-03-22 11:16:32 - [TEST_STEP][PASSED] - click(findTestObject("Regression BackOffice/Login/LoginBackOffice")): Object: 'Object Repository/Regression BackOffice/Login/LoginBackOffice' is clicked on

2019-03-22 11:16:40 - [MESSAGE][PASSED] - Object: 'Object Repository/Regression BackOffice/Login/LoginBackOffice' is clicked on

2019-03-22 11:16:40 - [TEST_STEP][PASSED] - waitForPageLoad(60): Wait for page load successfully

2019-03-22 11:16:40 - [MESSAGE][PASSED] - Wait for page load successfully

2019-03-22 11:16:40 - [TEST_STEP][PASSED] - delay(3): Delayed 3 second(s)

2019-03-22 11:16:43 - [MESSAGE][PASSED] - Delayed 3 second(s)

2019-03-22 11:16:43 - [TEST_STEP][PASSED] - switchToFrame(findTestObject("Regression BackOffice/CLNK-23449/FrameLeft"), 5): null

2019-03-22 11:16:43 - [TEST_STEP][PASSED] - waitForElementPresent(findTestObject("Regression BackOffice/CLNK-23449/ClienIntakeICon"), 60): Object 'Object Repository/Regression BackOffice/CLNK-23449/ClienIntakeICon' is present

2019-03-22 11:16:43 - [MESSAGE][PASSED] - Object 'Object Repository/Regression BackOffice/CLNK-23449/ClienIntakeICon' is present

2019-03-22 11:16:43 - [TEST_STEP][PASSED] - verifyElementPresent(findTestObject("Regression BackOffice/CLNK-23449/ClienIntakeICon"), 100): Object 'Object Repository/Regression BackOffice/CLNK-23449/ClienIntakeICon' is present

2019-03-22 11:16:43 - [MESSAGE][PASSED] - Object 'Object Repository/Regression BackOffice/CLNK-23449/ClienIntakeICon' is present

2019-03-22 11:16:43 - [TEST_STEP][PASSED] - switchToDefaultContent(): null

2019-03-22 11:16:43 - [MESSAGE][PASSED] - Call Test Case 'Test Cases/Regression BackOffice (All Browsers)/CLNK-23439 - Clink - Back office Client' successfully

2019-03-22 11:16:43 - [TEST_STEP][PASSED] - waitForPageLoad(60): Wait for page load successfully

2019-03-22 11:16:43 - [MESSAGE][PASSED] - Wait for page load successfully

2019-03-22 11:16:43 - [TEST_STEP][PASSED] - delay(3): Delayed 3 second(s)

2019-03-22 11:16:46 - [MESSAGE][PASSED] - Delayed 3 second(s)

2019-03-22 11:16:46 - [TEST_STEP][PASSED] - switchToFrame(findTestObject("Regression BackOffice/CLNK-23449/FrameLeft"), 30): null

2019-03-22 11:16:46 - [TEST_STEP][PASSED] - waitForElementPresent(findTestObject("Regression BackOffice/CLNK-23441/Caregiver  HRLink"), 100): Object 'Object Repository/Regression BackOffice/CLNK-23441/Caregiver  HRLink' is present

2019-03-22 11:16:47 - [MESSAGE][PASSED] - Object 'Object Repository/Regression BackOffice/CLNK-23441/Caregiver  HRLink' is present

2019-03-22 11:16:47 - [TEST_STEP][PASSED] - click(findTestObject("Regression BackOffice/CLNK-23441/Caregiver  HRLink")): Object: 'Object Repository/Regression BackOffice/CLNK-23441/Caregiver  HRLink' is clicked on

2019-03-22 11:16:47 - [MESSAGE][PASSED] - Object: 'Object Repository/Regression BackOffice/CLNK-23441/Caregiver  HRLink' is clicked on

2019-03-22 11:16:47 - [TEST_STEP][PASSED] - delay(2): Delayed 2 second(s)

2019-03-22 11:16:49 - [MESSAGE][PASSED] - Delayed 2 second(s)

2019-03-22 11:16:49 - [TEST_STEP][PASSED] - waitForPageLoad(50): Wait for page load successfully

2019-03-22 11:16:49 - [MESSAGE][PASSED] - Wait for page load successfully

2019-03-22 11:16:49 - [TEST_STEP][PASSED] - waitForElementPresent(findTestObject("Regression BackOffice/CLINK-23448/Setup Caregiver Remote Login"), 50): Object 'Object Repository/Regression BackOffice/CLINK-23448/Setup Caregiver Remote Login' is present

2019-03-22 11:16:49 - [MESSAGE][PASSED] - Object 'Object Repository/Regression BackOffice/CLINK-23448/Setup Caregiver Remote Login' is present

2019-03-22 11:16:49 - [TEST_STEP][PASSED] - click(findTestObject("Regression BackOffice/CLINK-23448/Setup Caregiver Remote Login")): Object: 'Object Repository/Regression BackOffice/CLINK-23448/Setup Caregiver Remote Login' is clicked on

2019-03-22 11:16:52 - [MESSAGE][PASSED] - Object: 'Object Repository/Regression BackOffice/CLINK-23448/Setup Caregiver Remote Login' is clicked on

2019-03-22 11:16:52 - [TEST_STEP][PASSED] - waitForPageLoad(60): Wait for page load successfully

2019-03-22 11:16:52 - [MESSAGE][PASSED] - Wait for page load successfully

2019-03-22 11:16:52 - [TEST_STEP][PASSED] - switchToDefaultContent(): null

2019-03-22 11:16:52 - [TEST_STEP][PASSED] - switchToFrame(findTestObject("Regression BackOffice/CLNK-23449/FrameMain"), 30): null

2019-03-22 11:16:52 - [TEST_STEP][PASSED] - waitForElementPresent(findTestObject("Regression BackOffice/CLINK-23448/Caregiver Name II"), 50): Object 'Object Repository/Regression BackOffice/CLINK-23448/Caregiver Name II' is present

2019-03-22 11:16:52 - [MESSAGE][PASSED] - Object 'Object Repository/Regression BackOffice/CLINK-23448/Caregiver Name II' is present

2019-03-22 11:16:52 - [TEST_STEP][PASSED] - setText(findTestObject("Regression BackOffice/CLINK-23448/Caregiver Name II"), G_23448_Name): Text 'Boat' is set on object 'Object Repository/Regression BackOffice/CLINK-23448/Caregiver Name II'

2019-03-22 11:16:52 - [MESSAGE][PASSED] - Text 'Boat' is set on object 'Object Repository/Regression BackOffice/CLINK-23448/Caregiver Name II'

2019-03-22 11:16:52 - [TEST_STEP][PASSED] - delay(2): Delayed 2 second(s)

2019-03-22 11:16:55 - [MESSAGE][PASSED] - Delayed 2 second(s)

2019-03-22 11:16:55 - [TEST_STEP][PASSED] - sendKeys(findTestObject("Regression BackOffice/CLINK-23448/Caregiver Name II"), Keys.chord(ARROW_DOWN, ENTER)): Keys 'DOWN + ENTER + ' sent to object: 'Object Repository/Regression BackOffice/CLINK-23448/Caregiver Name II'

2019-03-22 11:16:55 - [MESSAGE][PASSED] - Keys 'DOWN + ENTER + ' sent to object: 'Object Repository/Regression BackOffice/CLINK-23448/Caregiver Name II'

2019-03-22 11:16:55 - [TEST_STEP][PASSED] - delay(2): Delayed 2 second(s)

2019-03-22 11:16:58 - [MESSAGE][PASSED] - Delayed 2 second(s)

2019-03-22 11:16:58 - [TEST_STEP][PASSED] - waitForElementPresent(findTestObject("Regression BackOffice/CLINK-23448/New Password"), 50): Object 'Object Repository/Regression BackOffice/CLINK-23448/New Password' is present

2019-03-22 11:16:58 - [MESSAGE][PASSED] - Object 'Object Repository/Regression BackOffice/CLINK-23448/New Password' is present

2019-03-22 11:16:58 - [TEST_STEP][PASSED] - setText(findTestObject("Regression BackOffice/CLINK-23448/New Password"), "qwerty"): Text 'qwerty' is set on object 'Object Repository/Regression BackOffice/CLINK-23448/New Password'

2019-03-22 11:16:59 - [MESSAGE][PASSED] - Text 'qwerty' is set on object 'Object Repository/Regression BackOffice/CLINK-23448/New Password'

2019-03-22 11:16:59 - [TEST_STEP][PASSED] - delay(2): Delayed 2 second(s)

2019-03-22 11:17:01 - [MESSAGE][PASSED] - Delayed 2 second(s)

2019-03-22 11:17:01 - [TEST_STEP][PASSED] - waitForElementPresent(findTestObject("Regression BackOffice/CLINK-23448/Confirm newPassword"), 50): Object 'Object Repository/Regression BackOffice/CLINK-23448/Confirm newPassword' is present

2019-03-22 11:17:01 - [MESSAGE][PASSED] - Object 'Object Repository/Regression BackOffice/CLINK-23448/Confirm newPassword' is present

2019-03-22 11:17:01 - [TEST_STEP][PASSED] - setText(findTestObject("Regression BackOffice/CLINK-23448/Confirm newPassword"), "qwerty"): Text 'qwerty' is set on object 'Object Repository/Regression BackOffice/CLINK-23448/Confirm newPassword'

2019-03-22 11:17:01 - [MESSAGE][PASSED] - Text 'qwerty' is set on object 'Object Repository/Regression BackOffice/CLINK-23448/Confirm newPassword'

2019-03-22 11:17:01 - [TEST_STEP][PASSED] - delay(2): Delayed 2 second(s)

2019-03-22 11:17:03 - [MESSAGE][PASSED] - Delayed 2 second(s)

2019-03-22 11:17:03 - [TEST_STEP][PASSED] - waitForElementPresent(findTestObject("Regression BackOffice/CLINK-23448/Email"), 50): Object 'Object Repository/Regression BackOffice/CLINK-23448/Email' is present

2019-03-22 11:17:03 - [MESSAGE][PASSED] - Object 'Object Repository/Regression BackOffice/CLINK-23448/Email' is present

2019-03-22 11:17:03 - [TEST_STEP][PASSED] - setText(findTestObject("Regression BackOffice/CLINK-23448/Email"), "isaac@gmail.com"): Text 'isaac@gmail.com' is set on object 'Object Repository/Regression BackOffice/CLINK-23448/Email'

2019-03-22 11:17:04 - [MESSAGE][PASSED] - Text 'isaac@gmail.com' is set on object 'Object Repository/Regression BackOffice/CLINK-23448/Email'

2019-03-22 11:17:04 - [TEST_STEP][PASSED] - delay(2): Delayed 2 second(s)

2019-03-22 11:17:06 - [MESSAGE][PASSED] - Delayed 2 second(s)

2019-03-22 11:17:06 - [TEST_STEP][PASSED] - waitForElementPresent(findTestObject("Regression BackOffice/CLINK-23448/BUnit"), 50): Object 'Object Repository/Regression BackOffice/CLINK-23448/BUnit' is present

2019-03-22 11:17:06 - [MESSAGE][PASSED] - Object 'Object Repository/Regression BackOffice/CLINK-23448/BUnit' is present

2019-03-22 11:17:06 - [TEST_STEP][PASSED] - click(findTestObject("Regression BackOffice/CLINK-23448/BUnit"), STOP_ON_FAILURE): Object: 'Object Repository/Regression BackOffice/CLINK-23448/BUnit' is clicked on

2019-03-22 11:17:06 - [MESSAGE][PASSED] - Object: 'Object Repository/Regression BackOffice/CLINK-23448/BUnit' is clicked on

2019-03-22 11:17:06 - [TEST_STEP][PASSED] - delay(2): Delayed 2 second(s)

2019-03-22 11:17:08 - [MESSAGE][PASSED] - Delayed 2 second(s)

2019-03-22 11:17:08 - [TEST_STEP][PASSED] - waitForElementPresent(findTestObject("Regression BackOffice/CLINK-23448/CreateUsrButton"), 50): Object 'Object Repository/Regression BackOffice/CLINK-23448/CreateUsrButton' is present

2019-03-22 11:17:08 - [MESSAGE][PASSED] - Object 'Object Repository/Regression BackOffice/CLINK-23448/CreateUsrButton' is present

2019-03-22 11:17:08 - [TEST_STEP][PASSED] - click(findTestObject("Regression BackOffice/CLINK-23448/CreateUsrButton"), STOP_ON_FAILURE): Object: 'Object Repository/Regression BackOffice/CLINK-23448/CreateUsrButton' is clicked on

2019-03-22 11:17:11 - [MESSAGE][PASSED] - Object: 'Object Repository/Regression BackOffice/CLINK-23448/CreateUsrButton' is clicked on

2019-03-22 11:17:11 - [TEST_STEP][PASSED] - delay(2): Delayed 2 second(s)

2019-03-22 11:17:13 - [MESSAGE][PASSED] - Delayed 2 second(s)

2019-03-22 11:17:13 - [TEST_STEP][PASSED] - closeBrowser(): Browser is closed

2019-03-22 11:17:13 - [MESSAGE][PASSED] - Browser is closed]]></system-out>
         <system-err><![CDATA[]]></system-err>
      </testcase>
      <testcase name="Test Cases/Regression BackOffice (All Browsers)/CLNK-23449 - Quick Intake Wizard" classname="Test Cases/Regression BackOffice (All Browsers)/CLNK-23449 - Quick Intake Wizard" status="PASSED">
         <system-out><![CDATA[2019-03-22 11:17:16 - [TEST_CASE][PASSED] - Test Cases/Regression BackOffice (All Browsers)/CLNK-23449 - Quick Intake Wizard: Test Cases/Regression BackOffice (All Browsers)/CLNK-23449 - Quick Intake Wizard

2019-03-22 11:17:16 - [TEST_STEP][PASSED] - callTestCase(findTestCase("Regression BackOffice (All Browsers)/CLNK-23439 - Clink - Back office Client"), [:], STOP_ON_FAILURE): Call Test Case 'Test Cases/Regression BackOffice (All Browsers)/CLNK-23439 - Clink - Back office Client' successfully

2019-03-22 11:17:16 - [TEST_CASE][PASSED] - Test Cases/Regression BackOffice (All Browsers)/CLNK-23439 - Clink - Back office Client: Test Cases/Regression BackOffice (All Browsers)/CLNK-23439 - Clink - Back office Client

2019-03-22 11:17:16 - [TEST_STEP][PASSED] - openBrowser(G_SiteBackOffice): Browser is opened with url: 'http://qanewpoc.continulink.com:81/backoffice/Login.aspx'

2019-03-22 11:17:16 - [MESSAGE][INFO] - Starting 'Chrome' driver

2019-03-22 11:17:23 - [MESSAGE][PASSED] - Browser is opened with url: 'http://qanewpoc.continulink.com:81/backoffice/Login.aspx'

2019-03-22 11:17:23 - [TEST_STEP][PASSED] - waitForPageLoad(60): Wait for page load successfully

2019-03-22 11:17:23 - [MESSAGE][PASSED] - Wait for page load successfully

2019-03-22 11:17:23 - [TEST_STEP][PASSED] - maximizeWindow(): Current window maximized

2019-03-22 11:17:24 - [MESSAGE][PASSED] - Current window maximized

2019-03-22 11:17:24 - [TEST_STEP][PASSED] - setText(findTestObject("Regression BackOffice/Login/UserBackOffice"), G_UserBackOffice): Text 'demo' is set on object 'Object Repository/Regression BackOffice/Login/UserBackOffice'

2019-03-22 11:17:25 - [MESSAGE][PASSED] - Text 'demo' is set on object 'Object Repository/Regression BackOffice/Login/UserBackOffice'

2019-03-22 11:17:25 - [TEST_STEP][PASSED] - setText(findTestObject("Regression BackOffice/Login/PasswordBackOffice"), G_PasswordBackOffice): Text 'qwerty' is set on object 'Object Repository/Regression BackOffice/Login/PasswordBackOffice'

2019-03-22 11:17:25 - [MESSAGE][PASSED] - Text 'qwerty' is set on object 'Object Repository/Regression BackOffice/Login/PasswordBackOffice'

2019-03-22 11:17:25 - [TEST_STEP][PASSED] - click(findTestObject("Regression BackOffice/Login/LoginBackOffice")): Object: 'Object Repository/Regression BackOffice/Login/LoginBackOffice' is clicked on

2019-03-22 11:17:32 - [MESSAGE][PASSED] - Object: 'Object Repository/Regression BackOffice/Login/LoginBackOffice' is clicked on

2019-03-22 11:17:32 - [TEST_STEP][PASSED] - waitForPageLoad(60): Wait for page load successfully

2019-03-22 11:17:33 - [MESSAGE][PASSED] - Wait for page load successfully

2019-03-22 11:17:33 - [TEST_STEP][PASSED] - delay(3): Delayed 3 second(s)

2019-03-22 11:17:36 - [MESSAGE][PASSED] - Delayed 3 second(s)

2019-03-22 11:17:36 - [TEST_STEP][PASSED] - switchToFrame(findTestObject("Regression BackOffice/CLNK-23449/FrameLeft"), 5): null

2019-03-22 11:17:36 - [TEST_STEP][PASSED] - waitForElementPresent(findTestObject("Regression BackOffice/CLNK-23449/ClienIntakeICon"), 60): Object 'Object Repository/Regression BackOffice/CLNK-23449/ClienIntakeICon' is present

2019-03-22 11:17:36 - [MESSAGE][PASSED] - Object 'Object Repository/Regression BackOffice/CLNK-23449/ClienIntakeICon' is present

2019-03-22 11:17:36 - [TEST_STEP][PASSED] - verifyElementPresent(findTestObject("Regression BackOffice/CLNK-23449/ClienIntakeICon"), 100): Object 'Object Repository/Regression BackOffice/CLNK-23449/ClienIntakeICon' is present

2019-03-22 11:17:36 - [MESSAGE][PASSED] - Object 'Object Repository/Regression BackOffice/CLNK-23449/ClienIntakeICon' is present

2019-03-22 11:17:36 - [TEST_STEP][PASSED] - switchToDefaultContent(): null

2019-03-22 11:17:36 - [MESSAGE][PASSED] - Call Test Case 'Test Cases/Regression BackOffice (All Browsers)/CLNK-23439 - Clink - Back office Client' successfully

2019-03-22 11:17:36 - [TEST_STEP][PASSED] - waitForPageLoad(60): Wait for page load successfully

2019-03-22 11:17:36 - [MESSAGE][PASSED] - Wait for page load successfully

2019-03-22 11:17:36 - [TEST_STEP][PASSED] - delay(3): Delayed 3 second(s)

2019-03-22 11:17:39 - [MESSAGE][PASSED] - Delayed 3 second(s)

2019-03-22 11:17:39 - [TEST_STEP][PASSED] - switchToFrame(findTestObject("Regression BackOffice/CLNK-23449/FrameLeft"), 30): null

2019-03-22 11:17:39 - [TEST_STEP][PASSED] - waitForElementPresent(findTestObject("Regression BackOffice/CLNK-23449/ClienIntakeICon"), 100): Object 'Object Repository/Regression BackOffice/CLNK-23449/ClienIntakeICon' is present

2019-03-22 11:17:39 - [MESSAGE][PASSED] - Object 'Object Repository/Regression BackOffice/CLNK-23449/ClienIntakeICon' is present

2019-03-22 11:17:39 - [TEST_STEP][PASSED] - click(findTestObject("Regression BackOffice/CLNK-23449/ClienIntakeICon")): Object: 'Object Repository/Regression BackOffice/CLNK-23449/ClienIntakeICon' is clicked on

2019-03-22 11:17:39 - [MESSAGE][PASSED] - Object: 'Object Repository/Regression BackOffice/CLNK-23449/ClienIntakeICon' is clicked on

2019-03-22 11:17:39 - [TEST_STEP][PASSED] - delay(2): Delayed 2 second(s)

2019-03-22 11:17:41 - [MESSAGE][PASSED] - Delayed 2 second(s)

2019-03-22 11:17:41 - [TEST_STEP][PASSED] - waitForPageLoad(50): Wait for page load successfully

2019-03-22 11:17:41 - [MESSAGE][PASSED] - Wait for page load successfully

2019-03-22 11:17:41 - [TEST_STEP][PASSED] - waitForElementPresent(findTestObject("Regression BackOffice/CLNK-23449/Quick Intake Wizard Link"), 50): Object 'Object Repository/Regression BackOffice/CLNK-23449/Quick Intake Wizard Link' is present

2019-03-22 11:17:41 - [MESSAGE][PASSED] - Object 'Object Repository/Regression BackOffice/CLNK-23449/Quick Intake Wizard Link' is present

2019-03-22 11:17:41 - [TEST_STEP][PASSED] - click(findTestObject("Regression BackOffice/CLNK-23449/Quick Intake Wizard Link")): Object: 'Object Repository/Regression BackOffice/CLNK-23449/Quick Intake Wizard Link' is clicked on

2019-03-22 11:17:45 - [MESSAGE][PASSED] - Object: 'Object Repository/Regression BackOffice/CLNK-23449/Quick Intake Wizard Link' is clicked on

2019-03-22 11:17:45 - [TEST_STEP][PASSED] - delay(2): Delayed 2 second(s)

2019-03-22 11:17:47 - [MESSAGE][PASSED] - Delayed 2 second(s)

2019-03-22 11:17:47 - [TEST_STEP][PASSED] - switchToDefaultContent(): null

2019-03-22 11:17:47 - [TEST_STEP][PASSED] - switchToFrame(findTestObject("Regression BackOffice/CLNK-23449/FrameMain"), 30): null

2019-03-22 11:17:47 - [TEST_STEP][PASSED] - waitForElementPresent(findTestObject("Regression BackOffice/CLNK-23449/New Referral Button"), 50): Object 'Object Repository/Regression BackOffice/CLNK-23449/New Referral Button' is present

2019-03-22 11:17:47 - [MESSAGE][PASSED] - Object 'Object Repository/Regression BackOffice/CLNK-23449/New Referral Button' is present

2019-03-22 11:17:47 - [TEST_STEP][PASSED] - click(findTestObject("Regression BackOffice/CLNK-23449/New Referral Button")): Object: 'Object Repository/Regression BackOffice/CLNK-23449/New Referral Button' is clicked on

2019-03-22 11:17:48 - [MESSAGE][PASSED] - Object: 'Object Repository/Regression BackOffice/CLNK-23449/New Referral Button' is clicked on

2019-03-22 11:17:48 - [TEST_STEP][PASSED] - waitForPageLoad(50): Wait for page load successfully

2019-03-22 11:17:48 - [MESSAGE][PASSED] - Wait for page load successfully

2019-03-22 11:17:48 - [TEST_STEP][PASSED] - delay(2): Delayed 2 second(s)

2019-03-22 11:17:50 - [MESSAGE][PASSED] - Delayed 2 second(s)

2019-03-22 11:17:50 - [TEST_STEP][PASSED] - waitForElementPresent(findTestObject("Regression BackOffice/CLNK-23449/ReferralType"), 50): Object 'Object Repository/Regression BackOffice/CLNK-23449/ReferralType' is present

2019-03-22 11:17:50 - [MESSAGE][PASSED] - Object 'Object Repository/Regression BackOffice/CLNK-23449/ReferralType' is present

2019-03-22 11:17:50 - [TEST_STEP][PASSED] - focus(findTestObject("Regression BackOffice/CLNK-23449/ReferralType")): Object: 'Object Repository/Regression BackOffice/CLNK-23449/ReferralType' is focused

2019-03-22 11:17:50 - [MESSAGE][PASSED] - Object: 'Object Repository/Regression BackOffice/CLNK-23449/ReferralType' is focused

2019-03-22 11:17:50 - [TEST_STEP][PASSED] - click(findTestObject("Regression BackOffice/CLNK-23449/ReferralType")): Object: 'Object Repository/Regression BackOffice/CLNK-23449/ReferralType' is clicked on

2019-03-22 11:17:51 - [MESSAGE][PASSED] - Object: 'Object Repository/Regression BackOffice/CLNK-23449/ReferralType' is clicked on

2019-03-22 11:17:51 - [TEST_STEP][PASSED] - delay(2): Delayed 2 second(s)

2019-03-22 11:17:53 - [MESSAGE][PASSED] - Delayed 2 second(s)

2019-03-22 11:17:53 - [TEST_STEP][PASSED] - sendKeys(findTestObject("Regression BackOffice/CLNK-23449/ReferralType"), Keys.chord(ARROW_DOWN, ENTER)): Keys 'DOWN + ENTER + ' sent to object: 'Object Repository/Regression BackOffice/CLNK-23449/ReferralType'

2019-03-22 11:17:53 - [MESSAGE][PASSED] - Keys 'DOWN + ENTER + ' sent to object: 'Object Repository/Regression BackOffice/CLNK-23449/ReferralType'

2019-03-22 11:17:53 - [TEST_STEP][PASSED] - delay(3): Delayed 3 second(s)

2019-03-22 11:17:56 - [MESSAGE][PASSED] - Delayed 3 second(s)

2019-03-22 11:17:56 - [TEST_STEP][PASSED] - waitForElementPresent(findTestObject("Regression BackOffice/CLNK-23449/ReferralSourcePerson"), 50): Object 'Object Repository/Regression BackOffice/CLNK-23449/ReferralSourcePerson' is present

2019-03-22 11:17:56 - [MESSAGE][PASSED] - Object 'Object Repository/Regression BackOffice/CLNK-23449/ReferralSourcePerson' is present

2019-03-22 11:17:56 - [TEST_STEP][PASSED] - setText(findTestObject("Regression BackOffice/CLNK-23449/ReferralSourcePerson"), G_ReferralSourcePerson): Text 'Lyudmila Kaskov' is set on object 'Object Repository/Regression BackOffice/CLNK-23449/ReferralSourcePerson'

2019-03-22 11:17:58 - [MESSAGE][PASSED] - Text 'Lyudmila Kaskov' is set on object 'Object Repository/Regression BackOffice/CLNK-23449/ReferralSourcePerson'

2019-03-22 11:17:58 - [TEST_STEP][PASSED] - delay(2): Delayed 2 second(s)

2019-03-22 11:18:00 - [MESSAGE][PASSED] - Delayed 2 second(s)

2019-03-22 11:18:00 - [TEST_STEP][PASSED] - waitForElementPresent(findTestObject("Regression BackOffice/CLNK-23449/ClientFirstName"), 50): Object 'Object Repository/Regression BackOffice/CLNK-23449/ClientFirstName' is present

2019-03-22 11:18:00 - [MESSAGE][PASSED] - Object 'Object Repository/Regression BackOffice/CLNK-23449/ClientFirstName' is present

2019-03-22 11:18:00 - [TEST_STEP][PASSED] - setText(findTestObject("Regression BackOffice/CLNK-23449/ClientFirstName"), G_ClientFirstName): Text 'Miroslav' is set on object 'Object Repository/Regression BackOffice/CLNK-23449/ClientFirstName'

2019-03-22 11:18:01 - [MESSAGE][PASSED] - Text 'Miroslav' is set on object 'Object Repository/Regression BackOffice/CLNK-23449/ClientFirstName'

2019-03-22 11:18:01 - [TEST_STEP][PASSED] - delay(2): Delayed 2 second(s)

2019-03-22 11:18:03 - [MESSAGE][PASSED] - Delayed 2 second(s)

2019-03-22 11:18:03 - [TEST_STEP][PASSED] - waitForElementPresent(findTestObject("Regression BackOffice/CLNK-23449/ClientMiddle"), 50): Object 'Object Repository/Regression BackOffice/CLNK-23449/ClientMiddle' is present

2019-03-22 11:18:03 - [MESSAGE][PASSED] - Object 'Object Repository/Regression BackOffice/CLNK-23449/ClientMiddle' is present

2019-03-22 11:18:03 - [TEST_STEP][PASSED] - setText(findTestObject("Regression BackOffice/CLNK-23449/ClientMiddle"), G_ClientMiddleName): Text 'M' is set on object 'Object Repository/Regression BackOffice/CLNK-23449/ClientMiddle'

2019-03-22 11:18:04 - [MESSAGE][PASSED] - Text 'M' is set on object 'Object Repository/Regression BackOffice/CLNK-23449/ClientMiddle'

2019-03-22 11:18:04 - [TEST_STEP][PASSED] - delay(2): Delayed 2 second(s)

2019-03-22 11:18:06 - [MESSAGE][PASSED] - Delayed 2 second(s)

2019-03-22 11:18:06 - [TEST_STEP][PASSED] - waitForElementPresent(findTestObject("Regression BackOffice/CLNK-23449/ClientLastName"), 50): Object 'Object Repository/Regression BackOffice/CLNK-23449/ClientLastName' is present

2019-03-22 11:18:06 - [MESSAGE][PASSED] - Object 'Object Repository/Regression BackOffice/CLNK-23449/ClientLastName' is present

2019-03-22 11:18:06 - [TEST_STEP][PASSED] - setText(findTestObject("Regression BackOffice/CLNK-23449/ClientLastName"), G_ClientLastName): Text 'Klose' is set on object 'Object Repository/Regression BackOffice/CLNK-23449/ClientLastName'

2019-03-22 11:18:07 - [MESSAGE][PASSED] - Text 'Klose' is set on object 'Object Repository/Regression BackOffice/CLNK-23449/ClientLastName'

2019-03-22 11:18:07 - [TEST_STEP][PASSED] - delay(2): Delayed 2 second(s)

2019-03-22 11:18:09 - [MESSAGE][PASSED] - Delayed 2 second(s)

2019-03-22 11:18:09 - [TEST_STEP][PASSED] - waitForElementPresent(findTestObject("Regression BackOffice/CLNK-23449/FollowUpCallBack"), 50): Object 'Object Repository/Regression BackOffice/CLNK-23449/FollowUpCallBack' is present

2019-03-22 11:18:09 - [MESSAGE][PASSED] - Object 'Object Repository/Regression BackOffice/CLNK-23449/FollowUpCallBack' is present

2019-03-22 11:18:09 - [TEST_STEP][PASSED] - setText(findTestObject("Regression BackOffice/CLNK-23449/FollowUpCallBack"), "3"): Text '3' is set on object 'Object Repository/Regression BackOffice/CLNK-23449/FollowUpCallBack'

2019-03-22 11:18:09 - [MESSAGE][PASSED] - Text '3' is set on object 'Object Repository/Regression BackOffice/CLNK-23449/FollowUpCallBack'

2019-03-22 11:18:09 - [TEST_STEP][PASSED] - delay(2): Delayed 2 second(s)

2019-03-22 11:18:11 - [MESSAGE][PASSED] - Delayed 2 second(s)

2019-03-22 11:18:11 - [TEST_STEP][PASSED] - waitForElementPresent(findTestObject("Regression BackOffice/CLNK-23449/PhysicianName"), 50): Object 'Object Repository/Regression BackOffice/CLNK-23449/PhysicianName' is present

2019-03-22 11:18:11 - [MESSAGE][PASSED] - Object 'Object Repository/Regression BackOffice/CLNK-23449/PhysicianName' is present

2019-03-22 11:18:11 - [TEST_STEP][PASSED] - click(findTestObject("Regression BackOffice/CLNK-23449/PhysicianName")): Object: 'Object Repository/Regression BackOffice/CLNK-23449/PhysicianName' is clicked on

2019-03-22 11:18:11 - [MESSAGE][PASSED] - Object: 'Object Repository/Regression BackOffice/CLNK-23449/PhysicianName' is clicked on

2019-03-22 11:18:11 - [TEST_STEP][PASSED] - delay(2): Delayed 2 second(s)

2019-03-22 11:18:13 - [MESSAGE][PASSED] - Delayed 2 second(s)

2019-03-22 11:18:13 - [TEST_STEP][PASSED] - setText(findTestObject("Regression BackOffice/CLNK-23449/PhysicianName"), G_PhisicanName): Text 'Black' is set on object 'Object Repository/Regression BackOffice/CLNK-23449/PhysicianName'

2019-03-22 11:18:14 - [MESSAGE][PASSED] - Text 'Black' is set on object 'Object Repository/Regression BackOffice/CLNK-23449/PhysicianName'

2019-03-22 11:18:14 - [TEST_STEP][PASSED] - delay(3): Delayed 3 second(s)

2019-03-22 11:18:17 - [MESSAGE][PASSED] - Delayed 3 second(s)

2019-03-22 11:18:17 - [TEST_STEP][PASSED] - waitForElementPresent(findTestObject("Regression BackOffice/CLNK-23449/li_Black Larry"), 50): Object 'Object Repository/Regression BackOffice/CLNK-23449/li_Black Larry' is present

2019-03-22 11:18:17 - [MESSAGE][PASSED] - Object 'Object Repository/Regression BackOffice/CLNK-23449/li_Black Larry' is present

2019-03-22 11:18:17 - [TEST_STEP][PASSED] - click(findTestObject("Regression BackOffice/CLNK-23449/li_Black Larry")): Object: 'Object Repository/Regression BackOffice/CLNK-23449/li_Black Larry' is clicked on

2019-03-22 11:18:17 - [MESSAGE][PASSED] - Object: 'Object Repository/Regression BackOffice/CLNK-23449/li_Black Larry' is clicked on

2019-03-22 11:18:17 - [TEST_STEP][PASSED] - delay(2): Delayed 2 second(s)

2019-03-22 11:18:19 - [MESSAGE][PASSED] - Delayed 2 second(s)

2019-03-22 11:18:19 - [TEST_STEP][PASSED] - waitForElementPresent(findTestObject("Regression BackOffice/CLNK-23449/SaveButton"), 50): Object 'Object Repository/Regression BackOffice/CLNK-23449/SaveButton' is present

2019-03-22 11:18:19 - [MESSAGE][PASSED] - Object 'Object Repository/Regression BackOffice/CLNK-23449/SaveButton' is present

2019-03-22 11:18:19 - [TEST_STEP][PASSED] - click(findTestObject("Regression BackOffice/CLNK-23449/SaveButton"), STOP_ON_FAILURE): Object: 'Object Repository/Regression BackOffice/CLNK-23449/SaveButton' is clicked on

2019-03-22 11:18:20 - [MESSAGE][PASSED] - Object: 'Object Repository/Regression BackOffice/CLNK-23449/SaveButton' is clicked on

2019-03-22 11:18:20 - [TEST_STEP][PASSED] - delay(2): Delayed 2 second(s)

2019-03-22 11:18:22 - [MESSAGE][PASSED] - Delayed 2 second(s)

2019-03-22 11:18:22 - [TEST_STEP][PASSED] - waitForElementPresent(findTestObject("Regression BackOffice/CLNK-23449/CloseButton"), 50): Object 'Object Repository/Regression BackOffice/CLNK-23449/CloseButton' is present

2019-03-22 11:18:22 - [MESSAGE][PASSED] - Object 'Object Repository/Regression BackOffice/CLNK-23449/CloseButton' is present

2019-03-22 11:18:22 - [TEST_STEP][PASSED] - click(findTestObject("Regression BackOffice/CLNK-23449/CloseButton"), STOP_ON_FAILURE): Object: 'Object Repository/Regression BackOffice/CLNK-23449/CloseButton' is clicked on

2019-03-22 11:18:24 - [MESSAGE][PASSED] - Object: 'Object Repository/Regression BackOffice/CLNK-23449/CloseButton' is clicked on

2019-03-22 11:18:24 - [TEST_STEP][PASSED] - delay(2): Delayed 2 second(s)

2019-03-22 11:18:26 - [MESSAGE][PASSED] - Delayed 2 second(s)

2019-03-22 11:18:26 - [TEST_STEP][PASSED] - switchToDefaultContent(): null]]></system-out>
         <system-err><![CDATA[]]></system-err>
      </testcase>
      <testcase name="Test Cases/Regression BackOffice (All Browsers)/CLNK-23450 - Back office Quick Intake Wizard Demographics" classname="Test Cases/Regression BackOffice (All Browsers)/CLNK-23450 - Back office Quick Intake Wizard Demographics" status="PASSED">
         <system-out><![CDATA[2019-03-22 11:18:28 - [TEST_CASE][PASSED] - Test Cases/Regression BackOffice (All Browsers)/CLNK-23450 - Back office Quick Intake Wizard Demographics: Test Cases/Regression BackOffice (All Browsers)/CLNK-23450 - Back office Quick Intake Wizard Demographics

2019-03-22 11:18:29 - [TEST_STEP][PASSED] - callTestCase(findTestCase("Regression BackOffice (All Browsers)/CLNK-23439 - Clink - Back office Client"), [:], STOP_ON_FAILURE): Call Test Case 'Test Cases/Regression BackOffice (All Browsers)/CLNK-23439 - Clink - Back office Client' successfully

2019-03-22 11:18:29 - [TEST_CASE][PASSED] - Test Cases/Regression BackOffice (All Browsers)/CLNK-23439 - Clink - Back office Client: Test Cases/Regression BackOffice (All Browsers)/CLNK-23439 - Clink - Back office Client

2019-03-22 11:18:29 - [TEST_STEP][PASSED] - openBrowser(G_SiteBackOffice): Browser is opened with url: 'http://qanewpoc.continulink.com:81/backoffice/Login.aspx'

2019-03-22 11:18:29 - [MESSAGE][WARNING] - A browser is already opened. Closing browser and opening a new one

2019-03-22 11:18:30 - [MESSAGE][INFO] - Starting 'Chrome' driver

2019-03-22 11:18:38 - [MESSAGE][PASSED] - Browser is opened with url: 'http://qanewpoc.continulink.com:81/backoffice/Login.aspx'

2019-03-22 11:18:38 - [TEST_STEP][PASSED] - waitForPageLoad(60): Wait for page load successfully

2019-03-22 11:18:38 - [MESSAGE][PASSED] - Wait for page load successfully

2019-03-22 11:18:38 - [TEST_STEP][PASSED] - maximizeWindow(): Current window maximized

2019-03-22 11:18:40 - [MESSAGE][PASSED] - Current window maximized

2019-03-22 11:18:40 - [TEST_STEP][PASSED] - setText(findTestObject("Regression BackOffice/Login/UserBackOffice"), G_UserBackOffice): Text 'demo' is set on object 'Object Repository/Regression BackOffice/Login/UserBackOffice'

2019-03-22 11:18:40 - [MESSAGE][PASSED] - Text 'demo' is set on object 'Object Repository/Regression BackOffice/Login/UserBackOffice'

2019-03-22 11:18:40 - [TEST_STEP][PASSED] - setText(findTestObject("Regression BackOffice/Login/PasswordBackOffice"), G_PasswordBackOffice): Text 'qwerty' is set on object 'Object Repository/Regression BackOffice/Login/PasswordBackOffice'

2019-03-22 11:18:41 - [MESSAGE][PASSED] - Text 'qwerty' is set on object 'Object Repository/Regression BackOffice/Login/PasswordBackOffice'

2019-03-22 11:18:41 - [TEST_STEP][PASSED] - click(findTestObject("Regression BackOffice/Login/LoginBackOffice")): Object: 'Object Repository/Regression BackOffice/Login/LoginBackOffice' is clicked on

2019-03-22 11:18:47 - [MESSAGE][PASSED] - Object: 'Object Repository/Regression BackOffice/Login/LoginBackOffice' is clicked on

2019-03-22 11:18:47 - [TEST_STEP][PASSED] - waitForPageLoad(60): Wait for page load successfully

2019-03-22 11:18:47 - [MESSAGE][PASSED] - Wait for page load successfully

2019-03-22 11:18:47 - [TEST_STEP][PASSED] - delay(3): Delayed 3 second(s)

2019-03-22 11:18:50 - [MESSAGE][PASSED] - Delayed 3 second(s)

2019-03-22 11:18:50 - [TEST_STEP][PASSED] - switchToFrame(findTestObject("Regression BackOffice/CLNK-23449/FrameLeft"), 5): null

2019-03-22 11:18:51 - [TEST_STEP][PASSED] - waitForElementPresent(findTestObject("Regression BackOffice/CLNK-23449/ClienIntakeICon"), 60): Object 'Object Repository/Regression BackOffice/CLNK-23449/ClienIntakeICon' is present

2019-03-22 11:18:51 - [MESSAGE][PASSED] - Object 'Object Repository/Regression BackOffice/CLNK-23449/ClienIntakeICon' is present

2019-03-22 11:18:51 - [TEST_STEP][PASSED] - verifyElementPresent(findTestObject("Regression BackOffice/CLNK-23449/ClienIntakeICon"), 100): Object 'Object Repository/Regression BackOffice/CLNK-23449/ClienIntakeICon' is present

2019-03-22 11:18:51 - [MESSAGE][PASSED] - Object 'Object Repository/Regression BackOffice/CLNK-23449/ClienIntakeICon' is present

2019-03-22 11:18:51 - [TEST_STEP][PASSED] - switchToDefaultContent(): null

2019-03-22 11:18:51 - [MESSAGE][PASSED] - Call Test Case 'Test Cases/Regression BackOffice (All Browsers)/CLNK-23439 - Clink - Back office Client' successfully

2019-03-22 11:18:51 - [TEST_STEP][PASSED] - waitForPageLoad(60): Wait for page load successfully

2019-03-22 11:18:51 - [MESSAGE][PASSED] - Wait for page load successfully

2019-03-22 11:18:51 - [TEST_STEP][PASSED] - delay(3): Delayed 3 second(s)

2019-03-22 11:18:54 - [MESSAGE][PASSED] - Delayed 3 second(s)

2019-03-22 11:18:54 - [TEST_STEP][PASSED] - switchToFrame(findTestObject("Regression BackOffice/CLNK-23449/FrameLeft"), 30): null

2019-03-22 11:18:54 - [TEST_STEP][PASSED] - waitForElementPresent(findTestObject("Regression BackOffice/CLINK-23450/ClientIntakeLink"), 100): Object 'Object Repository/Regression BackOffice/CLINK-23450/ClientIntakeLink' is present

2019-03-22 11:18:54 - [MESSAGE][PASSED] - Object 'Object Repository/Regression BackOffice/CLINK-23450/ClientIntakeLink' is present

2019-03-22 11:18:54 - [TEST_STEP][PASSED] - click(findTestObject("Regression BackOffice/CLINK-23450/ClientIntakeLink")): Object: 'Object Repository/Regression BackOffice/CLINK-23450/ClientIntakeLink' is clicked on

2019-03-22 11:18:54 - [MESSAGE][PASSED] - Object: 'Object Repository/Regression BackOffice/CLINK-23450/ClientIntakeLink' is clicked on

2019-03-22 11:18:54 - [TEST_STEP][PASSED] - delay(2): Delayed 2 second(s)

2019-03-22 11:18:56 - [MESSAGE][PASSED] - Delayed 2 second(s)

2019-03-22 11:18:56 - [TEST_STEP][PASSED] - waitForPageLoad(50): Wait for page load successfully

2019-03-22 11:18:56 - [MESSAGE][PASSED] - Wait for page load successfully

2019-03-22 11:18:56 - [TEST_STEP][PASSED] - waitForElementPresent(findTestObject("Regression BackOffice/CLINK-23450/Client Demographics"), 50): Object 'Object Repository/Regression BackOffice/CLINK-23450/Client Demographics' is present

2019-03-22 11:18:57 - [MESSAGE][PASSED] - Object 'Object Repository/Regression BackOffice/CLINK-23450/Client Demographics' is present

2019-03-22 11:18:57 - [TEST_STEP][PASSED] - click(findTestObject("Regression BackOffice/CLINK-23450/Client Demographics")): Object: 'Object Repository/Regression BackOffice/CLINK-23450/Client Demographics' is clicked on

2019-03-22 11:18:59 - [MESSAGE][PASSED] - Object: 'Object Repository/Regression BackOffice/CLINK-23450/Client Demographics' is clicked on

2019-03-22 11:18:59 - [TEST_STEP][PASSED] - delay(2): Delayed 2 second(s)

2019-03-22 11:19:01 - [MESSAGE][PASSED] - Delayed 2 second(s)

2019-03-22 11:19:01 - [TEST_STEP][PASSED] - switchToDefaultContent(): null

2019-03-22 11:19:01 - [TEST_STEP][PASSED] - switchToFrame(findTestObject("Regression BackOffice/CLNK-23449/FrameMain"), 30): null

2019-03-22 11:19:01 - [TEST_STEP][PASSED] - waitForElementPresent(findTestObject("Regression BackOffice/CLNK-10235/FirstNameSearch"), 50): Object 'Object Repository/Regression BackOffice/CLNK-10235/FirstNameSearch' is present

2019-03-22 11:19:01 - [MESSAGE][PASSED] - Object 'Object Repository/Regression BackOffice/CLNK-10235/FirstNameSearch' is present

2019-03-22 11:19:01 - [TEST_STEP][PASSED] - setText(findTestObject("Regression BackOffice/CLNK-10235/FirstNameSearch"), G_23450Name): Text 'Auth' is set on object 'Object Repository/Regression BackOffice/CLNK-10235/FirstNameSearch'

2019-03-22 11:19:01 - [MESSAGE][PASSED] - Text 'Auth' is set on object 'Object Repository/Regression BackOffice/CLNK-10235/FirstNameSearch'

2019-03-22 11:19:01 - [TEST_STEP][PASSED] - delay(2): Delayed 2 second(s)

2019-03-22 11:19:03 - [MESSAGE][PASSED] - Delayed 2 second(s)

2019-03-22 11:19:03 - [TEST_STEP][PASSED] - waitForElementPresent(findTestObject("Regression BackOffice/CLINK-23450/LastNameDemo"), 50): Object 'Object Repository/Regression BackOffice/CLINK-23450/LastNameDemo' is present

2019-03-22 11:19:04 - [MESSAGE][PASSED] - Object 'Object Repository/Regression BackOffice/CLINK-23450/LastNameDemo' is present

2019-03-22 11:19:04 - [TEST_STEP][PASSED] - setText(findTestObject("Regression BackOffice/CLINK-23450/LastNameDemo"), G_23450Last): Text 'Test' is set on object 'Object Repository/Regression BackOffice/CLINK-23450/LastNameDemo'

2019-03-22 11:19:04 - [MESSAGE][PASSED] - Text 'Test' is set on object 'Object Repository/Regression BackOffice/CLINK-23450/LastNameDemo'

2019-03-22 11:19:04 - [TEST_STEP][PASSED] - delay(2): Delayed 2 second(s)

2019-03-22 11:19:06 - [MESSAGE][PASSED] - Delayed 2 second(s)

2019-03-22 11:19:06 - [TEST_STEP][PASSED] - waitForElementPresent(findTestObject("Regression BackOffice/CLINK-23450/btnSearch"), 50): Object 'Object Repository/Regression BackOffice/CLINK-23450/btnSearch' is present

2019-03-22 11:19:06 - [MESSAGE][PASSED] - Object 'Object Repository/Regression BackOffice/CLINK-23450/btnSearch' is present

2019-03-22 11:19:06 - [TEST_STEP][PASSED] - click(findTestObject("Regression BackOffice/CLINK-23450/btnSearch"), STOP_ON_FAILURE): Object: 'Object Repository/Regression BackOffice/CLINK-23450/btnSearch' is clicked on

2019-03-22 11:19:08 - [MESSAGE][PASSED] - Object: 'Object Repository/Regression BackOffice/CLINK-23450/btnSearch' is clicked on

2019-03-22 11:19:08 - [TEST_STEP][PASSED] - delay(2): Delayed 2 second(s)

2019-03-22 11:19:10 - [MESSAGE][PASSED] - Delayed 2 second(s)

2019-03-22 11:19:10 - [TEST_STEP][PASSED] - waitForElementPresent(findTestObject("Regression BackOffice/CLINK-23450/ClientLinkDemo"), 50): Object 'Object Repository/Regression BackOffice/CLINK-23450/ClientLinkDemo' is present

2019-03-22 11:19:10 - [MESSAGE][PASSED] - Object 'Object Repository/Regression BackOffice/CLINK-23450/ClientLinkDemo' is present

2019-03-22 11:19:10 - [TEST_STEP][PASSED] - click(findTestObject("Regression BackOffice/CLINK-23450/ClientLinkDemo"), STOP_ON_FAILURE): Object: 'Object Repository/Regression BackOffice/CLINK-23450/ClientLinkDemo' is clicked on

2019-03-22 11:19:13 - [MESSAGE][PASSED] - Object: 'Object Repository/Regression BackOffice/CLINK-23450/ClientLinkDemo' is clicked on

2019-03-22 11:19:13 - [TEST_STEP][PASSED] - delay(2): Delayed 2 second(s)

2019-03-22 11:19:15 - [MESSAGE][PASSED] - Delayed 2 second(s)

2019-03-22 11:19:15 - [TEST_STEP][PASSED] - waitForElementPresent(findTestObject("Regression BackOffice/CLINK-23450/ClientNotes"), 50): Object 'Object Repository/Regression BackOffice/CLINK-23450/ClientNotes' is present

2019-03-22 11:19:15 - [MESSAGE][PASSED] - Object 'Object Repository/Regression BackOffice/CLINK-23450/ClientNotes' is present

2019-03-22 11:19:15 - [TEST_STEP][PASSED] - setText(findTestObject("Regression BackOffice/CLINK-23450/ClientNotes"), "Client Notes"): Text 'Client Notes' is set on object 'Object Repository/Regression BackOffice/CLINK-23450/ClientNotes'

2019-03-22 11:19:15 - [MESSAGE][PASSED] - Text 'Client Notes' is set on object 'Object Repository/Regression BackOffice/CLINK-23450/ClientNotes'

2019-03-22 11:19:15 - [TEST_STEP][PASSED] - delay(2): Delayed 2 second(s)

2019-03-22 11:19:17 - [MESSAGE][PASSED] - Delayed 2 second(s)

2019-03-22 11:19:17 - [TEST_STEP][PASSED] - waitForElementPresent(findTestObject("Regression BackOffice/CLINK-23450/Email"), 50): Object 'Object Repository/Regression BackOffice/CLINK-23450/Email' is present

2019-03-22 11:19:17 - [MESSAGE][PASSED] - Object 'Object Repository/Regression BackOffice/CLINK-23450/Email' is present

2019-03-22 11:19:17 - [TEST_STEP][PASSED] - setText(findTestObject("Regression BackOffice/CLINK-23450/Email"), "isaac.malamud@gmail.com"): Text 'isaac.malamud@gmail.com' is set on object 'Object Repository/Regression BackOffice/CLINK-23450/Email'

2019-03-22 11:19:20 - [MESSAGE][PASSED] - Text 'isaac.malamud@gmail.com' is set on object 'Object Repository/Regression BackOffice/CLINK-23450/Email'

2019-03-22 11:19:20 - [TEST_STEP][PASSED] - delay(2): Delayed 2 second(s)

2019-03-22 11:19:22 - [MESSAGE][PASSED] - Delayed 2 second(s)

2019-03-22 11:19:22 - [TEST_STEP][PASSED] - waitForElementPresent(findTestObject("Regression BackOffice/CLINK-23450/MiddleName"), 50): Object 'Object Repository/Regression BackOffice/CLINK-23450/MiddleName' is present

2019-03-22 11:19:22 - [MESSAGE][WARNING] - Test object with id 'Object Repository/Regression BackOffice/CLINK-23450/Page_InterLink/frame_Capture object_FrameMain' does not exist

2019-03-22 11:19:22 - [MESSAGE][PASSED] - Object 'Object Repository/Regression BackOffice/CLINK-23450/MiddleName' is present

2019-03-22 11:19:22 - [TEST_STEP][PASSED] - setText(findTestObject("Regression BackOffice/CLINK-23450/MiddleName"), "M"): Text 'M' is set on object 'Object Repository/Regression BackOffice/CLINK-23450/MiddleName'

2019-03-22 11:19:22 - [MESSAGE][WARNING] - Test object with id 'Object Repository/Regression BackOffice/CLINK-23450/Page_InterLink/frame_Capture object_FrameMain' does not exist

2019-03-22 11:19:22 - [MESSAGE][PASSED] - Text 'M' is set on object 'Object Repository/Regression BackOffice/CLINK-23450/MiddleName'

2019-03-22 11:19:22 - [TEST_STEP][PASSED] - delay(2): Delayed 2 second(s)

2019-03-22 11:19:24 - [MESSAGE][PASSED] - Delayed 2 second(s)

2019-03-22 11:19:24 - [TEST_STEP][PASSED] - waitForElementPresent(findTestObject("Regression BackOffice/CLINK-23450/Suffix"), 50): Object 'Object Repository/Regression BackOffice/CLINK-23450/Suffix' is present

2019-03-22 11:19:24 - [MESSAGE][WARNING] - Test object with id 'Object Repository/Regression BackOffice/CLINK-23450/Page_InterLink/frame_Capture object_FrameMain' does not exist

2019-03-22 11:19:24 - [MESSAGE][PASSED] - Object 'Object Repository/Regression BackOffice/CLINK-23450/Suffix' is present

2019-03-22 11:19:24 - [TEST_STEP][PASSED] - setText(findTestObject("Regression BackOffice/CLINK-23450/Suffix"), "Sr"): Text 'Sr' is set on object 'Object Repository/Regression BackOffice/CLINK-23450/Suffix'

2019-03-22 11:19:24 - [MESSAGE][WARNING] - Test object with id 'Object Repository/Regression BackOffice/CLINK-23450/Page_InterLink/frame_Capture object_FrameMain' does not exist

2019-03-22 11:19:25 - [MESSAGE][PASSED] - Text 'Sr' is set on object 'Object Repository/Regression BackOffice/CLINK-23450/Suffix'

2019-03-22 11:19:25 - [TEST_STEP][PASSED] - delay(2): Delayed 2 second(s)

2019-03-22 11:19:27 - [MESSAGE][PASSED] - Delayed 2 second(s)

2019-03-22 11:19:27 - [TEST_STEP][PASSED] - switchToDefaultContent(): null

2019-03-22 11:19:27 - [TEST_STEP][PASSED] - switchToFrame(findTestObject("Regression BackOffice/CLINK-23444/BannerFrameAtt"), 30): null

2019-03-22 11:19:27 - [TEST_STEP][PASSED] - waitForElementPresent(findTestObject("Regression BackOffice/CLINK-23450/btnSaveDemo"), 50): Object 'Object Repository/Regression BackOffice/CLINK-23450/btnSaveDemo' is present

2019-03-22 11:19:27 - [MESSAGE][PASSED] - Object 'Object Repository/Regression BackOffice/CLINK-23450/btnSaveDemo' is present

2019-03-22 11:19:27 - [TEST_STEP][PASSED] - click(findTestObject("Regression BackOffice/CLINK-23450/btnSaveDemo")): Object: 'Object Repository/Regression BackOffice/CLINK-23450/btnSaveDemo' is clicked on

2019-03-22 11:19:33 - [MESSAGE][PASSED] - Object: 'Object Repository/Regression BackOffice/CLINK-23450/btnSaveDemo' is clicked on

2019-03-22 11:19:33 - [TEST_STEP][PASSED] - delay(2): Delayed 2 second(s)

2019-03-22 11:19:35 - [MESSAGE][PASSED] - Delayed 2 second(s)]]></system-out>
         <system-err><![CDATA[]]></system-err>
      </testcase>
      <system-out><![CDATA[2019-03-22 10:58:55 - [TEST_SUITE][PASSED] - Regression BackOffice: Test Cases/Regression BackOffice (All Browsers)/CLNK-23450 - Back office Quick Intake Wizard Demographics]]></system-out>
      <system-err><![CDATA[]]></system-err>
   </testsuite>
</testsuites>
