<?xml version="1.0" encoding="UTF-8"?>
<testsuites name="Regression Caregiver" time="1111" tests="8" failures="1" errors="0">
   <testsuite name="Regression Caregiver" tests="8" failures="1" errors="0" time="1111" timestamp="2019-06-24 13:20:27" hostname="isaac - DESKTOP-RO0FF5F" id="Test Suites/Regression BackOffice/Regression Caregiver">
      <properties>
         <property name="deviceName" value=""/>
         <property name="devicePlatform" value=""/>
         <property name="logFolder" value="C:\\Users\\isaac\\Katalon Studio\\Continulink\\Reports\\Regression BackOffice\\Regression Caregiver\\20190624_132011"/>
         <property name="logFiles" value="C:\\Users\\isaac\\Katalon Studio\\Continulink\\Reports\\Regression BackOffice\\Regression Caregiver\\20190624_132011\\execution0.log"/>
         <property name="attachments" value=""/>
         <property name="hostName" value="isaac - DESKTOP-RO0FF5F"/>
         <property name="os" value="Windows 10 64bit"/>
         <property name="katalonVersion" value="6.0.5.4"/>
         <property name="browser" value="Chrome 75.0.3770.100"/>
         <property name="hostAddress" value="192.168.0.117"/>
         <property name="sessionId" value="9474b34584558da634d8bdb292770f8b"/>
         <property name="seleniumVersion" value="3.7.1"/>
         <property name="proxyInformation" value="ProxyInformation{proxyOption=NO_PROXY, proxyServerType=HTTP, password=, proxyServerAddress=, proxyServerPort=0}"/>
         <property name="platform" value="Windows 10"/>
      </properties>
      <testcase name="Test Cases/Regression BackOffice (All Browsers)/CLNK-28718 - BO - Full Caregiver creation" classname="Test Cases/Regression BackOffice (All Browsers)/CLNK-28718 - BO - Full Caregiver creation" status="PASSED">
         <system-out><![CDATA[2019-06-24 13:20:29 - [TEST_CASE][PASSED] - Test Cases/Regression BackOffice (All Browsers)/CLNK-28718 - BO - Full Caregiver creation: Test Cases/Regression BackOffice (All Browsers)/CLNK-28718 - BO - Full Caregiver creation

2019-06-24 13:20:34 - [TEST_STEP][PASSED] - callTestCase(findTestCase("Regression BackOffice (All Browsers)/CLNK-23439 - Clink - Back office Client"), [:], STOP_ON_FAILURE): Call Test Case 'Test Cases/Regression BackOffice (All Browsers)/CLNK-23439 - Clink - Back office Client' successfully

2019-06-24 13:20:35 - [TEST_CASE][PASSED] - Test Cases/Regression BackOffice (All Browsers)/CLNK-23439 - Clink - Back office Client: Test Cases/Regression BackOffice (All Browsers)/CLNK-23439 - Clink - Back office Client

2019-06-24 13:20:37 - [TEST_STEP][PASSED] - openBrowser(G_SiteBackOffice): Browser is opened with url: 'http://qanewpoc.continulink.com:81/backoffice/Login.aspx'

2019-06-24 13:20:44 - [MESSAGE][INFO] - Starting 'Chrome' driver

2019-06-24 13:20:44 - [MESSAGE][INFO] - Action delay is set to 0 seconds

2019-06-24 13:21:06 - [MESSAGE][PASSED] - Browser is opened with url: 'http://qanewpoc.continulink.com:81/backoffice/Login.aspx'

2019-06-24 13:21:06 - [TEST_STEP][PASSED] - waitForPageLoad(60): Wait for page load successfully

2019-06-24 13:21:07 - [MESSAGE][PASSED] - Wait for page load successfully

2019-06-24 13:21:07 - [TEST_STEP][PASSED] - maximizeWindow(): Current window maximized

2019-06-24 13:21:08 - [MESSAGE][PASSED] - Current window maximized

2019-06-24 13:21:08 - [TEST_STEP][PASSED] - setText(findTestObject("Regression BackOffice/Login/UserBackOffice"), G_UserBackOffice): Text 'demo' is set on object 'Object Repository/Regression BackOffice/Login/UserBackOffice'

2019-06-24 13:21:10 - [MESSAGE][PASSED] - Text 'demo' is set on object 'Object Repository/Regression BackOffice/Login/UserBackOffice'

2019-06-24 13:21:10 - [TEST_STEP][PASSED] - setText(findTestObject("Regression BackOffice/Login/PasswordBackOffice"), G_PasswordBackOffice): Text 'qwerty' is set on object 'Object Repository/Regression BackOffice/Login/PasswordBackOffice'

2019-06-24 13:21:11 - [MESSAGE][PASSED] - Text 'qwerty' is set on object 'Object Repository/Regression BackOffice/Login/PasswordBackOffice'

2019-06-24 13:21:11 - [TEST_STEP][PASSED] - click(findTestObject("Regression BackOffice/Login/LoginBackOffice")): Object: 'Object Repository/Regression BackOffice/Login/LoginBackOffice' is clicked on

2019-06-24 13:21:20 - [MESSAGE][PASSED] - Object: 'Object Repository/Regression BackOffice/Login/LoginBackOffice' is clicked on

2019-06-24 13:21:20 - [TEST_STEP][PASSED] - waitForPageLoad(60): Wait for page load successfully

2019-06-24 13:21:20 - [MESSAGE][PASSED] - Wait for page load successfully

2019-06-24 13:21:20 - [TEST_STEP][PASSED] - delay(3): Delayed 3 second(s)

2019-06-24 13:21:23 - [MESSAGE][PASSED] - Delayed 3 second(s)

2019-06-24 13:21:23 - [TEST_STEP][PASSED] - switchToFrame(findTestObject("Regression BackOffice/CLNK-23449/FrameLeft"), 5): null

2019-06-24 13:21:24 - [TEST_STEP][PASSED] - waitForElementPresent(findTestObject("Regression BackOffice/CLNK-23449/ClienIntakeICon"), 60): Object 'Object Repository/Regression BackOffice/CLNK-23449/ClienIntakeICon' is present

2019-06-24 13:21:24 - [MESSAGE][PASSED] - Object 'Object Repository/Regression BackOffice/CLNK-23449/ClienIntakeICon' is present

2019-06-24 13:21:24 - [TEST_STEP][PASSED] - verifyElementPresent(findTestObject("Regression BackOffice/CLNK-23449/ClienIntakeICon"), 100): Object 'Object Repository/Regression BackOffice/CLNK-23449/ClienIntakeICon' is present

2019-06-24 13:21:25 - [MESSAGE][PASSED] - Object 'Object Repository/Regression BackOffice/CLNK-23449/ClienIntakeICon' is present

2019-06-24 13:21:25 - [TEST_STEP][PASSED] - switchToDefaultContent(): null

2019-06-24 13:21:25 - [MESSAGE][PASSED] - Call Test Case 'Test Cases/Regression BackOffice (All Browsers)/CLNK-23439 - Clink - Back office Client' successfully

2019-06-24 13:21:25 - [TEST_STEP][PASSED] - waitForPageLoad(60): Wait for page load successfully

2019-06-24 13:21:25 - [MESSAGE][PASSED] - Wait for page load successfully

2019-06-24 13:21:25 - [TEST_STEP][PASSED] - delay(3): Delayed 3 second(s)

2019-06-24 13:21:28 - [MESSAGE][PASSED] - Delayed 3 second(s)

2019-06-24 13:21:28 - [TEST_STEP][PASSED] - switchToFrame(findTestObject("Regression BackOffice/CLNK-23449/FrameLeft"), 30): null

2019-06-24 13:21:29 - [TEST_STEP][PASSED] - waitForElementPresent(findTestObject("Regression BackOffice/CLNK-23441/Caregiver  HRLink"), 100): Object 'Object Repository/Regression BackOffice/CLNK-23441/Caregiver  HRLink' is present

2019-06-24 13:21:29 - [MESSAGE][PASSED] - Object 'Object Repository/Regression BackOffice/CLNK-23441/Caregiver  HRLink' is present

2019-06-24 13:21:29 - [TEST_STEP][PASSED] - click(findTestObject("Regression BackOffice/CLNK-23441/Caregiver  HRLink")): Object: 'Object Repository/Regression BackOffice/CLNK-23441/Caregiver  HRLink' is clicked on

2019-06-24 13:21:30 - [MESSAGE][PASSED] - Object: 'Object Repository/Regression BackOffice/CLNK-23441/Caregiver  HRLink' is clicked on

2019-06-24 13:21:30 - [TEST_STEP][PASSED] - delay(2): Delayed 2 second(s)

2019-06-24 13:21:32 - [MESSAGE][PASSED] - Delayed 2 second(s)

2019-06-24 13:21:32 - [TEST_STEP][PASSED] - waitForPageLoad(50): Wait for page load successfully

2019-06-24 13:21:33 - [MESSAGE][PASSED] - Wait for page load successfully

2019-06-24 13:21:33 - [TEST_STEP][PASSED] - waitForElementPresent(findTestObject("Regression BackOffice/CLINK - 28718/Caregiver Search"), 100): Object 'Object Repository/Regression BackOffice/CLINK - 28718/Caregiver Search' is present

2019-06-24 13:21:33 - [MESSAGE][PASSED] - Object 'Object Repository/Regression BackOffice/CLINK - 28718/Caregiver Search' is present

2019-06-24 13:21:33 - [TEST_STEP][PASSED] - click(findTestObject("Regression BackOffice/CLINK - 28718/Caregiver Search")): Object: 'Object Repository/Regression BackOffice/CLINK - 28718/Caregiver Search' is clicked on

2019-06-24 13:21:36 - [MESSAGE][PASSED] - Object: 'Object Repository/Regression BackOffice/CLINK - 28718/Caregiver Search' is clicked on

2019-06-24 13:21:36 - [TEST_STEP][PASSED] - delay(2): Delayed 2 second(s)

2019-06-24 13:21:38 - [MESSAGE][PASSED] - Delayed 2 second(s)

2019-06-24 13:21:38 - [TEST_STEP][PASSED] - waitForPageLoad(60): Wait for page load successfully

2019-06-24 13:21:38 - [MESSAGE][PASSED] - Wait for page load successfully

2019-06-24 13:21:38 - [TEST_STEP][PASSED] - switchToDefaultContent(): null

2019-06-24 13:21:39 - [TEST_STEP][PASSED] - switchToFrame(findTestObject("Regression BackOffice/CLNK-23449/FrameMain"), 30): null

2019-06-24 13:21:39 - [TEST_STEP][PASSED] - waitForElementPresent(findTestObject("Regression BackOffice/CLINK - 28718/CaregiverFirst Name"), 50): Object 'Object Repository/Regression BackOffice/CLINK - 28718/CaregiverFirst Name' is present

2019-06-24 13:21:39 - [MESSAGE][PASSED] - Object 'Object Repository/Regression BackOffice/CLINK - 28718/CaregiverFirst Name' is present

2019-06-24 13:21:39 - [TEST_STEP][PASSED] - setText(findTestObject("Regression BackOffice/CLINK - 28718/CaregiverFirst Name"), "xxxxx"): Text 'xxxxx' is set on object 'Object Repository/Regression BackOffice/CLINK - 28718/CaregiverFirst Name'

2019-06-24 13:21:40 - [MESSAGE][PASSED] - Text 'xxxxx' is set on object 'Object Repository/Regression BackOffice/CLINK - 28718/CaregiverFirst Name'

2019-06-24 13:21:40 - [TEST_STEP][PASSED] - delay(2): Delayed 2 second(s)

2019-06-24 13:21:42 - [MESSAGE][PASSED] - Delayed 2 second(s)

2019-06-24 13:21:42 - [TEST_STEP][PASSED] - waitForElementPresent(findTestObject("Regression BackOffice/CLINK - 28718/CaregiverLast Name"), 50): Object 'Object Repository/Regression BackOffice/CLINK - 28718/CaregiverLast Name' is present

2019-06-24 13:21:42 - [MESSAGE][PASSED] - Object 'Object Repository/Regression BackOffice/CLINK - 28718/CaregiverLast Name' is present

2019-06-24 13:21:42 - [TEST_STEP][PASSED] - setText(findTestObject("Regression BackOffice/CLINK - 28718/CaregiverLast Name"), "xxxxx"): Text 'xxxxx' is set on object 'Object Repository/Regression BackOffice/CLINK - 28718/CaregiverLast Name'

2019-06-24 13:21:44 - [MESSAGE][PASSED] - Text 'xxxxx' is set on object 'Object Repository/Regression BackOffice/CLINK - 28718/CaregiverLast Name'

2019-06-24 13:21:44 - [TEST_STEP][PASSED] - delay(2): Delayed 2 second(s)

2019-06-24 13:21:46 - [MESSAGE][PASSED] - Delayed 2 second(s)

2019-06-24 13:21:46 - [TEST_STEP][PASSED] - waitForElementPresent(findTestObject("Regression BackOffice/CLINK - 28718/SSN"), 50): Object 'Object Repository/Regression BackOffice/CLINK - 28718/SSN' is present

2019-06-24 13:21:46 - [MESSAGE][PASSED] - Object 'Object Repository/Regression BackOffice/CLINK - 28718/SSN' is present

2019-06-24 13:21:46 - [TEST_STEP][PASSED] - setText(findTestObject("Regression BackOffice/CLINK - 28718/SSN"), "999999995"): Text '999999995' is set on object 'Object Repository/Regression BackOffice/CLINK - 28718/SSN'

2019-06-24 13:21:47 - [MESSAGE][PASSED] - Text '999999995' is set on object 'Object Repository/Regression BackOffice/CLINK - 28718/SSN'

2019-06-24 13:21:47 - [TEST_STEP][PASSED] - delay(2): Delayed 2 second(s)

2019-06-24 13:21:49 - [MESSAGE][PASSED] - Delayed 2 second(s)

2019-06-24 13:21:49 - [TEST_STEP][PASSED] - waitForElementPresent(findTestObject("Regression BackOffice/CLINK - 28718/CaregiverBttnSearch"), 100): Object 'Object Repository/Regression BackOffice/CLINK - 28718/CaregiverBttnSearch' is present

2019-06-24 13:21:49 - [MESSAGE][PASSED] - Object 'Object Repository/Regression BackOffice/CLINK - 28718/CaregiverBttnSearch' is present

2019-06-24 13:21:49 - [TEST_STEP][PASSED] - click(findTestObject("Regression BackOffice/CLINK - 28718/CaregiverBttnSearch")): Object: 'Object Repository/Regression BackOffice/CLINK - 28718/CaregiverBttnSearch' is clicked on

2019-06-24 13:21:52 - [MESSAGE][PASSED] - Object: 'Object Repository/Regression BackOffice/CLINK - 28718/CaregiverBttnSearch' is clicked on

2019-06-24 13:21:52 - [TEST_STEP][PASSED] - delay(2): Delayed 2 second(s)

2019-06-24 13:21:54 - [MESSAGE][PASSED] - Delayed 2 second(s)

2019-06-24 13:21:54 - [TEST_STEP][PASSED] - waitForElementPresent(findTestObject("Regression BackOffice/CLINK - 28718/Add a new Caregiver Link"), 100): Object 'Object Repository/Regression BackOffice/CLINK - 28718/Add a new Caregiver Link' is present

2019-06-24 13:21:54 - [MESSAGE][PASSED] - Object 'Object Repository/Regression BackOffice/CLINK - 28718/Add a new Caregiver Link' is present

2019-06-24 13:21:54 - [TEST_STEP][PASSED] - click(findTestObject("Regression BackOffice/CLINK - 28718/Add a new Caregiver Link")): Object: 'Object Repository/Regression BackOffice/CLINK - 28718/Add a new Caregiver Link' is clicked on

2019-06-24 13:21:59 - [MESSAGE][PASSED] - Object: 'Object Repository/Regression BackOffice/CLINK - 28718/Add a new Caregiver Link' is clicked on

2019-06-24 13:21:59 - [TEST_STEP][PASSED] - delay(2): Delayed 2 second(s)

2019-06-24 13:22:01 - [MESSAGE][PASSED] - Delayed 2 second(s)

2019-06-24 13:22:01 - [TEST_STEP][PASSED] - waitForPageLoad(50): Wait for page load successfully

2019-06-24 13:22:01 - [MESSAGE][PASSED] - Wait for page load successfully

2019-06-24 13:22:01 - [TEST_STEP][PASSED] - waitForElementPresent(findTestObject("Regression BackOffice/CLINK - 28718/General Information/CaregiverType"), 100): Object 'Object Repository/Regression BackOffice/CLINK - 28718/General Information/CaregiverType' is present

2019-06-24 13:22:02 - [MESSAGE][PASSED] - Object 'Object Repository/Regression BackOffice/CLINK - 28718/General Information/CaregiverType' is present

2019-06-24 13:22:02 - [TEST_STEP][PASSED] - click(findTestObject("Regression BackOffice/CLINK - 28718/General Information/CaregiverType")): Object: 'Object Repository/Regression BackOffice/CLINK - 28718/General Information/CaregiverType' is clicked on

2019-06-24 13:22:05 - [MESSAGE][PASSED] - Object: 'Object Repository/Regression BackOffice/CLINK - 28718/General Information/CaregiverType' is clicked on

2019-06-24 13:22:05 - [TEST_STEP][PASSED] - delay(2): Delayed 2 second(s)

2019-06-24 13:22:07 - [MESSAGE][PASSED] - Delayed 2 second(s)

2019-06-24 13:22:07 - [TEST_STEP][PASSED] - sendKeys(findTestObject("Regression BackOffice/CLINK - 28718/General Information/CaregiverType"), Keys.chord(ARROW_DOWN, ENTER)): Keys 'DOWN + ENTER + ' sent to object: 'Object Repository/Regression BackOffice/CLINK - 28718/General Information/CaregiverType'

2019-06-24 13:22:08 - [MESSAGE][PASSED] - Keys 'DOWN + ENTER + ' sent to object: 'Object Repository/Regression BackOffice/CLINK - 28718/General Information/CaregiverType'

2019-06-24 13:22:08 - [TEST_STEP][PASSED] - delay(2): Delayed 2 second(s)

2019-06-24 13:22:10 - [MESSAGE][PASSED] - Delayed 2 second(s)

2019-06-24 13:22:10 - [TEST_STEP][PASSED] - waitForElementPresent(findTestObject("Regression BackOffice/CLINK - 28718/General Information/LineOfBusiness"), 100): Object 'Object Repository/Regression BackOffice/CLINK - 28718/General Information/LineOfBusiness' is present

2019-06-24 13:22:11 - [MESSAGE][PASSED] - Object 'Object Repository/Regression BackOffice/CLINK - 28718/General Information/LineOfBusiness' is present

2019-06-24 13:22:11 - [TEST_STEP][PASSED] - click(findTestObject("Regression BackOffice/CLINK - 28718/General Information/LineOfBusiness")): Object: 'Object Repository/Regression BackOffice/CLINK - 28718/General Information/LineOfBusiness' is clicked on

2019-06-24 13:22:12 - [MESSAGE][PASSED] - Object: 'Object Repository/Regression BackOffice/CLINK - 28718/General Information/LineOfBusiness' is clicked on

2019-06-24 13:22:12 - [TEST_STEP][PASSED] - delay(2): Delayed 2 second(s)

2019-06-24 13:22:14 - [MESSAGE][PASSED] - Delayed 2 second(s)

2019-06-24 13:22:14 - [TEST_STEP][PASSED] - sendKeys(findTestObject("Regression BackOffice/CLINK - 28718/General Information/LineOfBusiness"), Keys.chord(ARROW_DOWN, ENTER)): Keys 'DOWN + ENTER + ' sent to object: 'Object Repository/Regression BackOffice/CLINK - 28718/General Information/LineOfBusiness'

2019-06-24 13:22:14 - [MESSAGE][PASSED] - Keys 'DOWN + ENTER + ' sent to object: 'Object Repository/Regression BackOffice/CLINK - 28718/General Information/LineOfBusiness'

2019-06-24 13:22:14 - [TEST_STEP][PASSED] - delay(2): Delayed 2 second(s)

2019-06-24 13:22:16 - [MESSAGE][PASSED] - Delayed 2 second(s)

2019-06-24 13:22:16 - [TEST_STEP][PASSED] - waitForElementPresent(findTestObject("Regression BackOffice/CLINK - 28718/General Information/First Name Caregiver"), 50): Object 'Object Repository/Regression BackOffice/CLINK - 28718/General Information/First Name Caregiver' is present

2019-06-24 13:22:16 - [MESSAGE][PASSED] - Object 'Object Repository/Regression BackOffice/CLINK - 28718/General Information/First Name Caregiver' is present

2019-06-24 13:22:16 - [TEST_STEP][PASSED] - setText(findTestObject("Regression BackOffice/CLINK - 28718/General Information/First Name Caregiver"), G_CaregiverFirstName): Text 'Chris' is set on object 'Object Repository/Regression BackOffice/CLINK - 28718/General Information/First Name Caregiver'

2019-06-24 13:22:17 - [MESSAGE][PASSED] - Text 'Chris' is set on object 'Object Repository/Regression BackOffice/CLINK - 28718/General Information/First Name Caregiver'

2019-06-24 13:22:18 - [TEST_STEP][PASSED] - delay(2): Delayed 2 second(s)

2019-06-24 13:22:20 - [MESSAGE][PASSED] - Delayed 2 second(s)

2019-06-24 13:22:20 - [TEST_STEP][PASSED] - waitForElementPresent(findTestObject("Regression BackOffice/CLINK - 28718/General Information/Last Name Caregiver"), 50): Object 'Object Repository/Regression BackOffice/CLINK - 28718/General Information/Last Name Caregiver' is present

2019-06-24 13:22:20 - [MESSAGE][PASSED] - Object 'Object Repository/Regression BackOffice/CLINK - 28718/General Information/Last Name Caregiver' is present

2019-06-24 13:22:20 - [TEST_STEP][PASSED] - setText(findTestObject("Regression BackOffice/CLINK - 28718/General Information/Last Name Caregiver"), G_CareGiverLastName): Text 'Review' is set on object 'Object Repository/Regression BackOffice/CLINK - 28718/General Information/Last Name Caregiver'

2019-06-24 13:22:21 - [MESSAGE][PASSED] - Text 'Review' is set on object 'Object Repository/Regression BackOffice/CLINK - 28718/General Information/Last Name Caregiver'

2019-06-24 13:22:21 - [TEST_STEP][PASSED] - delay(2): Delayed 2 second(s)

2019-06-24 13:22:23 - [MESSAGE][PASSED] - Delayed 2 second(s)

2019-06-24 13:22:23 - [TEST_STEP][PASSED] - waitForElementPresent(findTestObject("Regression BackOffice/CLINK - 28718/General Information/SSNCaregiver"), 50): Object 'Object Repository/Regression BackOffice/CLINK - 28718/General Information/SSNCaregiver' is present

2019-06-24 13:22:23 - [MESSAGE][PASSED] - Object 'Object Repository/Regression BackOffice/CLINK - 28718/General Information/SSNCaregiver' is present

2019-06-24 13:22:23 - [TEST_STEP][PASSED] - setText(findTestObject("Regression BackOffice/CLINK - 28718/General Information/SSNCaregiver"), G_CaregiverSSN): Text '535870066' is set on object 'Object Repository/Regression BackOffice/CLINK - 28718/General Information/SSNCaregiver'

2019-06-24 13:22:29 - [MESSAGE][PASSED] - Text '535870066' is set on object 'Object Repository/Regression BackOffice/CLINK - 28718/General Information/SSNCaregiver'

2019-06-24 13:22:29 - [TEST_STEP][PASSED] - delay(2): Delayed 2 second(s)

2019-06-24 13:22:31 - [MESSAGE][PASSED] - Delayed 2 second(s)

2019-06-24 13:22:31 - [TEST_STEP][PASSED] - setText(findTestObject("Regression BackOffice/CLINK - 28718/Address/Address"), "1628 NW 6 St"): Text '1628 NW 6 St' is set on object 'Object Repository/Regression BackOffice/CLINK - 28718/Address/Address'

2019-06-24 13:22:33 - [MESSAGE][PASSED] - Text '1628 NW 6 St' is set on object 'Object Repository/Regression BackOffice/CLINK - 28718/Address/Address'

2019-06-24 13:22:33 - [TEST_STEP][PASSED] - delay(3): Delayed 3 second(s)

2019-06-24 13:22:36 - [MESSAGE][PASSED] - Delayed 3 second(s)

2019-06-24 13:22:36 - [TEST_STEP][PASSED] - setText(findTestObject("Regression BackOffice/CLINK - 28718/Address/City"), "Miami"): Text 'Miami' is set on object 'Object Repository/Regression BackOffice/CLINK - 28718/Address/City'

2019-06-24 13:22:37 - [MESSAGE][PASSED] - Text 'Miami' is set on object 'Object Repository/Regression BackOffice/CLINK - 28718/Address/City'

2019-06-24 13:22:37 - [TEST_STEP][PASSED] - delay(3): Delayed 3 second(s)

2019-06-24 13:22:40 - [MESSAGE][PASSED] - Delayed 3 second(s)

2019-06-24 13:22:40 - [TEST_STEP][PASSED] - click(findTestObject("Regression BackOffice/CLINK - 28718/Address/State"), CONTINUE_ON_FAILURE): Object: 'Object Repository/Regression BackOffice/CLINK - 28718/Address/State' is clicked on

2019-06-24 13:22:42 - [MESSAGE][PASSED] - Object: 'Object Repository/Regression BackOffice/CLINK - 28718/Address/State' is clicked on

2019-06-24 13:22:42 - [TEST_STEP][PASSED] - sendKeys(findTestObject("Regression BackOffice/CLINK - 28718/Address/State"), "Florida"): Keys 'Florida' sent to object: 'Object Repository/Regression BackOffice/CLINK - 28718/Address/State'

2019-06-24 13:22:42 - [MESSAGE][PASSED] - Keys 'Florida' sent to object: 'Object Repository/Regression BackOffice/CLINK - 28718/Address/State'

2019-06-24 13:22:42 - [TEST_STEP][PASSED] - sendKeys(findTestObject("Regression BackOffice/CLINK - 28718/Address/State"), Keys.chord(ENTER)): Keys 'ENTER + ' sent to object: 'Object Repository/Regression BackOffice/CLINK - 28718/Address/State'

2019-06-24 13:22:43 - [MESSAGE][PASSED] - Keys 'ENTER + ' sent to object: 'Object Repository/Regression BackOffice/CLINK - 28718/Address/State'

2019-06-24 13:22:43 - [TEST_STEP][PASSED] - delay(5): Delayed 5 second(s)

2019-06-24 13:22:48 - [MESSAGE][PASSED] - Delayed 5 second(s)

2019-06-24 13:22:48 - [TEST_STEP][PASSED] - click(findTestObject("Regression BackOffice/CLINK - 28718/Address/BtnVerify"), CONTINUE_ON_FAILURE): Object: 'Object Repository/Regression BackOffice/CLINK - 28718/Address/BtnVerify' is clicked on

2019-06-24 13:22:48 - [MESSAGE][PASSED] - Object: 'Object Repository/Regression BackOffice/CLINK - 28718/Address/BtnVerify' is clicked on

2019-06-24 13:22:48 - [TEST_STEP][PASSED] - delay(5): Delayed 5 second(s)

2019-06-24 13:22:53 - [MESSAGE][PASSED] - Delayed 5 second(s)

2019-06-24 13:22:53 - [TEST_STEP][PASSED] - click(findTestObject("Regression BackOffice/CLINK - 28718/Address/ChkVerify"), CONTINUE_ON_FAILURE): Object: 'Object Repository/Regression BackOffice/CLINK - 28718/Address/ChkVerify' is clicked on

2019-06-24 13:22:55 - [MESSAGE][PASSED] - Object: 'Object Repository/Regression BackOffice/CLINK - 28718/Address/ChkVerify' is clicked on

2019-06-24 13:22:55 - [TEST_STEP][PASSED] - delay(3): Delayed 3 second(s)

2019-06-24 13:22:58 - [MESSAGE][PASSED] - Delayed 3 second(s)

2019-06-24 13:22:58 - [TEST_STEP][PASSED] - waitForElementPresent(findTestObject("Regression BackOffice/CLINK - 28718/Phone/Add New Phone Link"), 100): Object 'Object Repository/Regression BackOffice/CLINK - 28718/Phone/Add New Phone Link' is present

2019-06-24 13:22:59 - [MESSAGE][PASSED] - Object 'Object Repository/Regression BackOffice/CLINK - 28718/Phone/Add New Phone Link' is present

2019-06-24 13:22:59 - [TEST_STEP][PASSED] - click(findTestObject("Regression BackOffice/CLINK - 28718/Phone/Add New Phone Link")): Object: 'Object Repository/Regression BackOffice/CLINK - 28718/Phone/Add New Phone Link' is clicked on

2019-06-24 13:23:01 - [MESSAGE][PASSED] - Object: 'Object Repository/Regression BackOffice/CLINK - 28718/Phone/Add New Phone Link' is clicked on

2019-06-24 13:23:01 - [TEST_STEP][PASSED] - delay(2): Delayed 2 second(s)

2019-06-24 13:23:03 - [MESSAGE][PASSED] - Delayed 2 second(s)

2019-06-24 13:23:03 - [TEST_STEP][PASSED] - click(findTestObject("Regression BackOffice/CLINK - 28718/Phone/PhoneType"), CONTINUE_ON_FAILURE): Object: 'Object Repository/Regression BackOffice/CLINK - 28718/Phone/PhoneType' is clicked on

2019-06-24 13:23:04 - [MESSAGE][PASSED] - Object: 'Object Repository/Regression BackOffice/CLINK - 28718/Phone/PhoneType' is clicked on

2019-06-24 13:23:04 - [TEST_STEP][PASSED] - sendKeys(findTestObject("Regression BackOffice/CLINK - 28718/Phone/PhoneType"), Keys.chord(ARROW_DOWN, ENTER)): Keys 'DOWN + ENTER + ' sent to object: 'Object Repository/Regression BackOffice/CLINK - 28718/Phone/PhoneType'

2019-06-24 13:23:05 - [MESSAGE][PASSED] - Keys 'DOWN + ENTER + ' sent to object: 'Object Repository/Regression BackOffice/CLINK - 28718/Phone/PhoneType'

2019-06-24 13:23:05 - [TEST_STEP][PASSED] - delay(3): Delayed 3 second(s)

2019-06-24 13:23:08 - [MESSAGE][PASSED] - Delayed 3 second(s)

2019-06-24 13:23:08 - [TEST_STEP][PASSED] - setText(findTestObject("Regression BackOffice/CLINK - 28718/Phone/PhoneNumber"), "2345698789"): Text '2345698789' is set on object 'Object Repository/Regression BackOffice/CLINK - 28718/Phone/PhoneNumber'

2019-06-24 13:23:11 - [MESSAGE][PASSED] - Text '2345698789' is set on object 'Object Repository/Regression BackOffice/CLINK - 28718/Phone/PhoneNumber'

2019-06-24 13:23:11 - [TEST_STEP][PASSED] - delay(3): Delayed 3 second(s)

2019-06-24 13:23:14 - [MESSAGE][PASSED] - Delayed 3 second(s)

2019-06-24 13:23:14 - [TEST_STEP][PASSED] - waitForElementPresent(findTestObject("Regression BackOffice/CLINK - 28718/Phone/chkisprimary"), 100): Object 'Object Repository/Regression BackOffice/CLINK - 28718/Phone/chkisprimary' is present

2019-06-24 13:23:14 - [MESSAGE][PASSED] - Object 'Object Repository/Regression BackOffice/CLINK - 28718/Phone/chkisprimary' is present

2019-06-24 13:23:14 - [TEST_STEP][PASSED] - click(findTestObject("Regression BackOffice/CLINK - 28718/Phone/chkisprimary")): Object: 'Object Repository/Regression BackOffice/CLINK - 28718/Phone/chkisprimary' is clicked on

2019-06-24 13:23:15 - [MESSAGE][PASSED] - Object: 'Object Repository/Regression BackOffice/CLINK - 28718/Phone/chkisprimary' is clicked on

2019-06-24 13:23:15 - [TEST_STEP][PASSED] - delay(2): Delayed 2 second(s)

2019-06-24 13:23:17 - [MESSAGE][PASSED] - Delayed 2 second(s)

2019-06-24 13:23:17 - [TEST_STEP][PASSED] - waitForElementPresent(findTestObject("Regression BackOffice/CLINK - 28718/Phone/a_Add to List"), 100): Object 'Object Repository/Regression BackOffice/CLINK - 28718/Phone/a_Add to List' is present

2019-06-24 13:23:17 - [MESSAGE][PASSED] - Object 'Object Repository/Regression BackOffice/CLINK - 28718/Phone/a_Add to List' is present

2019-06-24 13:23:17 - [TEST_STEP][PASSED] - click(findTestObject("Regression BackOffice/CLINK - 28718/Phone/a_Add to List")): Object: 'Object Repository/Regression BackOffice/CLINK - 28718/Phone/a_Add to List' is clicked on

2019-06-24 13:23:18 - [MESSAGE][PASSED] - Object: 'Object Repository/Regression BackOffice/CLINK - 28718/Phone/a_Add to List' is clicked on

2019-06-24 13:23:18 - [TEST_STEP][PASSED] - delay(2): Delayed 2 second(s)

2019-06-24 13:23:20 - [MESSAGE][PASSED] - Delayed 2 second(s)

2019-06-24 13:23:20 - [TEST_STEP][PASSED] - scrollToElement(findTestObject("Regression BackOffice/CLINK - 28718/Discipline/Add Discipline"), 100): Scroll to object 'Object Repository/Regression BackOffice/CLINK - 28718/Discipline/Add Discipline' successfully

2019-06-24 13:23:21 - [MESSAGE][PASSED] - Scroll to object 'Object Repository/Regression BackOffice/CLINK - 28718/Discipline/Add Discipline' successfully

2019-06-24 13:23:21 - [TEST_STEP][PASSED] - click(findTestObject("Regression BackOffice/CLINK - 28718/Discipline/Add Discipline")): Object: 'Object Repository/Regression BackOffice/CLINK - 28718/Discipline/Add Discipline' is clicked on

2019-06-24 13:23:22 - [MESSAGE][PASSED] - Object: 'Object Repository/Regression BackOffice/CLINK - 28718/Discipline/Add Discipline' is clicked on

2019-06-24 13:23:22 - [TEST_STEP][PASSED] - delay(2): Delayed 2 second(s)

2019-06-24 13:23:24 - [MESSAGE][PASSED] - Delayed 2 second(s)

2019-06-24 13:23:24 - [TEST_STEP][PASSED] - click(findTestObject("Regression BackOffice/CLINK - 28718/Discipline/DisciplineType"), CONTINUE_ON_FAILURE): Object: 'Object Repository/Regression BackOffice/CLINK - 28718/Discipline/DisciplineType' is clicked on

2019-06-24 13:23:25 - [MESSAGE][PASSED] - Object: 'Object Repository/Regression BackOffice/CLINK - 28718/Discipline/DisciplineType' is clicked on

2019-06-24 13:23:25 - [TEST_STEP][PASSED] - sendKeys(findTestObject("Regression BackOffice/CLINK - 28718/Discipline/DisciplineType"), Keys.chord(ARROW_DOWN, ENTER)): Keys 'DOWN + ENTER + ' sent to object: 'Object Repository/Regression BackOffice/CLINK - 28718/Discipline/DisciplineType'

2019-06-24 13:23:26 - [MESSAGE][PASSED] - Keys 'DOWN + ENTER + ' sent to object: 'Object Repository/Regression BackOffice/CLINK - 28718/Discipline/DisciplineType'

2019-06-24 13:23:26 - [TEST_STEP][PASSED] - delay(3): Delayed 3 second(s)

2019-06-24 13:23:29 - [MESSAGE][PASSED] - Delayed 3 second(s)

2019-06-24 13:23:29 - [TEST_STEP][NOT_RUN] - click(findTestObject("Regression BackOffice/CLINK - 28718/Discipline/Begin Date")): NOT_RUN: click(findTestObject("Regression BackOffice/CLINK - 28718/Discipline/Begin Date"))

2019-06-24 13:23:29 - [MESSAGE][NOT_RUN] - NOT_RUN: click(findTestObject("Regression BackOffice/CLINK - 28718/Discipline/Begin Date"))

2019-06-24 13:23:29 - [TEST_STEP][PASSED] - sendKeys(findTestObject("Regression BackOffice/CLINK - 28718/Discipline/Begin Date"), "04/24/2019"): Keys '04/24/2019' sent to object: 'Object Repository/Regression BackOffice/CLINK - 28718/Discipline/Begin Date'

2019-06-24 13:23:31 - [MESSAGE][PASSED] - Keys '04/24/2019' sent to object: 'Object Repository/Regression BackOffice/CLINK - 28718/Discipline/Begin Date'

2019-06-24 13:23:31 - [TEST_STEP][PASSED] - delay(4): Delayed 4 second(s)

2019-06-24 13:23:35 - [MESSAGE][PASSED] - Delayed 4 second(s)

2019-06-24 13:23:35 - [TEST_STEP][NOT_RUN] - click(findTestObject("Regression BackOffice/CLINK - 28718/Discipline/Effective EndDate")): NOT_RUN: click(findTestObject("Regression BackOffice/CLINK - 28718/Discipline/Effective EndDate"))

2019-06-24 13:23:35 - [MESSAGE][NOT_RUN] - NOT_RUN: click(findTestObject("Regression BackOffice/CLINK - 28718/Discipline/Effective EndDate"))

2019-06-24 13:23:35 - [TEST_STEP][NOT_RUN] - sendKeys(findTestObject("Regression BackOffice/CLINK - 28718/Discipline/Effective EndDate"), getDate.DateUtilities.getDateMonthDayYearNumberwithSlash()): NOT_RUN: sendKeys(findTestObject("Regression BackOffice/CLINK - 28718/Discipline/Effective EndDate"), getDate.DateUtilities.getDateMonthDayYearNumberwithSlash())

2019-06-24 13:23:35 - [MESSAGE][NOT_RUN] - NOT_RUN: sendKeys(findTestObject("Regression BackOffice/CLINK - 28718/Discipline/Effective EndDate"), getDate.DateUtilities.getDateMonthDayYearNumberwithSlash())

2019-06-24 13:23:35 - [TEST_STEP][NOT_RUN] - delay(4): NOT_RUN: delay(4)

2019-06-24 13:23:35 - [MESSAGE][NOT_RUN] - NOT_RUN: delay(4)

2019-06-24 13:23:35 - [TEST_STEP][PASSED] - waitForElementPresent(findTestObject("Regression BackOffice/CLINK - 28718/Discipline/ChkPrimaryDiscipline"), 100): Object 'Object Repository/Regression BackOffice/CLINK - 28718/Discipline/ChkPrimaryDiscipline' is present

2019-06-24 13:23:35 - [MESSAGE][PASSED] - Object 'Object Repository/Regression BackOffice/CLINK - 28718/Discipline/ChkPrimaryDiscipline' is present

2019-06-24 13:23:35 - [TEST_STEP][PASSED] - click(findTestObject("Regression BackOffice/CLINK - 28718/Discipline/ChkPrimaryDiscipline")): Object: 'Object Repository/Regression BackOffice/CLINK - 28718/Discipline/ChkPrimaryDiscipline' is clicked on

2019-06-24 13:23:36 - [MESSAGE][PASSED] - Object: 'Object Repository/Regression BackOffice/CLINK - 28718/Discipline/ChkPrimaryDiscipline' is clicked on

2019-06-24 13:23:36 - [TEST_STEP][PASSED] - delay(2): Delayed 2 second(s)

2019-06-24 13:23:38 - [MESSAGE][PASSED] - Delayed 2 second(s)

2019-06-24 13:23:38 - [TEST_STEP][PASSED] - waitForElementPresent(findTestObject("Regression BackOffice/CLINK - 28718/Discipline/Add to List Discipline"), 100): Object 'Object Repository/Regression BackOffice/CLINK - 28718/Discipline/Add to List Discipline' is present

2019-06-24 13:23:38 - [MESSAGE][PASSED] - Object 'Object Repository/Regression BackOffice/CLINK - 28718/Discipline/Add to List Discipline' is present

2019-06-24 13:23:38 - [TEST_STEP][PASSED] - click(findTestObject("Regression BackOffice/CLINK - 28718/Discipline/Add to List Discipline")): Object: 'Object Repository/Regression BackOffice/CLINK - 28718/Discipline/Add to List Discipline' is clicked on

2019-06-24 13:23:39 - [MESSAGE][PASSED] - Object: 'Object Repository/Regression BackOffice/CLINK - 28718/Discipline/Add to List Discipline' is clicked on

2019-06-24 13:23:39 - [TEST_STEP][PASSED] - delay(2): Delayed 2 second(s)

2019-06-24 13:23:41 - [MESSAGE][PASSED] - Delayed 2 second(s)

2019-06-24 13:23:41 - [TEST_STEP][PASSED] - acceptAlert(): Alert accepted

2019-06-24 13:23:41 - [MESSAGE][PASSED] - Alert accepted

2019-06-24 13:23:41 - [TEST_STEP][PASSED] - delay(2): Delayed 2 second(s)

2019-06-24 13:23:43 - [MESSAGE][PASSED] - Delayed 2 second(s)

2019-06-24 13:23:43 - [TEST_STEP][PASSED] - switchToDefaultContent(): null

2019-06-24 13:23:43 - [TEST_STEP][PASSED] - switchToFrame(findTestObject("Regression BackOffice/CLINK - 28718/BannerFrame"), 50): null

2019-06-24 13:23:44 - [TEST_STEP][PASSED] - waitForElementPresent(findTestObject("Regression BackOffice/CLINK - 28718/bttnSave"), 50): Object 'Object Repository/Regression BackOffice/CLINK - 28718/bttnSave' is present

2019-06-24 13:23:44 - [MESSAGE][PASSED] - Object 'Object Repository/Regression BackOffice/CLINK - 28718/bttnSave' is present

2019-06-24 13:23:44 - [TEST_STEP][PASSED] - click(findTestObject("Regression BackOffice/CLINK - 28718/bttnSave")): Object: 'Object Repository/Regression BackOffice/CLINK - 28718/bttnSave' is clicked on

2019-06-24 13:23:46 - [MESSAGE][PASSED] - Object: 'Object Repository/Regression BackOffice/CLINK - 28718/bttnSave' is clicked on

2019-06-24 13:23:46 - [TEST_STEP][PASSED] - delay(3): Delayed 3 second(s)

2019-06-24 13:23:49 - [MESSAGE][PASSED] - Delayed 3 second(s)

2019-06-24 13:23:49 - [TEST_STEP][PASSED] - switchToDefaultContent(): null

2019-06-24 13:23:49 - [TEST_STEP][PASSED] - switchToFrame(findTestObject("Regression BackOffice/CLNK-23449/FrameMain"), 30): null

2019-06-24 13:23:49 - [TEST_STEP][PASSED] - click(findTestObject("Regression BackOffice/CLINK - 28718/Date Of Birth"), CONTINUE_ON_FAILURE): Object: 'Object Repository/Regression BackOffice/CLINK - 28718/Date Of Birth' is clicked on

2019-06-24 13:23:50 - [MESSAGE][PASSED] - Object: 'Object Repository/Regression BackOffice/CLINK - 28718/Date Of Birth' is clicked on

2019-06-24 13:23:50 - [TEST_STEP][PASSED] - sendKeys(findTestObject("Regression BackOffice/CLINK - 28718/Date Of Birth"), "05/23/1970"): Keys '05/23/1970' sent to object: 'Object Repository/Regression BackOffice/CLINK - 28718/Date Of Birth'

2019-06-24 13:23:52 - [MESSAGE][PASSED] - Keys '05/23/1970' sent to object: 'Object Repository/Regression BackOffice/CLINK - 28718/Date Of Birth'

2019-06-24 13:23:52 - [TEST_STEP][PASSED] - delay(3): Delayed 3 second(s)

2019-06-24 13:23:55 - [MESSAGE][PASSED] - Delayed 3 second(s)

2019-06-24 13:23:55 - [TEST_STEP][PASSED] - waitForElementPresent(findTestObject("Regression BackOffice/CLINK - 28718/u_Continue"), 100): Object 'Object Repository/Regression BackOffice/CLINK - 28718/u_Continue' is present

2019-06-24 13:23:56 - [MESSAGE][PASSED] - Object 'Object Repository/Regression BackOffice/CLINK - 28718/u_Continue' is present

2019-06-24 13:23:56 - [TEST_STEP][PASSED] - click(findTestObject("Regression BackOffice/CLINK - 28718/u_Continue")): Object: 'Object Repository/Regression BackOffice/CLINK - 28718/u_Continue' is clicked on

2019-06-24 13:24:01 - [MESSAGE][PASSED] - Object: 'Object Repository/Regression BackOffice/CLINK - 28718/u_Continue' is clicked on

2019-06-24 13:24:01 - [TEST_STEP][PASSED] - delay(5): Delayed 5 second(s)

2019-06-24 13:24:06 - [MESSAGE][PASSED] - Delayed 5 second(s)

2019-06-24 13:24:06 - [TEST_STEP][PASSED] - waitForPageLoad(50): Wait for page load successfully

2019-06-24 13:24:07 - [MESSAGE][PASSED] - Wait for page load successfully

2019-06-24 13:24:07 - [TEST_STEP][PASSED] - switchToDefaultContent(): null

2019-06-24 13:24:07 - [TEST_STEP][PASSED] - switchToFrame(findTestObject("Regression BackOffice/CLNK-23449/FrameLeft"), 30): null

2019-06-24 13:24:07 - [TEST_STEP][PASSED] - delay(10): Delayed 10 second(s)

2019-06-24 13:24:17 - [MESSAGE][PASSED] - Delayed 10 second(s)

2019-06-24 13:24:17 - [TEST_STEP][PASSED] - waitForElementPresent(findTestObject("Regression BackOffice/CLINK - 28718/Race and Sex/Caregiver HR Details"), 100): Object 'Object Repository/Regression BackOffice/CLINK - 28718/Race and Sex/Caregiver HR Details' is present

2019-06-24 13:24:17 - [MESSAGE][PASSED] - Object 'Object Repository/Regression BackOffice/CLINK - 28718/Race and Sex/Caregiver HR Details' is present

2019-06-24 13:24:17 - [TEST_STEP][PASSED] - click(findTestObject("Regression BackOffice/CLINK - 28718/Race and Sex/Caregiver HR Details")): Object: 'Object Repository/Regression BackOffice/CLINK - 28718/Race and Sex/Caregiver HR Details' is clicked on

2019-06-24 13:24:18 - [MESSAGE][PASSED] - Object: 'Object Repository/Regression BackOffice/CLINK - 28718/Race and Sex/Caregiver HR Details' is clicked on

2019-06-24 13:24:18 - [TEST_STEP][PASSED] - delay(5): Delayed 5 second(s)

2019-06-24 13:24:23 - [MESSAGE][PASSED] - Delayed 5 second(s)

2019-06-24 13:24:23 - [TEST_STEP][PASSED] - acceptAlert(): Alert accepted

2019-06-24 13:24:23 - [MESSAGE][PASSED] - Alert accepted

2019-06-24 13:24:23 - [TEST_STEP][PASSED] - switchToDefaultContent(): null

2019-06-24 13:24:25 - [TEST_STEP][PASSED] - switchToFrame(findTestObject("Regression BackOffice/CLNK-23449/FrameMain"), 30): null

2019-06-24 13:24:25 - [TEST_STEP][PASSED] - delay(2): Delayed 2 second(s)

2019-06-24 13:24:27 - [MESSAGE][PASSED] - Delayed 2 second(s)

2019-06-24 13:24:27 - [TEST_STEP][NOT_RUN] - waitForElementPresent(findTestObject("Regression BackOffice/CLINK - 28718/General Information/First Name Caregiver"), 50): NOT_RUN: waitForElementPresent(findTestObject("Regression BackOffice/CLINK - 28718/General Information/First Name Caregiver"), 50)

2019-06-24 13:24:27 - [MESSAGE][NOT_RUN] - NOT_RUN: waitForElementPresent(findTestObject("Regression BackOffice/CLINK - 28718/General Information/First Name Caregiver"), 50)

2019-06-24 13:24:27 - [TEST_STEP][NOT_RUN] - setText(findTestObject("Regression BackOffice/CLINK - 28718/General Information/First Name Caregiver"), G_CaregiverFirstName): NOT_RUN: setText(findTestObject("Regression BackOffice/CLINK - 28718/General Information/First Name Caregiver"), G_CaregiverFirstName)

2019-06-24 13:24:27 - [MESSAGE][NOT_RUN] - NOT_RUN: setText(findTestObject("Regression BackOffice/CLINK - 28718/General Information/First Name Caregiver"), G_CaregiverFirstName)

2019-06-24 13:24:27 - [TEST_STEP][NOT_RUN] - delay(4): NOT_RUN: delay(4)

2019-06-24 13:24:27 - [MESSAGE][NOT_RUN] - NOT_RUN: delay(4)

2019-06-24 13:24:27 - [TEST_STEP][NOT_RUN] - waitForElementPresent(findTestObject("Regression BackOffice/CLINK - 28718/General Information/Last Name Caregiver"), 50): NOT_RUN: waitForElementPresent(findTestObject("Regression BackOffice/CLINK - 28718/General Information/Last Name Caregiver"), 50)

2019-06-24 13:24:27 - [MESSAGE][NOT_RUN] - NOT_RUN: waitForElementPresent(findTestObject("Regression BackOffice/CLINK - 28718/General Information/Last Name Caregiver"), 50)

2019-06-24 13:24:27 - [TEST_STEP][NOT_RUN] - setText(findTestObject("Regression BackOffice/CLINK - 28718/General Information/Last Name Caregiver"), G_CareGiverLastName): NOT_RUN: setText(findTestObject("Regression BackOffice/CLINK - 28718/General Information/Last Name Caregiver"), G_CareGiverLastName)

2019-06-24 13:24:27 - [MESSAGE][NOT_RUN] - NOT_RUN: setText(findTestObject("Regression BackOffice/CLINK - 28718/General Information/Last Name Caregiver"), G_CareGiverLastName)

2019-06-24 13:24:27 - [TEST_STEP][NOT_RUN] - delay(2): NOT_RUN: delay(2)

2019-06-24 13:24:27 - [MESSAGE][NOT_RUN] - NOT_RUN: delay(2)

2019-06-24 13:24:27 - [TEST_STEP][NOT_RUN] - waitForElementPresent(findTestObject("Regression BackOffice/CLINK - 28718/CaregiverBttnSearch"), 100): NOT_RUN: waitForElementPresent(findTestObject("Regression BackOffice/CLINK - 28718/CaregiverBttnSearch"), 100)

2019-06-24 13:24:27 - [MESSAGE][NOT_RUN] - NOT_RUN: waitForElementPresent(findTestObject("Regression BackOffice/CLINK - 28718/CaregiverBttnSearch"), 100)

2019-06-24 13:24:27 - [TEST_STEP][NOT_RUN] - click(findTestObject("Regression BackOffice/CLINK - 28718/CaregiverBttnSearch")): NOT_RUN: click(findTestObject("Regression BackOffice/CLINK - 28718/CaregiverBttnSearch"))

2019-06-24 13:24:27 - [MESSAGE][NOT_RUN] - NOT_RUN: click(findTestObject("Regression BackOffice/CLINK - 28718/CaregiverBttnSearch"))

2019-06-24 13:24:27 - [TEST_STEP][NOT_RUN] - delay(5): NOT_RUN: delay(5)

2019-06-24 13:24:27 - [MESSAGE][NOT_RUN] - NOT_RUN: delay(5)

2019-06-24 13:24:27 - [TEST_STEP][NOT_RUN] - waitForElementPresent(findTestObject("Regression BackOffice/CLINK - 28718/CaregiverLink"), 100): NOT_RUN: waitForElementPresent(findTestObject("Regression BackOffice/CLINK - 28718/CaregiverLink"), 100)

2019-06-24 13:24:27 - [MESSAGE][NOT_RUN] - NOT_RUN: waitForElementPresent(findTestObject("Regression BackOffice/CLINK - 28718/CaregiverLink"), 100)

2019-06-24 13:24:27 - [TEST_STEP][NOT_RUN] - click(findTestObject("Regression BackOffice/CLINK - 28718/CaregiverLink")): NOT_RUN: click(findTestObject("Regression BackOffice/CLINK - 28718/CaregiverLink"))

2019-06-24 13:24:27 - [MESSAGE][NOT_RUN] - NOT_RUN: click(findTestObject("Regression BackOffice/CLINK - 28718/CaregiverLink"))

2019-06-24 13:24:27 - [TEST_STEP][NOT_RUN] - delay(5): NOT_RUN: delay(5)

2019-06-24 13:24:27 - [MESSAGE][NOT_RUN] - NOT_RUN: delay(5)

2019-06-24 13:24:27 - [TEST_STEP][PASSED] - scrollToElement(findTestObject("Regression BackOffice/CLINK - 28718/Race and Sex/ChkSameAddress"), 100): Scroll to object 'Object Repository/Regression BackOffice/CLINK - 28718/Race and Sex/ChkSameAddress' successfully

2019-06-24 13:24:27 - [MESSAGE][PASSED] - Scroll to object 'Object Repository/Regression BackOffice/CLINK - 28718/Race and Sex/ChkSameAddress' successfully

2019-06-24 13:24:27 - [TEST_STEP][PASSED] - click(findTestObject("Regression BackOffice/CLINK - 28718/Race and Sex/ChkSameAddress")): Object: 'Object Repository/Regression BackOffice/CLINK - 28718/Race and Sex/ChkSameAddress' is clicked on

2019-06-24 13:24:30 - [MESSAGE][PASSED] - Object: 'Object Repository/Regression BackOffice/CLINK - 28718/Race and Sex/ChkSameAddress' is clicked on

2019-06-24 13:24:30 - [TEST_STEP][PASSED] - delay(5): Delayed 5 second(s)

2019-06-24 13:24:35 - [MESSAGE][PASSED] - Delayed 5 second(s)

2019-06-24 13:24:35 - [TEST_STEP][PASSED] - click(findTestObject("Regression BackOffice/CLINK - 28718/Race and Sex/RaceType"), CONTINUE_ON_FAILURE): Object: 'Object Repository/Regression BackOffice/CLINK - 28718/Race and Sex/RaceType' is clicked on

2019-06-24 13:24:35 - [MESSAGE][PASSED] - Object: 'Object Repository/Regression BackOffice/CLINK - 28718/Race and Sex/RaceType' is clicked on

2019-06-24 13:24:35 - [TEST_STEP][PASSED] - sendKeys(findTestObject("Regression BackOffice/CLINK - 28718/Race and Sex/RaceType"), Keys.chord(ARROW_UP, ARROW_UP, ENTER)): Keys 'UP + UP + ENTER + ' sent to object: 'Object Repository/Regression BackOffice/CLINK - 28718/Race and Sex/RaceType'

2019-06-24 13:24:36 - [MESSAGE][PASSED] - Keys 'UP + UP + ENTER + ' sent to object: 'Object Repository/Regression BackOffice/CLINK - 28718/Race and Sex/RaceType'

2019-06-24 13:24:36 - [TEST_STEP][PASSED] - delay(3): Delayed 3 second(s)

2019-06-24 13:24:39 - [MESSAGE][PASSED] - Delayed 3 second(s)

2019-06-24 13:24:39 - [TEST_STEP][PASSED] - waitForElementPresent(findTestObject("Regression BackOffice/CLINK - 28718/Race and Sex/SexType"), 50): Object 'Object Repository/Regression BackOffice/CLINK - 28718/Race and Sex/SexType' is present

2019-06-24 13:24:39 - [MESSAGE][PASSED] - Object 'Object Repository/Regression BackOffice/CLINK - 28718/Race and Sex/SexType' is present

2019-06-24 13:24:39 - [TEST_STEP][PASSED] - click(findTestObject("Regression BackOffice/CLINK - 28718/Race and Sex/SexType"), CONTINUE_ON_FAILURE): Object: 'Object Repository/Regression BackOffice/CLINK - 28718/Race and Sex/SexType' is clicked on

2019-06-24 13:24:39 - [MESSAGE][PASSED] - Object: 'Object Repository/Regression BackOffice/CLINK - 28718/Race and Sex/SexType' is clicked on

2019-06-24 13:24:39 - [TEST_STEP][PASSED] - delay(3): Delayed 3 second(s)

2019-06-24 13:24:42 - [MESSAGE][PASSED] - Delayed 3 second(s)

2019-06-24 13:24:42 - [TEST_STEP][PASSED] - click(findTestObject("Regression BackOffice/CLINK - 28718/Race and Sex/Date Of Hire"), CONTINUE_ON_FAILURE): Object: 'Object Repository/Regression BackOffice/CLINK - 28718/Race and Sex/Date Of Hire' is clicked on

2019-06-24 13:24:43 - [MESSAGE][PASSED] - Object: 'Object Repository/Regression BackOffice/CLINK - 28718/Race and Sex/Date Of Hire' is clicked on

2019-06-24 13:24:43 - [TEST_STEP][PASSED] - sendKeys(findTestObject("Regression BackOffice/CLINK - 28718/Race and Sex/Date Of Hire"), "04/24/2019"): Keys '04/24/2019' sent to object: 'Object Repository/Regression BackOffice/CLINK - 28718/Race and Sex/Date Of Hire'

2019-06-24 13:24:44 - [MESSAGE][PASSED] - Keys '04/24/2019' sent to object: 'Object Repository/Regression BackOffice/CLINK - 28718/Race and Sex/Date Of Hire'

2019-06-24 13:24:44 - [TEST_STEP][PASSED] - delay(3): Delayed 3 second(s)

2019-06-24 13:24:47 - [MESSAGE][PASSED] - Delayed 3 second(s)

2019-06-24 13:24:47 - [TEST_STEP][PASSED] - switchToDefaultContent(): null

2019-06-24 13:24:47 - [TEST_STEP][PASSED] - switchToFrame(findTestObject("Regression BackOffice/CLINK - 28718/BannerFrame"), 50): null

2019-06-24 13:24:47 - [TEST_STEP][PASSED] - waitForElementPresent(findTestObject("Regression BackOffice/CLINK - 28718/bttnSaveII"), 50): Object 'Object Repository/Regression BackOffice/CLINK - 28718/bttnSaveII' is present

2019-06-24 13:24:47 - [MESSAGE][PASSED] - Object 'Object Repository/Regression BackOffice/CLINK - 28718/bttnSaveII' is present

2019-06-24 13:24:47 - [TEST_STEP][PASSED] - click(findTestObject("Regression BackOffice/CLINK - 28718/bttnSaveII")): Object: 'Object Repository/Regression BackOffice/CLINK - 28718/bttnSaveII' is clicked on

2019-06-24 13:24:52 - [MESSAGE][PASSED] - Object: 'Object Repository/Regression BackOffice/CLINK - 28718/bttnSaveII' is clicked on

2019-06-24 13:24:52 - [TEST_STEP][PASSED] - delay(3): Delayed 3 second(s)

2019-06-24 13:24:55 - [MESSAGE][PASSED] - Delayed 3 second(s)

2019-06-24 13:24:55 - [TEST_STEP][PASSED] - switchToDefaultContent(): null

2019-06-24 13:24:55 - [TEST_STEP][PASSED] - switchToFrame(findTestObject("Regression BackOffice/CLNK-23449/FrameLeft"), 30): null

2019-06-24 13:24:55 - [TEST_STEP][PASSED] - waitForElementPresent(findTestObject("Regression BackOffice/CLINK - 28718/Locations/Caregiver Locations"), 100): Object 'Object Repository/Regression BackOffice/CLINK - 28718/Locations/Caregiver Locations' is present

2019-06-24 13:24:55 - [MESSAGE][PASSED] - Object 'Object Repository/Regression BackOffice/CLINK - 28718/Locations/Caregiver Locations' is present

2019-06-24 13:24:55 - [TEST_STEP][PASSED] - click(findTestObject("Regression BackOffice/CLINK - 28718/Locations/Caregiver Locations")): Object: 'Object Repository/Regression BackOffice/CLINK - 28718/Locations/Caregiver Locations' is clicked on

2019-06-24 13:24:58 - [MESSAGE][PASSED] - Object: 'Object Repository/Regression BackOffice/CLINK - 28718/Locations/Caregiver Locations' is clicked on

2019-06-24 13:24:58 - [TEST_STEP][PASSED] - delay(2): Delayed 2 second(s)

2019-06-24 13:25:00 - [MESSAGE][PASSED] - Delayed 2 second(s)

2019-06-24 13:25:00 - [TEST_STEP][PASSED] - switchToDefaultContent(): null

2019-06-24 13:25:00 - [TEST_STEP][PASSED] - switchToFrame(findTestObject("Regression BackOffice/CLNK-23449/FrameMain"), 30): null

2019-06-24 13:25:00 - [TEST_STEP][PASSED] - delay(5): Delayed 5 second(s)

2019-06-24 13:25:05 - [MESSAGE][PASSED] - Delayed 5 second(s)

2019-06-24 13:25:05 - [TEST_STEP][PASSED] - waitForElementPresent(findTestObject("Regression BackOffice/CLINK - 28718/Locations/Add New Caregiver Location"), 100): Object 'Object Repository/Regression BackOffice/CLINK - 28718/Locations/Add New Caregiver Location' is present

2019-06-24 13:25:05 - [MESSAGE][PASSED] - Object 'Object Repository/Regression BackOffice/CLINK - 28718/Locations/Add New Caregiver Location' is present

2019-06-24 13:25:05 - [TEST_STEP][PASSED] - click(findTestObject("Regression BackOffice/CLINK - 28718/Locations/Add New Caregiver Location")): Object: 'Object Repository/Regression BackOffice/CLINK - 28718/Locations/Add New Caregiver Location' is clicked on

2019-06-24 13:25:06 - [MESSAGE][PASSED] - Object: 'Object Repository/Regression BackOffice/CLINK - 28718/Locations/Add New Caregiver Location' is clicked on

2019-06-24 13:25:06 - [TEST_STEP][PASSED] - delay(5): Delayed 5 second(s)

2019-06-24 13:25:11 - [MESSAGE][PASSED] - Delayed 5 second(s)

2019-06-24 13:25:11 - [TEST_STEP][PASSED] - waitForElementPresent(findTestObject("Regression BackOffice/CLINK - 28718/Locations/ZoneNameType"), 100): Object 'Object Repository/Regression BackOffice/CLINK - 28718/Locations/ZoneNameType' is present

2019-06-24 13:25:11 - [MESSAGE][PASSED] - Object 'Object Repository/Regression BackOffice/CLINK - 28718/Locations/ZoneNameType' is present

2019-06-24 13:25:11 - [TEST_STEP][PASSED] - click(findTestObject("Regression BackOffice/CLINK - 28718/Locations/ZoneNameType")): Object: 'Object Repository/Regression BackOffice/CLINK - 28718/Locations/ZoneNameType' is clicked on

2019-06-24 13:25:11 - [MESSAGE][PASSED] - Object: 'Object Repository/Regression BackOffice/CLINK - 28718/Locations/ZoneNameType' is clicked on

2019-06-24 13:25:11 - [TEST_STEP][PASSED] - delay(3): Delayed 3 second(s)

2019-06-24 13:25:14 - [MESSAGE][PASSED] - Delayed 3 second(s)

2019-06-24 13:25:14 - [TEST_STEP][PASSED] - sendKeys(findTestObject("Regression BackOffice/CLINK - 28718/Locations/ZoneNameType"), Keys.chord(ARROW_DOWN, ENTER)): Keys 'DOWN + ENTER + ' sent to object: 'Object Repository/Regression BackOffice/CLINK - 28718/Locations/ZoneNameType'

2019-06-24 13:25:15 - [MESSAGE][PASSED] - Keys 'DOWN + ENTER + ' sent to object: 'Object Repository/Regression BackOffice/CLINK - 28718/Locations/ZoneNameType'

2019-06-24 13:25:15 - [TEST_STEP][PASSED] - delay(5): Delayed 5 second(s)

2019-06-24 13:25:20 - [MESSAGE][PASSED] - Delayed 5 second(s)

2019-06-24 13:25:20 - [TEST_STEP][PASSED] - waitForElementPresent(findTestObject("Regression BackOffice/CLINK - 28718/Locations/Hawaii Facility"), 100): Object 'Object Repository/Regression BackOffice/CLINK - 28718/Locations/Hawaii Facility' is present

2019-06-24 13:25:20 - [MESSAGE][PASSED] - Object 'Object Repository/Regression BackOffice/CLINK - 28718/Locations/Hawaii Facility' is present

2019-06-24 13:25:20 - [TEST_STEP][PASSED] - click(findTestObject("Regression BackOffice/CLINK - 28718/Locations/Hawaii Facility")): Object: 'Object Repository/Regression BackOffice/CLINK - 28718/Locations/Hawaii Facility' is clicked on

2019-06-24 13:25:20 - [MESSAGE][PASSED] - Object: 'Object Repository/Regression BackOffice/CLINK - 28718/Locations/Hawaii Facility' is clicked on

2019-06-24 13:25:20 - [TEST_STEP][PASSED] - delay(5): Delayed 5 second(s)

2019-06-24 13:25:25 - [MESSAGE][PASSED] - Delayed 5 second(s)

2019-06-24 13:25:25 - [TEST_STEP][PASSED] - waitForElementPresent(findTestObject("Regression BackOffice/CLINK - 28718/Locations/a_Add To List"), 100): Object 'Object Repository/Regression BackOffice/CLINK - 28718/Locations/a_Add To List' is present

2019-06-24 13:25:25 - [MESSAGE][PASSED] - Object 'Object Repository/Regression BackOffice/CLINK - 28718/Locations/a_Add To List' is present

2019-06-24 13:25:25 - [TEST_STEP][PASSED] - click(findTestObject("Regression BackOffice/CLINK - 28718/Locations/a_Add To List")): Object: 'Object Repository/Regression BackOffice/CLINK - 28718/Locations/a_Add To List' is clicked on

2019-06-24 13:25:26 - [MESSAGE][PASSED] - Object: 'Object Repository/Regression BackOffice/CLINK - 28718/Locations/a_Add To List' is clicked on

2019-06-24 13:25:26 - [TEST_STEP][PASSED] - delay(5): Delayed 5 second(s)

2019-06-24 13:25:31 - [MESSAGE][PASSED] - Delayed 5 second(s)

2019-06-24 13:25:31 - [TEST_STEP][PASSED] - switchToDefaultContent(): null

2019-06-24 13:25:31 - [TEST_STEP][PASSED] - switchToFrame(findTestObject("Regression BackOffice/CLINK - 28718/BannerFrame"), 50): null

2019-06-24 13:25:31 - [TEST_STEP][PASSED] - waitForElementPresent(findTestObject("Regression BackOffice/CLINK - 28718/Locations/_bttnSaveLocations"), 50): Object 'Object Repository/Regression BackOffice/CLINK - 28718/Locations/_bttnSaveLocations' is present

2019-06-24 13:25:31 - [MESSAGE][PASSED] - Object 'Object Repository/Regression BackOffice/CLINK - 28718/Locations/_bttnSaveLocations' is present

2019-06-24 13:25:32 - [TEST_STEP][PASSED] - click(findTestObject("Regression BackOffice/CLINK - 28718/Locations/_bttnSaveLocations")): Object: 'Object Repository/Regression BackOffice/CLINK - 28718/Locations/_bttnSaveLocations' is clicked on

2019-06-24 13:25:36 - [MESSAGE][PASSED] - Object: 'Object Repository/Regression BackOffice/CLINK - 28718/Locations/_bttnSaveLocations' is clicked on

2019-06-24 13:25:36 - [TEST_STEP][PASSED] - delay(3): Delayed 3 second(s)

2019-06-24 13:25:39 - [MESSAGE][PASSED] - Delayed 3 second(s)

2019-06-24 13:25:39 - [TEST_STEP][PASSED] - switchToDefaultContent(): null

2019-06-24 13:25:39 - [TEST_STEP][PASSED] - switchToFrame(findTestObject("Regression BackOffice/CLNK-23449/FrameLeft"), 30): null

2019-06-24 13:25:39 - [TEST_STEP][PASSED] - waitForElementPresent(findTestObject("Regression BackOffice/CLINK - 28718/License/Caregiver Attributes"), 100): Object 'Object Repository/Regression BackOffice/CLINK - 28718/License/Caregiver Attributes' is present

2019-06-24 13:25:39 - [MESSAGE][PASSED] - Object 'Object Repository/Regression BackOffice/CLINK - 28718/License/Caregiver Attributes' is present

2019-06-24 13:25:39 - [TEST_STEP][PASSED] - click(findTestObject("Regression BackOffice/CLINK - 28718/License/Caregiver Attributes")): Object: 'Object Repository/Regression BackOffice/CLINK - 28718/License/Caregiver Attributes' is clicked on

2019-06-24 13:25:42 - [MESSAGE][PASSED] - Object: 'Object Repository/Regression BackOffice/CLINK - 28718/License/Caregiver Attributes' is clicked on

2019-06-24 13:25:42 - [TEST_STEP][PASSED] - delay(2): Delayed 2 second(s)

2019-06-24 13:25:44 - [MESSAGE][PASSED] - Delayed 2 second(s)

2019-06-24 13:25:44 - [TEST_STEP][PASSED] - switchToDefaultContent(): null

2019-06-24 13:25:44 - [TEST_STEP][PASSED] - switchToFrame(findTestObject("Regression BackOffice/CLNK-23449/FrameMain"), 30): null

2019-06-24 13:25:45 - [TEST_STEP][PASSED] - delay(5): Delayed 5 second(s)

2019-06-24 13:25:50 - [MESSAGE][PASSED] - Delayed 5 second(s)

2019-06-24 13:25:50 - [TEST_STEP][PASSED] - waitForElementPresent(findTestObject("Regression BackOffice/CLINK - 28718/License/EditAttrbiute"), 100): Object 'Object Repository/Regression BackOffice/CLINK - 28718/License/EditAttrbiute' is present

2019-06-24 13:25:50 - [MESSAGE][PASSED] - Object 'Object Repository/Regression BackOffice/CLINK - 28718/License/EditAttrbiute' is present

2019-06-24 13:25:50 - [TEST_STEP][PASSED] - click(findTestObject("Regression BackOffice/CLINK - 28718/License/EditAttrbiute")): Object: 'Object Repository/Regression BackOffice/CLINK - 28718/License/EditAttrbiute' is clicked on

2019-06-24 13:25:50 - [MESSAGE][PASSED] - Object: 'Object Repository/Regression BackOffice/CLINK - 28718/License/EditAttrbiute' is clicked on

2019-06-24 13:25:50 - [TEST_STEP][PASSED] - delay(5): Delayed 5 second(s)

2019-06-24 13:25:55 - [MESSAGE][PASSED] - Delayed 5 second(s)

2019-06-24 13:25:55 - [TEST_STEP][PASSED] - click(findTestObject("Regression BackOffice/CLINK - 28718/License/LicenseNro"), CONTINUE_ON_FAILURE): Object: 'Object Repository/Regression BackOffice/CLINK - 28718/License/LicenseNro' is clicked on

2019-06-24 13:25:56 - [MESSAGE][PASSED] - Object: 'Object Repository/Regression BackOffice/CLINK - 28718/License/LicenseNro' is clicked on

2019-06-24 13:25:56 - [TEST_STEP][PASSED] - sendKeys(findTestObject("Regression BackOffice/CLINK - 28718/License/LicenseNro"), "12"): Keys '12' sent to object: 'Object Repository/Regression BackOffice/CLINK - 28718/License/LicenseNro'

2019-06-24 13:25:56 - [MESSAGE][PASSED] - Keys '12' sent to object: 'Object Repository/Regression BackOffice/CLINK - 28718/License/LicenseNro'

2019-06-24 13:25:57 - [TEST_STEP][PASSED] - delay(3): Delayed 3 second(s)

2019-06-24 13:26:00 - [MESSAGE][PASSED] - Delayed 3 second(s)

2019-06-24 13:26:00 - [TEST_STEP][PASSED] - click(findTestObject("Regression BackOffice/CLINK - 28718/License/License Expiration Date")): Object: 'Object Repository/Regression BackOffice/CLINK - 28718/License/License Expiration Date' is clicked on

2019-06-24 13:26:00 - [MESSAGE][PASSED] - Object: 'Object Repository/Regression BackOffice/CLINK - 28718/License/License Expiration Date' is clicked on

2019-06-24 13:26:00 - [TEST_STEP][PASSED] - sendKeys(findTestObject("Regression BackOffice/CLINK - 28718/License/License Expiration Date"), getDate.DateUtilities.getDateMonthDayYearNumberwithSlash()): Keys '06/24/2019' sent to object: 'Object Repository/Regression BackOffice/CLINK - 28718/License/License Expiration Date'

2019-06-24 13:26:00 - [MESSAGE][PASSED] - getDate.DateUtilities.getDateMonthDayYearNumberwithSlash is PASSED

2019-06-24 13:26:01 - [MESSAGE][PASSED] - Keys '06/24/2019' sent to object: 'Object Repository/Regression BackOffice/CLINK - 28718/License/License Expiration Date'

2019-06-24 13:26:01 - [TEST_STEP][PASSED] - delay(3): Delayed 3 second(s)

2019-06-24 13:26:04 - [MESSAGE][PASSED] - Delayed 3 second(s)

2019-06-24 13:26:04 - [TEST_STEP][PASSED] - click(findTestObject("Regression BackOffice/CLINK - 28718/License/License Renewal Date")): Object: 'Object Repository/Regression BackOffice/CLINK - 28718/License/License Renewal Date' is clicked on

2019-06-24 13:26:05 - [MESSAGE][PASSED] - Object: 'Object Repository/Regression BackOffice/CLINK - 28718/License/License Renewal Date' is clicked on

2019-06-24 13:26:05 - [TEST_STEP][PASSED] - sendKeys(findTestObject("Regression BackOffice/CLINK - 28718/License/License Renewal Date"), getDate.DateUtilities.getDateMonthDayYearNumberwithSlash()): Keys '06/24/2019' sent to object: 'Object Repository/Regression BackOffice/CLINK - 28718/License/License Renewal Date'

2019-06-24 13:26:05 - [MESSAGE][PASSED] - getDate.DateUtilities.getDateMonthDayYearNumberwithSlash is PASSED

2019-06-24 13:26:06 - [MESSAGE][PASSED] - Keys '06/24/2019' sent to object: 'Object Repository/Regression BackOffice/CLINK - 28718/License/License Renewal Date'

2019-06-24 13:26:06 - [TEST_STEP][PASSED] - delay(3): Delayed 3 second(s)

2019-06-24 13:26:09 - [MESSAGE][PASSED] - Delayed 3 second(s)

2019-06-24 13:26:09 - [TEST_STEP][PASSED] - waitForElementPresent(findTestObject("Regression BackOffice/CLINK - 28718/License/input_State Issued _txtStateIssued"), 50): Object 'Object Repository/Regression BackOffice/CLINK - 28718/License/input_State Issued _txtStateIssued' is present

2019-06-24 13:26:09 - [MESSAGE][PASSED] - Object 'Object Repository/Regression BackOffice/CLINK - 28718/License/input_State Issued _txtStateIssued' is present

2019-06-24 13:26:09 - [TEST_STEP][PASSED] - click(findTestObject("Regression BackOffice/CLINK - 28718/License/input_State Issued _txtStateIssued"), CONTINUE_ON_FAILURE): Object: 'Object Repository/Regression BackOffice/CLINK - 28718/License/input_State Issued _txtStateIssued' is clicked on

2019-06-24 13:26:09 - [MESSAGE][PASSED] - Object: 'Object Repository/Regression BackOffice/CLINK - 28718/License/input_State Issued _txtStateIssued' is clicked on

2019-06-24 13:26:09 - [TEST_STEP][PASSED] - delay(2): Delayed 2 second(s)

2019-06-24 13:26:11 - [MESSAGE][PASSED] - Delayed 2 second(s)

2019-06-24 13:26:11 - [TEST_STEP][PASSED] - sendKeys(findTestObject("Regression BackOffice/CLINK - 28718/License/input_State Issued _txtStateIssued"), "AC"): Keys 'AC' sent to object: 'Object Repository/Regression BackOffice/CLINK - 28718/License/input_State Issued _txtStateIssued'

2019-06-24 13:26:12 - [MESSAGE][PASSED] - Keys 'AC' sent to object: 'Object Repository/Regression BackOffice/CLINK - 28718/License/input_State Issued _txtStateIssued'

2019-06-24 13:26:12 - [TEST_STEP][PASSED] - delay(3): Delayed 3 second(s)

2019-06-24 13:26:15 - [MESSAGE][PASSED] - Delayed 3 second(s)

2019-06-24 13:26:15 - [TEST_STEP][PASSED] - click(findTestObject("Regression BackOffice/CLINK - 28718/License/License Checked"), CONTINUE_ON_FAILURE): Object: 'Object Repository/Regression BackOffice/CLINK - 28718/License/License Checked' is clicked on

2019-06-24 13:26:15 - [MESSAGE][PASSED] - Object: 'Object Repository/Regression BackOffice/CLINK - 28718/License/License Checked' is clicked on

2019-06-24 13:26:15 - [TEST_STEP][PASSED] - delay(2): Delayed 2 second(s)

2019-06-24 13:26:17 - [MESSAGE][PASSED] - Delayed 2 second(s)

2019-06-24 13:26:17 - [TEST_STEP][PASSED] - sendKeys(findTestObject("Regression BackOffice/CLINK - 28718/License/License Checked"), "Isaac"): Keys 'Isaac' sent to object: 'Object Repository/Regression BackOffice/CLINK - 28718/License/License Checked'

2019-06-24 13:26:18 - [MESSAGE][PASSED] - Keys 'Isaac' sent to object: 'Object Repository/Regression BackOffice/CLINK - 28718/License/License Checked'

2019-06-24 13:26:18 - [TEST_STEP][PASSED] - delay(3): Delayed 3 second(s)

2019-06-24 13:26:21 - [MESSAGE][PASSED] - Delayed 3 second(s)

2019-06-24 13:26:21 - [TEST_STEP][PASSED] - click(findTestObject("Regression BackOffice/CLINK - 28718/License/License Checked Date")): Object: 'Object Repository/Regression BackOffice/CLINK - 28718/License/License Checked Date' is clicked on

2019-06-24 13:26:22 - [MESSAGE][PASSED] - Object: 'Object Repository/Regression BackOffice/CLINK - 28718/License/License Checked Date' is clicked on

2019-06-24 13:26:22 - [TEST_STEP][PASSED] - sendKeys(findTestObject("Regression BackOffice/CLINK - 28718/License/License Checked Date"), getDate.DateUtilities.getDateMonthDayYearNumberwithSlash()): Keys '06/24/2019' sent to object: 'Object Repository/Regression BackOffice/CLINK - 28718/License/License Checked Date'

2019-06-24 13:26:22 - [MESSAGE][PASSED] - getDate.DateUtilities.getDateMonthDayYearNumberwithSlash is PASSED

2019-06-24 13:26:22 - [MESSAGE][PASSED] - Keys '06/24/2019' sent to object: 'Object Repository/Regression BackOffice/CLINK - 28718/License/License Checked Date'

2019-06-24 13:26:22 - [TEST_STEP][PASSED] - delay(3): Delayed 3 second(s)

2019-06-24 13:26:25 - [MESSAGE][PASSED] - Delayed 3 second(s)

2019-06-24 13:26:25 - [TEST_STEP][PASSED] - waitForElementPresent(findTestObject("Regression BackOffice/CLINK - 28718/License/Add To List License"), 100): Object 'Object Repository/Regression BackOffice/CLINK - 28718/License/Add To List License' is present

2019-06-24 13:26:26 - [MESSAGE][PASSED] - Object 'Object Repository/Regression BackOffice/CLINK - 28718/License/Add To List License' is present

2019-06-24 13:26:26 - [TEST_STEP][PASSED] - click(findTestObject("Regression BackOffice/CLINK - 28718/License/Add To List License")): Object: 'Object Repository/Regression BackOffice/CLINK - 28718/License/Add To List License' is clicked on

2019-06-24 13:26:26 - [MESSAGE][PASSED] - Object: 'Object Repository/Regression BackOffice/CLINK - 28718/License/Add To List License' is clicked on

2019-06-24 13:26:26 - [TEST_STEP][PASSED] - delay(5): Delayed 5 second(s)

2019-06-24 13:26:31 - [MESSAGE][PASSED] - Delayed 5 second(s)

2019-06-24 13:26:31 - [TEST_STEP][PASSED] - switchToDefaultContent(): null

2019-06-24 13:26:31 - [TEST_STEP][PASSED] - switchToFrame(findTestObject("Regression BackOffice/CLINK - 28718/BannerFrame"), 50): null

2019-06-24 13:26:31 - [TEST_STEP][PASSED] - waitForElementPresent(findTestObject("Regression BackOffice/CLINK - 28718/License/_btnSaveLicense"), 50): Object 'Object Repository/Regression BackOffice/CLINK - 28718/License/_btnSaveLicense' is present

2019-06-24 13:26:32 - [MESSAGE][PASSED] - Object 'Object Repository/Regression BackOffice/CLINK - 28718/License/_btnSaveLicense' is present

2019-06-24 13:26:32 - [TEST_STEP][PASSED] - click(findTestObject("Regression BackOffice/CLINK - 28718/License/_btnSaveLicense")): Object: 'Object Repository/Regression BackOffice/CLINK - 28718/License/_btnSaveLicense' is clicked on

2019-06-24 13:26:37 - [MESSAGE][PASSED] - Object: 'Object Repository/Regression BackOffice/CLINK - 28718/License/_btnSaveLicense' is clicked on

2019-06-24 13:26:37 - [TEST_STEP][PASSED] - delay(3): Delayed 3 second(s)

2019-06-24 13:26:40 - [MESSAGE][PASSED] - Delayed 3 second(s)

2019-06-24 13:26:40 - [TEST_STEP][PASSED] - switchToDefaultContent(): null

2019-06-24 13:26:40 - [TEST_STEP][PASSED] - switchToFrame(findTestObject("Regression BackOffice/CLNK-23449/FrameLeft"), 30): null

2019-06-24 13:26:40 - [TEST_STEP][PASSED] - waitForElementPresent(findTestObject("Regression BackOffice/CLINK - 28718/Active/Caregiver Demographics"), 100): Object 'Object Repository/Regression BackOffice/CLINK - 28718/Active/Caregiver Demographics' is present

2019-06-24 13:26:41 - [MESSAGE][PASSED] - Object 'Object Repository/Regression BackOffice/CLINK - 28718/Active/Caregiver Demographics' is present

2019-06-24 13:26:41 - [TEST_STEP][PASSED] - click(findTestObject("Regression BackOffice/CLINK - 28718/Active/Caregiver Demographics")): Object: 'Object Repository/Regression BackOffice/CLINK - 28718/Active/Caregiver Demographics' is clicked on

2019-06-24 13:26:44 - [MESSAGE][PASSED] - Object: 'Object Repository/Regression BackOffice/CLINK - 28718/Active/Caregiver Demographics' is clicked on

2019-06-24 13:26:44 - [TEST_STEP][PASSED] - delay(2): Delayed 2 second(s)

2019-06-24 13:26:46 - [MESSAGE][PASSED] - Delayed 2 second(s)

2019-06-24 13:26:46 - [TEST_STEP][PASSED] - switchToDefaultContent(): null

2019-06-24 13:26:46 - [TEST_STEP][PASSED] - switchToFrame(findTestObject("Regression BackOffice/CLNK-23449/FrameMain"), 30): null

2019-06-24 13:26:46 - [TEST_STEP][PASSED] - delay(5): Delayed 5 second(s)

2019-06-24 13:26:51 - [MESSAGE][PASSED] - Delayed 5 second(s)

2019-06-24 13:26:51 - [TEST_STEP][PASSED] - waitForElementPresent(findTestObject("Regression BackOffice/CLINK - 28718/Active/Status"), 100): Object 'Object Repository/Regression BackOffice/CLINK - 28718/Active/Status' is present

2019-06-24 13:26:51 - [MESSAGE][PASSED] - Object 'Object Repository/Regression BackOffice/CLINK - 28718/Active/Status' is present

2019-06-24 13:26:51 - [TEST_STEP][PASSED] - click(findTestObject("Regression BackOffice/CLINK - 28718/Active/Status")): Object: 'Object Repository/Regression BackOffice/CLINK - 28718/Active/Status' is clicked on

2019-06-24 13:26:52 - [MESSAGE][PASSED] - Object: 'Object Repository/Regression BackOffice/CLINK - 28718/Active/Status' is clicked on

2019-06-24 13:26:52 - [TEST_STEP][PASSED] - sendKeys(findTestObject("Regression BackOffice/CLINK - 28718/Active/Status"), Keys.chord(ARROW_DOWN, ARROW_DOWN, ENTER)): Keys 'DOWN + DOWN + ENTER + ' sent to object: 'Object Repository/Regression BackOffice/CLINK - 28718/Active/Status'

2019-06-24 13:26:52 - [MESSAGE][PASSED] - Keys 'DOWN + DOWN + ENTER + ' sent to object: 'Object Repository/Regression BackOffice/CLINK - 28718/Active/Status'

2019-06-24 13:26:52 - [TEST_STEP][PASSED] - delay(5): Delayed 5 second(s)

2019-06-24 13:26:57 - [MESSAGE][PASSED] - Delayed 5 second(s)

2019-06-24 13:26:57 - [TEST_STEP][PASSED] - click(findTestObject("Regression BackOffice/CLINK - 28718/Active/Effective DateStatus")): Object: 'Object Repository/Regression BackOffice/CLINK - 28718/Active/Effective DateStatus' is clicked on

2019-06-24 13:26:58 - [MESSAGE][PASSED] - Object: 'Object Repository/Regression BackOffice/CLINK - 28718/Active/Effective DateStatus' is clicked on

2019-06-24 13:26:58 - [TEST_STEP][PASSED] - sendKeys(findTestObject("Regression BackOffice/CLINK - 28718/Active/Effective DateStatus"), getDate.DateUtilities.getDateMonthDayYearNumberwithSlash()): Keys '06/24/2019' sent to object: 'Object Repository/Regression BackOffice/CLINK - 28718/Active/Effective DateStatus'

2019-06-24 13:26:58 - [MESSAGE][PASSED] - getDate.DateUtilities.getDateMonthDayYearNumberwithSlash is PASSED

2019-06-24 13:26:59 - [MESSAGE][PASSED] - Keys '06/24/2019' sent to object: 'Object Repository/Regression BackOffice/CLINK - 28718/Active/Effective DateStatus'

2019-06-24 13:26:59 - [TEST_STEP][PASSED] - delay(3): Delayed 3 second(s)

2019-06-24 13:27:02 - [MESSAGE][PASSED] - Delayed 3 second(s)

2019-06-24 13:27:02 - [TEST_STEP][NOT_RUN] - waitForElementPresent(findTestObject("Regression BackOffice/CLINK - 28718/Active/ReasonCode"), 100): NOT_RUN: waitForElementPresent(findTestObject("Regression BackOffice/CLINK - 28718/Active/ReasonCode"), 100)

2019-06-24 13:27:02 - [MESSAGE][NOT_RUN] - NOT_RUN: waitForElementPresent(findTestObject("Regression BackOffice/CLINK - 28718/Active/ReasonCode"), 100)

2019-06-24 13:27:02 - [TEST_STEP][NOT_RUN] - click(findTestObject("Regression BackOffice/CLINK - 28718/Active/ReasonCode")): NOT_RUN: click(findTestObject("Regression BackOffice/CLINK - 28718/Active/ReasonCode"))

2019-06-24 13:27:02 - [MESSAGE][NOT_RUN] - NOT_RUN: click(findTestObject("Regression BackOffice/CLINK - 28718/Active/ReasonCode"))

2019-06-24 13:27:02 - [TEST_STEP][NOT_RUN] - sendKeys(findTestObject("Regression BackOffice/CLINK - 28718/Active/ReasonCode"), Keys.chord(ARROW_DOWN, ENTER)): NOT_RUN: sendKeys(findTestObject("Regression BackOffice/CLINK - 28718/Active/ReasonCode"), Keys.chord(ARROW_DOWN, ENTER))

2019-06-24 13:27:02 - [MESSAGE][NOT_RUN] - NOT_RUN: sendKeys(findTestObject("Regression BackOffice/CLINK - 28718/Active/ReasonCode"), Keys.chord(ARROW_DOWN, ENTER))

2019-06-24 13:27:02 - [TEST_STEP][NOT_RUN] - delay(5): NOT_RUN: delay(5)

2019-06-24 13:27:02 - [MESSAGE][NOT_RUN] - NOT_RUN: delay(5)

2019-06-24 13:27:02 - [TEST_STEP][PASSED] - click(findTestObject("Regression BackOffice/CLINK - 28718/Active/Comments")): Object: 'Object Repository/Regression BackOffice/CLINK - 28718/Active/Comments' is clicked on

2019-06-24 13:27:03 - [MESSAGE][PASSED] - Object: 'Object Repository/Regression BackOffice/CLINK - 28718/Active/Comments' is clicked on

2019-06-24 13:27:03 - [TEST_STEP][PASSED] - sendKeys(findTestObject("Regression BackOffice/CLINK - 28718/Active/Comments"), "Isaac"): Keys 'Isaac' sent to object: 'Object Repository/Regression BackOffice/CLINK - 28718/Active/Comments'

2019-06-24 13:27:03 - [MESSAGE][PASSED] - Keys 'Isaac' sent to object: 'Object Repository/Regression BackOffice/CLINK - 28718/Active/Comments'

2019-06-24 13:27:03 - [TEST_STEP][PASSED] - delay(3): Delayed 3 second(s)

2019-06-24 13:27:06 - [MESSAGE][PASSED] - Delayed 3 second(s)

2019-06-24 13:27:06 - [TEST_STEP][PASSED] - scrollToElement(findTestObject("Regression BackOffice/CLINK - 28718/Active/Date Check was Sent"), 50): Scroll to object 'Object Repository/Regression BackOffice/CLINK - 28718/Active/Date Check was Sent' successfully

2019-06-24 13:27:07 - [MESSAGE][PASSED] - Scroll to object 'Object Repository/Regression BackOffice/CLINK - 28718/Active/Date Check was Sent' successfully

2019-06-24 13:27:07 - [TEST_STEP][PASSED] - click(findTestObject("Regression BackOffice/CLINK - 28718/Active/Date Check was Sent")): Object: 'Object Repository/Regression BackOffice/CLINK - 28718/Active/Date Check was Sent' is clicked on

2019-06-24 13:27:07 - [MESSAGE][PASSED] - Object: 'Object Repository/Regression BackOffice/CLINK - 28718/Active/Date Check was Sent' is clicked on

2019-06-24 13:27:07 - [TEST_STEP][PASSED] - sendKeys(findTestObject("Regression BackOffice/CLINK - 28718/Active/Date Check was Sent"), getDate.DateUtilities.getDateMonthDayYearNumberwithSlash()): Keys '06/24/2019' sent to object: 'Object Repository/Regression BackOffice/CLINK - 28718/Active/Date Check was Sent'

2019-06-24 13:27:07 - [MESSAGE][PASSED] - getDate.DateUtilities.getDateMonthDayYearNumberwithSlash is PASSED

2019-06-24 13:27:09 - [MESSAGE][PASSED] - Keys '06/24/2019' sent to object: 'Object Repository/Regression BackOffice/CLINK - 28718/Active/Date Check was Sent'

2019-06-24 13:27:09 - [TEST_STEP][PASSED] - delay(3): Delayed 3 second(s)

2019-06-24 13:27:12 - [MESSAGE][PASSED] - Delayed 3 second(s)

2019-06-24 13:27:12 - [TEST_STEP][PASSED] - click(findTestObject("Regression BackOffice/CLINK - 28718/Active/input_Date Check Received_txtDateCheckRecvd")): Object: 'Object Repository/Regression BackOffice/CLINK - 28718/Active/input_Date Check Received_txtDateCheckRecvd' is clicked on

2019-06-24 13:27:12 - [MESSAGE][PASSED] - Object: 'Object Repository/Regression BackOffice/CLINK - 28718/Active/input_Date Check Received_txtDateCheckRecvd' is clicked on

2019-06-24 13:27:12 - [TEST_STEP][PASSED] - sendKeys(findTestObject("Regression BackOffice/CLINK - 28718/Active/input_Date Check Received_txtDateCheckRecvd"), getDate.DateUtilities.getDateMonthDayYearNumberwithSlash()): Keys '06/24/2019' sent to object: 'Object Repository/Regression BackOffice/CLINK - 28718/Active/input_Date Check Received_txtDateCheckRecvd'

2019-06-24 13:27:12 - [MESSAGE][PASSED] - getDate.DateUtilities.getDateMonthDayYearNumberwithSlash is PASSED

2019-06-24 13:27:13 - [MESSAGE][PASSED] - Keys '06/24/2019' sent to object: 'Object Repository/Regression BackOffice/CLINK - 28718/Active/input_Date Check Received_txtDateCheckRecvd'

2019-06-24 13:27:13 - [TEST_STEP][PASSED] - delay(3): Delayed 3 second(s)

2019-06-24 13:27:16 - [MESSAGE][PASSED] - Delayed 3 second(s)

2019-06-24 13:27:16 - [TEST_STEP][PASSED] - click(findTestObject("Regression BackOffice/CLINK - 28718/Active/Background Check Completed")): Object: 'Object Repository/Regression BackOffice/CLINK - 28718/Active/Background Check Completed' is clicked on

2019-06-24 13:27:16 - [MESSAGE][PASSED] - Object: 'Object Repository/Regression BackOffice/CLINK - 28718/Active/Background Check Completed' is clicked on

2019-06-24 13:27:16 - [TEST_STEP][PASSED] - sendKeys(findTestObject("Regression BackOffice/CLINK - 28718/Active/Background Check Completed"), getDate.DateUtilities.getDateMonthDayYearNumberwithSlash()): Keys '06/24/2019' sent to object: 'Object Repository/Regression BackOffice/CLINK - 28718/Active/Background Check Completed'

2019-06-24 13:27:16 - [MESSAGE][PASSED] - getDate.DateUtilities.getDateMonthDayYearNumberwithSlash is PASSED

2019-06-24 13:27:17 - [MESSAGE][PASSED] - Keys '06/24/2019' sent to object: 'Object Repository/Regression BackOffice/CLINK - 28718/Active/Background Check Completed'

2019-06-24 13:27:17 - [TEST_STEP][PASSED] - delay(3): Delayed 3 second(s)

2019-06-24 13:27:20 - [MESSAGE][PASSED] - Delayed 3 second(s)

2019-06-24 13:27:20 - [TEST_STEP][PASSED] - switchToDefaultContent(): null

2019-06-24 13:27:20 - [TEST_STEP][PASSED] - switchToFrame(findTestObject("Regression BackOffice/CLINK - 28718/BannerFrame"), 50): null

2019-06-24 13:27:21 - [TEST_STEP][PASSED] - waitForElementPresent(findTestObject("Regression BackOffice/CLINK - 28718/Active/bttnSaveActive"), 50): Object 'Object Repository/Regression BackOffice/CLINK - 28718/Active/bttnSaveActive' is present

2019-06-24 13:27:21 - [MESSAGE][PASSED] - Object 'Object Repository/Regression BackOffice/CLINK - 28718/Active/bttnSaveActive' is present

2019-06-24 13:27:21 - [TEST_STEP][PASSED] - click(findTestObject("Regression BackOffice/CLINK - 28718/Active/bttnSaveActive")): Object: 'Object Repository/Regression BackOffice/CLINK - 28718/Active/bttnSaveActive' is clicked on

2019-06-24 13:27:28 - [MESSAGE][PASSED] - Object: 'Object Repository/Regression BackOffice/CLINK - 28718/Active/bttnSaveActive' is clicked on

2019-06-24 13:27:28 - [TEST_STEP][PASSED] - delay(3): Delayed 3 second(s)

2019-06-24 13:27:31 - [MESSAGE][PASSED] - Delayed 3 second(s)

2019-06-24 13:27:31 - [TEST_STEP][PASSED] - switchToDefaultContent(): null

2019-06-24 13:27:31 - [TEST_STEP][PASSED] - switchToFrame(findTestObject("Regression BackOffice/CLNK-23449/FrameLeft"), 30): null

2019-06-24 13:27:31 - [TEST_STEP][PASSED] - waitForElementPresent(findTestObject("Regression BackOffice/CLINK - 28718/Administrator/Administrators"), 100): Object 'Object Repository/Regression BackOffice/CLINK - 28718/Administrator/Administrators' is present

2019-06-24 13:27:32 - [MESSAGE][PASSED] - Object 'Object Repository/Regression BackOffice/CLINK - 28718/Administrator/Administrators' is present

2019-06-24 13:27:32 - [TEST_STEP][PASSED] - click(findTestObject("Regression BackOffice/CLINK - 28718/Administrator/Administrators")): Object: 'Object Repository/Regression BackOffice/CLINK - 28718/Administrator/Administrators' is clicked on

2019-06-24 13:27:32 - [MESSAGE][PASSED] - Object: 'Object Repository/Regression BackOffice/CLINK - 28718/Administrator/Administrators' is clicked on

2019-06-24 13:27:32 - [TEST_STEP][PASSED] - delay(2): Delayed 2 second(s)

2019-06-24 13:27:34 - [MESSAGE][PASSED] - Delayed 2 second(s)

2019-06-24 13:27:34 - [TEST_STEP][PASSED] - waitForElementPresent(findTestObject("Regression BackOffice/CLINK - 28718/Administrator/Admin  System Settings"), 100): Object 'Object Repository/Regression BackOffice/CLINK - 28718/Administrator/Admin  System Settings' is present

2019-06-24 13:27:34 - [MESSAGE][PASSED] - Object 'Object Repository/Regression BackOffice/CLINK - 28718/Administrator/Admin  System Settings' is present

2019-06-24 13:27:34 - [TEST_STEP][PASSED] - click(findTestObject("Regression BackOffice/CLINK - 28718/Administrator/Admin  System Settings")): Object: 'Object Repository/Regression BackOffice/CLINK - 28718/Administrator/Admin  System Settings' is clicked on

2019-06-24 13:27:35 - [MESSAGE][PASSED] - Object: 'Object Repository/Regression BackOffice/CLINK - 28718/Administrator/Admin  System Settings' is clicked on

2019-06-24 13:27:35 - [TEST_STEP][PASSED] - delay(2): Delayed 2 second(s)

2019-06-24 13:27:37 - [MESSAGE][PASSED] - Delayed 2 second(s)

2019-06-24 13:27:37 - [TEST_STEP][PASSED] - waitForElementPresent(findTestObject("Regression BackOffice/CLINK - 28718/Administrator/Users"), 100): Object 'Object Repository/Regression BackOffice/CLINK - 28718/Administrator/Users' is present

2019-06-24 13:27:37 - [MESSAGE][PASSED] - Object 'Object Repository/Regression BackOffice/CLINK - 28718/Administrator/Users' is present

2019-06-24 13:27:37 - [TEST_STEP][PASSED] - click(findTestObject("Regression BackOffice/CLINK - 28718/Administrator/Users")): Object: 'Object Repository/Regression BackOffice/CLINK - 28718/Administrator/Users' is clicked on

2019-06-24 13:27:38 - [MESSAGE][PASSED] - Object: 'Object Repository/Regression BackOffice/CLINK - 28718/Administrator/Users' is clicked on

2019-06-24 13:27:38 - [TEST_STEP][PASSED] - delay(2): Delayed 2 second(s)

2019-06-24 13:27:40 - [MESSAGE][PASSED] - Delayed 2 second(s)

2019-06-24 13:27:40 - [TEST_STEP][PASSED] - acceptAlert(): Alert accepted

2019-06-24 13:27:40 - [MESSAGE][PASSED] - Alert accepted

2019-06-24 13:27:40 - [TEST_STEP][PASSED] - switchToDefaultContent(): null

2019-06-24 13:27:42 - [TEST_STEP][PASSED] - switchToFrame(findTestObject("Regression BackOffice/CLNK-23449/FrameMain"), 30): null

2019-06-24 13:27:42 - [TEST_STEP][PASSED] - delay(5): Delayed 5 second(s)

2019-06-24 13:27:47 - [MESSAGE][PASSED] - Delayed 5 second(s)

2019-06-24 13:27:47 - [TEST_STEP][PASSED] - waitForElementPresent(findTestObject("Regression BackOffice/CLINK - 28718/Administrator/Add New User"), 100): Object 'Object Repository/Regression BackOffice/CLINK - 28718/Administrator/Add New User' is present

2019-06-24 13:27:47 - [MESSAGE][PASSED] - Object 'Object Repository/Regression BackOffice/CLINK - 28718/Administrator/Add New User' is present

2019-06-24 13:27:47 - [TEST_STEP][PASSED] - click(findTestObject("Regression BackOffice/CLINK - 28718/Administrator/Add New User")): Object: 'Object Repository/Regression BackOffice/CLINK - 28718/Administrator/Add New User' is clicked on

2019-06-24 13:27:48 - [MESSAGE][PASSED] - Object: 'Object Repository/Regression BackOffice/CLINK - 28718/Administrator/Add New User' is clicked on

2019-06-24 13:27:48 - [TEST_STEP][PASSED] - delay(2): Delayed 2 second(s)

2019-06-24 13:27:50 - [MESSAGE][PASSED] - Delayed 2 second(s)

2019-06-24 13:27:50 - [TEST_STEP][PASSED] - waitForElementPresent(findTestObject("Regression BackOffice/CLINK - 28718/Administrator/CaregiverChkBox"), 100): Object 'Object Repository/Regression BackOffice/CLINK - 28718/Administrator/CaregiverChkBox' is present

2019-06-24 13:27:50 - [MESSAGE][PASSED] - Object 'Object Repository/Regression BackOffice/CLINK - 28718/Administrator/CaregiverChkBox' is present

2019-06-24 13:27:50 - [TEST_STEP][PASSED] - click(findTestObject("Regression BackOffice/CLINK - 28718/Administrator/CaregiverChkBox")): Object: 'Object Repository/Regression BackOffice/CLINK - 28718/Administrator/CaregiverChkBox' is clicked on

2019-06-24 13:27:51 - [MESSAGE][PASSED] - Object: 'Object Repository/Regression BackOffice/CLINK - 28718/Administrator/CaregiverChkBox' is clicked on

2019-06-24 13:27:51 - [TEST_STEP][PASSED] - delay(2): Delayed 2 second(s)

2019-06-24 13:27:53 - [MESSAGE][PASSED] - Delayed 2 second(s)

2019-06-24 13:27:53 - [TEST_STEP][PASSED] - waitForElementPresent(findTestObject("Regression BackOffice/CLINK - 28718/Administrator/Caregiver Name"), 100): Object 'Object Repository/Regression BackOffice/CLINK - 28718/Administrator/Caregiver Name' is present

2019-06-24 13:27:54 - [MESSAGE][PASSED] - Object 'Object Repository/Regression BackOffice/CLINK - 28718/Administrator/Caregiver Name' is present

2019-06-24 13:27:54 - [TEST_STEP][PASSED] - click(findTestObject("Regression BackOffice/CLINK - 28718/Administrator/Caregiver Name")): Object: 'Object Repository/Regression BackOffice/CLINK - 28718/Administrator/Caregiver Name' is clicked on

2019-06-24 13:27:54 - [MESSAGE][PASSED] - Object: 'Object Repository/Regression BackOffice/CLINK - 28718/Administrator/Caregiver Name' is clicked on

2019-06-24 13:27:54 - [TEST_STEP][PASSED] - sendKeys(findTestObject("Regression BackOffice/CLINK - 28718/Administrator/Caregiver Name"), G_CareGiverLastName): Keys 'Review' sent to object: 'Object Repository/Regression BackOffice/CLINK - 28718/Administrator/Caregiver Name'

2019-06-24 13:27:55 - [MESSAGE][PASSED] - Keys 'Review' sent to object: 'Object Repository/Regression BackOffice/CLINK - 28718/Administrator/Caregiver Name'

2019-06-24 13:27:55 - [TEST_STEP][PASSED] - delay(3): Delayed 3 second(s)

2019-06-24 13:27:58 - [MESSAGE][PASSED] - Delayed 3 second(s)

2019-06-24 13:27:58 - [TEST_STEP][PASSED] - click(findTestObject("Regression BackOffice/CLINK - 28718/Administrator/a_Fernandez Barb"), CONTINUE_ON_FAILURE): Object: 'Object Repository/Regression BackOffice/CLINK - 28718/Administrator/a_Fernandez Barb' is clicked on

2019-06-24 13:27:59 - [MESSAGE][PASSED] - Object: 'Object Repository/Regression BackOffice/CLINK - 28718/Administrator/a_Fernandez Barb' is clicked on

2019-06-24 13:27:59 - [TEST_STEP][PASSED] - delay(2): Delayed 2 second(s)

2019-06-24 13:28:01 - [MESSAGE][PASSED] - Delayed 2 second(s)

2019-06-24 13:28:01 - [TEST_STEP][PASSED] - click(findTestObject("Regression BackOffice/CLINK - 28718/Administrator/User Name")): Object: 'Object Repository/Regression BackOffice/CLINK - 28718/Administrator/User Name' is clicked on

2019-06-24 13:28:01 - [MESSAGE][PASSED] - Object: 'Object Repository/Regression BackOffice/CLINK - 28718/Administrator/User Name' is clicked on

2019-06-24 13:28:01 - [TEST_STEP][PASSED] - sendKeys(findTestObject("Regression BackOffice/CLINK - 28718/Administrator/User Name"), G_CaregiverUserName): Keys 'creview' sent to object: 'Object Repository/Regression BackOffice/CLINK - 28718/Administrator/User Name'

2019-06-24 13:28:02 - [MESSAGE][PASSED] - Keys 'creview' sent to object: 'Object Repository/Regression BackOffice/CLINK - 28718/Administrator/User Name'

2019-06-24 13:28:02 - [TEST_STEP][PASSED] - delay(3): Delayed 3 second(s)

2019-06-24 13:28:05 - [MESSAGE][PASSED] - Delayed 3 second(s)

2019-06-24 13:28:05 - [TEST_STEP][PASSED] - click(findTestObject("Regression BackOffice/CLINK - 28718/Administrator/Password")): Object: 'Object Repository/Regression BackOffice/CLINK - 28718/Administrator/Password' is clicked on

2019-06-24 13:28:05 - [MESSAGE][PASSED] - Object: 'Object Repository/Regression BackOffice/CLINK - 28718/Administrator/Password' is clicked on

2019-06-24 13:28:05 - [TEST_STEP][PASSED] - sendKeys(findTestObject("Regression BackOffice/CLINK - 28718/Administrator/Password"), G_PasswordBackOffice): Keys 'qwerty' sent to object: 'Object Repository/Regression BackOffice/CLINK - 28718/Administrator/Password'

2019-06-24 13:28:06 - [MESSAGE][PASSED] - Keys 'qwerty' sent to object: 'Object Repository/Regression BackOffice/CLINK - 28718/Administrator/Password'

2019-06-24 13:28:06 - [TEST_STEP][PASSED] - delay(3): Delayed 3 second(s)

2019-06-24 13:28:09 - [MESSAGE][PASSED] - Delayed 3 second(s)

2019-06-24 13:28:09 - [TEST_STEP][PASSED] - click(findTestObject("Regression BackOffice/CLINK - 28718/Administrator/Confirm newPassword")): Object: 'Object Repository/Regression BackOffice/CLINK - 28718/Administrator/Confirm newPassword' is clicked on

2019-06-24 13:28:10 - [MESSAGE][PASSED] - Object: 'Object Repository/Regression BackOffice/CLINK - 28718/Administrator/Confirm newPassword' is clicked on

2019-06-24 13:28:10 - [TEST_STEP][PASSED] - sendKeys(findTestObject("Regression BackOffice/CLINK - 28718/Administrator/Confirm newPassword"), G_PasswordBackOffice): Keys 'qwerty' sent to object: 'Object Repository/Regression BackOffice/CLINK - 28718/Administrator/Confirm newPassword'

2019-06-24 13:28:10 - [MESSAGE][PASSED] - Keys 'qwerty' sent to object: 'Object Repository/Regression BackOffice/CLINK - 28718/Administrator/Confirm newPassword'

2019-06-24 13:28:10 - [TEST_STEP][PASSED] - delay(3): Delayed 3 second(s)

2019-06-24 13:28:13 - [MESSAGE][PASSED] - Delayed 3 second(s)

2019-06-24 13:28:13 - [TEST_STEP][PASSED] - waitForElementPresent(findTestObject("Regression BackOffice/CLINK - 28718/Administrator/Email"), 100): Object 'Object Repository/Regression BackOffice/CLINK - 28718/Administrator/Email' is present

2019-06-24 13:28:14 - [MESSAGE][PASSED] - Object 'Object Repository/Regression BackOffice/CLINK - 28718/Administrator/Email' is present

2019-06-24 13:28:14 - [TEST_STEP][PASSED] - click(findTestObject("Regression BackOffice/CLINK - 28718/Administrator/Email")): Object: 'Object Repository/Regression BackOffice/CLINK - 28718/Administrator/Email' is clicked on

2019-06-24 13:28:14 - [MESSAGE][PASSED] - Object: 'Object Repository/Regression BackOffice/CLINK - 28718/Administrator/Email' is clicked on

2019-06-24 13:28:14 - [TEST_STEP][PASSED] - sendKeys(findTestObject("Regression BackOffice/CLINK - 28718/Administrator/Email"), "imm@gmail.com"): Keys 'imm@gmail.com' sent to object: 'Object Repository/Regression BackOffice/CLINK - 28718/Administrator/Email'

2019-06-24 13:28:15 - [MESSAGE][PASSED] - Keys 'imm@gmail.com' sent to object: 'Object Repository/Regression BackOffice/CLINK - 28718/Administrator/Email'

2019-06-24 13:28:15 - [TEST_STEP][PASSED] - delay(3): Delayed 3 second(s)

2019-06-24 13:28:18 - [MESSAGE][PASSED] - Delayed 3 second(s)

2019-06-24 13:28:18 - [TEST_STEP][PASSED] - waitForElementPresent(findTestObject("Regression BackOffice/CLINK - 28718/Administrator/Caregiver_chk"), 100): Object 'Object Repository/Regression BackOffice/CLINK - 28718/Administrator/Caregiver_chk' is present

2019-06-24 13:28:18 - [MESSAGE][PASSED] - Object 'Object Repository/Regression BackOffice/CLINK - 28718/Administrator/Caregiver_chk' is present

2019-06-24 13:28:18 - [TEST_STEP][PASSED] - click(findTestObject("Regression BackOffice/CLINK - 28718/Administrator/Caregiver_chk")): Object: 'Object Repository/Regression BackOffice/CLINK - 28718/Administrator/Caregiver_chk' is clicked on

2019-06-24 13:28:19 - [MESSAGE][PASSED] - Object: 'Object Repository/Regression BackOffice/CLINK - 28718/Administrator/Caregiver_chk' is clicked on

2019-06-24 13:28:19 - [TEST_STEP][PASSED] - delay(3): Delayed 3 second(s)

2019-06-24 13:28:22 - [MESSAGE][PASSED] - Delayed 3 second(s)

2019-06-24 13:28:22 - [TEST_STEP][PASSED] - switchToDefaultContent(): null

2019-06-24 13:28:22 - [TEST_STEP][PASSED] - switchToFrame(findTestObject("Regression BackOffice/CLINK - 28718/BannerFrame"), 50): null

2019-06-24 13:28:22 - [TEST_STEP][PASSED] - waitForElementPresent(findTestObject("Regression BackOffice/CLINK - 28718/Administrator/_btnUserSave"), 50): Object 'Object Repository/Regression BackOffice/CLINK - 28718/Administrator/_btnUserSave' is present

2019-06-24 13:28:22 - [MESSAGE][PASSED] - Object 'Object Repository/Regression BackOffice/CLINK - 28718/Administrator/_btnUserSave' is present

2019-06-24 13:28:22 - [TEST_STEP][PASSED] - click(findTestObject("Regression BackOffice/CLINK - 28718/Administrator/_btnUserSave")): Object: 'Object Repository/Regression BackOffice/CLINK - 28718/Administrator/_btnUserSave' is clicked on

2019-06-24 13:28:23 - [MESSAGE][PASSED] - Object: 'Object Repository/Regression BackOffice/CLINK - 28718/Administrator/_btnUserSave' is clicked on

2019-06-24 13:28:23 - [TEST_STEP][PASSED] - delay(3): Delayed 3 second(s)

2019-06-24 13:28:26 - [MESSAGE][PASSED] - Delayed 3 second(s)

2019-06-24 13:28:26 - [TEST_STEP][PASSED] - closeBrowser(): Browser is closed

2019-06-24 13:28:28 - [MESSAGE][PASSED] - Browser is closed]]></system-out>
         <system-err><![CDATA[]]></system-err>
      </testcase>
      <testcase name="Test Cases/Regression BackOffice (All Browsers)/CLNK-23441 - Back office Caregiver - Search criteria" classname="Test Cases/Regression BackOffice (All Browsers)/CLNK-23441 - Back office Caregiver - Search criteria" status="PASSED">
         <system-out><![CDATA[2019-06-24 13:28:31 - [TEST_CASE][PASSED] - Test Cases/Regression BackOffice (All Browsers)/CLNK-23441 - Back office Caregiver - Search criteria: Test Cases/Regression BackOffice (All Browsers)/CLNK-23441 - Back office Caregiver - Search criteria

2019-06-24 13:28:33 - [TEST_STEP][PASSED] - callTestCase(findTestCase("Regression BackOffice (All Browsers)/CLNK-23439 - Clink - Back office Client"), [:], STOP_ON_FAILURE): Call Test Case 'Test Cases/Regression BackOffice (All Browsers)/CLNK-23439 - Clink - Back office Client' successfully

2019-06-24 13:28:33 - [TEST_CASE][PASSED] - Test Cases/Regression BackOffice (All Browsers)/CLNK-23439 - Clink - Back office Client: Test Cases/Regression BackOffice (All Browsers)/CLNK-23439 - Clink - Back office Client

2019-06-24 13:28:33 - [TEST_STEP][PASSED] - openBrowser(G_SiteBackOffice): Browser is opened with url: 'http://qanewpoc.continulink.com:81/backoffice/Login.aspx'

2019-06-24 13:28:33 - [MESSAGE][INFO] - Starting 'Chrome' driver

2019-06-24 13:28:47 - [MESSAGE][PASSED] - Browser is opened with url: 'http://qanewpoc.continulink.com:81/backoffice/Login.aspx'

2019-06-24 13:28:47 - [TEST_STEP][PASSED] - waitForPageLoad(60): Wait for page load successfully

2019-06-24 13:28:47 - [MESSAGE][PASSED] - Wait for page load successfully

2019-06-24 13:28:47 - [TEST_STEP][PASSED] - maximizeWindow(): Current window maximized

2019-06-24 13:28:49 - [MESSAGE][PASSED] - Current window maximized

2019-06-24 13:28:49 - [TEST_STEP][PASSED] - setText(findTestObject("Regression BackOffice/Login/UserBackOffice"), G_UserBackOffice): Text 'demo' is set on object 'Object Repository/Regression BackOffice/Login/UserBackOffice'

2019-06-24 13:28:49 - [MESSAGE][PASSED] - Text 'demo' is set on object 'Object Repository/Regression BackOffice/Login/UserBackOffice'

2019-06-24 13:28:49 - [TEST_STEP][PASSED] - setText(findTestObject("Regression BackOffice/Login/PasswordBackOffice"), G_PasswordBackOffice): Text 'qwerty' is set on object 'Object Repository/Regression BackOffice/Login/PasswordBackOffice'

2019-06-24 13:28:50 - [MESSAGE][PASSED] - Text 'qwerty' is set on object 'Object Repository/Regression BackOffice/Login/PasswordBackOffice'

2019-06-24 13:28:50 - [TEST_STEP][PASSED] - click(findTestObject("Regression BackOffice/Login/LoginBackOffice")): Object: 'Object Repository/Regression BackOffice/Login/LoginBackOffice' is clicked on

2019-06-24 13:28:58 - [MESSAGE][PASSED] - Object: 'Object Repository/Regression BackOffice/Login/LoginBackOffice' is clicked on

2019-06-24 13:28:58 - [TEST_STEP][PASSED] - waitForPageLoad(60): Wait for page load successfully

2019-06-24 13:28:58 - [MESSAGE][PASSED] - Wait for page load successfully

2019-06-24 13:28:58 - [TEST_STEP][PASSED] - delay(3): Delayed 3 second(s)

2019-06-24 13:29:01 - [MESSAGE][PASSED] - Delayed 3 second(s)

2019-06-24 13:29:01 - [TEST_STEP][PASSED] - switchToFrame(findTestObject("Regression BackOffice/CLNK-23449/FrameLeft"), 5): null

2019-06-24 13:29:01 - [TEST_STEP][PASSED] - waitForElementPresent(findTestObject("Regression BackOffice/CLNK-23449/ClienIntakeICon"), 60): Object 'Object Repository/Regression BackOffice/CLNK-23449/ClienIntakeICon' is present

2019-06-24 13:29:01 - [MESSAGE][PASSED] - Object 'Object Repository/Regression BackOffice/CLNK-23449/ClienIntakeICon' is present

2019-06-24 13:29:01 - [TEST_STEP][PASSED] - verifyElementPresent(findTestObject("Regression BackOffice/CLNK-23449/ClienIntakeICon"), 100): Object 'Object Repository/Regression BackOffice/CLNK-23449/ClienIntakeICon' is present

2019-06-24 13:29:01 - [MESSAGE][PASSED] - Object 'Object Repository/Regression BackOffice/CLNK-23449/ClienIntakeICon' is present

2019-06-24 13:29:01 - [TEST_STEP][PASSED] - switchToDefaultContent(): null

2019-06-24 13:29:02 - [MESSAGE][PASSED] - Call Test Case 'Test Cases/Regression BackOffice (All Browsers)/CLNK-23439 - Clink - Back office Client' successfully

2019-06-24 13:29:02 - [TEST_STEP][PASSED] - waitForPageLoad(60): Wait for page load successfully

2019-06-24 13:29:02 - [MESSAGE][PASSED] - Wait for page load successfully

2019-06-24 13:29:02 - [TEST_STEP][PASSED] - delay(3): Delayed 3 second(s)

2019-06-24 13:29:05 - [MESSAGE][PASSED] - Delayed 3 second(s)

2019-06-24 13:29:05 - [TEST_STEP][PASSED] - switchToFrame(findTestObject("Regression BackOffice/CLNK-23449/FrameLeft"), 30): null

2019-06-24 13:29:05 - [TEST_STEP][PASSED] - waitForElementPresent(findTestObject("Regression BackOffice/CLNK-23441/Caregiver  HRLink"), 100): Object 'Object Repository/Regression BackOffice/CLNK-23441/Caregiver  HRLink' is present

2019-06-24 13:29:05 - [MESSAGE][PASSED] - Object 'Object Repository/Regression BackOffice/CLNK-23441/Caregiver  HRLink' is present

2019-06-24 13:29:05 - [TEST_STEP][PASSED] - click(findTestObject("Regression BackOffice/CLNK-23441/Caregiver  HRLink")): Object: 'Object Repository/Regression BackOffice/CLNK-23441/Caregiver  HRLink' is clicked on

2019-06-24 13:29:06 - [MESSAGE][PASSED] - Object: 'Object Repository/Regression BackOffice/CLNK-23441/Caregiver  HRLink' is clicked on

2019-06-24 13:29:06 - [TEST_STEP][PASSED] - delay(2): Delayed 2 second(s)

2019-06-24 13:29:08 - [MESSAGE][PASSED] - Delayed 2 second(s)

2019-06-24 13:29:08 - [TEST_STEP][PASSED] - waitForPageLoad(50): Wait for page load successfully

2019-06-24 13:29:08 - [MESSAGE][PASSED] - Wait for page load successfully

2019-06-24 13:29:08 - [TEST_STEP][PASSED] - waitForElementPresent(findTestObject("Regression BackOffice/CLNK-23441/Caregiver Search"), 50): Object 'Object Repository/Regression BackOffice/CLNK-23441/Caregiver Search' is present

2019-06-24 13:29:08 - [MESSAGE][PASSED] - Object 'Object Repository/Regression BackOffice/CLNK-23441/Caregiver Search' is present

2019-06-24 13:29:08 - [TEST_STEP][PASSED] - click(findTestObject("Regression BackOffice/CLNK-23441/Caregiver Search")): Object: 'Object Repository/Regression BackOffice/CLNK-23441/Caregiver Search' is clicked on

2019-06-24 13:29:11 - [MESSAGE][PASSED] - Object: 'Object Repository/Regression BackOffice/CLNK-23441/Caregiver Search' is clicked on

2019-06-24 13:29:11 - [TEST_STEP][PASSED] - delay(2): Delayed 2 second(s)

2019-06-24 13:29:13 - [MESSAGE][PASSED] - Delayed 2 second(s)

2019-06-24 13:29:13 - [TEST_STEP][PASSED] - switchToDefaultContent(): null

2019-06-24 13:29:13 - [TEST_STEP][PASSED] - switchToFrame(findTestObject("Regression BackOffice/CLNK-23449/FrameMain"), 30): null

2019-06-24 13:29:13 - [TEST_STEP][PASSED] - waitForElementPresent(findTestObject("Regression BackOffice/CLNK-10235/FirstNameSearch"), 50): Object 'Object Repository/Regression BackOffice/CLNK-10235/FirstNameSearch' is present

2019-06-24 13:29:13 - [MESSAGE][PASSED] - Object 'Object Repository/Regression BackOffice/CLNK-10235/FirstNameSearch' is present

2019-06-24 13:29:13 - [TEST_STEP][PASSED] - setText(findTestObject("Regression BackOffice/CLNK-10235/FirstNameSearch"), G_CaregiverFirstName): Text 'Chris' is set on object 'Object Repository/Regression BackOffice/CLNK-10235/FirstNameSearch'

2019-06-24 13:29:14 - [MESSAGE][PASSED] - Text 'Chris' is set on object 'Object Repository/Regression BackOffice/CLNK-10235/FirstNameSearch'

2019-06-24 13:29:14 - [TEST_STEP][PASSED] - delay(2): Delayed 2 second(s)

2019-06-24 13:29:16 - [MESSAGE][PASSED] - Delayed 2 second(s)

2019-06-24 13:29:16 - [TEST_STEP][PASSED] - waitForElementPresent(findTestObject("Regression BackOffice/CLNK-23441/Last NameHR"), 50): Object 'Object Repository/Regression BackOffice/CLNK-23441/Last NameHR' is present

2019-06-24 13:29:17 - [MESSAGE][PASSED] - Object 'Object Repository/Regression BackOffice/CLNK-23441/Last NameHR' is present

2019-06-24 13:29:17 - [TEST_STEP][PASSED] - setText(findTestObject("Regression BackOffice/CLNK-23441/Last NameHR"), G_CareGiverLastName): Text 'Review' is set on object 'Object Repository/Regression BackOffice/CLNK-23441/Last NameHR'

2019-06-24 13:29:17 - [MESSAGE][PASSED] - Text 'Review' is set on object 'Object Repository/Regression BackOffice/CLNK-23441/Last NameHR'

2019-06-24 13:29:17 - [TEST_STEP][PASSED] - delay(2): Delayed 2 second(s)

2019-06-24 13:29:19 - [MESSAGE][PASSED] - Delayed 2 second(s)

2019-06-24 13:29:19 - [TEST_STEP][PASSED] - waitForElementPresent(findTestObject("Regression BackOffice/CLNK-23441/CaregiverSearchButton"), 50): Object 'Object Repository/Regression BackOffice/CLNK-23441/CaregiverSearchButton' is present

2019-06-24 13:29:20 - [MESSAGE][PASSED] - Object 'Object Repository/Regression BackOffice/CLNK-23441/CaregiverSearchButton' is present

2019-06-24 13:29:20 - [TEST_STEP][PASSED] - click(findTestObject("Regression BackOffice/CLNK-23441/CaregiverSearchButton"), STOP_ON_FAILURE): Object: 'Object Repository/Regression BackOffice/CLNK-23441/CaregiverSearchButton' is clicked on

2019-06-24 13:29:22 - [MESSAGE][PASSED] - Object: 'Object Repository/Regression BackOffice/CLNK-23441/CaregiverSearchButton' is clicked on

2019-06-24 13:29:22 - [TEST_STEP][PASSED] - delay(2): Delayed 2 second(s)

2019-06-24 13:29:24 - [MESSAGE][PASSED] - Delayed 2 second(s)

2019-06-24 13:29:24 - [TEST_STEP][PASSED] - closeBrowser(): Browser is closed

2019-06-24 13:29:25 - [MESSAGE][PASSED] - Browser is closed]]></system-out>
         <system-err><![CDATA[]]></system-err>
      </testcase>
      <testcase name="Test Cases/Regression BackOffice (All Browsers)/CLNK-23442 - Back office Caregiver Demographics" classname="Test Cases/Regression BackOffice (All Browsers)/CLNK-23442 - Back office Caregiver Demographics" status="PASSED">
         <system-out><![CDATA[2019-06-24 13:29:28 - [TEST_CASE][PASSED] - Test Cases/Regression BackOffice (All Browsers)/CLNK-23442 - Back office Caregiver Demographics: Test Cases/Regression BackOffice (All Browsers)/CLNK-23442 - Back office Caregiver Demographics

2019-06-24 13:29:29 - [TEST_STEP][PASSED] - callTestCase(findTestCase("Regression BackOffice (All Browsers)/CLNK-23439 - Clink - Back office Client"), [:], STOP_ON_FAILURE): Call Test Case 'Test Cases/Regression BackOffice (All Browsers)/CLNK-23439 - Clink - Back office Client' successfully

2019-06-24 13:29:29 - [TEST_CASE][PASSED] - Test Cases/Regression BackOffice (All Browsers)/CLNK-23439 - Clink - Back office Client: Test Cases/Regression BackOffice (All Browsers)/CLNK-23439 - Clink - Back office Client

2019-06-24 13:29:29 - [TEST_STEP][PASSED] - openBrowser(G_SiteBackOffice): Browser is opened with url: 'http://qanewpoc.continulink.com:81/backoffice/Login.aspx'

2019-06-24 13:29:29 - [MESSAGE][INFO] - Starting 'Chrome' driver

2019-06-24 13:29:39 - [MESSAGE][PASSED] - Browser is opened with url: 'http://qanewpoc.continulink.com:81/backoffice/Login.aspx'

2019-06-24 13:29:39 - [TEST_STEP][PASSED] - waitForPageLoad(60): Wait for page load successfully

2019-06-24 13:29:39 - [MESSAGE][PASSED] - Wait for page load successfully

2019-06-24 13:29:39 - [TEST_STEP][PASSED] - maximizeWindow(): Current window maximized

2019-06-24 13:29:40 - [MESSAGE][PASSED] - Current window maximized

2019-06-24 13:29:40 - [TEST_STEP][PASSED] - setText(findTestObject("Regression BackOffice/Login/UserBackOffice"), G_UserBackOffice): Text 'demo' is set on object 'Object Repository/Regression BackOffice/Login/UserBackOffice'

2019-06-24 13:29:41 - [MESSAGE][PASSED] - Text 'demo' is set on object 'Object Repository/Regression BackOffice/Login/UserBackOffice'

2019-06-24 13:29:41 - [TEST_STEP][PASSED] - setText(findTestObject("Regression BackOffice/Login/PasswordBackOffice"), G_PasswordBackOffice): Text 'qwerty' is set on object 'Object Repository/Regression BackOffice/Login/PasswordBackOffice'

2019-06-24 13:29:42 - [MESSAGE][PASSED] - Text 'qwerty' is set on object 'Object Repository/Regression BackOffice/Login/PasswordBackOffice'

2019-06-24 13:29:42 - [TEST_STEP][PASSED] - click(findTestObject("Regression BackOffice/Login/LoginBackOffice")): Object: 'Object Repository/Regression BackOffice/Login/LoginBackOffice' is clicked on

2019-06-24 13:29:49 - [MESSAGE][PASSED] - Object: 'Object Repository/Regression BackOffice/Login/LoginBackOffice' is clicked on

2019-06-24 13:29:49 - [TEST_STEP][PASSED] - waitForPageLoad(60): Wait for page load successfully

2019-06-24 13:29:49 - [MESSAGE][PASSED] - Wait for page load successfully

2019-06-24 13:29:49 - [TEST_STEP][PASSED] - delay(3): Delayed 3 second(s)

2019-06-24 13:29:52 - [MESSAGE][PASSED] - Delayed 3 second(s)

2019-06-24 13:29:52 - [TEST_STEP][PASSED] - switchToFrame(findTestObject("Regression BackOffice/CLNK-23449/FrameLeft"), 5): null

2019-06-24 13:29:53 - [TEST_STEP][PASSED] - waitForElementPresent(findTestObject("Regression BackOffice/CLNK-23449/ClienIntakeICon"), 60): Object 'Object Repository/Regression BackOffice/CLNK-23449/ClienIntakeICon' is present

2019-06-24 13:29:53 - [MESSAGE][PASSED] - Object 'Object Repository/Regression BackOffice/CLNK-23449/ClienIntakeICon' is present

2019-06-24 13:29:53 - [TEST_STEP][PASSED] - verifyElementPresent(findTestObject("Regression BackOffice/CLNK-23449/ClienIntakeICon"), 100): Object 'Object Repository/Regression BackOffice/CLNK-23449/ClienIntakeICon' is present

2019-06-24 13:29:53 - [MESSAGE][PASSED] - Object 'Object Repository/Regression BackOffice/CLNK-23449/ClienIntakeICon' is present

2019-06-24 13:29:53 - [TEST_STEP][PASSED] - switchToDefaultContent(): null

2019-06-24 13:29:53 - [MESSAGE][PASSED] - Call Test Case 'Test Cases/Regression BackOffice (All Browsers)/CLNK-23439 - Clink - Back office Client' successfully

2019-06-24 13:29:53 - [TEST_STEP][PASSED] - waitForPageLoad(60): Wait for page load successfully

2019-06-24 13:29:53 - [MESSAGE][PASSED] - Wait for page load successfully

2019-06-24 13:29:53 - [TEST_STEP][PASSED] - delay(3): Delayed 3 second(s)

2019-06-24 13:29:56 - [MESSAGE][PASSED] - Delayed 3 second(s)

2019-06-24 13:29:56 - [TEST_STEP][PASSED] - switchToFrame(findTestObject("Regression BackOffice/CLNK-23449/FrameLeft"), 30): null

2019-06-24 13:29:56 - [TEST_STEP][PASSED] - waitForElementPresent(findTestObject("Regression BackOffice/CLNK-23441/Caregiver  HRLink"), 100): Object 'Object Repository/Regression BackOffice/CLNK-23441/Caregiver  HRLink' is present

2019-06-24 13:29:56 - [MESSAGE][PASSED] - Object 'Object Repository/Regression BackOffice/CLNK-23441/Caregiver  HRLink' is present

2019-06-24 13:29:56 - [TEST_STEP][PASSED] - click(findTestObject("Regression BackOffice/CLNK-23441/Caregiver  HRLink")): Object: 'Object Repository/Regression BackOffice/CLNK-23441/Caregiver  HRLink' is clicked on

2019-06-24 13:29:57 - [MESSAGE][PASSED] - Object: 'Object Repository/Regression BackOffice/CLNK-23441/Caregiver  HRLink' is clicked on

2019-06-24 13:29:57 - [TEST_STEP][PASSED] - delay(2): Delayed 2 second(s)

2019-06-24 13:29:59 - [MESSAGE][PASSED] - Delayed 2 second(s)

2019-06-24 13:29:59 - [TEST_STEP][PASSED] - waitForPageLoad(50): Wait for page load successfully

2019-06-24 13:29:59 - [MESSAGE][PASSED] - Wait for page load successfully

2019-06-24 13:29:59 - [TEST_STEP][PASSED] - waitForElementPresent(findTestObject("Regression BackOffice/CLINK-23442/CaregiverDemographics"), 50): Object 'Object Repository/Regression BackOffice/CLINK-23442/CaregiverDemographics' is present

2019-06-24 13:29:59 - [MESSAGE][PASSED] - Object 'Object Repository/Regression BackOffice/CLINK-23442/CaregiverDemographics' is present

2019-06-24 13:29:59 - [TEST_STEP][PASSED] - click(findTestObject("Regression BackOffice/CLINK-23442/CaregiverDemographics")): Object: 'Object Repository/Regression BackOffice/CLINK-23442/CaregiverDemographics' is clicked on

2019-06-24 13:30:02 - [MESSAGE][PASSED] - Object: 'Object Repository/Regression BackOffice/CLINK-23442/CaregiverDemographics' is clicked on

2019-06-24 13:30:02 - [TEST_STEP][PASSED] - delay(2): Delayed 2 second(s)

2019-06-24 13:30:04 - [MESSAGE][PASSED] - Delayed 2 second(s)

2019-06-24 13:30:04 - [TEST_STEP][PASSED] - switchToDefaultContent(): null

2019-06-24 13:30:04 - [TEST_STEP][PASSED] - switchToFrame(findTestObject("Regression BackOffice/CLNK-23449/FrameMain"), 30): null

2019-06-24 13:30:04 - [TEST_STEP][PASSED] - waitForElementPresent(findTestObject("Regression BackOffice/CLNK-10235/FirstNameSearch"), 50): Object 'Object Repository/Regression BackOffice/CLNK-10235/FirstNameSearch' is present

2019-06-24 13:30:04 - [MESSAGE][PASSED] - Object 'Object Repository/Regression BackOffice/CLNK-10235/FirstNameSearch' is present

2019-06-24 13:30:04 - [TEST_STEP][PASSED] - setText(findTestObject("Regression BackOffice/CLNK-10235/FirstNameSearch"), G_CaregiverFirstName): Text 'Chris' is set on object 'Object Repository/Regression BackOffice/CLNK-10235/FirstNameSearch'

2019-06-24 13:30:05 - [MESSAGE][PASSED] - Text 'Chris' is set on object 'Object Repository/Regression BackOffice/CLNK-10235/FirstNameSearch'

2019-06-24 13:30:05 - [TEST_STEP][PASSED] - delay(2): Delayed 2 second(s)

2019-06-24 13:30:07 - [MESSAGE][PASSED] - Delayed 2 second(s)

2019-06-24 13:30:07 - [TEST_STEP][PASSED] - waitForElementPresent(findTestObject("Regression BackOffice/CLNK-23441/Last NameHR"), 50): Object 'Object Repository/Regression BackOffice/CLNK-23441/Last NameHR' is present

2019-06-24 13:30:07 - [MESSAGE][PASSED] - Object 'Object Repository/Regression BackOffice/CLNK-23441/Last NameHR' is present

2019-06-24 13:30:07 - [TEST_STEP][PASSED] - setText(findTestObject("Regression BackOffice/CLNK-23441/Last NameHR"), G_CareGiverLastName): Text 'Review' is set on object 'Object Repository/Regression BackOffice/CLNK-23441/Last NameHR'

2019-06-24 13:30:08 - [MESSAGE][PASSED] - Text 'Review' is set on object 'Object Repository/Regression BackOffice/CLNK-23441/Last NameHR'

2019-06-24 13:30:08 - [TEST_STEP][PASSED] - delay(2): Delayed 2 second(s)

2019-06-24 13:30:10 - [MESSAGE][PASSED] - Delayed 2 second(s)

2019-06-24 13:30:10 - [TEST_STEP][PASSED] - waitForElementPresent(findTestObject("Regression BackOffice/CLNK-23441/CaregiverSearchButton"), 50): Object 'Object Repository/Regression BackOffice/CLNK-23441/CaregiverSearchButton' is present

2019-06-24 13:30:10 - [MESSAGE][PASSED] - Object 'Object Repository/Regression BackOffice/CLNK-23441/CaregiverSearchButton' is present

2019-06-24 13:30:10 - [TEST_STEP][PASSED] - click(findTestObject("Regression BackOffice/CLNK-23441/CaregiverSearchButton"), STOP_ON_FAILURE): Object: 'Object Repository/Regression BackOffice/CLNK-23441/CaregiverSearchButton' is clicked on

2019-06-24 13:30:12 - [MESSAGE][PASSED] - Object: 'Object Repository/Regression BackOffice/CLNK-23441/CaregiverSearchButton' is clicked on

2019-06-24 13:30:12 - [TEST_STEP][PASSED] - delay(2): Delayed 2 second(s)

2019-06-24 13:30:14 - [MESSAGE][PASSED] - Delayed 2 second(s)

2019-06-24 13:30:14 - [TEST_STEP][PASSED] - waitForElementPresent(findTestObject("Regression BackOffice/CLINK-23442/ClientLink"), 50): Object 'Object Repository/Regression BackOffice/CLINK-23442/ClientLink' is present

2019-06-24 13:30:14 - [MESSAGE][PASSED] - Object 'Object Repository/Regression BackOffice/CLINK-23442/ClientLink' is present

2019-06-24 13:30:14 - [TEST_STEP][PASSED] - click(findTestObject("Regression BackOffice/CLINK-23442/ClientLink"), STOP_ON_FAILURE): Object: 'Object Repository/Regression BackOffice/CLINK-23442/ClientLink' is clicked on

2019-06-24 13:30:20 - [MESSAGE][PASSED] - Object: 'Object Repository/Regression BackOffice/CLINK-23442/ClientLink' is clicked on

2019-06-24 13:30:20 - [TEST_STEP][PASSED] - delay(2): Delayed 2 second(s)

2019-06-24 13:30:22 - [MESSAGE][PASSED] - Delayed 2 second(s)

2019-06-24 13:30:22 - [TEST_STEP][PASSED] - waitForElementPresent(findTestObject("Regression BackOffice/CLINK-23442/NickName"), 50): Object 'Object Repository/Regression BackOffice/CLINK-23442/NickName' is present

2019-06-24 13:30:23 - [MESSAGE][PASSED] - Object 'Object Repository/Regression BackOffice/CLINK-23442/NickName' is present

2019-06-24 13:30:23 - [TEST_STEP][PASSED] - setText(findTestObject("Regression BackOffice/CLINK-23442/NickName"), "Pache"): Text 'Pache' is set on object 'Object Repository/Regression BackOffice/CLINK-23442/NickName'

2019-06-24 13:30:24 - [MESSAGE][PASSED] - Text 'Pache' is set on object 'Object Repository/Regression BackOffice/CLINK-23442/NickName'

2019-06-24 13:30:24 - [TEST_STEP][PASSED] - delay(2): Delayed 2 second(s)

2019-06-24 13:30:26 - [MESSAGE][PASSED] - Delayed 2 second(s)

2019-06-24 13:30:26 - [TEST_STEP][PASSED] - scrollToElement(findTestObject("Regression BackOffice/CLINK-23442/NewPhoneLink"), 50): Scroll to object 'Object Repository/Regression BackOffice/CLINK-23442/NewPhoneLink' successfully

2019-06-24 13:30:26 - [MESSAGE][PASSED] - Scroll to object 'Object Repository/Regression BackOffice/CLINK-23442/NewPhoneLink' successfully

2019-06-24 13:30:26 - [TEST_STEP][PASSED] - delay(1): Delayed 1 second(s)

2019-06-24 13:30:27 - [MESSAGE][PASSED] - Delayed 1 second(s)

2019-06-24 13:30:27 - [TEST_STEP][PASSED] - click(findTestObject("Regression BackOffice/CLINK-23442/NewPhoneLink"), STOP_ON_FAILURE): Object: 'Object Repository/Regression BackOffice/CLINK-23442/NewPhoneLink' is clicked on

2019-06-24 13:30:28 - [MESSAGE][PASSED] - Object: 'Object Repository/Regression BackOffice/CLINK-23442/NewPhoneLink' is clicked on

2019-06-24 13:30:28 - [TEST_STEP][PASSED] - delay(2): Delayed 2 second(s)

2019-06-24 13:30:30 - [MESSAGE][PASSED] - Delayed 2 second(s)

2019-06-24 13:30:30 - [TEST_STEP][PASSED] - waitForElementPresent(findTestObject("Regression BackOffice/CLINK-23442/PhoneTypeList"), 50): Object 'Object Repository/Regression BackOffice/CLINK-23442/PhoneTypeList' is present

2019-06-24 13:30:30 - [MESSAGE][PASSED] - Object 'Object Repository/Regression BackOffice/CLINK-23442/PhoneTypeList' is present

2019-06-24 13:30:30 - [TEST_STEP][PASSED] - click(findTestObject("Regression BackOffice/CLINK-23442/PhoneTypeList"), STOP_ON_FAILURE): Object: 'Object Repository/Regression BackOffice/CLINK-23442/PhoneTypeList' is clicked on

2019-06-24 13:30:31 - [MESSAGE][PASSED] - Object: 'Object Repository/Regression BackOffice/CLINK-23442/PhoneTypeList' is clicked on

2019-06-24 13:30:31 - [TEST_STEP][PASSED] - sendKeys(findTestObject("Regression BackOffice/CLINK-23442/PhoneTypeList"), Keys.chord(ARROW_DOWN, ARROW_DOWN, ARROW_DOWN, ENTER)): Keys 'DOWN + DOWN + DOWN + ENTER + ' sent to object: 'Object Repository/Regression BackOffice/CLINK-23442/PhoneTypeList'

2019-06-24 13:30:31 - [MESSAGE][PASSED] - Keys 'DOWN + DOWN + DOWN + ENTER + ' sent to object: 'Object Repository/Regression BackOffice/CLINK-23442/PhoneTypeList'

2019-06-24 13:30:31 - [TEST_STEP][PASSED] - delay(2): Delayed 2 second(s)

2019-06-24 13:30:33 - [MESSAGE][PASSED] - Delayed 2 second(s)

2019-06-24 13:30:33 - [TEST_STEP][PASSED] - waitForElementPresent(findTestObject("Regression BackOffice/CLINK-23442/PhoneNumber"), 50): Object 'Object Repository/Regression BackOffice/CLINK-23442/PhoneNumber' is present

2019-06-24 13:30:33 - [MESSAGE][PASSED] - Object 'Object Repository/Regression BackOffice/CLINK-23442/PhoneNumber' is present

2019-06-24 13:30:33 - [TEST_STEP][PASSED] - setText(findTestObject("Regression BackOffice/CLINK-23442/PhoneNumber"), "1234567890"): Text '1234567890' is set on object 'Object Repository/Regression BackOffice/CLINK-23442/PhoneNumber'

2019-06-24 13:30:35 - [MESSAGE][PASSED] - Text '1234567890' is set on object 'Object Repository/Regression BackOffice/CLINK-23442/PhoneNumber'

2019-06-24 13:30:35 - [TEST_STEP][PASSED] - delay(2): Delayed 2 second(s)

2019-06-24 13:30:37 - [MESSAGE][PASSED] - Delayed 2 second(s)

2019-06-24 13:30:37 - [TEST_STEP][PASSED] - waitForElementPresent(findTestObject("Regression BackOffice/CLINK-23442/Add to List Button"), 50): Object 'Object Repository/Regression BackOffice/CLINK-23442/Add to List Button' is present

2019-06-24 13:30:37 - [MESSAGE][PASSED] - Object 'Object Repository/Regression BackOffice/CLINK-23442/Add to List Button' is present

2019-06-24 13:30:37 - [TEST_STEP][PASSED] - click(findTestObject("Regression BackOffice/CLINK-23442/Add to List Button"), STOP_ON_FAILURE): Object: 'Object Repository/Regression BackOffice/CLINK-23442/Add to List Button' is clicked on

2019-06-24 13:30:38 - [MESSAGE][PASSED] - Object: 'Object Repository/Regression BackOffice/CLINK-23442/Add to List Button' is clicked on

2019-06-24 13:30:38 - [TEST_STEP][PASSED] - delay(2): Delayed 2 second(s)

2019-06-24 13:30:40 - [MESSAGE][PASSED] - Delayed 2 second(s)

2019-06-24 13:30:40 - [TEST_STEP][PASSED] - waitForElementPresent(findTestObject("Regression BackOffice/CLINK-23442/Group"), 50): Object 'Object Repository/Regression BackOffice/CLINK-23442/Group' is present

2019-06-24 13:30:40 - [MESSAGE][PASSED] - Object 'Object Repository/Regression BackOffice/CLINK-23442/Group' is present

2019-06-24 13:30:40 - [TEST_STEP][PASSED] - click(findTestObject("Regression BackOffice/CLINK-23442/Group"), STOP_ON_FAILURE): Object: 'Object Repository/Regression BackOffice/CLINK-23442/Group' is clicked on

2019-06-24 13:30:41 - [MESSAGE][PASSED] - Object: 'Object Repository/Regression BackOffice/CLINK-23442/Group' is clicked on

2019-06-24 13:30:41 - [TEST_STEP][PASSED] - sendKeys(findTestObject("Regression BackOffice/CLINK-23442/Group"), Keys.chord(ARROW_DOWN, ENTER)): Keys 'DOWN + ENTER + ' sent to object: 'Object Repository/Regression BackOffice/CLINK-23442/Group'

2019-06-24 13:30:41 - [MESSAGE][PASSED] - Keys 'DOWN + ENTER + ' sent to object: 'Object Repository/Regression BackOffice/CLINK-23442/Group'

2019-06-24 13:30:41 - [TEST_STEP][PASSED] - delay(2): Delayed 2 second(s)

2019-06-24 13:30:43 - [MESSAGE][PASSED] - Delayed 2 second(s)

2019-06-24 13:30:43 - [TEST_STEP][PASSED] - waitForElementPresent(findTestObject("Regression BackOffice/CLINK-23442/SubGroup"), 50): Object 'Object Repository/Regression BackOffice/CLINK-23442/SubGroup' is present

2019-06-24 13:30:43 - [MESSAGE][PASSED] - Object 'Object Repository/Regression BackOffice/CLINK-23442/SubGroup' is present

2019-06-24 13:30:43 - [TEST_STEP][PASSED] - click(findTestObject("Regression BackOffice/CLINK-23442/SubGroup"), STOP_ON_FAILURE): Object: 'Object Repository/Regression BackOffice/CLINK-23442/SubGroup' is clicked on

2019-06-24 13:30:44 - [MESSAGE][PASSED] - Object: 'Object Repository/Regression BackOffice/CLINK-23442/SubGroup' is clicked on

2019-06-24 13:30:44 - [TEST_STEP][PASSED] - sendKeys(findTestObject("Regression BackOffice/CLINK-23442/SubGroup"), Keys.chord(ARROW_DOWN, ENTER)): Keys 'DOWN + ENTER + ' sent to object: 'Object Repository/Regression BackOffice/CLINK-23442/SubGroup'

2019-06-24 13:30:44 - [MESSAGE][PASSED] - Keys 'DOWN + ENTER + ' sent to object: 'Object Repository/Regression BackOffice/CLINK-23442/SubGroup'

2019-06-24 13:30:44 - [TEST_STEP][PASSED] - delay(2): Delayed 2 second(s)

2019-06-24 13:30:46 - [MESSAGE][PASSED] - Delayed 2 second(s)

2019-06-24 13:30:46 - [TEST_STEP][PASSED] - scrollToElement(findTestObject("Regression BackOffice/CLINK-23442/Add Discipline"), 50): Scroll to object 'Object Repository/Regression BackOffice/CLINK-23442/Add Discipline' successfully

2019-06-24 13:30:46 - [MESSAGE][PASSED] - Scroll to object 'Object Repository/Regression BackOffice/CLINK-23442/Add Discipline' successfully

2019-06-24 13:30:46 - [TEST_STEP][PASSED] - click(findTestObject("Regression BackOffice/CLINK-23442/Add Discipline"), STOP_ON_FAILURE): Object: 'Object Repository/Regression BackOffice/CLINK-23442/Add Discipline' is clicked on

2019-06-24 13:30:47 - [MESSAGE][PASSED] - Object: 'Object Repository/Regression BackOffice/CLINK-23442/Add Discipline' is clicked on

2019-06-24 13:30:47 - [TEST_STEP][PASSED] - delay(2): Delayed 2 second(s)

2019-06-24 13:30:49 - [MESSAGE][PASSED] - Delayed 2 second(s)

2019-06-24 13:30:49 - [TEST_STEP][PASSED] - waitForElementPresent(findTestObject("Regression BackOffice/CLINK-23442/DisciplineList"), 50): Object 'Object Repository/Regression BackOffice/CLINK-23442/DisciplineList' is present

2019-06-24 13:30:49 - [MESSAGE][PASSED] - Object 'Object Repository/Regression BackOffice/CLINK-23442/DisciplineList' is present

2019-06-24 13:30:49 - [TEST_STEP][PASSED] - click(findTestObject("Regression BackOffice/CLINK-23442/DisciplineList"), STOP_ON_FAILURE): Object: 'Object Repository/Regression BackOffice/CLINK-23442/DisciplineList' is clicked on

2019-06-24 13:30:50 - [MESSAGE][PASSED] - Object: 'Object Repository/Regression BackOffice/CLINK-23442/DisciplineList' is clicked on

2019-06-24 13:30:50 - [TEST_STEP][PASSED] - sendKeys(findTestObject("Regression BackOffice/CLINK-23442/DisciplineList"), Keys.chord(ARROW_DOWN, ARROW_DOWN, ARROW_DOWN, ARROW_DOWN, ARROW_DOWN, ARROW_DOWN, ARROW_DOWN, ARROW_DOWN, ARROW_DOWN, ARROW_DOWN, ARROW_DOWN, ARROW_DOWN, ENTER)): Keys 'DOWN + DOWN + DOWN + DOWN + DOWN + DOWN + DOWN + DOWN + DOWN + DOWN + DOWN + DOWN + ENTER + ' sent to object: 'Object Repository/Regression BackOffice/CLINK-23442/DisciplineList'

2019-06-24 13:30:50 - [MESSAGE][PASSED] - Keys 'DOWN + DOWN + DOWN + DOWN + DOWN + DOWN + DOWN + DOWN + DOWN + DOWN + DOWN + DOWN + ENTER + ' sent to object: 'Object Repository/Regression BackOffice/CLINK-23442/DisciplineList'

2019-06-24 13:30:50 - [TEST_STEP][PASSED] - delay(2): Delayed 2 second(s)

2019-06-24 13:30:52 - [MESSAGE][PASSED] - Delayed 2 second(s)

2019-06-24 13:30:52 - [TEST_STEP][PASSED] - waitForElementPresent(findTestObject("Regression BackOffice/CLINK-23442/Begin Date"), 50): Object 'Object Repository/Regression BackOffice/CLINK-23442/Begin Date' is present

2019-06-24 13:30:52 - [MESSAGE][PASSED] - Object 'Object Repository/Regression BackOffice/CLINK-23442/Begin Date' is present

2019-06-24 13:30:52 - [TEST_STEP][PASSED] - setText(findTestObject("Regression BackOffice/CLINK-23442/Begin Date"), getDate.DateUtilities.getDateMonthDayYearNumberwithSlash()): Text '06/24/2019' is set on object 'Object Repository/Regression BackOffice/CLINK-23442/Begin Date'

2019-06-24 13:30:52 - [MESSAGE][PASSED] - getDate.DateUtilities.getDateMonthDayYearNumberwithSlash is PASSED

2019-06-24 13:30:54 - [MESSAGE][PASSED] - Text '06/24/2019' is set on object 'Object Repository/Regression BackOffice/CLINK-23442/Begin Date'

2019-06-24 13:30:54 - [TEST_STEP][PASSED] - delay(2): Delayed 2 second(s)

2019-06-24 13:30:56 - [MESSAGE][PASSED] - Delayed 2 second(s)

2019-06-24 13:30:56 - [TEST_STEP][PASSED] - waitForElementPresent(findTestObject("Regression BackOffice/CLINK-23442/Add to List Discipline"), 50): Object 'Object Repository/Regression BackOffice/CLINK-23442/Add to List Discipline' is present

2019-06-24 13:30:57 - [MESSAGE][PASSED] - Object 'Object Repository/Regression BackOffice/CLINK-23442/Add to List Discipline' is present

2019-06-24 13:30:57 - [TEST_STEP][PASSED] - click(findTestObject("Regression BackOffice/CLINK-23442/Add to List Discipline"), STOP_ON_FAILURE): Object: 'Object Repository/Regression BackOffice/CLINK-23442/Add to List Discipline' is clicked on

2019-06-24 13:30:57 - [MESSAGE][PASSED] - Object: 'Object Repository/Regression BackOffice/CLINK-23442/Add to List Discipline' is clicked on

2019-06-24 13:30:57 - [TEST_STEP][PASSED] - switchToDefaultContent(): Switching to default content failed because an alert is presented on page. Please switch to default content after dealing with the alert.

2019-06-24 13:30:57 - [MESSAGE][WARNING] - Switching to default content failed because an alert is presented on page. Please switch to default content after dealing with the alert.

2019-06-24 13:30:57 - [TEST_STEP][PASSED] - acceptAlert(): Alert accepted

2019-06-24 13:30:57 - [MESSAGE][PASSED] - Alert accepted

2019-06-24 13:30:57 - [TEST_STEP][PASSED] - delay(5): Delayed 5 second(s)

2019-06-24 13:31:02 - [MESSAGE][PASSED] - Delayed 5 second(s)

2019-06-24 13:31:02 - [TEST_STEP][PASSED] - waitForPageLoad(50): Wait for page load successfully

2019-06-24 13:31:02 - [MESSAGE][PASSED] - Wait for page load successfully

2019-06-24 13:31:02 - [TEST_STEP][PASSED] - switchToDefaultContent(): null

2019-06-24 13:31:02 - [TEST_STEP][PASSED] - switchToFrame(findTestObject("Regression BackOffice/CLNK-23449/FrameMain"), 30): null

2019-06-24 13:31:03 - [TEST_STEP][PASSED] - waitForElementPresent(findTestObject("Regression BackOffice/CLINK-23442/RequestChart"), 50): Object 'Object Repository/Regression BackOffice/CLINK-23442/RequestChart' is present

2019-06-24 13:31:03 - [MESSAGE][PASSED] - Object 'Object Repository/Regression BackOffice/CLINK-23442/RequestChart' is present

2019-06-24 13:31:03 - [TEST_STEP][PASSED] - click(findTestObject("Regression BackOffice/CLINK-23442/RequestChart"), STOP_ON_FAILURE): Object: 'Object Repository/Regression BackOffice/CLINK-23442/RequestChart' is clicked on

2019-06-24 13:31:03 - [MESSAGE][PASSED] - Object: 'Object Repository/Regression BackOffice/CLINK-23442/RequestChart' is clicked on

2019-06-24 13:31:03 - [TEST_STEP][PASSED] - delay(2): Delayed 2 second(s)

2019-06-24 13:31:05 - [MESSAGE][PASSED] - Delayed 2 second(s)

2019-06-24 13:31:05 - [TEST_STEP][PASSED] - waitForElementPresent(findTestObject("Regression BackOffice/CLINK-23442/QAReviewForForms"), 50): Object 'Object Repository/Regression BackOffice/CLINK-23442/QAReviewForForms' is present

2019-06-24 13:31:06 - [MESSAGE][PASSED] - Object 'Object Repository/Regression BackOffice/CLINK-23442/QAReviewForForms' is present

2019-06-24 13:31:06 - [TEST_STEP][PASSED] - click(findTestObject("Regression BackOffice/CLINK-23442/QAReviewForForms"), STOP_ON_FAILURE): Object: 'Object Repository/Regression BackOffice/CLINK-23442/QAReviewForForms' is clicked on

2019-06-24 13:31:06 - [MESSAGE][PASSED] - Object: 'Object Repository/Regression BackOffice/CLINK-23442/QAReviewForForms' is clicked on

2019-06-24 13:31:06 - [TEST_STEP][PASSED] - delay(2): Delayed 2 second(s)

2019-06-24 13:31:08 - [MESSAGE][PASSED] - Delayed 2 second(s)

2019-06-24 13:31:08 - [TEST_STEP][PASSED] - switchToDefaultContent(): null

2019-06-24 13:31:08 - [TEST_STEP][PASSED] - switchToFrame(findTestObject("Regression BackOffice/CLINK-23442/BannerFrame"), 30): null

2019-06-24 13:31:08 - [TEST_STEP][PASSED] - waitForElementPresent(findTestObject("Regression BackOffice/CLINK-23442/SaveButton"), 50): Object 'Object Repository/Regression BackOffice/CLINK-23442/SaveButton' is present

2019-06-24 13:31:09 - [MESSAGE][PASSED] - Object 'Object Repository/Regression BackOffice/CLINK-23442/SaveButton' is present

2019-06-24 13:31:09 - [TEST_STEP][PASSED] - click(findTestObject("Regression BackOffice/CLINK-23442/SaveButton")): Object: 'Object Repository/Regression BackOffice/CLINK-23442/SaveButton' is clicked on

2019-06-24 13:31:16 - [MESSAGE][PASSED] - Object: 'Object Repository/Regression BackOffice/CLINK-23442/SaveButton' is clicked on

2019-06-24 13:31:16 - [TEST_STEP][PASSED] - delay(2): Delayed 2 second(s)

2019-06-24 13:31:18 - [MESSAGE][PASSED] - Delayed 2 second(s)

2019-06-24 13:31:18 - [TEST_STEP][PASSED] - closeBrowser(): Browser is closed

2019-06-24 13:31:19 - [MESSAGE][PASSED] - Browser is closed]]></system-out>
         <system-err><![CDATA[]]></system-err>
      </testcase>
      <testcase name="Test Cases/Regression BackOffice (All Browsers)/CLNK-23445 - Back office Caregiver HR Details" classname="Test Cases/Regression BackOffice (All Browsers)/CLNK-23445 - Back office Caregiver HR Details" status="PASSED">
         <system-out><![CDATA[2019-06-24 13:31:22 - [TEST_CASE][PASSED] - Test Cases/Regression BackOffice (All Browsers)/CLNK-23445 - Back office Caregiver HR Details: Test Cases/Regression BackOffice (All Browsers)/CLNK-23445 - Back office Caregiver HR Details

2019-06-24 13:31:23 - [TEST_STEP][PASSED] - callTestCase(findTestCase("Regression BackOffice (All Browsers)/CLNK-23439 - Clink - Back office Client"), [:], STOP_ON_FAILURE): Call Test Case 'Test Cases/Regression BackOffice (All Browsers)/CLNK-23439 - Clink - Back office Client' successfully

2019-06-24 13:31:23 - [TEST_CASE][PASSED] - Test Cases/Regression BackOffice (All Browsers)/CLNK-23439 - Clink - Back office Client: Test Cases/Regression BackOffice (All Browsers)/CLNK-23439 - Clink - Back office Client

2019-06-24 13:31:23 - [TEST_STEP][PASSED] - openBrowser(G_SiteBackOffice): Browser is opened with url: 'http://qanewpoc.continulink.com:81/backoffice/Login.aspx'

2019-06-24 13:31:24 - [MESSAGE][INFO] - Starting 'Chrome' driver

2019-06-24 13:31:37 - [MESSAGE][PASSED] - Browser is opened with url: 'http://qanewpoc.continulink.com:81/backoffice/Login.aspx'

2019-06-24 13:31:37 - [TEST_STEP][PASSED] - waitForPageLoad(60): Wait for page load successfully

2019-06-24 13:31:37 - [MESSAGE][PASSED] - Wait for page load successfully

2019-06-24 13:31:37 - [TEST_STEP][PASSED] - maximizeWindow(): Current window maximized

2019-06-24 13:31:39 - [MESSAGE][PASSED] - Current window maximized

2019-06-24 13:31:39 - [TEST_STEP][PASSED] - setText(findTestObject("Regression BackOffice/Login/UserBackOffice"), G_UserBackOffice): Text 'demo' is set on object 'Object Repository/Regression BackOffice/Login/UserBackOffice'

2019-06-24 13:31:40 - [MESSAGE][PASSED] - Text 'demo' is set on object 'Object Repository/Regression BackOffice/Login/UserBackOffice'

2019-06-24 13:31:40 - [TEST_STEP][PASSED] - setText(findTestObject("Regression BackOffice/Login/PasswordBackOffice"), G_PasswordBackOffice): Text 'qwerty' is set on object 'Object Repository/Regression BackOffice/Login/PasswordBackOffice'

2019-06-24 13:31:40 - [MESSAGE][PASSED] - Text 'qwerty' is set on object 'Object Repository/Regression BackOffice/Login/PasswordBackOffice'

2019-06-24 13:31:40 - [TEST_STEP][PASSED] - click(findTestObject("Regression BackOffice/Login/LoginBackOffice")): Object: 'Object Repository/Regression BackOffice/Login/LoginBackOffice' is clicked on

2019-06-24 13:31:48 - [MESSAGE][PASSED] - Object: 'Object Repository/Regression BackOffice/Login/LoginBackOffice' is clicked on

2019-06-24 13:31:48 - [TEST_STEP][PASSED] - waitForPageLoad(60): Wait for page load successfully

2019-06-24 13:31:48 - [MESSAGE][PASSED] - Wait for page load successfully

2019-06-24 13:31:48 - [TEST_STEP][PASSED] - delay(3): Delayed 3 second(s)

2019-06-24 13:31:52 - [MESSAGE][PASSED] - Delayed 3 second(s)

2019-06-24 13:31:52 - [TEST_STEP][PASSED] - switchToFrame(findTestObject("Regression BackOffice/CLNK-23449/FrameLeft"), 5): null

2019-06-24 13:31:52 - [TEST_STEP][PASSED] - waitForElementPresent(findTestObject("Regression BackOffice/CLNK-23449/ClienIntakeICon"), 60): Object 'Object Repository/Regression BackOffice/CLNK-23449/ClienIntakeICon' is present

2019-06-24 13:31:52 - [MESSAGE][PASSED] - Object 'Object Repository/Regression BackOffice/CLNK-23449/ClienIntakeICon' is present

2019-06-24 13:31:52 - [TEST_STEP][PASSED] - verifyElementPresent(findTestObject("Regression BackOffice/CLNK-23449/ClienIntakeICon"), 100): Object 'Object Repository/Regression BackOffice/CLNK-23449/ClienIntakeICon' is present

2019-06-24 13:31:52 - [MESSAGE][PASSED] - Object 'Object Repository/Regression BackOffice/CLNK-23449/ClienIntakeICon' is present

2019-06-24 13:31:52 - [TEST_STEP][PASSED] - switchToDefaultContent(): null

2019-06-24 13:31:52 - [MESSAGE][PASSED] - Call Test Case 'Test Cases/Regression BackOffice (All Browsers)/CLNK-23439 - Clink - Back office Client' successfully

2019-06-24 13:31:52 - [TEST_STEP][PASSED] - waitForPageLoad(60): Wait for page load successfully

2019-06-24 13:31:52 - [MESSAGE][PASSED] - Wait for page load successfully

2019-06-24 13:31:52 - [TEST_STEP][PASSED] - delay(3): Delayed 3 second(s)

2019-06-24 13:31:55 - [MESSAGE][PASSED] - Delayed 3 second(s)

2019-06-24 13:31:55 - [TEST_STEP][PASSED] - switchToFrame(findTestObject("Regression BackOffice/CLNK-23449/FrameLeft"), 30): null

2019-06-24 13:31:56 - [TEST_STEP][PASSED] - waitForElementPresent(findTestObject("Regression BackOffice/CLNK-23441/Caregiver  HRLink"), 100): Object 'Object Repository/Regression BackOffice/CLNK-23441/Caregiver  HRLink' is present

2019-06-24 13:31:56 - [MESSAGE][PASSED] - Object 'Object Repository/Regression BackOffice/CLNK-23441/Caregiver  HRLink' is present

2019-06-24 13:31:56 - [TEST_STEP][PASSED] - click(findTestObject("Regression BackOffice/CLNK-23441/Caregiver  HRLink")): Object: 'Object Repository/Regression BackOffice/CLNK-23441/Caregiver  HRLink' is clicked on

2019-06-24 13:31:57 - [MESSAGE][PASSED] - Object: 'Object Repository/Regression BackOffice/CLNK-23441/Caregiver  HRLink' is clicked on

2019-06-24 13:31:57 - [TEST_STEP][PASSED] - delay(2): Delayed 2 second(s)

2019-06-24 13:31:59 - [MESSAGE][PASSED] - Delayed 2 second(s)

2019-06-24 13:31:59 - [TEST_STEP][PASSED] - waitForPageLoad(50): Wait for page load successfully

2019-06-24 13:31:59 - [MESSAGE][PASSED] - Wait for page load successfully

2019-06-24 13:31:59 - [TEST_STEP][PASSED] - waitForElementPresent(findTestObject("Regression BackOffice/CLINK-23445/CaregiverHRDetails"), 50): Object 'Object Repository/Regression BackOffice/CLINK-23445/CaregiverHRDetails' is present

2019-06-24 13:31:59 - [MESSAGE][PASSED] - Object 'Object Repository/Regression BackOffice/CLINK-23445/CaregiverHRDetails' is present

2019-06-24 13:31:59 - [TEST_STEP][PASSED] - click(findTestObject("Regression BackOffice/CLINK-23445/CaregiverHRDetails")): Object: 'Object Repository/Regression BackOffice/CLINK-23445/CaregiverHRDetails' is clicked on

2019-06-24 13:32:01 - [MESSAGE][PASSED] - Object: 'Object Repository/Regression BackOffice/CLINK-23445/CaregiverHRDetails' is clicked on

2019-06-24 13:32:01 - [TEST_STEP][PASSED] - delay(2): Delayed 2 second(s)

2019-06-24 13:32:03 - [MESSAGE][PASSED] - Delayed 2 second(s)

2019-06-24 13:32:03 - [TEST_STEP][PASSED] - switchToDefaultContent(): null

2019-06-24 13:32:03 - [TEST_STEP][PASSED] - switchToFrame(findTestObject("Regression BackOffice/CLNK-23449/FrameMain"), 30): null

2019-06-24 13:32:04 - [TEST_STEP][PASSED] - waitForElementPresent(findTestObject("Regression BackOffice/CLNK-10235/FirstNameSearch"), 50): Object 'Object Repository/Regression BackOffice/CLNK-10235/FirstNameSearch' is present

2019-06-24 13:32:04 - [MESSAGE][PASSED] - Object 'Object Repository/Regression BackOffice/CLNK-10235/FirstNameSearch' is present

2019-06-24 13:32:04 - [TEST_STEP][PASSED] - setText(findTestObject("Regression BackOffice/CLNK-10235/FirstNameSearch"), G_CaregiverFirstName): Text 'Chris' is set on object 'Object Repository/Regression BackOffice/CLNK-10235/FirstNameSearch'

2019-06-24 13:32:05 - [MESSAGE][PASSED] - Text 'Chris' is set on object 'Object Repository/Regression BackOffice/CLNK-10235/FirstNameSearch'

2019-06-24 13:32:05 - [TEST_STEP][PASSED] - delay(2): Delayed 2 second(s)

2019-06-24 13:32:07 - [MESSAGE][PASSED] - Delayed 2 second(s)

2019-06-24 13:32:07 - [TEST_STEP][PASSED] - waitForElementPresent(findTestObject("Regression BackOffice/CLNK-23441/Last NameHR"), 50): Object 'Object Repository/Regression BackOffice/CLNK-23441/Last NameHR' is present

2019-06-24 13:32:07 - [MESSAGE][PASSED] - Object 'Object Repository/Regression BackOffice/CLNK-23441/Last NameHR' is present

2019-06-24 13:32:07 - [TEST_STEP][PASSED] - setText(findTestObject("Regression BackOffice/CLNK-23441/Last NameHR"), G_CareGiverLastName): Text 'Review' is set on object 'Object Repository/Regression BackOffice/CLNK-23441/Last NameHR'

2019-06-24 13:32:08 - [MESSAGE][PASSED] - Text 'Review' is set on object 'Object Repository/Regression BackOffice/CLNK-23441/Last NameHR'

2019-06-24 13:32:08 - [TEST_STEP][PASSED] - delay(2): Delayed 2 second(s)

2019-06-24 13:32:10 - [MESSAGE][PASSED] - Delayed 2 second(s)

2019-06-24 13:32:10 - [TEST_STEP][PASSED] - waitForElementPresent(findTestObject("Regression BackOffice/CLNK-23441/CaregiverSearchButton"), 50): Object 'Object Repository/Regression BackOffice/CLNK-23441/CaregiverSearchButton' is present

2019-06-24 13:32:10 - [MESSAGE][PASSED] - Object 'Object Repository/Regression BackOffice/CLNK-23441/CaregiverSearchButton' is present

2019-06-24 13:32:10 - [TEST_STEP][PASSED] - click(findTestObject("Regression BackOffice/CLNK-23441/CaregiverSearchButton"), STOP_ON_FAILURE): Object: 'Object Repository/Regression BackOffice/CLNK-23441/CaregiverSearchButton' is clicked on

2019-06-24 13:32:12 - [MESSAGE][PASSED] - Object: 'Object Repository/Regression BackOffice/CLNK-23441/CaregiverSearchButton' is clicked on

2019-06-24 13:32:12 - [TEST_STEP][PASSED] - delay(2): Delayed 2 second(s)

2019-06-24 13:32:14 - [MESSAGE][PASSED] - Delayed 2 second(s)

2019-06-24 13:32:14 - [TEST_STEP][PASSED] - waitForElementPresent(findTestObject("Regression BackOffice/CLINK-23442/ClientLink"), 50): Object 'Object Repository/Regression BackOffice/CLINK-23442/ClientLink' is present

2019-06-24 13:32:14 - [MESSAGE][PASSED] - Object 'Object Repository/Regression BackOffice/CLINK-23442/ClientLink' is present

2019-06-24 13:32:14 - [TEST_STEP][PASSED] - click(findTestObject("Regression BackOffice/CLINK-23442/ClientLink"), STOP_ON_FAILURE): Object: 'Object Repository/Regression BackOffice/CLINK-23442/ClientLink' is clicked on

2019-06-24 13:32:17 - [MESSAGE][PASSED] - Object: 'Object Repository/Regression BackOffice/CLINK-23442/ClientLink' is clicked on

2019-06-24 13:32:17 - [TEST_STEP][PASSED] - delay(2): Delayed 2 second(s)

2019-06-24 13:32:19 - [MESSAGE][PASSED] - Delayed 2 second(s)

2019-06-24 13:32:19 - [TEST_STEP][PASSED] - waitForElementPresent(findTestObject("Regression BackOffice/CLINK-23445/Middle Initial"), 50): Object 'Object Repository/Regression BackOffice/CLINK-23445/Middle Initial' is present

2019-06-24 13:32:20 - [MESSAGE][PASSED] - Object 'Object Repository/Regression BackOffice/CLINK-23445/Middle Initial' is present

2019-06-24 13:32:20 - [TEST_STEP][PASSED] - setText(findTestObject("Regression BackOffice/CLINK-23445/Middle Initial"), "M"): Text 'M' is set on object 'Object Repository/Regression BackOffice/CLINK-23445/Middle Initial'

2019-06-24 13:32:20 - [MESSAGE][PASSED] - Text 'M' is set on object 'Object Repository/Regression BackOffice/CLINK-23445/Middle Initial'

2019-06-24 13:32:20 - [TEST_STEP][PASSED] - delay(2): Delayed 2 second(s)

2019-06-24 13:32:22 - [MESSAGE][PASSED] - Delayed 2 second(s)

2019-06-24 13:32:22 - [TEST_STEP][PASSED] - waitForElementPresent(findTestObject("Regression BackOffice/CLINK-23445/Mail Address"), 50): Object 'Object Repository/Regression BackOffice/CLINK-23445/Mail Address' is present

2019-06-24 13:32:23 - [MESSAGE][PASSED] - Object 'Object Repository/Regression BackOffice/CLINK-23445/Mail Address' is present

2019-06-24 13:32:23 - [TEST_STEP][PASSED] - setText(findTestObject("Regression BackOffice/CLINK-23445/Mail Address"), "isaac@gmail.com"): Text 'isaac@gmail.com' is set on object 'Object Repository/Regression BackOffice/CLINK-23445/Mail Address'

2019-06-24 13:32:24 - [MESSAGE][PASSED] - Text 'isaac@gmail.com' is set on object 'Object Repository/Regression BackOffice/CLINK-23445/Mail Address'

2019-06-24 13:32:24 - [TEST_STEP][PASSED] - delay(2): Delayed 2 second(s)

2019-06-24 13:32:26 - [MESSAGE][PASSED] - Delayed 2 second(s)

2019-06-24 13:32:26 - [TEST_STEP][NOT_RUN] - waitForElementPresent(findTestObject("Regression BackOffice/CLINK-23445/SameasAddress"), 50): NOT_RUN: waitForElementPresent(findTestObject("Regression BackOffice/CLINK-23445/SameasAddress"), 50)

2019-06-24 13:32:26 - [MESSAGE][NOT_RUN] - NOT_RUN: waitForElementPresent(findTestObject("Regression BackOffice/CLINK-23445/SameasAddress"), 50)

2019-06-24 13:32:26 - [TEST_STEP][NOT_RUN] - click(findTestObject("Regression BackOffice/CLINK-23445/SameasAddress"), STOP_ON_FAILURE): NOT_RUN: click(findTestObject("Regression BackOffice/CLINK-23445/SameasAddress"), STOP_ON_FAILURE)

2019-06-24 13:32:26 - [MESSAGE][NOT_RUN] - NOT_RUN: click(findTestObject("Regression BackOffice/CLINK-23445/SameasAddress"), STOP_ON_FAILURE)

2019-06-24 13:32:26 - [TEST_STEP][NOT_RUN] - delay(2): NOT_RUN: delay(2)

2019-06-24 13:32:26 - [MESSAGE][NOT_RUN] - NOT_RUN: delay(2)

2019-06-24 13:32:26 - [TEST_STEP][PASSED] - scrollToElement(findTestObject("Regression BackOffice/CLINK-23445/Race"), 50): Scroll to object 'Object Repository/Regression BackOffice/CLINK-23445/Race' successfully

2019-06-24 13:32:26 - [MESSAGE][PASSED] - Scroll to object 'Object Repository/Regression BackOffice/CLINK-23445/Race' successfully

2019-06-24 13:32:26 - [TEST_STEP][PASSED] - click(findTestObject("Regression BackOffice/CLINK-23445/Race"), STOP_ON_FAILURE): Object: 'Object Repository/Regression BackOffice/CLINK-23445/Race' is clicked on

2019-06-24 13:32:26 - [MESSAGE][PASSED] - Object: 'Object Repository/Regression BackOffice/CLINK-23445/Race' is clicked on

2019-06-24 13:32:26 - [TEST_STEP][PASSED] - sendKeys(findTestObject("Regression BackOffice/CLINK-23445/Race"), Keys.chord(ARROW_UP, ARROW_UP, ENTER)): Keys 'UP + UP + ENTER + ' sent to object: 'Object Repository/Regression BackOffice/CLINK-23445/Race'

2019-06-24 13:32:27 - [MESSAGE][PASSED] - Keys 'UP + UP + ENTER + ' sent to object: 'Object Repository/Regression BackOffice/CLINK-23445/Race'

2019-06-24 13:32:27 - [TEST_STEP][PASSED] - delay(2): Delayed 2 second(s)

2019-06-24 13:32:29 - [MESSAGE][PASSED] - Delayed 2 second(s)

2019-06-24 13:32:29 - [TEST_STEP][PASSED] - waitForElementPresent(findTestObject("Regression BackOffice/CLINK-23445/Sex"), 50): Object 'Object Repository/Regression BackOffice/CLINK-23445/Sex' is present

2019-06-24 13:32:29 - [MESSAGE][PASSED] - Object 'Object Repository/Regression BackOffice/CLINK-23445/Sex' is present

2019-06-24 13:32:29 - [TEST_STEP][PASSED] - click(findTestObject("Regression BackOffice/CLINK-23445/Sex"), STOP_ON_FAILURE): Object: 'Object Repository/Regression BackOffice/CLINK-23445/Sex' is clicked on

2019-06-24 13:32:30 - [MESSAGE][PASSED] - Object: 'Object Repository/Regression BackOffice/CLINK-23445/Sex' is clicked on

2019-06-24 13:32:30 - [TEST_STEP][PASSED] - delay(3): Delayed 3 second(s)

2019-06-24 13:32:33 - [MESSAGE][PASSED] - Delayed 3 second(s)

2019-06-24 13:32:33 - [TEST_STEP][PASSED] - waitForElementPresent(findTestObject("Regression BackOffice/CLINK-23445/Date Of Hire"), 50): Object 'Object Repository/Regression BackOffice/CLINK-23445/Date Of Hire' is present

2019-06-24 13:32:33 - [MESSAGE][PASSED] - Object 'Object Repository/Regression BackOffice/CLINK-23445/Date Of Hire' is present

2019-06-24 13:32:33 - [TEST_STEP][PASSED] - setText(findTestObject("Regression BackOffice/CLINK-23445/Date Of Hire"), "04/20/2019"): Text '04/20/2019' is set on object 'Object Repository/Regression BackOffice/CLINK-23445/Date Of Hire'

2019-06-24 13:32:34 - [MESSAGE][PASSED] - Text '04/20/2019' is set on object 'Object Repository/Regression BackOffice/CLINK-23445/Date Of Hire'

2019-06-24 13:32:34 - [TEST_STEP][PASSED] - delay(4): Delayed 4 second(s)

2019-06-24 13:32:38 - [MESSAGE][PASSED] - Delayed 4 second(s)

2019-06-24 13:32:38 - [TEST_STEP][PASSED] - switchToDefaultContent(): null

2019-06-24 13:32:38 - [TEST_STEP][PASSED] - switchToFrame(findTestObject("Regression BackOffice/CLINK-23444/BannerFrameAtt"), 30): null

2019-06-24 13:32:38 - [TEST_STEP][PASSED] - waitForElementPresent(findTestObject("Regression BackOffice/CLINK-23445/Save"), 50): Object 'Object Repository/Regression BackOffice/CLINK-23445/Save' is present

2019-06-24 13:32:39 - [MESSAGE][PASSED] - Object 'Object Repository/Regression BackOffice/CLINK-23445/Save' is present

2019-06-24 13:32:39 - [TEST_STEP][PASSED] - click(findTestObject("Regression BackOffice/CLINK-23445/Save")): Object: 'Object Repository/Regression BackOffice/CLINK-23445/Save' is clicked on

2019-06-24 13:32:44 - [MESSAGE][PASSED] - Object: 'Object Repository/Regression BackOffice/CLINK-23445/Save' is clicked on

2019-06-24 13:32:44 - [TEST_STEP][PASSED] - delay(2): Delayed 2 second(s)

2019-06-24 13:32:46 - [MESSAGE][PASSED] - Delayed 2 second(s)

2019-06-24 13:32:46 - [TEST_STEP][PASSED] - closeBrowser(): Browser is closed

2019-06-24 13:32:48 - [MESSAGE][PASSED] - Browser is closed]]></system-out>
         <system-err><![CDATA[]]></system-err>
      </testcase>
      <testcase name="Test Cases/Regression BackOffice (All Browsers)/CLNK-23446 - Back office Caregiver Locations" classname="Test Cases/Regression BackOffice (All Browsers)/CLNK-23446 - Back office Caregiver Locations" status="PASSED">
         <system-out><![CDATA[2019-06-24 13:32:50 - [TEST_CASE][PASSED] - Test Cases/Regression BackOffice (All Browsers)/CLNK-23446 - Back office Caregiver Locations: Test Cases/Regression BackOffice (All Browsers)/CLNK-23446 - Back office Caregiver Locations

2019-06-24 13:32:51 - [TEST_STEP][PASSED] - callTestCase(findTestCase("Regression BackOffice (All Browsers)/CLNK-23439 - Clink - Back office Client"), [:], STOP_ON_FAILURE): Call Test Case 'Test Cases/Regression BackOffice (All Browsers)/CLNK-23439 - Clink - Back office Client' successfully

2019-06-24 13:32:51 - [TEST_CASE][PASSED] - Test Cases/Regression BackOffice (All Browsers)/CLNK-23439 - Clink - Back office Client: Test Cases/Regression BackOffice (All Browsers)/CLNK-23439 - Clink - Back office Client

2019-06-24 13:32:51 - [TEST_STEP][PASSED] - openBrowser(G_SiteBackOffice): Browser is opened with url: 'http://qanewpoc.continulink.com:81/backoffice/Login.aspx'

2019-06-24 13:32:51 - [MESSAGE][INFO] - Starting 'Chrome' driver

2019-06-24 13:33:03 - [MESSAGE][PASSED] - Browser is opened with url: 'http://qanewpoc.continulink.com:81/backoffice/Login.aspx'

2019-06-24 13:33:03 - [TEST_STEP][PASSED] - waitForPageLoad(60): Wait for page load successfully

2019-06-24 13:33:03 - [MESSAGE][PASSED] - Wait for page load successfully

2019-06-24 13:33:03 - [TEST_STEP][PASSED] - maximizeWindow(): Current window maximized

2019-06-24 13:33:05 - [MESSAGE][PASSED] - Current window maximized

2019-06-24 13:33:05 - [TEST_STEP][PASSED] - setText(findTestObject("Regression BackOffice/Login/UserBackOffice"), G_UserBackOffice): Text 'demo' is set on object 'Object Repository/Regression BackOffice/Login/UserBackOffice'

2019-06-24 13:33:06 - [MESSAGE][PASSED] - Text 'demo' is set on object 'Object Repository/Regression BackOffice/Login/UserBackOffice'

2019-06-24 13:33:06 - [TEST_STEP][PASSED] - setText(findTestObject("Regression BackOffice/Login/PasswordBackOffice"), G_PasswordBackOffice): Text 'qwerty' is set on object 'Object Repository/Regression BackOffice/Login/PasswordBackOffice'

2019-06-24 13:33:07 - [MESSAGE][PASSED] - Text 'qwerty' is set on object 'Object Repository/Regression BackOffice/Login/PasswordBackOffice'

2019-06-24 13:33:07 - [TEST_STEP][PASSED] - click(findTestObject("Regression BackOffice/Login/LoginBackOffice")): Object: 'Object Repository/Regression BackOffice/Login/LoginBackOffice' is clicked on

2019-06-24 13:33:14 - [MESSAGE][PASSED] - Object: 'Object Repository/Regression BackOffice/Login/LoginBackOffice' is clicked on

2019-06-24 13:33:14 - [TEST_STEP][PASSED] - waitForPageLoad(60): Wait for page load successfully

2019-06-24 13:33:14 - [MESSAGE][PASSED] - Wait for page load successfully

2019-06-24 13:33:14 - [TEST_STEP][PASSED] - delay(3): Delayed 3 second(s)

2019-06-24 13:33:17 - [MESSAGE][PASSED] - Delayed 3 second(s)

2019-06-24 13:33:17 - [TEST_STEP][PASSED] - switchToFrame(findTestObject("Regression BackOffice/CLNK-23449/FrameLeft"), 5): null

2019-06-24 13:33:17 - [TEST_STEP][PASSED] - waitForElementPresent(findTestObject("Regression BackOffice/CLNK-23449/ClienIntakeICon"), 60): Object 'Object Repository/Regression BackOffice/CLNK-23449/ClienIntakeICon' is present

2019-06-24 13:33:17 - [MESSAGE][PASSED] - Object 'Object Repository/Regression BackOffice/CLNK-23449/ClienIntakeICon' is present

2019-06-24 13:33:17 - [TEST_STEP][PASSED] - verifyElementPresent(findTestObject("Regression BackOffice/CLNK-23449/ClienIntakeICon"), 100): Object 'Object Repository/Regression BackOffice/CLNK-23449/ClienIntakeICon' is present

2019-06-24 13:33:18 - [MESSAGE][PASSED] - Object 'Object Repository/Regression BackOffice/CLNK-23449/ClienIntakeICon' is present

2019-06-24 13:33:18 - [TEST_STEP][PASSED] - switchToDefaultContent(): null

2019-06-24 13:33:18 - [MESSAGE][PASSED] - Call Test Case 'Test Cases/Regression BackOffice (All Browsers)/CLNK-23439 - Clink - Back office Client' successfully

2019-06-24 13:33:18 - [TEST_STEP][PASSED] - waitForPageLoad(60): Wait for page load successfully

2019-06-24 13:33:18 - [MESSAGE][PASSED] - Wait for page load successfully

2019-06-24 13:33:18 - [TEST_STEP][PASSED] - delay(3): Delayed 3 second(s)

2019-06-24 13:33:21 - [MESSAGE][PASSED] - Delayed 3 second(s)

2019-06-24 13:33:21 - [TEST_STEP][PASSED] - switchToFrame(findTestObject("Regression BackOffice/CLNK-23449/FrameLeft"), 30): null

2019-06-24 13:33:21 - [TEST_STEP][PASSED] - waitForElementPresent(findTestObject("Regression BackOffice/CLNK-23441/Caregiver  HRLink"), 100): Object 'Object Repository/Regression BackOffice/CLNK-23441/Caregiver  HRLink' is present

2019-06-24 13:33:21 - [MESSAGE][PASSED] - Object 'Object Repository/Regression BackOffice/CLNK-23441/Caregiver  HRLink' is present

2019-06-24 13:33:21 - [TEST_STEP][PASSED] - click(findTestObject("Regression BackOffice/CLNK-23441/Caregiver  HRLink")): Object: 'Object Repository/Regression BackOffice/CLNK-23441/Caregiver  HRLink' is clicked on

2019-06-24 13:33:22 - [MESSAGE][PASSED] - Object: 'Object Repository/Regression BackOffice/CLNK-23441/Caregiver  HRLink' is clicked on

2019-06-24 13:33:22 - [TEST_STEP][PASSED] - delay(2): Delayed 2 second(s)

2019-06-24 13:33:24 - [MESSAGE][PASSED] - Delayed 2 second(s)

2019-06-24 13:33:24 - [TEST_STEP][PASSED] - waitForPageLoad(50): Wait for page load successfully

2019-06-24 13:33:24 - [MESSAGE][PASSED] - Wait for page load successfully

2019-06-24 13:33:24 - [TEST_STEP][PASSED] - waitForElementPresent(findTestObject("Regression BackOffice/CLINK-23446/Caregiver Locations"), 50): Object 'Object Repository/Regression BackOffice/CLINK-23446/Caregiver Locations' is present

2019-06-24 13:33:24 - [MESSAGE][PASSED] - Object 'Object Repository/Regression BackOffice/CLINK-23446/Caregiver Locations' is present

2019-06-24 13:33:24 - [TEST_STEP][PASSED] - click(findTestObject("Regression BackOffice/CLINK-23446/Caregiver Locations")): Object: 'Object Repository/Regression BackOffice/CLINK-23446/Caregiver Locations' is clicked on

2019-06-24 13:33:26 - [MESSAGE][PASSED] - Object: 'Object Repository/Regression BackOffice/CLINK-23446/Caregiver Locations' is clicked on

2019-06-24 13:33:26 - [TEST_STEP][PASSED] - delay(2): Delayed 2 second(s)

2019-06-24 13:33:28 - [MESSAGE][PASSED] - Delayed 2 second(s)

2019-06-24 13:33:28 - [TEST_STEP][PASSED] - switchToDefaultContent(): null

2019-06-24 13:33:29 - [TEST_STEP][PASSED] - switchToFrame(findTestObject("Regression BackOffice/CLNK-23449/FrameMain"), 30): null

2019-06-24 13:33:29 - [TEST_STEP][PASSED] - waitForElementPresent(findTestObject("Regression BackOffice/CLNK-10235/FirstNameSearch"), 50): Object 'Object Repository/Regression BackOffice/CLNK-10235/FirstNameSearch' is present

2019-06-24 13:33:29 - [MESSAGE][PASSED] - Object 'Object Repository/Regression BackOffice/CLNK-10235/FirstNameSearch' is present

2019-06-24 13:33:29 - [TEST_STEP][PASSED] - setText(findTestObject("Regression BackOffice/CLNK-10235/FirstNameSearch"), G_CaregiverFirstName): Text 'Chris' is set on object 'Object Repository/Regression BackOffice/CLNK-10235/FirstNameSearch'

2019-06-24 13:33:30 - [MESSAGE][PASSED] - Text 'Chris' is set on object 'Object Repository/Regression BackOffice/CLNK-10235/FirstNameSearch'

2019-06-24 13:33:30 - [TEST_STEP][PASSED] - delay(2): Delayed 2 second(s)

2019-06-24 13:33:32 - [MESSAGE][PASSED] - Delayed 2 second(s)

2019-06-24 13:33:32 - [TEST_STEP][PASSED] - waitForElementPresent(findTestObject("Regression BackOffice/CLNK-23441/Last NameHR"), 50): Object 'Object Repository/Regression BackOffice/CLNK-23441/Last NameHR' is present

2019-06-24 13:33:32 - [MESSAGE][PASSED] - Object 'Object Repository/Regression BackOffice/CLNK-23441/Last NameHR' is present

2019-06-24 13:33:32 - [TEST_STEP][PASSED] - setText(findTestObject("Regression BackOffice/CLNK-23441/Last NameHR"), G_CareGiverLastName): Text 'Review' is set on object 'Object Repository/Regression BackOffice/CLNK-23441/Last NameHR'

2019-06-24 13:33:33 - [MESSAGE][PASSED] - Text 'Review' is set on object 'Object Repository/Regression BackOffice/CLNK-23441/Last NameHR'

2019-06-24 13:33:33 - [TEST_STEP][PASSED] - delay(2): Delayed 2 second(s)

2019-06-24 13:33:35 - [MESSAGE][PASSED] - Delayed 2 second(s)

2019-06-24 13:33:35 - [TEST_STEP][PASSED] - waitForElementPresent(findTestObject("Regression BackOffice/CLNK-23441/CaregiverSearchButton"), 50): Object 'Object Repository/Regression BackOffice/CLNK-23441/CaregiverSearchButton' is present

2019-06-24 13:33:35 - [MESSAGE][PASSED] - Object 'Object Repository/Regression BackOffice/CLNK-23441/CaregiverSearchButton' is present

2019-06-24 13:33:35 - [TEST_STEP][PASSED] - click(findTestObject("Regression BackOffice/CLNK-23441/CaregiverSearchButton"), STOP_ON_FAILURE): Object: 'Object Repository/Regression BackOffice/CLNK-23441/CaregiverSearchButton' is clicked on

2019-06-24 13:33:37 - [MESSAGE][PASSED] - Object: 'Object Repository/Regression BackOffice/CLNK-23441/CaregiverSearchButton' is clicked on

2019-06-24 13:33:37 - [TEST_STEP][PASSED] - delay(2): Delayed 2 second(s)

2019-06-24 13:33:39 - [MESSAGE][PASSED] - Delayed 2 second(s)

2019-06-24 13:33:39 - [TEST_STEP][PASSED] - waitForElementPresent(findTestObject("Regression BackOffice/CLINK-23442/ClientLink"), 50): Object 'Object Repository/Regression BackOffice/CLINK-23442/ClientLink' is present

2019-06-24 13:33:39 - [MESSAGE][PASSED] - Object 'Object Repository/Regression BackOffice/CLINK-23442/ClientLink' is present

2019-06-24 13:33:39 - [TEST_STEP][PASSED] - click(findTestObject("Regression BackOffice/CLINK-23442/ClientLink"), STOP_ON_FAILURE): Object: 'Object Repository/Regression BackOffice/CLINK-23442/ClientLink' is clicked on

2019-06-24 13:33:42 - [MESSAGE][PASSED] - Object: 'Object Repository/Regression BackOffice/CLINK-23442/ClientLink' is clicked on

2019-06-24 13:33:42 - [TEST_STEP][PASSED] - delay(2): Delayed 2 second(s)

2019-06-24 13:33:44 - [MESSAGE][PASSED] - Delayed 2 second(s)

2019-06-24 13:33:44 - [TEST_STEP][PASSED] - waitForElementPresent(findTestObject("Regression BackOffice/CLINK-23446/NewCaregiverLocation"), 50): Object 'Object Repository/Regression BackOffice/CLINK-23446/NewCaregiverLocation' is present

2019-06-24 13:33:44 - [MESSAGE][PASSED] - Object 'Object Repository/Regression BackOffice/CLINK-23446/NewCaregiverLocation' is present

2019-06-24 13:33:44 - [TEST_STEP][PASSED] - click(findTestObject("Regression BackOffice/CLINK-23446/NewCaregiverLocation"), STOP_ON_FAILURE): Object: 'Object Repository/Regression BackOffice/CLINK-23446/NewCaregiverLocation' is clicked on

2019-06-24 13:33:45 - [MESSAGE][PASSED] - Object: 'Object Repository/Regression BackOffice/CLINK-23446/NewCaregiverLocation' is clicked on

2019-06-24 13:33:45 - [TEST_STEP][PASSED] - delay(2): Delayed 2 second(s)

2019-06-24 13:33:47 - [MESSAGE][PASSED] - Delayed 2 second(s)

2019-06-24 13:33:47 - [TEST_STEP][PASSED] - waitForElementPresent(findTestObject("Regression BackOffice/CLINK-23446/ZoneName"), 50): Object 'Object Repository/Regression BackOffice/CLINK-23446/ZoneName' is present

2019-06-24 13:33:47 - [MESSAGE][PASSED] - Object 'Object Repository/Regression BackOffice/CLINK-23446/ZoneName' is present

2019-06-24 13:33:47 - [TEST_STEP][PASSED] - click(findTestObject("Regression BackOffice/CLINK-23446/ZoneName"), STOP_ON_FAILURE): Object: 'Object Repository/Regression BackOffice/CLINK-23446/ZoneName' is clicked on

2019-06-24 13:33:48 - [MESSAGE][PASSED] - Object: 'Object Repository/Regression BackOffice/CLINK-23446/ZoneName' is clicked on

2019-06-24 13:33:48 - [TEST_STEP][PASSED] - sendKeys(findTestObject("Regression BackOffice/CLINK-23446/ZoneName"), Keys.chord(ARROW_DOWN, ARROW_DOWN, ARROW_DOWN, ENTER)): Keys 'DOWN + DOWN + DOWN + ENTER + ' sent to object: 'Object Repository/Regression BackOffice/CLINK-23446/ZoneName'

2019-06-24 13:33:48 - [MESSAGE][PASSED] - Keys 'DOWN + DOWN + DOWN + ENTER + ' sent to object: 'Object Repository/Regression BackOffice/CLINK-23446/ZoneName'

2019-06-24 13:33:48 - [TEST_STEP][PASSED] - delay(2): Delayed 2 second(s)

2019-06-24 13:33:50 - [MESSAGE][PASSED] - Delayed 2 second(s)

2019-06-24 13:33:50 - [TEST_STEP][PASSED] - waitForElementPresent(findTestObject("Regression BackOffice/CLINK-23446/li_Location"), 50): Object 'Object Repository/Regression BackOffice/CLINK-23446/li_Location' is present

2019-06-24 13:33:50 - [MESSAGE][PASSED] - Object 'Object Repository/Regression BackOffice/CLINK-23446/li_Location' is present

2019-06-24 13:33:50 - [TEST_STEP][PASSED] - doubleClick(findTestObject("Regression BackOffice/CLINK-23446/li_Location")): Object: 'Object Repository/Regression BackOffice/CLINK-23446/li_Location' is double clicked on

2019-06-24 13:33:51 - [MESSAGE][PASSED] - Object: 'Object Repository/Regression BackOffice/CLINK-23446/li_Location' is double clicked on

2019-06-24 13:33:51 - [TEST_STEP][PASSED] - delay(2): Delayed 2 second(s)

2019-06-24 13:33:53 - [MESSAGE][PASSED] - Delayed 2 second(s)

2019-06-24 13:33:53 - [TEST_STEP][PASSED] - waitForElementPresent(findTestObject("Regression BackOffice/CLINK-23446/a_Add To List"), 50): Object 'Object Repository/Regression BackOffice/CLINK-23446/a_Add To List' is present

2019-06-24 13:33:53 - [MESSAGE][PASSED] - Object 'Object Repository/Regression BackOffice/CLINK-23446/a_Add To List' is present

2019-06-24 13:33:53 - [TEST_STEP][PASSED] - click(findTestObject("Regression BackOffice/CLINK-23446/a_Add To List"), STOP_ON_FAILURE): Object: 'Object Repository/Regression BackOffice/CLINK-23446/a_Add To List' is clicked on

2019-06-24 13:33:54 - [MESSAGE][PASSED] - Object: 'Object Repository/Regression BackOffice/CLINK-23446/a_Add To List' is clicked on

2019-06-24 13:33:54 - [TEST_STEP][PASSED] - waitForPageLoad(50): Wait for page load successfully

2019-06-24 13:33:54 - [MESSAGE][PASSED] - Wait for page load successfully

2019-06-24 13:33:54 - [TEST_STEP][PASSED] - delay(3): Delayed 3 second(s)

2019-06-24 13:33:57 - [MESSAGE][PASSED] - Delayed 3 second(s)

2019-06-24 13:33:57 - [TEST_STEP][PASSED] - switchToDefaultContent(): null

2019-06-24 13:33:57 - [TEST_STEP][PASSED] - switchToFrame(findTestObject("Regression BackOffice/CLINK-23444/BannerFrameAtt"), 30): null

2019-06-24 13:33:57 - [TEST_STEP][PASSED] - waitForElementPresent(findTestObject("Regression BackOffice/CLINK-23446/SaveButton"), 50): Object 'Object Repository/Regression BackOffice/CLINK-23446/SaveButton' is present

2019-06-24 13:33:57 - [MESSAGE][PASSED] - Object 'Object Repository/Regression BackOffice/CLINK-23446/SaveButton' is present

2019-06-24 13:33:57 - [TEST_STEP][PASSED] - click(findTestObject("Regression BackOffice/CLINK-23446/SaveButton")): Object: 'Object Repository/Regression BackOffice/CLINK-23446/SaveButton' is clicked on

2019-06-24 13:34:02 - [MESSAGE][PASSED] - Object: 'Object Repository/Regression BackOffice/CLINK-23446/SaveButton' is clicked on

2019-06-24 13:34:02 - [TEST_STEP][PASSED] - delay(2): Delayed 2 second(s)

2019-06-24 13:34:04 - [MESSAGE][PASSED] - Delayed 2 second(s)

2019-06-24 13:34:04 - [TEST_STEP][PASSED] - closeBrowser(): Browser is closed

2019-06-24 13:34:06 - [MESSAGE][PASSED] - Browser is closed]]></system-out>
         <system-err><![CDATA[]]></system-err>
      </testcase>
      <testcase name="Test Cases/Regression BackOffice (All Browsers)/CLNK-23444 - Back office Caregiver Attributes" classname="Test Cases/Regression BackOffice (All Browsers)/CLNK-23444 - Back office Caregiver Attributes" status="PASSED">
         <system-out><![CDATA[2019-06-24 13:34:08 - [TEST_CASE][PASSED] - Test Cases/Regression BackOffice (All Browsers)/CLNK-23444 - Back office Caregiver Attributes: Test Cases/Regression BackOffice (All Browsers)/CLNK-23444 - Back office Caregiver Attributes

2019-06-24 13:34:09 - [TEST_STEP][PASSED] - callTestCase(findTestCase("Regression BackOffice (All Browsers)/CLNK-23439 - Clink - Back office Client"), [:], STOP_ON_FAILURE): Call Test Case 'Test Cases/Regression BackOffice (All Browsers)/CLNK-23439 - Clink - Back office Client' successfully

2019-06-24 13:34:10 - [TEST_CASE][PASSED] - Test Cases/Regression BackOffice (All Browsers)/CLNK-23439 - Clink - Back office Client: Test Cases/Regression BackOffice (All Browsers)/CLNK-23439 - Clink - Back office Client

2019-06-24 13:34:10 - [TEST_STEP][PASSED] - openBrowser(G_SiteBackOffice): Browser is opened with url: 'http://qanewpoc.continulink.com:81/backoffice/Login.aspx'

2019-06-24 13:34:10 - [MESSAGE][INFO] - Starting 'Chrome' driver

2019-06-24 13:34:19 - [MESSAGE][PASSED] - Browser is opened with url: 'http://qanewpoc.continulink.com:81/backoffice/Login.aspx'

2019-06-24 13:34:19 - [TEST_STEP][PASSED] - waitForPageLoad(60): Wait for page load successfully

2019-06-24 13:34:20 - [MESSAGE][PASSED] - Wait for page load successfully

2019-06-24 13:34:20 - [TEST_STEP][PASSED] - maximizeWindow(): Current window maximized

2019-06-24 13:34:21 - [MESSAGE][PASSED] - Current window maximized

2019-06-24 13:34:21 - [TEST_STEP][PASSED] - setText(findTestObject("Regression BackOffice/Login/UserBackOffice"), G_UserBackOffice): Text 'demo' is set on object 'Object Repository/Regression BackOffice/Login/UserBackOffice'

2019-06-24 13:34:22 - [MESSAGE][PASSED] - Text 'demo' is set on object 'Object Repository/Regression BackOffice/Login/UserBackOffice'

2019-06-24 13:34:22 - [TEST_STEP][PASSED] - setText(findTestObject("Regression BackOffice/Login/PasswordBackOffice"), G_PasswordBackOffice): Text 'qwerty' is set on object 'Object Repository/Regression BackOffice/Login/PasswordBackOffice'

2019-06-24 13:34:23 - [MESSAGE][PASSED] - Text 'qwerty' is set on object 'Object Repository/Regression BackOffice/Login/PasswordBackOffice'

2019-06-24 13:34:23 - [TEST_STEP][PASSED] - click(findTestObject("Regression BackOffice/Login/LoginBackOffice")): Object: 'Object Repository/Regression BackOffice/Login/LoginBackOffice' is clicked on

2019-06-24 13:34:31 - [MESSAGE][PASSED] - Object: 'Object Repository/Regression BackOffice/Login/LoginBackOffice' is clicked on

2019-06-24 13:34:31 - [TEST_STEP][PASSED] - waitForPageLoad(60): Wait for page load successfully

2019-06-24 13:34:31 - [MESSAGE][PASSED] - Wait for page load successfully

2019-06-24 13:34:31 - [TEST_STEP][PASSED] - delay(3): Delayed 3 second(s)

2019-06-24 13:34:34 - [MESSAGE][PASSED] - Delayed 3 second(s)

2019-06-24 13:34:34 - [TEST_STEP][PASSED] - switchToFrame(findTestObject("Regression BackOffice/CLNK-23449/FrameLeft"), 5): null

2019-06-24 13:34:35 - [TEST_STEP][PASSED] - waitForElementPresent(findTestObject("Regression BackOffice/CLNK-23449/ClienIntakeICon"), 60): Object 'Object Repository/Regression BackOffice/CLNK-23449/ClienIntakeICon' is present

2019-06-24 13:34:35 - [MESSAGE][PASSED] - Object 'Object Repository/Regression BackOffice/CLNK-23449/ClienIntakeICon' is present

2019-06-24 13:34:35 - [TEST_STEP][PASSED] - verifyElementPresent(findTestObject("Regression BackOffice/CLNK-23449/ClienIntakeICon"), 100): Object 'Object Repository/Regression BackOffice/CLNK-23449/ClienIntakeICon' is present

2019-06-24 13:34:35 - [MESSAGE][PASSED] - Object 'Object Repository/Regression BackOffice/CLNK-23449/ClienIntakeICon' is present

2019-06-24 13:34:35 - [TEST_STEP][PASSED] - switchToDefaultContent(): null

2019-06-24 13:34:35 - [MESSAGE][PASSED] - Call Test Case 'Test Cases/Regression BackOffice (All Browsers)/CLNK-23439 - Clink - Back office Client' successfully

2019-06-24 13:34:35 - [TEST_STEP][PASSED] - waitForPageLoad(60): Wait for page load successfully

2019-06-24 13:34:35 - [MESSAGE][PASSED] - Wait for page load successfully

2019-06-24 13:34:35 - [TEST_STEP][PASSED] - delay(3): Delayed 3 second(s)

2019-06-24 13:34:38 - [MESSAGE][PASSED] - Delayed 3 second(s)

2019-06-24 13:34:38 - [TEST_STEP][PASSED] - switchToFrame(findTestObject("Regression BackOffice/CLNK-23449/FrameLeft"), 30): null

2019-06-24 13:34:38 - [TEST_STEP][PASSED] - waitForElementPresent(findTestObject("Regression BackOffice/CLNK-23441/Caregiver  HRLink"), 100): Object 'Object Repository/Regression BackOffice/CLNK-23441/Caregiver  HRLink' is present

2019-06-24 13:34:39 - [MESSAGE][PASSED] - Object 'Object Repository/Regression BackOffice/CLNK-23441/Caregiver  HRLink' is present

2019-06-24 13:34:39 - [TEST_STEP][PASSED] - click(findTestObject("Regression BackOffice/CLNK-23441/Caregiver  HRLink")): Object: 'Object Repository/Regression BackOffice/CLNK-23441/Caregiver  HRLink' is clicked on

2019-06-24 13:34:39 - [MESSAGE][PASSED] - Object: 'Object Repository/Regression BackOffice/CLNK-23441/Caregiver  HRLink' is clicked on

2019-06-24 13:34:39 - [TEST_STEP][PASSED] - delay(2): Delayed 2 second(s)

2019-06-24 13:34:41 - [MESSAGE][PASSED] - Delayed 2 second(s)

2019-06-24 13:34:41 - [TEST_STEP][PASSED] - waitForPageLoad(50): Wait for page load successfully

2019-06-24 13:34:41 - [MESSAGE][PASSED] - Wait for page load successfully

2019-06-24 13:34:41 - [TEST_STEP][PASSED] - waitForElementPresent(findTestObject("Regression BackOffice/CLINK-23444/Caregiver Attributes"), 50): Object 'Object Repository/Regression BackOffice/CLINK-23444/Caregiver Attributes' is present

2019-06-24 13:34:42 - [MESSAGE][PASSED] - Object 'Object Repository/Regression BackOffice/CLINK-23444/Caregiver Attributes' is present

2019-06-24 13:34:42 - [TEST_STEP][PASSED] - click(findTestObject("Regression BackOffice/CLINK-23444/Caregiver Attributes")): Object: 'Object Repository/Regression BackOffice/CLINK-23444/Caregiver Attributes' is clicked on

2019-06-24 13:34:44 - [MESSAGE][PASSED] - Object: 'Object Repository/Regression BackOffice/CLINK-23444/Caregiver Attributes' is clicked on

2019-06-24 13:34:44 - [TEST_STEP][PASSED] - delay(2): Delayed 2 second(s)

2019-06-24 13:34:46 - [MESSAGE][PASSED] - Delayed 2 second(s)

2019-06-24 13:34:46 - [TEST_STEP][PASSED] - switchToDefaultContent(): null

2019-06-24 13:34:46 - [TEST_STEP][PASSED] - switchToFrame(findTestObject("Regression BackOffice/CLNK-23449/FrameMain"), 30): null

2019-06-24 13:34:47 - [TEST_STEP][PASSED] - waitForElementPresent(findTestObject("Regression BackOffice/CLNK-10235/FirstNameSearch"), 50): Object 'Object Repository/Regression BackOffice/CLNK-10235/FirstNameSearch' is present

2019-06-24 13:34:47 - [MESSAGE][PASSED] - Object 'Object Repository/Regression BackOffice/CLNK-10235/FirstNameSearch' is present

2019-06-24 13:34:47 - [TEST_STEP][PASSED] - setText(findTestObject("Regression BackOffice/CLNK-10235/FirstNameSearch"), G_CaregiverFirstName): Text 'Chris' is set on object 'Object Repository/Regression BackOffice/CLNK-10235/FirstNameSearch'

2019-06-24 13:34:48 - [MESSAGE][PASSED] - Text 'Chris' is set on object 'Object Repository/Regression BackOffice/CLNK-10235/FirstNameSearch'

2019-06-24 13:34:48 - [TEST_STEP][PASSED] - delay(2): Delayed 2 second(s)

2019-06-24 13:34:50 - [MESSAGE][PASSED] - Delayed 2 second(s)

2019-06-24 13:34:50 - [TEST_STEP][PASSED] - waitForElementPresent(findTestObject("Regression BackOffice/CLNK-23441/Last NameHR"), 50): Object 'Object Repository/Regression BackOffice/CLNK-23441/Last NameHR' is present

2019-06-24 13:34:50 - [MESSAGE][PASSED] - Object 'Object Repository/Regression BackOffice/CLNK-23441/Last NameHR' is present

2019-06-24 13:34:50 - [TEST_STEP][PASSED] - setText(findTestObject("Regression BackOffice/CLNK-23441/Last NameHR"), G_CareGiverLastName): Text 'Review' is set on object 'Object Repository/Regression BackOffice/CLNK-23441/Last NameHR'

2019-06-24 13:34:51 - [MESSAGE][PASSED] - Text 'Review' is set on object 'Object Repository/Regression BackOffice/CLNK-23441/Last NameHR'

2019-06-24 13:34:51 - [TEST_STEP][PASSED] - delay(2): Delayed 2 second(s)

2019-06-24 13:34:53 - [MESSAGE][PASSED] - Delayed 2 second(s)

2019-06-24 13:34:53 - [TEST_STEP][PASSED] - waitForElementPresent(findTestObject("Regression BackOffice/CLNK-23441/CaregiverSearchButton"), 50): Object 'Object Repository/Regression BackOffice/CLNK-23441/CaregiverSearchButton' is present

2019-06-24 13:34:53 - [MESSAGE][PASSED] - Object 'Object Repository/Regression BackOffice/CLNK-23441/CaregiverSearchButton' is present

2019-06-24 13:34:53 - [TEST_STEP][PASSED] - click(findTestObject("Regression BackOffice/CLNK-23441/CaregiverSearchButton"), STOP_ON_FAILURE): Object: 'Object Repository/Regression BackOffice/CLNK-23441/CaregiverSearchButton' is clicked on

2019-06-24 13:34:56 - [MESSAGE][PASSED] - Object: 'Object Repository/Regression BackOffice/CLNK-23441/CaregiverSearchButton' is clicked on

2019-06-24 13:34:56 - [TEST_STEP][PASSED] - delay(2): Delayed 2 second(s)

2019-06-24 13:34:58 - [MESSAGE][PASSED] - Delayed 2 second(s)

2019-06-24 13:34:58 - [TEST_STEP][PASSED] - waitForElementPresent(findTestObject("Regression BackOffice/CLINK-23442/ClientLink"), 50): Object 'Object Repository/Regression BackOffice/CLINK-23442/ClientLink' is present

2019-06-24 13:34:58 - [MESSAGE][PASSED] - Object 'Object Repository/Regression BackOffice/CLINK-23442/ClientLink' is present

2019-06-24 13:34:58 - [TEST_STEP][PASSED] - click(findTestObject("Regression BackOffice/CLINK-23442/ClientLink"), STOP_ON_FAILURE): Object: 'Object Repository/Regression BackOffice/CLINK-23442/ClientLink' is clicked on

2019-06-24 13:35:01 - [MESSAGE][PASSED] - Object: 'Object Repository/Regression BackOffice/CLINK-23442/ClientLink' is clicked on

2019-06-24 13:35:01 - [TEST_STEP][PASSED] - delay(2): Delayed 2 second(s)

2019-06-24 13:35:03 - [MESSAGE][PASSED] - Delayed 2 second(s)

2019-06-24 13:35:03 - [TEST_STEP][PASSED] - waitForElementPresent(findTestObject("Regression BackOffice/CLINK-23444/New Attribute"), 50): Object 'Object Repository/Regression BackOffice/CLINK-23444/New Attribute' is present

2019-06-24 13:35:03 - [MESSAGE][PASSED] - Object 'Object Repository/Regression BackOffice/CLINK-23444/New Attribute' is present

2019-06-24 13:35:03 - [TEST_STEP][PASSED] - click(findTestObject("Regression BackOffice/CLINK-23444/New Attribute"), STOP_ON_FAILURE): Object: 'Object Repository/Regression BackOffice/CLINK-23444/New Attribute' is clicked on

2019-06-24 13:35:04 - [MESSAGE][PASSED] - Object: 'Object Repository/Regression BackOffice/CLINK-23444/New Attribute' is clicked on

2019-06-24 13:35:04 - [TEST_STEP][PASSED] - delay(2): Delayed 2 second(s)

2019-06-24 13:35:06 - [MESSAGE][PASSED] - Delayed 2 second(s)

2019-06-24 13:35:06 - [TEST_STEP][PASSED] - waitForElementPresent(findTestObject("Regression BackOffice/CLINK-23444/CheckedBy"), 50): Object 'Object Repository/Regression BackOffice/CLINK-23444/CheckedBy' is present

2019-06-24 13:35:06 - [MESSAGE][PASSED] - Object 'Object Repository/Regression BackOffice/CLINK-23444/CheckedBy' is present

2019-06-24 13:35:06 - [TEST_STEP][PASSED] - setText(findTestObject("Regression BackOffice/CLINK-23444/CheckedBy"), "Isaac"): Text 'Isaac' is set on object 'Object Repository/Regression BackOffice/CLINK-23444/CheckedBy'

2019-06-24 13:35:07 - [MESSAGE][PASSED] - Text 'Isaac' is set on object 'Object Repository/Regression BackOffice/CLINK-23444/CheckedBy'

2019-06-24 13:35:07 - [TEST_STEP][PASSED] - delay(2): Delayed 2 second(s)

2019-06-24 13:35:09 - [MESSAGE][PASSED] - Delayed 2 second(s)

2019-06-24 13:35:09 - [TEST_STEP][PASSED] - waitForElementPresent(findTestObject("Regression BackOffice/CLINK-23444/Checked Date"), 50): Object 'Object Repository/Regression BackOffice/CLINK-23444/Checked Date' is present

2019-06-24 13:35:09 - [MESSAGE][PASSED] - Object 'Object Repository/Regression BackOffice/CLINK-23444/Checked Date' is present

2019-06-24 13:35:09 - [TEST_STEP][PASSED] - setText(findTestObject("Regression BackOffice/CLINK-23444/Checked Date"), getDate.DateUtilities.getDateMonthDayYearNumberwithSlash()): Text '06/24/2019' is set on object 'Object Repository/Regression BackOffice/CLINK-23444/Checked Date'

2019-06-24 13:35:09 - [MESSAGE][PASSED] - getDate.DateUtilities.getDateMonthDayYearNumberwithSlash is PASSED

2019-06-24 13:35:10 - [MESSAGE][PASSED] - Text '06/24/2019' is set on object 'Object Repository/Regression BackOffice/CLINK-23444/Checked Date'

2019-06-24 13:35:10 - [TEST_STEP][PASSED] - delay(4): Delayed 4 second(s)

2019-06-24 13:35:14 - [MESSAGE][PASSED] - Delayed 4 second(s)

2019-06-24 13:35:14 - [TEST_STEP][PASSED] - waitForElementPresent(findTestObject("Regression BackOffice/CLINK-23444/a_Add To List"), 50): Object 'Object Repository/Regression BackOffice/CLINK-23444/a_Add To List' is present

2019-06-24 13:35:15 - [MESSAGE][PASSED] - Object 'Object Repository/Regression BackOffice/CLINK-23444/a_Add To List' is present

2019-06-24 13:35:15 - [TEST_STEP][PASSED] - click(findTestObject("Regression BackOffice/CLINK-23444/a_Add To List"), STOP_ON_FAILURE): Object: 'Object Repository/Regression BackOffice/CLINK-23444/a_Add To List' is clicked on

2019-06-24 13:35:15 - [MESSAGE][PASSED] - Object: 'Object Repository/Regression BackOffice/CLINK-23444/a_Add To List' is clicked on

2019-06-24 13:35:15 - [TEST_STEP][PASSED] - delay(3): Delayed 3 second(s)

2019-06-24 13:35:18 - [MESSAGE][PASSED] - Delayed 3 second(s)

2019-06-24 13:35:18 - [TEST_STEP][PASSED] - switchToDefaultContent(): null

2019-06-24 13:35:18 - [TEST_STEP][PASSED] - switchToFrame(findTestObject("Regression BackOffice/CLINK-23444/BannerFrameAtt"), 30): null

2019-06-24 13:35:18 - [TEST_STEP][PASSED] - waitForElementPresent(findTestObject("Regression BackOffice/CLINK-23444/Save"), 50): Object 'Object Repository/Regression BackOffice/CLINK-23444/Save' is present

2019-06-24 13:35:19 - [MESSAGE][PASSED] - Object 'Object Repository/Regression BackOffice/CLINK-23444/Save' is present

2019-06-24 13:35:19 - [TEST_STEP][PASSED] - click(findTestObject("Regression BackOffice/CLINK-23444/Save")): Object: 'Object Repository/Regression BackOffice/CLINK-23444/Save' is clicked on

2019-06-24 13:35:24 - [MESSAGE][PASSED] - Object: 'Object Repository/Regression BackOffice/CLINK-23444/Save' is clicked on

2019-06-24 13:35:24 - [TEST_STEP][PASSED] - delay(2): Delayed 2 second(s)

2019-06-24 13:35:26 - [MESSAGE][PASSED] - Delayed 2 second(s)

2019-06-24 13:35:26 - [TEST_STEP][PASSED] - closeBrowser(): Browser is closed

2019-06-24 13:35:28 - [MESSAGE][PASSED] - Browser is closed]]></system-out>
         <system-err><![CDATA[]]></system-err>
      </testcase>
      <testcase name="Test Cases/Regression BackOffice (All Browsers)/CLNK-23447 - Back office Caregiver Demographics" classname="Test Cases/Regression BackOffice (All Browsers)/CLNK-23447 - Back office Caregiver Demographics" status="PASSED">
         <system-out><![CDATA[2019-06-24 13:35:30 - [TEST_CASE][PASSED] - Test Cases/Regression BackOffice (All Browsers)/CLNK-23447 - Back office Caregiver Demographics: Test Cases/Regression BackOffice (All Browsers)/CLNK-23447 - Back office Caregiver Demographics

2019-06-24 13:35:31 - [TEST_STEP][PASSED] - callTestCase(findTestCase("Regression BackOffice (All Browsers)/CLNK-23439 - Clink - Back office Client"), [:], STOP_ON_FAILURE): Call Test Case 'Test Cases/Regression BackOffice (All Browsers)/CLNK-23439 - Clink - Back office Client' successfully

2019-06-24 13:35:31 - [TEST_CASE][PASSED] - Test Cases/Regression BackOffice (All Browsers)/CLNK-23439 - Clink - Back office Client: Test Cases/Regression BackOffice (All Browsers)/CLNK-23439 - Clink - Back office Client

2019-06-24 13:35:31 - [TEST_STEP][PASSED] - openBrowser(G_SiteBackOffice): Browser is opened with url: 'http://qanewpoc.continulink.com:81/backoffice/Login.aspx'

2019-06-24 13:35:31 - [MESSAGE][INFO] - Starting 'Chrome' driver

2019-06-24 13:35:40 - [MESSAGE][PASSED] - Browser is opened with url: 'http://qanewpoc.continulink.com:81/backoffice/Login.aspx'

2019-06-24 13:35:40 - [TEST_STEP][PASSED] - waitForPageLoad(60): Wait for page load successfully

2019-06-24 13:35:40 - [MESSAGE][PASSED] - Wait for page load successfully

2019-06-24 13:35:40 - [TEST_STEP][PASSED] - maximizeWindow(): Current window maximized

2019-06-24 13:35:42 - [MESSAGE][PASSED] - Current window maximized

2019-06-24 13:35:42 - [TEST_STEP][PASSED] - setText(findTestObject("Regression BackOffice/Login/UserBackOffice"), G_UserBackOffice): Text 'demo' is set on object 'Object Repository/Regression BackOffice/Login/UserBackOffice'

2019-06-24 13:35:43 - [MESSAGE][PASSED] - Text 'demo' is set on object 'Object Repository/Regression BackOffice/Login/UserBackOffice'

2019-06-24 13:35:43 - [TEST_STEP][PASSED] - setText(findTestObject("Regression BackOffice/Login/PasswordBackOffice"), G_PasswordBackOffice): Text 'qwerty' is set on object 'Object Repository/Regression BackOffice/Login/PasswordBackOffice'

2019-06-24 13:35:44 - [MESSAGE][PASSED] - Text 'qwerty' is set on object 'Object Repository/Regression BackOffice/Login/PasswordBackOffice'

2019-06-24 13:35:44 - [TEST_STEP][PASSED] - click(findTestObject("Regression BackOffice/Login/LoginBackOffice")): Object: 'Object Repository/Regression BackOffice/Login/LoginBackOffice' is clicked on

2019-06-24 13:35:51 - [MESSAGE][PASSED] - Object: 'Object Repository/Regression BackOffice/Login/LoginBackOffice' is clicked on

2019-06-24 13:35:51 - [TEST_STEP][PASSED] - waitForPageLoad(60): Wait for page load successfully

2019-06-24 13:35:51 - [MESSAGE][PASSED] - Wait for page load successfully

2019-06-24 13:35:51 - [TEST_STEP][PASSED] - delay(3): Delayed 3 second(s)

2019-06-24 13:35:54 - [MESSAGE][PASSED] - Delayed 3 second(s)

2019-06-24 13:35:54 - [TEST_STEP][PASSED] - switchToFrame(findTestObject("Regression BackOffice/CLNK-23449/FrameLeft"), 5): null

2019-06-24 13:35:55 - [TEST_STEP][PASSED] - waitForElementPresent(findTestObject("Regression BackOffice/CLNK-23449/ClienIntakeICon"), 60): Object 'Object Repository/Regression BackOffice/CLNK-23449/ClienIntakeICon' is present

2019-06-24 13:35:55 - [MESSAGE][PASSED] - Object 'Object Repository/Regression BackOffice/CLNK-23449/ClienIntakeICon' is present

2019-06-24 13:35:55 - [TEST_STEP][PASSED] - verifyElementPresent(findTestObject("Regression BackOffice/CLNK-23449/ClienIntakeICon"), 100): Object 'Object Repository/Regression BackOffice/CLNK-23449/ClienIntakeICon' is present

2019-06-24 13:35:55 - [MESSAGE][PASSED] - Object 'Object Repository/Regression BackOffice/CLNK-23449/ClienIntakeICon' is present

2019-06-24 13:35:55 - [TEST_STEP][PASSED] - switchToDefaultContent(): null

2019-06-24 13:35:55 - [MESSAGE][PASSED] - Call Test Case 'Test Cases/Regression BackOffice (All Browsers)/CLNK-23439 - Clink - Back office Client' successfully

2019-06-24 13:35:55 - [TEST_STEP][PASSED] - waitForPageLoad(60): Wait for page load successfully

2019-06-24 13:35:55 - [MESSAGE][PASSED] - Wait for page load successfully

2019-06-24 13:35:55 - [TEST_STEP][PASSED] - delay(3): Delayed 3 second(s)

2019-06-24 13:35:58 - [MESSAGE][PASSED] - Delayed 3 second(s)

2019-06-24 13:35:58 - [TEST_STEP][PASSED] - switchToFrame(findTestObject("Regression BackOffice/CLNK-23449/FrameLeft"), 30): null

2019-06-24 13:35:59 - [TEST_STEP][PASSED] - waitForElementPresent(findTestObject("Regression BackOffice/CLNK-23441/Caregiver  HRLink"), 100): Object 'Object Repository/Regression BackOffice/CLNK-23441/Caregiver  HRLink' is present

2019-06-24 13:35:59 - [MESSAGE][PASSED] - Object 'Object Repository/Regression BackOffice/CLNK-23441/Caregiver  HRLink' is present

2019-06-24 13:35:59 - [TEST_STEP][PASSED] - click(findTestObject("Regression BackOffice/CLNK-23441/Caregiver  HRLink")): Object: 'Object Repository/Regression BackOffice/CLNK-23441/Caregiver  HRLink' is clicked on

2019-06-24 13:35:59 - [MESSAGE][PASSED] - Object: 'Object Repository/Regression BackOffice/CLNK-23441/Caregiver  HRLink' is clicked on

2019-06-24 13:35:59 - [TEST_STEP][PASSED] - delay(2): Delayed 2 second(s)

2019-06-24 13:36:01 - [MESSAGE][PASSED] - Delayed 2 second(s)

2019-06-24 13:36:01 - [TEST_STEP][PASSED] - waitForPageLoad(50): Wait for page load successfully

2019-06-24 13:36:01 - [MESSAGE][PASSED] - Wait for page load successfully

2019-06-24 13:36:01 - [TEST_STEP][PASSED] - waitForElementPresent(findTestObject("Regression BackOffice/CLINK-23447/Caregiver Demographics"), 50): Object 'Object Repository/Regression BackOffice/CLINK-23447/Caregiver Demographics' is present

2019-06-24 13:36:02 - [MESSAGE][PASSED] - Object 'Object Repository/Regression BackOffice/CLINK-23447/Caregiver Demographics' is present

2019-06-24 13:36:02 - [TEST_STEP][PASSED] - click(findTestObject("Regression BackOffice/CLINK-23447/Caregiver Demographics")): Object: 'Object Repository/Regression BackOffice/CLINK-23447/Caregiver Demographics' is clicked on

2019-06-24 13:36:04 - [MESSAGE][PASSED] - Object: 'Object Repository/Regression BackOffice/CLINK-23447/Caregiver Demographics' is clicked on

2019-06-24 13:36:04 - [TEST_STEP][PASSED] - delay(2): Delayed 2 second(s)

2019-06-24 13:36:06 - [MESSAGE][PASSED] - Delayed 2 second(s)

2019-06-24 13:36:06 - [TEST_STEP][PASSED] - switchToDefaultContent(): null

2019-06-24 13:36:06 - [TEST_STEP][PASSED] - switchToFrame(findTestObject("Regression BackOffice/CLNK-23449/FrameMain"), 30): null

2019-06-24 13:36:06 - [TEST_STEP][PASSED] - waitForElementPresent(findTestObject("Regression BackOffice/CLNK-10235/FirstNameSearch"), 50): Object 'Object Repository/Regression BackOffice/CLNK-10235/FirstNameSearch' is present

2019-06-24 13:36:07 - [MESSAGE][PASSED] - Object 'Object Repository/Regression BackOffice/CLNK-10235/FirstNameSearch' is present

2019-06-24 13:36:07 - [TEST_STEP][PASSED] - setText(findTestObject("Regression BackOffice/CLNK-10235/FirstNameSearch"), G_CaregiverFirstName): Text 'Chris' is set on object 'Object Repository/Regression BackOffice/CLNK-10235/FirstNameSearch'

2019-06-24 13:36:07 - [MESSAGE][PASSED] - Text 'Chris' is set on object 'Object Repository/Regression BackOffice/CLNK-10235/FirstNameSearch'

2019-06-24 13:36:07 - [TEST_STEP][PASSED] - delay(2): Delayed 2 second(s)

2019-06-24 13:36:09 - [MESSAGE][PASSED] - Delayed 2 second(s)

2019-06-24 13:36:09 - [TEST_STEP][PASSED] - waitForElementPresent(findTestObject("Regression BackOffice/CLNK-23441/Last NameHR"), 50): Object 'Object Repository/Regression BackOffice/CLNK-23441/Last NameHR' is present

2019-06-24 13:36:09 - [MESSAGE][PASSED] - Object 'Object Repository/Regression BackOffice/CLNK-23441/Last NameHR' is present

2019-06-24 13:36:09 - [TEST_STEP][PASSED] - setText(findTestObject("Regression BackOffice/CLNK-23441/Last NameHR"), G_CareGiverLastName): Text 'Review' is set on object 'Object Repository/Regression BackOffice/CLNK-23441/Last NameHR'

2019-06-24 13:36:10 - [MESSAGE][PASSED] - Text 'Review' is set on object 'Object Repository/Regression BackOffice/CLNK-23441/Last NameHR'

2019-06-24 13:36:10 - [TEST_STEP][PASSED] - delay(2): Delayed 2 second(s)

2019-06-24 13:36:12 - [MESSAGE][PASSED] - Delayed 2 second(s)

2019-06-24 13:36:12 - [TEST_STEP][PASSED] - waitForElementPresent(findTestObject("Regression BackOffice/CLNK-23441/CaregiverSearchButton"), 50): Object 'Object Repository/Regression BackOffice/CLNK-23441/CaregiverSearchButton' is present

2019-06-24 13:36:13 - [MESSAGE][PASSED] - Object 'Object Repository/Regression BackOffice/CLNK-23441/CaregiverSearchButton' is present

2019-06-24 13:36:13 - [TEST_STEP][PASSED] - click(findTestObject("Regression BackOffice/CLNK-23441/CaregiverSearchButton"), STOP_ON_FAILURE): Object: 'Object Repository/Regression BackOffice/CLNK-23441/CaregiverSearchButton' is clicked on

2019-06-24 13:36:14 - [MESSAGE][PASSED] - Object: 'Object Repository/Regression BackOffice/CLNK-23441/CaregiverSearchButton' is clicked on

2019-06-24 13:36:14 - [TEST_STEP][PASSED] - delay(2): Delayed 2 second(s)

2019-06-24 13:36:16 - [MESSAGE][PASSED] - Delayed 2 second(s)

2019-06-24 13:36:16 - [TEST_STEP][PASSED] - waitForElementPresent(findTestObject("Regression BackOffice/CLINK-23442/ClientLink"), 50): Object 'Object Repository/Regression BackOffice/CLINK-23442/ClientLink' is present

2019-06-24 13:36:17 - [MESSAGE][PASSED] - Object 'Object Repository/Regression BackOffice/CLINK-23442/ClientLink' is present

2019-06-24 13:36:17 - [TEST_STEP][PASSED] - click(findTestObject("Regression BackOffice/CLINK-23442/ClientLink"), STOP_ON_FAILURE): Object: 'Object Repository/Regression BackOffice/CLINK-23442/ClientLink' is clicked on

2019-06-24 13:36:21 - [MESSAGE][PASSED] - Object: 'Object Repository/Regression BackOffice/CLINK-23442/ClientLink' is clicked on

2019-06-24 13:36:21 - [TEST_STEP][PASSED] - delay(2): Delayed 2 second(s)

2019-06-24 13:36:23 - [MESSAGE][PASSED] - Delayed 2 second(s)

2019-06-24 13:36:23 - [TEST_STEP][PASSED] - waitForPageLoad(0): Wait for page load successfully

2019-06-24 13:36:23 - [MESSAGE][WARNING] - Timeout '0' is invalid. Using default page load timeout: '30'

2019-06-24 13:36:23 - [MESSAGE][PASSED] - Wait for page load successfully

2019-06-24 13:36:23 - [TEST_STEP][PASSED] - waitForElementPresent(findTestObject("Regression BackOffice/CLINK-23447/DateSent"), 50): Object 'Object Repository/Regression BackOffice/CLINK-23447/DateSent' is present

2019-06-24 13:36:23 - [MESSAGE][PASSED] - Object 'Object Repository/Regression BackOffice/CLINK-23447/DateSent' is present

2019-06-24 13:36:23 - [TEST_STEP][PASSED] - setText(findTestObject("Regression BackOffice/CLINK-23447/DateSent"), getDate.DateUtilities.getDateMonthDayYearNumberwithSlash()): Text '06/24/2019' is set on object 'Object Repository/Regression BackOffice/CLINK-23447/DateSent'

2019-06-24 13:36:23 - [MESSAGE][PASSED] - getDate.DateUtilities.getDateMonthDayYearNumberwithSlash is PASSED

2019-06-24 13:36:27 - [MESSAGE][PASSED] - Text '06/24/2019' is set on object 'Object Repository/Regression BackOffice/CLINK-23447/DateSent'

2019-06-24 13:36:27 - [TEST_STEP][PASSED] - delay(4): Delayed 4 second(s)

2019-06-24 13:36:31 - [MESSAGE][PASSED] - Delayed 4 second(s)

2019-06-24 13:36:31 - [TEST_STEP][PASSED] - waitForElementPresent(findTestObject("Regression BackOffice/CLINK-23447/DateReceived"), 50): Object 'Object Repository/Regression BackOffice/CLINK-23447/DateReceived' is present

2019-06-24 13:36:31 - [MESSAGE][PASSED] - Object 'Object Repository/Regression BackOffice/CLINK-23447/DateReceived' is present

2019-06-24 13:36:31 - [TEST_STEP][PASSED] - setText(findTestObject("Regression BackOffice/CLINK-23447/DateReceived"), getDate.DateUtilities.getDateMonthDayYearNumberwithSlash()): Text '06/24/2019' is set on object 'Object Repository/Regression BackOffice/CLINK-23447/DateReceived'

2019-06-24 13:36:31 - [MESSAGE][PASSED] - getDate.DateUtilities.getDateMonthDayYearNumberwithSlash is PASSED

2019-06-24 13:36:32 - [MESSAGE][PASSED] - Text '06/24/2019' is set on object 'Object Repository/Regression BackOffice/CLINK-23447/DateReceived'

2019-06-24 13:36:32 - [TEST_STEP][PASSED] - delay(4): Delayed 4 second(s)

2019-06-24 13:36:36 - [MESSAGE][PASSED] - Delayed 4 second(s)

2019-06-24 13:36:36 - [TEST_STEP][PASSED] - waitForElementPresent(findTestObject("Regression BackOffice/CLINK-23447/CheckCompletedDate"), 50): Object 'Object Repository/Regression BackOffice/CLINK-23447/CheckCompletedDate' is present

2019-06-24 13:36:36 - [MESSAGE][PASSED] - Object 'Object Repository/Regression BackOffice/CLINK-23447/CheckCompletedDate' is present

2019-06-24 13:36:36 - [TEST_STEP][PASSED] - setText(findTestObject("Regression BackOffice/CLINK-23447/CheckCompletedDate"), getDate.DateUtilities.getDateMonthDayYearNumberwithSlash()): Text '06/24/2019' is set on object 'Object Repository/Regression BackOffice/CLINK-23447/CheckCompletedDate'

2019-06-24 13:36:36 - [MESSAGE][PASSED] - getDate.DateUtilities.getDateMonthDayYearNumberwithSlash is PASSED

2019-06-24 13:36:38 - [MESSAGE][PASSED] - Text '06/24/2019' is set on object 'Object Repository/Regression BackOffice/CLINK-23447/CheckCompletedDate'

2019-06-24 13:36:38 - [TEST_STEP][PASSED] - delay(4): Delayed 4 second(s)

2019-06-24 13:36:42 - [MESSAGE][PASSED] - Delayed 4 second(s)

2019-06-24 13:36:42 - [TEST_STEP][PASSED] - switchToDefaultContent(): null

2019-06-24 13:36:42 - [TEST_STEP][PASSED] - switchToFrame(findTestObject("Regression BackOffice/CLINK-23444/BannerFrameAtt"), 30): null

2019-06-24 13:36:42 - [TEST_STEP][PASSED] - waitForElementPresent(findTestObject("Regression BackOffice/CLINK-23446/SaveButton"), 50): Object 'Object Repository/Regression BackOffice/CLINK-23446/SaveButton' is present

2019-06-24 13:36:42 - [MESSAGE][PASSED] - Object 'Object Repository/Regression BackOffice/CLINK-23446/SaveButton' is present

2019-06-24 13:36:42 - [TEST_STEP][PASSED] - click(findTestObject("Regression BackOffice/CLINK-23446/SaveButton")): Object: 'Object Repository/Regression BackOffice/CLINK-23446/SaveButton' is clicked on

2019-06-24 13:36:49 - [MESSAGE][PASSED] - Object: 'Object Repository/Regression BackOffice/CLINK-23446/SaveButton' is clicked on

2019-06-24 13:36:49 - [TEST_STEP][PASSED] - delay(2): Delayed 2 second(s)

2019-06-24 13:36:51 - [MESSAGE][PASSED] - Delayed 2 second(s)

2019-06-24 13:36:51 - [TEST_STEP][PASSED] - closeBrowser(): Browser is closed

2019-06-24 13:36:52 - [MESSAGE][PASSED] - Browser is closed]]></system-out>
         <system-err><![CDATA[]]></system-err>
      </testcase>
      <testcase name="Test Cases/Regression BackOffice (All Browsers)/CLNK-17788 - (Task A) New Clinical Manager Caregiver Property" classname="Test Cases/Regression BackOffice (All Browsers)/CLNK-17788 - (Task A) New Clinical Manager Caregiver Property" status="PASSED">
         <system-out><![CDATA[2019-06-24 13:36:55 - [TEST_CASE][PASSED] - Test Cases/Regression BackOffice (All Browsers)/CLNK-17788 - (Task A) New Clinical Manager Caregiver Property: Test Cases/Regression BackOffice (All Browsers)/CLNK-17788 - (Task A) New Clinical Manager Caregiver Property

2019-06-24 13:36:56 - [TEST_STEP][PASSED] - callTestCase(findTestCase("Regression BackOffice (All Browsers)/CLNK-23439 - Clink - Back office Client"), [:], STOP_ON_FAILURE): Call Test Case 'Test Cases/Regression BackOffice (All Browsers)/CLNK-23439 - Clink - Back office Client' successfully

2019-06-24 13:36:56 - [TEST_CASE][PASSED] - Test Cases/Regression BackOffice (All Browsers)/CLNK-23439 - Clink - Back office Client: Test Cases/Regression BackOffice (All Browsers)/CLNK-23439 - Clink - Back office Client

2019-06-24 13:36:56 - [TEST_STEP][PASSED] - openBrowser(G_SiteBackOffice): Browser is opened with url: 'http://qanewpoc.continulink.com:81/backoffice/Login.aspx'

2019-06-24 13:36:56 - [MESSAGE][INFO] - Starting 'Chrome' driver

2019-06-24 13:37:06 - [MESSAGE][PASSED] - Browser is opened with url: 'http://qanewpoc.continulink.com:81/backoffice/Login.aspx'

2019-06-24 13:37:06 - [TEST_STEP][PASSED] - waitForPageLoad(60): Wait for page load successfully

2019-06-24 13:37:06 - [MESSAGE][PASSED] - Wait for page load successfully

2019-06-24 13:37:06 - [TEST_STEP][PASSED] - maximizeWindow(): Current window maximized

2019-06-24 13:37:08 - [MESSAGE][PASSED] - Current window maximized

2019-06-24 13:37:08 - [TEST_STEP][PASSED] - setText(findTestObject("Regression BackOffice/Login/UserBackOffice"), G_UserBackOffice): Text 'demo' is set on object 'Object Repository/Regression BackOffice/Login/UserBackOffice'

2019-06-24 13:37:09 - [MESSAGE][PASSED] - Text 'demo' is set on object 'Object Repository/Regression BackOffice/Login/UserBackOffice'

2019-06-24 13:37:09 - [TEST_STEP][PASSED] - setText(findTestObject("Regression BackOffice/Login/PasswordBackOffice"), G_PasswordBackOffice): Text 'qwerty' is set on object 'Object Repository/Regression BackOffice/Login/PasswordBackOffice'

2019-06-24 13:37:10 - [MESSAGE][PASSED] - Text 'qwerty' is set on object 'Object Repository/Regression BackOffice/Login/PasswordBackOffice'

2019-06-24 13:37:10 - [TEST_STEP][PASSED] - click(findTestObject("Regression BackOffice/Login/LoginBackOffice")): Object: 'Object Repository/Regression BackOffice/Login/LoginBackOffice' is clicked on

2019-06-24 13:37:18 - [MESSAGE][PASSED] - Object: 'Object Repository/Regression BackOffice/Login/LoginBackOffice' is clicked on

2019-06-24 13:37:18 - [TEST_STEP][PASSED] - waitForPageLoad(60): Wait for page load successfully

2019-06-24 13:37:18 - [MESSAGE][PASSED] - Wait for page load successfully

2019-06-24 13:37:18 - [TEST_STEP][PASSED] - delay(3): Delayed 3 second(s)

2019-06-24 13:37:21 - [MESSAGE][PASSED] - Delayed 3 second(s)

2019-06-24 13:37:21 - [TEST_STEP][PASSED] - switchToFrame(findTestObject("Regression BackOffice/CLNK-23449/FrameLeft"), 5): null

2019-06-24 13:37:21 - [TEST_STEP][PASSED] - waitForElementPresent(findTestObject("Regression BackOffice/CLNK-23449/ClienIntakeICon"), 60): Object 'Object Repository/Regression BackOffice/CLNK-23449/ClienIntakeICon' is present

2019-06-24 13:37:21 - [MESSAGE][PASSED] - Object 'Object Repository/Regression BackOffice/CLNK-23449/ClienIntakeICon' is present

2019-06-24 13:37:21 - [TEST_STEP][PASSED] - verifyElementPresent(findTestObject("Regression BackOffice/CLNK-23449/ClienIntakeICon"), 100): Object 'Object Repository/Regression BackOffice/CLNK-23449/ClienIntakeICon' is present

2019-06-24 13:37:21 - [MESSAGE][PASSED] - Object 'Object Repository/Regression BackOffice/CLNK-23449/ClienIntakeICon' is present

2019-06-24 13:37:21 - [TEST_STEP][PASSED] - switchToDefaultContent(): null

2019-06-24 13:37:21 - [MESSAGE][PASSED] - Call Test Case 'Test Cases/Regression BackOffice (All Browsers)/CLNK-23439 - Clink - Back office Client' successfully

2019-06-24 13:37:21 - [TEST_STEP][PASSED] - waitForPageLoad(60): Wait for page load successfully

2019-06-24 13:37:21 - [MESSAGE][PASSED] - Wait for page load successfully

2019-06-24 13:37:21 - [TEST_STEP][PASSED] - delay(3): Delayed 3 second(s)

2019-06-24 13:37:24 - [MESSAGE][PASSED] - Delayed 3 second(s)

2019-06-24 13:37:24 - [TEST_STEP][PASSED] - switchToFrame(findTestObject("Regression BackOffice/CLNK-23449/FrameLeft"), 30): null

2019-06-24 13:37:25 - [TEST_STEP][PASSED] - waitForElementPresent(findTestObject("Regression BackOffice/CLINK-17788/CaregiverHRLink"), 100): Object 'Object Repository/Regression BackOffice/CLINK-17788/CaregiverHRLink' is present

2019-06-24 13:37:25 - [MESSAGE][PASSED] - Object 'Object Repository/Regression BackOffice/CLINK-17788/CaregiverHRLink' is present

2019-06-24 13:37:25 - [TEST_STEP][PASSED] - click(findTestObject("Regression BackOffice/CLINK-17788/CaregiverHRLink")): Object: 'Object Repository/Regression BackOffice/CLINK-17788/CaregiverHRLink' is clicked on

2019-06-24 13:37:26 - [MESSAGE][PASSED] - Object: 'Object Repository/Regression BackOffice/CLINK-17788/CaregiverHRLink' is clicked on

2019-06-24 13:37:26 - [TEST_STEP][PASSED] - delay(2): Delayed 2 second(s)

2019-06-24 13:37:28 - [MESSAGE][PASSED] - Delayed 2 second(s)

2019-06-24 13:37:28 - [TEST_STEP][PASSED] - waitForPageLoad(50): Wait for page load successfully

2019-06-24 13:37:28 - [MESSAGE][PASSED] - Wait for page load successfully

2019-06-24 13:37:28 - [TEST_STEP][PASSED] - waitForElementPresent(findTestObject("Regression BackOffice/CLINK-17788/CaregiverDemographics"), 50): Object 'Object Repository/Regression BackOffice/CLINK-17788/CaregiverDemographics' is present

2019-06-24 13:37:28 - [MESSAGE][PASSED] - Object 'Object Repository/Regression BackOffice/CLINK-17788/CaregiverDemographics' is present

2019-06-24 13:37:28 - [TEST_STEP][PASSED] - click(findTestObject("Regression BackOffice/CLINK-17788/CaregiverDemographics")): Object: 'Object Repository/Regression BackOffice/CLINK-17788/CaregiverDemographics' is clicked on

2019-06-24 13:37:30 - [MESSAGE][PASSED] - Object: 'Object Repository/Regression BackOffice/CLINK-17788/CaregiverDemographics' is clicked on

2019-06-24 13:37:30 - [TEST_STEP][PASSED] - delay(2): Delayed 2 second(s)

2019-06-24 13:37:33 - [MESSAGE][PASSED] - Delayed 2 second(s)

2019-06-24 13:37:33 - [TEST_STEP][PASSED] - switchToDefaultContent(): null

2019-06-24 13:37:33 - [TEST_STEP][PASSED] - switchToFrame(findTestObject("Regression BackOffice/CLNK-23449/FrameMain"), 30): null

2019-06-24 13:37:33 - [TEST_STEP][PASSED] - waitForElementPresent(findTestObject("Regression BackOffice/CLINK-17788/LastNameSearch"), 50): Object 'Object Repository/Regression BackOffice/CLINK-17788/LastNameSearch' is present

2019-06-24 13:37:33 - [MESSAGE][PASSED] - Object 'Object Repository/Regression BackOffice/CLINK-17788/LastNameSearch' is present

2019-06-24 13:37:33 - [TEST_STEP][PASSED] - setText(findTestObject("Regression BackOffice/CLINK-17788/LastNameSearch"), G_CareGiverLastName): Text 'Review' is set on object 'Object Repository/Regression BackOffice/CLINK-17788/LastNameSearch'

2019-06-24 13:37:34 - [MESSAGE][PASSED] - Text 'Review' is set on object 'Object Repository/Regression BackOffice/CLINK-17788/LastNameSearch'

2019-06-24 13:37:34 - [TEST_STEP][PASSED] - delay(2): Delayed 2 second(s)

2019-06-24 13:37:36 - [MESSAGE][PASSED] - Delayed 2 second(s)

2019-06-24 13:37:36 - [TEST_STEP][PASSED] - waitForElementPresent(findTestObject("Regression BackOffice/CLINK-17788/SearchButton"), 50): Object 'Object Repository/Regression BackOffice/CLINK-17788/SearchButton' is present

2019-06-24 13:37:36 - [MESSAGE][PASSED] - Object 'Object Repository/Regression BackOffice/CLINK-17788/SearchButton' is present

2019-06-24 13:37:36 - [TEST_STEP][PASSED] - click(findTestObject("Regression BackOffice/CLINK-17788/SearchButton"), STOP_ON_FAILURE): Object: 'Object Repository/Regression BackOffice/CLINK-17788/SearchButton' is clicked on

2019-06-24 13:37:38 - [MESSAGE][PASSED] - Object: 'Object Repository/Regression BackOffice/CLINK-17788/SearchButton' is clicked on

2019-06-24 13:37:38 - [TEST_STEP][PASSED] - delay(2): Delayed 2 second(s)

2019-06-24 13:37:40 - [MESSAGE][PASSED] - Delayed 2 second(s)

2019-06-24 13:37:40 - [TEST_STEP][PASSED] - waitForElementPresent(findTestObject("Regression BackOffice/CLINK-17788/UserLink"), 50): Object 'Object Repository/Regression BackOffice/CLINK-17788/UserLink' is present

2019-06-24 13:37:40 - [MESSAGE][PASSED] - Object 'Object Repository/Regression BackOffice/CLINK-17788/UserLink' is present

2019-06-24 13:37:40 - [TEST_STEP][PASSED] - click(findTestObject("Regression BackOffice/CLINK-17788/UserLink"), STOP_ON_FAILURE): Object: 'Object Repository/Regression BackOffice/CLINK-17788/UserLink' is clicked on

2019-06-24 13:37:44 - [MESSAGE][PASSED] - Object: 'Object Repository/Regression BackOffice/CLINK-17788/UserLink' is clicked on

2019-06-24 13:37:44 - [TEST_STEP][PASSED] - delay(2): Delayed 2 second(s)

2019-06-24 13:37:46 - [MESSAGE][PASSED] - Delayed 2 second(s)

2019-06-24 13:37:46 - [TEST_STEP][PASSED] - scrollToElement(findTestObject("Regression BackOffice/CLINK-17788/OtherInformationSection"), 20): Scroll to object 'Object Repository/Regression BackOffice/CLINK-17788/OtherInformationSection' successfully

2019-06-24 13:37:46 - [MESSAGE][PASSED] - Scroll to object 'Object Repository/Regression BackOffice/CLINK-17788/OtherInformationSection' successfully

2019-06-24 13:37:46 - [TEST_STEP][PASSED] - waitForElementPresent(findTestObject("Regression BackOffice/CLINK-17788/YesCareManager"), 50): Object 'Object Repository/Regression BackOffice/CLINK-17788/YesCareManager' is present

2019-06-24 13:37:47 - [MESSAGE][PASSED] - Object 'Object Repository/Regression BackOffice/CLINK-17788/YesCareManager' is present

2019-06-24 13:37:47 - [TEST_STEP][PASSED] - click(findTestObject("Regression BackOffice/CLINK-17788/YesCareManager"), STOP_ON_FAILURE): Object: 'Object Repository/Regression BackOffice/CLINK-17788/YesCareManager' is clicked on

2019-06-24 13:37:47 - [MESSAGE][PASSED] - Object: 'Object Repository/Regression BackOffice/CLINK-17788/YesCareManager' is clicked on

2019-06-24 13:37:47 - [TEST_STEP][PASSED] - delay(2): Delayed 2 second(s)

2019-06-24 13:37:49 - [MESSAGE][PASSED] - Delayed 2 second(s)

2019-06-24 13:37:49 - [TEST_STEP][PASSED] - waitForElementPresent(findTestObject("Regression BackOffice/CLINK-17788/NoClinicalManager"), 50): Object 'Object Repository/Regression BackOffice/CLINK-17788/NoClinicalManager' is present

2019-06-24 13:37:50 - [MESSAGE][PASSED] - Object 'Object Repository/Regression BackOffice/CLINK-17788/NoClinicalManager' is present

2019-06-24 13:37:50 - [TEST_STEP][PASSED] - click(findTestObject("Regression BackOffice/CLINK-17788/NoClinicalManager"), STOP_ON_FAILURE): Object: 'Object Repository/Regression BackOffice/CLINK-17788/NoClinicalManager' is clicked on

2019-06-24 13:37:50 - [MESSAGE][PASSED] - Object: 'Object Repository/Regression BackOffice/CLINK-17788/NoClinicalManager' is clicked on

2019-06-24 13:37:50 - [TEST_STEP][PASSED] - switchToDefaultContent(): null

2019-06-24 13:37:50 - [TEST_STEP][PASSED] - delay(2): Delayed 2 second(s)

2019-06-24 13:37:52 - [MESSAGE][PASSED] - Delayed 2 second(s)

2019-06-24 13:37:52 - [TEST_STEP][PASSED] - switchToFrame(findTestObject("Regression BackOffice/CLINK-17788/BannerFrame"), 30): null

2019-06-24 13:37:53 - [TEST_STEP][PASSED] - waitForElementPresent(findTestObject("Regression BackOffice/CLINK-17788/SaveButton"), 50): Object 'Object Repository/Regression BackOffice/CLINK-17788/SaveButton' is present

2019-06-24 13:37:53 - [MESSAGE][PASSED] - Object 'Object Repository/Regression BackOffice/CLINK-17788/SaveButton' is present

2019-06-24 13:37:53 - [TEST_STEP][PASSED] - click(findTestObject("Regression BackOffice/CLINK-17788/SaveButton"), STOP_ON_FAILURE): Object: 'Object Repository/Regression BackOffice/CLINK-17788/SaveButton' is clicked on

2019-06-24 13:38:00 - [MESSAGE][PASSED] - Object: 'Object Repository/Regression BackOffice/CLINK-17788/SaveButton' is clicked on

2019-06-24 13:38:00 - [TEST_STEP][PASSED] - delay(2): Delayed 2 second(s)

2019-06-24 13:38:02 - [MESSAGE][PASSED] - Delayed 2 second(s)

2019-06-24 13:38:02 - [TEST_STEP][PASSED] - closeBrowser(): Browser is closed

2019-06-24 13:38:03 - [MESSAGE][PASSED] - Browser is closed]]></system-out>
         <system-err><![CDATA[]]></system-err>
      </testcase>
      <testcase name="Test Cases/Regression BackOffice (All Browsers)/CLNK-23448 - Back office Setup Caregiver Remote Login" classname="Test Cases/Regression BackOffice (All Browsers)/CLNK-23448 - Back office Setup Caregiver Remote Login" status="FAILED">
         <failure type="FAILED" message="Test Cases/Regression BackOffice (All Browsers)/CLNK-23448 - Back office Setup Caregiver Remote Login FAILED.
Reason:
com.kms.katalon.core.exception.StepFailedException: Unable to wait for object 'Object Repository/Regression BackOffice/CLINK-23448/New Password' to be present
	at com.kms.katalon.core.keyword.internal.KeywordMain.stepFailed(KeywordMain.groovy:37)
	at com.kms.katalon.core.webui.keyword.internal.WebUIKeywordMain.stepFailed(WebUIKeywordMain.groovy:65)
	at com.kms.katalon.core.webui.keyword.internal.WebUIKeywordMain.runKeyword(WebUIKeywordMain.groovy:27)
	at com.kms.katalon.core.webui.keyword.builtin.WaitForElementPresentKeyword.waitForElementPresent(WaitForElementPresentKeyword.groovy:95)
	at com.kms.katalon.core.webui.keyword.builtin.WaitForElementPresentKeyword.execute(WaitForElementPresentKeyword.groovy:68)
	at com.kms.katalon.core.keyword.internal.KeywordExecutor.executeKeywordForPlatform(KeywordExecutor.groovy:56)
	at com.kms.katalon.core.webui.keyword.WebUiBuiltInKeywords.waitForElementPresent(WebUiBuiltInKeywords.groovy:343)
	at com.kms.katalon.core.webui.keyword.WebUiBuiltInKeywords$waitForElementPresent$5.call(Unknown Source)
	at CLNK-23448 - Back office Setup Caregiver Remote Login.run(CLNK-23448 - Back office Setup Caregiver Remote Login:53)
	at com.kms.katalon.core.main.ScriptEngine.run(ScriptEngine.java:194)
	at com.kms.katalon.core.main.ScriptEngine.runScriptAsRawText(ScriptEngine.java:119)
	at com.kms.katalon.core.main.TestCaseExecutor.runScript(TestCaseExecutor.java:331)
	at com.kms.katalon.core.main.TestCaseExecutor.doExecute(TestCaseExecutor.java:322)
	at com.kms.katalon.core.main.TestCaseExecutor.processExecutionPhase(TestCaseExecutor.java:301)
	at com.kms.katalon.core.main.TestCaseExecutor.accessMainPhase(TestCaseExecutor.java:293)
	at com.kms.katalon.core.main.TestCaseExecutor.execute(TestCaseExecutor.java:227)
	at com.kms.katalon.core.main.TestSuiteExecutor.accessTestCaseMainPhase(TestSuiteExecutor.java:129)
	at com.kms.katalon.core.main.TestSuiteExecutor.accessTestSuiteMainPhase(TestSuiteExecutor.java:112)
	at com.kms.katalon.core.main.TestSuiteExecutor.execute(TestSuiteExecutor.java:81)
	at com.kms.katalon.core.main.TestCaseMain.startTestSuite(TestCaseMain.java:157)
	at com.kms.katalon.core.main.TestCaseMain$startTestSuite$0.call(Unknown Source)
	at TempTestSuite1561393211305.run(TempTestSuite1561393211305.groovy:35)
"/>
         <system-out><![CDATA[2019-06-24 13:38:06 - [TEST_CASE][FAILED] - Test Cases/Regression BackOffice (All Browsers)/CLNK-23448 - Back office Setup Caregiver Remote Login: Test Cases/Regression BackOffice (All Browsers)/CLNK-23448 - Back office Setup Caregiver Remote Login FAILED.
Reason:
com.kms.katalon.core.exception.StepFailedException: Unable to wait for object 'Object Repository/Regression BackOffice/CLINK-23448/New Password' to be present
	at com.kms.katalon.core.keyword.internal.KeywordMain.stepFailed(KeywordMain.groovy:37)
	at com.kms.katalon.core.webui.keyword.internal.WebUIKeywordMain.stepFailed(WebUIKeywordMain.groovy:65)
	at com.kms.katalon.core.webui.keyword.internal.WebUIKeywordMain.runKeyword(WebUIKeywordMain.groovy:27)
	at com.kms.katalon.core.webui.keyword.builtin.WaitForElementPresentKeyword.waitForElementPresent(WaitForElementPresentKeyword.groovy:95)
	at com.kms.katalon.core.webui.keyword.builtin.WaitForElementPresentKeyword.execute(WaitForElementPresentKeyword.groovy:68)
	at com.kms.katalon.core.keyword.internal.KeywordExecutor.executeKeywordForPlatform(KeywordExecutor.groovy:56)
	at com.kms.katalon.core.webui.keyword.WebUiBuiltInKeywords.waitForElementPresent(WebUiBuiltInKeywords.groovy:343)
	at com.kms.katalon.core.webui.keyword.WebUiBuiltInKeywords$waitForElementPresent$5.call(Unknown Source)
	at CLNK-23448 - Back office Setup Caregiver Remote Login.run(CLNK-23448 - Back office Setup Caregiver Remote Login:53)
	at com.kms.katalon.core.main.ScriptEngine.run(ScriptEngine.java:194)
	at com.kms.katalon.core.main.ScriptEngine.runScriptAsRawText(ScriptEngine.java:119)
	at com.kms.katalon.core.main.TestCaseExecutor.runScript(TestCaseExecutor.java:331)
	at com.kms.katalon.core.main.TestCaseExecutor.doExecute(TestCaseExecutor.java:322)
	at com.kms.katalon.core.main.TestCaseExecutor.processExecutionPhase(TestCaseExecutor.java:301)
	at com.kms.katalon.core.main.TestCaseExecutor.accessMainPhase(TestCaseExecutor.java:293)
	at com.kms.katalon.core.main.TestCaseExecutor.execute(TestCaseExecutor.java:227)
	at com.kms.katalon.core.main.TestSuiteExecutor.accessTestCaseMainPhase(TestSuiteExecutor.java:129)
	at com.kms.katalon.core.main.TestSuiteExecutor.accessTestSuiteMainPhase(TestSuiteExecutor.java:112)
	at com.kms.katalon.core.main.TestSuiteExecutor.execute(TestSuiteExecutor.java:81)
	at com.kms.katalon.core.main.TestCaseMain.startTestSuite(TestCaseMain.java:157)
	at com.kms.katalon.core.main.TestCaseMain$startTestSuite$0.call(Unknown Source)
	at TempTestSuite1561393211305.run(TempTestSuite1561393211305.groovy:35)


2019-06-24 13:38:07 - [TEST_STEP][PASSED] - callTestCase(findTestCase("Regression BackOffice (All Browsers)/CLNK-23439 - Clink - Back office Client"), [:], STOP_ON_FAILURE): Call Test Case 'Test Cases/Regression BackOffice (All Browsers)/CLNK-23439 - Clink - Back office Client' successfully

2019-06-24 13:38:07 - [TEST_CASE][PASSED] - Test Cases/Regression BackOffice (All Browsers)/CLNK-23439 - Clink - Back office Client: Test Cases/Regression BackOffice (All Browsers)/CLNK-23439 - Clink - Back office Client

2019-06-24 13:38:07 - [TEST_STEP][PASSED] - openBrowser(G_SiteBackOffice): Browser is opened with url: 'http://qanewpoc.continulink.com:81/backoffice/Login.aspx'

2019-06-24 13:38:07 - [MESSAGE][INFO] - Starting 'Chrome' driver

2019-06-24 13:38:16 - [MESSAGE][PASSED] - Browser is opened with url: 'http://qanewpoc.continulink.com:81/backoffice/Login.aspx'

2019-06-24 13:38:16 - [TEST_STEP][PASSED] - waitForPageLoad(60): Wait for page load successfully

2019-06-24 13:38:17 - [MESSAGE][PASSED] - Wait for page load successfully

2019-06-24 13:38:17 - [TEST_STEP][PASSED] - maximizeWindow(): Current window maximized

2019-06-24 13:38:18 - [MESSAGE][PASSED] - Current window maximized

2019-06-24 13:38:18 - [TEST_STEP][PASSED] - setText(findTestObject("Regression BackOffice/Login/UserBackOffice"), G_UserBackOffice): Text 'demo' is set on object 'Object Repository/Regression BackOffice/Login/UserBackOffice'

2019-06-24 13:38:19 - [MESSAGE][PASSED] - Text 'demo' is set on object 'Object Repository/Regression BackOffice/Login/UserBackOffice'

2019-06-24 13:38:19 - [TEST_STEP][PASSED] - setText(findTestObject("Regression BackOffice/Login/PasswordBackOffice"), G_PasswordBackOffice): Text 'qwerty' is set on object 'Object Repository/Regression BackOffice/Login/PasswordBackOffice'

2019-06-24 13:38:19 - [MESSAGE][PASSED] - Text 'qwerty' is set on object 'Object Repository/Regression BackOffice/Login/PasswordBackOffice'

2019-06-24 13:38:19 - [TEST_STEP][PASSED] - click(findTestObject("Regression BackOffice/Login/LoginBackOffice")): Object: 'Object Repository/Regression BackOffice/Login/LoginBackOffice' is clicked on

2019-06-24 13:38:27 - [MESSAGE][PASSED] - Object: 'Object Repository/Regression BackOffice/Login/LoginBackOffice' is clicked on

2019-06-24 13:38:27 - [TEST_STEP][PASSED] - waitForPageLoad(60): Wait for page load successfully

2019-06-24 13:38:27 - [MESSAGE][PASSED] - Wait for page load successfully

2019-06-24 13:38:27 - [TEST_STEP][PASSED] - delay(3): Delayed 3 second(s)

2019-06-24 13:38:30 - [MESSAGE][PASSED] - Delayed 3 second(s)

2019-06-24 13:38:30 - [TEST_STEP][PASSED] - switchToFrame(findTestObject("Regression BackOffice/CLNK-23449/FrameLeft"), 5): null

2019-06-24 13:38:31 - [TEST_STEP][PASSED] - waitForElementPresent(findTestObject("Regression BackOffice/CLNK-23449/ClienIntakeICon"), 60): Object 'Object Repository/Regression BackOffice/CLNK-23449/ClienIntakeICon' is present

2019-06-24 13:38:31 - [MESSAGE][PASSED] - Object 'Object Repository/Regression BackOffice/CLNK-23449/ClienIntakeICon' is present

2019-06-24 13:38:31 - [TEST_STEP][PASSED] - verifyElementPresent(findTestObject("Regression BackOffice/CLNK-23449/ClienIntakeICon"), 100): Object 'Object Repository/Regression BackOffice/CLNK-23449/ClienIntakeICon' is present

2019-06-24 13:38:31 - [MESSAGE][PASSED] - Object 'Object Repository/Regression BackOffice/CLNK-23449/ClienIntakeICon' is present

2019-06-24 13:38:31 - [TEST_STEP][PASSED] - switchToDefaultContent(): null

2019-06-24 13:38:31 - [MESSAGE][PASSED] - Call Test Case 'Test Cases/Regression BackOffice (All Browsers)/CLNK-23439 - Clink - Back office Client' successfully

2019-06-24 13:38:31 - [TEST_STEP][PASSED] - waitForPageLoad(60): Wait for page load successfully

2019-06-24 13:38:31 - [MESSAGE][PASSED] - Wait for page load successfully

2019-06-24 13:38:31 - [TEST_STEP][PASSED] - delay(3): Delayed 3 second(s)

2019-06-24 13:38:34 - [MESSAGE][PASSED] - Delayed 3 second(s)

2019-06-24 13:38:34 - [TEST_STEP][PASSED] - switchToFrame(findTestObject("Regression BackOffice/CLNK-23449/FrameLeft"), 30): null

2019-06-24 13:38:34 - [TEST_STEP][PASSED] - waitForElementPresent(findTestObject("Regression BackOffice/CLNK-23441/Caregiver  HRLink"), 100): Object 'Object Repository/Regression BackOffice/CLNK-23441/Caregiver  HRLink' is present

2019-06-24 13:38:34 - [MESSAGE][PASSED] - Object 'Object Repository/Regression BackOffice/CLNK-23441/Caregiver  HRLink' is present

2019-06-24 13:38:34 - [TEST_STEP][PASSED] - click(findTestObject("Regression BackOffice/CLNK-23441/Caregiver  HRLink")): Object: 'Object Repository/Regression BackOffice/CLNK-23441/Caregiver  HRLink' is clicked on

2019-06-24 13:38:35 - [MESSAGE][PASSED] - Object: 'Object Repository/Regression BackOffice/CLNK-23441/Caregiver  HRLink' is clicked on

2019-06-24 13:38:35 - [TEST_STEP][PASSED] - delay(2): Delayed 2 second(s)

2019-06-24 13:38:37 - [MESSAGE][PASSED] - Delayed 2 second(s)

2019-06-24 13:38:37 - [TEST_STEP][PASSED] - waitForPageLoad(50): Wait for page load successfully

2019-06-24 13:38:37 - [MESSAGE][PASSED] - Wait for page load successfully

2019-06-24 13:38:37 - [TEST_STEP][PASSED] - waitForElementPresent(findTestObject("Regression BackOffice/CLINK-23448/Setup Caregiver Remote Login"), 50): Object 'Object Repository/Regression BackOffice/CLINK-23448/Setup Caregiver Remote Login' is present

2019-06-24 13:38:37 - [MESSAGE][PASSED] - Object 'Object Repository/Regression BackOffice/CLINK-23448/Setup Caregiver Remote Login' is present

2019-06-24 13:38:37 - [TEST_STEP][PASSED] - click(findTestObject("Regression BackOffice/CLINK-23448/Setup Caregiver Remote Login")): Object: 'Object Repository/Regression BackOffice/CLINK-23448/Setup Caregiver Remote Login' is clicked on

2019-06-24 13:38:40 - [MESSAGE][PASSED] - Object: 'Object Repository/Regression BackOffice/CLINK-23448/Setup Caregiver Remote Login' is clicked on

2019-06-24 13:38:40 - [TEST_STEP][PASSED] - waitForPageLoad(60): Wait for page load successfully

2019-06-24 13:38:40 - [MESSAGE][PASSED] - Wait for page load successfully

2019-06-24 13:38:40 - [TEST_STEP][PASSED] - switchToDefaultContent(): null

2019-06-24 13:38:41 - [TEST_STEP][PASSED] - switchToFrame(findTestObject("Regression BackOffice/CLNK-23449/FrameMain"), 30): null

2019-06-24 13:38:41 - [TEST_STEP][PASSED] - waitForElementPresent(findTestObject("Regression BackOffice/CLINK-23448/Caregiver Name II"), 50): Object 'Object Repository/Regression BackOffice/CLINK-23448/Caregiver Name II' is present

2019-06-24 13:38:41 - [MESSAGE][PASSED] - Object 'Object Repository/Regression BackOffice/CLINK-23448/Caregiver Name II' is present

2019-06-24 13:38:41 - [TEST_STEP][PASSED] - setText(findTestObject("Regression BackOffice/CLINK-23448/Caregiver Name II"), G_CaregiverFirstName): Text 'Chris' is set on object 'Object Repository/Regression BackOffice/CLINK-23448/Caregiver Name II'

2019-06-24 13:38:43 - [MESSAGE][PASSED] - Text 'Chris' is set on object 'Object Repository/Regression BackOffice/CLINK-23448/Caregiver Name II'

2019-06-24 13:38:43 - [TEST_STEP][PASSED] - delay(2): Delayed 2 second(s)

2019-06-24 13:38:45 - [MESSAGE][PASSED] - Delayed 2 second(s)

2019-06-24 13:38:45 - [TEST_STEP][PASSED] - sendKeys(findTestObject("Regression BackOffice/CLINK-23448/Caregiver Name II"), Keys.chord(ARROW_DOWN, ENTER)): Keys 'DOWN + ENTER + ' sent to object: 'Object Repository/Regression BackOffice/CLINK-23448/Caregiver Name II'

2019-06-24 13:38:45 - [MESSAGE][PASSED] - Keys 'DOWN + ENTER + ' sent to object: 'Object Repository/Regression BackOffice/CLINK-23448/Caregiver Name II'

2019-06-24 13:38:45 - [TEST_STEP][PASSED] - delay(2): Delayed 2 second(s)

2019-06-24 13:38:47 - [MESSAGE][PASSED] - Delayed 2 second(s)

2019-06-24 13:38:47 - [TEST_STEP][FAILED] - waitForElementPresent(findTestObject("Regression BackOffice/CLINK-23448/New Password"), 50): Unable to wait for object 'Object Repository/Regression BackOffice/CLINK-23448/New Password' to be present

2019-06-24 13:38:47 - [MESSAGE][WARNING] - Cannot take screenshot

2019-06-24 13:38:47 - [MESSAGE][FAILED] - Unable to wait for object 'Object Repository/Regression BackOffice/CLINK-23448/New Password' to be present

2019-06-24 13:38:47 - [TEST_STEP][FAILED] - setText(findTestObject("Regression BackOffice/CLINK-23448/New Password"), "qwerty"): Unable to set text 'qwerty' of object 'Object Repository/Regression BackOffice/CLINK-23448/New Password'

2019-06-24 13:38:47 - [MESSAGE][WARNING] - Cannot take screenshot

2019-06-24 13:38:47 - [MESSAGE][FAILED] - Unable to set text 'qwerty' of object 'Object Repository/Regression BackOffice/CLINK-23448/New Password'

2019-06-24 13:38:47 - [TEST_STEP][PASSED] - delay(2): Delayed 2 second(s)

2019-06-24 13:38:49 - [MESSAGE][PASSED] - Delayed 2 second(s)

2019-06-24 13:38:49 - [TEST_STEP][FAILED] - waitForElementPresent(findTestObject("Regression BackOffice/CLINK-23448/Confirm newPassword"), 50): Unable to wait for object 'Object Repository/Regression BackOffice/CLINK-23448/Confirm newPassword' to be present

2019-06-24 13:38:49 - [MESSAGE][WARNING] - Cannot take screenshot

2019-06-24 13:38:49 - [MESSAGE][FAILED] - Unable to wait for object 'Object Repository/Regression BackOffice/CLINK-23448/Confirm newPassword' to be present

2019-06-24 13:38:49 - [TEST_STEP][FAILED] - setText(findTestObject("Regression BackOffice/CLINK-23448/Confirm newPassword"), "qwerty"): Unable to set text 'qwerty' of object 'Object Repository/Regression BackOffice/CLINK-23448/Confirm newPassword'

2019-06-24 13:38:50 - [MESSAGE][WARNING] - Cannot take screenshot

2019-06-24 13:38:50 - [MESSAGE][FAILED] - Unable to set text 'qwerty' of object 'Object Repository/Regression BackOffice/CLINK-23448/Confirm newPassword'

2019-06-24 13:38:50 - [TEST_STEP][PASSED] - delay(2): Delayed 2 second(s)

2019-06-24 13:38:52 - [MESSAGE][PASSED] - Delayed 2 second(s)

2019-06-24 13:38:52 - [TEST_STEP][FAILED] - waitForElementPresent(findTestObject("Regression BackOffice/CLINK-23448/Email"), 50): Unable to wait for object 'Object Repository/Regression BackOffice/CLINK-23448/Email' to be present

2019-06-24 13:38:52 - [MESSAGE][WARNING] - Cannot take screenshot

2019-06-24 13:38:52 - [MESSAGE][FAILED] - Unable to wait for object 'Object Repository/Regression BackOffice/CLINK-23448/Email' to be present

2019-06-24 13:38:52 - [TEST_STEP][FAILED] - setText(findTestObject("Regression BackOffice/CLINK-23448/Email"), "isaac@gmail.com"): Unable to set text 'isaac@gmail.com' of object 'Object Repository/Regression BackOffice/CLINK-23448/Email'

2019-06-24 13:38:52 - [MESSAGE][WARNING] - Cannot take screenshot

2019-06-24 13:38:52 - [MESSAGE][FAILED] - Unable to set text 'isaac@gmail.com' of object 'Object Repository/Regression BackOffice/CLINK-23448/Email'

2019-06-24 13:38:52 - [TEST_STEP][PASSED] - delay(2): Delayed 2 second(s)

2019-06-24 13:38:54 - [MESSAGE][PASSED] - Delayed 2 second(s)

2019-06-24 13:38:54 - [TEST_STEP][FAILED] - waitForElementPresent(findTestObject("Regression BackOffice/CLINK-23448/BUnit"), 50): Unable to wait for object 'Object Repository/Regression BackOffice/CLINK-23448/BUnit' to be present

2019-06-24 13:38:54 - [MESSAGE][WARNING] - Cannot take screenshot

2019-06-24 13:38:54 - [MESSAGE][FAILED] - Unable to wait for object 'Object Repository/Regression BackOffice/CLINK-23448/BUnit' to be present

2019-06-24 13:38:54 - [TEST_STEP][FAILED] - click(findTestObject("Regression BackOffice/CLINK-23448/BUnit"), STOP_ON_FAILURE): click(findTestObject("Regression BackOffice/CLINK-23448/BUnit"), STOP_ON_FAILURE) FAILED.
Reason:
com.kms.katalon.core.exception.StepFailedException: Unable to wait for object 'Object Repository/Regression BackOffice/CLINK-23448/New Password' to be present
	at com.kms.katalon.core.keyword.internal.KeywordMain.stepFailed(KeywordMain.groovy:37)
	at com.kms.katalon.core.webui.keyword.internal.WebUIKeywordMain.stepFailed(WebUIKeywordMain.groovy:65)
	at com.kms.katalon.core.webui.keyword.internal.WebUIKeywordMain.runKeyword(WebUIKeywordMain.groovy:27)
	at com.kms.katalon.core.webui.keyword.builtin.WaitForElementPresentKeyword.waitForElementPresent(WaitForElementPresentKeyword.groovy:95)
	at com.kms.katalon.core.webui.keyword.builtin.WaitForElementPresentKeyword.execute(WaitForElementPresentKeyword.groovy:68)
	at com.kms.katalon.core.keyword.internal.KeywordExecutor.executeKeywordForPlatform(KeywordExecutor.groovy:56)
	at com.kms.katalon.core.webui.keyword.WebUiBuiltInKeywords.waitForElementPresent(WebUiBuiltInKeywords.groovy:343)
	at com.kms.katalon.core.webui.keyword.WebUiBuiltInKeywords$waitForElementPresent$5.call(Unknown Source)
	at CLNK-23448 - Back office Setup Caregiver Remote Login.run(CLNK-23448 - Back office Setup Caregiver Remote Login:53)
	at com.kms.katalon.core.main.ScriptEngine.run(ScriptEngine.java:194)
	at com.kms.katalon.core.main.ScriptEngine.runScriptAsRawText(ScriptEngine.java:119)
	at com.kms.katalon.core.main.TestCaseExecutor.runScript(TestCaseExecutor.java:331)
	at com.kms.katalon.core.main.TestCaseExecutor.doExecute(TestCaseExecutor.java:322)
	at com.kms.katalon.core.main.TestCaseExecutor.processExecutionPhase(TestCaseExecutor.java:301)
	at com.kms.katalon.core.main.TestCaseExecutor.accessMainPhase(TestCaseExecutor.java:293)
	at com.kms.katalon.core.main.TestCaseExecutor.execute(TestCaseExecutor.java:227)
	at com.kms.katalon.core.main.TestSuiteExecutor.accessTestCaseMainPhase(TestSuiteExecutor.java:129)
	at com.kms.katalon.core.main.TestSuiteExecutor.accessTestSuiteMainPhase(TestSuiteExecutor.java:112)
	at com.kms.katalon.core.main.TestSuiteExecutor.execute(TestSuiteExecutor.java:81)
	at com.kms.katalon.core.main.TestCaseMain.startTestSuite(TestCaseMain.java:157)
	at com.kms.katalon.core.main.TestCaseMain$startTestSuite$0.call(Unknown Source)
	at TempTestSuite1561393211305.run(TempTestSuite1561393211305.groovy:35)


2019-06-24 13:38:54 - [MESSAGE][WARNING] - Cannot take screenshot

2019-06-24 13:38:54 - [MESSAGE][FAILED] - Unable to click on object 'Object Repository/Regression BackOffice/CLINK-23448/BUnit'

2019-06-24 13:38:54 - [MESSAGE][FAILED] - click(findTestObject("Regression BackOffice/CLINK-23448/BUnit"), STOP_ON_FAILURE) FAILED.
Reason:
com.kms.katalon.core.exception.StepFailedException: Unable to wait for object 'Object Repository/Regression BackOffice/CLINK-23448/New Password' to be present
	at com.kms.katalon.core.keyword.internal.KeywordMain.stepFailed(KeywordMain.groovy:37)
	at com.kms.katalon.core.webui.keyword.internal.WebUIKeywordMain.stepFailed(WebUIKeywordMain.groovy:65)
	at com.kms.katalon.core.webui.keyword.internal.WebUIKeywordMain.runKeyword(WebUIKeywordMain.groovy:27)
	at com.kms.katalon.core.webui.keyword.builtin.WaitForElementPresentKeyword.waitForElementPresent(WaitForElementPresentKeyword.groovy:95)
	at com.kms.katalon.core.webui.keyword.builtin.WaitForElementPresentKeyword.execute(WaitForElementPresentKeyword.groovy:68)
	at com.kms.katalon.core.keyword.internal.KeywordExecutor.executeKeywordForPlatform(KeywordExecutor.groovy:56)
	at com.kms.katalon.core.webui.keyword.WebUiBuiltInKeywords.waitForElementPresent(WebUiBuiltInKeywords.groovy:343)
	at com.kms.katalon.core.webui.keyword.WebUiBuiltInKeywords$waitForElementPresent$5.call(Unknown Source)
	at CLNK-23448 - Back office Setup Caregiver Remote Login.run(CLNK-23448 - Back office Setup Caregiver Remote Login:53)
	at com.kms.katalon.core.main.ScriptEngine.run(ScriptEngine.java:194)
	at com.kms.katalon.core.main.ScriptEngine.runScriptAsRawText(ScriptEngine.java:119)
	at com.kms.katalon.core.main.TestCaseExecutor.runScript(TestCaseExecutor.java:331)
	at com.kms.katalon.core.main.TestCaseExecutor.doExecute(TestCaseExecutor.java:322)
	at com.kms.katalon.core.main.TestCaseExecutor.processExecutionPhase(TestCaseExecutor.java:301)
	at com.kms.katalon.core.main.TestCaseExecutor.accessMainPhase(TestCaseExecutor.java:293)
	at com.kms.katalon.core.main.TestCaseExecutor.execute(TestCaseExecutor.java:227)
	at com.kms.katalon.core.main.TestSuiteExecutor.accessTestCaseMainPhase(TestSuiteExecutor.java:129)
	at com.kms.katalon.core.main.TestSuiteExecutor.accessTestSuiteMainPhase(TestSuiteExecutor.java:112)
	at com.kms.katalon.core.main.TestSuiteExecutor.execute(TestSuiteExecutor.java:81)
	at com.kms.katalon.core.main.TestCaseMain.startTestSuite(TestCaseMain.java:157)
	at com.kms.katalon.core.main.TestCaseMain$startTestSuite$0.call(Unknown Source)
	at TempTestSuite1561393211305.run(TempTestSuite1561393211305.groovy:35)]]></system-out>
         <system-err><![CDATA[2019-06-24 13:38:06 - [TEST_CASE][FAILED] - Test Cases/Regression BackOffice (All Browsers)/CLNK-23448 - Back office Setup Caregiver Remote Login: Test Cases/Regression BackOffice (All Browsers)/CLNK-23448 - Back office Setup Caregiver Remote Login FAILED.
Reason:
com.kms.katalon.core.exception.StepFailedException: Unable to wait for object 'Object Repository/Regression BackOffice/CLINK-23448/New Password' to be present
	at com.kms.katalon.core.keyword.internal.KeywordMain.stepFailed(KeywordMain.groovy:37)
	at com.kms.katalon.core.webui.keyword.internal.WebUIKeywordMain.stepFailed(WebUIKeywordMain.groovy:65)
	at com.kms.katalon.core.webui.keyword.internal.WebUIKeywordMain.runKeyword(WebUIKeywordMain.groovy:27)
	at com.kms.katalon.core.webui.keyword.builtin.WaitForElementPresentKeyword.waitForElementPresent(WaitForElementPresentKeyword.groovy:95)
	at com.kms.katalon.core.webui.keyword.builtin.WaitForElementPresentKeyword.execute(WaitForElementPresentKeyword.groovy:68)
	at com.kms.katalon.core.keyword.internal.KeywordExecutor.executeKeywordForPlatform(KeywordExecutor.groovy:56)
	at com.kms.katalon.core.webui.keyword.WebUiBuiltInKeywords.waitForElementPresent(WebUiBuiltInKeywords.groovy:343)
	at com.kms.katalon.core.webui.keyword.WebUiBuiltInKeywords$waitForElementPresent$5.call(Unknown Source)
	at CLNK-23448 - Back office Setup Caregiver Remote Login.run(CLNK-23448 - Back office Setup Caregiver Remote Login:53)
	at com.kms.katalon.core.main.ScriptEngine.run(ScriptEngine.java:194)
	at com.kms.katalon.core.main.ScriptEngine.runScriptAsRawText(ScriptEngine.java:119)
	at com.kms.katalon.core.main.TestCaseExecutor.runScript(TestCaseExecutor.java:331)
	at com.kms.katalon.core.main.TestCaseExecutor.doExecute(TestCaseExecutor.java:322)
	at com.kms.katalon.core.main.TestCaseExecutor.processExecutionPhase(TestCaseExecutor.java:301)
	at com.kms.katalon.core.main.TestCaseExecutor.accessMainPhase(TestCaseExecutor.java:293)
	at com.kms.katalon.core.main.TestCaseExecutor.execute(TestCaseExecutor.java:227)
	at com.kms.katalon.core.main.TestSuiteExecutor.accessTestCaseMainPhase(TestSuiteExecutor.java:129)
	at com.kms.katalon.core.main.TestSuiteExecutor.accessTestSuiteMainPhase(TestSuiteExecutor.java:112)
	at com.kms.katalon.core.main.TestSuiteExecutor.execute(TestSuiteExecutor.java:81)
	at com.kms.katalon.core.main.TestCaseMain.startTestSuite(TestCaseMain.java:157)
	at com.kms.katalon.core.main.TestCaseMain$startTestSuite$0.call(Unknown Source)
	at TempTestSuite1561393211305.run(TempTestSuite1561393211305.groovy:35)]]></system-err>
      </testcase>
      <system-out><![CDATA[2019-06-24 13:20:27 - [TEST_SUITE][FAILED] - Regression Caregiver: Test Cases/Regression BackOffice (All Browsers)/CLNK-23448 - Back office Setup Caregiver Remote Login FAILED.
Reason:
com.kms.katalon.core.exception.StepFailedException: Unable to wait for object 'Object Repository/Regression BackOffice/CLINK-23448/New Password' to be present
	at com.kms.katalon.core.keyword.internal.KeywordMain.stepFailed(KeywordMain.groovy:37)
	at com.kms.katalon.core.webui.keyword.internal.WebUIKeywordMain.stepFailed(WebUIKeywordMain.groovy:65)
	at com.kms.katalon.core.webui.keyword.internal.WebUIKeywordMain.runKeyword(WebUIKeywordMain.groovy:27)
	at com.kms.katalon.core.webui.keyword.builtin.WaitForElementPresentKeyword.waitForElementPresent(WaitForElementPresentKeyword.groovy:95)
	at com.kms.katalon.core.webui.keyword.builtin.WaitForElementPresentKeyword.execute(WaitForElementPresentKeyword.groovy:68)
	at com.kms.katalon.core.keyword.internal.KeywordExecutor.executeKeywordForPlatform(KeywordExecutor.groovy:56)
	at com.kms.katalon.core.webui.keyword.WebUiBuiltInKeywords.waitForElementPresent(WebUiBuiltInKeywords.groovy:343)
	at com.kms.katalon.core.webui.keyword.WebUiBuiltInKeywords$waitForElementPresent$5.call(Unknown Source)
	at CLNK-23448 - Back office Setup Caregiver Remote Login.run(CLNK-23448 - Back office Setup Caregiver Remote Login:53)
	at com.kms.katalon.core.main.ScriptEngine.run(ScriptEngine.java:194)
	at com.kms.katalon.core.main.ScriptEngine.runScriptAsRawText(ScriptEngine.java:119)
	at com.kms.katalon.core.main.TestCaseExecutor.runScript(TestCaseExecutor.java:331)
	at com.kms.katalon.core.main.TestCaseExecutor.doExecute(TestCaseExecutor.java:322)
	at com.kms.katalon.core.main.TestCaseExecutor.processExecutionPhase(TestCaseExecutor.java:301)
	at com.kms.katalon.core.main.TestCaseExecutor.accessMainPhase(TestCaseExecutor.java:293)
	at com.kms.katalon.core.main.TestCaseExecutor.execute(TestCaseExecutor.java:227)
	at com.kms.katalon.core.main.TestSuiteExecutor.accessTestCaseMainPhase(TestSuiteExecutor.java:129)
	at com.kms.katalon.core.main.TestSuiteExecutor.accessTestSuiteMainPhase(TestSuiteExecutor.java:112)
	at com.kms.katalon.core.main.TestSuiteExecutor.execute(TestSuiteExecutor.java:81)
	at com.kms.katalon.core.main.TestCaseMain.startTestSuite(TestCaseMain.java:157)
	at com.kms.katalon.core.main.TestCaseMain$startTestSuite$0.call(Unknown Source)
	at TempTestSuite1561393211305.run(TempTestSuite1561393211305.groovy:35)]]></system-out>
      <system-err><![CDATA[2019-06-24 13:20:27 - [TEST_SUITE][FAILED] - Regression Caregiver: Test Cases/Regression BackOffice (All Browsers)/CLNK-23448 - Back office Setup Caregiver Remote Login FAILED.
Reason:
com.kms.katalon.core.exception.StepFailedException: Unable to wait for object 'Object Repository/Regression BackOffice/CLINK-23448/New Password' to be present
	at com.kms.katalon.core.keyword.internal.KeywordMain.stepFailed(KeywordMain.groovy:37)
	at com.kms.katalon.core.webui.keyword.internal.WebUIKeywordMain.stepFailed(WebUIKeywordMain.groovy:65)
	at com.kms.katalon.core.webui.keyword.internal.WebUIKeywordMain.runKeyword(WebUIKeywordMain.groovy:27)
	at com.kms.katalon.core.webui.keyword.builtin.WaitForElementPresentKeyword.waitForElementPresent(WaitForElementPresentKeyword.groovy:95)
	at com.kms.katalon.core.webui.keyword.builtin.WaitForElementPresentKeyword.execute(WaitForElementPresentKeyword.groovy:68)
	at com.kms.katalon.core.keyword.internal.KeywordExecutor.executeKeywordForPlatform(KeywordExecutor.groovy:56)
	at com.kms.katalon.core.webui.keyword.WebUiBuiltInKeywords.waitForElementPresent(WebUiBuiltInKeywords.groovy:343)
	at com.kms.katalon.core.webui.keyword.WebUiBuiltInKeywords$waitForElementPresent$5.call(Unknown Source)
	at CLNK-23448 - Back office Setup Caregiver Remote Login.run(CLNK-23448 - Back office Setup Caregiver Remote Login:53)
	at com.kms.katalon.core.main.ScriptEngine.run(ScriptEngine.java:194)
	at com.kms.katalon.core.main.ScriptEngine.runScriptAsRawText(ScriptEngine.java:119)
	at com.kms.katalon.core.main.TestCaseExecutor.runScript(TestCaseExecutor.java:331)
	at com.kms.katalon.core.main.TestCaseExecutor.doExecute(TestCaseExecutor.java:322)
	at com.kms.katalon.core.main.TestCaseExecutor.processExecutionPhase(TestCaseExecutor.java:301)
	at com.kms.katalon.core.main.TestCaseExecutor.accessMainPhase(TestCaseExecutor.java:293)
	at com.kms.katalon.core.main.TestCaseExecutor.execute(TestCaseExecutor.java:227)
	at com.kms.katalon.core.main.TestSuiteExecutor.accessTestCaseMainPhase(TestSuiteExecutor.java:129)
	at com.kms.katalon.core.main.TestSuiteExecutor.accessTestSuiteMainPhase(TestSuiteExecutor.java:112)
	at com.kms.katalon.core.main.TestSuiteExecutor.execute(TestSuiteExecutor.java:81)
	at com.kms.katalon.core.main.TestCaseMain.startTestSuite(TestCaseMain.java:157)
	at com.kms.katalon.core.main.TestCaseMain$startTestSuite$0.call(Unknown Source)
	at TempTestSuite1561393211305.run(TempTestSuite1561393211305.groovy:35)]]></system-err>
   </testsuite>
</testsuites>
